<?xml version="1.0" encoding="UTF-8" ?>
<testsuite errors="157" failures="4" hostname="ysera" name="com.ibm.support.electronic.cache.AllTests" tests="352" time="2.401" timestamp="2011-10-14T12:00:50">
  <properties>
    <property name="java.vendor" value="Sun Microsystems Inc." />
    <property name="package" value="com.ibm.support.electronic.cache" />
    <property name="docpackage.jar" value="upgrade_java_object_cache_docs.jar" />
    <property name="sun.java.launcher" value="SUN_STANDARD" />
    <property name="sun.management.compiler" value="HotSpot 64-Bit Server Compiler" />
    <property name="manifest_file_path" value="build/dist/upgrade_java_object_cache-1.0.0/META-INF/" />
    <property name="verbose" value="no" />
    <property name="os.name" value="Linux" />
    <property name="sun.boot.class.path" value="/usr/java/jdk1.6.0_22/jre/lib/resources.jar:/usr/java/jdk1.6.0_22/jre/lib/rt.jar:/usr/java/jdk1.6.0_22/jre/lib/sunrsasign.jar:/usr/java/jdk1.6.0_22/jre/lib/jsse.jar:/usr/java/jdk1.6.0_22/jre/lib/jce.jar:/usr/java/jdk1.6.0_22/jre/lib/charsets.jar:/usr/java/jdk1.6.0_22/jre/classes" />
    <property name="docsdir" value="docs" />
    <property name="javadoc.jar" value="javadocs.jar" />
    <property name="design_submission.jar" value="upgrade_java_object_cache_1.0.0_design_submission.jar" />
    <property name="component.tests.jar" value="build/dist/lib/tcs/upgrade_java_object_cache_tests.jar" />
    <property name="java.vm.specification.vendor" value="Sun Microsystems Inc." />
    <property name="ant.home" value="/usr/share/ant" />
    <property name="java.runtime.version" value="1.6.0_22-b04" />
    <property name="component_path" value="upgrade_java_object_cache/1.0.0" />
    <property name="cobertura.dir" value="../tcs/lib/third_party/cobertura/1.8" />
    <property name="component.version.micro" value="0" />
    <property name="user.name" value="edemairy" />
    <property name="manifest_file" value="build/dist/upgrade_java_object_cache-1.0.0/META-INF//MANIFEST.MF" />
    <property name="debug" value="off" />
    <property name="reports" value="log/reports" />
    <property name="testfiles" value="test_files" />
    <property name="component.version.major" value="1" />
    <property name="component_version" value="1.0.0" />
    <property name="dist_coverage" value="build/dist/upgrade_java_object_cache-1.0.0/docs/coverage" />
    <property name="component.packagedir" value="com/ibm/support/electronic/cache" />
    <property name="user.language" value="fr" />
    <property name="cobertura.datafile" value="log/cobertura.ser" />
    <property name="javadoc.locale" value="en_US" />
    <property name="sun.boot.library.path" value="/usr/java/jdk1.6.0_22/jre/lib/amd64" />
    <property name="tcs_libdir" value="../tcs/lib/tcs" />
    <property name="ant.project.default-target" value="dist" />
    <property name="srcdir" value="src" />
    <property name="ant.project.name" value="TopCoder Java Generic Build" />
    <property name="component.bootclasspath" value="${java_1_x_bootclasspath}" />
    <property name="component.version.minor" value="0" />
    <property name="java.version" value="1.6.0_22" />
    <property name="user.timezone" value="" />
    <property name="dev_dist.jar" value="upgrade_java_object_cache_1.0.0_dev_dist.jar" />
    <property name="sun.arch.data.model" value="64" />
    <property name="cobertura.format" value="html" />
    <property name="java.endorsed.dirs" value="/usr/java/jdk1.6.0_22/jre/lib/endorsed" />
    <property name="sun.cpu.isalist" value="" />
    <property name="packagedir" value="com/ibm/support/electronic/cache" />
    <property name="sun.jnu.encoding" value="UTF-8" />
    <property name="file.encoding.pkg" value="sun.io" />
    <property name="file.separator" value="/" />
    <property name="java.specification.name" value="Java Platform API Specification" />
    <property name="build_docsdir" value="build/docs" />
    <property name="dev_submission.jar" value="upgrade_java_object_cache_1.0.0_dev_submission.jar" />
    <property name="java.class.version" value="50.0" />
    <property name="com.topcoder.util.config.ConfigManager" value="test_files/com/topcoder/util/config/ConfigManager.properties" />
    <property name="build_testclassdir" value="build/testClasses" />
    <property name="user.country" value="FR" />
    <property name="java.home" value="/usr/java/jdk1.6.0_22/jre" />
    <property name="component.distfilename" value="upgrade_java_object_cache" />
    <property name="component.version.build" value="1" />
    <property name="java.vm.info" value="mixed mode" />
    <property name="ant.file" value="/home/edemairy/Documents/Personal/TC/Development/ObjectCache/build.xml" />
    <property name="os.version" value="2.6.40.4-5.fc15.x86_64" />
    <property name="build_distdir" value="build/dist" />
    <property name="dist_docpackage" value="build/doc_package" />
    <property name="build_tcsdistdir" value="build/dist/upgrade_java_object_cache-1.0.0" />
    <property name="path.separator" value=":" />
    <property name="java.vm.version" value="17.1-b03" />
    <property name="testlogdir" value="log" />
    <property name="ant.library.dir" value="/usr/share/ant/lib" />
    <property name="component.name" value="Upgrade Java Object Cache" />
    <property name="ant.file.type.TopCoder Java Generic Build" value="file" />
    <property name="javamain" value="src/java/main" />
    <property name="dist_javadocs" value="build/dist/upgrade_java_object_cache-1.0.0/docs/javadocs" />
    <property name="dist_lib" value="build/dist/lib/tcs" />
    <property name="java.awt.printerjob" value="sun.print.PSPrinterJob" />
    <property name="db2jcc.jar" value="../tcs/lib/third_party/d2b/java/db2jcc.jar" />
    <property name="sun.io.unicode.encoding" value="UnicodeLittle" />
    <property name="component" value="Upgrade Java Object Cache" />
    <property name="user.home" value="/user/edemairy/home" />
    <property name="com.topcoder.util.log" value="test_files/com/topcoder/util/log/Logging.xml" />
    <property name="java.specification.vendor" value="Sun Microsystems Inc." />
    <property name="java.vendor.url" value="http://java.sun.com/" />
    <property name="java.library.path" value="/usr/java/jdk1.6.0_22/jre/lib/amd64/server:/usr/java/jdk1.6.0_22/jre/lib/amd64:/usr/java/jdk1.6.0_22/jre/../lib/amd64:/usr/lib64/nvidia/:/usr/java/packages/lib/amd64:/usr/lib64:/lib64:/lib:/usr/lib" />
    <property name="build_javadocsdir" value="build/docs/javadocs" />
    <property name="configdir" value="conf" />
    <property name="java.vm.vendor" value="Sun Microsystems Inc." />
    <property name="ant.file.TopCoder Java Generic Build" value="/home/edemairy/Documents/Personal/TC/Development/ObjectCache/build.xml" />
    <property name="java.runtime.name" value="Java(TM) SE Runtime Environment" />
    <property name="ant.version" value="Apache Ant(TM) version 1.8.2 compiled on February 10 2011" />
    <property name="java.class.path" value="/home/edemairy/Documents/Personal/TC/Development/ObjectCache/build/testClasses:/home/edemairy/Documents/Personal/TC/Development/tcs/lib/third_party/junit/4.6/junit-4.6.jar:/home/edemairy/Documents/Personal/TC/Development/tcs/lib/third_party/mockito/1.8.5/mockito-all-1.8.5.jar:/home/edemairy/Documents/Personal/TC/Development/tcs/lib/third_party/d2b/java/db2jcc.jar:/home/edemairy/Documents/Personal/TC/Development/tcs/lib/third_party/log4j/1.2.15/com.springsource.org.apache.log4j-1.2.15.jar:/home/edemairy/Documents/Personal/TC/Development/ObjectCache/build/classes:/home/edemairy/Documents/Personal/TC/Development/ObjectCache/test_files:/home/edemairy/Documents/Personal/TC/Development/ObjectCache/conf:/usr/share/java/junit-3.8.2.jar:/usr/share/java/ant-launcher.jar:/usr/share/java/ant.jar:/usr/share/java/ant/ant-junit.jar" />
    <property name="java.vm.specification.name" value="Java Virtual Machine Specification" />
    <property name="builddir" value="build" />
    <property name="ext_libdir" value="../tcs/lib/third_party" />
    <property name="ant.file.type" value="file" />
    <property name="java.vm.specification.version" value="1.0" />
    <property name="component.dist.jar" value="build/dist/upgrade_java_object_cache-1.0.0.jar" />
    <property name="junit.jar" value="../tcs/lib/third_party/junit/4.6/junit-4.6.jar" />
    <property name="sun.os.patch.level" value="unknown" />
    <property name="sun.cpu.endian" value="little" />
    <property name="log4j.jar" value="../tcs/lib/third_party/log4j/1.2.15/com.springsource.org.apache.log4j-1.2.15.jar" />
    <property name="component.mainclass" value="" />
    <property name="java.io.tmpdir" value="/tmp" />
    <property name="component.target" value="1.x" />
    <property name="java.vendor.url.bug" value="http://java.sun.com/cgi-bin/bugreport.cgi" />
    <property name="javac.encoding" value="UTF-8" />
    <property name="build_targetclassdir" value="build/targetclasses" />
    <property name="build_classdir" value="build/classes" />
    <property name="javatests" value="src/java/tests" />
    <property name="javadocsdir" value="docs/javadocs" />
    <property name="java.awt.graphicsenv" value="sun.awt.X11GraphicsEnvironment" />
    <property name="instrumented.dir" value="build/instrumented" />
    <property name="os.arch" value="amd64" />
    <property name="test_reflib" value="test_reflib" />
    <property name="java.ext.dirs" value="/usr/java/jdk1.6.0_22/jre/lib/ext:/usr/java/packages/lib/ext" />
    <property name="user.dir" value="/home/edemairy/Documents/Personal/TC/Development/ObjectCache" />
    <property name="design_dist.jar" value="upgrade_java_object_cache_1.0.0_design_dist.jar" />
    <property name="javasrc" value="src/java" />
    <property name="libdir" value="../tcs/lib" />
    <property name="line.separator" value="&#xa;" />
    <property name="java.vm.name" value="Java HotSpot(TM) 64-Bit Server VM" />
    <property name="distfilename" value="upgrade_java_object_cache" />
    <property name="basedir" value="/home/edemairy/Documents/Personal/TC/Development/ObjectCache" />
    <property name="ant.java.version" value="1.6" />
    <property name="ant.core.lib" value="/usr/share/java/ant.jar" />
    <property name="file.encoding" value="UTF-8" />
    <property name="dist_docs" value="build/dist/upgrade_java_object_cache-1.0.0/docs" />
    <property name="component.jar" value="build/dist/lib/tcs/upgrade_java_object_cache/1.0.0/upgrade_java_object_cache.jar" />
    <property name="java.specification.version" value="1.6" />
    <property name="target_libdir" value="../tcs/lib/tcs" />
    <property name="ant.file.type.Dependency Import" value="file" />
    <property name="ant.project.invoked-targets" value="test" />
    <property name="component.package" value="com.ibm.support.electronic.cache" />
    <property name="ant.file.Dependency Import" value="/home/edemairy/Documents/Personal/TC/Development/ObjectCache/build-dependencies.xml" />
    <property name="mockito.jar" value="../tcs/lib/third_party/mockito/1.8.5/mockito-all-1.8.5.jar" />
  </properties>
  <testcase classname="com.ibm.support.electronic.cache.HelperTest" name="testCheckNull1" time="0.0040" />
  <testcase classname="com.ibm.support.electronic.cache.HelperTest" name="testCheckNull2" time="0.0" />
  <testcase classname="com.ibm.support.electronic.cache.HelperTest" name="testCheckNullOrEmpty1" time="0.0" />
  <testcase classname="com.ibm.support.electronic.cache.HelperTest" name="testCheckNullOrEmpty2" time="0.0" />
  <testcase classname="com.ibm.support.electronic.cache.HelperTest" name="testCheckNullOrEmpty3" time="0.0" />
  <testcase classname="com.ibm.support.electronic.cache.HelperTest" name="testGetProperty1_Exists" time="0.0010" />
  <testcase classname="com.ibm.support.electronic.cache.HelperTest" name="testGetProperty1_NotExist" time="0.0" />
  <testcase classname="com.ibm.support.electronic.cache.HelperTest" name="testGetProperty1_NotString" time="0.0" />
  <testcase classname="com.ibm.support.electronic.cache.HelperTest" name="testGetProperty1_EmptyString" time="0.0" />
  <testcase classname="com.ibm.support.electronic.cache.HelperTest" name="testGetProperty2_Exists" time="0.0" />
  <testcase classname="com.ibm.support.electronic.cache.HelperTest" name="testGetProperty2_MissingRequired" time="0.0" />
  <testcase classname="com.ibm.support.electronic.cache.HelperTest" name="testGetProperty2_MissingOptional" time="0.0" />
  <testcase classname="com.ibm.support.electronic.cache.HelperTest" name="testGetProperty2_NotString" time="0.0" />
  <testcase classname="com.ibm.support.electronic.cache.HelperTest" name="testGetProperty2_EmptyString" time="0.0" />
  <testcase classname="com.ibm.support.electronic.cache.HelperTest" name="testGetIntProperty_Exists" time="0.0" />
  <testcase classname="com.ibm.support.electronic.cache.HelperTest" name="testGetProperty_NotExist" time="0.0010" />
  <testcase classname="com.ibm.support.electronic.cache.HelperTest" name="testGetIntProperty_NotString" time="0.0" />
  <testcase classname="com.ibm.support.electronic.cache.HelperTest" name="testGetIntProperty_EmptyString" time="0.0" />
  <testcase classname="com.ibm.support.electronic.cache.HelperTest" name="testGetIntProperty_Invalid" time="0.0" />
  <testcase classname="com.ibm.support.electronic.cache.HelperTest" name="testGetIntProperty_Illegal" time="0.0010" />
  <testcase classname="com.ibm.support.electronic.cache.HelperTest" name="testConcat" time="0.0" />
  <testcase classname="com.ibm.support.electronic.cache.ObjectCacheConfigurationExceptionTest" name="testCtor1" time="0.0" />
  <testcase classname="com.ibm.support.electronic.cache.ObjectCacheConfigurationExceptionTest" name="testCtor2" time="0.0" />
  <testcase classname="com.ibm.support.electronic.cache.ObjectCacheExceptionTest" name="testCtor1" time="0.0" />
  <testcase classname="com.ibm.support.electronic.cache.ObjectCacheExceptionTest" name="testCtor2" time="0.0" />
  <testcase classname="com.ibm.support.electronic.cache.PersistenceExceptionTest" name="testCtor1" time="0.0" />
  <testcase classname="com.ibm.support.electronic.cache.PersistenceExceptionTest" name="testCtor2" time="0.0" />
  <testcase classname="com.ibm.support.electronic.cache.StatisticsPrintingExceptionTest" name="testCtor1" time="0.0010" />
  <testcase classname="com.ibm.support.electronic.cache.StatisticsPrintingExceptionTest" name="testCtor2" time="0.0" />
  <testcase classname="com.ibm.support.electronic.cache.cachemanager.CacheManagerImplConstructorTest" name="testCtor1" time="0.046">
    <error message="Error in CacheManagerImpl#loadProperties" type="com.ibm.support.electronic.cache.ObjectCacheConfigurationException">com.ibm.support.electronic.cache.ObjectCacheConfigurationException: Error in CacheManagerImpl#loadProperties
	at com.ibm.support.electronic.cache.cachemanager.CacheManagerImpl.loadProperties(CacheManagerImpl.java:835)
	at com.ibm.support.electronic.cache.cachemanager.CacheManagerImpl.&lt;init&gt;(CacheManagerImpl.java:180)
	at com.ibm.support.electronic.cache.cachemanager.CacheManagerImpl.&lt;init&gt;(CacheManagerImpl.java:159)
	at com.ibm.support.electronic.cache.cachemanager.CacheManagerImplConstructorTest.testCtor1(CacheManagerImplConstructorTest.java:90)
Caused by: java.io.FileNotFoundException: config.properties (No such file or directory)
	at java.io.FileInputStream.open(Native Method)
	at java.io.FileInputStream.&lt;init&gt;(FileInputStream.java:106)
	at java.io.FileInputStream.&lt;init&gt;(FileInputStream.java:66)
	at com.ibm.support.electronic.cache.cachemanager.CacheManagerImpl.loadProperties(CacheManagerImpl.java:831)
</error>
  </testcase>
  <testcase classname="com.ibm.support.electronic.cache.cachemanager.CacheManagerImplConstructorTest" name="testCtor2" time="0.102">
    <error message="Instance of the &apos;com.ibm.support.electronic.cache.printer.CacheStatisticsPrinterImpl&apos; must can be assigned to &apos;com.ibm.support.electronic.cache.CacheStatisticsPrinter&apos;" type="com.ibm.support.electronic.cache.ObjectCacheConfigurationException">com.ibm.support.electronic.cache.ObjectCacheConfigurationException: Instance of the &apos;com.ibm.support.electronic.cache.printer.CacheStatisticsPrinterImpl&apos; must can be assigned to &apos;com.ibm.support.electronic.cache.CacheStatisticsPrinter&apos;
	at com.ibm.support.electronic.cache.cachemanager.CacheManagerImpl.createReflectively(CacheManagerImpl.java:915)
	at com.ibm.support.electronic.cache.cachemanager.CacheManagerImpl.&lt;init&gt;(CacheManagerImpl.java:239)
	at com.ibm.support.electronic.cache.cachemanager.CacheManagerImpl.&lt;init&gt;(CacheManagerImpl.java:180)
	at com.ibm.support.electronic.cache.cachemanager.CacheManagerImplConstructorTest.testCtor2(CacheManagerImplConstructorTest.java:629)
</error>
  </testcase>
  <testcase classname="com.ibm.support.electronic.cache.cachemanager.CacheManagerImplConstructorTest" name="testCtor1_MissingConfigFile" time="0.0040" />
  <testcase classname="com.ibm.support.electronic.cache.cachemanager.CacheManagerImplConstructorTest" name="testCtor1_MalformedUnicodeConfigFile" time="0.0010" />
  <testcase classname="com.ibm.support.electronic.cache.cachemanager.CacheManagerImplConstructorTest" name="testCtor1_EmptyCachedObjectDAOClass" time="0.0" />
  <testcase classname="com.ibm.support.electronic.cache.cachemanager.CacheManagerImplConstructorTest" name="testCtor1_CachedObjectDAOClassNotFound" time="0.0" />
  <testcase classname="com.ibm.support.electronic.cache.cachemanager.CacheManagerImplConstructorTest" name="testCtor1_InvalidCachedObjectDAOClass" time="0.0010" />
  <testcase classname="com.ibm.support.electronic.cache.cachemanager.CacheManagerImplConstructorTest" name="testCtor1_AbstractCachedObjectDAOClass" time="0.0" />
  <testcase classname="com.ibm.support.electronic.cache.cachemanager.CacheManagerImplConstructorTest" name="testCtor1_NoMatchingCtorCachedObjectDAOClass" time="0.0010" />
  <testcase classname="com.ibm.support.electronic.cache.cachemanager.CacheManagerImplConstructorTest" name="testCtor1_ErrorCachedObjectDAOClass" time="0.0" />
  <testcase classname="com.ibm.support.electronic.cache.cachemanager.CacheManagerImplConstructorTest" name="testCtor1_InaccessibleCachedObjectDAOClass" time="0.0" />
  <testcase classname="com.ibm.support.electronic.cache.cachemanager.CacheManagerImplConstructorTest" name="testCtor1_EmptyMemoryCacheClass" time="0.0010" />
  <testcase classname="com.ibm.support.electronic.cache.cachemanager.CacheManagerImplConstructorTest" name="testCtor1_MemoryCacheClassNotFound" time="0.0" />
  <testcase classname="com.ibm.support.electronic.cache.cachemanager.CacheManagerImplConstructorTest" name="testCtor1_InvalidMemoryCacheClass" time="0.0" />
  <testcase classname="com.ibm.support.electronic.cache.cachemanager.CacheManagerImplConstructorTest" name="testCtor1_AbstractMemoryCacheClass" time="0.0010" />
  <testcase classname="com.ibm.support.electronic.cache.cachemanager.CacheManagerImplConstructorTest" name="testCtor1_NoMatchingCtorMemoryCacheClass" time="0.0020" />
  <testcase classname="com.ibm.support.electronic.cache.cachemanager.CacheManagerImplConstructorTest" name="testCtor1_ErrorMemoryCacheClass" time="0.0010" />
  <testcase classname="com.ibm.support.electronic.cache.cachemanager.CacheManagerImplConstructorTest" name="testCtor1_InaccessibleMemoryCacheClass" time="0.0010" />
  <testcase classname="com.ibm.support.electronic.cache.cachemanager.CacheManagerImplConstructorTest" name="testCtor1_EmptyCacheStatisticsPrinterClass" time="0.0" />
  <testcase classname="com.ibm.support.electronic.cache.cachemanager.CacheManagerImplConstructorTest" name="testCtor1_CacheStatisticsPrinterClassNotFound" time="0.0010" />
  <testcase classname="com.ibm.support.electronic.cache.cachemanager.CacheManagerImplConstructorTest" name="testCtor1_InvalidCacheStatisticsPrinterClass" time="0.0010" />
  <testcase classname="com.ibm.support.electronic.cache.cachemanager.CacheManagerImplConstructorTest" name="testCtor1_AbstractCacheStatisticsPrinterClass" time="0.0" />
  <testcase classname="com.ibm.support.electronic.cache.cachemanager.CacheManagerImplConstructorTest" name="testCtor1_NoMatchingCtorCacheStatisticsPrinterClass" time="0.0" />
  <testcase classname="com.ibm.support.electronic.cache.cachemanager.CacheManagerImplConstructorTest" name="testCtor1_ErrorCacheStatisticsPrinterClass" time="0.0010" />
  <testcase classname="com.ibm.support.electronic.cache.cachemanager.CacheManagerImplConstructorTest" name="testCtor1_InaccessibleCacheStatisticsPrinterClass" time="0.0010" />
  <testcase classname="com.ibm.support.electronic.cache.cachemanager.CacheManagerImplConstructorTest" name="testCtor1_EmptyMaxMemorySize" time="0.0070" />
  <testcase classname="com.ibm.support.electronic.cache.cachemanager.CacheManagerImplConstructorTest" name="testCtor1_IllegalMaxMemorySize" time="0.0010" />
  <testcase classname="com.ibm.support.electronic.cache.cachemanager.CacheManagerImplConstructorTest" name="testCtor1_InvalidMaxMemorySize" time="0.0010" />
  <testcase classname="com.ibm.support.electronic.cache.cachemanager.CacheManagerImplConstructorTest" name="testCtor1_EmptyCacheSetName" time="0.0" />
  <testcase classname="com.ibm.support.electronic.cache.cachemanager.CacheManagerImplConstructorTest" name="testCtor2_NullConfigFilePath" time="0.0060">
    <error message="Unexpected exception, expected&lt;java.lang.IllegalArgumentException&gt; but was&lt;java.lang.NullPointerException&gt;" type="java.lang.Exception">java.lang.Exception: Unexpected exception, expected&lt;java.lang.IllegalArgumentException&gt; but was&lt;java.lang.NullPointerException&gt;
Caused by: java.lang.NullPointerException
	at java.io.FileInputStream.&lt;init&gt;(FileInputStream.java:103)
	at java.io.FileInputStream.&lt;init&gt;(FileInputStream.java:66)
	at com.ibm.support.electronic.cache.cachemanager.CacheManagerImpl.loadProperties(CacheManagerImpl.java:831)
	at com.ibm.support.electronic.cache.cachemanager.CacheManagerImpl.&lt;init&gt;(CacheManagerImpl.java:180)
	at com.ibm.support.electronic.cache.cachemanager.CacheManagerImplConstructorTest.testCtor2_NullConfigFilePath(CacheManagerImplConstructorTest.java:651)
</error>
  </testcase>
  <testcase classname="com.ibm.support.electronic.cache.cachemanager.CacheManagerImplConstructorTest" name="testCtor2_EmptyConfigFilePath" time="0.0010">
    <error message="Unexpected exception, expected&lt;java.lang.IllegalArgumentException&gt; but was&lt;com.ibm.support.electronic.cache.ObjectCacheConfigurationException&gt;" type="java.lang.Exception">java.lang.Exception: Unexpected exception, expected&lt;java.lang.IllegalArgumentException&gt; but was&lt;com.ibm.support.electronic.cache.ObjectCacheConfigurationException&gt;
Caused by: com.ibm.support.electronic.cache.ObjectCacheConfigurationException: Error in CacheManagerImpl#loadProperties
	at com.ibm.support.electronic.cache.cachemanager.CacheManagerImpl.loadProperties(CacheManagerImpl.java:835)
	at com.ibm.support.electronic.cache.cachemanager.CacheManagerImpl.&lt;init&gt;(CacheManagerImpl.java:180)
	at com.ibm.support.electronic.cache.cachemanager.CacheManagerImplConstructorTest.testCtor2_EmptyConfigFilePath(CacheManagerImplConstructorTest.java:662)
Caused by: java.io.FileNotFoundException:   (No such file or directory)
	at java.io.FileInputStream.open(Native Method)
	at java.io.FileInputStream.&lt;init&gt;(FileInputStream.java:106)
	at java.io.FileInputStream.&lt;init&gt;(FileInputStream.java:66)
	at com.ibm.support.electronic.cache.cachemanager.CacheManagerImpl.loadProperties(CacheManagerImpl.java:831)
</error>
  </testcase>
  <testcase classname="com.ibm.support.electronic.cache.cachemanager.CacheManagerImplConstructorTest" name="testCtor2_MissingConfigFile" time="0.0" />
  <testcase classname="com.ibm.support.electronic.cache.cachemanager.CacheManagerImplConstructorTest" name="testCtor2_MalformedUnicodeConfigFile" time="0.0010">
    <error message="Unexpected exception, expected&lt;com.ibm.support.electronic.cache.ObjectCacheConfigurationException&gt; but was&lt;java.lang.IllegalArgumentException&gt;" type="java.lang.Exception">java.lang.Exception: Unexpected exception, expected&lt;com.ibm.support.electronic.cache.ObjectCacheConfigurationException&gt; but was&lt;java.lang.IllegalArgumentException&gt;
Caused by: java.lang.IllegalArgumentException: Malformed \uxxxx encoding.
	at java.util.Properties.loadConvert(Properties.java:552)
	at java.util.Properties.load0(Properties.java:375)
	at java.util.Properties.load(Properties.java:325)
	at com.ibm.support.electronic.cache.cachemanager.CacheManagerImpl.loadProperties(CacheManagerImpl.java:832)
	at com.ibm.support.electronic.cache.cachemanager.CacheManagerImpl.&lt;init&gt;(CacheManagerImpl.java:180)
	at com.ibm.support.electronic.cache.cachemanager.CacheManagerImplConstructorTest.testCtor2_MalformedUnicodeConfigFile(CacheManagerImplConstructorTest.java:684)
</error>
  </testcase>
  <testcase classname="com.ibm.support.electronic.cache.cachemanager.CacheManagerImplConstructorTest" name="testCtor2_EmptyCachedObjectDAOClass" time="0.0" />
  <testcase classname="com.ibm.support.electronic.cache.cachemanager.CacheManagerImplConstructorTest" name="testCtor2_CachedObjectDAOClassNotFound" time="0.0010" />
  <testcase classname="com.ibm.support.electronic.cache.cachemanager.CacheManagerImplConstructorTest" name="testCtor2_InvalidCachedObjectDAOClass" time="0.0010" />
  <testcase classname="com.ibm.support.electronic.cache.cachemanager.CacheManagerImplConstructorTest" name="testCtor2_AbstractCachedObjectDAOClass" time="0.0" />
  <testcase classname="com.ibm.support.electronic.cache.cachemanager.CacheManagerImplConstructorTest" name="testCtor2_NoMatchingCtorCachedObjectDAOClass" time="0.0" />
  <testcase classname="com.ibm.support.electronic.cache.cachemanager.CacheManagerImplConstructorTest" name="testCtor2_ErrorCachedObjectDAOClass" time="0.0010" />
  <testcase classname="com.ibm.support.electronic.cache.cachemanager.CacheManagerImplConstructorTest" name="testCtor2_InaccessibleCachedObjectDAOClass" time="0.0010" />
  <testcase classname="com.ibm.support.electronic.cache.cachemanager.CacheManagerImplConstructorTest" name="testCtor2_EmptyMemoryCacheClass" time="0.0" />
  <testcase classname="com.ibm.support.electronic.cache.cachemanager.CacheManagerImplConstructorTest" name="testCtor2_MemoryCacheClassNotFound" time="0.0010" />
  <testcase classname="com.ibm.support.electronic.cache.cachemanager.CacheManagerImplConstructorTest" name="testCtor2_InvalidMemoryCacheClass" time="0.0010" />
  <testcase classname="com.ibm.support.electronic.cache.cachemanager.CacheManagerImplConstructorTest" name="testCtor2_AbstractMemoryCacheClass" time="0.0" />
  <testcase classname="com.ibm.support.electronic.cache.cachemanager.CacheManagerImplConstructorTest" name="testCtor2_NoMatchingCtorMemoryCacheClass" time="0.0010" />
  <testcase classname="com.ibm.support.electronic.cache.cachemanager.CacheManagerImplConstructorTest" name="testCtor2_ErrorMemoryCacheClass" time="0.0" />
  <testcase classname="com.ibm.support.electronic.cache.cachemanager.CacheManagerImplConstructorTest" name="testCtor2_InaccessibleMemoryCacheClass" time="0.0010" />
  <testcase classname="com.ibm.support.electronic.cache.cachemanager.CacheManagerImplConstructorTest" name="testCtor2_EmptyCacheStatisticsPrinterClass" time="0.0" />
  <testcase classname="com.ibm.support.electronic.cache.cachemanager.CacheManagerImplConstructorTest" name="testCtor2_CacheStatisticsPrinterClassNotFound" time="0.0" />
  <testcase classname="com.ibm.support.electronic.cache.cachemanager.CacheManagerImplConstructorTest" name="testCtor2_InvalidCacheStatisticsPrinterClass" time="0.0010" />
  <testcase classname="com.ibm.support.electronic.cache.cachemanager.CacheManagerImplConstructorTest" name="testCtor2_AbstractCacheStatisticsPrinterClass" time="0.0010" />
  <testcase classname="com.ibm.support.electronic.cache.cachemanager.CacheManagerImplConstructorTest" name="testCtor2_NoMatchingCtorCacheStatisticsPrinterClass" time="0.0010" />
  <testcase classname="com.ibm.support.electronic.cache.cachemanager.CacheManagerImplConstructorTest" name="testCtor2_ErrorCacheStatisticsPrinterClass" time="0.0010" />
  <testcase classname="com.ibm.support.electronic.cache.cachemanager.CacheManagerImplConstructorTest" name="testCtor2_InaccessibleCacheStatisticsPrinterClass" time="0.0" />
  <testcase classname="com.ibm.support.electronic.cache.cachemanager.CacheManagerImplConstructorTest" name="testCtor2_EmptyMaxMemorySize" time="0.0" />
  <testcase classname="com.ibm.support.electronic.cache.cachemanager.CacheManagerImplConstructorTest" name="testCtor2_IllegalMaxMemorySize" time="0.0010" />
  <testcase classname="com.ibm.support.electronic.cache.cachemanager.CacheManagerImplConstructorTest" name="testCtor2_InvalidMaxMemorySize" time="0.0010" />
  <testcase classname="com.ibm.support.electronic.cache.cachemanager.CacheManagerImplConstructorTest" name="testCtor2_EmptyCacheSetName" time="0.0" />
  <testcase classname="com.ibm.support.electronic.cache.cachemanager.CacheManagerImplConstructorTest" name="testCtor3" time="0.0010">
    <error message="Instance of the &apos;com.ibm.support.electronic.cache.printer.CacheStatisticsPrinterImpl&apos; must can be assigned to &apos;com.ibm.support.electronic.cache.CacheStatisticsPrinter&apos;" type="com.ibm.support.electronic.cache.ObjectCacheConfigurationException">com.ibm.support.electronic.cache.ObjectCacheConfigurationException: Instance of the &apos;com.ibm.support.electronic.cache.printer.CacheStatisticsPrinterImpl&apos; must can be assigned to &apos;com.ibm.support.electronic.cache.CacheStatisticsPrinter&apos;
	at com.ibm.support.electronic.cache.cachemanager.CacheManagerImpl.createReflectively(CacheManagerImpl.java:915)
	at com.ibm.support.electronic.cache.cachemanager.CacheManagerImpl.&lt;init&gt;(CacheManagerImpl.java:239)
	at com.ibm.support.electronic.cache.cachemanager.CacheManagerImpl.&lt;init&gt;(CacheManagerImpl.java:205)
	at com.ibm.support.electronic.cache.cachemanager.CacheManagerImplConstructorTest.testCtor3(CacheManagerImplConstructorTest.java:973)
</error>
  </testcase>
  <testcase classname="com.ibm.support.electronic.cache.cachemanager.CacheManagerImplConstructorTest" name="testCtor3_NullProp" time="0.0" />
  <testcase classname="com.ibm.support.electronic.cache.cachemanager.CacheManagerImplConstructorTest" name="testCtor3_NullCacheSetName" time="0.0" />
  <testcase classname="com.ibm.support.electronic.cache.cachemanager.CacheManagerImplConstructorTest" name="testCtor3_EmptyConfigFilePath" time="0.0010" />
  <testcase classname="com.ibm.support.electronic.cache.cachemanager.CacheManagerImplConstructorTest" name="testCtor3_EmptyCachedObjectDAOClass" time="0.0" />
  <testcase classname="com.ibm.support.electronic.cache.cachemanager.CacheManagerImplConstructorTest" name="testCtor3_CachedObjectDAOClassNotFound" time="0.0010" />
  <testcase classname="com.ibm.support.electronic.cache.cachemanager.CacheManagerImplConstructorTest" name="testCtor3_InvalidCachedObjectDAOClass" time="0.0" />
  <testcase classname="com.ibm.support.electronic.cache.cachemanager.CacheManagerImplConstructorTest" name="testCtor3_AbstractCachedObjectDAOClass" time="0.0" />
  <testcase classname="com.ibm.support.electronic.cache.cachemanager.CacheManagerImplConstructorTest" name="testCtor3_NoMatchingCtorCachedObjectDAOClass" time="0.0010" />
  <testcase classname="com.ibm.support.electronic.cache.cachemanager.CacheManagerImplConstructorTest" name="testCtor3_ErrorCachedObjectDAOClass" time="0.0" />
  <testcase classname="com.ibm.support.electronic.cache.cachemanager.CacheManagerImplConstructorTest" name="testCtor3_InaccessibleCachedObjectDAOClass" time="0.0010" />
  <testcase classname="com.ibm.support.electronic.cache.cachemanager.CacheManagerImplConstructorTest" name="testCtor3_EmptyMemoryCacheClass" time="0.0" />
  <testcase classname="com.ibm.support.electronic.cache.cachemanager.CacheManagerImplConstructorTest" name="testCtor3_MemoryCacheClassNotFound" time="0.0010" />
  <testcase classname="com.ibm.support.electronic.cache.cachemanager.CacheManagerImplConstructorTest" name="testCtor3_InvalidMemoryCacheClass" time="0.0" />
  <testcase classname="com.ibm.support.electronic.cache.cachemanager.CacheManagerImplConstructorTest" name="testCtor3_AbstractMemoryCacheClass" time="0.0070" />
  <testcase classname="com.ibm.support.electronic.cache.cachemanager.CacheManagerImplConstructorTest" name="testCtor3_NoMatchingCtorMemoryCacheClass" time="0.0010" />
  <testcase classname="com.ibm.support.electronic.cache.cachemanager.CacheManagerImplConstructorTest" name="testCtor3_ErrorMemoryCacheClass" time="0.0" />
  <testcase classname="com.ibm.support.electronic.cache.cachemanager.CacheManagerImplConstructorTest" name="testCtor3_InaccessibleMemoryCacheClass" time="0.0" />
  <testcase classname="com.ibm.support.electronic.cache.cachemanager.CacheManagerImplConstructorTest" name="testCtor3_EmptyCacheStatisticsPrinterClass" time="0.0010" />
  <testcase classname="com.ibm.support.electronic.cache.cachemanager.CacheManagerImplConstructorTest" name="testCtor3_CacheStatisticsPrinterClassNotFound" time="0.0" />
  <testcase classname="com.ibm.support.electronic.cache.cachemanager.CacheManagerImplConstructorTest" name="testCtor3_InvalidCacheStatisticsPrinterClass" time="0.0" />
  <testcase classname="com.ibm.support.electronic.cache.cachemanager.CacheManagerImplConstructorTest" name="testCtor3_AbstractCacheStatisticsPrinterClass" time="0.0010" />
  <testcase classname="com.ibm.support.electronic.cache.cachemanager.CacheManagerImplConstructorTest" name="testCtor3_NoMatchingCtorCacheStatisticsPrinterClass" time="0.0" />
  <testcase classname="com.ibm.support.electronic.cache.cachemanager.CacheManagerImplConstructorTest" name="testCtor3_ErrorCacheStatisticsPrinterClass" time="0.0010" />
  <testcase classname="com.ibm.support.electronic.cache.cachemanager.CacheManagerImplConstructorTest" name="testCtor3_InaccessibleCacheStatisticsPrinterClass" time="0.0" />
  <testcase classname="com.ibm.support.electronic.cache.cachemanager.CacheManagerImplConstructorTest" name="testCtor3_EmptyMaxMemorySize" time="0.0" />
  <testcase classname="com.ibm.support.electronic.cache.cachemanager.CacheManagerImplConstructorTest" name="testCtor3_IllegalMaxMemorySize" time="0.0010" />
  <testcase classname="com.ibm.support.electronic.cache.cachemanager.CacheManagerImplConstructorTest" name="testCtor3_InvalidMaxMemorySize" time="0.0" />
  <testcase classname="com.ibm.support.electronic.cache.cachemanager.CacheManagerImplConstructorTest" name="testCtor4" time="0.0020">
    <error message="Instance of the &apos;com.ibm.support.electronic.cache.printer.CacheStatisticsPrinterImpl&apos; must can be assigned to &apos;com.ibm.support.electronic.cache.CacheStatisticsPrinter&apos;" type="com.ibm.support.electronic.cache.ObjectCacheConfigurationException">com.ibm.support.electronic.cache.ObjectCacheConfigurationException: Instance of the &apos;com.ibm.support.electronic.cache.printer.CacheStatisticsPrinterImpl&apos; must can be assigned to &apos;com.ibm.support.electronic.cache.CacheStatisticsPrinter&apos;
	at com.ibm.support.electronic.cache.cachemanager.CacheManagerImpl.createReflectively(CacheManagerImpl.java:915)
	at com.ibm.support.electronic.cache.cachemanager.CacheManagerImpl.&lt;init&gt;(CacheManagerImpl.java:239)
	at com.ibm.support.electronic.cache.cachemanager.CacheManagerImplConstructorTest.testCtor4(CacheManagerImplConstructorTest.java:1346)
</error>
  </testcase>
  <testcase classname="com.ibm.support.electronic.cache.cachemanager.CacheManagerImplConstructorTest" name="testCtor4_NoOptional" time="0.0020">
    <error message="An exception was thrown by the invoked constructor" type="com.ibm.support.electronic.cache.ObjectCacheConfigurationException">com.ibm.support.electronic.cache.ObjectCacheConfigurationException: An exception was thrown by the invoked constructor
	at com.ibm.support.electronic.cache.cachemanager.CacheManagerImpl.createReflectively(CacheManagerImpl.java:934)
	at com.ibm.support.electronic.cache.cachemanager.CacheManagerImpl.&lt;init&gt;(CacheManagerImpl.java:236)
	at com.ibm.support.electronic.cache.cachemanager.CacheManagerImplConstructorTest.testCtor4_NoOptional(CacheManagerImplConstructorTest.java:1372)
Caused by: java.lang.reflect.InvocationTargetException
	at java.lang.reflect.Constructor.newInstance(Constructor.java:513)
	at com.ibm.support.electronic.cache.cachemanager.CacheManagerImpl.createReflectively(CacheManagerImpl.java:919)
Caused by: java.lang.NullPointerException
	at com.ibm.support.electronic.cache.dao.CachedObjectDAOImpl.&lt;init&gt;(CachedObjectDAOImpl.java:96)
</error>
  </testcase>
  <testcase classname="com.ibm.support.electronic.cache.cachemanager.CacheManagerImplConstructorTest" name="testCtor4_NullProp" time="0.0" />
  <testcase classname="com.ibm.support.electronic.cache.cachemanager.CacheManagerImplConstructorTest" name="testCtor4_EmptyCachedObjectDAOClass" time="0.0" />
  <testcase classname="com.ibm.support.electronic.cache.cachemanager.CacheManagerImplConstructorTest" name="testCtor4_CachedObjectDAOClassNotFound" time="0.0010" />
  <testcase classname="com.ibm.support.electronic.cache.cachemanager.CacheManagerImplConstructorTest" name="testCtor4_InvalidCachedObjectDAOClass" time="0.0" />
  <testcase classname="com.ibm.support.electronic.cache.cachemanager.CacheManagerImplConstructorTest" name="testCtor4_AbstractCachedObjectDAOClass" time="0.0" />
  <testcase classname="com.ibm.support.electronic.cache.cachemanager.CacheManagerImplConstructorTest" name="testCtor4_NoMatchingCtorCachedObjectDAOClass" time="0.0" />
  <testcase classname="com.ibm.support.electronic.cache.cachemanager.CacheManagerImplConstructorTest" name="testCtor4_ErrorCachedObjectDAOClass" time="0.0" />
  <testcase classname="com.ibm.support.electronic.cache.cachemanager.CacheManagerImplConstructorTest" name="testCtor4_InaccessibleCachedObjectDAOClass" time="0.0010" />
  <testcase classname="com.ibm.support.electronic.cache.cachemanager.CacheManagerImplConstructorTest" name="testCtor4_EmptyMemoryCacheClass" time="0.0" />
  <testcase classname="com.ibm.support.electronic.cache.cachemanager.CacheManagerImplConstructorTest" name="testCtor4_MemoryCacheClassNotFound" time="0.0010" />
  <testcase classname="com.ibm.support.electronic.cache.cachemanager.CacheManagerImplConstructorTest" name="testCtor4_InvalidMemoryCacheClass" time="0.0" />
  <testcase classname="com.ibm.support.electronic.cache.cachemanager.CacheManagerImplConstructorTest" name="testCtor4_AbstractMemoryCacheClass" time="0.0010" />
  <testcase classname="com.ibm.support.electronic.cache.cachemanager.CacheManagerImplConstructorTest" name="testCtor4_NoMatchingCtorMemoryCacheClass" time="0.0010" />
  <testcase classname="com.ibm.support.electronic.cache.cachemanager.CacheManagerImplConstructorTest" name="testCtor4_ErrorMemoryCacheClass" time="0.0" />
  <testcase classname="com.ibm.support.electronic.cache.cachemanager.CacheManagerImplConstructorTest" name="testCtor4_InaccessibleMemoryCacheClass" time="0.0010" />
  <testcase classname="com.ibm.support.electronic.cache.cachemanager.CacheManagerImplConstructorTest" name="testCtor4_EmptyCacheStatisticsPrinterClass" time="0.0" />
  <testcase classname="com.ibm.support.electronic.cache.cachemanager.CacheManagerImplConstructorTest" name="testCtor4_CacheStatisticsPrinterClassNotFound" time="0.0010" />
  <testcase classname="com.ibm.support.electronic.cache.cachemanager.CacheManagerImplConstructorTest" name="testCtor4_InvalidCacheStatisticsPrinterClass" time="0.0010" />
  <testcase classname="com.ibm.support.electronic.cache.cachemanager.CacheManagerImplConstructorTest" name="testCtor4_AbstractCacheStatisticsPrinterClass" time="0.0" />
  <testcase classname="com.ibm.support.electronic.cache.cachemanager.CacheManagerImplConstructorTest" name="testCtor4_NoMatchingCtorCacheStatisticsPrinterClass" time="0.0" />
  <testcase classname="com.ibm.support.electronic.cache.cachemanager.CacheManagerImplConstructorTest" name="testCtor4_ErrorCacheStatisticsPrinterClass" time="0.0010" />
  <testcase classname="com.ibm.support.electronic.cache.cachemanager.CacheManagerImplConstructorTest" name="testCtor4_InaccessibleCacheStatisticsPrinterClass" time="0.0" />
  <testcase classname="com.ibm.support.electronic.cache.cachemanager.CacheManagerImplConstructorTest" name="testCtor4_EmptyMaxMemorySize" time="0.0010" />
  <testcase classname="com.ibm.support.electronic.cache.cachemanager.CacheManagerImplConstructorTest" name="testCtor4_IllegalMaxMemorySize" time="0.0" />
  <testcase classname="com.ibm.support.electronic.cache.cachemanager.CacheManagerImplConstructorTest" name="testCtor4_InvalidMaxMemorySize" time="0.0" />
  <testcase classname="com.ibm.support.electronic.cache.cachemanager.CacheManagerImplTest" name="testPrintStatistics" time="0.0020">
    <error message="Instance of the &apos;com.ibm.support.electronic.cache.printer.CacheStatisticsPrinterImpl&apos; must can be assigned to &apos;com.ibm.support.electronic.cache.CacheStatisticsPrinter&apos;" type="com.ibm.support.electronic.cache.ObjectCacheConfigurationException">com.ibm.support.electronic.cache.ObjectCacheConfigurationException: Instance of the &apos;com.ibm.support.electronic.cache.printer.CacheStatisticsPrinterImpl&apos; must can be assigned to &apos;com.ibm.support.electronic.cache.CacheStatisticsPrinter&apos;
	at com.ibm.support.electronic.cache.cachemanager.CacheManagerImpl.createReflectively(CacheManagerImpl.java:915)
	at com.ibm.support.electronic.cache.cachemanager.CacheManagerImpl.&lt;init&gt;(CacheManagerImpl.java:239)
	at com.ibm.support.electronic.cache.cachemanager.CacheManagerImplTest.setUp(CacheManagerImplTest.java:79)
</error>
  </testcase>
  <testcase classname="com.ibm.support.electronic.cache.cachemanager.CacheManagerImplTest" name="testPrintStatistics_PrintingFail1" time="0.0010">
    <error message="Instance of the &apos;com.ibm.support.electronic.cache.printer.CacheStatisticsPrinterImpl&apos; must can be assigned to &apos;com.ibm.support.electronic.cache.CacheStatisticsPrinter&apos;" type="com.ibm.support.electronic.cache.ObjectCacheConfigurationException">com.ibm.support.electronic.cache.ObjectCacheConfigurationException: Instance of the &apos;com.ibm.support.electronic.cache.printer.CacheStatisticsPrinterImpl&apos; must can be assigned to &apos;com.ibm.support.electronic.cache.CacheStatisticsPrinter&apos;
	at com.ibm.support.electronic.cache.cachemanager.CacheManagerImpl.createReflectively(CacheManagerImpl.java:915)
	at com.ibm.support.electronic.cache.cachemanager.CacheManagerImpl.&lt;init&gt;(CacheManagerImpl.java:239)
	at com.ibm.support.electronic.cache.cachemanager.CacheManagerImplTest.setUp(CacheManagerImplTest.java:79)
</error>
  </testcase>
  <testcase classname="com.ibm.support.electronic.cache.cachemanager.CacheManagerImplTest" name="testPrintStatistics_NullPrintWriter" time="0.0010">
    <error message="Instance of the &apos;com.ibm.support.electronic.cache.printer.CacheStatisticsPrinterImpl&apos; must can be assigned to &apos;com.ibm.support.electronic.cache.CacheStatisticsPrinter&apos;" type="com.ibm.support.electronic.cache.ObjectCacheConfigurationException">com.ibm.support.electronic.cache.ObjectCacheConfigurationException: Instance of the &apos;com.ibm.support.electronic.cache.printer.CacheStatisticsPrinterImpl&apos; must can be assigned to &apos;com.ibm.support.electronic.cache.CacheStatisticsPrinter&apos;
	at com.ibm.support.electronic.cache.cachemanager.CacheManagerImpl.createReflectively(CacheManagerImpl.java:915)
	at com.ibm.support.electronic.cache.cachemanager.CacheManagerImpl.&lt;init&gt;(CacheManagerImpl.java:239)
	at com.ibm.support.electronic.cache.cachemanager.CacheManagerImplTest.setUp(CacheManagerImplTest.java:79)
</error>
  </testcase>
  <testcase classname="com.ibm.support.electronic.cache.cachemanager.CacheManagerImplTest" name="testGet1" time="0.0010">
    <error message="Instance of the &apos;com.ibm.support.electronic.cache.printer.CacheStatisticsPrinterImpl&apos; must can be assigned to &apos;com.ibm.support.electronic.cache.CacheStatisticsPrinter&apos;" type="com.ibm.support.electronic.cache.ObjectCacheConfigurationException">com.ibm.support.electronic.cache.ObjectCacheConfigurationException: Instance of the &apos;com.ibm.support.electronic.cache.printer.CacheStatisticsPrinterImpl&apos; must can be assigned to &apos;com.ibm.support.electronic.cache.CacheStatisticsPrinter&apos;
	at com.ibm.support.electronic.cache.cachemanager.CacheManagerImpl.createReflectively(CacheManagerImpl.java:915)
	at com.ibm.support.electronic.cache.cachemanager.CacheManagerImpl.&lt;init&gt;(CacheManagerImpl.java:239)
	at com.ibm.support.electronic.cache.cachemanager.CacheManagerImplTest.setUp(CacheManagerImplTest.java:79)
</error>
  </testcase>
  <testcase classname="com.ibm.support.electronic.cache.cachemanager.CacheManagerImplTest" name="testGet2" time="0.0010">
    <error message="Instance of the &apos;com.ibm.support.electronic.cache.printer.CacheStatisticsPrinterImpl&apos; must can be assigned to &apos;com.ibm.support.electronic.cache.CacheStatisticsPrinter&apos;" type="com.ibm.support.electronic.cache.ObjectCacheConfigurationException">com.ibm.support.electronic.cache.ObjectCacheConfigurationException: Instance of the &apos;com.ibm.support.electronic.cache.printer.CacheStatisticsPrinterImpl&apos; must can be assigned to &apos;com.ibm.support.electronic.cache.CacheStatisticsPrinter&apos;
	at com.ibm.support.electronic.cache.cachemanager.CacheManagerImpl.createReflectively(CacheManagerImpl.java:915)
	at com.ibm.support.electronic.cache.cachemanager.CacheManagerImpl.&lt;init&gt;(CacheManagerImpl.java:239)
	at com.ibm.support.electronic.cache.cachemanager.CacheManagerImplTest.setUp(CacheManagerImplTest.java:79)
</error>
  </testcase>
  <testcase classname="com.ibm.support.electronic.cache.cachemanager.CacheManagerImplTest" name="testGet3" time="0.0010">
    <error message="Instance of the &apos;com.ibm.support.electronic.cache.printer.CacheStatisticsPrinterImpl&apos; must can be assigned to &apos;com.ibm.support.electronic.cache.CacheStatisticsPrinter&apos;" type="com.ibm.support.electronic.cache.ObjectCacheConfigurationException">com.ibm.support.electronic.cache.ObjectCacheConfigurationException: Instance of the &apos;com.ibm.support.electronic.cache.printer.CacheStatisticsPrinterImpl&apos; must can be assigned to &apos;com.ibm.support.electronic.cache.CacheStatisticsPrinter&apos;
	at com.ibm.support.electronic.cache.cachemanager.CacheManagerImpl.createReflectively(CacheManagerImpl.java:915)
	at com.ibm.support.electronic.cache.cachemanager.CacheManagerImpl.&lt;init&gt;(CacheManagerImpl.java:239)
	at com.ibm.support.electronic.cache.cachemanager.CacheManagerImplTest.setUp(CacheManagerImplTest.java:79)
</error>
  </testcase>
  <testcase classname="com.ibm.support.electronic.cache.cachemanager.CacheManagerImplTest" name="testGet4" time="0.0010">
    <error message="Instance of the &apos;com.ibm.support.electronic.cache.printer.CacheStatisticsPrinterImpl&apos; must can be assigned to &apos;com.ibm.support.electronic.cache.CacheStatisticsPrinter&apos;" type="com.ibm.support.electronic.cache.ObjectCacheConfigurationException">com.ibm.support.electronic.cache.ObjectCacheConfigurationException: Instance of the &apos;com.ibm.support.electronic.cache.printer.CacheStatisticsPrinterImpl&apos; must can be assigned to &apos;com.ibm.support.electronic.cache.CacheStatisticsPrinter&apos;
	at com.ibm.support.electronic.cache.cachemanager.CacheManagerImpl.createReflectively(CacheManagerImpl.java:915)
	at com.ibm.support.electronic.cache.cachemanager.CacheManagerImpl.&lt;init&gt;(CacheManagerImpl.java:239)
	at com.ibm.support.electronic.cache.cachemanager.CacheManagerImplTest.setUp(CacheManagerImplTest.java:79)
</error>
  </testcase>
  <testcase classname="com.ibm.support.electronic.cache.cachemanager.CacheManagerImplTest" name="testGet5" time="0.0010">
    <error message="Instance of the &apos;com.ibm.support.electronic.cache.printer.CacheStatisticsPrinterImpl&apos; must can be assigned to &apos;com.ibm.support.electronic.cache.CacheStatisticsPrinter&apos;" type="com.ibm.support.electronic.cache.ObjectCacheConfigurationException">com.ibm.support.electronic.cache.ObjectCacheConfigurationException: Instance of the &apos;com.ibm.support.electronic.cache.printer.CacheStatisticsPrinterImpl&apos; must can be assigned to &apos;com.ibm.support.electronic.cache.CacheStatisticsPrinter&apos;
	at com.ibm.support.electronic.cache.cachemanager.CacheManagerImpl.createReflectively(CacheManagerImpl.java:915)
	at com.ibm.support.electronic.cache.cachemanager.CacheManagerImpl.&lt;init&gt;(CacheManagerImpl.java:239)
	at com.ibm.support.electronic.cache.cachemanager.CacheManagerImplTest.setUp(CacheManagerImplTest.java:79)
</error>
  </testcase>
  <testcase classname="com.ibm.support.electronic.cache.cachemanager.CacheManagerImplTest" name="testGet6" time="0.0010">
    <error message="Instance of the &apos;com.ibm.support.electronic.cache.printer.CacheStatisticsPrinterImpl&apos; must can be assigned to &apos;com.ibm.support.electronic.cache.CacheStatisticsPrinter&apos;" type="com.ibm.support.electronic.cache.ObjectCacheConfigurationException">com.ibm.support.electronic.cache.ObjectCacheConfigurationException: Instance of the &apos;com.ibm.support.electronic.cache.printer.CacheStatisticsPrinterImpl&apos; must can be assigned to &apos;com.ibm.support.electronic.cache.CacheStatisticsPrinter&apos;
	at com.ibm.support.electronic.cache.cachemanager.CacheManagerImpl.createReflectively(CacheManagerImpl.java:915)
	at com.ibm.support.electronic.cache.cachemanager.CacheManagerImpl.&lt;init&gt;(CacheManagerImpl.java:239)
	at com.ibm.support.electronic.cache.cachemanager.CacheManagerImplTest.setUp(CacheManagerImplTest.java:79)
</error>
  </testcase>
  <testcase classname="com.ibm.support.electronic.cache.cachemanager.CacheManagerImplTest" name="testGet7" time="0.0010">
    <error message="Instance of the &apos;com.ibm.support.electronic.cache.printer.CacheStatisticsPrinterImpl&apos; must can be assigned to &apos;com.ibm.support.electronic.cache.CacheStatisticsPrinter&apos;" type="com.ibm.support.electronic.cache.ObjectCacheConfigurationException">com.ibm.support.electronic.cache.ObjectCacheConfigurationException: Instance of the &apos;com.ibm.support.electronic.cache.printer.CacheStatisticsPrinterImpl&apos; must can be assigned to &apos;com.ibm.support.electronic.cache.CacheStatisticsPrinter&apos;
	at com.ibm.support.electronic.cache.cachemanager.CacheManagerImpl.createReflectively(CacheManagerImpl.java:915)
	at com.ibm.support.electronic.cache.cachemanager.CacheManagerImpl.&lt;init&gt;(CacheManagerImpl.java:239)
	at com.ibm.support.electronic.cache.cachemanager.CacheManagerImplTest.setUp(CacheManagerImplTest.java:79)
</error>
  </testcase>
  <testcase classname="com.ibm.support.electronic.cache.cachemanager.CacheManagerImplTest" name="testPut1" time="0.0010">
    <error message="Instance of the &apos;com.ibm.support.electronic.cache.printer.CacheStatisticsPrinterImpl&apos; must can be assigned to &apos;com.ibm.support.electronic.cache.CacheStatisticsPrinter&apos;" type="com.ibm.support.electronic.cache.ObjectCacheConfigurationException">com.ibm.support.electronic.cache.ObjectCacheConfigurationException: Instance of the &apos;com.ibm.support.electronic.cache.printer.CacheStatisticsPrinterImpl&apos; must can be assigned to &apos;com.ibm.support.electronic.cache.CacheStatisticsPrinter&apos;
	at com.ibm.support.electronic.cache.cachemanager.CacheManagerImpl.createReflectively(CacheManagerImpl.java:915)
	at com.ibm.support.electronic.cache.cachemanager.CacheManagerImpl.&lt;init&gt;(CacheManagerImpl.java:239)
	at com.ibm.support.electronic.cache.cachemanager.CacheManagerImplTest.setUp(CacheManagerImplTest.java:79)
</error>
  </testcase>
  <testcase classname="com.ibm.support.electronic.cache.cachemanager.CacheManagerImplTest" name="testPut2" time="0.0010">
    <error message="Instance of the &apos;com.ibm.support.electronic.cache.printer.CacheStatisticsPrinterImpl&apos; must can be assigned to &apos;com.ibm.support.electronic.cache.CacheStatisticsPrinter&apos;" type="com.ibm.support.electronic.cache.ObjectCacheConfigurationException">com.ibm.support.electronic.cache.ObjectCacheConfigurationException: Instance of the &apos;com.ibm.support.electronic.cache.printer.CacheStatisticsPrinterImpl&apos; must can be assigned to &apos;com.ibm.support.electronic.cache.CacheStatisticsPrinter&apos;
	at com.ibm.support.electronic.cache.cachemanager.CacheManagerImpl.createReflectively(CacheManagerImpl.java:915)
	at com.ibm.support.electronic.cache.cachemanager.CacheManagerImpl.&lt;init&gt;(CacheManagerImpl.java:239)
	at com.ibm.support.electronic.cache.cachemanager.CacheManagerImplTest.setUp(CacheManagerImplTest.java:79)
</error>
  </testcase>
  <testcase classname="com.ibm.support.electronic.cache.cachemanager.CacheManagerImplTest" name="testPut3" time="0.0010">
    <error message="Instance of the &apos;com.ibm.support.electronic.cache.printer.CacheStatisticsPrinterImpl&apos; must can be assigned to &apos;com.ibm.support.electronic.cache.CacheStatisticsPrinter&apos;" type="com.ibm.support.electronic.cache.ObjectCacheConfigurationException">com.ibm.support.electronic.cache.ObjectCacheConfigurationException: Instance of the &apos;com.ibm.support.electronic.cache.printer.CacheStatisticsPrinterImpl&apos; must can be assigned to &apos;com.ibm.support.electronic.cache.CacheStatisticsPrinter&apos;
	at com.ibm.support.electronic.cache.cachemanager.CacheManagerImpl.createReflectively(CacheManagerImpl.java:915)
	at com.ibm.support.electronic.cache.cachemanager.CacheManagerImpl.&lt;init&gt;(CacheManagerImpl.java:239)
	at com.ibm.support.electronic.cache.cachemanager.CacheManagerImplTest.setUp(CacheManagerImplTest.java:79)
</error>
  </testcase>
  <testcase classname="com.ibm.support.electronic.cache.cachemanager.CacheManagerImplTest" name="testPut4" time="0.0010">
    <error message="Instance of the &apos;com.ibm.support.electronic.cache.printer.CacheStatisticsPrinterImpl&apos; must can be assigned to &apos;com.ibm.support.electronic.cache.CacheStatisticsPrinter&apos;" type="com.ibm.support.electronic.cache.ObjectCacheConfigurationException">com.ibm.support.electronic.cache.ObjectCacheConfigurationException: Instance of the &apos;com.ibm.support.electronic.cache.printer.CacheStatisticsPrinterImpl&apos; must can be assigned to &apos;com.ibm.support.electronic.cache.CacheStatisticsPrinter&apos;
	at com.ibm.support.electronic.cache.cachemanager.CacheManagerImpl.createReflectively(CacheManagerImpl.java:915)
	at com.ibm.support.electronic.cache.cachemanager.CacheManagerImpl.&lt;init&gt;(CacheManagerImpl.java:239)
	at com.ibm.support.electronic.cache.cachemanager.CacheManagerImplTest.setUp(CacheManagerImplTest.java:79)
</error>
  </testcase>
  <testcase classname="com.ibm.support.electronic.cache.cachemanager.CacheManagerImplTest" name="testPut5" time="0.0010">
    <error message="Instance of the &apos;com.ibm.support.electronic.cache.printer.CacheStatisticsPrinterImpl&apos; must can be assigned to &apos;com.ibm.support.electronic.cache.CacheStatisticsPrinter&apos;" type="com.ibm.support.electronic.cache.ObjectCacheConfigurationException">com.ibm.support.electronic.cache.ObjectCacheConfigurationException: Instance of the &apos;com.ibm.support.electronic.cache.printer.CacheStatisticsPrinterImpl&apos; must can be assigned to &apos;com.ibm.support.electronic.cache.CacheStatisticsPrinter&apos;
	at com.ibm.support.electronic.cache.cachemanager.CacheManagerImpl.createReflectively(CacheManagerImpl.java:915)
	at com.ibm.support.electronic.cache.cachemanager.CacheManagerImpl.&lt;init&gt;(CacheManagerImpl.java:239)
	at com.ibm.support.electronic.cache.cachemanager.CacheManagerImplTest.setUp(CacheManagerImplTest.java:79)
</error>
  </testcase>
  <testcase classname="com.ibm.support.electronic.cache.cachemanager.CacheManagerImplTest" name="testPut_NullId" time="0.0030">
    <error message="Instance of the &apos;com.ibm.support.electronic.cache.printer.CacheStatisticsPrinterImpl&apos; must can be assigned to &apos;com.ibm.support.electronic.cache.CacheStatisticsPrinter&apos;" type="com.ibm.support.electronic.cache.ObjectCacheConfigurationException">com.ibm.support.electronic.cache.ObjectCacheConfigurationException: Instance of the &apos;com.ibm.support.electronic.cache.printer.CacheStatisticsPrinterImpl&apos; must can be assigned to &apos;com.ibm.support.electronic.cache.CacheStatisticsPrinter&apos;
	at com.ibm.support.electronic.cache.cachemanager.CacheManagerImpl.createReflectively(CacheManagerImpl.java:915)
	at com.ibm.support.electronic.cache.cachemanager.CacheManagerImpl.&lt;init&gt;(CacheManagerImpl.java:239)
	at com.ibm.support.electronic.cache.cachemanager.CacheManagerImplTest.setUp(CacheManagerImplTest.java:79)
</error>
  </testcase>
  <testcase classname="com.ibm.support.electronic.cache.cachemanager.CacheManagerImplTest" name="testPut_EmptyId" time="0.0010">
    <error message="Instance of the &apos;com.ibm.support.electronic.cache.printer.CacheStatisticsPrinterImpl&apos; must can be assigned to &apos;com.ibm.support.electronic.cache.CacheStatisticsPrinter&apos;" type="com.ibm.support.electronic.cache.ObjectCacheConfigurationException">com.ibm.support.electronic.cache.ObjectCacheConfigurationException: Instance of the &apos;com.ibm.support.electronic.cache.printer.CacheStatisticsPrinterImpl&apos; must can be assigned to &apos;com.ibm.support.electronic.cache.CacheStatisticsPrinter&apos;
	at com.ibm.support.electronic.cache.cachemanager.CacheManagerImpl.createReflectively(CacheManagerImpl.java:915)
	at com.ibm.support.electronic.cache.cachemanager.CacheManagerImpl.&lt;init&gt;(CacheManagerImpl.java:239)
	at com.ibm.support.electronic.cache.cachemanager.CacheManagerImplTest.setUp(CacheManagerImplTest.java:79)
</error>
  </testcase>
  <testcase classname="com.ibm.support.electronic.cache.cachemanager.CacheManagerImplTest" name="testClear" time="0.0080">
    <error message="Instance of the &apos;com.ibm.support.electronic.cache.printer.CacheStatisticsPrinterImpl&apos; must can be assigned to &apos;com.ibm.support.electronic.cache.CacheStatisticsPrinter&apos;" type="com.ibm.support.electronic.cache.ObjectCacheConfigurationException">com.ibm.support.electronic.cache.ObjectCacheConfigurationException: Instance of the &apos;com.ibm.support.electronic.cache.printer.CacheStatisticsPrinterImpl&apos; must can be assigned to &apos;com.ibm.support.electronic.cache.CacheStatisticsPrinter&apos;
	at com.ibm.support.electronic.cache.cachemanager.CacheManagerImpl.createReflectively(CacheManagerImpl.java:915)
	at com.ibm.support.electronic.cache.cachemanager.CacheManagerImpl.&lt;init&gt;(CacheManagerImpl.java:239)
	at com.ibm.support.electronic.cache.cachemanager.CacheManagerImplTest.setUp(CacheManagerImplTest.java:79)
</error>
  </testcase>
  <testcase classname="com.ibm.support.electronic.cache.cachemanager.CacheManagerImplTest" name="testGetCacheStatistics1" time="0.0010">
    <error message="Instance of the &apos;com.ibm.support.electronic.cache.printer.CacheStatisticsPrinterImpl&apos; must can be assigned to &apos;com.ibm.support.electronic.cache.CacheStatisticsPrinter&apos;" type="com.ibm.support.electronic.cache.ObjectCacheConfigurationException">com.ibm.support.electronic.cache.ObjectCacheConfigurationException: Instance of the &apos;com.ibm.support.electronic.cache.printer.CacheStatisticsPrinterImpl&apos; must can be assigned to &apos;com.ibm.support.electronic.cache.CacheStatisticsPrinter&apos;
	at com.ibm.support.electronic.cache.cachemanager.CacheManagerImpl.createReflectively(CacheManagerImpl.java:915)
	at com.ibm.support.electronic.cache.cachemanager.CacheManagerImpl.&lt;init&gt;(CacheManagerImpl.java:239)
	at com.ibm.support.electronic.cache.cachemanager.CacheManagerImplTest.setUp(CacheManagerImplTest.java:79)
</error>
  </testcase>
  <testcase classname="com.ibm.support.electronic.cache.cachemanager.CacheManagerImplTest" name="testGetCacheStatistics2" time="0.0010">
    <error message="Instance of the &apos;com.ibm.support.electronic.cache.printer.CacheStatisticsPrinterImpl&apos; must can be assigned to &apos;com.ibm.support.electronic.cache.CacheStatisticsPrinter&apos;" type="com.ibm.support.electronic.cache.ObjectCacheConfigurationException">com.ibm.support.electronic.cache.ObjectCacheConfigurationException: Instance of the &apos;com.ibm.support.electronic.cache.printer.CacheStatisticsPrinterImpl&apos; must can be assigned to &apos;com.ibm.support.electronic.cache.CacheStatisticsPrinter&apos;
	at com.ibm.support.electronic.cache.cachemanager.CacheManagerImpl.createReflectively(CacheManagerImpl.java:915)
	at com.ibm.support.electronic.cache.cachemanager.CacheManagerImpl.&lt;init&gt;(CacheManagerImpl.java:239)
	at com.ibm.support.electronic.cache.cachemanager.CacheManagerImplTest.setUp(CacheManagerImplTest.java:79)
</error>
  </testcase>
  <testcase classname="com.ibm.support.electronic.cache.dao.CachedObjectDAOImplTest" name="testCtor1" time="0.128">
    <error message="[jcc][t4][2030][11211][3.57.82] Une erreur de communication est survenue lors des opérations effectuées sur le socket sous-jacent de la connexion, le flux d&apos;entrée du socket &#xa;ou le flux de sortie du socket.  Emplacement de l&apos;erreur : Reply.fill().  Message : Données insuffisantes. ERRORCODE=-4499, SQLSTATE=08001" type="com.ibm.db2.jcc.am.yn">com.ibm.db2.jcc.am.yn: [jcc][t4][2030][11211][3.57.82] Une erreur de communication est survenue lors des opérations effectuées sur le socket sous-jacent de la connexion, le flux d&apos;entrée du socket 
ou le flux de sortie du socket.  Emplacement de l&apos;erreur : Reply.fill().  Message : Données insuffisantes. ERRORCODE=-4499, SQLSTATE=08001
	at com.ibm.db2.jcc.am.bd.a(bd.java:319)
	at com.ibm.db2.jcc.t4.a.a(a.java:365)
	at com.ibm.db2.jcc.t4.a.a(a.java:360)
	at com.ibm.db2.jcc.t4.ab.b(ab.java:222)
	at com.ibm.db2.jcc.t4.ab.c(ab.java:243)
	at com.ibm.db2.jcc.t4.ab.c(ab.java:354)
	at com.ibm.db2.jcc.t4.ab.v(ab.java:1139)
	at com.ibm.db2.jcc.t4.bb.a(bb.java:42)
	at com.ibm.db2.jcc.t4.b.m(b.java:1240)
	at com.ibm.db2.jcc.t4.b.b(b.java:1114)
	at com.ibm.db2.jcc.t4.b.c(b.java:701)
	at com.ibm.db2.jcc.t4.b.b(b.java:687)
	at com.ibm.db2.jcc.t4.b.a(b.java:374)
	at com.ibm.db2.jcc.t4.b.&lt;init&gt;(b.java:310)
	at com.ibm.db2.jcc.DB2SimpleDataSource.getConnection(DB2SimpleDataSource.java:214)
	at com.ibm.db2.jcc.DB2Driver.connect(DB2Driver.java:224)
	at java.sql.DriverManager.getConnection(DriverManager.java:582)
	at java.sql.DriverManager.getConnection(DriverManager.java:154)
	at com.ibm.support.electronic.cache.TestHelper.getConnection(TestHelper.java:212)
	at com.ibm.support.electronic.cache.TestHelper.executeUpdate(TestHelper.java:179)
	at com.ibm.support.electronic.cache.TestHelper.initDB(TestHelper.java:227)
	at com.ibm.support.electronic.cache.dao.CachedObjectDAOImplTest.setUp(CachedObjectDAOImplTest.java:74)
</error>
    <error message="[jcc][t4][2043][11550][3.57.82] Exception java.net.ConnectException : Erreur lors de l&apos;ouverture du socket vers le serveur /127.0.0.1 sur le port 50 000 avec le message : Connection refused. ERRORCODE=-4499, SQLSTATE=08001" type="com.ibm.db2.jcc.am.yn">com.ibm.db2.jcc.am.yn: [jcc][t4][2043][11550][3.57.82] Exception java.net.ConnectException : Erreur lors de l&apos;ouverture du socket vers le serveur /127.0.0.1 sur le port 50 000 avec le message : Connection refused. ERRORCODE=-4499, SQLSTATE=08001
	at com.ibm.db2.jcc.am.bd.a(bd.java:319)
	at com.ibm.db2.jcc.am.bd.a(bd.java:337)
	at com.ibm.db2.jcc.t4.xb.a(xb.java:378)
	at com.ibm.db2.jcc.t4.xb.&lt;init&gt;(xb.java:76)
	at com.ibm.db2.jcc.t4.a.y(a.java:263)
	at com.ibm.db2.jcc.t4.b.a(b.java:1787)
	at com.ibm.db2.jcc.am.jb.a(jb.java:540)
	at com.ibm.db2.jcc.am.jb.&lt;init&gt;(jb.java:496)
	at com.ibm.db2.jcc.t4.b.&lt;init&gt;(b.java:308)
	at com.ibm.db2.jcc.DB2SimpleDataSource.getConnection(DB2SimpleDataSource.java:214)
	at com.ibm.db2.jcc.DB2Driver.connect(DB2Driver.java:224)
	at java.sql.DriverManager.getConnection(DriverManager.java:582)
	at java.sql.DriverManager.getConnection(DriverManager.java:154)
	at com.ibm.support.electronic.cache.TestHelper.getConnection(TestHelper.java:212)
	at com.ibm.support.electronic.cache.TestHelper.executeUpdate(TestHelper.java:179)
	at com.ibm.support.electronic.cache.TestHelper.clearDB(TestHelper.java:238)
	at com.ibm.support.electronic.cache.dao.CachedObjectDAOImplTest.tearDown(CachedObjectDAOImplTest.java:88)
Caused by: java.net.ConnectException: Connection refused
	at java.net.PlainSocketImpl.socketConnect(Native Method)
	at java.net.PlainSocketImpl.doConnect(PlainSocketImpl.java:333)
	at java.net.PlainSocketImpl.connectToAddress(PlainSocketImpl.java:195)
	at java.net.PlainSocketImpl.connect(PlainSocketImpl.java:182)
	at java.net.SocksSocketImpl.connect(SocksSocketImpl.java:366)
	at java.net.Socket.connect(Socket.java:529)
	at com.ibm.db2.jcc.t4.y.run(y.java:34)
	at java.security.AccessController.doPrivileged(Native Method)
	at com.ibm.db2.jcc.t4.xb.a(xb.java:372)
</error>
  </testcase>
  <testcase classname="com.ibm.support.electronic.cache.dao.CachedObjectDAOImplTest" name="testCtor2" time="0.0040">
    <error message="[jcc][t4][2043][11550][3.57.82] Exception java.net.ConnectException : Erreur lors de l&apos;ouverture du socket vers le serveur /127.0.0.1 sur le port 50 000 avec le message : Connection refused. ERRORCODE=-4499, SQLSTATE=08001" type="com.ibm.db2.jcc.am.yn">com.ibm.db2.jcc.am.yn: [jcc][t4][2043][11550][3.57.82] Exception java.net.ConnectException : Erreur lors de l&apos;ouverture du socket vers le serveur /127.0.0.1 sur le port 50 000 avec le message : Connection refused. ERRORCODE=-4499, SQLSTATE=08001
	at com.ibm.db2.jcc.am.bd.a(bd.java:319)
	at com.ibm.db2.jcc.am.bd.a(bd.java:337)
	at com.ibm.db2.jcc.t4.xb.a(xb.java:378)
	at com.ibm.db2.jcc.t4.xb.&lt;init&gt;(xb.java:76)
	at com.ibm.db2.jcc.t4.a.y(a.java:263)
	at com.ibm.db2.jcc.t4.b.a(b.java:1787)
	at com.ibm.db2.jcc.am.jb.a(jb.java:540)
	at com.ibm.db2.jcc.am.jb.&lt;init&gt;(jb.java:496)
	at com.ibm.db2.jcc.t4.b.&lt;init&gt;(b.java:308)
	at com.ibm.db2.jcc.DB2SimpleDataSource.getConnection(DB2SimpleDataSource.java:214)
	at com.ibm.db2.jcc.DB2Driver.connect(DB2Driver.java:224)
	at java.sql.DriverManager.getConnection(DriverManager.java:582)
	at java.sql.DriverManager.getConnection(DriverManager.java:154)
	at com.ibm.support.electronic.cache.TestHelper.getConnection(TestHelper.java:212)
	at com.ibm.support.electronic.cache.TestHelper.executeUpdate(TestHelper.java:179)
	at com.ibm.support.electronic.cache.TestHelper.initDB(TestHelper.java:227)
	at com.ibm.support.electronic.cache.dao.CachedObjectDAOImplTest.setUp(CachedObjectDAOImplTest.java:74)
Caused by: java.net.ConnectException: Connection refused
	at java.net.PlainSocketImpl.socketConnect(Native Method)
	at java.net.PlainSocketImpl.doConnect(PlainSocketImpl.java:333)
	at java.net.PlainSocketImpl.connectToAddress(PlainSocketImpl.java:195)
	at java.net.PlainSocketImpl.connect(PlainSocketImpl.java:182)
	at java.net.SocksSocketImpl.connect(SocksSocketImpl.java:366)
	at java.net.Socket.connect(Socket.java:529)
	at com.ibm.db2.jcc.t4.y.run(y.java:34)
	at java.security.AccessController.doPrivileged(Native Method)
	at com.ibm.db2.jcc.t4.xb.a(xb.java:372)
</error>
    <error message="[jcc][t4][2043][11550][3.57.82] Exception java.net.ConnectException : Erreur lors de l&apos;ouverture du socket vers le serveur /127.0.0.1 sur le port 50 000 avec le message : Connection refused. ERRORCODE=-4499, SQLSTATE=08001" type="com.ibm.db2.jcc.am.yn">com.ibm.db2.jcc.am.yn: [jcc][t4][2043][11550][3.57.82] Exception java.net.ConnectException : Erreur lors de l&apos;ouverture du socket vers le serveur /127.0.0.1 sur le port 50 000 avec le message : Connection refused. ERRORCODE=-4499, SQLSTATE=08001
	at com.ibm.db2.jcc.am.bd.a(bd.java:319)
	at com.ibm.db2.jcc.am.bd.a(bd.java:337)
	at com.ibm.db2.jcc.t4.xb.a(xb.java:378)
	at com.ibm.db2.jcc.t4.xb.&lt;init&gt;(xb.java:76)
	at com.ibm.db2.jcc.t4.a.y(a.java:263)
	at com.ibm.db2.jcc.t4.b.a(b.java:1787)
	at com.ibm.db2.jcc.am.jb.a(jb.java:540)
	at com.ibm.db2.jcc.am.jb.&lt;init&gt;(jb.java:496)
	at com.ibm.db2.jcc.t4.b.&lt;init&gt;(b.java:308)
	at com.ibm.db2.jcc.DB2SimpleDataSource.getConnection(DB2SimpleDataSource.java:214)
	at com.ibm.db2.jcc.DB2Driver.connect(DB2Driver.java:224)
	at java.sql.DriverManager.getConnection(DriverManager.java:582)
	at java.sql.DriverManager.getConnection(DriverManager.java:154)
	at com.ibm.support.electronic.cache.TestHelper.getConnection(TestHelper.java:212)
	at com.ibm.support.electronic.cache.TestHelper.executeUpdate(TestHelper.java:179)
	at com.ibm.support.electronic.cache.TestHelper.clearDB(TestHelper.java:238)
	at com.ibm.support.electronic.cache.dao.CachedObjectDAOImplTest.tearDown(CachedObjectDAOImplTest.java:88)
Caused by: java.net.ConnectException: Connection refused
	at java.net.PlainSocketImpl.socketConnect(Native Method)
	at java.net.PlainSocketImpl.doConnect(PlainSocketImpl.java:333)
	at java.net.PlainSocketImpl.connectToAddress(PlainSocketImpl.java:195)
	at java.net.PlainSocketImpl.connect(PlainSocketImpl.java:182)
	at java.net.SocksSocketImpl.connect(SocksSocketImpl.java:366)
	at java.net.Socket.connect(Socket.java:529)
	at com.ibm.db2.jcc.t4.y.run(y.java:34)
	at java.security.AccessController.doPrivileged(Native Method)
	at com.ibm.db2.jcc.t4.xb.a(xb.java:372)
</error>
  </testcase>
  <testcase classname="com.ibm.support.electronic.cache.dao.CachedObjectDAOImplTest" name="testGet1" time="0.0040">
    <error message="[jcc][t4][2043][11550][3.57.82] Exception java.net.ConnectException : Erreur lors de l&apos;ouverture du socket vers le serveur /127.0.0.1 sur le port 50 000 avec le message : Connection refused. ERRORCODE=-4499, SQLSTATE=08001" type="com.ibm.db2.jcc.am.yn">com.ibm.db2.jcc.am.yn: [jcc][t4][2043][11550][3.57.82] Exception java.net.ConnectException : Erreur lors de l&apos;ouverture du socket vers le serveur /127.0.0.1 sur le port 50 000 avec le message : Connection refused. ERRORCODE=-4499, SQLSTATE=08001
	at com.ibm.db2.jcc.am.bd.a(bd.java:319)
	at com.ibm.db2.jcc.am.bd.a(bd.java:337)
	at com.ibm.db2.jcc.t4.xb.a(xb.java:378)
	at com.ibm.db2.jcc.t4.xb.&lt;init&gt;(xb.java:76)
	at com.ibm.db2.jcc.t4.a.y(a.java:263)
	at com.ibm.db2.jcc.t4.b.a(b.java:1787)
	at com.ibm.db2.jcc.am.jb.a(jb.java:540)
	at com.ibm.db2.jcc.am.jb.&lt;init&gt;(jb.java:496)
	at com.ibm.db2.jcc.t4.b.&lt;init&gt;(b.java:308)
	at com.ibm.db2.jcc.DB2SimpleDataSource.getConnection(DB2SimpleDataSource.java:214)
	at com.ibm.db2.jcc.DB2Driver.connect(DB2Driver.java:224)
	at java.sql.DriverManager.getConnection(DriverManager.java:582)
	at java.sql.DriverManager.getConnection(DriverManager.java:154)
	at com.ibm.support.electronic.cache.TestHelper.getConnection(TestHelper.java:212)
	at com.ibm.support.electronic.cache.TestHelper.executeUpdate(TestHelper.java:179)
	at com.ibm.support.electronic.cache.TestHelper.initDB(TestHelper.java:227)
	at com.ibm.support.electronic.cache.dao.CachedObjectDAOImplTest.setUp(CachedObjectDAOImplTest.java:74)
Caused by: java.net.ConnectException: Connection refused
	at java.net.PlainSocketImpl.socketConnect(Native Method)
	at java.net.PlainSocketImpl.doConnect(PlainSocketImpl.java:333)
	at java.net.PlainSocketImpl.connectToAddress(PlainSocketImpl.java:195)
	at java.net.PlainSocketImpl.connect(PlainSocketImpl.java:182)
	at java.net.SocksSocketImpl.connect(SocksSocketImpl.java:366)
	at java.net.Socket.connect(Socket.java:529)
	at com.ibm.db2.jcc.t4.y.run(y.java:34)
	at java.security.AccessController.doPrivileged(Native Method)
	at com.ibm.db2.jcc.t4.xb.a(xb.java:372)
</error>
    <error message="[jcc][t4][2043][11550][3.57.82] Exception java.net.ConnectException : Erreur lors de l&apos;ouverture du socket vers le serveur /127.0.0.1 sur le port 50 000 avec le message : Connection refused. ERRORCODE=-4499, SQLSTATE=08001" type="com.ibm.db2.jcc.am.yn">com.ibm.db2.jcc.am.yn: [jcc][t4][2043][11550][3.57.82] Exception java.net.ConnectException : Erreur lors de l&apos;ouverture du socket vers le serveur /127.0.0.1 sur le port 50 000 avec le message : Connection refused. ERRORCODE=-4499, SQLSTATE=08001
	at com.ibm.db2.jcc.am.bd.a(bd.java:319)
	at com.ibm.db2.jcc.am.bd.a(bd.java:337)
	at com.ibm.db2.jcc.t4.xb.a(xb.java:378)
	at com.ibm.db2.jcc.t4.xb.&lt;init&gt;(xb.java:76)
	at com.ibm.db2.jcc.t4.a.y(a.java:263)
	at com.ibm.db2.jcc.t4.b.a(b.java:1787)
	at com.ibm.db2.jcc.am.jb.a(jb.java:540)
	at com.ibm.db2.jcc.am.jb.&lt;init&gt;(jb.java:496)
	at com.ibm.db2.jcc.t4.b.&lt;init&gt;(b.java:308)
	at com.ibm.db2.jcc.DB2SimpleDataSource.getConnection(DB2SimpleDataSource.java:214)
	at com.ibm.db2.jcc.DB2Driver.connect(DB2Driver.java:224)
	at java.sql.DriverManager.getConnection(DriverManager.java:582)
	at java.sql.DriverManager.getConnection(DriverManager.java:154)
	at com.ibm.support.electronic.cache.TestHelper.getConnection(TestHelper.java:212)
	at com.ibm.support.electronic.cache.TestHelper.executeUpdate(TestHelper.java:179)
	at com.ibm.support.electronic.cache.TestHelper.clearDB(TestHelper.java:238)
	at com.ibm.support.electronic.cache.dao.CachedObjectDAOImplTest.tearDown(CachedObjectDAOImplTest.java:88)
Caused by: java.net.ConnectException: Connection refused
	at java.net.PlainSocketImpl.socketConnect(Native Method)
	at java.net.PlainSocketImpl.doConnect(PlainSocketImpl.java:333)
	at java.net.PlainSocketImpl.connectToAddress(PlainSocketImpl.java:195)
	at java.net.PlainSocketImpl.connect(PlainSocketImpl.java:182)
	at java.net.SocksSocketImpl.connect(SocksSocketImpl.java:366)
	at java.net.Socket.connect(Socket.java:529)
	at com.ibm.db2.jcc.t4.y.run(y.java:34)
	at java.security.AccessController.doPrivileged(Native Method)
	at com.ibm.db2.jcc.t4.xb.a(xb.java:372)
</error>
  </testcase>
  <testcase classname="com.ibm.support.electronic.cache.dao.CachedObjectDAOImplTest" name="testGet2" time="0.0040">
    <error message="[jcc][t4][2043][11550][3.57.82] Exception java.net.ConnectException : Erreur lors de l&apos;ouverture du socket vers le serveur /127.0.0.1 sur le port 50 000 avec le message : Connection refused. ERRORCODE=-4499, SQLSTATE=08001" type="com.ibm.db2.jcc.am.yn">com.ibm.db2.jcc.am.yn: [jcc][t4][2043][11550][3.57.82] Exception java.net.ConnectException : Erreur lors de l&apos;ouverture du socket vers le serveur /127.0.0.1 sur le port 50 000 avec le message : Connection refused. ERRORCODE=-4499, SQLSTATE=08001
	at com.ibm.db2.jcc.am.bd.a(bd.java:319)
	at com.ibm.db2.jcc.am.bd.a(bd.java:337)
	at com.ibm.db2.jcc.t4.xb.a(xb.java:378)
	at com.ibm.db2.jcc.t4.xb.&lt;init&gt;(xb.java:76)
	at com.ibm.db2.jcc.t4.a.y(a.java:263)
	at com.ibm.db2.jcc.t4.b.a(b.java:1787)
	at com.ibm.db2.jcc.am.jb.a(jb.java:540)
	at com.ibm.db2.jcc.am.jb.&lt;init&gt;(jb.java:496)
	at com.ibm.db2.jcc.t4.b.&lt;init&gt;(b.java:308)
	at com.ibm.db2.jcc.DB2SimpleDataSource.getConnection(DB2SimpleDataSource.java:214)
	at com.ibm.db2.jcc.DB2Driver.connect(DB2Driver.java:224)
	at java.sql.DriverManager.getConnection(DriverManager.java:582)
	at java.sql.DriverManager.getConnection(DriverManager.java:154)
	at com.ibm.support.electronic.cache.TestHelper.getConnection(TestHelper.java:212)
	at com.ibm.support.electronic.cache.TestHelper.executeUpdate(TestHelper.java:179)
	at com.ibm.support.electronic.cache.TestHelper.initDB(TestHelper.java:227)
	at com.ibm.support.electronic.cache.dao.CachedObjectDAOImplTest.setUp(CachedObjectDAOImplTest.java:74)
Caused by: java.net.ConnectException: Connection refused
	at java.net.PlainSocketImpl.socketConnect(Native Method)
	at java.net.PlainSocketImpl.doConnect(PlainSocketImpl.java:333)
	at java.net.PlainSocketImpl.connectToAddress(PlainSocketImpl.java:195)
	at java.net.PlainSocketImpl.connect(PlainSocketImpl.java:182)
	at java.net.SocksSocketImpl.connect(SocksSocketImpl.java:366)
	at java.net.Socket.connect(Socket.java:529)
	at com.ibm.db2.jcc.t4.y.run(y.java:34)
	at java.security.AccessController.doPrivileged(Native Method)
	at com.ibm.db2.jcc.t4.xb.a(xb.java:372)
</error>
    <error message="[jcc][t4][2043][11550][3.57.82] Exception java.net.ConnectException : Erreur lors de l&apos;ouverture du socket vers le serveur /127.0.0.1 sur le port 50 000 avec le message : Connection refused. ERRORCODE=-4499, SQLSTATE=08001" type="com.ibm.db2.jcc.am.yn">com.ibm.db2.jcc.am.yn: [jcc][t4][2043][11550][3.57.82] Exception java.net.ConnectException : Erreur lors de l&apos;ouverture du socket vers le serveur /127.0.0.1 sur le port 50 000 avec le message : Connection refused. ERRORCODE=-4499, SQLSTATE=08001
	at com.ibm.db2.jcc.am.bd.a(bd.java:319)
	at com.ibm.db2.jcc.am.bd.a(bd.java:337)
	at com.ibm.db2.jcc.t4.xb.a(xb.java:378)
	at com.ibm.db2.jcc.t4.xb.&lt;init&gt;(xb.java:76)
	at com.ibm.db2.jcc.t4.a.y(a.java:263)
	at com.ibm.db2.jcc.t4.b.a(b.java:1787)
	at com.ibm.db2.jcc.am.jb.a(jb.java:540)
	at com.ibm.db2.jcc.am.jb.&lt;init&gt;(jb.java:496)
	at com.ibm.db2.jcc.t4.b.&lt;init&gt;(b.java:308)
	at com.ibm.db2.jcc.DB2SimpleDataSource.getConnection(DB2SimpleDataSource.java:214)
	at com.ibm.db2.jcc.DB2Driver.connect(DB2Driver.java:224)
	at java.sql.DriverManager.getConnection(DriverManager.java:582)
	at java.sql.DriverManager.getConnection(DriverManager.java:154)
	at com.ibm.support.electronic.cache.TestHelper.getConnection(TestHelper.java:212)
	at com.ibm.support.electronic.cache.TestHelper.executeUpdate(TestHelper.java:179)
	at com.ibm.support.electronic.cache.TestHelper.clearDB(TestHelper.java:238)
	at com.ibm.support.electronic.cache.dao.CachedObjectDAOImplTest.tearDown(CachedObjectDAOImplTest.java:88)
Caused by: java.net.ConnectException: Connection refused
	at java.net.PlainSocketImpl.socketConnect(Native Method)
	at java.net.PlainSocketImpl.doConnect(PlainSocketImpl.java:333)
	at java.net.PlainSocketImpl.connectToAddress(PlainSocketImpl.java:195)
	at java.net.PlainSocketImpl.connect(PlainSocketImpl.java:182)
	at java.net.SocksSocketImpl.connect(SocksSocketImpl.java:366)
	at java.net.Socket.connect(Socket.java:529)
	at com.ibm.db2.jcc.t4.y.run(y.java:34)
	at java.security.AccessController.doPrivileged(Native Method)
	at com.ibm.db2.jcc.t4.xb.a(xb.java:372)
</error>
  </testcase>
  <testcase classname="com.ibm.support.electronic.cache.dao.CachedObjectDAOImplTest" name="testCtor_NullProp" time="0.0040">
    <error message="[jcc][t4][2043][11550][3.57.82] Exception java.net.ConnectException : Erreur lors de l&apos;ouverture du socket vers le serveur /127.0.0.1 sur le port 50 000 avec le message : Connection refused. ERRORCODE=-4499, SQLSTATE=08001" type="com.ibm.db2.jcc.am.yn">com.ibm.db2.jcc.am.yn: [jcc][t4][2043][11550][3.57.82] Exception java.net.ConnectException : Erreur lors de l&apos;ouverture du socket vers le serveur /127.0.0.1 sur le port 50 000 avec le message : Connection refused. ERRORCODE=-4499, SQLSTATE=08001
	at com.ibm.db2.jcc.am.bd.a(bd.java:319)
	at com.ibm.db2.jcc.am.bd.a(bd.java:337)
	at com.ibm.db2.jcc.t4.xb.a(xb.java:378)
	at com.ibm.db2.jcc.t4.xb.&lt;init&gt;(xb.java:76)
	at com.ibm.db2.jcc.t4.a.y(a.java:263)
	at com.ibm.db2.jcc.t4.b.a(b.java:1787)
	at com.ibm.db2.jcc.am.jb.a(jb.java:540)
	at com.ibm.db2.jcc.am.jb.&lt;init&gt;(jb.java:496)
	at com.ibm.db2.jcc.t4.b.&lt;init&gt;(b.java:308)
	at com.ibm.db2.jcc.DB2SimpleDataSource.getConnection(DB2SimpleDataSource.java:214)
	at com.ibm.db2.jcc.DB2Driver.connect(DB2Driver.java:224)
	at java.sql.DriverManager.getConnection(DriverManager.java:582)
	at java.sql.DriverManager.getConnection(DriverManager.java:154)
	at com.ibm.support.electronic.cache.TestHelper.getConnection(TestHelper.java:212)
	at com.ibm.support.electronic.cache.TestHelper.executeUpdate(TestHelper.java:179)
	at com.ibm.support.electronic.cache.TestHelper.initDB(TestHelper.java:227)
	at com.ibm.support.electronic.cache.dao.CachedObjectDAOImplTest.setUp(CachedObjectDAOImplTest.java:74)
Caused by: java.net.ConnectException: Connection refused
	at java.net.PlainSocketImpl.socketConnect(Native Method)
	at java.net.PlainSocketImpl.doConnect(PlainSocketImpl.java:333)
	at java.net.PlainSocketImpl.connectToAddress(PlainSocketImpl.java:195)
	at java.net.PlainSocketImpl.connect(PlainSocketImpl.java:182)
	at java.net.SocksSocketImpl.connect(SocksSocketImpl.java:366)
	at java.net.Socket.connect(Socket.java:529)
	at com.ibm.db2.jcc.t4.y.run(y.java:34)
	at java.security.AccessController.doPrivileged(Native Method)
	at com.ibm.db2.jcc.t4.xb.a(xb.java:372)
</error>
    <error message="[jcc][t4][2043][11550][3.57.82] Exception java.net.ConnectException : Erreur lors de l&apos;ouverture du socket vers le serveur /127.0.0.1 sur le port 50 000 avec le message : Connection refused. ERRORCODE=-4499, SQLSTATE=08001" type="com.ibm.db2.jcc.am.yn">com.ibm.db2.jcc.am.yn: [jcc][t4][2043][11550][3.57.82] Exception java.net.ConnectException : Erreur lors de l&apos;ouverture du socket vers le serveur /127.0.0.1 sur le port 50 000 avec le message : Connection refused. ERRORCODE=-4499, SQLSTATE=08001
	at com.ibm.db2.jcc.am.bd.a(bd.java:319)
	at com.ibm.db2.jcc.am.bd.a(bd.java:337)
	at com.ibm.db2.jcc.t4.xb.a(xb.java:378)
	at com.ibm.db2.jcc.t4.xb.&lt;init&gt;(xb.java:76)
	at com.ibm.db2.jcc.t4.a.y(a.java:263)
	at com.ibm.db2.jcc.t4.b.a(b.java:1787)
	at com.ibm.db2.jcc.am.jb.a(jb.java:540)
	at com.ibm.db2.jcc.am.jb.&lt;init&gt;(jb.java:496)
	at com.ibm.db2.jcc.t4.b.&lt;init&gt;(b.java:308)
	at com.ibm.db2.jcc.DB2SimpleDataSource.getConnection(DB2SimpleDataSource.java:214)
	at com.ibm.db2.jcc.DB2Driver.connect(DB2Driver.java:224)
	at java.sql.DriverManager.getConnection(DriverManager.java:582)
	at java.sql.DriverManager.getConnection(DriverManager.java:154)
	at com.ibm.support.electronic.cache.TestHelper.getConnection(TestHelper.java:212)
	at com.ibm.support.electronic.cache.TestHelper.executeUpdate(TestHelper.java:179)
	at com.ibm.support.electronic.cache.TestHelper.clearDB(TestHelper.java:238)
	at com.ibm.support.electronic.cache.dao.CachedObjectDAOImplTest.tearDown(CachedObjectDAOImplTest.java:88)
Caused by: java.net.ConnectException: Connection refused
	at java.net.PlainSocketImpl.socketConnect(Native Method)
	at java.net.PlainSocketImpl.doConnect(PlainSocketImpl.java:333)
	at java.net.PlainSocketImpl.connectToAddress(PlainSocketImpl.java:195)
	at java.net.PlainSocketImpl.connect(PlainSocketImpl.java:182)
	at java.net.SocksSocketImpl.connect(SocksSocketImpl.java:366)
	at java.net.Socket.connect(Socket.java:529)
	at com.ibm.db2.jcc.t4.y.run(y.java:34)
	at java.security.AccessController.doPrivileged(Native Method)
	at com.ibm.db2.jcc.t4.xb.a(xb.java:372)
</error>
  </testcase>
  <testcase classname="com.ibm.support.electronic.cache.dao.CachedObjectDAOImplTest" name="testCtor_EmptyUser" time="0.0040">
    <error message="[jcc][t4][2043][11550][3.57.82] Exception java.net.ConnectException : Erreur lors de l&apos;ouverture du socket vers le serveur /127.0.0.1 sur le port 50 000 avec le message : Connection refused. ERRORCODE=-4499, SQLSTATE=08001" type="com.ibm.db2.jcc.am.yn">com.ibm.db2.jcc.am.yn: [jcc][t4][2043][11550][3.57.82] Exception java.net.ConnectException : Erreur lors de l&apos;ouverture du socket vers le serveur /127.0.0.1 sur le port 50 000 avec le message : Connection refused. ERRORCODE=-4499, SQLSTATE=08001
	at com.ibm.db2.jcc.am.bd.a(bd.java:319)
	at com.ibm.db2.jcc.am.bd.a(bd.java:337)
	at com.ibm.db2.jcc.t4.xb.a(xb.java:378)
	at com.ibm.db2.jcc.t4.xb.&lt;init&gt;(xb.java:76)
	at com.ibm.db2.jcc.t4.a.y(a.java:263)
	at com.ibm.db2.jcc.t4.b.a(b.java:1787)
	at com.ibm.db2.jcc.am.jb.a(jb.java:540)
	at com.ibm.db2.jcc.am.jb.&lt;init&gt;(jb.java:496)
	at com.ibm.db2.jcc.t4.b.&lt;init&gt;(b.java:308)
	at com.ibm.db2.jcc.DB2SimpleDataSource.getConnection(DB2SimpleDataSource.java:214)
	at com.ibm.db2.jcc.DB2Driver.connect(DB2Driver.java:224)
	at java.sql.DriverManager.getConnection(DriverManager.java:582)
	at java.sql.DriverManager.getConnection(DriverManager.java:154)
	at com.ibm.support.electronic.cache.TestHelper.getConnection(TestHelper.java:212)
	at com.ibm.support.electronic.cache.TestHelper.executeUpdate(TestHelper.java:179)
	at com.ibm.support.electronic.cache.TestHelper.initDB(TestHelper.java:227)
	at com.ibm.support.electronic.cache.dao.CachedObjectDAOImplTest.setUp(CachedObjectDAOImplTest.java:74)
Caused by: java.net.ConnectException: Connection refused
	at java.net.PlainSocketImpl.socketConnect(Native Method)
	at java.net.PlainSocketImpl.doConnect(PlainSocketImpl.java:333)
	at java.net.PlainSocketImpl.connectToAddress(PlainSocketImpl.java:195)
	at java.net.PlainSocketImpl.connect(PlainSocketImpl.java:182)
	at java.net.SocksSocketImpl.connect(SocksSocketImpl.java:366)
	at java.net.Socket.connect(Socket.java:529)
	at com.ibm.db2.jcc.t4.y.run(y.java:34)
	at java.security.AccessController.doPrivileged(Native Method)
	at com.ibm.db2.jcc.t4.xb.a(xb.java:372)
</error>
    <error message="[jcc][t4][2043][11550][3.57.82] Exception java.net.ConnectException : Erreur lors de l&apos;ouverture du socket vers le serveur /127.0.0.1 sur le port 50 000 avec le message : Connection refused. ERRORCODE=-4499, SQLSTATE=08001" type="com.ibm.db2.jcc.am.yn">com.ibm.db2.jcc.am.yn: [jcc][t4][2043][11550][3.57.82] Exception java.net.ConnectException : Erreur lors de l&apos;ouverture du socket vers le serveur /127.0.0.1 sur le port 50 000 avec le message : Connection refused. ERRORCODE=-4499, SQLSTATE=08001
	at com.ibm.db2.jcc.am.bd.a(bd.java:319)
	at com.ibm.db2.jcc.am.bd.a(bd.java:337)
	at com.ibm.db2.jcc.t4.xb.a(xb.java:378)
	at com.ibm.db2.jcc.t4.xb.&lt;init&gt;(xb.java:76)
	at com.ibm.db2.jcc.t4.a.y(a.java:263)
	at com.ibm.db2.jcc.t4.b.a(b.java:1787)
	at com.ibm.db2.jcc.am.jb.a(jb.java:540)
	at com.ibm.db2.jcc.am.jb.&lt;init&gt;(jb.java:496)
	at com.ibm.db2.jcc.t4.b.&lt;init&gt;(b.java:308)
	at com.ibm.db2.jcc.DB2SimpleDataSource.getConnection(DB2SimpleDataSource.java:214)
	at com.ibm.db2.jcc.DB2Driver.connect(DB2Driver.java:224)
	at java.sql.DriverManager.getConnection(DriverManager.java:582)
	at java.sql.DriverManager.getConnection(DriverManager.java:154)
	at com.ibm.support.electronic.cache.TestHelper.getConnection(TestHelper.java:212)
	at com.ibm.support.electronic.cache.TestHelper.executeUpdate(TestHelper.java:179)
	at com.ibm.support.electronic.cache.TestHelper.clearDB(TestHelper.java:238)
	at com.ibm.support.electronic.cache.dao.CachedObjectDAOImplTest.tearDown(CachedObjectDAOImplTest.java:88)
Caused by: java.net.ConnectException: Connection refused
	at java.net.PlainSocketImpl.socketConnect(Native Method)
	at java.net.PlainSocketImpl.doConnect(PlainSocketImpl.java:333)
	at java.net.PlainSocketImpl.connectToAddress(PlainSocketImpl.java:195)
	at java.net.PlainSocketImpl.connect(PlainSocketImpl.java:182)
	at java.net.SocksSocketImpl.connect(SocksSocketImpl.java:366)
	at java.net.Socket.connect(Socket.java:529)
	at com.ibm.db2.jcc.t4.y.run(y.java:34)
	at java.security.AccessController.doPrivileged(Native Method)
	at com.ibm.db2.jcc.t4.xb.a(xb.java:372)
</error>
  </testcase>
  <testcase classname="com.ibm.support.electronic.cache.dao.CachedObjectDAOImplTest" name="testCtor_InvalidUser" time="0.0060">
    <error message="[jcc][t4][2043][11550][3.57.82] Exception java.net.ConnectException : Erreur lors de l&apos;ouverture du socket vers le serveur /127.0.0.1 sur le port 50 000 avec le message : Connection refused. ERRORCODE=-4499, SQLSTATE=08001" type="com.ibm.db2.jcc.am.yn">com.ibm.db2.jcc.am.yn: [jcc][t4][2043][11550][3.57.82] Exception java.net.ConnectException : Erreur lors de l&apos;ouverture du socket vers le serveur /127.0.0.1 sur le port 50 000 avec le message : Connection refused. ERRORCODE=-4499, SQLSTATE=08001
	at com.ibm.db2.jcc.am.bd.a(bd.java:319)
	at com.ibm.db2.jcc.am.bd.a(bd.java:337)
	at com.ibm.db2.jcc.t4.xb.a(xb.java:378)
	at com.ibm.db2.jcc.t4.xb.&lt;init&gt;(xb.java:76)
	at com.ibm.db2.jcc.t4.a.y(a.java:263)
	at com.ibm.db2.jcc.t4.b.a(b.java:1787)
	at com.ibm.db2.jcc.am.jb.a(jb.java:540)
	at com.ibm.db2.jcc.am.jb.&lt;init&gt;(jb.java:496)
	at com.ibm.db2.jcc.t4.b.&lt;init&gt;(b.java:308)
	at com.ibm.db2.jcc.DB2SimpleDataSource.getConnection(DB2SimpleDataSource.java:214)
	at com.ibm.db2.jcc.DB2Driver.connect(DB2Driver.java:224)
	at java.sql.DriverManager.getConnection(DriverManager.java:582)
	at java.sql.DriverManager.getConnection(DriverManager.java:154)
	at com.ibm.support.electronic.cache.TestHelper.getConnection(TestHelper.java:212)
	at com.ibm.support.electronic.cache.TestHelper.executeUpdate(TestHelper.java:179)
	at com.ibm.support.electronic.cache.TestHelper.initDB(TestHelper.java:227)
	at com.ibm.support.electronic.cache.dao.CachedObjectDAOImplTest.setUp(CachedObjectDAOImplTest.java:74)
Caused by: java.net.ConnectException: Connection refused
	at java.net.PlainSocketImpl.socketConnect(Native Method)
	at java.net.PlainSocketImpl.doConnect(PlainSocketImpl.java:333)
	at java.net.PlainSocketImpl.connectToAddress(PlainSocketImpl.java:195)
	at java.net.PlainSocketImpl.connect(PlainSocketImpl.java:182)
	at java.net.SocksSocketImpl.connect(SocksSocketImpl.java:366)
	at java.net.Socket.connect(Socket.java:529)
	at com.ibm.db2.jcc.t4.y.run(y.java:34)
	at java.security.AccessController.doPrivileged(Native Method)
	at com.ibm.db2.jcc.t4.xb.a(xb.java:372)
</error>
    <error message="[jcc][t4][2043][11550][3.57.82] Exception java.net.ConnectException : Erreur lors de l&apos;ouverture du socket vers le serveur /127.0.0.1 sur le port 50 000 avec le message : Connection refused. ERRORCODE=-4499, SQLSTATE=08001" type="com.ibm.db2.jcc.am.yn">com.ibm.db2.jcc.am.yn: [jcc][t4][2043][11550][3.57.82] Exception java.net.ConnectException : Erreur lors de l&apos;ouverture du socket vers le serveur /127.0.0.1 sur le port 50 000 avec le message : Connection refused. ERRORCODE=-4499, SQLSTATE=08001
	at com.ibm.db2.jcc.am.bd.a(bd.java:319)
	at com.ibm.db2.jcc.am.bd.a(bd.java:337)
	at com.ibm.db2.jcc.t4.xb.a(xb.java:378)
	at com.ibm.db2.jcc.t4.xb.&lt;init&gt;(xb.java:76)
	at com.ibm.db2.jcc.t4.a.y(a.java:263)
	at com.ibm.db2.jcc.t4.b.a(b.java:1787)
	at com.ibm.db2.jcc.am.jb.a(jb.java:540)
	at com.ibm.db2.jcc.am.jb.&lt;init&gt;(jb.java:496)
	at com.ibm.db2.jcc.t4.b.&lt;init&gt;(b.java:308)
	at com.ibm.db2.jcc.DB2SimpleDataSource.getConnection(DB2SimpleDataSource.java:214)
	at com.ibm.db2.jcc.DB2Driver.connect(DB2Driver.java:224)
	at java.sql.DriverManager.getConnection(DriverManager.java:582)
	at java.sql.DriverManager.getConnection(DriverManager.java:154)
	at com.ibm.support.electronic.cache.TestHelper.getConnection(TestHelper.java:212)
	at com.ibm.support.electronic.cache.TestHelper.executeUpdate(TestHelper.java:179)
	at com.ibm.support.electronic.cache.TestHelper.clearDB(TestHelper.java:238)
	at com.ibm.support.electronic.cache.dao.CachedObjectDAOImplTest.tearDown(CachedObjectDAOImplTest.java:88)
Caused by: java.net.ConnectException: Connection refused
	at java.net.PlainSocketImpl.socketConnect(Native Method)
	at java.net.PlainSocketImpl.doConnect(PlainSocketImpl.java:333)
	at java.net.PlainSocketImpl.connectToAddress(PlainSocketImpl.java:195)
	at java.net.PlainSocketImpl.connect(PlainSocketImpl.java:182)
	at java.net.SocksSocketImpl.connect(SocksSocketImpl.java:366)
	at java.net.Socket.connect(Socket.java:529)
	at com.ibm.db2.jcc.t4.y.run(y.java:34)
	at java.security.AccessController.doPrivileged(Native Method)
	at com.ibm.db2.jcc.t4.xb.a(xb.java:372)
</error>
  </testcase>
  <testcase classname="com.ibm.support.electronic.cache.dao.CachedObjectDAOImplTest" name="testCtor_EmptyPassword" time="0.0050">
    <error message="[jcc][t4][2043][11550][3.57.82] Exception java.net.ConnectException : Erreur lors de l&apos;ouverture du socket vers le serveur /127.0.0.1 sur le port 50 000 avec le message : Connection refused. ERRORCODE=-4499, SQLSTATE=08001" type="com.ibm.db2.jcc.am.yn">com.ibm.db2.jcc.am.yn: [jcc][t4][2043][11550][3.57.82] Exception java.net.ConnectException : Erreur lors de l&apos;ouverture du socket vers le serveur /127.0.0.1 sur le port 50 000 avec le message : Connection refused. ERRORCODE=-4499, SQLSTATE=08001
	at com.ibm.db2.jcc.am.bd.a(bd.java:319)
	at com.ibm.db2.jcc.am.bd.a(bd.java:337)
	at com.ibm.db2.jcc.t4.xb.a(xb.java:378)
	at com.ibm.db2.jcc.t4.xb.&lt;init&gt;(xb.java:76)
	at com.ibm.db2.jcc.t4.a.y(a.java:263)
	at com.ibm.db2.jcc.t4.b.a(b.java:1787)
	at com.ibm.db2.jcc.am.jb.a(jb.java:540)
	at com.ibm.db2.jcc.am.jb.&lt;init&gt;(jb.java:496)
	at com.ibm.db2.jcc.t4.b.&lt;init&gt;(b.java:308)
	at com.ibm.db2.jcc.DB2SimpleDataSource.getConnection(DB2SimpleDataSource.java:214)
	at com.ibm.db2.jcc.DB2Driver.connect(DB2Driver.java:224)
	at java.sql.DriverManager.getConnection(DriverManager.java:582)
	at java.sql.DriverManager.getConnection(DriverManager.java:154)
	at com.ibm.support.electronic.cache.TestHelper.getConnection(TestHelper.java:212)
	at com.ibm.support.electronic.cache.TestHelper.executeUpdate(TestHelper.java:179)
	at com.ibm.support.electronic.cache.TestHelper.initDB(TestHelper.java:227)
	at com.ibm.support.electronic.cache.dao.CachedObjectDAOImplTest.setUp(CachedObjectDAOImplTest.java:74)
Caused by: java.net.ConnectException: Connection refused
	at java.net.PlainSocketImpl.socketConnect(Native Method)
	at java.net.PlainSocketImpl.doConnect(PlainSocketImpl.java:333)
	at java.net.PlainSocketImpl.connectToAddress(PlainSocketImpl.java:195)
	at java.net.PlainSocketImpl.connect(PlainSocketImpl.java:182)
	at java.net.SocksSocketImpl.connect(SocksSocketImpl.java:366)
	at java.net.Socket.connect(Socket.java:529)
	at com.ibm.db2.jcc.t4.y.run(y.java:34)
	at java.security.AccessController.doPrivileged(Native Method)
	at com.ibm.db2.jcc.t4.xb.a(xb.java:372)
</error>
    <error message="[jcc][t4][2043][11550][3.57.82] Exception java.net.ConnectException : Erreur lors de l&apos;ouverture du socket vers le serveur /127.0.0.1 sur le port 50 000 avec le message : Connection refused. ERRORCODE=-4499, SQLSTATE=08001" type="com.ibm.db2.jcc.am.yn">com.ibm.db2.jcc.am.yn: [jcc][t4][2043][11550][3.57.82] Exception java.net.ConnectException : Erreur lors de l&apos;ouverture du socket vers le serveur /127.0.0.1 sur le port 50 000 avec le message : Connection refused. ERRORCODE=-4499, SQLSTATE=08001
	at com.ibm.db2.jcc.am.bd.a(bd.java:319)
	at com.ibm.db2.jcc.am.bd.a(bd.java:337)
	at com.ibm.db2.jcc.t4.xb.a(xb.java:378)
	at com.ibm.db2.jcc.t4.xb.&lt;init&gt;(xb.java:76)
	at com.ibm.db2.jcc.t4.a.y(a.java:263)
	at com.ibm.db2.jcc.t4.b.a(b.java:1787)
	at com.ibm.db2.jcc.am.jb.a(jb.java:540)
	at com.ibm.db2.jcc.am.jb.&lt;init&gt;(jb.java:496)
	at com.ibm.db2.jcc.t4.b.&lt;init&gt;(b.java:308)
	at com.ibm.db2.jcc.DB2SimpleDataSource.getConnection(DB2SimpleDataSource.java:214)
	at com.ibm.db2.jcc.DB2Driver.connect(DB2Driver.java:224)
	at java.sql.DriverManager.getConnection(DriverManager.java:582)
	at java.sql.DriverManager.getConnection(DriverManager.java:154)
	at com.ibm.support.electronic.cache.TestHelper.getConnection(TestHelper.java:212)
	at com.ibm.support.electronic.cache.TestHelper.executeUpdate(TestHelper.java:179)
	at com.ibm.support.electronic.cache.TestHelper.clearDB(TestHelper.java:238)
	at com.ibm.support.electronic.cache.dao.CachedObjectDAOImplTest.tearDown(CachedObjectDAOImplTest.java:88)
Caused by: java.net.ConnectException: Connection refused
	at java.net.PlainSocketImpl.socketConnect(Native Method)
	at java.net.PlainSocketImpl.doConnect(PlainSocketImpl.java:333)
	at java.net.PlainSocketImpl.connectToAddress(PlainSocketImpl.java:195)
	at java.net.PlainSocketImpl.connect(PlainSocketImpl.java:182)
	at java.net.SocksSocketImpl.connect(SocksSocketImpl.java:366)
	at java.net.Socket.connect(Socket.java:529)
	at com.ibm.db2.jcc.t4.y.run(y.java:34)
	at java.security.AccessController.doPrivileged(Native Method)
	at com.ibm.db2.jcc.t4.xb.a(xb.java:372)
</error>
  </testcase>
  <testcase classname="com.ibm.support.electronic.cache.dao.CachedObjectDAOImplTest" name="testCtor_InvalidPassword" time="0.0090">
    <error message="[jcc][t4][2043][11550][3.57.82] Exception java.net.ConnectException : Erreur lors de l&apos;ouverture du socket vers le serveur /127.0.0.1 sur le port 50 000 avec le message : Connection refused. ERRORCODE=-4499, SQLSTATE=08001" type="com.ibm.db2.jcc.am.yn">com.ibm.db2.jcc.am.yn: [jcc][t4][2043][11550][3.57.82] Exception java.net.ConnectException : Erreur lors de l&apos;ouverture du socket vers le serveur /127.0.0.1 sur le port 50 000 avec le message : Connection refused. ERRORCODE=-4499, SQLSTATE=08001
	at com.ibm.db2.jcc.am.bd.a(bd.java:319)
	at com.ibm.db2.jcc.am.bd.a(bd.java:337)
	at com.ibm.db2.jcc.t4.xb.a(xb.java:378)
	at com.ibm.db2.jcc.t4.xb.&lt;init&gt;(xb.java:76)
	at com.ibm.db2.jcc.t4.a.y(a.java:263)
	at com.ibm.db2.jcc.t4.b.a(b.java:1787)
	at com.ibm.db2.jcc.am.jb.a(jb.java:540)
	at com.ibm.db2.jcc.am.jb.&lt;init&gt;(jb.java:496)
	at com.ibm.db2.jcc.t4.b.&lt;init&gt;(b.java:308)
	at com.ibm.db2.jcc.DB2SimpleDataSource.getConnection(DB2SimpleDataSource.java:214)
	at com.ibm.db2.jcc.DB2Driver.connect(DB2Driver.java:224)
	at java.sql.DriverManager.getConnection(DriverManager.java:582)
	at java.sql.DriverManager.getConnection(DriverManager.java:154)
	at com.ibm.support.electronic.cache.TestHelper.getConnection(TestHelper.java:212)
	at com.ibm.support.electronic.cache.TestHelper.executeUpdate(TestHelper.java:179)
	at com.ibm.support.electronic.cache.TestHelper.initDB(TestHelper.java:227)
	at com.ibm.support.electronic.cache.dao.CachedObjectDAOImplTest.setUp(CachedObjectDAOImplTest.java:74)
Caused by: java.net.ConnectException: Connection refused
	at java.net.PlainSocketImpl.socketConnect(Native Method)
	at java.net.PlainSocketImpl.doConnect(PlainSocketImpl.java:333)
	at java.net.PlainSocketImpl.connectToAddress(PlainSocketImpl.java:195)
	at java.net.PlainSocketImpl.connect(PlainSocketImpl.java:182)
	at java.net.SocksSocketImpl.connect(SocksSocketImpl.java:366)
	at java.net.Socket.connect(Socket.java:529)
	at com.ibm.db2.jcc.t4.y.run(y.java:34)
	at java.security.AccessController.doPrivileged(Native Method)
	at com.ibm.db2.jcc.t4.xb.a(xb.java:372)
</error>
    <error message="[jcc][t4][2043][11550][3.57.82] Exception java.net.ConnectException : Erreur lors de l&apos;ouverture du socket vers le serveur /127.0.0.1 sur le port 50 000 avec le message : Connection refused. ERRORCODE=-4499, SQLSTATE=08001" type="com.ibm.db2.jcc.am.yn">com.ibm.db2.jcc.am.yn: [jcc][t4][2043][11550][3.57.82] Exception java.net.ConnectException : Erreur lors de l&apos;ouverture du socket vers le serveur /127.0.0.1 sur le port 50 000 avec le message : Connection refused. ERRORCODE=-4499, SQLSTATE=08001
	at com.ibm.db2.jcc.am.bd.a(bd.java:319)
	at com.ibm.db2.jcc.am.bd.a(bd.java:337)
	at com.ibm.db2.jcc.t4.xb.a(xb.java:378)
	at com.ibm.db2.jcc.t4.xb.&lt;init&gt;(xb.java:76)
	at com.ibm.db2.jcc.t4.a.y(a.java:263)
	at com.ibm.db2.jcc.t4.b.a(b.java:1787)
	at com.ibm.db2.jcc.am.jb.a(jb.java:540)
	at com.ibm.db2.jcc.am.jb.&lt;init&gt;(jb.java:496)
	at com.ibm.db2.jcc.t4.b.&lt;init&gt;(b.java:308)
	at com.ibm.db2.jcc.DB2SimpleDataSource.getConnection(DB2SimpleDataSource.java:214)
	at com.ibm.db2.jcc.DB2Driver.connect(DB2Driver.java:224)
	at java.sql.DriverManager.getConnection(DriverManager.java:582)
	at java.sql.DriverManager.getConnection(DriverManager.java:154)
	at com.ibm.support.electronic.cache.TestHelper.getConnection(TestHelper.java:212)
	at com.ibm.support.electronic.cache.TestHelper.executeUpdate(TestHelper.java:179)
	at com.ibm.support.electronic.cache.TestHelper.clearDB(TestHelper.java:238)
	at com.ibm.support.electronic.cache.dao.CachedObjectDAOImplTest.tearDown(CachedObjectDAOImplTest.java:88)
Caused by: java.net.ConnectException: Connection refused
	at java.net.PlainSocketImpl.socketConnect(Native Method)
	at java.net.PlainSocketImpl.doConnect(PlainSocketImpl.java:333)
	at java.net.PlainSocketImpl.connectToAddress(PlainSocketImpl.java:195)
	at java.net.PlainSocketImpl.connect(PlainSocketImpl.java:182)
	at java.net.SocksSocketImpl.connect(SocksSocketImpl.java:366)
	at java.net.Socket.connect(Socket.java:529)
	at com.ibm.db2.jcc.t4.y.run(y.java:34)
	at java.security.AccessController.doPrivileged(Native Method)
	at com.ibm.db2.jcc.t4.xb.a(xb.java:372)
</error>
  </testcase>
  <testcase classname="com.ibm.support.electronic.cache.dao.CachedObjectDAOImplTest" name="testCtor_MissingUrl" time="0.0070">
    <error message="[jcc][t4][2043][11550][3.57.82] Exception java.net.ConnectException : Erreur lors de l&apos;ouverture du socket vers le serveur /127.0.0.1 sur le port 50 000 avec le message : Connection refused. ERRORCODE=-4499, SQLSTATE=08001" type="com.ibm.db2.jcc.am.yn">com.ibm.db2.jcc.am.yn: [jcc][t4][2043][11550][3.57.82] Exception java.net.ConnectException : Erreur lors de l&apos;ouverture du socket vers le serveur /127.0.0.1 sur le port 50 000 avec le message : Connection refused. ERRORCODE=-4499, SQLSTATE=08001
	at com.ibm.db2.jcc.am.bd.a(bd.java:319)
	at com.ibm.db2.jcc.am.bd.a(bd.java:337)
	at com.ibm.db2.jcc.t4.xb.a(xb.java:378)
	at com.ibm.db2.jcc.t4.xb.&lt;init&gt;(xb.java:76)
	at com.ibm.db2.jcc.t4.a.y(a.java:263)
	at com.ibm.db2.jcc.t4.b.a(b.java:1787)
	at com.ibm.db2.jcc.am.jb.a(jb.java:540)
	at com.ibm.db2.jcc.am.jb.&lt;init&gt;(jb.java:496)
	at com.ibm.db2.jcc.t4.b.&lt;init&gt;(b.java:308)
	at com.ibm.db2.jcc.DB2SimpleDataSource.getConnection(DB2SimpleDataSource.java:214)
	at com.ibm.db2.jcc.DB2Driver.connect(DB2Driver.java:224)
	at java.sql.DriverManager.getConnection(DriverManager.java:582)
	at java.sql.DriverManager.getConnection(DriverManager.java:154)
	at com.ibm.support.electronic.cache.TestHelper.getConnection(TestHelper.java:212)
	at com.ibm.support.electronic.cache.TestHelper.executeUpdate(TestHelper.java:179)
	at com.ibm.support.electronic.cache.TestHelper.initDB(TestHelper.java:227)
	at com.ibm.support.electronic.cache.dao.CachedObjectDAOImplTest.setUp(CachedObjectDAOImplTest.java:74)
Caused by: java.net.ConnectException: Connection refused
	at java.net.PlainSocketImpl.socketConnect(Native Method)
	at java.net.PlainSocketImpl.doConnect(PlainSocketImpl.java:333)
	at java.net.PlainSocketImpl.connectToAddress(PlainSocketImpl.java:195)
	at java.net.PlainSocketImpl.connect(PlainSocketImpl.java:182)
	at java.net.SocksSocketImpl.connect(SocksSocketImpl.java:366)
	at java.net.Socket.connect(Socket.java:529)
	at com.ibm.db2.jcc.t4.y.run(y.java:34)
	at java.security.AccessController.doPrivileged(Native Method)
	at com.ibm.db2.jcc.t4.xb.a(xb.java:372)
</error>
    <error message="[jcc][t4][2043][11550][3.57.82] Exception java.net.ConnectException : Erreur lors de l&apos;ouverture du socket vers le serveur /127.0.0.1 sur le port 50 000 avec le message : Connection refused. ERRORCODE=-4499, SQLSTATE=08001" type="com.ibm.db2.jcc.am.yn">com.ibm.db2.jcc.am.yn: [jcc][t4][2043][11550][3.57.82] Exception java.net.ConnectException : Erreur lors de l&apos;ouverture du socket vers le serveur /127.0.0.1 sur le port 50 000 avec le message : Connection refused. ERRORCODE=-4499, SQLSTATE=08001
	at com.ibm.db2.jcc.am.bd.a(bd.java:319)
	at com.ibm.db2.jcc.am.bd.a(bd.java:337)
	at com.ibm.db2.jcc.t4.xb.a(xb.java:378)
	at com.ibm.db2.jcc.t4.xb.&lt;init&gt;(xb.java:76)
	at com.ibm.db2.jcc.t4.a.y(a.java:263)
	at com.ibm.db2.jcc.t4.b.a(b.java:1787)
	at com.ibm.db2.jcc.am.jb.a(jb.java:540)
	at com.ibm.db2.jcc.am.jb.&lt;init&gt;(jb.java:496)
	at com.ibm.db2.jcc.t4.b.&lt;init&gt;(b.java:308)
	at com.ibm.db2.jcc.DB2SimpleDataSource.getConnection(DB2SimpleDataSource.java:214)
	at com.ibm.db2.jcc.DB2Driver.connect(DB2Driver.java:224)
	at java.sql.DriverManager.getConnection(DriverManager.java:582)
	at java.sql.DriverManager.getConnection(DriverManager.java:154)
	at com.ibm.support.electronic.cache.TestHelper.getConnection(TestHelper.java:212)
	at com.ibm.support.electronic.cache.TestHelper.executeUpdate(TestHelper.java:179)
	at com.ibm.support.electronic.cache.TestHelper.clearDB(TestHelper.java:238)
	at com.ibm.support.electronic.cache.dao.CachedObjectDAOImplTest.tearDown(CachedObjectDAOImplTest.java:88)
Caused by: java.net.ConnectException: Connection refused
	at java.net.PlainSocketImpl.socketConnect(Native Method)
	at java.net.PlainSocketImpl.doConnect(PlainSocketImpl.java:333)
	at java.net.PlainSocketImpl.connectToAddress(PlainSocketImpl.java:195)
	at java.net.PlainSocketImpl.connect(PlainSocketImpl.java:182)
	at java.net.SocksSocketImpl.connect(SocksSocketImpl.java:366)
	at java.net.Socket.connect(Socket.java:529)
	at com.ibm.db2.jcc.t4.y.run(y.java:34)
	at java.security.AccessController.doPrivileged(Native Method)
	at com.ibm.db2.jcc.t4.xb.a(xb.java:372)
</error>
  </testcase>
  <testcase classname="com.ibm.support.electronic.cache.dao.CachedObjectDAOImplTest" name="testCtor_EmptyUrl" time="0.0040">
    <error message="[jcc][t4][2043][11550][3.57.82] Exception java.net.ConnectException : Erreur lors de l&apos;ouverture du socket vers le serveur /127.0.0.1 sur le port 50 000 avec le message : Connection refused. ERRORCODE=-4499, SQLSTATE=08001" type="com.ibm.db2.jcc.am.yn">com.ibm.db2.jcc.am.yn: [jcc][t4][2043][11550][3.57.82] Exception java.net.ConnectException : Erreur lors de l&apos;ouverture du socket vers le serveur /127.0.0.1 sur le port 50 000 avec le message : Connection refused. ERRORCODE=-4499, SQLSTATE=08001
	at com.ibm.db2.jcc.am.bd.a(bd.java:319)
	at com.ibm.db2.jcc.am.bd.a(bd.java:337)
	at com.ibm.db2.jcc.t4.xb.a(xb.java:378)
	at com.ibm.db2.jcc.t4.xb.&lt;init&gt;(xb.java:76)
	at com.ibm.db2.jcc.t4.a.y(a.java:263)
	at com.ibm.db2.jcc.t4.b.a(b.java:1787)
	at com.ibm.db2.jcc.am.jb.a(jb.java:540)
	at com.ibm.db2.jcc.am.jb.&lt;init&gt;(jb.java:496)
	at com.ibm.db2.jcc.t4.b.&lt;init&gt;(b.java:308)
	at com.ibm.db2.jcc.DB2SimpleDataSource.getConnection(DB2SimpleDataSource.java:214)
	at com.ibm.db2.jcc.DB2Driver.connect(DB2Driver.java:224)
	at java.sql.DriverManager.getConnection(DriverManager.java:582)
	at java.sql.DriverManager.getConnection(DriverManager.java:154)
	at com.ibm.support.electronic.cache.TestHelper.getConnection(TestHelper.java:212)
	at com.ibm.support.electronic.cache.TestHelper.executeUpdate(TestHelper.java:179)
	at com.ibm.support.electronic.cache.TestHelper.initDB(TestHelper.java:227)
	at com.ibm.support.electronic.cache.dao.CachedObjectDAOImplTest.setUp(CachedObjectDAOImplTest.java:74)
Caused by: java.net.ConnectException: Connection refused
	at java.net.PlainSocketImpl.socketConnect(Native Method)
	at java.net.PlainSocketImpl.doConnect(PlainSocketImpl.java:333)
	at java.net.PlainSocketImpl.connectToAddress(PlainSocketImpl.java:195)
	at java.net.PlainSocketImpl.connect(PlainSocketImpl.java:182)
	at java.net.SocksSocketImpl.connect(SocksSocketImpl.java:366)
	at java.net.Socket.connect(Socket.java:529)
	at com.ibm.db2.jcc.t4.y.run(y.java:34)
	at java.security.AccessController.doPrivileged(Native Method)
	at com.ibm.db2.jcc.t4.xb.a(xb.java:372)
</error>
    <error message="[jcc][t4][2043][11550][3.57.82] Exception java.net.ConnectException : Erreur lors de l&apos;ouverture du socket vers le serveur /127.0.0.1 sur le port 50 000 avec le message : Connection refused. ERRORCODE=-4499, SQLSTATE=08001" type="com.ibm.db2.jcc.am.yn">com.ibm.db2.jcc.am.yn: [jcc][t4][2043][11550][3.57.82] Exception java.net.ConnectException : Erreur lors de l&apos;ouverture du socket vers le serveur /127.0.0.1 sur le port 50 000 avec le message : Connection refused. ERRORCODE=-4499, SQLSTATE=08001
	at com.ibm.db2.jcc.am.bd.a(bd.java:319)
	at com.ibm.db2.jcc.am.bd.a(bd.java:337)
	at com.ibm.db2.jcc.t4.xb.a(xb.java:378)
	at com.ibm.db2.jcc.t4.xb.&lt;init&gt;(xb.java:76)
	at com.ibm.db2.jcc.t4.a.y(a.java:263)
	at com.ibm.db2.jcc.t4.b.a(b.java:1787)
	at com.ibm.db2.jcc.am.jb.a(jb.java:540)
	at com.ibm.db2.jcc.am.jb.&lt;init&gt;(jb.java:496)
	at com.ibm.db2.jcc.t4.b.&lt;init&gt;(b.java:308)
	at com.ibm.db2.jcc.DB2SimpleDataSource.getConnection(DB2SimpleDataSource.java:214)
	at com.ibm.db2.jcc.DB2Driver.connect(DB2Driver.java:224)
	at java.sql.DriverManager.getConnection(DriverManager.java:582)
	at java.sql.DriverManager.getConnection(DriverManager.java:154)
	at com.ibm.support.electronic.cache.TestHelper.getConnection(TestHelper.java:212)
	at com.ibm.support.electronic.cache.TestHelper.executeUpdate(TestHelper.java:179)
	at com.ibm.support.electronic.cache.TestHelper.clearDB(TestHelper.java:238)
	at com.ibm.support.electronic.cache.dao.CachedObjectDAOImplTest.tearDown(CachedObjectDAOImplTest.java:88)
Caused by: java.net.ConnectException: Connection refused
	at java.net.PlainSocketImpl.socketConnect(Native Method)
	at java.net.PlainSocketImpl.doConnect(PlainSocketImpl.java:333)
	at java.net.PlainSocketImpl.connectToAddress(PlainSocketImpl.java:195)
	at java.net.PlainSocketImpl.connect(PlainSocketImpl.java:182)
	at java.net.SocksSocketImpl.connect(SocksSocketImpl.java:366)
	at java.net.Socket.connect(Socket.java:529)
	at com.ibm.db2.jcc.t4.y.run(y.java:34)
	at java.security.AccessController.doPrivileged(Native Method)
	at com.ibm.db2.jcc.t4.xb.a(xb.java:372)
</error>
  </testcase>
  <testcase classname="com.ibm.support.electronic.cache.dao.CachedObjectDAOImplTest" name="testCtor_InvalidUrl" time="0.0040">
    <error message="[jcc][t4][2043][11550][3.57.82] Exception java.net.ConnectException : Erreur lors de l&apos;ouverture du socket vers le serveur /127.0.0.1 sur le port 50 000 avec le message : Connection refused. ERRORCODE=-4499, SQLSTATE=08001" type="com.ibm.db2.jcc.am.yn">com.ibm.db2.jcc.am.yn: [jcc][t4][2043][11550][3.57.82] Exception java.net.ConnectException : Erreur lors de l&apos;ouverture du socket vers le serveur /127.0.0.1 sur le port 50 000 avec le message : Connection refused. ERRORCODE=-4499, SQLSTATE=08001
	at com.ibm.db2.jcc.am.bd.a(bd.java:319)
	at com.ibm.db2.jcc.am.bd.a(bd.java:337)
	at com.ibm.db2.jcc.t4.xb.a(xb.java:378)
	at com.ibm.db2.jcc.t4.xb.&lt;init&gt;(xb.java:76)
	at com.ibm.db2.jcc.t4.a.y(a.java:263)
	at com.ibm.db2.jcc.t4.b.a(b.java:1787)
	at com.ibm.db2.jcc.am.jb.a(jb.java:540)
	at com.ibm.db2.jcc.am.jb.&lt;init&gt;(jb.java:496)
	at com.ibm.db2.jcc.t4.b.&lt;init&gt;(b.java:308)
	at com.ibm.db2.jcc.DB2SimpleDataSource.getConnection(DB2SimpleDataSource.java:214)
	at com.ibm.db2.jcc.DB2Driver.connect(DB2Driver.java:224)
	at java.sql.DriverManager.getConnection(DriverManager.java:582)
	at java.sql.DriverManager.getConnection(DriverManager.java:154)
	at com.ibm.support.electronic.cache.TestHelper.getConnection(TestHelper.java:212)
	at com.ibm.support.electronic.cache.TestHelper.executeUpdate(TestHelper.java:179)
	at com.ibm.support.electronic.cache.TestHelper.initDB(TestHelper.java:227)
	at com.ibm.support.electronic.cache.dao.CachedObjectDAOImplTest.setUp(CachedObjectDAOImplTest.java:74)
Caused by: java.net.ConnectException: Connection refused
	at java.net.PlainSocketImpl.socketConnect(Native Method)
	at java.net.PlainSocketImpl.doConnect(PlainSocketImpl.java:333)
	at java.net.PlainSocketImpl.connectToAddress(PlainSocketImpl.java:195)
	at java.net.PlainSocketImpl.connect(PlainSocketImpl.java:182)
	at java.net.SocksSocketImpl.connect(SocksSocketImpl.java:366)
	at java.net.Socket.connect(Socket.java:529)
	at com.ibm.db2.jcc.t4.y.run(y.java:34)
	at java.security.AccessController.doPrivileged(Native Method)
	at com.ibm.db2.jcc.t4.xb.a(xb.java:372)
</error>
    <error message="[jcc][t4][2043][11550][3.57.82] Exception java.net.ConnectException : Erreur lors de l&apos;ouverture du socket vers le serveur /127.0.0.1 sur le port 50 000 avec le message : Connection refused. ERRORCODE=-4499, SQLSTATE=08001" type="com.ibm.db2.jcc.am.yn">com.ibm.db2.jcc.am.yn: [jcc][t4][2043][11550][3.57.82] Exception java.net.ConnectException : Erreur lors de l&apos;ouverture du socket vers le serveur /127.0.0.1 sur le port 50 000 avec le message : Connection refused. ERRORCODE=-4499, SQLSTATE=08001
	at com.ibm.db2.jcc.am.bd.a(bd.java:319)
	at com.ibm.db2.jcc.am.bd.a(bd.java:337)
	at com.ibm.db2.jcc.t4.xb.a(xb.java:378)
	at com.ibm.db2.jcc.t4.xb.&lt;init&gt;(xb.java:76)
	at com.ibm.db2.jcc.t4.a.y(a.java:263)
	at com.ibm.db2.jcc.t4.b.a(b.java:1787)
	at com.ibm.db2.jcc.am.jb.a(jb.java:540)
	at com.ibm.db2.jcc.am.jb.&lt;init&gt;(jb.java:496)
	at com.ibm.db2.jcc.t4.b.&lt;init&gt;(b.java:308)
	at com.ibm.db2.jcc.DB2SimpleDataSource.getConnection(DB2SimpleDataSource.java:214)
	at com.ibm.db2.jcc.DB2Driver.connect(DB2Driver.java:224)
	at java.sql.DriverManager.getConnection(DriverManager.java:582)
	at java.sql.DriverManager.getConnection(DriverManager.java:154)
	at com.ibm.support.electronic.cache.TestHelper.getConnection(TestHelper.java:212)
	at com.ibm.support.electronic.cache.TestHelper.executeUpdate(TestHelper.java:179)
	at com.ibm.support.electronic.cache.TestHelper.clearDB(TestHelper.java:238)
	at com.ibm.support.electronic.cache.dao.CachedObjectDAOImplTest.tearDown(CachedObjectDAOImplTest.java:88)
Caused by: java.net.ConnectException: Connection refused
	at java.net.PlainSocketImpl.socketConnect(Native Method)
	at java.net.PlainSocketImpl.doConnect(PlainSocketImpl.java:333)
	at java.net.PlainSocketImpl.connectToAddress(PlainSocketImpl.java:195)
	at java.net.PlainSocketImpl.connect(PlainSocketImpl.java:182)
	at java.net.SocksSocketImpl.connect(SocksSocketImpl.java:366)
	at java.net.Socket.connect(Socket.java:529)
	at com.ibm.db2.jcc.t4.y.run(y.java:34)
	at java.security.AccessController.doPrivileged(Native Method)
	at com.ibm.db2.jcc.t4.xb.a(xb.java:372)
</error>
  </testcase>
  <testcase classname="com.ibm.support.electronic.cache.dao.CachedObjectDAOImplTest" name="testCtor_EmptyDriver" time="0.0040">
    <error message="[jcc][t4][2043][11550][3.57.82] Exception java.net.ConnectException : Erreur lors de l&apos;ouverture du socket vers le serveur /127.0.0.1 sur le port 50 000 avec le message : Connection refused. ERRORCODE=-4499, SQLSTATE=08001" type="com.ibm.db2.jcc.am.yn">com.ibm.db2.jcc.am.yn: [jcc][t4][2043][11550][3.57.82] Exception java.net.ConnectException : Erreur lors de l&apos;ouverture du socket vers le serveur /127.0.0.1 sur le port 50 000 avec le message : Connection refused. ERRORCODE=-4499, SQLSTATE=08001
	at com.ibm.db2.jcc.am.bd.a(bd.java:319)
	at com.ibm.db2.jcc.am.bd.a(bd.java:337)
	at com.ibm.db2.jcc.t4.xb.a(xb.java:378)
	at com.ibm.db2.jcc.t4.xb.&lt;init&gt;(xb.java:76)
	at com.ibm.db2.jcc.t4.a.y(a.java:263)
	at com.ibm.db2.jcc.t4.b.a(b.java:1787)
	at com.ibm.db2.jcc.am.jb.a(jb.java:540)
	at com.ibm.db2.jcc.am.jb.&lt;init&gt;(jb.java:496)
	at com.ibm.db2.jcc.t4.b.&lt;init&gt;(b.java:308)
	at com.ibm.db2.jcc.DB2SimpleDataSource.getConnection(DB2SimpleDataSource.java:214)
	at com.ibm.db2.jcc.DB2Driver.connect(DB2Driver.java:224)
	at java.sql.DriverManager.getConnection(DriverManager.java:582)
	at java.sql.DriverManager.getConnection(DriverManager.java:154)
	at com.ibm.support.electronic.cache.TestHelper.getConnection(TestHelper.java:212)
	at com.ibm.support.electronic.cache.TestHelper.executeUpdate(TestHelper.java:179)
	at com.ibm.support.electronic.cache.TestHelper.initDB(TestHelper.java:227)
	at com.ibm.support.electronic.cache.dao.CachedObjectDAOImplTest.setUp(CachedObjectDAOImplTest.java:74)
Caused by: java.net.ConnectException: Connection refused
	at java.net.PlainSocketImpl.socketConnect(Native Method)
	at java.net.PlainSocketImpl.doConnect(PlainSocketImpl.java:333)
	at java.net.PlainSocketImpl.connectToAddress(PlainSocketImpl.java:195)
	at java.net.PlainSocketImpl.connect(PlainSocketImpl.java:182)
	at java.net.SocksSocketImpl.connect(SocksSocketImpl.java:366)
	at java.net.Socket.connect(Socket.java:529)
	at com.ibm.db2.jcc.t4.y.run(y.java:34)
	at java.security.AccessController.doPrivileged(Native Method)
	at com.ibm.db2.jcc.t4.xb.a(xb.java:372)
</error>
    <error message="[jcc][t4][2043][11550][3.57.82] Exception java.net.ConnectException : Erreur lors de l&apos;ouverture du socket vers le serveur /127.0.0.1 sur le port 50 000 avec le message : Connection refused. ERRORCODE=-4499, SQLSTATE=08001" type="com.ibm.db2.jcc.am.yn">com.ibm.db2.jcc.am.yn: [jcc][t4][2043][11550][3.57.82] Exception java.net.ConnectException : Erreur lors de l&apos;ouverture du socket vers le serveur /127.0.0.1 sur le port 50 000 avec le message : Connection refused. ERRORCODE=-4499, SQLSTATE=08001
	at com.ibm.db2.jcc.am.bd.a(bd.java:319)
	at com.ibm.db2.jcc.am.bd.a(bd.java:337)
	at com.ibm.db2.jcc.t4.xb.a(xb.java:378)
	at com.ibm.db2.jcc.t4.xb.&lt;init&gt;(xb.java:76)
	at com.ibm.db2.jcc.t4.a.y(a.java:263)
	at com.ibm.db2.jcc.t4.b.a(b.java:1787)
	at com.ibm.db2.jcc.am.jb.a(jb.java:540)
	at com.ibm.db2.jcc.am.jb.&lt;init&gt;(jb.java:496)
	at com.ibm.db2.jcc.t4.b.&lt;init&gt;(b.java:308)
	at com.ibm.db2.jcc.DB2SimpleDataSource.getConnection(DB2SimpleDataSource.java:214)
	at com.ibm.db2.jcc.DB2Driver.connect(DB2Driver.java:224)
	at java.sql.DriverManager.getConnection(DriverManager.java:582)
	at java.sql.DriverManager.getConnection(DriverManager.java:154)
	at com.ibm.support.electronic.cache.TestHelper.getConnection(TestHelper.java:212)
	at com.ibm.support.electronic.cache.TestHelper.executeUpdate(TestHelper.java:179)
	at com.ibm.support.electronic.cache.TestHelper.clearDB(TestHelper.java:238)
	at com.ibm.support.electronic.cache.dao.CachedObjectDAOImplTest.tearDown(CachedObjectDAOImplTest.java:88)
Caused by: java.net.ConnectException: Connection refused
	at java.net.PlainSocketImpl.socketConnect(Native Method)
	at java.net.PlainSocketImpl.doConnect(PlainSocketImpl.java:333)
	at java.net.PlainSocketImpl.connectToAddress(PlainSocketImpl.java:195)
	at java.net.PlainSocketImpl.connect(PlainSocketImpl.java:182)
	at java.net.SocksSocketImpl.connect(SocksSocketImpl.java:366)
	at java.net.Socket.connect(Socket.java:529)
	at com.ibm.db2.jcc.t4.y.run(y.java:34)
	at java.security.AccessController.doPrivileged(Native Method)
	at com.ibm.db2.jcc.t4.xb.a(xb.java:372)
</error>
  </testcase>
  <testcase classname="com.ibm.support.electronic.cache.dao.CachedObjectDAOImplTest" name="testCtor_InvalidDriver" time="0.0040">
    <error message="[jcc][t4][2043][11550][3.57.82] Exception java.net.ConnectException : Erreur lors de l&apos;ouverture du socket vers le serveur /127.0.0.1 sur le port 50 000 avec le message : Connection refused. ERRORCODE=-4499, SQLSTATE=08001" type="com.ibm.db2.jcc.am.yn">com.ibm.db2.jcc.am.yn: [jcc][t4][2043][11550][3.57.82] Exception java.net.ConnectException : Erreur lors de l&apos;ouverture du socket vers le serveur /127.0.0.1 sur le port 50 000 avec le message : Connection refused. ERRORCODE=-4499, SQLSTATE=08001
	at com.ibm.db2.jcc.am.bd.a(bd.java:319)
	at com.ibm.db2.jcc.am.bd.a(bd.java:337)
	at com.ibm.db2.jcc.t4.xb.a(xb.java:378)
	at com.ibm.db2.jcc.t4.xb.&lt;init&gt;(xb.java:76)
	at com.ibm.db2.jcc.t4.a.y(a.java:263)
	at com.ibm.db2.jcc.t4.b.a(b.java:1787)
	at com.ibm.db2.jcc.am.jb.a(jb.java:540)
	at com.ibm.db2.jcc.am.jb.&lt;init&gt;(jb.java:496)
	at com.ibm.db2.jcc.t4.b.&lt;init&gt;(b.java:308)
	at com.ibm.db2.jcc.DB2SimpleDataSource.getConnection(DB2SimpleDataSource.java:214)
	at com.ibm.db2.jcc.DB2Driver.connect(DB2Driver.java:224)
	at java.sql.DriverManager.getConnection(DriverManager.java:582)
	at java.sql.DriverManager.getConnection(DriverManager.java:154)
	at com.ibm.support.electronic.cache.TestHelper.getConnection(TestHelper.java:212)
	at com.ibm.support.electronic.cache.TestHelper.executeUpdate(TestHelper.java:179)
	at com.ibm.support.electronic.cache.TestHelper.initDB(TestHelper.java:227)
	at com.ibm.support.electronic.cache.dao.CachedObjectDAOImplTest.setUp(CachedObjectDAOImplTest.java:74)
Caused by: java.net.ConnectException: Connection refused
	at java.net.PlainSocketImpl.socketConnect(Native Method)
	at java.net.PlainSocketImpl.doConnect(PlainSocketImpl.java:333)
	at java.net.PlainSocketImpl.connectToAddress(PlainSocketImpl.java:195)
	at java.net.PlainSocketImpl.connect(PlainSocketImpl.java:182)
	at java.net.SocksSocketImpl.connect(SocksSocketImpl.java:366)
	at java.net.Socket.connect(Socket.java:529)
	at com.ibm.db2.jcc.t4.y.run(y.java:34)
	at java.security.AccessController.doPrivileged(Native Method)
	at com.ibm.db2.jcc.t4.xb.a(xb.java:372)
</error>
    <error message="[jcc][t4][2043][11550][3.57.82] Exception java.net.ConnectException : Erreur lors de l&apos;ouverture du socket vers le serveur /127.0.0.1 sur le port 50 000 avec le message : Connection refused. ERRORCODE=-4499, SQLSTATE=08001" type="com.ibm.db2.jcc.am.yn">com.ibm.db2.jcc.am.yn: [jcc][t4][2043][11550][3.57.82] Exception java.net.ConnectException : Erreur lors de l&apos;ouverture du socket vers le serveur /127.0.0.1 sur le port 50 000 avec le message : Connection refused. ERRORCODE=-4499, SQLSTATE=08001
	at com.ibm.db2.jcc.am.bd.a(bd.java:319)
	at com.ibm.db2.jcc.am.bd.a(bd.java:337)
	at com.ibm.db2.jcc.t4.xb.a(xb.java:378)
	at com.ibm.db2.jcc.t4.xb.&lt;init&gt;(xb.java:76)
	at com.ibm.db2.jcc.t4.a.y(a.java:263)
	at com.ibm.db2.jcc.t4.b.a(b.java:1787)
	at com.ibm.db2.jcc.am.jb.a(jb.java:540)
	at com.ibm.db2.jcc.am.jb.&lt;init&gt;(jb.java:496)
	at com.ibm.db2.jcc.t4.b.&lt;init&gt;(b.java:308)
	at com.ibm.db2.jcc.DB2SimpleDataSource.getConnection(DB2SimpleDataSource.java:214)
	at com.ibm.db2.jcc.DB2Driver.connect(DB2Driver.java:224)
	at java.sql.DriverManager.getConnection(DriverManager.java:582)
	at java.sql.DriverManager.getConnection(DriverManager.java:154)
	at com.ibm.support.electronic.cache.TestHelper.getConnection(TestHelper.java:212)
	at com.ibm.support.electronic.cache.TestHelper.executeUpdate(TestHelper.java:179)
	at com.ibm.support.electronic.cache.TestHelper.clearDB(TestHelper.java:238)
	at com.ibm.support.electronic.cache.dao.CachedObjectDAOImplTest.tearDown(CachedObjectDAOImplTest.java:88)
Caused by: java.net.ConnectException: Connection refused
	at java.net.PlainSocketImpl.socketConnect(Native Method)
	at java.net.PlainSocketImpl.doConnect(PlainSocketImpl.java:333)
	at java.net.PlainSocketImpl.connectToAddress(PlainSocketImpl.java:195)
	at java.net.PlainSocketImpl.connect(PlainSocketImpl.java:182)
	at java.net.SocksSocketImpl.connect(SocksSocketImpl.java:366)
	at java.net.Socket.connect(Socket.java:529)
	at com.ibm.db2.jcc.t4.y.run(y.java:34)
	at java.security.AccessController.doPrivileged(Native Method)
	at com.ibm.db2.jcc.t4.xb.a(xb.java:372)
</error>
  </testcase>
  <testcase classname="com.ibm.support.electronic.cache.dao.CachedObjectDAOImplTest" name="testCtor_DriverNotFound" time="0.0040">
    <error message="[jcc][t4][2043][11550][3.57.82] Exception java.net.ConnectException : Erreur lors de l&apos;ouverture du socket vers le serveur /127.0.0.1 sur le port 50 000 avec le message : Connection refused. ERRORCODE=-4499, SQLSTATE=08001" type="com.ibm.db2.jcc.am.yn">com.ibm.db2.jcc.am.yn: [jcc][t4][2043][11550][3.57.82] Exception java.net.ConnectException : Erreur lors de l&apos;ouverture du socket vers le serveur /127.0.0.1 sur le port 50 000 avec le message : Connection refused. ERRORCODE=-4499, SQLSTATE=08001
	at com.ibm.db2.jcc.am.bd.a(bd.java:319)
	at com.ibm.db2.jcc.am.bd.a(bd.java:337)
	at com.ibm.db2.jcc.t4.xb.a(xb.java:378)
	at com.ibm.db2.jcc.t4.xb.&lt;init&gt;(xb.java:76)
	at com.ibm.db2.jcc.t4.a.y(a.java:263)
	at com.ibm.db2.jcc.t4.b.a(b.java:1787)
	at com.ibm.db2.jcc.am.jb.a(jb.java:540)
	at com.ibm.db2.jcc.am.jb.&lt;init&gt;(jb.java:496)
	at com.ibm.db2.jcc.t4.b.&lt;init&gt;(b.java:308)
	at com.ibm.db2.jcc.DB2SimpleDataSource.getConnection(DB2SimpleDataSource.java:214)
	at com.ibm.db2.jcc.DB2Driver.connect(DB2Driver.java:224)
	at java.sql.DriverManager.getConnection(DriverManager.java:582)
	at java.sql.DriverManager.getConnection(DriverManager.java:154)
	at com.ibm.support.electronic.cache.TestHelper.getConnection(TestHelper.java:212)
	at com.ibm.support.electronic.cache.TestHelper.executeUpdate(TestHelper.java:179)
	at com.ibm.support.electronic.cache.TestHelper.initDB(TestHelper.java:227)
	at com.ibm.support.electronic.cache.dao.CachedObjectDAOImplTest.setUp(CachedObjectDAOImplTest.java:74)
Caused by: java.net.ConnectException: Connection refused
	at java.net.PlainSocketImpl.socketConnect(Native Method)
	at java.net.PlainSocketImpl.doConnect(PlainSocketImpl.java:333)
	at java.net.PlainSocketImpl.connectToAddress(PlainSocketImpl.java:195)
	at java.net.PlainSocketImpl.connect(PlainSocketImpl.java:182)
	at java.net.SocksSocketImpl.connect(SocksSocketImpl.java:366)
	at java.net.Socket.connect(Socket.java:529)
	at com.ibm.db2.jcc.t4.y.run(y.java:34)
	at java.security.AccessController.doPrivileged(Native Method)
	at com.ibm.db2.jcc.t4.xb.a(xb.java:372)
</error>
    <error message="[jcc][t4][2043][11550][3.57.82] Exception java.net.ConnectException : Erreur lors de l&apos;ouverture du socket vers le serveur /127.0.0.1 sur le port 50 000 avec le message : Connection refused. ERRORCODE=-4499, SQLSTATE=08001" type="com.ibm.db2.jcc.am.yn">com.ibm.db2.jcc.am.yn: [jcc][t4][2043][11550][3.57.82] Exception java.net.ConnectException : Erreur lors de l&apos;ouverture du socket vers le serveur /127.0.0.1 sur le port 50 000 avec le message : Connection refused. ERRORCODE=-4499, SQLSTATE=08001
	at com.ibm.db2.jcc.am.bd.a(bd.java:319)
	at com.ibm.db2.jcc.am.bd.a(bd.java:337)
	at com.ibm.db2.jcc.t4.xb.a(xb.java:378)
	at com.ibm.db2.jcc.t4.xb.&lt;init&gt;(xb.java:76)
	at com.ibm.db2.jcc.t4.a.y(a.java:263)
	at com.ibm.db2.jcc.t4.b.a(b.java:1787)
	at com.ibm.db2.jcc.am.jb.a(jb.java:540)
	at com.ibm.db2.jcc.am.jb.&lt;init&gt;(jb.java:496)
	at com.ibm.db2.jcc.t4.b.&lt;init&gt;(b.java:308)
	at com.ibm.db2.jcc.DB2SimpleDataSource.getConnection(DB2SimpleDataSource.java:214)
	at com.ibm.db2.jcc.DB2Driver.connect(DB2Driver.java:224)
	at java.sql.DriverManager.getConnection(DriverManager.java:582)
	at java.sql.DriverManager.getConnection(DriverManager.java:154)
	at com.ibm.support.electronic.cache.TestHelper.getConnection(TestHelper.java:212)
	at com.ibm.support.electronic.cache.TestHelper.executeUpdate(TestHelper.java:179)
	at com.ibm.support.electronic.cache.TestHelper.clearDB(TestHelper.java:238)
	at com.ibm.support.electronic.cache.dao.CachedObjectDAOImplTest.tearDown(CachedObjectDAOImplTest.java:88)
Caused by: java.net.ConnectException: Connection refused
	at java.net.PlainSocketImpl.socketConnect(Native Method)
	at java.net.PlainSocketImpl.doConnect(PlainSocketImpl.java:333)
	at java.net.PlainSocketImpl.connectToAddress(PlainSocketImpl.java:195)
	at java.net.PlainSocketImpl.connect(PlainSocketImpl.java:182)
	at java.net.SocksSocketImpl.connect(SocksSocketImpl.java:366)
	at java.net.Socket.connect(Socket.java:529)
	at com.ibm.db2.jcc.t4.y.run(y.java:34)
	at java.security.AccessController.doPrivileged(Native Method)
	at com.ibm.db2.jcc.t4.xb.a(xb.java:372)
</error>
  </testcase>
  <testcase classname="com.ibm.support.electronic.cache.dao.CachedObjectDAOImplTest" name="testDeleteByCacheSet" time="0.017">
    <error message="[jcc][t4][2043][11550][3.57.82] Exception java.net.ConnectException : Erreur lors de l&apos;ouverture du socket vers le serveur /127.0.0.1 sur le port 50 000 avec le message : Connection refused. ERRORCODE=-4499, SQLSTATE=08001" type="com.ibm.db2.jcc.am.yn">com.ibm.db2.jcc.am.yn: [jcc][t4][2043][11550][3.57.82] Exception java.net.ConnectException : Erreur lors de l&apos;ouverture du socket vers le serveur /127.0.0.1 sur le port 50 000 avec le message : Connection refused. ERRORCODE=-4499, SQLSTATE=08001
	at com.ibm.db2.jcc.am.bd.a(bd.java:319)
	at com.ibm.db2.jcc.am.bd.a(bd.java:337)
	at com.ibm.db2.jcc.t4.xb.a(xb.java:378)
	at com.ibm.db2.jcc.t4.xb.&lt;init&gt;(xb.java:76)
	at com.ibm.db2.jcc.t4.a.y(a.java:263)
	at com.ibm.db2.jcc.t4.b.a(b.java:1787)
	at com.ibm.db2.jcc.am.jb.a(jb.java:540)
	at com.ibm.db2.jcc.am.jb.&lt;init&gt;(jb.java:496)
	at com.ibm.db2.jcc.t4.b.&lt;init&gt;(b.java:308)
	at com.ibm.db2.jcc.DB2SimpleDataSource.getConnection(DB2SimpleDataSource.java:214)
	at com.ibm.db2.jcc.DB2Driver.connect(DB2Driver.java:224)
	at java.sql.DriverManager.getConnection(DriverManager.java:582)
	at java.sql.DriverManager.getConnection(DriverManager.java:154)
	at com.ibm.support.electronic.cache.TestHelper.getConnection(TestHelper.java:212)
	at com.ibm.support.electronic.cache.TestHelper.executeUpdate(TestHelper.java:179)
	at com.ibm.support.electronic.cache.TestHelper.initDB(TestHelper.java:227)
	at com.ibm.support.electronic.cache.dao.CachedObjectDAOImplTest.setUp(CachedObjectDAOImplTest.java:74)
Caused by: java.net.ConnectException: Connection refused
	at java.net.PlainSocketImpl.socketConnect(Native Method)
	at java.net.PlainSocketImpl.doConnect(PlainSocketImpl.java:333)
	at java.net.PlainSocketImpl.connectToAddress(PlainSocketImpl.java:195)
	at java.net.PlainSocketImpl.connect(PlainSocketImpl.java:182)
	at java.net.SocksSocketImpl.connect(SocksSocketImpl.java:366)
	at java.net.Socket.connect(Socket.java:529)
	at com.ibm.db2.jcc.t4.y.run(y.java:34)
	at java.security.AccessController.doPrivileged(Native Method)
	at com.ibm.db2.jcc.t4.xb.a(xb.java:372)
</error>
    <error message="[jcc][t4][2043][11550][3.57.82] Exception java.net.ConnectException : Erreur lors de l&apos;ouverture du socket vers le serveur /127.0.0.1 sur le port 50 000 avec le message : Connection refused. ERRORCODE=-4499, SQLSTATE=08001" type="com.ibm.db2.jcc.am.yn">com.ibm.db2.jcc.am.yn: [jcc][t4][2043][11550][3.57.82] Exception java.net.ConnectException : Erreur lors de l&apos;ouverture du socket vers le serveur /127.0.0.1 sur le port 50 000 avec le message : Connection refused. ERRORCODE=-4499, SQLSTATE=08001
	at com.ibm.db2.jcc.am.bd.a(bd.java:319)
	at com.ibm.db2.jcc.am.bd.a(bd.java:337)
	at com.ibm.db2.jcc.t4.xb.a(xb.java:378)
	at com.ibm.db2.jcc.t4.xb.&lt;init&gt;(xb.java:76)
	at com.ibm.db2.jcc.t4.a.y(a.java:263)
	at com.ibm.db2.jcc.t4.b.a(b.java:1787)
	at com.ibm.db2.jcc.am.jb.a(jb.java:540)
	at com.ibm.db2.jcc.am.jb.&lt;init&gt;(jb.java:496)
	at com.ibm.db2.jcc.t4.b.&lt;init&gt;(b.java:308)
	at com.ibm.db2.jcc.DB2SimpleDataSource.getConnection(DB2SimpleDataSource.java:214)
	at com.ibm.db2.jcc.DB2Driver.connect(DB2Driver.java:224)
	at java.sql.DriverManager.getConnection(DriverManager.java:582)
	at java.sql.DriverManager.getConnection(DriverManager.java:154)
	at com.ibm.support.electronic.cache.TestHelper.getConnection(TestHelper.java:212)
	at com.ibm.support.electronic.cache.TestHelper.executeUpdate(TestHelper.java:179)
	at com.ibm.support.electronic.cache.TestHelper.clearDB(TestHelper.java:238)
	at com.ibm.support.electronic.cache.dao.CachedObjectDAOImplTest.tearDown(CachedObjectDAOImplTest.java:88)
Caused by: java.net.ConnectException: Connection refused
	at java.net.PlainSocketImpl.socketConnect(Native Method)
	at java.net.PlainSocketImpl.doConnect(PlainSocketImpl.java:333)
	at java.net.PlainSocketImpl.connectToAddress(PlainSocketImpl.java:195)
	at java.net.PlainSocketImpl.connect(PlainSocketImpl.java:182)
	at java.net.SocksSocketImpl.connect(SocksSocketImpl.java:366)
	at java.net.Socket.connect(Socket.java:529)
	at com.ibm.db2.jcc.t4.y.run(y.java:34)
	at java.security.AccessController.doPrivileged(Native Method)
	at com.ibm.db2.jcc.t4.xb.a(xb.java:372)
</error>
  </testcase>
  <testcase classname="com.ibm.support.electronic.cache.dao.CachedObjectDAOImplTest" name="testDeleteByCacheSet_NullCacheSetName" time="0.0040">
    <error message="[jcc][t4][2043][11550][3.57.82] Exception java.net.ConnectException : Erreur lors de l&apos;ouverture du socket vers le serveur /127.0.0.1 sur le port 50 000 avec le message : Connection refused. ERRORCODE=-4499, SQLSTATE=08001" type="com.ibm.db2.jcc.am.yn">com.ibm.db2.jcc.am.yn: [jcc][t4][2043][11550][3.57.82] Exception java.net.ConnectException : Erreur lors de l&apos;ouverture du socket vers le serveur /127.0.0.1 sur le port 50 000 avec le message : Connection refused. ERRORCODE=-4499, SQLSTATE=08001
	at com.ibm.db2.jcc.am.bd.a(bd.java:319)
	at com.ibm.db2.jcc.am.bd.a(bd.java:337)
	at com.ibm.db2.jcc.t4.xb.a(xb.java:378)
	at com.ibm.db2.jcc.t4.xb.&lt;init&gt;(xb.java:76)
	at com.ibm.db2.jcc.t4.a.y(a.java:263)
	at com.ibm.db2.jcc.t4.b.a(b.java:1787)
	at com.ibm.db2.jcc.am.jb.a(jb.java:540)
	at com.ibm.db2.jcc.am.jb.&lt;init&gt;(jb.java:496)
	at com.ibm.db2.jcc.t4.b.&lt;init&gt;(b.java:308)
	at com.ibm.db2.jcc.DB2SimpleDataSource.getConnection(DB2SimpleDataSource.java:214)
	at com.ibm.db2.jcc.DB2Driver.connect(DB2Driver.java:224)
	at java.sql.DriverManager.getConnection(DriverManager.java:582)
	at java.sql.DriverManager.getConnection(DriverManager.java:154)
	at com.ibm.support.electronic.cache.TestHelper.getConnection(TestHelper.java:212)
	at com.ibm.support.electronic.cache.TestHelper.executeUpdate(TestHelper.java:179)
	at com.ibm.support.electronic.cache.TestHelper.initDB(TestHelper.java:227)
	at com.ibm.support.electronic.cache.dao.CachedObjectDAOImplTest.setUp(CachedObjectDAOImplTest.java:74)
Caused by: java.net.ConnectException: Connection refused
	at java.net.PlainSocketImpl.socketConnect(Native Method)
	at java.net.PlainSocketImpl.doConnect(PlainSocketImpl.java:333)
	at java.net.PlainSocketImpl.connectToAddress(PlainSocketImpl.java:195)
	at java.net.PlainSocketImpl.connect(PlainSocketImpl.java:182)
	at java.net.SocksSocketImpl.connect(SocksSocketImpl.java:366)
	at java.net.Socket.connect(Socket.java:529)
	at com.ibm.db2.jcc.t4.y.run(y.java:34)
	at java.security.AccessController.doPrivileged(Native Method)
	at com.ibm.db2.jcc.t4.xb.a(xb.java:372)
</error>
    <error message="[jcc][t4][2043][11550][3.57.82] Exception java.net.ConnectException : Erreur lors de l&apos;ouverture du socket vers le serveur /127.0.0.1 sur le port 50 000 avec le message : Connection refused. ERRORCODE=-4499, SQLSTATE=08001" type="com.ibm.db2.jcc.am.yn">com.ibm.db2.jcc.am.yn: [jcc][t4][2043][11550][3.57.82] Exception java.net.ConnectException : Erreur lors de l&apos;ouverture du socket vers le serveur /127.0.0.1 sur le port 50 000 avec le message : Connection refused. ERRORCODE=-4499, SQLSTATE=08001
	at com.ibm.db2.jcc.am.bd.a(bd.java:319)
	at com.ibm.db2.jcc.am.bd.a(bd.java:337)
	at com.ibm.db2.jcc.t4.xb.a(xb.java:378)
	at com.ibm.db2.jcc.t4.xb.&lt;init&gt;(xb.java:76)
	at com.ibm.db2.jcc.t4.a.y(a.java:263)
	at com.ibm.db2.jcc.t4.b.a(b.java:1787)
	at com.ibm.db2.jcc.am.jb.a(jb.java:540)
	at com.ibm.db2.jcc.am.jb.&lt;init&gt;(jb.java:496)
	at com.ibm.db2.jcc.t4.b.&lt;init&gt;(b.java:308)
	at com.ibm.db2.jcc.DB2SimpleDataSource.getConnection(DB2SimpleDataSource.java:214)
	at com.ibm.db2.jcc.DB2Driver.connect(DB2Driver.java:224)
	at java.sql.DriverManager.getConnection(DriverManager.java:582)
	at java.sql.DriverManager.getConnection(DriverManager.java:154)
	at com.ibm.support.electronic.cache.TestHelper.getConnection(TestHelper.java:212)
	at com.ibm.support.electronic.cache.TestHelper.executeUpdate(TestHelper.java:179)
	at com.ibm.support.electronic.cache.TestHelper.clearDB(TestHelper.java:238)
	at com.ibm.support.electronic.cache.dao.CachedObjectDAOImplTest.tearDown(CachedObjectDAOImplTest.java:88)
Caused by: java.net.ConnectException: Connection refused
	at java.net.PlainSocketImpl.socketConnect(Native Method)
	at java.net.PlainSocketImpl.doConnect(PlainSocketImpl.java:333)
	at java.net.PlainSocketImpl.connectToAddress(PlainSocketImpl.java:195)
	at java.net.PlainSocketImpl.connect(PlainSocketImpl.java:182)
	at java.net.SocksSocketImpl.connect(SocksSocketImpl.java:366)
	at java.net.Socket.connect(Socket.java:529)
	at com.ibm.db2.jcc.t4.y.run(y.java:34)
	at java.security.AccessController.doPrivileged(Native Method)
	at com.ibm.db2.jcc.t4.xb.a(xb.java:372)
</error>
  </testcase>
  <testcase classname="com.ibm.support.electronic.cache.dao.CachedObjectDAOImplTest" name="testDeleteByCacheSet_EmptyCacheSetName" time="0.0060">
    <error message="[jcc][t4][2043][11550][3.57.82] Exception java.net.ConnectException : Erreur lors de l&apos;ouverture du socket vers le serveur /127.0.0.1 sur le port 50 000 avec le message : Connection refused. ERRORCODE=-4499, SQLSTATE=08001" type="com.ibm.db2.jcc.am.yn">com.ibm.db2.jcc.am.yn: [jcc][t4][2043][11550][3.57.82] Exception java.net.ConnectException : Erreur lors de l&apos;ouverture du socket vers le serveur /127.0.0.1 sur le port 50 000 avec le message : Connection refused. ERRORCODE=-4499, SQLSTATE=08001
	at com.ibm.db2.jcc.am.bd.a(bd.java:319)
	at com.ibm.db2.jcc.am.bd.a(bd.java:337)
	at com.ibm.db2.jcc.t4.xb.a(xb.java:378)
	at com.ibm.db2.jcc.t4.xb.&lt;init&gt;(xb.java:76)
	at com.ibm.db2.jcc.t4.a.y(a.java:263)
	at com.ibm.db2.jcc.t4.b.a(b.java:1787)
	at com.ibm.db2.jcc.am.jb.a(jb.java:540)
	at com.ibm.db2.jcc.am.jb.&lt;init&gt;(jb.java:496)
	at com.ibm.db2.jcc.t4.b.&lt;init&gt;(b.java:308)
	at com.ibm.db2.jcc.DB2SimpleDataSource.getConnection(DB2SimpleDataSource.java:214)
	at com.ibm.db2.jcc.DB2Driver.connect(DB2Driver.java:224)
	at java.sql.DriverManager.getConnection(DriverManager.java:582)
	at java.sql.DriverManager.getConnection(DriverManager.java:154)
	at com.ibm.support.electronic.cache.TestHelper.getConnection(TestHelper.java:212)
	at com.ibm.support.electronic.cache.TestHelper.executeUpdate(TestHelper.java:179)
	at com.ibm.support.electronic.cache.TestHelper.initDB(TestHelper.java:227)
	at com.ibm.support.electronic.cache.dao.CachedObjectDAOImplTest.setUp(CachedObjectDAOImplTest.java:74)
Caused by: java.net.ConnectException: Connection refused
	at java.net.PlainSocketImpl.socketConnect(Native Method)
	at java.net.PlainSocketImpl.doConnect(PlainSocketImpl.java:333)
	at java.net.PlainSocketImpl.connectToAddress(PlainSocketImpl.java:195)
	at java.net.PlainSocketImpl.connect(PlainSocketImpl.java:182)
	at java.net.SocksSocketImpl.connect(SocksSocketImpl.java:366)
	at java.net.Socket.connect(Socket.java:529)
	at com.ibm.db2.jcc.t4.y.run(y.java:34)
	at java.security.AccessController.doPrivileged(Native Method)
	at com.ibm.db2.jcc.t4.xb.a(xb.java:372)
</error>
    <error message="[jcc][t4][2043][11550][3.57.82] Exception java.net.ConnectException : Erreur lors de l&apos;ouverture du socket vers le serveur /127.0.0.1 sur le port 50 000 avec le message : Connection refused. ERRORCODE=-4499, SQLSTATE=08001" type="com.ibm.db2.jcc.am.yn">com.ibm.db2.jcc.am.yn: [jcc][t4][2043][11550][3.57.82] Exception java.net.ConnectException : Erreur lors de l&apos;ouverture du socket vers le serveur /127.0.0.1 sur le port 50 000 avec le message : Connection refused. ERRORCODE=-4499, SQLSTATE=08001
	at com.ibm.db2.jcc.am.bd.a(bd.java:319)
	at com.ibm.db2.jcc.am.bd.a(bd.java:337)
	at com.ibm.db2.jcc.t4.xb.a(xb.java:378)
	at com.ibm.db2.jcc.t4.xb.&lt;init&gt;(xb.java:76)
	at com.ibm.db2.jcc.t4.a.y(a.java:263)
	at com.ibm.db2.jcc.t4.b.a(b.java:1787)
	at com.ibm.db2.jcc.am.jb.a(jb.java:540)
	at com.ibm.db2.jcc.am.jb.&lt;init&gt;(jb.java:496)
	at com.ibm.db2.jcc.t4.b.&lt;init&gt;(b.java:308)
	at com.ibm.db2.jcc.DB2SimpleDataSource.getConnection(DB2SimpleDataSource.java:214)
	at com.ibm.db2.jcc.DB2Driver.connect(DB2Driver.java:224)
	at java.sql.DriverManager.getConnection(DriverManager.java:582)
	at java.sql.DriverManager.getConnection(DriverManager.java:154)
	at com.ibm.support.electronic.cache.TestHelper.getConnection(TestHelper.java:212)
	at com.ibm.support.electronic.cache.TestHelper.executeUpdate(TestHelper.java:179)
	at com.ibm.support.electronic.cache.TestHelper.clearDB(TestHelper.java:238)
	at com.ibm.support.electronic.cache.dao.CachedObjectDAOImplTest.tearDown(CachedObjectDAOImplTest.java:88)
Caused by: java.net.ConnectException: Connection refused
	at java.net.PlainSocketImpl.socketConnect(Native Method)
	at java.net.PlainSocketImpl.doConnect(PlainSocketImpl.java:333)
	at java.net.PlainSocketImpl.connectToAddress(PlainSocketImpl.java:195)
	at java.net.PlainSocketImpl.connect(PlainSocketImpl.java:182)
	at java.net.SocksSocketImpl.connect(SocksSocketImpl.java:366)
	at java.net.Socket.connect(Socket.java:529)
	at com.ibm.db2.jcc.t4.y.run(y.java:34)
	at java.security.AccessController.doPrivileged(Native Method)
	at com.ibm.db2.jcc.t4.xb.a(xb.java:372)
</error>
  </testcase>
  <testcase classname="com.ibm.support.electronic.cache.dao.CachedObjectDAOImplTest" name="testDeleteByCacheSet_ConnectionFail" time="0.0040">
    <error message="[jcc][t4][2043][11550][3.57.82] Exception java.net.ConnectException : Erreur lors de l&apos;ouverture du socket vers le serveur /127.0.0.1 sur le port 50 000 avec le message : Connection refused. ERRORCODE=-4499, SQLSTATE=08001" type="com.ibm.db2.jcc.am.yn">com.ibm.db2.jcc.am.yn: [jcc][t4][2043][11550][3.57.82] Exception java.net.ConnectException : Erreur lors de l&apos;ouverture du socket vers le serveur /127.0.0.1 sur le port 50 000 avec le message : Connection refused. ERRORCODE=-4499, SQLSTATE=08001
	at com.ibm.db2.jcc.am.bd.a(bd.java:319)
	at com.ibm.db2.jcc.am.bd.a(bd.java:337)
	at com.ibm.db2.jcc.t4.xb.a(xb.java:378)
	at com.ibm.db2.jcc.t4.xb.&lt;init&gt;(xb.java:76)
	at com.ibm.db2.jcc.t4.a.y(a.java:263)
	at com.ibm.db2.jcc.t4.b.a(b.java:1787)
	at com.ibm.db2.jcc.am.jb.a(jb.java:540)
	at com.ibm.db2.jcc.am.jb.&lt;init&gt;(jb.java:496)
	at com.ibm.db2.jcc.t4.b.&lt;init&gt;(b.java:308)
	at com.ibm.db2.jcc.DB2SimpleDataSource.getConnection(DB2SimpleDataSource.java:214)
	at com.ibm.db2.jcc.DB2Driver.connect(DB2Driver.java:224)
	at java.sql.DriverManager.getConnection(DriverManager.java:582)
	at java.sql.DriverManager.getConnection(DriverManager.java:154)
	at com.ibm.support.electronic.cache.TestHelper.getConnection(TestHelper.java:212)
	at com.ibm.support.electronic.cache.TestHelper.executeUpdate(TestHelper.java:179)
	at com.ibm.support.electronic.cache.TestHelper.initDB(TestHelper.java:227)
	at com.ibm.support.electronic.cache.dao.CachedObjectDAOImplTest.setUp(CachedObjectDAOImplTest.java:74)
Caused by: java.net.ConnectException: Connection refused
	at java.net.PlainSocketImpl.socketConnect(Native Method)
	at java.net.PlainSocketImpl.doConnect(PlainSocketImpl.java:333)
	at java.net.PlainSocketImpl.connectToAddress(PlainSocketImpl.java:195)
	at java.net.PlainSocketImpl.connect(PlainSocketImpl.java:182)
	at java.net.SocksSocketImpl.connect(SocksSocketImpl.java:366)
	at java.net.Socket.connect(Socket.java:529)
	at com.ibm.db2.jcc.t4.y.run(y.java:34)
	at java.security.AccessController.doPrivileged(Native Method)
	at com.ibm.db2.jcc.t4.xb.a(xb.java:372)
</error>
    <error message="[jcc][t4][2043][11550][3.57.82] Exception java.net.ConnectException : Erreur lors de l&apos;ouverture du socket vers le serveur /127.0.0.1 sur le port 50 000 avec le message : Connection refused. ERRORCODE=-4499, SQLSTATE=08001" type="com.ibm.db2.jcc.am.yn">com.ibm.db2.jcc.am.yn: [jcc][t4][2043][11550][3.57.82] Exception java.net.ConnectException : Erreur lors de l&apos;ouverture du socket vers le serveur /127.0.0.1 sur le port 50 000 avec le message : Connection refused. ERRORCODE=-4499, SQLSTATE=08001
	at com.ibm.db2.jcc.am.bd.a(bd.java:319)
	at com.ibm.db2.jcc.am.bd.a(bd.java:337)
	at com.ibm.db2.jcc.t4.xb.a(xb.java:378)
	at com.ibm.db2.jcc.t4.xb.&lt;init&gt;(xb.java:76)
	at com.ibm.db2.jcc.t4.a.y(a.java:263)
	at com.ibm.db2.jcc.t4.b.a(b.java:1787)
	at com.ibm.db2.jcc.am.jb.a(jb.java:540)
	at com.ibm.db2.jcc.am.jb.&lt;init&gt;(jb.java:496)
	at com.ibm.db2.jcc.t4.b.&lt;init&gt;(b.java:308)
	at com.ibm.db2.jcc.DB2SimpleDataSource.getConnection(DB2SimpleDataSource.java:214)
	at com.ibm.db2.jcc.DB2Driver.connect(DB2Driver.java:224)
	at java.sql.DriverManager.getConnection(DriverManager.java:582)
	at java.sql.DriverManager.getConnection(DriverManager.java:154)
	at com.ibm.support.electronic.cache.TestHelper.getConnection(TestHelper.java:212)
	at com.ibm.support.electronic.cache.TestHelper.executeUpdate(TestHelper.java:179)
	at com.ibm.support.electronic.cache.TestHelper.clearDB(TestHelper.java:238)
	at com.ibm.support.electronic.cache.dao.CachedObjectDAOImplTest.tearDown(CachedObjectDAOImplTest.java:88)
Caused by: java.net.ConnectException: Connection refused
	at java.net.PlainSocketImpl.socketConnect(Native Method)
	at java.net.PlainSocketImpl.doConnect(PlainSocketImpl.java:333)
	at java.net.PlainSocketImpl.connectToAddress(PlainSocketImpl.java:195)
	at java.net.PlainSocketImpl.connect(PlainSocketImpl.java:182)
	at java.net.SocksSocketImpl.connect(SocksSocketImpl.java:366)
	at java.net.Socket.connect(Socket.java:529)
	at com.ibm.db2.jcc.t4.y.run(y.java:34)
	at java.security.AccessController.doPrivileged(Native Method)
	at com.ibm.db2.jcc.t4.xb.a(xb.java:372)
</error>
  </testcase>
  <testcase classname="com.ibm.support.electronic.cache.dao.CachedObjectDAOImplTest" name="testDeleteByCacheSet_PersistenceError" time="0.0040">
    <error message="[jcc][t4][2043][11550][3.57.82] Exception java.net.ConnectException : Erreur lors de l&apos;ouverture du socket vers le serveur /127.0.0.1 sur le port 50 000 avec le message : Connection refused. ERRORCODE=-4499, SQLSTATE=08001" type="com.ibm.db2.jcc.am.yn">com.ibm.db2.jcc.am.yn: [jcc][t4][2043][11550][3.57.82] Exception java.net.ConnectException : Erreur lors de l&apos;ouverture du socket vers le serveur /127.0.0.1 sur le port 50 000 avec le message : Connection refused. ERRORCODE=-4499, SQLSTATE=08001
	at com.ibm.db2.jcc.am.bd.a(bd.java:319)
	at com.ibm.db2.jcc.am.bd.a(bd.java:337)
	at com.ibm.db2.jcc.t4.xb.a(xb.java:378)
	at com.ibm.db2.jcc.t4.xb.&lt;init&gt;(xb.java:76)
	at com.ibm.db2.jcc.t4.a.y(a.java:263)
	at com.ibm.db2.jcc.t4.b.a(b.java:1787)
	at com.ibm.db2.jcc.am.jb.a(jb.java:540)
	at com.ibm.db2.jcc.am.jb.&lt;init&gt;(jb.java:496)
	at com.ibm.db2.jcc.t4.b.&lt;init&gt;(b.java:308)
	at com.ibm.db2.jcc.DB2SimpleDataSource.getConnection(DB2SimpleDataSource.java:214)
	at com.ibm.db2.jcc.DB2Driver.connect(DB2Driver.java:224)
	at java.sql.DriverManager.getConnection(DriverManager.java:582)
	at java.sql.DriverManager.getConnection(DriverManager.java:154)
	at com.ibm.support.electronic.cache.TestHelper.getConnection(TestHelper.java:212)
	at com.ibm.support.electronic.cache.TestHelper.executeUpdate(TestHelper.java:179)
	at com.ibm.support.electronic.cache.TestHelper.initDB(TestHelper.java:227)
	at com.ibm.support.electronic.cache.dao.CachedObjectDAOImplTest.setUp(CachedObjectDAOImplTest.java:74)
Caused by: java.net.ConnectException: Connection refused
	at java.net.PlainSocketImpl.socketConnect(Native Method)
	at java.net.PlainSocketImpl.doConnect(PlainSocketImpl.java:333)
	at java.net.PlainSocketImpl.connectToAddress(PlainSocketImpl.java:195)
	at java.net.PlainSocketImpl.connect(PlainSocketImpl.java:182)
	at java.net.SocksSocketImpl.connect(SocksSocketImpl.java:366)
	at java.net.Socket.connect(Socket.java:529)
	at com.ibm.db2.jcc.t4.y.run(y.java:34)
	at java.security.AccessController.doPrivileged(Native Method)
	at com.ibm.db2.jcc.t4.xb.a(xb.java:372)
</error>
    <error message="[jcc][t4][2043][11550][3.57.82] Exception java.net.ConnectException : Erreur lors de l&apos;ouverture du socket vers le serveur /127.0.0.1 sur le port 50 000 avec le message : Connection refused. ERRORCODE=-4499, SQLSTATE=08001" type="com.ibm.db2.jcc.am.yn">com.ibm.db2.jcc.am.yn: [jcc][t4][2043][11550][3.57.82] Exception java.net.ConnectException : Erreur lors de l&apos;ouverture du socket vers le serveur /127.0.0.1 sur le port 50 000 avec le message : Connection refused. ERRORCODE=-4499, SQLSTATE=08001
	at com.ibm.db2.jcc.am.bd.a(bd.java:319)
	at com.ibm.db2.jcc.am.bd.a(bd.java:337)
	at com.ibm.db2.jcc.t4.xb.a(xb.java:378)
	at com.ibm.db2.jcc.t4.xb.&lt;init&gt;(xb.java:76)
	at com.ibm.db2.jcc.t4.a.y(a.java:263)
	at com.ibm.db2.jcc.t4.b.a(b.java:1787)
	at com.ibm.db2.jcc.am.jb.a(jb.java:540)
	at com.ibm.db2.jcc.am.jb.&lt;init&gt;(jb.java:496)
	at com.ibm.db2.jcc.t4.b.&lt;init&gt;(b.java:308)
	at com.ibm.db2.jcc.DB2SimpleDataSource.getConnection(DB2SimpleDataSource.java:214)
	at com.ibm.db2.jcc.DB2Driver.connect(DB2Driver.java:224)
	at java.sql.DriverManager.getConnection(DriverManager.java:582)
	at java.sql.DriverManager.getConnection(DriverManager.java:154)
	at com.ibm.support.electronic.cache.TestHelper.getConnection(TestHelper.java:212)
	at com.ibm.support.electronic.cache.TestHelper.executeUpdate(TestHelper.java:179)
	at com.ibm.support.electronic.cache.TestHelper.clearDB(TestHelper.java:238)
	at com.ibm.support.electronic.cache.dao.CachedObjectDAOImplTest.tearDown(CachedObjectDAOImplTest.java:88)
Caused by: java.net.ConnectException: Connection refused
	at java.net.PlainSocketImpl.socketConnect(Native Method)
	at java.net.PlainSocketImpl.doConnect(PlainSocketImpl.java:333)
	at java.net.PlainSocketImpl.connectToAddress(PlainSocketImpl.java:195)
	at java.net.PlainSocketImpl.connect(PlainSocketImpl.java:182)
	at java.net.SocksSocketImpl.connect(SocksSocketImpl.java:366)
	at java.net.Socket.connect(Socket.java:529)
	at com.ibm.db2.jcc.t4.y.run(y.java:34)
	at java.security.AccessController.doPrivileged(Native Method)
	at com.ibm.db2.jcc.t4.xb.a(xb.java:372)
</error>
  </testcase>
  <testcase classname="com.ibm.support.electronic.cache.dao.CachedObjectDAOImplTest" name="testGet_NullCacheSetName" time="0.0040">
    <error message="[jcc][t4][2043][11550][3.57.82] Exception java.net.ConnectException : Erreur lors de l&apos;ouverture du socket vers le serveur /127.0.0.1 sur le port 50 000 avec le message : Connection refused. ERRORCODE=-4499, SQLSTATE=08001" type="com.ibm.db2.jcc.am.yn">com.ibm.db2.jcc.am.yn: [jcc][t4][2043][11550][3.57.82] Exception java.net.ConnectException : Erreur lors de l&apos;ouverture du socket vers le serveur /127.0.0.1 sur le port 50 000 avec le message : Connection refused. ERRORCODE=-4499, SQLSTATE=08001
	at com.ibm.db2.jcc.am.bd.a(bd.java:319)
	at com.ibm.db2.jcc.am.bd.a(bd.java:337)
	at com.ibm.db2.jcc.t4.xb.a(xb.java:378)
	at com.ibm.db2.jcc.t4.xb.&lt;init&gt;(xb.java:76)
	at com.ibm.db2.jcc.t4.a.y(a.java:263)
	at com.ibm.db2.jcc.t4.b.a(b.java:1787)
	at com.ibm.db2.jcc.am.jb.a(jb.java:540)
	at com.ibm.db2.jcc.am.jb.&lt;init&gt;(jb.java:496)
	at com.ibm.db2.jcc.t4.b.&lt;init&gt;(b.java:308)
	at com.ibm.db2.jcc.DB2SimpleDataSource.getConnection(DB2SimpleDataSource.java:214)
	at com.ibm.db2.jcc.DB2Driver.connect(DB2Driver.java:224)
	at java.sql.DriverManager.getConnection(DriverManager.java:582)
	at java.sql.DriverManager.getConnection(DriverManager.java:154)
	at com.ibm.support.electronic.cache.TestHelper.getConnection(TestHelper.java:212)
	at com.ibm.support.electronic.cache.TestHelper.executeUpdate(TestHelper.java:179)
	at com.ibm.support.electronic.cache.TestHelper.initDB(TestHelper.java:227)
	at com.ibm.support.electronic.cache.dao.CachedObjectDAOImplTest.setUp(CachedObjectDAOImplTest.java:74)
Caused by: java.net.ConnectException: Connection refused
	at java.net.PlainSocketImpl.socketConnect(Native Method)
	at java.net.PlainSocketImpl.doConnect(PlainSocketImpl.java:333)
	at java.net.PlainSocketImpl.connectToAddress(PlainSocketImpl.java:195)
	at java.net.PlainSocketImpl.connect(PlainSocketImpl.java:182)
	at java.net.SocksSocketImpl.connect(SocksSocketImpl.java:366)
	at java.net.Socket.connect(Socket.java:529)
	at com.ibm.db2.jcc.t4.y.run(y.java:34)
	at java.security.AccessController.doPrivileged(Native Method)
	at com.ibm.db2.jcc.t4.xb.a(xb.java:372)
</error>
    <error message="[jcc][t4][2043][11550][3.57.82] Exception java.net.ConnectException : Erreur lors de l&apos;ouverture du socket vers le serveur /127.0.0.1 sur le port 50 000 avec le message : Connection refused. ERRORCODE=-4499, SQLSTATE=08001" type="com.ibm.db2.jcc.am.yn">com.ibm.db2.jcc.am.yn: [jcc][t4][2043][11550][3.57.82] Exception java.net.ConnectException : Erreur lors de l&apos;ouverture du socket vers le serveur /127.0.0.1 sur le port 50 000 avec le message : Connection refused. ERRORCODE=-4499, SQLSTATE=08001
	at com.ibm.db2.jcc.am.bd.a(bd.java:319)
	at com.ibm.db2.jcc.am.bd.a(bd.java:337)
	at com.ibm.db2.jcc.t4.xb.a(xb.java:378)
	at com.ibm.db2.jcc.t4.xb.&lt;init&gt;(xb.java:76)
	at com.ibm.db2.jcc.t4.a.y(a.java:263)
	at com.ibm.db2.jcc.t4.b.a(b.java:1787)
	at com.ibm.db2.jcc.am.jb.a(jb.java:540)
	at com.ibm.db2.jcc.am.jb.&lt;init&gt;(jb.java:496)
	at com.ibm.db2.jcc.t4.b.&lt;init&gt;(b.java:308)
	at com.ibm.db2.jcc.DB2SimpleDataSource.getConnection(DB2SimpleDataSource.java:214)
	at com.ibm.db2.jcc.DB2Driver.connect(DB2Driver.java:224)
	at java.sql.DriverManager.getConnection(DriverManager.java:582)
	at java.sql.DriverManager.getConnection(DriverManager.java:154)
	at com.ibm.support.electronic.cache.TestHelper.getConnection(TestHelper.java:212)
	at com.ibm.support.electronic.cache.TestHelper.executeUpdate(TestHelper.java:179)
	at com.ibm.support.electronic.cache.TestHelper.clearDB(TestHelper.java:238)
	at com.ibm.support.electronic.cache.dao.CachedObjectDAOImplTest.tearDown(CachedObjectDAOImplTest.java:88)
Caused by: java.net.ConnectException: Connection refused
	at java.net.PlainSocketImpl.socketConnect(Native Method)
	at java.net.PlainSocketImpl.doConnect(PlainSocketImpl.java:333)
	at java.net.PlainSocketImpl.connectToAddress(PlainSocketImpl.java:195)
	at java.net.PlainSocketImpl.connect(PlainSocketImpl.java:182)
	at java.net.SocksSocketImpl.connect(SocksSocketImpl.java:366)
	at java.net.Socket.connect(Socket.java:529)
	at com.ibm.db2.jcc.t4.y.run(y.java:34)
	at java.security.AccessController.doPrivileged(Native Method)
	at com.ibm.db2.jcc.t4.xb.a(xb.java:372)
</error>
  </testcase>
  <testcase classname="com.ibm.support.electronic.cache.dao.CachedObjectDAOImplTest" name="testGet_EmptyCacheSetName" time="0.0040">
    <error message="[jcc][t4][2043][11550][3.57.82] Exception java.net.ConnectException : Erreur lors de l&apos;ouverture du socket vers le serveur /127.0.0.1 sur le port 50 000 avec le message : Connection refused. ERRORCODE=-4499, SQLSTATE=08001" type="com.ibm.db2.jcc.am.yn">com.ibm.db2.jcc.am.yn: [jcc][t4][2043][11550][3.57.82] Exception java.net.ConnectException : Erreur lors de l&apos;ouverture du socket vers le serveur /127.0.0.1 sur le port 50 000 avec le message : Connection refused. ERRORCODE=-4499, SQLSTATE=08001
	at com.ibm.db2.jcc.am.bd.a(bd.java:319)
	at com.ibm.db2.jcc.am.bd.a(bd.java:337)
	at com.ibm.db2.jcc.t4.xb.a(xb.java:378)
	at com.ibm.db2.jcc.t4.xb.&lt;init&gt;(xb.java:76)
	at com.ibm.db2.jcc.t4.a.y(a.java:263)
	at com.ibm.db2.jcc.t4.b.a(b.java:1787)
	at com.ibm.db2.jcc.am.jb.a(jb.java:540)
	at com.ibm.db2.jcc.am.jb.&lt;init&gt;(jb.java:496)
	at com.ibm.db2.jcc.t4.b.&lt;init&gt;(b.java:308)
	at com.ibm.db2.jcc.DB2SimpleDataSource.getConnection(DB2SimpleDataSource.java:214)
	at com.ibm.db2.jcc.DB2Driver.connect(DB2Driver.java:224)
	at java.sql.DriverManager.getConnection(DriverManager.java:582)
	at java.sql.DriverManager.getConnection(DriverManager.java:154)
	at com.ibm.support.electronic.cache.TestHelper.getConnection(TestHelper.java:212)
	at com.ibm.support.electronic.cache.TestHelper.executeUpdate(TestHelper.java:179)
	at com.ibm.support.electronic.cache.TestHelper.initDB(TestHelper.java:227)
	at com.ibm.support.electronic.cache.dao.CachedObjectDAOImplTest.setUp(CachedObjectDAOImplTest.java:74)
Caused by: java.net.ConnectException: Connection refused
	at java.net.PlainSocketImpl.socketConnect(Native Method)
	at java.net.PlainSocketImpl.doConnect(PlainSocketImpl.java:333)
	at java.net.PlainSocketImpl.connectToAddress(PlainSocketImpl.java:195)
	at java.net.PlainSocketImpl.connect(PlainSocketImpl.java:182)
	at java.net.SocksSocketImpl.connect(SocksSocketImpl.java:366)
	at java.net.Socket.connect(Socket.java:529)
	at com.ibm.db2.jcc.t4.y.run(y.java:34)
	at java.security.AccessController.doPrivileged(Native Method)
	at com.ibm.db2.jcc.t4.xb.a(xb.java:372)
</error>
    <error message="[jcc][t4][2043][11550][3.57.82] Exception java.net.ConnectException : Erreur lors de l&apos;ouverture du socket vers le serveur /127.0.0.1 sur le port 50 000 avec le message : Connection refused. ERRORCODE=-4499, SQLSTATE=08001" type="com.ibm.db2.jcc.am.yn">com.ibm.db2.jcc.am.yn: [jcc][t4][2043][11550][3.57.82] Exception java.net.ConnectException : Erreur lors de l&apos;ouverture du socket vers le serveur /127.0.0.1 sur le port 50 000 avec le message : Connection refused. ERRORCODE=-4499, SQLSTATE=08001
	at com.ibm.db2.jcc.am.bd.a(bd.java:319)
	at com.ibm.db2.jcc.am.bd.a(bd.java:337)
	at com.ibm.db2.jcc.t4.xb.a(xb.java:378)
	at com.ibm.db2.jcc.t4.xb.&lt;init&gt;(xb.java:76)
	at com.ibm.db2.jcc.t4.a.y(a.java:263)
	at com.ibm.db2.jcc.t4.b.a(b.java:1787)
	at com.ibm.db2.jcc.am.jb.a(jb.java:540)
	at com.ibm.db2.jcc.am.jb.&lt;init&gt;(jb.java:496)
	at com.ibm.db2.jcc.t4.b.&lt;init&gt;(b.java:308)
	at com.ibm.db2.jcc.DB2SimpleDataSource.getConnection(DB2SimpleDataSource.java:214)
	at com.ibm.db2.jcc.DB2Driver.connect(DB2Driver.java:224)
	at java.sql.DriverManager.getConnection(DriverManager.java:582)
	at java.sql.DriverManager.getConnection(DriverManager.java:154)
	at com.ibm.support.electronic.cache.TestHelper.getConnection(TestHelper.java:212)
	at com.ibm.support.electronic.cache.TestHelper.executeUpdate(TestHelper.java:179)
	at com.ibm.support.electronic.cache.TestHelper.clearDB(TestHelper.java:238)
	at com.ibm.support.electronic.cache.dao.CachedObjectDAOImplTest.tearDown(CachedObjectDAOImplTest.java:88)
Caused by: java.net.ConnectException: Connection refused
	at java.net.PlainSocketImpl.socketConnect(Native Method)
	at java.net.PlainSocketImpl.doConnect(PlainSocketImpl.java:333)
	at java.net.PlainSocketImpl.connectToAddress(PlainSocketImpl.java:195)
	at java.net.PlainSocketImpl.connect(PlainSocketImpl.java:182)
	at java.net.SocksSocketImpl.connect(SocksSocketImpl.java:366)
	at java.net.Socket.connect(Socket.java:529)
	at com.ibm.db2.jcc.t4.y.run(y.java:34)
	at java.security.AccessController.doPrivileged(Native Method)
	at com.ibm.db2.jcc.t4.xb.a(xb.java:372)
</error>
  </testcase>
  <testcase classname="com.ibm.support.electronic.cache.dao.CachedObjectDAOImplTest" name="testGet_NullId" time="0.0030">
    <error message="[jcc][t4][2043][11550][3.57.82] Exception java.net.ConnectException : Erreur lors de l&apos;ouverture du socket vers le serveur /127.0.0.1 sur le port 50 000 avec le message : Connection refused. ERRORCODE=-4499, SQLSTATE=08001" type="com.ibm.db2.jcc.am.yn">com.ibm.db2.jcc.am.yn: [jcc][t4][2043][11550][3.57.82] Exception java.net.ConnectException : Erreur lors de l&apos;ouverture du socket vers le serveur /127.0.0.1 sur le port 50 000 avec le message : Connection refused. ERRORCODE=-4499, SQLSTATE=08001
	at com.ibm.db2.jcc.am.bd.a(bd.java:319)
	at com.ibm.db2.jcc.am.bd.a(bd.java:337)
	at com.ibm.db2.jcc.t4.xb.a(xb.java:378)
	at com.ibm.db2.jcc.t4.xb.&lt;init&gt;(xb.java:76)
	at com.ibm.db2.jcc.t4.a.y(a.java:263)
	at com.ibm.db2.jcc.t4.b.a(b.java:1787)
	at com.ibm.db2.jcc.am.jb.a(jb.java:540)
	at com.ibm.db2.jcc.am.jb.&lt;init&gt;(jb.java:496)
	at com.ibm.db2.jcc.t4.b.&lt;init&gt;(b.java:308)
	at com.ibm.db2.jcc.DB2SimpleDataSource.getConnection(DB2SimpleDataSource.java:214)
	at com.ibm.db2.jcc.DB2Driver.connect(DB2Driver.java:224)
	at java.sql.DriverManager.getConnection(DriverManager.java:582)
	at java.sql.DriverManager.getConnection(DriverManager.java:154)
	at com.ibm.support.electronic.cache.TestHelper.getConnection(TestHelper.java:212)
	at com.ibm.support.electronic.cache.TestHelper.executeUpdate(TestHelper.java:179)
	at com.ibm.support.electronic.cache.TestHelper.initDB(TestHelper.java:227)
	at com.ibm.support.electronic.cache.dao.CachedObjectDAOImplTest.setUp(CachedObjectDAOImplTest.java:74)
Caused by: java.net.ConnectException: Connection refused
	at java.net.PlainSocketImpl.socketConnect(Native Method)
	at java.net.PlainSocketImpl.doConnect(PlainSocketImpl.java:333)
	at java.net.PlainSocketImpl.connectToAddress(PlainSocketImpl.java:195)
	at java.net.PlainSocketImpl.connect(PlainSocketImpl.java:182)
	at java.net.SocksSocketImpl.connect(SocksSocketImpl.java:366)
	at java.net.Socket.connect(Socket.java:529)
	at com.ibm.db2.jcc.t4.y.run(y.java:34)
	at java.security.AccessController.doPrivileged(Native Method)
	at com.ibm.db2.jcc.t4.xb.a(xb.java:372)
</error>
    <error message="[jcc][t4][2043][11550][3.57.82] Exception java.net.ConnectException : Erreur lors de l&apos;ouverture du socket vers le serveur /127.0.0.1 sur le port 50 000 avec le message : Connection refused. ERRORCODE=-4499, SQLSTATE=08001" type="com.ibm.db2.jcc.am.yn">com.ibm.db2.jcc.am.yn: [jcc][t4][2043][11550][3.57.82] Exception java.net.ConnectException : Erreur lors de l&apos;ouverture du socket vers le serveur /127.0.0.1 sur le port 50 000 avec le message : Connection refused. ERRORCODE=-4499, SQLSTATE=08001
	at com.ibm.db2.jcc.am.bd.a(bd.java:319)
	at com.ibm.db2.jcc.am.bd.a(bd.java:337)
	at com.ibm.db2.jcc.t4.xb.a(xb.java:378)
	at com.ibm.db2.jcc.t4.xb.&lt;init&gt;(xb.java:76)
	at com.ibm.db2.jcc.t4.a.y(a.java:263)
	at com.ibm.db2.jcc.t4.b.a(b.java:1787)
	at com.ibm.db2.jcc.am.jb.a(jb.java:540)
	at com.ibm.db2.jcc.am.jb.&lt;init&gt;(jb.java:496)
	at com.ibm.db2.jcc.t4.b.&lt;init&gt;(b.java:308)
	at com.ibm.db2.jcc.DB2SimpleDataSource.getConnection(DB2SimpleDataSource.java:214)
	at com.ibm.db2.jcc.DB2Driver.connect(DB2Driver.java:224)
	at java.sql.DriverManager.getConnection(DriverManager.java:582)
	at java.sql.DriverManager.getConnection(DriverManager.java:154)
	at com.ibm.support.electronic.cache.TestHelper.getConnection(TestHelper.java:212)
	at com.ibm.support.electronic.cache.TestHelper.executeUpdate(TestHelper.java:179)
	at com.ibm.support.electronic.cache.TestHelper.clearDB(TestHelper.java:238)
	at com.ibm.support.electronic.cache.dao.CachedObjectDAOImplTest.tearDown(CachedObjectDAOImplTest.java:88)
Caused by: java.net.ConnectException: Connection refused
	at java.net.PlainSocketImpl.socketConnect(Native Method)
	at java.net.PlainSocketImpl.doConnect(PlainSocketImpl.java:333)
	at java.net.PlainSocketImpl.connectToAddress(PlainSocketImpl.java:195)
	at java.net.PlainSocketImpl.connect(PlainSocketImpl.java:182)
	at java.net.SocksSocketImpl.connect(SocksSocketImpl.java:366)
	at java.net.Socket.connect(Socket.java:529)
	at com.ibm.db2.jcc.t4.y.run(y.java:34)
	at java.security.AccessController.doPrivileged(Native Method)
	at com.ibm.db2.jcc.t4.xb.a(xb.java:372)
</error>
  </testcase>
  <testcase classname="com.ibm.support.electronic.cache.dao.CachedObjectDAOImplTest" name="testGet_EmptyId" time="0.0030">
    <error message="[jcc][t4][2043][11550][3.57.82] Exception java.net.ConnectException : Erreur lors de l&apos;ouverture du socket vers le serveur /127.0.0.1 sur le port 50 000 avec le message : Connection refused. ERRORCODE=-4499, SQLSTATE=08001" type="com.ibm.db2.jcc.am.yn">com.ibm.db2.jcc.am.yn: [jcc][t4][2043][11550][3.57.82] Exception java.net.ConnectException : Erreur lors de l&apos;ouverture du socket vers le serveur /127.0.0.1 sur le port 50 000 avec le message : Connection refused. ERRORCODE=-4499, SQLSTATE=08001
	at com.ibm.db2.jcc.am.bd.a(bd.java:319)
	at com.ibm.db2.jcc.am.bd.a(bd.java:337)
	at com.ibm.db2.jcc.t4.xb.a(xb.java:378)
	at com.ibm.db2.jcc.t4.xb.&lt;init&gt;(xb.java:76)
	at com.ibm.db2.jcc.t4.a.y(a.java:263)
	at com.ibm.db2.jcc.t4.b.a(b.java:1787)
	at com.ibm.db2.jcc.am.jb.a(jb.java:540)
	at com.ibm.db2.jcc.am.jb.&lt;init&gt;(jb.java:496)
	at com.ibm.db2.jcc.t4.b.&lt;init&gt;(b.java:308)
	at com.ibm.db2.jcc.DB2SimpleDataSource.getConnection(DB2SimpleDataSource.java:214)
	at com.ibm.db2.jcc.DB2Driver.connect(DB2Driver.java:224)
	at java.sql.DriverManager.getConnection(DriverManager.java:582)
	at java.sql.DriverManager.getConnection(DriverManager.java:154)
	at com.ibm.support.electronic.cache.TestHelper.getConnection(TestHelper.java:212)
	at com.ibm.support.electronic.cache.TestHelper.executeUpdate(TestHelper.java:179)
	at com.ibm.support.electronic.cache.TestHelper.initDB(TestHelper.java:227)
	at com.ibm.support.electronic.cache.dao.CachedObjectDAOImplTest.setUp(CachedObjectDAOImplTest.java:74)
Caused by: java.net.ConnectException: Connection refused
	at java.net.PlainSocketImpl.socketConnect(Native Method)
	at java.net.PlainSocketImpl.doConnect(PlainSocketImpl.java:333)
	at java.net.PlainSocketImpl.connectToAddress(PlainSocketImpl.java:195)
	at java.net.PlainSocketImpl.connect(PlainSocketImpl.java:182)
	at java.net.SocksSocketImpl.connect(SocksSocketImpl.java:366)
	at java.net.Socket.connect(Socket.java:529)
	at com.ibm.db2.jcc.t4.y.run(y.java:34)
	at java.security.AccessController.doPrivileged(Native Method)
	at com.ibm.db2.jcc.t4.xb.a(xb.java:372)
</error>
    <error message="[jcc][t4][2043][11550][3.57.82] Exception java.net.ConnectException : Erreur lors de l&apos;ouverture du socket vers le serveur /127.0.0.1 sur le port 50 000 avec le message : Connection refused. ERRORCODE=-4499, SQLSTATE=08001" type="com.ibm.db2.jcc.am.yn">com.ibm.db2.jcc.am.yn: [jcc][t4][2043][11550][3.57.82] Exception java.net.ConnectException : Erreur lors de l&apos;ouverture du socket vers le serveur /127.0.0.1 sur le port 50 000 avec le message : Connection refused. ERRORCODE=-4499, SQLSTATE=08001
	at com.ibm.db2.jcc.am.bd.a(bd.java:319)
	at com.ibm.db2.jcc.am.bd.a(bd.java:337)
	at com.ibm.db2.jcc.t4.xb.a(xb.java:378)
	at com.ibm.db2.jcc.t4.xb.&lt;init&gt;(xb.java:76)
	at com.ibm.db2.jcc.t4.a.y(a.java:263)
	at com.ibm.db2.jcc.t4.b.a(b.java:1787)
	at com.ibm.db2.jcc.am.jb.a(jb.java:540)
	at com.ibm.db2.jcc.am.jb.&lt;init&gt;(jb.java:496)
	at com.ibm.db2.jcc.t4.b.&lt;init&gt;(b.java:308)
	at com.ibm.db2.jcc.DB2SimpleDataSource.getConnection(DB2SimpleDataSource.java:214)
	at com.ibm.db2.jcc.DB2Driver.connect(DB2Driver.java:224)
	at java.sql.DriverManager.getConnection(DriverManager.java:582)
	at java.sql.DriverManager.getConnection(DriverManager.java:154)
	at com.ibm.support.electronic.cache.TestHelper.getConnection(TestHelper.java:212)
	at com.ibm.support.electronic.cache.TestHelper.executeUpdate(TestHelper.java:179)
	at com.ibm.support.electronic.cache.TestHelper.clearDB(TestHelper.java:238)
	at com.ibm.support.electronic.cache.dao.CachedObjectDAOImplTest.tearDown(CachedObjectDAOImplTest.java:88)
Caused by: java.net.ConnectException: Connection refused
	at java.net.PlainSocketImpl.socketConnect(Native Method)
	at java.net.PlainSocketImpl.doConnect(PlainSocketImpl.java:333)
	at java.net.PlainSocketImpl.connectToAddress(PlainSocketImpl.java:195)
	at java.net.PlainSocketImpl.connect(PlainSocketImpl.java:182)
	at java.net.SocksSocketImpl.connect(SocksSocketImpl.java:366)
	at java.net.Socket.connect(Socket.java:529)
	at com.ibm.db2.jcc.t4.y.run(y.java:34)
	at java.security.AccessController.doPrivileged(Native Method)
	at com.ibm.db2.jcc.t4.xb.a(xb.java:372)
</error>
  </testcase>
  <testcase classname="com.ibm.support.electronic.cache.dao.CachedObjectDAOImplTest" name="testGet_ConnectionFail" time="0.0040">
    <error message="[jcc][t4][2043][11550][3.57.82] Exception java.net.ConnectException : Erreur lors de l&apos;ouverture du socket vers le serveur /127.0.0.1 sur le port 50 000 avec le message : Connection refused. ERRORCODE=-4499, SQLSTATE=08001" type="com.ibm.db2.jcc.am.yn">com.ibm.db2.jcc.am.yn: [jcc][t4][2043][11550][3.57.82] Exception java.net.ConnectException : Erreur lors de l&apos;ouverture du socket vers le serveur /127.0.0.1 sur le port 50 000 avec le message : Connection refused. ERRORCODE=-4499, SQLSTATE=08001
	at com.ibm.db2.jcc.am.bd.a(bd.java:319)
	at com.ibm.db2.jcc.am.bd.a(bd.java:337)
	at com.ibm.db2.jcc.t4.xb.a(xb.java:378)
	at com.ibm.db2.jcc.t4.xb.&lt;init&gt;(xb.java:76)
	at com.ibm.db2.jcc.t4.a.y(a.java:263)
	at com.ibm.db2.jcc.t4.b.a(b.java:1787)
	at com.ibm.db2.jcc.am.jb.a(jb.java:540)
	at com.ibm.db2.jcc.am.jb.&lt;init&gt;(jb.java:496)
	at com.ibm.db2.jcc.t4.b.&lt;init&gt;(b.java:308)
	at com.ibm.db2.jcc.DB2SimpleDataSource.getConnection(DB2SimpleDataSource.java:214)
	at com.ibm.db2.jcc.DB2Driver.connect(DB2Driver.java:224)
	at java.sql.DriverManager.getConnection(DriverManager.java:582)
	at java.sql.DriverManager.getConnection(DriverManager.java:154)
	at com.ibm.support.electronic.cache.TestHelper.getConnection(TestHelper.java:212)
	at com.ibm.support.electronic.cache.TestHelper.executeUpdate(TestHelper.java:179)
	at com.ibm.support.electronic.cache.TestHelper.initDB(TestHelper.java:227)
	at com.ibm.support.electronic.cache.dao.CachedObjectDAOImplTest.setUp(CachedObjectDAOImplTest.java:74)
Caused by: java.net.ConnectException: Connection refused
	at java.net.PlainSocketImpl.socketConnect(Native Method)
	at java.net.PlainSocketImpl.doConnect(PlainSocketImpl.java:333)
	at java.net.PlainSocketImpl.connectToAddress(PlainSocketImpl.java:195)
	at java.net.PlainSocketImpl.connect(PlainSocketImpl.java:182)
	at java.net.SocksSocketImpl.connect(SocksSocketImpl.java:366)
	at java.net.Socket.connect(Socket.java:529)
	at com.ibm.db2.jcc.t4.y.run(y.java:34)
	at java.security.AccessController.doPrivileged(Native Method)
	at com.ibm.db2.jcc.t4.xb.a(xb.java:372)
</error>
    <error message="[jcc][t4][2043][11550][3.57.82] Exception java.net.ConnectException : Erreur lors de l&apos;ouverture du socket vers le serveur /127.0.0.1 sur le port 50 000 avec le message : Connection refused. ERRORCODE=-4499, SQLSTATE=08001" type="com.ibm.db2.jcc.am.yn">com.ibm.db2.jcc.am.yn: [jcc][t4][2043][11550][3.57.82] Exception java.net.ConnectException : Erreur lors de l&apos;ouverture du socket vers le serveur /127.0.0.1 sur le port 50 000 avec le message : Connection refused. ERRORCODE=-4499, SQLSTATE=08001
	at com.ibm.db2.jcc.am.bd.a(bd.java:319)
	at com.ibm.db2.jcc.am.bd.a(bd.java:337)
	at com.ibm.db2.jcc.t4.xb.a(xb.java:378)
	at com.ibm.db2.jcc.t4.xb.&lt;init&gt;(xb.java:76)
	at com.ibm.db2.jcc.t4.a.y(a.java:263)
	at com.ibm.db2.jcc.t4.b.a(b.java:1787)
	at com.ibm.db2.jcc.am.jb.a(jb.java:540)
	at com.ibm.db2.jcc.am.jb.&lt;init&gt;(jb.java:496)
	at com.ibm.db2.jcc.t4.b.&lt;init&gt;(b.java:308)
	at com.ibm.db2.jcc.DB2SimpleDataSource.getConnection(DB2SimpleDataSource.java:214)
	at com.ibm.db2.jcc.DB2Driver.connect(DB2Driver.java:224)
	at java.sql.DriverManager.getConnection(DriverManager.java:582)
	at java.sql.DriverManager.getConnection(DriverManager.java:154)
	at com.ibm.support.electronic.cache.TestHelper.getConnection(TestHelper.java:212)
	at com.ibm.support.electronic.cache.TestHelper.executeUpdate(TestHelper.java:179)
	at com.ibm.support.electronic.cache.TestHelper.clearDB(TestHelper.java:238)
	at com.ibm.support.electronic.cache.dao.CachedObjectDAOImplTest.tearDown(CachedObjectDAOImplTest.java:88)
Caused by: java.net.ConnectException: Connection refused
	at java.net.PlainSocketImpl.socketConnect(Native Method)
	at java.net.PlainSocketImpl.doConnect(PlainSocketImpl.java:333)
	at java.net.PlainSocketImpl.connectToAddress(PlainSocketImpl.java:195)
	at java.net.PlainSocketImpl.connect(PlainSocketImpl.java:182)
	at java.net.SocksSocketImpl.connect(SocksSocketImpl.java:366)
	at java.net.Socket.connect(Socket.java:529)
	at com.ibm.db2.jcc.t4.y.run(y.java:34)
	at java.security.AccessController.doPrivileged(Native Method)
	at com.ibm.db2.jcc.t4.xb.a(xb.java:372)
</error>
  </testcase>
  <testcase classname="com.ibm.support.electronic.cache.dao.CachedObjectDAOImplTest" name="testGet_PersistenceError" time="0.0040">
    <error message="[jcc][t4][2043][11550][3.57.82] Exception java.net.ConnectException : Erreur lors de l&apos;ouverture du socket vers le serveur /127.0.0.1 sur le port 50 000 avec le message : Connection refused. ERRORCODE=-4499, SQLSTATE=08001" type="com.ibm.db2.jcc.am.yn">com.ibm.db2.jcc.am.yn: [jcc][t4][2043][11550][3.57.82] Exception java.net.ConnectException : Erreur lors de l&apos;ouverture du socket vers le serveur /127.0.0.1 sur le port 50 000 avec le message : Connection refused. ERRORCODE=-4499, SQLSTATE=08001
	at com.ibm.db2.jcc.am.bd.a(bd.java:319)
	at com.ibm.db2.jcc.am.bd.a(bd.java:337)
	at com.ibm.db2.jcc.t4.xb.a(xb.java:378)
	at com.ibm.db2.jcc.t4.xb.&lt;init&gt;(xb.java:76)
	at com.ibm.db2.jcc.t4.a.y(a.java:263)
	at com.ibm.db2.jcc.t4.b.a(b.java:1787)
	at com.ibm.db2.jcc.am.jb.a(jb.java:540)
	at com.ibm.db2.jcc.am.jb.&lt;init&gt;(jb.java:496)
	at com.ibm.db2.jcc.t4.b.&lt;init&gt;(b.java:308)
	at com.ibm.db2.jcc.DB2SimpleDataSource.getConnection(DB2SimpleDataSource.java:214)
	at com.ibm.db2.jcc.DB2Driver.connect(DB2Driver.java:224)
	at java.sql.DriverManager.getConnection(DriverManager.java:582)
	at java.sql.DriverManager.getConnection(DriverManager.java:154)
	at com.ibm.support.electronic.cache.TestHelper.getConnection(TestHelper.java:212)
	at com.ibm.support.electronic.cache.TestHelper.executeUpdate(TestHelper.java:179)
	at com.ibm.support.electronic.cache.TestHelper.initDB(TestHelper.java:227)
	at com.ibm.support.electronic.cache.dao.CachedObjectDAOImplTest.setUp(CachedObjectDAOImplTest.java:74)
Caused by: java.net.ConnectException: Connection refused
	at java.net.PlainSocketImpl.socketConnect(Native Method)
	at java.net.PlainSocketImpl.doConnect(PlainSocketImpl.java:333)
	at java.net.PlainSocketImpl.connectToAddress(PlainSocketImpl.java:195)
	at java.net.PlainSocketImpl.connect(PlainSocketImpl.java:182)
	at java.net.SocksSocketImpl.connect(SocksSocketImpl.java:366)
	at java.net.Socket.connect(Socket.java:529)
	at com.ibm.db2.jcc.t4.y.run(y.java:34)
	at java.security.AccessController.doPrivileged(Native Method)
	at com.ibm.db2.jcc.t4.xb.a(xb.java:372)
</error>
    <error message="[jcc][t4][2043][11550][3.57.82] Exception java.net.ConnectException : Erreur lors de l&apos;ouverture du socket vers le serveur /127.0.0.1 sur le port 50 000 avec le message : Connection refused. ERRORCODE=-4499, SQLSTATE=08001" type="com.ibm.db2.jcc.am.yn">com.ibm.db2.jcc.am.yn: [jcc][t4][2043][11550][3.57.82] Exception java.net.ConnectException : Erreur lors de l&apos;ouverture du socket vers le serveur /127.0.0.1 sur le port 50 000 avec le message : Connection refused. ERRORCODE=-4499, SQLSTATE=08001
	at com.ibm.db2.jcc.am.bd.a(bd.java:319)
	at com.ibm.db2.jcc.am.bd.a(bd.java:337)
	at com.ibm.db2.jcc.t4.xb.a(xb.java:378)
	at com.ibm.db2.jcc.t4.xb.&lt;init&gt;(xb.java:76)
	at com.ibm.db2.jcc.t4.a.y(a.java:263)
	at com.ibm.db2.jcc.t4.b.a(b.java:1787)
	at com.ibm.db2.jcc.am.jb.a(jb.java:540)
	at com.ibm.db2.jcc.am.jb.&lt;init&gt;(jb.java:496)
	at com.ibm.db2.jcc.t4.b.&lt;init&gt;(b.java:308)
	at com.ibm.db2.jcc.DB2SimpleDataSource.getConnection(DB2SimpleDataSource.java:214)
	at com.ibm.db2.jcc.DB2Driver.connect(DB2Driver.java:224)
	at java.sql.DriverManager.getConnection(DriverManager.java:582)
	at java.sql.DriverManager.getConnection(DriverManager.java:154)
	at com.ibm.support.electronic.cache.TestHelper.getConnection(TestHelper.java:212)
	at com.ibm.support.electronic.cache.TestHelper.executeUpdate(TestHelper.java:179)
	at com.ibm.support.electronic.cache.TestHelper.clearDB(TestHelper.java:238)
	at com.ibm.support.electronic.cache.dao.CachedObjectDAOImplTest.tearDown(CachedObjectDAOImplTest.java:88)
Caused by: java.net.ConnectException: Connection refused
	at java.net.PlainSocketImpl.socketConnect(Native Method)
	at java.net.PlainSocketImpl.doConnect(PlainSocketImpl.java:333)
	at java.net.PlainSocketImpl.connectToAddress(PlainSocketImpl.java:195)
	at java.net.PlainSocketImpl.connect(PlainSocketImpl.java:182)
	at java.net.SocksSocketImpl.connect(SocksSocketImpl.java:366)
	at java.net.Socket.connect(Socket.java:529)
	at com.ibm.db2.jcc.t4.y.run(y.java:34)
	at java.security.AccessController.doPrivileged(Native Method)
	at com.ibm.db2.jcc.t4.xb.a(xb.java:372)
</error>
  </testcase>
  <testcase classname="com.ibm.support.electronic.cache.dao.CachedObjectDAOImplTest" name="testSave1" time="0.014">
    <error message="[jcc][t4][2043][11550][3.57.82] Exception java.net.ConnectException : Erreur lors de l&apos;ouverture du socket vers le serveur /127.0.0.1 sur le port 50 000 avec le message : Connection refused. ERRORCODE=-4499, SQLSTATE=08001" type="com.ibm.db2.jcc.am.yn">com.ibm.db2.jcc.am.yn: [jcc][t4][2043][11550][3.57.82] Exception java.net.ConnectException : Erreur lors de l&apos;ouverture du socket vers le serveur /127.0.0.1 sur le port 50 000 avec le message : Connection refused. ERRORCODE=-4499, SQLSTATE=08001
	at com.ibm.db2.jcc.am.bd.a(bd.java:319)
	at com.ibm.db2.jcc.am.bd.a(bd.java:337)
	at com.ibm.db2.jcc.t4.xb.a(xb.java:378)
	at com.ibm.db2.jcc.t4.xb.&lt;init&gt;(xb.java:76)
	at com.ibm.db2.jcc.t4.a.y(a.java:263)
	at com.ibm.db2.jcc.t4.b.a(b.java:1787)
	at com.ibm.db2.jcc.am.jb.a(jb.java:540)
	at com.ibm.db2.jcc.am.jb.&lt;init&gt;(jb.java:496)
	at com.ibm.db2.jcc.t4.b.&lt;init&gt;(b.java:308)
	at com.ibm.db2.jcc.DB2SimpleDataSource.getConnection(DB2SimpleDataSource.java:214)
	at com.ibm.db2.jcc.DB2Driver.connect(DB2Driver.java:224)
	at java.sql.DriverManager.getConnection(DriverManager.java:582)
	at java.sql.DriverManager.getConnection(DriverManager.java:154)
	at com.ibm.support.electronic.cache.TestHelper.getConnection(TestHelper.java:212)
	at com.ibm.support.electronic.cache.TestHelper.executeUpdate(TestHelper.java:179)
	at com.ibm.support.electronic.cache.TestHelper.initDB(TestHelper.java:227)
	at com.ibm.support.electronic.cache.dao.CachedObjectDAOImplTest.setUp(CachedObjectDAOImplTest.java:74)
Caused by: java.net.ConnectException: Connection refused
	at java.net.PlainSocketImpl.socketConnect(Native Method)
	at java.net.PlainSocketImpl.doConnect(PlainSocketImpl.java:333)
	at java.net.PlainSocketImpl.connectToAddress(PlainSocketImpl.java:195)
	at java.net.PlainSocketImpl.connect(PlainSocketImpl.java:182)
	at java.net.SocksSocketImpl.connect(SocksSocketImpl.java:366)
	at java.net.Socket.connect(Socket.java:529)
	at com.ibm.db2.jcc.t4.y.run(y.java:34)
	at java.security.AccessController.doPrivileged(Native Method)
	at com.ibm.db2.jcc.t4.xb.a(xb.java:372)
</error>
    <error message="[jcc][t4][2043][11550][3.57.82] Exception java.net.ConnectException : Erreur lors de l&apos;ouverture du socket vers le serveur /127.0.0.1 sur le port 50 000 avec le message : Connection refused. ERRORCODE=-4499, SQLSTATE=08001" type="com.ibm.db2.jcc.am.yn">com.ibm.db2.jcc.am.yn: [jcc][t4][2043][11550][3.57.82] Exception java.net.ConnectException : Erreur lors de l&apos;ouverture du socket vers le serveur /127.0.0.1 sur le port 50 000 avec le message : Connection refused. ERRORCODE=-4499, SQLSTATE=08001
	at com.ibm.db2.jcc.am.bd.a(bd.java:319)
	at com.ibm.db2.jcc.am.bd.a(bd.java:337)
	at com.ibm.db2.jcc.t4.xb.a(xb.java:378)
	at com.ibm.db2.jcc.t4.xb.&lt;init&gt;(xb.java:76)
	at com.ibm.db2.jcc.t4.a.y(a.java:263)
	at com.ibm.db2.jcc.t4.b.a(b.java:1787)
	at com.ibm.db2.jcc.am.jb.a(jb.java:540)
	at com.ibm.db2.jcc.am.jb.&lt;init&gt;(jb.java:496)
	at com.ibm.db2.jcc.t4.b.&lt;init&gt;(b.java:308)
	at com.ibm.db2.jcc.DB2SimpleDataSource.getConnection(DB2SimpleDataSource.java:214)
	at com.ibm.db2.jcc.DB2Driver.connect(DB2Driver.java:224)
	at java.sql.DriverManager.getConnection(DriverManager.java:582)
	at java.sql.DriverManager.getConnection(DriverManager.java:154)
	at com.ibm.support.electronic.cache.TestHelper.getConnection(TestHelper.java:212)
	at com.ibm.support.electronic.cache.TestHelper.executeUpdate(TestHelper.java:179)
	at com.ibm.support.electronic.cache.TestHelper.clearDB(TestHelper.java:238)
	at com.ibm.support.electronic.cache.dao.CachedObjectDAOImplTest.tearDown(CachedObjectDAOImplTest.java:88)
Caused by: java.net.ConnectException: Connection refused
	at java.net.PlainSocketImpl.socketConnect(Native Method)
	at java.net.PlainSocketImpl.doConnect(PlainSocketImpl.java:333)
	at java.net.PlainSocketImpl.connectToAddress(PlainSocketImpl.java:195)
	at java.net.PlainSocketImpl.connect(PlainSocketImpl.java:182)
	at java.net.SocksSocketImpl.connect(SocksSocketImpl.java:366)
	at java.net.Socket.connect(Socket.java:529)
	at com.ibm.db2.jcc.t4.y.run(y.java:34)
	at java.security.AccessController.doPrivileged(Native Method)
	at com.ibm.db2.jcc.t4.xb.a(xb.java:372)
</error>
  </testcase>
  <testcase classname="com.ibm.support.electronic.cache.dao.CachedObjectDAOImplTest" name="testSave2" time="0.0040">
    <error message="[jcc][t4][2043][11550][3.57.82] Exception java.net.ConnectException : Erreur lors de l&apos;ouverture du socket vers le serveur /127.0.0.1 sur le port 50 000 avec le message : Connection refused. ERRORCODE=-4499, SQLSTATE=08001" type="com.ibm.db2.jcc.am.yn">com.ibm.db2.jcc.am.yn: [jcc][t4][2043][11550][3.57.82] Exception java.net.ConnectException : Erreur lors de l&apos;ouverture du socket vers le serveur /127.0.0.1 sur le port 50 000 avec le message : Connection refused. ERRORCODE=-4499, SQLSTATE=08001
	at com.ibm.db2.jcc.am.bd.a(bd.java:319)
	at com.ibm.db2.jcc.am.bd.a(bd.java:337)
	at com.ibm.db2.jcc.t4.xb.a(xb.java:378)
	at com.ibm.db2.jcc.t4.xb.&lt;init&gt;(xb.java:76)
	at com.ibm.db2.jcc.t4.a.y(a.java:263)
	at com.ibm.db2.jcc.t4.b.a(b.java:1787)
	at com.ibm.db2.jcc.am.jb.a(jb.java:540)
	at com.ibm.db2.jcc.am.jb.&lt;init&gt;(jb.java:496)
	at com.ibm.db2.jcc.t4.b.&lt;init&gt;(b.java:308)
	at com.ibm.db2.jcc.DB2SimpleDataSource.getConnection(DB2SimpleDataSource.java:214)
	at com.ibm.db2.jcc.DB2Driver.connect(DB2Driver.java:224)
	at java.sql.DriverManager.getConnection(DriverManager.java:582)
	at java.sql.DriverManager.getConnection(DriverManager.java:154)
	at com.ibm.support.electronic.cache.TestHelper.getConnection(TestHelper.java:212)
	at com.ibm.support.electronic.cache.TestHelper.executeUpdate(TestHelper.java:179)
	at com.ibm.support.electronic.cache.TestHelper.initDB(TestHelper.java:227)
	at com.ibm.support.electronic.cache.dao.CachedObjectDAOImplTest.setUp(CachedObjectDAOImplTest.java:74)
Caused by: java.net.ConnectException: Connection refused
	at java.net.PlainSocketImpl.socketConnect(Native Method)
	at java.net.PlainSocketImpl.doConnect(PlainSocketImpl.java:333)
	at java.net.PlainSocketImpl.connectToAddress(PlainSocketImpl.java:195)
	at java.net.PlainSocketImpl.connect(PlainSocketImpl.java:182)
	at java.net.SocksSocketImpl.connect(SocksSocketImpl.java:366)
	at java.net.Socket.connect(Socket.java:529)
	at com.ibm.db2.jcc.t4.y.run(y.java:34)
	at java.security.AccessController.doPrivileged(Native Method)
	at com.ibm.db2.jcc.t4.xb.a(xb.java:372)
</error>
    <error message="[jcc][t4][2043][11550][3.57.82] Exception java.net.ConnectException : Erreur lors de l&apos;ouverture du socket vers le serveur /127.0.0.1 sur le port 50 000 avec le message : Connection refused. ERRORCODE=-4499, SQLSTATE=08001" type="com.ibm.db2.jcc.am.yn">com.ibm.db2.jcc.am.yn: [jcc][t4][2043][11550][3.57.82] Exception java.net.ConnectException : Erreur lors de l&apos;ouverture du socket vers le serveur /127.0.0.1 sur le port 50 000 avec le message : Connection refused. ERRORCODE=-4499, SQLSTATE=08001
	at com.ibm.db2.jcc.am.bd.a(bd.java:319)
	at com.ibm.db2.jcc.am.bd.a(bd.java:337)
	at com.ibm.db2.jcc.t4.xb.a(xb.java:378)
	at com.ibm.db2.jcc.t4.xb.&lt;init&gt;(xb.java:76)
	at com.ibm.db2.jcc.t4.a.y(a.java:263)
	at com.ibm.db2.jcc.t4.b.a(b.java:1787)
	at com.ibm.db2.jcc.am.jb.a(jb.java:540)
	at com.ibm.db2.jcc.am.jb.&lt;init&gt;(jb.java:496)
	at com.ibm.db2.jcc.t4.b.&lt;init&gt;(b.java:308)
	at com.ibm.db2.jcc.DB2SimpleDataSource.getConnection(DB2SimpleDataSource.java:214)
	at com.ibm.db2.jcc.DB2Driver.connect(DB2Driver.java:224)
	at java.sql.DriverManager.getConnection(DriverManager.java:582)
	at java.sql.DriverManager.getConnection(DriverManager.java:154)
	at com.ibm.support.electronic.cache.TestHelper.getConnection(TestHelper.java:212)
	at com.ibm.support.electronic.cache.TestHelper.executeUpdate(TestHelper.java:179)
	at com.ibm.support.electronic.cache.TestHelper.clearDB(TestHelper.java:238)
	at com.ibm.support.electronic.cache.dao.CachedObjectDAOImplTest.tearDown(CachedObjectDAOImplTest.java:88)
Caused by: java.net.ConnectException: Connection refused
	at java.net.PlainSocketImpl.socketConnect(Native Method)
	at java.net.PlainSocketImpl.doConnect(PlainSocketImpl.java:333)
	at java.net.PlainSocketImpl.connectToAddress(PlainSocketImpl.java:195)
	at java.net.PlainSocketImpl.connect(PlainSocketImpl.java:182)
	at java.net.SocksSocketImpl.connect(SocksSocketImpl.java:366)
	at java.net.Socket.connect(Socket.java:529)
	at com.ibm.db2.jcc.t4.y.run(y.java:34)
	at java.security.AccessController.doPrivileged(Native Method)
	at com.ibm.db2.jcc.t4.xb.a(xb.java:372)
</error>
  </testcase>
  <testcase classname="com.ibm.support.electronic.cache.dao.CachedObjectDAOImplTest" name="testSave_NullCachedObject" time="0.0040">
    <error message="[jcc][t4][2043][11550][3.57.82] Exception java.net.ConnectException : Erreur lors de l&apos;ouverture du socket vers le serveur /127.0.0.1 sur le port 50 000 avec le message : Connection refused. ERRORCODE=-4499, SQLSTATE=08001" type="com.ibm.db2.jcc.am.yn">com.ibm.db2.jcc.am.yn: [jcc][t4][2043][11550][3.57.82] Exception java.net.ConnectException : Erreur lors de l&apos;ouverture du socket vers le serveur /127.0.0.1 sur le port 50 000 avec le message : Connection refused. ERRORCODE=-4499, SQLSTATE=08001
	at com.ibm.db2.jcc.am.bd.a(bd.java:319)
	at com.ibm.db2.jcc.am.bd.a(bd.java:337)
	at com.ibm.db2.jcc.t4.xb.a(xb.java:378)
	at com.ibm.db2.jcc.t4.xb.&lt;init&gt;(xb.java:76)
	at com.ibm.db2.jcc.t4.a.y(a.java:263)
	at com.ibm.db2.jcc.t4.b.a(b.java:1787)
	at com.ibm.db2.jcc.am.jb.a(jb.java:540)
	at com.ibm.db2.jcc.am.jb.&lt;init&gt;(jb.java:496)
	at com.ibm.db2.jcc.t4.b.&lt;init&gt;(b.java:308)
	at com.ibm.db2.jcc.DB2SimpleDataSource.getConnection(DB2SimpleDataSource.java:214)
	at com.ibm.db2.jcc.DB2Driver.connect(DB2Driver.java:224)
	at java.sql.DriverManager.getConnection(DriverManager.java:582)
	at java.sql.DriverManager.getConnection(DriverManager.java:154)
	at com.ibm.support.electronic.cache.TestHelper.getConnection(TestHelper.java:212)
	at com.ibm.support.electronic.cache.TestHelper.executeUpdate(TestHelper.java:179)
	at com.ibm.support.electronic.cache.TestHelper.initDB(TestHelper.java:227)
	at com.ibm.support.electronic.cache.dao.CachedObjectDAOImplTest.setUp(CachedObjectDAOImplTest.java:74)
Caused by: java.net.ConnectException: Connection refused
	at java.net.PlainSocketImpl.socketConnect(Native Method)
	at java.net.PlainSocketImpl.doConnect(PlainSocketImpl.java:333)
	at java.net.PlainSocketImpl.connectToAddress(PlainSocketImpl.java:195)
	at java.net.PlainSocketImpl.connect(PlainSocketImpl.java:182)
	at java.net.SocksSocketImpl.connect(SocksSocketImpl.java:366)
	at java.net.Socket.connect(Socket.java:529)
	at com.ibm.db2.jcc.t4.y.run(y.java:34)
	at java.security.AccessController.doPrivileged(Native Method)
	at com.ibm.db2.jcc.t4.xb.a(xb.java:372)
</error>
    <error message="[jcc][t4][2043][11550][3.57.82] Exception java.net.ConnectException : Erreur lors de l&apos;ouverture du socket vers le serveur /127.0.0.1 sur le port 50 000 avec le message : Connection refused. ERRORCODE=-4499, SQLSTATE=08001" type="com.ibm.db2.jcc.am.yn">com.ibm.db2.jcc.am.yn: [jcc][t4][2043][11550][3.57.82] Exception java.net.ConnectException : Erreur lors de l&apos;ouverture du socket vers le serveur /127.0.0.1 sur le port 50 000 avec le message : Connection refused. ERRORCODE=-4499, SQLSTATE=08001
	at com.ibm.db2.jcc.am.bd.a(bd.java:319)
	at com.ibm.db2.jcc.am.bd.a(bd.java:337)
	at com.ibm.db2.jcc.t4.xb.a(xb.java:378)
	at com.ibm.db2.jcc.t4.xb.&lt;init&gt;(xb.java:76)
	at com.ibm.db2.jcc.t4.a.y(a.java:263)
	at com.ibm.db2.jcc.t4.b.a(b.java:1787)
	at com.ibm.db2.jcc.am.jb.a(jb.java:540)
	at com.ibm.db2.jcc.am.jb.&lt;init&gt;(jb.java:496)
	at com.ibm.db2.jcc.t4.b.&lt;init&gt;(b.java:308)
	at com.ibm.db2.jcc.DB2SimpleDataSource.getConnection(DB2SimpleDataSource.java:214)
	at com.ibm.db2.jcc.DB2Driver.connect(DB2Driver.java:224)
	at java.sql.DriverManager.getConnection(DriverManager.java:582)
	at java.sql.DriverManager.getConnection(DriverManager.java:154)
	at com.ibm.support.electronic.cache.TestHelper.getConnection(TestHelper.java:212)
	at com.ibm.support.electronic.cache.TestHelper.executeUpdate(TestHelper.java:179)
	at com.ibm.support.electronic.cache.TestHelper.clearDB(TestHelper.java:238)
	at com.ibm.support.electronic.cache.dao.CachedObjectDAOImplTest.tearDown(CachedObjectDAOImplTest.java:88)
Caused by: java.net.ConnectException: Connection refused
	at java.net.PlainSocketImpl.socketConnect(Native Method)
	at java.net.PlainSocketImpl.doConnect(PlainSocketImpl.java:333)
	at java.net.PlainSocketImpl.connectToAddress(PlainSocketImpl.java:195)
	at java.net.PlainSocketImpl.connect(PlainSocketImpl.java:182)
	at java.net.SocksSocketImpl.connect(SocksSocketImpl.java:366)
	at java.net.Socket.connect(Socket.java:529)
	at com.ibm.db2.jcc.t4.y.run(y.java:34)
	at java.security.AccessController.doPrivileged(Native Method)
	at com.ibm.db2.jcc.t4.xb.a(xb.java:372)
</error>
  </testcase>
  <testcase classname="com.ibm.support.electronic.cache.dao.CachedObjectDAOImplTest" name="testSave_ConnectionFail" time="0.0040">
    <error message="[jcc][t4][2043][11550][3.57.82] Exception java.net.ConnectException : Erreur lors de l&apos;ouverture du socket vers le serveur /127.0.0.1 sur le port 50 000 avec le message : Connection refused. ERRORCODE=-4499, SQLSTATE=08001" type="com.ibm.db2.jcc.am.yn">com.ibm.db2.jcc.am.yn: [jcc][t4][2043][11550][3.57.82] Exception java.net.ConnectException : Erreur lors de l&apos;ouverture du socket vers le serveur /127.0.0.1 sur le port 50 000 avec le message : Connection refused. ERRORCODE=-4499, SQLSTATE=08001
	at com.ibm.db2.jcc.am.bd.a(bd.java:319)
	at com.ibm.db2.jcc.am.bd.a(bd.java:337)
	at com.ibm.db2.jcc.t4.xb.a(xb.java:378)
	at com.ibm.db2.jcc.t4.xb.&lt;init&gt;(xb.java:76)
	at com.ibm.db2.jcc.t4.a.y(a.java:263)
	at com.ibm.db2.jcc.t4.b.a(b.java:1787)
	at com.ibm.db2.jcc.am.jb.a(jb.java:540)
	at com.ibm.db2.jcc.am.jb.&lt;init&gt;(jb.java:496)
	at com.ibm.db2.jcc.t4.b.&lt;init&gt;(b.java:308)
	at com.ibm.db2.jcc.DB2SimpleDataSource.getConnection(DB2SimpleDataSource.java:214)
	at com.ibm.db2.jcc.DB2Driver.connect(DB2Driver.java:224)
	at java.sql.DriverManager.getConnection(DriverManager.java:582)
	at java.sql.DriverManager.getConnection(DriverManager.java:154)
	at com.ibm.support.electronic.cache.TestHelper.getConnection(TestHelper.java:212)
	at com.ibm.support.electronic.cache.TestHelper.executeUpdate(TestHelper.java:179)
	at com.ibm.support.electronic.cache.TestHelper.initDB(TestHelper.java:227)
	at com.ibm.support.electronic.cache.dao.CachedObjectDAOImplTest.setUp(CachedObjectDAOImplTest.java:74)
Caused by: java.net.ConnectException: Connection refused
	at java.net.PlainSocketImpl.socketConnect(Native Method)
	at java.net.PlainSocketImpl.doConnect(PlainSocketImpl.java:333)
	at java.net.PlainSocketImpl.connectToAddress(PlainSocketImpl.java:195)
	at java.net.PlainSocketImpl.connect(PlainSocketImpl.java:182)
	at java.net.SocksSocketImpl.connect(SocksSocketImpl.java:366)
	at java.net.Socket.connect(Socket.java:529)
	at com.ibm.db2.jcc.t4.y.run(y.java:34)
	at java.security.AccessController.doPrivileged(Native Method)
	at com.ibm.db2.jcc.t4.xb.a(xb.java:372)
</error>
    <error message="[jcc][t4][2043][11550][3.57.82] Exception java.net.ConnectException : Erreur lors de l&apos;ouverture du socket vers le serveur /127.0.0.1 sur le port 50 000 avec le message : Connection refused. ERRORCODE=-4499, SQLSTATE=08001" type="com.ibm.db2.jcc.am.yn">com.ibm.db2.jcc.am.yn: [jcc][t4][2043][11550][3.57.82] Exception java.net.ConnectException : Erreur lors de l&apos;ouverture du socket vers le serveur /127.0.0.1 sur le port 50 000 avec le message : Connection refused. ERRORCODE=-4499, SQLSTATE=08001
	at com.ibm.db2.jcc.am.bd.a(bd.java:319)
	at com.ibm.db2.jcc.am.bd.a(bd.java:337)
	at com.ibm.db2.jcc.t4.xb.a(xb.java:378)
	at com.ibm.db2.jcc.t4.xb.&lt;init&gt;(xb.java:76)
	at com.ibm.db2.jcc.t4.a.y(a.java:263)
	at com.ibm.db2.jcc.t4.b.a(b.java:1787)
	at com.ibm.db2.jcc.am.jb.a(jb.java:540)
	at com.ibm.db2.jcc.am.jb.&lt;init&gt;(jb.java:496)
	at com.ibm.db2.jcc.t4.b.&lt;init&gt;(b.java:308)
	at com.ibm.db2.jcc.DB2SimpleDataSource.getConnection(DB2SimpleDataSource.java:214)
	at com.ibm.db2.jcc.DB2Driver.connect(DB2Driver.java:224)
	at java.sql.DriverManager.getConnection(DriverManager.java:582)
	at java.sql.DriverManager.getConnection(DriverManager.java:154)
	at com.ibm.support.electronic.cache.TestHelper.getConnection(TestHelper.java:212)
	at com.ibm.support.electronic.cache.TestHelper.executeUpdate(TestHelper.java:179)
	at com.ibm.support.electronic.cache.TestHelper.clearDB(TestHelper.java:238)
	at com.ibm.support.electronic.cache.dao.CachedObjectDAOImplTest.tearDown(CachedObjectDAOImplTest.java:88)
Caused by: java.net.ConnectException: Connection refused
	at java.net.PlainSocketImpl.socketConnect(Native Method)
	at java.net.PlainSocketImpl.doConnect(PlainSocketImpl.java:333)
	at java.net.PlainSocketImpl.connectToAddress(PlainSocketImpl.java:195)
	at java.net.PlainSocketImpl.connect(PlainSocketImpl.java:182)
	at java.net.SocksSocketImpl.connect(SocksSocketImpl.java:366)
	at java.net.Socket.connect(Socket.java:529)
	at com.ibm.db2.jcc.t4.y.run(y.java:34)
	at java.security.AccessController.doPrivileged(Native Method)
	at com.ibm.db2.jcc.t4.xb.a(xb.java:372)
</error>
  </testcase>
  <testcase classname="com.ibm.support.electronic.cache.dao.CachedObjectDAOImplTest" name="testSave_PersistenceError" time="0.012">
    <error message="[jcc][t4][2043][11550][3.57.82] Exception java.net.ConnectException : Erreur lors de l&apos;ouverture du socket vers le serveur /127.0.0.1 sur le port 50 000 avec le message : Connection refused. ERRORCODE=-4499, SQLSTATE=08001" type="com.ibm.db2.jcc.am.yn">com.ibm.db2.jcc.am.yn: [jcc][t4][2043][11550][3.57.82] Exception java.net.ConnectException : Erreur lors de l&apos;ouverture du socket vers le serveur /127.0.0.1 sur le port 50 000 avec le message : Connection refused. ERRORCODE=-4499, SQLSTATE=08001
	at com.ibm.db2.jcc.am.bd.a(bd.java:319)
	at com.ibm.db2.jcc.am.bd.a(bd.java:337)
	at com.ibm.db2.jcc.t4.xb.a(xb.java:378)
	at com.ibm.db2.jcc.t4.xb.&lt;init&gt;(xb.java:76)
	at com.ibm.db2.jcc.t4.a.y(a.java:263)
	at com.ibm.db2.jcc.t4.b.a(b.java:1787)
	at com.ibm.db2.jcc.am.jb.a(jb.java:540)
	at com.ibm.db2.jcc.am.jb.&lt;init&gt;(jb.java:496)
	at com.ibm.db2.jcc.t4.b.&lt;init&gt;(b.java:308)
	at com.ibm.db2.jcc.DB2SimpleDataSource.getConnection(DB2SimpleDataSource.java:214)
	at com.ibm.db2.jcc.DB2Driver.connect(DB2Driver.java:224)
	at java.sql.DriverManager.getConnection(DriverManager.java:582)
	at java.sql.DriverManager.getConnection(DriverManager.java:154)
	at com.ibm.support.electronic.cache.TestHelper.getConnection(TestHelper.java:212)
	at com.ibm.support.electronic.cache.TestHelper.executeUpdate(TestHelper.java:179)
	at com.ibm.support.electronic.cache.TestHelper.initDB(TestHelper.java:227)
	at com.ibm.support.electronic.cache.dao.CachedObjectDAOImplTest.setUp(CachedObjectDAOImplTest.java:74)
Caused by: java.net.ConnectException: Connection refused
	at java.net.PlainSocketImpl.socketConnect(Native Method)
	at java.net.PlainSocketImpl.doConnect(PlainSocketImpl.java:333)
	at java.net.PlainSocketImpl.connectToAddress(PlainSocketImpl.java:195)
	at java.net.PlainSocketImpl.connect(PlainSocketImpl.java:182)
	at java.net.SocksSocketImpl.connect(SocksSocketImpl.java:366)
	at java.net.Socket.connect(Socket.java:529)
	at com.ibm.db2.jcc.t4.y.run(y.java:34)
	at java.security.AccessController.doPrivileged(Native Method)
	at com.ibm.db2.jcc.t4.xb.a(xb.java:372)
</error>
    <error message="[jcc][t4][2043][11550][3.57.82] Exception java.net.ConnectException : Erreur lors de l&apos;ouverture du socket vers le serveur /127.0.0.1 sur le port 50 000 avec le message : Connection refused. ERRORCODE=-4499, SQLSTATE=08001" type="com.ibm.db2.jcc.am.yn">com.ibm.db2.jcc.am.yn: [jcc][t4][2043][11550][3.57.82] Exception java.net.ConnectException : Erreur lors de l&apos;ouverture du socket vers le serveur /127.0.0.1 sur le port 50 000 avec le message : Connection refused. ERRORCODE=-4499, SQLSTATE=08001
	at com.ibm.db2.jcc.am.bd.a(bd.java:319)
	at com.ibm.db2.jcc.am.bd.a(bd.java:337)
	at com.ibm.db2.jcc.t4.xb.a(xb.java:378)
	at com.ibm.db2.jcc.t4.xb.&lt;init&gt;(xb.java:76)
	at com.ibm.db2.jcc.t4.a.y(a.java:263)
	at com.ibm.db2.jcc.t4.b.a(b.java:1787)
	at com.ibm.db2.jcc.am.jb.a(jb.java:540)
	at com.ibm.db2.jcc.am.jb.&lt;init&gt;(jb.java:496)
	at com.ibm.db2.jcc.t4.b.&lt;init&gt;(b.java:308)
	at com.ibm.db2.jcc.DB2SimpleDataSource.getConnection(DB2SimpleDataSource.java:214)
	at com.ibm.db2.jcc.DB2Driver.connect(DB2Driver.java:224)
	at java.sql.DriverManager.getConnection(DriverManager.java:582)
	at java.sql.DriverManager.getConnection(DriverManager.java:154)
	at com.ibm.support.electronic.cache.TestHelper.getConnection(TestHelper.java:212)
	at com.ibm.support.electronic.cache.TestHelper.executeUpdate(TestHelper.java:179)
	at com.ibm.support.electronic.cache.TestHelper.clearDB(TestHelper.java:238)
	at com.ibm.support.electronic.cache.dao.CachedObjectDAOImplTest.tearDown(CachedObjectDAOImplTest.java:88)
Caused by: java.net.ConnectException: Connection refused
	at java.net.PlainSocketImpl.socketConnect(Native Method)
	at java.net.PlainSocketImpl.doConnect(PlainSocketImpl.java:333)
	at java.net.PlainSocketImpl.connectToAddress(PlainSocketImpl.java:195)
	at java.net.PlainSocketImpl.connect(PlainSocketImpl.java:182)
	at java.net.SocksSocketImpl.connect(SocksSocketImpl.java:366)
	at java.net.Socket.connect(Socket.java:529)
	at com.ibm.db2.jcc.t4.y.run(y.java:34)
	at java.security.AccessController.doPrivileged(Native Method)
	at com.ibm.db2.jcc.t4.xb.a(xb.java:372)
</error>
  </testcase>
  <testcase classname="com.ibm.support.electronic.cache.dao.CachedObjectDAOImplTest" name="testDelete" time="0.0050">
    <error message="[jcc][t4][2043][11550][3.57.82] Exception java.net.ConnectException : Erreur lors de l&apos;ouverture du socket vers le serveur /127.0.0.1 sur le port 50 000 avec le message : Connection refused. ERRORCODE=-4499, SQLSTATE=08001" type="com.ibm.db2.jcc.am.yn">com.ibm.db2.jcc.am.yn: [jcc][t4][2043][11550][3.57.82] Exception java.net.ConnectException : Erreur lors de l&apos;ouverture du socket vers le serveur /127.0.0.1 sur le port 50 000 avec le message : Connection refused. ERRORCODE=-4499, SQLSTATE=08001
	at com.ibm.db2.jcc.am.bd.a(bd.java:319)
	at com.ibm.db2.jcc.am.bd.a(bd.java:337)
	at com.ibm.db2.jcc.t4.xb.a(xb.java:378)
	at com.ibm.db2.jcc.t4.xb.&lt;init&gt;(xb.java:76)
	at com.ibm.db2.jcc.t4.a.y(a.java:263)
	at com.ibm.db2.jcc.t4.b.a(b.java:1787)
	at com.ibm.db2.jcc.am.jb.a(jb.java:540)
	at com.ibm.db2.jcc.am.jb.&lt;init&gt;(jb.java:496)
	at com.ibm.db2.jcc.t4.b.&lt;init&gt;(b.java:308)
	at com.ibm.db2.jcc.DB2SimpleDataSource.getConnection(DB2SimpleDataSource.java:214)
	at com.ibm.db2.jcc.DB2Driver.connect(DB2Driver.java:224)
	at java.sql.DriverManager.getConnection(DriverManager.java:582)
	at java.sql.DriverManager.getConnection(DriverManager.java:154)
	at com.ibm.support.electronic.cache.TestHelper.getConnection(TestHelper.java:212)
	at com.ibm.support.electronic.cache.TestHelper.executeUpdate(TestHelper.java:179)
	at com.ibm.support.electronic.cache.TestHelper.initDB(TestHelper.java:227)
	at com.ibm.support.electronic.cache.dao.CachedObjectDAOImplTest.setUp(CachedObjectDAOImplTest.java:74)
Caused by: java.net.ConnectException: Connection refused
	at java.net.PlainSocketImpl.socketConnect(Native Method)
	at java.net.PlainSocketImpl.doConnect(PlainSocketImpl.java:333)
	at java.net.PlainSocketImpl.connectToAddress(PlainSocketImpl.java:195)
	at java.net.PlainSocketImpl.connect(PlainSocketImpl.java:182)
	at java.net.SocksSocketImpl.connect(SocksSocketImpl.java:366)
	at java.net.Socket.connect(Socket.java:529)
	at com.ibm.db2.jcc.t4.y.run(y.java:34)
	at java.security.AccessController.doPrivileged(Native Method)
	at com.ibm.db2.jcc.t4.xb.a(xb.java:372)
</error>
    <error message="[jcc][t4][2043][11550][3.57.82] Exception java.net.ConnectException : Erreur lors de l&apos;ouverture du socket vers le serveur /127.0.0.1 sur le port 50 000 avec le message : Connection refused. ERRORCODE=-4499, SQLSTATE=08001" type="com.ibm.db2.jcc.am.yn">com.ibm.db2.jcc.am.yn: [jcc][t4][2043][11550][3.57.82] Exception java.net.ConnectException : Erreur lors de l&apos;ouverture du socket vers le serveur /127.0.0.1 sur le port 50 000 avec le message : Connection refused. ERRORCODE=-4499, SQLSTATE=08001
	at com.ibm.db2.jcc.am.bd.a(bd.java:319)
	at com.ibm.db2.jcc.am.bd.a(bd.java:337)
	at com.ibm.db2.jcc.t4.xb.a(xb.java:378)
	at com.ibm.db2.jcc.t4.xb.&lt;init&gt;(xb.java:76)
	at com.ibm.db2.jcc.t4.a.y(a.java:263)
	at com.ibm.db2.jcc.t4.b.a(b.java:1787)
	at com.ibm.db2.jcc.am.jb.a(jb.java:540)
	at com.ibm.db2.jcc.am.jb.&lt;init&gt;(jb.java:496)
	at com.ibm.db2.jcc.t4.b.&lt;init&gt;(b.java:308)
	at com.ibm.db2.jcc.DB2SimpleDataSource.getConnection(DB2SimpleDataSource.java:214)
	at com.ibm.db2.jcc.DB2Driver.connect(DB2Driver.java:224)
	at java.sql.DriverManager.getConnection(DriverManager.java:582)
	at java.sql.DriverManager.getConnection(DriverManager.java:154)
	at com.ibm.support.electronic.cache.TestHelper.getConnection(TestHelper.java:212)
	at com.ibm.support.electronic.cache.TestHelper.executeUpdate(TestHelper.java:179)
	at com.ibm.support.electronic.cache.TestHelper.clearDB(TestHelper.java:238)
	at com.ibm.support.electronic.cache.dao.CachedObjectDAOImplTest.tearDown(CachedObjectDAOImplTest.java:88)
Caused by: java.net.ConnectException: Connection refused
	at java.net.PlainSocketImpl.socketConnect(Native Method)
	at java.net.PlainSocketImpl.doConnect(PlainSocketImpl.java:333)
	at java.net.PlainSocketImpl.connectToAddress(PlainSocketImpl.java:195)
	at java.net.PlainSocketImpl.connect(PlainSocketImpl.java:182)
	at java.net.SocksSocketImpl.connect(SocksSocketImpl.java:366)
	at java.net.Socket.connect(Socket.java:529)
	at com.ibm.db2.jcc.t4.y.run(y.java:34)
	at java.security.AccessController.doPrivileged(Native Method)
	at com.ibm.db2.jcc.t4.xb.a(xb.java:372)
</error>
  </testcase>
  <testcase classname="com.ibm.support.electronic.cache.dao.CachedObjectDAOImplTest" name="testDelete_NullCacheSetName" time="0.0040">
    <error message="[jcc][t4][2043][11550][3.57.82] Exception java.net.ConnectException : Erreur lors de l&apos;ouverture du socket vers le serveur /127.0.0.1 sur le port 50 000 avec le message : Connection refused. ERRORCODE=-4499, SQLSTATE=08001" type="com.ibm.db2.jcc.am.yn">com.ibm.db2.jcc.am.yn: [jcc][t4][2043][11550][3.57.82] Exception java.net.ConnectException : Erreur lors de l&apos;ouverture du socket vers le serveur /127.0.0.1 sur le port 50 000 avec le message : Connection refused. ERRORCODE=-4499, SQLSTATE=08001
	at com.ibm.db2.jcc.am.bd.a(bd.java:319)
	at com.ibm.db2.jcc.am.bd.a(bd.java:337)
	at com.ibm.db2.jcc.t4.xb.a(xb.java:378)
	at com.ibm.db2.jcc.t4.xb.&lt;init&gt;(xb.java:76)
	at com.ibm.db2.jcc.t4.a.y(a.java:263)
	at com.ibm.db2.jcc.t4.b.a(b.java:1787)
	at com.ibm.db2.jcc.am.jb.a(jb.java:540)
	at com.ibm.db2.jcc.am.jb.&lt;init&gt;(jb.java:496)
	at com.ibm.db2.jcc.t4.b.&lt;init&gt;(b.java:308)
	at com.ibm.db2.jcc.DB2SimpleDataSource.getConnection(DB2SimpleDataSource.java:214)
	at com.ibm.db2.jcc.DB2Driver.connect(DB2Driver.java:224)
	at java.sql.DriverManager.getConnection(DriverManager.java:582)
	at java.sql.DriverManager.getConnection(DriverManager.java:154)
	at com.ibm.support.electronic.cache.TestHelper.getConnection(TestHelper.java:212)
	at com.ibm.support.electronic.cache.TestHelper.executeUpdate(TestHelper.java:179)
	at com.ibm.support.electronic.cache.TestHelper.initDB(TestHelper.java:227)
	at com.ibm.support.electronic.cache.dao.CachedObjectDAOImplTest.setUp(CachedObjectDAOImplTest.java:74)
Caused by: java.net.ConnectException: Connection refused
	at java.net.PlainSocketImpl.socketConnect(Native Method)
	at java.net.PlainSocketImpl.doConnect(PlainSocketImpl.java:333)
	at java.net.PlainSocketImpl.connectToAddress(PlainSocketImpl.java:195)
	at java.net.PlainSocketImpl.connect(PlainSocketImpl.java:182)
	at java.net.SocksSocketImpl.connect(SocksSocketImpl.java:366)
	at java.net.Socket.connect(Socket.java:529)
	at com.ibm.db2.jcc.t4.y.run(y.java:34)
	at java.security.AccessController.doPrivileged(Native Method)
	at com.ibm.db2.jcc.t4.xb.a(xb.java:372)
</error>
    <error message="[jcc][t4][2043][11550][3.57.82] Exception java.net.ConnectException : Erreur lors de l&apos;ouverture du socket vers le serveur /127.0.0.1 sur le port 50 000 avec le message : Connection refused. ERRORCODE=-4499, SQLSTATE=08001" type="com.ibm.db2.jcc.am.yn">com.ibm.db2.jcc.am.yn: [jcc][t4][2043][11550][3.57.82] Exception java.net.ConnectException : Erreur lors de l&apos;ouverture du socket vers le serveur /127.0.0.1 sur le port 50 000 avec le message : Connection refused. ERRORCODE=-4499, SQLSTATE=08001
	at com.ibm.db2.jcc.am.bd.a(bd.java:319)
	at com.ibm.db2.jcc.am.bd.a(bd.java:337)
	at com.ibm.db2.jcc.t4.xb.a(xb.java:378)
	at com.ibm.db2.jcc.t4.xb.&lt;init&gt;(xb.java:76)
	at com.ibm.db2.jcc.t4.a.y(a.java:263)
	at com.ibm.db2.jcc.t4.b.a(b.java:1787)
	at com.ibm.db2.jcc.am.jb.a(jb.java:540)
	at com.ibm.db2.jcc.am.jb.&lt;init&gt;(jb.java:496)
	at com.ibm.db2.jcc.t4.b.&lt;init&gt;(b.java:308)
	at com.ibm.db2.jcc.DB2SimpleDataSource.getConnection(DB2SimpleDataSource.java:214)
	at com.ibm.db2.jcc.DB2Driver.connect(DB2Driver.java:224)
	at java.sql.DriverManager.getConnection(DriverManager.java:582)
	at java.sql.DriverManager.getConnection(DriverManager.java:154)
	at com.ibm.support.electronic.cache.TestHelper.getConnection(TestHelper.java:212)
	at com.ibm.support.electronic.cache.TestHelper.executeUpdate(TestHelper.java:179)
	at com.ibm.support.electronic.cache.TestHelper.clearDB(TestHelper.java:238)
	at com.ibm.support.electronic.cache.dao.CachedObjectDAOImplTest.tearDown(CachedObjectDAOImplTest.java:88)
Caused by: java.net.ConnectException: Connection refused
	at java.net.PlainSocketImpl.socketConnect(Native Method)
	at java.net.PlainSocketImpl.doConnect(PlainSocketImpl.java:333)
	at java.net.PlainSocketImpl.connectToAddress(PlainSocketImpl.java:195)
	at java.net.PlainSocketImpl.connect(PlainSocketImpl.java:182)
	at java.net.SocksSocketImpl.connect(SocksSocketImpl.java:366)
	at java.net.Socket.connect(Socket.java:529)
	at com.ibm.db2.jcc.t4.y.run(y.java:34)
	at java.security.AccessController.doPrivileged(Native Method)
	at com.ibm.db2.jcc.t4.xb.a(xb.java:372)
</error>
  </testcase>
  <testcase classname="com.ibm.support.electronic.cache.dao.CachedObjectDAOImplTest" name="testDelete_EmptyCacheSetName" time="0.0040">
    <error message="[jcc][t4][2043][11550][3.57.82] Exception java.net.ConnectException : Erreur lors de l&apos;ouverture du socket vers le serveur /127.0.0.1 sur le port 50 000 avec le message : Connection refused. ERRORCODE=-4499, SQLSTATE=08001" type="com.ibm.db2.jcc.am.yn">com.ibm.db2.jcc.am.yn: [jcc][t4][2043][11550][3.57.82] Exception java.net.ConnectException : Erreur lors de l&apos;ouverture du socket vers le serveur /127.0.0.1 sur le port 50 000 avec le message : Connection refused. ERRORCODE=-4499, SQLSTATE=08001
	at com.ibm.db2.jcc.am.bd.a(bd.java:319)
	at com.ibm.db2.jcc.am.bd.a(bd.java:337)
	at com.ibm.db2.jcc.t4.xb.a(xb.java:378)
	at com.ibm.db2.jcc.t4.xb.&lt;init&gt;(xb.java:76)
	at com.ibm.db2.jcc.t4.a.y(a.java:263)
	at com.ibm.db2.jcc.t4.b.a(b.java:1787)
	at com.ibm.db2.jcc.am.jb.a(jb.java:540)
	at com.ibm.db2.jcc.am.jb.&lt;init&gt;(jb.java:496)
	at com.ibm.db2.jcc.t4.b.&lt;init&gt;(b.java:308)
	at com.ibm.db2.jcc.DB2SimpleDataSource.getConnection(DB2SimpleDataSource.java:214)
	at com.ibm.db2.jcc.DB2Driver.connect(DB2Driver.java:224)
	at java.sql.DriverManager.getConnection(DriverManager.java:582)
	at java.sql.DriverManager.getConnection(DriverManager.java:154)
	at com.ibm.support.electronic.cache.TestHelper.getConnection(TestHelper.java:212)
	at com.ibm.support.electronic.cache.TestHelper.executeUpdate(TestHelper.java:179)
	at com.ibm.support.electronic.cache.TestHelper.initDB(TestHelper.java:227)
	at com.ibm.support.electronic.cache.dao.CachedObjectDAOImplTest.setUp(CachedObjectDAOImplTest.java:74)
Caused by: java.net.ConnectException: Connection refused
	at java.net.PlainSocketImpl.socketConnect(Native Method)
	at java.net.PlainSocketImpl.doConnect(PlainSocketImpl.java:333)
	at java.net.PlainSocketImpl.connectToAddress(PlainSocketImpl.java:195)
	at java.net.PlainSocketImpl.connect(PlainSocketImpl.java:182)
	at java.net.SocksSocketImpl.connect(SocksSocketImpl.java:366)
	at java.net.Socket.connect(Socket.java:529)
	at com.ibm.db2.jcc.t4.y.run(y.java:34)
	at java.security.AccessController.doPrivileged(Native Method)
	at com.ibm.db2.jcc.t4.xb.a(xb.java:372)
</error>
    <error message="[jcc][t4][2043][11550][3.57.82] Exception java.net.ConnectException : Erreur lors de l&apos;ouverture du socket vers le serveur /127.0.0.1 sur le port 50 000 avec le message : Connection refused. ERRORCODE=-4499, SQLSTATE=08001" type="com.ibm.db2.jcc.am.yn">com.ibm.db2.jcc.am.yn: [jcc][t4][2043][11550][3.57.82] Exception java.net.ConnectException : Erreur lors de l&apos;ouverture du socket vers le serveur /127.0.0.1 sur le port 50 000 avec le message : Connection refused. ERRORCODE=-4499, SQLSTATE=08001
	at com.ibm.db2.jcc.am.bd.a(bd.java:319)
	at com.ibm.db2.jcc.am.bd.a(bd.java:337)
	at com.ibm.db2.jcc.t4.xb.a(xb.java:378)
	at com.ibm.db2.jcc.t4.xb.&lt;init&gt;(xb.java:76)
	at com.ibm.db2.jcc.t4.a.y(a.java:263)
	at com.ibm.db2.jcc.t4.b.a(b.java:1787)
	at com.ibm.db2.jcc.am.jb.a(jb.java:540)
	at com.ibm.db2.jcc.am.jb.&lt;init&gt;(jb.java:496)
	at com.ibm.db2.jcc.t4.b.&lt;init&gt;(b.java:308)
	at com.ibm.db2.jcc.DB2SimpleDataSource.getConnection(DB2SimpleDataSource.java:214)
	at com.ibm.db2.jcc.DB2Driver.connect(DB2Driver.java:224)
	at java.sql.DriverManager.getConnection(DriverManager.java:582)
	at java.sql.DriverManager.getConnection(DriverManager.java:154)
	at com.ibm.support.electronic.cache.TestHelper.getConnection(TestHelper.java:212)
	at com.ibm.support.electronic.cache.TestHelper.executeUpdate(TestHelper.java:179)
	at com.ibm.support.electronic.cache.TestHelper.clearDB(TestHelper.java:238)
	at com.ibm.support.electronic.cache.dao.CachedObjectDAOImplTest.tearDown(CachedObjectDAOImplTest.java:88)
Caused by: java.net.ConnectException: Connection refused
	at java.net.PlainSocketImpl.socketConnect(Native Method)
	at java.net.PlainSocketImpl.doConnect(PlainSocketImpl.java:333)
	at java.net.PlainSocketImpl.connectToAddress(PlainSocketImpl.java:195)
	at java.net.PlainSocketImpl.connect(PlainSocketImpl.java:182)
	at java.net.SocksSocketImpl.connect(SocksSocketImpl.java:366)
	at java.net.Socket.connect(Socket.java:529)
	at com.ibm.db2.jcc.t4.y.run(y.java:34)
	at java.security.AccessController.doPrivileged(Native Method)
	at com.ibm.db2.jcc.t4.xb.a(xb.java:372)
</error>
  </testcase>
  <testcase classname="com.ibm.support.electronic.cache.dao.CachedObjectDAOImplTest" name="testDelete_NullId" time="0.013">
    <error message="[jcc][t4][2043][11550][3.57.82] Exception java.net.ConnectException : Erreur lors de l&apos;ouverture du socket vers le serveur /127.0.0.1 sur le port 50 000 avec le message : Connection refused. ERRORCODE=-4499, SQLSTATE=08001" type="com.ibm.db2.jcc.am.yn">com.ibm.db2.jcc.am.yn: [jcc][t4][2043][11550][3.57.82] Exception java.net.ConnectException : Erreur lors de l&apos;ouverture du socket vers le serveur /127.0.0.1 sur le port 50 000 avec le message : Connection refused. ERRORCODE=-4499, SQLSTATE=08001
	at com.ibm.db2.jcc.am.bd.a(bd.java:319)
	at com.ibm.db2.jcc.am.bd.a(bd.java:337)
	at com.ibm.db2.jcc.t4.xb.a(xb.java:378)
	at com.ibm.db2.jcc.t4.xb.&lt;init&gt;(xb.java:76)
	at com.ibm.db2.jcc.t4.a.y(a.java:263)
	at com.ibm.db2.jcc.t4.b.a(b.java:1787)
	at com.ibm.db2.jcc.am.jb.a(jb.java:540)
	at com.ibm.db2.jcc.am.jb.&lt;init&gt;(jb.java:496)
	at com.ibm.db2.jcc.t4.b.&lt;init&gt;(b.java:308)
	at com.ibm.db2.jcc.DB2SimpleDataSource.getConnection(DB2SimpleDataSource.java:214)
	at com.ibm.db2.jcc.DB2Driver.connect(DB2Driver.java:224)
	at java.sql.DriverManager.getConnection(DriverManager.java:582)
	at java.sql.DriverManager.getConnection(DriverManager.java:154)
	at com.ibm.support.electronic.cache.TestHelper.getConnection(TestHelper.java:212)
	at com.ibm.support.electronic.cache.TestHelper.executeUpdate(TestHelper.java:179)
	at com.ibm.support.electronic.cache.TestHelper.initDB(TestHelper.java:227)
	at com.ibm.support.electronic.cache.dao.CachedObjectDAOImplTest.setUp(CachedObjectDAOImplTest.java:74)
Caused by: java.net.ConnectException: Connection refused
	at java.net.PlainSocketImpl.socketConnect(Native Method)
	at java.net.PlainSocketImpl.doConnect(PlainSocketImpl.java:333)
	at java.net.PlainSocketImpl.connectToAddress(PlainSocketImpl.java:195)
	at java.net.PlainSocketImpl.connect(PlainSocketImpl.java:182)
	at java.net.SocksSocketImpl.connect(SocksSocketImpl.java:366)
	at java.net.Socket.connect(Socket.java:529)
	at com.ibm.db2.jcc.t4.y.run(y.java:34)
	at java.security.AccessController.doPrivileged(Native Method)
	at com.ibm.db2.jcc.t4.xb.a(xb.java:372)
</error>
    <error message="[jcc][t4][2043][11550][3.57.82] Exception java.net.ConnectException : Erreur lors de l&apos;ouverture du socket vers le serveur /127.0.0.1 sur le port 50 000 avec le message : Connection refused. ERRORCODE=-4499, SQLSTATE=08001" type="com.ibm.db2.jcc.am.yn">com.ibm.db2.jcc.am.yn: [jcc][t4][2043][11550][3.57.82] Exception java.net.ConnectException : Erreur lors de l&apos;ouverture du socket vers le serveur /127.0.0.1 sur le port 50 000 avec le message : Connection refused. ERRORCODE=-4499, SQLSTATE=08001
	at com.ibm.db2.jcc.am.bd.a(bd.java:319)
	at com.ibm.db2.jcc.am.bd.a(bd.java:337)
	at com.ibm.db2.jcc.t4.xb.a(xb.java:378)
	at com.ibm.db2.jcc.t4.xb.&lt;init&gt;(xb.java:76)
	at com.ibm.db2.jcc.t4.a.y(a.java:263)
	at com.ibm.db2.jcc.t4.b.a(b.java:1787)
	at com.ibm.db2.jcc.am.jb.a(jb.java:540)
	at com.ibm.db2.jcc.am.jb.&lt;init&gt;(jb.java:496)
	at com.ibm.db2.jcc.t4.b.&lt;init&gt;(b.java:308)
	at com.ibm.db2.jcc.DB2SimpleDataSource.getConnection(DB2SimpleDataSource.java:214)
	at com.ibm.db2.jcc.DB2Driver.connect(DB2Driver.java:224)
	at java.sql.DriverManager.getConnection(DriverManager.java:582)
	at java.sql.DriverManager.getConnection(DriverManager.java:154)
	at com.ibm.support.electronic.cache.TestHelper.getConnection(TestHelper.java:212)
	at com.ibm.support.electronic.cache.TestHelper.executeUpdate(TestHelper.java:179)
	at com.ibm.support.electronic.cache.TestHelper.clearDB(TestHelper.java:238)
	at com.ibm.support.electronic.cache.dao.CachedObjectDAOImplTest.tearDown(CachedObjectDAOImplTest.java:88)
Caused by: java.net.ConnectException: Connection refused
	at java.net.PlainSocketImpl.socketConnect(Native Method)
	at java.net.PlainSocketImpl.doConnect(PlainSocketImpl.java:333)
	at java.net.PlainSocketImpl.connectToAddress(PlainSocketImpl.java:195)
	at java.net.PlainSocketImpl.connect(PlainSocketImpl.java:182)
	at java.net.SocksSocketImpl.connect(SocksSocketImpl.java:366)
	at java.net.Socket.connect(Socket.java:529)
	at com.ibm.db2.jcc.t4.y.run(y.java:34)
	at java.security.AccessController.doPrivileged(Native Method)
	at com.ibm.db2.jcc.t4.xb.a(xb.java:372)
</error>
  </testcase>
  <testcase classname="com.ibm.support.electronic.cache.dao.CachedObjectDAOImplTest" name="testDelete_EmptyId" time="0.0040">
    <error message="[jcc][t4][2043][11550][3.57.82] Exception java.net.ConnectException : Erreur lors de l&apos;ouverture du socket vers le serveur /127.0.0.1 sur le port 50 000 avec le message : Connection refused. ERRORCODE=-4499, SQLSTATE=08001" type="com.ibm.db2.jcc.am.yn">com.ibm.db2.jcc.am.yn: [jcc][t4][2043][11550][3.57.82] Exception java.net.ConnectException : Erreur lors de l&apos;ouverture du socket vers le serveur /127.0.0.1 sur le port 50 000 avec le message : Connection refused. ERRORCODE=-4499, SQLSTATE=08001
	at com.ibm.db2.jcc.am.bd.a(bd.java:319)
	at com.ibm.db2.jcc.am.bd.a(bd.java:337)
	at com.ibm.db2.jcc.t4.xb.a(xb.java:378)
	at com.ibm.db2.jcc.t4.xb.&lt;init&gt;(xb.java:76)
	at com.ibm.db2.jcc.t4.a.y(a.java:263)
	at com.ibm.db2.jcc.t4.b.a(b.java:1787)
	at com.ibm.db2.jcc.am.jb.a(jb.java:540)
	at com.ibm.db2.jcc.am.jb.&lt;init&gt;(jb.java:496)
	at com.ibm.db2.jcc.t4.b.&lt;init&gt;(b.java:308)
	at com.ibm.db2.jcc.DB2SimpleDataSource.getConnection(DB2SimpleDataSource.java:214)
	at com.ibm.db2.jcc.DB2Driver.connect(DB2Driver.java:224)
	at java.sql.DriverManager.getConnection(DriverManager.java:582)
	at java.sql.DriverManager.getConnection(DriverManager.java:154)
	at com.ibm.support.electronic.cache.TestHelper.getConnection(TestHelper.java:212)
	at com.ibm.support.electronic.cache.TestHelper.executeUpdate(TestHelper.java:179)
	at com.ibm.support.electronic.cache.TestHelper.initDB(TestHelper.java:227)
	at com.ibm.support.electronic.cache.dao.CachedObjectDAOImplTest.setUp(CachedObjectDAOImplTest.java:74)
Caused by: java.net.ConnectException: Connection refused
	at java.net.PlainSocketImpl.socketConnect(Native Method)
	at java.net.PlainSocketImpl.doConnect(PlainSocketImpl.java:333)
	at java.net.PlainSocketImpl.connectToAddress(PlainSocketImpl.java:195)
	at java.net.PlainSocketImpl.connect(PlainSocketImpl.java:182)
	at java.net.SocksSocketImpl.connect(SocksSocketImpl.java:366)
	at java.net.Socket.connect(Socket.java:529)
	at com.ibm.db2.jcc.t4.y.run(y.java:34)
	at java.security.AccessController.doPrivileged(Native Method)
	at com.ibm.db2.jcc.t4.xb.a(xb.java:372)
</error>
    <error message="[jcc][t4][2043][11550][3.57.82] Exception java.net.ConnectException : Erreur lors de l&apos;ouverture du socket vers le serveur /127.0.0.1 sur le port 50 000 avec le message : Connection refused. ERRORCODE=-4499, SQLSTATE=08001" type="com.ibm.db2.jcc.am.yn">com.ibm.db2.jcc.am.yn: [jcc][t4][2043][11550][3.57.82] Exception java.net.ConnectException : Erreur lors de l&apos;ouverture du socket vers le serveur /127.0.0.1 sur le port 50 000 avec le message : Connection refused. ERRORCODE=-4499, SQLSTATE=08001
	at com.ibm.db2.jcc.am.bd.a(bd.java:319)
	at com.ibm.db2.jcc.am.bd.a(bd.java:337)
	at com.ibm.db2.jcc.t4.xb.a(xb.java:378)
	at com.ibm.db2.jcc.t4.xb.&lt;init&gt;(xb.java:76)
	at com.ibm.db2.jcc.t4.a.y(a.java:263)
	at com.ibm.db2.jcc.t4.b.a(b.java:1787)
	at com.ibm.db2.jcc.am.jb.a(jb.java:540)
	at com.ibm.db2.jcc.am.jb.&lt;init&gt;(jb.java:496)
	at com.ibm.db2.jcc.t4.b.&lt;init&gt;(b.java:308)
	at com.ibm.db2.jcc.DB2SimpleDataSource.getConnection(DB2SimpleDataSource.java:214)
	at com.ibm.db2.jcc.DB2Driver.connect(DB2Driver.java:224)
	at java.sql.DriverManager.getConnection(DriverManager.java:582)
	at java.sql.DriverManager.getConnection(DriverManager.java:154)
	at com.ibm.support.electronic.cache.TestHelper.getConnection(TestHelper.java:212)
	at com.ibm.support.electronic.cache.TestHelper.executeUpdate(TestHelper.java:179)
	at com.ibm.support.electronic.cache.TestHelper.clearDB(TestHelper.java:238)
	at com.ibm.support.electronic.cache.dao.CachedObjectDAOImplTest.tearDown(CachedObjectDAOImplTest.java:88)
Caused by: java.net.ConnectException: Connection refused
	at java.net.PlainSocketImpl.socketConnect(Native Method)
	at java.net.PlainSocketImpl.doConnect(PlainSocketImpl.java:333)
	at java.net.PlainSocketImpl.connectToAddress(PlainSocketImpl.java:195)
	at java.net.PlainSocketImpl.connect(PlainSocketImpl.java:182)
	at java.net.SocksSocketImpl.connect(SocksSocketImpl.java:366)
	at java.net.Socket.connect(Socket.java:529)
	at com.ibm.db2.jcc.t4.y.run(y.java:34)
	at java.security.AccessController.doPrivileged(Native Method)
	at com.ibm.db2.jcc.t4.xb.a(xb.java:372)
</error>
  </testcase>
  <testcase classname="com.ibm.support.electronic.cache.dao.CachedObjectDAOImplTest" name="testDelete_ConnectionFail" time="0.0040">
    <error message="[jcc][t4][2043][11550][3.57.82] Exception java.net.ConnectException : Erreur lors de l&apos;ouverture du socket vers le serveur /127.0.0.1 sur le port 50 000 avec le message : Connection refused. ERRORCODE=-4499, SQLSTATE=08001" type="com.ibm.db2.jcc.am.yn">com.ibm.db2.jcc.am.yn: [jcc][t4][2043][11550][3.57.82] Exception java.net.ConnectException : Erreur lors de l&apos;ouverture du socket vers le serveur /127.0.0.1 sur le port 50 000 avec le message : Connection refused. ERRORCODE=-4499, SQLSTATE=08001
	at com.ibm.db2.jcc.am.bd.a(bd.java:319)
	at com.ibm.db2.jcc.am.bd.a(bd.java:337)
	at com.ibm.db2.jcc.t4.xb.a(xb.java:378)
	at com.ibm.db2.jcc.t4.xb.&lt;init&gt;(xb.java:76)
	at com.ibm.db2.jcc.t4.a.y(a.java:263)
	at com.ibm.db2.jcc.t4.b.a(b.java:1787)
	at com.ibm.db2.jcc.am.jb.a(jb.java:540)
	at com.ibm.db2.jcc.am.jb.&lt;init&gt;(jb.java:496)
	at com.ibm.db2.jcc.t4.b.&lt;init&gt;(b.java:308)
	at com.ibm.db2.jcc.DB2SimpleDataSource.getConnection(DB2SimpleDataSource.java:214)
	at com.ibm.db2.jcc.DB2Driver.connect(DB2Driver.java:224)
	at java.sql.DriverManager.getConnection(DriverManager.java:582)
	at java.sql.DriverManager.getConnection(DriverManager.java:154)
	at com.ibm.support.electronic.cache.TestHelper.getConnection(TestHelper.java:212)
	at com.ibm.support.electronic.cache.TestHelper.executeUpdate(TestHelper.java:179)
	at com.ibm.support.electronic.cache.TestHelper.initDB(TestHelper.java:227)
	at com.ibm.support.electronic.cache.dao.CachedObjectDAOImplTest.setUp(CachedObjectDAOImplTest.java:74)
Caused by: java.net.ConnectException: Connection refused
	at java.net.PlainSocketImpl.socketConnect(Native Method)
	at java.net.PlainSocketImpl.doConnect(PlainSocketImpl.java:333)
	at java.net.PlainSocketImpl.connectToAddress(PlainSocketImpl.java:195)
	at java.net.PlainSocketImpl.connect(PlainSocketImpl.java:182)
	at java.net.SocksSocketImpl.connect(SocksSocketImpl.java:366)
	at java.net.Socket.connect(Socket.java:529)
	at com.ibm.db2.jcc.t4.y.run(y.java:34)
	at java.security.AccessController.doPrivileged(Native Method)
	at com.ibm.db2.jcc.t4.xb.a(xb.java:372)
</error>
    <error message="[jcc][t4][2043][11550][3.57.82] Exception java.net.ConnectException : Erreur lors de l&apos;ouverture du socket vers le serveur /127.0.0.1 sur le port 50 000 avec le message : Connection refused. ERRORCODE=-4499, SQLSTATE=08001" type="com.ibm.db2.jcc.am.yn">com.ibm.db2.jcc.am.yn: [jcc][t4][2043][11550][3.57.82] Exception java.net.ConnectException : Erreur lors de l&apos;ouverture du socket vers le serveur /127.0.0.1 sur le port 50 000 avec le message : Connection refused. ERRORCODE=-4499, SQLSTATE=08001
	at com.ibm.db2.jcc.am.bd.a(bd.java:319)
	at com.ibm.db2.jcc.am.bd.a(bd.java:337)
	at com.ibm.db2.jcc.t4.xb.a(xb.java:378)
	at com.ibm.db2.jcc.t4.xb.&lt;init&gt;(xb.java:76)
	at com.ibm.db2.jcc.t4.a.y(a.java:263)
	at com.ibm.db2.jcc.t4.b.a(b.java:1787)
	at com.ibm.db2.jcc.am.jb.a(jb.java:540)
	at com.ibm.db2.jcc.am.jb.&lt;init&gt;(jb.java:496)
	at com.ibm.db2.jcc.t4.b.&lt;init&gt;(b.java:308)
	at com.ibm.db2.jcc.DB2SimpleDataSource.getConnection(DB2SimpleDataSource.java:214)
	at com.ibm.db2.jcc.DB2Driver.connect(DB2Driver.java:224)
	at java.sql.DriverManager.getConnection(DriverManager.java:582)
	at java.sql.DriverManager.getConnection(DriverManager.java:154)
	at com.ibm.support.electronic.cache.TestHelper.getConnection(TestHelper.java:212)
	at com.ibm.support.electronic.cache.TestHelper.executeUpdate(TestHelper.java:179)
	at com.ibm.support.electronic.cache.TestHelper.clearDB(TestHelper.java:238)
	at com.ibm.support.electronic.cache.dao.CachedObjectDAOImplTest.tearDown(CachedObjectDAOImplTest.java:88)
Caused by: java.net.ConnectException: Connection refused
	at java.net.PlainSocketImpl.socketConnect(Native Method)
	at java.net.PlainSocketImpl.doConnect(PlainSocketImpl.java:333)
	at java.net.PlainSocketImpl.connectToAddress(PlainSocketImpl.java:195)
	at java.net.PlainSocketImpl.connect(PlainSocketImpl.java:182)
	at java.net.SocksSocketImpl.connect(SocksSocketImpl.java:366)
	at java.net.Socket.connect(Socket.java:529)
	at com.ibm.db2.jcc.t4.y.run(y.java:34)
	at java.security.AccessController.doPrivileged(Native Method)
	at com.ibm.db2.jcc.t4.xb.a(xb.java:372)
</error>
  </testcase>
  <testcase classname="com.ibm.support.electronic.cache.dao.CachedObjectDAOImplTest" name="testDelete_PersistenceError" time="0.0040">
    <error message="[jcc][t4][2043][11550][3.57.82] Exception java.net.ConnectException : Erreur lors de l&apos;ouverture du socket vers le serveur /127.0.0.1 sur le port 50 000 avec le message : Connection refused. ERRORCODE=-4499, SQLSTATE=08001" type="com.ibm.db2.jcc.am.yn">com.ibm.db2.jcc.am.yn: [jcc][t4][2043][11550][3.57.82] Exception java.net.ConnectException : Erreur lors de l&apos;ouverture du socket vers le serveur /127.0.0.1 sur le port 50 000 avec le message : Connection refused. ERRORCODE=-4499, SQLSTATE=08001
	at com.ibm.db2.jcc.am.bd.a(bd.java:319)
	at com.ibm.db2.jcc.am.bd.a(bd.java:337)
	at com.ibm.db2.jcc.t4.xb.a(xb.java:378)
	at com.ibm.db2.jcc.t4.xb.&lt;init&gt;(xb.java:76)
	at com.ibm.db2.jcc.t4.a.y(a.java:263)
	at com.ibm.db2.jcc.t4.b.a(b.java:1787)
	at com.ibm.db2.jcc.am.jb.a(jb.java:540)
	at com.ibm.db2.jcc.am.jb.&lt;init&gt;(jb.java:496)
	at com.ibm.db2.jcc.t4.b.&lt;init&gt;(b.java:308)
	at com.ibm.db2.jcc.DB2SimpleDataSource.getConnection(DB2SimpleDataSource.java:214)
	at com.ibm.db2.jcc.DB2Driver.connect(DB2Driver.java:224)
	at java.sql.DriverManager.getConnection(DriverManager.java:582)
	at java.sql.DriverManager.getConnection(DriverManager.java:154)
	at com.ibm.support.electronic.cache.TestHelper.getConnection(TestHelper.java:212)
	at com.ibm.support.electronic.cache.TestHelper.executeUpdate(TestHelper.java:179)
	at com.ibm.support.electronic.cache.TestHelper.initDB(TestHelper.java:227)
	at com.ibm.support.electronic.cache.dao.CachedObjectDAOImplTest.setUp(CachedObjectDAOImplTest.java:74)
Caused by: java.net.ConnectException: Connection refused
	at java.net.PlainSocketImpl.socketConnect(Native Method)
	at java.net.PlainSocketImpl.doConnect(PlainSocketImpl.java:333)
	at java.net.PlainSocketImpl.connectToAddress(PlainSocketImpl.java:195)
	at java.net.PlainSocketImpl.connect(PlainSocketImpl.java:182)
	at java.net.SocksSocketImpl.connect(SocksSocketImpl.java:366)
	at java.net.Socket.connect(Socket.java:529)
	at com.ibm.db2.jcc.t4.y.run(y.java:34)
	at java.security.AccessController.doPrivileged(Native Method)
	at com.ibm.db2.jcc.t4.xb.a(xb.java:372)
</error>
    <error message="[jcc][t4][2043][11550][3.57.82] Exception java.net.ConnectException : Erreur lors de l&apos;ouverture du socket vers le serveur /127.0.0.1 sur le port 50 000 avec le message : Connection refused. ERRORCODE=-4499, SQLSTATE=08001" type="com.ibm.db2.jcc.am.yn">com.ibm.db2.jcc.am.yn: [jcc][t4][2043][11550][3.57.82] Exception java.net.ConnectException : Erreur lors de l&apos;ouverture du socket vers le serveur /127.0.0.1 sur le port 50 000 avec le message : Connection refused. ERRORCODE=-4499, SQLSTATE=08001
	at com.ibm.db2.jcc.am.bd.a(bd.java:319)
	at com.ibm.db2.jcc.am.bd.a(bd.java:337)
	at com.ibm.db2.jcc.t4.xb.a(xb.java:378)
	at com.ibm.db2.jcc.t4.xb.&lt;init&gt;(xb.java:76)
	at com.ibm.db2.jcc.t4.a.y(a.java:263)
	at com.ibm.db2.jcc.t4.b.a(b.java:1787)
	at com.ibm.db2.jcc.am.jb.a(jb.java:540)
	at com.ibm.db2.jcc.am.jb.&lt;init&gt;(jb.java:496)
	at com.ibm.db2.jcc.t4.b.&lt;init&gt;(b.java:308)
	at com.ibm.db2.jcc.DB2SimpleDataSource.getConnection(DB2SimpleDataSource.java:214)
	at com.ibm.db2.jcc.DB2Driver.connect(DB2Driver.java:224)
	at java.sql.DriverManager.getConnection(DriverManager.java:582)
	at java.sql.DriverManager.getConnection(DriverManager.java:154)
	at com.ibm.support.electronic.cache.TestHelper.getConnection(TestHelper.java:212)
	at com.ibm.support.electronic.cache.TestHelper.executeUpdate(TestHelper.java:179)
	at com.ibm.support.electronic.cache.TestHelper.clearDB(TestHelper.java:238)
	at com.ibm.support.electronic.cache.dao.CachedObjectDAOImplTest.tearDown(CachedObjectDAOImplTest.java:88)
Caused by: java.net.ConnectException: Connection refused
	at java.net.PlainSocketImpl.socketConnect(Native Method)
	at java.net.PlainSocketImpl.doConnect(PlainSocketImpl.java:333)
	at java.net.PlainSocketImpl.connectToAddress(PlainSocketImpl.java:195)
	at java.net.PlainSocketImpl.connect(PlainSocketImpl.java:182)
	at java.net.SocksSocketImpl.connect(SocksSocketImpl.java:366)
	at java.net.Socket.connect(Socket.java:529)
	at com.ibm.db2.jcc.t4.y.run(y.java:34)
	at java.security.AccessController.doPrivileged(Native Method)
	at com.ibm.db2.jcc.t4.xb.a(xb.java:372)
</error>
  </testcase>
  <testcase classname="com.ibm.support.electronic.cache.memorycache.MemoryCacheImplTest" name="testCtor1" time="0.0010" />
  <testcase classname="com.ibm.support.electronic.cache.memorycache.MemoryCacheImplTest" name="testCtor2" time="0.0" />
  <testcase classname="com.ibm.support.electronic.cache.memorycache.MemoryCacheImplTest" name="testPut_NullId" time="0.0010" />
  <testcase classname="com.ibm.support.electronic.cache.memorycache.MemoryCacheImplTest" name="testPut_EmptyId" time="0.0" />
  <testcase classname="com.ibm.support.electronic.cache.memorycache.MemoryCacheImplTest" name="testClear" time="0.0" />
  <testcase classname="com.ibm.support.electronic.cache.memorycache.MemoryCacheImplTest" name="testCtor_NullProp" time="0.0" />
  <testcase classname="com.ibm.support.electronic.cache.memorycache.MemoryCacheImplTest" name="testGet_NullId" time="0.0" />
  <testcase classname="com.ibm.support.electronic.cache.memorycache.MemoryCacheImplTest" name="testGet_EmptyId" time="0.0" />
  <testcase classname="com.ibm.support.electronic.cache.memorycache.MemoryCacheImplTest" name="testCtor_InitialCapacityNotString" time="0.0" />
  <testcase classname="com.ibm.support.electronic.cache.memorycache.MemoryCacheImplTest" name="testCtor_InitialCapacityEmptyString" time="0.0010" />
  <testcase classname="com.ibm.support.electronic.cache.memorycache.MemoryCacheImplTest" name="testCtor_InvalidInitialCapacity" time="0.0" />
  <testcase classname="com.ibm.support.electronic.cache.memorycache.MemoryCacheImplTest" name="testCtor_IllegalInitialCapacity" time="0.0" />
  <testcase classname="com.ibm.support.electronic.cache.memorycache.MemoryCacheImplTest" name="testCtor_LoadFactorNotString" time="0.0" />
  <testcase classname="com.ibm.support.electronic.cache.memorycache.MemoryCacheImplTest" name="testCtor_LoadFactorEmptyString" time="0.0010" />
  <testcase classname="com.ibm.support.electronic.cache.memorycache.MemoryCacheImplTest" name="testCtor_InvalidLoadFactor" time="0.0010" />
  <testcase classname="com.ibm.support.electronic.cache.memorycache.MemoryCacheImplTest" name="testCtor_IllegalLoadFactor" time="0.0010" />
  <testcase classname="com.ibm.support.electronic.cache.memorycache.MemoryCacheImplTest" name="testGetReplaceableCachedObject1" time="0.0" />
  <testcase classname="com.ibm.support.electronic.cache.memorycache.MemoryCacheImplTest" name="testGetReplaceableCachedObject2" time="0.0" />
  <testcase classname="com.ibm.support.electronic.cache.memorycache.MemoryCacheImplTest" name="testGet" time="0.0" />
  <testcase classname="com.ibm.support.electronic.cache.memorycache.MemoryCacheImplTest" name="testPut" time="0.0" />
  <testcase classname="com.ibm.support.electronic.cache.memorycache.MemoryCacheImplTest" name="testPut_NullCachedObject" time="0.0" />
  <testcase classname="com.ibm.support.electronic.cache.memorycache.MemoryCacheImplTest" name="testRemove1" time="0.0" />
  <testcase classname="com.ibm.support.electronic.cache.memorycache.MemoryCacheImplTest" name="testRemove2" time="0.0010" />
  <testcase classname="com.ibm.support.electronic.cache.memorycache.MemoryCacheImplTest" name="testRemove_NullId" time="0.0" />
  <testcase classname="com.ibm.support.electronic.cache.memorycache.MemoryCacheImplTest" name="testRemove_EmptyId" time="0.0" />
  <testcase classname="com.ibm.support.electronic.cache.model.CachedObjectTest" name="testCtor" time="0.0" />
  <testcase classname="com.ibm.support.electronic.cache.model.CachedObjectTest" name="testGetCacheSetName" time="0.0" />
  <testcase classname="com.ibm.support.electronic.cache.model.CachedObjectTest" name="testSetCacheSetName" time="0.0" />
  <testcase classname="com.ibm.support.electronic.cache.model.CachedObjectTest" name="testGetId" time="0.0" />
  <testcase classname="com.ibm.support.electronic.cache.model.CachedObjectTest" name="testSetId" time="0.0" />
  <testcase classname="com.ibm.support.electronic.cache.model.CachedObjectTest" name="testGetContent" time="0.0010" />
  <testcase classname="com.ibm.support.electronic.cache.model.CachedObjectTest" name="testSetContent" time="0.0" />
  <testcase classname="com.ibm.support.electronic.cache.model.CacheStatisticsTest" name="testCtor" time="0.0010" />
  <testcase classname="com.ibm.support.electronic.cache.model.CacheStatisticsTest" name="testGetAccessCountsById" time="0.0" />
  <testcase classname="com.ibm.support.electronic.cache.model.CacheStatisticsTest" name="testSetAccessCountsById" time="0.0010" />
  <testcase classname="com.ibm.support.electronic.cache.model.CacheStatisticsTest" name="testGetMissCount" time="0.0" />
  <testcase classname="com.ibm.support.electronic.cache.model.CacheStatisticsTest" name="testSetMissCount" time="0.0" />
  <testcase classname="com.ibm.support.electronic.cache.model.CacheStatisticsTest" name="testGetPersistedItemCount" time="0.0" />
  <testcase classname="com.ibm.support.electronic.cache.model.CacheStatisticsTest" name="testSetPersistedItemCount" time="0.0010" />
  <testcase classname="com.ibm.support.electronic.cache.model.CacheStatisticsTest" name="testGetInMemoryItemCount" time="0.0" />
  <testcase classname="com.ibm.support.electronic.cache.model.CacheStatisticsTest" name="testSetInMemoryItemCount" time="0.0" />
  <testcase classname="com.ibm.support.electronic.cache.printer.CacheStatisticsPrinterImplTest" name="testPrintStatistics_NullPrintWriter" time="0.0010">
    <error message="Unexpected exception, expected&lt;java.lang.IllegalArgumentException&gt; but was&lt;java.lang.NullPointerException&gt;" type="java.lang.Exception">java.lang.Exception: Unexpected exception, expected&lt;java.lang.IllegalArgumentException&gt; but was&lt;java.lang.NullPointerException&gt;
Caused by: java.lang.NullPointerException
	at com.ibm.support.electronic.cache.printer.CacheStatisticsPrinterImpl.printStatistics(CacheStatisticsPrinterImpl.java:57)
	at com.ibm.support.electronic.cache.printer.CacheStatisticsPrinterImplTest.testPrintStatistics_NullPrintWriter(CacheStatisticsPrinterImplTest.java:190)
</error>
  </testcase>
  <testcase classname="com.ibm.support.electronic.cache.printer.CacheStatisticsPrinterImplTest" name="testCtor" time="0.0" />
  <testcase classname="com.ibm.support.electronic.cache.printer.CacheStatisticsPrinterImplTest" name="testPrintStatistics1" time="0.0" />
  <testcase classname="com.ibm.support.electronic.cache.printer.CacheStatisticsPrinterImplTest" name="testPrintStatistics2" time="0.0010">
    <error message="Incorrect memory count line expected:&lt;[Number of items in memory: 1]&gt; but was:&lt;[Keys in the cache:]&gt;" type="org.junit.ComparisonFailure">	at com.ibm.support.electronic.cache.printer.CacheStatisticsPrinterImplTest.testPrintStatistics2(CacheStatisticsPrinterImplTest.java:156)
</error>
  </testcase>
  <testcase classname="com.ibm.support.electronic.cache.printer.CacheStatisticsPrinterImplTest" name="testPrintStatistics_NullCacheStatistics" time="0.0">
    <error message="Unexpected exception, expected&lt;java.lang.IllegalArgumentException&gt; but was&lt;java.lang.NullPointerException&gt;" type="java.lang.Exception">java.lang.Exception: Unexpected exception, expected&lt;java.lang.IllegalArgumentException&gt; but was&lt;java.lang.NullPointerException&gt;
Caused by: java.lang.NullPointerException
	at com.ibm.support.electronic.cache.printer.CacheStatisticsPrinterImpl.printStatistics(CacheStatisticsPrinterImpl.java:57)
	at com.ibm.support.electronic.cache.printer.CacheStatisticsPrinterImplTest.testPrintStatistics_NullCacheStatistics(CacheStatisticsPrinterImplTest.java:175)
</error>
  </testcase>
  <testcase classname="com.ibm.support.electronic.cache.printer.CacheStatisticsPrinterImplTest" name="testPrintStatistics_NullAccessCounts" time="0.0010">
    <error message="Unexpected exception, expected&lt;java.lang.IllegalArgumentException&gt; but was&lt;java.lang.NullPointerException&gt;" type="java.lang.Exception">java.lang.Exception: Unexpected exception, expected&lt;java.lang.IllegalArgumentException&gt; but was&lt;java.lang.NullPointerException&gt;
Caused by: java.lang.NullPointerException
	at com.ibm.support.electronic.cache.printer.CacheStatisticsPrinterImpl.printStatistics(CacheStatisticsPrinterImpl.java:59)
	at com.ibm.support.electronic.cache.printer.CacheStatisticsPrinterImplTest.testPrintStatistics_NullAccessCounts(CacheStatisticsPrinterImplTest.java:202)
</error>
  </testcase>
  <testcase classname="com.ibm.support.electronic.cache.printer.CacheStatisticsPrinterImplTest" name="testPrintStatistics_NullKey" time="0.0010">
    <error message="Expected exception: java.lang.IllegalArgumentException" type="java.lang.AssertionError">java.lang.AssertionError: Expected exception: java.lang.IllegalArgumentException
</error>
  </testcase>
  <testcase classname="com.ibm.support.electronic.cache.printer.CacheStatisticsPrinterImplTest" name="testPrintStatistics_EmptyKey" time="0.0">
    <error message="Expected exception: java.lang.IllegalArgumentException" type="java.lang.AssertionError">java.lang.AssertionError: Expected exception: java.lang.IllegalArgumentException
</error>
  </testcase>
  <testcase classname="com.ibm.support.electronic.cache.printer.CacheStatisticsPrinterImplTest" name="testPrintStatistics_NullValue" time="0.0010">
    <error message="Expected exception: java.lang.IllegalArgumentException" type="java.lang.AssertionError">java.lang.AssertionError: Expected exception: java.lang.IllegalArgumentException
</error>
  </testcase>
  <testcase classname="com.ibm.support.electronic.cache.Demo" name="demoManagerCreation" time="0.0010">
    <error message="Instance of the &apos;com.ibm.support.electronic.cache.printer.CacheStatisticsPrinterImpl&apos; must can be assigned to &apos;com.ibm.support.electronic.cache.CacheStatisticsPrinter&apos;" type="com.ibm.support.electronic.cache.ObjectCacheConfigurationException">com.ibm.support.electronic.cache.ObjectCacheConfigurationException: Instance of the &apos;com.ibm.support.electronic.cache.printer.CacheStatisticsPrinterImpl&apos; must can be assigned to &apos;com.ibm.support.electronic.cache.CacheStatisticsPrinter&apos;
	at com.ibm.support.electronic.cache.cachemanager.CacheManagerImpl.createReflectively(CacheManagerImpl.java:915)
	at com.ibm.support.electronic.cache.cachemanager.CacheManagerImpl.&lt;init&gt;(CacheManagerImpl.java:239)
	at com.ibm.support.electronic.cache.cachemanager.CacheManagerImpl.&lt;init&gt;(CacheManagerImpl.java:180)
	at com.ibm.support.electronic.cache.Demo.setUp(Demo.java:56)
</error>
  </testcase>
  <testcase classname="com.ibm.support.electronic.cache.Demo" name="demoAPIUsage" time="0.0">
    <error message="Instance of the &apos;com.ibm.support.electronic.cache.printer.CacheStatisticsPrinterImpl&apos; must can be assigned to &apos;com.ibm.support.electronic.cache.CacheStatisticsPrinter&apos;" type="com.ibm.support.electronic.cache.ObjectCacheConfigurationException">com.ibm.support.electronic.cache.ObjectCacheConfigurationException: Instance of the &apos;com.ibm.support.electronic.cache.printer.CacheStatisticsPrinterImpl&apos; must can be assigned to &apos;com.ibm.support.electronic.cache.CacheStatisticsPrinter&apos;
	at com.ibm.support.electronic.cache.cachemanager.CacheManagerImpl.createReflectively(CacheManagerImpl.java:915)
	at com.ibm.support.electronic.cache.cachemanager.CacheManagerImpl.&lt;init&gt;(CacheManagerImpl.java:239)
	at com.ibm.support.electronic.cache.cachemanager.CacheManagerImpl.&lt;init&gt;(CacheManagerImpl.java:180)
	at com.ibm.support.electronic.cache.Demo.setUp(Demo.java:56)
</error>
  </testcase>
  <testcase classname="com.ibm.support.electronic.cache.accuracytests.ObjectCacheConfigurationExceptionAccuracyTest" name="testObjectCacheConfigurationExceptionString" time="0.0010" />
  <testcase classname="com.ibm.support.electronic.cache.accuracytests.ObjectCacheConfigurationExceptionAccuracyTest" name="testObjectCacheConfigurationExceptionStringThrowable" time="0.0" />
  <testcase classname="com.ibm.support.electronic.cache.accuracytests.ObjectCacheExceptionAccuracyTest" name="testObjectCacheExceptionString" time="0.0" />
  <testcase classname="com.ibm.support.electronic.cache.accuracytests.ObjectCacheExceptionAccuracyTest" name="testObjectCacheExceptionStringThrowable" time="0.0" />
  <testcase classname="com.ibm.support.electronic.cache.accuracytests.PersistenceExceptionAccuracyTest" name="testPersistenceExceptionString" time="0.0">
    <failure message="the class type is incorrect." type="junit.framework.AssertionFailedError">junit.framework.AssertionFailedError: the class type is incorrect.
	at com.ibm.support.electronic.cache.accuracytests.PersistenceExceptionAccuracyTest.testPersistenceExceptionString(PersistenceExceptionAccuracyTest.java:37)
</failure>
  </testcase>
  <testcase classname="com.ibm.support.electronic.cache.accuracytests.PersistenceExceptionAccuracyTest" name="testPersistenceExceptionStringThrowable" time="0.0010" />
  <testcase classname="com.ibm.support.electronic.cache.accuracytests.StatisticsPrintingExceptionAccuracyTest" name="testStatisticsPrintingExceptionString" time="0.0">
    <failure message="the class type is incorrect." type="junit.framework.AssertionFailedError">junit.framework.AssertionFailedError: the class type is incorrect.
	at com.ibm.support.electronic.cache.accuracytests.StatisticsPrintingExceptionAccuracyTest.testStatisticsPrintingExceptionString(StatisticsPrintingExceptionAccuracyTest.java:33)
</failure>
  </testcase>
  <testcase classname="com.ibm.support.electronic.cache.accuracytests.StatisticsPrintingExceptionAccuracyTest" name="testStatisticsPrintingExceptionStringThrowable" time="0.0" />
  <testcase classname="com.ibm.support.electronic.cache.accuracytests.CachedObjectAccuracyTest" name="testGetCacheSetName" time="0.0" />
  <testcase classname="com.ibm.support.electronic.cache.accuracytests.CachedObjectAccuracyTest" name="testSetCacheSetName" time="0.0" />
  <testcase classname="com.ibm.support.electronic.cache.accuracytests.CachedObjectAccuracyTest" name="testGetId" time="0.0" />
  <testcase classname="com.ibm.support.electronic.cache.accuracytests.CachedObjectAccuracyTest" name="testSetId" time="0.0" />
  <testcase classname="com.ibm.support.electronic.cache.accuracytests.CachedObjectAccuracyTest" name="testGetContent" time="0.0" />
  <testcase classname="com.ibm.support.electronic.cache.accuracytests.CachedObjectAccuracyTest" name="testSetContent" time="0.0" />
  <testcase classname="com.ibm.support.electronic.cache.accuracytests.CachedObjectAccuracyTest" name="testCachedObject" time="0.0" />
  <testcase classname="com.ibm.support.electronic.cache.accuracytests.CacheStatisticsAccuracyTest" name="testGetAccessCountsById" time="0.0010" />
  <testcase classname="com.ibm.support.electronic.cache.accuracytests.CacheStatisticsAccuracyTest" name="testSetAccessCountsById" time="0.0" />
  <testcase classname="com.ibm.support.electronic.cache.accuracytests.CacheStatisticsAccuracyTest" name="testGetMissCount" time="0.0" />
  <testcase classname="com.ibm.support.electronic.cache.accuracytests.CacheStatisticsAccuracyTest" name="testSetMissCount" time="0.0" />
  <testcase classname="com.ibm.support.electronic.cache.accuracytests.CacheStatisticsAccuracyTest" name="testGetPersistedItemCount" time="0.0" />
  <testcase classname="com.ibm.support.electronic.cache.accuracytests.CacheStatisticsAccuracyTest" name="testSetPersistedItemCount" time="0.0" />
  <testcase classname="com.ibm.support.electronic.cache.accuracytests.CacheStatisticsAccuracyTest" name="testGetInMemoryItemCount" time="0.0" />
  <testcase classname="com.ibm.support.electronic.cache.accuracytests.CacheStatisticsAccuracyTest" name="testSetInMemoryItemCount" time="0.0" />
  <testcase classname="com.ibm.support.electronic.cache.accuracytests.CacheStatisticsAccuracyTest" name="testCacheStatistics" time="0.0" />
  <testcase classname="com.ibm.support.electronic.cache.accuracytests.CacheStatisticsPrinterImplAccuracyTest" name="testPrintStatistics" time="0.0010" />
  <testcase classname="com.ibm.support.electronic.cache.accuracytests.CacheStatisticsPrinterImplAccuracyTest" name="testCacheStatisticsPrinterImpl" time="0.0010">
    <failure message="The instance type is incorrect." type="junit.framework.AssertionFailedError">junit.framework.AssertionFailedError: The instance type is incorrect.
	at com.ibm.support.electronic.cache.accuracytests.CacheStatisticsPrinterImplAccuracyTest.testCacheStatisticsPrinterImpl(CacheStatisticsPrinterImplAccuracyTest.java:74)
</failure>
  </testcase>
  <testcase classname="com.ibm.support.electronic.cache.accuracytests.MemoryCacheImplAccuracyTest" name="testClear" time="0.0" />
  <testcase classname="com.ibm.support.electronic.cache.accuracytests.MemoryCacheImplAccuracyTest" name="testGet" time="0.0" />
  <testcase classname="com.ibm.support.electronic.cache.accuracytests.MemoryCacheImplAccuracyTest" name="testPut" time="0.0010" />
  <testcase classname="com.ibm.support.electronic.cache.accuracytests.MemoryCacheImplAccuracyTest" name="testMemoryCacheImpl" time="0.0">
    <failure message="The instance type is incorrect." type="junit.framework.AssertionFailedError">junit.framework.AssertionFailedError: The instance type is incorrect.
	at com.ibm.support.electronic.cache.accuracytests.MemoryCacheImplAccuracyTest.testMemoryCacheImpl(MemoryCacheImplAccuracyTest.java:73)
</failure>
  </testcase>
  <testcase classname="com.ibm.support.electronic.cache.accuracytests.MemoryCacheImplAccuracyTest" name="testGetReplaceableCachedObject" time="0.0" />
  <testcase classname="com.ibm.support.electronic.cache.accuracytests.MemoryCacheImplAccuracyTest" name="testRemove" time="0.0" />
  <testcase classname="com.ibm.support.electronic.cache.accuracytests.CachedObjectDAOImplAccuracyTest" name="testDeleteByCacheSet" time="0.0020">
    <error message="CachedObjectDAOImpl#getConnection" type="com.ibm.support.electronic.cache.PersistenceException">com.ibm.support.electronic.cache.PersistenceException: CachedObjectDAOImpl#getConnection
	at com.ibm.support.electronic.cache.dao.CachedObjectDAOImpl.getConnection(CachedObjectDAOImpl.java:449)
	at com.ibm.support.electronic.cache.dao.CachedObjectDAOImpl.save(CachedObjectDAOImpl.java:332)
	at com.ibm.support.electronic.cache.accuracytests.CachedObjectDAOImplAccuracyTest.testDeleteByCacheSet(CachedObjectDAOImplAccuracyTest.java:86)
Caused by: com.ibm.db2.jcc.am.yn: [jcc][t4][2043][11550][3.57.82] Exception java.net.ConnectException : Erreur lors de l&apos;ouverture du socket vers le serveur localhost/127.0.0.1 sur le port 50 000 avec le message : Connection refused. ERRORCODE=-4499, SQLSTATE=08001
	at com.ibm.db2.jcc.am.bd.a(bd.java:319)
	at com.ibm.db2.jcc.am.bd.a(bd.java:337)
	at com.ibm.db2.jcc.t4.xb.a(xb.java:378)
	at com.ibm.db2.jcc.t4.xb.&lt;init&gt;(xb.java:76)
	at com.ibm.db2.jcc.t4.a.y(a.java:263)
	at com.ibm.db2.jcc.t4.b.a(b.java:1787)
	at com.ibm.db2.jcc.am.jb.a(jb.java:540)
	at com.ibm.db2.jcc.am.jb.&lt;init&gt;(jb.java:496)
	at com.ibm.db2.jcc.t4.b.&lt;init&gt;(b.java:308)
	at com.ibm.db2.jcc.DB2SimpleDataSource.getConnection(DB2SimpleDataSource.java:214)
	at com.ibm.db2.jcc.DB2Driver.connect(DB2Driver.java:224)
	at java.sql.DriverManager.getConnection(DriverManager.java:582)
	at java.sql.DriverManager.getConnection(DriverManager.java:185)
	at com.ibm.support.electronic.cache.dao.CachedObjectDAOImpl.getConnection(CachedObjectDAOImpl.java:443)
Caused by: java.net.ConnectException: Connection refused
	at java.net.PlainSocketImpl.socketConnect(Native Method)
	at java.net.PlainSocketImpl.doConnect(PlainSocketImpl.java:333)
	at java.net.PlainSocketImpl.connectToAddress(PlainSocketImpl.java:195)
	at java.net.PlainSocketImpl.connect(PlainSocketImpl.java:182)
	at java.net.SocksSocketImpl.connect(SocksSocketImpl.java:366)
	at java.net.Socket.connect(Socket.java:529)
	at com.ibm.db2.jcc.t4.y.run(y.java:34)
	at java.security.AccessController.doPrivileged(Native Method)
	at com.ibm.db2.jcc.t4.xb.a(xb.java:372)
</error>
  </testcase>
  <testcase classname="com.ibm.support.electronic.cache.accuracytests.CachedObjectDAOImplAccuracyTest" name="testDelete" time="0.0010">
    <error message="CachedObjectDAOImpl#getConnection" type="com.ibm.support.electronic.cache.PersistenceException">com.ibm.support.electronic.cache.PersistenceException: CachedObjectDAOImpl#getConnection
	at com.ibm.support.electronic.cache.dao.CachedObjectDAOImpl.getConnection(CachedObjectDAOImpl.java:449)
	at com.ibm.support.electronic.cache.dao.CachedObjectDAOImpl.save(CachedObjectDAOImpl.java:332)
	at com.ibm.support.electronic.cache.accuracytests.CachedObjectDAOImplAccuracyTest.testDelete(CachedObjectDAOImplAccuracyTest.java:167)
Caused by: com.ibm.db2.jcc.am.yn: [jcc][t4][2043][11550][3.57.82] Exception java.net.ConnectException : Erreur lors de l&apos;ouverture du socket vers le serveur localhost/127.0.0.1 sur le port 50 000 avec le message : Connection refused. ERRORCODE=-4499, SQLSTATE=08001
	at com.ibm.db2.jcc.am.bd.a(bd.java:319)
	at com.ibm.db2.jcc.am.bd.a(bd.java:337)
	at com.ibm.db2.jcc.t4.xb.a(xb.java:378)
	at com.ibm.db2.jcc.t4.xb.&lt;init&gt;(xb.java:76)
	at com.ibm.db2.jcc.t4.a.y(a.java:263)
	at com.ibm.db2.jcc.t4.b.a(b.java:1787)
	at com.ibm.db2.jcc.am.jb.a(jb.java:540)
	at com.ibm.db2.jcc.am.jb.&lt;init&gt;(jb.java:496)
	at com.ibm.db2.jcc.t4.b.&lt;init&gt;(b.java:308)
	at com.ibm.db2.jcc.DB2SimpleDataSource.getConnection(DB2SimpleDataSource.java:214)
	at com.ibm.db2.jcc.DB2Driver.connect(DB2Driver.java:224)
	at java.sql.DriverManager.getConnection(DriverManager.java:582)
	at java.sql.DriverManager.getConnection(DriverManager.java:185)
	at com.ibm.support.electronic.cache.dao.CachedObjectDAOImpl.getConnection(CachedObjectDAOImpl.java:443)
Caused by: java.net.ConnectException: Connection refused
	at java.net.PlainSocketImpl.socketConnect(Native Method)
	at java.net.PlainSocketImpl.doConnect(PlainSocketImpl.java:333)
	at java.net.PlainSocketImpl.connectToAddress(PlainSocketImpl.java:195)
	at java.net.PlainSocketImpl.connect(PlainSocketImpl.java:182)
	at java.net.SocksSocketImpl.connect(SocksSocketImpl.java:366)
	at java.net.Socket.connect(Socket.java:529)
	at com.ibm.db2.jcc.t4.y.run(y.java:34)
	at java.security.AccessController.doPrivileged(Native Method)
	at com.ibm.db2.jcc.t4.xb.a(xb.java:372)
</error>
  </testcase>
  <testcase classname="com.ibm.support.electronic.cache.accuracytests.CachedObjectDAOImplAccuracyTest" name="testGet" time="0.0010">
    <error message="CachedObjectDAOImpl#getConnection" type="com.ibm.support.electronic.cache.PersistenceException">com.ibm.support.electronic.cache.PersistenceException: CachedObjectDAOImpl#getConnection
	at com.ibm.support.electronic.cache.dao.CachedObjectDAOImpl.getConnection(CachedObjectDAOImpl.java:449)
	at com.ibm.support.electronic.cache.dao.CachedObjectDAOImpl.get(CachedObjectDAOImpl.java:232)
	at com.ibm.support.electronic.cache.accuracytests.CachedObjectDAOImplAccuracyTest.testGet(CachedObjectDAOImplAccuracyTest.java:103)
Caused by: com.ibm.db2.jcc.am.yn: [jcc][t4][2043][11550][3.57.82] Exception java.net.ConnectException : Erreur lors de l&apos;ouverture du socket vers le serveur localhost/127.0.0.1 sur le port 50 000 avec le message : Connection refused. ERRORCODE=-4499, SQLSTATE=08001
	at com.ibm.db2.jcc.am.bd.a(bd.java:319)
	at com.ibm.db2.jcc.am.bd.a(bd.java:337)
	at com.ibm.db2.jcc.t4.xb.a(xb.java:378)
	at com.ibm.db2.jcc.t4.xb.&lt;init&gt;(xb.java:76)
	at com.ibm.db2.jcc.t4.a.y(a.java:263)
	at com.ibm.db2.jcc.t4.b.a(b.java:1787)
	at com.ibm.db2.jcc.am.jb.a(jb.java:540)
	at com.ibm.db2.jcc.am.jb.&lt;init&gt;(jb.java:496)
	at com.ibm.db2.jcc.t4.b.&lt;init&gt;(b.java:308)
	at com.ibm.db2.jcc.DB2SimpleDataSource.getConnection(DB2SimpleDataSource.java:214)
	at com.ibm.db2.jcc.DB2Driver.connect(DB2Driver.java:224)
	at java.sql.DriverManager.getConnection(DriverManager.java:582)
	at java.sql.DriverManager.getConnection(DriverManager.java:185)
	at com.ibm.support.electronic.cache.dao.CachedObjectDAOImpl.getConnection(CachedObjectDAOImpl.java:443)
Caused by: java.net.ConnectException: Connection refused
	at java.net.PlainSocketImpl.socketConnect(Native Method)
	at java.net.PlainSocketImpl.doConnect(PlainSocketImpl.java:333)
	at java.net.PlainSocketImpl.connectToAddress(PlainSocketImpl.java:195)
	at java.net.PlainSocketImpl.connect(PlainSocketImpl.java:182)
	at java.net.SocksSocketImpl.connect(SocksSocketImpl.java:366)
	at java.net.Socket.connect(Socket.java:529)
	at com.ibm.db2.jcc.t4.y.run(y.java:34)
	at java.security.AccessController.doPrivileged(Native Method)
	at com.ibm.db2.jcc.t4.xb.a(xb.java:372)
</error>
  </testcase>
  <testcase classname="com.ibm.support.electronic.cache.accuracytests.CachedObjectDAOImplAccuracyTest" name="testCachedObjectDAOImpl" time="0.0" />
  <testcase classname="com.ibm.support.electronic.cache.accuracytests.CachedObjectDAOImplAccuracyTest" name="testSave_oneTime" time="0.0010">
    <error message="CachedObjectDAOImpl#getConnection" type="com.ibm.support.electronic.cache.PersistenceException">com.ibm.support.electronic.cache.PersistenceException: CachedObjectDAOImpl#getConnection
	at com.ibm.support.electronic.cache.dao.CachedObjectDAOImpl.getConnection(CachedObjectDAOImpl.java:449)
	at com.ibm.support.electronic.cache.dao.CachedObjectDAOImpl.save(CachedObjectDAOImpl.java:332)
	at com.ibm.support.electronic.cache.accuracytests.CachedObjectDAOImplAccuracyTest.testSave_oneTime(CachedObjectDAOImplAccuracyTest.java:124)
Caused by: com.ibm.db2.jcc.am.yn: [jcc][t4][2043][11550][3.57.82] Exception java.net.ConnectException : Erreur lors de l&apos;ouverture du socket vers le serveur localhost/127.0.0.1 sur le port 50 000 avec le message : Connection refused. ERRORCODE=-4499, SQLSTATE=08001
	at com.ibm.db2.jcc.am.bd.a(bd.java:319)
	at com.ibm.db2.jcc.am.bd.a(bd.java:337)
	at com.ibm.db2.jcc.t4.xb.a(xb.java:378)
	at com.ibm.db2.jcc.t4.xb.&lt;init&gt;(xb.java:76)
	at com.ibm.db2.jcc.t4.a.y(a.java:263)
	at com.ibm.db2.jcc.t4.b.a(b.java:1787)
	at com.ibm.db2.jcc.am.jb.a(jb.java:540)
	at com.ibm.db2.jcc.am.jb.&lt;init&gt;(jb.java:496)
	at com.ibm.db2.jcc.t4.b.&lt;init&gt;(b.java:308)
	at com.ibm.db2.jcc.DB2SimpleDataSource.getConnection(DB2SimpleDataSource.java:214)
	at com.ibm.db2.jcc.DB2Driver.connect(DB2Driver.java:224)
	at java.sql.DriverManager.getConnection(DriverManager.java:582)
	at java.sql.DriverManager.getConnection(DriverManager.java:185)
	at com.ibm.support.electronic.cache.dao.CachedObjectDAOImpl.getConnection(CachedObjectDAOImpl.java:443)
Caused by: java.net.ConnectException: Connection refused
	at java.net.PlainSocketImpl.socketConnect(Native Method)
	at java.net.PlainSocketImpl.doConnect(PlainSocketImpl.java:333)
	at java.net.PlainSocketImpl.connectToAddress(PlainSocketImpl.java:195)
	at java.net.PlainSocketImpl.connect(PlainSocketImpl.java:182)
	at java.net.SocksSocketImpl.connect(SocksSocketImpl.java:366)
	at java.net.Socket.connect(Socket.java:529)
	at com.ibm.db2.jcc.t4.y.run(y.java:34)
	at java.security.AccessController.doPrivileged(Native Method)
	at com.ibm.db2.jcc.t4.xb.a(xb.java:372)
</error>
  </testcase>
  <testcase classname="com.ibm.support.electronic.cache.accuracytests.CachedObjectDAOImplAccuracyTest" name="testSave_again" time="0.0020">
    <error message="CachedObjectDAOImpl#getConnection" type="com.ibm.support.electronic.cache.PersistenceException">com.ibm.support.electronic.cache.PersistenceException: CachedObjectDAOImpl#getConnection
	at com.ibm.support.electronic.cache.dao.CachedObjectDAOImpl.getConnection(CachedObjectDAOImpl.java:449)
	at com.ibm.support.electronic.cache.dao.CachedObjectDAOImpl.save(CachedObjectDAOImpl.java:332)
	at com.ibm.support.electronic.cache.accuracytests.CachedObjectDAOImplAccuracyTest.testSave_again(CachedObjectDAOImplAccuracyTest.java:143)
Caused by: com.ibm.db2.jcc.am.yn: [jcc][t4][2043][11550][3.57.82] Exception java.net.ConnectException : Erreur lors de l&apos;ouverture du socket vers le serveur localhost/127.0.0.1 sur le port 50 000 avec le message : Connection refused. ERRORCODE=-4499, SQLSTATE=08001
	at com.ibm.db2.jcc.am.bd.a(bd.java:319)
	at com.ibm.db2.jcc.am.bd.a(bd.java:337)
	at com.ibm.db2.jcc.t4.xb.a(xb.java:378)
	at com.ibm.db2.jcc.t4.xb.&lt;init&gt;(xb.java:76)
	at com.ibm.db2.jcc.t4.a.y(a.java:263)
	at com.ibm.db2.jcc.t4.b.a(b.java:1787)
	at com.ibm.db2.jcc.am.jb.a(jb.java:540)
	at com.ibm.db2.jcc.am.jb.&lt;init&gt;(jb.java:496)
	at com.ibm.db2.jcc.t4.b.&lt;init&gt;(b.java:308)
	at com.ibm.db2.jcc.DB2SimpleDataSource.getConnection(DB2SimpleDataSource.java:214)
	at com.ibm.db2.jcc.DB2Driver.connect(DB2Driver.java:224)
	at java.sql.DriverManager.getConnection(DriverManager.java:582)
	at java.sql.DriverManager.getConnection(DriverManager.java:185)
	at com.ibm.support.electronic.cache.dao.CachedObjectDAOImpl.getConnection(CachedObjectDAOImpl.java:443)
Caused by: java.net.ConnectException: Connection refused
	at java.net.PlainSocketImpl.socketConnect(Native Method)
	at java.net.PlainSocketImpl.doConnect(PlainSocketImpl.java:333)
	at java.net.PlainSocketImpl.connectToAddress(PlainSocketImpl.java:195)
	at java.net.PlainSocketImpl.connect(PlainSocketImpl.java:182)
	at java.net.SocksSocketImpl.connect(SocksSocketImpl.java:366)
	at java.net.Socket.connect(Socket.java:529)
	at com.ibm.db2.jcc.t4.y.run(y.java:34)
	at java.security.AccessController.doPrivileged(Native Method)
	at com.ibm.db2.jcc.t4.xb.a(xb.java:372)
</error>
  </testcase>
  <testcase classname="com.ibm.support.electronic.cache.accuracytests.CacheManagerImplAccuracyTest" name="testPrintStatistics" time="0.0010">
    <error message="Instance of the &apos;com.ibm.support.electronic.cache.printer.CacheStatisticsPrinterImpl&apos; must can be assigned to &apos;com.ibm.support.electronic.cache.CacheStatisticsPrinter&apos;" type="com.ibm.support.electronic.cache.ObjectCacheConfigurationException">com.ibm.support.electronic.cache.ObjectCacheConfigurationException: Instance of the &apos;com.ibm.support.electronic.cache.printer.CacheStatisticsPrinterImpl&apos; must can be assigned to &apos;com.ibm.support.electronic.cache.CacheStatisticsPrinter&apos;
	at com.ibm.support.electronic.cache.cachemanager.CacheManagerImpl.createReflectively(CacheManagerImpl.java:915)
	at com.ibm.support.electronic.cache.cachemanager.CacheManagerImpl.&lt;init&gt;(CacheManagerImpl.java:239)
	at com.ibm.support.electronic.cache.accuracytests.CacheManagerImplAccuracyTest.setUp(CacheManagerImplAccuracyTest.java:61)
</error>
  </testcase>
  <testcase classname="com.ibm.support.electronic.cache.accuracytests.CacheManagerImplAccuracyTest" name="testClear" time="0.0">
    <error message="Instance of the &apos;com.ibm.support.electronic.cache.printer.CacheStatisticsPrinterImpl&apos; must can be assigned to &apos;com.ibm.support.electronic.cache.CacheStatisticsPrinter&apos;" type="com.ibm.support.electronic.cache.ObjectCacheConfigurationException">com.ibm.support.electronic.cache.ObjectCacheConfigurationException: Instance of the &apos;com.ibm.support.electronic.cache.printer.CacheStatisticsPrinterImpl&apos; must can be assigned to &apos;com.ibm.support.electronic.cache.CacheStatisticsPrinter&apos;
	at com.ibm.support.electronic.cache.cachemanager.CacheManagerImpl.createReflectively(CacheManagerImpl.java:915)
	at com.ibm.support.electronic.cache.cachemanager.CacheManagerImpl.&lt;init&gt;(CacheManagerImpl.java:239)
	at com.ibm.support.electronic.cache.accuracytests.CacheManagerImplAccuracyTest.setUp(CacheManagerImplAccuracyTest.java:61)
</error>
  </testcase>
  <testcase classname="com.ibm.support.electronic.cache.accuracytests.CacheManagerImplAccuracyTest" name="testGet" time="0.0010">
    <error message="Instance of the &apos;com.ibm.support.electronic.cache.printer.CacheStatisticsPrinterImpl&apos; must can be assigned to &apos;com.ibm.support.electronic.cache.CacheStatisticsPrinter&apos;" type="com.ibm.support.electronic.cache.ObjectCacheConfigurationException">com.ibm.support.electronic.cache.ObjectCacheConfigurationException: Instance of the &apos;com.ibm.support.electronic.cache.printer.CacheStatisticsPrinterImpl&apos; must can be assigned to &apos;com.ibm.support.electronic.cache.CacheStatisticsPrinter&apos;
	at com.ibm.support.electronic.cache.cachemanager.CacheManagerImpl.createReflectively(CacheManagerImpl.java:915)
	at com.ibm.support.electronic.cache.cachemanager.CacheManagerImpl.&lt;init&gt;(CacheManagerImpl.java:239)
	at com.ibm.support.electronic.cache.accuracytests.CacheManagerImplAccuracyTest.setUp(CacheManagerImplAccuracyTest.java:61)
</error>
  </testcase>
  <testcase classname="com.ibm.support.electronic.cache.accuracytests.CacheManagerImplAccuracyTest" name="testPut" time="0.0">
    <error message="Instance of the &apos;com.ibm.support.electronic.cache.printer.CacheStatisticsPrinterImpl&apos; must can be assigned to &apos;com.ibm.support.electronic.cache.CacheStatisticsPrinter&apos;" type="com.ibm.support.electronic.cache.ObjectCacheConfigurationException">com.ibm.support.electronic.cache.ObjectCacheConfigurationException: Instance of the &apos;com.ibm.support.electronic.cache.printer.CacheStatisticsPrinterImpl&apos; must can be assigned to &apos;com.ibm.support.electronic.cache.CacheStatisticsPrinter&apos;
	at com.ibm.support.electronic.cache.cachemanager.CacheManagerImpl.createReflectively(CacheManagerImpl.java:915)
	at com.ibm.support.electronic.cache.cachemanager.CacheManagerImpl.&lt;init&gt;(CacheManagerImpl.java:239)
	at com.ibm.support.electronic.cache.accuracytests.CacheManagerImplAccuracyTest.setUp(CacheManagerImplAccuracyTest.java:61)
</error>
  </testcase>
  <testcase classname="com.ibm.support.electronic.cache.accuracytests.CacheManagerImplAccuracyTest" name="testCacheManagerImpl" time="0.0010">
    <error message="Instance of the &apos;com.ibm.support.electronic.cache.printer.CacheStatisticsPrinterImpl&apos; must can be assigned to &apos;com.ibm.support.electronic.cache.CacheStatisticsPrinter&apos;" type="com.ibm.support.electronic.cache.ObjectCacheConfigurationException">com.ibm.support.electronic.cache.ObjectCacheConfigurationException: Instance of the &apos;com.ibm.support.electronic.cache.printer.CacheStatisticsPrinterImpl&apos; must can be assigned to &apos;com.ibm.support.electronic.cache.CacheStatisticsPrinter&apos;
	at com.ibm.support.electronic.cache.cachemanager.CacheManagerImpl.createReflectively(CacheManagerImpl.java:915)
	at com.ibm.support.electronic.cache.cachemanager.CacheManagerImpl.&lt;init&gt;(CacheManagerImpl.java:239)
	at com.ibm.support.electronic.cache.accuracytests.CacheManagerImplAccuracyTest.setUp(CacheManagerImplAccuracyTest.java:61)
</error>
  </testcase>
  <testcase classname="com.ibm.support.electronic.cache.accuracytests.CacheManagerImplAccuracyTest" name="testCacheManagerImplString" time="0.0">
    <error message="Instance of the &apos;com.ibm.support.electronic.cache.printer.CacheStatisticsPrinterImpl&apos; must can be assigned to &apos;com.ibm.support.electronic.cache.CacheStatisticsPrinter&apos;" type="com.ibm.support.electronic.cache.ObjectCacheConfigurationException">com.ibm.support.electronic.cache.ObjectCacheConfigurationException: Instance of the &apos;com.ibm.support.electronic.cache.printer.CacheStatisticsPrinterImpl&apos; must can be assigned to &apos;com.ibm.support.electronic.cache.CacheStatisticsPrinter&apos;
	at com.ibm.support.electronic.cache.cachemanager.CacheManagerImpl.createReflectively(CacheManagerImpl.java:915)
	at com.ibm.support.electronic.cache.cachemanager.CacheManagerImpl.&lt;init&gt;(CacheManagerImpl.java:239)
	at com.ibm.support.electronic.cache.accuracytests.CacheManagerImplAccuracyTest.setUp(CacheManagerImplAccuracyTest.java:61)
</error>
  </testcase>
  <testcase classname="com.ibm.support.electronic.cache.accuracytests.CacheManagerImplAccuracyTest" name="testCacheManagerImplPropertiesString" time="0.0010">
    <error message="Instance of the &apos;com.ibm.support.electronic.cache.printer.CacheStatisticsPrinterImpl&apos; must can be assigned to &apos;com.ibm.support.electronic.cache.CacheStatisticsPrinter&apos;" type="com.ibm.support.electronic.cache.ObjectCacheConfigurationException">com.ibm.support.electronic.cache.ObjectCacheConfigurationException: Instance of the &apos;com.ibm.support.electronic.cache.printer.CacheStatisticsPrinterImpl&apos; must can be assigned to &apos;com.ibm.support.electronic.cache.CacheStatisticsPrinter&apos;
	at com.ibm.support.electronic.cache.cachemanager.CacheManagerImpl.createReflectively(CacheManagerImpl.java:915)
	at com.ibm.support.electronic.cache.cachemanager.CacheManagerImpl.&lt;init&gt;(CacheManagerImpl.java:239)
	at com.ibm.support.electronic.cache.accuracytests.CacheManagerImplAccuracyTest.setUp(CacheManagerImplAccuracyTest.java:61)
</error>
  </testcase>
  <testcase classname="com.ibm.support.electronic.cache.accuracytests.CacheManagerImplAccuracyTest" name="testCacheManagerImplProperties" time="0.0010">
    <error message="Instance of the &apos;com.ibm.support.electronic.cache.printer.CacheStatisticsPrinterImpl&apos; must can be assigned to &apos;com.ibm.support.electronic.cache.CacheStatisticsPrinter&apos;" type="com.ibm.support.electronic.cache.ObjectCacheConfigurationException">com.ibm.support.electronic.cache.ObjectCacheConfigurationException: Instance of the &apos;com.ibm.support.electronic.cache.printer.CacheStatisticsPrinterImpl&apos; must can be assigned to &apos;com.ibm.support.electronic.cache.CacheStatisticsPrinter&apos;
	at com.ibm.support.electronic.cache.cachemanager.CacheManagerImpl.createReflectively(CacheManagerImpl.java:915)
	at com.ibm.support.electronic.cache.cachemanager.CacheManagerImpl.&lt;init&gt;(CacheManagerImpl.java:239)
	at com.ibm.support.electronic.cache.accuracytests.CacheManagerImplAccuracyTest.setUp(CacheManagerImplAccuracyTest.java:61)
</error>
  </testcase>
  <testcase classname="com.ibm.support.electronic.cache.accuracytests.CacheManagerImplAccuracyTest" name="testGet_null" time="0.0">
    <error message="Instance of the &apos;com.ibm.support.electronic.cache.printer.CacheStatisticsPrinterImpl&apos; must can be assigned to &apos;com.ibm.support.electronic.cache.CacheStatisticsPrinter&apos;" type="com.ibm.support.electronic.cache.ObjectCacheConfigurationException">com.ibm.support.electronic.cache.ObjectCacheConfigurationException: Instance of the &apos;com.ibm.support.electronic.cache.printer.CacheStatisticsPrinterImpl&apos; must can be assigned to &apos;com.ibm.support.electronic.cache.CacheStatisticsPrinter&apos;
	at com.ibm.support.electronic.cache.cachemanager.CacheManagerImpl.createReflectively(CacheManagerImpl.java:915)
	at com.ibm.support.electronic.cache.cachemanager.CacheManagerImpl.&lt;init&gt;(CacheManagerImpl.java:239)
	at com.ibm.support.electronic.cache.accuracytests.CacheManagerImplAccuracyTest.setUp(CacheManagerImplAccuracyTest.java:61)
</error>
  </testcase>
  <testcase classname="com.ibm.support.electronic.cache.accuracytests.CacheManagerImplAccuracyTest" name="testGet_empty" time="0.0">
    <error message="Instance of the &apos;com.ibm.support.electronic.cache.printer.CacheStatisticsPrinterImpl&apos; must can be assigned to &apos;com.ibm.support.electronic.cache.CacheStatisticsPrinter&apos;" type="com.ibm.support.electronic.cache.ObjectCacheConfigurationException">com.ibm.support.electronic.cache.ObjectCacheConfigurationException: Instance of the &apos;com.ibm.support.electronic.cache.printer.CacheStatisticsPrinterImpl&apos; must can be assigned to &apos;com.ibm.support.electronic.cache.CacheStatisticsPrinter&apos;
	at com.ibm.support.electronic.cache.cachemanager.CacheManagerImpl.createReflectively(CacheManagerImpl.java:915)
	at com.ibm.support.electronic.cache.cachemanager.CacheManagerImpl.&lt;init&gt;(CacheManagerImpl.java:239)
	at com.ibm.support.electronic.cache.accuracytests.CacheManagerImplAccuracyTest.setUp(CacheManagerImplAccuracyTest.java:61)
</error>
  </testcase>
  <testcase classname="com.ibm.support.electronic.cache.accuracytests.CacheManagerImplAccuracyTest" name="testPutInDb" time="0.0">
    <error message="Instance of the &apos;com.ibm.support.electronic.cache.printer.CacheStatisticsPrinterImpl&apos; must can be assigned to &apos;com.ibm.support.electronic.cache.CacheStatisticsPrinter&apos;" type="com.ibm.support.electronic.cache.ObjectCacheConfigurationException">com.ibm.support.electronic.cache.ObjectCacheConfigurationException: Instance of the &apos;com.ibm.support.electronic.cache.printer.CacheStatisticsPrinterImpl&apos; must can be assigned to &apos;com.ibm.support.electronic.cache.CacheStatisticsPrinter&apos;
	at com.ibm.support.electronic.cache.cachemanager.CacheManagerImpl.createReflectively(CacheManagerImpl.java:915)
	at com.ibm.support.electronic.cache.cachemanager.CacheManagerImpl.&lt;init&gt;(CacheManagerImpl.java:239)
	at com.ibm.support.electronic.cache.accuracytests.CacheManagerImplAccuracyTest.setUp(CacheManagerImplAccuracyTest.java:61)
</error>
  </testcase>
  <testcase classname="com.ibm.support.electronic.cache.accuracytests.CacheManagerImplAccuracyTest" name="testGetCacheStatistics" time="0.0">
    <error message="Instance of the &apos;com.ibm.support.electronic.cache.printer.CacheStatisticsPrinterImpl&apos; must can be assigned to &apos;com.ibm.support.electronic.cache.CacheStatisticsPrinter&apos;" type="com.ibm.support.electronic.cache.ObjectCacheConfigurationException">com.ibm.support.electronic.cache.ObjectCacheConfigurationException: Instance of the &apos;com.ibm.support.electronic.cache.printer.CacheStatisticsPrinterImpl&apos; must can be assigned to &apos;com.ibm.support.electronic.cache.CacheStatisticsPrinter&apos;
	at com.ibm.support.electronic.cache.cachemanager.CacheManagerImpl.createReflectively(CacheManagerImpl.java:915)
	at com.ibm.support.electronic.cache.cachemanager.CacheManagerImpl.&lt;init&gt;(CacheManagerImpl.java:239)
	at com.ibm.support.electronic.cache.accuracytests.CacheManagerImplAccuracyTest.setUp(CacheManagerImplAccuracyTest.java:61)
</error>
  </testcase>
  <testcase classname="com.ibm.support.electronic.cache.failuretests.CachedObjectDAOImplFailureTest" name="testCtorProps_Failure1" time="0.0" />
  <testcase classname="com.ibm.support.electronic.cache.failuretests.CachedObjectDAOImplFailureTest" name="testCtorProps_Failure2" time="0.0" />
  <testcase classname="com.ibm.support.electronic.cache.failuretests.CachedObjectDAOImplFailureTest" name="testCtorProps_Failure3" time="0.0010" />
  <testcase classname="com.ibm.support.electronic.cache.failuretests.CachedObjectDAOImplFailureTest" name="testDeleteByCacheSet_Failure1" time="0.0" />
  <testcase classname="com.ibm.support.electronic.cache.failuretests.CachedObjectDAOImplFailureTest" name="testDeleteByCacheSet_Failure2" time="0.0" />
  <testcase classname="com.ibm.support.electronic.cache.failuretests.CachedObjectDAOImplFailureTest" name="testGet_Failure1" time="0.0020">
    <error message="CachedObjectDAOImpl#getConnection" type="com.ibm.support.electronic.cache.PersistenceException">com.ibm.support.electronic.cache.PersistenceException: CachedObjectDAOImpl#getConnection
	at com.ibm.support.electronic.cache.dao.CachedObjectDAOImpl.getConnection(CachedObjectDAOImpl.java:449)
	at com.ibm.support.electronic.cache.dao.CachedObjectDAOImpl.get(CachedObjectDAOImpl.java:232)
	at com.ibm.support.electronic.cache.failuretests.CachedObjectDAOImplFailureTest.testGet_Failure1(CachedObjectDAOImplFailureTest.java:166)
Caused by: com.ibm.db2.jcc.am.yn: [jcc][t4][2043][11550][3.57.82] Exception java.net.ConnectException : Erreur lors de l&apos;ouverture du socket vers le serveur localhost/127.0.0.1 sur le port 50 000 avec le message : Connection refused. ERRORCODE=-4499, SQLSTATE=08001
	at com.ibm.db2.jcc.am.bd.a(bd.java:319)
	at com.ibm.db2.jcc.am.bd.a(bd.java:337)
	at com.ibm.db2.jcc.t4.xb.a(xb.java:378)
	at com.ibm.db2.jcc.t4.xb.&lt;init&gt;(xb.java:76)
	at com.ibm.db2.jcc.t4.a.y(a.java:263)
	at com.ibm.db2.jcc.t4.b.a(b.java:1787)
	at com.ibm.db2.jcc.am.jb.a(jb.java:540)
	at com.ibm.db2.jcc.am.jb.&lt;init&gt;(jb.java:496)
	at com.ibm.db2.jcc.t4.b.&lt;init&gt;(b.java:308)
	at com.ibm.db2.jcc.DB2SimpleDataSource.getConnection(DB2SimpleDataSource.java:214)
	at com.ibm.db2.jcc.DB2Driver.connect(DB2Driver.java:224)
	at java.sql.DriverManager.getConnection(DriverManager.java:582)
	at java.sql.DriverManager.getConnection(DriverManager.java:185)
	at com.ibm.support.electronic.cache.dao.CachedObjectDAOImpl.getConnection(CachedObjectDAOImpl.java:443)
Caused by: java.net.ConnectException: Connection refused
	at java.net.PlainSocketImpl.socketConnect(Native Method)
	at java.net.PlainSocketImpl.doConnect(PlainSocketImpl.java:333)
	at java.net.PlainSocketImpl.connectToAddress(PlainSocketImpl.java:195)
	at java.net.PlainSocketImpl.connect(PlainSocketImpl.java:182)
	at java.net.SocksSocketImpl.connect(SocksSocketImpl.java:366)
	at java.net.Socket.connect(Socket.java:529)
	at com.ibm.db2.jcc.t4.y.run(y.java:34)
	at java.security.AccessController.doPrivileged(Native Method)
	at com.ibm.db2.jcc.t4.xb.a(xb.java:372)
</error>
  </testcase>
  <testcase classname="com.ibm.support.electronic.cache.failuretests.CachedObjectDAOImplFailureTest" name="testGet_Failure2" time="0.0020">
    <error message="CachedObjectDAOImpl#getConnection" type="com.ibm.support.electronic.cache.PersistenceException">com.ibm.support.electronic.cache.PersistenceException: CachedObjectDAOImpl#getConnection
	at com.ibm.support.electronic.cache.dao.CachedObjectDAOImpl.getConnection(CachedObjectDAOImpl.java:449)
	at com.ibm.support.electronic.cache.dao.CachedObjectDAOImpl.get(CachedObjectDAOImpl.java:232)
	at com.ibm.support.electronic.cache.failuretests.CachedObjectDAOImplFailureTest.testGet_Failure2(CachedObjectDAOImplFailureTest.java:182)
Caused by: com.ibm.db2.jcc.am.yn: [jcc][t4][2043][11550][3.57.82] Exception java.net.ConnectException : Erreur lors de l&apos;ouverture du socket vers le serveur localhost/127.0.0.1 sur le port 50 000 avec le message : Connection refused. ERRORCODE=-4499, SQLSTATE=08001
	at com.ibm.db2.jcc.am.bd.a(bd.java:319)
	at com.ibm.db2.jcc.am.bd.a(bd.java:337)
	at com.ibm.db2.jcc.t4.xb.a(xb.java:378)
	at com.ibm.db2.jcc.t4.xb.&lt;init&gt;(xb.java:76)
	at com.ibm.db2.jcc.t4.a.y(a.java:263)
	at com.ibm.db2.jcc.t4.b.a(b.java:1787)
	at com.ibm.db2.jcc.am.jb.a(jb.java:540)
	at com.ibm.db2.jcc.am.jb.&lt;init&gt;(jb.java:496)
	at com.ibm.db2.jcc.t4.b.&lt;init&gt;(b.java:308)
	at com.ibm.db2.jcc.DB2SimpleDataSource.getConnection(DB2SimpleDataSource.java:214)
	at com.ibm.db2.jcc.DB2Driver.connect(DB2Driver.java:224)
	at java.sql.DriverManager.getConnection(DriverManager.java:582)
	at java.sql.DriverManager.getConnection(DriverManager.java:185)
	at com.ibm.support.electronic.cache.dao.CachedObjectDAOImpl.getConnection(CachedObjectDAOImpl.java:443)
Caused by: java.net.ConnectException: Connection refused
	at java.net.PlainSocketImpl.socketConnect(Native Method)
	at java.net.PlainSocketImpl.doConnect(PlainSocketImpl.java:333)
	at java.net.PlainSocketImpl.connectToAddress(PlainSocketImpl.java:195)
	at java.net.PlainSocketImpl.connect(PlainSocketImpl.java:182)
	at java.net.SocksSocketImpl.connect(SocksSocketImpl.java:366)
	at java.net.Socket.connect(Socket.java:529)
	at com.ibm.db2.jcc.t4.y.run(y.java:34)
	at java.security.AccessController.doPrivileged(Native Method)
	at com.ibm.db2.jcc.t4.xb.a(xb.java:372)
</error>
  </testcase>
  <testcase classname="com.ibm.support.electronic.cache.failuretests.CachedObjectDAOImplFailureTest" name="testGet_Failure3" time="0.0010">
    <error message="CachedObjectDAOImpl#getConnection" type="com.ibm.support.electronic.cache.PersistenceException">com.ibm.support.electronic.cache.PersistenceException: CachedObjectDAOImpl#getConnection
	at com.ibm.support.electronic.cache.dao.CachedObjectDAOImpl.getConnection(CachedObjectDAOImpl.java:449)
	at com.ibm.support.electronic.cache.dao.CachedObjectDAOImpl.get(CachedObjectDAOImpl.java:232)
	at com.ibm.support.electronic.cache.failuretests.CachedObjectDAOImplFailureTest.testGet_Failure3(CachedObjectDAOImplFailureTest.java:198)
Caused by: com.ibm.db2.jcc.am.yn: [jcc][t4][2043][11550][3.57.82] Exception java.net.ConnectException : Erreur lors de l&apos;ouverture du socket vers le serveur localhost/127.0.0.1 sur le port 50 000 avec le message : Connection refused. ERRORCODE=-4499, SQLSTATE=08001
	at com.ibm.db2.jcc.am.bd.a(bd.java:319)
	at com.ibm.db2.jcc.am.bd.a(bd.java:337)
	at com.ibm.db2.jcc.t4.xb.a(xb.java:378)
	at com.ibm.db2.jcc.t4.xb.&lt;init&gt;(xb.java:76)
	at com.ibm.db2.jcc.t4.a.y(a.java:263)
	at com.ibm.db2.jcc.t4.b.a(b.java:1787)
	at com.ibm.db2.jcc.am.jb.a(jb.java:540)
	at com.ibm.db2.jcc.am.jb.&lt;init&gt;(jb.java:496)
	at com.ibm.db2.jcc.t4.b.&lt;init&gt;(b.java:308)
	at com.ibm.db2.jcc.DB2SimpleDataSource.getConnection(DB2SimpleDataSource.java:214)
	at com.ibm.db2.jcc.DB2Driver.connect(DB2Driver.java:224)
	at java.sql.DriverManager.getConnection(DriverManager.java:582)
	at java.sql.DriverManager.getConnection(DriverManager.java:185)
	at com.ibm.support.electronic.cache.dao.CachedObjectDAOImpl.getConnection(CachedObjectDAOImpl.java:443)
Caused by: java.net.ConnectException: Connection refused
	at java.net.PlainSocketImpl.socketConnect(Native Method)
	at java.net.PlainSocketImpl.doConnect(PlainSocketImpl.java:333)
	at java.net.PlainSocketImpl.connectToAddress(PlainSocketImpl.java:195)
	at java.net.PlainSocketImpl.connect(PlainSocketImpl.java:182)
	at java.net.SocksSocketImpl.connect(SocksSocketImpl.java:366)
	at java.net.Socket.connect(Socket.java:529)
	at com.ibm.db2.jcc.t4.y.run(y.java:34)
	at java.security.AccessController.doPrivileged(Native Method)
	at com.ibm.db2.jcc.t4.xb.a(xb.java:372)
</error>
  </testcase>
  <testcase classname="com.ibm.support.electronic.cache.failuretests.CachedObjectDAOImplFailureTest" name="testGet_Failure4" time="0.011">
    <error message="CachedObjectDAOImpl#getConnection" type="com.ibm.support.electronic.cache.PersistenceException">com.ibm.support.electronic.cache.PersistenceException: CachedObjectDAOImpl#getConnection
	at com.ibm.support.electronic.cache.dao.CachedObjectDAOImpl.getConnection(CachedObjectDAOImpl.java:449)
	at com.ibm.support.electronic.cache.dao.CachedObjectDAOImpl.get(CachedObjectDAOImpl.java:232)
	at com.ibm.support.electronic.cache.failuretests.CachedObjectDAOImplFailureTest.testGet_Failure4(CachedObjectDAOImplFailureTest.java:214)
Caused by: com.ibm.db2.jcc.am.yn: [jcc][t4][2043][11550][3.57.82] Exception java.net.ConnectException : Erreur lors de l&apos;ouverture du socket vers le serveur localhost/127.0.0.1 sur le port 50 000 avec le message : Connection refused. ERRORCODE=-4499, SQLSTATE=08001
	at com.ibm.db2.jcc.am.bd.a(bd.java:319)
	at com.ibm.db2.jcc.am.bd.a(bd.java:337)
	at com.ibm.db2.jcc.t4.xb.a(xb.java:378)
	at com.ibm.db2.jcc.t4.xb.&lt;init&gt;(xb.java:76)
	at com.ibm.db2.jcc.t4.a.y(a.java:263)
	at com.ibm.db2.jcc.t4.b.a(b.java:1787)
	at com.ibm.db2.jcc.am.jb.a(jb.java:540)
	at com.ibm.db2.jcc.am.jb.&lt;init&gt;(jb.java:496)
	at com.ibm.db2.jcc.t4.b.&lt;init&gt;(b.java:308)
	at com.ibm.db2.jcc.DB2SimpleDataSource.getConnection(DB2SimpleDataSource.java:214)
	at com.ibm.db2.jcc.DB2Driver.connect(DB2Driver.java:224)
	at java.sql.DriverManager.getConnection(DriverManager.java:582)
	at java.sql.DriverManager.getConnection(DriverManager.java:185)
	at com.ibm.support.electronic.cache.dao.CachedObjectDAOImpl.getConnection(CachedObjectDAOImpl.java:443)
Caused by: java.net.ConnectException: Connection refused
	at java.net.PlainSocketImpl.socketConnect(Native Method)
	at java.net.PlainSocketImpl.doConnect(PlainSocketImpl.java:333)
	at java.net.PlainSocketImpl.connectToAddress(PlainSocketImpl.java:195)
	at java.net.PlainSocketImpl.connect(PlainSocketImpl.java:182)
	at java.net.SocksSocketImpl.connect(SocksSocketImpl.java:366)
	at java.net.Socket.connect(Socket.java:529)
	at com.ibm.db2.jcc.t4.y.run(y.java:34)
	at java.security.AccessController.doPrivileged(Native Method)
	at com.ibm.db2.jcc.t4.xb.a(xb.java:372)
</error>
  </testcase>
  <testcase classname="com.ibm.support.electronic.cache.failuretests.CachedObjectDAOImplFailureTest" name="testSave_Failure1" time="0.0010">
    <error message="CachedObjectDAOImpl#getConnection" type="com.ibm.support.electronic.cache.PersistenceException">com.ibm.support.electronic.cache.PersistenceException: CachedObjectDAOImpl#getConnection
	at com.ibm.support.electronic.cache.dao.CachedObjectDAOImpl.getConnection(CachedObjectDAOImpl.java:449)
	at com.ibm.support.electronic.cache.dao.CachedObjectDAOImpl.save(CachedObjectDAOImpl.java:332)
	at com.ibm.support.electronic.cache.failuretests.CachedObjectDAOImplFailureTest.testSave_Failure1(CachedObjectDAOImplFailureTest.java:230)
Caused by: com.ibm.db2.jcc.am.yn: [jcc][t4][2043][11550][3.57.82] Exception java.net.ConnectException : Erreur lors de l&apos;ouverture du socket vers le serveur localhost/127.0.0.1 sur le port 50 000 avec le message : Connection refused. ERRORCODE=-4499, SQLSTATE=08001
	at com.ibm.db2.jcc.am.bd.a(bd.java:319)
	at com.ibm.db2.jcc.am.bd.a(bd.java:337)
	at com.ibm.db2.jcc.t4.xb.a(xb.java:378)
	at com.ibm.db2.jcc.t4.xb.&lt;init&gt;(xb.java:76)
	at com.ibm.db2.jcc.t4.a.y(a.java:263)
	at com.ibm.db2.jcc.t4.b.a(b.java:1787)
	at com.ibm.db2.jcc.am.jb.a(jb.java:540)
	at com.ibm.db2.jcc.am.jb.&lt;init&gt;(jb.java:496)
	at com.ibm.db2.jcc.t4.b.&lt;init&gt;(b.java:308)
	at com.ibm.db2.jcc.DB2SimpleDataSource.getConnection(DB2SimpleDataSource.java:214)
	at com.ibm.db2.jcc.DB2Driver.connect(DB2Driver.java:224)
	at java.sql.DriverManager.getConnection(DriverManager.java:582)
	at java.sql.DriverManager.getConnection(DriverManager.java:185)
	at com.ibm.support.electronic.cache.dao.CachedObjectDAOImpl.getConnection(CachedObjectDAOImpl.java:443)
Caused by: java.net.ConnectException: Connection refused
	at java.net.PlainSocketImpl.socketConnect(Native Method)
	at java.net.PlainSocketImpl.doConnect(PlainSocketImpl.java:333)
	at java.net.PlainSocketImpl.connectToAddress(PlainSocketImpl.java:195)
	at java.net.PlainSocketImpl.connect(PlainSocketImpl.java:182)
	at java.net.SocksSocketImpl.connect(SocksSocketImpl.java:366)
	at java.net.Socket.connect(Socket.java:529)
	at com.ibm.db2.jcc.t4.y.run(y.java:34)
	at java.security.AccessController.doPrivileged(Native Method)
	at com.ibm.db2.jcc.t4.xb.a(xb.java:372)
</error>
  </testcase>
  <testcase classname="com.ibm.support.electronic.cache.failuretests.CachedObjectDAOImplFailureTest" name="testSave_Failure2" time="0.0010" />
  <testcase classname="com.ibm.support.electronic.cache.failuretests.CachedObjectDAOImplFailureTest" name="testSave_Failure3" time="0.0010">
    <error type="java.lang.NullPointerException">java.lang.NullPointerException
	at com.ibm.support.electronic.cache.dao.CachedObjectDAOImpl.&lt;init&gt;(CachedObjectDAOImpl.java:96)
	at com.ibm.support.electronic.cache.failuretests.CachedObjectDAOImplFailureTest.testSave_Failure3(CachedObjectDAOImplFailureTest.java:264)
</error>
  </testcase>
  <testcase classname="com.ibm.support.electronic.cache.failuretests.CachedObjectDAOImplFailureTest" name="testDelete_Failure1" time="0.0020">
    <error message="CachedObjectDAOImpl#getConnection" type="com.ibm.support.electronic.cache.PersistenceException">com.ibm.support.electronic.cache.PersistenceException: CachedObjectDAOImpl#getConnection
	at com.ibm.support.electronic.cache.dao.CachedObjectDAOImpl.getConnection(CachedObjectDAOImpl.java:449)
	at com.ibm.support.electronic.cache.dao.CachedObjectDAOImpl.delete(CachedObjectDAOImpl.java:401)
	at com.ibm.support.electronic.cache.failuretests.CachedObjectDAOImplFailureTest.testDelete_Failure1(CachedObjectDAOImplFailureTest.java:282)
Caused by: com.ibm.db2.jcc.am.yn: [jcc][t4][2043][11550][3.57.82] Exception java.net.ConnectException : Erreur lors de l&apos;ouverture du socket vers le serveur localhost/127.0.0.1 sur le port 50 000 avec le message : Connection refused. ERRORCODE=-4499, SQLSTATE=08001
	at com.ibm.db2.jcc.am.bd.a(bd.java:319)
	at com.ibm.db2.jcc.am.bd.a(bd.java:337)
	at com.ibm.db2.jcc.t4.xb.a(xb.java:378)
	at com.ibm.db2.jcc.t4.xb.&lt;init&gt;(xb.java:76)
	at com.ibm.db2.jcc.t4.a.y(a.java:263)
	at com.ibm.db2.jcc.t4.b.a(b.java:1787)
	at com.ibm.db2.jcc.am.jb.a(jb.java:540)
	at com.ibm.db2.jcc.am.jb.&lt;init&gt;(jb.java:496)
	at com.ibm.db2.jcc.t4.b.&lt;init&gt;(b.java:308)
	at com.ibm.db2.jcc.DB2SimpleDataSource.getConnection(DB2SimpleDataSource.java:214)
	at com.ibm.db2.jcc.DB2Driver.connect(DB2Driver.java:224)
	at java.sql.DriverManager.getConnection(DriverManager.java:582)
	at java.sql.DriverManager.getConnection(DriverManager.java:185)
	at com.ibm.support.electronic.cache.dao.CachedObjectDAOImpl.getConnection(CachedObjectDAOImpl.java:443)
Caused by: java.net.ConnectException: Connection refused
	at java.net.PlainSocketImpl.socketConnect(Native Method)
	at java.net.PlainSocketImpl.doConnect(PlainSocketImpl.java:333)
	at java.net.PlainSocketImpl.connectToAddress(PlainSocketImpl.java:195)
	at java.net.PlainSocketImpl.connect(PlainSocketImpl.java:182)
	at java.net.SocksSocketImpl.connect(SocksSocketImpl.java:366)
	at java.net.Socket.connect(Socket.java:529)
	at com.ibm.db2.jcc.t4.y.run(y.java:34)
	at java.security.AccessController.doPrivileged(Native Method)
	at com.ibm.db2.jcc.t4.xb.a(xb.java:372)
</error>
  </testcase>
  <testcase classname="com.ibm.support.electronic.cache.failuretests.CachedObjectDAOImplFailureTest" name="testDelete_Failure2" time="0.0010">
    <error message="CachedObjectDAOImpl#getConnection" type="com.ibm.support.electronic.cache.PersistenceException">com.ibm.support.electronic.cache.PersistenceException: CachedObjectDAOImpl#getConnection
	at com.ibm.support.electronic.cache.dao.CachedObjectDAOImpl.getConnection(CachedObjectDAOImpl.java:449)
	at com.ibm.support.electronic.cache.dao.CachedObjectDAOImpl.delete(CachedObjectDAOImpl.java:401)
	at com.ibm.support.electronic.cache.failuretests.CachedObjectDAOImplFailureTest.testDelete_Failure2(CachedObjectDAOImplFailureTest.java:298)
Caused by: com.ibm.db2.jcc.am.yn: [jcc][t4][2043][11550][3.57.82] Exception java.net.ConnectException : Erreur lors de l&apos;ouverture du socket vers le serveur localhost/127.0.0.1 sur le port 50 000 avec le message : Connection refused. ERRORCODE=-4499, SQLSTATE=08001
	at com.ibm.db2.jcc.am.bd.a(bd.java:319)
	at com.ibm.db2.jcc.am.bd.a(bd.java:337)
	at com.ibm.db2.jcc.t4.xb.a(xb.java:378)
	at com.ibm.db2.jcc.t4.xb.&lt;init&gt;(xb.java:76)
	at com.ibm.db2.jcc.t4.a.y(a.java:263)
	at com.ibm.db2.jcc.t4.b.a(b.java:1787)
	at com.ibm.db2.jcc.am.jb.a(jb.java:540)
	at com.ibm.db2.jcc.am.jb.&lt;init&gt;(jb.java:496)
	at com.ibm.db2.jcc.t4.b.&lt;init&gt;(b.java:308)
	at com.ibm.db2.jcc.DB2SimpleDataSource.getConnection(DB2SimpleDataSource.java:214)
	at com.ibm.db2.jcc.DB2Driver.connect(DB2Driver.java:224)
	at java.sql.DriverManager.getConnection(DriverManager.java:582)
	at java.sql.DriverManager.getConnection(DriverManager.java:185)
	at com.ibm.support.electronic.cache.dao.CachedObjectDAOImpl.getConnection(CachedObjectDAOImpl.java:443)
Caused by: java.net.ConnectException: Connection refused
	at java.net.PlainSocketImpl.socketConnect(Native Method)
	at java.net.PlainSocketImpl.doConnect(PlainSocketImpl.java:333)
	at java.net.PlainSocketImpl.connectToAddress(PlainSocketImpl.java:195)
	at java.net.PlainSocketImpl.connect(PlainSocketImpl.java:182)
	at java.net.SocksSocketImpl.connect(SocksSocketImpl.java:366)
	at java.net.Socket.connect(Socket.java:529)
	at com.ibm.db2.jcc.t4.y.run(y.java:34)
	at java.security.AccessController.doPrivileged(Native Method)
	at com.ibm.db2.jcc.t4.xb.a(xb.java:372)
</error>
  </testcase>
  <testcase classname="com.ibm.support.electronic.cache.failuretests.CachedObjectDAOImplFailureTest" name="testDelete_Failure3" time="0.0020">
    <error message="CachedObjectDAOImpl#getConnection" type="com.ibm.support.electronic.cache.PersistenceException">com.ibm.support.electronic.cache.PersistenceException: CachedObjectDAOImpl#getConnection
	at com.ibm.support.electronic.cache.dao.CachedObjectDAOImpl.getConnection(CachedObjectDAOImpl.java:449)
	at com.ibm.support.electronic.cache.dao.CachedObjectDAOImpl.delete(CachedObjectDAOImpl.java:401)
	at com.ibm.support.electronic.cache.failuretests.CachedObjectDAOImplFailureTest.testDelete_Failure3(CachedObjectDAOImplFailureTest.java:314)
Caused by: com.ibm.db2.jcc.am.yn: [jcc][t4][2043][11550][3.57.82] Exception java.net.ConnectException : Erreur lors de l&apos;ouverture du socket vers le serveur localhost/127.0.0.1 sur le port 50 000 avec le message : Connection refused. ERRORCODE=-4499, SQLSTATE=08001
	at com.ibm.db2.jcc.am.bd.a(bd.java:319)
	at com.ibm.db2.jcc.am.bd.a(bd.java:337)
	at com.ibm.db2.jcc.t4.xb.a(xb.java:378)
	at com.ibm.db2.jcc.t4.xb.&lt;init&gt;(xb.java:76)
	at com.ibm.db2.jcc.t4.a.y(a.java:263)
	at com.ibm.db2.jcc.t4.b.a(b.java:1787)
	at com.ibm.db2.jcc.am.jb.a(jb.java:540)
	at com.ibm.db2.jcc.am.jb.&lt;init&gt;(jb.java:496)
	at com.ibm.db2.jcc.t4.b.&lt;init&gt;(b.java:308)
	at com.ibm.db2.jcc.DB2SimpleDataSource.getConnection(DB2SimpleDataSource.java:214)
	at com.ibm.db2.jcc.DB2Driver.connect(DB2Driver.java:224)
	at java.sql.DriverManager.getConnection(DriverManager.java:582)
	at java.sql.DriverManager.getConnection(DriverManager.java:185)
	at com.ibm.support.electronic.cache.dao.CachedObjectDAOImpl.getConnection(CachedObjectDAOImpl.java:443)
Caused by: java.net.ConnectException: Connection refused
	at java.net.PlainSocketImpl.socketConnect(Native Method)
	at java.net.PlainSocketImpl.doConnect(PlainSocketImpl.java:333)
	at java.net.PlainSocketImpl.connectToAddress(PlainSocketImpl.java:195)
	at java.net.PlainSocketImpl.connect(PlainSocketImpl.java:182)
	at java.net.SocksSocketImpl.connect(SocksSocketImpl.java:366)
	at java.net.Socket.connect(Socket.java:529)
	at com.ibm.db2.jcc.t4.y.run(y.java:34)
	at java.security.AccessController.doPrivileged(Native Method)
	at com.ibm.db2.jcc.t4.xb.a(xb.java:372)
</error>
  </testcase>
  <testcase classname="com.ibm.support.electronic.cache.failuretests.CachedObjectDAOImplFailureTest" name="testDelete_Failure4" time="0.0010">
    <error message="CachedObjectDAOImpl#getConnection" type="com.ibm.support.electronic.cache.PersistenceException">com.ibm.support.electronic.cache.PersistenceException: CachedObjectDAOImpl#getConnection
	at com.ibm.support.electronic.cache.dao.CachedObjectDAOImpl.getConnection(CachedObjectDAOImpl.java:449)
	at com.ibm.support.electronic.cache.dao.CachedObjectDAOImpl.delete(CachedObjectDAOImpl.java:401)
	at com.ibm.support.electronic.cache.failuretests.CachedObjectDAOImplFailureTest.testDelete_Failure4(CachedObjectDAOImplFailureTest.java:330)
Caused by: com.ibm.db2.jcc.am.yn: [jcc][t4][2043][11550][3.57.82] Exception java.net.ConnectException : Erreur lors de l&apos;ouverture du socket vers le serveur localhost/127.0.0.1 sur le port 50 000 avec le message : Connection refused. ERRORCODE=-4499, SQLSTATE=08001
	at com.ibm.db2.jcc.am.bd.a(bd.java:319)
	at com.ibm.db2.jcc.am.bd.a(bd.java:337)
	at com.ibm.db2.jcc.t4.xb.a(xb.java:378)
	at com.ibm.db2.jcc.t4.xb.&lt;init&gt;(xb.java:76)
	at com.ibm.db2.jcc.t4.a.y(a.java:263)
	at com.ibm.db2.jcc.t4.b.a(b.java:1787)
	at com.ibm.db2.jcc.am.jb.a(jb.java:540)
	at com.ibm.db2.jcc.am.jb.&lt;init&gt;(jb.java:496)
	at com.ibm.db2.jcc.t4.b.&lt;init&gt;(b.java:308)
	at com.ibm.db2.jcc.DB2SimpleDataSource.getConnection(DB2SimpleDataSource.java:214)
	at com.ibm.db2.jcc.DB2Driver.connect(DB2Driver.java:224)
	at java.sql.DriverManager.getConnection(DriverManager.java:582)
	at java.sql.DriverManager.getConnection(DriverManager.java:185)
	at com.ibm.support.electronic.cache.dao.CachedObjectDAOImpl.getConnection(CachedObjectDAOImpl.java:443)
Caused by: java.net.ConnectException: Connection refused
	at java.net.PlainSocketImpl.socketConnect(Native Method)
	at java.net.PlainSocketImpl.doConnect(PlainSocketImpl.java:333)
	at java.net.PlainSocketImpl.connectToAddress(PlainSocketImpl.java:195)
	at java.net.PlainSocketImpl.connect(PlainSocketImpl.java:182)
	at java.net.SocksSocketImpl.connect(SocksSocketImpl.java:366)
	at java.net.Socket.connect(Socket.java:529)
	at com.ibm.db2.jcc.t4.y.run(y.java:34)
	at java.security.AccessController.doPrivileged(Native Method)
	at com.ibm.db2.jcc.t4.xb.a(xb.java:372)
</error>
  </testcase>
  <testcase classname="com.ibm.support.electronic.cache.failuretests.CacheManagerImplFailureTest" name="testCtorProps_Failure1" time="0.0">
    <error message="Instance of the &apos;com.ibm.support.electronic.cache.printer.CacheStatisticsPrinterImpl&apos; must can be assigned to &apos;com.ibm.support.electronic.cache.CacheStatisticsPrinter&apos;" type="com.ibm.support.electronic.cache.ObjectCacheConfigurationException">com.ibm.support.electronic.cache.ObjectCacheConfigurationException: Instance of the &apos;com.ibm.support.electronic.cache.printer.CacheStatisticsPrinterImpl&apos; must can be assigned to &apos;com.ibm.support.electronic.cache.CacheStatisticsPrinter&apos;
	at com.ibm.support.electronic.cache.cachemanager.CacheManagerImpl.createReflectively(CacheManagerImpl.java:915)
	at com.ibm.support.electronic.cache.cachemanager.CacheManagerImpl.&lt;init&gt;(CacheManagerImpl.java:239)
	at com.ibm.support.electronic.cache.failuretests.CacheManagerImplFailureTest.setUp(CacheManagerImplFailureTest.java:71)
</error>
  </testcase>
  <testcase classname="com.ibm.support.electronic.cache.failuretests.CacheManagerImplFailureTest" name="testCtorProps_Failure2" time="0.0010">
    <error message="Instance of the &apos;com.ibm.support.electronic.cache.printer.CacheStatisticsPrinterImpl&apos; must can be assigned to &apos;com.ibm.support.electronic.cache.CacheStatisticsPrinter&apos;" type="com.ibm.support.electronic.cache.ObjectCacheConfigurationException">com.ibm.support.electronic.cache.ObjectCacheConfigurationException: Instance of the &apos;com.ibm.support.electronic.cache.printer.CacheStatisticsPrinterImpl&apos; must can be assigned to &apos;com.ibm.support.electronic.cache.CacheStatisticsPrinter&apos;
	at com.ibm.support.electronic.cache.cachemanager.CacheManagerImpl.createReflectively(CacheManagerImpl.java:915)
	at com.ibm.support.electronic.cache.cachemanager.CacheManagerImpl.&lt;init&gt;(CacheManagerImpl.java:239)
	at com.ibm.support.electronic.cache.failuretests.CacheManagerImplFailureTest.setUp(CacheManagerImplFailureTest.java:71)
</error>
  </testcase>
  <testcase classname="com.ibm.support.electronic.cache.failuretests.CacheManagerImplFailureTest" name="testCtorProps_Failure3" time="0.0">
    <error message="Instance of the &apos;com.ibm.support.electronic.cache.printer.CacheStatisticsPrinterImpl&apos; must can be assigned to &apos;com.ibm.support.electronic.cache.CacheStatisticsPrinter&apos;" type="com.ibm.support.electronic.cache.ObjectCacheConfigurationException">com.ibm.support.electronic.cache.ObjectCacheConfigurationException: Instance of the &apos;com.ibm.support.electronic.cache.printer.CacheStatisticsPrinterImpl&apos; must can be assigned to &apos;com.ibm.support.electronic.cache.CacheStatisticsPrinter&apos;
	at com.ibm.support.electronic.cache.cachemanager.CacheManagerImpl.createReflectively(CacheManagerImpl.java:915)
	at com.ibm.support.electronic.cache.cachemanager.CacheManagerImpl.&lt;init&gt;(CacheManagerImpl.java:239)
	at com.ibm.support.electronic.cache.failuretests.CacheManagerImplFailureTest.setUp(CacheManagerImplFailureTest.java:71)
</error>
  </testcase>
  <testcase classname="com.ibm.support.electronic.cache.failuretests.CacheManagerImplFailureTest" name="testCtorStr_Failure1" time="0.0">
    <error message="Instance of the &apos;com.ibm.support.electronic.cache.printer.CacheStatisticsPrinterImpl&apos; must can be assigned to &apos;com.ibm.support.electronic.cache.CacheStatisticsPrinter&apos;" type="com.ibm.support.electronic.cache.ObjectCacheConfigurationException">com.ibm.support.electronic.cache.ObjectCacheConfigurationException: Instance of the &apos;com.ibm.support.electronic.cache.printer.CacheStatisticsPrinterImpl&apos; must can be assigned to &apos;com.ibm.support.electronic.cache.CacheStatisticsPrinter&apos;
	at com.ibm.support.electronic.cache.cachemanager.CacheManagerImpl.createReflectively(CacheManagerImpl.java:915)
	at com.ibm.support.electronic.cache.cachemanager.CacheManagerImpl.&lt;init&gt;(CacheManagerImpl.java:239)
	at com.ibm.support.electronic.cache.failuretests.CacheManagerImplFailureTest.setUp(CacheManagerImplFailureTest.java:71)
</error>
  </testcase>
  <testcase classname="com.ibm.support.electronic.cache.failuretests.CacheManagerImplFailureTest" name="testCtorStr_Failure2" time="0.0">
    <error message="Instance of the &apos;com.ibm.support.electronic.cache.printer.CacheStatisticsPrinterImpl&apos; must can be assigned to &apos;com.ibm.support.electronic.cache.CacheStatisticsPrinter&apos;" type="com.ibm.support.electronic.cache.ObjectCacheConfigurationException">com.ibm.support.electronic.cache.ObjectCacheConfigurationException: Instance of the &apos;com.ibm.support.electronic.cache.printer.CacheStatisticsPrinterImpl&apos; must can be assigned to &apos;com.ibm.support.electronic.cache.CacheStatisticsPrinter&apos;
	at com.ibm.support.electronic.cache.cachemanager.CacheManagerImpl.createReflectively(CacheManagerImpl.java:915)
	at com.ibm.support.electronic.cache.cachemanager.CacheManagerImpl.&lt;init&gt;(CacheManagerImpl.java:239)
	at com.ibm.support.electronic.cache.failuretests.CacheManagerImplFailureTest.setUp(CacheManagerImplFailureTest.java:71)
</error>
  </testcase>
  <testcase classname="com.ibm.support.electronic.cache.failuretests.CacheManagerImplFailureTest" name="testCtorStr_Failure3" time="0.0">
    <error message="Instance of the &apos;com.ibm.support.electronic.cache.printer.CacheStatisticsPrinterImpl&apos; must can be assigned to &apos;com.ibm.support.electronic.cache.CacheStatisticsPrinter&apos;" type="com.ibm.support.electronic.cache.ObjectCacheConfigurationException">com.ibm.support.electronic.cache.ObjectCacheConfigurationException: Instance of the &apos;com.ibm.support.electronic.cache.printer.CacheStatisticsPrinterImpl&apos; must can be assigned to &apos;com.ibm.support.electronic.cache.CacheStatisticsPrinter&apos;
	at com.ibm.support.electronic.cache.cachemanager.CacheManagerImpl.createReflectively(CacheManagerImpl.java:915)
	at com.ibm.support.electronic.cache.cachemanager.CacheManagerImpl.&lt;init&gt;(CacheManagerImpl.java:239)
	at com.ibm.support.electronic.cache.failuretests.CacheManagerImplFailureTest.setUp(CacheManagerImplFailureTest.java:71)
</error>
  </testcase>
  <testcase classname="com.ibm.support.electronic.cache.failuretests.CacheManagerImplFailureTest" name="testCtorPropsStr_Failure1" time="0.0010">
    <error message="Instance of the &apos;com.ibm.support.electronic.cache.printer.CacheStatisticsPrinterImpl&apos; must can be assigned to &apos;com.ibm.support.electronic.cache.CacheStatisticsPrinter&apos;" type="com.ibm.support.electronic.cache.ObjectCacheConfigurationException">com.ibm.support.electronic.cache.ObjectCacheConfigurationException: Instance of the &apos;com.ibm.support.electronic.cache.printer.CacheStatisticsPrinterImpl&apos; must can be assigned to &apos;com.ibm.support.electronic.cache.CacheStatisticsPrinter&apos;
	at com.ibm.support.electronic.cache.cachemanager.CacheManagerImpl.createReflectively(CacheManagerImpl.java:915)
	at com.ibm.support.electronic.cache.cachemanager.CacheManagerImpl.&lt;init&gt;(CacheManagerImpl.java:239)
	at com.ibm.support.electronic.cache.failuretests.CacheManagerImplFailureTest.setUp(CacheManagerImplFailureTest.java:71)
</error>
  </testcase>
  <testcase classname="com.ibm.support.electronic.cache.failuretests.CacheManagerImplFailureTest" name="testCtorPropsStr_Failure2" time="0.0">
    <error message="Instance of the &apos;com.ibm.support.electronic.cache.printer.CacheStatisticsPrinterImpl&apos; must can be assigned to &apos;com.ibm.support.electronic.cache.CacheStatisticsPrinter&apos;" type="com.ibm.support.electronic.cache.ObjectCacheConfigurationException">com.ibm.support.electronic.cache.ObjectCacheConfigurationException: Instance of the &apos;com.ibm.support.electronic.cache.printer.CacheStatisticsPrinterImpl&apos; must can be assigned to &apos;com.ibm.support.electronic.cache.CacheStatisticsPrinter&apos;
	at com.ibm.support.electronic.cache.cachemanager.CacheManagerImpl.createReflectively(CacheManagerImpl.java:915)
	at com.ibm.support.electronic.cache.cachemanager.CacheManagerImpl.&lt;init&gt;(CacheManagerImpl.java:239)
	at com.ibm.support.electronic.cache.failuretests.CacheManagerImplFailureTest.setUp(CacheManagerImplFailureTest.java:71)
</error>
  </testcase>
  <testcase classname="com.ibm.support.electronic.cache.failuretests.CacheManagerImplFailureTest" name="testCtorPropsStr_Failure3" time="0.0010">
    <error message="Instance of the &apos;com.ibm.support.electronic.cache.printer.CacheStatisticsPrinterImpl&apos; must can be assigned to &apos;com.ibm.support.electronic.cache.CacheStatisticsPrinter&apos;" type="com.ibm.support.electronic.cache.ObjectCacheConfigurationException">com.ibm.support.electronic.cache.ObjectCacheConfigurationException: Instance of the &apos;com.ibm.support.electronic.cache.printer.CacheStatisticsPrinterImpl&apos; must can be assigned to &apos;com.ibm.support.electronic.cache.CacheStatisticsPrinter&apos;
	at com.ibm.support.electronic.cache.cachemanager.CacheManagerImpl.createReflectively(CacheManagerImpl.java:915)
	at com.ibm.support.electronic.cache.cachemanager.CacheManagerImpl.&lt;init&gt;(CacheManagerImpl.java:239)
	at com.ibm.support.electronic.cache.failuretests.CacheManagerImplFailureTest.setUp(CacheManagerImplFailureTest.java:71)
</error>
  </testcase>
  <testcase classname="com.ibm.support.electronic.cache.failuretests.CacheManagerImplFailureTest" name="testPrintStatistics_Failure1" time="0.0020">
    <error message="Instance of the &apos;com.ibm.support.electronic.cache.printer.CacheStatisticsPrinterImpl&apos; must can be assigned to &apos;com.ibm.support.electronic.cache.CacheStatisticsPrinter&apos;" type="com.ibm.support.electronic.cache.ObjectCacheConfigurationException">com.ibm.support.electronic.cache.ObjectCacheConfigurationException: Instance of the &apos;com.ibm.support.electronic.cache.printer.CacheStatisticsPrinterImpl&apos; must can be assigned to &apos;com.ibm.support.electronic.cache.CacheStatisticsPrinter&apos;
	at com.ibm.support.electronic.cache.cachemanager.CacheManagerImpl.createReflectively(CacheManagerImpl.java:915)
	at com.ibm.support.electronic.cache.cachemanager.CacheManagerImpl.&lt;init&gt;(CacheManagerImpl.java:239)
	at com.ibm.support.electronic.cache.failuretests.CacheManagerImplFailureTest.setUp(CacheManagerImplFailureTest.java:71)
</error>
  </testcase>
  <testcase classname="com.ibm.support.electronic.cache.failuretests.CacheManagerImplFailureTest" name="testPut_Failure1" time="0.0010">
    <error message="Instance of the &apos;com.ibm.support.electronic.cache.printer.CacheStatisticsPrinterImpl&apos; must can be assigned to &apos;com.ibm.support.electronic.cache.CacheStatisticsPrinter&apos;" type="com.ibm.support.electronic.cache.ObjectCacheConfigurationException">com.ibm.support.electronic.cache.ObjectCacheConfigurationException: Instance of the &apos;com.ibm.support.electronic.cache.printer.CacheStatisticsPrinterImpl&apos; must can be assigned to &apos;com.ibm.support.electronic.cache.CacheStatisticsPrinter&apos;
	at com.ibm.support.electronic.cache.cachemanager.CacheManagerImpl.createReflectively(CacheManagerImpl.java:915)
	at com.ibm.support.electronic.cache.cachemanager.CacheManagerImpl.&lt;init&gt;(CacheManagerImpl.java:239)
	at com.ibm.support.electronic.cache.failuretests.CacheManagerImplFailureTest.setUp(CacheManagerImplFailureTest.java:71)
</error>
  </testcase>
  <testcase classname="com.ibm.support.electronic.cache.failuretests.CacheManagerImplFailureTest" name="testPut_Failure2" time="0.0">
    <error message="Instance of the &apos;com.ibm.support.electronic.cache.printer.CacheStatisticsPrinterImpl&apos; must can be assigned to &apos;com.ibm.support.electronic.cache.CacheStatisticsPrinter&apos;" type="com.ibm.support.electronic.cache.ObjectCacheConfigurationException">com.ibm.support.electronic.cache.ObjectCacheConfigurationException: Instance of the &apos;com.ibm.support.electronic.cache.printer.CacheStatisticsPrinterImpl&apos; must can be assigned to &apos;com.ibm.support.electronic.cache.CacheStatisticsPrinter&apos;
	at com.ibm.support.electronic.cache.cachemanager.CacheManagerImpl.createReflectively(CacheManagerImpl.java:915)
	at com.ibm.support.electronic.cache.cachemanager.CacheManagerImpl.&lt;init&gt;(CacheManagerImpl.java:239)
	at com.ibm.support.electronic.cache.failuretests.CacheManagerImplFailureTest.setUp(CacheManagerImplFailureTest.java:71)
</error>
  </testcase>
  <testcase classname="com.ibm.support.electronic.cache.failuretests.CacheManagerImplFailureTest" name="testPut_Failure3" time="0.0010">
    <error message="Instance of the &apos;com.ibm.support.electronic.cache.printer.CacheStatisticsPrinterImpl&apos; must can be assigned to &apos;com.ibm.support.electronic.cache.CacheStatisticsPrinter&apos;" type="com.ibm.support.electronic.cache.ObjectCacheConfigurationException">com.ibm.support.electronic.cache.ObjectCacheConfigurationException: Instance of the &apos;com.ibm.support.electronic.cache.printer.CacheStatisticsPrinterImpl&apos; must can be assigned to &apos;com.ibm.support.electronic.cache.CacheStatisticsPrinter&apos;
	at com.ibm.support.electronic.cache.cachemanager.CacheManagerImpl.createReflectively(CacheManagerImpl.java:915)
	at com.ibm.support.electronic.cache.cachemanager.CacheManagerImpl.&lt;init&gt;(CacheManagerImpl.java:239)
	at com.ibm.support.electronic.cache.failuretests.CacheManagerImplFailureTest.setUp(CacheManagerImplFailureTest.java:71)
</error>
  </testcase>
  <testcase classname="com.ibm.support.electronic.cache.failuretests.CacheManagerImplFailureTest" name="testClear_Failure1" time="0.0">
    <error message="Instance of the &apos;com.ibm.support.electronic.cache.printer.CacheStatisticsPrinterImpl&apos; must can be assigned to &apos;com.ibm.support.electronic.cache.CacheStatisticsPrinter&apos;" type="com.ibm.support.electronic.cache.ObjectCacheConfigurationException">com.ibm.support.electronic.cache.ObjectCacheConfigurationException: Instance of the &apos;com.ibm.support.electronic.cache.printer.CacheStatisticsPrinterImpl&apos; must can be assigned to &apos;com.ibm.support.electronic.cache.CacheStatisticsPrinter&apos;
	at com.ibm.support.electronic.cache.cachemanager.CacheManagerImpl.createReflectively(CacheManagerImpl.java:915)
	at com.ibm.support.electronic.cache.cachemanager.CacheManagerImpl.&lt;init&gt;(CacheManagerImpl.java:239)
	at com.ibm.support.electronic.cache.failuretests.CacheManagerImplFailureTest.setUp(CacheManagerImplFailureTest.java:71)
</error>
  </testcase>
  <testcase classname="com.ibm.support.electronic.cache.failuretests.MemoryCacheImplFailureTest" name="testGet_Failure1" time="0.0" />
  <testcase classname="com.ibm.support.electronic.cache.failuretests.MemoryCacheImplFailureTest" name="testGet_Failure2" time="0.0" />
  <testcase classname="com.ibm.support.electronic.cache.failuretests.MemoryCacheImplFailureTest" name="testPut_Failure1" time="0.0" />
  <testcase classname="com.ibm.support.electronic.cache.failuretests.MemoryCacheImplFailureTest" name="testPut_Failure2" time="0.0" />
  <testcase classname="com.ibm.support.electronic.cache.failuretests.MemoryCacheImplFailureTest" name="testPut_Failure3" time="0.0" />
  <testcase classname="com.ibm.support.electronic.cache.failuretests.MemoryCacheImplFailureTest" name="testCtor_Failure1" time="0.0" />
  <testcase classname="com.ibm.support.electronic.cache.failuretests.MemoryCacheImplFailureTest" name="testCtor_Failure2" time="0.0" />
  <testcase classname="com.ibm.support.electronic.cache.failuretests.MemoryCacheImplFailureTest" name="testCtor_Failure3" time="0.0010" />
  <testcase classname="com.ibm.support.electronic.cache.failuretests.MemoryCacheImplFailureTest" name="testCtor_Failure4" time="0.0" />
  <testcase classname="com.ibm.support.electronic.cache.failuretests.MemoryCacheImplFailureTest" name="testCtor_Failure5" time="0.0" />
  <testcase classname="com.ibm.support.electronic.cache.failuretests.MemoryCacheImplFailureTest" name="testCtor_Failure6" time="0.0" />
  <testcase classname="com.ibm.support.electronic.cache.failuretests.MemoryCacheImplFailureTest" name="testRemove_Failure1" time="0.0" />
  <testcase classname="com.ibm.support.electronic.cache.failuretests.MemoryCacheImplFailureTest" name="testRemove_Failure2" time="0.0" />
  <testcase classname="com.ibm.support.electronic.cache.stresstests.CacheStatisticsPrinterImplStressTest" name="test_printStatistics" time="0.022" />
  <testcase classname="com.ibm.support.electronic.cache.stresstests.CachedObjectDAOImplStressTest" name="test_save" time="0.047">
    <error message="CachedObjectDAOImpl#getConnection" type="com.ibm.support.electronic.cache.PersistenceException">com.ibm.support.electronic.cache.PersistenceException: CachedObjectDAOImpl#getConnection
	at com.ibm.support.electronic.cache.dao.CachedObjectDAOImpl.getConnection(CachedObjectDAOImpl.java:449)
	at com.ibm.support.electronic.cache.dao.CachedObjectDAOImpl.save(CachedObjectDAOImpl.java:332)
	at com.ibm.support.electronic.cache.stresstests.CachedObjectDAOImplStressTest$1.run(CachedObjectDAOImplStressTest.java:97)
Caused by: com.ibm.db2.jcc.am.yn: [jcc][t4][2043][11550][3.57.82] Exception java.net.ConnectException : Erreur lors de l&apos;ouverture du socket vers le serveur localhost/127.0.0.1 sur le port 50 000 avec le message : Connection refused. ERRORCODE=-4499, SQLSTATE=08001
	at com.ibm.db2.jcc.am.bd.a(bd.java:319)
	at com.ibm.db2.jcc.am.bd.a(bd.java:337)
	at com.ibm.db2.jcc.t4.xb.a(xb.java:378)
	at com.ibm.db2.jcc.t4.xb.&lt;init&gt;(xb.java:76)
	at com.ibm.db2.jcc.t4.a.y(a.java:263)
	at com.ibm.db2.jcc.t4.b.a(b.java:1787)
	at com.ibm.db2.jcc.am.jb.a(jb.java:540)
	at com.ibm.db2.jcc.am.jb.&lt;init&gt;(jb.java:496)
	at com.ibm.db2.jcc.t4.b.&lt;init&gt;(b.java:308)
	at com.ibm.db2.jcc.DB2SimpleDataSource.getConnection(DB2SimpleDataSource.java:214)
	at com.ibm.db2.jcc.DB2Driver.connect(DB2Driver.java:224)
	at java.sql.DriverManager.getConnection(DriverManager.java:582)
	at java.sql.DriverManager.getConnection(DriverManager.java:185)
	at com.ibm.support.electronic.cache.dao.CachedObjectDAOImpl.getConnection(CachedObjectDAOImpl.java:443)
Caused by: java.net.ConnectException: Connection refused
	at java.net.PlainSocketImpl.socketConnect(Native Method)
	at java.net.PlainSocketImpl.doConnect(PlainSocketImpl.java:333)
	at java.net.PlainSocketImpl.connectToAddress(PlainSocketImpl.java:195)
	at java.net.PlainSocketImpl.connect(PlainSocketImpl.java:182)
	at java.net.SocksSocketImpl.connect(SocksSocketImpl.java:366)
	at java.net.Socket.connect(Socket.java:529)
	at com.ibm.db2.jcc.t4.y.run(y.java:34)
	at java.security.AccessController.doPrivileged(Native Method)
	at com.ibm.db2.jcc.t4.xb.a(xb.java:372)
</error>
  </testcase>
  <testcase classname="com.ibm.support.electronic.cache.stresstests.CachedObjectDAOImplStressTest" name="test_deleteByCacheSet" time="0.041">
    <error message="CachedObjectDAOImpl#getConnection" type="com.ibm.support.electronic.cache.PersistenceException">com.ibm.support.electronic.cache.PersistenceException: CachedObjectDAOImpl#getConnection
	at com.ibm.support.electronic.cache.dao.CachedObjectDAOImpl.getConnection(CachedObjectDAOImpl.java:449)
	at com.ibm.support.electronic.cache.dao.CachedObjectDAOImpl.save(CachedObjectDAOImpl.java:332)
	at com.ibm.support.electronic.cache.stresstests.CachedObjectDAOImplStressTest$2.run(CachedObjectDAOImplStressTest.java:141)
Caused by: com.ibm.db2.jcc.am.yn: [jcc][t4][2043][11550][3.57.82] Exception java.net.ConnectException : Erreur lors de l&apos;ouverture du socket vers le serveur localhost/127.0.0.1 sur le port 50 000 avec le message : Connection refused. ERRORCODE=-4499, SQLSTATE=08001
	at com.ibm.db2.jcc.am.bd.a(bd.java:319)
	at com.ibm.db2.jcc.am.bd.a(bd.java:337)
	at com.ibm.db2.jcc.t4.xb.a(xb.java:378)
	at com.ibm.db2.jcc.t4.xb.&lt;init&gt;(xb.java:76)
	at com.ibm.db2.jcc.t4.a.y(a.java:263)
	at com.ibm.db2.jcc.t4.b.a(b.java:1787)
	at com.ibm.db2.jcc.am.jb.a(jb.java:540)
	at com.ibm.db2.jcc.am.jb.&lt;init&gt;(jb.java:496)
	at com.ibm.db2.jcc.t4.b.&lt;init&gt;(b.java:308)
	at com.ibm.db2.jcc.DB2SimpleDataSource.getConnection(DB2SimpleDataSource.java:214)
	at com.ibm.db2.jcc.DB2Driver.connect(DB2Driver.java:224)
	at java.sql.DriverManager.getConnection(DriverManager.java:582)
	at java.sql.DriverManager.getConnection(DriverManager.java:185)
	at com.ibm.support.electronic.cache.dao.CachedObjectDAOImpl.getConnection(CachedObjectDAOImpl.java:443)
Caused by: java.net.ConnectException: Connection refused
	at java.net.PlainSocketImpl.socketConnect(Native Method)
	at java.net.PlainSocketImpl.doConnect(PlainSocketImpl.java:333)
	at java.net.PlainSocketImpl.connectToAddress(PlainSocketImpl.java:195)
	at java.net.PlainSocketImpl.connect(PlainSocketImpl.java:182)
	at java.net.SocksSocketImpl.connect(SocksSocketImpl.java:366)
	at java.net.Socket.connect(Socket.java:529)
	at com.ibm.db2.jcc.t4.y.run(y.java:34)
	at java.security.AccessController.doPrivileged(Native Method)
	at com.ibm.db2.jcc.t4.xb.a(xb.java:372)
</error>
  </testcase>
  <testcase classname="com.ibm.support.electronic.cache.stresstests.MemoryCacheImplStressTest" name="test_put" time="0.016" />
  <testcase classname="com.ibm.support.electronic.cache.stresstests.MemoryCacheImplStressTest" name="test_clear" time="1.173" />
  <testcase classname="com.ibm.support.electronic.cache.stresstests.MemoryCacheImplStressTest" name="test_getReplaceableCachedObject" time="0.052" />
  <testcase classname="com.ibm.support.electronic.cache.stresstests.CacheManagerImplStressTest" name="test_save" time="0.0030">
    <error message="[jcc][t4][2043][11550][3.57.82] Exception java.net.ConnectException : Erreur lors de l&apos;ouverture du socket vers le serveur localhost/127.0.0.1 sur le port 50 000 avec le message : Connection refused. ERRORCODE=-4499, SQLSTATE=08001" type="com.ibm.db2.jcc.am.yn">com.ibm.db2.jcc.am.yn: [jcc][t4][2043][11550][3.57.82] Exception java.net.ConnectException : Erreur lors de l&apos;ouverture du socket vers le serveur localhost/127.0.0.1 sur le port 50 000 avec le message : Connection refused. ERRORCODE=-4499, SQLSTATE=08001
	at com.ibm.db2.jcc.am.bd.a(bd.java:319)
	at com.ibm.db2.jcc.am.bd.a(bd.java:337)
	at com.ibm.db2.jcc.t4.xb.a(xb.java:378)
	at com.ibm.db2.jcc.t4.xb.&lt;init&gt;(xb.java:76)
	at com.ibm.db2.jcc.t4.a.y(a.java:263)
	at com.ibm.db2.jcc.t4.b.a(b.java:1787)
	at com.ibm.db2.jcc.am.jb.a(jb.java:540)
	at com.ibm.db2.jcc.am.jb.&lt;init&gt;(jb.java:496)
	at com.ibm.db2.jcc.t4.b.&lt;init&gt;(b.java:308)
	at com.ibm.db2.jcc.DB2SimpleDataSource.getConnection(DB2SimpleDataSource.java:214)
	at com.ibm.db2.jcc.DB2Driver.connect(DB2Driver.java:224)
	at java.sql.DriverManager.getConnection(DriverManager.java:582)
	at java.sql.DriverManager.getConnection(DriverManager.java:185)
	at com.ibm.support.electronic.cache.stresstests.TestHelper.getConnection(TestHelper.java:101)
	at com.ibm.support.electronic.cache.stresstests.TestHelper.clear(TestHelper.java:37)
	at com.ibm.support.electronic.cache.stresstests.CacheManagerImplStressTest.setUp(CacheManagerImplStressTest.java:46)
Caused by: java.net.ConnectException: Connection refused
	at java.net.PlainSocketImpl.socketConnect(Native Method)
	at java.net.PlainSocketImpl.doConnect(PlainSocketImpl.java:333)
	at java.net.PlainSocketImpl.connectToAddress(PlainSocketImpl.java:195)
	at java.net.PlainSocketImpl.connect(PlainSocketImpl.java:182)
	at java.net.SocksSocketImpl.connect(SocksSocketImpl.java:366)
	at java.net.Socket.connect(Socket.java:529)
	at com.ibm.db2.jcc.t4.y.run(y.java:34)
	at java.security.AccessController.doPrivileged(Native Method)
	at com.ibm.db2.jcc.t4.xb.a(xb.java:372)
</error>
  </testcase>
  <system-out><![CDATA[Run printStatistics() for  50 times takes 20ms
Run put()/get()/remove() for  1000 times takes 15ms
Run put()/get()/clear() for  1000 times takes 1172ms
Run put()/getReplaceableCachedObject() for  1000 times takes 52ms
]]></system-out>
  <system-err><![CDATA[]]></system-err>
</testsuite>
