<?xml version="1.0" encoding="UTF-8" ?>
<testsuite errors="31" failures="0" hostname="powo" name="com.topcoder.management.deliverable.AllTests" tests="665" time="25.243" timestamp="2010-11-19T15:41:27">
  <properties>
    <property name="java.vendor" value="Sun Microsystems Inc." />
    <property name="package" value="com.topcoder.management.deliverable" />
    <property name="docpackage.jar" value="deliverable_management_docs.jar" />
    <property name="sun.java.launcher" value="SUN_STANDARD" />
    <property name="sun.management.compiler" value="HotSpot 64-Bit Server Compiler" />
    <property name="manifest_file_path" value="build/dist/deliverable_management-1.2.0/META-INF/" />
    <property name="verbose" value="no" />
    <property name="os.name" value="Linux" />
    <property name="sun.boot.class.path" value="/usr/lib/jvm/java-1.6.0-openjdk-1.6.0.0.x86_64/jre/lib/resources.jar:/usr/lib/jvm/java-1.6.0-openjdk-1.6.0.0.x86_64/jre/lib/rt.jar:/usr/lib/jvm/java-1.6.0-openjdk-1.6.0.0.x86_64/jre/lib/sunrsasign.jar:/usr/lib/jvm/java-1.6.0-openjdk-1.6.0.0.x86_64/jre/lib/jsse.jar:/usr/lib/jvm/java-1.6.0-openjdk-1.6.0.0.x86_64/jre/lib/jce.jar:/usr/lib/jvm/java-1.6.0-openjdk-1.6.0.0.x86_64/jre/lib/charsets.jar:/usr/lib/jvm/java-1.6.0-openjdk-1.6.0.0.x86_64/jre/lib/rhino.jar:/usr/lib/jvm/java-1.6.0-openjdk-1.6.0.0.x86_64/jre/classes" />
    <property name="docsdir" value="docs" />
    <property name="javadoc.jar" value="javadocs.jar" />
    <property name="design_submission.jar" value="deliverable_management_1.2.0_design_submission.jar" />
    <property name="sun.desktop" value="gnome" />
    <property name="component.tests.jar" value="build/dist/lib/tcs/deliverable_management_tests.jar" />
    <property name="object_formatter.jar" value="../tcs/lib/tcs/object_formatter/1.0.0/object_formatter.jar" />
    <property name="java.vm.specification.vendor" value="Sun Microsystems Inc." />
    <property name="ant.home" value="/usr/share/ant" />
    <property name="java.runtime.version" value="1.6.0_18-b18" />
    <property name="component_path" value="deliverable_management/1.2.0" />
    <property name="cobertura.dir" value="../tcs/lib/third_party/cobertura/1.8" />
    <property name="component.version.micro" value="0" />
    <property name="user.name" value="edemairy" />
    <property name="manifest_file" value="build/dist/deliverable_management-1.2.0/META-INF//MANIFEST.MF" />
    <property name="logging_wrapper.jar" value="../tcs/lib/tcs/logging_wrapper/1.2/logging_wrapper.jar" />
    <property name="debug" value="off" />
    <property name="reports" value="log/reports" />
    <property name="testfiles" value="test_files" />
    <property name="component.version.major" value="1" />
    <property name="component_version" value="1.2.0" />
    <property name="dist_coverage" value="build/dist/deliverable_management-1.2.0/docs/coverage" />
    <property name="component.packagedir" value="com/topcoder/management/deliverable" />
    <property name="user.language" value="en" />
    <property name="cobertura.datafile" value="log/cobertura.ser" />
    <property name="javadoc.locale" value="en_US" />
    <property name="sun.boot.library.path" value="/usr/lib/jvm/java-1.6.0-openjdk-1.6.0.0.x86_64/jre/lib/amd64" />
    <property name="tcs_libdir" value="../tcs/lib/tcs" />
    <property name="search_builder.jar" value="../tcs/lib/tcs/search_builder/1.4.1/search_builder.jar" />
    <property name="srcdir" value="src" />
    <property name="ant.project.name" value="TopCoder Java Generic Build" />
    <property name="component.bootclasspath" value="${java_1_5_bootclasspath}" />
    <property name="component.version.minor" value="2" />
    <property name="java.version" value="1.6.0_18" />
    <property name="user.timezone" value="" />
    <property name="dev_dist.jar" value="deliverable_management_1.2.0_dev_dist.jar" />
    <property name="sun.arch.data.model" value="64" />
    <property name="java.endorsed.dirs" value="/usr/lib/jvm/java-1.6.0-openjdk-1.6.0.0.x86_64/jre/lib/endorsed" />
    <property name="sun.cpu.isalist" value="" />
    <property name="packagedir" value="com/topcoder/management/deliverable" />
    <property name="sun.jnu.encoding" value="UTF-8" />
    <property name="file.encoding.pkg" value="sun.io" />
    <property name="file.separator" value="/" />
    <property name="java.specification.name" value="Java Platform API Specification" />
    <property name="build_docsdir" value="build/docs" />
    <property name="dev_submission.jar" value="deliverable_management_1.2.0_dev_submission.jar" />
    <property name="java.class.version" value="50.0" />
    <property name="db_connection_factory.jar" value="../tcs/lib/tcs/db_connection_factory/1.1/db_connection_factory.jar" />
    <property name="build_testclassdir" value="build/testClasses" />
    <property name="user.country" value="US" />
    <property name="java.home" value="/usr/lib/jvm/java-1.6.0-openjdk-1.6.0.0.x86_64/jre" />
    <property name="component.distfilename" value="deliverable_management" />
    <property name="component.version.build" value="1" />
    <property name="java.vm.info" value="mixed mode" />
    <property name="ant.file" value="/home/edemairy/Documents/Personal/TC/Development/DeliverableManagement/build.xml" />
    <property name="os.version" value="2.6.32.23-170.fc12.x86_64" />
    <property name="build_distdir" value="build/dist" />
    <property name="dist_docpackage" value="build/doc_package" />
    <property name="ifxjdbc.jar" value="../tcs/lib/third_party/Informix/1.4.1/ifxjdbc.jar" />
    <property name="build_tcsdistdir" value="build/dist/deliverable_management-1.2.0" />
    <property name="path.separator" value=":" />
    <property name="java.vm.version" value="14.0-b16" />
    <property name="testlogdir" value="log" />
    <property name="database_abstraction.jar" value="../tcs/lib/tcs/database_abstraction/1.1/database_abstraction.jar" />
    <property name="ant.library.dir" value="/usr/share/ant/lib" />
    <property name="component.name" value="Deliverable Management" />
    <property name="javamain" value="src/java/main" />
    <property name="base_exception.jar" value="../tcs/lib/tcs/base_exception/2.0.0/base_exception.jar" />
    <property name="dist_lib" value="build/dist/lib/tcs" />
    <property name="dist_javadocs" value="build/dist/deliverable_management-1.2.0/docs/javadocs" />
    <property name="java.awt.printerjob" value="sun.print.PSPrinterJob" />
    <property name="sun.io.unicode.encoding" value="UnicodeLittle" />
    <property name="component" value="Deliverable Management" />
    <property name="user.home" value="/user/edemairy/home" />
    <property name="java.specification.vendor" value="Sun Microsystems Inc." />
    <property name="object_factory.jar" value="../tcs/lib/tcs/object_factory/2.0.1/object_factory.jar" />
    <property name="data_validation.jar" value="../tcs/lib/tcs/data_validation/1.1.1/data_validation.jar" />
    <property name="java.vendor.url" value="http://java.sun.com/" />
    <property name="java.library.path" value="/usr/lib/jvm/java-1.6.0-openjdk-1.6.0.0.x86_64/jre/lib/amd64/server:/usr/lib/jvm/java-1.6.0-openjdk-1.6.0.0.x86_64/jre/lib/amd64:/usr/lib/jvm/java-1.6.0-openjdk-1.6.0.0.x86_64/jre/../lib/amd64:/usr/java/packages/lib/amd64:/usr/lib64:/lib64:/lib:/usr/lib" />
    <property name="build_javadocsdir" value="build/docs/javadocs" />
    <property name="configdir" value="conf" />
    <property name="java.vm.vendor" value="Sun Microsystems Inc." />
    <property name="ant.file.TopCoder Java Generic Build" value="/home/edemairy/Documents/Personal/TC/Development/DeliverableManagement/build.xml" />
    <property name="java.runtime.name" value="OpenJDK Runtime Environment" />
    <property name="ant.version" value="Apache Ant version 1.7.1 compiled on April 16 2010" />
    <property name="java.class.path" value="/home/edemairy/Documents/Personal/TC/Development/DeliverableManagement/build/testClasses:/home/edemairy/Documents/Personal/TC/Development/tcs/lib/third_party/junit/4.6/junit-4.6.jar:/home/edemairy/Documents/Personal/TC/Development/tcs/lib/third_party/Informix/1.4.1/ifxjdbc.jar:/home/edemairy/Documents/Personal/TC/Development/tcs/lib/tcs/base_exception/2.0.0/base_exception.jar:/home/edemairy/Documents/Personal/TC/Development/tcs/lib/tcs/logging_wrapper/1.2/logging_wrapper.jar:/home/edemairy/Documents/Personal/TC/Development/tcs/lib/tcs/configuration_manager/2.1.5/configuration_manager.jar:/home/edemairy/Documents/Personal/TC/Development/tcs/lib/tcs/database_abstraction/1.1/database_abstraction.jar:/home/edemairy/Documents/Personal/TC/Development/tcs/lib/tcs/db_connection_factory/1.1/db_connection_factory.jar:/home/edemairy/Documents/Personal/TC/Development/tcs/lib/tcs/data_validation/1.1.1/data_validation.jar:/home/edemairy/Documents/Personal/TC/Development/tcs/lib/tcs/id_generator/3.0.0/id_generator.jar:/home/edemairy/Documents/Personal/TC/Development/tcs/lib/tcs/search_builder/1.4.1/search_builder.jar:/home/edemairy/Documents/Personal/TC/Development/tcs/lib/tcs/class_associations/1.0/class_associations.jar:/home/edemairy/Documents/Personal/TC/Development/tcs/lib/tcs/configuration_api/1.0.0/configuration_api.jar:/home/edemairy/Documents/Personal/TC/Development/tcs/lib/tcs/object_factory/2.0.1/object_factory.jar:/home/edemairy/Documents/Personal/TC/Development/tcs/lib/tcs/object_formatter/1.0.0/object_formatter.jar:/home/edemairy/Documents/Personal/TC/Development/tcs/lib/tcs/typesafe_enum/1.1.0/typesafe_enum.jar:/home/edemairy/Documents/Personal/TC/Development/DeliverableManagement/build/classes:/home/edemairy/Documents/Personal/TC/Development/DeliverableManagement/test_files:/usr/share/java/junit-3.8.2.jar:/usr/share/java/ant-launcher-1.7.1.jar:/usr/share/java/ant-1.7.1.jar:/usr/share/java/ant/ant-junit-1.7.1.jar" />
    <property name="configuration_manager.jar" value="../tcs/lib/tcs/configuration_manager/2.1.5/configuration_manager.jar" />
    <property name="java.vm.specification.name" value="Java Virtual Machine Specification" />
    <property name="ext_libdir" value="../tcs/lib/third_party" />
    <property name="builddir" value="build" />
    <property name="java.vm.specification.version" value="1.0" />
    <property name="junit.jar" value="../tcs/lib/third_party/junit/4.6/junit-4.6.jar" />
    <property name="component.dist.jar" value="build/dist/deliverable_management-1.2.0.jar" />
    <property name="sun.os.patch.level" value="unknown" />
    <property name="sun.cpu.endian" value="little" />
    <property name="java.io.tmpdir" value="/tmp" />
    <property name="component.target" value="1.5" />
    <property name="java.vendor.url.bug" value="http://java.sun.com/cgi-bin/bugreport.cgi" />
    <property name="build_targetclassdir" value="build/targetclasses" />
    <property name="javac.encoding" value="UTF-8" />
    <property name="build_classdir" value="build/classes" />
    <property name="javatests" value="src/java/tests" />
    <property name="javadocsdir" value="docs/javadocs" />
    <property name="id_generator.jar" value="../tcs/lib/tcs/id_generator/3.0.0/id_generator.jar" />
    <property name="instrumented.dir" value="build/instrumented" />
    <property name="os.arch" value="amd64" />
    <property name="java.awt.graphicsenv" value="sun.awt.X11GraphicsEnvironment" />
    <property name="test_reflib" value="test_reflib" />
    <property name="java.ext.dirs" value="/usr/lib/jvm/java-1.6.0-openjdk-1.6.0.0.x86_64/jre/lib/ext:/usr/java/packages/lib/ext" />
    <property name="typesafe_enum.jar" value="../tcs/lib/tcs/typesafe_enum/1.1.0/typesafe_enum.jar" />
    <property name="test_files.dir" value="./test_files/" />
    <property name="user.dir" value="/home/edemairy/Documents/Personal/TC/Development/DeliverableManagement" />
    <property name="design_dist.jar" value="deliverable_management_1.2.0_design_dist.jar" />
    <property name="libdir" value="../tcs/lib" />
    <property name="javasrc" value="src/java" />
    <property name="line.separator" value="
" />
    <property name="java.vm.name" value="OpenJDK 64-Bit Server VM" />
    <property name="distfilename" value="deliverable_management" />
    <property name="basedir" value="/home/edemairy/Documents/Personal/TC/Development/DeliverableManagement" />
    <property name="ant.java.version" value="1.6" />
    <property name="configuration_api.jar" value="../tcs/lib/tcs/configuration_api/1.0.0/configuration_api.jar" />
    <property name="ant.core.lib" value="/usr/share/java/ant-1.7.1.jar" />
    <property name="file.encoding" value="UTF-8" />
    <property name="dist_docs" value="build/dist/deliverable_management-1.2.0/docs" />
    <property name="component.jar" value="build/dist/lib/tcs/deliverable_management/1.2.0/deliverable_management.jar" />
    <property name="java.specification.version" value="1.6" />
    <property name="target_libdir" value="../tcs/lib/tcs" />
    <property name="component.package" value="com.topcoder.management.deliverable" />
    <property name="ant.file.Dependency Import" value="/home/edemairy/Documents/Personal/TC/Development/DeliverableManagement/build-dependencies.xml" />
    <property name="class_associations.jar" value="../tcs/lib/tcs/class_associations/1.0/class_associations.jar" />
  </properties>
  <testcase classname="com.topcoder.management.deliverable.AuditedDeliverableStructureTests" name="testConstructor1_Accuracy" time="0.001" />
  <testcase classname="com.topcoder.management.deliverable.AuditedDeliverableStructureTests" name="testConstructor2_InvalidLong1" time="0.001" />
  <testcase classname="com.topcoder.management.deliverable.AuditedDeliverableStructureTests" name="testConstructor2_InvalidLong2" time="0.001" />
  <testcase classname="com.topcoder.management.deliverable.AuditedDeliverableStructureTests" name="testConstructor2_Accuracy1" time="0.0" />
  <testcase classname="com.topcoder.management.deliverable.AuditedDeliverableStructureTests" name="testSetId_Invalid1" time="0.0" />
  <testcase classname="com.topcoder.management.deliverable.AuditedDeliverableStructureTests" name="testSetId_Invalid2" time="0.0" />
  <testcase classname="com.topcoder.management.deliverable.AuditedDeliverableStructureTests" name="testSetId_Accuracy1" time="0.0" />
  <testcase classname="com.topcoder.management.deliverable.AuditedDeliverableStructureTests" name="testGetId_Accuracy1" time="0.0" />
  <testcase classname="com.topcoder.management.deliverable.AuditedDeliverableStructureTests" name="testSetCreationUser_Accuracy1" time="0.0" />
  <testcase classname="com.topcoder.management.deliverable.AuditedDeliverableStructureTests" name="testGetCreationUser_Accuracy1" time="0.0" />
  <testcase classname="com.topcoder.management.deliverable.AuditedDeliverableStructureTests" name="testSetCreationTimestamp_Accuracy1" time="0.0" />
  <testcase classname="com.topcoder.management.deliverable.AuditedDeliverableStructureTests" name="testGetCreationTimestamp_Accuracy1" time="0.0" />
  <testcase classname="com.topcoder.management.deliverable.AuditedDeliverableStructureTests" name="testSetModificationUser_Accuracy1" time="0.0" />
  <testcase classname="com.topcoder.management.deliverable.AuditedDeliverableStructureTests" name="testGetModificationUser_Accuracy1" time="0.0" />
  <testcase classname="com.topcoder.management.deliverable.AuditedDeliverableStructureTests" name="testSetModificationTimestamp_Accuracy1" time="0.0" />
  <testcase classname="com.topcoder.management.deliverable.AuditedDeliverableStructureTests" name="testGetModificationTimestamp_Accuracy1" time="0.0" />
  <testcase classname="com.topcoder.management.deliverable.AuditedDeliverableStructureTests" name="testIsValidToPersist_Accuracy1" time="0.0" />
  <testcase classname="com.topcoder.management.deliverable.AuditedDeliverableStructureTests" name="testIsValidToPersist_Accuracy2" time="0.0" />
  <testcase classname="com.topcoder.management.deliverable.AuditedDeliverableStructureTests" name="testIsValidToPersist_Accuracy3" time="0.0" />
  <testcase classname="com.topcoder.management.deliverable.AuditedDeliverableStructureTests" name="testIsValidToPersist_Accuracy4" time="0.0" />
  <testcase classname="com.topcoder.management.deliverable.AuditedDeliverableStructureTests" name="testIsValidToPersist_Accuracy5" time="0.001" />
  <testcase classname="com.topcoder.management.deliverable.AuditedDeliverableStructureTests" name="testIsValidToPersist_Accuracy6" time="0.0" />
  <testcase classname="com.topcoder.management.deliverable.DeliverableTests" name="testConstructor1_InvalidLong1" time="0.001" />
  <testcase classname="com.topcoder.management.deliverable.DeliverableTests" name="testConstructor1_InvalidLong2" time="0.0" />
  <testcase classname="com.topcoder.management.deliverable.DeliverableTests" name="testConstructor1_InvalidLong3" time="0.0" />
  <testcase classname="com.topcoder.management.deliverable.DeliverableTests" name="testConstructor1_InvalidLong4" time="0.0" />
  <testcase classname="com.topcoder.management.deliverable.DeliverableTests" name="testConstructor1_InvalidLong5" time="0.001" />
  <testcase classname="com.topcoder.management.deliverable.DeliverableTests" name="testConstructor1_InvalidLong6" time="0.0" />
  <testcase classname="com.topcoder.management.deliverable.DeliverableTests" name="testConstructor1_InvalidLong7" time="0.0" />
  <testcase classname="com.topcoder.management.deliverable.DeliverableTests" name="testConstructor1_InvalidLong8" time="0.0" />
  <testcase classname="com.topcoder.management.deliverable.DeliverableTests" name="testConstructor1_Valid1" time="0.0" />
  <testcase classname="com.topcoder.management.deliverable.DeliverableTests" name="testConstructor1_Valid2" time="0.0" />
  <testcase classname="com.topcoder.management.deliverable.DeliverableTests" name="testConstructor1_Accuracy1" time="0.0" />
  <testcase classname="com.topcoder.management.deliverable.DeliverableTests" name="testConstructor1_Accuracy2" time="0.0" />
  <testcase classname="com.topcoder.management.deliverable.DeliverableTests" name="testGetProject_Accuracy1" time="0.0" />
  <testcase classname="com.topcoder.management.deliverable.DeliverableTests" name="testGetProject_Accuracy2" time="0.0" />
  <testcase classname="com.topcoder.management.deliverable.DeliverableTests" name="testGetPhase_Accuracy1" time="0.0" />
  <testcase classname="com.topcoder.management.deliverable.DeliverableTests" name="testGetPhase_Accuracy2" time="0.0" />
  <testcase classname="com.topcoder.management.deliverable.DeliverableTests" name="testGetResource_Accuracy1" time="0.001" />
  <testcase classname="com.topcoder.management.deliverable.DeliverableTests" name="testGetResource_Accuracy2" time="0.0" />
  <testcase classname="com.topcoder.management.deliverable.DeliverableTests" name="testGetSubmission_Accuracy1" time="0.0" />
  <testcase classname="com.topcoder.management.deliverable.DeliverableTests" name="testGetSubmission_Accuracy2" time="0.0" />
  <testcase classname="com.topcoder.management.deliverable.DeliverableTests" name="testIsRequired_Accuracy1" time="0.0" />
  <testcase classname="com.topcoder.management.deliverable.DeliverableTests" name="testIsRequired_Accuracy2" time="0.001" />
  <testcase classname="com.topcoder.management.deliverable.DeliverableTests" name="testSetCompletionDate_Null" time="0.0" />
  <testcase classname="com.topcoder.management.deliverable.DeliverableTests" name="testSetCompletionDate_Accuracy1" time="0.0" />
  <testcase classname="com.topcoder.management.deliverable.DeliverableTests" name="testGetCompletionDate_Accuracy2" time="0.0" />
  <testcase classname="com.topcoder.management.deliverable.DeliverableTests" name="testIsComplete_Accuracy1" time="0.0" />
  <testcase classname="com.topcoder.management.deliverable.DeliverableTests" name="testIsComplete_Accuracy2" time="0.0" />
  <testcase classname="com.topcoder.management.deliverable.DeliverableTests" name="testIsPerSubmission_Accuracy1" time="0.0" />
  <testcase classname="com.topcoder.management.deliverable.DeliverableTests" name="testIsPerSubmission_Accuracy2" time="0.0" />
  <testcase classname="com.topcoder.management.deliverable.IdAlreadySetExceptionTests" name="testConstructor1" time="0.0" />
  <testcase classname="com.topcoder.management.deliverable.NamedDeliverableStructureTests" name="testConstructor2_InvalidLong1" time="0.0" />
  <testcase classname="com.topcoder.management.deliverable.NamedDeliverableStructureTests" name="testConstructor2_InvalidLong2" time="0.0" />
  <testcase classname="com.topcoder.management.deliverable.NamedDeliverableStructureTests" name="testConstructor2_Accuracy1" time="0.0" />
  <testcase classname="com.topcoder.management.deliverable.NamedDeliverableStructureTests" name="testIsValidToPersist_Accuracy1" time="0.001" />
  <testcase classname="com.topcoder.management.deliverable.NamedDeliverableStructureTests" name="testIsValidToPersist_Accuracy2" time="0.0" />
  <testcase classname="com.topcoder.management.deliverable.NamedDeliverableStructureTests" name="testIsValidToPersist_Accuracy3" time="0.0" />
  <testcase classname="com.topcoder.management.deliverable.NamedDeliverableStructureTests" name="testIsValidToPersist_Accuracy4" time="0.0" />
  <testcase classname="com.topcoder.management.deliverable.NamedDeliverableStructureTests" name="testIsValidToPersist_Accuracy5" time="0.0" />
  <testcase classname="com.topcoder.management.deliverable.NamedDeliverableStructureTests" name="testConstructor1_Accuracy1" time="0.001" />
  <testcase classname="com.topcoder.management.deliverable.NamedDeliverableStructureTests" name="testConstructor1_Accuracy2" time="0.0" />
  <testcase classname="com.topcoder.management.deliverable.NamedDeliverableStructureTests" name="testConstructor3_InvalidLong1" time="0.0" />
  <testcase classname="com.topcoder.management.deliverable.NamedDeliverableStructureTests" name="testConstructor3_InvalidLong2" time="0.0" />
  <testcase classname="com.topcoder.management.deliverable.NamedDeliverableStructureTests" name="testConstructor3_Accuracy1" time="0.0" />
  <testcase classname="com.topcoder.management.deliverable.NamedDeliverableStructureTests" name="testSetName_Accuracy1" time="0.001" />
  <testcase classname="com.topcoder.management.deliverable.NamedDeliverableStructureTests" name="testGetName_Accuracy1" time="0.0" />
  <testcase classname="com.topcoder.management.deliverable.NamedDeliverableStructureTests" name="testSetDescription_Accuracy1" time="0.0" />
  <testcase classname="com.topcoder.management.deliverable.NamedDeliverableStructureTests" name="testGetDescription_Accuracy1" time="0.0" />
  <testcase classname="com.topcoder.management.deliverable.PersistenceDeliverableManagerTests" name="testConstructor1_Null1" time="0.137" />
  <testcase classname="com.topcoder.management.deliverable.PersistenceDeliverableManagerTests" name="testConstructor1_Null2" time="0.068" />
  <testcase classname="com.topcoder.management.deliverable.PersistenceDeliverableManagerTests" name="testConstructor1_Null3" time="0.05" />
  <testcase classname="com.topcoder.management.deliverable.PersistenceDeliverableManagerTests" name="testConstructor1_Null4" time="0.049" />
  <testcase classname="com.topcoder.management.deliverable.PersistenceDeliverableManagerTests" name="testConstructor1_Valid" time="0.032" />
  <testcase classname="com.topcoder.management.deliverable.PersistenceDeliverableManagerTests" name="testConstructor1_InvalidDeliverableCheckers1" time="0.028" />
  <testcase classname="com.topcoder.management.deliverable.PersistenceDeliverableManagerTests" name="testConstructor1_InvalidDeliverableCheckers2" time="0.026" />
  <testcase classname="com.topcoder.management.deliverable.PersistenceDeliverableManagerTests" name="testConstructor1_InvalidDeliverableCheckers3" time="0.025" />
  <testcase classname="com.topcoder.management.deliverable.PersistenceDeliverableManagerTests" name="testConstructor2_Null1" time="0.024" />
  <testcase classname="com.topcoder.management.deliverable.PersistenceDeliverableManagerTests" name="testConstructor2_Null2" time="0.024" />
  <testcase classname="com.topcoder.management.deliverable.PersistenceDeliverableManagerTests" name="testConstructor2_Null3" time="0.024" />
  <testcase classname="com.topcoder.management.deliverable.PersistenceDeliverableManagerTests" name="testConstructor2_searchBundleManagerEmpty1" time="0.023" />
  <testcase classname="com.topcoder.management.deliverable.PersistenceDeliverableManagerTests" name="testConstructor2_searchBundleManagerEmpty2" time="0.021" />
  <testcase classname="com.topcoder.management.deliverable.PersistenceDeliverableManagerTests" name="testSearchDeliverablesWithSubmissionFilter_Null1" time="0.022" />
  <testcase classname="com.topcoder.management.deliverable.PersistenceDeliverableManagerTests" name="testSearchDeliverablesWithSubmissionFilter_Accuracy" time="0.021" />
  <testcase classname="com.topcoder.management.deliverable.PersistenceDeliverableManagerTests" name="testSearchDeliverablesFilter_Null1" time="0.021" />
  <testcase classname="com.topcoder.management.deliverable.PersistenceDeliverableManagerTests" name="testSearchDeliverablesByDeliverableId" time="0.397" />
  <testcase classname="com.topcoder.management.deliverable.PersistenceDeliverableManagerTests" name="testSearchDeliverablesByName" time="0.154" />
  <testcase classname="com.topcoder.management.deliverable.PersistenceDeliverableManagerTests" name="testSearchDeliverablesByProjectId" time="0.146" />
  <testcase classname="com.topcoder.management.deliverable.PersistenceDeliverableManagerTests" name="testSearchDeliverablesByPhaseId" time="0.145" />
  <testcase classname="com.topcoder.management.deliverable.PersistenceDeliverableManagerTests" name="testSearchDeliverablesByResourceRoleId" time="0.145" />
  <testcase classname="com.topcoder.management.deliverable.PersistenceDeliverableManagerTests" name="testSearchDeliverablesByRequired" time="0.144" />
  <testcase classname="com.topcoder.management.deliverable.PersistenceDeliverableManagerTests" name="testSearchDeliverablesWithSubmissionFilterByDeliverableId" time="0.14" />
  <testcase classname="com.topcoder.management.deliverable.PersistenceDeliverableManagerTests" name="testSearchDeliverablesWithSubmissionFilterByName" time="0.15" />
  <testcase classname="com.topcoder.management.deliverable.PersistenceDeliverableManagerTests" name="testSearchDeliverablesWithSubmissionFilterByProjectId" time="0.148" />
  <testcase classname="com.topcoder.management.deliverable.PersistenceDeliverableManagerTests" name="testSearchDeliverablesWithSubmissionFilterByPhaseId" time="0.149" />
  <testcase classname="com.topcoder.management.deliverable.PersistenceDeliverableManagerTests" name="testSearchDeliverablesWithSubmissionFilterByResourceRoleId" time="0.148" />
  <testcase classname="com.topcoder.management.deliverable.PersistenceDeliverableManagerTests" name="testSearchDeliverablesWithSubmissionFilterBySubmissionId" time="0.14" />
  <testcase classname="com.topcoder.management.deliverable.PersistenceUploadManagerTests" name="testConstructor1_Null1" time="0.016" />
  <testcase classname="com.topcoder.management.deliverable.PersistenceUploadManagerTests" name="testConstructor1_Null2" time="0.013" />
  <testcase classname="com.topcoder.management.deliverable.PersistenceUploadManagerTests" name="testConstructor1_Null3" time="0.013" />
  <testcase classname="com.topcoder.management.deliverable.PersistenceUploadManagerTests" name="testConstructor1_Null4" time="0.013" />
  <testcase classname="com.topcoder.management.deliverable.PersistenceUploadManagerTests" name="testConstructor1_Valid" time="0.013" />
  <testcase classname="com.topcoder.management.deliverable.PersistenceUploadManagerTests" name="testConstructor2_Null1" time="0.032" />
  <testcase classname="com.topcoder.management.deliverable.PersistenceUploadManagerTests" name="testConstructor2_Null2" time="0.013" />
  <testcase classname="com.topcoder.management.deliverable.PersistenceUploadManagerTests" name="testConstructor1_Null5" time="0.013" />
  <testcase classname="com.topcoder.management.deliverable.PersistenceUploadManagerTests" name="testConstructor1_Null6" time="0.013" />
  <testcase classname="com.topcoder.management.deliverable.PersistenceUploadManagerTests" name="testConstructor1_Null7" time="0.013" />
  <testcase classname="com.topcoder.management.deliverable.PersistenceUploadManagerTests" name="testConstructor1_Null8" time="0.013" />
  <testcase classname="com.topcoder.management.deliverable.PersistenceUploadManagerTests" name="testCreateUpload_Null1" time="0.014" />
  <testcase classname="com.topcoder.management.deliverable.PersistenceUploadManagerTests" name="testCreateUpload_Null2" time="0.013" />
  <testcase classname="com.topcoder.management.deliverable.PersistenceUploadManagerTests" name="testCreateUpload_Invalid1" time="0.013" />
  <testcase classname="com.topcoder.management.deliverable.PersistenceUploadManagerTests" name="testCreateUpload_Accuracy1" time="0.014" />
  <testcase classname="com.topcoder.management.deliverable.PersistenceUploadManagerTests" name="testUpdateUpload_Null1" time="0.013" />
  <testcase classname="com.topcoder.management.deliverable.PersistenceUploadManagerTests" name="testUpdateUpload_Null2" time="0.012" />
  <testcase classname="com.topcoder.management.deliverable.PersistenceUploadManagerTests" name="testUpdateUpload_Invalid1" time="0.013" />
  <testcase classname="com.topcoder.management.deliverable.PersistenceUploadManagerTests" name="testUpdateUpload_Accuracy1" time="0.013" />
  <testcase classname="com.topcoder.management.deliverable.PersistenceUploadManagerTests" name="testRemoveUpload_Null1" time="0.013" />
  <testcase classname="com.topcoder.management.deliverable.PersistenceUploadManagerTests" name="testRemoveUpload_Null2" time="0.013" />
  <testcase classname="com.topcoder.management.deliverable.PersistenceUploadManagerTests" name="testRemoveUpload_Invalid1" time="0.012" />
  <testcase classname="com.topcoder.management.deliverable.PersistenceUploadManagerTests" name="testRemoveUpload_Accuracy1" time="0.012" />
  <testcase classname="com.topcoder.management.deliverable.PersistenceUploadManagerTests" name="testGetUpload_Invalid" time="0.012" />
  <testcase classname="com.topcoder.management.deliverable.PersistenceUploadManagerTests" name="testGetUpload_Accuracy" time="0.013" />
  <testcase classname="com.topcoder.management.deliverable.PersistenceUploadManagerTests" name="testSearchUpload_Null" time="0.012" />
  <testcase classname="com.topcoder.management.deliverable.PersistenceUploadManagerTests" name="testCreateUploadType_Null1" time="0.012" />
  <testcase classname="com.topcoder.management.deliverable.PersistenceUploadManagerTests" name="testCreateUploadType_Null2" time="0.013" />
  <testcase classname="com.topcoder.management.deliverable.PersistenceUploadManagerTests" name="testCreateUploadType_Invalid1" time="0.012" />
  <testcase classname="com.topcoder.management.deliverable.PersistenceUploadManagerTests" name="testCreateUploadType_Accuracy1" time="0.013" />
  <testcase classname="com.topcoder.management.deliverable.PersistenceUploadManagerTests" name="testUpdateUploadType_Null1" time="0.012" />
  <testcase classname="com.topcoder.management.deliverable.PersistenceUploadManagerTests" name="testUpdateUploadType_Null2" time="0.012" />
  <testcase classname="com.topcoder.management.deliverable.PersistenceUploadManagerTests" name="testUpdateUploadType_Invalid1" time="0.012" />
  <testcase classname="com.topcoder.management.deliverable.PersistenceUploadManagerTests" name="testUpdateUploadType_Accuracy1" time="0.016" />
  <testcase classname="com.topcoder.management.deliverable.PersistenceUploadManagerTests" name="testRemoveUploadType_Null1" time="0.012" />
  <testcase classname="com.topcoder.management.deliverable.PersistenceUploadManagerTests" name="testRemoveUploadType_Null2" time="0.012" />
  <testcase classname="com.topcoder.management.deliverable.PersistenceUploadManagerTests" name="testRemoveUploadType_Invalid1" time="0.011" />
  <testcase classname="com.topcoder.management.deliverable.PersistenceUploadManagerTests" name="testRemoveUploadType_Accuracy1" time="0.012" />
  <testcase classname="com.topcoder.management.deliverable.PersistenceUploadManagerTests" name="testGetAllUploadTypes_Accuracy" time="0.011" />
  <testcase classname="com.topcoder.management.deliverable.PersistenceUploadManagerTests" name="testCreateUploadStatus_Null1" time="0.012" />
  <testcase classname="com.topcoder.management.deliverable.PersistenceUploadManagerTests" name="testCreateUploadStatus_Null2" time="0.011" />
  <testcase classname="com.topcoder.management.deliverable.PersistenceUploadManagerTests" name="testCreateUploadStatus_Invalid1" time="0.011" />
  <testcase classname="com.topcoder.management.deliverable.PersistenceUploadManagerTests" name="testCreateUploadStatus_Accuracy1" time="0.011" />
  <testcase classname="com.topcoder.management.deliverable.PersistenceUploadManagerTests" name="testUpdateUploadStatus_Null1" time="0.011" />
  <testcase classname="com.topcoder.management.deliverable.PersistenceUploadManagerTests" name="testUpdateUploadStatus_Null2" time="0.011" />
  <testcase classname="com.topcoder.management.deliverable.PersistenceUploadManagerTests" name="testUpdateUploadStatus_Invalid1" time="0.011" />
  <testcase classname="com.topcoder.management.deliverable.PersistenceUploadManagerTests" name="testUpdateUploadStatus_Accuracy1" time="0.011" />
  <testcase classname="com.topcoder.management.deliverable.PersistenceUploadManagerTests" name="testRemoveUploadStatus_Null1" time="0.011" />
  <testcase classname="com.topcoder.management.deliverable.PersistenceUploadManagerTests" name="testRemoveUploadStatus_Null2" time="0.011" />
  <testcase classname="com.topcoder.management.deliverable.PersistenceUploadManagerTests" name="testRemoveUploadStatus_Invalid1" time="0.011" />
  <testcase classname="com.topcoder.management.deliverable.PersistenceUploadManagerTests" name="testRemoveUploadStatus_Accuracy1" time="0.011" />
  <testcase classname="com.topcoder.management.deliverable.PersistenceUploadManagerTests" name="testGetAllUploadStatuses_Accuracy" time="0.01" />
  <testcase classname="com.topcoder.management.deliverable.PersistenceUploadManagerTests" name="testCreateSubmission_Null1" time="0.01" />
  <testcase classname="com.topcoder.management.deliverable.PersistenceUploadManagerTests" name="testCreateSubmission_Null2" time="0.011" />
  <testcase classname="com.topcoder.management.deliverable.PersistenceUploadManagerTests" name="testCreateSubmission_Invalid1" time="0.011" />
  <testcase classname="com.topcoder.management.deliverable.PersistenceUploadManagerTests" name="testCreateSubmission_Accuracy1" time="0.011" />
  <testcase classname="com.topcoder.management.deliverable.PersistenceUploadManagerTests" name="testUpdateSubmission_Null1" time="0.011" />
  <testcase classname="com.topcoder.management.deliverable.PersistenceUploadManagerTests" name="testUpdateSubmission_Null2" time="0.011" />
  <testcase classname="com.topcoder.management.deliverable.PersistenceUploadManagerTests" name="testUpdateSubmission_Invalid1" time="0.011" />
  <testcase classname="com.topcoder.management.deliverable.PersistenceUploadManagerTests" name="testUpdateSubmission_Accuracy1" time="0.011" />
  <testcase classname="com.topcoder.management.deliverable.PersistenceUploadManagerTests" name="testRemoveSubmission_Null1" time="0.01" />
  <testcase classname="com.topcoder.management.deliverable.PersistenceUploadManagerTests" name="testRemoveSubmission_Null2" time="0.01" />
  <testcase classname="com.topcoder.management.deliverable.PersistenceUploadManagerTests" name="testRemoveSubmission_Invalid1" time="0.011" />
  <testcase classname="com.topcoder.management.deliverable.PersistenceUploadManagerTests" name="testRemoveSubmission_Accuracy1" time="0.01" />
  <testcase classname="com.topcoder.management.deliverable.PersistenceUploadManagerTests" name="testGetSubmission_Invalid" time="0.01" />
  <testcase classname="com.topcoder.management.deliverable.PersistenceUploadManagerTests" name="testGetSubmission_Accuracy" time="0.01" />
  <testcase classname="com.topcoder.management.deliverable.PersistenceUploadManagerTests" name="testSearchSubmission_Null" time="0.01" />
  <testcase classname="com.topcoder.management.deliverable.PersistenceUploadManagerTests" name="testCreateSubmissionStatus_Null1" time="0.01" />
  <testcase classname="com.topcoder.management.deliverable.PersistenceUploadManagerTests" name="testCreateSubmissionStatus_Null2" time="0.01" />
  <testcase classname="com.topcoder.management.deliverable.PersistenceUploadManagerTests" name="testCreateSubmissionStatus_Invalid1" time="0.01" />
  <testcase classname="com.topcoder.management.deliverable.PersistenceUploadManagerTests" name="testCreateSubmissionStatus_Accuracy1" time="0.01" />
  <testcase classname="com.topcoder.management.deliverable.PersistenceUploadManagerTests" name="testUpdateSubmissionStatus_Null1" time="0.01" />
  <testcase classname="com.topcoder.management.deliverable.PersistenceUploadManagerTests" name="testUpdateSubmissionStatus_Null2" time="0.015" />
  <testcase classname="com.topcoder.management.deliverable.PersistenceUploadManagerTests" name="testUpdateSubmissionStatus_Invalid1" time="0.011" />
  <testcase classname="com.topcoder.management.deliverable.PersistenceUploadManagerTests" name="testUpdateSubmissionStatus_Accuracy1" time="0.01" />
  <testcase classname="com.topcoder.management.deliverable.PersistenceUploadManagerTests" name="testRemoveSubmissionStatus_Null1" time="0.01" />
  <testcase classname="com.topcoder.management.deliverable.PersistenceUploadManagerTests" name="testRemoveSubmissionStatus_Null2" time="0.01" />
  <testcase classname="com.topcoder.management.deliverable.PersistenceUploadManagerTests" name="testRemoveSubmissionStatus_Invalid1" time="0.01" />
  <testcase classname="com.topcoder.management.deliverable.PersistenceUploadManagerTests" name="testRemoveSubmissionStatus_Accuracy1" time="0.011" />
  <testcase classname="com.topcoder.management.deliverable.PersistenceUploadManagerTests" name="testGetAllSubmissionStatuses_Accuracy" time="0.01" />
  <testcase classname="com.topcoder.management.deliverable.PersistenceUploadManagerTests" name="testSearchUploadsByUploadId" time="0.231" />
  <testcase classname="com.topcoder.management.deliverable.PersistenceUploadManagerTests" name="testSearchUploadsByUploadTypeId" time="0.132" />
  <testcase classname="com.topcoder.management.deliverable.PersistenceUploadManagerTests" name="testSearchUploadsByUploadStatusId" time="0.131" />
  <testcase classname="com.topcoder.management.deliverable.PersistenceUploadManagerTests" name="testSearchUploadsByProjectId" time="0.132" />
  <testcase classname="com.topcoder.management.deliverable.PersistenceUploadManagerTests" name="testSearchUploadsByResourceId" time="0.135" />
  <testcase classname="com.topcoder.management.deliverable.PersistenceUploadManagerTests" name="testSearchSubmissionsBySubmissionId" time="0.194" />
  <testcase classname="com.topcoder.management.deliverable.PersistenceUploadManagerTests" name="testSearchSubmissionsByUploadId" time="0.132" />
  <testcase classname="com.topcoder.management.deliverable.PersistenceUploadManagerTests" name="testSearchSubmissionsBySubmissionStatusId" time="0.132" />
  <testcase classname="com.topcoder.management.deliverable.PersistenceUploadManagerTests" name="testSearchSubmissionsByProjectId" time="0.13" />
  <testcase classname="com.topcoder.management.deliverable.PersistenceUploadManagerTests" name="testSearchSubmissionsByResourceId" time="0.133" />
  <testcase classname="com.topcoder.management.deliverable.PersistenceUploadManagerTests" name="test_createSubmissionType" time="0.01" />
  <testcase classname="com.topcoder.management.deliverable.PersistenceUploadManagerTests" name="test_createSubmissionType_submissionTypeIdNull" time="0.01" />
  <testcase classname="com.topcoder.management.deliverable.PersistenceUploadManagerTests" name="test_createSubmissionType_submissionTypeIdInvalid" time="0.01" />
  <testcase classname="com.topcoder.management.deliverable.PersistenceUploadManagerTests" name="test_createSubmissionType_operatorNull" time="0.01" />
  <testcase classname="com.topcoder.management.deliverable.PersistenceUploadManagerTests" name="test_updateSubmissionType" time="0.01" />
  <testcase classname="com.topcoder.management.deliverable.PersistenceUploadManagerTests" name="test_updateSubmissionType_submissionTypeIdNull" time="0.01" />
  <testcase classname="com.topcoder.management.deliverable.PersistenceUploadManagerTests" name="test_updateSubmissionType_submissionTypeIdInvalid" time="0.01" />
  <testcase classname="com.topcoder.management.deliverable.PersistenceUploadManagerTests" name="test_updateSubmissionType_operatorNull" time="0.01" />
  <testcase classname="com.topcoder.management.deliverable.PersistenceUploadManagerTests" name="test_removeSubmissionType" time="0.01" />
  <testcase classname="com.topcoder.management.deliverable.PersistenceUploadManagerTests" name="test_removeSubmissionType_submissionTypeIdNull" time="0.009" />
  <testcase classname="com.topcoder.management.deliverable.PersistenceUploadManagerTests" name="test_removeSubmissionType_submissionTypeIdInvalid" time="0.009" />
  <testcase classname="com.topcoder.management.deliverable.PersistenceUploadManagerTests" name="test_removeSubmissionType_operatorNull" time="0.01" />
  <testcase classname="com.topcoder.management.deliverable.PersistenceUploadManagerTests" name="test_getAllSubmissionTypes" time="0.019" />
  <testcase classname="com.topcoder.management.deliverable.SubmissionStatusTests" name="testConstructor2_InvalidLong1" time="0.0" />
  <testcase classname="com.topcoder.management.deliverable.SubmissionStatusTests" name="testConstructor2_InvalidLong2" time="0.0" />
  <testcase classname="com.topcoder.management.deliverable.SubmissionStatusTests" name="testConstructor2_Accuracy1" time="0.0" />
  <testcase classname="com.topcoder.management.deliverable.SubmissionStatusTests" name="testConstructor1_Accuracy1" time="0.0" />
  <testcase classname="com.topcoder.management.deliverable.SubmissionStatusTests" name="testConstructor1_Accuracy2" time="0.0" />
  <testcase classname="com.topcoder.management.deliverable.SubmissionStatusTests" name="testConstructor3_InvalidLong1" time="0.001" />
  <testcase classname="com.topcoder.management.deliverable.SubmissionStatusTests" name="testConstructor3_InvalidLong2" time="0.0" />
  <testcase classname="com.topcoder.management.deliverable.SubmissionStatusTests" name="testConstructor3_Accuracy1" time="0.0" />
  <testcase classname="com.topcoder.management.deliverable.SubmissionTests" name="testConstructor2_InvalidLong1" time="0.0" />
  <testcase classname="com.topcoder.management.deliverable.SubmissionTests" name="testConstructor2_InvalidLong2" time="0.0" />
  <testcase classname="com.topcoder.management.deliverable.SubmissionTests" name="testConstructor2_Accuracy1" time="0.001" />
  <testcase classname="com.topcoder.management.deliverable.SubmissionTests" name="testIsValidToPersist_Accuracy1" time="0.0" />
  <testcase classname="com.topcoder.management.deliverable.SubmissionTests" name="testIsValidToPersist_Accuracy2" time="0.0" />
  <testcase classname="com.topcoder.management.deliverable.SubmissionTests" name="testIsValidToPersist_Accuracy3" time="0.0" />
  <testcase classname="com.topcoder.management.deliverable.SubmissionTests" name="testIsValidToPersist_Accuracy4" time="0.0" />
  <testcase classname="com.topcoder.management.deliverable.SubmissionTests" name="testIsValidToPersist_Accuracy5" time="0.0" />
  <testcase classname="com.topcoder.management.deliverable.SubmissionTests" name="testIsValidToPersist_Accuracy6" time="0.0" />
  <testcase classname="com.topcoder.management.deliverable.SubmissionTests" name="testConstructor1_Accuracy1" time="0.0" />
  <testcase classname="com.topcoder.management.deliverable.SubmissionTests" name="testSetUpload_Accuracy1" time="0.0" />
  <testcase classname="com.topcoder.management.deliverable.SubmissionTests" name="testGetUpload_Accuracy1" time="0.0" />
  <testcase classname="com.topcoder.management.deliverable.SubmissionTests" name="testSetSubmissionStatus_Accuracy1" time="0.0" />
  <testcase classname="com.topcoder.management.deliverable.SubmissionTests" name="testGetSubmissionStatus_Accuracy1" time="0.0" />
  <testcase classname="com.topcoder.management.deliverable.SubmissionTests" name="test_getSubmissionType" time="0.0" />
  <testcase classname="com.topcoder.management.deliverable.SubmissionTests" name="test_setSubmissionType" time="0.0" />
  <testcase classname="com.topcoder.management.deliverable.SubmissionTypeTests" name="testCtor1" time="0.0" />
  <testcase classname="com.topcoder.management.deliverable.SubmissionTypeTests" name="testCtor2" time="0.0" />
  <testcase classname="com.topcoder.management.deliverable.SubmissionTypeTests" name="testCtor2_idZero" time="0.0" />
  <testcase classname="com.topcoder.management.deliverable.SubmissionTypeTests" name="testCtor2_idNegative" time="0.0" />
  <testcase classname="com.topcoder.management.deliverable.SubmissionTypeTests" name="testCtor3" time="0.0" />
  <testcase classname="com.topcoder.management.deliverable.SubmissionTypeTests" name="testCtor3_idZero" time="0.0" />
  <testcase classname="com.topcoder.management.deliverable.SubmissionTypeTests" name="testCtor3_idNegative" time="0.0" />
  <testcase classname="com.topcoder.management.deliverable.UploadStatusTests" name="testConstructor2_InvalidLong1" time="0.0" />
  <testcase classname="com.topcoder.management.deliverable.UploadStatusTests" name="testConstructor2_InvalidLong2" time="0.0" />
  <testcase classname="com.topcoder.management.deliverable.UploadStatusTests" name="testConstructor2_Accuracy1" time="0.0" />
  <testcase classname="com.topcoder.management.deliverable.UploadStatusTests" name="testConstructor1_Accuracy1" time="0.0" />
  <testcase classname="com.topcoder.management.deliverable.UploadStatusTests" name="testConstructor1_Accuracy2" time="0.001" />
  <testcase classname="com.topcoder.management.deliverable.UploadStatusTests" name="testConstructor3_InvalidLong1" time="0.0" />
  <testcase classname="com.topcoder.management.deliverable.UploadStatusTests" name="testConstructor3_InvalidLong2" time="0.0" />
  <testcase classname="com.topcoder.management.deliverable.UploadStatusTests" name="testConstructor3_Accuracy1" time="0.0" />
  <testcase classname="com.topcoder.management.deliverable.UploadTests" name="testConstructor2_InvalidLong1" time="0.0" />
  <testcase classname="com.topcoder.management.deliverable.UploadTests" name="testConstructor2_InvalidLong2" time="0.0" />
  <testcase classname="com.topcoder.management.deliverable.UploadTests" name="testConstructor2_Accuracy1" time="0.0" />
  <testcase classname="com.topcoder.management.deliverable.UploadTests" name="testIsValidToPersist_Accuracy1" time="0.0" />
  <testcase classname="com.topcoder.management.deliverable.UploadTests" name="testIsValidToPersist_Accuracy2" time="0.0" />
  <testcase classname="com.topcoder.management.deliverable.UploadTests" name="testIsValidToPersist_Accuracy3" time="0.0" />
  <testcase classname="com.topcoder.management.deliverable.UploadTests" name="testIsValidToPersist_Accuracy4" time="0.0" />
  <testcase classname="com.topcoder.management.deliverable.UploadTests" name="testIsValidToPersist_Accuracy5" time="0.0" />
  <testcase classname="com.topcoder.management.deliverable.UploadTests" name="testIsValidToPersist_Accuracy6" time="0.0" />
  <testcase classname="com.topcoder.management.deliverable.UploadTests" name="testConstructor1_Accuracy1" time="0.0" />
  <testcase classname="com.topcoder.management.deliverable.UploadTests" name="testGetProject_Accuracy1" time="0.0" />
  <testcase classname="com.topcoder.management.deliverable.UploadTests" name="testSetUploadStatus_Accuracy1" time="0.0" />
  <testcase classname="com.topcoder.management.deliverable.UploadTests" name="testGetUploadStatus_Accuracy1" time="0.0" />
  <testcase classname="com.topcoder.management.deliverable.UploadTests" name="testSetUploadType_Accuracy1" time="0.0" />
  <testcase classname="com.topcoder.management.deliverable.UploadTests" name="testGetUploadType_Accuracy1" time="0.0" />
  <testcase classname="com.topcoder.management.deliverable.UploadTests" name="testSetOwner_Invalid1" time="0.0" />
  <testcase classname="com.topcoder.management.deliverable.UploadTests" name="testSetOwner_Accuracy1" time="0.0" />
  <testcase classname="com.topcoder.management.deliverable.UploadTests" name="testGetOwner_Accuracy1" time="0.0" />
  <testcase classname="com.topcoder.management.deliverable.UploadTests" name="testSetProject_Invalid1" time="0.001" />
  <testcase classname="com.topcoder.management.deliverable.UploadTests" name="testSetProject_Accuracy1" time="0.0" />
  <testcase classname="com.topcoder.management.deliverable.UploadTests" name="testSetParameter_Accuracy1" time="0.0" />
  <testcase classname="com.topcoder.management.deliverable.UploadTests" name="testGetParameter_Accuracy1" time="0.001" />
  <testcase classname="com.topcoder.management.deliverable.UploadTests" name="testIsValidToPersist_Accuracy7" time="0.0" />
  <testcase classname="com.topcoder.management.deliverable.UploadTests" name="testIsValidToPersist_Accuracy8" time="0.0" />
  <testcase classname="com.topcoder.management.deliverable.UploadTests" name="testIsValidToPersist_Accuracy9" time="0.0" />
  <testcase classname="com.topcoder.management.deliverable.UploadTests" name="testIsValidToPersist_Accuracy10" time="0.0" />
  <testcase classname="com.topcoder.management.deliverable.UploadTypeTests" name="testConstructor2_InvalidLong1" time="0.0" />
  <testcase classname="com.topcoder.management.deliverable.UploadTypeTests" name="testConstructor2_InvalidLong2" time="0.0" />
  <testcase classname="com.topcoder.management.deliverable.UploadTypeTests" name="testConstructor2_Accuracy1" time="0.0" />
  <testcase classname="com.topcoder.management.deliverable.UploadTypeTests" name="testConstructor1_Accuracy1" time="0.0" />
  <testcase classname="com.topcoder.management.deliverable.UploadTypeTests" name="testConstructor1_Accuracy2" time="0.0" />
  <testcase classname="com.topcoder.management.deliverable.UploadTypeTests" name="testConstructor3_InvalidLong1" time="0.0" />
  <testcase classname="com.topcoder.management.deliverable.UploadTypeTests" name="testConstructor3_InvalidLong2" time="0.0" />
  <testcase classname="com.topcoder.management.deliverable.UploadTypeTests" name="testConstructor3_Accuracy1" time="0.0" />
  <testcase classname="com.topcoder.management.deliverable.logging.LogMessageTests" name="testCtor1" time="0.001" />
  <testcase classname="com.topcoder.management.deliverable.logging.LogMessageTests" name="testCtor2" time="0.0" />
  <testcase classname="com.topcoder.management.deliverable.logging.LogMessageTests" name="test_getType" time="0.0" />
  <testcase classname="com.topcoder.management.deliverable.logging.LogMessageTests" name="test_getId" time="0.0" />
  <testcase classname="com.topcoder.management.deliverable.logging.LogMessageTests" name="test_getMessage" time="0.0" />
  <testcase classname="com.topcoder.management.deliverable.logging.LogMessageTests" name="test_getError" time="0.0" />
  <testcase classname="com.topcoder.management.deliverable.logging.LogMessageTests" name="test_getLogMessage_1" time="0.001" />
  <testcase classname="com.topcoder.management.deliverable.logging.LogMessageTests" name="test_getLogMessage_2" time="0.0" />
  <testcase classname="com.topcoder.management.deliverable.logging.LogMessageTests" name="test_toString" time="0.001" />
  <testcase classname="com.topcoder.management.deliverable.logging.LogMessageTests" name="test_getExceptionStackTrace" time="0.0" />
  <testcase classname="com.topcoder.management.deliverable.logging.LogMessageTests" name="test_getExceptionStackTrace_causeNull" time="0.0" />
  <testcase classname="com.topcoder.management.deliverable.persistence.DeliverableCheckingExceptionTest" name="testConstructor1" time="0.0" />
  <testcase classname="com.topcoder.management.deliverable.persistence.DeliverableCheckingExceptionTest" name="testConstructor2" time="0.0" />
  <testcase classname="com.topcoder.management.deliverable.persistence.DeliverablePersistenceExceptionTest" name="testConstructor1" time="0.001" />
  <testcase classname="com.topcoder.management.deliverable.persistence.DeliverablePersistenceExceptionTest" name="testConstructor2" time="0.0" />
  <testcase classname="com.topcoder.management.deliverable.persistence.UploadPersistenceExceptionTest" name="testConstructor1" time="0.0" />
  <testcase classname="com.topcoder.management.deliverable.persistence.UploadPersistenceExceptionTest" name="testConstructor2" time="0.0" />
  <testcase classname="com.topcoder.management.deliverable.search.DeliverableFilterBuilderTests" name="testCreateDeliverableIdFilter_Invalid1" time="0.0" />
  <testcase classname="com.topcoder.management.deliverable.search.DeliverableFilterBuilderTests" name="testCreateDeliverableIdFilter_Accuracy1" time="0.0" />
  <testcase classname="com.topcoder.management.deliverable.search.DeliverableFilterBuilderTests" name="testCreateNameFilter_Invalid1" time="0.0" />
  <testcase classname="com.topcoder.management.deliverable.search.DeliverableFilterBuilderTests" name="testCreateNameFilter_Accuracy1" time="0.0" />
  <testcase classname="com.topcoder.management.deliverable.search.DeliverableFilterBuilderTests" name="testCreateProjectIdFilter_Invalid1" time="0.0" />
  <testcase classname="com.topcoder.management.deliverable.search.DeliverableFilterBuilderTests" name="testCreateProjectIdFilter_Accuracy1" time="0.0" />
  <testcase classname="com.topcoder.management.deliverable.search.DeliverableFilterBuilderTests" name="testCreatePhaseIdFilter_Invalid1" time="0.0" />
  <testcase classname="com.topcoder.management.deliverable.search.DeliverableFilterBuilderTests" name="testCreatePhaseIdFilter_Accuracy1" time="0.0" />
  <testcase classname="com.topcoder.management.deliverable.search.DeliverableFilterBuilderTests" name="testCreateSubmissionIdFilter_Invalid1" time="0.0" />
  <testcase classname="com.topcoder.management.deliverable.search.DeliverableFilterBuilderTests" name="testCreateSubmissionIdFilter_Accuracy1" time="0.0" />
  <testcase classname="com.topcoder.management.deliverable.search.DeliverableFilterBuilderTests" name="testCreateResourceIdFilter_Invalid1" time="0.0" />
  <testcase classname="com.topcoder.management.deliverable.search.DeliverableFilterBuilderTests" name="testCreateResourceIdFilter_Accuracy1" time="0.001" />
  <testcase classname="com.topcoder.management.deliverable.search.DeliverableFilterBuilderTests" name="testCreateRequiredFilter_Accuracy1" time="0.0" />
  <testcase classname="com.topcoder.management.deliverable.search.DeliverableFilterBuilderTests" name="testCreateRequiredFilter_Accuracy2" time="0.0" />
  <testcase classname="com.topcoder.management.deliverable.search.DeliverableFilterBuilderTests" name="testCreateDeliverableIdResourceIdFilter_Accuracy1" time="0.001" />
  <testcase classname="com.topcoder.management.deliverable.search.DeliverableFilterBuilderTests" name="testCreateDeliverableIdResourceIdFilter_Invalid1" time="0.0" />
  <testcase classname="com.topcoder.management.deliverable.search.DeliverableFilterBuilderTests" name="testCreateDeliverableIdResourceIdFilter_Invalid2" time="0.0" />
  <testcase classname="com.topcoder.management.deliverable.search.SubmissionFilterBuilderTests" name="testCreateProjectIdFilter_Invalid1" time="0.0" />
  <testcase classname="com.topcoder.management.deliverable.search.SubmissionFilterBuilderTests" name="testCreateProjectIdFilter_Accuracy1" time="0.0" />
  <testcase classname="com.topcoder.management.deliverable.search.SubmissionFilterBuilderTests" name="testCreateSubmissionIdFilter_Invalid1" time="0.0" />
  <testcase classname="com.topcoder.management.deliverable.search.SubmissionFilterBuilderTests" name="testCreateSubmissionIdFilter_Accuracy1" time="0.0" />
  <testcase classname="com.topcoder.management.deliverable.search.SubmissionFilterBuilderTests" name="testCreateResourceIdFilter_Invalid1" time="0.0" />
  <testcase classname="com.topcoder.management.deliverable.search.SubmissionFilterBuilderTests" name="testCreateResourceIdFilter_Accuracy1" time="0.0" />
  <testcase classname="com.topcoder.management.deliverable.search.SubmissionFilterBuilderTests" name="testCreateUploadIdFilter_Invalid1" time="0.0" />
  <testcase classname="com.topcoder.management.deliverable.search.SubmissionFilterBuilderTests" name="testCreateUploadIdFilter_Accuracy1" time="0.0" />
  <testcase classname="com.topcoder.management.deliverable.search.SubmissionFilterBuilderTests" name="testCreateSubmissionStatusIdFilter_Invalid1" time="0.0" />
  <testcase classname="com.topcoder.management.deliverable.search.SubmissionFilterBuilderTests" name="testCreateSubmissionStatusIdFilter_Accuracy1" time="0.0" />
  <testcase classname="com.topcoder.management.deliverable.search.SubmissionFilterBuilderTests" name="test_createSubmissionTypeIdFilter" time="0.0" />
  <testcase classname="com.topcoder.management.deliverable.search.SubmissionFilterBuilderTests" name="test_createSubmissionTypeIdFilter_submissionTypeIdZero" time="0.0" />
  <testcase classname="com.topcoder.management.deliverable.search.SubmissionFilterBuilderTests" name="test_createSubmissionTypeIdFilter_submissionTypeIdNegative" time="0.0" />
  <testcase classname="com.topcoder.management.deliverable.search.UploadFilterBuilderTests" name="testCreateProjectIdFilter_Invalid1" time="0.0" />
  <testcase classname="com.topcoder.management.deliverable.search.UploadFilterBuilderTests" name="testCreateProjectIdFilter_Accuracy1" time="0.0" />
  <testcase classname="com.topcoder.management.deliverable.search.UploadFilterBuilderTests" name="testCreateResourceIdFilter_Invalid1" time="0.0" />
  <testcase classname="com.topcoder.management.deliverable.search.UploadFilterBuilderTests" name="testCreateResourceIdFilter_Accuracy1" time="0.0" />
  <testcase classname="com.topcoder.management.deliverable.search.UploadFilterBuilderTests" name="testCreateUploadIdFilter_Invalid1" time="0.0" />
  <testcase classname="com.topcoder.management.deliverable.search.UploadFilterBuilderTests" name="testCreateUploadIdFilter_Accuracy1" time="0.0" />
  <testcase classname="com.topcoder.management.deliverable.search.UploadFilterBuilderTests" name="testCreateUploadTypeIdFilter_Invalid1" time="0.0" />
  <testcase classname="com.topcoder.management.deliverable.search.UploadFilterBuilderTests" name="testCreateUploadTypeIdFilter_Accuracy1" time="0.001" />
  <testcase classname="com.topcoder.management.deliverable.search.UploadFilterBuilderTests" name="testCreateUploadStatusIdFilter_Invalid1" time="0.0" />
  <testcase classname="com.topcoder.management.deliverable.search.UploadFilterBuilderTests" name="testCreateUploadStatusIdFilter_Accuracy1" time="0.0" />
  <testcase classname="com.topcoder.management.deliverable.Demo" name="testDemo" time="0.868" />
  <testcase classname="com.topcoder.management.deliverable.failuretests.AuditedDeliverableStructureTest" name="testAuditedDeliverableStructureZeroId" time="0.001" />
  <testcase classname="com.topcoder.management.deliverable.failuretests.AuditedDeliverableStructureTest" name="testAuditedDeliverableStructureNegativeId" time="0.0" />
  <testcase classname="com.topcoder.management.deliverable.failuretests.AuditedDeliverableStructureTest" name="testSetIdZeroId" time="0.0" />
  <testcase classname="com.topcoder.management.deliverable.failuretests.AuditedDeliverableStructureTest" name="testSetIdNegativeId" time="0.0" />
  <testcase classname="com.topcoder.management.deliverable.failuretests.AuditedDeliverableStructureTest" name="testSetCreationUser" time="0.0" />
  <testcase classname="com.topcoder.management.deliverable.failuretests.AuditedDeliverableStructureTest" name="testSetCreationTimestamp" time="0.0" />
  <testcase classname="com.topcoder.management.deliverable.failuretests.AuditedDeliverableStructureTest" name="testSetModificationUser" time="0.0" />
  <testcase classname="com.topcoder.management.deliverable.failuretests.AuditedDeliverableStructureTest" name="testSetModificationTimestamp" time="0.0" />
  <testcase classname="com.topcoder.management.deliverable.failuretests.DeliverableFilterBuilderTest" name="testCreateDeliverableIdFilterZeroId" time="0.0" />
  <testcase classname="com.topcoder.management.deliverable.failuretests.DeliverableFilterBuilderTest" name="testCreateDeliverableIdFilterNegativeId" time="0.0" />
  <testcase classname="com.topcoder.management.deliverable.failuretests.DeliverableFilterBuilderTest" name="testCreateNameFilter" time="0.0" />
  <testcase classname="com.topcoder.management.deliverable.failuretests.DeliverableFilterBuilderTest" name="testCreateProjectIdFilter" time="0.0" />
  <testcase classname="com.topcoder.management.deliverable.failuretests.DeliverableFilterBuilderTest" name="testCreateProjectIdFilterNegativeId" time="0.0" />
  <testcase classname="com.topcoder.management.deliverable.failuretests.DeliverableFilterBuilderTest" name="testCreatePhaseIdFilterZeroId" time="0.0" />
  <testcase classname="com.topcoder.management.deliverable.failuretests.DeliverableFilterBuilderTest" name="testCreatePhaseIdFilterNegativeId" time="0.001" />
  <testcase classname="com.topcoder.management.deliverable.failuretests.DeliverableFilterBuilderTest" name="testCreateSubmissionIdFilterZeroId" time="0.0" />
  <testcase classname="com.topcoder.management.deliverable.failuretests.DeliverableFilterBuilderTest" name="testCreateSubmissionIdFilterNegativeId" time="0.0" />
  <testcase classname="com.topcoder.management.deliverable.failuretests.DeliverableFilterBuilderTest" name="testCreateResourceIdFilterZeroId" time="0.0" />
  <testcase classname="com.topcoder.management.deliverable.failuretests.DeliverableFilterBuilderTest" name="testCreateResourceIdFilterNegativeId" time="0.0" />
  <testcase classname="com.topcoder.management.deliverable.failuretests.DeliverableTest" name="testDeliverableZeroProject" time="0.0" />
  <testcase classname="com.topcoder.management.deliverable.failuretests.DeliverableTest" name="testDeliverableNegativeProject" time="0.0" />
  <testcase classname="com.topcoder.management.deliverable.failuretests.DeliverableTest" name="testDeliverableZeroPhase" time="0.0" />
  <testcase classname="com.topcoder.management.deliverable.failuretests.DeliverableTest" name="testDeliverableNegativePhase" time="0.0" />
  <testcase classname="com.topcoder.management.deliverable.failuretests.DeliverableTest" name="testDeliverableZeroResource" time="0.0" />
  <testcase classname="com.topcoder.management.deliverable.failuretests.DeliverableTest" name="testDeliverableNegativeResource" time="0.0" />
  <testcase classname="com.topcoder.management.deliverable.failuretests.DeliverableTest" name="testDeliverableNullSubmission" time="0.0" />
  <testcase classname="com.topcoder.management.deliverable.failuretests.DeliverableTest" name="testDeliverableZeroSubmission" time="0.0" />
  <testcase classname="com.topcoder.management.deliverable.failuretests.DeliverableTest" name="testDeliverableNegativeSubmission" time="0.0" />
  <testcase classname="com.topcoder.management.deliverable.failuretests.DeliverableTest" name="testSetCompletionDate" time="0.0" />
  <testcase classname="com.topcoder.management.deliverable.failuretests.NamedDeliverableStructureTest" name="testNamedDeliverableStructureLongZeroId" time="0.0" />
  <testcase classname="com.topcoder.management.deliverable.failuretests.NamedDeliverableStructureTest" name="testNamedDeliverableStructureLongNegativeId" time="0.0" />
  <testcase classname="com.topcoder.management.deliverable.failuretests.NamedDeliverableStructureTest" name="testNamedDeliverableStructureLongStringZeroId" time="0.0" />
  <testcase classname="com.topcoder.management.deliverable.failuretests.NamedDeliverableStructureTest" name="testNamedDeliverableStructureLongStringNegativeId" time="0.0" />
  <testcase classname="com.topcoder.management.deliverable.failuretests.NamedDeliverableStructureTest" name="testSetName" time="0.0" />
  <testcase classname="com.topcoder.management.deliverable.failuretests.NamedDeliverableStructureTest" name="testSetDescription" time="0.0" />
  <testcase classname="com.topcoder.management.deliverable.failuretests.PersistenceDeliverableManagerTest" name="testPersistenceDeliverableManager1NullPersistence" time="0.002" />
  <testcase classname="com.topcoder.management.deliverable.failuretests.PersistenceDeliverableManagerTest" name="testPersistenceDeliverableManager1NullMap" time="0.002" />
  <testcase classname="com.topcoder.management.deliverable.failuretests.PersistenceDeliverableManagerTest" name="testPersistenceDeliverableManager1NonStringKeyInMap" time="0.002" />
  <testcase classname="com.topcoder.management.deliverable.failuretests.PersistenceDeliverableManagerTest" name="testPersistenceDeliverableManager1NonCheckerInMap" time="0.002" />
  <testcase classname="com.topcoder.management.deliverable.failuretests.PersistenceDeliverableManagerTest" name="testPersistenceDeliverableManager1NullBundle1" time="0.002" />
  <testcase classname="com.topcoder.management.deliverable.failuretests.PersistenceDeliverableManagerTest" name="testPersistenceDeliverableManager1NullBundle2" time="0.002" />
  <testcase classname="com.topcoder.management.deliverable.failuretests.PersistenceDeliverableManagerTest" name="testSearchDeliverablesWithSubmissions" time="0.002" />
  <testcase classname="com.topcoder.management.deliverable.failuretests.PersistenceDeliverableManagerTest" name="testSearchDeliverables" time="0.002" />
  <testcase classname="com.topcoder.management.deliverable.failuretests.PersistenceUploadManagerTest" name="testPersistenceUploadManager1NullPersistence" time="0.105" />
  <testcase classname="com.topcoder.management.deliverable.failuretests.PersistenceUploadManagerTest" name="testPersistenceUploadManager1NullUploadBundle" time="0.107" />
  <testcase classname="com.topcoder.management.deliverable.failuretests.PersistenceUploadManagerTest" name="testPersistenceUploadManager1NullSubmissionBundle" time="0.105" />
  <testcase classname="com.topcoder.management.deliverable.failuretests.PersistenceUploadManagerTest" name="testPersistenceUploadManager1NullUploadIdGen" time="0.108" />
  <testcase classname="com.topcoder.management.deliverable.failuretests.PersistenceUploadManagerTest" name="testPersistenceUploadManager1NullUploadTypeIdGen" time="0.105" />
  <testcase classname="com.topcoder.management.deliverable.failuretests.PersistenceUploadManagerTest" name="testPersistenceUploadManager1NullUploadStatusIdGen" time="0.126" />
  <testcase classname="com.topcoder.management.deliverable.failuretests.PersistenceUploadManagerTest" name="testPersistenceUploadManager1NullSubmissionIdGen" time="0.109" />
  <testcase classname="com.topcoder.management.deliverable.failuretests.PersistenceUploadManagerTest" name="testPersistenceUploadManager1NullSubmissionStatusIdGen" time="0.106" />
  <testcase classname="com.topcoder.management.deliverable.failuretests.PersistenceUploadManagerTest" name="testPersistenceUploadManager1NullSubmissionTypeIdGenerator" time="0.107" />
  <testcase classname="com.topcoder.management.deliverable.failuretests.PersistenceUploadManagerTest" name="testPersistenceUploadManager2NullPersistence" time="0.105" />
  <testcase classname="com.topcoder.management.deliverable.failuretests.PersistenceUploadManagerTest" name="testPersistenceUploadManager2NullBundleManager" time="0.106" />
  <testcase classname="com.topcoder.management.deliverable.failuretests.PersistenceUploadManagerTest" name="testCreateSubmissionNullSubmission" time="0.105" />
  <testcase classname="com.topcoder.management.deliverable.failuretests.PersistenceUploadManagerTest" name="testCreateSubmissionNotUnset" time="0.108" />
  <testcase classname="com.topcoder.management.deliverable.failuretests.PersistenceUploadManagerTest" name="testCreateSubmissionBadStatus" time="0.106" />
  <testcase classname="com.topcoder.management.deliverable.failuretests.PersistenceUploadManagerTest" name="testCreateSubmissionStatusNullSubmissionStatus" time="0.109" />
  <testcase classname="com.topcoder.management.deliverable.failuretests.PersistenceUploadManagerTest" name="testCreateSubmissionStatusNullSubmissionNotUnset" time="0.104" />
  <testcase classname="com.topcoder.management.deliverable.failuretests.PersistenceUploadManagerTest" name="testCreateSubmissionStatusNullSubmissionStatusBadStatus" time="0.119" />
  <testcase classname="com.topcoder.management.deliverable.failuretests.PersistenceUploadManagerTest" name="testCreateUploadNullUpload" time="0.106" />
  <testcase classname="com.topcoder.management.deliverable.failuretests.PersistenceUploadManagerTest" name="testCreateUploadNotUnset" time="0.106" />
  <testcase classname="com.topcoder.management.deliverable.failuretests.PersistenceUploadManagerTest" name="testCreateUploadBadStatus" time="0.104" />
  <testcase classname="com.topcoder.management.deliverable.failuretests.PersistenceUploadManagerTest" name="testCreateUploadStatusNullUploadStatus" time="0.106" />
  <testcase classname="com.topcoder.management.deliverable.failuretests.PersistenceUploadManagerTest" name="testCreateUploadStatusNotUnset" time="0.105" />
  <testcase classname="com.topcoder.management.deliverable.failuretests.PersistenceUploadManagerTest" name="testCreateUploadStatusBadStatus" time="0.13" />
  <testcase classname="com.topcoder.management.deliverable.failuretests.PersistenceUploadManagerTest" name="testCreateUploadNullUploadType" time="0.105" />
  <testcase classname="com.topcoder.management.deliverable.failuretests.PersistenceUploadManagerTest" name="testCreateUploadTypeNotUnset" time="0.106" />
  <testcase classname="com.topcoder.management.deliverable.failuretests.PersistenceUploadManagerTest" name="testCreateUploadTypeBadStatus" time="0.126" />
  <testcase classname="com.topcoder.management.deliverable.failuretests.PersistenceUploadManagerTest" name="testGetSubmissionZeroId" time="0.105" />
  <testcase classname="com.topcoder.management.deliverable.failuretests.PersistenceUploadManagerTest" name="testGetSubmissionNegativeId" time="0.104" />
  <testcase classname="com.topcoder.management.deliverable.failuretests.PersistenceUploadManagerTest" name="testRemoveSubmissionNullSubmission" time="0.109" />
  <testcase classname="com.topcoder.management.deliverable.failuretests.PersistenceUploadManagerTest" name="testRemoveSubmissionNotSet" time="0.106" />
  <testcase classname="com.topcoder.management.deliverable.failuretests.PersistenceUploadManagerTest" name="testRemoveSubmissionStatusNullSubmissionStatus" time="0.107" />
  <testcase classname="com.topcoder.management.deliverable.failuretests.PersistenceUploadManagerTest" name="testRemoveSubmissionStatusNotSet" time="0.11" />
  <testcase classname="com.topcoder.management.deliverable.failuretests.PersistenceUploadManagerTest" name="testRemoveUploadNullUpload" time="0.118" />
  <testcase classname="com.topcoder.management.deliverable.failuretests.PersistenceUploadManagerTest" name="testRemoveUploadNotSet" time="0.105" />
  <testcase classname="com.topcoder.management.deliverable.failuretests.PersistenceUploadManagerTest" name="testRemoveUploadNullUploadStatus" time="0.105" />
  <testcase classname="com.topcoder.management.deliverable.failuretests.PersistenceUploadManagerTest" name="testRemoveUploadStatusNotSet" time="0.107" />
  <testcase classname="com.topcoder.management.deliverable.failuretests.PersistenceUploadManagerTest" name="testSearchSubmissionsNullFilter" time="0.105" />
  <testcase classname="com.topcoder.management.deliverable.failuretests.PersistenceUploadManagerTest" name="testSearchUploadsNullFilter" time="0.107" />
  <testcase classname="com.topcoder.management.deliverable.failuretests.PersistenceUploadManagerTest" name="testUpdateSubmissionNullSubmission" time="0.103" />
  <testcase classname="com.topcoder.management.deliverable.failuretests.PersistenceUploadManagerTest" name="testupdateSubmissionNotSet" time="0.108" />
  <testcase classname="com.topcoder.management.deliverable.failuretests.PersistenceUploadManagerTest" name="testUpdateSubmissionStatusNullSubmissionStatus" time="0.105" />
  <testcase classname="com.topcoder.management.deliverable.failuretests.PersistenceUploadManagerTest" name="testupdateSubmissionStatusNotSet" time="0.105" />
  <testcase classname="com.topcoder.management.deliverable.failuretests.PersistenceUploadManagerTest" name="testUpdateUploadNullSubmission" time="0.108" />
  <testcase classname="com.topcoder.management.deliverable.failuretests.PersistenceUploadManagerTest" name="testupdateUploadNotSet" time="0.107" />
  <testcase classname="com.topcoder.management.deliverable.failuretests.PersistenceUploadManagerTest" name="testUpdateUploadStatusNullSubmissionStatus" time="0.104" />
  <testcase classname="com.topcoder.management.deliverable.failuretests.PersistenceUploadManagerTest" name="testupdateUploadStatusNotSet" time="0.107" />
  <testcase classname="com.topcoder.management.deliverable.failuretests.PersistenceUploadManagerTest" name="testUpdateUploadTypeNullSubmission" time="0.107" />
  <testcase classname="com.topcoder.management.deliverable.failuretests.PersistenceUploadManagerTest" name="testupdateUploadTypeNotSet" time="0.105" />
  <testcase classname="com.topcoder.management.deliverable.failuretests.PersistenceUploadManagerTest" name="testCreateSubmissionType_SubmissionTypeIdNull" time="0.105" />
  <testcase classname="com.topcoder.management.deliverable.failuretests.PersistenceUploadManagerTest" name="testCreateSubmissionType_SubmissionTypeIdInvalid" time="0.104" />
  <testcase classname="com.topcoder.management.deliverable.failuretests.PersistenceUploadManagerTest" name="testCreateSubmissionType_OperatorIsNull" time="0.105" />
  <testcase classname="com.topcoder.management.deliverable.failuretests.PersistenceUploadManagerTest" name="testUpdateSubmissionType_SubmissionTypeIsNull" time="0.105" />
  <testcase classname="com.topcoder.management.deliverable.failuretests.PersistenceUploadManagerTest" name="testUpdateSubmissionType_SubmissionTypeIsInvalid" time="0.122" />
  <testcase classname="com.topcoder.management.deliverable.failuretests.PersistenceUploadManagerTest" name="testUpdateSubmissionType_OperatorIsNull" time="0.108" />
  <testcase classname="com.topcoder.management.deliverable.failuretests.PersistenceUploadManagerTest" name="testRemoveSubmissionType_SubmissionTypeIsNull" time="0.104" />
  <testcase classname="com.topcoder.management.deliverable.failuretests.PersistenceUploadManagerTest" name="testRemoveSubmissionType_SubmissionTypeIsInvalid" time="0.106" />
  <testcase classname="com.topcoder.management.deliverable.failuretests.PersistenceUploadManagerTest" name="testRemoveSubmissionType_OperatorNull" time="0.104" />
  <testcase classname="com.topcoder.management.deliverable.failuretests.SubmissionFilterBuilderTest" name="testCreateProjectIdFilter" time="0.0" />
  <testcase classname="com.topcoder.management.deliverable.failuretests.SubmissionFilterBuilderTest" name="testCreateProjectIdFilterNegativeId" time="0.0" />
  <testcase classname="com.topcoder.management.deliverable.failuretests.SubmissionFilterBuilderTest" name="testCreateSubmissionIdFilterZeroId" time="0.0" />
  <testcase classname="com.topcoder.management.deliverable.failuretests.SubmissionFilterBuilderTest" name="testCreateSubmissionIdFilterNegativeId" time="0.0" />
  <testcase classname="com.topcoder.management.deliverable.failuretests.SubmissionFilterBuilderTest" name="testCreateResourceIdFilterZeroId" time="0.0" />
  <testcase classname="com.topcoder.management.deliverable.failuretests.SubmissionFilterBuilderTest" name="testCreateResourceIdFilterNegativeId" time="0.0" />
  <testcase classname="com.topcoder.management.deliverable.failuretests.SubmissionFilterBuilderTest" name="testCreateUploadIdFilterZeroId" time="0.0" />
  <testcase classname="com.topcoder.management.deliverable.failuretests.SubmissionFilterBuilderTest" name="testCreateUploadIdFilterNegativeId" time="0.0" />
  <testcase classname="com.topcoder.management.deliverable.failuretests.SubmissionFilterBuilderTest" name="testCreateSubmissionStatusIdFilterZeroId" time="0.0" />
  <testcase classname="com.topcoder.management.deliverable.failuretests.SubmissionFilterBuilderTest" name="testCreateSubmissionStatusIdFilterNegativeId" time="0.0" />
  <testcase classname="com.topcoder.management.deliverable.failuretests.SubmissionFilterBuilderTest" name="testcreateSubmissionTypeIdFilterNegativeId" time="0.0" />
  <testcase classname="com.topcoder.management.deliverable.failuretests.SubmissionStatusTest" name="testConstructor1ZeroId" time="0.0" />
  <testcase classname="com.topcoder.management.deliverable.failuretests.SubmissionStatusTest" name="testConstructor1NegativeId" time="0.0" />
  <testcase classname="com.topcoder.management.deliverable.failuretests.SubmissionStatusTest" name="testConstructor2ZeroId" time="0.0" />
  <testcase classname="com.topcoder.management.deliverable.failuretests.SubmissionStatusTest" name="testConstructor2NegativeId" time="0.0" />
  <testcase classname="com.topcoder.management.deliverable.failuretests.SubmissionTest" name="testSubmissionZeroId" time="0.001" />
  <testcase classname="com.topcoder.management.deliverable.failuretests.SubmissionTest" name="testSubmissionNegativeId" time="0.0" />
  <testcase classname="com.topcoder.management.deliverable.failuretests.SubmissionTest" name="testSetUpload" time="0.0" />
  <testcase classname="com.topcoder.management.deliverable.failuretests.SubmissionTest" name="testSetSubmissionStatus" time="0.001" />
  <testcase classname="com.topcoder.management.deliverable.failuretests.UploadFilterBuilderTest" name="testCreateProjectIdFilter" time="0.0" />
  <testcase classname="com.topcoder.management.deliverable.failuretests.UploadFilterBuilderTest" name="testCreateProjectIdFilterNegativeId" time="0.0" />
  <testcase classname="com.topcoder.management.deliverable.failuretests.UploadFilterBuilderTest" name="testCreateResourceIdFilterZeroId" time="0.0" />
  <testcase classname="com.topcoder.management.deliverable.failuretests.UploadFilterBuilderTest" name="testCreateResourceIdFilterNegativeId" time="0.0" />
  <testcase classname="com.topcoder.management.deliverable.failuretests.UploadFilterBuilderTest" name="testCreateUploadIdFilterZeroId" time="0.0" />
  <testcase classname="com.topcoder.management.deliverable.failuretests.UploadFilterBuilderTest" name="testCreateUploadIdFilterNegativeId" time="0.0" />
  <testcase classname="com.topcoder.management.deliverable.failuretests.UploadFilterBuilderTest" name="testCreateUploadTypeIdFilterZeroId" time="0.0" />
  <testcase classname="com.topcoder.management.deliverable.failuretests.UploadFilterBuilderTest" name="testCreateUploadTypeIdFilterNegativeId" time="0.0" />
  <testcase classname="com.topcoder.management.deliverable.failuretests.UploadFilterBuilderTest" name="testCreateUploadStatusIdFilterZeroId" time="0.001" />
  <testcase classname="com.topcoder.management.deliverable.failuretests.UploadFilterBuilderTest" name="testCreateUploadStatusIdFilterNegativeId" time="0.0" />
  <testcase classname="com.topcoder.management.deliverable.failuretests.UploadStatusTest" name="testConstructor1ZeroId" time="0.0" />
  <testcase classname="com.topcoder.management.deliverable.failuretests.UploadStatusTest" name="testConstructor1NegativeId" time="0.0" />
  <testcase classname="com.topcoder.management.deliverable.failuretests.UploadStatusTest" name="testConstructor2ZeroId" time="0.0" />
  <testcase classname="com.topcoder.management.deliverable.failuretests.UploadStatusTest" name="testConstructor2NegativeId" time="0.0" />
  <testcase classname="com.topcoder.management.deliverable.failuretests.UploadTest" name="testUploadZeroId" time="0.0" />
  <testcase classname="com.topcoder.management.deliverable.failuretests.UploadTest" name="testUploadNegativeId" time="0.0" />
  <testcase classname="com.topcoder.management.deliverable.failuretests.UploadTest" name="testSetUploadType" time="0.0" />
  <testcase classname="com.topcoder.management.deliverable.failuretests.UploadTest" name="testSetUploadStatus" time="0.0" />
  <testcase classname="com.topcoder.management.deliverable.failuretests.UploadTest" name="testSetOwnerZeroId" time="0.0" />
  <testcase classname="com.topcoder.management.deliverable.failuretests.UploadTest" name="testSetOwnerNegativeId" time="0.0" />
  <testcase classname="com.topcoder.management.deliverable.failuretests.UploadTest" name="testSetProjectZeroId" time="0.0" />
  <testcase classname="com.topcoder.management.deliverable.failuretests.UploadTest" name="testSetProjectNegativeId" time="0.0" />
  <testcase classname="com.topcoder.management.deliverable.failuretests.UploadTest" name="testSetParameter" time="0.0" />
  <testcase classname="com.topcoder.management.deliverable.failuretests.UploadTypeTest" name="testConstructor1ZeroId" time="0.0" />
  <testcase classname="com.topcoder.management.deliverable.failuretests.UploadTypeTest" name="testConstructor1NegativeId" time="0.0" />
  <testcase classname="com.topcoder.management.deliverable.failuretests.UploadTypeTest" name="testConstructor2ZeroId" time="0.0" />
  <testcase classname="com.topcoder.management.deliverable.failuretests.UploadTypeTest" name="testConstructor2NegativeId" time="0.0" />
  <testcase classname="com.topcoder.management.deliverable.failuretests.SubmissionTypeTests" name="testCtor2_IdIsZero" time="0.0" />
  <testcase classname="com.topcoder.management.deliverable.failuretests.SubmissionTypeTests" name="testCtor2_IdIsNegative" time="0.0" />
  <testcase classname="com.topcoder.management.deliverable.failuretests.SubmissionTypeTests" name="testCtor3_IdIsZero" time="0.0" />
  <testcase classname="com.topcoder.management.deliverable.failuretests.SubmissionTypeTests" name="testCtor3_IdIsNegative" time="0.0" />
  <testcase classname="com.topcoder.management.deliverable.accuracytests.IdAlreadySetExceptionAccuracyTests" name="testConstructor" time="0.0" />
  <testcase classname="com.topcoder.management.deliverable.accuracytests.DeliverablePersistenceExceptionAccuracyTests" name="testConstructorWithString" time="0.0" />
  <testcase classname="com.topcoder.management.deliverable.accuracytests.DeliverablePersistenceExceptionAccuracyTests" name="testConstructorWithStringAndCause" time="0.0" />
  <testcase classname="com.topcoder.management.deliverable.accuracytests.DeliverableCheckingExceptionAccuracyTests" name="testConstructorWithString" time="0.0" />
  <testcase classname="com.topcoder.management.deliverable.accuracytests.DeliverableCheckingExceptionAccuracyTests" name="testConstructorWithStringAndCause" time="0.0" />
  <testcase classname="com.topcoder.management.deliverable.accuracytests.UploadPersistenceExceptionAccuracyTests" name="testConstructorWithString" time="0.0" />
  <testcase classname="com.topcoder.management.deliverable.accuracytests.UploadPersistenceExceptionAccuracyTests" name="testConstructorWithStringAndCause" time="0.0" />
  <testcase classname="com.topcoder.management.deliverable.accuracytests.AuditedDeliverableStructureAccuracyTests" name="testUnsetIdValue" time="0.0" />
  <testcase classname="com.topcoder.management.deliverable.accuracytests.AuditedDeliverableStructureAccuracyTests" name="testDefaultConstructor" time="0.0" />
  <testcase classname="com.topcoder.management.deliverable.accuracytests.AuditedDeliverableStructureAccuracyTests" name="testConstructorWithId" time="0.0" />
  <testcase classname="com.topcoder.management.deliverable.accuracytests.AuditedDeliverableStructureAccuracyTests" name="testSetAndGetId" time="0.0" />
  <testcase classname="com.topcoder.management.deliverable.accuracytests.AuditedDeliverableStructureAccuracyTests" name="testSetAndGetCreationUser" time="0.0" />
  <testcase classname="com.topcoder.management.deliverable.accuracytests.AuditedDeliverableStructureAccuracyTests" name="testSetAndGetCreationTimestamp" time="0.0" />
  <testcase classname="com.topcoder.management.deliverable.accuracytests.AuditedDeliverableStructureAccuracyTests" name="testSetAndGetModificationUser" time="0.0" />
  <testcase classname="com.topcoder.management.deliverable.accuracytests.AuditedDeliverableStructureAccuracyTests" name="testSetAndGetModificationTimestamp" time="0.0" />
  <testcase classname="com.topcoder.management.deliverable.accuracytests.AuditedDeliverableStructureAccuracyTests" name="testIsValidToPersistNullCreationUser" time="0.0" />
  <testcase classname="com.topcoder.management.deliverable.accuracytests.AuditedDeliverableStructureAccuracyTests" name="testIsValidToPersistNullCreationTimestamp" time="0.0" />
  <testcase classname="com.topcoder.management.deliverable.accuracytests.AuditedDeliverableStructureAccuracyTests" name="testIsValidToPersistNullModificationUser" time="0.0" />
  <testcase classname="com.topcoder.management.deliverable.accuracytests.AuditedDeliverableStructureAccuracyTests" name="testIsValidToPersistNullModificationTimestamp" time="0.0" />
  <testcase classname="com.topcoder.management.deliverable.accuracytests.AuditedDeliverableStructureAccuracyTests" name="testIsValidToPersistModificationBeforeCreation" time="1.001" />
  <testcase classname="com.topcoder.management.deliverable.accuracytests.AuditedDeliverableStructureAccuracyTests" name="testIsValidToPersistValid" time="0.0" />
  <testcase classname="com.topcoder.management.deliverable.accuracytests.NamedDeliverableStructureAccuracyTests" name="testDefaultConstructor" time="0.0" />
  <testcase classname="com.topcoder.management.deliverable.accuracytests.NamedDeliverableStructureAccuracyTests" name="testIsValidToPersistValid" time="0.0" />
  <testcase classname="com.topcoder.management.deliverable.accuracytests.NamedDeliverableStructureAccuracyTests" name="testDefaultConstructorWithId" time="0.0" />
  <testcase classname="com.topcoder.management.deliverable.accuracytests.NamedDeliverableStructureAccuracyTests" name="testDefaultConstructorWithIdAndName" time="0.0" />
  <testcase classname="com.topcoder.management.deliverable.accuracytests.NamedDeliverableStructureAccuracyTests" name="testDefaultConstructorWithIdAndEmptyName" time="0.0" />
  <testcase classname="com.topcoder.management.deliverable.accuracytests.NamedDeliverableStructureAccuracyTests" name="testSetAndGetName" time="0.0" />
  <testcase classname="com.topcoder.management.deliverable.accuracytests.NamedDeliverableStructureAccuracyTests" name="testSetAndGetDescription" time="0.0" />
  <testcase classname="com.topcoder.management.deliverable.accuracytests.NamedDeliverableStructureAccuracyTests" name="testIsValidToPersistNullName" time="0.0" />
  <testcase classname="com.topcoder.management.deliverable.accuracytests.NamedDeliverableStructureAccuracyTests" name="testIsValidToPersistNullDescription" time="0.0" />
  <testcase classname="com.topcoder.management.deliverable.accuracytests.NamedDeliverableStructureAccuracyTests" name="testIsValidToPersistUnsetId" time="0.001" />
  <testcase classname="com.topcoder.management.deliverable.accuracytests.NamedDeliverableStructureAccuracyTests" name="testIsValidToPersistInvalidBase" time="0.0" />
  <testcase classname="com.topcoder.management.deliverable.accuracytests.SubmissionStatusAccuracyTests" name="testDefaultConstructor" time="0.0" />
  <testcase classname="com.topcoder.management.deliverable.accuracytests.SubmissionStatusAccuracyTests" name="testConstructorWithId" time="0.0" />
  <testcase classname="com.topcoder.management.deliverable.accuracytests.SubmissionStatusAccuracyTests" name="testConstructorWithIdAndName" time="0.0" />
  <testcase classname="com.topcoder.management.deliverable.accuracytests.SubmissionStatusAccuracyTests" name="testConstructorWithIdAndEmptyName" time="0.0" />
  <testcase classname="com.topcoder.management.deliverable.accuracytests.SubmissionTypeAccuracyTests" name="testDefaultConstructor" time="0.0" />
  <testcase classname="com.topcoder.management.deliverable.accuracytests.SubmissionTypeAccuracyTests" name="testConstructorWithId" time="0.0" />
  <testcase classname="com.topcoder.management.deliverable.accuracytests.SubmissionTypeAccuracyTests" name="testConstructorWithIdAndName" time="0.0" />
  <testcase classname="com.topcoder.management.deliverable.accuracytests.SubmissionTypeAccuracyTests" name="testConstructorWithIdAndEmptyName" time="0.0" />
  <testcase classname="com.topcoder.management.deliverable.accuracytests.UploadTypeAccuracyTests" name="testDefaultConstructor" time="0.0" />
  <testcase classname="com.topcoder.management.deliverable.accuracytests.UploadTypeAccuracyTests" name="testConstructorWithId" time="0.0" />
  <testcase classname="com.topcoder.management.deliverable.accuracytests.UploadTypeAccuracyTests" name="testConstructorWithIdAndName" time="0.001" />
  <testcase classname="com.topcoder.management.deliverable.accuracytests.UploadTypeAccuracyTests" name="testConstructorWithIdAndEmptyName" time="0.0" />
  <testcase classname="com.topcoder.management.deliverable.accuracytests.UploadStatusAccuracyTests" name="testDefaultConstructor" time="0.0" />
  <testcase classname="com.topcoder.management.deliverable.accuracytests.UploadStatusAccuracyTests" name="testConstructorWithId" time="0.0" />
  <testcase classname="com.topcoder.management.deliverable.accuracytests.UploadStatusAccuracyTests" name="testConstructorWithIdAndName" time="0.0" />
  <testcase classname="com.topcoder.management.deliverable.accuracytests.UploadStatusAccuracyTests" name="testConstructorWithIdAndEmptyName" time="0.0" />
  <testcase classname="com.topcoder.management.deliverable.accuracytests.UploadAccuracyTests" name="testDefaultConstructor" time="0.0" />
  <testcase classname="com.topcoder.management.deliverable.accuracytests.UploadAccuracyTests" name="testConstructorWithId" time="0.001" />
  <testcase classname="com.topcoder.management.deliverable.accuracytests.UploadAccuracyTests" name="testIsValidToPersistValid" time="0.0" />
  <testcase classname="com.topcoder.management.deliverable.accuracytests.UploadAccuracyTests" name="testPublicFieldValues" time="0.0" />
  <testcase classname="com.topcoder.management.deliverable.accuracytests.UploadAccuracyTests" name="testSetAndGetUploadType" time="0.0" />
  <testcase classname="com.topcoder.management.deliverable.accuracytests.UploadAccuracyTests" name="testSetAndGetUploadStatus" time="0.0" />
  <testcase classname="com.topcoder.management.deliverable.accuracytests.UploadAccuracyTests" name="testSetAndGetOwner" time="0.0" />
  <testcase classname="com.topcoder.management.deliverable.accuracytests.UploadAccuracyTests" name="testSetAndGetProject" time="0.0" />
  <testcase classname="com.topcoder.management.deliverable.accuracytests.UploadAccuracyTests" name="testSetAndGetParameter" time="0.0" />
  <testcase classname="com.topcoder.management.deliverable.accuracytests.UploadAccuracyTests" name="testIdValidPersistNullUploadType" time="0.0" />
  <testcase classname="com.topcoder.management.deliverable.accuracytests.UploadAccuracyTests" name="testIdValidPersistUnsetId" time="0.0" />
  <testcase classname="com.topcoder.management.deliverable.accuracytests.UploadAccuracyTests" name="testIdValidPersistNullUploadstatus" time="0.0" />
  <testcase classname="com.topcoder.management.deliverable.accuracytests.UploadAccuracyTests" name="testIdValidPersistUnsetOwner" time="0.0" />
  <testcase classname="com.topcoder.management.deliverable.accuracytests.UploadAccuracyTests" name="testIdValidPersistUnsetProject" time="0.001" />
  <testcase classname="com.topcoder.management.deliverable.accuracytests.UploadAccuracyTests" name="testIdValidPersistNullParameter" time="0.0" />
  <testcase classname="com.topcoder.management.deliverable.accuracytests.UploadAccuracyTests" name="testIdValidPersistInvalidUploadType" time="0.0" />
  <testcase classname="com.topcoder.management.deliverable.accuracytests.UploadAccuracyTests" name="testIdValidPersistInvalidUploadStatus" time="0.0" />
  <testcase classname="com.topcoder.management.deliverable.accuracytests.SubmissionAccuracyTests" name="testDefaultConstructor" time="0.0" />
  <testcase classname="com.topcoder.management.deliverable.accuracytests.SubmissionAccuracyTests" name="testConstructorWithId" time="0.001" />
  <testcase classname="com.topcoder.management.deliverable.accuracytests.SubmissionAccuracyTests" name="testIsValidToPersistValid" time="0.0" />
  <testcase classname="com.topcoder.management.deliverable.accuracytests.SubmissionAccuracyTests" name="testSetAndGetUploadStatus" time="0.0" />
  <testcase classname="com.topcoder.management.deliverable.accuracytests.SubmissionAccuracyTests" name="testIdValidPersistUnsetId" time="0.0" />
  <testcase classname="com.topcoder.management.deliverable.accuracytests.SubmissionAccuracyTests" name="testSetAndGetUpload" time="0.0" />
  <testcase classname="com.topcoder.management.deliverable.accuracytests.SubmissionAccuracyTests" name="testSetAndGetSubmissionType" time="0.0" />
  <testcase classname="com.topcoder.management.deliverable.accuracytests.SubmissionAccuracyTests" name="testIdValidPersistNullUpload" time="0.0" />
  <testcase classname="com.topcoder.management.deliverable.accuracytests.SubmissionAccuracyTests" name="testIdValidPersistNullSubmissionStatus" time="0.001" />
  <testcase classname="com.topcoder.management.deliverable.accuracytests.SubmissionAccuracyTests" name="testIdValidPersistNullSubmissionType" time="0.0" />
  <testcase classname="com.topcoder.management.deliverable.accuracytests.SubmissionAccuracyTests" name="testIdValidPersistInvalidUpload" time="0.0" />
  <testcase classname="com.topcoder.management.deliverable.accuracytests.SubmissionAccuracyTests" name="testIdValidPersistInvalidSubmissionStatus" time="0.0" />
  <testcase classname="com.topcoder.management.deliverable.accuracytests.SubmissionAccuracyTests" name="testIdValidPersistInvalidSubmissionType" time="0.0" />
  <testcase classname="com.topcoder.management.deliverable.accuracytests.DeliverableAccuracyTests" name="testConstructor" time="0.0" />
  <testcase classname="com.topcoder.management.deliverable.accuracytests.DeliverableAccuracyTests" name="testConstructorWithNullSubmission" time="0.0" />
  <testcase classname="com.topcoder.management.deliverable.accuracytests.DeliverableAccuracyTests" name="testIsRequired" time="0.001" />
  <testcase classname="com.topcoder.management.deliverable.accuracytests.DeliverableAccuracyTests" name="testSetAndGetCompletionDate" time="0.0" />
  <testcase classname="com.topcoder.management.deliverable.accuracytests.DeliverableAccuracyTests" name="testIsComplete" time="0.0" />
  <testcase classname="com.topcoder.management.deliverable.accuracytests.DeliverableAccuracyTests" name="testIsPerSubmission" time="0.0" />
  <testcase classname="com.topcoder.management.deliverable.accuracytests.UploadFilterBuilderAccuracyTests" name="testCreateProjectIdFilter" time="0.0" />
  <testcase classname="com.topcoder.management.deliverable.accuracytests.UploadFilterBuilderAccuracyTests" name="testCreateUploadIdFilter" time="0.001" />
  <testcase classname="com.topcoder.management.deliverable.accuracytests.UploadFilterBuilderAccuracyTests" name="testCreateUploadTypeIdFilter" time="0.0" />
  <testcase classname="com.topcoder.management.deliverable.accuracytests.UploadFilterBuilderAccuracyTests" name="testCreateUploadStatusIdFilter" time="0.0" />
  <testcase classname="com.topcoder.management.deliverable.accuracytests.UploadFilterBuilderAccuracyTests" name="testCreateResourceIdFilter" time="0.0" />
  <testcase classname="com.topcoder.management.deliverable.accuracytests.SubmissionFilterBuilderAccuracyTests" name="testCreateProjectIdFilter" time="0.0" />
  <testcase classname="com.topcoder.management.deliverable.accuracytests.SubmissionFilterBuilderAccuracyTests" name="testCreateUploadIdFilter" time="0.0" />
  <testcase classname="com.topcoder.management.deliverable.accuracytests.SubmissionFilterBuilderAccuracyTests" name="testCreateResourceIdFilter" time="0.0" />
  <testcase classname="com.topcoder.management.deliverable.accuracytests.SubmissionFilterBuilderAccuracyTests" name="testCreateSubmissionIdFilter" time="0.001" />
  <testcase classname="com.topcoder.management.deliverable.accuracytests.SubmissionFilterBuilderAccuracyTests" name="testCreateSubmissionStatusIdFilter" time="0.0" />
  <testcase classname="com.topcoder.management.deliverable.accuracytests.SubmissionFilterBuilderAccuracyTests" name="testCreateSubmissionTypeIdFilter" time="0.0" />
  <testcase classname="com.topcoder.management.deliverable.accuracytests.DeliverableFilterBuilderAccuracyTests" name="testCreateNameFilter" time="0.0" />
  <testcase classname="com.topcoder.management.deliverable.accuracytests.DeliverableFilterBuilderAccuracyTests" name="testCreateProjectIdFilter" time="0.0" />
  <testcase classname="com.topcoder.management.deliverable.accuracytests.DeliverableFilterBuilderAccuracyTests" name="testCreateResourceIdFilter" time="0.0" />
  <testcase classname="com.topcoder.management.deliverable.accuracytests.DeliverableFilterBuilderAccuracyTests" name="testCreateSubmissionIdFilter" time="0.0" />
  <testcase classname="com.topcoder.management.deliverable.accuracytests.DeliverableFilterBuilderAccuracyTests" name="testCreateDeliverableIdFilter" time="0.0" />
  <testcase classname="com.topcoder.management.deliverable.accuracytests.DeliverableFilterBuilderAccuracyTests" name="testCreatePhaseIdFilter" time="0.0" />
  <testcase classname="com.topcoder.management.deliverable.accuracytests.DeliverableFilterBuilderAccuracyTests" name="testCreateRequiredFilter" time="0.0" />
  <testcase classname="com.topcoder.management.deliverable.accuracytests.PersistenceDeliverableManagerAccuracyTests" name="testConstructor1_Valid" time="0.038" />
  <testcase classname="com.topcoder.management.deliverable.accuracytests.PersistenceDeliverableManagerAccuracyTests" name="testConstructor2_searchBundleManagerEmpty1" time="0.037" />
  <testcase classname="com.topcoder.management.deliverable.accuracytests.PersistenceDeliverableManagerAccuracyTests" name="testConstructor2_searchBundleManagerEmpty2" time="0.037" />
  <testcase classname="com.topcoder.management.deliverable.accuracytests.PersistenceDeliverableManagerAccuracyTests" name="testSearchDeliverablesWithSubmissionFilter_Accuracy" time="0.037" />
  <testcase classname="com.topcoder.management.deliverable.accuracytests.PersistenceDeliverableManagerAccuracyTests" name="testSearchDeliverablesByDeliverableId" time="0.212" />
  <testcase classname="com.topcoder.management.deliverable.accuracytests.PersistenceDeliverableManagerAccuracyTests" name="testSearchDeliverablesByName" time="0.153" />
  <testcase classname="com.topcoder.management.deliverable.accuracytests.PersistenceDeliverableManagerAccuracyTests" name="testSearchDeliverablesByProjectId" time="0.159" />
  <testcase classname="com.topcoder.management.deliverable.accuracytests.PersistenceDeliverableManagerAccuracyTests" name="testSearchDeliverablesByPhaseId" time="0.158" />
  <testcase classname="com.topcoder.management.deliverable.accuracytests.PersistenceDeliverableManagerAccuracyTests" name="testSearchDeliverablesByResourceRoleId" time="0.172" />
  <testcase classname="com.topcoder.management.deliverable.accuracytests.PersistenceDeliverableManagerAccuracyTests" name="testSearchDeliverablesByRequired" time="0.16" />
  <testcase classname="com.topcoder.management.deliverable.accuracytests.PersistenceDeliverableManagerAccuracyTests" name="testSearchDeliverablesWithSubmissionFilterByDeliverableId" time="0.158" />
  <testcase classname="com.topcoder.management.deliverable.accuracytests.PersistenceDeliverableManagerAccuracyTests" name="testSearchDeliverablesWithSubmissionFilterByName" time="0.162" />
  <testcase classname="com.topcoder.management.deliverable.accuracytests.PersistenceDeliverableManagerAccuracyTests" name="testSearchDeliverablesWithSubmissionFilterByProjectId" time="0.16" />
  <testcase classname="com.topcoder.management.deliverable.accuracytests.PersistenceDeliverableManagerAccuracyTests" name="testSearchDeliverablesWithSubmissionFilterByPhaseId" time="0.158" />
  <testcase classname="com.topcoder.management.deliverable.accuracytests.PersistenceDeliverableManagerAccuracyTests" name="testSearchDeliverablesWithSubmissionFilterByResourceRoleId" time="0.159" />
  <testcase classname="com.topcoder.management.deliverable.accuracytests.PersistenceDeliverableManagerAccuracyTests" name="testSearchDeliverablesWithSubmissionFilterBySubmissionId" time="0.159" />
  <testcase classname="com.topcoder.management.deliverable.accuracytests.PersistenceUploadManagerAccuracyTests" name="testSearchUploadsByUploadId" time="0.299" />
  <testcase classname="com.topcoder.management.deliverable.accuracytests.PersistenceUploadManagerAccuracyTests" name="testSearchUploadsByUploadTypeId" time="0.136">
    <error message="error occurs while creating the connection." type="com.topcoder.db.connectionfactory.DBConnectionException">com.topcoder.db.connectionfactory.DBConnectionException: error occurs while creating the connection.
	at com.topcoder.db.connectionfactory.producers.JDBCConnectionProducer.createConnection(JDBCConnectionProducer.java:450)
	at com.topcoder.db.connectionfactory.producers.JDBCConnectionProducer.createConnection(JDBCConnectionProducer.java:406)
	at com.topcoder.db.connectionfactory.DBConnectionFactoryImpl.createConnection(DBConnectionFactoryImpl.java:477)
	at com.topcoder.management.deliverable.accuracytests.AccuracyTestsHelper.executeBatch(AccuracyTestsHelper.java:73)
	at com.topcoder.management.deliverable.accuracytests.PersistenceUploadManagerAccuracyTests.testSearchUploadsByUploadTypeId(PersistenceUploadManagerAccuracyTests.java:689)
Caused by: java.sql.SQLException: Cannot create an user thread. On NT check username, and IXUSERS group.
	at com.informix.jdbc.IfxSqliConnect.&lt;init&gt;(IfxSqliConnect.java:888)
	at java.lang.reflect.Constructor.newInstance(Constructor.java:532)
	at com.informix.jdbc.IfxDriver.connect(IfxDriver.java:243)
	at java.sql.DriverManager.getConnection(DriverManager.java:620)
	at java.sql.DriverManager.getConnection(DriverManager.java:169)
	at com.topcoder.db.connectionfactory.producers.JDBCConnectionProducer.createConnection(JDBCConnectionProducer.java:448)
</error>
  </testcase>
  <testcase classname="com.topcoder.management.deliverable.accuracytests.PersistenceUploadManagerAccuracyTests" name="testSearchUploadsByUploadStatusId" time="0.009">
    <error message="error occurs while creating the connection." type="com.topcoder.db.connectionfactory.DBConnectionException">com.topcoder.db.connectionfactory.DBConnectionException: error occurs while creating the connection.
	at com.topcoder.db.connectionfactory.producers.JDBCConnectionProducer.createConnection(JDBCConnectionProducer.java:450)
	at com.topcoder.db.connectionfactory.producers.JDBCConnectionProducer.createConnection(JDBCConnectionProducer.java:406)
	at com.topcoder.db.connectionfactory.DBConnectionFactoryImpl.createConnection(DBConnectionFactoryImpl.java:477)
	at com.topcoder.management.deliverable.DeliverableTestHelper.executeBatch(DeliverableTestHelper.java:70)
	at com.topcoder.management.deliverable.accuracytests.PersistenceUploadManagerAccuracyTests.setUp(PersistenceUploadManagerAccuracyTests.java:68)
Caused by: java.sql.SQLException: Cannot create an user thread. On NT check username, and IXUSERS group.
	at com.informix.jdbc.IfxSqliConnect.&lt;init&gt;(IfxSqliConnect.java:888)
	at java.lang.reflect.Constructor.newInstance(Constructor.java:532)
	at com.informix.jdbc.IfxDriver.connect(IfxDriver.java:243)
	at java.sql.DriverManager.getConnection(DriverManager.java:620)
	at java.sql.DriverManager.getConnection(DriverManager.java:169)
	at com.topcoder.db.connectionfactory.producers.JDBCConnectionProducer.createConnection(JDBCConnectionProducer.java:448)
</error>
  </testcase>
  <testcase classname="com.topcoder.management.deliverable.accuracytests.PersistenceUploadManagerAccuracyTests" name="testSearchUploadsByProjectId" time="0.01">
    <error message="error occurs while creating the connection." type="com.topcoder.db.connectionfactory.DBConnectionException">com.topcoder.db.connectionfactory.DBConnectionException: error occurs while creating the connection.
	at com.topcoder.db.connectionfactory.producers.JDBCConnectionProducer.createConnection(JDBCConnectionProducer.java:450)
	at com.topcoder.db.connectionfactory.producers.JDBCConnectionProducer.createConnection(JDBCConnectionProducer.java:406)
	at com.topcoder.db.connectionfactory.DBConnectionFactoryImpl.createConnection(DBConnectionFactoryImpl.java:477)
	at com.topcoder.management.deliverable.DeliverableTestHelper.executeBatch(DeliverableTestHelper.java:70)
	at com.topcoder.management.deliverable.accuracytests.PersistenceUploadManagerAccuracyTests.setUp(PersistenceUploadManagerAccuracyTests.java:68)
Caused by: java.sql.SQLException: Cannot create an user thread. On NT check username, and IXUSERS group.
	at com.informix.jdbc.IfxSqliConnect.&lt;init&gt;(IfxSqliConnect.java:888)
	at java.lang.reflect.Constructor.newInstance(Constructor.java:532)
	at com.informix.jdbc.IfxDriver.connect(IfxDriver.java:243)
	at java.sql.DriverManager.getConnection(DriverManager.java:620)
	at java.sql.DriverManager.getConnection(DriverManager.java:169)
	at com.topcoder.db.connectionfactory.producers.JDBCConnectionProducer.createConnection(JDBCConnectionProducer.java:448)
</error>
  </testcase>
  <testcase classname="com.topcoder.management.deliverable.accuracytests.PersistenceUploadManagerAccuracyTests" name="testSearchUploadsByResourceId" time="0.01">
    <error message="error occurs while creating the connection." type="com.topcoder.db.connectionfactory.DBConnectionException">com.topcoder.db.connectionfactory.DBConnectionException: error occurs while creating the connection.
	at com.topcoder.db.connectionfactory.producers.JDBCConnectionProducer.createConnection(JDBCConnectionProducer.java:450)
	at com.topcoder.db.connectionfactory.producers.JDBCConnectionProducer.createConnection(JDBCConnectionProducer.java:406)
	at com.topcoder.db.connectionfactory.DBConnectionFactoryImpl.createConnection(DBConnectionFactoryImpl.java:477)
	at com.topcoder.management.deliverable.DeliverableTestHelper.executeBatch(DeliverableTestHelper.java:70)
	at com.topcoder.management.deliverable.accuracytests.PersistenceUploadManagerAccuracyTests.setUp(PersistenceUploadManagerAccuracyTests.java:68)
Caused by: java.sql.SQLException: Cannot create an user thread. On NT check username, and IXUSERS group.
	at com.informix.jdbc.IfxSqliConnect.&lt;init&gt;(IfxSqliConnect.java:888)
	at java.lang.reflect.Constructor.newInstance(Constructor.java:532)
	at com.informix.jdbc.IfxDriver.connect(IfxDriver.java:243)
	at java.sql.DriverManager.getConnection(DriverManager.java:620)
	at java.sql.DriverManager.getConnection(DriverManager.java:169)
	at com.topcoder.db.connectionfactory.producers.JDBCConnectionProducer.createConnection(JDBCConnectionProducer.java:448)
</error>
  </testcase>
  <testcase classname="com.topcoder.management.deliverable.accuracytests.PersistenceUploadManagerAccuracyTests" name="testSearchSubmissionsBySubmissionId" time="0.01">
    <error message="error occurs while creating the connection." type="com.topcoder.db.connectionfactory.DBConnectionException">com.topcoder.db.connectionfactory.DBConnectionException: error occurs while creating the connection.
	at com.topcoder.db.connectionfactory.producers.JDBCConnectionProducer.createConnection(JDBCConnectionProducer.java:450)
	at com.topcoder.db.connectionfactory.producers.JDBCConnectionProducer.createConnection(JDBCConnectionProducer.java:406)
	at com.topcoder.db.connectionfactory.DBConnectionFactoryImpl.createConnection(DBConnectionFactoryImpl.java:477)
	at com.topcoder.management.deliverable.DeliverableTestHelper.executeBatch(DeliverableTestHelper.java:70)
	at com.topcoder.management.deliverable.accuracytests.PersistenceUploadManagerAccuracyTests.setUp(PersistenceUploadManagerAccuracyTests.java:68)
Caused by: java.sql.SQLException: Cannot create an user thread. On NT check username, and IXUSERS group.
	at com.informix.jdbc.IfxSqliConnect.&lt;init&gt;(IfxSqliConnect.java:888)
	at java.lang.reflect.Constructor.newInstance(Constructor.java:532)
	at com.informix.jdbc.IfxDriver.connect(IfxDriver.java:243)
	at java.sql.DriverManager.getConnection(DriverManager.java:620)
	at java.sql.DriverManager.getConnection(DriverManager.java:169)
	at com.topcoder.db.connectionfactory.producers.JDBCConnectionProducer.createConnection(JDBCConnectionProducer.java:448)
</error>
  </testcase>
  <testcase classname="com.topcoder.management.deliverable.accuracytests.PersistenceUploadManagerAccuracyTests" name="testSearchSubmissionsByUploadId" time="0.01">
    <error message="error occurs while creating the connection." type="com.topcoder.db.connectionfactory.DBConnectionException">com.topcoder.db.connectionfactory.DBConnectionException: error occurs while creating the connection.
	at com.topcoder.db.connectionfactory.producers.JDBCConnectionProducer.createConnection(JDBCConnectionProducer.java:450)
	at com.topcoder.db.connectionfactory.producers.JDBCConnectionProducer.createConnection(JDBCConnectionProducer.java:406)
	at com.topcoder.db.connectionfactory.DBConnectionFactoryImpl.createConnection(DBConnectionFactoryImpl.java:477)
	at com.topcoder.management.deliverable.DeliverableTestHelper.executeBatch(DeliverableTestHelper.java:70)
	at com.topcoder.management.deliverable.accuracytests.PersistenceUploadManagerAccuracyTests.setUp(PersistenceUploadManagerAccuracyTests.java:68)
Caused by: java.sql.SQLException: Cannot create an user thread. On NT check username, and IXUSERS group.
	at com.informix.jdbc.IfxSqliConnect.&lt;init&gt;(IfxSqliConnect.java:888)
	at java.lang.reflect.Constructor.newInstance(Constructor.java:532)
	at com.informix.jdbc.IfxDriver.connect(IfxDriver.java:243)
	at java.sql.DriverManager.getConnection(DriverManager.java:620)
	at java.sql.DriverManager.getConnection(DriverManager.java:169)
	at com.topcoder.db.connectionfactory.producers.JDBCConnectionProducer.createConnection(JDBCConnectionProducer.java:448)
</error>
  </testcase>
  <testcase classname="com.topcoder.management.deliverable.accuracytests.PersistenceUploadManagerAccuracyTests" name="testSearchSubmissionsBySubmissionStatusId" time="0.01">
    <error message="error occurs while creating the connection." type="com.topcoder.db.connectionfactory.DBConnectionException">com.topcoder.db.connectionfactory.DBConnectionException: error occurs while creating the connection.
	at com.topcoder.db.connectionfactory.producers.JDBCConnectionProducer.createConnection(JDBCConnectionProducer.java:450)
	at com.topcoder.db.connectionfactory.producers.JDBCConnectionProducer.createConnection(JDBCConnectionProducer.java:406)
	at com.topcoder.db.connectionfactory.DBConnectionFactoryImpl.createConnection(DBConnectionFactoryImpl.java:477)
	at com.topcoder.management.deliverable.DeliverableTestHelper.executeBatch(DeliverableTestHelper.java:70)
	at com.topcoder.management.deliverable.accuracytests.PersistenceUploadManagerAccuracyTests.setUp(PersistenceUploadManagerAccuracyTests.java:68)
Caused by: java.sql.SQLException: Cannot create an user thread. On NT check username, and IXUSERS group.
	at com.informix.jdbc.IfxSqliConnect.&lt;init&gt;(IfxSqliConnect.java:888)
	at java.lang.reflect.Constructor.newInstance(Constructor.java:532)
	at com.informix.jdbc.IfxDriver.connect(IfxDriver.java:243)
	at java.sql.DriverManager.getConnection(DriverManager.java:620)
	at java.sql.DriverManager.getConnection(DriverManager.java:169)
	at com.topcoder.db.connectionfactory.producers.JDBCConnectionProducer.createConnection(JDBCConnectionProducer.java:448)
</error>
  </testcase>
  <testcase classname="com.topcoder.management.deliverable.accuracytests.PersistenceUploadManagerAccuracyTests" name="testSearchSubmissionsByProjectId" time="0.01">
    <error message="error occurs while creating the connection." type="com.topcoder.db.connectionfactory.DBConnectionException">com.topcoder.db.connectionfactory.DBConnectionException: error occurs while creating the connection.
	at com.topcoder.db.connectionfactory.producers.JDBCConnectionProducer.createConnection(JDBCConnectionProducer.java:450)
	at com.topcoder.db.connectionfactory.producers.JDBCConnectionProducer.createConnection(JDBCConnectionProducer.java:406)
	at com.topcoder.db.connectionfactory.DBConnectionFactoryImpl.createConnection(DBConnectionFactoryImpl.java:477)
	at com.topcoder.management.deliverable.DeliverableTestHelper.executeBatch(DeliverableTestHelper.java:70)
	at com.topcoder.management.deliverable.accuracytests.PersistenceUploadManagerAccuracyTests.setUp(PersistenceUploadManagerAccuracyTests.java:68)
Caused by: java.sql.SQLException: Cannot create an user thread. On NT check username, and IXUSERS group.
	at com.informix.jdbc.IfxSqliConnect.&lt;init&gt;(IfxSqliConnect.java:888)
	at java.lang.reflect.Constructor.newInstance(Constructor.java:532)
	at com.informix.jdbc.IfxDriver.connect(IfxDriver.java:243)
	at java.sql.DriverManager.getConnection(DriverManager.java:620)
	at java.sql.DriverManager.getConnection(DriverManager.java:169)
	at com.topcoder.db.connectionfactory.producers.JDBCConnectionProducer.createConnection(JDBCConnectionProducer.java:448)
</error>
  </testcase>
  <testcase classname="com.topcoder.management.deliverable.accuracytests.PersistenceUploadManagerAccuracyTests" name="testSearchSubmissionsByResourceId" time="0.01">
    <error message="error occurs while creating the connection." type="com.topcoder.db.connectionfactory.DBConnectionException">com.topcoder.db.connectionfactory.DBConnectionException: error occurs while creating the connection.
	at com.topcoder.db.connectionfactory.producers.JDBCConnectionProducer.createConnection(JDBCConnectionProducer.java:450)
	at com.topcoder.db.connectionfactory.producers.JDBCConnectionProducer.createConnection(JDBCConnectionProducer.java:406)
	at com.topcoder.db.connectionfactory.DBConnectionFactoryImpl.createConnection(DBConnectionFactoryImpl.java:477)
	at com.topcoder.management.deliverable.DeliverableTestHelper.executeBatch(DeliverableTestHelper.java:70)
	at com.topcoder.management.deliverable.accuracytests.PersistenceUploadManagerAccuracyTests.setUp(PersistenceUploadManagerAccuracyTests.java:68)
Caused by: java.sql.SQLException: Cannot create an user thread. On NT check username, and IXUSERS group.
	at com.informix.jdbc.IfxSqliConnect.&lt;init&gt;(IfxSqliConnect.java:888)
	at java.lang.reflect.Constructor.newInstance(Constructor.java:532)
	at com.informix.jdbc.IfxDriver.connect(IfxDriver.java:243)
	at java.sql.DriverManager.getConnection(DriverManager.java:620)
	at java.sql.DriverManager.getConnection(DriverManager.java:169)
	at com.topcoder.db.connectionfactory.producers.JDBCConnectionProducer.createConnection(JDBCConnectionProducer.java:448)
</error>
  </testcase>
  <testcase classname="com.topcoder.management.deliverable.accuracytests.PersistenceUploadManagerAccuracyTests" name="testPublicFields" time="0.01">
    <error message="error occurs while creating the connection." type="com.topcoder.db.connectionfactory.DBConnectionException">com.topcoder.db.connectionfactory.DBConnectionException: error occurs while creating the connection.
	at com.topcoder.db.connectionfactory.producers.JDBCConnectionProducer.createConnection(JDBCConnectionProducer.java:450)
	at com.topcoder.db.connectionfactory.producers.JDBCConnectionProducer.createConnection(JDBCConnectionProducer.java:406)
	at com.topcoder.db.connectionfactory.DBConnectionFactoryImpl.createConnection(DBConnectionFactoryImpl.java:477)
	at com.topcoder.management.deliverable.DeliverableTestHelper.executeBatch(DeliverableTestHelper.java:70)
	at com.topcoder.management.deliverable.accuracytests.PersistenceUploadManagerAccuracyTests.setUp(PersistenceUploadManagerAccuracyTests.java:68)
Caused by: java.sql.SQLException: Cannot create an user thread. On NT check username, and IXUSERS group.
	at com.informix.jdbc.IfxSqliConnect.&lt;init&gt;(IfxSqliConnect.java:888)
	at java.lang.reflect.Constructor.newInstance(Constructor.java:532)
	at com.informix.jdbc.IfxDriver.connect(IfxDriver.java:243)
	at java.sql.DriverManager.getConnection(DriverManager.java:620)
	at java.sql.DriverManager.getConnection(DriverManager.java:169)
	at com.topcoder.db.connectionfactory.producers.JDBCConnectionProducer.createConnection(JDBCConnectionProducer.java:448)
</error>
  </testcase>
  <testcase classname="com.topcoder.management.deliverable.accuracytests.PersistenceUploadManagerAccuracyTests" name="testConstructorWithSearchBundlesAndIdGenerators" time="0.01">
    <error message="error occurs while creating the connection." type="com.topcoder.db.connectionfactory.DBConnectionException">com.topcoder.db.connectionfactory.DBConnectionException: error occurs while creating the connection.
	at com.topcoder.db.connectionfactory.producers.JDBCConnectionProducer.createConnection(JDBCConnectionProducer.java:450)
	at com.topcoder.db.connectionfactory.producers.JDBCConnectionProducer.createConnection(JDBCConnectionProducer.java:406)
	at com.topcoder.db.connectionfactory.DBConnectionFactoryImpl.createConnection(DBConnectionFactoryImpl.java:477)
	at com.topcoder.management.deliverable.DeliverableTestHelper.executeBatch(DeliverableTestHelper.java:70)
	at com.topcoder.management.deliverable.accuracytests.PersistenceUploadManagerAccuracyTests.setUp(PersistenceUploadManagerAccuracyTests.java:68)
Caused by: java.sql.SQLException: Cannot create an user thread. On NT check username, and IXUSERS group.
	at com.informix.jdbc.IfxSqliConnect.&lt;init&gt;(IfxSqliConnect.java:888)
	at java.lang.reflect.Constructor.newInstance(Constructor.java:532)
	at com.informix.jdbc.IfxDriver.connect(IfxDriver.java:243)
	at java.sql.DriverManager.getConnection(DriverManager.java:620)
	at java.sql.DriverManager.getConnection(DriverManager.java:169)
	at com.topcoder.db.connectionfactory.producers.JDBCConnectionProducer.createConnection(JDBCConnectionProducer.java:448)
</error>
  </testcase>
  <testcase classname="com.topcoder.management.deliverable.accuracytests.PersistenceUploadManagerAccuracyTests" name="testConstructorWithSearchBundleManagerAndIdGeneratorFactory" time="0.01">
    <error message="error occurs while creating the connection." type="com.topcoder.db.connectionfactory.DBConnectionException">com.topcoder.db.connectionfactory.DBConnectionException: error occurs while creating the connection.
	at com.topcoder.db.connectionfactory.producers.JDBCConnectionProducer.createConnection(JDBCConnectionProducer.java:450)
	at com.topcoder.db.connectionfactory.producers.JDBCConnectionProducer.createConnection(JDBCConnectionProducer.java:406)
	at com.topcoder.db.connectionfactory.DBConnectionFactoryImpl.createConnection(DBConnectionFactoryImpl.java:477)
	at com.topcoder.management.deliverable.DeliverableTestHelper.executeBatch(DeliverableTestHelper.java:70)
	at com.topcoder.management.deliverable.accuracytests.PersistenceUploadManagerAccuracyTests.setUp(PersistenceUploadManagerAccuracyTests.java:68)
Caused by: java.sql.SQLException: Cannot create an user thread. On NT check username, and IXUSERS group.
	at com.informix.jdbc.IfxSqliConnect.&lt;init&gt;(IfxSqliConnect.java:888)
	at java.lang.reflect.Constructor.newInstance(Constructor.java:532)
	at com.informix.jdbc.IfxDriver.connect(IfxDriver.java:243)
	at java.sql.DriverManager.getConnection(DriverManager.java:620)
	at java.sql.DriverManager.getConnection(DriverManager.java:169)
	at com.topcoder.db.connectionfactory.producers.JDBCConnectionProducer.createConnection(JDBCConnectionProducer.java:448)
</error>
  </testcase>
  <testcase classname="com.topcoder.management.deliverable.accuracytests.PersistenceUploadManagerAccuracyTests" name="testCreateUploadType" time="0.01">
    <error message="error occurs while creating the connection." type="com.topcoder.db.connectionfactory.DBConnectionException">com.topcoder.db.connectionfactory.DBConnectionException: error occurs while creating the connection.
	at com.topcoder.db.connectionfactory.producers.JDBCConnectionProducer.createConnection(JDBCConnectionProducer.java:450)
	at com.topcoder.db.connectionfactory.producers.JDBCConnectionProducer.createConnection(JDBCConnectionProducer.java:406)
	at com.topcoder.db.connectionfactory.DBConnectionFactoryImpl.createConnection(DBConnectionFactoryImpl.java:477)
	at com.topcoder.management.deliverable.DeliverableTestHelper.executeBatch(DeliverableTestHelper.java:70)
	at com.topcoder.management.deliverable.accuracytests.PersistenceUploadManagerAccuracyTests.setUp(PersistenceUploadManagerAccuracyTests.java:68)
Caused by: java.sql.SQLException: Cannot create an user thread. On NT check username, and IXUSERS group.
	at com.informix.jdbc.IfxSqliConnect.&lt;init&gt;(IfxSqliConnect.java:888)
	at java.lang.reflect.Constructor.newInstance(Constructor.java:532)
	at com.informix.jdbc.IfxDriver.connect(IfxDriver.java:243)
	at java.sql.DriverManager.getConnection(DriverManager.java:620)
	at java.sql.DriverManager.getConnection(DriverManager.java:169)
	at com.topcoder.db.connectionfactory.producers.JDBCConnectionProducer.createConnection(JDBCConnectionProducer.java:448)
</error>
  </testcase>
  <testcase classname="com.topcoder.management.deliverable.accuracytests.PersistenceUploadManagerAccuracyTests" name="testUpdateUploadType" time="0.01">
    <error message="error occurs while creating the connection." type="com.topcoder.db.connectionfactory.DBConnectionException">com.topcoder.db.connectionfactory.DBConnectionException: error occurs while creating the connection.
	at com.topcoder.db.connectionfactory.producers.JDBCConnectionProducer.createConnection(JDBCConnectionProducer.java:450)
	at com.topcoder.db.connectionfactory.producers.JDBCConnectionProducer.createConnection(JDBCConnectionProducer.java:406)
	at com.topcoder.db.connectionfactory.DBConnectionFactoryImpl.createConnection(DBConnectionFactoryImpl.java:477)
	at com.topcoder.management.deliverable.DeliverableTestHelper.executeBatch(DeliverableTestHelper.java:70)
	at com.topcoder.management.deliverable.accuracytests.PersistenceUploadManagerAccuracyTests.setUp(PersistenceUploadManagerAccuracyTests.java:68)
Caused by: java.sql.SQLException: Cannot create an user thread. On NT check username, and IXUSERS group.
	at com.informix.jdbc.IfxSqliConnect.&lt;init&gt;(IfxSqliConnect.java:888)
	at java.lang.reflect.Constructor.newInstance(Constructor.java:532)
	at com.informix.jdbc.IfxDriver.connect(IfxDriver.java:243)
	at java.sql.DriverManager.getConnection(DriverManager.java:620)
	at java.sql.DriverManager.getConnection(DriverManager.java:169)
	at com.topcoder.db.connectionfactory.producers.JDBCConnectionProducer.createConnection(JDBCConnectionProducer.java:448)
</error>
  </testcase>
  <testcase classname="com.topcoder.management.deliverable.accuracytests.PersistenceUploadManagerAccuracyTests" name="testRemoveUploadType" time="0.01">
    <error message="error occurs while creating the connection." type="com.topcoder.db.connectionfactory.DBConnectionException">com.topcoder.db.connectionfactory.DBConnectionException: error occurs while creating the connection.
	at com.topcoder.db.connectionfactory.producers.JDBCConnectionProducer.createConnection(JDBCConnectionProducer.java:450)
	at com.topcoder.db.connectionfactory.producers.JDBCConnectionProducer.createConnection(JDBCConnectionProducer.java:406)
	at com.topcoder.db.connectionfactory.DBConnectionFactoryImpl.createConnection(DBConnectionFactoryImpl.java:477)
	at com.topcoder.management.deliverable.DeliverableTestHelper.executeBatch(DeliverableTestHelper.java:70)
	at com.topcoder.management.deliverable.accuracytests.PersistenceUploadManagerAccuracyTests.setUp(PersistenceUploadManagerAccuracyTests.java:68)
Caused by: java.sql.SQLException: Cannot create an user thread. On NT check username, and IXUSERS group.
	at com.informix.jdbc.IfxSqliConnect.&lt;init&gt;(IfxSqliConnect.java:888)
	at java.lang.reflect.Constructor.newInstance(Constructor.java:532)
	at com.informix.jdbc.IfxDriver.connect(IfxDriver.java:243)
	at java.sql.DriverManager.getConnection(DriverManager.java:620)
	at java.sql.DriverManager.getConnection(DriverManager.java:169)
	at com.topcoder.db.connectionfactory.producers.JDBCConnectionProducer.createConnection(JDBCConnectionProducer.java:448)
</error>
  </testcase>
  <testcase classname="com.topcoder.management.deliverable.accuracytests.PersistenceUploadManagerAccuracyTests" name="testGetAllUploadTypes" time="0.01">
    <error message="error occurs while creating the connection." type="com.topcoder.db.connectionfactory.DBConnectionException">com.topcoder.db.connectionfactory.DBConnectionException: error occurs while creating the connection.
	at com.topcoder.db.connectionfactory.producers.JDBCConnectionProducer.createConnection(JDBCConnectionProducer.java:450)
	at com.topcoder.db.connectionfactory.producers.JDBCConnectionProducer.createConnection(JDBCConnectionProducer.java:406)
	at com.topcoder.db.connectionfactory.DBConnectionFactoryImpl.createConnection(DBConnectionFactoryImpl.java:477)
	at com.topcoder.management.deliverable.DeliverableTestHelper.executeBatch(DeliverableTestHelper.java:70)
	at com.topcoder.management.deliverable.accuracytests.PersistenceUploadManagerAccuracyTests.setUp(PersistenceUploadManagerAccuracyTests.java:68)
Caused by: java.sql.SQLException: Cannot create an user thread. On NT check username, and IXUSERS group.
	at com.informix.jdbc.IfxSqliConnect.&lt;init&gt;(IfxSqliConnect.java:888)
	at java.lang.reflect.Constructor.newInstance(Constructor.java:532)
	at com.informix.jdbc.IfxDriver.connect(IfxDriver.java:243)
	at java.sql.DriverManager.getConnection(DriverManager.java:620)
	at java.sql.DriverManager.getConnection(DriverManager.java:169)
	at com.topcoder.db.connectionfactory.producers.JDBCConnectionProducer.createConnection(JDBCConnectionProducer.java:448)
</error>
  </testcase>
  <testcase classname="com.topcoder.management.deliverable.accuracytests.PersistenceUploadManagerAccuracyTests" name="testCreateUploadStatus" time="0.01">
    <error message="error occurs while creating the connection." type="com.topcoder.db.connectionfactory.DBConnectionException">com.topcoder.db.connectionfactory.DBConnectionException: error occurs while creating the connection.
	at com.topcoder.db.connectionfactory.producers.JDBCConnectionProducer.createConnection(JDBCConnectionProducer.java:450)
	at com.topcoder.db.connectionfactory.producers.JDBCConnectionProducer.createConnection(JDBCConnectionProducer.java:406)
	at com.topcoder.db.connectionfactory.DBConnectionFactoryImpl.createConnection(DBConnectionFactoryImpl.java:477)
	at com.topcoder.management.deliverable.DeliverableTestHelper.executeBatch(DeliverableTestHelper.java:70)
	at com.topcoder.management.deliverable.accuracytests.PersistenceUploadManagerAccuracyTests.setUp(PersistenceUploadManagerAccuracyTests.java:68)
Caused by: java.sql.SQLException: Cannot create an user thread. On NT check username, and IXUSERS group.
	at com.informix.jdbc.IfxSqliConnect.&lt;init&gt;(IfxSqliConnect.java:888)
	at java.lang.reflect.Constructor.newInstance(Constructor.java:532)
	at com.informix.jdbc.IfxDriver.connect(IfxDriver.java:243)
	at java.sql.DriverManager.getConnection(DriverManager.java:620)
	at java.sql.DriverManager.getConnection(DriverManager.java:169)
	at com.topcoder.db.connectionfactory.producers.JDBCConnectionProducer.createConnection(JDBCConnectionProducer.java:448)
</error>
  </testcase>
  <testcase classname="com.topcoder.management.deliverable.accuracytests.PersistenceUploadManagerAccuracyTests" name="testUpdateUploadStatus" time="0.01">
    <error message="error occurs while creating the connection." type="com.topcoder.db.connectionfactory.DBConnectionException">com.topcoder.db.connectionfactory.DBConnectionException: error occurs while creating the connection.
	at com.topcoder.db.connectionfactory.producers.JDBCConnectionProducer.createConnection(JDBCConnectionProducer.java:450)
	at com.topcoder.db.connectionfactory.producers.JDBCConnectionProducer.createConnection(JDBCConnectionProducer.java:406)
	at com.topcoder.db.connectionfactory.DBConnectionFactoryImpl.createConnection(DBConnectionFactoryImpl.java:477)
	at com.topcoder.management.deliverable.DeliverableTestHelper.executeBatch(DeliverableTestHelper.java:70)
	at com.topcoder.management.deliverable.accuracytests.PersistenceUploadManagerAccuracyTests.setUp(PersistenceUploadManagerAccuracyTests.java:68)
Caused by: java.sql.SQLException: Cannot create an user thread. On NT check username, and IXUSERS group.
	at com.informix.jdbc.IfxSqliConnect.&lt;init&gt;(IfxSqliConnect.java:888)
	at java.lang.reflect.Constructor.newInstance(Constructor.java:532)
	at com.informix.jdbc.IfxDriver.connect(IfxDriver.java:243)
	at java.sql.DriverManager.getConnection(DriverManager.java:620)
	at java.sql.DriverManager.getConnection(DriverManager.java:169)
	at com.topcoder.db.connectionfactory.producers.JDBCConnectionProducer.createConnection(JDBCConnectionProducer.java:448)
</error>
  </testcase>
  <testcase classname="com.topcoder.management.deliverable.accuracytests.PersistenceUploadManagerAccuracyTests" name="testRemoveUploadStatus" time="0.01">
    <error message="error occurs while creating the connection." type="com.topcoder.db.connectionfactory.DBConnectionException">com.topcoder.db.connectionfactory.DBConnectionException: error occurs while creating the connection.
	at com.topcoder.db.connectionfactory.producers.JDBCConnectionProducer.createConnection(JDBCConnectionProducer.java:450)
	at com.topcoder.db.connectionfactory.producers.JDBCConnectionProducer.createConnection(JDBCConnectionProducer.java:406)
	at com.topcoder.db.connectionfactory.DBConnectionFactoryImpl.createConnection(DBConnectionFactoryImpl.java:477)
	at com.topcoder.management.deliverable.DeliverableTestHelper.executeBatch(DeliverableTestHelper.java:70)
	at com.topcoder.management.deliverable.accuracytests.PersistenceUploadManagerAccuracyTests.setUp(PersistenceUploadManagerAccuracyTests.java:68)
Caused by: java.sql.SQLException: Cannot create an user thread. On NT check username, and IXUSERS group.
	at com.informix.jdbc.IfxSqliConnect.&lt;init&gt;(IfxSqliConnect.java:888)
	at java.lang.reflect.Constructor.newInstance(Constructor.java:532)
	at com.informix.jdbc.IfxDriver.connect(IfxDriver.java:243)
	at java.sql.DriverManager.getConnection(DriverManager.java:620)
	at java.sql.DriverManager.getConnection(DriverManager.java:169)
	at com.topcoder.db.connectionfactory.producers.JDBCConnectionProducer.createConnection(JDBCConnectionProducer.java:448)
</error>
  </testcase>
  <testcase classname="com.topcoder.management.deliverable.accuracytests.PersistenceUploadManagerAccuracyTests" name="testGetAllUploadStatuses" time="0.01">
    <error message="error occurs while creating the connection." type="com.topcoder.db.connectionfactory.DBConnectionException">com.topcoder.db.connectionfactory.DBConnectionException: error occurs while creating the connection.
	at com.topcoder.db.connectionfactory.producers.JDBCConnectionProducer.createConnection(JDBCConnectionProducer.java:450)
	at com.topcoder.db.connectionfactory.producers.JDBCConnectionProducer.createConnection(JDBCConnectionProducer.java:406)
	at com.topcoder.db.connectionfactory.DBConnectionFactoryImpl.createConnection(DBConnectionFactoryImpl.java:477)
	at com.topcoder.management.deliverable.DeliverableTestHelper.executeBatch(DeliverableTestHelper.java:70)
	at com.topcoder.management.deliverable.accuracytests.PersistenceUploadManagerAccuracyTests.setUp(PersistenceUploadManagerAccuracyTests.java:68)
Caused by: java.sql.SQLException: Cannot create an user thread. On NT check username, and IXUSERS group.
	at com.informix.jdbc.IfxSqliConnect.&lt;init&gt;(IfxSqliConnect.java:888)
	at java.lang.reflect.Constructor.newInstance(Constructor.java:532)
	at com.informix.jdbc.IfxDriver.connect(IfxDriver.java:243)
	at java.sql.DriverManager.getConnection(DriverManager.java:620)
	at java.sql.DriverManager.getConnection(DriverManager.java:169)
	at com.topcoder.db.connectionfactory.producers.JDBCConnectionProducer.createConnection(JDBCConnectionProducer.java:448)
</error>
  </testcase>
  <testcase classname="com.topcoder.management.deliverable.accuracytests.PersistenceUploadManagerAccuracyTests" name="testCreateSubmissionStatus" time="0.01">
    <error message="error occurs while creating the connection." type="com.topcoder.db.connectionfactory.DBConnectionException">com.topcoder.db.connectionfactory.DBConnectionException: error occurs while creating the connection.
	at com.topcoder.db.connectionfactory.producers.JDBCConnectionProducer.createConnection(JDBCConnectionProducer.java:450)
	at com.topcoder.db.connectionfactory.producers.JDBCConnectionProducer.createConnection(JDBCConnectionProducer.java:406)
	at com.topcoder.db.connectionfactory.DBConnectionFactoryImpl.createConnection(DBConnectionFactoryImpl.java:477)
	at com.topcoder.management.deliverable.DeliverableTestHelper.executeBatch(DeliverableTestHelper.java:70)
	at com.topcoder.management.deliverable.accuracytests.PersistenceUploadManagerAccuracyTests.setUp(PersistenceUploadManagerAccuracyTests.java:68)
Caused by: java.sql.SQLException: Cannot create an user thread. On NT check username, and IXUSERS group.
	at com.informix.jdbc.IfxSqliConnect.&lt;init&gt;(IfxSqliConnect.java:888)
	at java.lang.reflect.Constructor.newInstance(Constructor.java:532)
	at com.informix.jdbc.IfxDriver.connect(IfxDriver.java:243)
	at java.sql.DriverManager.getConnection(DriverManager.java:620)
	at java.sql.DriverManager.getConnection(DriverManager.java:169)
	at com.topcoder.db.connectionfactory.producers.JDBCConnectionProducer.createConnection(JDBCConnectionProducer.java:448)
</error>
  </testcase>
  <testcase classname="com.topcoder.management.deliverable.accuracytests.PersistenceUploadManagerAccuracyTests" name="testUpdateSubmissionStatus" time="0.01">
    <error message="error occurs while creating the connection." type="com.topcoder.db.connectionfactory.DBConnectionException">com.topcoder.db.connectionfactory.DBConnectionException: error occurs while creating the connection.
	at com.topcoder.db.connectionfactory.producers.JDBCConnectionProducer.createConnection(JDBCConnectionProducer.java:450)
	at com.topcoder.db.connectionfactory.producers.JDBCConnectionProducer.createConnection(JDBCConnectionProducer.java:406)
	at com.topcoder.db.connectionfactory.DBConnectionFactoryImpl.createConnection(DBConnectionFactoryImpl.java:477)
	at com.topcoder.management.deliverable.DeliverableTestHelper.executeBatch(DeliverableTestHelper.java:70)
	at com.topcoder.management.deliverable.accuracytests.PersistenceUploadManagerAccuracyTests.setUp(PersistenceUploadManagerAccuracyTests.java:68)
Caused by: java.sql.SQLException: Cannot create an user thread. On NT check username, and IXUSERS group.
	at com.informix.jdbc.IfxSqliConnect.&lt;init&gt;(IfxSqliConnect.java:888)
	at java.lang.reflect.Constructor.newInstance(Constructor.java:532)
	at com.informix.jdbc.IfxDriver.connect(IfxDriver.java:243)
	at java.sql.DriverManager.getConnection(DriverManager.java:620)
	at java.sql.DriverManager.getConnection(DriverManager.java:169)
	at com.topcoder.db.connectionfactory.producers.JDBCConnectionProducer.createConnection(JDBCConnectionProducer.java:448)
</error>
  </testcase>
  <testcase classname="com.topcoder.management.deliverable.accuracytests.PersistenceUploadManagerAccuracyTests" name="testRemoveSubmissionStatus" time="0.01">
    <error message="error occurs while creating the connection." type="com.topcoder.db.connectionfactory.DBConnectionException">com.topcoder.db.connectionfactory.DBConnectionException: error occurs while creating the connection.
	at com.topcoder.db.connectionfactory.producers.JDBCConnectionProducer.createConnection(JDBCConnectionProducer.java:450)
	at com.topcoder.db.connectionfactory.producers.JDBCConnectionProducer.createConnection(JDBCConnectionProducer.java:406)
	at com.topcoder.db.connectionfactory.DBConnectionFactoryImpl.createConnection(DBConnectionFactoryImpl.java:477)
	at com.topcoder.management.deliverable.DeliverableTestHelper.executeBatch(DeliverableTestHelper.java:70)
	at com.topcoder.management.deliverable.accuracytests.PersistenceUploadManagerAccuracyTests.setUp(PersistenceUploadManagerAccuracyTests.java:68)
Caused by: java.sql.SQLException: Cannot create an user thread. On NT check username, and IXUSERS group.
	at com.informix.jdbc.IfxSqliConnect.&lt;init&gt;(IfxSqliConnect.java:888)
	at java.lang.reflect.Constructor.newInstance(Constructor.java:532)
	at com.informix.jdbc.IfxDriver.connect(IfxDriver.java:243)
	at java.sql.DriverManager.getConnection(DriverManager.java:620)
	at java.sql.DriverManager.getConnection(DriverManager.java:169)
	at com.topcoder.db.connectionfactory.producers.JDBCConnectionProducer.createConnection(JDBCConnectionProducer.java:448)
</error>
  </testcase>
  <testcase classname="com.topcoder.management.deliverable.accuracytests.PersistenceUploadManagerAccuracyTests" name="testGetAllSubmissionStatuses" time="0.01">
    <error message="error occurs while creating the connection." type="com.topcoder.db.connectionfactory.DBConnectionException">com.topcoder.db.connectionfactory.DBConnectionException: error occurs while creating the connection.
	at com.topcoder.db.connectionfactory.producers.JDBCConnectionProducer.createConnection(JDBCConnectionProducer.java:450)
	at com.topcoder.db.connectionfactory.producers.JDBCConnectionProducer.createConnection(JDBCConnectionProducer.java:406)
	at com.topcoder.db.connectionfactory.DBConnectionFactoryImpl.createConnection(DBConnectionFactoryImpl.java:477)
	at com.topcoder.management.deliverable.DeliverableTestHelper.executeBatch(DeliverableTestHelper.java:70)
	at com.topcoder.management.deliverable.accuracytests.PersistenceUploadManagerAccuracyTests.setUp(PersistenceUploadManagerAccuracyTests.java:68)
Caused by: java.sql.SQLException: Cannot create an user thread. On NT check username, and IXUSERS group.
	at com.informix.jdbc.IfxSqliConnect.&lt;init&gt;(IfxSqliConnect.java:888)
	at java.lang.reflect.Constructor.newInstance(Constructor.java:532)
	at com.informix.jdbc.IfxDriver.connect(IfxDriver.java:243)
	at java.sql.DriverManager.getConnection(DriverManager.java:620)
	at java.sql.DriverManager.getConnection(DriverManager.java:169)
	at com.topcoder.db.connectionfactory.producers.JDBCConnectionProducer.createConnection(JDBCConnectionProducer.java:448)
</error>
  </testcase>
  <testcase classname="com.topcoder.management.deliverable.accuracytests.PersistenceUploadManagerAccuracyTests" name="testCreateSubmissionType" time="0.01">
    <error message="error occurs while creating the connection." type="com.topcoder.db.connectionfactory.DBConnectionException">com.topcoder.db.connectionfactory.DBConnectionException: error occurs while creating the connection.
	at com.topcoder.db.connectionfactory.producers.JDBCConnectionProducer.createConnection(JDBCConnectionProducer.java:450)
	at com.topcoder.db.connectionfactory.producers.JDBCConnectionProducer.createConnection(JDBCConnectionProducer.java:406)
	at com.topcoder.db.connectionfactory.DBConnectionFactoryImpl.createConnection(DBConnectionFactoryImpl.java:477)
	at com.topcoder.management.deliverable.DeliverableTestHelper.executeBatch(DeliverableTestHelper.java:70)
	at com.topcoder.management.deliverable.accuracytests.PersistenceUploadManagerAccuracyTests.setUp(PersistenceUploadManagerAccuracyTests.java:68)
Caused by: java.sql.SQLException: Cannot create an user thread. On NT check username, and IXUSERS group.
	at com.informix.jdbc.IfxSqliConnect.&lt;init&gt;(IfxSqliConnect.java:888)
	at java.lang.reflect.Constructor.newInstance(Constructor.java:532)
	at com.informix.jdbc.IfxDriver.connect(IfxDriver.java:243)
	at java.sql.DriverManager.getConnection(DriverManager.java:620)
	at java.sql.DriverManager.getConnection(DriverManager.java:169)
	at com.topcoder.db.connectionfactory.producers.JDBCConnectionProducer.createConnection(JDBCConnectionProducer.java:448)
</error>
  </testcase>
  <testcase classname="com.topcoder.management.deliverable.accuracytests.PersistenceUploadManagerAccuracyTests" name="testUpdateSubmissionType" time="0.01">
    <error message="error occurs while creating the connection." type="com.topcoder.db.connectionfactory.DBConnectionException">com.topcoder.db.connectionfactory.DBConnectionException: error occurs while creating the connection.
	at com.topcoder.db.connectionfactory.producers.JDBCConnectionProducer.createConnection(JDBCConnectionProducer.java:450)
	at com.topcoder.db.connectionfactory.producers.JDBCConnectionProducer.createConnection(JDBCConnectionProducer.java:406)
	at com.topcoder.db.connectionfactory.DBConnectionFactoryImpl.createConnection(DBConnectionFactoryImpl.java:477)
	at com.topcoder.management.deliverable.DeliverableTestHelper.executeBatch(DeliverableTestHelper.java:70)
	at com.topcoder.management.deliverable.accuracytests.PersistenceUploadManagerAccuracyTests.setUp(PersistenceUploadManagerAccuracyTests.java:68)
Caused by: java.sql.SQLException: Cannot create an user thread. On NT check username, and IXUSERS group.
	at com.informix.jdbc.IfxSqliConnect.&lt;init&gt;(IfxSqliConnect.java:888)
	at java.lang.reflect.Constructor.newInstance(Constructor.java:532)
	at com.informix.jdbc.IfxDriver.connect(IfxDriver.java:243)
	at java.sql.DriverManager.getConnection(DriverManager.java:620)
	at java.sql.DriverManager.getConnection(DriverManager.java:169)
	at com.topcoder.db.connectionfactory.producers.JDBCConnectionProducer.createConnection(JDBCConnectionProducer.java:448)
</error>
  </testcase>
  <testcase classname="com.topcoder.management.deliverable.accuracytests.PersistenceUploadManagerAccuracyTests" name="testRemoveSubmissionType" time="0.01">
    <error message="error occurs while creating the connection." type="com.topcoder.db.connectionfactory.DBConnectionException">com.topcoder.db.connectionfactory.DBConnectionException: error occurs while creating the connection.
	at com.topcoder.db.connectionfactory.producers.JDBCConnectionProducer.createConnection(JDBCConnectionProducer.java:450)
	at com.topcoder.db.connectionfactory.producers.JDBCConnectionProducer.createConnection(JDBCConnectionProducer.java:406)
	at com.topcoder.db.connectionfactory.DBConnectionFactoryImpl.createConnection(DBConnectionFactoryImpl.java:477)
	at com.topcoder.management.deliverable.DeliverableTestHelper.executeBatch(DeliverableTestHelper.java:70)
	at com.topcoder.management.deliverable.accuracytests.PersistenceUploadManagerAccuracyTests.setUp(PersistenceUploadManagerAccuracyTests.java:68)
Caused by: java.sql.SQLException: Cannot create an user thread. On NT check username, and IXUSERS group.
	at com.informix.jdbc.IfxSqliConnect.&lt;init&gt;(IfxSqliConnect.java:888)
	at java.lang.reflect.Constructor.newInstance(Constructor.java:532)
	at com.informix.jdbc.IfxDriver.connect(IfxDriver.java:243)
	at java.sql.DriverManager.getConnection(DriverManager.java:620)
	at java.sql.DriverManager.getConnection(DriverManager.java:169)
	at com.topcoder.db.connectionfactory.producers.JDBCConnectionProducer.createConnection(JDBCConnectionProducer.java:448)
</error>
  </testcase>
  <testcase classname="com.topcoder.management.deliverable.accuracytests.PersistenceUploadManagerAccuracyTests" name="testGetAllSubmissionTypes" time="0.01">
    <error message="error occurs while creating the connection." type="com.topcoder.db.connectionfactory.DBConnectionException">com.topcoder.db.connectionfactory.DBConnectionException: error occurs while creating the connection.
	at com.topcoder.db.connectionfactory.producers.JDBCConnectionProducer.createConnection(JDBCConnectionProducer.java:450)
	at com.topcoder.db.connectionfactory.producers.JDBCConnectionProducer.createConnection(JDBCConnectionProducer.java:406)
	at com.topcoder.db.connectionfactory.DBConnectionFactoryImpl.createConnection(DBConnectionFactoryImpl.java:477)
	at com.topcoder.management.deliverable.DeliverableTestHelper.executeBatch(DeliverableTestHelper.java:70)
	at com.topcoder.management.deliverable.accuracytests.PersistenceUploadManagerAccuracyTests.setUp(PersistenceUploadManagerAccuracyTests.java:68)
Caused by: java.sql.SQLException: Cannot create an user thread. On NT check username, and IXUSERS group.
	at com.informix.jdbc.IfxSqliConnect.&lt;init&gt;(IfxSqliConnect.java:888)
	at java.lang.reflect.Constructor.newInstance(Constructor.java:532)
	at com.informix.jdbc.IfxDriver.connect(IfxDriver.java:243)
	at java.sql.DriverManager.getConnection(DriverManager.java:620)
	at java.sql.DriverManager.getConnection(DriverManager.java:169)
	at com.topcoder.db.connectionfactory.producers.JDBCConnectionProducer.createConnection(JDBCConnectionProducer.java:448)
</error>
  </testcase>
  <testcase classname="com.topcoder.management.deliverable.accuracytests.PersistenceUploadManagerAccuracyTests" name="testCreateUpload" time="0.231" />
  <testcase classname="com.topcoder.management.deliverable.accuracytests.PersistenceUploadManagerAccuracyTests" name="testUpdateUpload" time="0.116" />
  <testcase classname="com.topcoder.management.deliverable.accuracytests.PersistenceUploadManagerAccuracyTests" name="testRemoveUpload" time="0.116" />
  <testcase classname="com.topcoder.management.deliverable.accuracytests.PersistenceUploadManagerAccuracyTests" name="testGetUpload" time="0.116" />
  <testcase classname="com.topcoder.management.deliverable.accuracytests.PersistenceUploadManagerAccuracyTests" name="testCreateSubmission" time="0.135" />
  <testcase classname="com.topcoder.management.deliverable.accuracytests.PersistenceUploadManagerAccuracyTests" name="testUpdateSubmission" time="0.114" />
  <testcase classname="com.topcoder.management.deliverable.accuracytests.PersistenceUploadManagerAccuracyTests" name="testRemoveSubmission" time="0.115" />
  <testcase classname="com.topcoder.management.deliverable.accuracytests.PersistenceUploadManagerAccuracyTests" name="testGetSubmission" time="0.112" />
  <testcase classname="com.topcoder.management.deliverable.stresstests.StressTestPersistenceUploadManager" name="testConstructor" time="0.139" />
  <testcase classname="com.topcoder.management.deliverable.stresstests.StressTestPersistenceUploadManager" name="testCreateUploadType" time="0.18" />
  <testcase classname="com.topcoder.management.deliverable.stresstests.StressTestPersistenceUploadManager" name="testUpdateUploadType" time="0.195" />
  <testcase classname="com.topcoder.management.deliverable.stresstests.StressTestPersistenceUploadManager" name="testRemoveUploadType" time="0.208" />
  <testcase classname="com.topcoder.management.deliverable.stresstests.StressTestPersistenceUploadManager" name="testGetAllUploadTypes" time="0.243" />
  <testcase classname="com.topcoder.management.deliverable.stresstests.StressTestPersistenceUploadManager" name="testCreateUploadStatus" time="0.163" />
  <testcase classname="com.topcoder.management.deliverable.stresstests.StressTestPersistenceUploadManager" name="testUpdateUploadStatus" time="0.179" />
  <testcase classname="com.topcoder.management.deliverable.stresstests.StressTestPersistenceUploadManager" name="testRemoveUploadStatus" time="0.191" />
  <testcase classname="com.topcoder.management.deliverable.stresstests.StressTestPersistenceUploadManager" name="testGetAllUploadStatuses" time="0.225" />
  <testcase classname="com.topcoder.management.deliverable.stresstests.StressTestPersistenceUploadManager" name="testCreateSubmissionStatus" time="0.153">
    <error message="Error occurs during database operation." type="com.topcoder.management.deliverable.persistence.UploadPersistenceException">com.topcoder.management.deliverable.persistence.UploadPersistenceException: Error occurs during database operation.
	at com.topcoder.management.deliverable.persistence.sql.MyUploadPersistence.executeSingleCommand(MyUploadPersistence.java:162)
	at com.topcoder.management.deliverable.persistence.sql.MyUploadPersistence.addSubmissionStatus(MyUploadPersistence.java:548)
	at com.topcoder.management.deliverable.PersistenceUploadManager.persistenApply(PersistenceUploadManager.java:1090)
	at com.topcoder.management.deliverable.PersistenceUploadManager.persistenceUploadManagerHelper(PersistenceUploadManager.java:993)
	at com.topcoder.management.deliverable.PersistenceUploadManager.createSubmissionStatus(PersistenceUploadManager.java:749)
	at com.topcoder.management.deliverable.stresstests.StressTestPersistenceUploadManager.testCreateSubmissionStatus(StressTestPersistenceUploadManager.java:285)
Caused by: java.sql.SQLException: Unique constraint (root.u108_50) violated.
	at com.informix.jdbc.IfxSqli.addException(IfxSqli.java:3082)
	at com.informix.jdbc.IfxSqli.receiveError(IfxSqli.java:3396)
	at com.informix.jdbc.IfxSqli.dispatchMsg(IfxSqli.java:2259)
	at com.informix.jdbc.IfxSqli.receiveMessage(IfxSqli.java:2179)
	at com.informix.jdbc.IfxSqli.executeCommand(IfxSqli.java:721)
	at com.informix.jdbc.IfxResultSet.executeUpdate(IfxResultSet.java:305)
	at com.informix.jdbc.IfxStatement.executeUpdateImpl(IfxStatement.java:882)
	at com.informix.jdbc.IfxPreparedStatement.executeUpdate(IfxPreparedStatement.java:281)
	at com.topcoder.management.deliverable.persistence.sql.MyUploadPersistence.executeUpdate(MyUploadPersistence.java:189)
	at com.topcoder.management.deliverable.persistence.sql.MyUploadPersistence.executeSingleCommand(MyUploadPersistence.java:160)
</error>
  </testcase>
  <testcase classname="com.topcoder.management.deliverable.stresstests.StressTestPersistenceUploadManager" name="testUpdateSubmissionStatus" time="0.179" />
  <testcase classname="com.topcoder.management.deliverable.stresstests.StressTestPersistenceUploadManager" name="testGetAllSubmissionStatuses" time="0.23" />
  <testcase classname="com.topcoder.management.deliverable.stresstests.StressTestPersistenceUploadManager" name="testCreateSubmissionType" time="0.161">
    <error message="Error occurs during database operation." type="com.topcoder.management.deliverable.persistence.UploadPersistenceException">com.topcoder.management.deliverable.persistence.UploadPersistenceException: Error occurs during database operation.
	at com.topcoder.management.deliverable.persistence.sql.MyUploadPersistence.executeSingleCommand(MyUploadPersistence.java:162)
	at com.topcoder.management.deliverable.persistence.sql.MyUploadPersistence.addSubmissionType(MyUploadPersistence.java:1302)
	at com.topcoder.management.deliverable.PersistenceUploadManager.persistenApply(PersistenceUploadManager.java:1110)
	at com.topcoder.management.deliverable.PersistenceUploadManager.persistenceUploadManagerHelper(PersistenceUploadManager.java:993)
	at com.topcoder.management.deliverable.PersistenceUploadManager.createSubmissionType(PersistenceUploadManager.java:847)
	at com.topcoder.management.deliverable.stresstests.StressTestPersistenceUploadManager.testCreateSubmissionType(StressTestPersistenceUploadManager.java:501)
Caused by: java.sql.SQLException: Unique constraint (root.u109_58) violated.
	at com.informix.jdbc.IfxSqli.addException(IfxSqli.java:3082)
	at com.informix.jdbc.IfxSqli.receiveError(IfxSqli.java:3396)
	at com.informix.jdbc.IfxSqli.dispatchMsg(IfxSqli.java:2259)
	at com.informix.jdbc.IfxSqli.receiveMessage(IfxSqli.java:2179)
	at com.informix.jdbc.IfxSqli.executeCommand(IfxSqli.java:721)
	at com.informix.jdbc.IfxResultSet.executeUpdate(IfxResultSet.java:305)
	at com.informix.jdbc.IfxStatement.executeUpdateImpl(IfxStatement.java:882)
	at com.informix.jdbc.IfxPreparedStatement.executeUpdate(IfxPreparedStatement.java:281)
	at com.topcoder.management.deliverable.persistence.sql.MyUploadPersistence.executeUpdate(MyUploadPersistence.java:189)
	at com.topcoder.management.deliverable.persistence.sql.MyUploadPersistence.executeSingleCommand(MyUploadPersistence.java:160)
</error>
  </testcase>
  <testcase classname="com.topcoder.management.deliverable.stresstests.StressTestPersistenceUploadManager" name="testUpdateSubmissionType" time="0.148">
    <error message="Error occurs during database operation." type="com.topcoder.management.deliverable.persistence.UploadPersistenceException">com.topcoder.management.deliverable.persistence.UploadPersistenceException: Error occurs during database operation.
	at com.topcoder.management.deliverable.persistence.sql.MyUploadPersistence.executeSingleCommand(MyUploadPersistence.java:162)
	at com.topcoder.management.deliverable.persistence.sql.MyUploadPersistence.addSubmissionType(MyUploadPersistence.java:1302)
	at com.topcoder.management.deliverable.PersistenceUploadManager.persistenApply(PersistenceUploadManager.java:1110)
	at com.topcoder.management.deliverable.PersistenceUploadManager.persistenceUploadManagerHelper(PersistenceUploadManager.java:993)
	at com.topcoder.management.deliverable.PersistenceUploadManager.createSubmissionType(PersistenceUploadManager.java:847)
	at com.topcoder.management.deliverable.stresstests.StressTestPersistenceUploadManager.testUpdateSubmissionType(StressTestPersistenceUploadManager.java:519)
Caused by: java.sql.SQLException: Unique constraint (root.u109_58) violated.
	at com.informix.jdbc.IfxSqli.addException(IfxSqli.java:3082)
	at com.informix.jdbc.IfxSqli.receiveError(IfxSqli.java:3396)
	at com.informix.jdbc.IfxSqli.dispatchMsg(IfxSqli.java:2259)
	at com.informix.jdbc.IfxSqli.receiveMessage(IfxSqli.java:2179)
	at com.informix.jdbc.IfxSqli.executeCommand(IfxSqli.java:721)
	at com.informix.jdbc.IfxResultSet.executeUpdate(IfxResultSet.java:305)
	at com.informix.jdbc.IfxStatement.executeUpdateImpl(IfxStatement.java:882)
	at com.informix.jdbc.IfxPreparedStatement.executeUpdate(IfxPreparedStatement.java:281)
	at com.topcoder.management.deliverable.persistence.sql.MyUploadPersistence.executeUpdate(MyUploadPersistence.java:189)
	at com.topcoder.management.deliverable.persistence.sql.MyUploadPersistence.executeSingleCommand(MyUploadPersistence.java:160)
</error>
  </testcase>
  <testcase classname="com.topcoder.management.deliverable.stresstests.StressTestPersistenceUploadManager" name="testRemoveSubmissionType" time="0.161" />
  <testcase classname="com.topcoder.management.deliverable.stresstests.StressTestPersistenceUploadManager" name="testCreateUpload" time="0.255" />
  <testcase classname="com.topcoder.management.deliverable.stresstests.StressTestPersistenceUploadManager" name="testUpdateUpload" time="0.272" />
  <testcase classname="com.topcoder.management.deliverable.stresstests.StressTestPersistenceUploadManager" name="testRemoveUpload" time="0.264" />
  <testcase classname="com.topcoder.management.deliverable.stresstests.StressTestPersistenceUploadManager" name="testGetUpload" time="0.324" />
  <testcase classname="com.topcoder.management.deliverable.stresstests.StressTestPersistenceUploadManager" name="testCreateSubmission" time="0.365" />
  <testcase classname="com.topcoder.management.deliverable.stresstests.StressTestPersistenceUploadManager" name="testUpdateSubmission" time="0.363" />
  <testcase classname="com.topcoder.management.deliverable.stresstests.StressTestPersistenceUploadManager" name="testRemoveSubmission" time="0.378" />
  <testcase classname="com.topcoder.management.deliverable.stresstests.StressTestPersistenceUploadManager" name="testGetSubmission" time="0.422" />
  <testcase classname="com.topcoder.management.deliverable.stresstests.StressTestPersistenceUploadManager" name="testGetAllSubmissionTypees" time="0.23" />
  <testcase classname="com.topcoder.management.deliverable.stresstests.StressTestPersistenceUploadManager" name="testSearchSubmissions" time="0.395" />
  <testcase classname="com.topcoder.management.deliverable.stresstests.StressTestPersistenceUploadManager" name="testSearchUploads" time="0.287" />
  <testcase classname="com.topcoder.management.deliverable.stresstests.StressTestPersistenceDeliverableManager" name="testSearchDeliverablesWithSubmissions" time="0.55" />
  <testcase classname="com.topcoder.management.deliverable.stresstests.StressTestPersistenceDeliverableManager" name="testSearchDeliverables" time="0.905" />
  <testcase classname="com.topcoder.management.deliverable.stresstests.StressTestPersistenceDeliverableManager" name="testConstructor" time="0.138" />
  <system-out><![CDATA[Invoke createUploadType method 10 times cost 0.032 second.
Invoke updateUploadTye method for 10 times cost 0.031 seconds.
Invoke createUploadType method 10 times cost 0.032 second.
Invoke removeUploadType for 10 times cost 0.028 seconds.
Invoke createUploadType method 10 times cost 0.031 second.
Invoke getAllUploadTypes method for 10 times cost 0.063 seconds.
Invoke createUploadStatus method 2o times cost 0.031 second.
Invoke updateUploadStatus for 10 times cost 0.031 seconds
Invoke createUploadStatus method 2o times cost 0.03 second.
Invoke removeUploadStatus for 10 times cost 0.03 second.
Invoke createUploadStatus method 2o times cost 0.031 second.
Invoke getAllUploadStatus for 10 times cost 0.062 seconds
Invoke updateSubmissionStatus 10 times cost 0.03 seconds
Invoke createSubmissionStatus 10 times cost 0.032 seconds.
Invoke removeSubmissionType for 10 times cost 0.03 seconds.
Invoke createUploadType method 10 times cost 0.03 second.
Invoke createUploadStatus method 2o times cost 0.03 second.
Created Upload with ID: 9
Created Upload with ID: 10
Invoke createUpload method 10 times cost 0.031 second.
Invoke createUploadType method 10 times cost 0.03 second.
Invoke createUploadStatus method 2o times cost 0.031 second.
Invoke updateUpload method 10 times cost 0.03 second.
Invoke createUploadType method 10 times cost 0.031 second.
Invoke createUploadStatus method 2o times cost 0.034 second.
Created Upload with ID: 11
Created Upload with ID: 12
Invoke createUpload method 10 times cost 0.032 second.
Invoke removeUpload method 10 times cost 0.0 second.
Invoke createUploadType method 10 times cost 0.048 second.
Invoke createUploadStatus method 2o times cost 0.047 second.
Created Upload with ID: 13
Created Upload with ID: 14
Invoke createUpload method 10 times cost 0.032 second.
Invoke getUpload method 10 times cost 0.035 second.
Invoke createUploadType method 10 times cost 0.031 second.
Invoke createUploadStatus method 2o times cost 0.029 second.
Created Upload with ID: 15
Created Upload with ID: 16
Invoke createUpload method 10 times cost 0.032 second.
Invoke createSubmissionStatus 10 times cost 0.03 seconds.
Invoke createSubmissionType 10 times cost 0.031 seconds.
Invoke searchSubmission for 10 times cost 0.016 seconds.
Invoke createSubmission for 10 times cost 0.015 seconds.
Invoke createUploadType method 10 times cost 0.03 second.
Invoke createUploadStatus method 2o times cost 0.03 second.
Created Upload with ID: 17
Created Upload with ID: 18
Invoke createUpload method 10 times cost 0.032 second.
Invoke createSubmissionStatus 10 times cost 0.031 seconds.
Invoke createSubmissionType 10 times cost 0.03 seconds.
Invoke updateSubmission for 10 times cost 0.03 seconds.
Invoke createUploadType method 10 times cost 0.03 second.
Invoke createUploadStatus method 2o times cost 0.03 second.
Created Upload with ID: 19
Created Upload with ID: 20
Invoke createUpload method 10 times cost 0.032 second.
Invoke createSubmissionStatus 10 times cost 0.03 seconds.
Invoke createSubmissionType 10 times cost 0.03 seconds.
Invoke searchSubmission for 10 times cost 0.016 seconds.
Invoke createSubmission for 10 times cost 0.014 seconds.
Invoke removeSubmission for 10 times cost 0.015 seconds.
Invoke createUploadType method 10 times cost 0.03 second.
Invoke createUploadStatus method 2o times cost 0.03 second.
Created Upload with ID: 6
Created Upload with ID: 7
Invoke createUpload method 10 times cost 0.05 second.
Invoke createSubmissionStatus 10 times cost 0.03 seconds.
Invoke createSubmissionType 10 times cost 0.03 seconds.
Invoke searchSubmission for 10 times cost 0.015 seconds.
Invoke createSubmission for 10 times cost 0.015 seconds.
Invoke getSubmission for 10 times cost 0.04 seconds.
Invoke createSubmissionType 10 times cost 0.029 seconds.
Invoke createUploadType method 10 times cost 0.031 second.
Invoke createUploadStatus method 2o times cost 0.031 second.
Created Upload with ID: 8
Created Upload with ID: 9
Invoke createUpload method 10 times cost 0.031 second.
Invoke createSubmissionStatus 10 times cost 0.029 seconds.
Invoke createSubmissionType 10 times cost 0.031 seconds.
Invoke searchSubmission for 10 times cost 0.015 seconds.
Invoke createSubmission for 10 times cost 0.016 seconds.
Invoke searchSubmission for 10 times cost 0.016 seconds.
Invoke searchSubmission for 10 times cost 0.015 seconds.
Invoke createUploadType method 10 times cost 0.031 second.
Invoke createUploadStatus method 2o times cost 0.03 second.
Created Upload with ID: 10
Created Upload with ID: 11
Invoke createUpload method 10 times cost 0.031 second.
Invoke SearchUploads method 10 times cost 0.03 second.
Invoke SearchDeliverablesWithSubmissions for 20 times cost 0.34 seconds.
Invoke SearchDeliverables for 20 times cost 0.743 seconds.
]]></system-out>
  <system-err><![CDATA[An error occurred while trying to retrieve the com.topcoder.management.deliverable.PersistenceDeliverableManager log:
com.topcoder.util.log.LogException: com.topcoder.util.config.UnknownNamespaceException: com.topcoder.util.log is unknown
	at com.topcoder.util.log.LogFactory.getLogWithExceptions(LogFactory.java:392)
	at com.topcoder.util.log.LogFactory.getLog(LogFactory.java:294)
	at com.topcoder.management.deliverable.PersistenceDeliverableManager.<clinit>(PersistenceDeliverableManager.java:98)
	at com.topcoder.management.deliverable.PersistenceDeliverableManagerTests.setUp(PersistenceDeliverableManagerTests.java:97)
	at junit.framework.TestCase.runBare(TestCase.java:132)
	at junit.framework.TestResult$1.protect(TestResult.java:110)
	at junit.framework.TestResult.runProtected(TestResult.java:128)
	at junit.framework.TestResult.run(TestResult.java:113)
	at junit.framework.TestCase.run(TestCase.java:124)
	at junit.framework.TestSuite.runTest(TestSuite.java:232)
	at junit.framework.TestSuite.run(TestSuite.java:227)
	at junit.framework.TestSuite.runTest(TestSuite.java:232)
	at junit.framework.TestSuite.run(TestSuite.java:227)
	at junit.framework.TestSuite.runTest(TestSuite.java:232)
	at junit.framework.TestSuite.run(TestSuite.java:227)
	at org.apache.tools.ant.taskdefs.optional.junit.JUnitTestRunner.run(JUnitTestRunner.java:420)
	at org.apache.tools.ant.taskdefs.optional.junit.JUnitTestRunner.launch(JUnitTestRunner.java:911)
	at org.apache.tools.ant.taskdefs.optional.junit.JUnitTestRunner.main(JUnitTestRunner.java:768)
Caused by: com.topcoder.util.config.UnknownNamespaceException: com.topcoder.util.log is unknown
	at com.topcoder.util.config.DefaultConfigManager.getPropertyObject(DefaultConfigManager.java:429)
	at com.topcoder.util.config.DefaultConfigManager.getString(DefaultConfigManager.java:449)
	at com.topcoder.util.log.LogFactory.getLogWithExceptions(LogFactory.java:381)
	... 17 more
The basic console logger will be used instead.
com.topcoder.util.config.UnknownNamespaceException: com.topcoder.util.log is unknown
	at com.topcoder.util.config.DefaultConfigManager.getPropertyObject(DefaultConfigManager.java:429)
	at com.topcoder.util.config.DefaultConfigManager.getString(DefaultConfigManager.java:449)
	at com.topcoder.util.log.LogFactory.getAttribute(LogFactory.java:224)
	at com.topcoder.util.log.basic.BasicLog.log(BasicLog.java:74)
	at com.topcoder.management.deliverable.PersistenceDeliverableManager.<init>(PersistenceDeliverableManager.java:157)
	at com.topcoder.management.deliverable.PersistenceDeliverableManager.<init>(PersistenceDeliverableManager.java:183)
	at com.topcoder.management.deliverable.PersistenceDeliverableManagerTests.setUp(PersistenceDeliverableManagerTests.java:97)
	at junit.framework.TestCase.runBare(TestCase.java:132)
	at junit.framework.TestResult$1.protect(TestResult.java:110)
	at junit.framework.TestResult.runProtected(TestResult.java:128)
	at junit.framework.TestResult.run(TestResult.java:113)
	at junit.framework.TestCase.run(TestCase.java:124)
	at junit.framework.TestSuite.runTest(TestSuite.java:232)
	at junit.framework.TestSuite.run(TestSuite.java:227)
	at junit.framework.TestSuite.runTest(TestSuite.java:232)
	at junit.framework.TestSuite.run(TestSuite.java:227)
	at junit.framework.TestSuite.runTest(TestSuite.java:232)
	at junit.framework.TestSuite.run(TestSuite.java:227)
	at org.apache.tools.ant.taskdefs.optional.junit.JUnitTestRunner.run(JUnitTestRunner.java:420)
	at org.apache.tools.ant.taskdefs.optional.junit.JUnitTestRunner.launch(JUnitTestRunner.java:911)
	at org.apache.tools.ant.taskdefs.optional.junit.JUnitTestRunner.main(JUnitTestRunner.java:768)
Instantiate PersistenceDeliverableManager with DeliverablePersistence, deliverableCheckers map,deliverableSearchBundle and submissionSearchBundle.
com.topcoder.util.config.UnknownNamespaceException: com.topcoder.util.log is unknown
	at com.topcoder.util.config.DefaultConfigManager.getPropertyObject(DefaultConfigManager.java:429)
	at com.topcoder.util.config.DefaultConfigManager.getString(DefaultConfigManager.java:449)
	at com.topcoder.util.log.LogFactory.getAttribute(LogFactory.java:224)
	at com.topcoder.util.log.basic.BasicLog.log(BasicLog.java:74)
	at com.topcoder.management.deliverable.PersistenceDeliverableManager.<init>(PersistenceDeliverableManager.java:157)
	at com.topcoder.management.deliverable.PersistenceDeliverableManager.<init>(PersistenceDeliverableManager.java:183)
	at com.topcoder.management.deliverable.PersistenceDeliverableManagerTests.setUp(PersistenceDeliverableManagerTests.java:97)
	at junit.framework.TestCase.runBare(TestCase.java:132)
	at junit.framework.TestResult$1.protect(TestResult.java:110)
	at junit.framework.TestResult.runProtected(TestResult.java:128)
	at junit.framework.TestResult.run(TestResult.java:113)
	at junit.framework.TestCase.run(TestCase.java:124)
	at junit.framework.TestSuite.runTest(TestSuite.java:232)
	at junit.framework.TestSuite.run(TestSuite.java:227)
	at junit.framework.TestSuite.runTest(TestSuite.java:232)
	at junit.framework.TestSuite.run(TestSuite.java:227)
	at junit.framework.TestSuite.runTest(TestSuite.java:232)
	at junit.framework.TestSuite.run(TestSuite.java:227)
	at org.apache.tools.ant.taskdefs.optional.junit.JUnitTestRunner.run(JUnitTestRunner.java:420)
	at org.apache.tools.ant.taskdefs.optional.junit.JUnitTestRunner.launch(JUnitTestRunner.java:911)
	at org.apache.tools.ant.taskdefs.optional.junit.JUnitTestRunner.main(JUnitTestRunner.java:768)
Instantiate PersistenceDeliverableManager with DeliverablePersistence, deliverableCheckers map,deliverableSearchBundle and submissionSearchBundle.
com.topcoder.util.config.UnknownNamespaceException: com.topcoder.util.log is unknown
	at com.topcoder.util.config.DefaultConfigManager.getPropertyObject(DefaultConfigManager.java:429)
	at com.topcoder.util.config.DefaultConfigManager.getString(DefaultConfigManager.java:449)
	at com.topcoder.util.log.LogFactory.getAttribute(LogFactory.java:224)
	at com.topcoder.util.log.basic.BasicLog.log(BasicLog.java:74)
	at com.topcoder.management.deliverable.PersistenceDeliverableManager.<init>(PersistenceDeliverableManager.java:157)
	at com.topcoder.management.deliverable.PersistenceDeliverableManager.<init>(PersistenceDeliverableManager.java:183)
	at com.topcoder.management.deliverable.PersistenceDeliverableManagerTests.setUp(PersistenceDeliverableManagerTests.java:97)
	at junit.framework.TestCase.runBare(TestCase.java:132)
	at junit.framework.TestResult$1.protect(TestResult.java:110)
	at junit.framework.TestResult.runProtected(TestResult.java:128)
	at junit.framework.TestResult.run(TestResult.java:113)
	at junit.framework.TestCase.run(TestCase.java:124)
	at junit.framework.TestSuite.runTest(TestSuite.java:232)
	at junit.framework.TestSuite.run(TestSuite.java:227)
	at junit.framework.TestSuite.runTest(TestSuite.java:232)
	at junit.framework.TestSuite.run(TestSuite.java:227)
	at junit.framework.TestSuite.runTest(TestSuite.java:232)
	at junit.framework.TestSuite.run(TestSuite.java:227)
	at org.apache.tools.ant.taskdefs.optional.junit.JUnitTestRunner.run(JUnitTestRunner.java:420)
	at org.apache.tools.ant.taskdefs.optional.junit.JUnitTestRunner.launch(JUnitTestRunner.java:911)
	at org.apache.tools.ant.taskdefs.optional.junit.JUnitTestRunner.main(JUnitTestRunner.java:768)
Instantiate PersistenceDeliverableManager with DeliverablePersistence, deliverableCheckers map,deliverableSearchBundle and submissionSearchBundle.
com.topcoder.util.config.UnknownNamespaceException: com.topcoder.util.log is unknown
	at com.topcoder.util.config.DefaultConfigManager.getPropertyObject(DefaultConfigManager.java:429)
	at com.topcoder.util.config.DefaultConfigManager.getString(DefaultConfigManager.java:449)
	at com.topcoder.util.log.LogFactory.getAttribute(LogFactory.java:224)
	at com.topcoder.util.log.basic.BasicLog.log(BasicLog.java:74)
	at com.topcoder.management.deliverable.PersistenceDeliverableManager.<init>(PersistenceDeliverableManager.java:157)
	at com.topcoder.management.deliverable.PersistenceDeliverableManager.<init>(PersistenceDeliverableManager.java:183)
	at com.topcoder.management.deliverable.PersistenceDeliverableManagerTests.setUp(PersistenceDeliverableManagerTests.java:97)
	at junit.framework.TestCase.runBare(TestCase.java:132)
	at junit.framework.TestResult$1.protect(TestResult.java:110)
	at junit.framework.TestResult.runProtected(TestResult.java:128)
	at junit.framework.TestResult.run(TestResult.java:113)
	at junit.framework.TestCase.run(TestCase.java:124)
	at junit.framework.TestSuite.runTest(TestSuite.java:232)
	at junit.framework.TestSuite.run(TestSuite.java:227)
	at junit.framework.TestSuite.runTest(TestSuite.java:232)
	at junit.framework.TestSuite.run(TestSuite.java:227)
	at junit.framework.TestSuite.runTest(TestSuite.java:232)
	at junit.framework.TestSuite.run(TestSuite.java:227)
	at org.apache.tools.ant.taskdefs.optional.junit.JUnitTestRunner.run(JUnitTestRunner.java:420)
	at org.apache.tools.ant.taskdefs.optional.junit.JUnitTestRunner.launch(JUnitTestRunner.java:911)
	at org.apache.tools.ant.taskdefs.optional.junit.JUnitTestRunner.main(JUnitTestRunner.java:768)
Instantiate PersistenceDeliverableManager with DeliverablePersistence, deliverableCheckers map,deliverableSearchBundle and submissionSearchBundle.
com.topcoder.util.config.UnknownNamespaceException: com.topcoder.util.log is unknown
	at com.topcoder.util.config.DefaultConfigManager.getPropertyObject(DefaultConfigManager.java:429)
	at com.topcoder.util.config.DefaultConfigManager.getString(DefaultConfigManager.java:449)
	at com.topcoder.util.log.LogFactory.getAttribute(LogFactory.java:224)
	at com.topcoder.util.log.basic.BasicLog.log(BasicLog.java:74)
	at com.topcoder.management.deliverable.PersistenceDeliverableManager.<init>(PersistenceDeliverableManager.java:157)
	at com.topcoder.management.deliverable.PersistenceDeliverableManager.<init>(PersistenceDeliverableManager.java:183)
	at com.topcoder.management.deliverable.PersistenceDeliverableManagerTests.setUp(PersistenceDeliverableManagerTests.java:97)
	at junit.framework.TestCase.runBare(TestCase.java:132)
	at junit.framework.TestResult$1.protect(TestResult.java:110)
	at junit.framework.TestResult.runProtected(TestResult.java:128)
	at junit.framework.TestResult.run(TestResult.java:113)
	at junit.framework.TestCase.run(TestCase.java:124)
	at junit.framework.TestSuite.runTest(TestSuite.java:232)
	at junit.framework.TestSuite.run(TestSuite.java:227)
	at junit.framework.TestSuite.runTest(TestSuite.java:232)
	at junit.framework.TestSuite.run(TestSuite.java:227)
	at junit.framework.TestSuite.runTest(TestSuite.java:232)
	at junit.framework.TestSuite.run(TestSuite.java:227)
	at org.apache.tools.ant.taskdefs.optional.junit.JUnitTestRunner.run(JUnitTestRunner.java:420)
	at org.apache.tools.ant.taskdefs.optional.junit.JUnitTestRunner.launch(JUnitTestRunner.java:911)
	at org.apache.tools.ant.taskdefs.optional.junit.JUnitTestRunner.main(JUnitTestRunner.java:768)
Instantiate PersistenceDeliverableManager with DeliverablePersistence, deliverableCheckers map,deliverableSearchBundle and submissionSearchBundle.
com.topcoder.util.config.UnknownNamespaceException: com.topcoder.util.log is unknown
	at com.topcoder.util.config.DefaultConfigManager.getPropertyObject(DefaultConfigManager.java:429)
	at com.topcoder.util.config.DefaultConfigManager.getString(DefaultConfigManager.java:449)
	at com.topcoder.util.log.LogFactory.getAttribute(LogFactory.java:224)
	at com.topcoder.util.log.basic.BasicLog.log(BasicLog.java:74)
	at com.topcoder.management.deliverable.PersistenceDeliverableManager.<init>(PersistenceDeliverableManager.java:157)
	at com.topcoder.management.deliverable.PersistenceDeliverableManagerTests.testConstructor1_Valid(PersistenceDeliverableManagerTests.java:164)
	at sun.reflect.NativeMethodAccessorImpl.invoke0(Native Method)
	at sun.reflect.NativeMethodAccessorImpl.invoke(NativeMethodAccessorImpl.java:57)
	at sun.reflect.DelegatingMethodAccessorImpl.invoke(DelegatingMethodAccessorImpl.java:43)
	at java.lang.reflect.Method.invoke(Method.java:616)
	at junit.framework.TestCase.runTest(TestCase.java:168)
	at junit.framework.TestCase.runBare(TestCase.java:134)
	at junit.framework.TestResult$1.protect(TestResult.java:110)
	at junit.framework.TestResult.runProtected(TestResult.java:128)
	at junit.framework.TestResult.run(TestResult.java:113)
	at junit.framework.TestCase.run(TestCase.java:124)
	at junit.framework.TestSuite.runTest(TestSuite.java:232)
	at junit.framework.TestSuite.run(TestSuite.java:227)
	at junit.framework.TestSuite.runTest(TestSuite.java:232)
	at junit.framework.TestSuite.run(TestSuite.java:227)
	at junit.framework.TestSuite.runTest(TestSuite.java:232)
	at junit.framework.TestSuite.run(TestSuite.java:227)
	at org.apache.tools.ant.taskdefs.optional.junit.JUnitTestRunner.run(JUnitTestRunner.java:420)
	at org.apache.tools.ant.taskdefs.optional.junit.JUnitTestRunner.launch(JUnitTestRunner.java:911)
	at org.apache.tools.ant.taskdefs.optional.junit.JUnitTestRunner.main(JUnitTestRunner.java:768)
Instantiate PersistenceDeliverableManager with DeliverablePersistence, deliverableCheckers map,deliverableSearchBundle and submissionSearchBundle.
com.topcoder.util.config.UnknownNamespaceException: com.topcoder.util.log is unknown
	at com.topcoder.util.config.DefaultConfigManager.getPropertyObject(DefaultConfigManager.java:429)
	at com.topcoder.util.config.DefaultConfigManager.getString(DefaultConfigManager.java:449)
	at com.topcoder.util.log.LogFactory.getAttribute(LogFactory.java:224)
	at com.topcoder.util.log.basic.BasicLog.log(BasicLog.java:74)
	at com.topcoder.management.deliverable.PersistenceDeliverableManager.<init>(PersistenceDeliverableManager.java:157)
	at com.topcoder.management.deliverable.PersistenceDeliverableManager.<init>(PersistenceDeliverableManager.java:183)
	at com.topcoder.management.deliverable.PersistenceDeliverableManagerTests.setUp(PersistenceDeliverableManagerTests.java:97)
	at junit.framework.TestCase.runBare(TestCase.java:132)
	at junit.framework.TestResult$1.protect(TestResult.java:110)
	at junit.framework.TestResult.runProtected(TestResult.java:128)
	at junit.framework.TestResult.run(TestResult.java:113)
	at junit.framework.TestCase.run(TestCase.java:124)
	at junit.framework.TestSuite.runTest(TestSuite.java:232)
	at junit.framework.TestSuite.run(TestSuite.java:227)
	at junit.framework.TestSuite.runTest(TestSuite.java:232)
	at junit.framework.TestSuite.run(TestSuite.java:227)
	at junit.framework.TestSuite.runTest(TestSuite.java:232)
	at junit.framework.TestSuite.run(TestSuite.java:227)
	at org.apache.tools.ant.taskdefs.optional.junit.JUnitTestRunner.run(JUnitTestRunner.java:420)
	at org.apache.tools.ant.taskdefs.optional.junit.JUnitTestRunner.launch(JUnitTestRunner.java:911)
	at org.apache.tools.ant.taskdefs.optional.junit.JUnitTestRunner.main(JUnitTestRunner.java:768)
Instantiate PersistenceDeliverableManager with DeliverablePersistence, deliverableCheckers map,deliverableSearchBundle and submissionSearchBundle.
com.topcoder.util.config.UnknownNamespaceException: com.topcoder.util.log is unknown
	at com.topcoder.util.config.DefaultConfigManager.getPropertyObject(DefaultConfigManager.java:429)
	at com.topcoder.util.config.DefaultConfigManager.getString(DefaultConfigManager.java:449)
	at com.topcoder.util.log.LogFactory.getAttribute(LogFactory.java:224)
	at com.topcoder.util.log.basic.BasicLog.log(BasicLog.java:74)
	at com.topcoder.management.deliverable.PersistenceDeliverableManager.<init>(PersistenceDeliverableManager.java:157)
	at com.topcoder.management.deliverable.PersistenceDeliverableManager.<init>(PersistenceDeliverableManager.java:183)
	at com.topcoder.management.deliverable.PersistenceDeliverableManagerTests.setUp(PersistenceDeliverableManagerTests.java:97)
	at junit.framework.TestCase.runBare(TestCase.java:132)
	at junit.framework.TestResult$1.protect(TestResult.java:110)
	at junit.framework.TestResult.runProtected(TestResult.java:128)
	at junit.framework.TestResult.run(TestResult.java:113)
	at junit.framework.TestCase.run(TestCase.java:124)
	at junit.framework.TestSuite.runTest(TestSuite.java:232)
	at junit.framework.TestSuite.run(TestSuite.java:227)
	at junit.framework.TestSuite.runTest(TestSuite.java:232)
	at junit.framework.TestSuite.run(TestSuite.java:227)
	at junit.framework.TestSuite.runTest(TestSuite.java:232)
	at junit.framework.TestSuite.run(TestSuite.java:227)
	at org.apache.tools.ant.taskdefs.optional.junit.JUnitTestRunner.run(JUnitTestRunner.java:420)
	at org.apache.tools.ant.taskdefs.optional.junit.JUnitTestRunner.launch(JUnitTestRunner.java:911)
	at org.apache.tools.ant.taskdefs.optional.junit.JUnitTestRunner.main(JUnitTestRunner.java:768)
Instantiate PersistenceDeliverableManager with DeliverablePersistence, deliverableCheckers map,deliverableSearchBundle and submissionSearchBundle.
com.topcoder.util.config.UnknownNamespaceException: com.topcoder.util.log is unknown
	at com.topcoder.util.config.DefaultConfigManager.getPropertyObject(DefaultConfigManager.java:429)
	at com.topcoder.util.config.DefaultConfigManager.getString(DefaultConfigManager.java:449)
	at com.topcoder.util.log.LogFactory.getAttribute(LogFactory.java:224)
	at com.topcoder.util.log.basic.BasicLog.log(BasicLog.java:74)
	at com.topcoder.management.deliverable.PersistenceDeliverableManager.<init>(PersistenceDeliverableManager.java:157)
	at com.topcoder.management.deliverable.PersistenceDeliverableManager.<init>(PersistenceDeliverableManager.java:183)
	at com.topcoder.management.deliverable.PersistenceDeliverableManagerTests.setUp(PersistenceDeliverableManagerTests.java:97)
	at junit.framework.TestCase.runBare(TestCase.java:132)
	at junit.framework.TestResult$1.protect(TestResult.java:110)
	at junit.framework.TestResult.runProtected(TestResult.java:128)
	at junit.framework.TestResult.run(TestResult.java:113)
	at junit.framework.TestCase.run(TestCase.java:124)
	at junit.framework.TestSuite.runTest(TestSuite.java:232)
	at junit.framework.TestSuite.run(TestSuite.java:227)
	at junit.framework.TestSuite.runTest(TestSuite.java:232)
	at junit.framework.TestSuite.run(TestSuite.java:227)
	at junit.framework.TestSuite.runTest(TestSuite.java:232)
	at junit.framework.TestSuite.run(TestSuite.java:227)
	at org.apache.tools.ant.taskdefs.optional.junit.JUnitTestRunner.run(JUnitTestRunner.java:420)
	at org.apache.tools.ant.taskdefs.optional.junit.JUnitTestRunner.launch(JUnitTestRunner.java:911)
	at org.apache.tools.ant.taskdefs.optional.junit.JUnitTestRunner.main(JUnitTestRunner.java:768)
Instantiate PersistenceDeliverableManager with DeliverablePersistence, deliverableCheckers map,deliverableSearchBundle and submissionSearchBundle.
com.topcoder.util.config.UnknownNamespaceException: com.topcoder.util.log is unknown
	at com.topcoder.util.config.DefaultConfigManager.getPropertyObject(DefaultConfigManager.java:429)
	at com.topcoder.util.config.DefaultConfigManager.getString(DefaultConfigManager.java:449)
	at com.topcoder.util.log.LogFactory.getAttribute(LogFactory.java:224)
	at com.topcoder.util.log.basic.BasicLog.log(BasicLog.java:74)
	at com.topcoder.management.deliverable.PersistenceDeliverableManager.<init>(PersistenceDeliverableManager.java:157)
	at com.topcoder.management.deliverable.PersistenceDeliverableManager.<init>(PersistenceDeliverableManager.java:183)
	at com.topcoder.management.deliverable.PersistenceDeliverableManagerTests.setUp(PersistenceDeliverableManagerTests.java:97)
	at junit.framework.TestCase.runBare(TestCase.java:132)
	at junit.framework.TestResult$1.protect(TestResult.java:110)
	at junit.framework.TestResult.runProtected(TestResult.java:128)
	at junit.framework.TestResult.run(TestResult.java:113)
	at junit.framework.TestCase.run(TestCase.java:124)
	at junit.framework.TestSuite.runTest(TestSuite.java:232)
	at junit.framework.TestSuite.run(TestSuite.java:227)
	at junit.framework.TestSuite.runTest(TestSuite.java:232)
	at junit.framework.TestSuite.run(TestSuite.java:227)
	at junit.framework.TestSuite.runTest(TestSuite.java:232)
	at junit.framework.TestSuite.run(TestSuite.java:227)
	at org.apache.tools.ant.taskdefs.optional.junit.JUnitTestRunner.run(JUnitTestRunner.java:420)
	at org.apache.tools.ant.taskdefs.optional.junit.JUnitTestRunner.launch(JUnitTestRunner.java:911)
	at org.apache.tools.ant.taskdefs.optional.junit.JUnitTestRunner.main(JUnitTestRunner.java:768)
Instantiate PersistenceDeliverableManager with DeliverablePersistence, deliverableCheckers map,deliverableSearchBundle and submissionSearchBundle.
com.topcoder.util.config.UnknownNamespaceException: com.topcoder.util.log is unknown
	at com.topcoder.util.config.DefaultConfigManager.getPropertyObject(DefaultConfigManager.java:429)
	at com.topcoder.util.config.DefaultConfigManager.getString(DefaultConfigManager.java:449)
	at com.topcoder.util.log.LogFactory.getAttribute(LogFactory.java:224)
	at com.topcoder.util.log.basic.BasicLog.log(BasicLog.java:74)
	at com.topcoder.management.deliverable.PersistenceDeliverableManager.<init>(PersistenceDeliverableManager.java:157)
	at com.topcoder.management.deliverable.PersistenceDeliverableManager.<init>(PersistenceDeliverableManager.java:183)
	at com.topcoder.management.deliverable.PersistenceDeliverableManagerTests.setUp(PersistenceDeliverableManagerTests.java:97)
	at junit.framework.TestCase.runBare(TestCase.java:132)
	at junit.framework.TestResult$1.protect(TestResult.java:110)
	at junit.framework.TestResult.runProtected(TestResult.java:128)
	at junit.framework.TestResult.run(TestResult.java:113)
	at junit.framework.TestCase.run(TestCase.java:124)
	at junit.framework.TestSuite.runTest(TestSuite.java:232)
	at junit.framework.TestSuite.run(TestSuite.java:227)
	at junit.framework.TestSuite.runTest(TestSuite.java:232)
	at junit.framework.TestSuite.run(TestSuite.java:227)
	at junit.framework.TestSuite.runTest(TestSuite.java:232)
	at junit.framework.TestSuite.run(TestSuite.java:227)
	at org.apache.tools.ant.taskdefs.optional.junit.JUnitTestRunner.run(JUnitTestRunner.java:420)
	at org.apache.tools.ant.taskdefs.optional.junit.JUnitTestRunner.launch(JUnitTestRunner.java:911)
	at org.apache.tools.ant.taskdefs.optional.junit.JUnitTestRunner.main(JUnitTestRunner.java:768)
Instantiate PersistenceDeliverableManager with DeliverablePersistence, deliverableCheckers map,deliverableSearchBundle and submissionSearchBundle.
com.topcoder.util.config.UnknownNamespaceException: com.topcoder.util.log is unknown
	at com.topcoder.util.config.DefaultConfigManager.getPropertyObject(DefaultConfigManager.java:429)
	at com.topcoder.util.config.DefaultConfigManager.getString(DefaultConfigManager.java:449)
	at com.topcoder.util.log.LogFactory.getAttribute(LogFactory.java:224)
	at com.topcoder.util.log.basic.BasicLog.log(BasicLog.java:74)
	at com.topcoder.management.deliverable.PersistenceDeliverableManager.<init>(PersistenceDeliverableManager.java:157)
	at com.topcoder.management.deliverable.PersistenceDeliverableManager.<init>(PersistenceDeliverableManager.java:183)
	at com.topcoder.management.deliverable.PersistenceDeliverableManagerTests.setUp(PersistenceDeliverableManagerTests.java:97)
	at junit.framework.TestCase.runBare(TestCase.java:132)
	at junit.framework.TestResult$1.protect(TestResult.java:110)
	at junit.framework.TestResult.runProtected(TestResult.java:128)
	at junit.framework.TestResult.run(TestResult.java:113)
	at junit.framework.TestCase.run(TestCase.java:124)
	at junit.framework.TestSuite.runTest(TestSuite.java:232)
	at junit.framework.TestSuite.run(TestSuite.java:227)
	at junit.framework.TestSuite.runTest(TestSuite.java:232)
	at junit.framework.TestSuite.run(TestSuite.java:227)
	at junit.framework.TestSuite.runTest(TestSuite.java:232)
	at junit.framework.TestSuite.run(TestSuite.java:227)
	at org.apache.tools.ant.taskdefs.optional.junit.JUnitTestRunner.run(JUnitTestRunner.java:420)
	at org.apache.tools.ant.taskdefs.optional.junit.JUnitTestRunner.launch(JUnitTestRunner.java:911)
	at org.apache.tools.ant.taskdefs.optional.junit.JUnitTestRunner.main(JUnitTestRunner.java:768)
Instantiate PersistenceDeliverableManager with DeliverablePersistence, deliverableCheckers map,deliverableSearchBundle and submissionSearchBundle.
com.topcoder.util.config.UnknownNamespaceException: com.topcoder.util.log is unknown
	at com.topcoder.util.config.DefaultConfigManager.getPropertyObject(DefaultConfigManager.java:429)
	at com.topcoder.util.config.DefaultConfigManager.getString(DefaultConfigManager.java:449)
	at com.topcoder.util.log.LogFactory.getAttribute(LogFactory.java:224)
	at com.topcoder.util.log.basic.BasicLog.log(BasicLog.java:74)
	at com.topcoder.management.deliverable.PersistenceDeliverableManager.<init>(PersistenceDeliverableManager.java:157)
	at com.topcoder.management.deliverable.PersistenceDeliverableManager.<init>(PersistenceDeliverableManager.java:183)
	at com.topcoder.management.deliverable.PersistenceDeliverableManagerTests.setUp(PersistenceDeliverableManagerTests.java:97)
	at junit.framework.TestCase.runBare(TestCase.java:132)
	at junit.framework.TestResult$1.protect(TestResult.java:110)
	at junit.framework.TestResult.runProtected(TestResult.java:128)
	at junit.framework.TestResult.run(TestResult.java:113)
	at junit.framework.TestCase.run(TestCase.java:124)
	at junit.framework.TestSuite.runTest(TestSuite.java:232)
	at junit.framework.TestSuite.run(TestSuite.java:227)
	at junit.framework.TestSuite.runTest(TestSuite.java:232)
	at junit.framework.TestSuite.run(TestSuite.java:227)
	at junit.framework.TestSuite.runTest(TestSuite.java:232)
	at junit.framework.TestSuite.run(TestSuite.java:227)
	at org.apache.tools.ant.taskdefs.optional.junit.JUnitTestRunner.run(JUnitTestRunner.java:420)
	at org.apache.tools.ant.taskdefs.optional.junit.JUnitTestRunner.launch(JUnitTestRunner.java:911)
	at org.apache.tools.ant.taskdefs.optional.junit.JUnitTestRunner.main(JUnitTestRunner.java:768)
Instantiate PersistenceDeliverableManager with DeliverablePersistence, deliverableCheckers map,deliverableSearchBundle and submissionSearchBundle.
com.topcoder.util.config.UnknownNamespaceException: com.topcoder.util.log is unknown
	at com.topcoder.util.config.DefaultConfigManager.getPropertyObject(DefaultConfigManager.java:429)
	at com.topcoder.util.config.DefaultConfigManager.getString(DefaultConfigManager.java:449)
	at com.topcoder.util.log.LogFactory.getAttribute(LogFactory.java:224)
	at com.topcoder.util.log.basic.BasicLog.log(BasicLog.java:74)
	at com.topcoder.management.deliverable.PersistenceDeliverableManager.<init>(PersistenceDeliverableManager.java:157)
	at com.topcoder.management.deliverable.PersistenceDeliverableManager.<init>(PersistenceDeliverableManager.java:183)
	at com.topcoder.management.deliverable.PersistenceDeliverableManagerTests.setUp(PersistenceDeliverableManagerTests.java:97)
	at junit.framework.TestCase.runBare(TestCase.java:132)
	at junit.framework.TestResult$1.protect(TestResult.java:110)
	at junit.framework.TestResult.runProtected(TestResult.java:128)
	at junit.framework.TestResult.run(TestResult.java:113)
	at junit.framework.TestCase.run(TestCase.java:124)
	at junit.framework.TestSuite.runTest(TestSuite.java:232)
	at junit.framework.TestSuite.run(TestSuite.java:227)
	at junit.framework.TestSuite.runTest(TestSuite.java:232)
	at junit.framework.TestSuite.run(TestSuite.java:227)
	at junit.framework.TestSuite.runTest(TestSuite.java:232)
	at junit.framework.TestSuite.run(TestSuite.java:227)
	at org.apache.tools.ant.taskdefs.optional.junit.JUnitTestRunner.run(JUnitTestRunner.java:420)
	at org.apache.tools.ant.taskdefs.optional.junit.JUnitTestRunner.launch(JUnitTestRunner.java:911)
	at org.apache.tools.ant.taskdefs.optional.junit.JUnitTestRunner.main(JUnitTestRunner.java:768)
Instantiate PersistenceDeliverableManager with DeliverablePersistence, deliverableCheckers map,deliverableSearchBundle and submissionSearchBundle.
com.topcoder.util.config.UnknownNamespaceException: com.topcoder.util.log is unknown
	at com.topcoder.util.config.DefaultConfigManager.getPropertyObject(DefaultConfigManager.java:429)
	at com.topcoder.util.config.DefaultConfigManager.getString(DefaultConfigManager.java:449)
	at com.topcoder.util.log.LogFactory.getAttribute(LogFactory.java:224)
	at com.topcoder.util.log.basic.BasicLog.log(BasicLog.java:74)
	at com.topcoder.management.deliverable.PersistenceDeliverableManager.<init>(PersistenceDeliverableManager.java:157)
	at com.topcoder.management.deliverable.PersistenceDeliverableManager.<init>(PersistenceDeliverableManager.java:183)
	at com.topcoder.management.deliverable.PersistenceDeliverableManagerTests.setUp(PersistenceDeliverableManagerTests.java:97)
	at junit.framework.TestCase.runBare(TestCase.java:132)
	at junit.framework.TestResult$1.protect(TestResult.java:110)
	at junit.framework.TestResult.runProtected(TestResult.java:128)
	at junit.framework.TestResult.run(TestResult.java:113)
	at junit.framework.TestCase.run(TestCase.java:124)
	at junit.framework.TestSuite.runTest(TestSuite.java:232)
	at junit.framework.TestSuite.run(TestSuite.java:227)
	at junit.framework.TestSuite.runTest(TestSuite.java:232)
	at junit.framework.TestSuite.run(TestSuite.java:227)
	at junit.framework.TestSuite.runTest(TestSuite.java:232)
	at junit.framework.TestSuite.run(TestSuite.java:227)
	at org.apache.tools.ant.taskdefs.optional.junit.JUnitTestRunner.run(JUnitTestRunner.java:420)
	at org.apache.tools.ant.taskdefs.optional.junit.JUnitTestRunner.launch(JUnitTestRunner.java:911)
	at org.apache.tools.ant.taskdefs.optional.junit.JUnitTestRunner.main(JUnitTestRunner.java:768)
Instantiate PersistenceDeliverableManager with DeliverablePersistence, deliverableCheckers map,deliverableSearchBundle and submissionSearchBundle.
com.topcoder.util.config.UnknownNamespaceException: com.topcoder.util.log is unknown
	at com.topcoder.util.config.DefaultConfigManager.getPropertyObject(DefaultConfigManager.java:429)
	at com.topcoder.util.config.DefaultConfigManager.getString(DefaultConfigManager.java:449)
	at com.topcoder.util.log.LogFactory.getAttribute(LogFactory.java:224)
	at com.topcoder.util.log.basic.BasicLog.log(BasicLog.java:74)
	at com.topcoder.management.deliverable.PersistenceDeliverableManager.searchDeliverablesWithSubmissionFilter(PersistenceDeliverableManager.java:216)
	at com.topcoder.management.deliverable.PersistenceDeliverableManagerTests.testSearchDeliverablesWithSubmissionFilter_Null1(PersistenceDeliverableManagerTests.java:288)
	at sun.reflect.NativeMethodAccessorImpl.invoke0(Native Method)
	at sun.reflect.NativeMethodAccessorImpl.invoke(NativeMethodAccessorImpl.java:57)
	at sun.reflect.DelegatingMethodAccessorImpl.invoke(DelegatingMethodAccessorImpl.java:43)
	at java.lang.reflect.Method.invoke(Method.java:616)
	at junit.framework.TestCase.runTest(TestCase.java:168)
	at junit.framework.TestCase.runBare(TestCase.java:134)
	at junit.framework.TestResult$1.protect(TestResult.java:110)
	at junit.framework.TestResult.runProtected(TestResult.java:128)
	at junit.framework.TestResult.run(TestResult.java:113)
	at junit.framework.TestCase.run(TestCase.java:124)
	at junit.framework.TestSuite.runTest(TestSuite.java:232)
	at junit.framework.TestSuite.run(TestSuite.java:227)
	at junit.framework.TestSuite.runTest(TestSuite.java:232)
	at junit.framework.TestSuite.run(TestSuite.java:227)
	at junit.framework.TestSuite.runTest(TestSuite.java:232)
	at junit.framework.TestSuite.run(TestSuite.java:227)
	at org.apache.tools.ant.taskdefs.optional.junit.JUnitTestRunner.run(JUnitTestRunner.java:420)
	at org.apache.tools.ant.taskdefs.optional.junit.JUnitTestRunner.launch(JUnitTestRunner.java:911)
	at org.apache.tools.ant.taskdefs.optional.junit.JUnitTestRunner.main(JUnitTestRunner.java:768)
search deliverables with submission filter.
com.topcoder.util.config.UnknownNamespaceException: com.topcoder.util.log is unknown
	at com.topcoder.util.config.DefaultConfigManager.getPropertyObject(DefaultConfigManager.java:429)
	at com.topcoder.util.config.DefaultConfigManager.getString(DefaultConfigManager.java:449)
	at com.topcoder.util.log.LogFactory.getAttribute(LogFactory.java:224)
	at com.topcoder.util.log.basic.BasicLog.log(BasicLog.java:74)
	at com.topcoder.management.deliverable.PersistenceDeliverableManager.<init>(PersistenceDeliverableManager.java:157)
	at com.topcoder.management.deliverable.PersistenceDeliverableManager.<init>(PersistenceDeliverableManager.java:183)
	at com.topcoder.management.deliverable.PersistenceDeliverableManagerTests.setUp(PersistenceDeliverableManagerTests.java:97)
	at junit.framework.TestCase.runBare(TestCase.java:132)
	at junit.framework.TestResult$1.protect(TestResult.java:110)
	at junit.framework.TestResult.runProtected(TestResult.java:128)
	at junit.framework.TestResult.run(TestResult.java:113)
	at junit.framework.TestCase.run(TestCase.java:124)
	at junit.framework.TestSuite.runTest(TestSuite.java:232)
	at junit.framework.TestSuite.run(TestSuite.java:227)
	at junit.framework.TestSuite.runTest(TestSuite.java:232)
	at junit.framework.TestSuite.run(TestSuite.java:227)
	at junit.framework.TestSuite.runTest(TestSuite.java:232)
	at junit.framework.TestSuite.run(TestSuite.java:227)
	at org.apache.tools.ant.taskdefs.optional.junit.JUnitTestRunner.run(JUnitTestRunner.java:420)
	at org.apache.tools.ant.taskdefs.optional.junit.JUnitTestRunner.launch(JUnitTestRunner.java:911)
	at org.apache.tools.ant.taskdefs.optional.junit.JUnitTestRunner.main(JUnitTestRunner.java:768)
Instantiate PersistenceDeliverableManager with DeliverablePersistence, deliverableCheckers map,deliverableSearchBundle and submissionSearchBundle.
com.topcoder.util.config.UnknownNamespaceException: com.topcoder.util.log is unknown
	at com.topcoder.util.config.DefaultConfigManager.getPropertyObject(DefaultConfigManager.java:429)
	at com.topcoder.util.config.DefaultConfigManager.getString(DefaultConfigManager.java:449)
	at com.topcoder.util.log.LogFactory.getAttribute(LogFactory.java:224)
	at com.topcoder.util.log.basic.BasicLog.log(BasicLog.java:74)
	at com.topcoder.management.deliverable.PersistenceDeliverableManager.searchDeliverablesWithSubmissionFilter(PersistenceDeliverableManager.java:216)
	at com.topcoder.management.deliverable.PersistenceDeliverableManagerTests.testSearchDeliverablesWithSubmissionFilter_Accuracy(PersistenceDeliverableManagerTests.java:306)
	at sun.reflect.NativeMethodAccessorImpl.invoke0(Native Method)
	at sun.reflect.NativeMethodAccessorImpl.invoke(NativeMethodAccessorImpl.java:57)
	at sun.reflect.DelegatingMethodAccessorImpl.invoke(DelegatingMethodAccessorImpl.java:43)
	at java.lang.reflect.Method.invoke(Method.java:616)
	at junit.framework.TestCase.runTest(TestCase.java:168)
	at junit.framework.TestCase.runBare(TestCase.java:134)
	at junit.framework.TestResult$1.protect(TestResult.java:110)
	at junit.framework.TestResult.runProtected(TestResult.java:128)
	at junit.framework.TestResult.run(TestResult.java:113)
	at junit.framework.TestCase.run(TestCase.java:124)
	at junit.framework.TestSuite.runTest(TestSuite.java:232)
	at junit.framework.TestSuite.run(TestSuite.java:227)
	at junit.framework.TestSuite.runTest(TestSuite.java:232)
	at junit.framework.TestSuite.run(TestSuite.java:227)
	at junit.framework.TestSuite.runTest(TestSuite.java:232)
	at junit.framework.TestSuite.run(TestSuite.java:227)
	at org.apache.tools.ant.taskdefs.optional.junit.JUnitTestRunner.run(JUnitTestRunner.java:420)
	at org.apache.tools.ant.taskdefs.optional.junit.JUnitTestRunner.launch(JUnitTestRunner.java:911)
	at org.apache.tools.ant.taskdefs.optional.junit.JUnitTestRunner.main(JUnitTestRunner.java:768)
search deliverables with submission filter.
com.topcoder.util.config.UnknownNamespaceException: com.topcoder.util.log is unknown
	at com.topcoder.util.config.DefaultConfigManager.getPropertyObject(DefaultConfigManager.java:429)
	at com.topcoder.util.config.DefaultConfigManager.getString(DefaultConfigManager.java:449)
	at com.topcoder.util.log.LogFactory.getAttribute(LogFactory.java:224)
	at com.topcoder.util.log.basic.BasicLog.log(BasicLog.java:74)
	at com.topcoder.management.deliverable.PersistenceDeliverableManager.<init>(PersistenceDeliverableManager.java:157)
	at com.topcoder.management.deliverable.PersistenceDeliverableManager.<init>(PersistenceDeliverableManager.java:183)
	at com.topcoder.management.deliverable.PersistenceDeliverableManagerTests.setUp(PersistenceDeliverableManagerTests.java:97)
	at junit.framework.TestCase.runBare(TestCase.java:132)
	at junit.framework.TestResult$1.protect(TestResult.java:110)
	at junit.framework.TestResult.runProtected(TestResult.java:128)
	at junit.framework.TestResult.run(TestResult.java:113)
	at junit.framework.TestCase.run(TestCase.java:124)
	at junit.framework.TestSuite.runTest(TestSuite.java:232)
	at junit.framework.TestSuite.run(TestSuite.java:227)
	at junit.framework.TestSuite.runTest(TestSuite.java:232)
	at junit.framework.TestSuite.run(TestSuite.java:227)
	at junit.framework.TestSuite.runTest(TestSuite.java:232)
	at junit.framework.TestSuite.run(TestSuite.java:227)
	at org.apache.tools.ant.taskdefs.optional.junit.JUnitTestRunner.run(JUnitTestRunner.java:420)
	at org.apache.tools.ant.taskdefs.optional.junit.JUnitTestRunner.launch(JUnitTestRunner.java:911)
	at org.apache.tools.ant.taskdefs.optional.junit.JUnitTestRunner.main(JUnitTestRunner.java:768)
Instantiate PersistenceDeliverableManager with DeliverablePersistence, deliverableCheckers map,deliverableSearchBundle and submissionSearchBundle.
com.topcoder.util.config.UnknownNamespaceException: com.topcoder.util.log is unknown
	at com.topcoder.util.config.DefaultConfigManager.getPropertyObject(DefaultConfigManager.java:429)
	at com.topcoder.util.config.DefaultConfigManager.getString(DefaultConfigManager.java:449)
	at com.topcoder.util.log.LogFactory.getAttribute(LogFactory.java:224)
	at com.topcoder.util.log.basic.BasicLog.log(BasicLog.java:74)
	at com.topcoder.management.deliverable.PersistenceDeliverableManager.searchDeliverables(PersistenceDeliverableManager.java:245)
	at com.topcoder.management.deliverable.PersistenceDeliverableManagerTests.testSearchDeliverablesFilter_Null1(PersistenceDeliverableManagerTests.java:325)
	at sun.reflect.NativeMethodAccessorImpl.invoke0(Native Method)
	at sun.reflect.NativeMethodAccessorImpl.invoke(NativeMethodAccessorImpl.java:57)
	at sun.reflect.DelegatingMethodAccessorImpl.invoke(DelegatingMethodAccessorImpl.java:43)
	at java.lang.reflect.Method.invoke(Method.java:616)
	at junit.framework.TestCase.runTest(TestCase.java:168)
	at junit.framework.TestCase.runBare(TestCase.java:134)
	at junit.framework.TestResult$1.protect(TestResult.java:110)
	at junit.framework.TestResult.runProtected(TestResult.java:128)
	at junit.framework.TestResult.run(TestResult.java:113)
	at junit.framework.TestCase.run(TestCase.java:124)
	at junit.framework.TestSuite.runTest(TestSuite.java:232)
	at junit.framework.TestSuite.run(TestSuite.java:227)
	at junit.framework.TestSuite.runTest(TestSuite.java:232)
	at junit.framework.TestSuite.run(TestSuite.java:227)
	at junit.framework.TestSuite.runTest(TestSuite.java:232)
	at junit.framework.TestSuite.run(TestSuite.java:227)
	at org.apache.tools.ant.taskdefs.optional.junit.JUnitTestRunner.run(JUnitTestRunner.java:420)
	at org.apache.tools.ant.taskdefs.optional.junit.JUnitTestRunner.launch(JUnitTestRunner.java:911)
	at org.apache.tools.ant.taskdefs.optional.junit.JUnitTestRunner.main(JUnitTestRunner.java:768)
Search deliverables filter.
com.topcoder.util.config.UnknownNamespaceException: com.topcoder.util.log is unknown
	at com.topcoder.util.config.DefaultConfigManager.getPropertyObject(DefaultConfigManager.java:429)
	at com.topcoder.util.config.DefaultConfigManager.getString(DefaultConfigManager.java:449)
	at com.topcoder.util.log.LogFactory.getAttribute(LogFactory.java:224)
	at com.topcoder.util.log.basic.BasicLog.log(BasicLog.java:74)
	at com.topcoder.management.deliverable.PersistenceDeliverableManager.<init>(PersistenceDeliverableManager.java:157)
	at com.topcoder.management.deliverable.PersistenceDeliverableManager.<init>(PersistenceDeliverableManager.java:183)
	at com.topcoder.management.deliverable.PersistenceDeliverableManagerTests.setUp(PersistenceDeliverableManagerTests.java:97)
	at junit.framework.TestCase.runBare(TestCase.java:132)
	at junit.framework.TestResult$1.protect(TestResult.java:110)
	at junit.framework.TestResult.runProtected(TestResult.java:128)
	at junit.framework.TestResult.run(TestResult.java:113)
	at junit.framework.TestCase.run(TestCase.java:124)
	at junit.framework.TestSuite.runTest(TestSuite.java:232)
	at junit.framework.TestSuite.run(TestSuite.java:227)
	at junit.framework.TestSuite.runTest(TestSuite.java:232)
	at junit.framework.TestSuite.run(TestSuite.java:227)
	at junit.framework.TestSuite.runTest(TestSuite.java:232)
	at junit.framework.TestSuite.run(TestSuite.java:227)
	at org.apache.tools.ant.taskdefs.optional.junit.JUnitTestRunner.run(JUnitTestRunner.java:420)
	at org.apache.tools.ant.taskdefs.optional.junit.JUnitTestRunner.launch(JUnitTestRunner.java:911)
	at org.apache.tools.ant.taskdefs.optional.junit.JUnitTestRunner.main(JUnitTestRunner.java:768)
Instantiate PersistenceDeliverableManager with DeliverablePersistence, deliverableCheckers map,deliverableSearchBundle and submissionSearchBundle.
com.topcoder.util.config.UnknownNamespaceException: com.topcoder.util.log is unknown
	at com.topcoder.util.config.DefaultConfigManager.getPropertyObject(DefaultConfigManager.java:429)
	at com.topcoder.util.config.DefaultConfigManager.getString(DefaultConfigManager.java:449)
	at com.topcoder.util.log.LogFactory.getAttribute(LogFactory.java:224)
	at com.topcoder.util.log.basic.BasicLog.log(BasicLog.java:74)
	at com.topcoder.management.deliverable.PersistenceDeliverableManager.<init>(PersistenceDeliverableManager.java:157)
	at com.topcoder.management.deliverable.PersistenceDeliverableManager.<init>(PersistenceDeliverableManager.java:183)
	at com.topcoder.management.deliverable.PersistenceDeliverableManagerTests.testSearchDeliverablesByDeliverableId(PersistenceDeliverableManagerTests.java:344)
	at sun.reflect.NativeMethodAccessorImpl.invoke0(Native Method)
	at sun.reflect.NativeMethodAccessorImpl.invoke(NativeMethodAccessorImpl.java:57)
	at sun.reflect.DelegatingMethodAccessorImpl.invoke(DelegatingMethodAccessorImpl.java:43)
	at java.lang.reflect.Method.invoke(Method.java:616)
	at junit.framework.TestCase.runTest(TestCase.java:168)
	at junit.framework.TestCase.runBare(TestCase.java:134)
	at junit.framework.TestResult$1.protect(TestResult.java:110)
	at junit.framework.TestResult.runProtected(TestResult.java:128)
	at junit.framework.TestResult.run(TestResult.java:113)
	at junit.framework.TestCase.run(TestCase.java:124)
	at junit.framework.TestSuite.runTest(TestSuite.java:232)
	at junit.framework.TestSuite.run(TestSuite.java:227)
	at junit.framework.TestSuite.runTest(TestSuite.java:232)
	at junit.framework.TestSuite.run(TestSuite.java:227)
	at junit.framework.TestSuite.runTest(TestSuite.java:232)
	at junit.framework.TestSuite.run(TestSuite.java:227)
	at org.apache.tools.ant.taskdefs.optional.junit.JUnitTestRunner.run(JUnitTestRunner.java:420)
	at org.apache.tools.ant.taskdefs.optional.junit.JUnitTestRunner.launch(JUnitTestRunner.java:911)
	at org.apache.tools.ant.taskdefs.optional.junit.JUnitTestRunner.main(JUnitTestRunner.java:768)
Instantiate PersistenceDeliverableManager with DeliverablePersistence, deliverableCheckers map,deliverableSearchBundle and submissionSearchBundle.
com.topcoder.util.config.UnknownNamespaceException: com.topcoder.util.log is unknown
	at com.topcoder.util.config.DefaultConfigManager.getPropertyObject(DefaultConfigManager.java:429)
	at com.topcoder.util.config.DefaultConfigManager.getString(DefaultConfigManager.java:449)
	at com.topcoder.util.log.LogFactory.getAttribute(LogFactory.java:224)
	at com.topcoder.util.log.basic.BasicLog.log(BasicLog.java:74)
	at com.topcoder.management.deliverable.PersistenceDeliverableManager.searchDeliverables(PersistenceDeliverableManager.java:245)
	at com.topcoder.management.deliverable.PersistenceDeliverableManagerTests.testSearchDeliverablesByDeliverableId(PersistenceDeliverableManagerTests.java:351)
	at sun.reflect.NativeMethodAccessorImpl.invoke0(Native Method)
	at sun.reflect.NativeMethodAccessorImpl.invoke(NativeMethodAccessorImpl.java:57)
	at sun.reflect.DelegatingMethodAccessorImpl.invoke(DelegatingMethodAccessorImpl.java:43)
	at java.lang.reflect.Method.invoke(Method.java:616)
	at junit.framework.TestCase.runTest(TestCase.java:168)
	at junit.framework.TestCase.runBare(TestCase.java:134)
	at junit.framework.TestResult$1.protect(TestResult.java:110)
	at junit.framework.TestResult.runProtected(TestResult.java:128)
	at junit.framework.TestResult.run(TestResult.java:113)
	at junit.framework.TestCase.run(TestCase.java:124)
	at junit.framework.TestSuite.runTest(TestSuite.java:232)
	at junit.framework.TestSuite.run(TestSuite.java:227)
	at junit.framework.TestSuite.runTest(TestSuite.java:232)
	at junit.framework.TestSuite.run(TestSuite.java:227)
	at junit.framework.TestSuite.runTest(TestSuite.java:232)
	at junit.framework.TestSuite.run(TestSuite.java:227)
	at org.apache.tools.ant.taskdefs.optional.junit.JUnitTestRunner.run(JUnitTestRunner.java:420)
	at org.apache.tools.ant.taskdefs.optional.junit.JUnitTestRunner.launch(JUnitTestRunner.java:911)
	at org.apache.tools.ant.taskdefs.optional.junit.JUnitTestRunner.main(JUnitTestRunner.java:768)
Search deliverables filter.
com.topcoder.util.config.UnknownNamespaceException: com.topcoder.util.log is unknown
	at com.topcoder.util.config.DefaultConfigManager.getPropertyObject(DefaultConfigManager.java:429)
	at com.topcoder.util.config.DefaultConfigManager.getString(DefaultConfigManager.java:449)
	at com.topcoder.util.log.LogFactory.getAttribute(LogFactory.java:224)
	at com.topcoder.util.log.basic.BasicLog.log(BasicLog.java:74)
	at com.topcoder.management.deliverable.DeliverableHelper.checkAndGetCustomResultSetValidDeliverable(DeliverableHelper.java:156)
	at com.topcoder.management.deliverable.PersistenceDeliverableManager.searchDeliverablesHelper(PersistenceDeliverableManager.java:284)
	at com.topcoder.management.deliverable.PersistenceDeliverableManager.searchDeliverables(PersistenceDeliverableManager.java:246)
	at com.topcoder.management.deliverable.PersistenceDeliverableManagerTests.testSearchDeliverablesByDeliverableId(PersistenceDeliverableManagerTests.java:351)
	at sun.reflect.NativeMethodAccessorImpl.invoke0(Native Method)
	at sun.reflect.NativeMethodAccessorImpl.invoke(NativeMethodAccessorImpl.java:57)
	at sun.reflect.DelegatingMethodAccessorImpl.invoke(DelegatingMethodAccessorImpl.java:43)
	at java.lang.reflect.Method.invoke(Method.java:616)
	at junit.framework.TestCase.runTest(TestCase.java:168)
	at junit.framework.TestCase.runBare(TestCase.java:134)
	at junit.framework.TestResult$1.protect(TestResult.java:110)
	at junit.framework.TestResult.runProtected(TestResult.java:128)
	at junit.framework.TestResult.run(TestResult.java:113)
	at junit.framework.TestCase.run(TestCase.java:124)
	at junit.framework.TestSuite.runTest(TestSuite.java:232)
	at junit.framework.TestSuite.run(TestSuite.java:227)
	at junit.framework.TestSuite.runTest(TestSuite.java:232)
	at junit.framework.TestSuite.run(TestSuite.java:227)
	at junit.framework.TestSuite.runTest(TestSuite.java:232)
	at junit.framework.TestSuite.run(TestSuite.java:227)
	at org.apache.tools.ant.taskdefs.optional.junit.JUnitTestRunner.run(JUnitTestRunner.java:420)
	at org.apache.tools.ant.taskdefs.optional.junit.JUnitTestRunner.launch(JUnitTestRunner.java:911)
	at org.apache.tools.ant.taskdefs.optional.junit.JUnitTestRunner.main(JUnitTestRunner.java:768)
CustomResultSet Records: 2
com.topcoder.util.config.UnknownNamespaceException: com.topcoder.util.log is unknown
	at com.topcoder.util.config.DefaultConfigManager.getPropertyObject(DefaultConfigManager.java:429)
	at com.topcoder.util.config.DefaultConfigManager.getString(DefaultConfigManager.java:449)
	at com.topcoder.util.log.LogFactory.getAttribute(LogFactory.java:224)
	at com.topcoder.util.log.basic.BasicLog.log(BasicLog.java:74)
	at com.topcoder.management.deliverable.PersistenceDeliverableManager.searchDeliverablesHelper(PersistenceDeliverableManager.java:289)
	at com.topcoder.management.deliverable.PersistenceDeliverableManager.searchDeliverables(PersistenceDeliverableManager.java:246)
	at com.topcoder.management.deliverable.PersistenceDeliverableManagerTests.testSearchDeliverablesByDeliverableId(PersistenceDeliverableManagerTests.java:351)
	at sun.reflect.NativeMethodAccessorImpl.invoke0(Native Method)
	at sun.reflect.NativeMethodAccessorImpl.invoke(NativeMethodAccessorImpl.java:57)
	at sun.reflect.DelegatingMethodAccessorImpl.invoke(DelegatingMethodAccessorImpl.java:43)
	at java.lang.reflect.Method.invoke(Method.java:616)
	at junit.framework.TestCase.runTest(TestCase.java:168)
	at junit.framework.TestCase.runBare(TestCase.java:134)
	at junit.framework.TestResult$1.protect(TestResult.java:110)
	at junit.framework.TestResult.runProtected(TestResult.java:128)
	at junit.framework.TestResult.run(TestResult.java:113)
	at junit.framework.TestCase.run(TestCase.java:124)
	at junit.framework.TestSuite.runTest(TestSuite.java:232)
	at junit.framework.TestSuite.run(TestSuite.java:227)
	at junit.framework.TestSuite.runTest(TestSuite.java:232)
	at junit.framework.TestSuite.run(TestSuite.java:227)
	at junit.framework.TestSuite.runTest(TestSuite.java:232)
	at junit.framework.TestSuite.run(TestSuite.java:227)
	at org.apache.tools.ant.taskdefs.optional.junit.JUnitTestRunner.run(JUnitTestRunner.java:420)
	at org.apache.tools.ant.taskdefs.optional.junit.JUnitTestRunner.launch(JUnitTestRunner.java:911)
	at org.apache.tools.ant.taskdefs.optional.junit.JUnitTestRunner.main(JUnitTestRunner.java:768)
Deliverable Id Array: 3, 2
com.topcoder.util.config.UnknownNamespaceException: com.topcoder.util.log is unknown
	at com.topcoder.util.config.DefaultConfigManager.getPropertyObject(DefaultConfigManager.java:429)
	at com.topcoder.util.config.DefaultConfigManager.getString(DefaultConfigManager.java:449)
	at com.topcoder.util.log.LogFactory.getAttribute(LogFactory.java:224)
	at com.topcoder.util.log.basic.BasicLog.log(BasicLog.java:74)
	at com.topcoder.management.deliverable.PersistenceDeliverableManager.searchDeliverablesHelper(PersistenceDeliverableManager.java:302)
	at com.topcoder.management.deliverable.PersistenceDeliverableManager.searchDeliverables(PersistenceDeliverableManager.java:246)
	at com.topcoder.management.deliverable.PersistenceDeliverableManagerTests.testSearchDeliverablesByDeliverableId(PersistenceDeliverableManagerTests.java:351)
	at sun.reflect.NativeMethodAccessorImpl.invoke0(Native Method)
	at sun.reflect.NativeMethodAccessorImpl.invoke(NativeMethodAccessorImpl.java:57)
	at sun.reflect.DelegatingMethodAccessorImpl.invoke(DelegatingMethodAccessorImpl.java:43)
	at java.lang.reflect.Method.invoke(Method.java:616)
	at junit.framework.TestCase.runTest(TestCase.java:168)
	at junit.framework.TestCase.runBare(TestCase.java:134)
	at junit.framework.TestResult$1.protect(TestResult.java:110)
	at junit.framework.TestResult.runProtected(TestResult.java:128)
	at junit.framework.TestResult.run(TestResult.java:113)
	at junit.framework.TestCase.run(TestCase.java:124)
	at junit.framework.TestSuite.runTest(TestSuite.java:232)
	at junit.framework.TestSuite.run(TestSuite.java:227)
	at junit.framework.TestSuite.runTest(TestSuite.java:232)
	at junit.framework.TestSuite.run(TestSuite.java:227)
	at junit.framework.TestSuite.runTest(TestSuite.java:232)
	at junit.framework.TestSuite.run(TestSuite.java:227)
	at org.apache.tools.ant.taskdefs.optional.junit.JUnitTestRunner.run(JUnitTestRunner.java:420)
	at org.apache.tools.ant.taskdefs.optional.junit.JUnitTestRunner.launch(JUnitTestRunner.java:911)
	at org.apache.tools.ant.taskdefs.optional.junit.JUnitTestRunner.main(JUnitTestRunner.java:768)
Loading Deliverable Array
com.topcoder.util.config.UnknownNamespaceException: com.topcoder.util.log is unknown
	at com.topcoder.util.config.DefaultConfigManager.getPropertyObject(DefaultConfigManager.java:429)
	at com.topcoder.util.config.DefaultConfigManager.getString(DefaultConfigManager.java:449)
	at com.topcoder.util.log.LogFactory.getAttribute(LogFactory.java:224)
	at com.topcoder.util.log.basic.BasicLog.log(BasicLog.java:74)
	at com.topcoder.management.deliverable.PersistenceDeliverableManager.searchDeliverablesHelper(PersistenceDeliverableManager.java:325)
	at com.topcoder.management.deliverable.PersistenceDeliverableManager.searchDeliverables(PersistenceDeliverableManager.java:246)
	at com.topcoder.management.deliverable.PersistenceDeliverableManagerTests.testSearchDeliverablesByDeliverableId(PersistenceDeliverableManagerTests.java:351)
	at sun.reflect.NativeMethodAccessorImpl.invoke0(Native Method)
	at sun.reflect.NativeMethodAccessorImpl.invoke(NativeMethodAccessorImpl.java:57)
	at sun.reflect.DelegatingMethodAccessorImpl.invoke(DelegatingMethodAccessorImpl.java:43)
	at java.lang.reflect.Method.invoke(Method.java:616)
	at junit.framework.TestCase.runTest(TestCase.java:168)
	at junit.framework.TestCase.runBare(TestCase.java:134)
	at junit.framework.TestResult$1.protect(TestResult.java:110)
	at junit.framework.TestResult.runProtected(TestResult.java:128)
	at junit.framework.TestResult.run(TestResult.java:113)
	at junit.framework.TestCase.run(TestCase.java:124)
	at junit.framework.TestSuite.runTest(TestSuite.java:232)
	at junit.framework.TestSuite.run(TestSuite.java:227)
	at junit.framework.TestSuite.runTest(TestSuite.java:232)
	at junit.framework.TestSuite.run(TestSuite.java:227)
	at junit.framework.TestSuite.runTest(TestSuite.java:232)
	at junit.framework.TestSuite.run(TestSuite.java:227)
	at org.apache.tools.ant.taskdefs.optional.junit.JUnitTestRunner.run(JUnitTestRunner.java:420)
	at org.apache.tools.ant.taskdefs.optional.junit.JUnitTestRunner.launch(JUnitTestRunner.java:911)
	at org.apache.tools.ant.taskdefs.optional.junit.JUnitTestRunner.main(JUnitTestRunner.java:768)
Adding Deliverable To List
com.topcoder.util.config.UnknownNamespaceException: com.topcoder.util.log is unknown
	at com.topcoder.util.config.DefaultConfigManager.getPropertyObject(DefaultConfigManager.java:429)
	at com.topcoder.util.config.DefaultConfigManager.getString(DefaultConfigManager.java:449)
	at com.topcoder.util.log.LogFactory.getAttribute(LogFactory.java:224)
	at com.topcoder.util.log.basic.BasicLog.log(BasicLog.java:74)
	at com.topcoder.management.deliverable.PersistenceDeliverableManager.searchDeliverablesHelper(PersistenceDeliverableManager.java:302)
	at com.topcoder.management.deliverable.PersistenceDeliverableManager.searchDeliverables(PersistenceDeliverableManager.java:246)
	at com.topcoder.management.deliverable.PersistenceDeliverableManagerTests.testSearchDeliverablesByDeliverableId(PersistenceDeliverableManagerTests.java:351)
	at sun.reflect.NativeMethodAccessorImpl.invoke0(Native Method)
	at sun.reflect.NativeMethodAccessorImpl.invoke(NativeMethodAccessorImpl.java:57)
	at sun.reflect.DelegatingMethodAccessorImpl.invoke(DelegatingMethodAccessorImpl.java:43)
	at java.lang.reflect.Method.invoke(Method.java:616)
	at junit.framework.TestCase.runTest(TestCase.java:168)
	at junit.framework.TestCase.runBare(TestCase.java:134)
	at junit.framework.TestResult$1.protect(TestResult.java:110)
	at junit.framework.TestResult.runProtected(TestResult.java:128)
	at junit.framework.TestResult.run(TestResult.java:113)
	at junit.framework.TestCase.run(TestCase.java:124)
	at junit.framework.TestSuite.runTest(TestSuite.java:232)
	at junit.framework.TestSuite.run(TestSuite.java:227)
	at junit.framework.TestSuite.runTest(TestSuite.java:232)
	at junit.framework.TestSuite.run(TestSuite.java:227)
	at junit.framework.TestSuite.runTest(TestSuite.java:232)
	at junit.framework.TestSuite.run(TestSuite.java:227)
	at org.apache.tools.ant.taskdefs.optional.junit.JUnitTestRunner.run(JUnitTestRunner.java:420)
	at org.apache.tools.ant.taskdefs.optional.junit.JUnitTestRunner.launch(JUnitTestRunner.java:911)
	at org.apache.tools.ant.taskdefs.optional.junit.JUnitTestRunner.main(JUnitTestRunner.java:768)
Loading Deliverable Array
com.topcoder.util.config.UnknownNamespaceException: com.topcoder.util.log is unknown
	at com.topcoder.util.config.DefaultConfigManager.getPropertyObject(DefaultConfigManager.java:429)
	at com.topcoder.util.config.DefaultConfigManager.getString(DefaultConfigManager.java:449)
	at com.topcoder.util.log.LogFactory.getAttribute(LogFactory.java:224)
	at com.topcoder.util.log.basic.BasicLog.log(BasicLog.java:74)
	at com.topcoder.management.deliverable.PersistenceDeliverableManager.searchDeliverablesHelper(PersistenceDeliverableManager.java:325)
	at com.topcoder.management.deliverable.PersistenceDeliverableManager.searchDeliverables(PersistenceDeliverableManager.java:246)
	at com.topcoder.management.deliverable.PersistenceDeliverableManagerTests.testSearchDeliverablesByDeliverableId(PersistenceDeliverableManagerTests.java:351)
	at sun.reflect.NativeMethodAccessorImpl.invoke0(Native Method)
	at sun.reflect.NativeMethodAccessorImpl.invoke(NativeMethodAccessorImpl.java:57)
	at sun.reflect.DelegatingMethodAccessorImpl.invoke(DelegatingMethodAccessorImpl.java:43)
	at java.lang.reflect.Method.invoke(Method.java:616)
	at junit.framework.TestCase.runTest(TestCase.java:168)
	at junit.framework.TestCase.runBare(TestCase.java:134)
	at junit.framework.TestResult$1.protect(TestResult.java:110)
	at junit.framework.TestResult.runProtected(TestResult.java:128)
	at junit.framework.TestResult.run(TestResult.java:113)
	at junit.framework.TestCase.run(TestCase.java:124)
	at junit.framework.TestSuite.runTest(TestSuite.java:232)
	at junit.framework.TestSuite.run(TestSuite.java:227)
	at junit.framework.TestSuite.runTest(TestSuite.java:232)
	at junit.framework.TestSuite.run(TestSuite.java:227)
	at junit.framework.TestSuite.runTest(TestSuite.java:232)
	at junit.framework.TestSuite.run(TestSuite.java:227)
	at org.apache.tools.ant.taskdefs.optional.junit.JUnitTestRunner.run(JUnitTestRunner.java:420)
	at org.apache.tools.ant.taskdefs.optional.junit.JUnitTestRunner.launch(JUnitTestRunner.java:911)
	at org.apache.tools.ant.taskdefs.optional.junit.JUnitTestRunner.main(JUnitTestRunner.java:768)
Adding Deliverable To List
com.topcoder.util.config.UnknownNamespaceException: com.topcoder.util.log is unknown
	at com.topcoder.util.config.DefaultConfigManager.getPropertyObject(DefaultConfigManager.java:429)
	at com.topcoder.util.config.DefaultConfigManager.getString(DefaultConfigManager.java:449)
	at com.topcoder.util.log.LogFactory.getAttribute(LogFactory.java:224)
	at com.topcoder.util.log.basic.BasicLog.log(BasicLog.java:74)
	at com.topcoder.management.deliverable.PersistenceDeliverableManager.searchDeliverables(PersistenceDeliverableManager.java:245)
	at com.topcoder.management.deliverable.PersistenceDeliverableManagerTests.testSearchDeliverablesByDeliverableId(PersistenceDeliverableManagerTests.java:360)
	at sun.reflect.NativeMethodAccessorImpl.invoke0(Native Method)
	at sun.reflect.NativeMethodAccessorImpl.invoke(NativeMethodAccessorImpl.java:57)
	at sun.reflect.DelegatingMethodAccessorImpl.invoke(DelegatingMethodAccessorImpl.java:43)
	at java.lang.reflect.Method.invoke(Method.java:616)
	at junit.framework.TestCase.runTest(TestCase.java:168)
	at junit.framework.TestCase.runBare(TestCase.java:134)
	at junit.framework.TestResult$1.protect(TestResult.java:110)
	at junit.framework.TestResult.runProtected(TestResult.java:128)
	at junit.framework.TestResult.run(TestResult.java:113)
	at junit.framework.TestCase.run(TestCase.java:124)
	at junit.framework.TestSuite.runTest(TestSuite.java:232)
	at junit.framework.TestSuite.run(TestSuite.java:227)
	at junit.framework.TestSuite.runTest(TestSuite.java:232)
	at junit.framework.TestSuite.run(TestSuite.java:227)
	at junit.framework.TestSuite.runTest(TestSuite.java:232)
	at junit.framework.TestSuite.run(TestSuite.java:227)
	at org.apache.tools.ant.taskdefs.optional.junit.JUnitTestRunner.run(JUnitTestRunner.java:420)
	at org.apache.tools.ant.taskdefs.optional.junit.JUnitTestRunner.launch(JUnitTestRunner.java:911)
	at org.apache.tools.ant.taskdefs.optional.junit.JUnitTestRunner.main(JUnitTestRunner.java:768)
Search deliverables filter.
com.topcoder.util.config.UnknownNamespaceException: com.topcoder.util.log is unknown
	at com.topcoder.util.config.DefaultConfigManager.getPropertyObject(DefaultConfigManager.java:429)
	at com.topcoder.util.config.DefaultConfigManager.getString(DefaultConfigManager.java:449)
	at com.topcoder.util.log.LogFactory.getAttribute(LogFactory.java:224)
	at com.topcoder.util.log.basic.BasicLog.log(BasicLog.java:74)
	at com.topcoder.management.deliverable.DeliverableHelper.checkAndGetCustomResultSetValidDeliverable(DeliverableHelper.java:156)
	at com.topcoder.management.deliverable.PersistenceDeliverableManager.searchDeliverablesHelper(PersistenceDeliverableManager.java:284)
	at com.topcoder.management.deliverable.PersistenceDeliverableManager.searchDeliverables(PersistenceDeliverableManager.java:246)
	at com.topcoder.management.deliverable.PersistenceDeliverableManagerTests.testSearchDeliverablesByDeliverableId(PersistenceDeliverableManagerTests.java:360)
	at sun.reflect.NativeMethodAccessorImpl.invoke0(Native Method)
	at sun.reflect.NativeMethodAccessorImpl.invoke(NativeMethodAccessorImpl.java:57)
	at sun.reflect.DelegatingMethodAccessorImpl.invoke(DelegatingMethodAccessorImpl.java:43)
	at java.lang.reflect.Method.invoke(Method.java:616)
	at junit.framework.TestCase.runTest(TestCase.java:168)
	at junit.framework.TestCase.runBare(TestCase.java:134)
	at junit.framework.TestResult$1.protect(TestResult.java:110)
	at junit.framework.TestResult.runProtected(TestResult.java:128)
	at junit.framework.TestResult.run(TestResult.java:113)
	at junit.framework.TestCase.run(TestCase.java:124)
	at junit.framework.TestSuite.runTest(TestSuite.java:232)
	at junit.framework.TestSuite.run(TestSuite.java:227)
	at junit.framework.TestSuite.runTest(TestSuite.java:232)
	at junit.framework.TestSuite.run(TestSuite.java:227)
	at junit.framework.TestSuite.runTest(TestSuite.java:232)
	at junit.framework.TestSuite.run(TestSuite.java:227)
	at org.apache.tools.ant.taskdefs.optional.junit.JUnitTestRunner.run(JUnitTestRunner.java:420)
	at org.apache.tools.ant.taskdefs.optional.junit.JUnitTestRunner.launch(JUnitTestRunner.java:911)
	at org.apache.tools.ant.taskdefs.optional.junit.JUnitTestRunner.main(JUnitTestRunner.java:768)
CustomResultSet Records: 1
com.topcoder.util.config.UnknownNamespaceException: com.topcoder.util.log is unknown
	at com.topcoder.util.config.DefaultConfigManager.getPropertyObject(DefaultConfigManager.java:429)
	at com.topcoder.util.config.DefaultConfigManager.getString(DefaultConfigManager.java:449)
	at com.topcoder.util.log.LogFactory.getAttribute(LogFactory.java:224)
	at com.topcoder.util.log.basic.BasicLog.log(BasicLog.java:74)
	at com.topcoder.management.deliverable.PersistenceDeliverableManager.searchDeliverablesHelper(PersistenceDeliverableManager.java:289)
	at com.topcoder.management.deliverable.PersistenceDeliverableManager.searchDeliverables(PersistenceDeliverableManager.java:246)
	at com.topcoder.management.deliverable.PersistenceDeliverableManagerTests.testSearchDeliverablesByDeliverableId(PersistenceDeliverableManagerTests.java:360)
	at sun.reflect.NativeMethodAccessorImpl.invoke0(Native Method)
	at sun.reflect.NativeMethodAccessorImpl.invoke(NativeMethodAccessorImpl.java:57)
	at sun.reflect.DelegatingMethodAccessorImpl.invoke(DelegatingMethodAccessorImpl.java:43)
	at java.lang.reflect.Method.invoke(Method.java:616)
	at junit.framework.TestCase.runTest(TestCase.java:168)
	at junit.framework.TestCase.runBare(TestCase.java:134)
	at junit.framework.TestResult$1.protect(TestResult.java:110)
	at junit.framework.TestResult.runProtected(TestResult.java:128)
	at junit.framework.TestResult.run(TestResult.java:113)
	at junit.framework.TestCase.run(TestCase.java:124)
	at junit.framework.TestSuite.runTest(TestSuite.java:232)
	at junit.framework.TestSuite.run(TestSuite.java:227)
	at junit.framework.TestSuite.runTest(TestSuite.java:232)
	at junit.framework.TestSuite.run(TestSuite.java:227)
	at junit.framework.TestSuite.runTest(TestSuite.java:232)
	at junit.framework.TestSuite.run(TestSuite.java:227)
	at org.apache.tools.ant.taskdefs.optional.junit.JUnitTestRunner.run(JUnitTestRunner.java:420)
	at org.apache.tools.ant.taskdefs.optional.junit.JUnitTestRunner.launch(JUnitTestRunner.java:911)
	at org.apache.tools.ant.taskdefs.optional.junit.JUnitTestRunner.main(JUnitTestRunner.java:768)
Deliverable Id Array: 3, 1
com.topcoder.util.config.UnknownNamespaceException: com.topcoder.util.log is unknown
	at com.topcoder.util.config.DefaultConfigManager.getPropertyObject(DefaultConfigManager.java:429)
	at com.topcoder.util.config.DefaultConfigManager.getString(DefaultConfigManager.java:449)
	at com.topcoder.util.log.LogFactory.getAttribute(LogFactory.java:224)
	at com.topcoder.util.log.basic.BasicLog.log(BasicLog.java:74)
	at com.topcoder.management.deliverable.PersistenceDeliverableManager.searchDeliverablesHelper(PersistenceDeliverableManager.java:302)
	at com.topcoder.management.deliverable.PersistenceDeliverableManager.searchDeliverables(PersistenceDeliverableManager.java:246)
	at com.topcoder.management.deliverable.PersistenceDeliverableManagerTests.testSearchDeliverablesByDeliverableId(PersistenceDeliverableManagerTests.java:360)
	at sun.reflect.NativeMethodAccessorImpl.invoke0(Native Method)
	at sun.reflect.NativeMethodAccessorImpl.invoke(NativeMethodAccessorImpl.java:57)
	at sun.reflect.DelegatingMethodAccessorImpl.invoke(DelegatingMethodAccessorImpl.java:43)
	at java.lang.reflect.Method.invoke(Method.java:616)
	at junit.framework.TestCase.runTest(TestCase.java:168)
	at junit.framework.TestCase.runBare(TestCase.java:134)
	at junit.framework.TestResult$1.protect(TestResult.java:110)
	at junit.framework.TestResult.runProtected(TestResult.java:128)
	at junit.framework.TestResult.run(TestResult.java:113)
	at junit.framework.TestCase.run(TestCase.java:124)
	at junit.framework.TestSuite.runTest(TestSuite.java:232)
	at junit.framework.TestSuite.run(TestSuite.java:227)
	at junit.framework.TestSuite.runTest(TestSuite.java:232)
	at junit.framework.TestSuite.run(TestSuite.java:227)
	at junit.framework.TestSuite.runTest(TestSuite.java:232)
	at junit.framework.TestSuite.run(TestSuite.java:227)
	at org.apache.tools.ant.taskdefs.optional.junit.JUnitTestRunner.run(JUnitTestRunner.java:420)
	at org.apache.tools.ant.taskdefs.optional.junit.JUnitTestRunner.launch(JUnitTestRunner.java:911)
	at org.apache.tools.ant.taskdefs.optional.junit.JUnitTestRunner.main(JUnitTestRunner.java:768)
Loading Deliverable Array
com.topcoder.util.config.UnknownNamespaceException: com.topcoder.util.log is unknown
	at com.topcoder.util.config.DefaultConfigManager.getPropertyObject(DefaultConfigManager.java:429)
	at com.topcoder.util.config.DefaultConfigManager.getString(DefaultConfigManager.java:449)
	at com.topcoder.util.log.LogFactory.getAttribute(LogFactory.java:224)
	at com.topcoder.util.log.basic.BasicLog.log(BasicLog.java:74)
	at com.topcoder.management.deliverable.PersistenceDeliverableManager.searchDeliverablesHelper(PersistenceDeliverableManager.java:325)
	at com.topcoder.management.deliverable.PersistenceDeliverableManager.searchDeliverables(PersistenceDeliverableManager.java:246)
	at com.topcoder.management.deliverable.PersistenceDeliverableManagerTests.testSearchDeliverablesByDeliverableId(PersistenceDeliverableManagerTests.java:360)
	at sun.reflect.NativeMethodAccessorImpl.invoke0(Native Method)
	at sun.reflect.NativeMethodAccessorImpl.invoke(NativeMethodAccessorImpl.java:57)
	at sun.reflect.DelegatingMethodAccessorImpl.invoke(DelegatingMethodAccessorImpl.java:43)
	at java.lang.reflect.Method.invoke(Method.java:616)
	at junit.framework.TestCase.runTest(TestCase.java:168)
	at junit.framework.TestCase.runBare(TestCase.java:134)
	at junit.framework.TestResult$1.protect(TestResult.java:110)
	at junit.framework.TestResult.runProtected(TestResult.java:128)
	at junit.framework.TestResult.run(TestResult.java:113)
	at junit.framework.TestCase.run(TestCase.java:124)
	at junit.framework.TestSuite.runTest(TestSuite.java:232)
	at junit.framework.TestSuite.run(TestSuite.java:227)
	at junit.framework.TestSuite.runTest(TestSuite.java:232)
	at junit.framework.TestSuite.run(TestSuite.java:227)
	at junit.framework.TestSuite.runTest(TestSuite.java:232)
	at junit.framework.TestSuite.run(TestSuite.java:227)
	at org.apache.tools.ant.taskdefs.optional.junit.JUnitTestRunner.run(JUnitTestRunner.java:420)
	at org.apache.tools.ant.taskdefs.optional.junit.JUnitTestRunner.launch(JUnitTestRunner.java:911)
	at org.apache.tools.ant.taskdefs.optional.junit.JUnitTestRunner.main(JUnitTestRunner.java:768)
Adding Deliverable To List
com.topcoder.util.config.UnknownNamespaceException: com.topcoder.util.log is unknown
	at com.topcoder.util.config.DefaultConfigManager.getPropertyObject(DefaultConfigManager.java:429)
	at com.topcoder.util.config.DefaultConfigManager.getString(DefaultConfigManager.java:449)
	at com.topcoder.util.log.LogFactory.getAttribute(LogFactory.java:224)
	at com.topcoder.util.log.basic.BasicLog.log(BasicLog.java:74)
	at com.topcoder.management.deliverable.PersistenceDeliverableManager.<init>(PersistenceDeliverableManager.java:157)
	at com.topcoder.management.deliverable.PersistenceDeliverableManager.<init>(PersistenceDeliverableManager.java:183)
	at com.topcoder.management.deliverable.PersistenceDeliverableManagerTests.setUp(PersistenceDeliverableManagerTests.java:97)
	at junit.framework.TestCase.runBare(TestCase.java:132)
	at junit.framework.TestResult$1.protect(TestResult.java:110)
	at junit.framework.TestResult.runProtected(TestResult.java:128)
	at junit.framework.TestResult.run(TestResult.java:113)
	at junit.framework.TestCase.run(TestCase.java:124)
	at junit.framework.TestSuite.runTest(TestSuite.java:232)
	at junit.framework.TestSuite.run(TestSuite.java:227)
	at junit.framework.TestSuite.runTest(TestSuite.java:232)
	at junit.framework.TestSuite.run(TestSuite.java:227)
	at junit.framework.TestSuite.runTest(TestSuite.java:232)
	at junit.framework.TestSuite.run(TestSuite.java:227)
	at org.apache.tools.ant.taskdefs.optional.junit.JUnitTestRunner.run(JUnitTestRunner.java:420)
	at org.apache.tools.ant.taskdefs.optional.junit.JUnitTestRunner.launch(JUnitTestRunner.java:911)
	at org.apache.tools.ant.taskdefs.optional.junit.JUnitTestRunner.main(JUnitTestRunner.java:768)
Instantiate PersistenceDeliverableManager with DeliverablePersistence, deliverableCheckers map,deliverableSearchBundle and submissionSearchBundle.
com.topcoder.util.config.UnknownNamespaceException: com.topcoder.util.log is unknown
	at com.topcoder.util.config.DefaultConfigManager.getPropertyObject(DefaultConfigManager.java:429)
	at com.topcoder.util.config.DefaultConfigManager.getString(DefaultConfigManager.java:449)
	at com.topcoder.util.log.LogFactory.getAttribute(LogFactory.java:224)
	at com.topcoder.util.log.basic.BasicLog.log(BasicLog.java:74)
	at com.topcoder.management.deliverable.PersistenceDeliverableManager.searchDeliverables(PersistenceDeliverableManager.java:245)
	at com.topcoder.management.deliverable.PersistenceDeliverableManagerTests.testSearchDeliverablesByName(PersistenceDeliverableManagerTests.java:379)
	at sun.reflect.NativeMethodAccessorImpl.invoke0(Native Method)
	at sun.reflect.NativeMethodAccessorImpl.invoke(NativeMethodAccessorImpl.java:57)
	at sun.reflect.DelegatingMethodAccessorImpl.invoke(DelegatingMethodAccessorImpl.java:43)
	at java.lang.reflect.Method.invoke(Method.java:616)
	at junit.framework.TestCase.runTest(TestCase.java:168)
	at junit.framework.TestCase.runBare(TestCase.java:134)
	at junit.framework.TestResult$1.protect(TestResult.java:110)
	at junit.framework.TestResult.runProtected(TestResult.java:128)
	at junit.framework.TestResult.run(TestResult.java:113)
	at junit.framework.TestCase.run(TestCase.java:124)
	at junit.framework.TestSuite.runTest(TestSuite.java:232)
	at junit.framework.TestSuite.run(TestSuite.java:227)
	at junit.framework.TestSuite.runTest(TestSuite.java:232)
	at junit.framework.TestSuite.run(TestSuite.java:227)
	at junit.framework.TestSuite.runTest(TestSuite.java:232)
	at junit.framework.TestSuite.run(TestSuite.java:227)
	at org.apache.tools.ant.taskdefs.optional.junit.JUnitTestRunner.run(JUnitTestRunner.java:420)
	at org.apache.tools.ant.taskdefs.optional.junit.JUnitTestRunner.launch(JUnitTestRunner.java:911)
	at org.apache.tools.ant.taskdefs.optional.junit.JUnitTestRunner.main(JUnitTestRunner.java:768)
Search deliverables filter.
com.topcoder.util.config.UnknownNamespaceException: com.topcoder.util.log is unknown
	at com.topcoder.util.config.DefaultConfigManager.getPropertyObject(DefaultConfigManager.java:429)
	at com.topcoder.util.config.DefaultConfigManager.getString(DefaultConfigManager.java:449)
	at com.topcoder.util.log.LogFactory.getAttribute(LogFactory.java:224)
	at com.topcoder.util.log.basic.BasicLog.log(BasicLog.java:74)
	at com.topcoder.management.deliverable.DeliverableHelper.checkAndGetCustomResultSetValidDeliverable(DeliverableHelper.java:156)
	at com.topcoder.management.deliverable.PersistenceDeliverableManager.searchDeliverablesHelper(PersistenceDeliverableManager.java:284)
	at com.topcoder.management.deliverable.PersistenceDeliverableManager.searchDeliverables(PersistenceDeliverableManager.java:246)
	at com.topcoder.management.deliverable.PersistenceDeliverableManagerTests.testSearchDeliverablesByName(PersistenceDeliverableManagerTests.java:379)
	at sun.reflect.NativeMethodAccessorImpl.invoke0(Native Method)
	at sun.reflect.NativeMethodAccessorImpl.invoke(NativeMethodAccessorImpl.java:57)
	at sun.reflect.DelegatingMethodAccessorImpl.invoke(DelegatingMethodAccessorImpl.java:43)
	at java.lang.reflect.Method.invoke(Method.java:616)
	at junit.framework.TestCase.runTest(TestCase.java:168)
	at junit.framework.TestCase.runBare(TestCase.java:134)
	at junit.framework.TestResult$1.protect(TestResult.java:110)
	at junit.framework.TestResult.runProtected(TestResult.java:128)
	at junit.framework.TestResult.run(TestResult.java:113)
	at junit.framework.TestCase.run(TestCase.java:124)
	at junit.framework.TestSuite.runTest(TestSuite.java:232)
	at junit.framework.TestSuite.run(TestSuite.java:227)
	at junit.framework.TestSuite.runTest(TestSuite.java:232)
	at junit.framework.TestSuite.run(TestSuite.java:227)
	at junit.framework.TestSuite.runTest(TestSuite.java:232)
	at junit.framework.TestSuite.run(TestSuite.java:227)
	at org.apache.tools.ant.taskdefs.optional.junit.JUnitTestRunner.run(JUnitTestRunner.java:420)
	at org.apache.tools.ant.taskdefs.optional.junit.JUnitTestRunner.launch(JUnitTestRunner.java:911)
	at org.apache.tools.ant.taskdefs.optional.junit.JUnitTestRunner.main(JUnitTestRunner.java:768)
CustomResultSet Records: 2
com.topcoder.util.config.UnknownNamespaceException: com.topcoder.util.log is unknown
	at com.topcoder.util.config.DefaultConfigManager.getPropertyObject(DefaultConfigManager.java:429)
	at com.topcoder.util.config.DefaultConfigManager.getString(DefaultConfigManager.java:449)
	at com.topcoder.util.log.LogFactory.getAttribute(LogFactory.java:224)
	at com.topcoder.util.log.basic.BasicLog.log(BasicLog.java:74)
	at com.topcoder.management.deliverable.PersistenceDeliverableManager.searchDeliverablesHelper(PersistenceDeliverableManager.java:289)
	at com.topcoder.management.deliverable.PersistenceDeliverableManager.searchDeliverables(PersistenceDeliverableManager.java:246)
	at com.topcoder.management.deliverable.PersistenceDeliverableManagerTests.testSearchDeliverablesByName(PersistenceDeliverableManagerTests.java:379)
	at sun.reflect.NativeMethodAccessorImpl.invoke0(Native Method)
	at sun.reflect.NativeMethodAccessorImpl.invoke(NativeMethodAccessorImpl.java:57)
	at sun.reflect.DelegatingMethodAccessorImpl.invoke(DelegatingMethodAccessorImpl.java:43)
	at java.lang.reflect.Method.invoke(Method.java:616)
	at junit.framework.TestCase.runTest(TestCase.java:168)
	at junit.framework.TestCase.runBare(TestCase.java:134)
	at junit.framework.TestResult$1.protect(TestResult.java:110)
	at junit.framework.TestResult.runProtected(TestResult.java:128)
	at junit.framework.TestResult.run(TestResult.java:113)
	at junit.framework.TestCase.run(TestCase.java:124)
	at junit.framework.TestSuite.runTest(TestSuite.java:232)
	at junit.framework.TestSuite.run(TestSuite.java:227)
	at junit.framework.TestSuite.runTest(TestSuite.java:232)
	at junit.framework.TestSuite.run(TestSuite.java:227)
	at junit.framework.TestSuite.runTest(TestSuite.java:232)
	at junit.framework.TestSuite.run(TestSuite.java:227)
	at org.apache.tools.ant.taskdefs.optional.junit.JUnitTestRunner.run(JUnitTestRunner.java:420)
	at org.apache.tools.ant.taskdefs.optional.junit.JUnitTestRunner.launch(JUnitTestRunner.java:911)
	at org.apache.tools.ant.taskdefs.optional.junit.JUnitTestRunner.main(JUnitTestRunner.java:768)
Deliverable Id Array: 3, 2
com.topcoder.util.config.UnknownNamespaceException: com.topcoder.util.log is unknown
	at com.topcoder.util.config.DefaultConfigManager.getPropertyObject(DefaultConfigManager.java:429)
	at com.topcoder.util.config.DefaultConfigManager.getString(DefaultConfigManager.java:449)
	at com.topcoder.util.log.LogFactory.getAttribute(LogFactory.java:224)
	at com.topcoder.util.log.basic.BasicLog.log(BasicLog.java:74)
	at com.topcoder.management.deliverable.PersistenceDeliverableManager.searchDeliverablesHelper(PersistenceDeliverableManager.java:302)
	at com.topcoder.management.deliverable.PersistenceDeliverableManager.searchDeliverables(PersistenceDeliverableManager.java:246)
	at com.topcoder.management.deliverable.PersistenceDeliverableManagerTests.testSearchDeliverablesByName(PersistenceDeliverableManagerTests.java:379)
	at sun.reflect.NativeMethodAccessorImpl.invoke0(Native Method)
	at sun.reflect.NativeMethodAccessorImpl.invoke(NativeMethodAccessorImpl.java:57)
	at sun.reflect.DelegatingMethodAccessorImpl.invoke(DelegatingMethodAccessorImpl.java:43)
	at java.lang.reflect.Method.invoke(Method.java:616)
	at junit.framework.TestCase.runTest(TestCase.java:168)
	at junit.framework.TestCase.runBare(TestCase.java:134)
	at junit.framework.TestResult$1.protect(TestResult.java:110)
	at junit.framework.TestResult.runProtected(TestResult.java:128)
	at junit.framework.TestResult.run(TestResult.java:113)
	at junit.framework.TestCase.run(TestCase.java:124)
	at junit.framework.TestSuite.runTest(TestSuite.java:232)
	at junit.framework.TestSuite.run(TestSuite.java:227)
	at junit.framework.TestSuite.runTest(TestSuite.java:232)
	at junit.framework.TestSuite.run(TestSuite.java:227)
	at junit.framework.TestSuite.runTest(TestSuite.java:232)
	at junit.framework.TestSuite.run(TestSuite.java:227)
	at org.apache.tools.ant.taskdefs.optional.junit.JUnitTestRunner.run(JUnitTestRunner.java:420)
	at org.apache.tools.ant.taskdefs.optional.junit.JUnitTestRunner.launch(JUnitTestRunner.java:911)
	at org.apache.tools.ant.taskdefs.optional.junit.JUnitTestRunner.main(JUnitTestRunner.java:768)
Loading Deliverable Array
com.topcoder.util.config.UnknownNamespaceException: com.topcoder.util.log is unknown
	at com.topcoder.util.config.DefaultConfigManager.getPropertyObject(DefaultConfigManager.java:429)
	at com.topcoder.util.config.DefaultConfigManager.getString(DefaultConfigManager.java:449)
	at com.topcoder.util.log.LogFactory.getAttribute(LogFactory.java:224)
	at com.topcoder.util.log.basic.BasicLog.log(BasicLog.java:74)
	at com.topcoder.management.deliverable.PersistenceDeliverableManager.searchDeliverablesHelper(PersistenceDeliverableManager.java:325)
	at com.topcoder.management.deliverable.PersistenceDeliverableManager.searchDeliverables(PersistenceDeliverableManager.java:246)
	at com.topcoder.management.deliverable.PersistenceDeliverableManagerTests.testSearchDeliverablesByName(PersistenceDeliverableManagerTests.java:379)
	at sun.reflect.NativeMethodAccessorImpl.invoke0(Native Method)
	at sun.reflect.NativeMethodAccessorImpl.invoke(NativeMethodAccessorImpl.java:57)
	at sun.reflect.DelegatingMethodAccessorImpl.invoke(DelegatingMethodAccessorImpl.java:43)
	at java.lang.reflect.Method.invoke(Method.java:616)
	at junit.framework.TestCase.runTest(TestCase.java:168)
	at junit.framework.TestCase.runBare(TestCase.java:134)
	at junit.framework.TestResult$1.protect(TestResult.java:110)
	at junit.framework.TestResult.runProtected(TestResult.java:128)
	at junit.framework.TestResult.run(TestResult.java:113)
	at junit.framework.TestCase.run(TestCase.java:124)
	at junit.framework.TestSuite.runTest(TestSuite.java:232)
	at junit.framework.TestSuite.run(TestSuite.java:227)
	at junit.framework.TestSuite.runTest(TestSuite.java:232)
	at junit.framework.TestSuite.run(TestSuite.java:227)
	at junit.framework.TestSuite.runTest(TestSuite.java:232)
	at junit.framework.TestSuite.run(TestSuite.java:227)
	at org.apache.tools.ant.taskdefs.optional.junit.JUnitTestRunner.run(JUnitTestRunner.java:420)
	at org.apache.tools.ant.taskdefs.optional.junit.JUnitTestRunner.launch(JUnitTestRunner.java:911)
	at org.apache.tools.ant.taskdefs.optional.junit.JUnitTestRunner.main(JUnitTestRunner.java:768)
Adding Deliverable To List
com.topcoder.util.config.UnknownNamespaceException: com.topcoder.util.log is unknown
	at com.topcoder.util.config.DefaultConfigManager.getPropertyObject(DefaultConfigManager.java:429)
	at com.topcoder.util.config.DefaultConfigManager.getString(DefaultConfigManager.java:449)
	at com.topcoder.util.log.LogFactory.getAttribute(LogFactory.java:224)
	at com.topcoder.util.log.basic.BasicLog.log(BasicLog.java:74)
	at com.topcoder.management.deliverable.PersistenceDeliverableManager.searchDeliverablesHelper(PersistenceDeliverableManager.java:302)
	at com.topcoder.management.deliverable.PersistenceDeliverableManager.searchDeliverables(PersistenceDeliverableManager.java:246)
	at com.topcoder.management.deliverable.PersistenceDeliverableManagerTests.testSearchDeliverablesByName(PersistenceDeliverableManagerTests.java:379)
	at sun.reflect.NativeMethodAccessorImpl.invoke0(Native Method)
	at sun.reflect.NativeMethodAccessorImpl.invoke(NativeMethodAccessorImpl.java:57)
	at sun.reflect.DelegatingMethodAccessorImpl.invoke(DelegatingMethodAccessorImpl.java:43)
	at java.lang.reflect.Method.invoke(Method.java:616)
	at junit.framework.TestCase.runTest(TestCase.java:168)
	at junit.framework.TestCase.runBare(TestCase.java:134)
	at junit.framework.TestResult$1.protect(TestResult.java:110)
	at junit.framework.TestResult.runProtected(TestResult.java:128)
	at junit.framework.TestResult.run(TestResult.java:113)
	at junit.framework.TestCase.run(TestCase.java:124)
	at junit.framework.TestSuite.runTest(TestSuite.java:232)
	at junit.framework.TestSuite.run(TestSuite.java:227)
	at junit.framework.TestSuite.runTest(TestSuite.java:232)
	at junit.framework.TestSuite.run(TestSuite.java:227)
	at junit.framework.TestSuite.runTest(TestSuite.java:232)
	at junit.framework.TestSuite.run(TestSuite.java:227)
	at org.apache.tools.ant.taskdefs.optional.junit.JUnitTestRunner.run(JUnitTestRunner.java:420)
	at org.apache.tools.ant.taskdefs.optional.junit.JUnitTestRunner.launch(JUnitTestRunner.java:911)
	at org.apache.tools.ant.taskdefs.optional.junit.JUnitTestRunner.main(JUnitTestRunner.java:768)
Loading Deliverable Array
com.topcoder.util.config.UnknownNamespaceException: com.topcoder.util.log is unknown
	at com.topcoder.util.config.DefaultConfigManager.getPropertyObject(DefaultConfigManager.java:429)
	at com.topcoder.util.config.DefaultConfigManager.getString(DefaultConfigManager.java:449)
	at com.topcoder.util.log.LogFactory.getAttribute(LogFactory.java:224)
	at com.topcoder.util.log.basic.BasicLog.log(BasicLog.java:74)
	at com.topcoder.management.deliverable.PersistenceDeliverableManager.searchDeliverablesHelper(PersistenceDeliverableManager.java:325)
	at com.topcoder.management.deliverable.PersistenceDeliverableManager.searchDeliverables(PersistenceDeliverableManager.java:246)
	at com.topcoder.management.deliverable.PersistenceDeliverableManagerTests.testSearchDeliverablesByName(PersistenceDeliverableManagerTests.java:379)
	at sun.reflect.NativeMethodAccessorImpl.invoke0(Native Method)
	at sun.reflect.NativeMethodAccessorImpl.invoke(NativeMethodAccessorImpl.java:57)
	at sun.reflect.DelegatingMethodAccessorImpl.invoke(DelegatingMethodAccessorImpl.java:43)
	at java.lang.reflect.Method.invoke(Method.java:616)
	at junit.framework.TestCase.runTest(TestCase.java:168)
	at junit.framework.TestCase.runBare(TestCase.java:134)
	at junit.framework.TestResult$1.protect(TestResult.java:110)
	at junit.framework.TestResult.runProtected(TestResult.java:128)
	at junit.framework.TestResult.run(TestResult.java:113)
	at junit.framework.TestCase.run(TestCase.java:124)
	at junit.framework.TestSuite.runTest(TestSuite.java:232)
	at junit.framework.TestSuite.run(TestSuite.java:227)
	at junit.framework.TestSuite.runTest(TestSuite.java:232)
	at junit.framework.TestSuite.run(TestSuite.java:227)
	at junit.framework.TestSuite.runTest(TestSuite.java:232)
	at junit.framework.TestSuite.run(TestSuite.java:227)
	at org.apache.tools.ant.taskdefs.optional.junit.JUnitTestRunner.run(JUnitTestRunner.java:420)
	at org.apache.tools.ant.taskdefs.optional.junit.JUnitTestRunner.launch(JUnitTestRunner.java:911)
	at org.apache.tools.ant.taskdefs.optional.junit.JUnitTestRunner.main(JUnitTestRunner.java:768)
Adding Deliverable To List
com.topcoder.util.config.UnknownNamespaceException: com.topcoder.util.log is unknown
	at com.topcoder.util.config.DefaultConfigManager.getPropertyObject(DefaultConfigManager.java:429)
	at com.topcoder.util.config.DefaultConfigManager.getString(DefaultConfigManager.java:449)
	at com.topcoder.util.log.LogFactory.getAttribute(LogFactory.java:224)
	at com.topcoder.util.log.basic.BasicLog.log(BasicLog.java:74)
	at com.topcoder.management.deliverable.PersistenceDeliverableManager.<init>(PersistenceDeliverableManager.java:157)
	at com.topcoder.management.deliverable.PersistenceDeliverableManager.<init>(PersistenceDeliverableManager.java:183)
	at com.topcoder.management.deliverable.PersistenceDeliverableManagerTests.setUp(PersistenceDeliverableManagerTests.java:97)
	at junit.framework.TestCase.runBare(TestCase.java:132)
	at junit.framework.TestResult$1.protect(TestResult.java:110)
	at junit.framework.TestResult.runProtected(TestResult.java:128)
	at junit.framework.TestResult.run(TestResult.java:113)
	at junit.framework.TestCase.run(TestCase.java:124)
	at junit.framework.TestSuite.runTest(TestSuite.java:232)
	at junit.framework.TestSuite.run(TestSuite.java:227)
	at junit.framework.TestSuite.runTest(TestSuite.java:232)
	at junit.framework.TestSuite.run(TestSuite.java:227)
	at junit.framework.TestSuite.runTest(TestSuite.java:232)
	at junit.framework.TestSuite.run(TestSuite.java:227)
	at org.apache.tools.ant.taskdefs.optional.junit.JUnitTestRunner.run(JUnitTestRunner.java:420)
	at org.apache.tools.ant.taskdefs.optional.junit.JUnitTestRunner.launch(JUnitTestRunner.java:911)
	at org.apache.tools.ant.taskdefs.optional.junit.JUnitTestRunner.main(JUnitTestRunner.java:768)
Instantiate PersistenceDeliverableManager with DeliverablePersistence, deliverableCheckers map,deliverableSearchBundle and submissionSearchBundle.
com.topcoder.util.config.UnknownNamespaceException: com.topcoder.util.log is unknown
	at com.topcoder.util.config.DefaultConfigManager.getPropertyObject(DefaultConfigManager.java:429)
	at com.topcoder.util.config.DefaultConfigManager.getString(DefaultConfigManager.java:449)
	at com.topcoder.util.log.LogFactory.getAttribute(LogFactory.java:224)
	at com.topcoder.util.log.basic.BasicLog.log(BasicLog.java:74)
	at com.topcoder.management.deliverable.PersistenceDeliverableManager.searchDeliverables(PersistenceDeliverableManager.java:245)
	at com.topcoder.management.deliverable.PersistenceDeliverableManagerTests.testSearchDeliverablesByProjectId(PersistenceDeliverableManagerTests.java:401)
	at sun.reflect.NativeMethodAccessorImpl.invoke0(Native Method)
	at sun.reflect.NativeMethodAccessorImpl.invoke(NativeMethodAccessorImpl.java:57)
	at sun.reflect.DelegatingMethodAccessorImpl.invoke(DelegatingMethodAccessorImpl.java:43)
	at java.lang.reflect.Method.invoke(Method.java:616)
	at junit.framework.TestCase.runTest(TestCase.java:168)
	at junit.framework.TestCase.runBare(TestCase.java:134)
	at junit.framework.TestResult$1.protect(TestResult.java:110)
	at junit.framework.TestResult.runProtected(TestResult.java:128)
	at junit.framework.TestResult.run(TestResult.java:113)
	at junit.framework.TestCase.run(TestCase.java:124)
	at junit.framework.TestSuite.runTest(TestSuite.java:232)
	at junit.framework.TestSuite.run(TestSuite.java:227)
	at junit.framework.TestSuite.runTest(TestSuite.java:232)
	at junit.framework.TestSuite.run(TestSuite.java:227)
	at junit.framework.TestSuite.runTest(TestSuite.java:232)
	at junit.framework.TestSuite.run(TestSuite.java:227)
	at org.apache.tools.ant.taskdefs.optional.junit.JUnitTestRunner.run(JUnitTestRunner.java:420)
	at org.apache.tools.ant.taskdefs.optional.junit.JUnitTestRunner.launch(JUnitTestRunner.java:911)
	at org.apache.tools.ant.taskdefs.optional.junit.JUnitTestRunner.main(JUnitTestRunner.java:768)
Search deliverables filter.
com.topcoder.util.config.UnknownNamespaceException: com.topcoder.util.log is unknown
	at com.topcoder.util.config.DefaultConfigManager.getPropertyObject(DefaultConfigManager.java:429)
	at com.topcoder.util.config.DefaultConfigManager.getString(DefaultConfigManager.java:449)
	at com.topcoder.util.log.LogFactory.getAttribute(LogFactory.java:224)
	at com.topcoder.util.log.basic.BasicLog.log(BasicLog.java:74)
	at com.topcoder.management.deliverable.DeliverableHelper.checkAndGetCustomResultSetValidDeliverable(DeliverableHelper.java:156)
	at com.topcoder.management.deliverable.PersistenceDeliverableManager.searchDeliverablesHelper(PersistenceDeliverableManager.java:284)
	at com.topcoder.management.deliverable.PersistenceDeliverableManager.searchDeliverables(PersistenceDeliverableManager.java:246)
	at com.topcoder.management.deliverable.PersistenceDeliverableManagerTests.testSearchDeliverablesByProjectId(PersistenceDeliverableManagerTests.java:401)
	at sun.reflect.NativeMethodAccessorImpl.invoke0(Native Method)
	at sun.reflect.NativeMethodAccessorImpl.invoke(NativeMethodAccessorImpl.java:57)
	at sun.reflect.DelegatingMethodAccessorImpl.invoke(DelegatingMethodAccessorImpl.java:43)
	at java.lang.reflect.Method.invoke(Method.java:616)
	at junit.framework.TestCase.runTest(TestCase.java:168)
	at junit.framework.TestCase.runBare(TestCase.java:134)
	at junit.framework.TestResult$1.protect(TestResult.java:110)
	at junit.framework.TestResult.runProtected(TestResult.java:128)
	at junit.framework.TestResult.run(TestResult.java:113)
	at junit.framework.TestCase.run(TestCase.java:124)
	at junit.framework.TestSuite.runTest(TestSuite.java:232)
	at junit.framework.TestSuite.run(TestSuite.java:227)
	at junit.framework.TestSuite.runTest(TestSuite.java:232)
	at junit.framework.TestSuite.run(TestSuite.java:227)
	at junit.framework.TestSuite.runTest(TestSuite.java:232)
	at junit.framework.TestSuite.run(TestSuite.java:227)
	at org.apache.tools.ant.taskdefs.optional.junit.JUnitTestRunner.run(JUnitTestRunner.java:420)
	at org.apache.tools.ant.taskdefs.optional.junit.JUnitTestRunner.launch(JUnitTestRunner.java:911)
	at org.apache.tools.ant.taskdefs.optional.junit.JUnitTestRunner.main(JUnitTestRunner.java:768)
CustomResultSet Records: 2
com.topcoder.util.config.UnknownNamespaceException: com.topcoder.util.log is unknown
	at com.topcoder.util.config.DefaultConfigManager.getPropertyObject(DefaultConfigManager.java:429)
	at com.topcoder.util.config.DefaultConfigManager.getString(DefaultConfigManager.java:449)
	at com.topcoder.util.log.LogFactory.getAttribute(LogFactory.java:224)
	at com.topcoder.util.log.basic.BasicLog.log(BasicLog.java:74)
	at com.topcoder.management.deliverable.PersistenceDeliverableManager.searchDeliverablesHelper(PersistenceDeliverableManager.java:289)
	at com.topcoder.management.deliverable.PersistenceDeliverableManager.searchDeliverables(PersistenceDeliverableManager.java:246)
	at com.topcoder.management.deliverable.PersistenceDeliverableManagerTests.testSearchDeliverablesByProjectId(PersistenceDeliverableManagerTests.java:401)
	at sun.reflect.NativeMethodAccessorImpl.invoke0(Native Method)
	at sun.reflect.NativeMethodAccessorImpl.invoke(NativeMethodAccessorImpl.java:57)
	at sun.reflect.DelegatingMethodAccessorImpl.invoke(DelegatingMethodAccessorImpl.java:43)
	at java.lang.reflect.Method.invoke(Method.java:616)
	at junit.framework.TestCase.runTest(TestCase.java:168)
	at junit.framework.TestCase.runBare(TestCase.java:134)
	at junit.framework.TestResult$1.protect(TestResult.java:110)
	at junit.framework.TestResult.runProtected(TestResult.java:128)
	at junit.framework.TestResult.run(TestResult.java:113)
	at junit.framework.TestCase.run(TestCase.java:124)
	at junit.framework.TestSuite.runTest(TestSuite.java:232)
	at junit.framework.TestSuite.run(TestSuite.java:227)
	at junit.framework.TestSuite.runTest(TestSuite.java:232)
	at junit.framework.TestSuite.run(TestSuite.java:227)
	at junit.framework.TestSuite.runTest(TestSuite.java:232)
	at junit.framework.TestSuite.run(TestSuite.java:227)
	at org.apache.tools.ant.taskdefs.optional.junit.JUnitTestRunner.run(JUnitTestRunner.java:420)
	at org.apache.tools.ant.taskdefs.optional.junit.JUnitTestRunner.launch(JUnitTestRunner.java:911)
	at org.apache.tools.ant.taskdefs.optional.junit.JUnitTestRunner.main(JUnitTestRunner.java:768)
Deliverable Id Array: 3, 2
com.topcoder.util.config.UnknownNamespaceException: com.topcoder.util.log is unknown
	at com.topcoder.util.config.DefaultConfigManager.getPropertyObject(DefaultConfigManager.java:429)
	at com.topcoder.util.config.DefaultConfigManager.getString(DefaultConfigManager.java:449)
	at com.topcoder.util.log.LogFactory.getAttribute(LogFactory.java:224)
	at com.topcoder.util.log.basic.BasicLog.log(BasicLog.java:74)
	at com.topcoder.management.deliverable.PersistenceDeliverableManager.searchDeliverablesHelper(PersistenceDeliverableManager.java:302)
	at com.topcoder.management.deliverable.PersistenceDeliverableManager.searchDeliverables(PersistenceDeliverableManager.java:246)
	at com.topcoder.management.deliverable.PersistenceDeliverableManagerTests.testSearchDeliverablesByProjectId(PersistenceDeliverableManagerTests.java:401)
	at sun.reflect.NativeMethodAccessorImpl.invoke0(Native Method)
	at sun.reflect.NativeMethodAccessorImpl.invoke(NativeMethodAccessorImpl.java:57)
	at sun.reflect.DelegatingMethodAccessorImpl.invoke(DelegatingMethodAccessorImpl.java:43)
	at java.lang.reflect.Method.invoke(Method.java:616)
	at junit.framework.TestCase.runTest(TestCase.java:168)
	at junit.framework.TestCase.runBare(TestCase.java:134)
	at junit.framework.TestResult$1.protect(TestResult.java:110)
	at junit.framework.TestResult.runProtected(TestResult.java:128)
	at junit.framework.TestResult.run(TestResult.java:113)
	at junit.framework.TestCase.run(TestCase.java:124)
	at junit.framework.TestSuite.runTest(TestSuite.java:232)
	at junit.framework.TestSuite.run(TestSuite.java:227)
	at junit.framework.TestSuite.runTest(TestSuite.java:232)
	at junit.framework.TestSuite.run(TestSuite.java:227)
	at junit.framework.TestSuite.runTest(TestSuite.java:232)
	at junit.framework.TestSuite.run(TestSuite.java:227)
	at org.apache.tools.ant.taskdefs.optional.junit.JUnitTestRunner.run(JUnitTestRunner.java:420)
	at org.apache.tools.ant.taskdefs.optional.junit.JUnitTestRunner.launch(JUnitTestRunner.java:911)
	at org.apache.tools.ant.taskdefs.optional.junit.JUnitTestRunner.main(JUnitTestRunner.java:768)
Loading Deliverable Array
com.topcoder.util.config.UnknownNamespaceException: com.topcoder.util.log is unknown
	at com.topcoder.util.config.DefaultConfigManager.getPropertyObject(DefaultConfigManager.java:429)
	at com.topcoder.util.config.DefaultConfigManager.getString(DefaultConfigManager.java:449)
	at com.topcoder.util.log.LogFactory.getAttribute(LogFactory.java:224)
	at com.topcoder.util.log.basic.BasicLog.log(BasicLog.java:74)
	at com.topcoder.management.deliverable.PersistenceDeliverableManager.searchDeliverablesHelper(PersistenceDeliverableManager.java:325)
	at com.topcoder.management.deliverable.PersistenceDeliverableManager.searchDeliverables(PersistenceDeliverableManager.java:246)
	at com.topcoder.management.deliverable.PersistenceDeliverableManagerTests.testSearchDeliverablesByProjectId(PersistenceDeliverableManagerTests.java:401)
	at sun.reflect.NativeMethodAccessorImpl.invoke0(Native Method)
	at sun.reflect.NativeMethodAccessorImpl.invoke(NativeMethodAccessorImpl.java:57)
	at sun.reflect.DelegatingMethodAccessorImpl.invoke(DelegatingMethodAccessorImpl.java:43)
	at java.lang.reflect.Method.invoke(Method.java:616)
	at junit.framework.TestCase.runTest(TestCase.java:168)
	at junit.framework.TestCase.runBare(TestCase.java:134)
	at junit.framework.TestResult$1.protect(TestResult.java:110)
	at junit.framework.TestResult.runProtected(TestResult.java:128)
	at junit.framework.TestResult.run(TestResult.java:113)
	at junit.framework.TestCase.run(TestCase.java:124)
	at junit.framework.TestSuite.runTest(TestSuite.java:232)
	at junit.framework.TestSuite.run(TestSuite.java:227)
	at junit.framework.TestSuite.runTest(TestSuite.java:232)
	at junit.framework.TestSuite.run(TestSuite.java:227)
	at junit.framework.TestSuite.runTest(TestSuite.java:232)
	at junit.framework.TestSuite.run(TestSuite.java:227)
	at org.apache.tools.ant.taskdefs.optional.junit.JUnitTestRunner.run(JUnitTestRunner.java:420)
	at org.apache.tools.ant.taskdefs.optional.junit.JUnitTestRunner.launch(JUnitTestRunner.java:911)
	at org.apache.tools.ant.taskdefs.optional.junit.JUnitTestRunner.main(JUnitTestRunner.java:768)
Adding Deliverable To List
com.topcoder.util.config.UnknownNamespaceException: com.topcoder.util.log is unknown
	at com.topcoder.util.config.DefaultConfigManager.getPropertyObject(DefaultConfigManager.java:429)
	at com.topcoder.util.config.DefaultConfigManager.getString(DefaultConfigManager.java:449)
	at com.topcoder.util.log.LogFactory.getAttribute(LogFactory.java:224)
	at com.topcoder.util.log.basic.BasicLog.log(BasicLog.java:74)
	at com.topcoder.management.deliverable.PersistenceDeliverableManager.searchDeliverablesHelper(PersistenceDeliverableManager.java:302)
	at com.topcoder.management.deliverable.PersistenceDeliverableManager.searchDeliverables(PersistenceDeliverableManager.java:246)
	at com.topcoder.management.deliverable.PersistenceDeliverableManagerTests.testSearchDeliverablesByProjectId(PersistenceDeliverableManagerTests.java:401)
	at sun.reflect.NativeMethodAccessorImpl.invoke0(Native Method)
	at sun.reflect.NativeMethodAccessorImpl.invoke(NativeMethodAccessorImpl.java:57)
	at sun.reflect.DelegatingMethodAccessorImpl.invoke(DelegatingMethodAccessorImpl.java:43)
	at java.lang.reflect.Method.invoke(Method.java:616)
	at junit.framework.TestCase.runTest(TestCase.java:168)
	at junit.framework.TestCase.runBare(TestCase.java:134)
	at junit.framework.TestResult$1.protect(TestResult.java:110)
	at junit.framework.TestResult.runProtected(TestResult.java:128)
	at junit.framework.TestResult.run(TestResult.java:113)
	at junit.framework.TestCase.run(TestCase.java:124)
	at junit.framework.TestSuite.runTest(TestSuite.java:232)
	at junit.framework.TestSuite.run(TestSuite.java:227)
	at junit.framework.TestSuite.runTest(TestSuite.java:232)
	at junit.framework.TestSuite.run(TestSuite.java:227)
	at junit.framework.TestSuite.runTest(TestSuite.java:232)
	at junit.framework.TestSuite.run(TestSuite.java:227)
	at org.apache.tools.ant.taskdefs.optional.junit.JUnitTestRunner.run(JUnitTestRunner.java:420)
	at org.apache.tools.ant.taskdefs.optional.junit.JUnitTestRunner.launch(JUnitTestRunner.java:911)
	at org.apache.tools.ant.taskdefs.optional.junit.JUnitTestRunner.main(JUnitTestRunner.java:768)
Loading Deliverable Array
com.topcoder.util.config.UnknownNamespaceException: com.topcoder.util.log is unknown
	at com.topcoder.util.config.DefaultConfigManager.getPropertyObject(DefaultConfigManager.java:429)
	at com.topcoder.util.config.DefaultConfigManager.getString(DefaultConfigManager.java:449)
	at com.topcoder.util.log.LogFactory.getAttribute(LogFactory.java:224)
	at com.topcoder.util.log.basic.BasicLog.log(BasicLog.java:74)
	at com.topcoder.management.deliverable.PersistenceDeliverableManager.searchDeliverablesHelper(PersistenceDeliverableManager.java:325)
	at com.topcoder.management.deliverable.PersistenceDeliverableManager.searchDeliverables(PersistenceDeliverableManager.java:246)
	at com.topcoder.management.deliverable.PersistenceDeliverableManagerTests.testSearchDeliverablesByProjectId(PersistenceDeliverableManagerTests.java:401)
	at sun.reflect.NativeMethodAccessorImpl.invoke0(Native Method)
	at sun.reflect.NativeMethodAccessorImpl.invoke(NativeMethodAccessorImpl.java:57)
	at sun.reflect.DelegatingMethodAccessorImpl.invoke(DelegatingMethodAccessorImpl.java:43)
	at java.lang.reflect.Method.invoke(Method.java:616)
	at junit.framework.TestCase.runTest(TestCase.java:168)
	at junit.framework.TestCase.runBare(TestCase.java:134)
	at junit.framework.TestResult$1.protect(TestResult.java:110)
	at junit.framework.TestResult.runProtected(TestResult.java:128)
	at junit.framework.TestResult.run(TestResult.java:113)
	at junit.framework.TestCase.run(TestCase.java:124)
	at junit.framework.TestSuite.runTest(TestSuite.java:232)
	at junit.framework.TestSuite.run(TestSuite.java:227)
	at junit.framework.TestSuite.runTest(TestSuite.java:232)
	at junit.framework.TestSuite.run(TestSuite.java:227)
	at junit.framework.TestSuite.runTest(TestSuite.java:232)
	at junit.framework.TestSuite.run(TestSuite.java:227)
	at org.apache.tools.ant.taskdefs.optional.junit.JUnitTestRunner.run(JUnitTestRunner.java:420)
	at org.apache.tools.ant.taskdefs.optional.junit.JUnitTestRunner.launch(JUnitTestRunner.java:911)
	at org.apache.tools.ant.taskdefs.optional.junit.JUnitTestRunner.main(JUnitTestRunner.java:768)
Adding Deliverable To List
com.topcoder.util.config.UnknownNamespaceException: com.topcoder.util.log is unknown
	at com.topcoder.util.config.DefaultConfigManager.getPropertyObject(DefaultConfigManager.java:429)
	at com.topcoder.util.config.DefaultConfigManager.getString(DefaultConfigManager.java:449)
	at com.topcoder.util.log.LogFactory.getAttribute(LogFactory.java:224)
	at com.topcoder.util.log.basic.BasicLog.log(BasicLog.java:74)
	at com.topcoder.management.deliverable.PersistenceDeliverableManager.<init>(PersistenceDeliverableManager.java:157)
	at com.topcoder.management.deliverable.PersistenceDeliverableManager.<init>(PersistenceDeliverableManager.java:183)
	at com.topcoder.management.deliverable.PersistenceDeliverableManagerTests.setUp(PersistenceDeliverableManagerTests.java:97)
	at junit.framework.TestCase.runBare(TestCase.java:132)
	at junit.framework.TestResult$1.protect(TestResult.java:110)
	at junit.framework.TestResult.runProtected(TestResult.java:128)
	at junit.framework.TestResult.run(TestResult.java:113)
	at junit.framework.TestCase.run(TestCase.java:124)
	at junit.framework.TestSuite.runTest(TestSuite.java:232)
	at junit.framework.TestSuite.run(TestSuite.java:227)
	at junit.framework.TestSuite.runTest(TestSuite.java:232)
	at junit.framework.TestSuite.run(TestSuite.java:227)
	at junit.framework.TestSuite.runTest(TestSuite.java:232)
	at junit.framework.TestSuite.run(TestSuite.java:227)
	at org.apache.tools.ant.taskdefs.optional.junit.JUnitTestRunner.run(JUnitTestRunner.java:420)
	at org.apache.tools.ant.taskdefs.optional.junit.JUnitTestRunner.launch(JUnitTestRunner.java:911)
	at org.apache.tools.ant.taskdefs.optional.junit.JUnitTestRunner.main(JUnitTestRunner.java:768)
Instantiate PersistenceDeliverableManager with DeliverablePersistence, deliverableCheckers map,deliverableSearchBundle and submissionSearchBundle.
com.topcoder.util.config.UnknownNamespaceException: com.topcoder.util.log is unknown
	at com.topcoder.util.config.DefaultConfigManager.getPropertyObject(DefaultConfigManager.java:429)
	at com.topcoder.util.config.DefaultConfigManager.getString(DefaultConfigManager.java:449)
	at com.topcoder.util.log.LogFactory.getAttribute(LogFactory.java:224)
	at com.topcoder.util.log.basic.BasicLog.log(BasicLog.java:74)
	at com.topcoder.management.deliverable.PersistenceDeliverableManager.searchDeliverables(PersistenceDeliverableManager.java:245)
	at com.topcoder.management.deliverable.PersistenceDeliverableManagerTests.testSearchDeliverablesByPhaseId(PersistenceDeliverableManagerTests.java:420)
	at sun.reflect.NativeMethodAccessorImpl.invoke0(Native Method)
	at sun.reflect.NativeMethodAccessorImpl.invoke(NativeMethodAccessorImpl.java:57)
	at sun.reflect.DelegatingMethodAccessorImpl.invoke(DelegatingMethodAccessorImpl.java:43)
	at java.lang.reflect.Method.invoke(Method.java:616)
	at junit.framework.TestCase.runTest(TestCase.java:168)
	at junit.framework.TestCase.runBare(TestCase.java:134)
	at junit.framework.TestResult$1.protect(TestResult.java:110)
	at junit.framework.TestResult.runProtected(TestResult.java:128)
	at junit.framework.TestResult.run(TestResult.java:113)
	at junit.framework.TestCase.run(TestCase.java:124)
	at junit.framework.TestSuite.runTest(TestSuite.java:232)
	at junit.framework.TestSuite.run(TestSuite.java:227)
	at junit.framework.TestSuite.runTest(TestSuite.java:232)
	at junit.framework.TestSuite.run(TestSuite.java:227)
	at junit.framework.TestSuite.runTest(TestSuite.java:232)
	at junit.framework.TestSuite.run(TestSuite.java:227)
	at org.apache.tools.ant.taskdefs.optional.junit.JUnitTestRunner.run(JUnitTestRunner.java:420)
	at org.apache.tools.ant.taskdefs.optional.junit.JUnitTestRunner.launch(JUnitTestRunner.java:911)
	at org.apache.tools.ant.taskdefs.optional.junit.JUnitTestRunner.main(JUnitTestRunner.java:768)
Search deliverables filter.
com.topcoder.util.config.UnknownNamespaceException: com.topcoder.util.log is unknown
	at com.topcoder.util.config.DefaultConfigManager.getPropertyObject(DefaultConfigManager.java:429)
	at com.topcoder.util.config.DefaultConfigManager.getString(DefaultConfigManager.java:449)
	at com.topcoder.util.log.LogFactory.getAttribute(LogFactory.java:224)
	at com.topcoder.util.log.basic.BasicLog.log(BasicLog.java:74)
	at com.topcoder.management.deliverable.DeliverableHelper.checkAndGetCustomResultSetValidDeliverable(DeliverableHelper.java:156)
	at com.topcoder.management.deliverable.PersistenceDeliverableManager.searchDeliverablesHelper(PersistenceDeliverableManager.java:284)
	at com.topcoder.management.deliverable.PersistenceDeliverableManager.searchDeliverables(PersistenceDeliverableManager.java:246)
	at com.topcoder.management.deliverable.PersistenceDeliverableManagerTests.testSearchDeliverablesByPhaseId(PersistenceDeliverableManagerTests.java:420)
	at sun.reflect.NativeMethodAccessorImpl.invoke0(Native Method)
	at sun.reflect.NativeMethodAccessorImpl.invoke(NativeMethodAccessorImpl.java:57)
	at sun.reflect.DelegatingMethodAccessorImpl.invoke(DelegatingMethodAccessorImpl.java:43)
	at java.lang.reflect.Method.invoke(Method.java:616)
	at junit.framework.TestCase.runTest(TestCase.java:168)
	at junit.framework.TestCase.runBare(TestCase.java:134)
	at junit.framework.TestResult$1.protect(TestResult.java:110)
	at junit.framework.TestResult.runProtected(TestResult.java:128)
	at junit.framework.TestResult.run(TestResult.java:113)
	at junit.framework.TestCase.run(TestCase.java:124)
	at junit.framework.TestSuite.runTest(TestSuite.java:232)
	at junit.framework.TestSuite.run(TestSuite.java:227)
	at junit.framework.TestSuite.runTest(TestSuite.java:232)
	at junit.framework.TestSuite.run(TestSuite.java:227)
	at junit.framework.TestSuite.runTest(TestSuite.java:232)
	at junit.framework.TestSuite.run(TestSuite.java:227)
	at org.apache.tools.ant.taskdefs.optional.junit.JUnitTestRunner.run(JUnitTestRunner.java:420)
	at org.apache.tools.ant.taskdefs.optional.junit.JUnitTestRunner.launch(JUnitTestRunner.java:911)
	at org.apache.tools.ant.taskdefs.optional.junit.JUnitTestRunner.main(JUnitTestRunner.java:768)
CustomResultSet Records: 2
com.topcoder.util.config.UnknownNamespaceException: com.topcoder.util.log is unknown
	at com.topcoder.util.config.DefaultConfigManager.getPropertyObject(DefaultConfigManager.java:429)
	at com.topcoder.util.config.DefaultConfigManager.getString(DefaultConfigManager.java:449)
	at com.topcoder.util.log.LogFactory.getAttribute(LogFactory.java:224)
	at com.topcoder.util.log.basic.BasicLog.log(BasicLog.java:74)
	at com.topcoder.management.deliverable.PersistenceDeliverableManager.searchDeliverablesHelper(PersistenceDeliverableManager.java:289)
	at com.topcoder.management.deliverable.PersistenceDeliverableManager.searchDeliverables(PersistenceDeliverableManager.java:246)
	at com.topcoder.management.deliverable.PersistenceDeliverableManagerTests.testSearchDeliverablesByPhaseId(PersistenceDeliverableManagerTests.java:420)
	at sun.reflect.NativeMethodAccessorImpl.invoke0(Native Method)
	at sun.reflect.NativeMethodAccessorImpl.invoke(NativeMethodAccessorImpl.java:57)
	at sun.reflect.DelegatingMethodAccessorImpl.invoke(DelegatingMethodAccessorImpl.java:43)
	at java.lang.reflect.Method.invoke(Method.java:616)
	at junit.framework.TestCase.runTest(TestCase.java:168)
	at junit.framework.TestCase.runBare(TestCase.java:134)
	at junit.framework.TestResult$1.protect(TestResult.java:110)
	at junit.framework.TestResult.runProtected(TestResult.java:128)
	at junit.framework.TestResult.run(TestResult.java:113)
	at junit.framework.TestCase.run(TestCase.java:124)
	at junit.framework.TestSuite.runTest(TestSuite.java:232)
	at junit.framework.TestSuite.run(TestSuite.java:227)
	at junit.framework.TestSuite.runTest(TestSuite.java:232)
	at junit.framework.TestSuite.run(TestSuite.java:227)
	at junit.framework.TestSuite.runTest(TestSuite.java:232)
	at junit.framework.TestSuite.run(TestSuite.java:227)
	at org.apache.tools.ant.taskdefs.optional.junit.JUnitTestRunner.run(JUnitTestRunner.java:420)
	at org.apache.tools.ant.taskdefs.optional.junit.JUnitTestRunner.launch(JUnitTestRunner.java:911)
	at org.apache.tools.ant.taskdefs.optional.junit.JUnitTestRunner.main(JUnitTestRunner.java:768)
Deliverable Id Array: 3, 2
com.topcoder.util.config.UnknownNamespaceException: com.topcoder.util.log is unknown
	at com.topcoder.util.config.DefaultConfigManager.getPropertyObject(DefaultConfigManager.java:429)
	at com.topcoder.util.config.DefaultConfigManager.getString(DefaultConfigManager.java:449)
	at com.topcoder.util.log.LogFactory.getAttribute(LogFactory.java:224)
	at com.topcoder.util.log.basic.BasicLog.log(BasicLog.java:74)
	at com.topcoder.management.deliverable.PersistenceDeliverableManager.searchDeliverablesHelper(PersistenceDeliverableManager.java:302)
	at com.topcoder.management.deliverable.PersistenceDeliverableManager.searchDeliverables(PersistenceDeliverableManager.java:246)
	at com.topcoder.management.deliverable.PersistenceDeliverableManagerTests.testSearchDeliverablesByPhaseId(PersistenceDeliverableManagerTests.java:420)
	at sun.reflect.NativeMethodAccessorImpl.invoke0(Native Method)
	at sun.reflect.NativeMethodAccessorImpl.invoke(NativeMethodAccessorImpl.java:57)
	at sun.reflect.DelegatingMethodAccessorImpl.invoke(DelegatingMethodAccessorImpl.java:43)
	at java.lang.reflect.Method.invoke(Method.java:616)
	at junit.framework.TestCase.runTest(TestCase.java:168)
	at junit.framework.TestCase.runBare(TestCase.java:134)
	at junit.framework.TestResult$1.protect(TestResult.java:110)
	at junit.framework.TestResult.runProtected(TestResult.java:128)
	at junit.framework.TestResult.run(TestResult.java:113)
	at junit.framework.TestCase.run(TestCase.java:124)
	at junit.framework.TestSuite.runTest(TestSuite.java:232)
	at junit.framework.TestSuite.run(TestSuite.java:227)
	at junit.framework.TestSuite.runTest(TestSuite.java:232)
	at junit.framework.TestSuite.run(TestSuite.java:227)
	at junit.framework.TestSuite.runTest(TestSuite.java:232)
	at junit.framework.TestSuite.run(TestSuite.java:227)
	at org.apache.tools.ant.taskdefs.optional.junit.JUnitTestRunner.run(JUnitTestRunner.java:420)
	at org.apache.tools.ant.taskdefs.optional.junit.JUnitTestRunner.launch(JUnitTestRunner.java:911)
	at org.apache.tools.ant.taskdefs.optional.junit.JUnitTestRunner.main(JUnitTestRunner.java:768)
Loading Deliverable Array
com.topcoder.util.config.UnknownNamespaceException: com.topcoder.util.log is unknown
	at com.topcoder.util.config.DefaultConfigManager.getPropertyObject(DefaultConfigManager.java:429)
	at com.topcoder.util.config.DefaultConfigManager.getString(DefaultConfigManager.java:449)
	at com.topcoder.util.log.LogFactory.getAttribute(LogFactory.java:224)
	at com.topcoder.util.log.basic.BasicLog.log(BasicLog.java:74)
	at com.topcoder.management.deliverable.PersistenceDeliverableManager.searchDeliverablesHelper(PersistenceDeliverableManager.java:325)
	at com.topcoder.management.deliverable.PersistenceDeliverableManager.searchDeliverables(PersistenceDeliverableManager.java:246)
	at com.topcoder.management.deliverable.PersistenceDeliverableManagerTests.testSearchDeliverablesByPhaseId(PersistenceDeliverableManagerTests.java:420)
	at sun.reflect.NativeMethodAccessorImpl.invoke0(Native Method)
	at sun.reflect.NativeMethodAccessorImpl.invoke(NativeMethodAccessorImpl.java:57)
	at sun.reflect.DelegatingMethodAccessorImpl.invoke(DelegatingMethodAccessorImpl.java:43)
	at java.lang.reflect.Method.invoke(Method.java:616)
	at junit.framework.TestCase.runTest(TestCase.java:168)
	at junit.framework.TestCase.runBare(TestCase.java:134)
	at junit.framework.TestResult$1.protect(TestResult.java:110)
	at junit.framework.TestResult.runProtected(TestResult.java:128)
	at junit.framework.TestResult.run(TestResult.java:113)
	at junit.framework.TestCase.run(TestCase.java:124)
	at junit.framework.TestSuite.runTest(TestSuite.java:232)
	at junit.framework.TestSuite.run(TestSuite.java:227)
	at junit.framework.TestSuite.runTest(TestSuite.java:232)
	at junit.framework.TestSuite.run(TestSuite.java:227)
	at junit.framework.TestSuite.runTest(TestSuite.java:232)
	at junit.framework.TestSuite.run(TestSuite.java:227)
	at org.apache.tools.ant.taskdefs.optional.junit.JUnitTestRunner.run(JUnitTestRunner.java:420)
	at org.apache.tools.ant.taskdefs.optional.junit.JUnitTestRunner.launch(JUnitTestRunner.java:911)
	at org.apache.tools.ant.taskdefs.optional.junit.JUnitTestRunner.main(JUnitTestRunner.java:768)
Adding Deliverable To List
com.topcoder.util.config.UnknownNamespaceException: com.topcoder.util.log is unknown
	at com.topcoder.util.config.DefaultConfigManager.getPropertyObject(DefaultConfigManager.java:429)
	at com.topcoder.util.config.DefaultConfigManager.getString(DefaultConfigManager.java:449)
	at com.topcoder.util.log.LogFactory.getAttribute(LogFactory.java:224)
	at com.topcoder.util.log.basic.BasicLog.log(BasicLog.java:74)
	at com.topcoder.management.deliverable.PersistenceDeliverableManager.searchDeliverablesHelper(PersistenceDeliverableManager.java:302)
	at com.topcoder.management.deliverable.PersistenceDeliverableManager.searchDeliverables(PersistenceDeliverableManager.java:246)
	at com.topcoder.management.deliverable.PersistenceDeliverableManagerTests.testSearchDeliverablesByPhaseId(PersistenceDeliverableManagerTests.java:420)
	at sun.reflect.NativeMethodAccessorImpl.invoke0(Native Method)
	at sun.reflect.NativeMethodAccessorImpl.invoke(NativeMethodAccessorImpl.java:57)
	at sun.reflect.DelegatingMethodAccessorImpl.invoke(DelegatingMethodAccessorImpl.java:43)
	at java.lang.reflect.Method.invoke(Method.java:616)
	at junit.framework.TestCase.runTest(TestCase.java:168)
	at junit.framework.TestCase.runBare(TestCase.java:134)
	at junit.framework.TestResult$1.protect(TestResult.java:110)
	at junit.framework.TestResult.runProtected(TestResult.java:128)
	at junit.framework.TestResult.run(TestResult.java:113)
	at junit.framework.TestCase.run(TestCase.java:124)
	at junit.framework.TestSuite.runTest(TestSuite.java:232)
	at junit.framework.TestSuite.run(TestSuite.java:227)
	at junit.framework.TestSuite.runTest(TestSuite.java:232)
	at junit.framework.TestSuite.run(TestSuite.java:227)
	at junit.framework.TestSuite.runTest(TestSuite.java:232)
	at junit.framework.TestSuite.run(TestSuite.java:227)
	at org.apache.tools.ant.taskdefs.optional.junit.JUnitTestRunner.run(JUnitTestRunner.java:420)
	at org.apache.tools.ant.taskdefs.optional.junit.JUnitTestRunner.launch(JUnitTestRunner.java:911)
	at org.apache.tools.ant.taskdefs.optional.junit.JUnitTestRunner.main(JUnitTestRunner.java:768)
Loading Deliverable Array
com.topcoder.util.config.UnknownNamespaceException: com.topcoder.util.log is unknown
	at com.topcoder.util.config.DefaultConfigManager.getPropertyObject(DefaultConfigManager.java:429)
	at com.topcoder.util.config.DefaultConfigManager.getString(DefaultConfigManager.java:449)
	at com.topcoder.util.log.LogFactory.getAttribute(LogFactory.java:224)
	at com.topcoder.util.log.basic.BasicLog.log(BasicLog.java:74)
	at com.topcoder.management.deliverable.PersistenceDeliverableManager.searchDeliverablesHelper(PersistenceDeliverableManager.java:325)
	at com.topcoder.management.deliverable.PersistenceDeliverableManager.searchDeliverables(PersistenceDeliverableManager.java:246)
	at com.topcoder.management.deliverable.PersistenceDeliverableManagerTests.testSearchDeliverablesByPhaseId(PersistenceDeliverableManagerTests.java:420)
	at sun.reflect.NativeMethodAccessorImpl.invoke0(Native Method)
	at sun.reflect.NativeMethodAccessorImpl.invoke(NativeMethodAccessorImpl.java:57)
	at sun.reflect.DelegatingMethodAccessorImpl.invoke(DelegatingMethodAccessorImpl.java:43)
	at java.lang.reflect.Method.invoke(Method.java:616)
	at junit.framework.TestCase.runTest(TestCase.java:168)
	at junit.framework.TestCase.runBare(TestCase.java:134)
	at junit.framework.TestResult$1.protect(TestResult.java:110)
	at junit.framework.TestResult.runProtected(TestResult.java:128)
	at junit.framework.TestResult.run(TestResult.java:113)
	at junit.framework.TestCase.run(TestCase.java:124)
	at junit.framework.TestSuite.runTest(TestSuite.java:232)
	at junit.framework.TestSuite.run(TestSuite.java:227)
	at junit.framework.TestSuite.runTest(TestSuite.java:232)
	at junit.framework.TestSuite.run(TestSuite.java:227)
	at junit.framework.TestSuite.runTest(TestSuite.java:232)
	at junit.framework.TestSuite.run(TestSuite.java:227)
	at org.apache.tools.ant.taskdefs.optional.junit.JUnitTestRunner.run(JUnitTestRunner.java:420)
	at org.apache.tools.ant.taskdefs.optional.junit.JUnitTestRunner.launch(JUnitTestRunner.java:911)
	at org.apache.tools.ant.taskdefs.optional.junit.JUnitTestRunner.main(JUnitTestRunner.java:768)
Adding Deliverable To List
com.topcoder.util.config.UnknownNamespaceException: com.topcoder.util.log is unknown
	at com.topcoder.util.config.DefaultConfigManager.getPropertyObject(DefaultConfigManager.java:429)
	at com.topcoder.util.config.DefaultConfigManager.getString(DefaultConfigManager.java:449)
	at com.topcoder.util.log.LogFactory.getAttribute(LogFactory.java:224)
	at com.topcoder.util.log.basic.BasicLog.log(BasicLog.java:74)
	at com.topcoder.management.deliverable.PersistenceDeliverableManager.<init>(PersistenceDeliverableManager.java:157)
	at com.topcoder.management.deliverable.PersistenceDeliverableManager.<init>(PersistenceDeliverableManager.java:183)
	at com.topcoder.management.deliverable.PersistenceDeliverableManagerTests.setUp(PersistenceDeliverableManagerTests.java:97)
	at junit.framework.TestCase.runBare(TestCase.java:132)
	at junit.framework.TestResult$1.protect(TestResult.java:110)
	at junit.framework.TestResult.runProtected(TestResult.java:128)
	at junit.framework.TestResult.run(TestResult.java:113)
	at junit.framework.TestCase.run(TestCase.java:124)
	at junit.framework.TestSuite.runTest(TestSuite.java:232)
	at junit.framework.TestSuite.run(TestSuite.java:227)
	at junit.framework.TestSuite.runTest(TestSuite.java:232)
	at junit.framework.TestSuite.run(TestSuite.java:227)
	at junit.framework.TestSuite.runTest(TestSuite.java:232)
	at junit.framework.TestSuite.run(TestSuite.java:227)
	at org.apache.tools.ant.taskdefs.optional.junit.JUnitTestRunner.run(JUnitTestRunner.java:420)
	at org.apache.tools.ant.taskdefs.optional.junit.JUnitTestRunner.launch(JUnitTestRunner.java:911)
	at org.apache.tools.ant.taskdefs.optional.junit.JUnitTestRunner.main(JUnitTestRunner.java:768)
Instantiate PersistenceDeliverableManager with DeliverablePersistence, deliverableCheckers map,deliverableSearchBundle and submissionSearchBundle.
com.topcoder.util.config.UnknownNamespaceException: com.topcoder.util.log is unknown
	at com.topcoder.util.config.DefaultConfigManager.getPropertyObject(DefaultConfigManager.java:429)
	at com.topcoder.util.config.DefaultConfigManager.getString(DefaultConfigManager.java:449)
	at com.topcoder.util.log.LogFactory.getAttribute(LogFactory.java:224)
	at com.topcoder.util.log.basic.BasicLog.log(BasicLog.java:74)
	at com.topcoder.management.deliverable.PersistenceDeliverableManager.searchDeliverables(PersistenceDeliverableManager.java:245)
	at com.topcoder.management.deliverable.PersistenceDeliverableManagerTests.testSearchDeliverablesByResourceRoleId(PersistenceDeliverableManagerTests.java:449)
	at sun.reflect.NativeMethodAccessorImpl.invoke0(Native Method)
	at sun.reflect.NativeMethodAccessorImpl.invoke(NativeMethodAccessorImpl.java:57)
	at sun.reflect.DelegatingMethodAccessorImpl.invoke(DelegatingMethodAccessorImpl.java:43)
	at java.lang.reflect.Method.invoke(Method.java:616)
	at junit.framework.TestCase.runTest(TestCase.java:168)
	at junit.framework.TestCase.runBare(TestCase.java:134)
	at junit.framework.TestResult$1.protect(TestResult.java:110)
	at junit.framework.TestResult.runProtected(TestResult.java:128)
	at junit.framework.TestResult.run(TestResult.java:113)
	at junit.framework.TestCase.run(TestCase.java:124)
	at junit.framework.TestSuite.runTest(TestSuite.java:232)
	at junit.framework.TestSuite.run(TestSuite.java:227)
	at junit.framework.TestSuite.runTest(TestSuite.java:232)
	at junit.framework.TestSuite.run(TestSuite.java:227)
	at junit.framework.TestSuite.runTest(TestSuite.java:232)
	at junit.framework.TestSuite.run(TestSuite.java:227)
	at org.apache.tools.ant.taskdefs.optional.junit.JUnitTestRunner.run(JUnitTestRunner.java:420)
	at org.apache.tools.ant.taskdefs.optional.junit.JUnitTestRunner.launch(JUnitTestRunner.java:911)
	at org.apache.tools.ant.taskdefs.optional.junit.JUnitTestRunner.main(JUnitTestRunner.java:768)
Search deliverables filter.
com.topcoder.util.config.UnknownNamespaceException: com.topcoder.util.log is unknown
	at com.topcoder.util.config.DefaultConfigManager.getPropertyObject(DefaultConfigManager.java:429)
	at com.topcoder.util.config.DefaultConfigManager.getString(DefaultConfigManager.java:449)
	at com.topcoder.util.log.LogFactory.getAttribute(LogFactory.java:224)
	at com.topcoder.util.log.basic.BasicLog.log(BasicLog.java:74)
	at com.topcoder.management.deliverable.DeliverableHelper.checkAndGetCustomResultSetValidDeliverable(DeliverableHelper.java:156)
	at com.topcoder.management.deliverable.PersistenceDeliverableManager.searchDeliverablesHelper(PersistenceDeliverableManager.java:284)
	at com.topcoder.management.deliverable.PersistenceDeliverableManager.searchDeliverables(PersistenceDeliverableManager.java:246)
	at com.topcoder.management.deliverable.PersistenceDeliverableManagerTests.testSearchDeliverablesByResourceRoleId(PersistenceDeliverableManagerTests.java:449)
	at sun.reflect.NativeMethodAccessorImpl.invoke0(Native Method)
	at sun.reflect.NativeMethodAccessorImpl.invoke(NativeMethodAccessorImpl.java:57)
	at sun.reflect.DelegatingMethodAccessorImpl.invoke(DelegatingMethodAccessorImpl.java:43)
	at java.lang.reflect.Method.invoke(Method.java:616)
	at junit.framework.TestCase.runTest(TestCase.java:168)
	at junit.framework.TestCase.runBare(TestCase.java:134)
	at junit.framework.TestResult$1.protect(TestResult.java:110)
	at junit.framework.TestResult.runProtected(TestResult.java:128)
	at junit.framework.TestResult.run(TestResult.java:113)
	at junit.framework.TestCase.run(TestCase.java:124)
	at junit.framework.TestSuite.runTest(TestSuite.java:232)
	at junit.framework.TestSuite.run(TestSuite.java:227)
	at junit.framework.TestSuite.runTest(TestSuite.java:232)
	at junit.framework.TestSuite.run(TestSuite.java:227)
	at junit.framework.TestSuite.runTest(TestSuite.java:232)
	at junit.framework.TestSuite.run(TestSuite.java:227)
	at org.apache.tools.ant.taskdefs.optional.junit.JUnitTestRunner.run(JUnitTestRunner.java:420)
	at org.apache.tools.ant.taskdefs.optional.junit.JUnitTestRunner.launch(JUnitTestRunner.java:911)
	at org.apache.tools.ant.taskdefs.optional.junit.JUnitTestRunner.main(JUnitTestRunner.java:768)
CustomResultSet Records: 2
com.topcoder.util.config.UnknownNamespaceException: com.topcoder.util.log is unknown
	at com.topcoder.util.config.DefaultConfigManager.getPropertyObject(DefaultConfigManager.java:429)
	at com.topcoder.util.config.DefaultConfigManager.getString(DefaultConfigManager.java:449)
	at com.topcoder.util.log.LogFactory.getAttribute(LogFactory.java:224)
	at com.topcoder.util.log.basic.BasicLog.log(BasicLog.java:74)
	at com.topcoder.management.deliverable.PersistenceDeliverableManager.searchDeliverablesHelper(PersistenceDeliverableManager.java:289)
	at com.topcoder.management.deliverable.PersistenceDeliverableManager.searchDeliverables(PersistenceDeliverableManager.java:246)
	at com.topcoder.management.deliverable.PersistenceDeliverableManagerTests.testSearchDeliverablesByResourceRoleId(PersistenceDeliverableManagerTests.java:449)
	at sun.reflect.NativeMethodAccessorImpl.invoke0(Native Method)
	at sun.reflect.NativeMethodAccessorImpl.invoke(NativeMethodAccessorImpl.java:57)
	at sun.reflect.DelegatingMethodAccessorImpl.invoke(DelegatingMethodAccessorImpl.java:43)
	at java.lang.reflect.Method.invoke(Method.java:616)
	at junit.framework.TestCase.runTest(TestCase.java:168)
	at junit.framework.TestCase.runBare(TestCase.java:134)
	at junit.framework.TestResult$1.protect(TestResult.java:110)
	at junit.framework.TestResult.runProtected(TestResult.java:128)
	at junit.framework.TestResult.run(TestResult.java:113)
	at junit.framework.TestCase.run(TestCase.java:124)
	at junit.framework.TestSuite.runTest(TestSuite.java:232)
	at junit.framework.TestSuite.run(TestSuite.java:227)
	at junit.framework.TestSuite.runTest(TestSuite.java:232)
	at junit.framework.TestSuite.run(TestSuite.java:227)
	at junit.framework.TestSuite.runTest(TestSuite.java:232)
	at junit.framework.TestSuite.run(TestSuite.java:227)
	at org.apache.tools.ant.taskdefs.optional.junit.JUnitTestRunner.run(JUnitTestRunner.java:420)
	at org.apache.tools.ant.taskdefs.optional.junit.JUnitTestRunner.launch(JUnitTestRunner.java:911)
	at org.apache.tools.ant.taskdefs.optional.junit.JUnitTestRunner.main(JUnitTestRunner.java:768)
Deliverable Id Array: 3, 2
com.topcoder.util.config.UnknownNamespaceException: com.topcoder.util.log is unknown
	at com.topcoder.util.config.DefaultConfigManager.getPropertyObject(DefaultConfigManager.java:429)
	at com.topcoder.util.config.DefaultConfigManager.getString(DefaultConfigManager.java:449)
	at com.topcoder.util.log.LogFactory.getAttribute(LogFactory.java:224)
	at com.topcoder.util.log.basic.BasicLog.log(BasicLog.java:74)
	at com.topcoder.management.deliverable.PersistenceDeliverableManager.searchDeliverablesHelper(PersistenceDeliverableManager.java:302)
	at com.topcoder.management.deliverable.PersistenceDeliverableManager.searchDeliverables(PersistenceDeliverableManager.java:246)
	at com.topcoder.management.deliverable.PersistenceDeliverableManagerTests.testSearchDeliverablesByResourceRoleId(PersistenceDeliverableManagerTests.java:449)
	at sun.reflect.NativeMethodAccessorImpl.invoke0(Native Method)
	at sun.reflect.NativeMethodAccessorImpl.invoke(NativeMethodAccessorImpl.java:57)
	at sun.reflect.DelegatingMethodAccessorImpl.invoke(DelegatingMethodAccessorImpl.java:43)
	at java.lang.reflect.Method.invoke(Method.java:616)
	at junit.framework.TestCase.runTest(TestCase.java:168)
	at junit.framework.TestCase.runBare(TestCase.java:134)
	at junit.framework.TestResult$1.protect(TestResult.java:110)
	at junit.framework.TestResult.runProtected(TestResult.java:128)
	at junit.framework.TestResult.run(TestResult.java:113)
	at junit.framework.TestCase.run(TestCase.java:124)
	at junit.framework.TestSuite.runTest(TestSuite.java:232)
	at junit.framework.TestSuite.run(TestSuite.java:227)
	at junit.framework.TestSuite.runTest(TestSuite.java:232)
	at junit.framework.TestSuite.run(TestSuite.java:227)
	at junit.framework.TestSuite.runTest(TestSuite.java:232)
	at junit.framework.TestSuite.run(TestSuite.java:227)
	at org.apache.tools.ant.taskdefs.optional.junit.JUnitTestRunner.run(JUnitTestRunner.java:420)
	at org.apache.tools.ant.taskdefs.optional.junit.JUnitTestRunner.launch(JUnitTestRunner.java:911)
	at org.apache.tools.ant.taskdefs.optional.junit.JUnitTestRunner.main(JUnitTestRunner.java:768)
Loading Deliverable Array
com.topcoder.util.config.UnknownNamespaceException: com.topcoder.util.log is unknown
	at com.topcoder.util.config.DefaultConfigManager.getPropertyObject(DefaultConfigManager.java:429)
	at com.topcoder.util.config.DefaultConfigManager.getString(DefaultConfigManager.java:449)
	at com.topcoder.util.log.LogFactory.getAttribute(LogFactory.java:224)
	at com.topcoder.util.log.basic.BasicLog.log(BasicLog.java:74)
	at com.topcoder.management.deliverable.PersistenceDeliverableManager.searchDeliverablesHelper(PersistenceDeliverableManager.java:325)
	at com.topcoder.management.deliverable.PersistenceDeliverableManager.searchDeliverables(PersistenceDeliverableManager.java:246)
	at com.topcoder.management.deliverable.PersistenceDeliverableManagerTests.testSearchDeliverablesByResourceRoleId(PersistenceDeliverableManagerTests.java:449)
	at sun.reflect.NativeMethodAccessorImpl.invoke0(Native Method)
	at sun.reflect.NativeMethodAccessorImpl.invoke(NativeMethodAccessorImpl.java:57)
	at sun.reflect.DelegatingMethodAccessorImpl.invoke(DelegatingMethodAccessorImpl.java:43)
	at java.lang.reflect.Method.invoke(Method.java:616)
	at junit.framework.TestCase.runTest(TestCase.java:168)
	at junit.framework.TestCase.runBare(TestCase.java:134)
	at junit.framework.TestResult$1.protect(TestResult.java:110)
	at junit.framework.TestResult.runProtected(TestResult.java:128)
	at junit.framework.TestResult.run(TestResult.java:113)
	at junit.framework.TestCase.run(TestCase.java:124)
	at junit.framework.TestSuite.runTest(TestSuite.java:232)
	at junit.framework.TestSuite.run(TestSuite.java:227)
	at junit.framework.TestSuite.runTest(TestSuite.java:232)
	at junit.framework.TestSuite.run(TestSuite.java:227)
	at junit.framework.TestSuite.runTest(TestSuite.java:232)
	at junit.framework.TestSuite.run(TestSuite.java:227)
	at org.apache.tools.ant.taskdefs.optional.junit.JUnitTestRunner.run(JUnitTestRunner.java:420)
	at org.apache.tools.ant.taskdefs.optional.junit.JUnitTestRunner.launch(JUnitTestRunner.java:911)
	at org.apache.tools.ant.taskdefs.optional.junit.JUnitTestRunner.main(JUnitTestRunner.java:768)
Adding Deliverable To List
com.topcoder.util.config.UnknownNamespaceException: com.topcoder.util.log is unknown
	at com.topcoder.util.config.DefaultConfigManager.getPropertyObject(DefaultConfigManager.java:429)
	at com.topcoder.util.config.DefaultConfigManager.getString(DefaultConfigManager.java:449)
	at com.topcoder.util.log.LogFactory.getAttribute(LogFactory.java:224)
	at com.topcoder.util.log.basic.BasicLog.log(BasicLog.java:74)
	at com.topcoder.management.deliverable.PersistenceDeliverableManager.searchDeliverablesHelper(PersistenceDeliverableManager.java:302)
	at com.topcoder.management.deliverable.PersistenceDeliverableManager.searchDeliverables(PersistenceDeliverableManager.java:246)
	at com.topcoder.management.deliverable.PersistenceDeliverableManagerTests.testSearchDeliverablesByResourceRoleId(PersistenceDeliverableManagerTests.java:449)
	at sun.reflect.NativeMethodAccessorImpl.invoke0(Native Method)
	at sun.reflect.NativeMethodAccessorImpl.invoke(NativeMethodAccessorImpl.java:57)
	at sun.reflect.DelegatingMethodAccessorImpl.invoke(DelegatingMethodAccessorImpl.java:43)
	at java.lang.reflect.Method.invoke(Method.java:616)
	at junit.framework.TestCase.runTest(TestCase.java:168)
	at junit.framework.TestCase.runBare(TestCase.java:134)
	at junit.framework.TestResult$1.protect(TestResult.java:110)
	at junit.framework.TestResult.runProtected(TestResult.java:128)
	at junit.framework.TestResult.run(TestResult.java:113)
	at junit.framework.TestCase.run(TestCase.java:124)
	at junit.framework.TestSuite.runTest(TestSuite.java:232)
	at junit.framework.TestSuite.run(TestSuite.java:227)
	at junit.framework.TestSuite.runTest(TestSuite.java:232)
	at junit.framework.TestSuite.run(TestSuite.java:227)
	at junit.framework.TestSuite.runTest(TestSuite.java:232)
	at junit.framework.TestSuite.run(TestSuite.java:227)
	at org.apache.tools.ant.taskdefs.optional.junit.JUnitTestRunner.run(JUnitTestRunner.java:420)
	at org.apache.tools.ant.taskdefs.optional.junit.JUnitTestRunner.launch(JUnitTestRunner.java:911)
	at org.apache.tools.ant.taskdefs.optional.junit.JUnitTestRunner.main(JUnitTestRunner.java:768)
Loading Deliverable Array
com.topcoder.util.config.UnknownNamespaceException: com.topcoder.util.log is unknown
	at com.topcoder.util.config.DefaultConfigManager.getPropertyObject(DefaultConfigManager.java:429)
	at com.topcoder.util.config.DefaultConfigManager.getString(DefaultConfigManager.java:449)
	at com.topcoder.util.log.LogFactory.getAttribute(LogFactory.java:224)
	at com.topcoder.util.log.basic.BasicLog.log(BasicLog.java:74)
	at com.topcoder.management.deliverable.PersistenceDeliverableManager.searchDeliverablesHelper(PersistenceDeliverableManager.java:325)
	at com.topcoder.management.deliverable.PersistenceDeliverableManager.searchDeliverables(PersistenceDeliverableManager.java:246)
	at com.topcoder.management.deliverable.PersistenceDeliverableManagerTests.testSearchDeliverablesByResourceRoleId(PersistenceDeliverableManagerTests.java:449)
	at sun.reflect.NativeMethodAccessorImpl.invoke0(Native Method)
	at sun.reflect.NativeMethodAccessorImpl.invoke(NativeMethodAccessorImpl.java:57)
	at sun.reflect.DelegatingMethodAccessorImpl.invoke(DelegatingMethodAccessorImpl.java:43)
	at java.lang.reflect.Method.invoke(Method.java:616)
	at junit.framework.TestCase.runTest(TestCase.java:168)
	at junit.framework.TestCase.runBare(TestCase.java:134)
	at junit.framework.TestResult$1.protect(TestResult.java:110)
	at junit.framework.TestResult.runProtected(TestResult.java:128)
	at junit.framework.TestResult.run(TestResult.java:113)
	at junit.framework.TestCase.run(TestCase.java:124)
	at junit.framework.TestSuite.runTest(TestSuite.java:232)
	at junit.framework.TestSuite.run(TestSuite.java:227)
	at junit.framework.TestSuite.runTest(TestSuite.java:232)
	at junit.framework.TestSuite.run(TestSuite.java:227)
	at junit.framework.TestSuite.runTest(TestSuite.java:232)
	at junit.framework.TestSuite.run(TestSuite.java:227)
	at org.apache.tools.ant.taskdefs.optional.junit.JUnitTestRunner.run(JUnitTestRunner.java:420)
	at org.apache.tools.ant.taskdefs.optional.junit.JUnitTestRunner.launch(JUnitTestRunner.java:911)
	at org.apache.tools.ant.taskdefs.optional.junit.JUnitTestRunner.main(JUnitTestRunner.java:768)
Adding Deliverable To List
com.topcoder.util.config.UnknownNamespaceException: com.topcoder.util.log is unknown
	at com.topcoder.util.config.DefaultConfigManager.getPropertyObject(DefaultConfigManager.java:429)
	at com.topcoder.util.config.DefaultConfigManager.getString(DefaultConfigManager.java:449)
	at com.topcoder.util.log.LogFactory.getAttribute(LogFactory.java:224)
	at com.topcoder.util.log.basic.BasicLog.log(BasicLog.java:74)
	at com.topcoder.management.deliverable.PersistenceDeliverableManager.<init>(PersistenceDeliverableManager.java:157)
	at com.topcoder.management.deliverable.PersistenceDeliverableManager.<init>(PersistenceDeliverableManager.java:183)
	at com.topcoder.management.deliverable.PersistenceDeliverableManagerTests.setUp(PersistenceDeliverableManagerTests.java:97)
	at junit.framework.TestCase.runBare(TestCase.java:132)
	at junit.framework.TestResult$1.protect(TestResult.java:110)
	at junit.framework.TestResult.runProtected(TestResult.java:128)
	at junit.framework.TestResult.run(TestResult.java:113)
	at junit.framework.TestCase.run(TestCase.java:124)
	at junit.framework.TestSuite.runTest(TestSuite.java:232)
	at junit.framework.TestSuite.run(TestSuite.java:227)
	at junit.framework.TestSuite.runTest(TestSuite.java:232)
	at junit.framework.TestSuite.run(TestSuite.java:227)
	at junit.framework.TestSuite.runTest(TestSuite.java:232)
	at junit.framework.TestSuite.run(TestSuite.java:227)
	at org.apache.tools.ant.taskdefs.optional.junit.JUnitTestRunner.run(JUnitTestRunner.java:420)
	at org.apache.tools.ant.taskdefs.optional.junit.JUnitTestRunner.launch(JUnitTestRunner.java:911)
	at org.apache.tools.ant.taskdefs.optional.junit.JUnitTestRunner.main(JUnitTestRunner.java:768)
Instantiate PersistenceDeliverableManager with DeliverablePersistence, deliverableCheckers map,deliverableSearchBundle and submissionSearchBundle.
com.topcoder.util.config.UnknownNamespaceException: com.topcoder.util.log is unknown
	at com.topcoder.util.config.DefaultConfigManager.getPropertyObject(DefaultConfigManager.java:429)
	at com.topcoder.util.config.DefaultConfigManager.getString(DefaultConfigManager.java:449)
	at com.topcoder.util.log.LogFactory.getAttribute(LogFactory.java:224)
	at com.topcoder.util.log.basic.BasicLog.log(BasicLog.java:74)
	at com.topcoder.management.deliverable.PersistenceDeliverableManager.searchDeliverables(PersistenceDeliverableManager.java:245)
	at com.topcoder.management.deliverable.PersistenceDeliverableManagerTests.testSearchDeliverablesByRequired(PersistenceDeliverableManagerTests.java:478)
	at sun.reflect.NativeMethodAccessorImpl.invoke0(Native Method)
	at sun.reflect.NativeMethodAccessorImpl.invoke(NativeMethodAccessorImpl.java:57)
	at sun.reflect.DelegatingMethodAccessorImpl.invoke(DelegatingMethodAccessorImpl.java:43)
	at java.lang.reflect.Method.invoke(Method.java:616)
	at junit.framework.TestCase.runTest(TestCase.java:168)
	at junit.framework.TestCase.runBare(TestCase.java:134)
	at junit.framework.TestResult$1.protect(TestResult.java:110)
	at junit.framework.TestResult.runProtected(TestResult.java:128)
	at junit.framework.TestResult.run(TestResult.java:113)
	at junit.framework.TestCase.run(TestCase.java:124)
	at junit.framework.TestSuite.runTest(TestSuite.java:232)
	at junit.framework.TestSuite.run(TestSuite.java:227)
	at junit.framework.TestSuite.runTest(TestSuite.java:232)
	at junit.framework.TestSuite.run(TestSuite.java:227)
	at junit.framework.TestSuite.runTest(TestSuite.java:232)
	at junit.framework.TestSuite.run(TestSuite.java:227)
	at org.apache.tools.ant.taskdefs.optional.junit.JUnitTestRunner.run(JUnitTestRunner.java:420)
	at org.apache.tools.ant.taskdefs.optional.junit.JUnitTestRunner.launch(JUnitTestRunner.java:911)
	at org.apache.tools.ant.taskdefs.optional.junit.JUnitTestRunner.main(JUnitTestRunner.java:768)
Search deliverables filter.
com.topcoder.util.config.UnknownNamespaceException: com.topcoder.util.log is unknown
	at com.topcoder.util.config.DefaultConfigManager.getPropertyObject(DefaultConfigManager.java:429)
	at com.topcoder.util.config.DefaultConfigManager.getString(DefaultConfigManager.java:449)
	at com.topcoder.util.log.LogFactory.getAttribute(LogFactory.java:224)
	at com.topcoder.util.log.basic.BasicLog.log(BasicLog.java:74)
	at com.topcoder.management.deliverable.DeliverableHelper.checkAndGetCustomResultSetValidDeliverable(DeliverableHelper.java:156)
	at com.topcoder.management.deliverable.PersistenceDeliverableManager.searchDeliverablesHelper(PersistenceDeliverableManager.java:284)
	at com.topcoder.management.deliverable.PersistenceDeliverableManager.searchDeliverables(PersistenceDeliverableManager.java:246)
	at com.topcoder.management.deliverable.PersistenceDeliverableManagerTests.testSearchDeliverablesByRequired(PersistenceDeliverableManagerTests.java:478)
	at sun.reflect.NativeMethodAccessorImpl.invoke0(Native Method)
	at sun.reflect.NativeMethodAccessorImpl.invoke(NativeMethodAccessorImpl.java:57)
	at sun.reflect.DelegatingMethodAccessorImpl.invoke(DelegatingMethodAccessorImpl.java:43)
	at java.lang.reflect.Method.invoke(Method.java:616)
	at junit.framework.TestCase.runTest(TestCase.java:168)
	at junit.framework.TestCase.runBare(TestCase.java:134)
	at junit.framework.TestResult$1.protect(TestResult.java:110)
	at junit.framework.TestResult.runProtected(TestResult.java:128)
	at junit.framework.TestResult.run(TestResult.java:113)
	at junit.framework.TestCase.run(TestCase.java:124)
	at junit.framework.TestSuite.runTest(TestSuite.java:232)
	at junit.framework.TestSuite.run(TestSuite.java:227)
	at junit.framework.TestSuite.runTest(TestSuite.java:232)
	at junit.framework.TestSuite.run(TestSuite.java:227)
	at junit.framework.TestSuite.runTest(TestSuite.java:232)
	at junit.framework.TestSuite.run(TestSuite.java:227)
	at org.apache.tools.ant.taskdefs.optional.junit.JUnitTestRunner.run(JUnitTestRunner.java:420)
	at org.apache.tools.ant.taskdefs.optional.junit.JUnitTestRunner.launch(JUnitTestRunner.java:911)
	at org.apache.tools.ant.taskdefs.optional.junit.JUnitTestRunner.main(JUnitTestRunner.java:768)
CustomResultSet Records: 1
com.topcoder.util.config.UnknownNamespaceException: com.topcoder.util.log is unknown
	at com.topcoder.util.config.DefaultConfigManager.getPropertyObject(DefaultConfigManager.java:429)
	at com.topcoder.util.config.DefaultConfigManager.getString(DefaultConfigManager.java:449)
	at com.topcoder.util.log.LogFactory.getAttribute(LogFactory.java:224)
	at com.topcoder.util.log.basic.BasicLog.log(BasicLog.java:74)
	at com.topcoder.management.deliverable.PersistenceDeliverableManager.searchDeliverablesHelper(PersistenceDeliverableManager.java:289)
	at com.topcoder.management.deliverable.PersistenceDeliverableManager.searchDeliverables(PersistenceDeliverableManager.java:246)
	at com.topcoder.management.deliverable.PersistenceDeliverableManagerTests.testSearchDeliverablesByRequired(PersistenceDeliverableManagerTests.java:478)
	at sun.reflect.NativeMethodAccessorImpl.invoke0(Native Method)
	at sun.reflect.NativeMethodAccessorImpl.invoke(NativeMethodAccessorImpl.java:57)
	at sun.reflect.DelegatingMethodAccessorImpl.invoke(DelegatingMethodAccessorImpl.java:43)
	at java.lang.reflect.Method.invoke(Method.java:616)
	at junit.framework.TestCase.runTest(TestCase.java:168)
	at junit.framework.TestCase.runBare(TestCase.java:134)
	at junit.framework.TestResult$1.protect(TestResult.java:110)
	at junit.framework.TestResult.runProtected(TestResult.java:128)
	at junit.framework.TestResult.run(TestResult.java:113)
	at junit.framework.TestCase.run(TestCase.java:124)
	at junit.framework.TestSuite.runTest(TestSuite.java:232)
	at junit.framework.TestSuite.run(TestSuite.java:227)
	at junit.framework.TestSuite.runTest(TestSuite.java:232)
	at junit.framework.TestSuite.run(TestSuite.java:227)
	at junit.framework.TestSuite.runTest(TestSuite.java:232)
	at junit.framework.TestSuite.run(TestSuite.java:227)
	at org.apache.tools.ant.taskdefs.optional.junit.JUnitTestRunner.run(JUnitTestRunner.java:420)
	at org.apache.tools.ant.taskdefs.optional.junit.JUnitTestRunner.launch(JUnitTestRunner.java:911)
	at org.apache.tools.ant.taskdefs.optional.junit.JUnitTestRunner.main(JUnitTestRunner.java:768)
Deliverable Id Array: 3, 1
com.topcoder.util.config.UnknownNamespaceException: com.topcoder.util.log is unknown
	at com.topcoder.util.config.DefaultConfigManager.getPropertyObject(DefaultConfigManager.java:429)
	at com.topcoder.util.config.DefaultConfigManager.getString(DefaultConfigManager.java:449)
	at com.topcoder.util.log.LogFactory.getAttribute(LogFactory.java:224)
	at com.topcoder.util.log.basic.BasicLog.log(BasicLog.java:74)
	at com.topcoder.management.deliverable.PersistenceDeliverableManager.searchDeliverablesHelper(PersistenceDeliverableManager.java:302)
	at com.topcoder.management.deliverable.PersistenceDeliverableManager.searchDeliverables(PersistenceDeliverableManager.java:246)
	at com.topcoder.management.deliverable.PersistenceDeliverableManagerTests.testSearchDeliverablesByRequired(PersistenceDeliverableManagerTests.java:478)
	at sun.reflect.NativeMethodAccessorImpl.invoke0(Native Method)
	at sun.reflect.NativeMethodAccessorImpl.invoke(NativeMethodAccessorImpl.java:57)
	at sun.reflect.DelegatingMethodAccessorImpl.invoke(DelegatingMethodAccessorImpl.java:43)
	at java.lang.reflect.Method.invoke(Method.java:616)
	at junit.framework.TestCase.runTest(TestCase.java:168)
	at junit.framework.TestCase.runBare(TestCase.java:134)
	at junit.framework.TestResult$1.protect(TestResult.java:110)
	at junit.framework.TestResult.runProtected(TestResult.java:128)
	at junit.framework.TestResult.run(TestResult.java:113)
	at junit.framework.TestCase.run(TestCase.java:124)
	at junit.framework.TestSuite.runTest(TestSuite.java:232)
	at junit.framework.TestSuite.run(TestSuite.java:227)
	at junit.framework.TestSuite.runTest(TestSuite.java:232)
	at junit.framework.TestSuite.run(TestSuite.java:227)
	at junit.framework.TestSuite.runTest(TestSuite.java:232)
	at junit.framework.TestSuite.run(TestSuite.java:227)
	at org.apache.tools.ant.taskdefs.optional.junit.JUnitTestRunner.run(JUnitTestRunner.java:420)
	at org.apache.tools.ant.taskdefs.optional.junit.JUnitTestRunner.launch(JUnitTestRunner.java:911)
	at org.apache.tools.ant.taskdefs.optional.junit.JUnitTestRunner.main(JUnitTestRunner.java:768)
Loading Deliverable Array
com.topcoder.util.config.UnknownNamespaceException: com.topcoder.util.log is unknown
	at com.topcoder.util.config.DefaultConfigManager.getPropertyObject(DefaultConfigManager.java:429)
	at com.topcoder.util.config.DefaultConfigManager.getString(DefaultConfigManager.java:449)
	at com.topcoder.util.log.LogFactory.getAttribute(LogFactory.java:224)
	at com.topcoder.util.log.basic.BasicLog.log(BasicLog.java:74)
	at com.topcoder.management.deliverable.PersistenceDeliverableManager.searchDeliverablesHelper(PersistenceDeliverableManager.java:325)
	at com.topcoder.management.deliverable.PersistenceDeliverableManager.searchDeliverables(PersistenceDeliverableManager.java:246)
	at com.topcoder.management.deliverable.PersistenceDeliverableManagerTests.testSearchDeliverablesByRequired(PersistenceDeliverableManagerTests.java:478)
	at sun.reflect.NativeMethodAccessorImpl.invoke0(Native Method)
	at sun.reflect.NativeMethodAccessorImpl.invoke(NativeMethodAccessorImpl.java:57)
	at sun.reflect.DelegatingMethodAccessorImpl.invoke(DelegatingMethodAccessorImpl.java:43)
	at java.lang.reflect.Method.invoke(Method.java:616)
	at junit.framework.TestCase.runTest(TestCase.java:168)
	at junit.framework.TestCase.runBare(TestCase.java:134)
	at junit.framework.TestResult$1.protect(TestResult.java:110)
	at junit.framework.TestResult.runProtected(TestResult.java:128)
	at junit.framework.TestResult.run(TestResult.java:113)
	at junit.framework.TestCase.run(TestCase.java:124)
	at junit.framework.TestSuite.runTest(TestSuite.java:232)
	at junit.framework.TestSuite.run(TestSuite.java:227)
	at junit.framework.TestSuite.runTest(TestSuite.java:232)
	at junit.framework.TestSuite.run(TestSuite.java:227)
	at junit.framework.TestSuite.runTest(TestSuite.java:232)
	at junit.framework.TestSuite.run(TestSuite.java:227)
	at org.apache.tools.ant.taskdefs.optional.junit.JUnitTestRunner.run(JUnitTestRunner.java:420)
	at org.apache.tools.ant.taskdefs.optional.junit.JUnitTestRunner.launch(JUnitTestRunner.java:911)
	at org.apache.tools.ant.taskdefs.optional.junit.JUnitTestRunner.main(JUnitTestRunner.java:768)
Adding Deliverable To List
com.topcoder.util.config.UnknownNamespaceException: com.topcoder.util.log is unknown
	at com.topcoder.util.config.DefaultConfigManager.getPropertyObject(DefaultConfigManager.java:429)
	at com.topcoder.util.config.DefaultConfigManager.getString(DefaultConfigManager.java:449)
	at com.topcoder.util.log.LogFactory.getAttribute(LogFactory.java:224)
	at com.topcoder.util.log.basic.BasicLog.log(BasicLog.java:74)
	at com.topcoder.management.deliverable.PersistenceDeliverableManager.<init>(PersistenceDeliverableManager.java:157)
	at com.topcoder.management.deliverable.PersistenceDeliverableManager.<init>(PersistenceDeliverableManager.java:183)
	at com.topcoder.management.deliverable.PersistenceDeliverableManagerTests.setUp(PersistenceDeliverableManagerTests.java:97)
	at junit.framework.TestCase.runBare(TestCase.java:132)
	at junit.framework.TestResult$1.protect(TestResult.java:110)
	at junit.framework.TestResult.runProtected(TestResult.java:128)
	at junit.framework.TestResult.run(TestResult.java:113)
	at junit.framework.TestCase.run(TestCase.java:124)
	at junit.framework.TestSuite.runTest(TestSuite.java:232)
	at junit.framework.TestSuite.run(TestSuite.java:227)
	at junit.framework.TestSuite.runTest(TestSuite.java:232)
	at junit.framework.TestSuite.run(TestSuite.java:227)
	at junit.framework.TestSuite.runTest(TestSuite.java:232)
	at junit.framework.TestSuite.run(TestSuite.java:227)
	at org.apache.tools.ant.taskdefs.optional.junit.JUnitTestRunner.run(JUnitTestRunner.java:420)
	at org.apache.tools.ant.taskdefs.optional.junit.JUnitTestRunner.launch(JUnitTestRunner.java:911)
	at org.apache.tools.ant.taskdefs.optional.junit.JUnitTestRunner.main(JUnitTestRunner.java:768)
Instantiate PersistenceDeliverableManager with DeliverablePersistence, deliverableCheckers map,deliverableSearchBundle and submissionSearchBundle.
com.topcoder.util.config.UnknownNamespaceException: com.topcoder.util.log is unknown
	at com.topcoder.util.config.DefaultConfigManager.getPropertyObject(DefaultConfigManager.java:429)
	at com.topcoder.util.config.DefaultConfigManager.getString(DefaultConfigManager.java:449)
	at com.topcoder.util.log.LogFactory.getAttribute(LogFactory.java:224)
	at com.topcoder.util.log.basic.BasicLog.log(BasicLog.java:74)
	at com.topcoder.management.deliverable.PersistenceDeliverableManager.searchDeliverablesWithSubmissionFilter(PersistenceDeliverableManager.java:216)
	at com.topcoder.management.deliverable.PersistenceDeliverableManagerTests.testSearchDeliverablesWithSubmissionFilterByDeliverableId(PersistenceDeliverableManagerTests.java:507)
	at sun.reflect.NativeMethodAccessorImpl.invoke0(Native Method)
	at sun.reflect.NativeMethodAccessorImpl.invoke(NativeMethodAccessorImpl.java:57)
	at sun.reflect.DelegatingMethodAccessorImpl.invoke(DelegatingMethodAccessorImpl.java:43)
	at java.lang.reflect.Method.invoke(Method.java:616)
	at junit.framework.TestCase.runTest(TestCase.java:168)
	at junit.framework.TestCase.runBare(TestCase.java:134)
	at junit.framework.TestResult$1.protect(TestResult.java:110)
	at junit.framework.TestResult.runProtected(TestResult.java:128)
	at junit.framework.TestResult.run(TestResult.java:113)
	at junit.framework.TestCase.run(TestCase.java:124)
	at junit.framework.TestSuite.runTest(TestSuite.java:232)
	at junit.framework.TestSuite.run(TestSuite.java:227)
	at junit.framework.TestSuite.runTest(TestSuite.java:232)
	at junit.framework.TestSuite.run(TestSuite.java:227)
	at junit.framework.TestSuite.runTest(TestSuite.java:232)
	at junit.framework.TestSuite.run(TestSuite.java:227)
	at org.apache.tools.ant.taskdefs.optional.junit.JUnitTestRunner.run(JUnitTestRunner.java:420)
	at org.apache.tools.ant.taskdefs.optional.junit.JUnitTestRunner.launch(JUnitTestRunner.java:911)
	at org.apache.tools.ant.taskdefs.optional.junit.JUnitTestRunner.main(JUnitTestRunner.java:768)
search deliverables with submission filter.
com.topcoder.util.config.UnknownNamespaceException: com.topcoder.util.log is unknown
	at com.topcoder.util.config.DefaultConfigManager.getPropertyObject(DefaultConfigManager.java:429)
	at com.topcoder.util.config.DefaultConfigManager.getString(DefaultConfigManager.java:449)
	at com.topcoder.util.log.LogFactory.getAttribute(LogFactory.java:224)
	at com.topcoder.util.log.basic.BasicLog.log(BasicLog.java:74)
	at com.topcoder.management.deliverable.DeliverableHelper.checkAndGetCustomResultSetValidDeliverable(DeliverableHelper.java:156)
	at com.topcoder.management.deliverable.PersistenceDeliverableManager.searchDeliverablesHelper(PersistenceDeliverableManager.java:284)
	at com.topcoder.management.deliverable.PersistenceDeliverableManager.searchDeliverablesWithSubmissionFilter(PersistenceDeliverableManager.java:217)
	at com.topcoder.management.deliverable.PersistenceDeliverableManagerTests.testSearchDeliverablesWithSubmissionFilterByDeliverableId(PersistenceDeliverableManagerTests.java:507)
	at sun.reflect.NativeMethodAccessorImpl.invoke0(Native Method)
	at sun.reflect.NativeMethodAccessorImpl.invoke(NativeMethodAccessorImpl.java:57)
	at sun.reflect.DelegatingMethodAccessorImpl.invoke(DelegatingMethodAccessorImpl.java:43)
	at java.lang.reflect.Method.invoke(Method.java:616)
	at junit.framework.TestCase.runTest(TestCase.java:168)
	at junit.framework.TestCase.runBare(TestCase.java:134)
	at junit.framework.TestResult$1.protect(TestResult.java:110)
	at junit.framework.TestResult.runProtected(TestResult.java:128)
	at junit.framework.TestResult.run(TestResult.java:113)
	at junit.framework.TestCase.run(TestCase.java:124)
	at junit.framework.TestSuite.runTest(TestSuite.java:232)
	at junit.framework.TestSuite.run(TestSuite.java:227)
	at junit.framework.TestSuite.runTest(TestSuite.java:232)
	at junit.framework.TestSuite.run(TestSuite.java:227)
	at junit.framework.TestSuite.runTest(TestSuite.java:232)
	at junit.framework.TestSuite.run(TestSuite.java:227)
	at org.apache.tools.ant.taskdefs.optional.junit.JUnitTestRunner.run(JUnitTestRunner.java:420)
	at org.apache.tools.ant.taskdefs.optional.junit.JUnitTestRunner.launch(JUnitTestRunner.java:911)
	at org.apache.tools.ant.taskdefs.optional.junit.JUnitTestRunner.main(JUnitTestRunner.java:768)
CustomResultSet Records: 0
com.topcoder.util.config.UnknownNamespaceException: com.topcoder.util.log is unknown
	at com.topcoder.util.config.DefaultConfigManager.getPropertyObject(DefaultConfigManager.java:429)
	at com.topcoder.util.config.DefaultConfigManager.getString(DefaultConfigManager.java:449)
	at com.topcoder.util.log.LogFactory.getAttribute(LogFactory.java:224)
	at com.topcoder.util.log.basic.BasicLog.log(BasicLog.java:74)
	at com.topcoder.management.deliverable.PersistenceDeliverableManager.searchDeliverablesHelper(PersistenceDeliverableManager.java:289)
	at com.topcoder.management.deliverable.PersistenceDeliverableManager.searchDeliverablesWithSubmissionFilter(PersistenceDeliverableManager.java:217)
	at com.topcoder.management.deliverable.PersistenceDeliverableManagerTests.testSearchDeliverablesWithSubmissionFilterByDeliverableId(PersistenceDeliverableManagerTests.java:507)
	at sun.reflect.NativeMethodAccessorImpl.invoke0(Native Method)
	at sun.reflect.NativeMethodAccessorImpl.invoke(NativeMethodAccessorImpl.java:57)
	at sun.reflect.DelegatingMethodAccessorImpl.invoke(DelegatingMethodAccessorImpl.java:43)
	at java.lang.reflect.Method.invoke(Method.java:616)
	at junit.framework.TestCase.runTest(TestCase.java:168)
	at junit.framework.TestCase.runBare(TestCase.java:134)
	at junit.framework.TestResult$1.protect(TestResult.java:110)
	at junit.framework.TestResult.runProtected(TestResult.java:128)
	at junit.framework.TestResult.run(TestResult.java:113)
	at junit.framework.TestCase.run(TestCase.java:124)
	at junit.framework.TestSuite.runTest(TestSuite.java:232)
	at junit.framework.TestSuite.run(TestSuite.java:227)
	at junit.framework.TestSuite.runTest(TestSuite.java:232)
	at junit.framework.TestSuite.run(TestSuite.java:227)
	at junit.framework.TestSuite.runTest(TestSuite.java:232)
	at junit.framework.TestSuite.run(TestSuite.java:227)
	at org.apache.tools.ant.taskdefs.optional.junit.JUnitTestRunner.run(JUnitTestRunner.java:420)
	at org.apache.tools.ant.taskdefs.optional.junit.JUnitTestRunner.launch(JUnitTestRunner.java:911)
	at org.apache.tools.ant.taskdefs.optional.junit.JUnitTestRunner.main(JUnitTestRunner.java:768)
Deliverable Id Array: 4, 0
com.topcoder.util.config.UnknownNamespaceException: com.topcoder.util.log is unknown
	at com.topcoder.util.config.DefaultConfigManager.getPropertyObject(DefaultConfigManager.java:429)
	at com.topcoder.util.config.DefaultConfigManager.getString(DefaultConfigManager.java:449)
	at com.topcoder.util.log.LogFactory.getAttribute(LogFactory.java:224)
	at com.topcoder.util.log.basic.BasicLog.log(BasicLog.java:74)
	at com.topcoder.management.deliverable.PersistenceDeliverableManager.<init>(PersistenceDeliverableManager.java:157)
	at com.topcoder.management.deliverable.PersistenceDeliverableManager.<init>(PersistenceDeliverableManager.java:183)
	at com.topcoder.management.deliverable.PersistenceDeliverableManagerTests.setUp(PersistenceDeliverableManagerTests.java:97)
	at junit.framework.TestCase.runBare(TestCase.java:132)
	at junit.framework.TestResult$1.protect(TestResult.java:110)
	at junit.framework.TestResult.runProtected(TestResult.java:128)
	at junit.framework.TestResult.run(TestResult.java:113)
	at junit.framework.TestCase.run(TestCase.java:124)
	at junit.framework.TestSuite.runTest(TestSuite.java:232)
	at junit.framework.TestSuite.run(TestSuite.java:227)
	at junit.framework.TestSuite.runTest(TestSuite.java:232)
	at junit.framework.TestSuite.run(TestSuite.java:227)
	at junit.framework.TestSuite.runTest(TestSuite.java:232)
	at junit.framework.TestSuite.run(TestSuite.java:227)
	at org.apache.tools.ant.taskdefs.optional.junit.JUnitTestRunner.run(JUnitTestRunner.java:420)
	at org.apache.tools.ant.taskdefs.optional.junit.JUnitTestRunner.launch(JUnitTestRunner.java:911)
	at org.apache.tools.ant.taskdefs.optional.junit.JUnitTestRunner.main(JUnitTestRunner.java:768)
Instantiate PersistenceDeliverableManager with DeliverablePersistence, deliverableCheckers map,deliverableSearchBundle and submissionSearchBundle.
com.topcoder.util.config.UnknownNamespaceException: com.topcoder.util.log is unknown
	at com.topcoder.util.config.DefaultConfigManager.getPropertyObject(DefaultConfigManager.java:429)
	at com.topcoder.util.config.DefaultConfigManager.getString(DefaultConfigManager.java:449)
	at com.topcoder.util.log.LogFactory.getAttribute(LogFactory.java:224)
	at com.topcoder.util.log.basic.BasicLog.log(BasicLog.java:74)
	at com.topcoder.management.deliverable.PersistenceDeliverableManager.searchDeliverablesWithSubmissionFilter(PersistenceDeliverableManager.java:216)
	at com.topcoder.management.deliverable.PersistenceDeliverableManagerTests.testSearchDeliverablesWithSubmissionFilterByName(PersistenceDeliverableManagerTests.java:528)
	at sun.reflect.NativeMethodAccessorImpl.invoke0(Native Method)
	at sun.reflect.NativeMethodAccessorImpl.invoke(NativeMethodAccessorImpl.java:57)
	at sun.reflect.DelegatingMethodAccessorImpl.invoke(DelegatingMethodAccessorImpl.java:43)
	at java.lang.reflect.Method.invoke(Method.java:616)
	at junit.framework.TestCase.runTest(TestCase.java:168)
	at junit.framework.TestCase.runBare(TestCase.java:134)
	at junit.framework.TestResult$1.protect(TestResult.java:110)
	at junit.framework.TestResult.runProtected(TestResult.java:128)
	at junit.framework.TestResult.run(TestResult.java:113)
	at junit.framework.TestCase.run(TestCase.java:124)
	at junit.framework.TestSuite.runTest(TestSuite.java:232)
	at junit.framework.TestSuite.run(TestSuite.java:227)
	at junit.framework.TestSuite.runTest(TestSuite.java:232)
	at junit.framework.TestSuite.run(TestSuite.java:227)
	at junit.framework.TestSuite.runTest(TestSuite.java:232)
	at junit.framework.TestSuite.run(TestSuite.java:227)
	at org.apache.tools.ant.taskdefs.optional.junit.JUnitTestRunner.run(JUnitTestRunner.java:420)
	at org.apache.tools.ant.taskdefs.optional.junit.JUnitTestRunner.launch(JUnitTestRunner.java:911)
	at org.apache.tools.ant.taskdefs.optional.junit.JUnitTestRunner.main(JUnitTestRunner.java:768)
search deliverables with submission filter.
com.topcoder.util.config.UnknownNamespaceException: com.topcoder.util.log is unknown
	at com.topcoder.util.config.DefaultConfigManager.getPropertyObject(DefaultConfigManager.java:429)
	at com.topcoder.util.config.DefaultConfigManager.getString(DefaultConfigManager.java:449)
	at com.topcoder.util.log.LogFactory.getAttribute(LogFactory.java:224)
	at com.topcoder.util.log.basic.BasicLog.log(BasicLog.java:74)
	at com.topcoder.management.deliverable.DeliverableHelper.checkAndGetCustomResultSetValidDeliverable(DeliverableHelper.java:156)
	at com.topcoder.management.deliverable.PersistenceDeliverableManager.searchDeliverablesHelper(PersistenceDeliverableManager.java:284)
	at com.topcoder.management.deliverable.PersistenceDeliverableManager.searchDeliverablesWithSubmissionFilter(PersistenceDeliverableManager.java:217)
	at com.topcoder.management.deliverable.PersistenceDeliverableManagerTests.testSearchDeliverablesWithSubmissionFilterByName(PersistenceDeliverableManagerTests.java:528)
	at sun.reflect.NativeMethodAccessorImpl.invoke0(Native Method)
	at sun.reflect.NativeMethodAccessorImpl.invoke(NativeMethodAccessorImpl.java:57)
	at sun.reflect.DelegatingMethodAccessorImpl.invoke(DelegatingMethodAccessorImpl.java:43)
	at java.lang.reflect.Method.invoke(Method.java:616)
	at junit.framework.TestCase.runTest(TestCase.java:168)
	at junit.framework.TestCase.runBare(TestCase.java:134)
	at junit.framework.TestResult$1.protect(TestResult.java:110)
	at junit.framework.TestResult.runProtected(TestResult.java:128)
	at junit.framework.TestResult.run(TestResult.java:113)
	at junit.framework.TestCase.run(TestCase.java:124)
	at junit.framework.TestSuite.runTest(TestSuite.java:232)
	at junit.framework.TestSuite.run(TestSuite.java:227)
	at junit.framework.TestSuite.runTest(TestSuite.java:232)
	at junit.framework.TestSuite.run(TestSuite.java:227)
	at junit.framework.TestSuite.runTest(TestSuite.java:232)
	at junit.framework.TestSuite.run(TestSuite.java:227)
	at org.apache.tools.ant.taskdefs.optional.junit.JUnitTestRunner.run(JUnitTestRunner.java:420)
	at org.apache.tools.ant.taskdefs.optional.junit.JUnitTestRunner.launch(JUnitTestRunner.java:911)
	at org.apache.tools.ant.taskdefs.optional.junit.JUnitTestRunner.main(JUnitTestRunner.java:768)
CustomResultSet Records: 8
com.topcoder.util.config.UnknownNamespaceException: com.topcoder.util.log is unknown
	at com.topcoder.util.config.DefaultConfigManager.getPropertyObject(DefaultConfigManager.java:429)
	at com.topcoder.util.config.DefaultConfigManager.getString(DefaultConfigManager.java:449)
	at com.topcoder.util.log.LogFactory.getAttribute(LogFactory.java:224)
	at com.topcoder.util.log.basic.BasicLog.log(BasicLog.java:74)
	at com.topcoder.management.deliverable.PersistenceDeliverableManager.searchDeliverablesHelper(PersistenceDeliverableManager.java:289)
	at com.topcoder.management.deliverable.PersistenceDeliverableManager.searchDeliverablesWithSubmissionFilter(PersistenceDeliverableManager.java:217)
	at com.topcoder.management.deliverable.PersistenceDeliverableManagerTests.testSearchDeliverablesWithSubmissionFilterByName(PersistenceDeliverableManagerTests.java:528)
	at sun.reflect.NativeMethodAccessorImpl.invoke0(Native Method)
	at sun.reflect.NativeMethodAccessorImpl.invoke(NativeMethodAccessorImpl.java:57)
	at sun.reflect.DelegatingMethodAccessorImpl.invoke(DelegatingMethodAccessorImpl.java:43)
	at java.lang.reflect.Method.invoke(Method.java:616)
	at junit.framework.TestCase.runTest(TestCase.java:168)
	at junit.framework.TestCase.runBare(TestCase.java:134)
	at junit.framework.TestResult$1.protect(TestResult.java:110)
	at junit.framework.TestResult.runProtected(TestResult.java:128)
	at junit.framework.TestResult.run(TestResult.java:113)
	at junit.framework.TestCase.run(TestCase.java:124)
	at junit.framework.TestSuite.runTest(TestSuite.java:232)
	at junit.framework.TestSuite.run(TestSuite.java:227)
	at junit.framework.TestSuite.runTest(TestSuite.java:232)
	at junit.framework.TestSuite.run(TestSuite.java:227)
	at junit.framework.TestSuite.runTest(TestSuite.java:232)
	at junit.framework.TestSuite.run(TestSuite.java:227)
	at org.apache.tools.ant.taskdefs.optional.junit.JUnitTestRunner.run(JUnitTestRunner.java:420)
	at org.apache.tools.ant.taskdefs.optional.junit.JUnitTestRunner.launch(JUnitTestRunner.java:911)
	at org.apache.tools.ant.taskdefs.optional.junit.JUnitTestRunner.main(JUnitTestRunner.java:768)
Deliverable Id Array: 4, 8
com.topcoder.util.config.UnknownNamespaceException: com.topcoder.util.log is unknown
	at com.topcoder.util.config.DefaultConfigManager.getPropertyObject(DefaultConfigManager.java:429)
	at com.topcoder.util.config.DefaultConfigManager.getString(DefaultConfigManager.java:449)
	at com.topcoder.util.log.LogFactory.getAttribute(LogFactory.java:224)
	at com.topcoder.util.log.basic.BasicLog.log(BasicLog.java:74)
	at com.topcoder.management.deliverable.PersistenceDeliverableManager.searchDeliverablesHelper(PersistenceDeliverableManager.java:302)
	at com.topcoder.management.deliverable.PersistenceDeliverableManager.searchDeliverablesWithSubmissionFilter(PersistenceDeliverableManager.java:217)
	at com.topcoder.management.deliverable.PersistenceDeliverableManagerTests.testSearchDeliverablesWithSubmissionFilterByName(PersistenceDeliverableManagerTests.java:528)
	at sun.reflect.NativeMethodAccessorImpl.invoke0(Native Method)
	at sun.reflect.NativeMethodAccessorImpl.invoke(NativeMethodAccessorImpl.java:57)
	at sun.reflect.DelegatingMethodAccessorImpl.invoke(DelegatingMethodAccessorImpl.java:43)
	at java.lang.reflect.Method.invoke(Method.java:616)
	at junit.framework.TestCase.runTest(TestCase.java:168)
	at junit.framework.TestCase.runBare(TestCase.java:134)
	at junit.framework.TestResult$1.protect(TestResult.java:110)
	at junit.framework.TestResult.runProtected(TestResult.java:128)
	at junit.framework.TestResult.run(TestResult.java:113)
	at junit.framework.TestCase.run(TestCase.java:124)
	at junit.framework.TestSuite.runTest(TestSuite.java:232)
	at junit.framework.TestSuite.run(TestSuite.java:227)
	at junit.framework.TestSuite.runTest(TestSuite.java:232)
	at junit.framework.TestSuite.run(TestSuite.java:227)
	at junit.framework.TestSuite.runTest(TestSuite.java:232)
	at junit.framework.TestSuite.run(TestSuite.java:227)
	at org.apache.tools.ant.taskdefs.optional.junit.JUnitTestRunner.run(JUnitTestRunner.java:420)
	at org.apache.tools.ant.taskdefs.optional.junit.JUnitTestRunner.launch(JUnitTestRunner.java:911)
	at org.apache.tools.ant.taskdefs.optional.junit.JUnitTestRunner.main(JUnitTestRunner.java:768)
Loading Deliverable Array
com.topcoder.util.config.UnknownNamespaceException: com.topcoder.util.log is unknown
	at com.topcoder.util.config.DefaultConfigManager.getPropertyObject(DefaultConfigManager.java:429)
	at com.topcoder.util.config.DefaultConfigManager.getString(DefaultConfigManager.java:449)
	at com.topcoder.util.log.LogFactory.getAttribute(LogFactory.java:224)
	at com.topcoder.util.log.basic.BasicLog.log(BasicLog.java:74)
	at com.topcoder.management.deliverable.PersistenceDeliverableManager.searchDeliverablesHelper(PersistenceDeliverableManager.java:325)
	at com.topcoder.management.deliverable.PersistenceDeliverableManager.searchDeliverablesWithSubmissionFilter(PersistenceDeliverableManager.java:217)
	at com.topcoder.management.deliverable.PersistenceDeliverableManagerTests.testSearchDeliverablesWithSubmissionFilterByName(PersistenceDeliverableManagerTests.java:528)
	at sun.reflect.NativeMethodAccessorImpl.invoke0(Native Method)
	at sun.reflect.NativeMethodAccessorImpl.invoke(NativeMethodAccessorImpl.java:57)
	at sun.reflect.DelegatingMethodAccessorImpl.invoke(DelegatingMethodAccessorImpl.java:43)
	at java.lang.reflect.Method.invoke(Method.java:616)
	at junit.framework.TestCase.runTest(TestCase.java:168)
	at junit.framework.TestCase.runBare(TestCase.java:134)
	at junit.framework.TestResult$1.protect(TestResult.java:110)
	at junit.framework.TestResult.runProtected(TestResult.java:128)
	at junit.framework.TestResult.run(TestResult.java:113)
	at junit.framework.TestCase.run(TestCase.java:124)
	at junit.framework.TestSuite.runTest(TestSuite.java:232)
	at junit.framework.TestSuite.run(TestSuite.java:227)
	at junit.framework.TestSuite.runTest(TestSuite.java:232)
	at junit.framework.TestSuite.run(TestSuite.java:227)
	at junit.framework.TestSuite.runTest(TestSuite.java:232)
	at junit.framework.TestSuite.run(TestSuite.java:227)
	at org.apache.tools.ant.taskdefs.optional.junit.JUnitTestRunner.run(JUnitTestRunner.java:420)
	at org.apache.tools.ant.taskdefs.optional.junit.JUnitTestRunner.launch(JUnitTestRunner.java:911)
	at org.apache.tools.ant.taskdefs.optional.junit.JUnitTestRunner.main(JUnitTestRunner.java:768)
Adding Deliverable To List
com.topcoder.util.config.UnknownNamespaceException: com.topcoder.util.log is unknown
	at com.topcoder.util.config.DefaultConfigManager.getPropertyObject(DefaultConfigManager.java:429)
	at com.topcoder.util.config.DefaultConfigManager.getString(DefaultConfigManager.java:449)
	at com.topcoder.util.log.LogFactory.getAttribute(LogFactory.java:224)
	at com.topcoder.util.log.basic.BasicLog.log(BasicLog.java:74)
	at com.topcoder.management.deliverable.PersistenceDeliverableManager.searchDeliverablesHelper(PersistenceDeliverableManager.java:302)
	at com.topcoder.management.deliverable.PersistenceDeliverableManager.searchDeliverablesWithSubmissionFilter(PersistenceDeliverableManager.java:217)
	at com.topcoder.management.deliverable.PersistenceDeliverableManagerTests.testSearchDeliverablesWithSubmissionFilterByName(PersistenceDeliverableManagerTests.java:528)
	at sun.reflect.NativeMethodAccessorImpl.invoke0(Native Method)
	at sun.reflect.NativeMethodAccessorImpl.invoke(NativeMethodAccessorImpl.java:57)
	at sun.reflect.DelegatingMethodAccessorImpl.invoke(DelegatingMethodAccessorImpl.java:43)
	at java.lang.reflect.Method.invoke(Method.java:616)
	at junit.framework.TestCase.runTest(TestCase.java:168)
	at junit.framework.TestCase.runBare(TestCase.java:134)
	at junit.framework.TestResult$1.protect(TestResult.java:110)
	at junit.framework.TestResult.runProtected(TestResult.java:128)
	at junit.framework.TestResult.run(TestResult.java:113)
	at junit.framework.TestCase.run(TestCase.java:124)
	at junit.framework.TestSuite.runTest(TestSuite.java:232)
	at junit.framework.TestSuite.run(TestSuite.java:227)
	at junit.framework.TestSuite.runTest(TestSuite.java:232)
	at junit.framework.TestSuite.run(TestSuite.java:227)
	at junit.framework.TestSuite.runTest(TestSuite.java:232)
	at junit.framework.TestSuite.run(TestSuite.java:227)
	at org.apache.tools.ant.taskdefs.optional.junit.JUnitTestRunner.run(JUnitTestRunner.java:420)
	at org.apache.tools.ant.taskdefs.optional.junit.JUnitTestRunner.launch(JUnitTestRunner.java:911)
	at org.apache.tools.ant.taskdefs.optional.junit.JUnitTestRunner.main(JUnitTestRunner.java:768)
Loading Deliverable Array
com.topcoder.util.config.UnknownNamespaceException: com.topcoder.util.log is unknown
	at com.topcoder.util.config.DefaultConfigManager.getPropertyObject(DefaultConfigManager.java:429)
	at com.topcoder.util.config.DefaultConfigManager.getString(DefaultConfigManager.java:449)
	at com.topcoder.util.log.LogFactory.getAttribute(LogFactory.java:224)
	at com.topcoder.util.log.basic.BasicLog.log(BasicLog.java:74)
	at com.topcoder.management.deliverable.PersistenceDeliverableManager.searchDeliverablesHelper(PersistenceDeliverableManager.java:325)
	at com.topcoder.management.deliverable.PersistenceDeliverableManager.searchDeliverablesWithSubmissionFilter(PersistenceDeliverableManager.java:217)
	at com.topcoder.management.deliverable.PersistenceDeliverableManagerTests.testSearchDeliverablesWithSubmissionFilterByName(PersistenceDeliverableManagerTests.java:528)
	at sun.reflect.NativeMethodAccessorImpl.invoke0(Native Method)
	at sun.reflect.NativeMethodAccessorImpl.invoke(NativeMethodAccessorImpl.java:57)
	at sun.reflect.DelegatingMethodAccessorImpl.invoke(DelegatingMethodAccessorImpl.java:43)
	at java.lang.reflect.Method.invoke(Method.java:616)
	at junit.framework.TestCase.runTest(TestCase.java:168)
	at junit.framework.TestCase.runBare(TestCase.java:134)
	at junit.framework.TestResult$1.protect(TestResult.java:110)
	at junit.framework.TestResult.runProtected(TestResult.java:128)
	at junit.framework.TestResult.run(TestResult.java:113)
	at junit.framework.TestCase.run(TestCase.java:124)
	at junit.framework.TestSuite.runTest(TestSuite.java:232)
	at junit.framework.TestSuite.run(TestSuite.java:227)
	at junit.framework.TestSuite.runTest(TestSuite.java:232)
	at junit.framework.TestSuite.run(TestSuite.java:227)
	at junit.framework.TestSuite.runTest(TestSuite.java:232)
	at junit.framework.TestSuite.run(TestSuite.java:227)
	at org.apache.tools.ant.taskdefs.optional.junit.JUnitTestRunner.run(JUnitTestRunner.java:420)
	at org.apache.tools.ant.taskdefs.optional.junit.JUnitTestRunner.launch(JUnitTestRunner.java:911)
	at org.apache.tools.ant.taskdefs.optional.junit.JUnitTestRunner.main(JUnitTestRunner.java:768)
Adding Deliverable To List
com.topcoder.util.config.UnknownNamespaceException: com.topcoder.util.log is unknown
	at com.topcoder.util.config.DefaultConfigManager.getPropertyObject(DefaultConfigManager.java:429)
	at com.topcoder.util.config.DefaultConfigManager.getString(DefaultConfigManager.java:449)
	at com.topcoder.util.log.LogFactory.getAttribute(LogFactory.java:224)
	at com.topcoder.util.log.basic.BasicLog.log(BasicLog.java:74)
	at com.topcoder.management.deliverable.PersistenceDeliverableManager.searchDeliverablesHelper(PersistenceDeliverableManager.java:302)
	at com.topcoder.management.deliverable.PersistenceDeliverableManager.searchDeliverablesWithSubmissionFilter(PersistenceDeliverableManager.java:217)
	at com.topcoder.management.deliverable.PersistenceDeliverableManagerTests.testSearchDeliverablesWithSubmissionFilterByName(PersistenceDeliverableManagerTests.java:528)
	at sun.reflect.NativeMethodAccessorImpl.invoke0(Native Method)
	at sun.reflect.NativeMethodAccessorImpl.invoke(NativeMethodAccessorImpl.java:57)
	at sun.reflect.DelegatingMethodAccessorImpl.invoke(DelegatingMethodAccessorImpl.java:43)
	at java.lang.reflect.Method.invoke(Method.java:616)
	at junit.framework.TestCase.runTest(TestCase.java:168)
	at junit.framework.TestCase.runBare(TestCase.java:134)
	at junit.framework.TestResult$1.protect(TestResult.java:110)
	at junit.framework.TestResult.runProtected(TestResult.java:128)
	at junit.framework.TestResult.run(TestResult.java:113)
	at junit.framework.TestCase.run(TestCase.java:124)
	at junit.framework.TestSuite.runTest(TestSuite.java:232)
	at junit.framework.TestSuite.run(TestSuite.java:227)
	at junit.framework.TestSuite.runTest(TestSuite.java:232)
	at junit.framework.TestSuite.run(TestSuite.java:227)
	at junit.framework.TestSuite.runTest(TestSuite.java:232)
	at junit.framework.TestSuite.run(TestSuite.java:227)
	at org.apache.tools.ant.taskdefs.optional.junit.JUnitTestRunner.run(JUnitTestRunner.java:420)
	at org.apache.tools.ant.taskdefs.optional.junit.JUnitTestRunner.launch(JUnitTestRunner.java:911)
	at org.apache.tools.ant.taskdefs.optional.junit.JUnitTestRunner.main(JUnitTestRunner.java:768)
Loading Deliverable Array
com.topcoder.util.config.UnknownNamespaceException: com.topcoder.util.log is unknown
	at com.topcoder.util.config.DefaultConfigManager.getPropertyObject(DefaultConfigManager.java:429)
	at com.topcoder.util.config.DefaultConfigManager.getString(DefaultConfigManager.java:449)
	at com.topcoder.util.log.LogFactory.getAttribute(LogFactory.java:224)
	at com.topcoder.util.log.basic.BasicLog.log(BasicLog.java:74)
	at com.topcoder.management.deliverable.PersistenceDeliverableManager.searchDeliverablesHelper(PersistenceDeliverableManager.java:325)
	at com.topcoder.management.deliverable.PersistenceDeliverableManager.searchDeliverablesWithSubmissionFilter(PersistenceDeliverableManager.java:217)
	at com.topcoder.management.deliverable.PersistenceDeliverableManagerTests.testSearchDeliverablesWithSubmissionFilterByName(PersistenceDeliverableManagerTests.java:528)
	at sun.reflect.NativeMethodAccessorImpl.invoke0(Native Method)
	at sun.reflect.NativeMethodAccessorImpl.invoke(NativeMethodAccessorImpl.java:57)
	at sun.reflect.DelegatingMethodAccessorImpl.invoke(DelegatingMethodAccessorImpl.java:43)
	at java.lang.reflect.Method.invoke(Method.java:616)
	at junit.framework.TestCase.runTest(TestCase.java:168)
	at junit.framework.TestCase.runBare(TestCase.java:134)
	at junit.framework.TestResult$1.protect(TestResult.java:110)
	at junit.framework.TestResult.runProtected(TestResult.java:128)
	at junit.framework.TestResult.run(TestResult.java:113)
	at junit.framework.TestCase.run(TestCase.java:124)
	at junit.framework.TestSuite.runTest(TestSuite.java:232)
	at junit.framework.TestSuite.run(TestSuite.java:227)
	at junit.framework.TestSuite.runTest(TestSuite.java:232)
	at junit.framework.TestSuite.run(TestSuite.java:227)
	at junit.framework.TestSuite.runTest(TestSuite.java:232)
	at junit.framework.TestSuite.run(TestSuite.java:227)
	at org.apache.tools.ant.taskdefs.optional.junit.JUnitTestRunner.run(JUnitTestRunner.java:420)
	at org.apache.tools.ant.taskdefs.optional.junit.JUnitTestRunner.launch(JUnitTestRunner.java:911)
	at org.apache.tools.ant.taskdefs.optional.junit.JUnitTestRunner.main(JUnitTestRunner.java:768)
Adding Deliverable To List
com.topcoder.util.config.UnknownNamespaceException: com.topcoder.util.log is unknown
	at com.topcoder.util.config.DefaultConfigManager.getPropertyObject(DefaultConfigManager.java:429)
	at com.topcoder.util.config.DefaultConfigManager.getString(DefaultConfigManager.java:449)
	at com.topcoder.util.log.LogFactory.getAttribute(LogFactory.java:224)
	at com.topcoder.util.log.basic.BasicLog.log(BasicLog.java:74)
	at com.topcoder.management.deliverable.PersistenceDeliverableManager.searchDeliverablesHelper(PersistenceDeliverableManager.java:302)
	at com.topcoder.management.deliverable.PersistenceDeliverableManager.searchDeliverablesWithSubmissionFilter(PersistenceDeliverableManager.java:217)
	at com.topcoder.management.deliverable.PersistenceDeliverableManagerTests.testSearchDeliverablesWithSubmissionFilterByName(PersistenceDeliverableManagerTests.java:528)
	at sun.reflect.NativeMethodAccessorImpl.invoke0(Native Method)
	at sun.reflect.NativeMethodAccessorImpl.invoke(NativeMethodAccessorImpl.java:57)
	at sun.reflect.DelegatingMethodAccessorImpl.invoke(DelegatingMethodAccessorImpl.java:43)
	at java.lang.reflect.Method.invoke(Method.java:616)
	at junit.framework.TestCase.runTest(TestCase.java:168)
	at junit.framework.TestCase.runBare(TestCase.java:134)
	at junit.framework.TestResult$1.protect(TestResult.java:110)
	at junit.framework.TestResult.runProtected(TestResult.java:128)
	at junit.framework.TestResult.run(TestResult.java:113)
	at junit.framework.TestCase.run(TestCase.java:124)
	at junit.framework.TestSuite.runTest(TestSuite.java:232)
	at junit.framework.TestSuite.run(TestSuite.java:227)
	at junit.framework.TestSuite.runTest(TestSuite.java:232)
	at junit.framework.TestSuite.run(TestSuite.java:227)
	at junit.framework.TestSuite.runTest(TestSuite.java:232)
	at junit.framework.TestSuite.run(TestSuite.java:227)
	at org.apache.tools.ant.taskdefs.optional.junit.JUnitTestRunner.run(JUnitTestRunner.java:420)
	at org.apache.tools.ant.taskdefs.optional.junit.JUnitTestRunner.launch(JUnitTestRunner.java:911)
	at org.apache.tools.ant.taskdefs.optional.junit.JUnitTestRunner.main(JUnitTestRunner.java:768)
Loading Deliverable Array
com.topcoder.util.config.UnknownNamespaceException: com.topcoder.util.log is unknown
	at com.topcoder.util.config.DefaultConfigManager.getPropertyObject(DefaultConfigManager.java:429)
	at com.topcoder.util.config.DefaultConfigManager.getString(DefaultConfigManager.java:449)
	at com.topcoder.util.log.LogFactory.getAttribute(LogFactory.java:224)
	at com.topcoder.util.log.basic.BasicLog.log(BasicLog.java:74)
	at com.topcoder.management.deliverable.PersistenceDeliverableManager.searchDeliverablesHelper(PersistenceDeliverableManager.java:325)
	at com.topcoder.management.deliverable.PersistenceDeliverableManager.searchDeliverablesWithSubmissionFilter(PersistenceDeliverableManager.java:217)
	at com.topcoder.management.deliverable.PersistenceDeliverableManagerTests.testSearchDeliverablesWithSubmissionFilterByName(PersistenceDeliverableManagerTests.java:528)
	at sun.reflect.NativeMethodAccessorImpl.invoke0(Native Method)
	at sun.reflect.NativeMethodAccessorImpl.invoke(NativeMethodAccessorImpl.java:57)
	at sun.reflect.DelegatingMethodAccessorImpl.invoke(DelegatingMethodAccessorImpl.java:43)
	at java.lang.reflect.Method.invoke(Method.java:616)
	at junit.framework.TestCase.runTest(TestCase.java:168)
	at junit.framework.TestCase.runBare(TestCase.java:134)
	at junit.framework.TestResult$1.protect(TestResult.java:110)
	at junit.framework.TestResult.runProtected(TestResult.java:128)
	at junit.framework.TestResult.run(TestResult.java:113)
	at junit.framework.TestCase.run(TestCase.java:124)
	at junit.framework.TestSuite.runTest(TestSuite.java:232)
	at junit.framework.TestSuite.run(TestSuite.java:227)
	at junit.framework.TestSuite.runTest(TestSuite.java:232)
	at junit.framework.TestSuite.run(TestSuite.java:227)
	at junit.framework.TestSuite.runTest(TestSuite.java:232)
	at junit.framework.TestSuite.run(TestSuite.java:227)
	at org.apache.tools.ant.taskdefs.optional.junit.JUnitTestRunner.run(JUnitTestRunner.java:420)
	at org.apache.tools.ant.taskdefs.optional.junit.JUnitTestRunner.launch(JUnitTestRunner.java:911)
	at org.apache.tools.ant.taskdefs.optional.junit.JUnitTestRunner.main(JUnitTestRunner.java:768)
Adding Deliverable To List
com.topcoder.util.config.UnknownNamespaceException: com.topcoder.util.log is unknown
	at com.topcoder.util.config.DefaultConfigManager.getPropertyObject(DefaultConfigManager.java:429)
	at com.topcoder.util.config.DefaultConfigManager.getString(DefaultConfigManager.java:449)
	at com.topcoder.util.log.LogFactory.getAttribute(LogFactory.java:224)
	at com.topcoder.util.log.basic.BasicLog.log(BasicLog.java:74)
	at com.topcoder.management.deliverable.PersistenceDeliverableManager.searchDeliverablesHelper(PersistenceDeliverableManager.java:302)
	at com.topcoder.management.deliverable.PersistenceDeliverableManager.searchDeliverablesWithSubmissionFilter(PersistenceDeliverableManager.java:217)
	at com.topcoder.management.deliverable.PersistenceDeliverableManagerTests.testSearchDeliverablesWithSubmissionFilterByName(PersistenceDeliverableManagerTests.java:528)
	at sun.reflect.NativeMethodAccessorImpl.invoke0(Native Method)
	at sun.reflect.NativeMethodAccessorImpl.invoke(NativeMethodAccessorImpl.java:57)
	at sun.reflect.DelegatingMethodAccessorImpl.invoke(DelegatingMethodAccessorImpl.java:43)
	at java.lang.reflect.Method.invoke(Method.java:616)
	at junit.framework.TestCase.runTest(TestCase.java:168)
	at junit.framework.TestCase.runBare(TestCase.java:134)
	at junit.framework.TestResult$1.protect(TestResult.java:110)
	at junit.framework.TestResult.runProtected(TestResult.java:128)
	at junit.framework.TestResult.run(TestResult.java:113)
	at junit.framework.TestCase.run(TestCase.java:124)
	at junit.framework.TestSuite.runTest(TestSuite.java:232)
	at junit.framework.TestSuite.run(TestSuite.java:227)
	at junit.framework.TestSuite.runTest(TestSuite.java:232)
	at junit.framework.TestSuite.run(TestSuite.java:227)
	at junit.framework.TestSuite.runTest(TestSuite.java:232)
	at junit.framework.TestSuite.run(TestSuite.java:227)
	at org.apache.tools.ant.taskdefs.optional.junit.JUnitTestRunner.run(JUnitTestRunner.java:420)
	at org.apache.tools.ant.taskdefs.optional.junit.JUnitTestRunner.launch(JUnitTestRunner.java:911)
	at org.apache.tools.ant.taskdefs.optional.junit.JUnitTestRunner.main(JUnitTestRunner.java:768)
Loading Deliverable Array
com.topcoder.util.config.UnknownNamespaceException: com.topcoder.util.log is unknown
	at com.topcoder.util.config.DefaultConfigManager.getPropertyObject(DefaultConfigManager.java:429)
	at com.topcoder.util.config.DefaultConfigManager.getString(DefaultConfigManager.java:449)
	at com.topcoder.util.log.LogFactory.getAttribute(LogFactory.java:224)
	at com.topcoder.util.log.basic.BasicLog.log(BasicLog.java:74)
	at com.topcoder.management.deliverable.PersistenceDeliverableManager.searchDeliverablesHelper(PersistenceDeliverableManager.java:325)
	at com.topcoder.management.deliverable.PersistenceDeliverableManager.searchDeliverablesWithSubmissionFilter(PersistenceDeliverableManager.java:217)
	at com.topcoder.management.deliverable.PersistenceDeliverableManagerTests.testSearchDeliverablesWithSubmissionFilterByName(PersistenceDeliverableManagerTests.java:528)
	at sun.reflect.NativeMethodAccessorImpl.invoke0(Native Method)
	at sun.reflect.NativeMethodAccessorImpl.invoke(NativeMethodAccessorImpl.java:57)
	at sun.reflect.DelegatingMethodAccessorImpl.invoke(DelegatingMethodAccessorImpl.java:43)
	at java.lang.reflect.Method.invoke(Method.java:616)
	at junit.framework.TestCase.runTest(TestCase.java:168)
	at junit.framework.TestCase.runBare(TestCase.java:134)
	at junit.framework.TestResult$1.protect(TestResult.java:110)
	at junit.framework.TestResult.runProtected(TestResult.java:128)
	at junit.framework.TestResult.run(TestResult.java:113)
	at junit.framework.TestCase.run(TestCase.java:124)
	at junit.framework.TestSuite.runTest(TestSuite.java:232)
	at junit.framework.TestSuite.run(TestSuite.java:227)
	at junit.framework.TestSuite.runTest(TestSuite.java:232)
	at junit.framework.TestSuite.run(TestSuite.java:227)
	at junit.framework.TestSuite.runTest(TestSuite.java:232)
	at junit.framework.TestSuite.run(TestSuite.java:227)
	at org.apache.tools.ant.taskdefs.optional.junit.JUnitTestRunner.run(JUnitTestRunner.java:420)
	at org.apache.tools.ant.taskdefs.optional.junit.JUnitTestRunner.launch(JUnitTestRunner.java:911)
	at org.apache.tools.ant.taskdefs.optional.junit.JUnitTestRunner.main(JUnitTestRunner.java:768)
Adding Deliverable To List
com.topcoder.util.config.UnknownNamespaceException: com.topcoder.util.log is unknown
	at com.topcoder.util.config.DefaultConfigManager.getPropertyObject(DefaultConfigManager.java:429)
	at com.topcoder.util.config.DefaultConfigManager.getString(DefaultConfigManager.java:449)
	at com.topcoder.util.log.LogFactory.getAttribute(LogFactory.java:224)
	at com.topcoder.util.log.basic.BasicLog.log(BasicLog.java:74)
	at com.topcoder.management.deliverable.PersistenceDeliverableManager.searchDeliverablesHelper(PersistenceDeliverableManager.java:302)
	at com.topcoder.management.deliverable.PersistenceDeliverableManager.searchDeliverablesWithSubmissionFilter(PersistenceDeliverableManager.java:217)
	at com.topcoder.management.deliverable.PersistenceDeliverableManagerTests.testSearchDeliverablesWithSubmissionFilterByName(PersistenceDeliverableManagerTests.java:528)
	at sun.reflect.NativeMethodAccessorImpl.invoke0(Native Method)
	at sun.reflect.NativeMethodAccessorImpl.invoke(NativeMethodAccessorImpl.java:57)
	at sun.reflect.DelegatingMethodAccessorImpl.invoke(DelegatingMethodAccessorImpl.java:43)
	at java.lang.reflect.Method.invoke(Method.java:616)
	at junit.framework.TestCase.runTest(TestCase.java:168)
	at junit.framework.TestCase.runBare(TestCase.java:134)
	at junit.framework.TestResult$1.protect(TestResult.java:110)
	at junit.framework.TestResult.runProtected(TestResult.java:128)
	at junit.framework.TestResult.run(TestResult.java:113)
	at junit.framework.TestCase.run(TestCase.java:124)
	at junit.framework.TestSuite.runTest(TestSuite.java:232)
	at junit.framework.TestSuite.run(TestSuite.java:227)
	at junit.framework.TestSuite.runTest(TestSuite.java:232)
	at junit.framework.TestSuite.run(TestSuite.java:227)
	at junit.framework.TestSuite.runTest(TestSuite.java:232)
	at junit.framework.TestSuite.run(TestSuite.java:227)
	at org.apache.tools.ant.taskdefs.optional.junit.JUnitTestRunner.run(JUnitTestRunner.java:420)
	at org.apache.tools.ant.taskdefs.optional.junit.JUnitTestRunner.launch(JUnitTestRunner.java:911)
	at org.apache.tools.ant.taskdefs.optional.junit.JUnitTestRunner.main(JUnitTestRunner.java:768)
Loading Deliverable Array
com.topcoder.util.config.UnknownNamespaceException: com.topcoder.util.log is unknown
	at com.topcoder.util.config.DefaultConfigManager.getPropertyObject(DefaultConfigManager.java:429)
	at com.topcoder.util.config.DefaultConfigManager.getString(DefaultConfigManager.java:449)
	at com.topcoder.util.log.LogFactory.getAttribute(LogFactory.java:224)
	at com.topcoder.util.log.basic.BasicLog.log(BasicLog.java:74)
	at com.topcoder.management.deliverable.PersistenceDeliverableManager.searchDeliverablesHelper(PersistenceDeliverableManager.java:325)
	at com.topcoder.management.deliverable.PersistenceDeliverableManager.searchDeliverablesWithSubmissionFilter(PersistenceDeliverableManager.java:217)
	at com.topcoder.management.deliverable.PersistenceDeliverableManagerTests.testSearchDeliverablesWithSubmissionFilterByName(PersistenceDeliverableManagerTests.java:528)
	at sun.reflect.NativeMethodAccessorImpl.invoke0(Native Method)
	at sun.reflect.NativeMethodAccessorImpl.invoke(NativeMethodAccessorImpl.java:57)
	at sun.reflect.DelegatingMethodAccessorImpl.invoke(DelegatingMethodAccessorImpl.java:43)
	at java.lang.reflect.Method.invoke(Method.java:616)
	at junit.framework.TestCase.runTest(TestCase.java:168)
	at junit.framework.TestCase.runBare(TestCase.java:134)
	at junit.framework.TestResult$1.protect(TestResult.java:110)
	at junit.framework.TestResult.runProtected(TestResult.java:128)
	at junit.framework.TestResult.run(TestResult.java:113)
	at junit.framework.TestCase.run(TestCase.java:124)
	at junit.framework.TestSuite.runTest(TestSuite.java:232)
	at junit.framework.TestSuite.run(TestSuite.java:227)
	at junit.framework.TestSuite.runTest(TestSuite.java:232)
	at junit.framework.TestSuite.run(TestSuite.java:227)
	at junit.framework.TestSuite.runTest(TestSuite.java:232)
	at junit.framework.TestSuite.run(TestSuite.java:227)
	at org.apache.tools.ant.taskdefs.optional.junit.JUnitTestRunner.run(JUnitTestRunner.java:420)
	at org.apache.tools.ant.taskdefs.optional.junit.JUnitTestRunner.launch(JUnitTestRunner.java:911)
	at org.apache.tools.ant.taskdefs.optional.junit.JUnitTestRunner.main(JUnitTestRunner.java:768)
Adding Deliverable To List
com.topcoder.util.config.UnknownNamespaceException: com.topcoder.util.log is unknown
	at com.topcoder.util.config.DefaultConfigManager.getPropertyObject(DefaultConfigManager.java:429)
	at com.topcoder.util.config.DefaultConfigManager.getString(DefaultConfigManager.java:449)
	at com.topcoder.util.log.LogFactory.getAttribute(LogFactory.java:224)
	at com.topcoder.util.log.basic.BasicLog.log(BasicLog.java:74)
	at com.topcoder.management.deliverable.PersistenceDeliverableManager.searchDeliverablesHelper(PersistenceDeliverableManager.java:302)
	at com.topcoder.management.deliverable.PersistenceDeliverableManager.searchDeliverablesWithSubmissionFilter(PersistenceDeliverableManager.java:217)
	at com.topcoder.management.deliverable.PersistenceDeliverableManagerTests.testSearchDeliverablesWithSubmissionFilterByName(PersistenceDeliverableManagerTests.java:528)
	at sun.reflect.NativeMethodAccessorImpl.invoke0(Native Method)
	at sun.reflect.NativeMethodAccessorImpl.invoke(NativeMethodAccessorImpl.java:57)
	at sun.reflect.DelegatingMethodAccessorImpl.invoke(DelegatingMethodAccessorImpl.java:43)
	at java.lang.reflect.Method.invoke(Method.java:616)
	at junit.framework.TestCase.runTest(TestCase.java:168)
	at junit.framework.TestCase.runBare(TestCase.java:134)
	at junit.framework.TestResult$1.protect(TestResult.java:110)
	at junit.framework.TestResult.runProtected(TestResult.java:128)
	at junit.framework.TestResult.run(TestResult.java:113)
	at junit.framework.TestCase.run(TestCase.java:124)
	at junit.framework.TestSuite.runTest(TestSuite.java:232)
	at junit.framework.TestSuite.run(TestSuite.java:227)
	at junit.framework.TestSuite.runTest(TestSuite.java:232)
	at junit.framework.TestSuite.run(TestSuite.java:227)
	at junit.framework.TestSuite.runTest(TestSuite.java:232)
	at junit.framework.TestSuite.run(TestSuite.java:227)
	at org.apache.tools.ant.taskdefs.optional.junit.JUnitTestRunner.run(JUnitTestRunner.java:420)
	at org.apache.tools.ant.taskdefs.optional.junit.JUnitTestRunner.launch(JUnitTestRunner.java:911)
	at org.apache.tools.ant.taskdefs.optional.junit.JUnitTestRunner.main(JUnitTestRunner.java:768)
Loading Deliverable Array
com.topcoder.util.config.UnknownNamespaceException: com.topcoder.util.log is unknown
	at com.topcoder.util.config.DefaultConfigManager.getPropertyObject(DefaultConfigManager.java:429)
	at com.topcoder.util.config.DefaultConfigManager.getString(DefaultConfigManager.java:449)
	at com.topcoder.util.log.LogFactory.getAttribute(LogFactory.java:224)
	at com.topcoder.util.log.basic.BasicLog.log(BasicLog.java:74)
	at com.topcoder.management.deliverable.PersistenceDeliverableManager.searchDeliverablesHelper(PersistenceDeliverableManager.java:325)
	at com.topcoder.management.deliverable.PersistenceDeliverableManager.searchDeliverablesWithSubmissionFilter(PersistenceDeliverableManager.java:217)
	at com.topcoder.management.deliverable.PersistenceDeliverableManagerTests.testSearchDeliverablesWithSubmissionFilterByName(PersistenceDeliverableManagerTests.java:528)
	at sun.reflect.NativeMethodAccessorImpl.invoke0(Native Method)
	at sun.reflect.NativeMethodAccessorImpl.invoke(NativeMethodAccessorImpl.java:57)
	at sun.reflect.DelegatingMethodAccessorImpl.invoke(DelegatingMethodAccessorImpl.java:43)
	at java.lang.reflect.Method.invoke(Method.java:616)
	at junit.framework.TestCase.runTest(TestCase.java:168)
	at junit.framework.TestCase.runBare(TestCase.java:134)
	at junit.framework.TestResult$1.protect(TestResult.java:110)
	at junit.framework.TestResult.runProtected(TestResult.java:128)
	at junit.framework.TestResult.run(TestResult.java:113)
	at junit.framework.TestCase.run(TestCase.java:124)
	at junit.framework.TestSuite.runTest(TestSuite.java:232)
	at junit.framework.TestSuite.run(TestSuite.java:227)
	at junit.framework.TestSuite.runTest(TestSuite.java:232)
	at junit.framework.TestSuite.run(TestSuite.java:227)
	at junit.framework.TestSuite.runTest(TestSuite.java:232)
	at junit.framework.TestSuite.run(TestSuite.java:227)
	at org.apache.tools.ant.taskdefs.optional.junit.JUnitTestRunner.run(JUnitTestRunner.java:420)
	at org.apache.tools.ant.taskdefs.optional.junit.JUnitTestRunner.launch(JUnitTestRunner.java:911)
	at org.apache.tools.ant.taskdefs.optional.junit.JUnitTestRunner.main(JUnitTestRunner.java:768)
Adding Deliverable To List
com.topcoder.util.config.UnknownNamespaceException: com.topcoder.util.log is unknown
	at com.topcoder.util.config.DefaultConfigManager.getPropertyObject(DefaultConfigManager.java:429)
	at com.topcoder.util.config.DefaultConfigManager.getString(DefaultConfigManager.java:449)
	at com.topcoder.util.log.LogFactory.getAttribute(LogFactory.java:224)
	at com.topcoder.util.log.basic.BasicLog.log(BasicLog.java:74)
	at com.topcoder.management.deliverable.PersistenceDeliverableManager.searchDeliverablesHelper(PersistenceDeliverableManager.java:302)
	at com.topcoder.management.deliverable.PersistenceDeliverableManager.searchDeliverablesWithSubmissionFilter(PersistenceDeliverableManager.java:217)
	at com.topcoder.management.deliverable.PersistenceDeliverableManagerTests.testSearchDeliverablesWithSubmissionFilterByName(PersistenceDeliverableManagerTests.java:528)
	at sun.reflect.NativeMethodAccessorImpl.invoke0(Native Method)
	at sun.reflect.NativeMethodAccessorImpl.invoke(NativeMethodAccessorImpl.java:57)
	at sun.reflect.DelegatingMethodAccessorImpl.invoke(DelegatingMethodAccessorImpl.java:43)
	at java.lang.reflect.Method.invoke(Method.java:616)
	at junit.framework.TestCase.runTest(TestCase.java:168)
	at junit.framework.TestCase.runBare(TestCase.java:134)
	at junit.framework.TestResult$1.protect(TestResult.java:110)
	at junit.framework.TestResult.runProtected(TestResult.java:128)
	at junit.framework.TestResult.run(TestResult.java:113)
	at junit.framework.TestCase.run(TestCase.java:124)
	at junit.framework.TestSuite.runTest(TestSuite.java:232)
	at junit.framework.TestSuite.run(TestSuite.java:227)
	at junit.framework.TestSuite.runTest(TestSuite.java:232)
	at junit.framework.TestSuite.run(TestSuite.java:227)
	at junit.framework.TestSuite.runTest(TestSuite.java:232)
	at junit.framework.TestSuite.run(TestSuite.java:227)
	at org.apache.tools.ant.taskdefs.optional.junit.JUnitTestRunner.run(JUnitTestRunner.java:420)
	at org.apache.tools.ant.taskdefs.optional.junit.JUnitTestRunner.launch(JUnitTestRunner.java:911)
	at org.apache.tools.ant.taskdefs.optional.junit.JUnitTestRunner.main(JUnitTestRunner.java:768)
Loading Deliverable Array
com.topcoder.util.config.UnknownNamespaceException: com.topcoder.util.log is unknown
	at com.topcoder.util.config.DefaultConfigManager.getPropertyObject(DefaultConfigManager.java:429)
	at com.topcoder.util.config.DefaultConfigManager.getString(DefaultConfigManager.java:449)
	at com.topcoder.util.log.LogFactory.getAttribute(LogFactory.java:224)
	at com.topcoder.util.log.basic.BasicLog.log(BasicLog.java:74)
	at com.topcoder.management.deliverable.PersistenceDeliverableManager.searchDeliverablesHelper(PersistenceDeliverableManager.java:325)
	at com.topcoder.management.deliverable.PersistenceDeliverableManager.searchDeliverablesWithSubmissionFilter(PersistenceDeliverableManager.java:217)
	at com.topcoder.management.deliverable.PersistenceDeliverableManagerTests.testSearchDeliverablesWithSubmissionFilterByName(PersistenceDeliverableManagerTests.java:528)
	at sun.reflect.NativeMethodAccessorImpl.invoke0(Native Method)
	at sun.reflect.NativeMethodAccessorImpl.invoke(NativeMethodAccessorImpl.java:57)
	at sun.reflect.DelegatingMethodAccessorImpl.invoke(DelegatingMethodAccessorImpl.java:43)
	at java.lang.reflect.Method.invoke(Method.java:616)
	at junit.framework.TestCase.runTest(TestCase.java:168)
	at junit.framework.TestCase.runBare(TestCase.java:134)
	at junit.framework.TestResult$1.protect(TestResult.java:110)
	at junit.framework.TestResult.runProtected(TestResult.java:128)
	at junit.framework.TestResult.run(TestResult.java:113)
	at junit.framework.TestCase.run(TestCase.java:124)
	at junit.framework.TestSuite.runTest(TestSuite.java:232)
	at junit.framework.TestSuite.run(TestSuite.java:227)
	at junit.framework.TestSuite.runTest(TestSuite.java:232)
	at junit.framework.TestSuite.run(TestSuite.java:227)
	at junit.framework.TestSuite.runTest(TestSuite.java:232)
	at junit.framework.TestSuite.run(TestSuite.java:227)
	at org.apache.tools.ant.taskdefs.optional.junit.JUnitTestRunner.run(JUnitTestRunner.java:420)
	at org.apache.tools.ant.taskdefs.optional.junit.JUnitTestRunner.launch(JUnitTestRunner.java:911)
	at org.apache.tools.ant.taskdefs.optional.junit.JUnitTestRunner.main(JUnitTestRunner.java:768)
Adding Deliverable To List
com.topcoder.util.config.UnknownNamespaceException: com.topcoder.util.log is unknown
	at com.topcoder.util.config.DefaultConfigManager.getPropertyObject(DefaultConfigManager.java:429)
	at com.topcoder.util.config.DefaultConfigManager.getString(DefaultConfigManager.java:449)
	at com.topcoder.util.log.LogFactory.getAttribute(LogFactory.java:224)
	at com.topcoder.util.log.basic.BasicLog.log(BasicLog.java:74)
	at com.topcoder.management.deliverable.PersistenceDeliverableManager.<init>(PersistenceDeliverableManager.java:157)
	at com.topcoder.management.deliverable.PersistenceDeliverableManager.<init>(PersistenceDeliverableManager.java:183)
	at com.topcoder.management.deliverable.PersistenceDeliverableManagerTests.setUp(PersistenceDeliverableManagerTests.java:97)
	at junit.framework.TestCase.runBare(TestCase.java:132)
	at junit.framework.TestResult$1.protect(TestResult.java:110)
	at junit.framework.TestResult.runProtected(TestResult.java:128)
	at junit.framework.TestResult.run(TestResult.java:113)
	at junit.framework.TestCase.run(TestCase.java:124)
	at junit.framework.TestSuite.runTest(TestSuite.java:232)
	at junit.framework.TestSuite.run(TestSuite.java:227)
	at junit.framework.TestSuite.runTest(TestSuite.java:232)
	at junit.framework.TestSuite.run(TestSuite.java:227)
	at junit.framework.TestSuite.runTest(TestSuite.java:232)
	at junit.framework.TestSuite.run(TestSuite.java:227)
	at org.apache.tools.ant.taskdefs.optional.junit.JUnitTestRunner.run(JUnitTestRunner.java:420)
	at org.apache.tools.ant.taskdefs.optional.junit.JUnitTestRunner.launch(JUnitTestRunner.java:911)
	at org.apache.tools.ant.taskdefs.optional.junit.JUnitTestRunner.main(JUnitTestRunner.java:768)
Instantiate PersistenceDeliverableManager with DeliverablePersistence, deliverableCheckers map,deliverableSearchBundle and submissionSearchBundle.
com.topcoder.util.config.UnknownNamespaceException: com.topcoder.util.log is unknown
	at com.topcoder.util.config.DefaultConfigManager.getPropertyObject(DefaultConfigManager.java:429)
	at com.topcoder.util.config.DefaultConfigManager.getString(DefaultConfigManager.java:449)
	at com.topcoder.util.log.LogFactory.getAttribute(LogFactory.java:224)
	at com.topcoder.util.log.basic.BasicLog.log(BasicLog.java:74)
	at com.topcoder.management.deliverable.PersistenceDeliverableManager.searchDeliverablesWithSubmissionFilter(PersistenceDeliverableManager.java:216)
	at com.topcoder.management.deliverable.PersistenceDeliverableManagerTests.testSearchDeliverablesWithSubmissionFilterByProjectId(PersistenceDeliverableManagerTests.java:549)
	at sun.reflect.NativeMethodAccessorImpl.invoke0(Native Method)
	at sun.reflect.NativeMethodAccessorImpl.invoke(NativeMethodAccessorImpl.java:57)
	at sun.reflect.DelegatingMethodAccessorImpl.invoke(DelegatingMethodAccessorImpl.java:43)
	at java.lang.reflect.Method.invoke(Method.java:616)
	at junit.framework.TestCase.runTest(TestCase.java:168)
	at junit.framework.TestCase.runBare(TestCase.java:134)
	at junit.framework.TestResult$1.protect(TestResult.java:110)
	at junit.framework.TestResult.runProtected(TestResult.java:128)
	at junit.framework.TestResult.run(TestResult.java:113)
	at junit.framework.TestCase.run(TestCase.java:124)
	at junit.framework.TestSuite.runTest(TestSuite.java:232)
	at junit.framework.TestSuite.run(TestSuite.java:227)
	at junit.framework.TestSuite.runTest(TestSuite.java:232)
	at junit.framework.TestSuite.run(TestSuite.java:227)
	at junit.framework.TestSuite.runTest(TestSuite.java:232)
	at junit.framework.TestSuite.run(TestSuite.java:227)
	at org.apache.tools.ant.taskdefs.optional.junit.JUnitTestRunner.run(JUnitTestRunner.java:420)
	at org.apache.tools.ant.taskdefs.optional.junit.JUnitTestRunner.launch(JUnitTestRunner.java:911)
	at org.apache.tools.ant.taskdefs.optional.junit.JUnitTestRunner.main(JUnitTestRunner.java:768)
search deliverables with submission filter.
com.topcoder.util.config.UnknownNamespaceException: com.topcoder.util.log is unknown
	at com.topcoder.util.config.DefaultConfigManager.getPropertyObject(DefaultConfigManager.java:429)
	at com.topcoder.util.config.DefaultConfigManager.getString(DefaultConfigManager.java:449)
	at com.topcoder.util.log.LogFactory.getAttribute(LogFactory.java:224)
	at com.topcoder.util.log.basic.BasicLog.log(BasicLog.java:74)
	at com.topcoder.management.deliverable.DeliverableHelper.checkAndGetCustomResultSetValidDeliverable(DeliverableHelper.java:156)
	at com.topcoder.management.deliverable.PersistenceDeliverableManager.searchDeliverablesHelper(PersistenceDeliverableManager.java:284)
	at com.topcoder.management.deliverable.PersistenceDeliverableManager.searchDeliverablesWithSubmissionFilter(PersistenceDeliverableManager.java:217)
	at com.topcoder.management.deliverable.PersistenceDeliverableManagerTests.testSearchDeliverablesWithSubmissionFilterByProjectId(PersistenceDeliverableManagerTests.java:549)
	at sun.reflect.NativeMethodAccessorImpl.invoke0(Native Method)
	at sun.reflect.NativeMethodAccessorImpl.invoke(NativeMethodAccessorImpl.java:57)
	at sun.reflect.DelegatingMethodAccessorImpl.invoke(DelegatingMethodAccessorImpl.java:43)
	at java.lang.reflect.Method.invoke(Method.java:616)
	at junit.framework.TestCase.runTest(TestCase.java:168)
	at junit.framework.TestCase.runBare(TestCase.java:134)
	at junit.framework.TestResult$1.protect(TestResult.java:110)
	at junit.framework.TestResult.runProtected(TestResult.java:128)
	at junit.framework.TestResult.run(TestResult.java:113)
	at junit.framework.TestCase.run(TestCase.java:124)
	at junit.framework.TestSuite.runTest(TestSuite.java:232)
	at junit.framework.TestSuite.run(TestSuite.java:227)
	at junit.framework.TestSuite.runTest(TestSuite.java:232)
	at junit.framework.TestSuite.run(TestSuite.java:227)
	at junit.framework.TestSuite.runTest(TestSuite.java:232)
	at junit.framework.TestSuite.run(TestSuite.java:227)
	at org.apache.tools.ant.taskdefs.optional.junit.JUnitTestRunner.run(JUnitTestRunner.java:420)
	at org.apache.tools.ant.taskdefs.optional.junit.JUnitTestRunner.launch(JUnitTestRunner.java:911)
	at org.apache.tools.ant.taskdefs.optional.junit.JUnitTestRunner.main(JUnitTestRunner.java:768)
CustomResultSet Records: 8
com.topcoder.util.config.UnknownNamespaceException: com.topcoder.util.log is unknown
	at com.topcoder.util.config.DefaultConfigManager.getPropertyObject(DefaultConfigManager.java:429)
	at com.topcoder.util.config.DefaultConfigManager.getString(DefaultConfigManager.java:449)
	at com.topcoder.util.log.LogFactory.getAttribute(LogFactory.java:224)
	at com.topcoder.util.log.basic.BasicLog.log(BasicLog.java:74)
	at com.topcoder.management.deliverable.PersistenceDeliverableManager.searchDeliverablesHelper(PersistenceDeliverableManager.java:289)
	at com.topcoder.management.deliverable.PersistenceDeliverableManager.searchDeliverablesWithSubmissionFilter(PersistenceDeliverableManager.java:217)
	at com.topcoder.management.deliverable.PersistenceDeliverableManagerTests.testSearchDeliverablesWithSubmissionFilterByProjectId(PersistenceDeliverableManagerTests.java:549)
	at sun.reflect.NativeMethodAccessorImpl.invoke0(Native Method)
	at sun.reflect.NativeMethodAccessorImpl.invoke(NativeMethodAccessorImpl.java:57)
	at sun.reflect.DelegatingMethodAccessorImpl.invoke(DelegatingMethodAccessorImpl.java:43)
	at java.lang.reflect.Method.invoke(Method.java:616)
	at junit.framework.TestCase.runTest(TestCase.java:168)
	at junit.framework.TestCase.runBare(TestCase.java:134)
	at junit.framework.TestResult$1.protect(TestResult.java:110)
	at junit.framework.TestResult.runProtected(TestResult.java:128)
	at junit.framework.TestResult.run(TestResult.java:113)
	at junit.framework.TestCase.run(TestCase.java:124)
	at junit.framework.TestSuite.runTest(TestSuite.java:232)
	at junit.framework.TestSuite.run(TestSuite.java:227)
	at junit.framework.TestSuite.runTest(TestSuite.java:232)
	at junit.framework.TestSuite.run(TestSuite.java:227)
	at junit.framework.TestSuite.runTest(TestSuite.java:232)
	at junit.framework.TestSuite.run(TestSuite.java:227)
	at org.apache.tools.ant.taskdefs.optional.junit.JUnitTestRunner.run(JUnitTestRunner.java:420)
	at org.apache.tools.ant.taskdefs.optional.junit.JUnitTestRunner.launch(JUnitTestRunner.java:911)
	at org.apache.tools.ant.taskdefs.optional.junit.JUnitTestRunner.main(JUnitTestRunner.java:768)
Deliverable Id Array: 4, 8
com.topcoder.util.config.UnknownNamespaceException: com.topcoder.util.log is unknown
	at com.topcoder.util.config.DefaultConfigManager.getPropertyObject(DefaultConfigManager.java:429)
	at com.topcoder.util.config.DefaultConfigManager.getString(DefaultConfigManager.java:449)
	at com.topcoder.util.log.LogFactory.getAttribute(LogFactory.java:224)
	at com.topcoder.util.log.basic.BasicLog.log(BasicLog.java:74)
	at com.topcoder.management.deliverable.PersistenceDeliverableManager.searchDeliverablesHelper(PersistenceDeliverableManager.java:302)
	at com.topcoder.management.deliverable.PersistenceDeliverableManager.searchDeliverablesWithSubmissionFilter(PersistenceDeliverableManager.java:217)
	at com.topcoder.management.deliverable.PersistenceDeliverableManagerTests.testSearchDeliverablesWithSubmissionFilterByProjectId(PersistenceDeliverableManagerTests.java:549)
	at sun.reflect.NativeMethodAccessorImpl.invoke0(Native Method)
	at sun.reflect.NativeMethodAccessorImpl.invoke(NativeMethodAccessorImpl.java:57)
	at sun.reflect.DelegatingMethodAccessorImpl.invoke(DelegatingMethodAccessorImpl.java:43)
	at java.lang.reflect.Method.invoke(Method.java:616)
	at junit.framework.TestCase.runTest(TestCase.java:168)
	at junit.framework.TestCase.runBare(TestCase.java:134)
	at junit.framework.TestResult$1.protect(TestResult.java:110)
	at junit.framework.TestResult.runProtected(TestResult.java:128)
	at junit.framework.TestResult.run(TestResult.java:113)
	at junit.framework.TestCase.run(TestCase.java:124)
	at junit.framework.TestSuite.runTest(TestSuite.java:232)
	at junit.framework.TestSuite.run(TestSuite.java:227)
	at junit.framework.TestSuite.runTest(TestSuite.java:232)
	at junit.framework.TestSuite.run(TestSuite.java:227)
	at junit.framework.TestSuite.runTest(TestSuite.java:232)
	at junit.framework.TestSuite.run(TestSuite.java:227)
	at org.apache.tools.ant.taskdefs.optional.junit.JUnitTestRunner.run(JUnitTestRunner.java:420)
	at org.apache.tools.ant.taskdefs.optional.junit.JUnitTestRunner.launch(JUnitTestRunner.java:911)
	at org.apache.tools.ant.taskdefs.optional.junit.JUnitTestRunner.main(JUnitTestRunner.java:768)
Loading Deliverable Array
com.topcoder.util.config.UnknownNamespaceException: com.topcoder.util.log is unknown
	at com.topcoder.util.config.DefaultConfigManager.getPropertyObject(DefaultConfigManager.java:429)
	at com.topcoder.util.config.DefaultConfigManager.getString(DefaultConfigManager.java:449)
	at com.topcoder.util.log.LogFactory.getAttribute(LogFactory.java:224)
	at com.topcoder.util.log.basic.BasicLog.log(BasicLog.java:74)
	at com.topcoder.management.deliverable.PersistenceDeliverableManager.searchDeliverablesHelper(PersistenceDeliverableManager.java:325)
	at com.topcoder.management.deliverable.PersistenceDeliverableManager.searchDeliverablesWithSubmissionFilter(PersistenceDeliverableManager.java:217)
	at com.topcoder.management.deliverable.PersistenceDeliverableManagerTests.testSearchDeliverablesWithSubmissionFilterByProjectId(PersistenceDeliverableManagerTests.java:549)
	at sun.reflect.NativeMethodAccessorImpl.invoke0(Native Method)
	at sun.reflect.NativeMethodAccessorImpl.invoke(NativeMethodAccessorImpl.java:57)
	at sun.reflect.DelegatingMethodAccessorImpl.invoke(DelegatingMethodAccessorImpl.java:43)
	at java.lang.reflect.Method.invoke(Method.java:616)
	at junit.framework.TestCase.runTest(TestCase.java:168)
	at junit.framework.TestCase.runBare(TestCase.java:134)
	at junit.framework.TestResult$1.protect(TestResult.java:110)
	at junit.framework.TestResult.runProtected(TestResult.java:128)
	at junit.framework.TestResult.run(TestResult.java:113)
	at junit.framework.TestCase.run(TestCase.java:124)
	at junit.framework.TestSuite.runTest(TestSuite.java:232)
	at junit.framework.TestSuite.run(TestSuite.java:227)
	at junit.framework.TestSuite.runTest(TestSuite.java:232)
	at junit.framework.TestSuite.run(TestSuite.java:227)
	at junit.framework.TestSuite.runTest(TestSuite.java:232)
	at junit.framework.TestSuite.run(TestSuite.java:227)
	at org.apache.tools.ant.taskdefs.optional.junit.JUnitTestRunner.run(JUnitTestRunner.java:420)
	at org.apache.tools.ant.taskdefs.optional.junit.JUnitTestRunner.launch(JUnitTestRunner.java:911)
	at org.apache.tools.ant.taskdefs.optional.junit.JUnitTestRunner.main(JUnitTestRunner.java:768)
Adding Deliverable To List
com.topcoder.util.config.UnknownNamespaceException: com.topcoder.util.log is unknown
	at com.topcoder.util.config.DefaultConfigManager.getPropertyObject(DefaultConfigManager.java:429)
	at com.topcoder.util.config.DefaultConfigManager.getString(DefaultConfigManager.java:449)
	at com.topcoder.util.log.LogFactory.getAttribute(LogFactory.java:224)
	at com.topcoder.util.log.basic.BasicLog.log(BasicLog.java:74)
	at com.topcoder.management.deliverable.PersistenceDeliverableManager.searchDeliverablesHelper(PersistenceDeliverableManager.java:302)
	at com.topcoder.management.deliverable.PersistenceDeliverableManager.searchDeliverablesWithSubmissionFilter(PersistenceDeliverableManager.java:217)
	at com.topcoder.management.deliverable.PersistenceDeliverableManagerTests.testSearchDeliverablesWithSubmissionFilterByProjectId(PersistenceDeliverableManagerTests.java:549)
	at sun.reflect.NativeMethodAccessorImpl.invoke0(Native Method)
	at sun.reflect.NativeMethodAccessorImpl.invoke(NativeMethodAccessorImpl.java:57)
	at sun.reflect.DelegatingMethodAccessorImpl.invoke(DelegatingMethodAccessorImpl.java:43)
	at java.lang.reflect.Method.invoke(Method.java:616)
	at junit.framework.TestCase.runTest(TestCase.java:168)
	at junit.framework.TestCase.runBare(TestCase.java:134)
	at junit.framework.TestResult$1.protect(TestResult.java:110)
	at junit.framework.TestResult.runProtected(TestResult.java:128)
	at junit.framework.TestResult.run(TestResult.java:113)
	at junit.framework.TestCase.run(TestCase.java:124)
	at junit.framework.TestSuite.runTest(TestSuite.java:232)
	at junit.framework.TestSuite.run(TestSuite.java:227)
	at junit.framework.TestSuite.runTest(TestSuite.java:232)
	at junit.framework.TestSuite.run(TestSuite.java:227)
	at junit.framework.TestSuite.runTest(TestSuite.java:232)
	at junit.framework.TestSuite.run(TestSuite.java:227)
	at org.apache.tools.ant.taskdefs.optional.junit.JUnitTestRunner.run(JUnitTestRunner.java:420)
	at org.apache.tools.ant.taskdefs.optional.junit.JUnitTestRunner.launch(JUnitTestRunner.java:911)
	at org.apache.tools.ant.taskdefs.optional.junit.JUnitTestRunner.main(JUnitTestRunner.java:768)
Loading Deliverable Array
com.topcoder.util.config.UnknownNamespaceException: com.topcoder.util.log is unknown
	at com.topcoder.util.config.DefaultConfigManager.getPropertyObject(DefaultConfigManager.java:429)
	at com.topcoder.util.config.DefaultConfigManager.getString(DefaultConfigManager.java:449)
	at com.topcoder.util.log.LogFactory.getAttribute(LogFactory.java:224)
	at com.topcoder.util.log.basic.BasicLog.log(BasicLog.java:74)
	at com.topcoder.management.deliverable.PersistenceDeliverableManager.searchDeliverablesHelper(PersistenceDeliverableManager.java:325)
	at com.topcoder.management.deliverable.PersistenceDeliverableManager.searchDeliverablesWithSubmissionFilter(PersistenceDeliverableManager.java:217)
	at com.topcoder.management.deliverable.PersistenceDeliverableManagerTests.testSearchDeliverablesWithSubmissionFilterByProjectId(PersistenceDeliverableManagerTests.java:549)
	at sun.reflect.NativeMethodAccessorImpl.invoke0(Native Method)
	at sun.reflect.NativeMethodAccessorImpl.invoke(NativeMethodAccessorImpl.java:57)
	at sun.reflect.DelegatingMethodAccessorImpl.invoke(DelegatingMethodAccessorImpl.java:43)
	at java.lang.reflect.Method.invoke(Method.java:616)
	at junit.framework.TestCase.runTest(TestCase.java:168)
	at junit.framework.TestCase.runBare(TestCase.java:134)
	at junit.framework.TestResult$1.protect(TestResult.java:110)
	at junit.framework.TestResult.runProtected(TestResult.java:128)
	at junit.framework.TestResult.run(TestResult.java:113)
	at junit.framework.TestCase.run(TestCase.java:124)
	at junit.framework.TestSuite.runTest(TestSuite.java:232)
	at junit.framework.TestSuite.run(TestSuite.java:227)
	at junit.framework.TestSuite.runTest(TestSuite.java:232)
	at junit.framework.TestSuite.run(TestSuite.java:227)
	at junit.framework.TestSuite.runTest(TestSuite.java:232)
	at junit.framework.TestSuite.run(TestSuite.java:227)
	at org.apache.tools.ant.taskdefs.optional.junit.JUnitTestRunner.run(JUnitTestRunner.java:420)
	at org.apache.tools.ant.taskdefs.optional.junit.JUnitTestRunner.launch(JUnitTestRunner.java:911)
	at org.apache.tools.ant.taskdefs.optional.junit.JUnitTestRunner.main(JUnitTestRunner.java:768)
Adding Deliverable To List
com.topcoder.util.config.UnknownNamespaceException: com.topcoder.util.log is unknown
	at com.topcoder.util.config.DefaultConfigManager.getPropertyObject(DefaultConfigManager.java:429)
	at com.topcoder.util.config.DefaultConfigManager.getString(DefaultConfigManager.java:449)
	at com.topcoder.util.log.LogFactory.getAttribute(LogFactory.java:224)
	at com.topcoder.util.log.basic.BasicLog.log(BasicLog.java:74)
	at com.topcoder.management.deliverable.PersistenceDeliverableManager.searchDeliverablesHelper(PersistenceDeliverableManager.java:302)
	at com.topcoder.management.deliverable.PersistenceDeliverableManager.searchDeliverablesWithSubmissionFilter(PersistenceDeliverableManager.java:217)
	at com.topcoder.management.deliverable.PersistenceDeliverableManagerTests.testSearchDeliverablesWithSubmissionFilterByProjectId(PersistenceDeliverableManagerTests.java:549)
	at sun.reflect.NativeMethodAccessorImpl.invoke0(Native Method)
	at sun.reflect.NativeMethodAccessorImpl.invoke(NativeMethodAccessorImpl.java:57)
	at sun.reflect.DelegatingMethodAccessorImpl.invoke(DelegatingMethodAccessorImpl.java:43)
	at java.lang.reflect.Method.invoke(Method.java:616)
	at junit.framework.TestCase.runTest(TestCase.java:168)
	at junit.framework.TestCase.runBare(TestCase.java:134)
	at junit.framework.TestResult$1.protect(TestResult.java:110)
	at junit.framework.TestResult.runProtected(TestResult.java:128)
	at junit.framework.TestResult.run(TestResult.java:113)
	at junit.framework.TestCase.run(TestCase.java:124)
	at junit.framework.TestSuite.runTest(TestSuite.java:232)
	at junit.framework.TestSuite.run(TestSuite.java:227)
	at junit.framework.TestSuite.runTest(TestSuite.java:232)
	at junit.framework.TestSuite.run(TestSuite.java:227)
	at junit.framework.TestSuite.runTest(TestSuite.java:232)
	at junit.framework.TestSuite.run(TestSuite.java:227)
	at org.apache.tools.ant.taskdefs.optional.junit.JUnitTestRunner.run(JUnitTestRunner.java:420)
	at org.apache.tools.ant.taskdefs.optional.junit.JUnitTestRunner.launch(JUnitTestRunner.java:911)
	at org.apache.tools.ant.taskdefs.optional.junit.JUnitTestRunner.main(JUnitTestRunner.java:768)
Loading Deliverable Array
com.topcoder.util.config.UnknownNamespaceException: com.topcoder.util.log is unknown
	at com.topcoder.util.config.DefaultConfigManager.getPropertyObject(DefaultConfigManager.java:429)
	at com.topcoder.util.config.DefaultConfigManager.getString(DefaultConfigManager.java:449)
	at com.topcoder.util.log.LogFactory.getAttribute(LogFactory.java:224)
	at com.topcoder.util.log.basic.BasicLog.log(BasicLog.java:74)
	at com.topcoder.management.deliverable.PersistenceDeliverableManager.searchDeliverablesHelper(PersistenceDeliverableManager.java:325)
	at com.topcoder.management.deliverable.PersistenceDeliverableManager.searchDeliverablesWithSubmissionFilter(PersistenceDeliverableManager.java:217)
	at com.topcoder.management.deliverable.PersistenceDeliverableManagerTests.testSearchDeliverablesWithSubmissionFilterByProjectId(PersistenceDeliverableManagerTests.java:549)
	at sun.reflect.NativeMethodAccessorImpl.invoke0(Native Method)
	at sun.reflect.NativeMethodAccessorImpl.invoke(NativeMethodAccessorImpl.java:57)
	at sun.reflect.DelegatingMethodAccessorImpl.invoke(DelegatingMethodAccessorImpl.java:43)
	at java.lang.reflect.Method.invoke(Method.java:616)
	at junit.framework.TestCase.runTest(TestCase.java:168)
	at junit.framework.TestCase.runBare(TestCase.java:134)
	at junit.framework.TestResult$1.protect(TestResult.java:110)
	at junit.framework.TestResult.runProtected(TestResult.java:128)
	at junit.framework.TestResult.run(TestResult.java:113)
	at junit.framework.TestCase.run(TestCase.java:124)
	at junit.framework.TestSuite.runTest(TestSuite.java:232)
	at junit.framework.TestSuite.run(TestSuite.java:227)
	at junit.framework.TestSuite.runTest(TestSuite.java:232)
	at junit.framework.TestSuite.run(TestSuite.java:227)
	at junit.framework.TestSuite.runTest(TestSuite.java:232)
	at junit.framework.TestSuite.run(TestSuite.java:227)
	at org.apache.tools.ant.taskdefs.optional.junit.JUnitTestRunner.run(JUnitTestRunner.java:420)
	at org.apache.tools.ant.taskdefs.optional.junit.JUnitTestRunner.launch(JUnitTestRunner.java:911)
	at org.apache.tools.ant.taskdefs.optional.junit.JUnitTestRunner.main(JUnitTestRunner.java:768)
Adding Deliverable To List
com.topcoder.util.config.UnknownNamespaceException: com.topcoder.util.log is unknown
	at com.topcoder.util.config.DefaultConfigManager.getPropertyObject(DefaultConfigManager.java:429)
	at com.topcoder.util.config.DefaultConfigManager.getString(DefaultConfigManager.java:449)
	at com.topcoder.util.log.LogFactory.getAttribute(LogFactory.java:224)
	at com.topcoder.util.log.basic.BasicLog.log(BasicLog.java:74)
	at com.topcoder.management.deliverable.PersistenceDeliverableManager.searchDeliverablesHelper(PersistenceDeliverableManager.java:302)
	at com.topcoder.management.deliverable.PersistenceDeliverableManager.searchDeliverablesWithSubmissionFilter(PersistenceDeliverableManager.java:217)
	at com.topcoder.management.deliverable.PersistenceDeliverableManagerTests.testSearchDeliverablesWithSubmissionFilterByProjectId(PersistenceDeliverableManagerTests.java:549)
	at sun.reflect.NativeMethodAccessorImpl.invoke0(Native Method)
	at sun.reflect.NativeMethodAccessorImpl.invoke(NativeMethodAccessorImpl.java:57)
	at sun.reflect.DelegatingMethodAccessorImpl.invoke(DelegatingMethodAccessorImpl.java:43)
	at java.lang.reflect.Method.invoke(Method.java:616)
	at junit.framework.TestCase.runTest(TestCase.java:168)
	at junit.framework.TestCase.runBare(TestCase.java:134)
	at junit.framework.TestResult$1.protect(TestResult.java:110)
	at junit.framework.TestResult.runProtected(TestResult.java:128)
	at junit.framework.TestResult.run(TestResult.java:113)
	at junit.framework.TestCase.run(TestCase.java:124)
	at junit.framework.TestSuite.runTest(TestSuite.java:232)
	at junit.framework.TestSuite.run(TestSuite.java:227)
	at junit.framework.TestSuite.runTest(TestSuite.java:232)
	at junit.framework.TestSuite.run(TestSuite.java:227)
	at junit.framework.TestSuite.runTest(TestSuite.java:232)
	at junit.framework.TestSuite.run(TestSuite.java:227)
	at org.apache.tools.ant.taskdefs.optional.junit.JUnitTestRunner.run(JUnitTestRunner.java:420)
	at org.apache.tools.ant.taskdefs.optional.junit.JUnitTestRunner.launch(JUnitTestRunner.java:911)
	at org.apache.tools.ant.taskdefs.optional.junit.JUnitTestRunner.main(JUnitTestRunner.java:768)
Loading Deliverable Array
com.topcoder.util.config.UnknownNamespaceException: com.topcoder.util.log is unknown
	at com.topcoder.util.config.DefaultConfigManager.getPropertyObject(DefaultConfigManager.java:429)
	at com.topcoder.util.config.DefaultConfigManager.getString(DefaultConfigManager.java:449)
	at com.topcoder.util.log.LogFactory.getAttribute(LogFactory.java:224)
	at com.topcoder.util.log.basic.BasicLog.log(BasicLog.java:74)
	at com.topcoder.management.deliverable.PersistenceDeliverableManager.searchDeliverablesHelper(PersistenceDeliverableManager.java:325)
	at com.topcoder.management.deliverable.PersistenceDeliverableManager.searchDeliverablesWithSubmissionFilter(PersistenceDeliverableManager.java:217)
	at com.topcoder.management.deliverable.PersistenceDeliverableManagerTests.testSearchDeliverablesWithSubmissionFilterByProjectId(PersistenceDeliverableManagerTests.java:549)
	at sun.reflect.NativeMethodAccessorImpl.invoke0(Native Method)
	at sun.reflect.NativeMethodAccessorImpl.invoke(NativeMethodAccessorImpl.java:57)
	at sun.reflect.DelegatingMethodAccessorImpl.invoke(DelegatingMethodAccessorImpl.java:43)
	at java.lang.reflect.Method.invoke(Method.java:616)
	at junit.framework.TestCase.runTest(TestCase.java:168)
	at junit.framework.TestCase.runBare(TestCase.java:134)
	at junit.framework.TestResult$1.protect(TestResult.java:110)
	at junit.framework.TestResult.runProtected(TestResult.java:128)
	at junit.framework.TestResult.run(TestResult.java:113)
	at junit.framework.TestCase.run(TestCase.java:124)
	at junit.framework.TestSuite.runTest(TestSuite.java:232)
	at junit.framework.TestSuite.run(TestSuite.java:227)
	at junit.framework.TestSuite.runTest(TestSuite.java:232)
	at junit.framework.TestSuite.run(TestSuite.java:227)
	at junit.framework.TestSuite.runTest(TestSuite.java:232)
	at junit.framework.TestSuite.run(TestSuite.java:227)
	at org.apache.tools.ant.taskdefs.optional.junit.JUnitTestRunner.run(JUnitTestRunner.java:420)
	at org.apache.tools.ant.taskdefs.optional.junit.JUnitTestRunner.launch(JUnitTestRunner.java:911)
	at org.apache.tools.ant.taskdefs.optional.junit.JUnitTestRunner.main(JUnitTestRunner.java:768)
Adding Deliverable To List
com.topcoder.util.config.UnknownNamespaceException: com.topcoder.util.log is unknown
	at com.topcoder.util.config.DefaultConfigManager.getPropertyObject(DefaultConfigManager.java:429)
	at com.topcoder.util.config.DefaultConfigManager.getString(DefaultConfigManager.java:449)
	at com.topcoder.util.log.LogFactory.getAttribute(LogFactory.java:224)
	at com.topcoder.util.log.basic.BasicLog.log(BasicLog.java:74)
	at com.topcoder.management.deliverable.PersistenceDeliverableManager.searchDeliverablesHelper(PersistenceDeliverableManager.java:302)
	at com.topcoder.management.deliverable.PersistenceDeliverableManager.searchDeliverablesWithSubmissionFilter(PersistenceDeliverableManager.java:217)
	at com.topcoder.management.deliverable.PersistenceDeliverableManagerTests.testSearchDeliverablesWithSubmissionFilterByProjectId(PersistenceDeliverableManagerTests.java:549)
	at sun.reflect.NativeMethodAccessorImpl.invoke0(Native Method)
	at sun.reflect.NativeMethodAccessorImpl.invoke(NativeMethodAccessorImpl.java:57)
	at sun.reflect.DelegatingMethodAccessorImpl.invoke(DelegatingMethodAccessorImpl.java:43)
	at java.lang.reflect.Method.invoke(Method.java:616)
	at junit.framework.TestCase.runTest(TestCase.java:168)
	at junit.framework.TestCase.runBare(TestCase.java:134)
	at junit.framework.TestResult$1.protect(TestResult.java:110)
	at junit.framework.TestResult.runProtected(TestResult.java:128)
	at junit.framework.TestResult.run(TestResult.java:113)
	at junit.framework.TestCase.run(TestCase.java:124)
	at junit.framework.TestSuite.runTest(TestSuite.java:232)
	at junit.framework.TestSuite.run(TestSuite.java:227)
	at junit.framework.TestSuite.runTest(TestSuite.java:232)
	at junit.framework.TestSuite.run(TestSuite.java:227)
	at junit.framework.TestSuite.runTest(TestSuite.java:232)
	at junit.framework.TestSuite.run(TestSuite.java:227)
	at org.apache.tools.ant.taskdefs.optional.junit.JUnitTestRunner.run(JUnitTestRunner.java:420)
	at org.apache.tools.ant.taskdefs.optional.junit.JUnitTestRunner.launch(JUnitTestRunner.java:911)
	at org.apache.tools.ant.taskdefs.optional.junit.JUnitTestRunner.main(JUnitTestRunner.java:768)
Loading Deliverable Array
com.topcoder.util.config.UnknownNamespaceException: com.topcoder.util.log is unknown
	at com.topcoder.util.config.DefaultConfigManager.getPropertyObject(DefaultConfigManager.java:429)
	at com.topcoder.util.config.DefaultConfigManager.getString(DefaultConfigManager.java:449)
	at com.topcoder.util.log.LogFactory.getAttribute(LogFactory.java:224)
	at com.topcoder.util.log.basic.BasicLog.log(BasicLog.java:74)
	at com.topcoder.management.deliverable.PersistenceDeliverableManager.searchDeliverablesHelper(PersistenceDeliverableManager.java:325)
	at com.topcoder.management.deliverable.PersistenceDeliverableManager.searchDeliverablesWithSubmissionFilter(PersistenceDeliverableManager.java:217)
	at com.topcoder.management.deliverable.PersistenceDeliverableManagerTests.testSearchDeliverablesWithSubmissionFilterByProjectId(PersistenceDeliverableManagerTests.java:549)
	at sun.reflect.NativeMethodAccessorImpl.invoke0(Native Method)
	at sun.reflect.NativeMethodAccessorImpl.invoke(NativeMethodAccessorImpl.java:57)
	at sun.reflect.DelegatingMethodAccessorImpl.invoke(DelegatingMethodAccessorImpl.java:43)
	at java.lang.reflect.Method.invoke(Method.java:616)
	at junit.framework.TestCase.runTest(TestCase.java:168)
	at junit.framework.TestCase.runBare(TestCase.java:134)
	at junit.framework.TestResult$1.protect(TestResult.java:110)
	at junit.framework.TestResult.runProtected(TestResult.java:128)
	at junit.framework.TestResult.run(TestResult.java:113)
	at junit.framework.TestCase.run(TestCase.java:124)
	at junit.framework.TestSuite.runTest(TestSuite.java:232)
	at junit.framework.TestSuite.run(TestSuite.java:227)
	at junit.framework.TestSuite.runTest(TestSuite.java:232)
	at junit.framework.TestSuite.run(TestSuite.java:227)
	at junit.framework.TestSuite.runTest(TestSuite.java:232)
	at junit.framework.TestSuite.run(TestSuite.java:227)
	at org.apache.tools.ant.taskdefs.optional.junit.JUnitTestRunner.run(JUnitTestRunner.java:420)
	at org.apache.tools.ant.taskdefs.optional.junit.JUnitTestRunner.launch(JUnitTestRunner.java:911)
	at org.apache.tools.ant.taskdefs.optional.junit.JUnitTestRunner.main(JUnitTestRunner.java:768)
Adding Deliverable To List
com.topcoder.util.config.UnknownNamespaceException: com.topcoder.util.log is unknown
	at com.topcoder.util.config.DefaultConfigManager.getPropertyObject(DefaultConfigManager.java:429)
	at com.topcoder.util.config.DefaultConfigManager.getString(DefaultConfigManager.java:449)
	at com.topcoder.util.log.LogFactory.getAttribute(LogFactory.java:224)
	at com.topcoder.util.log.basic.BasicLog.log(BasicLog.java:74)
	at com.topcoder.management.deliverable.PersistenceDeliverableManager.searchDeliverablesHelper(PersistenceDeliverableManager.java:302)
	at com.topcoder.management.deliverable.PersistenceDeliverableManager.searchDeliverablesWithSubmissionFilter(PersistenceDeliverableManager.java:217)
	at com.topcoder.management.deliverable.PersistenceDeliverableManagerTests.testSearchDeliverablesWithSubmissionFilterByProjectId(PersistenceDeliverableManagerTests.java:549)
	at sun.reflect.NativeMethodAccessorImpl.invoke0(Native Method)
	at sun.reflect.NativeMethodAccessorImpl.invoke(NativeMethodAccessorImpl.java:57)
	at sun.reflect.DelegatingMethodAccessorImpl.invoke(DelegatingMethodAccessorImpl.java:43)
	at java.lang.reflect.Method.invoke(Method.java:616)
	at junit.framework.TestCase.runTest(TestCase.java:168)
	at junit.framework.TestCase.runBare(TestCase.java:134)
	at junit.framework.TestResult$1.protect(TestResult.java:110)
	at junit.framework.TestResult.runProtected(TestResult.java:128)
	at junit.framework.TestResult.run(TestResult.java:113)
	at junit.framework.TestCase.run(TestCase.java:124)
	at junit.framework.TestSuite.runTest(TestSuite.java:232)
	at junit.framework.TestSuite.run(TestSuite.java:227)
	at junit.framework.TestSuite.runTest(TestSuite.java:232)
	at junit.framework.TestSuite.run(TestSuite.java:227)
	at junit.framework.TestSuite.runTest(TestSuite.java:232)
	at junit.framework.TestSuite.run(TestSuite.java:227)
	at org.apache.tools.ant.taskdefs.optional.junit.JUnitTestRunner.run(JUnitTestRunner.java:420)
	at org.apache.tools.ant.taskdefs.optional.junit.JUnitTestRunner.launch(JUnitTestRunner.java:911)
	at org.apache.tools.ant.taskdefs.optional.junit.JUnitTestRunner.main(JUnitTestRunner.java:768)
Loading Deliverable Array
com.topcoder.util.config.UnknownNamespaceException: com.topcoder.util.log is unknown
	at com.topcoder.util.config.DefaultConfigManager.getPropertyObject(DefaultConfigManager.java:429)
	at com.topcoder.util.config.DefaultConfigManager.getString(DefaultConfigManager.java:449)
	at com.topcoder.util.log.LogFactory.getAttribute(LogFactory.java:224)
	at com.topcoder.util.log.basic.BasicLog.log(BasicLog.java:74)
	at com.topcoder.management.deliverable.PersistenceDeliverableManager.searchDeliverablesHelper(PersistenceDeliverableManager.java:325)
	at com.topcoder.management.deliverable.PersistenceDeliverableManager.searchDeliverablesWithSubmissionFilter(PersistenceDeliverableManager.java:217)
	at com.topcoder.management.deliverable.PersistenceDeliverableManagerTests.testSearchDeliverablesWithSubmissionFilterByProjectId(PersistenceDeliverableManagerTests.java:549)
	at sun.reflect.NativeMethodAccessorImpl.invoke0(Native Method)
	at sun.reflect.NativeMethodAccessorImpl.invoke(NativeMethodAccessorImpl.java:57)
	at sun.reflect.DelegatingMethodAccessorImpl.invoke(DelegatingMethodAccessorImpl.java:43)
	at java.lang.reflect.Method.invoke(Method.java:616)
	at junit.framework.TestCase.runTest(TestCase.java:168)
	at junit.framework.TestCase.runBare(TestCase.java:134)
	at junit.framework.TestResult$1.protect(TestResult.java:110)
	at junit.framework.TestResult.runProtected(TestResult.java:128)
	at junit.framework.TestResult.run(TestResult.java:113)
	at junit.framework.TestCase.run(TestCase.java:124)
	at junit.framework.TestSuite.runTest(TestSuite.java:232)
	at junit.framework.TestSuite.run(TestSuite.java:227)
	at junit.framework.TestSuite.runTest(TestSuite.java:232)
	at junit.framework.TestSuite.run(TestSuite.java:227)
	at junit.framework.TestSuite.runTest(TestSuite.java:232)
	at junit.framework.TestSuite.run(TestSuite.java:227)
	at org.apache.tools.ant.taskdefs.optional.junit.JUnitTestRunner.run(JUnitTestRunner.java:420)
	at org.apache.tools.ant.taskdefs.optional.junit.JUnitTestRunner.launch(JUnitTestRunner.java:911)
	at org.apache.tools.ant.taskdefs.optional.junit.JUnitTestRunner.main(JUnitTestRunner.java:768)
Adding Deliverable To List
com.topcoder.util.config.UnknownNamespaceException: com.topcoder.util.log is unknown
	at com.topcoder.util.config.DefaultConfigManager.getPropertyObject(DefaultConfigManager.java:429)
	at com.topcoder.util.config.DefaultConfigManager.getString(DefaultConfigManager.java:449)
	at com.topcoder.util.log.LogFactory.getAttribute(LogFactory.java:224)
	at com.topcoder.util.log.basic.BasicLog.log(BasicLog.java:74)
	at com.topcoder.management.deliverable.PersistenceDeliverableManager.searchDeliverablesHelper(PersistenceDeliverableManager.java:302)
	at com.topcoder.management.deliverable.PersistenceDeliverableManager.searchDeliverablesWithSubmissionFilter(PersistenceDeliverableManager.java:217)
	at com.topcoder.management.deliverable.PersistenceDeliverableManagerTests.testSearchDeliverablesWithSubmissionFilterByProjectId(PersistenceDeliverableManagerTests.java:549)
	at sun.reflect.NativeMethodAccessorImpl.invoke0(Native Method)
	at sun.reflect.NativeMethodAccessorImpl.invoke(NativeMethodAccessorImpl.java:57)
	at sun.reflect.DelegatingMethodAccessorImpl.invoke(DelegatingMethodAccessorImpl.java:43)
	at java.lang.reflect.Method.invoke(Method.java:616)
	at junit.framework.TestCase.runTest(TestCase.java:168)
	at junit.framework.TestCase.runBare(TestCase.java:134)
	at junit.framework.TestResult$1.protect(TestResult.java:110)
	at junit.framework.TestResult.runProtected(TestResult.java:128)
	at junit.framework.TestResult.run(TestResult.java:113)
	at junit.framework.TestCase.run(TestCase.java:124)
	at junit.framework.TestSuite.runTest(TestSuite.java:232)
	at junit.framework.TestSuite.run(TestSuite.java:227)
	at junit.framework.TestSuite.runTest(TestSuite.java:232)
	at junit.framework.TestSuite.run(TestSuite.java:227)
	at junit.framework.TestSuite.runTest(TestSuite.java:232)
	at junit.framework.TestSuite.run(TestSuite.java:227)
	at org.apache.tools.ant.taskdefs.optional.junit.JUnitTestRunner.run(JUnitTestRunner.java:420)
	at org.apache.tools.ant.taskdefs.optional.junit.JUnitTestRunner.launch(JUnitTestRunner.java:911)
	at org.apache.tools.ant.taskdefs.optional.junit.JUnitTestRunner.main(JUnitTestRunner.java:768)
Loading Deliverable Array
com.topcoder.util.config.UnknownNamespaceException: com.topcoder.util.log is unknown
	at com.topcoder.util.config.DefaultConfigManager.getPropertyObject(DefaultConfigManager.java:429)
	at com.topcoder.util.config.DefaultConfigManager.getString(DefaultConfigManager.java:449)
	at com.topcoder.util.log.LogFactory.getAttribute(LogFactory.java:224)
	at com.topcoder.util.log.basic.BasicLog.log(BasicLog.java:74)
	at com.topcoder.management.deliverable.PersistenceDeliverableManager.searchDeliverablesHelper(PersistenceDeliverableManager.java:325)
	at com.topcoder.management.deliverable.PersistenceDeliverableManager.searchDeliverablesWithSubmissionFilter(PersistenceDeliverableManager.java:217)
	at com.topcoder.management.deliverable.PersistenceDeliverableManagerTests.testSearchDeliverablesWithSubmissionFilterByProjectId(PersistenceDeliverableManagerTests.java:549)
	at sun.reflect.NativeMethodAccessorImpl.invoke0(Native Method)
	at sun.reflect.NativeMethodAccessorImpl.invoke(NativeMethodAccessorImpl.java:57)
	at sun.reflect.DelegatingMethodAccessorImpl.invoke(DelegatingMethodAccessorImpl.java:43)
	at java.lang.reflect.Method.invoke(Method.java:616)
	at junit.framework.TestCase.runTest(TestCase.java:168)
	at junit.framework.TestCase.runBare(TestCase.java:134)
	at junit.framework.TestResult$1.protect(TestResult.java:110)
	at junit.framework.TestResult.runProtected(TestResult.java:128)
	at junit.framework.TestResult.run(TestResult.java:113)
	at junit.framework.TestCase.run(TestCase.java:124)
	at junit.framework.TestSuite.runTest(TestSuite.java:232)
	at junit.framework.TestSuite.run(TestSuite.java:227)
	at junit.framework.TestSuite.runTest(TestSuite.java:232)
	at junit.framework.TestSuite.run(TestSuite.java:227)
	at junit.framework.TestSuite.runTest(TestSuite.java:232)
	at junit.framework.TestSuite.run(TestSuite.java:227)
	at org.apache.tools.ant.taskdefs.optional.junit.JUnitTestRunner.run(JUnitTestRunner.java:420)
	at org.apache.tools.ant.taskdefs.optional.junit.JUnitTestRunner.launch(JUnitTestRunner.java:911)
	at org.apache.tools.ant.taskdefs.optional.junit.JUnitTestRunner.main(JUnitTestRunner.java:768)
Adding Deliverable To List
com.topcoder.util.config.UnknownNamespaceException: com.topcoder.util.log is unknown
	at com.topcoder.util.config.DefaultConfigManager.getPropertyObject(DefaultConfigManager.java:429)
	at com.topcoder.util.config.DefaultConfigManager.getString(DefaultConfigManager.java:449)
	at com.topcoder.util.log.LogFactory.getAttribute(LogFactory.java:224)
	at com.topcoder.util.log.basic.BasicLog.log(BasicLog.java:74)
	at com.topcoder.management.deliverable.PersistenceDeliverableManager.searchDeliverablesHelper(PersistenceDeliverableManager.java:302)
	at com.topcoder.management.deliverable.PersistenceDeliverableManager.searchDeliverablesWithSubmissionFilter(PersistenceDeliverableManager.java:217)
	at com.topcoder.management.deliverable.PersistenceDeliverableManagerTests.testSearchDeliverablesWithSubmissionFilterByProjectId(PersistenceDeliverableManagerTests.java:549)
	at sun.reflect.NativeMethodAccessorImpl.invoke0(Native Method)
	at sun.reflect.NativeMethodAccessorImpl.invoke(NativeMethodAccessorImpl.java:57)
	at sun.reflect.DelegatingMethodAccessorImpl.invoke(DelegatingMethodAccessorImpl.java:43)
	at java.lang.reflect.Method.invoke(Method.java:616)
	at junit.framework.TestCase.runTest(TestCase.java:168)
	at junit.framework.TestCase.runBare(TestCase.java:134)
	at junit.framework.TestResult$1.protect(TestResult.java:110)
	at junit.framework.TestResult.runProtected(TestResult.java:128)
	at junit.framework.TestResult.run(TestResult.java:113)
	at junit.framework.TestCase.run(TestCase.java:124)
	at junit.framework.TestSuite.runTest(TestSuite.java:232)
	at junit.framework.TestSuite.run(TestSuite.java:227)
	at junit.framework.TestSuite.runTest(TestSuite.java:232)
	at junit.framework.TestSuite.run(TestSuite.java:227)
	at junit.framework.TestSuite.runTest(TestSuite.java:232)
	at junit.framework.TestSuite.run(TestSuite.java:227)
	at org.apache.tools.ant.taskdefs.optional.junit.JUnitTestRunner.run(JUnitTestRunner.java:420)
	at org.apache.tools.ant.taskdefs.optional.junit.JUnitTestRunner.launch(JUnitTestRunner.java:911)
	at org.apache.tools.ant.taskdefs.optional.junit.JUnitTestRunner.main(JUnitTestRunner.java:768)
Loading Deliverable Array
com.topcoder.util.config.UnknownNamespaceException: com.topcoder.util.log is unknown
	at com.topcoder.util.config.DefaultConfigManager.getPropertyObject(DefaultConfigManager.java:429)
	at com.topcoder.util.config.DefaultConfigManager.getString(DefaultConfigManager.java:449)
	at com.topcoder.util.log.LogFactory.getAttribute(LogFactory.java:224)
	at com.topcoder.util.log.basic.BasicLog.log(BasicLog.java:74)
	at com.topcoder.management.deliverable.PersistenceDeliverableManager.searchDeliverablesHelper(PersistenceDeliverableManager.java:325)
	at com.topcoder.management.deliverable.PersistenceDeliverableManager.searchDeliverablesWithSubmissionFilter(PersistenceDeliverableManager.java:217)
	at com.topcoder.management.deliverable.PersistenceDeliverableManagerTests.testSearchDeliverablesWithSubmissionFilterByProjectId(PersistenceDeliverableManagerTests.java:549)
	at sun.reflect.NativeMethodAccessorImpl.invoke0(Native Method)
	at sun.reflect.NativeMethodAccessorImpl.invoke(NativeMethodAccessorImpl.java:57)
	at sun.reflect.DelegatingMethodAccessorImpl.invoke(DelegatingMethodAccessorImpl.java:43)
	at java.lang.reflect.Method.invoke(Method.java:616)
	at junit.framework.TestCase.runTest(TestCase.java:168)
	at junit.framework.TestCase.runBare(TestCase.java:134)
	at junit.framework.TestResult$1.protect(TestResult.java:110)
	at junit.framework.TestResult.runProtected(TestResult.java:128)
	at junit.framework.TestResult.run(TestResult.java:113)
	at junit.framework.TestCase.run(TestCase.java:124)
	at junit.framework.TestSuite.runTest(TestSuite.java:232)
	at junit.framework.TestSuite.run(TestSuite.java:227)
	at junit.framework.TestSuite.runTest(TestSuite.java:232)
	at junit.framework.TestSuite.run(TestSuite.java:227)
	at junit.framework.TestSuite.runTest(TestSuite.java:232)
	at junit.framework.TestSuite.run(TestSuite.java:227)
	at org.apache.tools.ant.taskdefs.optional.junit.JUnitTestRunner.run(JUnitTestRunner.java:420)
	at org.apache.tools.ant.taskdefs.optional.junit.JUnitTestRunner.launch(JUnitTestRunner.java:911)
	at org.apache.tools.ant.taskdefs.optional.junit.JUnitTestRunner.main(JUnitTestRunner.java:768)
Adding Deliverable To List
com.topcoder.util.config.UnknownNamespaceException: com.topcoder.util.log is unknown
	at com.topcoder.util.config.DefaultConfigManager.getPropertyObject(DefaultConfigManager.java:429)
	at com.topcoder.util.config.DefaultConfigManager.getString(DefaultConfigManager.java:449)
	at com.topcoder.util.log.LogFactory.getAttribute(LogFactory.java:224)
	at com.topcoder.util.log.basic.BasicLog.log(BasicLog.java:74)
	at com.topcoder.management.deliverable.PersistenceDeliverableManager.<init>(PersistenceDeliverableManager.java:157)
	at com.topcoder.management.deliverable.PersistenceDeliverableManager.<init>(PersistenceDeliverableManager.java:183)
	at com.topcoder.management.deliverable.PersistenceDeliverableManagerTests.setUp(PersistenceDeliverableManagerTests.java:97)
	at junit.framework.TestCase.runBare(TestCase.java:132)
	at junit.framework.TestResult$1.protect(TestResult.java:110)
	at junit.framework.TestResult.runProtected(TestResult.java:128)
	at junit.framework.TestResult.run(TestResult.java:113)
	at junit.framework.TestCase.run(TestCase.java:124)
	at junit.framework.TestSuite.runTest(TestSuite.java:232)
	at junit.framework.TestSuite.run(TestSuite.java:227)
	at junit.framework.TestSuite.runTest(TestSuite.java:232)
	at junit.framework.TestSuite.run(TestSuite.java:227)
	at junit.framework.TestSuite.runTest(TestSuite.java:232)
	at junit.framework.TestSuite.run(TestSuite.java:227)
	at org.apache.tools.ant.taskdefs.optional.junit.JUnitTestRunner.run(JUnitTestRunner.java:420)
	at org.apache.tools.ant.taskdefs.optional.junit.JUnitTestRunner.launch(JUnitTestRunner.java:911)
	at org.apache.tools.ant.taskdefs.optional.junit.JUnitTestRunner.main(JUnitTestRunner.java:768)
Instantiate PersistenceDeliverableManager with DeliverablePersistence, deliverableCheckers map,deliverableSearchBundle and submissionSearchBundle.
com.topcoder.util.config.UnknownNamespaceException: com.topcoder.util.log is unknown
	at com.topcoder.util.config.DefaultConfigManager.getPropertyObject(DefaultConfigManager.java:429)
	at com.topcoder.util.config.DefaultConfigManager.getString(DefaultConfigManager.java:449)
	at com.topcoder.util.log.LogFactory.getAttribute(LogFactory.java:224)
	at com.topcoder.util.log.basic.BasicLog.log(BasicLog.java:74)
	at com.topcoder.management.deliverable.PersistenceDeliverableManager.searchDeliverablesWithSubmissionFilter(PersistenceDeliverableManager.java:216)
	at com.topcoder.management.deliverable.PersistenceDeliverableManagerTests.testSearchDeliverablesWithSubmissionFilterByPhaseId(PersistenceDeliverableManagerTests.java:571)
	at sun.reflect.NativeMethodAccessorImpl.invoke0(Native Method)
	at sun.reflect.NativeMethodAccessorImpl.invoke(NativeMethodAccessorImpl.java:57)
	at sun.reflect.DelegatingMethodAccessorImpl.invoke(DelegatingMethodAccessorImpl.java:43)
	at java.lang.reflect.Method.invoke(Method.java:616)
	at junit.framework.TestCase.runTest(TestCase.java:168)
	at junit.framework.TestCase.runBare(TestCase.java:134)
	at junit.framework.TestResult$1.protect(TestResult.java:110)
	at junit.framework.TestResult.runProtected(TestResult.java:128)
	at junit.framework.TestResult.run(TestResult.java:113)
	at junit.framework.TestCase.run(TestCase.java:124)
	at junit.framework.TestSuite.runTest(TestSuite.java:232)
	at junit.framework.TestSuite.run(TestSuite.java:227)
	at junit.framework.TestSuite.runTest(TestSuite.java:232)
	at junit.framework.TestSuite.run(TestSuite.java:227)
	at junit.framework.TestSuite.runTest(TestSuite.java:232)
	at junit.framework.TestSuite.run(TestSuite.java:227)
	at org.apache.tools.ant.taskdefs.optional.junit.JUnitTestRunner.run(JUnitTestRunner.java:420)
	at org.apache.tools.ant.taskdefs.optional.junit.JUnitTestRunner.launch(JUnitTestRunner.java:911)
	at org.apache.tools.ant.taskdefs.optional.junit.JUnitTestRunner.main(JUnitTestRunner.java:768)
search deliverables with submission filter.
com.topcoder.util.config.UnknownNamespaceException: com.topcoder.util.log is unknown
	at com.topcoder.util.config.DefaultConfigManager.getPropertyObject(DefaultConfigManager.java:429)
	at com.topcoder.util.config.DefaultConfigManager.getString(DefaultConfigManager.java:449)
	at com.topcoder.util.log.LogFactory.getAttribute(LogFactory.java:224)
	at com.topcoder.util.log.basic.BasicLog.log(BasicLog.java:74)
	at com.topcoder.management.deliverable.DeliverableHelper.checkAndGetCustomResultSetValidDeliverable(DeliverableHelper.java:156)
	at com.topcoder.management.deliverable.PersistenceDeliverableManager.searchDeliverablesHelper(PersistenceDeliverableManager.java:284)
	at com.topcoder.management.deliverable.PersistenceDeliverableManager.searchDeliverablesWithSubmissionFilter(PersistenceDeliverableManager.java:217)
	at com.topcoder.management.deliverable.PersistenceDeliverableManagerTests.testSearchDeliverablesWithSubmissionFilterByPhaseId(PersistenceDeliverableManagerTests.java:571)
	at sun.reflect.NativeMethodAccessorImpl.invoke0(Native Method)
	at sun.reflect.NativeMethodAccessorImpl.invoke(NativeMethodAccessorImpl.java:57)
	at sun.reflect.DelegatingMethodAccessorImpl.invoke(DelegatingMethodAccessorImpl.java:43)
	at java.lang.reflect.Method.invoke(Method.java:616)
	at junit.framework.TestCase.runTest(TestCase.java:168)
	at junit.framework.TestCase.runBare(TestCase.java:134)
	at junit.framework.TestResult$1.protect(TestResult.java:110)
	at junit.framework.TestResult.runProtected(TestResult.java:128)
	at junit.framework.TestResult.run(TestResult.java:113)
	at junit.framework.TestCase.run(TestCase.java:124)
	at junit.framework.TestSuite.runTest(TestSuite.java:232)
	at junit.framework.TestSuite.run(TestSuite.java:227)
	at junit.framework.TestSuite.runTest(TestSuite.java:232)
	at junit.framework.TestSuite.run(TestSuite.java:227)
	at junit.framework.TestSuite.runTest(TestSuite.java:232)
	at junit.framework.TestSuite.run(TestSuite.java:227)
	at org.apache.tools.ant.taskdefs.optional.junit.JUnitTestRunner.run(JUnitTestRunner.java:420)
	at org.apache.tools.ant.taskdefs.optional.junit.JUnitTestRunner.launch(JUnitTestRunner.java:911)
	at org.apache.tools.ant.taskdefs.optional.junit.JUnitTestRunner.main(JUnitTestRunner.java:768)
CustomResultSet Records: 2
com.topcoder.util.config.UnknownNamespaceException: com.topcoder.util.log is unknown
	at com.topcoder.util.config.DefaultConfigManager.getPropertyObject(DefaultConfigManager.java:429)
	at com.topcoder.util.config.DefaultConfigManager.getString(DefaultConfigManager.java:449)
	at com.topcoder.util.log.LogFactory.getAttribute(LogFactory.java:224)
	at com.topcoder.util.log.basic.BasicLog.log(BasicLog.java:74)
	at com.topcoder.management.deliverable.PersistenceDeliverableManager.searchDeliverablesHelper(PersistenceDeliverableManager.java:289)
	at com.topcoder.management.deliverable.PersistenceDeliverableManager.searchDeliverablesWithSubmissionFilter(PersistenceDeliverableManager.java:217)
	at com.topcoder.management.deliverable.PersistenceDeliverableManagerTests.testSearchDeliverablesWithSubmissionFilterByPhaseId(PersistenceDeliverableManagerTests.java:571)
	at sun.reflect.NativeMethodAccessorImpl.invoke0(Native Method)
	at sun.reflect.NativeMethodAccessorImpl.invoke(NativeMethodAccessorImpl.java:57)
	at sun.reflect.DelegatingMethodAccessorImpl.invoke(DelegatingMethodAccessorImpl.java:43)
	at java.lang.reflect.Method.invoke(Method.java:616)
	at junit.framework.TestCase.runTest(TestCase.java:168)
	at junit.framework.TestCase.runBare(TestCase.java:134)
	at junit.framework.TestResult$1.protect(TestResult.java:110)
	at junit.framework.TestResult.runProtected(TestResult.java:128)
	at junit.framework.TestResult.run(TestResult.java:113)
	at junit.framework.TestCase.run(TestCase.java:124)
	at junit.framework.TestSuite.runTest(TestSuite.java:232)
	at junit.framework.TestSuite.run(TestSuite.java:227)
	at junit.framework.TestSuite.runTest(TestSuite.java:232)
	at junit.framework.TestSuite.run(TestSuite.java:227)
	at junit.framework.TestSuite.runTest(TestSuite.java:232)
	at junit.framework.TestSuite.run(TestSuite.java:227)
	at org.apache.tools.ant.taskdefs.optional.junit.JUnitTestRunner.run(JUnitTestRunner.java:420)
	at org.apache.tools.ant.taskdefs.optional.junit.JUnitTestRunner.launch(JUnitTestRunner.java:911)
	at org.apache.tools.ant.taskdefs.optional.junit.JUnitTestRunner.main(JUnitTestRunner.java:768)
Deliverable Id Array: 4, 2
com.topcoder.util.config.UnknownNamespaceException: com.topcoder.util.log is unknown
	at com.topcoder.util.config.DefaultConfigManager.getPropertyObject(DefaultConfigManager.java:429)
	at com.topcoder.util.config.DefaultConfigManager.getString(DefaultConfigManager.java:449)
	at com.topcoder.util.log.LogFactory.getAttribute(LogFactory.java:224)
	at com.topcoder.util.log.basic.BasicLog.log(BasicLog.java:74)
	at com.topcoder.management.deliverable.PersistenceDeliverableManager.searchDeliverablesHelper(PersistenceDeliverableManager.java:302)
	at com.topcoder.management.deliverable.PersistenceDeliverableManager.searchDeliverablesWithSubmissionFilter(PersistenceDeliverableManager.java:217)
	at com.topcoder.management.deliverable.PersistenceDeliverableManagerTests.testSearchDeliverablesWithSubmissionFilterByPhaseId(PersistenceDeliverableManagerTests.java:571)
	at sun.reflect.NativeMethodAccessorImpl.invoke0(Native Method)
	at sun.reflect.NativeMethodAccessorImpl.invoke(NativeMethodAccessorImpl.java:57)
	at sun.reflect.DelegatingMethodAccessorImpl.invoke(DelegatingMethodAccessorImpl.java:43)
	at java.lang.reflect.Method.invoke(Method.java:616)
	at junit.framework.TestCase.runTest(TestCase.java:168)
	at junit.framework.TestCase.runBare(TestCase.java:134)
	at junit.framework.TestResult$1.protect(TestResult.java:110)
	at junit.framework.TestResult.runProtected(TestResult.java:128)
	at junit.framework.TestResult.run(TestResult.java:113)
	at junit.framework.TestCase.run(TestCase.java:124)
	at junit.framework.TestSuite.runTest(TestSuite.java:232)
	at junit.framework.TestSuite.run(TestSuite.java:227)
	at junit.framework.TestSuite.runTest(TestSuite.java:232)
	at junit.framework.TestSuite.run(TestSuite.java:227)
	at junit.framework.TestSuite.runTest(TestSuite.java:232)
	at junit.framework.TestSuite.run(TestSuite.java:227)
	at org.apache.tools.ant.taskdefs.optional.junit.JUnitTestRunner.run(JUnitTestRunner.java:420)
	at org.apache.tools.ant.taskdefs.optional.junit.JUnitTestRunner.launch(JUnitTestRunner.java:911)
	at org.apache.tools.ant.taskdefs.optional.junit.JUnitTestRunner.main(JUnitTestRunner.java:768)
Loading Deliverable Array
com.topcoder.util.config.UnknownNamespaceException: com.topcoder.util.log is unknown
	at com.topcoder.util.config.DefaultConfigManager.getPropertyObject(DefaultConfigManager.java:429)
	at com.topcoder.util.config.DefaultConfigManager.getString(DefaultConfigManager.java:449)
	at com.topcoder.util.log.LogFactory.getAttribute(LogFactory.java:224)
	at com.topcoder.util.log.basic.BasicLog.log(BasicLog.java:74)
	at com.topcoder.management.deliverable.PersistenceDeliverableManager.searchDeliverablesHelper(PersistenceDeliverableManager.java:325)
	at com.topcoder.management.deliverable.PersistenceDeliverableManager.searchDeliverablesWithSubmissionFilter(PersistenceDeliverableManager.java:217)
	at com.topcoder.management.deliverable.PersistenceDeliverableManagerTests.testSearchDeliverablesWithSubmissionFilterByPhaseId(PersistenceDeliverableManagerTests.java:571)
	at sun.reflect.NativeMethodAccessorImpl.invoke0(Native Method)
	at sun.reflect.NativeMethodAccessorImpl.invoke(NativeMethodAccessorImpl.java:57)
	at sun.reflect.DelegatingMethodAccessorImpl.invoke(DelegatingMethodAccessorImpl.java:43)
	at java.lang.reflect.Method.invoke(Method.java:616)
	at junit.framework.TestCase.runTest(TestCase.java:168)
	at junit.framework.TestCase.runBare(TestCase.java:134)
	at junit.framework.TestResult$1.protect(TestResult.java:110)
	at junit.framework.TestResult.runProtected(TestResult.java:128)
	at junit.framework.TestResult.run(TestResult.java:113)
	at junit.framework.TestCase.run(TestCase.java:124)
	at junit.framework.TestSuite.runTest(TestSuite.java:232)
	at junit.framework.TestSuite.run(TestSuite.java:227)
	at junit.framework.TestSuite.runTest(TestSuite.java:232)
	at junit.framework.TestSuite.run(TestSuite.java:227)
	at junit.framework.TestSuite.runTest(TestSuite.java:232)
	at junit.framework.TestSuite.run(TestSuite.java:227)
	at org.apache.tools.ant.taskdefs.optional.junit.JUnitTestRunner.run(JUnitTestRunner.java:420)
	at org.apache.tools.ant.taskdefs.optional.junit.JUnitTestRunner.launch(JUnitTestRunner.java:911)
	at org.apache.tools.ant.taskdefs.optional.junit.JUnitTestRunner.main(JUnitTestRunner.java:768)
Adding Deliverable To List
com.topcoder.util.config.UnknownNamespaceException: com.topcoder.util.log is unknown
	at com.topcoder.util.config.DefaultConfigManager.getPropertyObject(DefaultConfigManager.java:429)
	at com.topcoder.util.config.DefaultConfigManager.getString(DefaultConfigManager.java:449)
	at com.topcoder.util.log.LogFactory.getAttribute(LogFactory.java:224)
	at com.topcoder.util.log.basic.BasicLog.log(BasicLog.java:74)
	at com.topcoder.management.deliverable.PersistenceDeliverableManager.searchDeliverablesHelper(PersistenceDeliverableManager.java:302)
	at com.topcoder.management.deliverable.PersistenceDeliverableManager.searchDeliverablesWithSubmissionFilter(PersistenceDeliverableManager.java:217)
	at com.topcoder.management.deliverable.PersistenceDeliverableManagerTests.testSearchDeliverablesWithSubmissionFilterByPhaseId(PersistenceDeliverableManagerTests.java:571)
	at sun.reflect.NativeMethodAccessorImpl.invoke0(Native Method)
	at sun.reflect.NativeMethodAccessorImpl.invoke(NativeMethodAccessorImpl.java:57)
	at sun.reflect.DelegatingMethodAccessorImpl.invoke(DelegatingMethodAccessorImpl.java:43)
	at java.lang.reflect.Method.invoke(Method.java:616)
	at junit.framework.TestCase.runTest(TestCase.java:168)
	at junit.framework.TestCase.runBare(TestCase.java:134)
	at junit.framework.TestResult$1.protect(TestResult.java:110)
	at junit.framework.TestResult.runProtected(TestResult.java:128)
	at junit.framework.TestResult.run(TestResult.java:113)
	at junit.framework.TestCase.run(TestCase.java:124)
	at junit.framework.TestSuite.runTest(TestSuite.java:232)
	at junit.framework.TestSuite.run(TestSuite.java:227)
	at junit.framework.TestSuite.runTest(TestSuite.java:232)
	at junit.framework.TestSuite.run(TestSuite.java:227)
	at junit.framework.TestSuite.runTest(TestSuite.java:232)
	at junit.framework.TestSuite.run(TestSuite.java:227)
	at org.apache.tools.ant.taskdefs.optional.junit.JUnitTestRunner.run(JUnitTestRunner.java:420)
	at org.apache.tools.ant.taskdefs.optional.junit.JUnitTestRunner.launch(JUnitTestRunner.java:911)
	at org.apache.tools.ant.taskdefs.optional.junit.JUnitTestRunner.main(JUnitTestRunner.java:768)
Loading Deliverable Array
com.topcoder.util.config.UnknownNamespaceException: com.topcoder.util.log is unknown
	at com.topcoder.util.config.DefaultConfigManager.getPropertyObject(DefaultConfigManager.java:429)
	at com.topcoder.util.config.DefaultConfigManager.getString(DefaultConfigManager.java:449)
	at com.topcoder.util.log.LogFactory.getAttribute(LogFactory.java:224)
	at com.topcoder.util.log.basic.BasicLog.log(BasicLog.java:74)
	at com.topcoder.management.deliverable.PersistenceDeliverableManager.searchDeliverablesHelper(PersistenceDeliverableManager.java:325)
	at com.topcoder.management.deliverable.PersistenceDeliverableManager.searchDeliverablesWithSubmissionFilter(PersistenceDeliverableManager.java:217)
	at com.topcoder.management.deliverable.PersistenceDeliverableManagerTests.testSearchDeliverablesWithSubmissionFilterByPhaseId(PersistenceDeliverableManagerTests.java:571)
	at sun.reflect.NativeMethodAccessorImpl.invoke0(Native Method)
	at sun.reflect.NativeMethodAccessorImpl.invoke(NativeMethodAccessorImpl.java:57)
	at sun.reflect.DelegatingMethodAccessorImpl.invoke(DelegatingMethodAccessorImpl.java:43)
	at java.lang.reflect.Method.invoke(Method.java:616)
	at junit.framework.TestCase.runTest(TestCase.java:168)
	at junit.framework.TestCase.runBare(TestCase.java:134)
	at junit.framework.TestResult$1.protect(TestResult.java:110)
	at junit.framework.TestResult.runProtected(TestResult.java:128)
	at junit.framework.TestResult.run(TestResult.java:113)
	at junit.framework.TestCase.run(TestCase.java:124)
	at junit.framework.TestSuite.runTest(TestSuite.java:232)
	at junit.framework.TestSuite.run(TestSuite.java:227)
	at junit.framework.TestSuite.runTest(TestSuite.java:232)
	at junit.framework.TestSuite.run(TestSuite.java:227)
	at junit.framework.TestSuite.runTest(TestSuite.java:232)
	at junit.framework.TestSuite.run(TestSuite.java:227)
	at org.apache.tools.ant.taskdefs.optional.junit.JUnitTestRunner.run(JUnitTestRunner.java:420)
	at org.apache.tools.ant.taskdefs.optional.junit.JUnitTestRunner.launch(JUnitTestRunner.java:911)
	at org.apache.tools.ant.taskdefs.optional.junit.JUnitTestRunner.main(JUnitTestRunner.java:768)
Adding Deliverable To List
com.topcoder.util.config.UnknownNamespaceException: com.topcoder.util.log is unknown
	at com.topcoder.util.config.DefaultConfigManager.getPropertyObject(DefaultConfigManager.java:429)
	at com.topcoder.util.config.DefaultConfigManager.getString(DefaultConfigManager.java:449)
	at com.topcoder.util.log.LogFactory.getAttribute(LogFactory.java:224)
	at com.topcoder.util.log.basic.BasicLog.log(BasicLog.java:74)
	at com.topcoder.management.deliverable.PersistenceDeliverableManager.<init>(PersistenceDeliverableManager.java:157)
	at com.topcoder.management.deliverable.PersistenceDeliverableManager.<init>(PersistenceDeliverableManager.java:183)
	at com.topcoder.management.deliverable.PersistenceDeliverableManagerTests.setUp(PersistenceDeliverableManagerTests.java:97)
	at junit.framework.TestCase.runBare(TestCase.java:132)
	at junit.framework.TestResult$1.protect(TestResult.java:110)
	at junit.framework.TestResult.runProtected(TestResult.java:128)
	at junit.framework.TestResult.run(TestResult.java:113)
	at junit.framework.TestCase.run(TestCase.java:124)
	at junit.framework.TestSuite.runTest(TestSuite.java:232)
	at junit.framework.TestSuite.run(TestSuite.java:227)
	at junit.framework.TestSuite.runTest(TestSuite.java:232)
	at junit.framework.TestSuite.run(TestSuite.java:227)
	at junit.framework.TestSuite.runTest(TestSuite.java:232)
	at junit.framework.TestSuite.run(TestSuite.java:227)
	at org.apache.tools.ant.taskdefs.optional.junit.JUnitTestRunner.run(JUnitTestRunner.java:420)
	at org.apache.tools.ant.taskdefs.optional.junit.JUnitTestRunner.launch(JUnitTestRunner.java:911)
	at org.apache.tools.ant.taskdefs.optional.junit.JUnitTestRunner.main(JUnitTestRunner.java:768)
Instantiate PersistenceDeliverableManager with DeliverablePersistence, deliverableCheckers map,deliverableSearchBundle and submissionSearchBundle.
com.topcoder.util.config.UnknownNamespaceException: com.topcoder.util.log is unknown
	at com.topcoder.util.config.DefaultConfigManager.getPropertyObject(DefaultConfigManager.java:429)
	at com.topcoder.util.config.DefaultConfigManager.getString(DefaultConfigManager.java:449)
	at com.topcoder.util.log.LogFactory.getAttribute(LogFactory.java:224)
	at com.topcoder.util.log.basic.BasicLog.log(BasicLog.java:74)
	at com.topcoder.management.deliverable.PersistenceDeliverableManager.searchDeliverablesWithSubmissionFilter(PersistenceDeliverableManager.java:216)
	at com.topcoder.management.deliverable.PersistenceDeliverableManagerTests.testSearchDeliverablesWithSubmissionFilterByResourceRoleId(PersistenceDeliverableManagerTests.java:592)
	at sun.reflect.NativeMethodAccessorImpl.invoke0(Native Method)
	at sun.reflect.NativeMethodAccessorImpl.invoke(NativeMethodAccessorImpl.java:57)
	at sun.reflect.DelegatingMethodAccessorImpl.invoke(DelegatingMethodAccessorImpl.java:43)
	at java.lang.reflect.Method.invoke(Method.java:616)
	at junit.framework.TestCase.runTest(TestCase.java:168)
	at junit.framework.TestCase.runBare(TestCase.java:134)
	at junit.framework.TestResult$1.protect(TestResult.java:110)
	at junit.framework.TestResult.runProtected(TestResult.java:128)
	at junit.framework.TestResult.run(TestResult.java:113)
	at junit.framework.TestCase.run(TestCase.java:124)
	at junit.framework.TestSuite.runTest(TestSuite.java:232)
	at junit.framework.TestSuite.run(TestSuite.java:227)
	at junit.framework.TestSuite.runTest(TestSuite.java:232)
	at junit.framework.TestSuite.run(TestSuite.java:227)
	at junit.framework.TestSuite.runTest(TestSuite.java:232)
	at junit.framework.TestSuite.run(TestSuite.java:227)
	at org.apache.tools.ant.taskdefs.optional.junit.JUnitTestRunner.run(JUnitTestRunner.java:420)
	at org.apache.tools.ant.taskdefs.optional.junit.JUnitTestRunner.launch(JUnitTestRunner.java:911)
	at org.apache.tools.ant.taskdefs.optional.junit.JUnitTestRunner.main(JUnitTestRunner.java:768)
search deliverables with submission filter.
com.topcoder.util.config.UnknownNamespaceException: com.topcoder.util.log is unknown
	at com.topcoder.util.config.DefaultConfigManager.getPropertyObject(DefaultConfigManager.java:429)
	at com.topcoder.util.config.DefaultConfigManager.getString(DefaultConfigManager.java:449)
	at com.topcoder.util.log.LogFactory.getAttribute(LogFactory.java:224)
	at com.topcoder.util.log.basic.BasicLog.log(BasicLog.java:74)
	at com.topcoder.management.deliverable.DeliverableHelper.checkAndGetCustomResultSetValidDeliverable(DeliverableHelper.java:156)
	at com.topcoder.management.deliverable.PersistenceDeliverableManager.searchDeliverablesHelper(PersistenceDeliverableManager.java:284)
	at com.topcoder.management.deliverable.PersistenceDeliverableManager.searchDeliverablesWithSubmissionFilter(PersistenceDeliverableManager.java:217)
	at com.topcoder.management.deliverable.PersistenceDeliverableManagerTests.testSearchDeliverablesWithSubmissionFilterByResourceRoleId(PersistenceDeliverableManagerTests.java:592)
	at sun.reflect.NativeMethodAccessorImpl.invoke0(Native Method)
	at sun.reflect.NativeMethodAccessorImpl.invoke(NativeMethodAccessorImpl.java:57)
	at sun.reflect.DelegatingMethodAccessorImpl.invoke(DelegatingMethodAccessorImpl.java:43)
	at java.lang.reflect.Method.invoke(Method.java:616)
	at junit.framework.TestCase.runTest(TestCase.java:168)
	at junit.framework.TestCase.runBare(TestCase.java:134)
	at junit.framework.TestResult$1.protect(TestResult.java:110)
	at junit.framework.TestResult.runProtected(TestResult.java:128)
	at junit.framework.TestResult.run(TestResult.java:113)
	at junit.framework.TestCase.run(TestCase.java:124)
	at junit.framework.TestSuite.runTest(TestSuite.java:232)
	at junit.framework.TestSuite.run(TestSuite.java:227)
	at junit.framework.TestSuite.runTest(TestSuite.java:232)
	at junit.framework.TestSuite.run(TestSuite.java:227)
	at junit.framework.TestSuite.runTest(TestSuite.java:232)
	at junit.framework.TestSuite.run(TestSuite.java:227)
	at org.apache.tools.ant.taskdefs.optional.junit.JUnitTestRunner.run(JUnitTestRunner.java:420)
	at org.apache.tools.ant.taskdefs.optional.junit.JUnitTestRunner.launch(JUnitTestRunner.java:911)
	at org.apache.tools.ant.taskdefs.optional.junit.JUnitTestRunner.main(JUnitTestRunner.java:768)
CustomResultSet Records: 8
com.topcoder.util.config.UnknownNamespaceException: com.topcoder.util.log is unknown
	at com.topcoder.util.config.DefaultConfigManager.getPropertyObject(DefaultConfigManager.java:429)
	at com.topcoder.util.config.DefaultConfigManager.getString(DefaultConfigManager.java:449)
	at com.topcoder.util.log.LogFactory.getAttribute(LogFactory.java:224)
	at com.topcoder.util.log.basic.BasicLog.log(BasicLog.java:74)
	at com.topcoder.management.deliverable.PersistenceDeliverableManager.searchDeliverablesHelper(PersistenceDeliverableManager.java:289)
	at com.topcoder.management.deliverable.PersistenceDeliverableManager.searchDeliverablesWithSubmissionFilter(PersistenceDeliverableManager.java:217)
	at com.topcoder.management.deliverable.PersistenceDeliverableManagerTests.testSearchDeliverablesWithSubmissionFilterByResourceRoleId(PersistenceDeliverableManagerTests.java:592)
	at sun.reflect.NativeMethodAccessorImpl.invoke0(Native Method)
	at sun.reflect.NativeMethodAccessorImpl.invoke(NativeMethodAccessorImpl.java:57)
	at sun.reflect.DelegatingMethodAccessorImpl.invoke(DelegatingMethodAccessorImpl.java:43)
	at java.lang.reflect.Method.invoke(Method.java:616)
	at junit.framework.TestCase.runTest(TestCase.java:168)
	at junit.framework.TestCase.runBare(TestCase.java:134)
	at junit.framework.TestResult$1.protect(TestResult.java:110)
	at junit.framework.TestResult.runProtected(TestResult.java:128)
	at junit.framework.TestResult.run(TestResult.java:113)
	at junit.framework.TestCase.run(TestCase.java:124)
	at junit.framework.TestSuite.runTest(TestSuite.java:232)
	at junit.framework.TestSuite.run(TestSuite.java:227)
	at junit.framework.TestSuite.runTest(TestSuite.java:232)
	at junit.framework.TestSuite.run(TestSuite.java:227)
	at junit.framework.TestSuite.runTest(TestSuite.java:232)
	at junit.framework.TestSuite.run(TestSuite.java:227)
	at org.apache.tools.ant.taskdefs.optional.junit.JUnitTestRunner.run(JUnitTestRunner.java:420)
	at org.apache.tools.ant.taskdefs.optional.junit.JUnitTestRunner.launch(JUnitTestRunner.java:911)
	at org.apache.tools.ant.taskdefs.optional.junit.JUnitTestRunner.main(JUnitTestRunner.java:768)
Deliverable Id Array: 4, 8
com.topcoder.util.config.UnknownNamespaceException: com.topcoder.util.log is unknown
	at com.topcoder.util.config.DefaultConfigManager.getPropertyObject(DefaultConfigManager.java:429)
	at com.topcoder.util.config.DefaultConfigManager.getString(DefaultConfigManager.java:449)
	at com.topcoder.util.log.LogFactory.getAttribute(LogFactory.java:224)
	at com.topcoder.util.log.basic.BasicLog.log(BasicLog.java:74)
	at com.topcoder.management.deliverable.PersistenceDeliverableManager.searchDeliverablesHelper(PersistenceDeliverableManager.java:302)
	at com.topcoder.management.deliverable.PersistenceDeliverableManager.searchDeliverablesWithSubmissionFilter(PersistenceDeliverableManager.java:217)
	at com.topcoder.management.deliverable.PersistenceDeliverableManagerTests.testSearchDeliverablesWithSubmissionFilterByResourceRoleId(PersistenceDeliverableManagerTests.java:592)
	at sun.reflect.NativeMethodAccessorImpl.invoke0(Native Method)
	at sun.reflect.NativeMethodAccessorImpl.invoke(NativeMethodAccessorImpl.java:57)
	at sun.reflect.DelegatingMethodAccessorImpl.invoke(DelegatingMethodAccessorImpl.java:43)
	at java.lang.reflect.Method.invoke(Method.java:616)
	at junit.framework.TestCase.runTest(TestCase.java:168)
	at junit.framework.TestCase.runBare(TestCase.java:134)
	at junit.framework.TestResult$1.protect(TestResult.java:110)
	at junit.framework.TestResult.runProtected(TestResult.java:128)
	at junit.framework.TestResult.run(TestResult.java:113)
	at junit.framework.TestCase.run(TestCase.java:124)
	at junit.framework.TestSuite.runTest(TestSuite.java:232)
	at junit.framework.TestSuite.run(TestSuite.java:227)
	at junit.framework.TestSuite.runTest(TestSuite.java:232)
	at junit.framework.TestSuite.run(TestSuite.java:227)
	at junit.framework.TestSuite.runTest(TestSuite.java:232)
	at junit.framework.TestSuite.run(TestSuite.java:227)
	at org.apache.tools.ant.taskdefs.optional.junit.JUnitTestRunner.run(JUnitTestRunner.java:420)
	at org.apache.tools.ant.taskdefs.optional.junit.JUnitTestRunner.launch(JUnitTestRunner.java:911)
	at org.apache.tools.ant.taskdefs.optional.junit.JUnitTestRunner.main(JUnitTestRunner.java:768)
Loading Deliverable Array
com.topcoder.util.config.UnknownNamespaceException: com.topcoder.util.log is unknown
	at com.topcoder.util.config.DefaultConfigManager.getPropertyObject(DefaultConfigManager.java:429)
	at com.topcoder.util.config.DefaultConfigManager.getString(DefaultConfigManager.java:449)
	at com.topcoder.util.log.LogFactory.getAttribute(LogFactory.java:224)
	at com.topcoder.util.log.basic.BasicLog.log(BasicLog.java:74)
	at com.topcoder.management.deliverable.PersistenceDeliverableManager.searchDeliverablesHelper(PersistenceDeliverableManager.java:325)
	at com.topcoder.management.deliverable.PersistenceDeliverableManager.searchDeliverablesWithSubmissionFilter(PersistenceDeliverableManager.java:217)
	at com.topcoder.management.deliverable.PersistenceDeliverableManagerTests.testSearchDeliverablesWithSubmissionFilterByResourceRoleId(PersistenceDeliverableManagerTests.java:592)
	at sun.reflect.NativeMethodAccessorImpl.invoke0(Native Method)
	at sun.reflect.NativeMethodAccessorImpl.invoke(NativeMethodAccessorImpl.java:57)
	at sun.reflect.DelegatingMethodAccessorImpl.invoke(DelegatingMethodAccessorImpl.java:43)
	at java.lang.reflect.Method.invoke(Method.java:616)
	at junit.framework.TestCase.runTest(TestCase.java:168)
	at junit.framework.TestCase.runBare(TestCase.java:134)
	at junit.framework.TestResult$1.protect(TestResult.java:110)
	at junit.framework.TestResult.runProtected(TestResult.java:128)
	at junit.framework.TestResult.run(TestResult.java:113)
	at junit.framework.TestCase.run(TestCase.java:124)
	at junit.framework.TestSuite.runTest(TestSuite.java:232)
	at junit.framework.TestSuite.run(TestSuite.java:227)
	at junit.framework.TestSuite.runTest(TestSuite.java:232)
	at junit.framework.TestSuite.run(TestSuite.java:227)
	at junit.framework.TestSuite.runTest(TestSuite.java:232)
	at junit.framework.TestSuite.run(TestSuite.java:227)
	at org.apache.tools.ant.taskdefs.optional.junit.JUnitTestRunner.run(JUnitTestRunner.java:420)
	at org.apache.tools.ant.taskdefs.optional.junit.JUnitTestRunner.launch(JUnitTestRunner.java:911)
	at org.apache.tools.ant.taskdefs.optional.junit.JUnitTestRunner.main(JUnitTestRunner.java:768)
Adding Deliverable To List
com.topcoder.util.config.UnknownNamespaceException: com.topcoder.util.log is unknown
	at com.topcoder.util.config.DefaultConfigManager.getPropertyObject(DefaultConfigManager.java:429)
	at com.topcoder.util.config.DefaultConfigManager.getString(DefaultConfigManager.java:449)
	at com.topcoder.util.log.LogFactory.getAttribute(LogFactory.java:224)
	at com.topcoder.util.log.basic.BasicLog.log(BasicLog.java:74)
	at com.topcoder.management.deliverable.PersistenceDeliverableManager.searchDeliverablesHelper(PersistenceDeliverableManager.java:302)
	at com.topcoder.management.deliverable.PersistenceDeliverableManager.searchDeliverablesWithSubmissionFilter(PersistenceDeliverableManager.java:217)
	at com.topcoder.management.deliverable.PersistenceDeliverableManagerTests.testSearchDeliverablesWithSubmissionFilterByResourceRoleId(PersistenceDeliverableManagerTests.java:592)
	at sun.reflect.NativeMethodAccessorImpl.invoke0(Native Method)
	at sun.reflect.NativeMethodAccessorImpl.invoke(NativeMethodAccessorImpl.java:57)
	at sun.reflect.DelegatingMethodAccessorImpl.invoke(DelegatingMethodAccessorImpl.java:43)
	at java.lang.reflect.Method.invoke(Method.java:616)
	at junit.framework.TestCase.runTest(TestCase.java:168)
	at junit.framework.TestCase.runBare(TestCase.java:134)
	at junit.framework.TestResult$1.protect(TestResult.java:110)
	at junit.framework.TestResult.runProtected(TestResult.java:128)
	at junit.framework.TestResult.run(TestResult.java:113)
	at junit.framework.TestCase.run(TestCase.java:124)
	at junit.framework.TestSuite.runTest(TestSuite.java:232)
	at junit.framework.TestSuite.run(TestSuite.java:227)
	at junit.framework.TestSuite.runTest(TestSuite.java:232)
	at junit.framework.TestSuite.run(TestSuite.java:227)
	at junit.framework.TestSuite.runTest(TestSuite.java:232)
	at junit.framework.TestSuite.run(TestSuite.java:227)
	at org.apache.tools.ant.taskdefs.optional.junit.JUnitTestRunner.run(JUnitTestRunner.java:420)
	at org.apache.tools.ant.taskdefs.optional.junit.JUnitTestRunner.launch(JUnitTestRunner.java:911)
	at org.apache.tools.ant.taskdefs.optional.junit.JUnitTestRunner.main(JUnitTestRunner.java:768)
Loading Deliverable Array
com.topcoder.util.config.UnknownNamespaceException: com.topcoder.util.log is unknown
	at com.topcoder.util.config.DefaultConfigManager.getPropertyObject(DefaultConfigManager.java:429)
	at com.topcoder.util.config.DefaultConfigManager.getString(DefaultConfigManager.java:449)
	at com.topcoder.util.log.LogFactory.getAttribute(LogFactory.java:224)
	at com.topcoder.util.log.basic.BasicLog.log(BasicLog.java:74)
	at com.topcoder.management.deliverable.PersistenceDeliverableManager.searchDeliverablesHelper(PersistenceDeliverableManager.java:325)
	at com.topcoder.management.deliverable.PersistenceDeliverableManager.searchDeliverablesWithSubmissionFilter(PersistenceDeliverableManager.java:217)
	at com.topcoder.management.deliverable.PersistenceDeliverableManagerTests.testSearchDeliverablesWithSubmissionFilterByResourceRoleId(PersistenceDeliverableManagerTests.java:592)
	at sun.reflect.NativeMethodAccessorImpl.invoke0(Native Method)
	at sun.reflect.NativeMethodAccessorImpl.invoke(NativeMethodAccessorImpl.java:57)
	at sun.reflect.DelegatingMethodAccessorImpl.invoke(DelegatingMethodAccessorImpl.java:43)
	at java.lang.reflect.Method.invoke(Method.java:616)
	at junit.framework.TestCase.runTest(TestCase.java:168)
	at junit.framework.TestCase.runBare(TestCase.java:134)
	at junit.framework.TestResult$1.protect(TestResult.java:110)
	at junit.framework.TestResult.runProtected(TestResult.java:128)
	at junit.framework.TestResult.run(TestResult.java:113)
	at junit.framework.TestCase.run(TestCase.java:124)
	at junit.framework.TestSuite.runTest(TestSuite.java:232)
	at junit.framework.TestSuite.run(TestSuite.java:227)
	at junit.framework.TestSuite.runTest(TestSuite.java:232)
	at junit.framework.TestSuite.run(TestSuite.java:227)
	at junit.framework.TestSuite.runTest(TestSuite.java:232)
	at junit.framework.TestSuite.run(TestSuite.java:227)
	at org.apache.tools.ant.taskdefs.optional.junit.JUnitTestRunner.run(JUnitTestRunner.java:420)
	at org.apache.tools.ant.taskdefs.optional.junit.JUnitTestRunner.launch(JUnitTestRunner.java:911)
	at org.apache.tools.ant.taskdefs.optional.junit.JUnitTestRunner.main(JUnitTestRunner.java:768)
Adding Deliverable To List
com.topcoder.util.config.UnknownNamespaceException: com.topcoder.util.log is unknown
	at com.topcoder.util.config.DefaultConfigManager.getPropertyObject(DefaultConfigManager.java:429)
	at com.topcoder.util.config.DefaultConfigManager.getString(DefaultConfigManager.java:449)
	at com.topcoder.util.log.LogFactory.getAttribute(LogFactory.java:224)
	at com.topcoder.util.log.basic.BasicLog.log(BasicLog.java:74)
	at com.topcoder.management.deliverable.PersistenceDeliverableManager.searchDeliverablesHelper(PersistenceDeliverableManager.java:302)
	at com.topcoder.management.deliverable.PersistenceDeliverableManager.searchDeliverablesWithSubmissionFilter(PersistenceDeliverableManager.java:217)
	at com.topcoder.management.deliverable.PersistenceDeliverableManagerTests.testSearchDeliverablesWithSubmissionFilterByResourceRoleId(PersistenceDeliverableManagerTests.java:592)
	at sun.reflect.NativeMethodAccessorImpl.invoke0(Native Method)
	at sun.reflect.NativeMethodAccessorImpl.invoke(NativeMethodAccessorImpl.java:57)
	at sun.reflect.DelegatingMethodAccessorImpl.invoke(DelegatingMethodAccessorImpl.java:43)
	at java.lang.reflect.Method.invoke(Method.java:616)
	at junit.framework.TestCase.runTest(TestCase.java:168)
	at junit.framework.TestCase.runBare(TestCase.java:134)
	at junit.framework.TestResult$1.protect(TestResult.java:110)
	at junit.framework.TestResult.runProtected(TestResult.java:128)
	at junit.framework.TestResult.run(TestResult.java:113)
	at junit.framework.TestCase.run(TestCase.java:124)
	at junit.framework.TestSuite.runTest(TestSuite.java:232)
	at junit.framework.TestSuite.run(TestSuite.java:227)
	at junit.framework.TestSuite.runTest(TestSuite.java:232)
	at junit.framework.TestSuite.run(TestSuite.java:227)
	at junit.framework.TestSuite.runTest(TestSuite.java:232)
	at junit.framework.TestSuite.run(TestSuite.java:227)
	at org.apache.tools.ant.taskdefs.optional.junit.JUnitTestRunner.run(JUnitTestRunner.java:420)
	at org.apache.tools.ant.taskdefs.optional.junit.JUnitTestRunner.launch(JUnitTestRunner.java:911)
	at org.apache.tools.ant.taskdefs.optional.junit.JUnitTestRunner.main(JUnitTestRunner.java:768)
Loading Deliverable Array
com.topcoder.util.config.UnknownNamespaceException: com.topcoder.util.log is unknown
	at com.topcoder.util.config.DefaultConfigManager.getPropertyObject(DefaultConfigManager.java:429)
	at com.topcoder.util.config.DefaultConfigManager.getString(DefaultConfigManager.java:449)
	at com.topcoder.util.log.LogFactory.getAttribute(LogFactory.java:224)
	at com.topcoder.util.log.basic.BasicLog.log(BasicLog.java:74)
	at com.topcoder.management.deliverable.PersistenceDeliverableManager.searchDeliverablesHelper(PersistenceDeliverableManager.java:325)
	at com.topcoder.management.deliverable.PersistenceDeliverableManager.searchDeliverablesWithSubmissionFilter(PersistenceDeliverableManager.java:217)
	at com.topcoder.management.deliverable.PersistenceDeliverableManagerTests.testSearchDeliverablesWithSubmissionFilterByResourceRoleId(PersistenceDeliverableManagerTests.java:592)
	at sun.reflect.NativeMethodAccessorImpl.invoke0(Native Method)
	at sun.reflect.NativeMethodAccessorImpl.invoke(NativeMethodAccessorImpl.java:57)
	at sun.reflect.DelegatingMethodAccessorImpl.invoke(DelegatingMethodAccessorImpl.java:43)
	at java.lang.reflect.Method.invoke(Method.java:616)
	at junit.framework.TestCase.runTest(TestCase.java:168)
	at junit.framework.TestCase.runBare(TestCase.java:134)
	at junit.framework.TestResult$1.protect(TestResult.java:110)
	at junit.framework.TestResult.runProtected(TestResult.java:128)
	at junit.framework.TestResult.run(TestResult.java:113)
	at junit.framework.TestCase.run(TestCase.java:124)
	at junit.framework.TestSuite.runTest(TestSuite.java:232)
	at junit.framework.TestSuite.run(TestSuite.java:227)
	at junit.framework.TestSuite.runTest(TestSuite.java:232)
	at junit.framework.TestSuite.run(TestSuite.java:227)
	at junit.framework.TestSuite.runTest(TestSuite.java:232)
	at junit.framework.TestSuite.run(TestSuite.java:227)
	at org.apache.tools.ant.taskdefs.optional.junit.JUnitTestRunner.run(JUnitTestRunner.java:420)
	at org.apache.tools.ant.taskdefs.optional.junit.JUnitTestRunner.launch(JUnitTestRunner.java:911)
	at org.apache.tools.ant.taskdefs.optional.junit.JUnitTestRunner.main(JUnitTestRunner.java:768)
Adding Deliverable To List
com.topcoder.util.config.UnknownNamespaceException: com.topcoder.util.log is unknown
	at com.topcoder.util.config.DefaultConfigManager.getPropertyObject(DefaultConfigManager.java:429)
	at com.topcoder.util.config.DefaultConfigManager.getString(DefaultConfigManager.java:449)
	at com.topcoder.util.log.LogFactory.getAttribute(LogFactory.java:224)
	at com.topcoder.util.log.basic.BasicLog.log(BasicLog.java:74)
	at com.topcoder.management.deliverable.PersistenceDeliverableManager.searchDeliverablesHelper(PersistenceDeliverableManager.java:302)
	at com.topcoder.management.deliverable.PersistenceDeliverableManager.searchDeliverablesWithSubmissionFilter(PersistenceDeliverableManager.java:217)
	at com.topcoder.management.deliverable.PersistenceDeliverableManagerTests.testSearchDeliverablesWithSubmissionFilterByResourceRoleId(PersistenceDeliverableManagerTests.java:592)
	at sun.reflect.NativeMethodAccessorImpl.invoke0(Native Method)
	at sun.reflect.NativeMethodAccessorImpl.invoke(NativeMethodAccessorImpl.java:57)
	at sun.reflect.DelegatingMethodAccessorImpl.invoke(DelegatingMethodAccessorImpl.java:43)
	at java.lang.reflect.Method.invoke(Method.java:616)
	at junit.framework.TestCase.runTest(TestCase.java:168)
	at junit.framework.TestCase.runBare(TestCase.java:134)
	at junit.framework.TestResult$1.protect(TestResult.java:110)
	at junit.framework.TestResult.runProtected(TestResult.java:128)
	at junit.framework.TestResult.run(TestResult.java:113)
	at junit.framework.TestCase.run(TestCase.java:124)
	at junit.framework.TestSuite.runTest(TestSuite.java:232)
	at junit.framework.TestSuite.run(TestSuite.java:227)
	at junit.framework.TestSuite.runTest(TestSuite.java:232)
	at junit.framework.TestSuite.run(TestSuite.java:227)
	at junit.framework.TestSuite.runTest(TestSuite.java:232)
	at junit.framework.TestSuite.run(TestSuite.java:227)
	at org.apache.tools.ant.taskdefs.optional.junit.JUnitTestRunner.run(JUnitTestRunner.java:420)
	at org.apache.tools.ant.taskdefs.optional.junit.JUnitTestRunner.launch(JUnitTestRunner.java:911)
	at org.apache.tools.ant.taskdefs.optional.junit.JUnitTestRunner.main(JUnitTestRunner.java:768)
Loading Deliverable Array
com.topcoder.util.config.UnknownNamespaceException: com.topcoder.util.log is unknown
	at com.topcoder.util.config.DefaultConfigManager.getPropertyObject(DefaultConfigManager.java:429)
	at com.topcoder.util.config.DefaultConfigManager.getString(DefaultConfigManager.java:449)
	at com.topcoder.util.log.LogFactory.getAttribute(LogFactory.java:224)
	at com.topcoder.util.log.basic.BasicLog.log(BasicLog.java:74)
	at com.topcoder.management.deliverable.PersistenceDeliverableManager.searchDeliverablesHelper(PersistenceDeliverableManager.java:325)
	at com.topcoder.management.deliverable.PersistenceDeliverableManager.searchDeliverablesWithSubmissionFilter(PersistenceDeliverableManager.java:217)
	at com.topcoder.management.deliverable.PersistenceDeliverableManagerTests.testSearchDeliverablesWithSubmissionFilterByResourceRoleId(PersistenceDeliverableManagerTests.java:592)
	at sun.reflect.NativeMethodAccessorImpl.invoke0(Native Method)
	at sun.reflect.NativeMethodAccessorImpl.invoke(NativeMethodAccessorImpl.java:57)
	at sun.reflect.DelegatingMethodAccessorImpl.invoke(DelegatingMethodAccessorImpl.java:43)
	at java.lang.reflect.Method.invoke(Method.java:616)
	at junit.framework.TestCase.runTest(TestCase.java:168)
	at junit.framework.TestCase.runBare(TestCase.java:134)
	at junit.framework.TestResult$1.protect(TestResult.java:110)
	at junit.framework.TestResult.runProtected(TestResult.java:128)
	at junit.framework.TestResult.run(TestResult.java:113)
	at junit.framework.TestCase.run(TestCase.java:124)
	at junit.framework.TestSuite.runTest(TestSuite.java:232)
	at junit.framework.TestSuite.run(TestSuite.java:227)
	at junit.framework.TestSuite.runTest(TestSuite.java:232)
	at junit.framework.TestSuite.run(TestSuite.java:227)
	at junit.framework.TestSuite.runTest(TestSuite.java:232)
	at junit.framework.TestSuite.run(TestSuite.java:227)
	at org.apache.tools.ant.taskdefs.optional.junit.JUnitTestRunner.run(JUnitTestRunner.java:420)
	at org.apache.tools.ant.taskdefs.optional.junit.JUnitTestRunner.launch(JUnitTestRunner.java:911)
	at org.apache.tools.ant.taskdefs.optional.junit.JUnitTestRunner.main(JUnitTestRunner.java:768)
Adding Deliverable To List
com.topcoder.util.config.UnknownNamespaceException: com.topcoder.util.log is unknown
	at com.topcoder.util.config.DefaultConfigManager.getPropertyObject(DefaultConfigManager.java:429)
	at com.topcoder.util.config.DefaultConfigManager.getString(DefaultConfigManager.java:449)
	at com.topcoder.util.log.LogFactory.getAttribute(LogFactory.java:224)
	at com.topcoder.util.log.basic.BasicLog.log(BasicLog.java:74)
	at com.topcoder.management.deliverable.PersistenceDeliverableManager.searchDeliverablesHelper(PersistenceDeliverableManager.java:302)
	at com.topcoder.management.deliverable.PersistenceDeliverableManager.searchDeliverablesWithSubmissionFilter(PersistenceDeliverableManager.java:217)
	at com.topcoder.management.deliverable.PersistenceDeliverableManagerTests.testSearchDeliverablesWithSubmissionFilterByResourceRoleId(PersistenceDeliverableManagerTests.java:592)
	at sun.reflect.NativeMethodAccessorImpl.invoke0(Native Method)
	at sun.reflect.NativeMethodAccessorImpl.invoke(NativeMethodAccessorImpl.java:57)
	at sun.reflect.DelegatingMethodAccessorImpl.invoke(DelegatingMethodAccessorImpl.java:43)
	at java.lang.reflect.Method.invoke(Method.java:616)
	at junit.framework.TestCase.runTest(TestCase.java:168)
	at junit.framework.TestCase.runBare(TestCase.java:134)
	at junit.framework.TestResult$1.protect(TestResult.java:110)
	at junit.framework.TestResult.runProtected(TestResult.java:128)
	at junit.framework.TestResult.run(TestResult.java:113)
	at junit.framework.TestCase.run(TestCase.java:124)
	at junit.framework.TestSuite.runTest(TestSuite.java:232)
	at junit.framework.TestSuite.run(TestSuite.java:227)
	at junit.framework.TestSuite.runTest(TestSuite.java:232)
	at junit.framework.TestSuite.run(TestSuite.java:227)
	at junit.framework.TestSuite.runTest(TestSuite.java:232)
	at junit.framework.TestSuite.run(TestSuite.java:227)
	at org.apache.tools.ant.taskdefs.optional.junit.JUnitTestRunner.run(JUnitTestRunner.java:420)
	at org.apache.tools.ant.taskdefs.optional.junit.JUnitTestRunner.launch(JUnitTestRunner.java:911)
	at org.apache.tools.ant.taskdefs.optional.junit.JUnitTestRunner.main(JUnitTestRunner.java:768)
Loading Deliverable Array
com.topcoder.util.config.UnknownNamespaceException: com.topcoder.util.log is unknown
	at com.topcoder.util.config.DefaultConfigManager.getPropertyObject(DefaultConfigManager.java:429)
	at com.topcoder.util.config.DefaultConfigManager.getString(DefaultConfigManager.java:449)
	at com.topcoder.util.log.LogFactory.getAttribute(LogFactory.java:224)
	at com.topcoder.util.log.basic.BasicLog.log(BasicLog.java:74)
	at com.topcoder.management.deliverable.PersistenceDeliverableManager.searchDeliverablesHelper(PersistenceDeliverableManager.java:325)
	at com.topcoder.management.deliverable.PersistenceDeliverableManager.searchDeliverablesWithSubmissionFilter(PersistenceDeliverableManager.java:217)
	at com.topcoder.management.deliverable.PersistenceDeliverableManagerTests.testSearchDeliverablesWithSubmissionFilterByResourceRoleId(PersistenceDeliverableManagerTests.java:592)
	at sun.reflect.NativeMethodAccessorImpl.invoke0(Native Method)
	at sun.reflect.NativeMethodAccessorImpl.invoke(NativeMethodAccessorImpl.java:57)
	at sun.reflect.DelegatingMethodAccessorImpl.invoke(DelegatingMethodAccessorImpl.java:43)
	at java.lang.reflect.Method.invoke(Method.java:616)
	at junit.framework.TestCase.runTest(TestCase.java:168)
	at junit.framework.TestCase.runBare(TestCase.java:134)
	at junit.framework.TestResult$1.protect(TestResult.java:110)
	at junit.framework.TestResult.runProtected(TestResult.java:128)
	at junit.framework.TestResult.run(TestResult.java:113)
	at junit.framework.TestCase.run(TestCase.java:124)
	at junit.framework.TestSuite.runTest(TestSuite.java:232)
	at junit.framework.TestSuite.run(TestSuite.java:227)
	at junit.framework.TestSuite.runTest(TestSuite.java:232)
	at junit.framework.TestSuite.run(TestSuite.java:227)
	at junit.framework.TestSuite.runTest(TestSuite.java:232)
	at junit.framework.TestSuite.run(TestSuite.java:227)
	at org.apache.tools.ant.taskdefs.optional.junit.JUnitTestRunner.run(JUnitTestRunner.java:420)
	at org.apache.tools.ant.taskdefs.optional.junit.JUnitTestRunner.launch(JUnitTestRunner.java:911)
	at org.apache.tools.ant.taskdefs.optional.junit.JUnitTestRunner.main(JUnitTestRunner.java:768)
Adding Deliverable To List
com.topcoder.util.config.UnknownNamespaceException: com.topcoder.util.log is unknown
	at com.topcoder.util.config.DefaultConfigManager.getPropertyObject(DefaultConfigManager.java:429)
	at com.topcoder.util.config.DefaultConfigManager.getString(DefaultConfigManager.java:449)
	at com.topcoder.util.log.LogFactory.getAttribute(LogFactory.java:224)
	at com.topcoder.util.log.basic.BasicLog.log(BasicLog.java:74)
	at com.topcoder.management.deliverable.PersistenceDeliverableManager.searchDeliverablesHelper(PersistenceDeliverableManager.java:302)
	at com.topcoder.management.deliverable.PersistenceDeliverableManager.searchDeliverablesWithSubmissionFilter(PersistenceDeliverableManager.java:217)
	at com.topcoder.management.deliverable.PersistenceDeliverableManagerTests.testSearchDeliverablesWithSubmissionFilterByResourceRoleId(PersistenceDeliverableManagerTests.java:592)
	at sun.reflect.NativeMethodAccessorImpl.invoke0(Native Method)
	at sun.reflect.NativeMethodAccessorImpl.invoke(NativeMethodAccessorImpl.java:57)
	at sun.reflect.DelegatingMethodAccessorImpl.invoke(DelegatingMethodAccessorImpl.java:43)
	at java.lang.reflect.Method.invoke(Method.java:616)
	at junit.framework.TestCase.runTest(TestCase.java:168)
	at junit.framework.TestCase.runBare(TestCase.java:134)
	at junit.framework.TestResult$1.protect(TestResult.java:110)
	at junit.framework.TestResult.runProtected(TestResult.java:128)
	at junit.framework.TestResult.run(TestResult.java:113)
	at junit.framework.TestCase.run(TestCase.java:124)
	at junit.framework.TestSuite.runTest(TestSuite.java:232)
	at junit.framework.TestSuite.run(TestSuite.java:227)
	at junit.framework.TestSuite.runTest(TestSuite.java:232)
	at junit.framework.TestSuite.run(TestSuite.java:227)
	at junit.framework.TestSuite.runTest(TestSuite.java:232)
	at junit.framework.TestSuite.run(TestSuite.java:227)
	at org.apache.tools.ant.taskdefs.optional.junit.JUnitTestRunner.run(JUnitTestRunner.java:420)
	at org.apache.tools.ant.taskdefs.optional.junit.JUnitTestRunner.launch(JUnitTestRunner.java:911)
	at org.apache.tools.ant.taskdefs.optional.junit.JUnitTestRunner.main(JUnitTestRunner.java:768)
Loading Deliverable Array
com.topcoder.util.config.UnknownNamespaceException: com.topcoder.util.log is unknown
	at com.topcoder.util.config.DefaultConfigManager.getPropertyObject(DefaultConfigManager.java:429)
	at com.topcoder.util.config.DefaultConfigManager.getString(DefaultConfigManager.java:449)
	at com.topcoder.util.log.LogFactory.getAttribute(LogFactory.java:224)
	at com.topcoder.util.log.basic.BasicLog.log(BasicLog.java:74)
	at com.topcoder.management.deliverable.PersistenceDeliverableManager.searchDeliverablesHelper(PersistenceDeliverableManager.java:325)
	at com.topcoder.management.deliverable.PersistenceDeliverableManager.searchDeliverablesWithSubmissionFilter(PersistenceDeliverableManager.java:217)
	at com.topcoder.management.deliverable.PersistenceDeliverableManagerTests.testSearchDeliverablesWithSubmissionFilterByResourceRoleId(PersistenceDeliverableManagerTests.java:592)
	at sun.reflect.NativeMethodAccessorImpl.invoke0(Native Method)
	at sun.reflect.NativeMethodAccessorImpl.invoke(NativeMethodAccessorImpl.java:57)
	at sun.reflect.DelegatingMethodAccessorImpl.invoke(DelegatingMethodAccessorImpl.java:43)
	at java.lang.reflect.Method.invoke(Method.java:616)
	at junit.framework.TestCase.runTest(TestCase.java:168)
	at junit.framework.TestCase.runBare(TestCase.java:134)
	at junit.framework.TestResult$1.protect(TestResult.java:110)
	at junit.framework.TestResult.runProtected(TestResult.java:128)
	at junit.framework.TestResult.run(TestResult.java:113)
	at junit.framework.TestCase.run(TestCase.java:124)
	at junit.framework.TestSuite.runTest(TestSuite.java:232)
	at junit.framework.TestSuite.run(TestSuite.java:227)
	at junit.framework.TestSuite.runTest(TestSuite.java:232)
	at junit.framework.TestSuite.run(TestSuite.java:227)
	at junit.framework.TestSuite.runTest(TestSuite.java:232)
	at junit.framework.TestSuite.run(TestSuite.java:227)
	at org.apache.tools.ant.taskdefs.optional.junit.JUnitTestRunner.run(JUnitTestRunner.java:420)
	at org.apache.tools.ant.taskdefs.optional.junit.JUnitTestRunner.launch(JUnitTestRunner.java:911)
	at org.apache.tools.ant.taskdefs.optional.junit.JUnitTestRunner.main(JUnitTestRunner.java:768)
Adding Deliverable To List
com.topcoder.util.config.UnknownNamespaceException: com.topcoder.util.log is unknown
	at com.topcoder.util.config.DefaultConfigManager.getPropertyObject(DefaultConfigManager.java:429)
	at com.topcoder.util.config.DefaultConfigManager.getString(DefaultConfigManager.java:449)
	at com.topcoder.util.log.LogFactory.getAttribute(LogFactory.java:224)
	at com.topcoder.util.log.basic.BasicLog.log(BasicLog.java:74)
	at com.topcoder.management.deliverable.PersistenceDeliverableManager.searchDeliverablesHelper(PersistenceDeliverableManager.java:302)
	at com.topcoder.management.deliverable.PersistenceDeliverableManager.searchDeliverablesWithSubmissionFilter(PersistenceDeliverableManager.java:217)
	at com.topcoder.management.deliverable.PersistenceDeliverableManagerTests.testSearchDeliverablesWithSubmissionFilterByResourceRoleId(PersistenceDeliverableManagerTests.java:592)
	at sun.reflect.NativeMethodAccessorImpl.invoke0(Native Method)
	at sun.reflect.NativeMethodAccessorImpl.invoke(NativeMethodAccessorImpl.java:57)
	at sun.reflect.DelegatingMethodAccessorImpl.invoke(DelegatingMethodAccessorImpl.java:43)
	at java.lang.reflect.Method.invoke(Method.java:616)
	at junit.framework.TestCase.runTest(TestCase.java:168)
	at junit.framework.TestCase.runBare(TestCase.java:134)
	at junit.framework.TestResult$1.protect(TestResult.java:110)
	at junit.framework.TestResult.runProtected(TestResult.java:128)
	at junit.framework.TestResult.run(TestResult.java:113)
	at junit.framework.TestCase.run(TestCase.java:124)
	at junit.framework.TestSuite.runTest(TestSuite.java:232)
	at junit.framework.TestSuite.run(TestSuite.java:227)
	at junit.framework.TestSuite.runTest(TestSuite.java:232)
	at junit.framework.TestSuite.run(TestSuite.java:227)
	at junit.framework.TestSuite.runTest(TestSuite.java:232)
	at junit.framework.TestSuite.run(TestSuite.java:227)
	at org.apache.tools.ant.taskdefs.optional.junit.JUnitTestRunner.run(JUnitTestRunner.java:420)
	at org.apache.tools.ant.taskdefs.optional.junit.JUnitTestRunner.launch(JUnitTestRunner.java:911)
	at org.apache.tools.ant.taskdefs.optional.junit.JUnitTestRunner.main(JUnitTestRunner.java:768)
Loading Deliverable Array
com.topcoder.util.config.UnknownNamespaceException: com.topcoder.util.log is unknown
	at com.topcoder.util.config.DefaultConfigManager.getPropertyObject(DefaultConfigManager.java:429)
	at com.topcoder.util.config.DefaultConfigManager.getString(DefaultConfigManager.java:449)
	at com.topcoder.util.log.LogFactory.getAttribute(LogFactory.java:224)
	at com.topcoder.util.log.basic.BasicLog.log(BasicLog.java:74)
	at com.topcoder.management.deliverable.PersistenceDeliverableManager.searchDeliverablesHelper(PersistenceDeliverableManager.java:325)
	at com.topcoder.management.deliverable.PersistenceDeliverableManager.searchDeliverablesWithSubmissionFilter(PersistenceDeliverableManager.java:217)
	at com.topcoder.management.deliverable.PersistenceDeliverableManagerTests.testSearchDeliverablesWithSubmissionFilterByResourceRoleId(PersistenceDeliverableManagerTests.java:592)
	at sun.reflect.NativeMethodAccessorImpl.invoke0(Native Method)
	at sun.reflect.NativeMethodAccessorImpl.invoke(NativeMethodAccessorImpl.java:57)
	at sun.reflect.DelegatingMethodAccessorImpl.invoke(DelegatingMethodAccessorImpl.java:43)
	at java.lang.reflect.Method.invoke(Method.java:616)
	at junit.framework.TestCase.runTest(TestCase.java:168)
	at junit.framework.TestCase.runBare(TestCase.java:134)
	at junit.framework.TestResult$1.protect(TestResult.java:110)
	at junit.framework.TestResult.runProtected(TestResult.java:128)
	at junit.framework.TestResult.run(TestResult.java:113)
	at junit.framework.TestCase.run(TestCase.java:124)
	at junit.framework.TestSuite.runTest(TestSuite.java:232)
	at junit.framework.TestSuite.run(TestSuite.java:227)
	at junit.framework.TestSuite.runTest(TestSuite.java:232)
	at junit.framework.TestSuite.run(TestSuite.java:227)
	at junit.framework.TestSuite.runTest(TestSuite.java:232)
	at junit.framework.TestSuite.run(TestSuite.java:227)
	at org.apache.tools.ant.taskdefs.optional.junit.JUnitTestRunner.run(JUnitTestRunner.java:420)
	at org.apache.tools.ant.taskdefs.optional.junit.JUnitTestRunner.launch(JUnitTestRunner.java:911)
	at org.apache.tools.ant.taskdefs.optional.junit.JUnitTestRunner.main(JUnitTestRunner.java:768)
Adding Deliverable To List
com.topcoder.util.config.UnknownNamespaceException: com.topcoder.util.log is unknown
	at com.topcoder.util.config.DefaultConfigManager.getPropertyObject(DefaultConfigManager.java:429)
	at com.topcoder.util.config.DefaultConfigManager.getString(DefaultConfigManager.java:449)
	at com.topcoder.util.log.LogFactory.getAttribute(LogFactory.java:224)
	at com.topcoder.util.log.basic.BasicLog.log(BasicLog.java:74)
	at com.topcoder.management.deliverable.PersistenceDeliverableManager.searchDeliverablesHelper(PersistenceDeliverableManager.java:302)
	at com.topcoder.management.deliverable.PersistenceDeliverableManager.searchDeliverablesWithSubmissionFilter(PersistenceDeliverableManager.java:217)
	at com.topcoder.management.deliverable.PersistenceDeliverableManagerTests.testSearchDeliverablesWithSubmissionFilterByResourceRoleId(PersistenceDeliverableManagerTests.java:592)
	at sun.reflect.NativeMethodAccessorImpl.invoke0(Native Method)
	at sun.reflect.NativeMethodAccessorImpl.invoke(NativeMethodAccessorImpl.java:57)
	at sun.reflect.DelegatingMethodAccessorImpl.invoke(DelegatingMethodAccessorImpl.java:43)
	at java.lang.reflect.Method.invoke(Method.java:616)
	at junit.framework.TestCase.runTest(TestCase.java:168)
	at junit.framework.TestCase.runBare(TestCase.java:134)
	at junit.framework.TestResult$1.protect(TestResult.java:110)
	at junit.framework.TestResult.runProtected(TestResult.java:128)
	at junit.framework.TestResult.run(TestResult.java:113)
	at junit.framework.TestCase.run(TestCase.java:124)
	at junit.framework.TestSuite.runTest(TestSuite.java:232)
	at junit.framework.TestSuite.run(TestSuite.java:227)
	at junit.framework.TestSuite.runTest(TestSuite.java:232)
	at junit.framework.TestSuite.run(TestSuite.java:227)
	at junit.framework.TestSuite.runTest(TestSuite.java:232)
	at junit.framework.TestSuite.run(TestSuite.java:227)
	at org.apache.tools.ant.taskdefs.optional.junit.JUnitTestRunner.run(JUnitTestRunner.java:420)
	at org.apache.tools.ant.taskdefs.optional.junit.JUnitTestRunner.launch(JUnitTestRunner.java:911)
	at org.apache.tools.ant.taskdefs.optional.junit.JUnitTestRunner.main(JUnitTestRunner.java:768)
Loading Deliverable Array
com.topcoder.util.config.UnknownNamespaceException: com.topcoder.util.log is unknown
	at com.topcoder.util.config.DefaultConfigManager.getPropertyObject(DefaultConfigManager.java:429)
	at com.topcoder.util.config.DefaultConfigManager.getString(DefaultConfigManager.java:449)
	at com.topcoder.util.log.LogFactory.getAttribute(LogFactory.java:224)
	at com.topcoder.util.log.basic.BasicLog.log(BasicLog.java:74)
	at com.topcoder.management.deliverable.PersistenceDeliverableManager.searchDeliverablesHelper(PersistenceDeliverableManager.java:325)
	at com.topcoder.management.deliverable.PersistenceDeliverableManager.searchDeliverablesWithSubmissionFilter(PersistenceDeliverableManager.java:217)
	at com.topcoder.management.deliverable.PersistenceDeliverableManagerTests.testSearchDeliverablesWithSubmissionFilterByResourceRoleId(PersistenceDeliverableManagerTests.java:592)
	at sun.reflect.NativeMethodAccessorImpl.invoke0(Native Method)
	at sun.reflect.NativeMethodAccessorImpl.invoke(NativeMethodAccessorImpl.java:57)
	at sun.reflect.DelegatingMethodAccessorImpl.invoke(DelegatingMethodAccessorImpl.java:43)
	at java.lang.reflect.Method.invoke(Method.java:616)
	at junit.framework.TestCase.runTest(TestCase.java:168)
	at junit.framework.TestCase.runBare(TestCase.java:134)
	at junit.framework.TestResult$1.protect(TestResult.java:110)
	at junit.framework.TestResult.runProtected(TestResult.java:128)
	at junit.framework.TestResult.run(TestResult.java:113)
	at junit.framework.TestCase.run(TestCase.java:124)
	at junit.framework.TestSuite.runTest(TestSuite.java:232)
	at junit.framework.TestSuite.run(TestSuite.java:227)
	at junit.framework.TestSuite.runTest(TestSuite.java:232)
	at junit.framework.TestSuite.run(TestSuite.java:227)
	at junit.framework.TestSuite.runTest(TestSuite.java:232)
	at junit.framework.TestSuite.run(TestSuite.java:227)
	at org.apache.tools.ant.taskdefs.optional.junit.JUnitTestRunner.run(JUnitTestRunner.java:420)
	at org.apache.tools.ant.taskdefs.optional.junit.JUnitTestRunner.launch(JUnitTestRunner.java:911)
	at org.apache.tools.ant.taskdefs.optional.junit.JUnitTestRunner.main(JUnitTestRunner.java:768)
Adding Deliverable To List
com.topcoder.util.config.UnknownNamespaceException: com.topcoder.util.log is unknown
	at com.topcoder.util.config.DefaultConfigManager.getPropertyObject(DefaultConfigManager.java:429)
	at com.topcoder.util.config.DefaultConfigManager.getString(DefaultConfigManager.java:449)
	at com.topcoder.util.log.LogFactory.getAttribute(LogFactory.java:224)
	at com.topcoder.util.log.basic.BasicLog.log(BasicLog.java:74)
	at com.topcoder.management.deliverable.PersistenceDeliverableManager.<init>(PersistenceDeliverableManager.java:157)
	at com.topcoder.management.deliverable.PersistenceDeliverableManager.<init>(PersistenceDeliverableManager.java:183)
	at com.topcoder.management.deliverable.PersistenceDeliverableManagerTests.setUp(PersistenceDeliverableManagerTests.java:97)
	at junit.framework.TestCase.runBare(TestCase.java:132)
	at junit.framework.TestResult$1.protect(TestResult.java:110)
	at junit.framework.TestResult.runProtected(TestResult.java:128)
	at junit.framework.TestResult.run(TestResult.java:113)
	at junit.framework.TestCase.run(TestCase.java:124)
	at junit.framework.TestSuite.runTest(TestSuite.java:232)
	at junit.framework.TestSuite.run(TestSuite.java:227)
	at junit.framework.TestSuite.runTest(TestSuite.java:232)
	at junit.framework.TestSuite.run(TestSuite.java:227)
	at junit.framework.TestSuite.runTest(TestSuite.java:232)
	at junit.framework.TestSuite.run(TestSuite.java:227)
	at org.apache.tools.ant.taskdefs.optional.junit.JUnitTestRunner.run(JUnitTestRunner.java:420)
	at org.apache.tools.ant.taskdefs.optional.junit.JUnitTestRunner.launch(JUnitTestRunner.java:911)
	at org.apache.tools.ant.taskdefs.optional.junit.JUnitTestRunner.main(JUnitTestRunner.java:768)
Instantiate PersistenceDeliverableManager with DeliverablePersistence, deliverableCheckers map,deliverableSearchBundle and submissionSearchBundle.
com.topcoder.util.config.UnknownNamespaceException: com.topcoder.util.log is unknown
	at com.topcoder.util.config.DefaultConfigManager.getPropertyObject(DefaultConfigManager.java:429)
	at com.topcoder.util.config.DefaultConfigManager.getString(DefaultConfigManager.java:449)
	at com.topcoder.util.log.LogFactory.getAttribute(LogFactory.java:224)
	at com.topcoder.util.log.basic.BasicLog.log(BasicLog.java:74)
	at com.topcoder.management.deliverable.PersistenceDeliverableManager.searchDeliverablesWithSubmissionFilter(PersistenceDeliverableManager.java:216)
	at com.topcoder.management.deliverable.PersistenceDeliverableManagerTests.testSearchDeliverablesWithSubmissionFilterBySubmissionId(PersistenceDeliverableManagerTests.java:613)
	at sun.reflect.NativeMethodAccessorImpl.invoke0(Native Method)
	at sun.reflect.NativeMethodAccessorImpl.invoke(NativeMethodAccessorImpl.java:57)
	at sun.reflect.DelegatingMethodAccessorImpl.invoke(DelegatingMethodAccessorImpl.java:43)
	at java.lang.reflect.Method.invoke(Method.java:616)
	at junit.framework.TestCase.runTest(TestCase.java:168)
	at junit.framework.TestCase.runBare(TestCase.java:134)
	at junit.framework.TestResult$1.protect(TestResult.java:110)
	at junit.framework.TestResult.runProtected(TestResult.java:128)
	at junit.framework.TestResult.run(TestResult.java:113)
	at junit.framework.TestCase.run(TestCase.java:124)
	at junit.framework.TestSuite.runTest(TestSuite.java:232)
	at junit.framework.TestSuite.run(TestSuite.java:227)
	at junit.framework.TestSuite.runTest(TestSuite.java:232)
	at junit.framework.TestSuite.run(TestSuite.java:227)
	at junit.framework.TestSuite.runTest(TestSuite.java:232)
	at junit.framework.TestSuite.run(TestSuite.java:227)
	at org.apache.tools.ant.taskdefs.optional.junit.JUnitTestRunner.run(JUnitTestRunner.java:420)
	at org.apache.tools.ant.taskdefs.optional.junit.JUnitTestRunner.launch(JUnitTestRunner.java:911)
	at org.apache.tools.ant.taskdefs.optional.junit.JUnitTestRunner.main(JUnitTestRunner.java:768)
search deliverables with submission filter.
com.topcoder.util.config.UnknownNamespaceException: com.topcoder.util.log is unknown
	at com.topcoder.util.config.DefaultConfigManager.getPropertyObject(DefaultConfigManager.java:429)
	at com.topcoder.util.config.DefaultConfigManager.getString(DefaultConfigManager.java:449)
	at com.topcoder.util.log.LogFactory.getAttribute(LogFactory.java:224)
	at com.topcoder.util.log.basic.BasicLog.log(BasicLog.java:74)
	at com.topcoder.management.deliverable.DeliverableHelper.checkAndGetCustomResultSetValidDeliverable(DeliverableHelper.java:156)
	at com.topcoder.management.deliverable.PersistenceDeliverableManager.searchDeliverablesHelper(PersistenceDeliverableManager.java:284)
	at com.topcoder.management.deliverable.PersistenceDeliverableManager.searchDeliverablesWithSubmissionFilter(PersistenceDeliverableManager.java:217)
	at com.topcoder.management.deliverable.PersistenceDeliverableManagerTests.testSearchDeliverablesWithSubmissionFilterBySubmissionId(PersistenceDeliverableManagerTests.java:613)
	at sun.reflect.NativeMethodAccessorImpl.invoke0(Native Method)
	at sun.reflect.NativeMethodAccessorImpl.invoke(NativeMethodAccessorImpl.java:57)
	at sun.reflect.DelegatingMethodAccessorImpl.invoke(DelegatingMethodAccessorImpl.java:43)
	at java.lang.reflect.Method.invoke(Method.java:616)
	at junit.framework.TestCase.runTest(TestCase.java:168)
	at junit.framework.TestCase.runBare(TestCase.java:134)
	at junit.framework.TestResult$1.protect(TestResult.java:110)
	at junit.framework.TestResult.runProtected(TestResult.java:128)
	at junit.framework.TestResult.run(TestResult.java:113)
	at junit.framework.TestCase.run(TestCase.java:124)
	at junit.framework.TestSuite.runTest(TestSuite.java:232)
	at junit.framework.TestSuite.run(TestSuite.java:227)
	at junit.framework.TestSuite.runTest(TestSuite.java:232)
	at junit.framework.TestSuite.run(TestSuite.java:227)
	at junit.framework.TestSuite.runTest(TestSuite.java:232)
	at junit.framework.TestSuite.run(TestSuite.java:227)
	at org.apache.tools.ant.taskdefs.optional.junit.JUnitTestRunner.run(JUnitTestRunner.java:420)
	at org.apache.tools.ant.taskdefs.optional.junit.JUnitTestRunner.launch(JUnitTestRunner.java:911)
	at org.apache.tools.ant.taskdefs.optional.junit.JUnitTestRunner.main(JUnitTestRunner.java:768)
CustomResultSet Records: 0
com.topcoder.util.config.UnknownNamespaceException: com.topcoder.util.log is unknown
	at com.topcoder.util.config.DefaultConfigManager.getPropertyObject(DefaultConfigManager.java:429)
	at com.topcoder.util.config.DefaultConfigManager.getString(DefaultConfigManager.java:449)
	at com.topcoder.util.log.LogFactory.getAttribute(LogFactory.java:224)
	at com.topcoder.util.log.basic.BasicLog.log(BasicLog.java:74)
	at com.topcoder.management.deliverable.PersistenceDeliverableManager.searchDeliverablesHelper(PersistenceDeliverableManager.java:289)
	at com.topcoder.management.deliverable.PersistenceDeliverableManager.searchDeliverablesWithSubmissionFilter(PersistenceDeliverableManager.java:217)
	at com.topcoder.management.deliverable.PersistenceDeliverableManagerTests.testSearchDeliverablesWithSubmissionFilterBySubmissionId(PersistenceDeliverableManagerTests.java:613)
	at sun.reflect.NativeMethodAccessorImpl.invoke0(Native Method)
	at sun.reflect.NativeMethodAccessorImpl.invoke(NativeMethodAccessorImpl.java:57)
	at sun.reflect.DelegatingMethodAccessorImpl.invoke(DelegatingMethodAccessorImpl.java:43)
	at java.lang.reflect.Method.invoke(Method.java:616)
	at junit.framework.TestCase.runTest(TestCase.java:168)
	at junit.framework.TestCase.runBare(TestCase.java:134)
	at junit.framework.TestResult$1.protect(TestResult.java:110)
	at junit.framework.TestResult.runProtected(TestResult.java:128)
	at junit.framework.TestResult.run(TestResult.java:113)
	at junit.framework.TestCase.run(TestCase.java:124)
	at junit.framework.TestSuite.runTest(TestSuite.java:232)
	at junit.framework.TestSuite.run(TestSuite.java:227)
	at junit.framework.TestSuite.runTest(TestSuite.java:232)
	at junit.framework.TestSuite.run(TestSuite.java:227)
	at junit.framework.TestSuite.runTest(TestSuite.java:232)
	at junit.framework.TestSuite.run(TestSuite.java:227)
	at org.apache.tools.ant.taskdefs.optional.junit.JUnitTestRunner.run(JUnitTestRunner.java:420)
	at org.apache.tools.ant.taskdefs.optional.junit.JUnitTestRunner.launch(JUnitTestRunner.java:911)
	at org.apache.tools.ant.taskdefs.optional.junit.JUnitTestRunner.main(JUnitTestRunner.java:768)
Deliverable Id Array: 4, 0
An error occurred while trying to retrieve the com.topcoder.management.deliverable.persistence.sql.SqlUploadPersistence log:
com.topcoder.util.log.LogException: com.topcoder.util.config.UnknownNamespaceException: com.topcoder.util.log is unknown
	at com.topcoder.util.log.LogFactory.getLogWithExceptions(LogFactory.java:392)
	at com.topcoder.util.log.LogFactory.getLog(LogFactory.java:294)
	at com.topcoder.management.deliverable.persistence.sql.SqlUploadPersistence.<clinit>(SqlUploadPersistence.java:46)
	at com.topcoder.management.deliverable.PersistenceUploadManagerTests.setUp(PersistenceUploadManagerTests.java:156)
	at junit.framework.TestCase.runBare(TestCase.java:132)
	at junit.framework.TestResult$1.protect(TestResult.java:110)
	at junit.framework.TestResult.runProtected(TestResult.java:128)
	at junit.framework.TestResult.run(TestResult.java:113)
	at junit.framework.TestCase.run(TestCase.java:124)
	at junit.framework.TestSuite.runTest(TestSuite.java:232)
	at junit.framework.TestSuite.run(TestSuite.java:227)
	at junit.framework.TestSuite.runTest(TestSuite.java:232)
	at junit.framework.TestSuite.run(TestSuite.java:227)
	at junit.framework.TestSuite.runTest(TestSuite.java:232)
	at junit.framework.TestSuite.run(TestSuite.java:227)
	at org.apache.tools.ant.taskdefs.optional.junit.JUnitTestRunner.run(JUnitTestRunner.java:420)
	at org.apache.tools.ant.taskdefs.optional.junit.JUnitTestRunner.launch(JUnitTestRunner.java:911)
	at org.apache.tools.ant.taskdefs.optional.junit.JUnitTestRunner.main(JUnitTestRunner.java:768)
Caused by: com.topcoder.util.config.UnknownNamespaceException: com.topcoder.util.log is unknown
	at com.topcoder.util.config.DefaultConfigManager.getPropertyObject(DefaultConfigManager.java:429)
	at com.topcoder.util.config.DefaultConfigManager.getString(DefaultConfigManager.java:449)
	at com.topcoder.util.log.LogFactory.getLogWithExceptions(LogFactory.java:381)
	... 17 more
The basic console logger will be used instead.
An error occurred while trying to retrieve the com.topcoder.management.deliverable.PersistenceUploadManager log:
com.topcoder.util.log.LogException: com.topcoder.util.config.UnknownNamespaceException: com.topcoder.util.log is unknown
	at com.topcoder.util.log.LogFactory.getLogWithExceptions(LogFactory.java:392)
	at com.topcoder.util.log.LogFactory.getLog(LogFactory.java:294)
	at com.topcoder.management.deliverable.PersistenceUploadManager.<clinit>(PersistenceUploadManager.java:124)
	at com.topcoder.management.deliverable.PersistenceUploadManagerTests.setUp(PersistenceUploadManagerTests.java:159)
	at junit.framework.TestCase.runBare(TestCase.java:132)
	at junit.framework.TestResult$1.protect(TestResult.java:110)
	at junit.framework.TestResult.runProtected(TestResult.java:128)
	at junit.framework.TestResult.run(TestResult.java:113)
	at junit.framework.TestCase.run(TestCase.java:124)
	at junit.framework.TestSuite.runTest(TestSuite.java:232)
	at junit.framework.TestSuite.run(TestSuite.java:227)
	at junit.framework.TestSuite.runTest(TestSuite.java:232)
	at junit.framework.TestSuite.run(TestSuite.java:227)
	at junit.framework.TestSuite.runTest(TestSuite.java:232)
	at junit.framework.TestSuite.run(TestSuite.java:227)
	at org.apache.tools.ant.taskdefs.optional.junit.JUnitTestRunner.run(JUnitTestRunner.java:420)
	at org.apache.tools.ant.taskdefs.optional.junit.JUnitTestRunner.launch(JUnitTestRunner.java:911)
	at org.apache.tools.ant.taskdefs.optional.junit.JUnitTestRunner.main(JUnitTestRunner.java:768)
Caused by: com.topcoder.util.config.UnknownNamespaceException: com.topcoder.util.log is unknown
	at com.topcoder.util.config.DefaultConfigManager.getPropertyObject(DefaultConfigManager.java:429)
	at com.topcoder.util.config.DefaultConfigManager.getString(DefaultConfigManager.java:449)
	at com.topcoder.util.log.LogFactory.getLogWithExceptions(LogFactory.java:381)
	... 17 more
The basic console logger will be used instead.
com.topcoder.util.config.UnknownNamespaceException: com.topcoder.util.log is unknown
	at com.topcoder.util.config.DefaultConfigManager.getPropertyObject(DefaultConfigManager.java:429)
	at com.topcoder.util.config.DefaultConfigManager.getString(DefaultConfigManager.java:449)
	at com.topcoder.util.log.LogFactory.getAttribute(LogFactory.java:224)
	at com.topcoder.util.log.basic.BasicLog.log(BasicLog.java:74)
	at com.topcoder.management.deliverable.PersistenceUploadManager.<init>(PersistenceUploadManager.java:260)
	at com.topcoder.management.deliverable.PersistenceUploadManagerTests.setUp(PersistenceUploadManagerTests.java:159)
	at junit.framework.TestCase.runBare(TestCase.java:132)
	at junit.framework.TestResult$1.protect(TestResult.java:110)
	at junit.framework.TestResult.runProtected(TestResult.java:128)
	at junit.framework.TestResult.run(TestResult.java:113)
	at junit.framework.TestCase.run(TestCase.java:124)
	at junit.framework.TestSuite.runTest(TestSuite.java:232)
	at junit.framework.TestSuite.run(TestSuite.java:227)
	at junit.framework.TestSuite.runTest(TestSuite.java:232)
	at junit.framework.TestSuite.run(TestSuite.java:227)
	at junit.framework.TestSuite.runTest(TestSuite.java:232)
	at junit.framework.TestSuite.run(TestSuite.java:227)
	at org.apache.tools.ant.taskdefs.optional.junit.JUnitTestRunner.run(JUnitTestRunner.java:420)
	at org.apache.tools.ant.taskdefs.optional.junit.JUnitTestRunner.launch(JUnitTestRunner.java:911)
	at org.apache.tools.ant.taskdefs.optional.junit.JUnitTestRunner.main(JUnitTestRunner.java:768)
Instantiate PersistenceUploadManager with UploadPersistence, uploadSearchBundle, submissionSearchBundle, uploadIdGenerator, uploadTypeIdGenerator, uploadStatusIdGenerator, submissionIDGenerator and submissionStatusIdGenerator.
com.topcoder.util.config.UnknownNamespaceException: com.topcoder.util.log is unknown
	at com.topcoder.util.config.DefaultConfigManager.getPropertyObject(DefaultConfigManager.java:429)
	at com.topcoder.util.config.DefaultConfigManager.getString(DefaultConfigManager.java:449)
	at com.topcoder.util.log.LogFactory.getAttribute(LogFactory.java:224)
	at com.topcoder.util.log.basic.BasicLog.log(BasicLog.java:74)
	at com.topcoder.management.deliverable.PersistenceUploadManager.<init>(PersistenceUploadManager.java:260)
	at com.topcoder.management.deliverable.PersistenceUploadManagerTests.setUp(PersistenceUploadManagerTests.java:159)
	at junit.framework.TestCase.runBare(TestCase.java:132)
	at junit.framework.TestResult$1.protect(TestResult.java:110)
	at junit.framework.TestResult.runProtected(TestResult.java:128)
	at junit.framework.TestResult.run(TestResult.java:113)
	at junit.framework.TestCase.run(TestCase.java:124)
	at junit.framework.TestSuite.runTest(TestSuite.java:232)
	at junit.framework.TestSuite.run(TestSuite.java:227)
	at junit.framework.TestSuite.runTest(TestSuite.java:232)
	at junit.framework.TestSuite.run(TestSuite.java:227)
	at junit.framework.TestSuite.runTest(TestSuite.java:232)
	at junit.framework.TestSuite.run(TestSuite.java:227)
	at org.apache.tools.ant.taskdefs.optional.junit.JUnitTestRunner.run(JUnitTestRunner.java:420)
	at org.apache.tools.ant.taskdefs.optional.junit.JUnitTestRunner.launch(JUnitTestRunner.java:911)
	at org.apache.tools.ant.taskdefs.optional.junit.JUnitTestRunner.main(JUnitTestRunner.java:768)
Instantiate PersistenceUploadManager with UploadPersistence, uploadSearchBundle, submissionSearchBundle, uploadIdGenerator, uploadTypeIdGenerator, uploadStatusIdGenerator, submissionIDGenerator and submissionStatusIdGenerator.
com.topcoder.util.config.UnknownNamespaceException: com.topcoder.util.log is unknown
	at com.topcoder.util.config.DefaultConfigManager.getPropertyObject(DefaultConfigManager.java:429)
	at com.topcoder.util.config.DefaultConfigManager.getString(DefaultConfigManager.java:449)
	at com.topcoder.util.log.LogFactory.getAttribute(LogFactory.java:224)
	at com.topcoder.util.log.basic.BasicLog.log(BasicLog.java:74)
	at com.topcoder.management.deliverable.PersistenceUploadManager.<init>(PersistenceUploadManager.java:260)
	at com.topcoder.management.deliverable.PersistenceUploadManagerTests.setUp(PersistenceUploadManagerTests.java:159)
	at junit.framework.TestCase.runBare(TestCase.java:132)
	at junit.framework.TestResult$1.protect(TestResult.java:110)
	at junit.framework.TestResult.runProtected(TestResult.java:128)
	at junit.framework.TestResult.run(TestResult.java:113)
	at junit.framework.TestCase.run(TestCase.java:124)
	at junit.framework.TestSuite.runTest(TestSuite.java:232)
	at junit.framework.TestSuite.run(TestSuite.java:227)
	at junit.framework.TestSuite.runTest(TestSuite.java:232)
	at junit.framework.TestSuite.run(TestSuite.java:227)
	at junit.framework.TestSuite.runTest(TestSuite.java:232)
	at junit.framework.TestSuite.run(TestSuite.java:227)
	at org.apache.tools.ant.taskdefs.optional.junit.JUnitTestRunner.run(JUnitTestRunner.java:420)
	at org.apache.tools.ant.taskdefs.optional.junit.JUnitTestRunner.launch(JUnitTestRunner.java:911)
	at org.apache.tools.ant.taskdefs.optional.junit.JUnitTestRunner.main(JUnitTestRunner.java:768)
Instantiate PersistenceUploadManager with UploadPersistence, uploadSearchBundle, submissionSearchBundle, uploadIdGenerator, uploadTypeIdGenerator, uploadStatusIdGenerator, submissionIDGenerator and submissionStatusIdGenerator.
com.topcoder.util.config.UnknownNamespaceException: com.topcoder.util.log is unknown
	at com.topcoder.util.config.DefaultConfigManager.getPropertyObject(DefaultConfigManager.java:429)
	at com.topcoder.util.config.DefaultConfigManager.getString(DefaultConfigManager.java:449)
	at com.topcoder.util.log.LogFactory.getAttribute(LogFactory.java:224)
	at com.topcoder.util.log.basic.BasicLog.log(BasicLog.java:74)
	at com.topcoder.management.deliverable.PersistenceUploadManager.<init>(PersistenceUploadManager.java:260)
	at com.topcoder.management.deliverable.PersistenceUploadManagerTests.setUp(PersistenceUploadManagerTests.java:159)
	at junit.framework.TestCase.runBare(TestCase.java:132)
	at junit.framework.TestResult$1.protect(TestResult.java:110)
	at junit.framework.TestResult.runProtected(TestResult.java:128)
	at junit.framework.TestResult.run(TestResult.java:113)
	at junit.framework.TestCase.run(TestCase.java:124)
	at junit.framework.TestSuite.runTest(TestSuite.java:232)
	at junit.framework.TestSuite.run(TestSuite.java:227)
	at junit.framework.TestSuite.runTest(TestSuite.java:232)
	at junit.framework.TestSuite.run(TestSuite.java:227)
	at junit.framework.TestSuite.runTest(TestSuite.java:232)
	at junit.framework.TestSuite.run(TestSuite.java:227)
	at org.apache.tools.ant.taskdefs.optional.junit.JUnitTestRunner.run(JUnitTestRunner.java:420)
	at org.apache.tools.ant.taskdefs.optional.junit.JUnitTestRunner.launch(JUnitTestRunner.java:911)
	at org.apache.tools.ant.taskdefs.optional.junit.JUnitTestRunner.main(JUnitTestRunner.java:768)
Instantiate PersistenceUploadManager with UploadPersistence, uploadSearchBundle, submissionSearchBundle, uploadIdGenerator, uploadTypeIdGenerator, uploadStatusIdGenerator, submissionIDGenerator and submissionStatusIdGenerator.
com.topcoder.util.config.UnknownNamespaceException: com.topcoder.util.log is unknown
	at com.topcoder.util.config.DefaultConfigManager.getPropertyObject(DefaultConfigManager.java:429)
	at com.topcoder.util.config.DefaultConfigManager.getString(DefaultConfigManager.java:449)
	at com.topcoder.util.log.LogFactory.getAttribute(LogFactory.java:224)
	at com.topcoder.util.log.basic.BasicLog.log(BasicLog.java:74)
	at com.topcoder.management.deliverable.PersistenceUploadManager.<init>(PersistenceUploadManager.java:260)
	at com.topcoder.management.deliverable.PersistenceUploadManagerTests.setUp(PersistenceUploadManagerTests.java:159)
	at junit.framework.TestCase.runBare(TestCase.java:132)
	at junit.framework.TestResult$1.protect(TestResult.java:110)
	at junit.framework.TestResult.runProtected(TestResult.java:128)
	at junit.framework.TestResult.run(TestResult.java:113)
	at junit.framework.TestCase.run(TestCase.java:124)
	at junit.framework.TestSuite.runTest(TestSuite.java:232)
	at junit.framework.TestSuite.run(TestSuite.java:227)
	at junit.framework.TestSuite.runTest(TestSuite.java:232)
	at junit.framework.TestSuite.run(TestSuite.java:227)
	at junit.framework.TestSuite.runTest(TestSuite.java:232)
	at junit.framework.TestSuite.run(TestSuite.java:227)
	at org.apache.tools.ant.taskdefs.optional.junit.JUnitTestRunner.run(JUnitTestRunner.java:420)
	at org.apache.tools.ant.taskdefs.optional.junit.JUnitTestRunner.launch(JUnitTestRunner.java:911)
	at org.apache.tools.ant.taskdefs.optional.junit.JUnitTestRunner.main(JUnitTestRunner.java:768)
Instantiate PersistenceUploadManager with UploadPersistence, uploadSearchBundle, submissionSearchBundle, uploadIdGenerator, uploadTypeIdGenerator, uploadStatusIdGenerator, submissionIDGenerator and submissionStatusIdGenerator.
com.topcoder.util.config.UnknownNamespaceException: com.topcoder.util.log is unknown
	at com.topcoder.util.config.DefaultConfigManager.getPropertyObject(DefaultConfigManager.java:429)
	at com.topcoder.util.config.DefaultConfigManager.getString(DefaultConfigManager.java:449)
	at com.topcoder.util.log.LogFactory.getAttribute(LogFactory.java:224)
	at com.topcoder.util.log.basic.BasicLog.log(BasicLog.java:74)
	at com.topcoder.management.deliverable.PersistenceUploadManager.<init>(PersistenceUploadManager.java:260)
	at com.topcoder.management.deliverable.PersistenceUploadManagerTests.testConstructor1_Valid(PersistenceUploadManagerTests.java:294)
	at sun.reflect.NativeMethodAccessorImpl.invoke0(Native Method)
	at sun.reflect.NativeMethodAccessorImpl.invoke(NativeMethodAccessorImpl.java:57)
	at sun.reflect.DelegatingMethodAccessorImpl.invoke(DelegatingMethodAccessorImpl.java:43)
	at java.lang.reflect.Method.invoke(Method.java:616)
	at junit.framework.TestCase.runTest(TestCase.java:168)
	at junit.framework.TestCase.runBare(TestCase.java:134)
	at junit.framework.TestResult$1.protect(TestResult.java:110)
	at junit.framework.TestResult.runProtected(TestResult.java:128)
	at junit.framework.TestResult.run(TestResult.java:113)
	at junit.framework.TestCase.run(TestCase.java:124)
	at junit.framework.TestSuite.runTest(TestSuite.java:232)
	at junit.framework.TestSuite.run(TestSuite.java:227)
	at junit.framework.TestSuite.runTest(TestSuite.java:232)
	at junit.framework.TestSuite.run(TestSuite.java:227)
	at junit.framework.TestSuite.runTest(TestSuite.java:232)
	at junit.framework.TestSuite.run(TestSuite.java:227)
	at org.apache.tools.ant.taskdefs.optional.junit.JUnitTestRunner.run(JUnitTestRunner.java:420)
	at org.apache.tools.ant.taskdefs.optional.junit.JUnitTestRunner.launch(JUnitTestRunner.java:911)
	at org.apache.tools.ant.taskdefs.optional.junit.JUnitTestRunner.main(JUnitTestRunner.java:768)
Instantiate PersistenceUploadManager with UploadPersistence, uploadSearchBundle, submissionSearchBundle, uploadIdGenerator, uploadTypeIdGenerator, uploadStatusIdGenerator, submissionIDGenerator and submissionStatusIdGenerator.
com.topcoder.util.config.UnknownNamespaceException: com.topcoder.util.log is unknown
	at com.topcoder.util.config.DefaultConfigManager.getPropertyObject(DefaultConfigManager.java:429)
	at com.topcoder.util.config.DefaultConfigManager.getString(DefaultConfigManager.java:449)
	at com.topcoder.util.log.LogFactory.getAttribute(LogFactory.java:224)
	at com.topcoder.util.log.basic.BasicLog.log(BasicLog.java:74)
	at com.topcoder.management.deliverable.PersistenceUploadManager.<init>(PersistenceUploadManager.java:260)
	at com.topcoder.management.deliverable.PersistenceUploadManagerTests.setUp(PersistenceUploadManagerTests.java:159)
	at junit.framework.TestCase.runBare(TestCase.java:132)
	at junit.framework.TestResult$1.protect(TestResult.java:110)
	at junit.framework.TestResult.runProtected(TestResult.java:128)
	at junit.framework.TestResult.run(TestResult.java:113)
	at junit.framework.TestCase.run(TestCase.java:124)
	at junit.framework.TestSuite.runTest(TestSuite.java:232)
	at junit.framework.TestSuite.run(TestSuite.java:227)
	at junit.framework.TestSuite.runTest(TestSuite.java:232)
	at junit.framework.TestSuite.run(TestSuite.java:227)
	at junit.framework.TestSuite.runTest(TestSuite.java:232)
	at junit.framework.TestSuite.run(TestSuite.java:227)
	at org.apache.tools.ant.taskdefs.optional.junit.JUnitTestRunner.run(JUnitTestRunner.java:420)
	at org.apache.tools.ant.taskdefs.optional.junit.JUnitTestRunner.launch(JUnitTestRunner.java:911)
	at org.apache.tools.ant.taskdefs.optional.junit.JUnitTestRunner.main(JUnitTestRunner.java:768)
Instantiate PersistenceUploadManager with UploadPersistence, uploadSearchBundle, submissionSearchBundle, uploadIdGenerator, uploadTypeIdGenerator, uploadStatusIdGenerator, submissionIDGenerator and submissionStatusIdGenerator.
com.topcoder.util.config.UnknownNamespaceException: com.topcoder.util.log is unknown
	at com.topcoder.util.config.DefaultConfigManager.getPropertyObject(DefaultConfigManager.java:429)
	at com.topcoder.util.config.DefaultConfigManager.getString(DefaultConfigManager.java:449)
	at com.topcoder.util.log.LogFactory.getAttribute(LogFactory.java:224)
	at com.topcoder.util.log.basic.BasicLog.log(BasicLog.java:74)
	at com.topcoder.management.deliverable.PersistenceUploadManager.<init>(PersistenceUploadManager.java:260)
	at com.topcoder.management.deliverable.PersistenceUploadManagerTests.setUp(PersistenceUploadManagerTests.java:159)
	at junit.framework.TestCase.runBare(TestCase.java:132)
	at junit.framework.TestResult$1.protect(TestResult.java:110)
	at junit.framework.TestResult.runProtected(TestResult.java:128)
	at junit.framework.TestResult.run(TestResult.java:113)
	at junit.framework.TestCase.run(TestCase.java:124)
	at junit.framework.TestSuite.runTest(TestSuite.java:232)
	at junit.framework.TestSuite.run(TestSuite.java:227)
	at junit.framework.TestSuite.runTest(TestSuite.java:232)
	at junit.framework.TestSuite.run(TestSuite.java:227)
	at junit.framework.TestSuite.runTest(TestSuite.java:232)
	at junit.framework.TestSuite.run(TestSuite.java:227)
	at org.apache.tools.ant.taskdefs.optional.junit.JUnitTestRunner.run(JUnitTestRunner.java:420)
	at org.apache.tools.ant.taskdefs.optional.junit.JUnitTestRunner.launch(JUnitTestRunner.java:911)
	at org.apache.tools.ant.taskdefs.optional.junit.JUnitTestRunner.main(JUnitTestRunner.java:768)
Instantiate PersistenceUploadManager with UploadPersistence, uploadSearchBundle, submissionSearchBundle, uploadIdGenerator, uploadTypeIdGenerator, uploadStatusIdGenerator, submissionIDGenerator and submissionStatusIdGenerator.
com.topcoder.util.config.UnknownNamespaceException: com.topcoder.util.log is unknown
	at com.topcoder.util.config.DefaultConfigManager.getPropertyObject(DefaultConfigManager.java:429)
	at com.topcoder.util.config.DefaultConfigManager.getString(DefaultConfigManager.java:449)
	at com.topcoder.util.log.LogFactory.getAttribute(LogFactory.java:224)
	at com.topcoder.util.log.basic.BasicLog.log(BasicLog.java:74)
	at com.topcoder.management.deliverable.PersistenceUploadManager.<init>(PersistenceUploadManager.java:260)
	at com.topcoder.management.deliverable.PersistenceUploadManagerTests.setUp(PersistenceUploadManagerTests.java:159)
	at junit.framework.TestCase.runBare(TestCase.java:132)
	at junit.framework.TestResult$1.protect(TestResult.java:110)
	at junit.framework.TestResult.runProtected(TestResult.java:128)
	at junit.framework.TestResult.run(TestResult.java:113)
	at junit.framework.TestCase.run(TestCase.java:124)
	at junit.framework.TestSuite.runTest(TestSuite.java:232)
	at junit.framework.TestSuite.run(TestSuite.java:227)
	at junit.framework.TestSuite.runTest(TestSuite.java:232)
	at junit.framework.TestSuite.run(TestSuite.java:227)
	at junit.framework.TestSuite.runTest(TestSuite.java:232)
	at junit.framework.TestSuite.run(TestSuite.java:227)
	at org.apache.tools.ant.taskdefs.optional.junit.JUnitTestRunner.run(JUnitTestRunner.java:420)
	at org.apache.tools.ant.taskdefs.optional.junit.JUnitTestRunner.launch(JUnitTestRunner.java:911)
	at org.apache.tools.ant.taskdefs.optional.junit.JUnitTestRunner.main(JUnitTestRunner.java:768)
Instantiate PersistenceUploadManager with UploadPersistence, uploadSearchBundle, submissionSearchBundle, uploadIdGenerator, uploadTypeIdGenerator, uploadStatusIdGenerator, submissionIDGenerator and submissionStatusIdGenerator.
com.topcoder.util.config.UnknownNamespaceException: com.topcoder.util.log is unknown
	at com.topcoder.util.config.DefaultConfigManager.getPropertyObject(DefaultConfigManager.java:429)
	at com.topcoder.util.config.DefaultConfigManager.getString(DefaultConfigManager.java:449)
	at com.topcoder.util.log.LogFactory.getAttribute(LogFactory.java:224)
	at com.topcoder.util.log.basic.BasicLog.log(BasicLog.java:74)
	at com.topcoder.management.deliverable.PersistenceUploadManager.<init>(PersistenceUploadManager.java:260)
	at com.topcoder.management.deliverable.PersistenceUploadManagerTests.setUp(PersistenceUploadManagerTests.java:159)
	at junit.framework.TestCase.runBare(TestCase.java:132)
	at junit.framework.TestResult$1.protect(TestResult.java:110)
	at junit.framework.TestResult.runProtected(TestResult.java:128)
	at junit.framework.TestResult.run(TestResult.java:113)
	at junit.framework.TestCase.run(TestCase.java:124)
	at junit.framework.TestSuite.runTest(TestSuite.java:232)
	at junit.framework.TestSuite.run(TestSuite.java:227)
	at junit.framework.TestSuite.runTest(TestSuite.java:232)
	at junit.framework.TestSuite.run(TestSuite.java:227)
	at junit.framework.TestSuite.runTest(TestSuite.java:232)
	at junit.framework.TestSuite.run(TestSuite.java:227)
	at org.apache.tools.ant.taskdefs.optional.junit.JUnitTestRunner.run(JUnitTestRunner.java:420)
	at org.apache.tools.ant.taskdefs.optional.junit.JUnitTestRunner.launch(JUnitTestRunner.java:911)
	at org.apache.tools.ant.taskdefs.optional.junit.JUnitTestRunner.main(JUnitTestRunner.java:768)
Instantiate PersistenceUploadManager with UploadPersistence, uploadSearchBundle, submissionSearchBundle, uploadIdGenerator, uploadTypeIdGenerator, uploadStatusIdGenerator, submissionIDGenerator and submissionStatusIdGenerator.
com.topcoder.util.config.UnknownNamespaceException: com.topcoder.util.log is unknown
	at com.topcoder.util.config.DefaultConfigManager.getPropertyObject(DefaultConfigManager.java:429)
	at com.topcoder.util.config.DefaultConfigManager.getString(DefaultConfigManager.java:449)
	at com.topcoder.util.log.LogFactory.getAttribute(LogFactory.java:224)
	at com.topcoder.util.log.basic.BasicLog.log(BasicLog.java:74)
	at com.topcoder.management.deliverable.PersistenceUploadManager.<init>(PersistenceUploadManager.java:260)
	at com.topcoder.management.deliverable.PersistenceUploadManagerTests.setUp(PersistenceUploadManagerTests.java:159)
	at junit.framework.TestCase.runBare(TestCase.java:132)
	at junit.framework.TestResult$1.protect(TestResult.java:110)
	at junit.framework.TestResult.runProtected(TestResult.java:128)
	at junit.framework.TestResult.run(TestResult.java:113)
	at junit.framework.TestCase.run(TestCase.java:124)
	at junit.framework.TestSuite.runTest(TestSuite.java:232)
	at junit.framework.TestSuite.run(TestSuite.java:227)
	at junit.framework.TestSuite.runTest(TestSuite.java:232)
	at junit.framework.TestSuite.run(TestSuite.java:227)
	at junit.framework.TestSuite.runTest(TestSuite.java:232)
	at junit.framework.TestSuite.run(TestSuite.java:227)
	at org.apache.tools.ant.taskdefs.optional.junit.JUnitTestRunner.run(JUnitTestRunner.java:420)
	at org.apache.tools.ant.taskdefs.optional.junit.JUnitTestRunner.launch(JUnitTestRunner.java:911)
	at org.apache.tools.ant.taskdefs.optional.junit.JUnitTestRunner.main(JUnitTestRunner.java:768)
Instantiate PersistenceUploadManager with UploadPersistence, uploadSearchBundle, submissionSearchBundle, uploadIdGenerator, uploadTypeIdGenerator, uploadStatusIdGenerator, submissionIDGenerator and submissionStatusIdGenerator.
com.topcoder.util.config.UnknownNamespaceException: com.topcoder.util.log is unknown
	at com.topcoder.util.config.DefaultConfigManager.getPropertyObject(DefaultConfigManager.java:429)
	at com.topcoder.util.config.DefaultConfigManager.getString(DefaultConfigManager.java:449)
	at com.topcoder.util.log.LogFactory.getAttribute(LogFactory.java:224)
	at com.topcoder.util.log.basic.BasicLog.log(BasicLog.java:74)
	at com.topcoder.management.deliverable.PersistenceUploadManager.<init>(PersistenceUploadManager.java:260)
	at com.topcoder.management.deliverable.PersistenceUploadManagerTests.setUp(PersistenceUploadManagerTests.java:159)
	at junit.framework.TestCase.runBare(TestCase.java:132)
	at junit.framework.TestResult$1.protect(TestResult.java:110)
	at junit.framework.TestResult.runProtected(TestResult.java:128)
	at junit.framework.TestResult.run(TestResult.java:113)
	at junit.framework.TestCase.run(TestCase.java:124)
	at junit.framework.TestSuite.runTest(TestSuite.java:232)
	at junit.framework.TestSuite.run(TestSuite.java:227)
	at junit.framework.TestSuite.runTest(TestSuite.java:232)
	at junit.framework.TestSuite.run(TestSuite.java:227)
	at junit.framework.TestSuite.runTest(TestSuite.java:232)
	at junit.framework.TestSuite.run(TestSuite.java:227)
	at org.apache.tools.ant.taskdefs.optional.junit.JUnitTestRunner.run(JUnitTestRunner.java:420)
	at org.apache.tools.ant.taskdefs.optional.junit.JUnitTestRunner.launch(JUnitTestRunner.java:911)
	at org.apache.tools.ant.taskdefs.optional.junit.JUnitTestRunner.main(JUnitTestRunner.java:768)
Instantiate PersistenceUploadManager with UploadPersistence, uploadSearchBundle, submissionSearchBundle, uploadIdGenerator, uploadTypeIdGenerator, uploadStatusIdGenerator, submissionIDGenerator and submissionStatusIdGenerator.
com.topcoder.util.config.UnknownNamespaceException: com.topcoder.util.log is unknown
	at com.topcoder.util.config.DefaultConfigManager.getPropertyObject(DefaultConfigManager.java:429)
	at com.topcoder.util.config.DefaultConfigManager.getString(DefaultConfigManager.java:449)
	at com.topcoder.util.log.LogFactory.getAttribute(LogFactory.java:224)
	at com.topcoder.util.log.basic.BasicLog.log(BasicLog.java:74)
	at com.topcoder.management.deliverable.PersistenceUploadManager.<init>(PersistenceUploadManager.java:260)
	at com.topcoder.management.deliverable.PersistenceUploadManagerTests.setUp(PersistenceUploadManagerTests.java:159)
	at junit.framework.TestCase.runBare(TestCase.java:132)
	at junit.framework.TestResult$1.protect(TestResult.java:110)
	at junit.framework.TestResult.runProtected(TestResult.java:128)
	at junit.framework.TestResult.run(TestResult.java:113)
	at junit.framework.TestCase.run(TestCase.java:124)
	at junit.framework.TestSuite.runTest(TestSuite.java:232)
	at junit.framework.TestSuite.run(TestSuite.java:227)
	at junit.framework.TestSuite.runTest(TestSuite.java:232)
	at junit.framework.TestSuite.run(TestSuite.java:227)
	at junit.framework.TestSuite.runTest(TestSuite.java:232)
	at junit.framework.TestSuite.run(TestSuite.java:227)
	at org.apache.tools.ant.taskdefs.optional.junit.JUnitTestRunner.run(JUnitTestRunner.java:420)
	at org.apache.tools.ant.taskdefs.optional.junit.JUnitTestRunner.launch(JUnitTestRunner.java:911)
	at org.apache.tools.ant.taskdefs.optional.junit.JUnitTestRunner.main(JUnitTestRunner.java:768)
Instantiate PersistenceUploadManager with UploadPersistence, uploadSearchBundle, submissionSearchBundle, uploadIdGenerator, uploadTypeIdGenerator, uploadStatusIdGenerator, submissionIDGenerator and submissionStatusIdGenerator.
com.topcoder.util.config.UnknownNamespaceException: com.topcoder.util.log is unknown
	at com.topcoder.util.config.DefaultConfigManager.getPropertyObject(DefaultConfigManager.java:429)
	at com.topcoder.util.config.DefaultConfigManager.getString(DefaultConfigManager.java:449)
	at com.topcoder.util.log.LogFactory.getAttribute(LogFactory.java:224)
	at com.topcoder.util.log.basic.BasicLog.log(BasicLog.java:74)
	at com.topcoder.management.deliverable.PersistenceUploadManager.createUpload(PersistenceUploadManager.java:335)
	at com.topcoder.management.deliverable.PersistenceUploadManagerTests.testCreateUpload_Null1(PersistenceUploadManagerTests.java:338)
	at sun.reflect.NativeMethodAccessorImpl.invoke0(Native Method)
	at sun.reflect.NativeMethodAccessorImpl.invoke(NativeMethodAccessorImpl.java:57)
	at sun.reflect.DelegatingMethodAccessorImpl.invoke(DelegatingMethodAccessorImpl.java:43)
	at java.lang.reflect.Method.invoke(Method.java:616)
	at junit.framework.TestCase.runTest(TestCase.java:168)
	at junit.framework.TestCase.runBare(TestCase.java:134)
	at junit.framework.TestResult$1.protect(TestResult.java:110)
	at junit.framework.TestResult.runProtected(TestResult.java:128)
	at junit.framework.TestResult.run(TestResult.java:113)
	at junit.framework.TestCase.run(TestCase.java:124)
	at junit.framework.TestSuite.runTest(TestSuite.java:232)
	at junit.framework.TestSuite.run(TestSuite.java:227)
	at junit.framework.TestSuite.runTest(TestSuite.java:232)
	at junit.framework.TestSuite.run(TestSuite.java:227)
	at junit.framework.TestSuite.runTest(TestSuite.java:232)
	at junit.framework.TestSuite.run(TestSuite.java:227)
	at org.apache.tools.ant.taskdefs.optional.junit.JUnitTestRunner.run(JUnitTestRunner.java:420)
	at org.apache.tools.ant.taskdefs.optional.junit.JUnitTestRunner.launch(JUnitTestRunner.java:911)
	at org.apache.tools.ant.taskdefs.optional.junit.JUnitTestRunner.main(JUnitTestRunner.java:768)
type: Upload id: Unknown operator:user - Create new Upload.
com.topcoder.util.config.UnknownNamespaceException: com.topcoder.util.log is unknown
	at com.topcoder.util.config.DefaultConfigManager.getPropertyObject(DefaultConfigManager.java:429)
	at com.topcoder.util.config.DefaultConfigManager.getString(DefaultConfigManager.java:449)
	at com.topcoder.util.log.LogFactory.getAttribute(LogFactory.java:224)
	at com.topcoder.util.log.basic.BasicLog.log(BasicLog.java:74)
	at com.topcoder.management.deliverable.PersistenceUploadManager.<init>(PersistenceUploadManager.java:260)
	at com.topcoder.management.deliverable.PersistenceUploadManagerTests.setUp(PersistenceUploadManagerTests.java:159)
	at junit.framework.TestCase.runBare(TestCase.java:132)
	at junit.framework.TestResult$1.protect(TestResult.java:110)
	at junit.framework.TestResult.runProtected(TestResult.java:128)
	at junit.framework.TestResult.run(TestResult.java:113)
	at junit.framework.TestCase.run(TestCase.java:124)
	at junit.framework.TestSuite.runTest(TestSuite.java:232)
	at junit.framework.TestSuite.run(TestSuite.java:227)
	at junit.framework.TestSuite.runTest(TestSuite.java:232)
	at junit.framework.TestSuite.run(TestSuite.java:227)
	at junit.framework.TestSuite.runTest(TestSuite.java:232)
	at junit.framework.TestSuite.run(TestSuite.java:227)
	at org.apache.tools.ant.taskdefs.optional.junit.JUnitTestRunner.run(JUnitTestRunner.java:420)
	at org.apache.tools.ant.taskdefs.optional.junit.JUnitTestRunner.launch(JUnitTestRunner.java:911)
	at org.apache.tools.ant.taskdefs.optional.junit.JUnitTestRunner.main(JUnitTestRunner.java:768)
Instantiate PersistenceUploadManager with UploadPersistence, uploadSearchBundle, submissionSearchBundle, uploadIdGenerator, uploadTypeIdGenerator, uploadStatusIdGenerator, submissionIDGenerator and submissionStatusIdGenerator.
com.topcoder.util.config.UnknownNamespaceException: com.topcoder.util.log is unknown
	at com.topcoder.util.config.DefaultConfigManager.getPropertyObject(DefaultConfigManager.java:429)
	at com.topcoder.util.config.DefaultConfigManager.getString(DefaultConfigManager.java:449)
	at com.topcoder.util.log.LogFactory.getAttribute(LogFactory.java:224)
	at com.topcoder.util.log.basic.BasicLog.log(BasicLog.java:74)
	at com.topcoder.management.deliverable.PersistenceUploadManager.createUpload(PersistenceUploadManager.java:335)
	at com.topcoder.management.deliverable.PersistenceUploadManagerTests.testCreateUpload_Null2(PersistenceUploadManagerTests.java:353)
	at sun.reflect.NativeMethodAccessorImpl.invoke0(Native Method)
	at sun.reflect.NativeMethodAccessorImpl.invoke(NativeMethodAccessorImpl.java:57)
	at sun.reflect.DelegatingMethodAccessorImpl.invoke(DelegatingMethodAccessorImpl.java:43)
	at java.lang.reflect.Method.invoke(Method.java:616)
	at junit.framework.TestCase.runTest(TestCase.java:168)
	at junit.framework.TestCase.runBare(TestCase.java:134)
	at junit.framework.TestResult$1.protect(TestResult.java:110)
	at junit.framework.TestResult.runProtected(TestResult.java:128)
	at junit.framework.TestResult.run(TestResult.java:113)
	at junit.framework.TestCase.run(TestCase.java:124)
	at junit.framework.TestSuite.runTest(TestSuite.java:232)
	at junit.framework.TestSuite.run(TestSuite.java:227)
	at junit.framework.TestSuite.runTest(TestSuite.java:232)
	at junit.framework.TestSuite.run(TestSuite.java:227)
	at junit.framework.TestSuite.runTest(TestSuite.java:232)
	at junit.framework.TestSuite.run(TestSuite.java:227)
	at org.apache.tools.ant.taskdefs.optional.junit.JUnitTestRunner.run(JUnitTestRunner.java:420)
	at org.apache.tools.ant.taskdefs.optional.junit.JUnitTestRunner.launch(JUnitTestRunner.java:911)
	at org.apache.tools.ant.taskdefs.optional.junit.JUnitTestRunner.main(JUnitTestRunner.java:768)
type: Upload id: Unknown operator:Unknown - Create new Upload.
com.topcoder.util.config.UnknownNamespaceException: com.topcoder.util.log is unknown
	at com.topcoder.util.config.DefaultConfigManager.getPropertyObject(DefaultConfigManager.java:429)
	at com.topcoder.util.config.DefaultConfigManager.getString(DefaultConfigManager.java:449)
	at com.topcoder.util.log.LogFactory.getAttribute(LogFactory.java:224)
	at com.topcoder.util.log.basic.BasicLog.log(BasicLog.java:74)
	at com.topcoder.management.deliverable.PersistenceUploadManager.<init>(PersistenceUploadManager.java:260)
	at com.topcoder.management.deliverable.PersistenceUploadManagerTests.setUp(PersistenceUploadManagerTests.java:159)
	at junit.framework.TestCase.runBare(TestCase.java:132)
	at junit.framework.TestResult$1.protect(TestResult.java:110)
	at junit.framework.TestResult.runProtected(TestResult.java:128)
	at junit.framework.TestResult.run(TestResult.java:113)
	at junit.framework.TestCase.run(TestCase.java:124)
	at junit.framework.TestSuite.runTest(TestSuite.java:232)
	at junit.framework.TestSuite.run(TestSuite.java:227)
	at junit.framework.TestSuite.runTest(TestSuite.java:232)
	at junit.framework.TestSuite.run(TestSuite.java:227)
	at junit.framework.TestSuite.runTest(TestSuite.java:232)
	at junit.framework.TestSuite.run(TestSuite.java:227)
	at org.apache.tools.ant.taskdefs.optional.junit.JUnitTestRunner.run(JUnitTestRunner.java:420)
	at org.apache.tools.ant.taskdefs.optional.junit.JUnitTestRunner.launch(JUnitTestRunner.java:911)
	at org.apache.tools.ant.taskdefs.optional.junit.JUnitTestRunner.main(JUnitTestRunner.java:768)
Instantiate PersistenceUploadManager with UploadPersistence, uploadSearchBundle, submissionSearchBundle, uploadIdGenerator, uploadTypeIdGenerator, uploadStatusIdGenerator, submissionIDGenerator and submissionStatusIdGenerator.
com.topcoder.util.config.UnknownNamespaceException: com.topcoder.util.log is unknown
	at com.topcoder.util.config.DefaultConfigManager.getPropertyObject(DefaultConfigManager.java:429)
	at com.topcoder.util.config.DefaultConfigManager.getString(DefaultConfigManager.java:449)
	at com.topcoder.util.log.LogFactory.getAttribute(LogFactory.java:224)
	at com.topcoder.util.log.basic.BasicLog.log(BasicLog.java:74)
	at com.topcoder.management.deliverable.PersistenceUploadManager.createUpload(PersistenceUploadManager.java:335)
	at com.topcoder.management.deliverable.PersistenceUploadManagerTests.testCreateUpload_Invalid1(PersistenceUploadManagerTests.java:368)
	at sun.reflect.NativeMethodAccessorImpl.invoke0(Native Method)
	at sun.reflect.NativeMethodAccessorImpl.invoke(NativeMethodAccessorImpl.java:57)
	at sun.reflect.DelegatingMethodAccessorImpl.invoke(DelegatingMethodAccessorImpl.java:43)
	at java.lang.reflect.Method.invoke(Method.java:616)
	at junit.framework.TestCase.runTest(TestCase.java:168)
	at junit.framework.TestCase.runBare(TestCase.java:134)
	at junit.framework.TestResult$1.protect(TestResult.java:110)
	at junit.framework.TestResult.runProtected(TestResult.java:128)
	at junit.framework.TestResult.run(TestResult.java:113)
	at junit.framework.TestCase.run(TestCase.java:124)
	at junit.framework.TestSuite.runTest(TestSuite.java:232)
	at junit.framework.TestSuite.run(TestSuite.java:227)
	at junit.framework.TestSuite.runTest(TestSuite.java:232)
	at junit.framework.TestSuite.run(TestSuite.java:227)
	at junit.framework.TestSuite.runTest(TestSuite.java:232)
	at junit.framework.TestSuite.run(TestSuite.java:227)
	at org.apache.tools.ant.taskdefs.optional.junit.JUnitTestRunner.run(JUnitTestRunner.java:420)
	at org.apache.tools.ant.taskdefs.optional.junit.JUnitTestRunner.launch(JUnitTestRunner.java:911)
	at org.apache.tools.ant.taskdefs.optional.junit.JUnitTestRunner.main(JUnitTestRunner.java:768)
type: Upload id: Unknown operator:user - Create new Upload.
com.topcoder.util.config.UnknownNamespaceException: com.topcoder.util.log is unknown
	at com.topcoder.util.config.DefaultConfigManager.getPropertyObject(DefaultConfigManager.java:429)
	at com.topcoder.util.config.DefaultConfigManager.getString(DefaultConfigManager.java:449)
	at com.topcoder.util.log.LogFactory.getAttribute(LogFactory.java:224)
	at com.topcoder.util.log.basic.BasicLog.log(BasicLog.java:74)
	at com.topcoder.management.deliverable.PersistenceUploadManager.persistenceUploadManagerHelper(PersistenceUploadManager.java:954)
	at com.topcoder.management.deliverable.PersistenceUploadManager.createUpload(PersistenceUploadManager.java:336)
	at com.topcoder.management.deliverable.PersistenceUploadManagerTests.testCreateUpload_Invalid1(PersistenceUploadManagerTests.java:368)
	at sun.reflect.NativeMethodAccessorImpl.invoke0(Native Method)
	at sun.reflect.NativeMethodAccessorImpl.invoke(NativeMethodAccessorImpl.java:57)
	at sun.reflect.DelegatingMethodAccessorImpl.invoke(DelegatingMethodAccessorImpl.java:43)
	at java.lang.reflect.Method.invoke(Method.java:616)
	at junit.framework.TestCase.runTest(TestCase.java:168)
	at junit.framework.TestCase.runBare(TestCase.java:134)
	at junit.framework.TestResult$1.protect(TestResult.java:110)
	at junit.framework.TestResult.runProtected(TestResult.java:128)
	at junit.framework.TestResult.run(TestResult.java:113)
	at junit.framework.TestCase.run(TestCase.java:124)
	at junit.framework.TestSuite.runTest(TestSuite.java:232)
	at junit.framework.TestSuite.run(TestSuite.java:227)
	at junit.framework.TestSuite.runTest(TestSuite.java:232)
	at junit.framework.TestSuite.run(TestSuite.java:227)
	at junit.framework.TestSuite.runTest(TestSuite.java:232)
	at junit.framework.TestSuite.run(TestSuite.java:227)
	at org.apache.tools.ant.taskdefs.optional.junit.JUnitTestRunner.run(JUnitTestRunner.java:420)
	at org.apache.tools.ant.taskdefs.optional.junit.JUnitTestRunner.launch(JUnitTestRunner.java:911)
	at org.apache.tools.ant.taskdefs.optional.junit.JUnitTestRunner.main(JUnitTestRunner.java:768)
The id of the upload must be UNSET_ID, 10 received
com.topcoder.util.config.UnknownNamespaceException: com.topcoder.util.log is unknown
	at com.topcoder.util.config.DefaultConfigManager.getPropertyObject(DefaultConfigManager.java:429)
	at com.topcoder.util.config.DefaultConfigManager.getString(DefaultConfigManager.java:449)
	at com.topcoder.util.log.LogFactory.getAttribute(LogFactory.java:224)
	at com.topcoder.util.log.basic.BasicLog.log(BasicLog.java:74)
	at com.topcoder.management.deliverable.PersistenceUploadManager.<init>(PersistenceUploadManager.java:260)
	at com.topcoder.management.deliverable.PersistenceUploadManagerTests.setUp(PersistenceUploadManagerTests.java:159)
	at junit.framework.TestCase.runBare(TestCase.java:132)
	at junit.framework.TestResult$1.protect(TestResult.java:110)
	at junit.framework.TestResult.runProtected(TestResult.java:128)
	at junit.framework.TestResult.run(TestResult.java:113)
	at junit.framework.TestCase.run(TestCase.java:124)
	at junit.framework.TestSuite.runTest(TestSuite.java:232)
	at junit.framework.TestSuite.run(TestSuite.java:227)
	at junit.framework.TestSuite.runTest(TestSuite.java:232)
	at junit.framework.TestSuite.run(TestSuite.java:227)
	at junit.framework.TestSuite.runTest(TestSuite.java:232)
	at junit.framework.TestSuite.run(TestSuite.java:227)
	at org.apache.tools.ant.taskdefs.optional.junit.JUnitTestRunner.run(JUnitTestRunner.java:420)
	at org.apache.tools.ant.taskdefs.optional.junit.JUnitTestRunner.launch(JUnitTestRunner.java:911)
	at org.apache.tools.ant.taskdefs.optional.junit.JUnitTestRunner.main(JUnitTestRunner.java:768)
Instantiate PersistenceUploadManager with UploadPersistence, uploadSearchBundle, submissionSearchBundle, uploadIdGenerator, uploadTypeIdGenerator, uploadStatusIdGenerator, submissionIDGenerator and submissionStatusIdGenerator.
com.topcoder.util.config.UnknownNamespaceException: com.topcoder.util.log is unknown
	at com.topcoder.util.config.DefaultConfigManager.getPropertyObject(DefaultConfigManager.java:429)
	at com.topcoder.util.config.DefaultConfigManager.getString(DefaultConfigManager.java:449)
	at com.topcoder.util.log.LogFactory.getAttribute(LogFactory.java:224)
	at com.topcoder.util.log.basic.BasicLog.log(BasicLog.java:74)
	at com.topcoder.management.deliverable.PersistenceUploadManager.createUpload(PersistenceUploadManager.java:335)
	at com.topcoder.management.deliverable.PersistenceUploadManagerTests.testCreateUpload_Accuracy1(PersistenceUploadManagerTests.java:387)
	at sun.reflect.NativeMethodAccessorImpl.invoke0(Native Method)
	at sun.reflect.NativeMethodAccessorImpl.invoke(NativeMethodAccessorImpl.java:57)
	at sun.reflect.DelegatingMethodAccessorImpl.invoke(DelegatingMethodAccessorImpl.java:43)
	at java.lang.reflect.Method.invoke(Method.java:616)
	at junit.framework.TestCase.runTest(TestCase.java:168)
	at junit.framework.TestCase.runBare(TestCase.java:134)
	at junit.framework.TestResult$1.protect(TestResult.java:110)
	at junit.framework.TestResult.runProtected(TestResult.java:128)
	at junit.framework.TestResult.run(TestResult.java:113)
	at junit.framework.TestCase.run(TestCase.java:124)
	at junit.framework.TestSuite.runTest(TestSuite.java:232)
	at junit.framework.TestSuite.run(TestSuite.java:227)
	at junit.framework.TestSuite.runTest(TestSuite.java:232)
	at junit.framework.TestSuite.run(TestSuite.java:227)
	at junit.framework.TestSuite.runTest(TestSuite.java:232)
	at junit.framework.TestSuite.run(TestSuite.java:227)
	at org.apache.tools.ant.taskdefs.optional.junit.JUnitTestRunner.run(JUnitTestRunner.java:420)
	at org.apache.tools.ant.taskdefs.optional.junit.JUnitTestRunner.launch(JUnitTestRunner.java:911)
	at org.apache.tools.ant.taskdefs.optional.junit.JUnitTestRunner.main(JUnitTestRunner.java:768)
type: Upload id: Unknown operator:user - Create new Upload.
com.topcoder.util.config.UnknownNamespaceException: com.topcoder.util.log is unknown
	at com.topcoder.util.config.DefaultConfigManager.getPropertyObject(DefaultConfigManager.java:429)
	at com.topcoder.util.config.DefaultConfigManager.getString(DefaultConfigManager.java:449)
	at com.topcoder.util.log.LogFactory.getAttribute(LogFactory.java:224)
	at com.topcoder.util.log.basic.BasicLog.log(BasicLog.java:74)
	at com.topcoder.management.deliverable.PersistenceUploadManager.persistenceUploadManagerHelper(PersistenceUploadManager.java:966)
	at com.topcoder.management.deliverable.PersistenceUploadManager.createUpload(PersistenceUploadManager.java:336)
	at com.topcoder.management.deliverable.PersistenceUploadManagerTests.testCreateUpload_Accuracy1(PersistenceUploadManagerTests.java:387)
	at sun.reflect.NativeMethodAccessorImpl.invoke0(Native Method)
	at sun.reflect.NativeMethodAccessorImpl.invoke(NativeMethodAccessorImpl.java:57)
	at sun.reflect.DelegatingMethodAccessorImpl.invoke(DelegatingMethodAccessorImpl.java:43)
	at java.lang.reflect.Method.invoke(Method.java:616)
	at junit.framework.TestCase.runTest(TestCase.java:168)
	at junit.framework.TestCase.runBare(TestCase.java:134)
	at junit.framework.TestResult$1.protect(TestResult.java:110)
	at junit.framework.TestResult.runProtected(TestResult.java:128)
	at junit.framework.TestResult.run(TestResult.java:113)
	at junit.framework.TestCase.run(TestCase.java:124)
	at junit.framework.TestSuite.runTest(TestSuite.java:232)
	at junit.framework.TestSuite.run(TestSuite.java:227)
	at junit.framework.TestSuite.runTest(TestSuite.java:232)
	at junit.framework.TestSuite.run(TestSuite.java:227)
	at junit.framework.TestSuite.runTest(TestSuite.java:232)
	at junit.framework.TestSuite.run(TestSuite.java:227)
	at org.apache.tools.ant.taskdefs.optional.junit.JUnitTestRunner.run(JUnitTestRunner.java:420)
	at org.apache.tools.ant.taskdefs.optional.junit.JUnitTestRunner.launch(JUnitTestRunner.java:911)
	at org.apache.tools.ant.taskdefs.optional.junit.JUnitTestRunner.main(JUnitTestRunner.java:768)
generate next id from the idGenerator:count
com.topcoder.util.config.UnknownNamespaceException: com.topcoder.util.log is unknown
	at com.topcoder.util.config.DefaultConfigManager.getPropertyObject(DefaultConfigManager.java:429)
	at com.topcoder.util.config.DefaultConfigManager.getString(DefaultConfigManager.java:449)
	at com.topcoder.util.log.LogFactory.getAttribute(LogFactory.java:224)
	at com.topcoder.util.log.basic.BasicLog.log(BasicLog.java:74)
	at com.topcoder.management.deliverable.PersistenceUploadManager.<init>(PersistenceUploadManager.java:260)
	at com.topcoder.management.deliverable.PersistenceUploadManagerTests.setUp(PersistenceUploadManagerTests.java:159)
	at junit.framework.TestCase.runBare(TestCase.java:132)
	at junit.framework.TestResult$1.protect(TestResult.java:110)
	at junit.framework.TestResult.runProtected(TestResult.java:128)
	at junit.framework.TestResult.run(TestResult.java:113)
	at junit.framework.TestCase.run(TestCase.java:124)
	at junit.framework.TestSuite.runTest(TestSuite.java:232)
	at junit.framework.TestSuite.run(TestSuite.java:227)
	at junit.framework.TestSuite.runTest(TestSuite.java:232)
	at junit.framework.TestSuite.run(TestSuite.java:227)
	at junit.framework.TestSuite.runTest(TestSuite.java:232)
	at junit.framework.TestSuite.run(TestSuite.java:227)
	at org.apache.tools.ant.taskdefs.optional.junit.JUnitTestRunner.run(JUnitTestRunner.java:420)
	at org.apache.tools.ant.taskdefs.optional.junit.JUnitTestRunner.launch(JUnitTestRunner.java:911)
	at org.apache.tools.ant.taskdefs.optional.junit.JUnitTestRunner.main(JUnitTestRunner.java:768)
Instantiate PersistenceUploadManager with UploadPersistence, uploadSearchBundle, submissionSearchBundle, uploadIdGenerator, uploadTypeIdGenerator, uploadStatusIdGenerator, submissionIDGenerator and submissionStatusIdGenerator.
com.topcoder.util.config.UnknownNamespaceException: com.topcoder.util.log is unknown
	at com.topcoder.util.config.DefaultConfigManager.getPropertyObject(DefaultConfigManager.java:429)
	at com.topcoder.util.config.DefaultConfigManager.getString(DefaultConfigManager.java:449)
	at com.topcoder.util.log.LogFactory.getAttribute(LogFactory.java:224)
	at com.topcoder.util.log.basic.BasicLog.log(BasicLog.java:74)
	at com.topcoder.management.deliverable.PersistenceUploadManager.updateUpload(PersistenceUploadManager.java:361)
	at com.topcoder.management.deliverable.PersistenceUploadManagerTests.testUpdateUpload_Null1(PersistenceUploadManagerTests.java:411)
	at sun.reflect.NativeMethodAccessorImpl.invoke0(Native Method)
	at sun.reflect.NativeMethodAccessorImpl.invoke(NativeMethodAccessorImpl.java:57)
	at sun.reflect.DelegatingMethodAccessorImpl.invoke(DelegatingMethodAccessorImpl.java:43)
	at java.lang.reflect.Method.invoke(Method.java:616)
	at junit.framework.TestCase.runTest(TestCase.java:168)
	at junit.framework.TestCase.runBare(TestCase.java:134)
	at junit.framework.TestResult$1.protect(TestResult.java:110)
	at junit.framework.TestResult.runProtected(TestResult.java:128)
	at junit.framework.TestResult.run(TestResult.java:113)
	at junit.framework.TestCase.run(TestCase.java:124)
	at junit.framework.TestSuite.runTest(TestSuite.java:232)
	at junit.framework.TestSuite.run(TestSuite.java:227)
	at junit.framework.TestSuite.runTest(TestSuite.java:232)
	at junit.framework.TestSuite.run(TestSuite.java:227)
	at junit.framework.TestSuite.runTest(TestSuite.java:232)
	at junit.framework.TestSuite.run(TestSuite.java:227)
	at org.apache.tools.ant.taskdefs.optional.junit.JUnitTestRunner.run(JUnitTestRunner.java:420)
	at org.apache.tools.ant.taskdefs.optional.junit.JUnitTestRunner.launch(JUnitTestRunner.java:911)
	at org.apache.tools.ant.taskdefs.optional.junit.JUnitTestRunner.main(JUnitTestRunner.java:768)
type: Upload id: -1 operator:user - Update Upload.
com.topcoder.util.config.UnknownNamespaceException: com.topcoder.util.log is unknown
	at com.topcoder.util.config.DefaultConfigManager.getPropertyObject(DefaultConfigManager.java:429)
	at com.topcoder.util.config.DefaultConfigManager.getString(DefaultConfigManager.java:449)
	at com.topcoder.util.log.LogFactory.getAttribute(LogFactory.java:224)
	at com.topcoder.util.log.basic.BasicLog.log(BasicLog.java:74)
	at com.topcoder.management.deliverable.PersistenceUploadManager.<init>(PersistenceUploadManager.java:260)
	at com.topcoder.management.deliverable.PersistenceUploadManagerTests.setUp(PersistenceUploadManagerTests.java:159)
	at junit.framework.TestCase.runBare(TestCase.java:132)
	at junit.framework.TestResult$1.protect(TestResult.java:110)
	at junit.framework.TestResult.runProtected(TestResult.java:128)
	at junit.framework.TestResult.run(TestResult.java:113)
	at junit.framework.TestCase.run(TestCase.java:124)
	at junit.framework.TestSuite.runTest(TestSuite.java:232)
	at junit.framework.TestSuite.run(TestSuite.java:227)
	at junit.framework.TestSuite.runTest(TestSuite.java:232)
	at junit.framework.TestSuite.run(TestSuite.java:227)
	at junit.framework.TestSuite.runTest(TestSuite.java:232)
	at junit.framework.TestSuite.run(TestSuite.java:227)
	at org.apache.tools.ant.taskdefs.optional.junit.JUnitTestRunner.run(JUnitTestRunner.java:420)
	at org.apache.tools.ant.taskdefs.optional.junit.JUnitTestRunner.launch(JUnitTestRunner.java:911)
	at org.apache.tools.ant.taskdefs.optional.junit.JUnitTestRunner.main(JUnitTestRunner.java:768)
Instantiate PersistenceUploadManager with UploadPersistence, uploadSearchBundle, submissionSearchBundle, uploadIdGenerator, uploadTypeIdGenerator, uploadStatusIdGenerator, submissionIDGenerator and submissionStatusIdGenerator.
com.topcoder.util.config.UnknownNamespaceException: com.topcoder.util.log is unknown
	at com.topcoder.util.config.DefaultConfigManager.getPropertyObject(DefaultConfigManager.java:429)
	at com.topcoder.util.config.DefaultConfigManager.getString(DefaultConfigManager.java:449)
	at com.topcoder.util.log.LogFactory.getAttribute(LogFactory.java:224)
	at com.topcoder.util.log.basic.BasicLog.log(BasicLog.java:74)
	at com.topcoder.management.deliverable.PersistenceUploadManager.updateUpload(PersistenceUploadManager.java:361)
	at com.topcoder.management.deliverable.PersistenceUploadManagerTests.testUpdateUpload_Null2(PersistenceUploadManagerTests.java:426)
	at sun.reflect.NativeMethodAccessorImpl.invoke0(Native Method)
	at sun.reflect.NativeMethodAccessorImpl.invoke(NativeMethodAccessorImpl.java:57)
	at sun.reflect.DelegatingMethodAccessorImpl.invoke(DelegatingMethodAccessorImpl.java:43)
	at java.lang.reflect.Method.invoke(Method.java:616)
	at junit.framework.TestCase.runTest(TestCase.java:168)
	at junit.framework.TestCase.runBare(TestCase.java:134)
	at junit.framework.TestResult$1.protect(TestResult.java:110)
	at junit.framework.TestResult.runProtected(TestResult.java:128)
	at junit.framework.TestResult.run(TestResult.java:113)
	at junit.framework.TestCase.run(TestCase.java:124)
	at junit.framework.TestSuite.runTest(TestSuite.java:232)
	at junit.framework.TestSuite.run(TestSuite.java:227)
	at junit.framework.TestSuite.runTest(TestSuite.java:232)
	at junit.framework.TestSuite.run(TestSuite.java:227)
	at junit.framework.TestSuite.runTest(TestSuite.java:232)
	at junit.framework.TestSuite.run(TestSuite.java:227)
	at org.apache.tools.ant.taskdefs.optional.junit.JUnitTestRunner.run(JUnitTestRunner.java:420)
	at org.apache.tools.ant.taskdefs.optional.junit.JUnitTestRunner.launch(JUnitTestRunner.java:911)
	at org.apache.tools.ant.taskdefs.optional.junit.JUnitTestRunner.main(JUnitTestRunner.java:768)
type: Upload id: -1 operator:Unknown - Update Upload.
com.topcoder.util.config.UnknownNamespaceException: com.topcoder.util.log is unknown
	at com.topcoder.util.config.DefaultConfigManager.getPropertyObject(DefaultConfigManager.java:429)
	at com.topcoder.util.config.DefaultConfigManager.getString(DefaultConfigManager.java:449)
	at com.topcoder.util.log.LogFactory.getAttribute(LogFactory.java:224)
	at com.topcoder.util.log.basic.BasicLog.log(BasicLog.java:74)
	at com.topcoder.management.deliverable.PersistenceUploadManager.<init>(PersistenceUploadManager.java:260)
	at com.topcoder.management.deliverable.PersistenceUploadManagerTests.setUp(PersistenceUploadManagerTests.java:159)
	at junit.framework.TestCase.runBare(TestCase.java:132)
	at junit.framework.TestResult$1.protect(TestResult.java:110)
	at junit.framework.TestResult.runProtected(TestResult.java:128)
	at junit.framework.TestResult.run(TestResult.java:113)
	at junit.framework.TestCase.run(TestCase.java:124)
	at junit.framework.TestSuite.runTest(TestSuite.java:232)
	at junit.framework.TestSuite.run(TestSuite.java:227)
	at junit.framework.TestSuite.runTest(TestSuite.java:232)
	at junit.framework.TestSuite.run(TestSuite.java:227)
	at junit.framework.TestSuite.runTest(TestSuite.java:232)
	at junit.framework.TestSuite.run(TestSuite.java:227)
	at org.apache.tools.ant.taskdefs.optional.junit.JUnitTestRunner.run(JUnitTestRunner.java:420)
	at org.apache.tools.ant.taskdefs.optional.junit.JUnitTestRunner.launch(JUnitTestRunner.java:911)
	at org.apache.tools.ant.taskdefs.optional.junit.JUnitTestRunner.main(JUnitTestRunner.java:768)
Instantiate PersistenceUploadManager with UploadPersistence, uploadSearchBundle, submissionSearchBundle, uploadIdGenerator, uploadTypeIdGenerator, uploadStatusIdGenerator, submissionIDGenerator and submissionStatusIdGenerator.
com.topcoder.util.config.UnknownNamespaceException: com.topcoder.util.log is unknown
	at com.topcoder.util.config.DefaultConfigManager.getPropertyObject(DefaultConfigManager.java:429)
	at com.topcoder.util.config.DefaultConfigManager.getString(DefaultConfigManager.java:449)
	at com.topcoder.util.log.LogFactory.getAttribute(LogFactory.java:224)
	at com.topcoder.util.log.basic.BasicLog.log(BasicLog.java:74)
	at com.topcoder.management.deliverable.PersistenceUploadManager.updateUpload(PersistenceUploadManager.java:361)
	at com.topcoder.management.deliverable.PersistenceUploadManagerTests.testUpdateUpload_Invalid1(PersistenceUploadManagerTests.java:441)
	at sun.reflect.NativeMethodAccessorImpl.invoke0(Native Method)
	at sun.reflect.NativeMethodAccessorImpl.invoke(NativeMethodAccessorImpl.java:57)
	at sun.reflect.DelegatingMethodAccessorImpl.invoke(DelegatingMethodAccessorImpl.java:43)
	at java.lang.reflect.Method.invoke(Method.java:616)
	at junit.framework.TestCase.runTest(TestCase.java:168)
	at junit.framework.TestCase.runBare(TestCase.java:134)
	at junit.framework.TestResult$1.protect(TestResult.java:110)
	at junit.framework.TestResult.runProtected(TestResult.java:128)
	at junit.framework.TestResult.run(TestResult.java:113)
	at junit.framework.TestCase.run(TestCase.java:124)
	at junit.framework.TestSuite.runTest(TestSuite.java:232)
	at junit.framework.TestSuite.run(TestSuite.java:227)
	at junit.framework.TestSuite.runTest(TestSuite.java:232)
	at junit.framework.TestSuite.run(TestSuite.java:227)
	at junit.framework.TestSuite.runTest(TestSuite.java:232)
	at junit.framework.TestSuite.run(TestSuite.java:227)
	at org.apache.tools.ant.taskdefs.optional.junit.JUnitTestRunner.run(JUnitTestRunner.java:420)
	at org.apache.tools.ant.taskdefs.optional.junit.JUnitTestRunner.launch(JUnitTestRunner.java:911)
	at org.apache.tools.ant.taskdefs.optional.junit.JUnitTestRunner.main(JUnitTestRunner.java:768)
type: Upload id: -1 operator:user - Update Upload.
com.topcoder.util.config.UnknownNamespaceException: com.topcoder.util.log is unknown
	at com.topcoder.util.config.DefaultConfigManager.getPropertyObject(DefaultConfigManager.java:429)
	at com.topcoder.util.config.DefaultConfigManager.getString(DefaultConfigManager.java:449)
	at com.topcoder.util.log.LogFactory.getAttribute(LogFactory.java:224)
	at com.topcoder.util.log.basic.BasicLog.log(BasicLog.java:74)
	at com.topcoder.management.deliverable.PersistenceUploadManager.persistenceUploadManagerHelper(PersistenceUploadManager.java:977)
	at com.topcoder.management.deliverable.PersistenceUploadManager.updateUpload(PersistenceUploadManager.java:363)
	at com.topcoder.management.deliverable.PersistenceUploadManagerTests.testUpdateUpload_Invalid1(PersistenceUploadManagerTests.java:441)
	at sun.reflect.NativeMethodAccessorImpl.invoke0(Native Method)
	at sun.reflect.NativeMethodAccessorImpl.invoke(NativeMethodAccessorImpl.java:57)
	at sun.reflect.DelegatingMethodAccessorImpl.invoke(DelegatingMethodAccessorImpl.java:43)
	at java.lang.reflect.Method.invoke(Method.java:616)
	at junit.framework.TestCase.runTest(TestCase.java:168)
	at junit.framework.TestCase.runBare(TestCase.java:134)
	at junit.framework.TestResult$1.protect(TestResult.java:110)
	at junit.framework.TestResult.runProtected(TestResult.java:128)
	at junit.framework.TestResult.run(TestResult.java:113)
	at junit.framework.TestCase.run(TestCase.java:124)
	at junit.framework.TestSuite.runTest(TestSuite.java:232)
	at junit.framework.TestSuite.run(TestSuite.java:227)
	at junit.framework.TestSuite.runTest(TestSuite.java:232)
	at junit.framework.TestSuite.run(TestSuite.java:227)
	at junit.framework.TestSuite.runTest(TestSuite.java:232)
	at junit.framework.TestSuite.run(TestSuite.java:227)
	at org.apache.tools.ant.taskdefs.optional.junit.JUnitTestRunner.run(JUnitTestRunner.java:420)
	at org.apache.tools.ant.taskdefs.optional.junit.JUnitTestRunner.launch(JUnitTestRunner.java:911)
	at org.apache.tools.ant.taskdefs.optional.junit.JUnitTestRunner.main(JUnitTestRunner.java:768)
The id of the upload can't be UNSET_ID.
com.topcoder.util.config.UnknownNamespaceException: com.topcoder.util.log is unknown
	at com.topcoder.util.config.DefaultConfigManager.getPropertyObject(DefaultConfigManager.java:429)
	at com.topcoder.util.config.DefaultConfigManager.getString(DefaultConfigManager.java:449)
	at com.topcoder.util.log.LogFactory.getAttribute(LogFactory.java:224)
	at com.topcoder.util.log.basic.BasicLog.log(BasicLog.java:74)
	at com.topcoder.management.deliverable.PersistenceUploadManager.<init>(PersistenceUploadManager.java:260)
	at com.topcoder.management.deliverable.PersistenceUploadManagerTests.setUp(PersistenceUploadManagerTests.java:159)
	at junit.framework.TestCase.runBare(TestCase.java:132)
	at junit.framework.TestResult$1.protect(TestResult.java:110)
	at junit.framework.TestResult.runProtected(TestResult.java:128)
	at junit.framework.TestResult.run(TestResult.java:113)
	at junit.framework.TestCase.run(TestCase.java:124)
	at junit.framework.TestSuite.runTest(TestSuite.java:232)
	at junit.framework.TestSuite.run(TestSuite.java:227)
	at junit.framework.TestSuite.runTest(TestSuite.java:232)
	at junit.framework.TestSuite.run(TestSuite.java:227)
	at junit.framework.TestSuite.runTest(TestSuite.java:232)
	at junit.framework.TestSuite.run(TestSuite.java:227)
	at org.apache.tools.ant.taskdefs.optional.junit.JUnitTestRunner.run(JUnitTestRunner.java:420)
	at org.apache.tools.ant.taskdefs.optional.junit.JUnitTestRunner.launch(JUnitTestRunner.java:911)
	at org.apache.tools.ant.taskdefs.optional.junit.JUnitTestRunner.main(JUnitTestRunner.java:768)
Instantiate PersistenceUploadManager with UploadPersistence, uploadSearchBundle, submissionSearchBundle, uploadIdGenerator, uploadTypeIdGenerator, uploadStatusIdGenerator, submissionIDGenerator and submissionStatusIdGenerator.
com.topcoder.util.config.UnknownNamespaceException: com.topcoder.util.log is unknown
	at com.topcoder.util.config.DefaultConfigManager.getPropertyObject(DefaultConfigManager.java:429)
	at com.topcoder.util.config.DefaultConfigManager.getString(DefaultConfigManager.java:449)
	at com.topcoder.util.log.LogFactory.getAttribute(LogFactory.java:224)
	at com.topcoder.util.log.basic.BasicLog.log(BasicLog.java:74)
	at com.topcoder.management.deliverable.PersistenceUploadManager.createUpload(PersistenceUploadManager.java:335)
	at com.topcoder.management.deliverable.PersistenceUploadManagerTests.testUpdateUpload_Accuracy1(PersistenceUploadManagerTests.java:460)
	at sun.reflect.NativeMethodAccessorImpl.invoke0(Native Method)
	at sun.reflect.NativeMethodAccessorImpl.invoke(NativeMethodAccessorImpl.java:57)
	at sun.reflect.DelegatingMethodAccessorImpl.invoke(DelegatingMethodAccessorImpl.java:43)
	at java.lang.reflect.Method.invoke(Method.java:616)
	at junit.framework.TestCase.runTest(TestCase.java:168)
	at junit.framework.TestCase.runBare(TestCase.java:134)
	at junit.framework.TestResult$1.protect(TestResult.java:110)
	at junit.framework.TestResult.runProtected(TestResult.java:128)
	at junit.framework.TestResult.run(TestResult.java:113)
	at junit.framework.TestCase.run(TestCase.java:124)
	at junit.framework.TestSuite.runTest(TestSuite.java:232)
	at junit.framework.TestSuite.run(TestSuite.java:227)
	at junit.framework.TestSuite.runTest(TestSuite.java:232)
	at junit.framework.TestSuite.run(TestSuite.java:227)
	at junit.framework.TestSuite.runTest(TestSuite.java:232)
	at junit.framework.TestSuite.run(TestSuite.java:227)
	at org.apache.tools.ant.taskdefs.optional.junit.JUnitTestRunner.run(JUnitTestRunner.java:420)
	at org.apache.tools.ant.taskdefs.optional.junit.JUnitTestRunner.launch(JUnitTestRunner.java:911)
	at org.apache.tools.ant.taskdefs.optional.junit.JUnitTestRunner.main(JUnitTestRunner.java:768)
type: Upload id: Unknown operator:CreationUser - Create new Upload.
com.topcoder.util.config.UnknownNamespaceException: com.topcoder.util.log is unknown
	at com.topcoder.util.config.DefaultConfigManager.getPropertyObject(DefaultConfigManager.java:429)
	at com.topcoder.util.config.DefaultConfigManager.getString(DefaultConfigManager.java:449)
	at com.topcoder.util.log.LogFactory.getAttribute(LogFactory.java:224)
	at com.topcoder.util.log.basic.BasicLog.log(BasicLog.java:74)
	at com.topcoder.management.deliverable.PersistenceUploadManager.persistenceUploadManagerHelper(PersistenceUploadManager.java:966)
	at com.topcoder.management.deliverable.PersistenceUploadManager.createUpload(PersistenceUploadManager.java:336)
	at com.topcoder.management.deliverable.PersistenceUploadManagerTests.testUpdateUpload_Accuracy1(PersistenceUploadManagerTests.java:460)
	at sun.reflect.NativeMethodAccessorImpl.invoke0(Native Method)
	at sun.reflect.NativeMethodAccessorImpl.invoke(NativeMethodAccessorImpl.java:57)
	at sun.reflect.DelegatingMethodAccessorImpl.invoke(DelegatingMethodAccessorImpl.java:43)
	at java.lang.reflect.Method.invoke(Method.java:616)
	at junit.framework.TestCase.runTest(TestCase.java:168)
	at junit.framework.TestCase.runBare(TestCase.java:134)
	at junit.framework.TestResult$1.protect(TestResult.java:110)
	at junit.framework.TestResult.runProtected(TestResult.java:128)
	at junit.framework.TestResult.run(TestResult.java:113)
	at junit.framework.TestCase.run(TestCase.java:124)
	at junit.framework.TestSuite.runTest(TestSuite.java:232)
	at junit.framework.TestSuite.run(TestSuite.java:227)
	at junit.framework.TestSuite.runTest(TestSuite.java:232)
	at junit.framework.TestSuite.run(TestSuite.java:227)
	at junit.framework.TestSuite.runTest(TestSuite.java:232)
	at junit.framework.TestSuite.run(TestSuite.java:227)
	at org.apache.tools.ant.taskdefs.optional.junit.JUnitTestRunner.run(JUnitTestRunner.java:420)
	at org.apache.tools.ant.taskdefs.optional.junit.JUnitTestRunner.launch(JUnitTestRunner.java:911)
	at org.apache.tools.ant.taskdefs.optional.junit.JUnitTestRunner.main(JUnitTestRunner.java:768)
generate next id from the idGenerator:count
com.topcoder.util.config.UnknownNamespaceException: com.topcoder.util.log is unknown
	at com.topcoder.util.config.DefaultConfigManager.getPropertyObject(DefaultConfigManager.java:429)
	at com.topcoder.util.config.DefaultConfigManager.getString(DefaultConfigManager.java:449)
	at com.topcoder.util.log.LogFactory.getAttribute(LogFactory.java:224)
	at com.topcoder.util.log.basic.BasicLog.log(BasicLog.java:74)
	at com.topcoder.management.deliverable.PersistenceUploadManager.updateUpload(PersistenceUploadManager.java:361)
	at com.topcoder.management.deliverable.PersistenceUploadManagerTests.testUpdateUpload_Accuracy1(PersistenceUploadManagerTests.java:463)
	at sun.reflect.NativeMethodAccessorImpl.invoke0(Native Method)
	at sun.reflect.NativeMethodAccessorImpl.invoke(NativeMethodAccessorImpl.java:57)
	at sun.reflect.DelegatingMethodAccessorImpl.invoke(DelegatingMethodAccessorImpl.java:43)
	at java.lang.reflect.Method.invoke(Method.java:616)
	at junit.framework.TestCase.runTest(TestCase.java:168)
	at junit.framework.TestCase.runBare(TestCase.java:134)
	at junit.framework.TestResult$1.protect(TestResult.java:110)
	at junit.framework.TestResult.runProtected(TestResult.java:128)
	at junit.framework.TestResult.run(TestResult.java:113)
	at junit.framework.TestCase.run(TestCase.java:124)
	at junit.framework.TestSuite.runTest(TestSuite.java:232)
	at junit.framework.TestSuite.run(TestSuite.java:227)
	at junit.framework.TestSuite.runTest(TestSuite.java:232)
	at junit.framework.TestSuite.run(TestSuite.java:227)
	at junit.framework.TestSuite.runTest(TestSuite.java:232)
	at junit.framework.TestSuite.run(TestSuite.java:227)
	at org.apache.tools.ant.taskdefs.optional.junit.JUnitTestRunner.run(JUnitTestRunner.java:420)
	at org.apache.tools.ant.taskdefs.optional.junit.JUnitTestRunner.launch(JUnitTestRunner.java:911)
	at org.apache.tools.ant.taskdefs.optional.junit.JUnitTestRunner.main(JUnitTestRunner.java:768)
type: Upload id: 1 operator:ModificationUser - Update Upload.
com.topcoder.util.config.UnknownNamespaceException: com.topcoder.util.log is unknown
	at com.topcoder.util.config.DefaultConfigManager.getPropertyObject(DefaultConfigManager.java:429)
	at com.topcoder.util.config.DefaultConfigManager.getString(DefaultConfigManager.java:449)
	at com.topcoder.util.log.LogFactory.getAttribute(LogFactory.java:224)
	at com.topcoder.util.log.basic.BasicLog.log(BasicLog.java:74)
	at com.topcoder.management.deliverable.PersistenceUploadManager.<init>(PersistenceUploadManager.java:260)
	at com.topcoder.management.deliverable.PersistenceUploadManagerTests.setUp(PersistenceUploadManagerTests.java:159)
	at junit.framework.TestCase.runBare(TestCase.java:132)
	at junit.framework.TestResult$1.protect(TestResult.java:110)
	at junit.framework.TestResult.runProtected(TestResult.java:128)
	at junit.framework.TestResult.run(TestResult.java:113)
	at junit.framework.TestCase.run(TestCase.java:124)
	at junit.framework.TestSuite.runTest(TestSuite.java:232)
	at junit.framework.TestSuite.run(TestSuite.java:227)
	at junit.framework.TestSuite.runTest(TestSuite.java:232)
	at junit.framework.TestSuite.run(TestSuite.java:227)
	at junit.framework.TestSuite.runTest(TestSuite.java:232)
	at junit.framework.TestSuite.run(TestSuite.java:227)
	at org.apache.tools.ant.taskdefs.optional.junit.JUnitTestRunner.run(JUnitTestRunner.java:420)
	at org.apache.tools.ant.taskdefs.optional.junit.JUnitTestRunner.launch(JUnitTestRunner.java:911)
	at org.apache.tools.ant.taskdefs.optional.junit.JUnitTestRunner.main(JUnitTestRunner.java:768)
Instantiate PersistenceUploadManager with UploadPersistence, uploadSearchBundle, submissionSearchBundle, uploadIdGenerator, uploadTypeIdGenerator, uploadStatusIdGenerator, submissionIDGenerator and submissionStatusIdGenerator.
com.topcoder.util.config.UnknownNamespaceException: com.topcoder.util.log is unknown
	at com.topcoder.util.config.DefaultConfigManager.getPropertyObject(DefaultConfigManager.java:429)
	at com.topcoder.util.config.DefaultConfigManager.getString(DefaultConfigManager.java:449)
	at com.topcoder.util.log.LogFactory.getAttribute(LogFactory.java:224)
	at com.topcoder.util.log.basic.BasicLog.log(BasicLog.java:74)
	at com.topcoder.management.deliverable.PersistenceUploadManager.removeUpload(PersistenceUploadManager.java:388)
	at com.topcoder.management.deliverable.PersistenceUploadManagerTests.testRemoveUpload_Null1(PersistenceUploadManagerTests.java:489)
	at sun.reflect.NativeMethodAccessorImpl.invoke0(Native Method)
	at sun.reflect.NativeMethodAccessorImpl.invoke(NativeMethodAccessorImpl.java:57)
	at sun.reflect.DelegatingMethodAccessorImpl.invoke(DelegatingMethodAccessorImpl.java:43)
	at java.lang.reflect.Method.invoke(Method.java:616)
	at junit.framework.TestCase.runTest(TestCase.java:168)
	at junit.framework.TestCase.runBare(TestCase.java:134)
	at junit.framework.TestResult$1.protect(TestResult.java:110)
	at junit.framework.TestResult.runProtected(TestResult.java:128)
	at junit.framework.TestResult.run(TestResult.java:113)
	at junit.framework.TestCase.run(TestCase.java:124)
	at junit.framework.TestSuite.runTest(TestSuite.java:232)
	at junit.framework.TestSuite.run(TestSuite.java:227)
	at junit.framework.TestSuite.runTest(TestSuite.java:232)
	at junit.framework.TestSuite.run(TestSuite.java:227)
	at junit.framework.TestSuite.runTest(TestSuite.java:232)
	at junit.framework.TestSuite.run(TestSuite.java:227)
	at org.apache.tools.ant.taskdefs.optional.junit.JUnitTestRunner.run(JUnitTestRunner.java:420)
	at org.apache.tools.ant.taskdefs.optional.junit.JUnitTestRunner.launch(JUnitTestRunner.java:911)
	at org.apache.tools.ant.taskdefs.optional.junit.JUnitTestRunner.main(JUnitTestRunner.java:768)
type: Upload id: -1 operator:user - Remove Upload.
com.topcoder.util.config.UnknownNamespaceException: com.topcoder.util.log is unknown
	at com.topcoder.util.config.DefaultConfigManager.getPropertyObject(DefaultConfigManager.java:429)
	at com.topcoder.util.config.DefaultConfigManager.getString(DefaultConfigManager.java:449)
	at com.topcoder.util.log.LogFactory.getAttribute(LogFactory.java:224)
	at com.topcoder.util.log.basic.BasicLog.log(BasicLog.java:74)
	at com.topcoder.management.deliverable.PersistenceUploadManager.<init>(PersistenceUploadManager.java:260)
	at com.topcoder.management.deliverable.PersistenceUploadManagerTests.setUp(PersistenceUploadManagerTests.java:159)
	at junit.framework.TestCase.runBare(TestCase.java:132)
	at junit.framework.TestResult$1.protect(TestResult.java:110)
	at junit.framework.TestResult.runProtected(TestResult.java:128)
	at junit.framework.TestResult.run(TestResult.java:113)
	at junit.framework.TestCase.run(TestCase.java:124)
	at junit.framework.TestSuite.runTest(TestSuite.java:232)
	at junit.framework.TestSuite.run(TestSuite.java:227)
	at junit.framework.TestSuite.runTest(TestSuite.java:232)
	at junit.framework.TestSuite.run(TestSuite.java:227)
	at junit.framework.TestSuite.runTest(TestSuite.java:232)
	at junit.framework.TestSuite.run(TestSuite.java:227)
	at org.apache.tools.ant.taskdefs.optional.junit.JUnitTestRunner.run(JUnitTestRunner.java:420)
	at org.apache.tools.ant.taskdefs.optional.junit.JUnitTestRunner.launch(JUnitTestRunner.java:911)
	at org.apache.tools.ant.taskdefs.optional.junit.JUnitTestRunner.main(JUnitTestRunner.java:768)
Instantiate PersistenceUploadManager with UploadPersistence, uploadSearchBundle, submissionSearchBundle, uploadIdGenerator, uploadTypeIdGenerator, uploadStatusIdGenerator, submissionIDGenerator and submissionStatusIdGenerator.
com.topcoder.util.config.UnknownNamespaceException: com.topcoder.util.log is unknown
	at com.topcoder.util.config.DefaultConfigManager.getPropertyObject(DefaultConfigManager.java:429)
	at com.topcoder.util.config.DefaultConfigManager.getString(DefaultConfigManager.java:449)
	at com.topcoder.util.log.LogFactory.getAttribute(LogFactory.java:224)
	at com.topcoder.util.log.basic.BasicLog.log(BasicLog.java:74)
	at com.topcoder.management.deliverable.PersistenceUploadManager.removeUpload(PersistenceUploadManager.java:388)
	at com.topcoder.management.deliverable.PersistenceUploadManagerTests.testRemoveUpload_Null2(PersistenceUploadManagerTests.java:504)
	at sun.reflect.NativeMethodAccessorImpl.invoke0(Native Method)
	at sun.reflect.NativeMethodAccessorImpl.invoke(NativeMethodAccessorImpl.java:57)
	at sun.reflect.DelegatingMethodAccessorImpl.invoke(DelegatingMethodAccessorImpl.java:43)
	at java.lang.reflect.Method.invoke(Method.java:616)
	at junit.framework.TestCase.runTest(TestCase.java:168)
	at junit.framework.TestCase.runBare(TestCase.java:134)
	at junit.framework.TestResult$1.protect(TestResult.java:110)
	at junit.framework.TestResult.runProtected(TestResult.java:128)
	at junit.framework.TestResult.run(TestResult.java:113)
	at junit.framework.TestCase.run(TestCase.java:124)
	at junit.framework.TestSuite.runTest(TestSuite.java:232)
	at junit.framework.TestSuite.run(TestSuite.java:227)
	at junit.framework.TestSuite.runTest(TestSuite.java:232)
	at junit.framework.TestSuite.run(TestSuite.java:227)
	at junit.framework.TestSuite.runTest(TestSuite.java:232)
	at junit.framework.TestSuite.run(TestSuite.java:227)
	at org.apache.tools.ant.taskdefs.optional.junit.JUnitTestRunner.run(JUnitTestRunner.java:420)
	at org.apache.tools.ant.taskdefs.optional.junit.JUnitTestRunner.launch(JUnitTestRunner.java:911)
	at org.apache.tools.ant.taskdefs.optional.junit.JUnitTestRunner.main(JUnitTestRunner.java:768)
type: Upload id: -1 operator:Unknown - Remove Upload.
com.topcoder.util.config.UnknownNamespaceException: com.topcoder.util.log is unknown
	at com.topcoder.util.config.DefaultConfigManager.getPropertyObject(DefaultConfigManager.java:429)
	at com.topcoder.util.config.DefaultConfigManager.getString(DefaultConfigManager.java:449)
	at com.topcoder.util.log.LogFactory.getAttribute(LogFactory.java:224)
	at com.topcoder.util.log.basic.BasicLog.log(BasicLog.java:74)
	at com.topcoder.management.deliverable.PersistenceUploadManager.<init>(PersistenceUploadManager.java:260)
	at com.topcoder.management.deliverable.PersistenceUploadManagerTests.setUp(PersistenceUploadManagerTests.java:159)
	at junit.framework.TestCase.runBare(TestCase.java:132)
	at junit.framework.TestResult$1.protect(TestResult.java:110)
	at junit.framework.TestResult.runProtected(TestResult.java:128)
	at junit.framework.TestResult.run(TestResult.java:113)
	at junit.framework.TestCase.run(TestCase.java:124)
	at junit.framework.TestSuite.runTest(TestSuite.java:232)
	at junit.framework.TestSuite.run(TestSuite.java:227)
	at junit.framework.TestSuite.runTest(TestSuite.java:232)
	at junit.framework.TestSuite.run(TestSuite.java:227)
	at junit.framework.TestSuite.runTest(TestSuite.java:232)
	at junit.framework.TestSuite.run(TestSuite.java:227)
	at org.apache.tools.ant.taskdefs.optional.junit.JUnitTestRunner.run(JUnitTestRunner.java:420)
	at org.apache.tools.ant.taskdefs.optional.junit.JUnitTestRunner.launch(JUnitTestRunner.java:911)
	at org.apache.tools.ant.taskdefs.optional.junit.JUnitTestRunner.main(JUnitTestRunner.java:768)
Instantiate PersistenceUploadManager with UploadPersistence, uploadSearchBundle, submissionSearchBundle, uploadIdGenerator, uploadTypeIdGenerator, uploadStatusIdGenerator, submissionIDGenerator and submissionStatusIdGenerator.
com.topcoder.util.config.UnknownNamespaceException: com.topcoder.util.log is unknown
	at com.topcoder.util.config.DefaultConfigManager.getPropertyObject(DefaultConfigManager.java:429)
	at com.topcoder.util.config.DefaultConfigManager.getString(DefaultConfigManager.java:449)
	at com.topcoder.util.log.LogFactory.getAttribute(LogFactory.java:224)
	at com.topcoder.util.log.basic.BasicLog.log(BasicLog.java:74)
	at com.topcoder.management.deliverable.PersistenceUploadManager.removeUpload(PersistenceUploadManager.java:388)
	at com.topcoder.management.deliverable.PersistenceUploadManagerTests.testRemoveUpload_Invalid1(PersistenceUploadManagerTests.java:519)
	at sun.reflect.NativeMethodAccessorImpl.invoke0(Native Method)
	at sun.reflect.NativeMethodAccessorImpl.invoke(NativeMethodAccessorImpl.java:57)
	at sun.reflect.DelegatingMethodAccessorImpl.invoke(DelegatingMethodAccessorImpl.java:43)
	at java.lang.reflect.Method.invoke(Method.java:616)
	at junit.framework.TestCase.runTest(TestCase.java:168)
	at junit.framework.TestCase.runBare(TestCase.java:134)
	at junit.framework.TestResult$1.protect(TestResult.java:110)
	at junit.framework.TestResult.runProtected(TestResult.java:128)
	at junit.framework.TestResult.run(TestResult.java:113)
	at junit.framework.TestCase.run(TestCase.java:124)
	at junit.framework.TestSuite.runTest(TestSuite.java:232)
	at junit.framework.TestSuite.run(TestSuite.java:227)
	at junit.framework.TestSuite.runTest(TestSuite.java:232)
	at junit.framework.TestSuite.run(TestSuite.java:227)
	at junit.framework.TestSuite.runTest(TestSuite.java:232)
	at junit.framework.TestSuite.run(TestSuite.java:227)
	at org.apache.tools.ant.taskdefs.optional.junit.JUnitTestRunner.run(JUnitTestRunner.java:420)
	at org.apache.tools.ant.taskdefs.optional.junit.JUnitTestRunner.launch(JUnitTestRunner.java:911)
	at org.apache.tools.ant.taskdefs.optional.junit.JUnitTestRunner.main(JUnitTestRunner.java:768)
type: Upload id: -1 operator:user - Remove Upload.
com.topcoder.util.config.UnknownNamespaceException: com.topcoder.util.log is unknown
	at com.topcoder.util.config.DefaultConfigManager.getPropertyObject(DefaultConfigManager.java:429)
	at com.topcoder.util.config.DefaultConfigManager.getString(DefaultConfigManager.java:449)
	at com.topcoder.util.log.LogFactory.getAttribute(LogFactory.java:224)
	at com.topcoder.util.log.basic.BasicLog.log(BasicLog.java:74)
	at com.topcoder.management.deliverable.PersistenceUploadManager.persistenceUploadManagerHelper(PersistenceUploadManager.java:977)
	at com.topcoder.management.deliverable.PersistenceUploadManager.removeUpload(PersistenceUploadManager.java:390)
	at com.topcoder.management.deliverable.PersistenceUploadManagerTests.testRemoveUpload_Invalid1(PersistenceUploadManagerTests.java:519)
	at sun.reflect.NativeMethodAccessorImpl.invoke0(Native Method)
	at sun.reflect.NativeMethodAccessorImpl.invoke(NativeMethodAccessorImpl.java:57)
	at sun.reflect.DelegatingMethodAccessorImpl.invoke(DelegatingMethodAccessorImpl.java:43)
	at java.lang.reflect.Method.invoke(Method.java:616)
	at junit.framework.TestCase.runTest(TestCase.java:168)
	at junit.framework.TestCase.runBare(TestCase.java:134)
	at junit.framework.TestResult$1.protect(TestResult.java:110)
	at junit.framework.TestResult.runProtected(TestResult.java:128)
	at junit.framework.TestResult.run(TestResult.java:113)
	at junit.framework.TestCase.run(TestCase.java:124)
	at junit.framework.TestSuite.runTest(TestSuite.java:232)
	at junit.framework.TestSuite.run(TestSuite.java:227)
	at junit.framework.TestSuite.runTest(TestSuite.java:232)
	at junit.framework.TestSuite.run(TestSuite.java:227)
	at junit.framework.TestSuite.runTest(TestSuite.java:232)
	at junit.framework.TestSuite.run(TestSuite.java:227)
	at org.apache.tools.ant.taskdefs.optional.junit.JUnitTestRunner.run(JUnitTestRunner.java:420)
	at org.apache.tools.ant.taskdefs.optional.junit.JUnitTestRunner.launch(JUnitTestRunner.java:911)
	at org.apache.tools.ant.taskdefs.optional.junit.JUnitTestRunner.main(JUnitTestRunner.java:768)
The id of the upload can't be UNSET_ID.
com.topcoder.util.config.UnknownNamespaceException: com.topcoder.util.log is unknown
	at com.topcoder.util.config.DefaultConfigManager.getPropertyObject(DefaultConfigManager.java:429)
	at com.topcoder.util.config.DefaultConfigManager.getString(DefaultConfigManager.java:449)
	at com.topcoder.util.log.LogFactory.getAttribute(LogFactory.java:224)
	at com.topcoder.util.log.basic.BasicLog.log(BasicLog.java:74)
	at com.topcoder.management.deliverable.PersistenceUploadManager.<init>(PersistenceUploadManager.java:260)
	at com.topcoder.management.deliverable.PersistenceUploadManagerTests.setUp(PersistenceUploadManagerTests.java:159)
	at junit.framework.TestCase.runBare(TestCase.java:132)
	at junit.framework.TestResult$1.protect(TestResult.java:110)
	at junit.framework.TestResult.runProtected(TestResult.java:128)
	at junit.framework.TestResult.run(TestResult.java:113)
	at junit.framework.TestCase.run(TestCase.java:124)
	at junit.framework.TestSuite.runTest(TestSuite.java:232)
	at junit.framework.TestSuite.run(TestSuite.java:227)
	at junit.framework.TestSuite.runTest(TestSuite.java:232)
	at junit.framework.TestSuite.run(TestSuite.java:227)
	at junit.framework.TestSuite.runTest(TestSuite.java:232)
	at junit.framework.TestSuite.run(TestSuite.java:227)
	at org.apache.tools.ant.taskdefs.optional.junit.JUnitTestRunner.run(JUnitTestRunner.java:420)
	at org.apache.tools.ant.taskdefs.optional.junit.JUnitTestRunner.launch(JUnitTestRunner.java:911)
	at org.apache.tools.ant.taskdefs.optional.junit.JUnitTestRunner.main(JUnitTestRunner.java:768)
Instantiate PersistenceUploadManager with UploadPersistence, uploadSearchBundle, submissionSearchBundle, uploadIdGenerator, uploadTypeIdGenerator, uploadStatusIdGenerator, submissionIDGenerator and submissionStatusIdGenerator.
com.topcoder.util.config.UnknownNamespaceException: com.topcoder.util.log is unknown
	at com.topcoder.util.config.DefaultConfigManager.getPropertyObject(DefaultConfigManager.java:429)
	at com.topcoder.util.config.DefaultConfigManager.getString(DefaultConfigManager.java:449)
	at com.topcoder.util.log.LogFactory.getAttribute(LogFactory.java:224)
	at com.topcoder.util.log.basic.BasicLog.log(BasicLog.java:74)
	at com.topcoder.management.deliverable.PersistenceUploadManager.createUpload(PersistenceUploadManager.java:335)
	at com.topcoder.management.deliverable.PersistenceUploadManagerTests.testRemoveUpload_Accuracy1(PersistenceUploadManagerTests.java:538)
	at sun.reflect.NativeMethodAccessorImpl.invoke0(Native Method)
	at sun.reflect.NativeMethodAccessorImpl.invoke(NativeMethodAccessorImpl.java:57)
	at sun.reflect.DelegatingMethodAccessorImpl.invoke(DelegatingMethodAccessorImpl.java:43)
	at java.lang.reflect.Method.invoke(Method.java:616)
	at junit.framework.TestCase.runTest(TestCase.java:168)
	at junit.framework.TestCase.runBare(TestCase.java:134)
	at junit.framework.TestResult$1.protect(TestResult.java:110)
	at junit.framework.TestResult.runProtected(TestResult.java:128)
	at junit.framework.TestResult.run(TestResult.java:113)
	at junit.framework.TestCase.run(TestCase.java:124)
	at junit.framework.TestSuite.runTest(TestSuite.java:232)
	at junit.framework.TestSuite.run(TestSuite.java:227)
	at junit.framework.TestSuite.runTest(TestSuite.java:232)
	at junit.framework.TestSuite.run(TestSuite.java:227)
	at junit.framework.TestSuite.runTest(TestSuite.java:232)
	at junit.framework.TestSuite.run(TestSuite.java:227)
	at org.apache.tools.ant.taskdefs.optional.junit.JUnitTestRunner.run(JUnitTestRunner.java:420)
	at org.apache.tools.ant.taskdefs.optional.junit.JUnitTestRunner.launch(JUnitTestRunner.java:911)
	at org.apache.tools.ant.taskdefs.optional.junit.JUnitTestRunner.main(JUnitTestRunner.java:768)
type: Upload id: Unknown operator:CreationUser - Create new Upload.
com.topcoder.util.config.UnknownNamespaceException: com.topcoder.util.log is unknown
	at com.topcoder.util.config.DefaultConfigManager.getPropertyObject(DefaultConfigManager.java:429)
	at com.topcoder.util.config.DefaultConfigManager.getString(DefaultConfigManager.java:449)
	at com.topcoder.util.log.LogFactory.getAttribute(LogFactory.java:224)
	at com.topcoder.util.log.basic.BasicLog.log(BasicLog.java:74)
	at com.topcoder.management.deliverable.PersistenceUploadManager.persistenceUploadManagerHelper(PersistenceUploadManager.java:966)
	at com.topcoder.management.deliverable.PersistenceUploadManager.createUpload(PersistenceUploadManager.java:336)
	at com.topcoder.management.deliverable.PersistenceUploadManagerTests.testRemoveUpload_Accuracy1(PersistenceUploadManagerTests.java:538)
	at sun.reflect.NativeMethodAccessorImpl.invoke0(Native Method)
	at sun.reflect.NativeMethodAccessorImpl.invoke(NativeMethodAccessorImpl.java:57)
	at sun.reflect.DelegatingMethodAccessorImpl.invoke(DelegatingMethodAccessorImpl.java:43)
	at java.lang.reflect.Method.invoke(Method.java:616)
	at junit.framework.TestCase.runTest(TestCase.java:168)
	at junit.framework.TestCase.runBare(TestCase.java:134)
	at junit.framework.TestResult$1.protect(TestResult.java:110)
	at junit.framework.TestResult.runProtected(TestResult.java:128)
	at junit.framework.TestResult.run(TestResult.java:113)
	at junit.framework.TestCase.run(TestCase.java:124)
	at junit.framework.TestSuite.runTest(TestSuite.java:232)
	at junit.framework.TestSuite.run(TestSuite.java:227)
	at junit.framework.TestSuite.runTest(TestSuite.java:232)
	at junit.framework.TestSuite.run(TestSuite.java:227)
	at junit.framework.TestSuite.runTest(TestSuite.java:232)
	at junit.framework.TestSuite.run(TestSuite.java:227)
	at org.apache.tools.ant.taskdefs.optional.junit.JUnitTestRunner.run(JUnitTestRunner.java:420)
	at org.apache.tools.ant.taskdefs.optional.junit.JUnitTestRunner.launch(JUnitTestRunner.java:911)
	at org.apache.tools.ant.taskdefs.optional.junit.JUnitTestRunner.main(JUnitTestRunner.java:768)
generate next id from the idGenerator:count
com.topcoder.util.config.UnknownNamespaceException: com.topcoder.util.log is unknown
	at com.topcoder.util.config.DefaultConfigManager.getPropertyObject(DefaultConfigManager.java:429)
	at com.topcoder.util.config.DefaultConfigManager.getString(DefaultConfigManager.java:449)
	at com.topcoder.util.log.LogFactory.getAttribute(LogFactory.java:224)
	at com.topcoder.util.log.basic.BasicLog.log(BasicLog.java:74)
	at com.topcoder.management.deliverable.PersistenceUploadManager.removeUpload(PersistenceUploadManager.java:388)
	at com.topcoder.management.deliverable.PersistenceUploadManagerTests.testRemoveUpload_Accuracy1(PersistenceUploadManagerTests.java:541)
	at sun.reflect.NativeMethodAccessorImpl.invoke0(Native Method)
	at sun.reflect.NativeMethodAccessorImpl.invoke(NativeMethodAccessorImpl.java:57)
	at sun.reflect.DelegatingMethodAccessorImpl.invoke(DelegatingMethodAccessorImpl.java:43)
	at java.lang.reflect.Method.invoke(Method.java:616)
	at junit.framework.TestCase.runTest(TestCase.java:168)
	at junit.framework.TestCase.runBare(TestCase.java:134)
	at junit.framework.TestResult$1.protect(TestResult.java:110)
	at junit.framework.TestResult.runProtected(TestResult.java:128)
	at junit.framework.TestResult.run(TestResult.java:113)
	at junit.framework.TestCase.run(TestCase.java:124)
	at junit.framework.TestSuite.runTest(TestSuite.java:232)
	at junit.framework.TestSuite.run(TestSuite.java:227)
	at junit.framework.TestSuite.runTest(TestSuite.java:232)
	at junit.framework.TestSuite.run(TestSuite.java:227)
	at junit.framework.TestSuite.runTest(TestSuite.java:232)
	at junit.framework.TestSuite.run(TestSuite.java:227)
	at org.apache.tools.ant.taskdefs.optional.junit.JUnitTestRunner.run(JUnitTestRunner.java:420)
	at org.apache.tools.ant.taskdefs.optional.junit.JUnitTestRunner.launch(JUnitTestRunner.java:911)
	at org.apache.tools.ant.taskdefs.optional.junit.JUnitTestRunner.main(JUnitTestRunner.java:768)
type: Upload id: 1 operator:ModificationUser - Remove Upload.
com.topcoder.util.config.UnknownNamespaceException: com.topcoder.util.log is unknown
	at com.topcoder.util.config.DefaultConfigManager.getPropertyObject(DefaultConfigManager.java:429)
	at com.topcoder.util.config.DefaultConfigManager.getString(DefaultConfigManager.java:449)
	at com.topcoder.util.log.LogFactory.getAttribute(LogFactory.java:224)
	at com.topcoder.util.log.basic.BasicLog.log(BasicLog.java:74)
	at com.topcoder.management.deliverable.PersistenceUploadManager.<init>(PersistenceUploadManager.java:260)
	at com.topcoder.management.deliverable.PersistenceUploadManagerTests.setUp(PersistenceUploadManagerTests.java:159)
	at junit.framework.TestCase.runBare(TestCase.java:132)
	at junit.framework.TestResult$1.protect(TestResult.java:110)
	at junit.framework.TestResult.runProtected(TestResult.java:128)
	at junit.framework.TestResult.run(TestResult.java:113)
	at junit.framework.TestCase.run(TestCase.java:124)
	at junit.framework.TestSuite.runTest(TestSuite.java:232)
	at junit.framework.TestSuite.run(TestSuite.java:227)
	at junit.framework.TestSuite.runTest(TestSuite.java:232)
	at junit.framework.TestSuite.run(TestSuite.java:227)
	at junit.framework.TestSuite.runTest(TestSuite.java:232)
	at junit.framework.TestSuite.run(TestSuite.java:227)
	at org.apache.tools.ant.taskdefs.optional.junit.JUnitTestRunner.run(JUnitTestRunner.java:420)
	at org.apache.tools.ant.taskdefs.optional.junit.JUnitTestRunner.launch(JUnitTestRunner.java:911)
	at org.apache.tools.ant.taskdefs.optional.junit.JUnitTestRunner.main(JUnitTestRunner.java:768)
Instantiate PersistenceUploadManager with UploadPersistence, uploadSearchBundle, submissionSearchBundle, uploadIdGenerator, uploadTypeIdGenerator, uploadStatusIdGenerator, submissionIDGenerator and submissionStatusIdGenerator.
com.topcoder.util.config.UnknownNamespaceException: com.topcoder.util.log is unknown
	at com.topcoder.util.config.DefaultConfigManager.getPropertyObject(DefaultConfigManager.java:429)
	at com.topcoder.util.config.DefaultConfigManager.getString(DefaultConfigManager.java:449)
	at com.topcoder.util.log.LogFactory.getAttribute(LogFactory.java:224)
	at com.topcoder.util.log.basic.BasicLog.log(BasicLog.java:74)
	at com.topcoder.management.deliverable.PersistenceUploadManager.getUpload(PersistenceUploadManager.java:406)
	at com.topcoder.management.deliverable.PersistenceUploadManagerTests.testGetUpload_Invalid(PersistenceUploadManagerTests.java:567)
	at sun.reflect.NativeMethodAccessorImpl.invoke0(Native Method)
	at sun.reflect.NativeMethodAccessorImpl.invoke(NativeMethodAccessorImpl.java:57)
	at sun.reflect.DelegatingMethodAccessorImpl.invoke(DelegatingMethodAccessorImpl.java:43)
	at java.lang.reflect.Method.invoke(Method.java:616)
	at junit.framework.TestCase.runTest(TestCase.java:168)
	at junit.framework.TestCase.runBare(TestCase.java:134)
	at junit.framework.TestResult$1.protect(TestResult.java:110)
	at junit.framework.TestResult.runProtected(TestResult.java:128)
	at junit.framework.TestResult.run(TestResult.java:113)
	at junit.framework.TestCase.run(TestCase.java:124)
	at junit.framework.TestSuite.runTest(TestSuite.java:232)
	at junit.framework.TestSuite.run(TestSuite.java:227)
	at junit.framework.TestSuite.runTest(TestSuite.java:232)
	at junit.framework.TestSuite.run(TestSuite.java:227)
	at junit.framework.TestSuite.runTest(TestSuite.java:232)
	at junit.framework.TestSuite.run(TestSuite.java:227)
	at org.apache.tools.ant.taskdefs.optional.junit.JUnitTestRunner.run(JUnitTestRunner.java:420)
	at org.apache.tools.ant.taskdefs.optional.junit.JUnitTestRunner.launch(JUnitTestRunner.java:911)
	at org.apache.tools.ant.taskdefs.optional.junit.JUnitTestRunner.main(JUnitTestRunner.java:768)
type: Upload id: 0 operator:Unknown - Retrieve Upload, delegate to persistence.
com.topcoder.util.config.UnknownNamespaceException: com.topcoder.util.log is unknown
	at com.topcoder.util.config.DefaultConfigManager.getPropertyObject(DefaultConfigManager.java:429)
	at com.topcoder.util.config.DefaultConfigManager.getString(DefaultConfigManager.java:449)
	at com.topcoder.util.log.LogFactory.getAttribute(LogFactory.java:224)
	at com.topcoder.util.log.basic.BasicLog.log(BasicLog.java:74)
	at com.topcoder.management.deliverable.PersistenceUploadManager.<init>(PersistenceUploadManager.java:260)
	at com.topcoder.management.deliverable.PersistenceUploadManagerTests.setUp(PersistenceUploadManagerTests.java:159)
	at junit.framework.TestCase.runBare(TestCase.java:132)
	at junit.framework.TestResult$1.protect(TestResult.java:110)
	at junit.framework.TestResult.runProtected(TestResult.java:128)
	at junit.framework.TestResult.run(TestResult.java:113)
	at junit.framework.TestCase.run(TestCase.java:124)
	at junit.framework.TestSuite.runTest(TestSuite.java:232)
	at junit.framework.TestSuite.run(TestSuite.java:227)
	at junit.framework.TestSuite.runTest(TestSuite.java:232)
	at junit.framework.TestSuite.run(TestSuite.java:227)
	at junit.framework.TestSuite.runTest(TestSuite.java:232)
	at junit.framework.TestSuite.run(TestSuite.java:227)
	at org.apache.tools.ant.taskdefs.optional.junit.JUnitTestRunner.run(JUnitTestRunner.java:420)
	at org.apache.tools.ant.taskdefs.optional.junit.JUnitTestRunner.launch(JUnitTestRunner.java:911)
	at org.apache.tools.ant.taskdefs.optional.junit.JUnitTestRunner.main(JUnitTestRunner.java:768)
Instantiate PersistenceUploadManager with UploadPersistence, uploadSearchBundle, submissionSearchBundle, uploadIdGenerator, uploadTypeIdGenerator, uploadStatusIdGenerator, submissionIDGenerator and submissionStatusIdGenerator.
com.topcoder.util.config.UnknownNamespaceException: com.topcoder.util.log is unknown
	at com.topcoder.util.config.DefaultConfigManager.getPropertyObject(DefaultConfigManager.java:429)
	at com.topcoder.util.config.DefaultConfigManager.getString(DefaultConfigManager.java:449)
	at com.topcoder.util.log.LogFactory.getAttribute(LogFactory.java:224)
	at com.topcoder.util.log.basic.BasicLog.log(BasicLog.java:74)
	at com.topcoder.management.deliverable.PersistenceUploadManager.getUpload(PersistenceUploadManager.java:406)
	at com.topcoder.management.deliverable.PersistenceUploadManagerTests.testGetUpload_Accuracy(PersistenceUploadManagerTests.java:582)
	at sun.reflect.NativeMethodAccessorImpl.invoke0(Native Method)
	at sun.reflect.NativeMethodAccessorImpl.invoke(NativeMethodAccessorImpl.java:57)
	at sun.reflect.DelegatingMethodAccessorImpl.invoke(DelegatingMethodAccessorImpl.java:43)
	at java.lang.reflect.Method.invoke(Method.java:616)
	at junit.framework.TestCase.runTest(TestCase.java:168)
	at junit.framework.TestCase.runBare(TestCase.java:134)
	at junit.framework.TestResult$1.protect(TestResult.java:110)
	at junit.framework.TestResult.runProtected(TestResult.java:128)
	at junit.framework.TestResult.run(TestResult.java:113)
	at junit.framework.TestCase.run(TestCase.java:124)
	at junit.framework.TestSuite.runTest(TestSuite.java:232)
	at junit.framework.TestSuite.run(TestSuite.java:227)
	at junit.framework.TestSuite.runTest(TestSuite.java:232)
	at junit.framework.TestSuite.run(TestSuite.java:227)
	at junit.framework.TestSuite.runTest(TestSuite.java:232)
	at junit.framework.TestSuite.run(TestSuite.java:227)
	at org.apache.tools.ant.taskdefs.optional.junit.JUnitTestRunner.run(JUnitTestRunner.java:420)
	at org.apache.tools.ant.taskdefs.optional.junit.JUnitTestRunner.launch(JUnitTestRunner.java:911)
	at org.apache.tools.ant.taskdefs.optional.junit.JUnitTestRunner.main(JUnitTestRunner.java:768)
type: Upload id: 111 operator:Unknown - Retrieve Upload, delegate to persistence.
com.topcoder.util.config.UnknownNamespaceException: com.topcoder.util.log is unknown
	at com.topcoder.util.config.DefaultConfigManager.getPropertyObject(DefaultConfigManager.java:429)
	at com.topcoder.util.config.DefaultConfigManager.getString(DefaultConfigManager.java:449)
	at com.topcoder.util.log.LogFactory.getAttribute(LogFactory.java:224)
	at com.topcoder.util.log.basic.BasicLog.log(BasicLog.java:74)
	at com.topcoder.management.deliverable.PersistenceUploadManager.<init>(PersistenceUploadManager.java:260)
	at com.topcoder.management.deliverable.PersistenceUploadManagerTests.setUp(PersistenceUploadManagerTests.java:159)
	at junit.framework.TestCase.runBare(TestCase.java:132)
	at junit.framework.TestResult$1.protect(TestResult.java:110)
	at junit.framework.TestResult.runProtected(TestResult.java:128)
	at junit.framework.TestResult.run(TestResult.java:113)
	at junit.framework.TestCase.run(TestCase.java:124)
	at junit.framework.TestSuite.runTest(TestSuite.java:232)
	at junit.framework.TestSuite.run(TestSuite.java:227)
	at junit.framework.TestSuite.runTest(TestSuite.java:232)
	at junit.framework.TestSuite.run(TestSuite.java:227)
	at junit.framework.TestSuite.runTest(TestSuite.java:232)
	at junit.framework.TestSuite.run(TestSuite.java:227)
	at org.apache.tools.ant.taskdefs.optional.junit.JUnitTestRunner.run(JUnitTestRunner.java:420)
	at org.apache.tools.ant.taskdefs.optional.junit.JUnitTestRunner.launch(JUnitTestRunner.java:911)
	at org.apache.tools.ant.taskdefs.optional.junit.JUnitTestRunner.main(JUnitTestRunner.java:768)
Instantiate PersistenceUploadManager with UploadPersistence, uploadSearchBundle, submissionSearchBundle, uploadIdGenerator, uploadTypeIdGenerator, uploadStatusIdGenerator, submissionIDGenerator and submissionStatusIdGenerator.
com.topcoder.util.config.UnknownNamespaceException: com.topcoder.util.log is unknown
	at com.topcoder.util.config.DefaultConfigManager.getPropertyObject(DefaultConfigManager.java:429)
	at com.topcoder.util.config.DefaultConfigManager.getString(DefaultConfigManager.java:449)
	at com.topcoder.util.log.LogFactory.getAttribute(LogFactory.java:224)
	at com.topcoder.util.log.basic.BasicLog.log(BasicLog.java:74)
	at com.topcoder.management.deliverable.PersistenceUploadManager.<init>(PersistenceUploadManager.java:260)
	at com.topcoder.management.deliverable.PersistenceUploadManagerTests.setUp(PersistenceUploadManagerTests.java:159)
	at junit.framework.TestCase.runBare(TestCase.java:132)
	at junit.framework.TestResult$1.protect(TestResult.java:110)
	at junit.framework.TestResult.runProtected(TestResult.java:128)
	at junit.framework.TestResult.run(TestResult.java:113)
	at junit.framework.TestCase.run(TestCase.java:124)
	at junit.framework.TestSuite.runTest(TestSuite.java:232)
	at junit.framework.TestSuite.run(TestSuite.java:227)
	at junit.framework.TestSuite.runTest(TestSuite.java:232)
	at junit.framework.TestSuite.run(TestSuite.java:227)
	at junit.framework.TestSuite.runTest(TestSuite.java:232)
	at junit.framework.TestSuite.run(TestSuite.java:227)
	at org.apache.tools.ant.taskdefs.optional.junit.JUnitTestRunner.run(JUnitTestRunner.java:420)
	at org.apache.tools.ant.taskdefs.optional.junit.JUnitTestRunner.launch(JUnitTestRunner.java:911)
	at org.apache.tools.ant.taskdefs.optional.junit.JUnitTestRunner.main(JUnitTestRunner.java:768)
Instantiate PersistenceUploadManager with UploadPersistence, uploadSearchBundle, submissionSearchBundle, uploadIdGenerator, uploadTypeIdGenerator, uploadStatusIdGenerator, submissionIDGenerator and submissionStatusIdGenerator.
com.topcoder.util.config.UnknownNamespaceException: com.topcoder.util.log is unknown
	at com.topcoder.util.config.DefaultConfigManager.getPropertyObject(DefaultConfigManager.java:429)
	at com.topcoder.util.config.DefaultConfigManager.getString(DefaultConfigManager.java:449)
	at com.topcoder.util.log.LogFactory.getAttribute(LogFactory.java:224)
	at com.topcoder.util.log.basic.BasicLog.log(BasicLog.java:74)
	at com.topcoder.management.deliverable.PersistenceUploadManager.createUploadType(PersistenceUploadManager.java:453)
	at com.topcoder.management.deliverable.PersistenceUploadManagerTests.testCreateUploadType_Null1(PersistenceUploadManagerTests.java:611)
	at sun.reflect.NativeMethodAccessorImpl.invoke0(Native Method)
	at sun.reflect.NativeMethodAccessorImpl.invoke(NativeMethodAccessorImpl.java:57)
	at sun.reflect.DelegatingMethodAccessorImpl.invoke(DelegatingMethodAccessorImpl.java:43)
	at java.lang.reflect.Method.invoke(Method.java:616)
	at junit.framework.TestCase.runTest(TestCase.java:168)
	at junit.framework.TestCase.runBare(TestCase.java:134)
	at junit.framework.TestResult$1.protect(TestResult.java:110)
	at junit.framework.TestResult.runProtected(TestResult.java:128)
	at junit.framework.TestResult.run(TestResult.java:113)
	at junit.framework.TestCase.run(TestCase.java:124)
	at junit.framework.TestSuite.runTest(TestSuite.java:232)
	at junit.framework.TestSuite.run(TestSuite.java:227)
	at junit.framework.TestSuite.runTest(TestSuite.java:232)
	at junit.framework.TestSuite.run(TestSuite.java:227)
	at junit.framework.TestSuite.runTest(TestSuite.java:232)
	at junit.framework.TestSuite.run(TestSuite.java:227)
	at org.apache.tools.ant.taskdefs.optional.junit.JUnitTestRunner.run(JUnitTestRunner.java:420)
	at org.apache.tools.ant.taskdefs.optional.junit.JUnitTestRunner.launch(JUnitTestRunner.java:911)
	at org.apache.tools.ant.taskdefs.optional.junit.JUnitTestRunner.main(JUnitTestRunner.java:768)
type: UploadType id: Unknown operator:user - Create new UploadType.
com.topcoder.util.config.UnknownNamespaceException: com.topcoder.util.log is unknown
	at com.topcoder.util.config.DefaultConfigManager.getPropertyObject(DefaultConfigManager.java:429)
	at com.topcoder.util.config.DefaultConfigManager.getString(DefaultConfigManager.java:449)
	at com.topcoder.util.log.LogFactory.getAttribute(LogFactory.java:224)
	at com.topcoder.util.log.basic.BasicLog.log(BasicLog.java:74)
	at com.topcoder.management.deliverable.PersistenceUploadManager.<init>(PersistenceUploadManager.java:260)
	at com.topcoder.management.deliverable.PersistenceUploadManagerTests.setUp(PersistenceUploadManagerTests.java:159)
	at junit.framework.TestCase.runBare(TestCase.java:132)
	at junit.framework.TestResult$1.protect(TestResult.java:110)
	at junit.framework.TestResult.runProtected(TestResult.java:128)
	at junit.framework.TestResult.run(TestResult.java:113)
	at junit.framework.TestCase.run(TestCase.java:124)
	at junit.framework.TestSuite.runTest(TestSuite.java:232)
	at junit.framework.TestSuite.run(TestSuite.java:227)
	at junit.framework.TestSuite.runTest(TestSuite.java:232)
	at junit.framework.TestSuite.run(TestSuite.java:227)
	at junit.framework.TestSuite.runTest(TestSuite.java:232)
	at junit.framework.TestSuite.run(TestSuite.java:227)
	at org.apache.tools.ant.taskdefs.optional.junit.JUnitTestRunner.run(JUnitTestRunner.java:420)
	at org.apache.tools.ant.taskdefs.optional.junit.JUnitTestRunner.launch(JUnitTestRunner.java:911)
	at org.apache.tools.ant.taskdefs.optional.junit.JUnitTestRunner.main(JUnitTestRunner.java:768)
Instantiate PersistenceUploadManager with UploadPersistence, uploadSearchBundle, submissionSearchBundle, uploadIdGenerator, uploadTypeIdGenerator, uploadStatusIdGenerator, submissionIDGenerator and submissionStatusIdGenerator.
com.topcoder.util.config.UnknownNamespaceException: com.topcoder.util.log is unknown
	at com.topcoder.util.config.DefaultConfigManager.getPropertyObject(DefaultConfigManager.java:429)
	at com.topcoder.util.config.DefaultConfigManager.getString(DefaultConfigManager.java:449)
	at com.topcoder.util.log.LogFactory.getAttribute(LogFactory.java:224)
	at com.topcoder.util.log.basic.BasicLog.log(BasicLog.java:74)
	at com.topcoder.management.deliverable.PersistenceUploadManager.createUploadType(PersistenceUploadManager.java:453)
	at com.topcoder.management.deliverable.PersistenceUploadManagerTests.testCreateUploadType_Null2(PersistenceUploadManagerTests.java:626)
	at sun.reflect.NativeMethodAccessorImpl.invoke0(Native Method)
	at sun.reflect.NativeMethodAccessorImpl.invoke(NativeMethodAccessorImpl.java:57)
	at sun.reflect.DelegatingMethodAccessorImpl.invoke(DelegatingMethodAccessorImpl.java:43)
	at java.lang.reflect.Method.invoke(Method.java:616)
	at junit.framework.TestCase.runTest(TestCase.java:168)
	at junit.framework.TestCase.runBare(TestCase.java:134)
	at junit.framework.TestResult$1.protect(TestResult.java:110)
	at junit.framework.TestResult.runProtected(TestResult.java:128)
	at junit.framework.TestResult.run(TestResult.java:113)
	at junit.framework.TestCase.run(TestCase.java:124)
	at junit.framework.TestSuite.runTest(TestSuite.java:232)
	at junit.framework.TestSuite.run(TestSuite.java:227)
	at junit.framework.TestSuite.runTest(TestSuite.java:232)
	at junit.framework.TestSuite.run(TestSuite.java:227)
	at junit.framework.TestSuite.runTest(TestSuite.java:232)
	at junit.framework.TestSuite.run(TestSuite.java:227)
	at org.apache.tools.ant.taskdefs.optional.junit.JUnitTestRunner.run(JUnitTestRunner.java:420)
	at org.apache.tools.ant.taskdefs.optional.junit.JUnitTestRunner.launch(JUnitTestRunner.java:911)
	at org.apache.tools.ant.taskdefs.optional.junit.JUnitTestRunner.main(JUnitTestRunner.java:768)
type: UploadType id: Unknown operator:Unknown - Create new UploadType.
com.topcoder.util.config.UnknownNamespaceException: com.topcoder.util.log is unknown
	at com.topcoder.util.config.DefaultConfigManager.getPropertyObject(DefaultConfigManager.java:429)
	at com.topcoder.util.config.DefaultConfigManager.getString(DefaultConfigManager.java:449)
	at com.topcoder.util.log.LogFactory.getAttribute(LogFactory.java:224)
	at com.topcoder.util.log.basic.BasicLog.log(BasicLog.java:74)
	at com.topcoder.management.deliverable.PersistenceUploadManager.<init>(PersistenceUploadManager.java:260)
	at com.topcoder.management.deliverable.PersistenceUploadManagerTests.setUp(PersistenceUploadManagerTests.java:159)
	at junit.framework.TestCase.runBare(TestCase.java:132)
	at junit.framework.TestResult$1.protect(TestResult.java:110)
	at junit.framework.TestResult.runProtected(TestResult.java:128)
	at junit.framework.TestResult.run(TestResult.java:113)
	at junit.framework.TestCase.run(TestCase.java:124)
	at junit.framework.TestSuite.runTest(TestSuite.java:232)
	at junit.framework.TestSuite.run(TestSuite.java:227)
	at junit.framework.TestSuite.runTest(TestSuite.java:232)
	at junit.framework.TestSuite.run(TestSuite.java:227)
	at junit.framework.TestSuite.runTest(TestSuite.java:232)
	at junit.framework.TestSuite.run(TestSuite.java:227)
	at org.apache.tools.ant.taskdefs.optional.junit.JUnitTestRunner.run(JUnitTestRunner.java:420)
	at org.apache.tools.ant.taskdefs.optional.junit.JUnitTestRunner.launch(JUnitTestRunner.java:911)
	at org.apache.tools.ant.taskdefs.optional.junit.JUnitTestRunner.main(JUnitTestRunner.java:768)
Instantiate PersistenceUploadManager with UploadPersistence, uploadSearchBundle, submissionSearchBundle, uploadIdGenerator, uploadTypeIdGenerator, uploadStatusIdGenerator, submissionIDGenerator and submissionStatusIdGenerator.
com.topcoder.util.config.UnknownNamespaceException: com.topcoder.util.log is unknown
	at com.topcoder.util.config.DefaultConfigManager.getPropertyObject(DefaultConfigManager.java:429)
	at com.topcoder.util.config.DefaultConfigManager.getString(DefaultConfigManager.java:449)
	at com.topcoder.util.log.LogFactory.getAttribute(LogFactory.java:224)
	at com.topcoder.util.log.basic.BasicLog.log(BasicLog.java:74)
	at com.topcoder.management.deliverable.PersistenceUploadManager.createUploadType(PersistenceUploadManager.java:453)
	at com.topcoder.management.deliverable.PersistenceUploadManagerTests.testCreateUploadType_Invalid1(PersistenceUploadManagerTests.java:641)
	at sun.reflect.NativeMethodAccessorImpl.invoke0(Native Method)
	at sun.reflect.NativeMethodAccessorImpl.invoke(NativeMethodAccessorImpl.java:57)
	at sun.reflect.DelegatingMethodAccessorImpl.invoke(DelegatingMethodAccessorImpl.java:43)
	at java.lang.reflect.Method.invoke(Method.java:616)
	at junit.framework.TestCase.runTest(TestCase.java:168)
	at junit.framework.TestCase.runBare(TestCase.java:134)
	at junit.framework.TestResult$1.protect(TestResult.java:110)
	at junit.framework.TestResult.runProtected(TestResult.java:128)
	at junit.framework.TestResult.run(TestResult.java:113)
	at junit.framework.TestCase.run(TestCase.java:124)
	at junit.framework.TestSuite.runTest(TestSuite.java:232)
	at junit.framework.TestSuite.run(TestSuite.java:227)
	at junit.framework.TestSuite.runTest(TestSuite.java:232)
	at junit.framework.TestSuite.run(TestSuite.java:227)
	at junit.framework.TestSuite.runTest(TestSuite.java:232)
	at junit.framework.TestSuite.run(TestSuite.java:227)
	at org.apache.tools.ant.taskdefs.optional.junit.JUnitTestRunner.run(JUnitTestRunner.java:420)
	at org.apache.tools.ant.taskdefs.optional.junit.JUnitTestRunner.launch(JUnitTestRunner.java:911)
	at org.apache.tools.ant.taskdefs.optional.junit.JUnitTestRunner.main(JUnitTestRunner.java:768)
type: UploadType id: Unknown operator:user - Create new UploadType.
com.topcoder.util.config.UnknownNamespaceException: com.topcoder.util.log is unknown
	at com.topcoder.util.config.DefaultConfigManager.getPropertyObject(DefaultConfigManager.java:429)
	at com.topcoder.util.config.DefaultConfigManager.getString(DefaultConfigManager.java:449)
	at com.topcoder.util.log.LogFactory.getAttribute(LogFactory.java:224)
	at com.topcoder.util.log.basic.BasicLog.log(BasicLog.java:74)
	at com.topcoder.management.deliverable.PersistenceUploadManager.persistenceUploadManagerHelper(PersistenceUploadManager.java:954)
	at com.topcoder.management.deliverable.PersistenceUploadManager.createUploadType(PersistenceUploadManager.java:454)
	at com.topcoder.management.deliverable.PersistenceUploadManagerTests.testCreateUploadType_Invalid1(PersistenceUploadManagerTests.java:641)
	at sun.reflect.NativeMethodAccessorImpl.invoke0(Native Method)
	at sun.reflect.NativeMethodAccessorImpl.invoke(NativeMethodAccessorImpl.java:57)
	at sun.reflect.DelegatingMethodAccessorImpl.invoke(DelegatingMethodAccessorImpl.java:43)
	at java.lang.reflect.Method.invoke(Method.java:616)
	at junit.framework.TestCase.runTest(TestCase.java:168)
	at junit.framework.TestCase.runBare(TestCase.java:134)
	at junit.framework.TestResult$1.protect(TestResult.java:110)
	at junit.framework.TestResult.runProtected(TestResult.java:128)
	at junit.framework.TestResult.run(TestResult.java:113)
	at junit.framework.TestCase.run(TestCase.java:124)
	at junit.framework.TestSuite.runTest(TestSuite.java:232)
	at junit.framework.TestSuite.run(TestSuite.java:227)
	at junit.framework.TestSuite.runTest(TestSuite.java:232)
	at junit.framework.TestSuite.run(TestSuite.java:227)
	at junit.framework.TestSuite.runTest(TestSuite.java:232)
	at junit.framework.TestSuite.run(TestSuite.java:227)
	at org.apache.tools.ant.taskdefs.optional.junit.JUnitTestRunner.run(JUnitTestRunner.java:420)
	at org.apache.tools.ant.taskdefs.optional.junit.JUnitTestRunner.launch(JUnitTestRunner.java:911)
	at org.apache.tools.ant.taskdefs.optional.junit.JUnitTestRunner.main(JUnitTestRunner.java:768)
The id of the uploadType must be UNSET_ID, 10 received
com.topcoder.util.config.UnknownNamespaceException: com.topcoder.util.log is unknown
	at com.topcoder.util.config.DefaultConfigManager.getPropertyObject(DefaultConfigManager.java:429)
	at com.topcoder.util.config.DefaultConfigManager.getString(DefaultConfigManager.java:449)
	at com.topcoder.util.log.LogFactory.getAttribute(LogFactory.java:224)
	at com.topcoder.util.log.basic.BasicLog.log(BasicLog.java:74)
	at com.topcoder.management.deliverable.PersistenceUploadManager.<init>(PersistenceUploadManager.java:260)
	at com.topcoder.management.deliverable.PersistenceUploadManagerTests.setUp(PersistenceUploadManagerTests.java:159)
	at junit.framework.TestCase.runBare(TestCase.java:132)
	at junit.framework.TestResult$1.protect(TestResult.java:110)
	at junit.framework.TestResult.runProtected(TestResult.java:128)
	at junit.framework.TestResult.run(TestResult.java:113)
	at junit.framework.TestCase.run(TestCase.java:124)
	at junit.framework.TestSuite.runTest(TestSuite.java:232)
	at junit.framework.TestSuite.run(TestSuite.java:227)
	at junit.framework.TestSuite.runTest(TestSuite.java:232)
	at junit.framework.TestSuite.run(TestSuite.java:227)
	at junit.framework.TestSuite.runTest(TestSuite.java:232)
	at junit.framework.TestSuite.run(TestSuite.java:227)
	at org.apache.tools.ant.taskdefs.optional.junit.JUnitTestRunner.run(JUnitTestRunner.java:420)
	at org.apache.tools.ant.taskdefs.optional.junit.JUnitTestRunner.launch(JUnitTestRunner.java:911)
	at org.apache.tools.ant.taskdefs.optional.junit.JUnitTestRunner.main(JUnitTestRunner.java:768)
Instantiate PersistenceUploadManager with UploadPersistence, uploadSearchBundle, submissionSearchBundle, uploadIdGenerator, uploadTypeIdGenerator, uploadStatusIdGenerator, submissionIDGenerator and submissionStatusIdGenerator.
com.topcoder.util.config.UnknownNamespaceException: com.topcoder.util.log is unknown
	at com.topcoder.util.config.DefaultConfigManager.getPropertyObject(DefaultConfigManager.java:429)
	at com.topcoder.util.config.DefaultConfigManager.getString(DefaultConfigManager.java:449)
	at com.topcoder.util.log.LogFactory.getAttribute(LogFactory.java:224)
	at com.topcoder.util.log.basic.BasicLog.log(BasicLog.java:74)
	at com.topcoder.management.deliverable.PersistenceUploadManager.createUploadType(PersistenceUploadManager.java:453)
	at com.topcoder.management.deliverable.PersistenceUploadManagerTests.testCreateUploadType_Accuracy1(PersistenceUploadManagerTests.java:660)
	at sun.reflect.NativeMethodAccessorImpl.invoke0(Native Method)
	at sun.reflect.NativeMethodAccessorImpl.invoke(NativeMethodAccessorImpl.java:57)
	at sun.reflect.DelegatingMethodAccessorImpl.invoke(DelegatingMethodAccessorImpl.java:43)
	at java.lang.reflect.Method.invoke(Method.java:616)
	at junit.framework.TestCase.runTest(TestCase.java:168)
	at junit.framework.TestCase.runBare(TestCase.java:134)
	at junit.framework.TestResult$1.protect(TestResult.java:110)
	at junit.framework.TestResult.runProtected(TestResult.java:128)
	at junit.framework.TestResult.run(TestResult.java:113)
	at junit.framework.TestCase.run(TestCase.java:124)
	at junit.framework.TestSuite.runTest(TestSuite.java:232)
	at junit.framework.TestSuite.run(TestSuite.java:227)
	at junit.framework.TestSuite.runTest(TestSuite.java:232)
	at junit.framework.TestSuite.run(TestSuite.java:227)
	at junit.framework.TestSuite.runTest(TestSuite.java:232)
	at junit.framework.TestSuite.run(TestSuite.java:227)
	at org.apache.tools.ant.taskdefs.optional.junit.JUnitTestRunner.run(JUnitTestRunner.java:420)
	at org.apache.tools.ant.taskdefs.optional.junit.JUnitTestRunner.launch(JUnitTestRunner.java:911)
	at org.apache.tools.ant.taskdefs.optional.junit.JUnitTestRunner.main(JUnitTestRunner.java:768)
type: UploadType id: Unknown operator:user - Create new UploadType.
com.topcoder.util.config.UnknownNamespaceException: com.topcoder.util.log is unknown
	at com.topcoder.util.config.DefaultConfigManager.getPropertyObject(DefaultConfigManager.java:429)
	at com.topcoder.util.config.DefaultConfigManager.getString(DefaultConfigManager.java:449)
	at com.topcoder.util.log.LogFactory.getAttribute(LogFactory.java:224)
	at com.topcoder.util.log.basic.BasicLog.log(BasicLog.java:74)
	at com.topcoder.management.deliverable.PersistenceUploadManager.persistenceUploadManagerHelper(PersistenceUploadManager.java:966)
	at com.topcoder.management.deliverable.PersistenceUploadManager.createUploadType(PersistenceUploadManager.java:454)
	at com.topcoder.management.deliverable.PersistenceUploadManagerTests.testCreateUploadType_Accuracy1(PersistenceUploadManagerTests.java:660)
	at sun.reflect.NativeMethodAccessorImpl.invoke0(Native Method)
	at sun.reflect.NativeMethodAccessorImpl.invoke(NativeMethodAccessorImpl.java:57)
	at sun.reflect.DelegatingMethodAccessorImpl.invoke(DelegatingMethodAccessorImpl.java:43)
	at java.lang.reflect.Method.invoke(Method.java:616)
	at junit.framework.TestCase.runTest(TestCase.java:168)
	at junit.framework.TestCase.runBare(TestCase.java:134)
	at junit.framework.TestResult$1.protect(TestResult.java:110)
	at junit.framework.TestResult.runProtected(TestResult.java:128)
	at junit.framework.TestResult.run(TestResult.java:113)
	at junit.framework.TestCase.run(TestCase.java:124)
	at junit.framework.TestSuite.runTest(TestSuite.java:232)
	at junit.framework.TestSuite.run(TestSuite.java:227)
	at junit.framework.TestSuite.runTest(TestSuite.java:232)
	at junit.framework.TestSuite.run(TestSuite.java:227)
	at junit.framework.TestSuite.runTest(TestSuite.java:232)
	at junit.framework.TestSuite.run(TestSuite.java:227)
	at org.apache.tools.ant.taskdefs.optional.junit.JUnitTestRunner.run(JUnitTestRunner.java:420)
	at org.apache.tools.ant.taskdefs.optional.junit.JUnitTestRunner.launch(JUnitTestRunner.java:911)
	at org.apache.tools.ant.taskdefs.optional.junit.JUnitTestRunner.main(JUnitTestRunner.java:768)
generate next id from the idGenerator:count
com.topcoder.util.config.UnknownNamespaceException: com.topcoder.util.log is unknown
	at com.topcoder.util.config.DefaultConfigManager.getPropertyObject(DefaultConfigManager.java:429)
	at com.topcoder.util.config.DefaultConfigManager.getString(DefaultConfigManager.java:449)
	at com.topcoder.util.log.LogFactory.getAttribute(LogFactory.java:224)
	at com.topcoder.util.log.basic.BasicLog.log(BasicLog.java:74)
	at com.topcoder.management.deliverable.PersistenceUploadManager.<init>(PersistenceUploadManager.java:260)
	at com.topcoder.management.deliverable.PersistenceUploadManagerTests.setUp(PersistenceUploadManagerTests.java:159)
	at junit.framework.TestCase.runBare(TestCase.java:132)
	at junit.framework.TestResult$1.protect(TestResult.java:110)
	at junit.framework.TestResult.runProtected(TestResult.java:128)
	at junit.framework.TestResult.run(TestResult.java:113)
	at junit.framework.TestCase.run(TestCase.java:124)
	at junit.framework.TestSuite.runTest(TestSuite.java:232)
	at junit.framework.TestSuite.run(TestSuite.java:227)
	at junit.framework.TestSuite.runTest(TestSuite.java:232)
	at junit.framework.TestSuite.run(TestSuite.java:227)
	at junit.framework.TestSuite.runTest(TestSuite.java:232)
	at junit.framework.TestSuite.run(TestSuite.java:227)
	at org.apache.tools.ant.taskdefs.optional.junit.JUnitTestRunner.run(JUnitTestRunner.java:420)
	at org.apache.tools.ant.taskdefs.optional.junit.JUnitTestRunner.launch(JUnitTestRunner.java:911)
	at org.apache.tools.ant.taskdefs.optional.junit.JUnitTestRunner.main(JUnitTestRunner.java:768)
Instantiate PersistenceUploadManager with UploadPersistence, uploadSearchBundle, submissionSearchBundle, uploadIdGenerator, uploadTypeIdGenerator, uploadStatusIdGenerator, submissionIDGenerator and submissionStatusIdGenerator.
com.topcoder.util.config.UnknownNamespaceException: com.topcoder.util.log is unknown
	at com.topcoder.util.config.DefaultConfigManager.getPropertyObject(DefaultConfigManager.java:429)
	at com.topcoder.util.config.DefaultConfigManager.getString(DefaultConfigManager.java:449)
	at com.topcoder.util.log.LogFactory.getAttribute(LogFactory.java:224)
	at com.topcoder.util.log.basic.BasicLog.log(BasicLog.java:74)
	at com.topcoder.management.deliverable.PersistenceUploadManager.updateUploadType(PersistenceUploadManager.java:479)
	at com.topcoder.management.deliverable.PersistenceUploadManagerTests.testUpdateUploadType_Null1(PersistenceUploadManagerTests.java:687)
	at sun.reflect.NativeMethodAccessorImpl.invoke0(Native Method)
	at sun.reflect.NativeMethodAccessorImpl.invoke(NativeMethodAccessorImpl.java:57)
	at sun.reflect.DelegatingMethodAccessorImpl.invoke(DelegatingMethodAccessorImpl.java:43)
	at java.lang.reflect.Method.invoke(Method.java:616)
	at junit.framework.TestCase.runTest(TestCase.java:168)
	at junit.framework.TestCase.runBare(TestCase.java:134)
	at junit.framework.TestResult$1.protect(TestResult.java:110)
	at junit.framework.TestResult.runProtected(TestResult.java:128)
	at junit.framework.TestResult.run(TestResult.java:113)
	at junit.framework.TestCase.run(TestCase.java:124)
	at junit.framework.TestSuite.runTest(TestSuite.java:232)
	at junit.framework.TestSuite.run(TestSuite.java:227)
	at junit.framework.TestSuite.runTest(TestSuite.java:232)
	at junit.framework.TestSuite.run(TestSuite.java:227)
	at junit.framework.TestSuite.runTest(TestSuite.java:232)
	at junit.framework.TestSuite.run(TestSuite.java:227)
	at org.apache.tools.ant.taskdefs.optional.junit.JUnitTestRunner.run(JUnitTestRunner.java:420)
	at org.apache.tools.ant.taskdefs.optional.junit.JUnitTestRunner.launch(JUnitTestRunner.java:911)
	at org.apache.tools.ant.taskdefs.optional.junit.JUnitTestRunner.main(JUnitTestRunner.java:768)
type: UploadType id: -1 operator:user - update UploadType.
com.topcoder.util.config.UnknownNamespaceException: com.topcoder.util.log is unknown
	at com.topcoder.util.config.DefaultConfigManager.getPropertyObject(DefaultConfigManager.java:429)
	at com.topcoder.util.config.DefaultConfigManager.getString(DefaultConfigManager.java:449)
	at com.topcoder.util.log.LogFactory.getAttribute(LogFactory.java:224)
	at com.topcoder.util.log.basic.BasicLog.log(BasicLog.java:74)
	at com.topcoder.management.deliverable.PersistenceUploadManager.<init>(PersistenceUploadManager.java:260)
	at com.topcoder.management.deliverable.PersistenceUploadManagerTests.setUp(PersistenceUploadManagerTests.java:159)
	at junit.framework.TestCase.runBare(TestCase.java:132)
	at junit.framework.TestResult$1.protect(TestResult.java:110)
	at junit.framework.TestResult.runProtected(TestResult.java:128)
	at junit.framework.TestResult.run(TestResult.java:113)
	at junit.framework.TestCase.run(TestCase.java:124)
	at junit.framework.TestSuite.runTest(TestSuite.java:232)
	at junit.framework.TestSuite.run(TestSuite.java:227)
	at junit.framework.TestSuite.runTest(TestSuite.java:232)
	at junit.framework.TestSuite.run(TestSuite.java:227)
	at junit.framework.TestSuite.runTest(TestSuite.java:232)
	at junit.framework.TestSuite.run(TestSuite.java:227)
	at org.apache.tools.ant.taskdefs.optional.junit.JUnitTestRunner.run(JUnitTestRunner.java:420)
	at org.apache.tools.ant.taskdefs.optional.junit.JUnitTestRunner.launch(JUnitTestRunner.java:911)
	at org.apache.tools.ant.taskdefs.optional.junit.JUnitTestRunner.main(JUnitTestRunner.java:768)
Instantiate PersistenceUploadManager with UploadPersistence, uploadSearchBundle, submissionSearchBundle, uploadIdGenerator, uploadTypeIdGenerator, uploadStatusIdGenerator, submissionIDGenerator and submissionStatusIdGenerator.
com.topcoder.util.config.UnknownNamespaceException: com.topcoder.util.log is unknown
	at com.topcoder.util.config.DefaultConfigManager.getPropertyObject(DefaultConfigManager.java:429)
	at com.topcoder.util.config.DefaultConfigManager.getString(DefaultConfigManager.java:449)
	at com.topcoder.util.log.LogFactory.getAttribute(LogFactory.java:224)
	at com.topcoder.util.log.basic.BasicLog.log(BasicLog.java:74)
	at com.topcoder.management.deliverable.PersistenceUploadManager.updateUploadType(PersistenceUploadManager.java:479)
	at com.topcoder.management.deliverable.PersistenceUploadManagerTests.testUpdateUploadType_Null2(PersistenceUploadManagerTests.java:702)
	at sun.reflect.NativeMethodAccessorImpl.invoke0(Native Method)
	at sun.reflect.NativeMethodAccessorImpl.invoke(NativeMethodAccessorImpl.java:57)
	at sun.reflect.DelegatingMethodAccessorImpl.invoke(DelegatingMethodAccessorImpl.java:43)
	at java.lang.reflect.Method.invoke(Method.java:616)
	at junit.framework.TestCase.runTest(TestCase.java:168)
	at junit.framework.TestCase.runBare(TestCase.java:134)
	at junit.framework.TestResult$1.protect(TestResult.java:110)
	at junit.framework.TestResult.runProtected(TestResult.java:128)
	at junit.framework.TestResult.run(TestResult.java:113)
	at junit.framework.TestCase.run(TestCase.java:124)
	at junit.framework.TestSuite.runTest(TestSuite.java:232)
	at junit.framework.TestSuite.run(TestSuite.java:227)
	at junit.framework.TestSuite.runTest(TestSuite.java:232)
	at junit.framework.TestSuite.run(TestSuite.java:227)
	at junit.framework.TestSuite.runTest(TestSuite.java:232)
	at junit.framework.TestSuite.run(TestSuite.java:227)
	at org.apache.tools.ant.taskdefs.optional.junit.JUnitTestRunner.run(JUnitTestRunner.java:420)
	at org.apache.tools.ant.taskdefs.optional.junit.JUnitTestRunner.launch(JUnitTestRunner.java:911)
	at org.apache.tools.ant.taskdefs.optional.junit.JUnitTestRunner.main(JUnitTestRunner.java:768)
type: UploadType id: -1 operator:Unknown - update UploadType.
com.topcoder.util.config.UnknownNamespaceException: com.topcoder.util.log is unknown
	at com.topcoder.util.config.DefaultConfigManager.getPropertyObject(DefaultConfigManager.java:429)
	at com.topcoder.util.config.DefaultConfigManager.getString(DefaultConfigManager.java:449)
	at com.topcoder.util.log.LogFactory.getAttribute(LogFactory.java:224)
	at com.topcoder.util.log.basic.BasicLog.log(BasicLog.java:74)
	at com.topcoder.management.deliverable.PersistenceUploadManager.<init>(PersistenceUploadManager.java:260)
	at com.topcoder.management.deliverable.PersistenceUploadManagerTests.setUp(PersistenceUploadManagerTests.java:159)
	at junit.framework.TestCase.runBare(TestCase.java:132)
	at junit.framework.TestResult$1.protect(TestResult.java:110)
	at junit.framework.TestResult.runProtected(TestResult.java:128)
	at junit.framework.TestResult.run(TestResult.java:113)
	at junit.framework.TestCase.run(TestCase.java:124)
	at junit.framework.TestSuite.runTest(TestSuite.java:232)
	at junit.framework.TestSuite.run(TestSuite.java:227)
	at junit.framework.TestSuite.runTest(TestSuite.java:232)
	at junit.framework.TestSuite.run(TestSuite.java:227)
	at junit.framework.TestSuite.runTest(TestSuite.java:232)
	at junit.framework.TestSuite.run(TestSuite.java:227)
	at org.apache.tools.ant.taskdefs.optional.junit.JUnitTestRunner.run(JUnitTestRunner.java:420)
	at org.apache.tools.ant.taskdefs.optional.junit.JUnitTestRunner.launch(JUnitTestRunner.java:911)
	at org.apache.tools.ant.taskdefs.optional.junit.JUnitTestRunner.main(JUnitTestRunner.java:768)
Instantiate PersistenceUploadManager with UploadPersistence, uploadSearchBundle, submissionSearchBundle, uploadIdGenerator, uploadTypeIdGenerator, uploadStatusIdGenerator, submissionIDGenerator and submissionStatusIdGenerator.
com.topcoder.util.config.UnknownNamespaceException: com.topcoder.util.log is unknown
	at com.topcoder.util.config.DefaultConfigManager.getPropertyObject(DefaultConfigManager.java:429)
	at com.topcoder.util.config.DefaultConfigManager.getString(DefaultConfigManager.java:449)
	at com.topcoder.util.log.LogFactory.getAttribute(LogFactory.java:224)
	at com.topcoder.util.log.basic.BasicLog.log(BasicLog.java:74)
	at com.topcoder.management.deliverable.PersistenceUploadManager.updateUploadType(PersistenceUploadManager.java:479)
	at com.topcoder.management.deliverable.PersistenceUploadManagerTests.testUpdateUploadType_Invalid1(PersistenceUploadManagerTests.java:717)
	at sun.reflect.NativeMethodAccessorImpl.invoke0(Native Method)
	at sun.reflect.NativeMethodAccessorImpl.invoke(NativeMethodAccessorImpl.java:57)
	at sun.reflect.DelegatingMethodAccessorImpl.invoke(DelegatingMethodAccessorImpl.java:43)
	at java.lang.reflect.Method.invoke(Method.java:616)
	at junit.framework.TestCase.runTest(TestCase.java:168)
	at junit.framework.TestCase.runBare(TestCase.java:134)
	at junit.framework.TestResult$1.protect(TestResult.java:110)
	at junit.framework.TestResult.runProtected(TestResult.java:128)
	at junit.framework.TestResult.run(TestResult.java:113)
	at junit.framework.TestCase.run(TestCase.java:124)
	at junit.framework.TestSuite.runTest(TestSuite.java:232)
	at junit.framework.TestSuite.run(TestSuite.java:227)
	at junit.framework.TestSuite.runTest(TestSuite.java:232)
	at junit.framework.TestSuite.run(TestSuite.java:227)
	at junit.framework.TestSuite.runTest(TestSuite.java:232)
	at junit.framework.TestSuite.run(TestSuite.java:227)
	at org.apache.tools.ant.taskdefs.optional.junit.JUnitTestRunner.run(JUnitTestRunner.java:420)
	at org.apache.tools.ant.taskdefs.optional.junit.JUnitTestRunner.launch(JUnitTestRunner.java:911)
	at org.apache.tools.ant.taskdefs.optional.junit.JUnitTestRunner.main(JUnitTestRunner.java:768)
type: UploadType id: -1 operator:user - update UploadType.
com.topcoder.util.config.UnknownNamespaceException: com.topcoder.util.log is unknown
	at com.topcoder.util.config.DefaultConfigManager.getPropertyObject(DefaultConfigManager.java:429)
	at com.topcoder.util.config.DefaultConfigManager.getString(DefaultConfigManager.java:449)
	at com.topcoder.util.log.LogFactory.getAttribute(LogFactory.java:224)
	at com.topcoder.util.log.basic.BasicLog.log(BasicLog.java:74)
	at com.topcoder.management.deliverable.PersistenceUploadManager.persistenceUploadManagerHelper(PersistenceUploadManager.java:977)
	at com.topcoder.management.deliverable.PersistenceUploadManager.updateUploadType(PersistenceUploadManager.java:481)
	at com.topcoder.management.deliverable.PersistenceUploadManagerTests.testUpdateUploadType_Invalid1(PersistenceUploadManagerTests.java:717)
	at sun.reflect.NativeMethodAccessorImpl.invoke0(Native Method)
	at sun.reflect.NativeMethodAccessorImpl.invoke(NativeMethodAccessorImpl.java:57)
	at sun.reflect.DelegatingMethodAccessorImpl.invoke(DelegatingMethodAccessorImpl.java:43)
	at java.lang.reflect.Method.invoke(Method.java:616)
	at junit.framework.TestCase.runTest(TestCase.java:168)
	at junit.framework.TestCase.runBare(TestCase.java:134)
	at junit.framework.TestResult$1.protect(TestResult.java:110)
	at junit.framework.TestResult.runProtected(TestResult.java:128)
	at junit.framework.TestResult.run(TestResult.java:113)
	at junit.framework.TestCase.run(TestCase.java:124)
	at junit.framework.TestSuite.runTest(TestSuite.java:232)
	at junit.framework.TestSuite.run(TestSuite.java:227)
	at junit.framework.TestSuite.runTest(TestSuite.java:232)
	at junit.framework.TestSuite.run(TestSuite.java:227)
	at junit.framework.TestSuite.runTest(TestSuite.java:232)
	at junit.framework.TestSuite.run(TestSuite.java:227)
	at org.apache.tools.ant.taskdefs.optional.junit.JUnitTestRunner.run(JUnitTestRunner.java:420)
	at org.apache.tools.ant.taskdefs.optional.junit.JUnitTestRunner.launch(JUnitTestRunner.java:911)
	at org.apache.tools.ant.taskdefs.optional.junit.JUnitTestRunner.main(JUnitTestRunner.java:768)
The id of the uploadType can't be UNSET_ID.
com.topcoder.util.config.UnknownNamespaceException: com.topcoder.util.log is unknown
	at com.topcoder.util.config.DefaultConfigManager.getPropertyObject(DefaultConfigManager.java:429)
	at com.topcoder.util.config.DefaultConfigManager.getString(DefaultConfigManager.java:449)
	at com.topcoder.util.log.LogFactory.getAttribute(LogFactory.java:224)
	at com.topcoder.util.log.basic.BasicLog.log(BasicLog.java:74)
	at com.topcoder.management.deliverable.PersistenceUploadManager.<init>(PersistenceUploadManager.java:260)
	at com.topcoder.management.deliverable.PersistenceUploadManagerTests.setUp(PersistenceUploadManagerTests.java:159)
	at junit.framework.TestCase.runBare(TestCase.java:132)
	at junit.framework.TestResult$1.protect(TestResult.java:110)
	at junit.framework.TestResult.runProtected(TestResult.java:128)
	at junit.framework.TestResult.run(TestResult.java:113)
	at junit.framework.TestCase.run(TestCase.java:124)
	at junit.framework.TestSuite.runTest(TestSuite.java:232)
	at junit.framework.TestSuite.run(TestSuite.java:227)
	at junit.framework.TestSuite.runTest(TestSuite.java:232)
	at junit.framework.TestSuite.run(TestSuite.java:227)
	at junit.framework.TestSuite.runTest(TestSuite.java:232)
	at junit.framework.TestSuite.run(TestSuite.java:227)
	at org.apache.tools.ant.taskdefs.optional.junit.JUnitTestRunner.run(JUnitTestRunner.java:420)
	at org.apache.tools.ant.taskdefs.optional.junit.JUnitTestRunner.launch(JUnitTestRunner.java:911)
	at org.apache.tools.ant.taskdefs.optional.junit.JUnitTestRunner.main(JUnitTestRunner.java:768)
Instantiate PersistenceUploadManager with UploadPersistence, uploadSearchBundle, submissionSearchBundle, uploadIdGenerator, uploadTypeIdGenerator, uploadStatusIdGenerator, submissionIDGenerator and submissionStatusIdGenerator.
com.topcoder.util.config.UnknownNamespaceException: com.topcoder.util.log is unknown
	at com.topcoder.util.config.DefaultConfigManager.getPropertyObject(DefaultConfigManager.java:429)
	at com.topcoder.util.config.DefaultConfigManager.getString(DefaultConfigManager.java:449)
	at com.topcoder.util.log.LogFactory.getAttribute(LogFactory.java:224)
	at com.topcoder.util.log.basic.BasicLog.log(BasicLog.java:74)
	at com.topcoder.management.deliverable.PersistenceUploadManager.createUploadType(PersistenceUploadManager.java:453)
	at com.topcoder.management.deliverable.PersistenceUploadManagerTests.testUpdateUploadType_Accuracy1(PersistenceUploadManagerTests.java:736)
	at sun.reflect.NativeMethodAccessorImpl.invoke0(Native Method)
	at sun.reflect.NativeMethodAccessorImpl.invoke(NativeMethodAccessorImpl.java:57)
	at sun.reflect.DelegatingMethodAccessorImpl.invoke(DelegatingMethodAccessorImpl.java:43)
	at java.lang.reflect.Method.invoke(Method.java:616)
	at junit.framework.TestCase.runTest(TestCase.java:168)
	at junit.framework.TestCase.runBare(TestCase.java:134)
	at junit.framework.TestResult$1.protect(TestResult.java:110)
	at junit.framework.TestResult.runProtected(TestResult.java:128)
	at junit.framework.TestResult.run(TestResult.java:113)
	at junit.framework.TestCase.run(TestCase.java:124)
	at junit.framework.TestSuite.runTest(TestSuite.java:232)
	at junit.framework.TestSuite.run(TestSuite.java:227)
	at junit.framework.TestSuite.runTest(TestSuite.java:232)
	at junit.framework.TestSuite.run(TestSuite.java:227)
	at junit.framework.TestSuite.runTest(TestSuite.java:232)
	at junit.framework.TestSuite.run(TestSuite.java:227)
	at org.apache.tools.ant.taskdefs.optional.junit.JUnitTestRunner.run(JUnitTestRunner.java:420)
	at org.apache.tools.ant.taskdefs.optional.junit.JUnitTestRunner.launch(JUnitTestRunner.java:911)
	at org.apache.tools.ant.taskdefs.optional.junit.JUnitTestRunner.main(JUnitTestRunner.java:768)
type: UploadType id: Unknown operator:CreationUser - Create new UploadType.
com.topcoder.util.config.UnknownNamespaceException: com.topcoder.util.log is unknown
	at com.topcoder.util.config.DefaultConfigManager.getPropertyObject(DefaultConfigManager.java:429)
	at com.topcoder.util.config.DefaultConfigManager.getString(DefaultConfigManager.java:449)
	at com.topcoder.util.log.LogFactory.getAttribute(LogFactory.java:224)
	at com.topcoder.util.log.basic.BasicLog.log(BasicLog.java:74)
	at com.topcoder.management.deliverable.PersistenceUploadManager.persistenceUploadManagerHelper(PersistenceUploadManager.java:966)
	at com.topcoder.management.deliverable.PersistenceUploadManager.createUploadType(PersistenceUploadManager.java:454)
	at com.topcoder.management.deliverable.PersistenceUploadManagerTests.testUpdateUploadType_Accuracy1(PersistenceUploadManagerTests.java:736)
	at sun.reflect.NativeMethodAccessorImpl.invoke0(Native Method)
	at sun.reflect.NativeMethodAccessorImpl.invoke(NativeMethodAccessorImpl.java:57)
	at sun.reflect.DelegatingMethodAccessorImpl.invoke(DelegatingMethodAccessorImpl.java:43)
	at java.lang.reflect.Method.invoke(Method.java:616)
	at junit.framework.TestCase.runTest(TestCase.java:168)
	at junit.framework.TestCase.runBare(TestCase.java:134)
	at junit.framework.TestResult$1.protect(TestResult.java:110)
	at junit.framework.TestResult.runProtected(TestResult.java:128)
	at junit.framework.TestResult.run(TestResult.java:113)
	at junit.framework.TestCase.run(TestCase.java:124)
	at junit.framework.TestSuite.runTest(TestSuite.java:232)
	at junit.framework.TestSuite.run(TestSuite.java:227)
	at junit.framework.TestSuite.runTest(TestSuite.java:232)
	at junit.framework.TestSuite.run(TestSuite.java:227)
	at junit.framework.TestSuite.runTest(TestSuite.java:232)
	at junit.framework.TestSuite.run(TestSuite.java:227)
	at org.apache.tools.ant.taskdefs.optional.junit.JUnitTestRunner.run(JUnitTestRunner.java:420)
	at org.apache.tools.ant.taskdefs.optional.junit.JUnitTestRunner.launch(JUnitTestRunner.java:911)
	at org.apache.tools.ant.taskdefs.optional.junit.JUnitTestRunner.main(JUnitTestRunner.java:768)
generate next id from the idGenerator:count
com.topcoder.util.config.UnknownNamespaceException: com.topcoder.util.log is unknown
	at com.topcoder.util.config.DefaultConfigManager.getPropertyObject(DefaultConfigManager.java:429)
	at com.topcoder.util.config.DefaultConfigManager.getString(DefaultConfigManager.java:449)
	at com.topcoder.util.log.LogFactory.getAttribute(LogFactory.java:224)
	at com.topcoder.util.log.basic.BasicLog.log(BasicLog.java:74)
	at com.topcoder.management.deliverable.PersistenceUploadManager.updateUploadType(PersistenceUploadManager.java:479)
	at com.topcoder.management.deliverable.PersistenceUploadManagerTests.testUpdateUploadType_Accuracy1(PersistenceUploadManagerTests.java:739)
	at sun.reflect.NativeMethodAccessorImpl.invoke0(Native Method)
	at sun.reflect.NativeMethodAccessorImpl.invoke(NativeMethodAccessorImpl.java:57)
	at sun.reflect.DelegatingMethodAccessorImpl.invoke(DelegatingMethodAccessorImpl.java:43)
	at java.lang.reflect.Method.invoke(Method.java:616)
	at junit.framework.TestCase.runTest(TestCase.java:168)
	at junit.framework.TestCase.runBare(TestCase.java:134)
	at junit.framework.TestResult$1.protect(TestResult.java:110)
	at junit.framework.TestResult.runProtected(TestResult.java:128)
	at junit.framework.TestResult.run(TestResult.java:113)
	at junit.framework.TestCase.run(TestCase.java:124)
	at junit.framework.TestSuite.runTest(TestSuite.java:232)
	at junit.framework.TestSuite.run(TestSuite.java:227)
	at junit.framework.TestSuite.runTest(TestSuite.java:232)
	at junit.framework.TestSuite.run(TestSuite.java:227)
	at junit.framework.TestSuite.runTest(TestSuite.java:232)
	at junit.framework.TestSuite.run(TestSuite.java:227)
	at org.apache.tools.ant.taskdefs.optional.junit.JUnitTestRunner.run(JUnitTestRunner.java:420)
	at org.apache.tools.ant.taskdefs.optional.junit.JUnitTestRunner.launch(JUnitTestRunner.java:911)
	at org.apache.tools.ant.taskdefs.optional.junit.JUnitTestRunner.main(JUnitTestRunner.java:768)
type: UploadType id: 1 operator:ModificationUser - update UploadType.
com.topcoder.util.config.UnknownNamespaceException: com.topcoder.util.log is unknown
	at com.topcoder.util.config.DefaultConfigManager.getPropertyObject(DefaultConfigManager.java:429)
	at com.topcoder.util.config.DefaultConfigManager.getString(DefaultConfigManager.java:449)
	at com.topcoder.util.log.LogFactory.getAttribute(LogFactory.java:224)
	at com.topcoder.util.log.basic.BasicLog.log(BasicLog.java:74)
	at com.topcoder.management.deliverable.PersistenceUploadManager.<init>(PersistenceUploadManager.java:260)
	at com.topcoder.management.deliverable.PersistenceUploadManagerTests.setUp(PersistenceUploadManagerTests.java:159)
	at junit.framework.TestCase.runBare(TestCase.java:132)
	at junit.framework.TestResult$1.protect(TestResult.java:110)
	at junit.framework.TestResult.runProtected(TestResult.java:128)
	at junit.framework.TestResult.run(TestResult.java:113)
	at junit.framework.TestCase.run(TestCase.java:124)
	at junit.framework.TestSuite.runTest(TestSuite.java:232)
	at junit.framework.TestSuite.run(TestSuite.java:227)
	at junit.framework.TestSuite.runTest(TestSuite.java:232)
	at junit.framework.TestSuite.run(TestSuite.java:227)
	at junit.framework.TestSuite.runTest(TestSuite.java:232)
	at junit.framework.TestSuite.run(TestSuite.java:227)
	at org.apache.tools.ant.taskdefs.optional.junit.JUnitTestRunner.run(JUnitTestRunner.java:420)
	at org.apache.tools.ant.taskdefs.optional.junit.JUnitTestRunner.launch(JUnitTestRunner.java:911)
	at org.apache.tools.ant.taskdefs.optional.junit.JUnitTestRunner.main(JUnitTestRunner.java:768)
Instantiate PersistenceUploadManager with UploadPersistence, uploadSearchBundle, submissionSearchBundle, uploadIdGenerator, uploadTypeIdGenerator, uploadStatusIdGenerator, submissionIDGenerator and submissionStatusIdGenerator.
com.topcoder.util.config.UnknownNamespaceException: com.topcoder.util.log is unknown
	at com.topcoder.util.config.DefaultConfigManager.getPropertyObject(DefaultConfigManager.java:429)
	at com.topcoder.util.config.DefaultConfigManager.getString(DefaultConfigManager.java:449)
	at com.topcoder.util.log.LogFactory.getAttribute(LogFactory.java:224)
	at com.topcoder.util.log.basic.BasicLog.log(BasicLog.java:74)
	at com.topcoder.management.deliverable.PersistenceUploadManager.removeUploadType(PersistenceUploadManager.java:506)
	at com.topcoder.management.deliverable.PersistenceUploadManagerTests.testRemoveUploadType_Null1(PersistenceUploadManagerTests.java:766)
	at sun.reflect.NativeMethodAccessorImpl.invoke0(Native Method)
	at sun.reflect.NativeMethodAccessorImpl.invoke(NativeMethodAccessorImpl.java:57)
	at sun.reflect.DelegatingMethodAccessorImpl.invoke(DelegatingMethodAccessorImpl.java:43)
	at java.lang.reflect.Method.invoke(Method.java:616)
	at junit.framework.TestCase.runTest(TestCase.java:168)
	at junit.framework.TestCase.runBare(TestCase.java:134)
	at junit.framework.TestResult$1.protect(TestResult.java:110)
	at junit.framework.TestResult.runProtected(TestResult.java:128)
	at junit.framework.TestResult.run(TestResult.java:113)
	at junit.framework.TestCase.run(TestCase.java:124)
	at junit.framework.TestSuite.runTest(TestSuite.java:232)
	at junit.framework.TestSuite.run(TestSuite.java:227)
	at junit.framework.TestSuite.runTest(TestSuite.java:232)
	at junit.framework.TestSuite.run(TestSuite.java:227)
	at junit.framework.TestSuite.runTest(TestSuite.java:232)
	at junit.framework.TestSuite.run(TestSuite.java:227)
	at org.apache.tools.ant.taskdefs.optional.junit.JUnitTestRunner.run(JUnitTestRunner.java:420)
	at org.apache.tools.ant.taskdefs.optional.junit.JUnitTestRunner.launch(JUnitTestRunner.java:911)
	at org.apache.tools.ant.taskdefs.optional.junit.JUnitTestRunner.main(JUnitTestRunner.java:768)
type: UploadType id: -1 operator:user - remove UploadType.
com.topcoder.util.config.UnknownNamespaceException: com.topcoder.util.log is unknown
	at com.topcoder.util.config.DefaultConfigManager.getPropertyObject(DefaultConfigManager.java:429)
	at com.topcoder.util.config.DefaultConfigManager.getString(DefaultConfigManager.java:449)
	at com.topcoder.util.log.LogFactory.getAttribute(LogFactory.java:224)
	at com.topcoder.util.log.basic.BasicLog.log(BasicLog.java:74)
	at com.topcoder.management.deliverable.PersistenceUploadManager.<init>(PersistenceUploadManager.java:260)
	at com.topcoder.management.deliverable.PersistenceUploadManagerTests.setUp(PersistenceUploadManagerTests.java:159)
	at junit.framework.TestCase.runBare(TestCase.java:132)
	at junit.framework.TestResult$1.protect(TestResult.java:110)
	at junit.framework.TestResult.runProtected(TestResult.java:128)
	at junit.framework.TestResult.run(TestResult.java:113)
	at junit.framework.TestCase.run(TestCase.java:124)
	at junit.framework.TestSuite.runTest(TestSuite.java:232)
	at junit.framework.TestSuite.run(TestSuite.java:227)
	at junit.framework.TestSuite.runTest(TestSuite.java:232)
	at junit.framework.TestSuite.run(TestSuite.java:227)
	at junit.framework.TestSuite.runTest(TestSuite.java:232)
	at junit.framework.TestSuite.run(TestSuite.java:227)
	at org.apache.tools.ant.taskdefs.optional.junit.JUnitTestRunner.run(JUnitTestRunner.java:420)
	at org.apache.tools.ant.taskdefs.optional.junit.JUnitTestRunner.launch(JUnitTestRunner.java:911)
	at org.apache.tools.ant.taskdefs.optional.junit.JUnitTestRunner.main(JUnitTestRunner.java:768)
Instantiate PersistenceUploadManager with UploadPersistence, uploadSearchBundle, submissionSearchBundle, uploadIdGenerator, uploadTypeIdGenerator, uploadStatusIdGenerator, submissionIDGenerator and submissionStatusIdGenerator.
com.topcoder.util.config.UnknownNamespaceException: com.topcoder.util.log is unknown
	at com.topcoder.util.config.DefaultConfigManager.getPropertyObject(DefaultConfigManager.java:429)
	at com.topcoder.util.config.DefaultConfigManager.getString(DefaultConfigManager.java:449)
	at com.topcoder.util.log.LogFactory.getAttribute(LogFactory.java:224)
	at com.topcoder.util.log.basic.BasicLog.log(BasicLog.java:74)
	at com.topcoder.management.deliverable.PersistenceUploadManager.removeUploadType(PersistenceUploadManager.java:506)
	at com.topcoder.management.deliverable.PersistenceUploadManagerTests.testRemoveUploadType_Null2(PersistenceUploadManagerTests.java:781)
	at sun.reflect.NativeMethodAccessorImpl.invoke0(Native Method)
	at sun.reflect.NativeMethodAccessorImpl.invoke(NativeMethodAccessorImpl.java:57)
	at sun.reflect.DelegatingMethodAccessorImpl.invoke(DelegatingMethodAccessorImpl.java:43)
	at java.lang.reflect.Method.invoke(Method.java:616)
	at junit.framework.TestCase.runTest(TestCase.java:168)
	at junit.framework.TestCase.runBare(TestCase.java:134)
	at junit.framework.TestResult$1.protect(TestResult.java:110)
	at junit.framework.TestResult.runProtected(TestResult.java:128)
	at junit.framework.TestResult.run(TestResult.java:113)
	at junit.framework.TestCase.run(TestCase.java:124)
	at junit.framework.TestSuite.runTest(TestSuite.java:232)
	at junit.framework.TestSuite.run(TestSuite.java:227)
	at junit.framework.TestSuite.runTest(TestSuite.java:232)
	at junit.framework.TestSuite.run(TestSuite.java:227)
	at junit.framework.TestSuite.runTest(TestSuite.java:232)
	at junit.framework.TestSuite.run(TestSuite.java:227)
	at org.apache.tools.ant.taskdefs.optional.junit.JUnitTestRunner.run(JUnitTestRunner.java:420)
	at org.apache.tools.ant.taskdefs.optional.junit.JUnitTestRunner.launch(JUnitTestRunner.java:911)
	at org.apache.tools.ant.taskdefs.optional.junit.JUnitTestRunner.main(JUnitTestRunner.java:768)
type: UploadType id: -1 operator:Unknown - remove UploadType.
com.topcoder.util.config.UnknownNamespaceException: com.topcoder.util.log is unknown
	at com.topcoder.util.config.DefaultConfigManager.getPropertyObject(DefaultConfigManager.java:429)
	at com.topcoder.util.config.DefaultConfigManager.getString(DefaultConfigManager.java:449)
	at com.topcoder.util.log.LogFactory.getAttribute(LogFactory.java:224)
	at com.topcoder.util.log.basic.BasicLog.log(BasicLog.java:74)
	at com.topcoder.management.deliverable.PersistenceUploadManager.<init>(PersistenceUploadManager.java:260)
	at com.topcoder.management.deliverable.PersistenceUploadManagerTests.setUp(PersistenceUploadManagerTests.java:159)
	at junit.framework.TestCase.runBare(TestCase.java:132)
	at junit.framework.TestResult$1.protect(TestResult.java:110)
	at junit.framework.TestResult.runProtected(TestResult.java:128)
	at junit.framework.TestResult.run(TestResult.java:113)
	at junit.framework.TestCase.run(TestCase.java:124)
	at junit.framework.TestSuite.runTest(TestSuite.java:232)
	at junit.framework.TestSuite.run(TestSuite.java:227)
	at junit.framework.TestSuite.runTest(TestSuite.java:232)
	at junit.framework.TestSuite.run(TestSuite.java:227)
	at junit.framework.TestSuite.runTest(TestSuite.java:232)
	at junit.framework.TestSuite.run(TestSuite.java:227)
	at org.apache.tools.ant.taskdefs.optional.junit.JUnitTestRunner.run(JUnitTestRunner.java:420)
	at org.apache.tools.ant.taskdefs.optional.junit.JUnitTestRunner.launch(JUnitTestRunner.java:911)
	at org.apache.tools.ant.taskdefs.optional.junit.JUnitTestRunner.main(JUnitTestRunner.java:768)
Instantiate PersistenceUploadManager with UploadPersistence, uploadSearchBundle, submissionSearchBundle, uploadIdGenerator, uploadTypeIdGenerator, uploadStatusIdGenerator, submissionIDGenerator and submissionStatusIdGenerator.
com.topcoder.util.config.UnknownNamespaceException: com.topcoder.util.log is unknown
	at com.topcoder.util.config.DefaultConfigManager.getPropertyObject(DefaultConfigManager.java:429)
	at com.topcoder.util.config.DefaultConfigManager.getString(DefaultConfigManager.java:449)
	at com.topcoder.util.log.LogFactory.getAttribute(LogFactory.java:224)
	at com.topcoder.util.log.basic.BasicLog.log(BasicLog.java:74)
	at com.topcoder.management.deliverable.PersistenceUploadManager.removeUploadType(PersistenceUploadManager.java:506)
	at com.topcoder.management.deliverable.PersistenceUploadManagerTests.testRemoveUploadType_Invalid1(PersistenceUploadManagerTests.java:796)
	at sun.reflect.NativeMethodAccessorImpl.invoke0(Native Method)
	at sun.reflect.NativeMethodAccessorImpl.invoke(NativeMethodAccessorImpl.java:57)
	at sun.reflect.DelegatingMethodAccessorImpl.invoke(DelegatingMethodAccessorImpl.java:43)
	at java.lang.reflect.Method.invoke(Method.java:616)
	at junit.framework.TestCase.runTest(TestCase.java:168)
	at junit.framework.TestCase.runBare(TestCase.java:134)
	at junit.framework.TestResult$1.protect(TestResult.java:110)
	at junit.framework.TestResult.runProtected(TestResult.java:128)
	at junit.framework.TestResult.run(TestResult.java:113)
	at junit.framework.TestCase.run(TestCase.java:124)
	at junit.framework.TestSuite.runTest(TestSuite.java:232)
	at junit.framework.TestSuite.run(TestSuite.java:227)
	at junit.framework.TestSuite.runTest(TestSuite.java:232)
	at junit.framework.TestSuite.run(TestSuite.java:227)
	at junit.framework.TestSuite.runTest(TestSuite.java:232)
	at junit.framework.TestSuite.run(TestSuite.java:227)
	at org.apache.tools.ant.taskdefs.optional.junit.JUnitTestRunner.run(JUnitTestRunner.java:420)
	at org.apache.tools.ant.taskdefs.optional.junit.JUnitTestRunner.launch(JUnitTestRunner.java:911)
	at org.apache.tools.ant.taskdefs.optional.junit.JUnitTestRunner.main(JUnitTestRunner.java:768)
type: UploadType id: -1 operator:user - remove UploadType.
com.topcoder.util.config.UnknownNamespaceException: com.topcoder.util.log is unknown
	at com.topcoder.util.config.DefaultConfigManager.getPropertyObject(DefaultConfigManager.java:429)
	at com.topcoder.util.config.DefaultConfigManager.getString(DefaultConfigManager.java:449)
	at com.topcoder.util.log.LogFactory.getAttribute(LogFactory.java:224)
	at com.topcoder.util.log.basic.BasicLog.log(BasicLog.java:74)
	at com.topcoder.management.deliverable.PersistenceUploadManager.persistenceUploadManagerHelper(PersistenceUploadManager.java:977)
	at com.topcoder.management.deliverable.PersistenceUploadManager.removeUploadType(PersistenceUploadManager.java:508)
	at com.topcoder.management.deliverable.PersistenceUploadManagerTests.testRemoveUploadType_Invalid1(PersistenceUploadManagerTests.java:796)
	at sun.reflect.NativeMethodAccessorImpl.invoke0(Native Method)
	at sun.reflect.NativeMethodAccessorImpl.invoke(NativeMethodAccessorImpl.java:57)
	at sun.reflect.DelegatingMethodAccessorImpl.invoke(DelegatingMethodAccessorImpl.java:43)
	at java.lang.reflect.Method.invoke(Method.java:616)
	at junit.framework.TestCase.runTest(TestCase.java:168)
	at junit.framework.TestCase.runBare(TestCase.java:134)
	at junit.framework.TestResult$1.protect(TestResult.java:110)
	at junit.framework.TestResult.runProtected(TestResult.java:128)
	at junit.framework.TestResult.run(TestResult.java:113)
	at junit.framework.TestCase.run(TestCase.java:124)
	at junit.framework.TestSuite.runTest(TestSuite.java:232)
	at junit.framework.TestSuite.run(TestSuite.java:227)
	at junit.framework.TestSuite.runTest(TestSuite.java:232)
	at junit.framework.TestSuite.run(TestSuite.java:227)
	at junit.framework.TestSuite.runTest(TestSuite.java:232)
	at junit.framework.TestSuite.run(TestSuite.java:227)
	at org.apache.tools.ant.taskdefs.optional.junit.JUnitTestRunner.run(JUnitTestRunner.java:420)
	at org.apache.tools.ant.taskdefs.optional.junit.JUnitTestRunner.launch(JUnitTestRunner.java:911)
	at org.apache.tools.ant.taskdefs.optional.junit.JUnitTestRunner.main(JUnitTestRunner.java:768)
The id of the uploadType can't be UNSET_ID.
com.topcoder.util.config.UnknownNamespaceException: com.topcoder.util.log is unknown
	at com.topcoder.util.config.DefaultConfigManager.getPropertyObject(DefaultConfigManager.java:429)
	at com.topcoder.util.config.DefaultConfigManager.getString(DefaultConfigManager.java:449)
	at com.topcoder.util.log.LogFactory.getAttribute(LogFactory.java:224)
	at com.topcoder.util.log.basic.BasicLog.log(BasicLog.java:74)
	at com.topcoder.management.deliverable.PersistenceUploadManager.<init>(PersistenceUploadManager.java:260)
	at com.topcoder.management.deliverable.PersistenceUploadManagerTests.setUp(PersistenceUploadManagerTests.java:159)
	at junit.framework.TestCase.runBare(TestCase.java:132)
	at junit.framework.TestResult$1.protect(TestResult.java:110)
	at junit.framework.TestResult.runProtected(TestResult.java:128)
	at junit.framework.TestResult.run(TestResult.java:113)
	at junit.framework.TestCase.run(TestCase.java:124)
	at junit.framework.TestSuite.runTest(TestSuite.java:232)
	at junit.framework.TestSuite.run(TestSuite.java:227)
	at junit.framework.TestSuite.runTest(TestSuite.java:232)
	at junit.framework.TestSuite.run(TestSuite.java:227)
	at junit.framework.TestSuite.runTest(TestSuite.java:232)
	at junit.framework.TestSuite.run(TestSuite.java:227)
	at org.apache.tools.ant.taskdefs.optional.junit.JUnitTestRunner.run(JUnitTestRunner.java:420)
	at org.apache.tools.ant.taskdefs.optional.junit.JUnitTestRunner.launch(JUnitTestRunner.java:911)
	at org.apache.tools.ant.taskdefs.optional.junit.JUnitTestRunner.main(JUnitTestRunner.java:768)
Instantiate PersistenceUploadManager with UploadPersistence, uploadSearchBundle, submissionSearchBundle, uploadIdGenerator, uploadTypeIdGenerator, uploadStatusIdGenerator, submissionIDGenerator and submissionStatusIdGenerator.
com.topcoder.util.config.UnknownNamespaceException: com.topcoder.util.log is unknown
	at com.topcoder.util.config.DefaultConfigManager.getPropertyObject(DefaultConfigManager.java:429)
	at com.topcoder.util.config.DefaultConfigManager.getString(DefaultConfigManager.java:449)
	at com.topcoder.util.log.LogFactory.getAttribute(LogFactory.java:224)
	at com.topcoder.util.log.basic.BasicLog.log(BasicLog.java:74)
	at com.topcoder.management.deliverable.PersistenceUploadManager.createUploadType(PersistenceUploadManager.java:453)
	at com.topcoder.management.deliverable.PersistenceUploadManagerTests.testRemoveUploadType_Accuracy1(PersistenceUploadManagerTests.java:815)
	at sun.reflect.NativeMethodAccessorImpl.invoke0(Native Method)
	at sun.reflect.NativeMethodAccessorImpl.invoke(NativeMethodAccessorImpl.java:57)
	at sun.reflect.DelegatingMethodAccessorImpl.invoke(DelegatingMethodAccessorImpl.java:43)
	at java.lang.reflect.Method.invoke(Method.java:616)
	at junit.framework.TestCase.runTest(TestCase.java:168)
	at junit.framework.TestCase.runBare(TestCase.java:134)
	at junit.framework.TestResult$1.protect(TestResult.java:110)
	at junit.framework.TestResult.runProtected(TestResult.java:128)
	at junit.framework.TestResult.run(TestResult.java:113)
	at junit.framework.TestCase.run(TestCase.java:124)
	at junit.framework.TestSuite.runTest(TestSuite.java:232)
	at junit.framework.TestSuite.run(TestSuite.java:227)
	at junit.framework.TestSuite.runTest(TestSuite.java:232)
	at junit.framework.TestSuite.run(TestSuite.java:227)
	at junit.framework.TestSuite.runTest(TestSuite.java:232)
	at junit.framework.TestSuite.run(TestSuite.java:227)
	at org.apache.tools.ant.taskdefs.optional.junit.JUnitTestRunner.run(JUnitTestRunner.java:420)
	at org.apache.tools.ant.taskdefs.optional.junit.JUnitTestRunner.launch(JUnitTestRunner.java:911)
	at org.apache.tools.ant.taskdefs.optional.junit.JUnitTestRunner.main(JUnitTestRunner.java:768)
type: UploadType id: Unknown operator:CreationUser - Create new UploadType.
com.topcoder.util.config.UnknownNamespaceException: com.topcoder.util.log is unknown
	at com.topcoder.util.config.DefaultConfigManager.getPropertyObject(DefaultConfigManager.java:429)
	at com.topcoder.util.config.DefaultConfigManager.getString(DefaultConfigManager.java:449)
	at com.topcoder.util.log.LogFactory.getAttribute(LogFactory.java:224)
	at com.topcoder.util.log.basic.BasicLog.log(BasicLog.java:74)
	at com.topcoder.management.deliverable.PersistenceUploadManager.persistenceUploadManagerHelper(PersistenceUploadManager.java:966)
	at com.topcoder.management.deliverable.PersistenceUploadManager.createUploadType(PersistenceUploadManager.java:454)
	at com.topcoder.management.deliverable.PersistenceUploadManagerTests.testRemoveUploadType_Accuracy1(PersistenceUploadManagerTests.java:815)
	at sun.reflect.NativeMethodAccessorImpl.invoke0(Native Method)
	at sun.reflect.NativeMethodAccessorImpl.invoke(NativeMethodAccessorImpl.java:57)
	at sun.reflect.DelegatingMethodAccessorImpl.invoke(DelegatingMethodAccessorImpl.java:43)
	at java.lang.reflect.Method.invoke(Method.java:616)
	at junit.framework.TestCase.runTest(TestCase.java:168)
	at junit.framework.TestCase.runBare(TestCase.java:134)
	at junit.framework.TestResult$1.protect(TestResult.java:110)
	at junit.framework.TestResult.runProtected(TestResult.java:128)
	at junit.framework.TestResult.run(TestResult.java:113)
	at junit.framework.TestCase.run(TestCase.java:124)
	at junit.framework.TestSuite.runTest(TestSuite.java:232)
	at junit.framework.TestSuite.run(TestSuite.java:227)
	at junit.framework.TestSuite.runTest(TestSuite.java:232)
	at junit.framework.TestSuite.run(TestSuite.java:227)
	at junit.framework.TestSuite.runTest(TestSuite.java:232)
	at junit.framework.TestSuite.run(TestSuite.java:227)
	at org.apache.tools.ant.taskdefs.optional.junit.JUnitTestRunner.run(JUnitTestRunner.java:420)
	at org.apache.tools.ant.taskdefs.optional.junit.JUnitTestRunner.launch(JUnitTestRunner.java:911)
	at org.apache.tools.ant.taskdefs.optional.junit.JUnitTestRunner.main(JUnitTestRunner.java:768)
generate next id from the idGenerator:count
com.topcoder.util.config.UnknownNamespaceException: com.topcoder.util.log is unknown
	at com.topcoder.util.config.DefaultConfigManager.getPropertyObject(DefaultConfigManager.java:429)
	at com.topcoder.util.config.DefaultConfigManager.getString(DefaultConfigManager.java:449)
	at com.topcoder.util.log.LogFactory.getAttribute(LogFactory.java:224)
	at com.topcoder.util.log.basic.BasicLog.log(BasicLog.java:74)
	at com.topcoder.management.deliverable.PersistenceUploadManager.removeUploadType(PersistenceUploadManager.java:506)
	at com.topcoder.management.deliverable.PersistenceUploadManagerTests.testRemoveUploadType_Accuracy1(PersistenceUploadManagerTests.java:818)
	at sun.reflect.NativeMethodAccessorImpl.invoke0(Native Method)
	at sun.reflect.NativeMethodAccessorImpl.invoke(NativeMethodAccessorImpl.java:57)
	at sun.reflect.DelegatingMethodAccessorImpl.invoke(DelegatingMethodAccessorImpl.java:43)
	at java.lang.reflect.Method.invoke(Method.java:616)
	at junit.framework.TestCase.runTest(TestCase.java:168)
	at junit.framework.TestCase.runBare(TestCase.java:134)
	at junit.framework.TestResult$1.protect(TestResult.java:110)
	at junit.framework.TestResult.runProtected(TestResult.java:128)
	at junit.framework.TestResult.run(TestResult.java:113)
	at junit.framework.TestCase.run(TestCase.java:124)
	at junit.framework.TestSuite.runTest(TestSuite.java:232)
	at junit.framework.TestSuite.run(TestSuite.java:227)
	at junit.framework.TestSuite.runTest(TestSuite.java:232)
	at junit.framework.TestSuite.run(TestSuite.java:227)
	at junit.framework.TestSuite.runTest(TestSuite.java:232)
	at junit.framework.TestSuite.run(TestSuite.java:227)
	at org.apache.tools.ant.taskdefs.optional.junit.JUnitTestRunner.run(JUnitTestRunner.java:420)
	at org.apache.tools.ant.taskdefs.optional.junit.JUnitTestRunner.launch(JUnitTestRunner.java:911)
	at org.apache.tools.ant.taskdefs.optional.junit.JUnitTestRunner.main(JUnitTestRunner.java:768)
type: UploadType id: 1 operator:ModificationUser - remove UploadType.
com.topcoder.util.config.UnknownNamespaceException: com.topcoder.util.log is unknown
	at com.topcoder.util.config.DefaultConfigManager.getPropertyObject(DefaultConfigManager.java:429)
	at com.topcoder.util.config.DefaultConfigManager.getString(DefaultConfigManager.java:449)
	at com.topcoder.util.log.LogFactory.getAttribute(LogFactory.java:224)
	at com.topcoder.util.log.basic.BasicLog.log(BasicLog.java:74)
	at com.topcoder.management.deliverable.PersistenceUploadManager.<init>(PersistenceUploadManager.java:260)
	at com.topcoder.management.deliverable.PersistenceUploadManagerTests.setUp(PersistenceUploadManagerTests.java:159)
	at junit.framework.TestCase.runBare(TestCase.java:132)
	at junit.framework.TestResult$1.protect(TestResult.java:110)
	at junit.framework.TestResult.runProtected(TestResult.java:128)
	at junit.framework.TestResult.run(TestResult.java:113)
	at junit.framework.TestCase.run(TestCase.java:124)
	at junit.framework.TestSuite.runTest(TestSuite.java:232)
	at junit.framework.TestSuite.run(TestSuite.java:227)
	at junit.framework.TestSuite.runTest(TestSuite.java:232)
	at junit.framework.TestSuite.run(TestSuite.java:227)
	at junit.framework.TestSuite.runTest(TestSuite.java:232)
	at junit.framework.TestSuite.run(TestSuite.java:227)
	at org.apache.tools.ant.taskdefs.optional.junit.JUnitTestRunner.run(JUnitTestRunner.java:420)
	at org.apache.tools.ant.taskdefs.optional.junit.JUnitTestRunner.launch(JUnitTestRunner.java:911)
	at org.apache.tools.ant.taskdefs.optional.junit.JUnitTestRunner.main(JUnitTestRunner.java:768)
Instantiate PersistenceUploadManager with UploadPersistence, uploadSearchBundle, submissionSearchBundle, uploadIdGenerator, uploadTypeIdGenerator, uploadStatusIdGenerator, submissionIDGenerator and submissionStatusIdGenerator.
com.topcoder.util.config.UnknownNamespaceException: com.topcoder.util.log is unknown
	at com.topcoder.util.config.DefaultConfigManager.getPropertyObject(DefaultConfigManager.java:429)
	at com.topcoder.util.config.DefaultConfigManager.getString(DefaultConfigManager.java:449)
	at com.topcoder.util.log.LogFactory.getAttribute(LogFactory.java:224)
	at com.topcoder.util.log.basic.BasicLog.log(BasicLog.java:74)
	at com.topcoder.management.deliverable.PersistenceUploadManager.getAllUploadTypes(PersistenceUploadManager.java:520)
	at com.topcoder.management.deliverable.PersistenceUploadManagerTests.testGetAllUploadTypes_Accuracy(PersistenceUploadManagerTests.java:847)
	at sun.reflect.NativeMethodAccessorImpl.invoke0(Native Method)
	at sun.reflect.NativeMethodAccessorImpl.invoke(NativeMethodAccessorImpl.java:57)
	at sun.reflect.DelegatingMethodAccessorImpl.invoke(DelegatingMethodAccessorImpl.java:43)
	at java.lang.reflect.Method.invoke(Method.java:616)
	at junit.framework.TestCase.runTest(TestCase.java:168)
	at junit.framework.TestCase.runBare(TestCase.java:134)
	at junit.framework.TestResult$1.protect(TestResult.java:110)
	at junit.framework.TestResult.runProtected(TestResult.java:128)
	at junit.framework.TestResult.run(TestResult.java:113)
	at junit.framework.TestCase.run(TestCase.java:124)
	at junit.framework.TestSuite.runTest(TestSuite.java:232)
	at junit.framework.TestSuite.run(TestSuite.java:227)
	at junit.framework.TestSuite.runTest(TestSuite.java:232)
	at junit.framework.TestSuite.run(TestSuite.java:227)
	at junit.framework.TestSuite.runTest(TestSuite.java:232)
	at junit.framework.TestSuite.run(TestSuite.java:227)
	at org.apache.tools.ant.taskdefs.optional.junit.JUnitTestRunner.run(JUnitTestRunner.java:420)
	at org.apache.tools.ant.taskdefs.optional.junit.JUnitTestRunner.launch(JUnitTestRunner.java:911)
	at org.apache.tools.ant.taskdefs.optional.junit.JUnitTestRunner.main(JUnitTestRunner.java:768)
get All upload types, delegate to persistence.
com.topcoder.util.config.UnknownNamespaceException: com.topcoder.util.log is unknown
	at com.topcoder.util.config.DefaultConfigManager.getPropertyObject(DefaultConfigManager.java:429)
	at com.topcoder.util.config.DefaultConfigManager.getString(DefaultConfigManager.java:449)
	at com.topcoder.util.log.LogFactory.getAttribute(LogFactory.java:224)
	at com.topcoder.util.log.basic.BasicLog.log(BasicLog.java:74)
	at com.topcoder.management.deliverable.PersistenceUploadManager.<init>(PersistenceUploadManager.java:260)
	at com.topcoder.management.deliverable.PersistenceUploadManagerTests.setUp(PersistenceUploadManagerTests.java:159)
	at junit.framework.TestCase.runBare(TestCase.java:132)
	at junit.framework.TestResult$1.protect(TestResult.java:110)
	at junit.framework.TestResult.runProtected(TestResult.java:128)
	at junit.framework.TestResult.run(TestResult.java:113)
	at junit.framework.TestCase.run(TestCase.java:124)
	at junit.framework.TestSuite.runTest(TestSuite.java:232)
	at junit.framework.TestSuite.run(TestSuite.java:227)
	at junit.framework.TestSuite.runTest(TestSuite.java:232)
	at junit.framework.TestSuite.run(TestSuite.java:227)
	at junit.framework.TestSuite.runTest(TestSuite.java:232)
	at junit.framework.TestSuite.run(TestSuite.java:227)
	at org.apache.tools.ant.taskdefs.optional.junit.JUnitTestRunner.run(JUnitTestRunner.java:420)
	at org.apache.tools.ant.taskdefs.optional.junit.JUnitTestRunner.launch(JUnitTestRunner.java:911)
	at org.apache.tools.ant.taskdefs.optional.junit.JUnitTestRunner.main(JUnitTestRunner.java:768)
Instantiate PersistenceUploadManager with UploadPersistence, uploadSearchBundle, submissionSearchBundle, uploadIdGenerator, uploadTypeIdGenerator, uploadStatusIdGenerator, submissionIDGenerator and submissionStatusIdGenerator.
com.topcoder.util.config.UnknownNamespaceException: com.topcoder.util.log is unknown
	at com.topcoder.util.config.DefaultConfigManager.getPropertyObject(DefaultConfigManager.java:429)
	at com.topcoder.util.config.DefaultConfigManager.getString(DefaultConfigManager.java:449)
	at com.topcoder.util.log.LogFactory.getAttribute(LogFactory.java:224)
	at com.topcoder.util.log.basic.BasicLog.log(BasicLog.java:74)
	at com.topcoder.management.deliverable.PersistenceUploadManager.createUploadStatus(PersistenceUploadManager.java:541)
	at com.topcoder.management.deliverable.PersistenceUploadManagerTests.testCreateUploadStatus_Null1(PersistenceUploadManagerTests.java:863)
	at sun.reflect.NativeMethodAccessorImpl.invoke0(Native Method)
	at sun.reflect.NativeMethodAccessorImpl.invoke(NativeMethodAccessorImpl.java:57)
	at sun.reflect.DelegatingMethodAccessorImpl.invoke(DelegatingMethodAccessorImpl.java:43)
	at java.lang.reflect.Method.invoke(Method.java:616)
	at junit.framework.TestCase.runTest(TestCase.java:168)
	at junit.framework.TestCase.runBare(TestCase.java:134)
	at junit.framework.TestResult$1.protect(TestResult.java:110)
	at junit.framework.TestResult.runProtected(TestResult.java:128)
	at junit.framework.TestResult.run(TestResult.java:113)
	at junit.framework.TestCase.run(TestCase.java:124)
	at junit.framework.TestSuite.runTest(TestSuite.java:232)
	at junit.framework.TestSuite.run(TestSuite.java:227)
	at junit.framework.TestSuite.runTest(TestSuite.java:232)
	at junit.framework.TestSuite.run(TestSuite.java:227)
	at junit.framework.TestSuite.runTest(TestSuite.java:232)
	at junit.framework.TestSuite.run(TestSuite.java:227)
	at org.apache.tools.ant.taskdefs.optional.junit.JUnitTestRunner.run(JUnitTestRunner.java:420)
	at org.apache.tools.ant.taskdefs.optional.junit.JUnitTestRunner.launch(JUnitTestRunner.java:911)
	at org.apache.tools.ant.taskdefs.optional.junit.JUnitTestRunner.main(JUnitTestRunner.java:768)
type: UploadStatus id: Unknown operator:user - create new UploadStatus.
com.topcoder.util.config.UnknownNamespaceException: com.topcoder.util.log is unknown
	at com.topcoder.util.config.DefaultConfigManager.getPropertyObject(DefaultConfigManager.java:429)
	at com.topcoder.util.config.DefaultConfigManager.getString(DefaultConfigManager.java:449)
	at com.topcoder.util.log.LogFactory.getAttribute(LogFactory.java:224)
	at com.topcoder.util.log.basic.BasicLog.log(BasicLog.java:74)
	at com.topcoder.management.deliverable.PersistenceUploadManager.<init>(PersistenceUploadManager.java:260)
	at com.topcoder.management.deliverable.PersistenceUploadManagerTests.setUp(PersistenceUploadManagerTests.java:159)
	at junit.framework.TestCase.runBare(TestCase.java:132)
	at junit.framework.TestResult$1.protect(TestResult.java:110)
	at junit.framework.TestResult.runProtected(TestResult.java:128)
	at junit.framework.TestResult.run(TestResult.java:113)
	at junit.framework.TestCase.run(TestCase.java:124)
	at junit.framework.TestSuite.runTest(TestSuite.java:232)
	at junit.framework.TestSuite.run(TestSuite.java:227)
	at junit.framework.TestSuite.runTest(TestSuite.java:232)
	at junit.framework.TestSuite.run(TestSuite.java:227)
	at junit.framework.TestSuite.runTest(TestSuite.java:232)
	at junit.framework.TestSuite.run(TestSuite.java:227)
	at org.apache.tools.ant.taskdefs.optional.junit.JUnitTestRunner.run(JUnitTestRunner.java:420)
	at org.apache.tools.ant.taskdefs.optional.junit.JUnitTestRunner.launch(JUnitTestRunner.java:911)
	at org.apache.tools.ant.taskdefs.optional.junit.JUnitTestRunner.main(JUnitTestRunner.java:768)
Instantiate PersistenceUploadManager with UploadPersistence, uploadSearchBundle, submissionSearchBundle, uploadIdGenerator, uploadTypeIdGenerator, uploadStatusIdGenerator, submissionIDGenerator and submissionStatusIdGenerator.
com.topcoder.util.config.UnknownNamespaceException: com.topcoder.util.log is unknown
	at com.topcoder.util.config.DefaultConfigManager.getPropertyObject(DefaultConfigManager.java:429)
	at com.topcoder.util.config.DefaultConfigManager.getString(DefaultConfigManager.java:449)
	at com.topcoder.util.log.LogFactory.getAttribute(LogFactory.java:224)
	at com.topcoder.util.log.basic.BasicLog.log(BasicLog.java:74)
	at com.topcoder.management.deliverable.PersistenceUploadManager.createUploadStatus(PersistenceUploadManager.java:541)
	at com.topcoder.management.deliverable.PersistenceUploadManagerTests.testCreateUploadStatus_Null2(PersistenceUploadManagerTests.java:878)
	at sun.reflect.NativeMethodAccessorImpl.invoke0(Native Method)
	at sun.reflect.NativeMethodAccessorImpl.invoke(NativeMethodAccessorImpl.java:57)
	at sun.reflect.DelegatingMethodAccessorImpl.invoke(DelegatingMethodAccessorImpl.java:43)
	at java.lang.reflect.Method.invoke(Method.java:616)
	at junit.framework.TestCase.runTest(TestCase.java:168)
	at junit.framework.TestCase.runBare(TestCase.java:134)
	at junit.framework.TestResult$1.protect(TestResult.java:110)
	at junit.framework.TestResult.runProtected(TestResult.java:128)
	at junit.framework.TestResult.run(TestResult.java:113)
	at junit.framework.TestCase.run(TestCase.java:124)
	at junit.framework.TestSuite.runTest(TestSuite.java:232)
	at junit.framework.TestSuite.run(TestSuite.java:227)
	at junit.framework.TestSuite.runTest(TestSuite.java:232)
	at junit.framework.TestSuite.run(TestSuite.java:227)
	at junit.framework.TestSuite.runTest(TestSuite.java:232)
	at junit.framework.TestSuite.run(TestSuite.java:227)
	at org.apache.tools.ant.taskdefs.optional.junit.JUnitTestRunner.run(JUnitTestRunner.java:420)
	at org.apache.tools.ant.taskdefs.optional.junit.JUnitTestRunner.launch(JUnitTestRunner.java:911)
	at org.apache.tools.ant.taskdefs.optional.junit.JUnitTestRunner.main(JUnitTestRunner.java:768)
type: UploadStatus id: Unknown operator:Unknown - create new UploadStatus.
com.topcoder.util.config.UnknownNamespaceException: com.topcoder.util.log is unknown
	at com.topcoder.util.config.DefaultConfigManager.getPropertyObject(DefaultConfigManager.java:429)
	at com.topcoder.util.config.DefaultConfigManager.getString(DefaultConfigManager.java:449)
	at com.topcoder.util.log.LogFactory.getAttribute(LogFactory.java:224)
	at com.topcoder.util.log.basic.BasicLog.log(BasicLog.java:74)
	at com.topcoder.management.deliverable.PersistenceUploadManager.<init>(PersistenceUploadManager.java:260)
	at com.topcoder.management.deliverable.PersistenceUploadManagerTests.setUp(PersistenceUploadManagerTests.java:159)
	at junit.framework.TestCase.runBare(TestCase.java:132)
	at junit.framework.TestResult$1.protect(TestResult.java:110)
	at junit.framework.TestResult.runProtected(TestResult.java:128)
	at junit.framework.TestResult.run(TestResult.java:113)
	at junit.framework.TestCase.run(TestCase.java:124)
	at junit.framework.TestSuite.runTest(TestSuite.java:232)
	at junit.framework.TestSuite.run(TestSuite.java:227)
	at junit.framework.TestSuite.runTest(TestSuite.java:232)
	at junit.framework.TestSuite.run(TestSuite.java:227)
	at junit.framework.TestSuite.runTest(TestSuite.java:232)
	at junit.framework.TestSuite.run(TestSuite.java:227)
	at org.apache.tools.ant.taskdefs.optional.junit.JUnitTestRunner.run(JUnitTestRunner.java:420)
	at org.apache.tools.ant.taskdefs.optional.junit.JUnitTestRunner.launch(JUnitTestRunner.java:911)
	at org.apache.tools.ant.taskdefs.optional.junit.JUnitTestRunner.main(JUnitTestRunner.java:768)
Instantiate PersistenceUploadManager with UploadPersistence, uploadSearchBundle, submissionSearchBundle, uploadIdGenerator, uploadTypeIdGenerator, uploadStatusIdGenerator, submissionIDGenerator and submissionStatusIdGenerator.
com.topcoder.util.config.UnknownNamespaceException: com.topcoder.util.log is unknown
	at com.topcoder.util.config.DefaultConfigManager.getPropertyObject(DefaultConfigManager.java:429)
	at com.topcoder.util.config.DefaultConfigManager.getString(DefaultConfigManager.java:449)
	at com.topcoder.util.log.LogFactory.getAttribute(LogFactory.java:224)
	at com.topcoder.util.log.basic.BasicLog.log(BasicLog.java:74)
	at com.topcoder.management.deliverable.PersistenceUploadManager.createUploadStatus(PersistenceUploadManager.java:541)
	at com.topcoder.management.deliverable.PersistenceUploadManagerTests.testCreateUploadStatus_Invalid1(PersistenceUploadManagerTests.java:893)
	at sun.reflect.NativeMethodAccessorImpl.invoke0(Native Method)
	at sun.reflect.NativeMethodAccessorImpl.invoke(NativeMethodAccessorImpl.java:57)
	at sun.reflect.DelegatingMethodAccessorImpl.invoke(DelegatingMethodAccessorImpl.java:43)
	at java.lang.reflect.Method.invoke(Method.java:616)
	at junit.framework.TestCase.runTest(TestCase.java:168)
	at junit.framework.TestCase.runBare(TestCase.java:134)
	at junit.framework.TestResult$1.protect(TestResult.java:110)
	at junit.framework.TestResult.runProtected(TestResult.java:128)
	at junit.framework.TestResult.run(TestResult.java:113)
	at junit.framework.TestCase.run(TestCase.java:124)
	at junit.framework.TestSuite.runTest(TestSuite.java:232)
	at junit.framework.TestSuite.run(TestSuite.java:227)
	at junit.framework.TestSuite.runTest(TestSuite.java:232)
	at junit.framework.TestSuite.run(TestSuite.java:227)
	at junit.framework.TestSuite.runTest(TestSuite.java:232)
	at junit.framework.TestSuite.run(TestSuite.java:227)
	at org.apache.tools.ant.taskdefs.optional.junit.JUnitTestRunner.run(JUnitTestRunner.java:420)
	at org.apache.tools.ant.taskdefs.optional.junit.JUnitTestRunner.launch(JUnitTestRunner.java:911)
	at org.apache.tools.ant.taskdefs.optional.junit.JUnitTestRunner.main(JUnitTestRunner.java:768)
type: UploadStatus id: Unknown operator:user - create new UploadStatus.
com.topcoder.util.config.UnknownNamespaceException: com.topcoder.util.log is unknown
	at com.topcoder.util.config.DefaultConfigManager.getPropertyObject(DefaultConfigManager.java:429)
	at com.topcoder.util.config.DefaultConfigManager.getString(DefaultConfigManager.java:449)
	at com.topcoder.util.log.LogFactory.getAttribute(LogFactory.java:224)
	at com.topcoder.util.log.basic.BasicLog.log(BasicLog.java:74)
	at com.topcoder.management.deliverable.PersistenceUploadManager.persistenceUploadManagerHelper(PersistenceUploadManager.java:954)
	at com.topcoder.management.deliverable.PersistenceUploadManager.createUploadStatus(PersistenceUploadManager.java:542)
	at com.topcoder.management.deliverable.PersistenceUploadManagerTests.testCreateUploadStatus_Invalid1(PersistenceUploadManagerTests.java:893)
	at sun.reflect.NativeMethodAccessorImpl.invoke0(Native Method)
	at sun.reflect.NativeMethodAccessorImpl.invoke(NativeMethodAccessorImpl.java:57)
	at sun.reflect.DelegatingMethodAccessorImpl.invoke(DelegatingMethodAccessorImpl.java:43)
	at java.lang.reflect.Method.invoke(Method.java:616)
	at junit.framework.TestCase.runTest(TestCase.java:168)
	at junit.framework.TestCase.runBare(TestCase.java:134)
	at junit.framework.TestResult$1.protect(TestResult.java:110)
	at junit.framework.TestResult.runProtected(TestResult.java:128)
	at junit.framework.TestResult.run(TestResult.java:113)
	at junit.framework.TestCase.run(TestCase.java:124)
	at junit.framework.TestSuite.runTest(TestSuite.java:232)
	at junit.framework.TestSuite.run(TestSuite.java:227)
	at junit.framework.TestSuite.runTest(TestSuite.java:232)
	at junit.framework.TestSuite.run(TestSuite.java:227)
	at junit.framework.TestSuite.runTest(TestSuite.java:232)
	at junit.framework.TestSuite.run(TestSuite.java:227)
	at org.apache.tools.ant.taskdefs.optional.junit.JUnitTestRunner.run(JUnitTestRunner.java:420)
	at org.apache.tools.ant.taskdefs.optional.junit.JUnitTestRunner.launch(JUnitTestRunner.java:911)
	at org.apache.tools.ant.taskdefs.optional.junit.JUnitTestRunner.main(JUnitTestRunner.java:768)
The id of the uploadStatus must be UNSET_ID, 10 received
com.topcoder.util.config.UnknownNamespaceException: com.topcoder.util.log is unknown
	at com.topcoder.util.config.DefaultConfigManager.getPropertyObject(DefaultConfigManager.java:429)
	at com.topcoder.util.config.DefaultConfigManager.getString(DefaultConfigManager.java:449)
	at com.topcoder.util.log.LogFactory.getAttribute(LogFactory.java:224)
	at com.topcoder.util.log.basic.BasicLog.log(BasicLog.java:74)
	at com.topcoder.management.deliverable.PersistenceUploadManager.<init>(PersistenceUploadManager.java:260)
	at com.topcoder.management.deliverable.PersistenceUploadManagerTests.setUp(PersistenceUploadManagerTests.java:159)
	at junit.framework.TestCase.runBare(TestCase.java:132)
	at junit.framework.TestResult$1.protect(TestResult.java:110)
	at junit.framework.TestResult.runProtected(TestResult.java:128)
	at junit.framework.TestResult.run(TestResult.java:113)
	at junit.framework.TestCase.run(TestCase.java:124)
	at junit.framework.TestSuite.runTest(TestSuite.java:232)
	at junit.framework.TestSuite.run(TestSuite.java:227)
	at junit.framework.TestSuite.runTest(TestSuite.java:232)
	at junit.framework.TestSuite.run(TestSuite.java:227)
	at junit.framework.TestSuite.runTest(TestSuite.java:232)
	at junit.framework.TestSuite.run(TestSuite.java:227)
	at org.apache.tools.ant.taskdefs.optional.junit.JUnitTestRunner.run(JUnitTestRunner.java:420)
	at org.apache.tools.ant.taskdefs.optional.junit.JUnitTestRunner.launch(JUnitTestRunner.java:911)
	at org.apache.tools.ant.taskdefs.optional.junit.JUnitTestRunner.main(JUnitTestRunner.java:768)
Instantiate PersistenceUploadManager with UploadPersistence, uploadSearchBundle, submissionSearchBundle, uploadIdGenerator, uploadTypeIdGenerator, uploadStatusIdGenerator, submissionIDGenerator and submissionStatusIdGenerator.
com.topcoder.util.config.UnknownNamespaceException: com.topcoder.util.log is unknown
	at com.topcoder.util.config.DefaultConfigManager.getPropertyObject(DefaultConfigManager.java:429)
	at com.topcoder.util.config.DefaultConfigManager.getString(DefaultConfigManager.java:449)
	at com.topcoder.util.log.LogFactory.getAttribute(LogFactory.java:224)
	at com.topcoder.util.log.basic.BasicLog.log(BasicLog.java:74)
	at com.topcoder.management.deliverable.PersistenceUploadManager.createUploadStatus(PersistenceUploadManager.java:541)
	at com.topcoder.management.deliverable.PersistenceUploadManagerTests.testCreateUploadStatus_Accuracy1(PersistenceUploadManagerTests.java:912)
	at sun.reflect.NativeMethodAccessorImpl.invoke0(Native Method)
	at sun.reflect.NativeMethodAccessorImpl.invoke(NativeMethodAccessorImpl.java:57)
	at sun.reflect.DelegatingMethodAccessorImpl.invoke(DelegatingMethodAccessorImpl.java:43)
	at java.lang.reflect.Method.invoke(Method.java:616)
	at junit.framework.TestCase.runTest(TestCase.java:168)
	at junit.framework.TestCase.runBare(TestCase.java:134)
	at junit.framework.TestResult$1.protect(TestResult.java:110)
	at junit.framework.TestResult.runProtected(TestResult.java:128)
	at junit.framework.TestResult.run(TestResult.java:113)
	at junit.framework.TestCase.run(TestCase.java:124)
	at junit.framework.TestSuite.runTest(TestSuite.java:232)
	at junit.framework.TestSuite.run(TestSuite.java:227)
	at junit.framework.TestSuite.runTest(TestSuite.java:232)
	at junit.framework.TestSuite.run(TestSuite.java:227)
	at junit.framework.TestSuite.runTest(TestSuite.java:232)
	at junit.framework.TestSuite.run(TestSuite.java:227)
	at org.apache.tools.ant.taskdefs.optional.junit.JUnitTestRunner.run(JUnitTestRunner.java:420)
	at org.apache.tools.ant.taskdefs.optional.junit.JUnitTestRunner.launch(JUnitTestRunner.java:911)
	at org.apache.tools.ant.taskdefs.optional.junit.JUnitTestRunner.main(JUnitTestRunner.java:768)
type: UploadStatus id: Unknown operator:user - create new UploadStatus.
com.topcoder.util.config.UnknownNamespaceException: com.topcoder.util.log is unknown
	at com.topcoder.util.config.DefaultConfigManager.getPropertyObject(DefaultConfigManager.java:429)
	at com.topcoder.util.config.DefaultConfigManager.getString(DefaultConfigManager.java:449)
	at com.topcoder.util.log.LogFactory.getAttribute(LogFactory.java:224)
	at com.topcoder.util.log.basic.BasicLog.log(BasicLog.java:74)
	at com.topcoder.management.deliverable.PersistenceUploadManager.persistenceUploadManagerHelper(PersistenceUploadManager.java:966)
	at com.topcoder.management.deliverable.PersistenceUploadManager.createUploadStatus(PersistenceUploadManager.java:542)
	at com.topcoder.management.deliverable.PersistenceUploadManagerTests.testCreateUploadStatus_Accuracy1(PersistenceUploadManagerTests.java:912)
	at sun.reflect.NativeMethodAccessorImpl.invoke0(Native Method)
	at sun.reflect.NativeMethodAccessorImpl.invoke(NativeMethodAccessorImpl.java:57)
	at sun.reflect.DelegatingMethodAccessorImpl.invoke(DelegatingMethodAccessorImpl.java:43)
	at java.lang.reflect.Method.invoke(Method.java:616)
	at junit.framework.TestCase.runTest(TestCase.java:168)
	at junit.framework.TestCase.runBare(TestCase.java:134)
	at junit.framework.TestResult$1.protect(TestResult.java:110)
	at junit.framework.TestResult.runProtected(TestResult.java:128)
	at junit.framework.TestResult.run(TestResult.java:113)
	at junit.framework.TestCase.run(TestCase.java:124)
	at junit.framework.TestSuite.runTest(TestSuite.java:232)
	at junit.framework.TestSuite.run(TestSuite.java:227)
	at junit.framework.TestSuite.runTest(TestSuite.java:232)
	at junit.framework.TestSuite.run(TestSuite.java:227)
	at junit.framework.TestSuite.runTest(TestSuite.java:232)
	at junit.framework.TestSuite.run(TestSuite.java:227)
	at org.apache.tools.ant.taskdefs.optional.junit.JUnitTestRunner.run(JUnitTestRunner.java:420)
	at org.apache.tools.ant.taskdefs.optional.junit.JUnitTestRunner.launch(JUnitTestRunner.java:911)
	at org.apache.tools.ant.taskdefs.optional.junit.JUnitTestRunner.main(JUnitTestRunner.java:768)
generate next id from the idGenerator:count
com.topcoder.util.config.UnknownNamespaceException: com.topcoder.util.log is unknown
	at com.topcoder.util.config.DefaultConfigManager.getPropertyObject(DefaultConfigManager.java:429)
	at com.topcoder.util.config.DefaultConfigManager.getString(DefaultConfigManager.java:449)
	at com.topcoder.util.log.LogFactory.getAttribute(LogFactory.java:224)
	at com.topcoder.util.log.basic.BasicLog.log(BasicLog.java:74)
	at com.topcoder.management.deliverable.PersistenceUploadManager.<init>(PersistenceUploadManager.java:260)
	at com.topcoder.management.deliverable.PersistenceUploadManagerTests.setUp(PersistenceUploadManagerTests.java:159)
	at junit.framework.TestCase.runBare(TestCase.java:132)
	at junit.framework.TestResult$1.protect(TestResult.java:110)
	at junit.framework.TestResult.runProtected(TestResult.java:128)
	at junit.framework.TestResult.run(TestResult.java:113)
	at junit.framework.TestCase.run(TestCase.java:124)
	at junit.framework.TestSuite.runTest(TestSuite.java:232)
	at junit.framework.TestSuite.run(TestSuite.java:227)
	at junit.framework.TestSuite.runTest(TestSuite.java:232)
	at junit.framework.TestSuite.run(TestSuite.java:227)
	at junit.framework.TestSuite.runTest(TestSuite.java:232)
	at junit.framework.TestSuite.run(TestSuite.java:227)
	at org.apache.tools.ant.taskdefs.optional.junit.JUnitTestRunner.run(JUnitTestRunner.java:420)
	at org.apache.tools.ant.taskdefs.optional.junit.JUnitTestRunner.launch(JUnitTestRunner.java:911)
	at org.apache.tools.ant.taskdefs.optional.junit.JUnitTestRunner.main(JUnitTestRunner.java:768)
Instantiate PersistenceUploadManager with UploadPersistence, uploadSearchBundle, submissionSearchBundle, uploadIdGenerator, uploadTypeIdGenerator, uploadStatusIdGenerator, submissionIDGenerator and submissionStatusIdGenerator.
com.topcoder.util.config.UnknownNamespaceException: com.topcoder.util.log is unknown
	at com.topcoder.util.config.DefaultConfigManager.getPropertyObject(DefaultConfigManager.java:429)
	at com.topcoder.util.config.DefaultConfigManager.getString(DefaultConfigManager.java:449)
	at com.topcoder.util.log.LogFactory.getAttribute(LogFactory.java:224)
	at com.topcoder.util.log.basic.BasicLog.log(BasicLog.java:74)
	at com.topcoder.management.deliverable.PersistenceUploadManager.updateUploadStatus(PersistenceUploadManager.java:569)
	at com.topcoder.management.deliverable.PersistenceUploadManagerTests.testUpdateUploadStatus_Null1(PersistenceUploadManagerTests.java:940)
	at sun.reflect.NativeMethodAccessorImpl.invoke0(Native Method)
	at sun.reflect.NativeMethodAccessorImpl.invoke(NativeMethodAccessorImpl.java:57)
	at sun.reflect.DelegatingMethodAccessorImpl.invoke(DelegatingMethodAccessorImpl.java:43)
	at java.lang.reflect.Method.invoke(Method.java:616)
	at junit.framework.TestCase.runTest(TestCase.java:168)
	at junit.framework.TestCase.runBare(TestCase.java:134)
	at junit.framework.TestResult$1.protect(TestResult.java:110)
	at junit.framework.TestResult.runProtected(TestResult.java:128)
	at junit.framework.TestResult.run(TestResult.java:113)
	at junit.framework.TestCase.run(TestCase.java:124)
	at junit.framework.TestSuite.runTest(TestSuite.java:232)
	at junit.framework.TestSuite.run(TestSuite.java:227)
	at junit.framework.TestSuite.runTest(TestSuite.java:232)
	at junit.framework.TestSuite.run(TestSuite.java:227)
	at junit.framework.TestSuite.runTest(TestSuite.java:232)
	at junit.framework.TestSuite.run(TestSuite.java:227)
	at org.apache.tools.ant.taskdefs.optional.junit.JUnitTestRunner.run(JUnitTestRunner.java:420)
	at org.apache.tools.ant.taskdefs.optional.junit.JUnitTestRunner.launch(JUnitTestRunner.java:911)
	at org.apache.tools.ant.taskdefs.optional.junit.JUnitTestRunner.main(JUnitTestRunner.java:768)
type: UploadStatus id: -1 operator:user - create new UploadStatus.
com.topcoder.util.config.UnknownNamespaceException: com.topcoder.util.log is unknown
	at com.topcoder.util.config.DefaultConfigManager.getPropertyObject(DefaultConfigManager.java:429)
	at com.topcoder.util.config.DefaultConfigManager.getString(DefaultConfigManager.java:449)
	at com.topcoder.util.log.LogFactory.getAttribute(LogFactory.java:224)
	at com.topcoder.util.log.basic.BasicLog.log(BasicLog.java:74)
	at com.topcoder.management.deliverable.PersistenceUploadManager.<init>(PersistenceUploadManager.java:260)
	at com.topcoder.management.deliverable.PersistenceUploadManagerTests.setUp(PersistenceUploadManagerTests.java:159)
	at junit.framework.TestCase.runBare(TestCase.java:132)
	at junit.framework.TestResult$1.protect(TestResult.java:110)
	at junit.framework.TestResult.runProtected(TestResult.java:128)
	at junit.framework.TestResult.run(TestResult.java:113)
	at junit.framework.TestCase.run(TestCase.java:124)
	at junit.framework.TestSuite.runTest(TestSuite.java:232)
	at junit.framework.TestSuite.run(TestSuite.java:227)
	at junit.framework.TestSuite.runTest(TestSuite.java:232)
	at junit.framework.TestSuite.run(TestSuite.java:227)
	at junit.framework.TestSuite.runTest(TestSuite.java:232)
	at junit.framework.TestSuite.run(TestSuite.java:227)
	at org.apache.tools.ant.taskdefs.optional.junit.JUnitTestRunner.run(JUnitTestRunner.java:420)
	at org.apache.tools.ant.taskdefs.optional.junit.JUnitTestRunner.launch(JUnitTestRunner.java:911)
	at org.apache.tools.ant.taskdefs.optional.junit.JUnitTestRunner.main(JUnitTestRunner.java:768)
Instantiate PersistenceUploadManager with UploadPersistence, uploadSearchBundle, submissionSearchBundle, uploadIdGenerator, uploadTypeIdGenerator, uploadStatusIdGenerator, submissionIDGenerator and submissionStatusIdGenerator.
com.topcoder.util.config.UnknownNamespaceException: com.topcoder.util.log is unknown
	at com.topcoder.util.config.DefaultConfigManager.getPropertyObject(DefaultConfigManager.java:429)
	at com.topcoder.util.config.DefaultConfigManager.getString(DefaultConfigManager.java:449)
	at com.topcoder.util.log.LogFactory.getAttribute(LogFactory.java:224)
	at com.topcoder.util.log.basic.BasicLog.log(BasicLog.java:74)
	at com.topcoder.management.deliverable.PersistenceUploadManager.updateUploadStatus(PersistenceUploadManager.java:569)
	at com.topcoder.management.deliverable.PersistenceUploadManagerTests.testUpdateUploadStatus_Null2(PersistenceUploadManagerTests.java:955)
	at sun.reflect.NativeMethodAccessorImpl.invoke0(Native Method)
	at sun.reflect.NativeMethodAccessorImpl.invoke(NativeMethodAccessorImpl.java:57)
	at sun.reflect.DelegatingMethodAccessorImpl.invoke(DelegatingMethodAccessorImpl.java:43)
	at java.lang.reflect.Method.invoke(Method.java:616)
	at junit.framework.TestCase.runTest(TestCase.java:168)
	at junit.framework.TestCase.runBare(TestCase.java:134)
	at junit.framework.TestResult$1.protect(TestResult.java:110)
	at junit.framework.TestResult.runProtected(TestResult.java:128)
	at junit.framework.TestResult.run(TestResult.java:113)
	at junit.framework.TestCase.run(TestCase.java:124)
	at junit.framework.TestSuite.runTest(TestSuite.java:232)
	at junit.framework.TestSuite.run(TestSuite.java:227)
	at junit.framework.TestSuite.runTest(TestSuite.java:232)
	at junit.framework.TestSuite.run(TestSuite.java:227)
	at junit.framework.TestSuite.runTest(TestSuite.java:232)
	at junit.framework.TestSuite.run(TestSuite.java:227)
	at org.apache.tools.ant.taskdefs.optional.junit.JUnitTestRunner.run(JUnitTestRunner.java:420)
	at org.apache.tools.ant.taskdefs.optional.junit.JUnitTestRunner.launch(JUnitTestRunner.java:911)
	at org.apache.tools.ant.taskdefs.optional.junit.JUnitTestRunner.main(JUnitTestRunner.java:768)
type: UploadStatus id: -1 operator:Unknown - create new UploadStatus.
com.topcoder.util.config.UnknownNamespaceException: com.topcoder.util.log is unknown
	at com.topcoder.util.config.DefaultConfigManager.getPropertyObject(DefaultConfigManager.java:429)
	at com.topcoder.util.config.DefaultConfigManager.getString(DefaultConfigManager.java:449)
	at com.topcoder.util.log.LogFactory.getAttribute(LogFactory.java:224)
	at com.topcoder.util.log.basic.BasicLog.log(BasicLog.java:74)
	at com.topcoder.management.deliverable.PersistenceUploadManager.<init>(PersistenceUploadManager.java:260)
	at com.topcoder.management.deliverable.PersistenceUploadManagerTests.setUp(PersistenceUploadManagerTests.java:159)
	at junit.framework.TestCase.runBare(TestCase.java:132)
	at junit.framework.TestResult$1.protect(TestResult.java:110)
	at junit.framework.TestResult.runProtected(TestResult.java:128)
	at junit.framework.TestResult.run(TestResult.java:113)
	at junit.framework.TestCase.run(TestCase.java:124)
	at junit.framework.TestSuite.runTest(TestSuite.java:232)
	at junit.framework.TestSuite.run(TestSuite.java:227)
	at junit.framework.TestSuite.runTest(TestSuite.java:232)
	at junit.framework.TestSuite.run(TestSuite.java:227)
	at junit.framework.TestSuite.runTest(TestSuite.java:232)
	at junit.framework.TestSuite.run(TestSuite.java:227)
	at org.apache.tools.ant.taskdefs.optional.junit.JUnitTestRunner.run(JUnitTestRunner.java:420)
	at org.apache.tools.ant.taskdefs.optional.junit.JUnitTestRunner.launch(JUnitTestRunner.java:911)
	at org.apache.tools.ant.taskdefs.optional.junit.JUnitTestRunner.main(JUnitTestRunner.java:768)
Instantiate PersistenceUploadManager with UploadPersistence, uploadSearchBundle, submissionSearchBundle, uploadIdGenerator, uploadTypeIdGenerator, uploadStatusIdGenerator, submissionIDGenerator and submissionStatusIdGenerator.
com.topcoder.util.config.UnknownNamespaceException: com.topcoder.util.log is unknown
	at com.topcoder.util.config.DefaultConfigManager.getPropertyObject(DefaultConfigManager.java:429)
	at com.topcoder.util.config.DefaultConfigManager.getString(DefaultConfigManager.java:449)
	at com.topcoder.util.log.LogFactory.getAttribute(LogFactory.java:224)
	at com.topcoder.util.log.basic.BasicLog.log(BasicLog.java:74)
	at com.topcoder.management.deliverable.PersistenceUploadManager.updateUploadStatus(PersistenceUploadManager.java:569)
	at com.topcoder.management.deliverable.PersistenceUploadManagerTests.testUpdateUploadStatus_Invalid1(PersistenceUploadManagerTests.java:970)
	at sun.reflect.NativeMethodAccessorImpl.invoke0(Native Method)
	at sun.reflect.NativeMethodAccessorImpl.invoke(NativeMethodAccessorImpl.java:57)
	at sun.reflect.DelegatingMethodAccessorImpl.invoke(DelegatingMethodAccessorImpl.java:43)
	at java.lang.reflect.Method.invoke(Method.java:616)
	at junit.framework.TestCase.runTest(TestCase.java:168)
	at junit.framework.TestCase.runBare(TestCase.java:134)
	at junit.framework.TestResult$1.protect(TestResult.java:110)
	at junit.framework.TestResult.runProtected(TestResult.java:128)
	at junit.framework.TestResult.run(TestResult.java:113)
	at junit.framework.TestCase.run(TestCase.java:124)
	at junit.framework.TestSuite.runTest(TestSuite.java:232)
	at junit.framework.TestSuite.run(TestSuite.java:227)
	at junit.framework.TestSuite.runTest(TestSuite.java:232)
	at junit.framework.TestSuite.run(TestSuite.java:227)
	at junit.framework.TestSuite.runTest(TestSuite.java:232)
	at junit.framework.TestSuite.run(TestSuite.java:227)
	at org.apache.tools.ant.taskdefs.optional.junit.JUnitTestRunner.run(JUnitTestRunner.java:420)
	at org.apache.tools.ant.taskdefs.optional.junit.JUnitTestRunner.launch(JUnitTestRunner.java:911)
	at org.apache.tools.ant.taskdefs.optional.junit.JUnitTestRunner.main(JUnitTestRunner.java:768)
type: UploadStatus id: -1 operator:user - create new UploadStatus.
com.topcoder.util.config.UnknownNamespaceException: com.topcoder.util.log is unknown
	at com.topcoder.util.config.DefaultConfigManager.getPropertyObject(DefaultConfigManager.java:429)
	at com.topcoder.util.config.DefaultConfigManager.getString(DefaultConfigManager.java:449)
	at com.topcoder.util.log.LogFactory.getAttribute(LogFactory.java:224)
	at com.topcoder.util.log.basic.BasicLog.log(BasicLog.java:74)
	at com.topcoder.management.deliverable.PersistenceUploadManager.persistenceUploadManagerHelper(PersistenceUploadManager.java:977)
	at com.topcoder.management.deliverable.PersistenceUploadManager.updateUploadStatus(PersistenceUploadManager.java:571)
	at com.topcoder.management.deliverable.PersistenceUploadManagerTests.testUpdateUploadStatus_Invalid1(PersistenceUploadManagerTests.java:970)
	at sun.reflect.NativeMethodAccessorImpl.invoke0(Native Method)
	at sun.reflect.NativeMethodAccessorImpl.invoke(NativeMethodAccessorImpl.java:57)
	at sun.reflect.DelegatingMethodAccessorImpl.invoke(DelegatingMethodAccessorImpl.java:43)
	at java.lang.reflect.Method.invoke(Method.java:616)
	at junit.framework.TestCase.runTest(TestCase.java:168)
	at junit.framework.TestCase.runBare(TestCase.java:134)
	at junit.framework.TestResult$1.protect(TestResult.java:110)
	at junit.framework.TestResult.runProtected(TestResult.java:128)
	at junit.framework.TestResult.run(TestResult.java:113)
	at junit.framework.TestCase.run(TestCase.java:124)
	at junit.framework.TestSuite.runTest(TestSuite.java:232)
	at junit.framework.TestSuite.run(TestSuite.java:227)
	at junit.framework.TestSuite.runTest(TestSuite.java:232)
	at junit.framework.TestSuite.run(TestSuite.java:227)
	at junit.framework.TestSuite.runTest(TestSuite.java:232)
	at junit.framework.TestSuite.run(TestSuite.java:227)
	at org.apache.tools.ant.taskdefs.optional.junit.JUnitTestRunner.run(JUnitTestRunner.java:420)
	at org.apache.tools.ant.taskdefs.optional.junit.JUnitTestRunner.launch(JUnitTestRunner.java:911)
	at org.apache.tools.ant.taskdefs.optional.junit.JUnitTestRunner.main(JUnitTestRunner.java:768)
The id of the uploadStatus can't be UNSET_ID.
com.topcoder.util.config.UnknownNamespaceException: com.topcoder.util.log is unknown
	at com.topcoder.util.config.DefaultConfigManager.getPropertyObject(DefaultConfigManager.java:429)
	at com.topcoder.util.config.DefaultConfigManager.getString(DefaultConfigManager.java:449)
	at com.topcoder.util.log.LogFactory.getAttribute(LogFactory.java:224)
	at com.topcoder.util.log.basic.BasicLog.log(BasicLog.java:74)
	at com.topcoder.management.deliverable.PersistenceUploadManager.<init>(PersistenceUploadManager.java:260)
	at com.topcoder.management.deliverable.PersistenceUploadManagerTests.setUp(PersistenceUploadManagerTests.java:159)
	at junit.framework.TestCase.runBare(TestCase.java:132)
	at junit.framework.TestResult$1.protect(TestResult.java:110)
	at junit.framework.TestResult.runProtected(TestResult.java:128)
	at junit.framework.TestResult.run(TestResult.java:113)
	at junit.framework.TestCase.run(TestCase.java:124)
	at junit.framework.TestSuite.runTest(TestSuite.java:232)
	at junit.framework.TestSuite.run(TestSuite.java:227)
	at junit.framework.TestSuite.runTest(TestSuite.java:232)
	at junit.framework.TestSuite.run(TestSuite.java:227)
	at junit.framework.TestSuite.runTest(TestSuite.java:232)
	at junit.framework.TestSuite.run(TestSuite.java:227)
	at org.apache.tools.ant.taskdefs.optional.junit.JUnitTestRunner.run(JUnitTestRunner.java:420)
	at org.apache.tools.ant.taskdefs.optional.junit.JUnitTestRunner.launch(JUnitTestRunner.java:911)
	at org.apache.tools.ant.taskdefs.optional.junit.JUnitTestRunner.main(JUnitTestRunner.java:768)
Instantiate PersistenceUploadManager with UploadPersistence, uploadSearchBundle, submissionSearchBundle, uploadIdGenerator, uploadTypeIdGenerator, uploadStatusIdGenerator, submissionIDGenerator and submissionStatusIdGenerator.
com.topcoder.util.config.UnknownNamespaceException: com.topcoder.util.log is unknown
	at com.topcoder.util.config.DefaultConfigManager.getPropertyObject(DefaultConfigManager.java:429)
	at com.topcoder.util.config.DefaultConfigManager.getString(DefaultConfigManager.java:449)
	at com.topcoder.util.log.LogFactory.getAttribute(LogFactory.java:224)
	at com.topcoder.util.log.basic.BasicLog.log(BasicLog.java:74)
	at com.topcoder.management.deliverable.PersistenceUploadManager.createUploadStatus(PersistenceUploadManager.java:541)
	at com.topcoder.management.deliverable.PersistenceUploadManagerTests.testUpdateUploadStatus_Accuracy1(PersistenceUploadManagerTests.java:989)
	at sun.reflect.NativeMethodAccessorImpl.invoke0(Native Method)
	at sun.reflect.NativeMethodAccessorImpl.invoke(NativeMethodAccessorImpl.java:57)
	at sun.reflect.DelegatingMethodAccessorImpl.invoke(DelegatingMethodAccessorImpl.java:43)
	at java.lang.reflect.Method.invoke(Method.java:616)
	at junit.framework.TestCase.runTest(TestCase.java:168)
	at junit.framework.TestCase.runBare(TestCase.java:134)
	at junit.framework.TestResult$1.protect(TestResult.java:110)
	at junit.framework.TestResult.runProtected(TestResult.java:128)
	at junit.framework.TestResult.run(TestResult.java:113)
	at junit.framework.TestCase.run(TestCase.java:124)
	at junit.framework.TestSuite.runTest(TestSuite.java:232)
	at junit.framework.TestSuite.run(TestSuite.java:227)
	at junit.framework.TestSuite.runTest(TestSuite.java:232)
	at junit.framework.TestSuite.run(TestSuite.java:227)
	at junit.framework.TestSuite.runTest(TestSuite.java:232)
	at junit.framework.TestSuite.run(TestSuite.java:227)
	at org.apache.tools.ant.taskdefs.optional.junit.JUnitTestRunner.run(JUnitTestRunner.java:420)
	at org.apache.tools.ant.taskdefs.optional.junit.JUnitTestRunner.launch(JUnitTestRunner.java:911)
	at org.apache.tools.ant.taskdefs.optional.junit.JUnitTestRunner.main(JUnitTestRunner.java:768)
type: UploadStatus id: Unknown operator:CreationUser - create new UploadStatus.
com.topcoder.util.config.UnknownNamespaceException: com.topcoder.util.log is unknown
	at com.topcoder.util.config.DefaultConfigManager.getPropertyObject(DefaultConfigManager.java:429)
	at com.topcoder.util.config.DefaultConfigManager.getString(DefaultConfigManager.java:449)
	at com.topcoder.util.log.LogFactory.getAttribute(LogFactory.java:224)
	at com.topcoder.util.log.basic.BasicLog.log(BasicLog.java:74)
	at com.topcoder.management.deliverable.PersistenceUploadManager.persistenceUploadManagerHelper(PersistenceUploadManager.java:966)
	at com.topcoder.management.deliverable.PersistenceUploadManager.createUploadStatus(PersistenceUploadManager.java:542)
	at com.topcoder.management.deliverable.PersistenceUploadManagerTests.testUpdateUploadStatus_Accuracy1(PersistenceUploadManagerTests.java:989)
	at sun.reflect.NativeMethodAccessorImpl.invoke0(Native Method)
	at sun.reflect.NativeMethodAccessorImpl.invoke(NativeMethodAccessorImpl.java:57)
	at sun.reflect.DelegatingMethodAccessorImpl.invoke(DelegatingMethodAccessorImpl.java:43)
	at java.lang.reflect.Method.invoke(Method.java:616)
	at junit.framework.TestCase.runTest(TestCase.java:168)
	at junit.framework.TestCase.runBare(TestCase.java:134)
	at junit.framework.TestResult$1.protect(TestResult.java:110)
	at junit.framework.TestResult.runProtected(TestResult.java:128)
	at junit.framework.TestResult.run(TestResult.java:113)
	at junit.framework.TestCase.run(TestCase.java:124)
	at junit.framework.TestSuite.runTest(TestSuite.java:232)
	at junit.framework.TestSuite.run(TestSuite.java:227)
	at junit.framework.TestSuite.runTest(TestSuite.java:232)
	at junit.framework.TestSuite.run(TestSuite.java:227)
	at junit.framework.TestSuite.runTest(TestSuite.java:232)
	at junit.framework.TestSuite.run(TestSuite.java:227)
	at org.apache.tools.ant.taskdefs.optional.junit.JUnitTestRunner.run(JUnitTestRunner.java:420)
	at org.apache.tools.ant.taskdefs.optional.junit.JUnitTestRunner.launch(JUnitTestRunner.java:911)
	at org.apache.tools.ant.taskdefs.optional.junit.JUnitTestRunner.main(JUnitTestRunner.java:768)
generate next id from the idGenerator:count
com.topcoder.util.config.UnknownNamespaceException: com.topcoder.util.log is unknown
	at com.topcoder.util.config.DefaultConfigManager.getPropertyObject(DefaultConfigManager.java:429)
	at com.topcoder.util.config.DefaultConfigManager.getString(DefaultConfigManager.java:449)
	at com.topcoder.util.log.LogFactory.getAttribute(LogFactory.java:224)
	at com.topcoder.util.log.basic.BasicLog.log(BasicLog.java:74)
	at com.topcoder.management.deliverable.PersistenceUploadManager.updateUploadStatus(PersistenceUploadManager.java:569)
	at com.topcoder.management.deliverable.PersistenceUploadManagerTests.testUpdateUploadStatus_Accuracy1(PersistenceUploadManagerTests.java:992)
	at sun.reflect.NativeMethodAccessorImpl.invoke0(Native Method)
	at sun.reflect.NativeMethodAccessorImpl.invoke(NativeMethodAccessorImpl.java:57)
	at sun.reflect.DelegatingMethodAccessorImpl.invoke(DelegatingMethodAccessorImpl.java:43)
	at java.lang.reflect.Method.invoke(Method.java:616)
	at junit.framework.TestCase.runTest(TestCase.java:168)
	at junit.framework.TestCase.runBare(TestCase.java:134)
	at junit.framework.TestResult$1.protect(TestResult.java:110)
	at junit.framework.TestResult.runProtected(TestResult.java:128)
	at junit.framework.TestResult.run(TestResult.java:113)
	at junit.framework.TestCase.run(TestCase.java:124)
	at junit.framework.TestSuite.runTest(TestSuite.java:232)
	at junit.framework.TestSuite.run(TestSuite.java:227)
	at junit.framework.TestSuite.runTest(TestSuite.java:232)
	at junit.framework.TestSuite.run(TestSuite.java:227)
	at junit.framework.TestSuite.runTest(TestSuite.java:232)
	at junit.framework.TestSuite.run(TestSuite.java:227)
	at org.apache.tools.ant.taskdefs.optional.junit.JUnitTestRunner.run(JUnitTestRunner.java:420)
	at org.apache.tools.ant.taskdefs.optional.junit.JUnitTestRunner.launch(JUnitTestRunner.java:911)
	at org.apache.tools.ant.taskdefs.optional.junit.JUnitTestRunner.main(JUnitTestRunner.java:768)
type: UploadStatus id: 1 operator:ModificationUser - create new UploadStatus.
com.topcoder.util.config.UnknownNamespaceException: com.topcoder.util.log is unknown
	at com.topcoder.util.config.DefaultConfigManager.getPropertyObject(DefaultConfigManager.java:429)
	at com.topcoder.util.config.DefaultConfigManager.getString(DefaultConfigManager.java:449)
	at com.topcoder.util.log.LogFactory.getAttribute(LogFactory.java:224)
	at com.topcoder.util.log.basic.BasicLog.log(BasicLog.java:74)
	at com.topcoder.management.deliverable.PersistenceUploadManager.<init>(PersistenceUploadManager.java:260)
	at com.topcoder.management.deliverable.PersistenceUploadManagerTests.setUp(PersistenceUploadManagerTests.java:159)
	at junit.framework.TestCase.runBare(TestCase.java:132)
	at junit.framework.TestResult$1.protect(TestResult.java:110)
	at junit.framework.TestResult.runProtected(TestResult.java:128)
	at junit.framework.TestResult.run(TestResult.java:113)
	at junit.framework.TestCase.run(TestCase.java:124)
	at junit.framework.TestSuite.runTest(TestSuite.java:232)
	at junit.framework.TestSuite.run(TestSuite.java:227)
	at junit.framework.TestSuite.runTest(TestSuite.java:232)
	at junit.framework.TestSuite.run(TestSuite.java:227)
	at junit.framework.TestSuite.runTest(TestSuite.java:232)
	at junit.framework.TestSuite.run(TestSuite.java:227)
	at org.apache.tools.ant.taskdefs.optional.junit.JUnitTestRunner.run(JUnitTestRunner.java:420)
	at org.apache.tools.ant.taskdefs.optional.junit.JUnitTestRunner.launch(JUnitTestRunner.java:911)
	at org.apache.tools.ant.taskdefs.optional.junit.JUnitTestRunner.main(JUnitTestRunner.java:768)
Instantiate PersistenceUploadManager with UploadPersistence, uploadSearchBundle, submissionSearchBundle, uploadIdGenerator, uploadTypeIdGenerator, uploadStatusIdGenerator, submissionIDGenerator and submissionStatusIdGenerator.
com.topcoder.util.config.UnknownNamespaceException: com.topcoder.util.log is unknown
	at com.topcoder.util.config.DefaultConfigManager.getPropertyObject(DefaultConfigManager.java:429)
	at com.topcoder.util.config.DefaultConfigManager.getString(DefaultConfigManager.java:449)
	at com.topcoder.util.log.LogFactory.getAttribute(LogFactory.java:224)
	at com.topcoder.util.log.basic.BasicLog.log(BasicLog.java:74)
	at com.topcoder.management.deliverable.PersistenceUploadManager.removeUploadStatus(PersistenceUploadManager.java:597)
	at com.topcoder.management.deliverable.PersistenceUploadManagerTests.testRemoveUploadStatus_Null1(PersistenceUploadManagerTests.java:1020)
	at sun.reflect.NativeMethodAccessorImpl.invoke0(Native Method)
	at sun.reflect.NativeMethodAccessorImpl.invoke(NativeMethodAccessorImpl.java:57)
	at sun.reflect.DelegatingMethodAccessorImpl.invoke(DelegatingMethodAccessorImpl.java:43)
	at java.lang.reflect.Method.invoke(Method.java:616)
	at junit.framework.TestCase.runTest(TestCase.java:168)
	at junit.framework.TestCase.runBare(TestCase.java:134)
	at junit.framework.TestResult$1.protect(TestResult.java:110)
	at junit.framework.TestResult.runProtected(TestResult.java:128)
	at junit.framework.TestResult.run(TestResult.java:113)
	at junit.framework.TestCase.run(TestCase.java:124)
	at junit.framework.TestSuite.runTest(TestSuite.java:232)
	at junit.framework.TestSuite.run(TestSuite.java:227)
	at junit.framework.TestSuite.runTest(TestSuite.java:232)
	at junit.framework.TestSuite.run(TestSuite.java:227)
	at junit.framework.TestSuite.runTest(TestSuite.java:232)
	at junit.framework.TestSuite.run(TestSuite.java:227)
	at org.apache.tools.ant.taskdefs.optional.junit.JUnitTestRunner.run(JUnitTestRunner.java:420)
	at org.apache.tools.ant.taskdefs.optional.junit.JUnitTestRunner.launch(JUnitTestRunner.java:911)
	at org.apache.tools.ant.taskdefs.optional.junit.JUnitTestRunner.main(JUnitTestRunner.java:768)
type: UploadStatus id: -1 operator:user - remove UploadStatus.
com.topcoder.util.config.UnknownNamespaceException: com.topcoder.util.log is unknown
	at com.topcoder.util.config.DefaultConfigManager.getPropertyObject(DefaultConfigManager.java:429)
	at com.topcoder.util.config.DefaultConfigManager.getString(DefaultConfigManager.java:449)
	at com.topcoder.util.log.LogFactory.getAttribute(LogFactory.java:224)
	at com.topcoder.util.log.basic.BasicLog.log(BasicLog.java:74)
	at com.topcoder.management.deliverable.PersistenceUploadManager.<init>(PersistenceUploadManager.java:260)
	at com.topcoder.management.deliverable.PersistenceUploadManagerTests.setUp(PersistenceUploadManagerTests.java:159)
	at junit.framework.TestCase.runBare(TestCase.java:132)
	at junit.framework.TestResult$1.protect(TestResult.java:110)
	at junit.framework.TestResult.runProtected(TestResult.java:128)
	at junit.framework.TestResult.run(TestResult.java:113)
	at junit.framework.TestCase.run(TestCase.java:124)
	at junit.framework.TestSuite.runTest(TestSuite.java:232)
	at junit.framework.TestSuite.run(TestSuite.java:227)
	at junit.framework.TestSuite.runTest(TestSuite.java:232)
	at junit.framework.TestSuite.run(TestSuite.java:227)
	at junit.framework.TestSuite.runTest(TestSuite.java:232)
	at junit.framework.TestSuite.run(TestSuite.java:227)
	at org.apache.tools.ant.taskdefs.optional.junit.JUnitTestRunner.run(JUnitTestRunner.java:420)
	at org.apache.tools.ant.taskdefs.optional.junit.JUnitTestRunner.launch(JUnitTestRunner.java:911)
	at org.apache.tools.ant.taskdefs.optional.junit.JUnitTestRunner.main(JUnitTestRunner.java:768)
Instantiate PersistenceUploadManager with UploadPersistence, uploadSearchBundle, submissionSearchBundle, uploadIdGenerator, uploadTypeIdGenerator, uploadStatusIdGenerator, submissionIDGenerator and submissionStatusIdGenerator.
com.topcoder.util.config.UnknownNamespaceException: com.topcoder.util.log is unknown
	at com.topcoder.util.config.DefaultConfigManager.getPropertyObject(DefaultConfigManager.java:429)
	at com.topcoder.util.config.DefaultConfigManager.getString(DefaultConfigManager.java:449)
	at com.topcoder.util.log.LogFactory.getAttribute(LogFactory.java:224)
	at com.topcoder.util.log.basic.BasicLog.log(BasicLog.java:74)
	at com.topcoder.management.deliverable.PersistenceUploadManager.removeUploadStatus(PersistenceUploadManager.java:597)
	at com.topcoder.management.deliverable.PersistenceUploadManagerTests.testRemoveUploadStatus_Null2(PersistenceUploadManagerTests.java:1035)
	at sun.reflect.NativeMethodAccessorImpl.invoke0(Native Method)
	at sun.reflect.NativeMethodAccessorImpl.invoke(NativeMethodAccessorImpl.java:57)
	at sun.reflect.DelegatingMethodAccessorImpl.invoke(DelegatingMethodAccessorImpl.java:43)
	at java.lang.reflect.Method.invoke(Method.java:616)
	at junit.framework.TestCase.runTest(TestCase.java:168)
	at junit.framework.TestCase.runBare(TestCase.java:134)
	at junit.framework.TestResult$1.protect(TestResult.java:110)
	at junit.framework.TestResult.runProtected(TestResult.java:128)
	at junit.framework.TestResult.run(TestResult.java:113)
	at junit.framework.TestCase.run(TestCase.java:124)
	at junit.framework.TestSuite.runTest(TestSuite.java:232)
	at junit.framework.TestSuite.run(TestSuite.java:227)
	at junit.framework.TestSuite.runTest(TestSuite.java:232)
	at junit.framework.TestSuite.run(TestSuite.java:227)
	at junit.framework.TestSuite.runTest(TestSuite.java:232)
	at junit.framework.TestSuite.run(TestSuite.java:227)
	at org.apache.tools.ant.taskdefs.optional.junit.JUnitTestRunner.run(JUnitTestRunner.java:420)
	at org.apache.tools.ant.taskdefs.optional.junit.JUnitTestRunner.launch(JUnitTestRunner.java:911)
	at org.apache.tools.ant.taskdefs.optional.junit.JUnitTestRunner.main(JUnitTestRunner.java:768)
type: UploadStatus id: -1 operator:Unknown - remove UploadStatus.
com.topcoder.util.config.UnknownNamespaceException: com.topcoder.util.log is unknown
	at com.topcoder.util.config.DefaultConfigManager.getPropertyObject(DefaultConfigManager.java:429)
	at com.topcoder.util.config.DefaultConfigManager.getString(DefaultConfigManager.java:449)
	at com.topcoder.util.log.LogFactory.getAttribute(LogFactory.java:224)
	at com.topcoder.util.log.basic.BasicLog.log(BasicLog.java:74)
	at com.topcoder.management.deliverable.PersistenceUploadManager.<init>(PersistenceUploadManager.java:260)
	at com.topcoder.management.deliverable.PersistenceUploadManagerTests.setUp(PersistenceUploadManagerTests.java:159)
	at junit.framework.TestCase.runBare(TestCase.java:132)
	at junit.framework.TestResult$1.protect(TestResult.java:110)
	at junit.framework.TestResult.runProtected(TestResult.java:128)
	at junit.framework.TestResult.run(TestResult.java:113)
	at junit.framework.TestCase.run(TestCase.java:124)
	at junit.framework.TestSuite.runTest(TestSuite.java:232)
	at junit.framework.TestSuite.run(TestSuite.java:227)
	at junit.framework.TestSuite.runTest(TestSuite.java:232)
	at junit.framework.TestSuite.run(TestSuite.java:227)
	at junit.framework.TestSuite.runTest(TestSuite.java:232)
	at junit.framework.TestSuite.run(TestSuite.java:227)
	at org.apache.tools.ant.taskdefs.optional.junit.JUnitTestRunner.run(JUnitTestRunner.java:420)
	at org.apache.tools.ant.taskdefs.optional.junit.JUnitTestRunner.launch(JUnitTestRunner.java:911)
	at org.apache.tools.ant.taskdefs.optional.junit.JUnitTestRunner.main(JUnitTestRunner.java:768)
Instantiate PersistenceUploadManager with UploadPersistence, uploadSearchBundle, submissionSearchBundle, uploadIdGenerator, uploadTypeIdGenerator, uploadStatusIdGenerator, submissionIDGenerator and submissionStatusIdGenerator.
com.topcoder.util.config.UnknownNamespaceException: com.topcoder.util.log is unknown
	at com.topcoder.util.config.DefaultConfigManager.getPropertyObject(DefaultConfigManager.java:429)
	at com.topcoder.util.config.DefaultConfigManager.getString(DefaultConfigManager.java:449)
	at com.topcoder.util.log.LogFactory.getAttribute(LogFactory.java:224)
	at com.topcoder.util.log.basic.BasicLog.log(BasicLog.java:74)
	at com.topcoder.management.deliverable.PersistenceUploadManager.removeUploadStatus(PersistenceUploadManager.java:597)
	at com.topcoder.management.deliverable.PersistenceUploadManagerTests.testRemoveUploadStatus_Invalid1(PersistenceUploadManagerTests.java:1050)
	at sun.reflect.NativeMethodAccessorImpl.invoke0(Native Method)
	at sun.reflect.NativeMethodAccessorImpl.invoke(NativeMethodAccessorImpl.java:57)
	at sun.reflect.DelegatingMethodAccessorImpl.invoke(DelegatingMethodAccessorImpl.java:43)
	at java.lang.reflect.Method.invoke(Method.java:616)
	at junit.framework.TestCase.runTest(TestCase.java:168)
	at junit.framework.TestCase.runBare(TestCase.java:134)
	at junit.framework.TestResult$1.protect(TestResult.java:110)
	at junit.framework.TestResult.runProtected(TestResult.java:128)
	at junit.framework.TestResult.run(TestResult.java:113)
	at junit.framework.TestCase.run(TestCase.java:124)
	at junit.framework.TestSuite.runTest(TestSuite.java:232)
	at junit.framework.TestSuite.run(TestSuite.java:227)
	at junit.framework.TestSuite.runTest(TestSuite.java:232)
	at junit.framework.TestSuite.run(TestSuite.java:227)
	at junit.framework.TestSuite.runTest(TestSuite.java:232)
	at junit.framework.TestSuite.run(TestSuite.java:227)
	at org.apache.tools.ant.taskdefs.optional.junit.JUnitTestRunner.run(JUnitTestRunner.java:420)
	at org.apache.tools.ant.taskdefs.optional.junit.JUnitTestRunner.launch(JUnitTestRunner.java:911)
	at org.apache.tools.ant.taskdefs.optional.junit.JUnitTestRunner.main(JUnitTestRunner.java:768)
type: UploadStatus id: -1 operator:user - remove UploadStatus.
com.topcoder.util.config.UnknownNamespaceException: com.topcoder.util.log is unknown
	at com.topcoder.util.config.DefaultConfigManager.getPropertyObject(DefaultConfigManager.java:429)
	at com.topcoder.util.config.DefaultConfigManager.getString(DefaultConfigManager.java:449)
	at com.topcoder.util.log.LogFactory.getAttribute(LogFactory.java:224)
	at com.topcoder.util.log.basic.BasicLog.log(BasicLog.java:74)
	at com.topcoder.management.deliverable.PersistenceUploadManager.persistenceUploadManagerHelper(PersistenceUploadManager.java:977)
	at com.topcoder.management.deliverable.PersistenceUploadManager.removeUploadStatus(PersistenceUploadManager.java:599)
	at com.topcoder.management.deliverable.PersistenceUploadManagerTests.testRemoveUploadStatus_Invalid1(PersistenceUploadManagerTests.java:1050)
	at sun.reflect.NativeMethodAccessorImpl.invoke0(Native Method)
	at sun.reflect.NativeMethodAccessorImpl.invoke(NativeMethodAccessorImpl.java:57)
	at sun.reflect.DelegatingMethodAccessorImpl.invoke(DelegatingMethodAccessorImpl.java:43)
	at java.lang.reflect.Method.invoke(Method.java:616)
	at junit.framework.TestCase.runTest(TestCase.java:168)
	at junit.framework.TestCase.runBare(TestCase.java:134)
	at junit.framework.TestResult$1.protect(TestResult.java:110)
	at junit.framework.TestResult.runProtected(TestResult.java:128)
	at junit.framework.TestResult.run(TestResult.java:113)
	at junit.framework.TestCase.run(TestCase.java:124)
	at junit.framework.TestSuite.runTest(TestSuite.java:232)
	at junit.framework.TestSuite.run(TestSuite.java:227)
	at junit.framework.TestSuite.runTest(TestSuite.java:232)
	at junit.framework.TestSuite.run(TestSuite.java:227)
	at junit.framework.TestSuite.runTest(TestSuite.java:232)
	at junit.framework.TestSuite.run(TestSuite.java:227)
	at org.apache.tools.ant.taskdefs.optional.junit.JUnitTestRunner.run(JUnitTestRunner.java:420)
	at org.apache.tools.ant.taskdefs.optional.junit.JUnitTestRunner.launch(JUnitTestRunner.java:911)
	at org.apache.tools.ant.taskdefs.optional.junit.JUnitTestRunner.main(JUnitTestRunner.java:768)
The id of the uploadStatus can't be UNSET_ID.
com.topcoder.util.config.UnknownNamespaceException: com.topcoder.util.log is unknown
	at com.topcoder.util.config.DefaultConfigManager.getPropertyObject(DefaultConfigManager.java:429)
	at com.topcoder.util.config.DefaultConfigManager.getString(DefaultConfigManager.java:449)
	at com.topcoder.util.log.LogFactory.getAttribute(LogFactory.java:224)
	at com.topcoder.util.log.basic.BasicLog.log(BasicLog.java:74)
	at com.topcoder.management.deliverable.PersistenceUploadManager.<init>(PersistenceUploadManager.java:260)
	at com.topcoder.management.deliverable.PersistenceUploadManagerTests.setUp(PersistenceUploadManagerTests.java:159)
	at junit.framework.TestCase.runBare(TestCase.java:132)
	at junit.framework.TestResult$1.protect(TestResult.java:110)
	at junit.framework.TestResult.runProtected(TestResult.java:128)
	at junit.framework.TestResult.run(TestResult.java:113)
	at junit.framework.TestCase.run(TestCase.java:124)
	at junit.framework.TestSuite.runTest(TestSuite.java:232)
	at junit.framework.TestSuite.run(TestSuite.java:227)
	at junit.framework.TestSuite.runTest(TestSuite.java:232)
	at junit.framework.TestSuite.run(TestSuite.java:227)
	at junit.framework.TestSuite.runTest(TestSuite.java:232)
	at junit.framework.TestSuite.run(TestSuite.java:227)
	at org.apache.tools.ant.taskdefs.optional.junit.JUnitTestRunner.run(JUnitTestRunner.java:420)
	at org.apache.tools.ant.taskdefs.optional.junit.JUnitTestRunner.launch(JUnitTestRunner.java:911)
	at org.apache.tools.ant.taskdefs.optional.junit.JUnitTestRunner.main(JUnitTestRunner.java:768)
Instantiate PersistenceUploadManager with UploadPersistence, uploadSearchBundle, submissionSearchBundle, uploadIdGenerator, uploadTypeIdGenerator, uploadStatusIdGenerator, submissionIDGenerator and submissionStatusIdGenerator.
com.topcoder.util.config.UnknownNamespaceException: com.topcoder.util.log is unknown
	at com.topcoder.util.config.DefaultConfigManager.getPropertyObject(DefaultConfigManager.java:429)
	at com.topcoder.util.config.DefaultConfigManager.getString(DefaultConfigManager.java:449)
	at com.topcoder.util.log.LogFactory.getAttribute(LogFactory.java:224)
	at com.topcoder.util.log.basic.BasicLog.log(BasicLog.java:74)
	at com.topcoder.management.deliverable.PersistenceUploadManager.createUploadStatus(PersistenceUploadManager.java:541)
	at com.topcoder.management.deliverable.PersistenceUploadManagerTests.testRemoveUploadStatus_Accuracy1(PersistenceUploadManagerTests.java:1069)
	at sun.reflect.NativeMethodAccessorImpl.invoke0(Native Method)
	at sun.reflect.NativeMethodAccessorImpl.invoke(NativeMethodAccessorImpl.java:57)
	at sun.reflect.DelegatingMethodAccessorImpl.invoke(DelegatingMethodAccessorImpl.java:43)
	at java.lang.reflect.Method.invoke(Method.java:616)
	at junit.framework.TestCase.runTest(TestCase.java:168)
	at junit.framework.TestCase.runBare(TestCase.java:134)
	at junit.framework.TestResult$1.protect(TestResult.java:110)
	at junit.framework.TestResult.runProtected(TestResult.java:128)
	at junit.framework.TestResult.run(TestResult.java:113)
	at junit.framework.TestCase.run(TestCase.java:124)
	at junit.framework.TestSuite.runTest(TestSuite.java:232)
	at junit.framework.TestSuite.run(TestSuite.java:227)
	at junit.framework.TestSuite.runTest(TestSuite.java:232)
	at junit.framework.TestSuite.run(TestSuite.java:227)
	at junit.framework.TestSuite.runTest(TestSuite.java:232)
	at junit.framework.TestSuite.run(TestSuite.java:227)
	at org.apache.tools.ant.taskdefs.optional.junit.JUnitTestRunner.run(JUnitTestRunner.java:420)
	at org.apache.tools.ant.taskdefs.optional.junit.JUnitTestRunner.launch(JUnitTestRunner.java:911)
	at org.apache.tools.ant.taskdefs.optional.junit.JUnitTestRunner.main(JUnitTestRunner.java:768)
type: UploadStatus id: Unknown operator:CreationUser - create new UploadStatus.
com.topcoder.util.config.UnknownNamespaceException: com.topcoder.util.log is unknown
	at com.topcoder.util.config.DefaultConfigManager.getPropertyObject(DefaultConfigManager.java:429)
	at com.topcoder.util.config.DefaultConfigManager.getString(DefaultConfigManager.java:449)
	at com.topcoder.util.log.LogFactory.getAttribute(LogFactory.java:224)
	at com.topcoder.util.log.basic.BasicLog.log(BasicLog.java:74)
	at com.topcoder.management.deliverable.PersistenceUploadManager.persistenceUploadManagerHelper(PersistenceUploadManager.java:966)
	at com.topcoder.management.deliverable.PersistenceUploadManager.createUploadStatus(PersistenceUploadManager.java:542)
	at com.topcoder.management.deliverable.PersistenceUploadManagerTests.testRemoveUploadStatus_Accuracy1(PersistenceUploadManagerTests.java:1069)
	at sun.reflect.NativeMethodAccessorImpl.invoke0(Native Method)
	at sun.reflect.NativeMethodAccessorImpl.invoke(NativeMethodAccessorImpl.java:57)
	at sun.reflect.DelegatingMethodAccessorImpl.invoke(DelegatingMethodAccessorImpl.java:43)
	at java.lang.reflect.Method.invoke(Method.java:616)
	at junit.framework.TestCase.runTest(TestCase.java:168)
	at junit.framework.TestCase.runBare(TestCase.java:134)
	at junit.framework.TestResult$1.protect(TestResult.java:110)
	at junit.framework.TestResult.runProtected(TestResult.java:128)
	at junit.framework.TestResult.run(TestResult.java:113)
	at junit.framework.TestCase.run(TestCase.java:124)
	at junit.framework.TestSuite.runTest(TestSuite.java:232)
	at junit.framework.TestSuite.run(TestSuite.java:227)
	at junit.framework.TestSuite.runTest(TestSuite.java:232)
	at junit.framework.TestSuite.run(TestSuite.java:227)
	at junit.framework.TestSuite.runTest(TestSuite.java:232)
	at junit.framework.TestSuite.run(TestSuite.java:227)
	at org.apache.tools.ant.taskdefs.optional.junit.JUnitTestRunner.run(JUnitTestRunner.java:420)
	at org.apache.tools.ant.taskdefs.optional.junit.JUnitTestRunner.launch(JUnitTestRunner.java:911)
	at org.apache.tools.ant.taskdefs.optional.junit.JUnitTestRunner.main(JUnitTestRunner.java:768)
generate next id from the idGenerator:count
com.topcoder.util.config.UnknownNamespaceException: com.topcoder.util.log is unknown
	at com.topcoder.util.config.DefaultConfigManager.getPropertyObject(DefaultConfigManager.java:429)
	at com.topcoder.util.config.DefaultConfigManager.getString(DefaultConfigManager.java:449)
	at com.topcoder.util.log.LogFactory.getAttribute(LogFactory.java:224)
	at com.topcoder.util.log.basic.BasicLog.log(BasicLog.java:74)
	at com.topcoder.management.deliverable.PersistenceUploadManager.removeUploadStatus(PersistenceUploadManager.java:597)
	at com.topcoder.management.deliverable.PersistenceUploadManagerTests.testRemoveUploadStatus_Accuracy1(PersistenceUploadManagerTests.java:1072)
	at sun.reflect.NativeMethodAccessorImpl.invoke0(Native Method)
	at sun.reflect.NativeMethodAccessorImpl.invoke(NativeMethodAccessorImpl.java:57)
	at sun.reflect.DelegatingMethodAccessorImpl.invoke(DelegatingMethodAccessorImpl.java:43)
	at java.lang.reflect.Method.invoke(Method.java:616)
	at junit.framework.TestCase.runTest(TestCase.java:168)
	at junit.framework.TestCase.runBare(TestCase.java:134)
	at junit.framework.TestResult$1.protect(TestResult.java:110)
	at junit.framework.TestResult.runProtected(TestResult.java:128)
	at junit.framework.TestResult.run(TestResult.java:113)
	at junit.framework.TestCase.run(TestCase.java:124)
	at junit.framework.TestSuite.runTest(TestSuite.java:232)
	at junit.framework.TestSuite.run(TestSuite.java:227)
	at junit.framework.TestSuite.runTest(TestSuite.java:232)
	at junit.framework.TestSuite.run(TestSuite.java:227)
	at junit.framework.TestSuite.runTest(TestSuite.java:232)
	at junit.framework.TestSuite.run(TestSuite.java:227)
	at org.apache.tools.ant.taskdefs.optional.junit.JUnitTestRunner.run(JUnitTestRunner.java:420)
	at org.apache.tools.ant.taskdefs.optional.junit.JUnitTestRunner.launch(JUnitTestRunner.java:911)
	at org.apache.tools.ant.taskdefs.optional.junit.JUnitTestRunner.main(JUnitTestRunner.java:768)
type: UploadStatus id: 1 operator:ModificationUser - remove UploadStatus.
com.topcoder.util.config.UnknownNamespaceException: com.topcoder.util.log is unknown
	at com.topcoder.util.config.DefaultConfigManager.getPropertyObject(DefaultConfigManager.java:429)
	at com.topcoder.util.config.DefaultConfigManager.getString(DefaultConfigManager.java:449)
	at com.topcoder.util.log.LogFactory.getAttribute(LogFactory.java:224)
	at com.topcoder.util.log.basic.BasicLog.log(BasicLog.java:74)
	at com.topcoder.management.deliverable.PersistenceUploadManager.<init>(PersistenceUploadManager.java:260)
	at com.topcoder.management.deliverable.PersistenceUploadManagerTests.setUp(PersistenceUploadManagerTests.java:159)
	at junit.framework.TestCase.runBare(TestCase.java:132)
	at junit.framework.TestResult$1.protect(TestResult.java:110)
	at junit.framework.TestResult.runProtected(TestResult.java:128)
	at junit.framework.TestResult.run(TestResult.java:113)
	at junit.framework.TestCase.run(TestCase.java:124)
	at junit.framework.TestSuite.runTest(TestSuite.java:232)
	at junit.framework.TestSuite.run(TestSuite.java:227)
	at junit.framework.TestSuite.runTest(TestSuite.java:232)
	at junit.framework.TestSuite.run(TestSuite.java:227)
	at junit.framework.TestSuite.runTest(TestSuite.java:232)
	at junit.framework.TestSuite.run(TestSuite.java:227)
	at org.apache.tools.ant.taskdefs.optional.junit.JUnitTestRunner.run(JUnitTestRunner.java:420)
	at org.apache.tools.ant.taskdefs.optional.junit.JUnitTestRunner.launch(JUnitTestRunner.java:911)
	at org.apache.tools.ant.taskdefs.optional.junit.JUnitTestRunner.main(JUnitTestRunner.java:768)
Instantiate PersistenceUploadManager with UploadPersistence, uploadSearchBundle, submissionSearchBundle, uploadIdGenerator, uploadTypeIdGenerator, uploadStatusIdGenerator, submissionIDGenerator and submissionStatusIdGenerator.
com.topcoder.util.config.UnknownNamespaceException: com.topcoder.util.log is unknown
	at com.topcoder.util.config.DefaultConfigManager.getPropertyObject(DefaultConfigManager.java:429)
	at com.topcoder.util.config.DefaultConfigManager.getString(DefaultConfigManager.java:449)
	at com.topcoder.util.log.LogFactory.getAttribute(LogFactory.java:224)
	at com.topcoder.util.log.basic.BasicLog.log(BasicLog.java:74)
	at com.topcoder.management.deliverable.PersistenceUploadManager.getAllUploadStatuses(PersistenceUploadManager.java:611)
	at com.topcoder.management.deliverable.PersistenceUploadManagerTests.testGetAllUploadStatuses_Accuracy(PersistenceUploadManagerTests.java:1102)
	at sun.reflect.NativeMethodAccessorImpl.invoke0(Native Method)
	at sun.reflect.NativeMethodAccessorImpl.invoke(NativeMethodAccessorImpl.java:57)
	at sun.reflect.DelegatingMethodAccessorImpl.invoke(DelegatingMethodAccessorImpl.java:43)
	at java.lang.reflect.Method.invoke(Method.java:616)
	at junit.framework.TestCase.runTest(TestCase.java:168)
	at junit.framework.TestCase.runBare(TestCase.java:134)
	at junit.framework.TestResult$1.protect(TestResult.java:110)
	at junit.framework.TestResult.runProtected(TestResult.java:128)
	at junit.framework.TestResult.run(TestResult.java:113)
	at junit.framework.TestCase.run(TestCase.java:124)
	at junit.framework.TestSuite.runTest(TestSuite.java:232)
	at junit.framework.TestSuite.run(TestSuite.java:227)
	at junit.framework.TestSuite.runTest(TestSuite.java:232)
	at junit.framework.TestSuite.run(TestSuite.java:227)
	at junit.framework.TestSuite.runTest(TestSuite.java:232)
	at junit.framework.TestSuite.run(TestSuite.java:227)
	at org.apache.tools.ant.taskdefs.optional.junit.JUnitTestRunner.run(JUnitTestRunner.java:420)
	at org.apache.tools.ant.taskdefs.optional.junit.JUnitTestRunner.launch(JUnitTestRunner.java:911)
	at org.apache.tools.ant.taskdefs.optional.junit.JUnitTestRunner.main(JUnitTestRunner.java:768)
get All upload status, delegate to persistence.
com.topcoder.util.config.UnknownNamespaceException: com.topcoder.util.log is unknown
	at com.topcoder.util.config.DefaultConfigManager.getPropertyObject(DefaultConfigManager.java:429)
	at com.topcoder.util.config.DefaultConfigManager.getString(DefaultConfigManager.java:449)
	at com.topcoder.util.log.LogFactory.getAttribute(LogFactory.java:224)
	at com.topcoder.util.log.basic.BasicLog.log(BasicLog.java:74)
	at com.topcoder.management.deliverable.PersistenceUploadManager.<init>(PersistenceUploadManager.java:260)
	at com.topcoder.management.deliverable.PersistenceUploadManagerTests.setUp(PersistenceUploadManagerTests.java:159)
	at junit.framework.TestCase.runBare(TestCase.java:132)
	at junit.framework.TestResult$1.protect(TestResult.java:110)
	at junit.framework.TestResult.runProtected(TestResult.java:128)
	at junit.framework.TestResult.run(TestResult.java:113)
	at junit.framework.TestCase.run(TestCase.java:124)
	at junit.framework.TestSuite.runTest(TestSuite.java:232)
	at junit.framework.TestSuite.run(TestSuite.java:227)
	at junit.framework.TestSuite.runTest(TestSuite.java:232)
	at junit.framework.TestSuite.run(TestSuite.java:227)
	at junit.framework.TestSuite.runTest(TestSuite.java:232)
	at junit.framework.TestSuite.run(TestSuite.java:227)
	at org.apache.tools.ant.taskdefs.optional.junit.JUnitTestRunner.run(JUnitTestRunner.java:420)
	at org.apache.tools.ant.taskdefs.optional.junit.JUnitTestRunner.launch(JUnitTestRunner.java:911)
	at org.apache.tools.ant.taskdefs.optional.junit.JUnitTestRunner.main(JUnitTestRunner.java:768)
Instantiate PersistenceUploadManager with UploadPersistence, uploadSearchBundle, submissionSearchBundle, uploadIdGenerator, uploadTypeIdGenerator, uploadStatusIdGenerator, submissionIDGenerator and submissionStatusIdGenerator.
com.topcoder.util.config.UnknownNamespaceException: com.topcoder.util.log is unknown
	at com.topcoder.util.config.DefaultConfigManager.getPropertyObject(DefaultConfigManager.java:429)
	at com.topcoder.util.config.DefaultConfigManager.getString(DefaultConfigManager.java:449)
	at com.topcoder.util.log.LogFactory.getAttribute(LogFactory.java:224)
	at com.topcoder.util.log.basic.BasicLog.log(BasicLog.java:74)
	at com.topcoder.management.deliverable.PersistenceUploadManager.createSubmission(PersistenceUploadManager.java:631)
	at com.topcoder.management.deliverable.PersistenceUploadManagerTests.testCreateSubmission_Null1(PersistenceUploadManagerTests.java:1117)
	at sun.reflect.NativeMethodAccessorImpl.invoke0(Native Method)
	at sun.reflect.NativeMethodAccessorImpl.invoke(NativeMethodAccessorImpl.java:57)
	at sun.reflect.DelegatingMethodAccessorImpl.invoke(DelegatingMethodAccessorImpl.java:43)
	at java.lang.reflect.Method.invoke(Method.java:616)
	at junit.framework.TestCase.runTest(TestCase.java:168)
	at junit.framework.TestCase.runBare(TestCase.java:134)
	at junit.framework.TestResult$1.protect(TestResult.java:110)
	at junit.framework.TestResult.runProtected(TestResult.java:128)
	at junit.framework.TestResult.run(TestResult.java:113)
	at junit.framework.TestCase.run(TestCase.java:124)
	at junit.framework.TestSuite.runTest(TestSuite.java:232)
	at junit.framework.TestSuite.run(TestSuite.java:227)
	at junit.framework.TestSuite.runTest(TestSuite.java:232)
	at junit.framework.TestSuite.run(TestSuite.java:227)
	at junit.framework.TestSuite.runTest(TestSuite.java:232)
	at junit.framework.TestSuite.run(TestSuite.java:227)
	at org.apache.tools.ant.taskdefs.optional.junit.JUnitTestRunner.run(JUnitTestRunner.java:420)
	at org.apache.tools.ant.taskdefs.optional.junit.JUnitTestRunner.launch(JUnitTestRunner.java:911)
	at org.apache.tools.ant.taskdefs.optional.junit.JUnitTestRunner.main(JUnitTestRunner.java:768)
type: Submission id: Unknown operator:user - create new Submission.
com.topcoder.util.config.UnknownNamespaceException: com.topcoder.util.log is unknown
	at com.topcoder.util.config.DefaultConfigManager.getPropertyObject(DefaultConfigManager.java:429)
	at com.topcoder.util.config.DefaultConfigManager.getString(DefaultConfigManager.java:449)
	at com.topcoder.util.log.LogFactory.getAttribute(LogFactory.java:224)
	at com.topcoder.util.log.basic.BasicLog.log(BasicLog.java:74)
	at com.topcoder.management.deliverable.PersistenceUploadManager.<init>(PersistenceUploadManager.java:260)
	at com.topcoder.management.deliverable.PersistenceUploadManagerTests.setUp(PersistenceUploadManagerTests.java:159)
	at junit.framework.TestCase.runBare(TestCase.java:132)
	at junit.framework.TestResult$1.protect(TestResult.java:110)
	at junit.framework.TestResult.runProtected(TestResult.java:128)
	at junit.framework.TestResult.run(TestResult.java:113)
	at junit.framework.TestCase.run(TestCase.java:124)
	at junit.framework.TestSuite.runTest(TestSuite.java:232)
	at junit.framework.TestSuite.run(TestSuite.java:227)
	at junit.framework.TestSuite.runTest(TestSuite.java:232)
	at junit.framework.TestSuite.run(TestSuite.java:227)
	at junit.framework.TestSuite.runTest(TestSuite.java:232)
	at junit.framework.TestSuite.run(TestSuite.java:227)
	at org.apache.tools.ant.taskdefs.optional.junit.JUnitTestRunner.run(JUnitTestRunner.java:420)
	at org.apache.tools.ant.taskdefs.optional.junit.JUnitTestRunner.launch(JUnitTestRunner.java:911)
	at org.apache.tools.ant.taskdefs.optional.junit.JUnitTestRunner.main(JUnitTestRunner.java:768)
Instantiate PersistenceUploadManager with UploadPersistence, uploadSearchBundle, submissionSearchBundle, uploadIdGenerator, uploadTypeIdGenerator, uploadStatusIdGenerator, submissionIDGenerator and submissionStatusIdGenerator.
com.topcoder.util.config.UnknownNamespaceException: com.topcoder.util.log is unknown
	at com.topcoder.util.config.DefaultConfigManager.getPropertyObject(DefaultConfigManager.java:429)
	at com.topcoder.util.config.DefaultConfigManager.getString(DefaultConfigManager.java:449)
	at com.topcoder.util.log.LogFactory.getAttribute(LogFactory.java:224)
	at com.topcoder.util.log.basic.BasicLog.log(BasicLog.java:74)
	at com.topcoder.management.deliverable.PersistenceUploadManager.createSubmission(PersistenceUploadManager.java:631)
	at com.topcoder.management.deliverable.PersistenceUploadManagerTests.testCreateSubmission_Null2(PersistenceUploadManagerTests.java:1132)
	at sun.reflect.NativeMethodAccessorImpl.invoke0(Native Method)
	at sun.reflect.NativeMethodAccessorImpl.invoke(NativeMethodAccessorImpl.java:57)
	at sun.reflect.DelegatingMethodAccessorImpl.invoke(DelegatingMethodAccessorImpl.java:43)
	at java.lang.reflect.Method.invoke(Method.java:616)
	at junit.framework.TestCase.runTest(TestCase.java:168)
	at junit.framework.TestCase.runBare(TestCase.java:134)
	at junit.framework.TestResult$1.protect(TestResult.java:110)
	at junit.framework.TestResult.runProtected(TestResult.java:128)
	at junit.framework.TestResult.run(TestResult.java:113)
	at junit.framework.TestCase.run(TestCase.java:124)
	at junit.framework.TestSuite.runTest(TestSuite.java:232)
	at junit.framework.TestSuite.run(TestSuite.java:227)
	at junit.framework.TestSuite.runTest(TestSuite.java:232)
	at junit.framework.TestSuite.run(TestSuite.java:227)
	at junit.framework.TestSuite.runTest(TestSuite.java:232)
	at junit.framework.TestSuite.run(TestSuite.java:227)
	at org.apache.tools.ant.taskdefs.optional.junit.JUnitTestRunner.run(JUnitTestRunner.java:420)
	at org.apache.tools.ant.taskdefs.optional.junit.JUnitTestRunner.launch(JUnitTestRunner.java:911)
	at org.apache.tools.ant.taskdefs.optional.junit.JUnitTestRunner.main(JUnitTestRunner.java:768)
type: Submission id: Unknown operator:Unknown - create new Submission.
com.topcoder.util.config.UnknownNamespaceException: com.topcoder.util.log is unknown
	at com.topcoder.util.config.DefaultConfigManager.getPropertyObject(DefaultConfigManager.java:429)
	at com.topcoder.util.config.DefaultConfigManager.getString(DefaultConfigManager.java:449)
	at com.topcoder.util.log.LogFactory.getAttribute(LogFactory.java:224)
	at com.topcoder.util.log.basic.BasicLog.log(BasicLog.java:74)
	at com.topcoder.management.deliverable.PersistenceUploadManager.<init>(PersistenceUploadManager.java:260)
	at com.topcoder.management.deliverable.PersistenceUploadManagerTests.setUp(PersistenceUploadManagerTests.java:159)
	at junit.framework.TestCase.runBare(TestCase.java:132)
	at junit.framework.TestResult$1.protect(TestResult.java:110)
	at junit.framework.TestResult.runProtected(TestResult.java:128)
	at junit.framework.TestResult.run(TestResult.java:113)
	at junit.framework.TestCase.run(TestCase.java:124)
	at junit.framework.TestSuite.runTest(TestSuite.java:232)
	at junit.framework.TestSuite.run(TestSuite.java:227)
	at junit.framework.TestSuite.runTest(TestSuite.java:232)
	at junit.framework.TestSuite.run(TestSuite.java:227)
	at junit.framework.TestSuite.runTest(TestSuite.java:232)
	at junit.framework.TestSuite.run(TestSuite.java:227)
	at org.apache.tools.ant.taskdefs.optional.junit.JUnitTestRunner.run(JUnitTestRunner.java:420)
	at org.apache.tools.ant.taskdefs.optional.junit.JUnitTestRunner.launch(JUnitTestRunner.java:911)
	at org.apache.tools.ant.taskdefs.optional.junit.JUnitTestRunner.main(JUnitTestRunner.java:768)
Instantiate PersistenceUploadManager with UploadPersistence, uploadSearchBundle, submissionSearchBundle, uploadIdGenerator, uploadTypeIdGenerator, uploadStatusIdGenerator, submissionIDGenerator and submissionStatusIdGenerator.
com.topcoder.util.config.UnknownNamespaceException: com.topcoder.util.log is unknown
	at com.topcoder.util.config.DefaultConfigManager.getPropertyObject(DefaultConfigManager.java:429)
	at com.topcoder.util.config.DefaultConfigManager.getString(DefaultConfigManager.java:449)
	at com.topcoder.util.log.LogFactory.getAttribute(LogFactory.java:224)
	at com.topcoder.util.log.basic.BasicLog.log(BasicLog.java:74)
	at com.topcoder.management.deliverable.PersistenceUploadManager.createSubmission(PersistenceUploadManager.java:631)
	at com.topcoder.management.deliverable.PersistenceUploadManagerTests.testCreateSubmission_Invalid1(PersistenceUploadManagerTests.java:1147)
	at sun.reflect.NativeMethodAccessorImpl.invoke0(Native Method)
	at sun.reflect.NativeMethodAccessorImpl.invoke(NativeMethodAccessorImpl.java:57)
	at sun.reflect.DelegatingMethodAccessorImpl.invoke(DelegatingMethodAccessorImpl.java:43)
	at java.lang.reflect.Method.invoke(Method.java:616)
	at junit.framework.TestCase.runTest(TestCase.java:168)
	at junit.framework.TestCase.runBare(TestCase.java:134)
	at junit.framework.TestResult$1.protect(TestResult.java:110)
	at junit.framework.TestResult.runProtected(TestResult.java:128)
	at junit.framework.TestResult.run(TestResult.java:113)
	at junit.framework.TestCase.run(TestCase.java:124)
	at junit.framework.TestSuite.runTest(TestSuite.java:232)
	at junit.framework.TestSuite.run(TestSuite.java:227)
	at junit.framework.TestSuite.runTest(TestSuite.java:232)
	at junit.framework.TestSuite.run(TestSuite.java:227)
	at junit.framework.TestSuite.runTest(TestSuite.java:232)
	at junit.framework.TestSuite.run(TestSuite.java:227)
	at org.apache.tools.ant.taskdefs.optional.junit.JUnitTestRunner.run(JUnitTestRunner.java:420)
	at org.apache.tools.ant.taskdefs.optional.junit.JUnitTestRunner.launch(JUnitTestRunner.java:911)
	at org.apache.tools.ant.taskdefs.optional.junit.JUnitTestRunner.main(JUnitTestRunner.java:768)
type: Submission id: Unknown operator:user - create new Submission.
com.topcoder.util.config.UnknownNamespaceException: com.topcoder.util.log is unknown
	at com.topcoder.util.config.DefaultConfigManager.getPropertyObject(DefaultConfigManager.java:429)
	at com.topcoder.util.config.DefaultConfigManager.getString(DefaultConfigManager.java:449)
	at com.topcoder.util.log.LogFactory.getAttribute(LogFactory.java:224)
	at com.topcoder.util.log.basic.BasicLog.log(BasicLog.java:74)
	at com.topcoder.management.deliverable.PersistenceUploadManager.persistenceUploadManagerHelper(PersistenceUploadManager.java:954)
	at com.topcoder.management.deliverable.PersistenceUploadManager.createSubmission(PersistenceUploadManager.java:632)
	at com.topcoder.management.deliverable.PersistenceUploadManagerTests.testCreateSubmission_Invalid1(PersistenceUploadManagerTests.java:1147)
	at sun.reflect.NativeMethodAccessorImpl.invoke0(Native Method)
	at sun.reflect.NativeMethodAccessorImpl.invoke(NativeMethodAccessorImpl.java:57)
	at sun.reflect.DelegatingMethodAccessorImpl.invoke(DelegatingMethodAccessorImpl.java:43)
	at java.lang.reflect.Method.invoke(Method.java:616)
	at junit.framework.TestCase.runTest(TestCase.java:168)
	at junit.framework.TestCase.runBare(TestCase.java:134)
	at junit.framework.TestResult$1.protect(TestResult.java:110)
	at junit.framework.TestResult.runProtected(TestResult.java:128)
	at junit.framework.TestResult.run(TestResult.java:113)
	at junit.framework.TestCase.run(TestCase.java:124)
	at junit.framework.TestSuite.runTest(TestSuite.java:232)
	at junit.framework.TestSuite.run(TestSuite.java:227)
	at junit.framework.TestSuite.runTest(TestSuite.java:232)
	at junit.framework.TestSuite.run(TestSuite.java:227)
	at junit.framework.TestSuite.runTest(TestSuite.java:232)
	at junit.framework.TestSuite.run(TestSuite.java:227)
	at org.apache.tools.ant.taskdefs.optional.junit.JUnitTestRunner.run(JUnitTestRunner.java:420)
	at org.apache.tools.ant.taskdefs.optional.junit.JUnitTestRunner.launch(JUnitTestRunner.java:911)
	at org.apache.tools.ant.taskdefs.optional.junit.JUnitTestRunner.main(JUnitTestRunner.java:768)
The id of the submission must be UNSET_ID, 10 received
com.topcoder.util.config.UnknownNamespaceException: com.topcoder.util.log is unknown
	at com.topcoder.util.config.DefaultConfigManager.getPropertyObject(DefaultConfigManager.java:429)
	at com.topcoder.util.config.DefaultConfigManager.getString(DefaultConfigManager.java:449)
	at com.topcoder.util.log.LogFactory.getAttribute(LogFactory.java:224)
	at com.topcoder.util.log.basic.BasicLog.log(BasicLog.java:74)
	at com.topcoder.management.deliverable.PersistenceUploadManager.<init>(PersistenceUploadManager.java:260)
	at com.topcoder.management.deliverable.PersistenceUploadManagerTests.setUp(PersistenceUploadManagerTests.java:159)
	at junit.framework.TestCase.runBare(TestCase.java:132)
	at junit.framework.TestResult$1.protect(TestResult.java:110)
	at junit.framework.TestResult.runProtected(TestResult.java:128)
	at junit.framework.TestResult.run(TestResult.java:113)
	at junit.framework.TestCase.run(TestCase.java:124)
	at junit.framework.TestSuite.runTest(TestSuite.java:232)
	at junit.framework.TestSuite.run(TestSuite.java:227)
	at junit.framework.TestSuite.runTest(TestSuite.java:232)
	at junit.framework.TestSuite.run(TestSuite.java:227)
	at junit.framework.TestSuite.runTest(TestSuite.java:232)
	at junit.framework.TestSuite.run(TestSuite.java:227)
	at org.apache.tools.ant.taskdefs.optional.junit.JUnitTestRunner.run(JUnitTestRunner.java:420)
	at org.apache.tools.ant.taskdefs.optional.junit.JUnitTestRunner.launch(JUnitTestRunner.java:911)
	at org.apache.tools.ant.taskdefs.optional.junit.JUnitTestRunner.main(JUnitTestRunner.java:768)
Instantiate PersistenceUploadManager with UploadPersistence, uploadSearchBundle, submissionSearchBundle, uploadIdGenerator, uploadTypeIdGenerator, uploadStatusIdGenerator, submissionIDGenerator and submissionStatusIdGenerator.
com.topcoder.util.config.UnknownNamespaceException: com.topcoder.util.log is unknown
	at com.topcoder.util.config.DefaultConfigManager.getPropertyObject(DefaultConfigManager.java:429)
	at com.topcoder.util.config.DefaultConfigManager.getString(DefaultConfigManager.java:449)
	at com.topcoder.util.log.LogFactory.getAttribute(LogFactory.java:224)
	at com.topcoder.util.log.basic.BasicLog.log(BasicLog.java:74)
	at com.topcoder.management.deliverable.PersistenceUploadManager.createSubmission(PersistenceUploadManager.java:631)
	at com.topcoder.management.deliverable.PersistenceUploadManagerTests.testCreateSubmission_Accuracy1(PersistenceUploadManagerTests.java:1166)
	at sun.reflect.NativeMethodAccessorImpl.invoke0(Native Method)
	at sun.reflect.NativeMethodAccessorImpl.invoke(NativeMethodAccessorImpl.java:57)
	at sun.reflect.DelegatingMethodAccessorImpl.invoke(DelegatingMethodAccessorImpl.java:43)
	at java.lang.reflect.Method.invoke(Method.java:616)
	at junit.framework.TestCase.runTest(TestCase.java:168)
	at junit.framework.TestCase.runBare(TestCase.java:134)
	at junit.framework.TestResult$1.protect(TestResult.java:110)
	at junit.framework.TestResult.runProtected(TestResult.java:128)
	at junit.framework.TestResult.run(TestResult.java:113)
	at junit.framework.TestCase.run(TestCase.java:124)
	at junit.framework.TestSuite.runTest(TestSuite.java:232)
	at junit.framework.TestSuite.run(TestSuite.java:227)
	at junit.framework.TestSuite.runTest(TestSuite.java:232)
	at junit.framework.TestSuite.run(TestSuite.java:227)
	at junit.framework.TestSuite.runTest(TestSuite.java:232)
	at junit.framework.TestSuite.run(TestSuite.java:227)
	at org.apache.tools.ant.taskdefs.optional.junit.JUnitTestRunner.run(JUnitTestRunner.java:420)
	at org.apache.tools.ant.taskdefs.optional.junit.JUnitTestRunner.launch(JUnitTestRunner.java:911)
	at org.apache.tools.ant.taskdefs.optional.junit.JUnitTestRunner.main(JUnitTestRunner.java:768)
type: Submission id: Unknown operator:user - create new Submission.
com.topcoder.util.config.UnknownNamespaceException: com.topcoder.util.log is unknown
	at com.topcoder.util.config.DefaultConfigManager.getPropertyObject(DefaultConfigManager.java:429)
	at com.topcoder.util.config.DefaultConfigManager.getString(DefaultConfigManager.java:449)
	at com.topcoder.util.log.LogFactory.getAttribute(LogFactory.java:224)
	at com.topcoder.util.log.basic.BasicLog.log(BasicLog.java:74)
	at com.topcoder.management.deliverable.PersistenceUploadManager.persistenceUploadManagerHelper(PersistenceUploadManager.java:966)
	at com.topcoder.management.deliverable.PersistenceUploadManager.createSubmission(PersistenceUploadManager.java:632)
	at com.topcoder.management.deliverable.PersistenceUploadManagerTests.testCreateSubmission_Accuracy1(PersistenceUploadManagerTests.java:1166)
	at sun.reflect.NativeMethodAccessorImpl.invoke0(Native Method)
	at sun.reflect.NativeMethodAccessorImpl.invoke(NativeMethodAccessorImpl.java:57)
	at sun.reflect.DelegatingMethodAccessorImpl.invoke(DelegatingMethodAccessorImpl.java:43)
	at java.lang.reflect.Method.invoke(Method.java:616)
	at junit.framework.TestCase.runTest(TestCase.java:168)
	at junit.framework.TestCase.runBare(TestCase.java:134)
	at junit.framework.TestResult$1.protect(TestResult.java:110)
	at junit.framework.TestResult.runProtected(TestResult.java:128)
	at junit.framework.TestResult.run(TestResult.java:113)
	at junit.framework.TestCase.run(TestCase.java:124)
	at junit.framework.TestSuite.runTest(TestSuite.java:232)
	at junit.framework.TestSuite.run(TestSuite.java:227)
	at junit.framework.TestSuite.runTest(TestSuite.java:232)
	at junit.framework.TestSuite.run(TestSuite.java:227)
	at junit.framework.TestSuite.runTest(TestSuite.java:232)
	at junit.framework.TestSuite.run(TestSuite.java:227)
	at org.apache.tools.ant.taskdefs.optional.junit.JUnitTestRunner.run(JUnitTestRunner.java:420)
	at org.apache.tools.ant.taskdefs.optional.junit.JUnitTestRunner.launch(JUnitTestRunner.java:911)
	at org.apache.tools.ant.taskdefs.optional.junit.JUnitTestRunner.main(JUnitTestRunner.java:768)
generate next id from the idGenerator:count
com.topcoder.util.config.UnknownNamespaceException: com.topcoder.util.log is unknown
	at com.topcoder.util.config.DefaultConfigManager.getPropertyObject(DefaultConfigManager.java:429)
	at com.topcoder.util.config.DefaultConfigManager.getString(DefaultConfigManager.java:449)
	at com.topcoder.util.log.LogFactory.getAttribute(LogFactory.java:224)
	at com.topcoder.util.log.basic.BasicLog.log(BasicLog.java:74)
	at com.topcoder.management.deliverable.PersistenceUploadManager.<init>(PersistenceUploadManager.java:260)
	at com.topcoder.management.deliverable.PersistenceUploadManagerTests.setUp(PersistenceUploadManagerTests.java:159)
	at junit.framework.TestCase.runBare(TestCase.java:132)
	at junit.framework.TestResult$1.protect(TestResult.java:110)
	at junit.framework.TestResult.runProtected(TestResult.java:128)
	at junit.framework.TestResult.run(TestResult.java:113)
	at junit.framework.TestCase.run(TestCase.java:124)
	at junit.framework.TestSuite.runTest(TestSuite.java:232)
	at junit.framework.TestSuite.run(TestSuite.java:227)
	at junit.framework.TestSuite.runTest(TestSuite.java:232)
	at junit.framework.TestSuite.run(TestSuite.java:227)
	at junit.framework.TestSuite.runTest(TestSuite.java:232)
	at junit.framework.TestSuite.run(TestSuite.java:227)
	at org.apache.tools.ant.taskdefs.optional.junit.JUnitTestRunner.run(JUnitTestRunner.java:420)
	at org.apache.tools.ant.taskdefs.optional.junit.JUnitTestRunner.launch(JUnitTestRunner.java:911)
	at org.apache.tools.ant.taskdefs.optional.junit.JUnitTestRunner.main(JUnitTestRunner.java:768)
Instantiate PersistenceUploadManager with UploadPersistence, uploadSearchBundle, submissionSearchBundle, uploadIdGenerator, uploadTypeIdGenerator, uploadStatusIdGenerator, submissionIDGenerator and submissionStatusIdGenerator.
com.topcoder.util.config.UnknownNamespaceException: com.topcoder.util.log is unknown
	at com.topcoder.util.config.DefaultConfigManager.getPropertyObject(DefaultConfigManager.java:429)
	at com.topcoder.util.config.DefaultConfigManager.getString(DefaultConfigManager.java:449)
	at com.topcoder.util.log.LogFactory.getAttribute(LogFactory.java:224)
	at com.topcoder.util.log.basic.BasicLog.log(BasicLog.java:74)
	at com.topcoder.management.deliverable.PersistenceUploadManager.updateSubmission(PersistenceUploadManager.java:657)
	at com.topcoder.management.deliverable.PersistenceUploadManagerTests.testUpdateSubmission_Null1(PersistenceUploadManagerTests.java:1193)
	at sun.reflect.NativeMethodAccessorImpl.invoke0(Native Method)
	at sun.reflect.NativeMethodAccessorImpl.invoke(NativeMethodAccessorImpl.java:57)
	at sun.reflect.DelegatingMethodAccessorImpl.invoke(DelegatingMethodAccessorImpl.java:43)
	at java.lang.reflect.Method.invoke(Method.java:616)
	at junit.framework.TestCase.runTest(TestCase.java:168)
	at junit.framework.TestCase.runBare(TestCase.java:134)
	at junit.framework.TestResult$1.protect(TestResult.java:110)
	at junit.framework.TestResult.runProtected(TestResult.java:128)
	at junit.framework.TestResult.run(TestResult.java:113)
	at junit.framework.TestCase.run(TestCase.java:124)
	at junit.framework.TestSuite.runTest(TestSuite.java:232)
	at junit.framework.TestSuite.run(TestSuite.java:227)
	at junit.framework.TestSuite.runTest(TestSuite.java:232)
	at junit.framework.TestSuite.run(TestSuite.java:227)
	at junit.framework.TestSuite.runTest(TestSuite.java:232)
	at junit.framework.TestSuite.run(TestSuite.java:227)
	at org.apache.tools.ant.taskdefs.optional.junit.JUnitTestRunner.run(JUnitTestRunner.java:420)
	at org.apache.tools.ant.taskdefs.optional.junit.JUnitTestRunner.launch(JUnitTestRunner.java:911)
	at org.apache.tools.ant.taskdefs.optional.junit.JUnitTestRunner.main(JUnitTestRunner.java:768)
type: Submission id: -1 operator:user - update Submission.
com.topcoder.util.config.UnknownNamespaceException: com.topcoder.util.log is unknown
	at com.topcoder.util.config.DefaultConfigManager.getPropertyObject(DefaultConfigManager.java:429)
	at com.topcoder.util.config.DefaultConfigManager.getString(DefaultConfigManager.java:449)
	at com.topcoder.util.log.LogFactory.getAttribute(LogFactory.java:224)
	at com.topcoder.util.log.basic.BasicLog.log(BasicLog.java:74)
	at com.topcoder.management.deliverable.PersistenceUploadManager.<init>(PersistenceUploadManager.java:260)
	at com.topcoder.management.deliverable.PersistenceUploadManagerTests.setUp(PersistenceUploadManagerTests.java:159)
	at junit.framework.TestCase.runBare(TestCase.java:132)
	at junit.framework.TestResult$1.protect(TestResult.java:110)
	at junit.framework.TestResult.runProtected(TestResult.java:128)
	at junit.framework.TestResult.run(TestResult.java:113)
	at junit.framework.TestCase.run(TestCase.java:124)
	at junit.framework.TestSuite.runTest(TestSuite.java:232)
	at junit.framework.TestSuite.run(TestSuite.java:227)
	at junit.framework.TestSuite.runTest(TestSuite.java:232)
	at junit.framework.TestSuite.run(TestSuite.java:227)
	at junit.framework.TestSuite.runTest(TestSuite.java:232)
	at junit.framework.TestSuite.run(TestSuite.java:227)
	at org.apache.tools.ant.taskdefs.optional.junit.JUnitTestRunner.run(JUnitTestRunner.java:420)
	at org.apache.tools.ant.taskdefs.optional.junit.JUnitTestRunner.launch(JUnitTestRunner.java:911)
	at org.apache.tools.ant.taskdefs.optional.junit.JUnitTestRunner.main(JUnitTestRunner.java:768)
Instantiate PersistenceUploadManager with UploadPersistence, uploadSearchBundle, submissionSearchBundle, uploadIdGenerator, uploadTypeIdGenerator, uploadStatusIdGenerator, submissionIDGenerator and submissionStatusIdGenerator.
com.topcoder.util.config.UnknownNamespaceException: com.topcoder.util.log is unknown
	at com.topcoder.util.config.DefaultConfigManager.getPropertyObject(DefaultConfigManager.java:429)
	at com.topcoder.util.config.DefaultConfigManager.getString(DefaultConfigManager.java:449)
	at com.topcoder.util.log.LogFactory.getAttribute(LogFactory.java:224)
	at com.topcoder.util.log.basic.BasicLog.log(BasicLog.java:74)
	at com.topcoder.management.deliverable.PersistenceUploadManager.updateSubmission(PersistenceUploadManager.java:657)
	at com.topcoder.management.deliverable.PersistenceUploadManagerTests.testUpdateSubmission_Null2(PersistenceUploadManagerTests.java:1208)
	at sun.reflect.NativeMethodAccessorImpl.invoke0(Native Method)
	at sun.reflect.NativeMethodAccessorImpl.invoke(NativeMethodAccessorImpl.java:57)
	at sun.reflect.DelegatingMethodAccessorImpl.invoke(DelegatingMethodAccessorImpl.java:43)
	at java.lang.reflect.Method.invoke(Method.java:616)
	at junit.framework.TestCase.runTest(TestCase.java:168)
	at junit.framework.TestCase.runBare(TestCase.java:134)
	at junit.framework.TestResult$1.protect(TestResult.java:110)
	at junit.framework.TestResult.runProtected(TestResult.java:128)
	at junit.framework.TestResult.run(TestResult.java:113)
	at junit.framework.TestCase.run(TestCase.java:124)
	at junit.framework.TestSuite.runTest(TestSuite.java:232)
	at junit.framework.TestSuite.run(TestSuite.java:227)
	at junit.framework.TestSuite.runTest(TestSuite.java:232)
	at junit.framework.TestSuite.run(TestSuite.java:227)
	at junit.framework.TestSuite.runTest(TestSuite.java:232)
	at junit.framework.TestSuite.run(TestSuite.java:227)
	at org.apache.tools.ant.taskdefs.optional.junit.JUnitTestRunner.run(JUnitTestRunner.java:420)
	at org.apache.tools.ant.taskdefs.optional.junit.JUnitTestRunner.launch(JUnitTestRunner.java:911)
	at org.apache.tools.ant.taskdefs.optional.junit.JUnitTestRunner.main(JUnitTestRunner.java:768)
type: Submission id: -1 operator:Unknown - update Submission.
com.topcoder.util.config.UnknownNamespaceException: com.topcoder.util.log is unknown
	at com.topcoder.util.config.DefaultConfigManager.getPropertyObject(DefaultConfigManager.java:429)
	at com.topcoder.util.config.DefaultConfigManager.getString(DefaultConfigManager.java:449)
	at com.topcoder.util.log.LogFactory.getAttribute(LogFactory.java:224)
	at com.topcoder.util.log.basic.BasicLog.log(BasicLog.java:74)
	at com.topcoder.management.deliverable.PersistenceUploadManager.<init>(PersistenceUploadManager.java:260)
	at com.topcoder.management.deliverable.PersistenceUploadManagerTests.setUp(PersistenceUploadManagerTests.java:159)
	at junit.framework.TestCase.runBare(TestCase.java:132)
	at junit.framework.TestResult$1.protect(TestResult.java:110)
	at junit.framework.TestResult.runProtected(TestResult.java:128)
	at junit.framework.TestResult.run(TestResult.java:113)
	at junit.framework.TestCase.run(TestCase.java:124)
	at junit.framework.TestSuite.runTest(TestSuite.java:232)
	at junit.framework.TestSuite.run(TestSuite.java:227)
	at junit.framework.TestSuite.runTest(TestSuite.java:232)
	at junit.framework.TestSuite.run(TestSuite.java:227)
	at junit.framework.TestSuite.runTest(TestSuite.java:232)
	at junit.framework.TestSuite.run(TestSuite.java:227)
	at org.apache.tools.ant.taskdefs.optional.junit.JUnitTestRunner.run(JUnitTestRunner.java:420)
	at org.apache.tools.ant.taskdefs.optional.junit.JUnitTestRunner.launch(JUnitTestRunner.java:911)
	at org.apache.tools.ant.taskdefs.optional.junit.JUnitTestRunner.main(JUnitTestRunner.java:768)
Instantiate PersistenceUploadManager with UploadPersistence, uploadSearchBundle, submissionSearchBundle, uploadIdGenerator, uploadTypeIdGenerator, uploadStatusIdGenerator, submissionIDGenerator and submissionStatusIdGenerator.
com.topcoder.util.config.UnknownNamespaceException: com.topcoder.util.log is unknown
	at com.topcoder.util.config.DefaultConfigManager.getPropertyObject(DefaultConfigManager.java:429)
	at com.topcoder.util.config.DefaultConfigManager.getString(DefaultConfigManager.java:449)
	at com.topcoder.util.log.LogFactory.getAttribute(LogFactory.java:224)
	at com.topcoder.util.log.basic.BasicLog.log(BasicLog.java:74)
	at com.topcoder.management.deliverable.PersistenceUploadManager.updateSubmission(PersistenceUploadManager.java:657)
	at com.topcoder.management.deliverable.PersistenceUploadManagerTests.testUpdateSubmission_Invalid1(PersistenceUploadManagerTests.java:1223)
	at sun.reflect.NativeMethodAccessorImpl.invoke0(Native Method)
	at sun.reflect.NativeMethodAccessorImpl.invoke(NativeMethodAccessorImpl.java:57)
	at sun.reflect.DelegatingMethodAccessorImpl.invoke(DelegatingMethodAccessorImpl.java:43)
	at java.lang.reflect.Method.invoke(Method.java:616)
	at junit.framework.TestCase.runTest(TestCase.java:168)
	at junit.framework.TestCase.runBare(TestCase.java:134)
	at junit.framework.TestResult$1.protect(TestResult.java:110)
	at junit.framework.TestResult.runProtected(TestResult.java:128)
	at junit.framework.TestResult.run(TestResult.java:113)
	at junit.framework.TestCase.run(TestCase.java:124)
	at junit.framework.TestSuite.runTest(TestSuite.java:232)
	at junit.framework.TestSuite.run(TestSuite.java:227)
	at junit.framework.TestSuite.runTest(TestSuite.java:232)
	at junit.framework.TestSuite.run(TestSuite.java:227)
	at junit.framework.TestSuite.runTest(TestSuite.java:232)
	at junit.framework.TestSuite.run(TestSuite.java:227)
	at org.apache.tools.ant.taskdefs.optional.junit.JUnitTestRunner.run(JUnitTestRunner.java:420)
	at org.apache.tools.ant.taskdefs.optional.junit.JUnitTestRunner.launch(JUnitTestRunner.java:911)
	at org.apache.tools.ant.taskdefs.optional.junit.JUnitTestRunner.main(JUnitTestRunner.java:768)
type: Submission id: -1 operator:user - update Submission.
com.topcoder.util.config.UnknownNamespaceException: com.topcoder.util.log is unknown
	at com.topcoder.util.config.DefaultConfigManager.getPropertyObject(DefaultConfigManager.java:429)
	at com.topcoder.util.config.DefaultConfigManager.getString(DefaultConfigManager.java:449)
	at com.topcoder.util.log.LogFactory.getAttribute(LogFactory.java:224)
	at com.topcoder.util.log.basic.BasicLog.log(BasicLog.java:74)
	at com.topcoder.management.deliverable.PersistenceUploadManager.persistenceUploadManagerHelper(PersistenceUploadManager.java:977)
	at com.topcoder.management.deliverable.PersistenceUploadManager.updateSubmission(PersistenceUploadManager.java:659)
	at com.topcoder.management.deliverable.PersistenceUploadManagerTests.testUpdateSubmission_Invalid1(PersistenceUploadManagerTests.java:1223)
	at sun.reflect.NativeMethodAccessorImpl.invoke0(Native Method)
	at sun.reflect.NativeMethodAccessorImpl.invoke(NativeMethodAccessorImpl.java:57)
	at sun.reflect.DelegatingMethodAccessorImpl.invoke(DelegatingMethodAccessorImpl.java:43)
	at java.lang.reflect.Method.invoke(Method.java:616)
	at junit.framework.TestCase.runTest(TestCase.java:168)
	at junit.framework.TestCase.runBare(TestCase.java:134)
	at junit.framework.TestResult$1.protect(TestResult.java:110)
	at junit.framework.TestResult.runProtected(TestResult.java:128)
	at junit.framework.TestResult.run(TestResult.java:113)
	at junit.framework.TestCase.run(TestCase.java:124)
	at junit.framework.TestSuite.runTest(TestSuite.java:232)
	at junit.framework.TestSuite.run(TestSuite.java:227)
	at junit.framework.TestSuite.runTest(TestSuite.java:232)
	at junit.framework.TestSuite.run(TestSuite.java:227)
	at junit.framework.TestSuite.runTest(TestSuite.java:232)
	at junit.framework.TestSuite.run(TestSuite.java:227)
	at org.apache.tools.ant.taskdefs.optional.junit.JUnitTestRunner.run(JUnitTestRunner.java:420)
	at org.apache.tools.ant.taskdefs.optional.junit.JUnitTestRunner.launch(JUnitTestRunner.java:911)
	at org.apache.tools.ant.taskdefs.optional.junit.JUnitTestRunner.main(JUnitTestRunner.java:768)
The id of the submission can't be UNSET_ID.
com.topcoder.util.config.UnknownNamespaceException: com.topcoder.util.log is unknown
	at com.topcoder.util.config.DefaultConfigManager.getPropertyObject(DefaultConfigManager.java:429)
	at com.topcoder.util.config.DefaultConfigManager.getString(DefaultConfigManager.java:449)
	at com.topcoder.util.log.LogFactory.getAttribute(LogFactory.java:224)
	at com.topcoder.util.log.basic.BasicLog.log(BasicLog.java:74)
	at com.topcoder.management.deliverable.PersistenceUploadManager.<init>(PersistenceUploadManager.java:260)
	at com.topcoder.management.deliverable.PersistenceUploadManagerTests.setUp(PersistenceUploadManagerTests.java:159)
	at junit.framework.TestCase.runBare(TestCase.java:132)
	at junit.framework.TestResult$1.protect(TestResult.java:110)
	at junit.framework.TestResult.runProtected(TestResult.java:128)
	at junit.framework.TestResult.run(TestResult.java:113)
	at junit.framework.TestCase.run(TestCase.java:124)
	at junit.framework.TestSuite.runTest(TestSuite.java:232)
	at junit.framework.TestSuite.run(TestSuite.java:227)
	at junit.framework.TestSuite.runTest(TestSuite.java:232)
	at junit.framework.TestSuite.run(TestSuite.java:227)
	at junit.framework.TestSuite.runTest(TestSuite.java:232)
	at junit.framework.TestSuite.run(TestSuite.java:227)
	at org.apache.tools.ant.taskdefs.optional.junit.JUnitTestRunner.run(JUnitTestRunner.java:420)
	at org.apache.tools.ant.taskdefs.optional.junit.JUnitTestRunner.launch(JUnitTestRunner.java:911)
	at org.apache.tools.ant.taskdefs.optional.junit.JUnitTestRunner.main(JUnitTestRunner.java:768)
Instantiate PersistenceUploadManager with UploadPersistence, uploadSearchBundle, submissionSearchBundle, uploadIdGenerator, uploadTypeIdGenerator, uploadStatusIdGenerator, submissionIDGenerator and submissionStatusIdGenerator.
com.topcoder.util.config.UnknownNamespaceException: com.topcoder.util.log is unknown
	at com.topcoder.util.config.DefaultConfigManager.getPropertyObject(DefaultConfigManager.java:429)
	at com.topcoder.util.config.DefaultConfigManager.getString(DefaultConfigManager.java:449)
	at com.topcoder.util.log.LogFactory.getAttribute(LogFactory.java:224)
	at com.topcoder.util.log.basic.BasicLog.log(BasicLog.java:74)
	at com.topcoder.management.deliverable.PersistenceUploadManager.createSubmission(PersistenceUploadManager.java:631)
	at com.topcoder.management.deliverable.PersistenceUploadManagerTests.testUpdateSubmission_Accuracy1(PersistenceUploadManagerTests.java:1242)
	at sun.reflect.NativeMethodAccessorImpl.invoke0(Native Method)
	at sun.reflect.NativeMethodAccessorImpl.invoke(NativeMethodAccessorImpl.java:57)
	at sun.reflect.DelegatingMethodAccessorImpl.invoke(DelegatingMethodAccessorImpl.java:43)
	at java.lang.reflect.Method.invoke(Method.java:616)
	at junit.framework.TestCase.runTest(TestCase.java:168)
	at junit.framework.TestCase.runBare(TestCase.java:134)
	at junit.framework.TestResult$1.protect(TestResult.java:110)
	at junit.framework.TestResult.runProtected(TestResult.java:128)
	at junit.framework.TestResult.run(TestResult.java:113)
	at junit.framework.TestCase.run(TestCase.java:124)
	at junit.framework.TestSuite.runTest(TestSuite.java:232)
	at junit.framework.TestSuite.run(TestSuite.java:227)
	at junit.framework.TestSuite.runTest(TestSuite.java:232)
	at junit.framework.TestSuite.run(TestSuite.java:227)
	at junit.framework.TestSuite.runTest(TestSuite.java:232)
	at junit.framework.TestSuite.run(TestSuite.java:227)
	at org.apache.tools.ant.taskdefs.optional.junit.JUnitTestRunner.run(JUnitTestRunner.java:420)
	at org.apache.tools.ant.taskdefs.optional.junit.JUnitTestRunner.launch(JUnitTestRunner.java:911)
	at org.apache.tools.ant.taskdefs.optional.junit.JUnitTestRunner.main(JUnitTestRunner.java:768)
type: Submission id: Unknown operator:CreationUser - create new Submission.
com.topcoder.util.config.UnknownNamespaceException: com.topcoder.util.log is unknown
	at com.topcoder.util.config.DefaultConfigManager.getPropertyObject(DefaultConfigManager.java:429)
	at com.topcoder.util.config.DefaultConfigManager.getString(DefaultConfigManager.java:449)
	at com.topcoder.util.log.LogFactory.getAttribute(LogFactory.java:224)
	at com.topcoder.util.log.basic.BasicLog.log(BasicLog.java:74)
	at com.topcoder.management.deliverable.PersistenceUploadManager.persistenceUploadManagerHelper(PersistenceUploadManager.java:966)
	at com.topcoder.management.deliverable.PersistenceUploadManager.createSubmission(PersistenceUploadManager.java:632)
	at com.topcoder.management.deliverable.PersistenceUploadManagerTests.testUpdateSubmission_Accuracy1(PersistenceUploadManagerTests.java:1242)
	at sun.reflect.NativeMethodAccessorImpl.invoke0(Native Method)
	at sun.reflect.NativeMethodAccessorImpl.invoke(NativeMethodAccessorImpl.java:57)
	at sun.reflect.DelegatingMethodAccessorImpl.invoke(DelegatingMethodAccessorImpl.java:43)
	at java.lang.reflect.Method.invoke(Method.java:616)
	at junit.framework.TestCase.runTest(TestCase.java:168)
	at junit.framework.TestCase.runBare(TestCase.java:134)
	at junit.framework.TestResult$1.protect(TestResult.java:110)
	at junit.framework.TestResult.runProtected(TestResult.java:128)
	at junit.framework.TestResult.run(TestResult.java:113)
	at junit.framework.TestCase.run(TestCase.java:124)
	at junit.framework.TestSuite.runTest(TestSuite.java:232)
	at junit.framework.TestSuite.run(TestSuite.java:227)
	at junit.framework.TestSuite.runTest(TestSuite.java:232)
	at junit.framework.TestSuite.run(TestSuite.java:227)
	at junit.framework.TestSuite.runTest(TestSuite.java:232)
	at junit.framework.TestSuite.run(TestSuite.java:227)
	at org.apache.tools.ant.taskdefs.optional.junit.JUnitTestRunner.run(JUnitTestRunner.java:420)
	at org.apache.tools.ant.taskdefs.optional.junit.JUnitTestRunner.launch(JUnitTestRunner.java:911)
	at org.apache.tools.ant.taskdefs.optional.junit.JUnitTestRunner.main(JUnitTestRunner.java:768)
generate next id from the idGenerator:count
com.topcoder.util.config.UnknownNamespaceException: com.topcoder.util.log is unknown
	at com.topcoder.util.config.DefaultConfigManager.getPropertyObject(DefaultConfigManager.java:429)
	at com.topcoder.util.config.DefaultConfigManager.getString(DefaultConfigManager.java:449)
	at com.topcoder.util.log.LogFactory.getAttribute(LogFactory.java:224)
	at com.topcoder.util.log.basic.BasicLog.log(BasicLog.java:74)
	at com.topcoder.management.deliverable.PersistenceUploadManager.updateSubmission(PersistenceUploadManager.java:657)
	at com.topcoder.management.deliverable.PersistenceUploadManagerTests.testUpdateSubmission_Accuracy1(PersistenceUploadManagerTests.java:1245)
	at sun.reflect.NativeMethodAccessorImpl.invoke0(Native Method)
	at sun.reflect.NativeMethodAccessorImpl.invoke(NativeMethodAccessorImpl.java:57)
	at sun.reflect.DelegatingMethodAccessorImpl.invoke(DelegatingMethodAccessorImpl.java:43)
	at java.lang.reflect.Method.invoke(Method.java:616)
	at junit.framework.TestCase.runTest(TestCase.java:168)
	at junit.framework.TestCase.runBare(TestCase.java:134)
	at junit.framework.TestResult$1.protect(TestResult.java:110)
	at junit.framework.TestResult.runProtected(TestResult.java:128)
	at junit.framework.TestResult.run(TestResult.java:113)
	at junit.framework.TestCase.run(TestCase.java:124)
	at junit.framework.TestSuite.runTest(TestSuite.java:232)
	at junit.framework.TestSuite.run(TestSuite.java:227)
	at junit.framework.TestSuite.runTest(TestSuite.java:232)
	at junit.framework.TestSuite.run(TestSuite.java:227)
	at junit.framework.TestSuite.runTest(TestSuite.java:232)
	at junit.framework.TestSuite.run(TestSuite.java:227)
	at org.apache.tools.ant.taskdefs.optional.junit.JUnitTestRunner.run(JUnitTestRunner.java:420)
	at org.apache.tools.ant.taskdefs.optional.junit.JUnitTestRunner.launch(JUnitTestRunner.java:911)
	at org.apache.tools.ant.taskdefs.optional.junit.JUnitTestRunner.main(JUnitTestRunner.java:768)
type: Submission id: 1 operator:ModificationUser - update Submission.
com.topcoder.util.config.UnknownNamespaceException: com.topcoder.util.log is unknown
	at com.topcoder.util.config.DefaultConfigManager.getPropertyObject(DefaultConfigManager.java:429)
	at com.topcoder.util.config.DefaultConfigManager.getString(DefaultConfigManager.java:449)
	at com.topcoder.util.log.LogFactory.getAttribute(LogFactory.java:224)
	at com.topcoder.util.log.basic.BasicLog.log(BasicLog.java:74)
	at com.topcoder.management.deliverable.PersistenceUploadManager.<init>(PersistenceUploadManager.java:260)
	at com.topcoder.management.deliverable.PersistenceUploadManagerTests.setUp(PersistenceUploadManagerTests.java:159)
	at junit.framework.TestCase.runBare(TestCase.java:132)
	at junit.framework.TestResult$1.protect(TestResult.java:110)
	at junit.framework.TestResult.runProtected(TestResult.java:128)
	at junit.framework.TestResult.run(TestResult.java:113)
	at junit.framework.TestCase.run(TestCase.java:124)
	at junit.framework.TestSuite.runTest(TestSuite.java:232)
	at junit.framework.TestSuite.run(TestSuite.java:227)
	at junit.framework.TestSuite.runTest(TestSuite.java:232)
	at junit.framework.TestSuite.run(TestSuite.java:227)
	at junit.framework.TestSuite.runTest(TestSuite.java:232)
	at junit.framework.TestSuite.run(TestSuite.java:227)
	at org.apache.tools.ant.taskdefs.optional.junit.JUnitTestRunner.run(JUnitTestRunner.java:420)
	at org.apache.tools.ant.taskdefs.optional.junit.JUnitTestRunner.launch(JUnitTestRunner.java:911)
	at org.apache.tools.ant.taskdefs.optional.junit.JUnitTestRunner.main(JUnitTestRunner.java:768)
Instantiate PersistenceUploadManager with UploadPersistence, uploadSearchBundle, submissionSearchBundle, uploadIdGenerator, uploadTypeIdGenerator, uploadStatusIdGenerator, submissionIDGenerator and submissionStatusIdGenerator.
com.topcoder.util.config.UnknownNamespaceException: com.topcoder.util.log is unknown
	at com.topcoder.util.config.DefaultConfigManager.getPropertyObject(DefaultConfigManager.java:429)
	at com.topcoder.util.config.DefaultConfigManager.getString(DefaultConfigManager.java:449)
	at com.topcoder.util.log.LogFactory.getAttribute(LogFactory.java:224)
	at com.topcoder.util.log.basic.BasicLog.log(BasicLog.java:74)
	at com.topcoder.management.deliverable.PersistenceUploadManager.removeSubmission(PersistenceUploadManager.java:684)
	at com.topcoder.management.deliverable.PersistenceUploadManagerTests.testRemoveSubmission_Null1(PersistenceUploadManagerTests.java:1272)
	at sun.reflect.NativeMethodAccessorImpl.invoke0(Native Method)
	at sun.reflect.NativeMethodAccessorImpl.invoke(NativeMethodAccessorImpl.java:57)
	at sun.reflect.DelegatingMethodAccessorImpl.invoke(DelegatingMethodAccessorImpl.java:43)
	at java.lang.reflect.Method.invoke(Method.java:616)
	at junit.framework.TestCase.runTest(TestCase.java:168)
	at junit.framework.TestCase.runBare(TestCase.java:134)
	at junit.framework.TestResult$1.protect(TestResult.java:110)
	at junit.framework.TestResult.runProtected(TestResult.java:128)
	at junit.framework.TestResult.run(TestResult.java:113)
	at junit.framework.TestCase.run(TestCase.java:124)
	at junit.framework.TestSuite.runTest(TestSuite.java:232)
	at junit.framework.TestSuite.run(TestSuite.java:227)
	at junit.framework.TestSuite.runTest(TestSuite.java:232)
	at junit.framework.TestSuite.run(TestSuite.java:227)
	at junit.framework.TestSuite.runTest(TestSuite.java:232)
	at junit.framework.TestSuite.run(TestSuite.java:227)
	at org.apache.tools.ant.taskdefs.optional.junit.JUnitTestRunner.run(JUnitTestRunner.java:420)
	at org.apache.tools.ant.taskdefs.optional.junit.JUnitTestRunner.launch(JUnitTestRunner.java:911)
	at org.apache.tools.ant.taskdefs.optional.junit.JUnitTestRunner.main(JUnitTestRunner.java:768)
type: Submission id: -1 operator:user - remove Submission.
com.topcoder.util.config.UnknownNamespaceException: com.topcoder.util.log is unknown
	at com.topcoder.util.config.DefaultConfigManager.getPropertyObject(DefaultConfigManager.java:429)
	at com.topcoder.util.config.DefaultConfigManager.getString(DefaultConfigManager.java:449)
	at com.topcoder.util.log.LogFactory.getAttribute(LogFactory.java:224)
	at com.topcoder.util.log.basic.BasicLog.log(BasicLog.java:74)
	at com.topcoder.management.deliverable.PersistenceUploadManager.<init>(PersistenceUploadManager.java:260)
	at com.topcoder.management.deliverable.PersistenceUploadManagerTests.setUp(PersistenceUploadManagerTests.java:159)
	at junit.framework.TestCase.runBare(TestCase.java:132)
	at junit.framework.TestResult$1.protect(TestResult.java:110)
	at junit.framework.TestResult.runProtected(TestResult.java:128)
	at junit.framework.TestResult.run(TestResult.java:113)
	at junit.framework.TestCase.run(TestCase.java:124)
	at junit.framework.TestSuite.runTest(TestSuite.java:232)
	at junit.framework.TestSuite.run(TestSuite.java:227)
	at junit.framework.TestSuite.runTest(TestSuite.java:232)
	at junit.framework.TestSuite.run(TestSuite.java:227)
	at junit.framework.TestSuite.runTest(TestSuite.java:232)
	at junit.framework.TestSuite.run(TestSuite.java:227)
	at org.apache.tools.ant.taskdefs.optional.junit.JUnitTestRunner.run(JUnitTestRunner.java:420)
	at org.apache.tools.ant.taskdefs.optional.junit.JUnitTestRunner.launch(JUnitTestRunner.java:911)
	at org.apache.tools.ant.taskdefs.optional.junit.JUnitTestRunner.main(JUnitTestRunner.java:768)
Instantiate PersistenceUploadManager with UploadPersistence, uploadSearchBundle, submissionSearchBundle, uploadIdGenerator, uploadTypeIdGenerator, uploadStatusIdGenerator, submissionIDGenerator and submissionStatusIdGenerator.
com.topcoder.util.config.UnknownNamespaceException: com.topcoder.util.log is unknown
	at com.topcoder.util.config.DefaultConfigManager.getPropertyObject(DefaultConfigManager.java:429)
	at com.topcoder.util.config.DefaultConfigManager.getString(DefaultConfigManager.java:449)
	at com.topcoder.util.log.LogFactory.getAttribute(LogFactory.java:224)
	at com.topcoder.util.log.basic.BasicLog.log(BasicLog.java:74)
	at com.topcoder.management.deliverable.PersistenceUploadManager.removeSubmission(PersistenceUploadManager.java:684)
	at com.topcoder.management.deliverable.PersistenceUploadManagerTests.testRemoveSubmission_Null2(PersistenceUploadManagerTests.java:1287)
	at sun.reflect.NativeMethodAccessorImpl.invoke0(Native Method)
	at sun.reflect.NativeMethodAccessorImpl.invoke(NativeMethodAccessorImpl.java:57)
	at sun.reflect.DelegatingMethodAccessorImpl.invoke(DelegatingMethodAccessorImpl.java:43)
	at java.lang.reflect.Method.invoke(Method.java:616)
	at junit.framework.TestCase.runTest(TestCase.java:168)
	at junit.framework.TestCase.runBare(TestCase.java:134)
	at junit.framework.TestResult$1.protect(TestResult.java:110)
	at junit.framework.TestResult.runProtected(TestResult.java:128)
	at junit.framework.TestResult.run(TestResult.java:113)
	at junit.framework.TestCase.run(TestCase.java:124)
	at junit.framework.TestSuite.runTest(TestSuite.java:232)
	at junit.framework.TestSuite.run(TestSuite.java:227)
	at junit.framework.TestSuite.runTest(TestSuite.java:232)
	at junit.framework.TestSuite.run(TestSuite.java:227)
	at junit.framework.TestSuite.runTest(TestSuite.java:232)
	at junit.framework.TestSuite.run(TestSuite.java:227)
	at org.apache.tools.ant.taskdefs.optional.junit.JUnitTestRunner.run(JUnitTestRunner.java:420)
	at org.apache.tools.ant.taskdefs.optional.junit.JUnitTestRunner.launch(JUnitTestRunner.java:911)
	at org.apache.tools.ant.taskdefs.optional.junit.JUnitTestRunner.main(JUnitTestRunner.java:768)
type: Submission id: -1 operator:Unknown - remove Submission.
com.topcoder.util.config.UnknownNamespaceException: com.topcoder.util.log is unknown
	at com.topcoder.util.config.DefaultConfigManager.getPropertyObject(DefaultConfigManager.java:429)
	at com.topcoder.util.config.DefaultConfigManager.getString(DefaultConfigManager.java:449)
	at com.topcoder.util.log.LogFactory.getAttribute(LogFactory.java:224)
	at com.topcoder.util.log.basic.BasicLog.log(BasicLog.java:74)
	at com.topcoder.management.deliverable.PersistenceUploadManager.<init>(PersistenceUploadManager.java:260)
	at com.topcoder.management.deliverable.PersistenceUploadManagerTests.setUp(PersistenceUploadManagerTests.java:159)
	at junit.framework.TestCase.runBare(TestCase.java:132)
	at junit.framework.TestResult$1.protect(TestResult.java:110)
	at junit.framework.TestResult.runProtected(TestResult.java:128)
	at junit.framework.TestResult.run(TestResult.java:113)
	at junit.framework.TestCase.run(TestCase.java:124)
	at junit.framework.TestSuite.runTest(TestSuite.java:232)
	at junit.framework.TestSuite.run(TestSuite.java:227)
	at junit.framework.TestSuite.runTest(TestSuite.java:232)
	at junit.framework.TestSuite.run(TestSuite.java:227)
	at junit.framework.TestSuite.runTest(TestSuite.java:232)
	at junit.framework.TestSuite.run(TestSuite.java:227)
	at org.apache.tools.ant.taskdefs.optional.junit.JUnitTestRunner.run(JUnitTestRunner.java:420)
	at org.apache.tools.ant.taskdefs.optional.junit.JUnitTestRunner.launch(JUnitTestRunner.java:911)
	at org.apache.tools.ant.taskdefs.optional.junit.JUnitTestRunner.main(JUnitTestRunner.java:768)
Instantiate PersistenceUploadManager with UploadPersistence, uploadSearchBundle, submissionSearchBundle, uploadIdGenerator, uploadTypeIdGenerator, uploadStatusIdGenerator, submissionIDGenerator and submissionStatusIdGenerator.
com.topcoder.util.config.UnknownNamespaceException: com.topcoder.util.log is unknown
	at com.topcoder.util.config.DefaultConfigManager.getPropertyObject(DefaultConfigManager.java:429)
	at com.topcoder.util.config.DefaultConfigManager.getString(DefaultConfigManager.java:449)
	at com.topcoder.util.log.LogFactory.getAttribute(LogFactory.java:224)
	at com.topcoder.util.log.basic.BasicLog.log(BasicLog.java:74)
	at com.topcoder.management.deliverable.PersistenceUploadManager.removeSubmission(PersistenceUploadManager.java:684)
	at com.topcoder.management.deliverable.PersistenceUploadManagerTests.testRemoveSubmission_Invalid1(PersistenceUploadManagerTests.java:1302)
	at sun.reflect.NativeMethodAccessorImpl.invoke0(Native Method)
	at sun.reflect.NativeMethodAccessorImpl.invoke(NativeMethodAccessorImpl.java:57)
	at sun.reflect.DelegatingMethodAccessorImpl.invoke(DelegatingMethodAccessorImpl.java:43)
	at java.lang.reflect.Method.invoke(Method.java:616)
	at junit.framework.TestCase.runTest(TestCase.java:168)
	at junit.framework.TestCase.runBare(TestCase.java:134)
	at junit.framework.TestResult$1.protect(TestResult.java:110)
	at junit.framework.TestResult.runProtected(TestResult.java:128)
	at junit.framework.TestResult.run(TestResult.java:113)
	at junit.framework.TestCase.run(TestCase.java:124)
	at junit.framework.TestSuite.runTest(TestSuite.java:232)
	at junit.framework.TestSuite.run(TestSuite.java:227)
	at junit.framework.TestSuite.runTest(TestSuite.java:232)
	at junit.framework.TestSuite.run(TestSuite.java:227)
	at junit.framework.TestSuite.runTest(TestSuite.java:232)
	at junit.framework.TestSuite.run(TestSuite.java:227)
	at org.apache.tools.ant.taskdefs.optional.junit.JUnitTestRunner.run(JUnitTestRunner.java:420)
	at org.apache.tools.ant.taskdefs.optional.junit.JUnitTestRunner.launch(JUnitTestRunner.java:911)
	at org.apache.tools.ant.taskdefs.optional.junit.JUnitTestRunner.main(JUnitTestRunner.java:768)
type: Submission id: -1 operator:user - remove Submission.
com.topcoder.util.config.UnknownNamespaceException: com.topcoder.util.log is unknown
	at com.topcoder.util.config.DefaultConfigManager.getPropertyObject(DefaultConfigManager.java:429)
	at com.topcoder.util.config.DefaultConfigManager.getString(DefaultConfigManager.java:449)
	at com.topcoder.util.log.LogFactory.getAttribute(LogFactory.java:224)
	at com.topcoder.util.log.basic.BasicLog.log(BasicLog.java:74)
	at com.topcoder.management.deliverable.PersistenceUploadManager.persistenceUploadManagerHelper(PersistenceUploadManager.java:977)
	at com.topcoder.management.deliverable.PersistenceUploadManager.removeSubmission(PersistenceUploadManager.java:686)
	at com.topcoder.management.deliverable.PersistenceUploadManagerTests.testRemoveSubmission_Invalid1(PersistenceUploadManagerTests.java:1302)
	at sun.reflect.NativeMethodAccessorImpl.invoke0(Native Method)
	at sun.reflect.NativeMethodAccessorImpl.invoke(NativeMethodAccessorImpl.java:57)
	at sun.reflect.DelegatingMethodAccessorImpl.invoke(DelegatingMethodAccessorImpl.java:43)
	at java.lang.reflect.Method.invoke(Method.java:616)
	at junit.framework.TestCase.runTest(TestCase.java:168)
	at junit.framework.TestCase.runBare(TestCase.java:134)
	at junit.framework.TestResult$1.protect(TestResult.java:110)
	at junit.framework.TestResult.runProtected(TestResult.java:128)
	at junit.framework.TestResult.run(TestResult.java:113)
	at junit.framework.TestCase.run(TestCase.java:124)
	at junit.framework.TestSuite.runTest(TestSuite.java:232)
	at junit.framework.TestSuite.run(TestSuite.java:227)
	at junit.framework.TestSuite.runTest(TestSuite.java:232)
	at junit.framework.TestSuite.run(TestSuite.java:227)
	at junit.framework.TestSuite.runTest(TestSuite.java:232)
	at junit.framework.TestSuite.run(TestSuite.java:227)
	at org.apache.tools.ant.taskdefs.optional.junit.JUnitTestRunner.run(JUnitTestRunner.java:420)
	at org.apache.tools.ant.taskdefs.optional.junit.JUnitTestRunner.launch(JUnitTestRunner.java:911)
	at org.apache.tools.ant.taskdefs.optional.junit.JUnitTestRunner.main(JUnitTestRunner.java:768)
The id of the submission can't be UNSET_ID.
com.topcoder.util.config.UnknownNamespaceException: com.topcoder.util.log is unknown
	at com.topcoder.util.config.DefaultConfigManager.getPropertyObject(DefaultConfigManager.java:429)
	at com.topcoder.util.config.DefaultConfigManager.getString(DefaultConfigManager.java:449)
	at com.topcoder.util.log.LogFactory.getAttribute(LogFactory.java:224)
	at com.topcoder.util.log.basic.BasicLog.log(BasicLog.java:74)
	at com.topcoder.management.deliverable.PersistenceUploadManager.<init>(PersistenceUploadManager.java:260)
	at com.topcoder.management.deliverable.PersistenceUploadManagerTests.setUp(PersistenceUploadManagerTests.java:159)
	at junit.framework.TestCase.runBare(TestCase.java:132)
	at junit.framework.TestResult$1.protect(TestResult.java:110)
	at junit.framework.TestResult.runProtected(TestResult.java:128)
	at junit.framework.TestResult.run(TestResult.java:113)
	at junit.framework.TestCase.run(TestCase.java:124)
	at junit.framework.TestSuite.runTest(TestSuite.java:232)
	at junit.framework.TestSuite.run(TestSuite.java:227)
	at junit.framework.TestSuite.runTest(TestSuite.java:232)
	at junit.framework.TestSuite.run(TestSuite.java:227)
	at junit.framework.TestSuite.runTest(TestSuite.java:232)
	at junit.framework.TestSuite.run(TestSuite.java:227)
	at org.apache.tools.ant.taskdefs.optional.junit.JUnitTestRunner.run(JUnitTestRunner.java:420)
	at org.apache.tools.ant.taskdefs.optional.junit.JUnitTestRunner.launch(JUnitTestRunner.java:911)
	at org.apache.tools.ant.taskdefs.optional.junit.JUnitTestRunner.main(JUnitTestRunner.java:768)
Instantiate PersistenceUploadManager with UploadPersistence, uploadSearchBundle, submissionSearchBundle, uploadIdGenerator, uploadTypeIdGenerator, uploadStatusIdGenerator, submissionIDGenerator and submissionStatusIdGenerator.
com.topcoder.util.config.UnknownNamespaceException: com.topcoder.util.log is unknown
	at com.topcoder.util.config.DefaultConfigManager.getPropertyObject(DefaultConfigManager.java:429)
	at com.topcoder.util.config.DefaultConfigManager.getString(DefaultConfigManager.java:449)
	at com.topcoder.util.log.LogFactory.getAttribute(LogFactory.java:224)
	at com.topcoder.util.log.basic.BasicLog.log(BasicLog.java:74)
	at com.topcoder.management.deliverable.PersistenceUploadManager.createSubmission(PersistenceUploadManager.java:631)
	at com.topcoder.management.deliverable.PersistenceUploadManagerTests.testRemoveSubmission_Accuracy1(PersistenceUploadManagerTests.java:1321)
	at sun.reflect.NativeMethodAccessorImpl.invoke0(Native Method)
	at sun.reflect.NativeMethodAccessorImpl.invoke(NativeMethodAccessorImpl.java:57)
	at sun.reflect.DelegatingMethodAccessorImpl.invoke(DelegatingMethodAccessorImpl.java:43)
	at java.lang.reflect.Method.invoke(Method.java:616)
	at junit.framework.TestCase.runTest(TestCase.java:168)
	at junit.framework.TestCase.runBare(TestCase.java:134)
	at junit.framework.TestResult$1.protect(TestResult.java:110)
	at junit.framework.TestResult.runProtected(TestResult.java:128)
	at junit.framework.TestResult.run(TestResult.java:113)
	at junit.framework.TestCase.run(TestCase.java:124)
	at junit.framework.TestSuite.runTest(TestSuite.java:232)
	at junit.framework.TestSuite.run(TestSuite.java:227)
	at junit.framework.TestSuite.runTest(TestSuite.java:232)
	at junit.framework.TestSuite.run(TestSuite.java:227)
	at junit.framework.TestSuite.runTest(TestSuite.java:232)
	at junit.framework.TestSuite.run(TestSuite.java:227)
	at org.apache.tools.ant.taskdefs.optional.junit.JUnitTestRunner.run(JUnitTestRunner.java:420)
	at org.apache.tools.ant.taskdefs.optional.junit.JUnitTestRunner.launch(JUnitTestRunner.java:911)
	at org.apache.tools.ant.taskdefs.optional.junit.JUnitTestRunner.main(JUnitTestRunner.java:768)
type: Submission id: Unknown operator:CreationUser - create new Submission.
com.topcoder.util.config.UnknownNamespaceException: com.topcoder.util.log is unknown
	at com.topcoder.util.config.DefaultConfigManager.getPropertyObject(DefaultConfigManager.java:429)
	at com.topcoder.util.config.DefaultConfigManager.getString(DefaultConfigManager.java:449)
	at com.topcoder.util.log.LogFactory.getAttribute(LogFactory.java:224)
	at com.topcoder.util.log.basic.BasicLog.log(BasicLog.java:74)
	at com.topcoder.management.deliverable.PersistenceUploadManager.persistenceUploadManagerHelper(PersistenceUploadManager.java:966)
	at com.topcoder.management.deliverable.PersistenceUploadManager.createSubmission(PersistenceUploadManager.java:632)
	at com.topcoder.management.deliverable.PersistenceUploadManagerTests.testRemoveSubmission_Accuracy1(PersistenceUploadManagerTests.java:1321)
	at sun.reflect.NativeMethodAccessorImpl.invoke0(Native Method)
	at sun.reflect.NativeMethodAccessorImpl.invoke(NativeMethodAccessorImpl.java:57)
	at sun.reflect.DelegatingMethodAccessorImpl.invoke(DelegatingMethodAccessorImpl.java:43)
	at java.lang.reflect.Method.invoke(Method.java:616)
	at junit.framework.TestCase.runTest(TestCase.java:168)
	at junit.framework.TestCase.runBare(TestCase.java:134)
	at junit.framework.TestResult$1.protect(TestResult.java:110)
	at junit.framework.TestResult.runProtected(TestResult.java:128)
	at junit.framework.TestResult.run(TestResult.java:113)
	at junit.framework.TestCase.run(TestCase.java:124)
	at junit.framework.TestSuite.runTest(TestSuite.java:232)
	at junit.framework.TestSuite.run(TestSuite.java:227)
	at junit.framework.TestSuite.runTest(TestSuite.java:232)
	at junit.framework.TestSuite.run(TestSuite.java:227)
	at junit.framework.TestSuite.runTest(TestSuite.java:232)
	at junit.framework.TestSuite.run(TestSuite.java:227)
	at org.apache.tools.ant.taskdefs.optional.junit.JUnitTestRunner.run(JUnitTestRunner.java:420)
	at org.apache.tools.ant.taskdefs.optional.junit.JUnitTestRunner.launch(JUnitTestRunner.java:911)
	at org.apache.tools.ant.taskdefs.optional.junit.JUnitTestRunner.main(JUnitTestRunner.java:768)
generate next id from the idGenerator:count
com.topcoder.util.config.UnknownNamespaceException: com.topcoder.util.log is unknown
	at com.topcoder.util.config.DefaultConfigManager.getPropertyObject(DefaultConfigManager.java:429)
	at com.topcoder.util.config.DefaultConfigManager.getString(DefaultConfigManager.java:449)
	at com.topcoder.util.log.LogFactory.getAttribute(LogFactory.java:224)
	at com.topcoder.util.log.basic.BasicLog.log(BasicLog.java:74)
	at com.topcoder.management.deliverable.PersistenceUploadManager.removeSubmission(PersistenceUploadManager.java:684)
	at com.topcoder.management.deliverable.PersistenceUploadManagerTests.testRemoveSubmission_Accuracy1(PersistenceUploadManagerTests.java:1324)
	at sun.reflect.NativeMethodAccessorImpl.invoke0(Native Method)
	at sun.reflect.NativeMethodAccessorImpl.invoke(NativeMethodAccessorImpl.java:57)
	at sun.reflect.DelegatingMethodAccessorImpl.invoke(DelegatingMethodAccessorImpl.java:43)
	at java.lang.reflect.Method.invoke(Method.java:616)
	at junit.framework.TestCase.runTest(TestCase.java:168)
	at junit.framework.TestCase.runBare(TestCase.java:134)
	at junit.framework.TestResult$1.protect(TestResult.java:110)
	at junit.framework.TestResult.runProtected(TestResult.java:128)
	at junit.framework.TestResult.run(TestResult.java:113)
	at junit.framework.TestCase.run(TestCase.java:124)
	at junit.framework.TestSuite.runTest(TestSuite.java:232)
	at junit.framework.TestSuite.run(TestSuite.java:227)
	at junit.framework.TestSuite.runTest(TestSuite.java:232)
	at junit.framework.TestSuite.run(TestSuite.java:227)
	at junit.framework.TestSuite.runTest(TestSuite.java:232)
	at junit.framework.TestSuite.run(TestSuite.java:227)
	at org.apache.tools.ant.taskdefs.optional.junit.JUnitTestRunner.run(JUnitTestRunner.java:420)
	at org.apache.tools.ant.taskdefs.optional.junit.JUnitTestRunner.launch(JUnitTestRunner.java:911)
	at org.apache.tools.ant.taskdefs.optional.junit.JUnitTestRunner.main(JUnitTestRunner.java:768)
type: Submission id: 1 operator:ModificationUser - remove Submission.
com.topcoder.util.config.UnknownNamespaceException: com.topcoder.util.log is unknown
	at com.topcoder.util.config.DefaultConfigManager.getPropertyObject(DefaultConfigManager.java:429)
	at com.topcoder.util.config.DefaultConfigManager.getString(DefaultConfigManager.java:449)
	at com.topcoder.util.log.LogFactory.getAttribute(LogFactory.java:224)
	at com.topcoder.util.log.basic.BasicLog.log(BasicLog.java:74)
	at com.topcoder.management.deliverable.PersistenceUploadManager.<init>(PersistenceUploadManager.java:260)
	at com.topcoder.management.deliverable.PersistenceUploadManagerTests.setUp(PersistenceUploadManagerTests.java:159)
	at junit.framework.TestCase.runBare(TestCase.java:132)
	at junit.framework.TestResult$1.protect(TestResult.java:110)
	at junit.framework.TestResult.runProtected(TestResult.java:128)
	at junit.framework.TestResult.run(TestResult.java:113)
	at junit.framework.TestCase.run(TestCase.java:124)
	at junit.framework.TestSuite.runTest(TestSuite.java:232)
	at junit.framework.TestSuite.run(TestSuite.java:227)
	at junit.framework.TestSuite.runTest(TestSuite.java:232)
	at junit.framework.TestSuite.run(TestSuite.java:227)
	at junit.framework.TestSuite.runTest(TestSuite.java:232)
	at junit.framework.TestSuite.run(TestSuite.java:227)
	at org.apache.tools.ant.taskdefs.optional.junit.JUnitTestRunner.run(JUnitTestRunner.java:420)
	at org.apache.tools.ant.taskdefs.optional.junit.JUnitTestRunner.launch(JUnitTestRunner.java:911)
	at org.apache.tools.ant.taskdefs.optional.junit.JUnitTestRunner.main(JUnitTestRunner.java:768)
Instantiate PersistenceUploadManager with UploadPersistence, uploadSearchBundle, submissionSearchBundle, uploadIdGenerator, uploadTypeIdGenerator, uploadStatusIdGenerator, submissionIDGenerator and submissionStatusIdGenerator.
com.topcoder.util.config.UnknownNamespaceException: com.topcoder.util.log is unknown
	at com.topcoder.util.config.DefaultConfigManager.getPropertyObject(DefaultConfigManager.java:429)
	at com.topcoder.util.config.DefaultConfigManager.getString(DefaultConfigManager.java:449)
	at com.topcoder.util.log.LogFactory.getAttribute(LogFactory.java:224)
	at com.topcoder.util.log.basic.BasicLog.log(BasicLog.java:74)
	at com.topcoder.management.deliverable.PersistenceUploadManager.getUpload(PersistenceUploadManager.java:406)
	at com.topcoder.management.deliverable.PersistenceUploadManagerTests.testGetSubmission_Invalid(PersistenceUploadManagerTests.java:1351)
	at sun.reflect.NativeMethodAccessorImpl.invoke0(Native Method)
	at sun.reflect.NativeMethodAccessorImpl.invoke(NativeMethodAccessorImpl.java:57)
	at sun.reflect.DelegatingMethodAccessorImpl.invoke(DelegatingMethodAccessorImpl.java:43)
	at java.lang.reflect.Method.invoke(Method.java:616)
	at junit.framework.TestCase.runTest(TestCase.java:168)
	at junit.framework.TestCase.runBare(TestCase.java:134)
	at junit.framework.TestResult$1.protect(TestResult.java:110)
	at junit.framework.TestResult.runProtected(TestResult.java:128)
	at junit.framework.TestResult.run(TestResult.java:113)
	at junit.framework.TestCase.run(TestCase.java:124)
	at junit.framework.TestSuite.runTest(TestSuite.java:232)
	at junit.framework.TestSuite.run(TestSuite.java:227)
	at junit.framework.TestSuite.runTest(TestSuite.java:232)
	at junit.framework.TestSuite.run(TestSuite.java:227)
	at junit.framework.TestSuite.runTest(TestSuite.java:232)
	at junit.framework.TestSuite.run(TestSuite.java:227)
	at org.apache.tools.ant.taskdefs.optional.junit.JUnitTestRunner.run(JUnitTestRunner.java:420)
	at org.apache.tools.ant.taskdefs.optional.junit.JUnitTestRunner.launch(JUnitTestRunner.java:911)
	at org.apache.tools.ant.taskdefs.optional.junit.JUnitTestRunner.main(JUnitTestRunner.java:768)
type: Upload id: 0 operator:Unknown - Retrieve Upload, delegate to persistence.
com.topcoder.util.config.UnknownNamespaceException: com.topcoder.util.log is unknown
	at com.topcoder.util.config.DefaultConfigManager.getPropertyObject(DefaultConfigManager.java:429)
	at com.topcoder.util.config.DefaultConfigManager.getString(DefaultConfigManager.java:449)
	at com.topcoder.util.log.LogFactory.getAttribute(LogFactory.java:224)
	at com.topcoder.util.log.basic.BasicLog.log(BasicLog.java:74)
	at com.topcoder.management.deliverable.PersistenceUploadManager.<init>(PersistenceUploadManager.java:260)
	at com.topcoder.management.deliverable.PersistenceUploadManagerTests.setUp(PersistenceUploadManagerTests.java:159)
	at junit.framework.TestCase.runBare(TestCase.java:132)
	at junit.framework.TestResult$1.protect(TestResult.java:110)
	at junit.framework.TestResult.runProtected(TestResult.java:128)
	at junit.framework.TestResult.run(TestResult.java:113)
	at junit.framework.TestCase.run(TestCase.java:124)
	at junit.framework.TestSuite.runTest(TestSuite.java:232)
	at junit.framework.TestSuite.run(TestSuite.java:227)
	at junit.framework.TestSuite.runTest(TestSuite.java:232)
	at junit.framework.TestSuite.run(TestSuite.java:227)
	at junit.framework.TestSuite.runTest(TestSuite.java:232)
	at junit.framework.TestSuite.run(TestSuite.java:227)
	at org.apache.tools.ant.taskdefs.optional.junit.JUnitTestRunner.run(JUnitTestRunner.java:420)
	at org.apache.tools.ant.taskdefs.optional.junit.JUnitTestRunner.launch(JUnitTestRunner.java:911)
	at org.apache.tools.ant.taskdefs.optional.junit.JUnitTestRunner.main(JUnitTestRunner.java:768)
Instantiate PersistenceUploadManager with UploadPersistence, uploadSearchBundle, submissionSearchBundle, uploadIdGenerator, uploadTypeIdGenerator, uploadStatusIdGenerator, submissionIDGenerator and submissionStatusIdGenerator.
com.topcoder.util.config.UnknownNamespaceException: com.topcoder.util.log is unknown
	at com.topcoder.util.config.DefaultConfigManager.getPropertyObject(DefaultConfigManager.java:429)
	at com.topcoder.util.config.DefaultConfigManager.getString(DefaultConfigManager.java:449)
	at com.topcoder.util.log.LogFactory.getAttribute(LogFactory.java:224)
	at com.topcoder.util.log.basic.BasicLog.log(BasicLog.java:74)
	at com.topcoder.management.deliverable.PersistenceUploadManager.getSubmission(PersistenceUploadManager.java:702)
	at com.topcoder.management.deliverable.PersistenceUploadManagerTests.testGetSubmission_Accuracy(PersistenceUploadManagerTests.java:1366)
	at sun.reflect.NativeMethodAccessorImpl.invoke0(Native Method)
	at sun.reflect.NativeMethodAccessorImpl.invoke(NativeMethodAccessorImpl.java:57)
	at sun.reflect.DelegatingMethodAccessorImpl.invoke(DelegatingMethodAccessorImpl.java:43)
	at java.lang.reflect.Method.invoke(Method.java:616)
	at junit.framework.TestCase.runTest(TestCase.java:168)
	at junit.framework.TestCase.runBare(TestCase.java:134)
	at junit.framework.TestResult$1.protect(TestResult.java:110)
	at junit.framework.TestResult.runProtected(TestResult.java:128)
	at junit.framework.TestResult.run(TestResult.java:113)
	at junit.framework.TestCase.run(TestCase.java:124)
	at junit.framework.TestSuite.runTest(TestSuite.java:232)
	at junit.framework.TestSuite.run(TestSuite.java:227)
	at junit.framework.TestSuite.runTest(TestSuite.java:232)
	at junit.framework.TestSuite.run(TestSuite.java:227)
	at junit.framework.TestSuite.runTest(TestSuite.java:232)
	at junit.framework.TestSuite.run(TestSuite.java:227)
	at org.apache.tools.ant.taskdefs.optional.junit.JUnitTestRunner.run(JUnitTestRunner.java:420)
	at org.apache.tools.ant.taskdefs.optional.junit.JUnitTestRunner.launch(JUnitTestRunner.java:911)
	at org.apache.tools.ant.taskdefs.optional.junit.JUnitTestRunner.main(JUnitTestRunner.java:768)
type: Submission id: 111 operator:Unknown - Retrieve Submission, delegate to persistence.
com.topcoder.util.config.UnknownNamespaceException: com.topcoder.util.log is unknown
	at com.topcoder.util.config.DefaultConfigManager.getPropertyObject(DefaultConfigManager.java:429)
	at com.topcoder.util.config.DefaultConfigManager.getString(DefaultConfigManager.java:449)
	at com.topcoder.util.log.LogFactory.getAttribute(LogFactory.java:224)
	at com.topcoder.util.log.basic.BasicLog.log(BasicLog.java:74)
	at com.topcoder.management.deliverable.PersistenceUploadManager.<init>(PersistenceUploadManager.java:260)
	at com.topcoder.management.deliverable.PersistenceUploadManagerTests.setUp(PersistenceUploadManagerTests.java:159)
	at junit.framework.TestCase.runBare(TestCase.java:132)
	at junit.framework.TestResult$1.protect(TestResult.java:110)
	at junit.framework.TestResult.runProtected(TestResult.java:128)
	at junit.framework.TestResult.run(TestResult.java:113)
	at junit.framework.TestCase.run(TestCase.java:124)
	at junit.framework.TestSuite.runTest(TestSuite.java:232)
	at junit.framework.TestSuite.run(TestSuite.java:227)
	at junit.framework.TestSuite.runTest(TestSuite.java:232)
	at junit.framework.TestSuite.run(TestSuite.java:227)
	at junit.framework.TestSuite.runTest(TestSuite.java:232)
	at junit.framework.TestSuite.run(TestSuite.java:227)
	at org.apache.tools.ant.taskdefs.optional.junit.JUnitTestRunner.run(JUnitTestRunner.java:420)
	at org.apache.tools.ant.taskdefs.optional.junit.JUnitTestRunner.launch(JUnitTestRunner.java:911)
	at org.apache.tools.ant.taskdefs.optional.junit.JUnitTestRunner.main(JUnitTestRunner.java:768)
Instantiate PersistenceUploadManager with UploadPersistence, uploadSearchBundle, submissionSearchBundle, uploadIdGenerator, uploadTypeIdGenerator, uploadStatusIdGenerator, submissionIDGenerator and submissionStatusIdGenerator.
com.topcoder.util.config.UnknownNamespaceException: com.topcoder.util.log is unknown
	at com.topcoder.util.config.DefaultConfigManager.getPropertyObject(DefaultConfigManager.java:429)
	at com.topcoder.util.config.DefaultConfigManager.getString(DefaultConfigManager.java:449)
	at com.topcoder.util.log.LogFactory.getAttribute(LogFactory.java:224)
	at com.topcoder.util.log.basic.BasicLog.log(BasicLog.java:74)
	at com.topcoder.management.deliverable.PersistenceUploadManager.<init>(PersistenceUploadManager.java:260)
	at com.topcoder.management.deliverable.PersistenceUploadManagerTests.setUp(PersistenceUploadManagerTests.java:159)
	at junit.framework.TestCase.runBare(TestCase.java:132)
	at junit.framework.TestResult$1.protect(TestResult.java:110)
	at junit.framework.TestResult.runProtected(TestResult.java:128)
	at junit.framework.TestResult.run(TestResult.java:113)
	at junit.framework.TestCase.run(TestCase.java:124)
	at junit.framework.TestSuite.runTest(TestSuite.java:232)
	at junit.framework.TestSuite.run(TestSuite.java:227)
	at junit.framework.TestSuite.runTest(TestSuite.java:232)
	at junit.framework.TestSuite.run(TestSuite.java:227)
	at junit.framework.TestSuite.runTest(TestSuite.java:232)
	at junit.framework.TestSuite.run(TestSuite.java:227)
	at org.apache.tools.ant.taskdefs.optional.junit.JUnitTestRunner.run(JUnitTestRunner.java:420)
	at org.apache.tools.ant.taskdefs.optional.junit.JUnitTestRunner.launch(JUnitTestRunner.java:911)
	at org.apache.tools.ant.taskdefs.optional.junit.JUnitTestRunner.main(JUnitTestRunner.java:768)
Instantiate PersistenceUploadManager with UploadPersistence, uploadSearchBundle, submissionSearchBundle, uploadIdGenerator, uploadTypeIdGenerator, uploadStatusIdGenerator, submissionIDGenerator and submissionStatusIdGenerator.
com.topcoder.util.config.UnknownNamespaceException: com.topcoder.util.log is unknown
	at com.topcoder.util.config.DefaultConfigManager.getPropertyObject(DefaultConfigManager.java:429)
	at com.topcoder.util.config.DefaultConfigManager.getString(DefaultConfigManager.java:449)
	at com.topcoder.util.log.LogFactory.getAttribute(LogFactory.java:224)
	at com.topcoder.util.log.basic.BasicLog.log(BasicLog.java:74)
	at com.topcoder.management.deliverable.PersistenceUploadManager.createSubmissionStatus(PersistenceUploadManager.java:748)
	at com.topcoder.management.deliverable.PersistenceUploadManagerTests.testCreateSubmissionStatus_Null1(PersistenceUploadManagerTests.java:1395)
	at sun.reflect.NativeMethodAccessorImpl.invoke0(Native Method)
	at sun.reflect.NativeMethodAccessorImpl.invoke(NativeMethodAccessorImpl.java:57)
	at sun.reflect.DelegatingMethodAccessorImpl.invoke(DelegatingMethodAccessorImpl.java:43)
	at java.lang.reflect.Method.invoke(Method.java:616)
	at junit.framework.TestCase.runTest(TestCase.java:168)
	at junit.framework.TestCase.runBare(TestCase.java:134)
	at junit.framework.TestResult$1.protect(TestResult.java:110)
	at junit.framework.TestResult.runProtected(TestResult.java:128)
	at junit.framework.TestResult.run(TestResult.java:113)
	at junit.framework.TestCase.run(TestCase.java:124)
	at junit.framework.TestSuite.runTest(TestSuite.java:232)
	at junit.framework.TestSuite.run(TestSuite.java:227)
	at junit.framework.TestSuite.runTest(TestSuite.java:232)
	at junit.framework.TestSuite.run(TestSuite.java:227)
	at junit.framework.TestSuite.runTest(TestSuite.java:232)
	at junit.framework.TestSuite.run(TestSuite.java:227)
	at org.apache.tools.ant.taskdefs.optional.junit.JUnitTestRunner.run(JUnitTestRunner.java:420)
	at org.apache.tools.ant.taskdefs.optional.junit.JUnitTestRunner.launch(JUnitTestRunner.java:911)
	at org.apache.tools.ant.taskdefs.optional.junit.JUnitTestRunner.main(JUnitTestRunner.java:768)
type: SubmissionStatus id: Unknown operator:user - create new SubmissionStatus.
com.topcoder.util.config.UnknownNamespaceException: com.topcoder.util.log is unknown
	at com.topcoder.util.config.DefaultConfigManager.getPropertyObject(DefaultConfigManager.java:429)
	at com.topcoder.util.config.DefaultConfigManager.getString(DefaultConfigManager.java:449)
	at com.topcoder.util.log.LogFactory.getAttribute(LogFactory.java:224)
	at com.topcoder.util.log.basic.BasicLog.log(BasicLog.java:74)
	at com.topcoder.management.deliverable.PersistenceUploadManager.<init>(PersistenceUploadManager.java:260)
	at com.topcoder.management.deliverable.PersistenceUploadManagerTests.setUp(PersistenceUploadManagerTests.java:159)
	at junit.framework.TestCase.runBare(TestCase.java:132)
	at junit.framework.TestResult$1.protect(TestResult.java:110)
	at junit.framework.TestResult.runProtected(TestResult.java:128)
	at junit.framework.TestResult.run(TestResult.java:113)
	at junit.framework.TestCase.run(TestCase.java:124)
	at junit.framework.TestSuite.runTest(TestSuite.java:232)
	at junit.framework.TestSuite.run(TestSuite.java:227)
	at junit.framework.TestSuite.runTest(TestSuite.java:232)
	at junit.framework.TestSuite.run(TestSuite.java:227)
	at junit.framework.TestSuite.runTest(TestSuite.java:232)
	at junit.framework.TestSuite.run(TestSuite.java:227)
	at org.apache.tools.ant.taskdefs.optional.junit.JUnitTestRunner.run(JUnitTestRunner.java:420)
	at org.apache.tools.ant.taskdefs.optional.junit.JUnitTestRunner.launch(JUnitTestRunner.java:911)
	at org.apache.tools.ant.taskdefs.optional.junit.JUnitTestRunner.main(JUnitTestRunner.java:768)
Instantiate PersistenceUploadManager with UploadPersistence, uploadSearchBundle, submissionSearchBundle, uploadIdGenerator, uploadTypeIdGenerator, uploadStatusIdGenerator, submissionIDGenerator and submissionStatusIdGenerator.
com.topcoder.util.config.UnknownNamespaceException: com.topcoder.util.log is unknown
	at com.topcoder.util.config.DefaultConfigManager.getPropertyObject(DefaultConfigManager.java:429)
	at com.topcoder.util.config.DefaultConfigManager.getString(DefaultConfigManager.java:449)
	at com.topcoder.util.log.LogFactory.getAttribute(LogFactory.java:224)
	at com.topcoder.util.log.basic.BasicLog.log(BasicLog.java:74)
	at com.topcoder.management.deliverable.PersistenceUploadManager.createSubmissionStatus(PersistenceUploadManager.java:748)
	at com.topcoder.management.deliverable.PersistenceUploadManagerTests.testCreateSubmissionStatus_Null2(PersistenceUploadManagerTests.java:1410)
	at sun.reflect.NativeMethodAccessorImpl.invoke0(Native Method)
	at sun.reflect.NativeMethodAccessorImpl.invoke(NativeMethodAccessorImpl.java:57)
	at sun.reflect.DelegatingMethodAccessorImpl.invoke(DelegatingMethodAccessorImpl.java:43)
	at java.lang.reflect.Method.invoke(Method.java:616)
	at junit.framework.TestCase.runTest(TestCase.java:168)
	at junit.framework.TestCase.runBare(TestCase.java:134)
	at junit.framework.TestResult$1.protect(TestResult.java:110)
	at junit.framework.TestResult.runProtected(TestResult.java:128)
	at junit.framework.TestResult.run(TestResult.java:113)
	at junit.framework.TestCase.run(TestCase.java:124)
	at junit.framework.TestSuite.runTest(TestSuite.java:232)
	at junit.framework.TestSuite.run(TestSuite.java:227)
	at junit.framework.TestSuite.runTest(TestSuite.java:232)
	at junit.framework.TestSuite.run(TestSuite.java:227)
	at junit.framework.TestSuite.runTest(TestSuite.java:232)
	at junit.framework.TestSuite.run(TestSuite.java:227)
	at org.apache.tools.ant.taskdefs.optional.junit.JUnitTestRunner.run(JUnitTestRunner.java:420)
	at org.apache.tools.ant.taskdefs.optional.junit.JUnitTestRunner.launch(JUnitTestRunner.java:911)
	at org.apache.tools.ant.taskdefs.optional.junit.JUnitTestRunner.main(JUnitTestRunner.java:768)
type: SubmissionStatus id: Unknown operator:Unknown - create new SubmissionStatus.
com.topcoder.util.config.UnknownNamespaceException: com.topcoder.util.log is unknown
	at com.topcoder.util.config.DefaultConfigManager.getPropertyObject(DefaultConfigManager.java:429)
	at com.topcoder.util.config.DefaultConfigManager.getString(DefaultConfigManager.java:449)
	at com.topcoder.util.log.LogFactory.getAttribute(LogFactory.java:224)
	at com.topcoder.util.log.basic.BasicLog.log(BasicLog.java:74)
	at com.topcoder.management.deliverable.PersistenceUploadManager.<init>(PersistenceUploadManager.java:260)
	at com.topcoder.management.deliverable.PersistenceUploadManagerTests.setUp(PersistenceUploadManagerTests.java:159)
	at junit.framework.TestCase.runBare(TestCase.java:132)
	at junit.framework.TestResult$1.protect(TestResult.java:110)
	at junit.framework.TestResult.runProtected(TestResult.java:128)
	at junit.framework.TestResult.run(TestResult.java:113)
	at junit.framework.TestCase.run(TestCase.java:124)
	at junit.framework.TestSuite.runTest(TestSuite.java:232)
	at junit.framework.TestSuite.run(TestSuite.java:227)
	at junit.framework.TestSuite.runTest(TestSuite.java:232)
	at junit.framework.TestSuite.run(TestSuite.java:227)
	at junit.framework.TestSuite.runTest(TestSuite.java:232)
	at junit.framework.TestSuite.run(TestSuite.java:227)
	at org.apache.tools.ant.taskdefs.optional.junit.JUnitTestRunner.run(JUnitTestRunner.java:420)
	at org.apache.tools.ant.taskdefs.optional.junit.JUnitTestRunner.launch(JUnitTestRunner.java:911)
	at org.apache.tools.ant.taskdefs.optional.junit.JUnitTestRunner.main(JUnitTestRunner.java:768)
Instantiate PersistenceUploadManager with UploadPersistence, uploadSearchBundle, submissionSearchBundle, uploadIdGenerator, uploadTypeIdGenerator, uploadStatusIdGenerator, submissionIDGenerator and submissionStatusIdGenerator.
com.topcoder.util.config.UnknownNamespaceException: com.topcoder.util.log is unknown
	at com.topcoder.util.config.DefaultConfigManager.getPropertyObject(DefaultConfigManager.java:429)
	at com.topcoder.util.config.DefaultConfigManager.getString(DefaultConfigManager.java:449)
	at com.topcoder.util.log.LogFactory.getAttribute(LogFactory.java:224)
	at com.topcoder.util.log.basic.BasicLog.log(BasicLog.java:74)
	at com.topcoder.management.deliverable.PersistenceUploadManager.createSubmissionStatus(PersistenceUploadManager.java:748)
	at com.topcoder.management.deliverable.PersistenceUploadManagerTests.testCreateSubmissionStatus_Invalid1(PersistenceUploadManagerTests.java:1425)
	at sun.reflect.NativeMethodAccessorImpl.invoke0(Native Method)
	at sun.reflect.NativeMethodAccessorImpl.invoke(NativeMethodAccessorImpl.java:57)
	at sun.reflect.DelegatingMethodAccessorImpl.invoke(DelegatingMethodAccessorImpl.java:43)
	at java.lang.reflect.Method.invoke(Method.java:616)
	at junit.framework.TestCase.runTest(TestCase.java:168)
	at junit.framework.TestCase.runBare(TestCase.java:134)
	at junit.framework.TestResult$1.protect(TestResult.java:110)
	at junit.framework.TestResult.runProtected(TestResult.java:128)
	at junit.framework.TestResult.run(TestResult.java:113)
	at junit.framework.TestCase.run(TestCase.java:124)
	at junit.framework.TestSuite.runTest(TestSuite.java:232)
	at junit.framework.TestSuite.run(TestSuite.java:227)
	at junit.framework.TestSuite.runTest(TestSuite.java:232)
	at junit.framework.TestSuite.run(TestSuite.java:227)
	at junit.framework.TestSuite.runTest(TestSuite.java:232)
	at junit.framework.TestSuite.run(TestSuite.java:227)
	at org.apache.tools.ant.taskdefs.optional.junit.JUnitTestRunner.run(JUnitTestRunner.java:420)
	at org.apache.tools.ant.taskdefs.optional.junit.JUnitTestRunner.launch(JUnitTestRunner.java:911)
	at org.apache.tools.ant.taskdefs.optional.junit.JUnitTestRunner.main(JUnitTestRunner.java:768)
type: SubmissionStatus id: Unknown operator:user - create new SubmissionStatus.
com.topcoder.util.config.UnknownNamespaceException: com.topcoder.util.log is unknown
	at com.topcoder.util.config.DefaultConfigManager.getPropertyObject(DefaultConfigManager.java:429)
	at com.topcoder.util.config.DefaultConfigManager.getString(DefaultConfigManager.java:449)
	at com.topcoder.util.log.LogFactory.getAttribute(LogFactory.java:224)
	at com.topcoder.util.log.basic.BasicLog.log(BasicLog.java:74)
	at com.topcoder.management.deliverable.PersistenceUploadManager.persistenceUploadManagerHelper(PersistenceUploadManager.java:954)
	at com.topcoder.management.deliverable.PersistenceUploadManager.createSubmissionStatus(PersistenceUploadManager.java:749)
	at com.topcoder.management.deliverable.PersistenceUploadManagerTests.testCreateSubmissionStatus_Invalid1(PersistenceUploadManagerTests.java:1425)
	at sun.reflect.NativeMethodAccessorImpl.invoke0(Native Method)
	at sun.reflect.NativeMethodAccessorImpl.invoke(NativeMethodAccessorImpl.java:57)
	at sun.reflect.DelegatingMethodAccessorImpl.invoke(DelegatingMethodAccessorImpl.java:43)
	at java.lang.reflect.Method.invoke(Method.java:616)
	at junit.framework.TestCase.runTest(TestCase.java:168)
	at junit.framework.TestCase.runBare(TestCase.java:134)
	at junit.framework.TestResult$1.protect(TestResult.java:110)
	at junit.framework.TestResult.runProtected(TestResult.java:128)
	at junit.framework.TestResult.run(TestResult.java:113)
	at junit.framework.TestCase.run(TestCase.java:124)
	at junit.framework.TestSuite.runTest(TestSuite.java:232)
	at junit.framework.TestSuite.run(TestSuite.java:227)
	at junit.framework.TestSuite.runTest(TestSuite.java:232)
	at junit.framework.TestSuite.run(TestSuite.java:227)
	at junit.framework.TestSuite.runTest(TestSuite.java:232)
	at junit.framework.TestSuite.run(TestSuite.java:227)
	at org.apache.tools.ant.taskdefs.optional.junit.JUnitTestRunner.run(JUnitTestRunner.java:420)
	at org.apache.tools.ant.taskdefs.optional.junit.JUnitTestRunner.launch(JUnitTestRunner.java:911)
	at org.apache.tools.ant.taskdefs.optional.junit.JUnitTestRunner.main(JUnitTestRunner.java:768)
The id of the submissionStatus must be UNSET_ID, 10 received
com.topcoder.util.config.UnknownNamespaceException: com.topcoder.util.log is unknown
	at com.topcoder.util.config.DefaultConfigManager.getPropertyObject(DefaultConfigManager.java:429)
	at com.topcoder.util.config.DefaultConfigManager.getString(DefaultConfigManager.java:449)
	at com.topcoder.util.log.LogFactory.getAttribute(LogFactory.java:224)
	at com.topcoder.util.log.basic.BasicLog.log(BasicLog.java:74)
	at com.topcoder.management.deliverable.PersistenceUploadManager.<init>(PersistenceUploadManager.java:260)
	at com.topcoder.management.deliverable.PersistenceUploadManagerTests.setUp(PersistenceUploadManagerTests.java:159)
	at junit.framework.TestCase.runBare(TestCase.java:132)
	at junit.framework.TestResult$1.protect(TestResult.java:110)
	at junit.framework.TestResult.runProtected(TestResult.java:128)
	at junit.framework.TestResult.run(TestResult.java:113)
	at junit.framework.TestCase.run(TestCase.java:124)
	at junit.framework.TestSuite.runTest(TestSuite.java:232)
	at junit.framework.TestSuite.run(TestSuite.java:227)
	at junit.framework.TestSuite.runTest(TestSuite.java:232)
	at junit.framework.TestSuite.run(TestSuite.java:227)
	at junit.framework.TestSuite.runTest(TestSuite.java:232)
	at junit.framework.TestSuite.run(TestSuite.java:227)
	at org.apache.tools.ant.taskdefs.optional.junit.JUnitTestRunner.run(JUnitTestRunner.java:420)
	at org.apache.tools.ant.taskdefs.optional.junit.JUnitTestRunner.launch(JUnitTestRunner.java:911)
	at org.apache.tools.ant.taskdefs.optional.junit.JUnitTestRunner.main(JUnitTestRunner.java:768)
Instantiate PersistenceUploadManager with UploadPersistence, uploadSearchBundle, submissionSearchBundle, uploadIdGenerator, uploadTypeIdGenerator, uploadStatusIdGenerator, submissionIDGenerator and submissionStatusIdGenerator.
com.topcoder.util.config.UnknownNamespaceException: com.topcoder.util.log is unknown
	at com.topcoder.util.config.DefaultConfigManager.getPropertyObject(DefaultConfigManager.java:429)
	at com.topcoder.util.config.DefaultConfigManager.getString(DefaultConfigManager.java:449)
	at com.topcoder.util.log.LogFactory.getAttribute(LogFactory.java:224)
	at com.topcoder.util.log.basic.BasicLog.log(BasicLog.java:74)
	at com.topcoder.management.deliverable.PersistenceUploadManager.createSubmissionStatus(PersistenceUploadManager.java:748)
	at com.topcoder.management.deliverable.PersistenceUploadManagerTests.testCreateSubmissionStatus_Accuracy1(PersistenceUploadManagerTests.java:1445)
	at sun.reflect.NativeMethodAccessorImpl.invoke0(Native Method)
	at sun.reflect.NativeMethodAccessorImpl.invoke(NativeMethodAccessorImpl.java:57)
	at sun.reflect.DelegatingMethodAccessorImpl.invoke(DelegatingMethodAccessorImpl.java:43)
	at java.lang.reflect.Method.invoke(Method.java:616)
	at junit.framework.TestCase.runTest(TestCase.java:168)
	at junit.framework.TestCase.runBare(TestCase.java:134)
	at junit.framework.TestResult$1.protect(TestResult.java:110)
	at junit.framework.TestResult.runProtected(TestResult.java:128)
	at junit.framework.TestResult.run(TestResult.java:113)
	at junit.framework.TestCase.run(TestCase.java:124)
	at junit.framework.TestSuite.runTest(TestSuite.java:232)
	at junit.framework.TestSuite.run(TestSuite.java:227)
	at junit.framework.TestSuite.runTest(TestSuite.java:232)
	at junit.framework.TestSuite.run(TestSuite.java:227)
	at junit.framework.TestSuite.runTest(TestSuite.java:232)
	at junit.framework.TestSuite.run(TestSuite.java:227)
	at org.apache.tools.ant.taskdefs.optional.junit.JUnitTestRunner.run(JUnitTestRunner.java:420)
	at org.apache.tools.ant.taskdefs.optional.junit.JUnitTestRunner.launch(JUnitTestRunner.java:911)
	at org.apache.tools.ant.taskdefs.optional.junit.JUnitTestRunner.main(JUnitTestRunner.java:768)
type: SubmissionStatus id: Unknown operator:user - create new SubmissionStatus.
com.topcoder.util.config.UnknownNamespaceException: com.topcoder.util.log is unknown
	at com.topcoder.util.config.DefaultConfigManager.getPropertyObject(DefaultConfigManager.java:429)
	at com.topcoder.util.config.DefaultConfigManager.getString(DefaultConfigManager.java:449)
	at com.topcoder.util.log.LogFactory.getAttribute(LogFactory.java:224)
	at com.topcoder.util.log.basic.BasicLog.log(BasicLog.java:74)
	at com.topcoder.management.deliverable.PersistenceUploadManager.persistenceUploadManagerHelper(PersistenceUploadManager.java:966)
	at com.topcoder.management.deliverable.PersistenceUploadManager.createSubmissionStatus(PersistenceUploadManager.java:749)
	at com.topcoder.management.deliverable.PersistenceUploadManagerTests.testCreateSubmissionStatus_Accuracy1(PersistenceUploadManagerTests.java:1445)
	at sun.reflect.NativeMethodAccessorImpl.invoke0(Native Method)
	at sun.reflect.NativeMethodAccessorImpl.invoke(NativeMethodAccessorImpl.java:57)
	at sun.reflect.DelegatingMethodAccessorImpl.invoke(DelegatingMethodAccessorImpl.java:43)
	at java.lang.reflect.Method.invoke(Method.java:616)
	at junit.framework.TestCase.runTest(TestCase.java:168)
	at junit.framework.TestCase.runBare(TestCase.java:134)
	at junit.framework.TestResult$1.protect(TestResult.java:110)
	at junit.framework.TestResult.runProtected(TestResult.java:128)
	at junit.framework.TestResult.run(TestResult.java:113)
	at junit.framework.TestCase.run(TestCase.java:124)
	at junit.framework.TestSuite.runTest(TestSuite.java:232)
	at junit.framework.TestSuite.run(TestSuite.java:227)
	at junit.framework.TestSuite.runTest(TestSuite.java:232)
	at junit.framework.TestSuite.run(TestSuite.java:227)
	at junit.framework.TestSuite.runTest(TestSuite.java:232)
	at junit.framework.TestSuite.run(TestSuite.java:227)
	at org.apache.tools.ant.taskdefs.optional.junit.JUnitTestRunner.run(JUnitTestRunner.java:420)
	at org.apache.tools.ant.taskdefs.optional.junit.JUnitTestRunner.launch(JUnitTestRunner.java:911)
	at org.apache.tools.ant.taskdefs.optional.junit.JUnitTestRunner.main(JUnitTestRunner.java:768)
generate next id from the idGenerator:count
com.topcoder.util.config.UnknownNamespaceException: com.topcoder.util.log is unknown
	at com.topcoder.util.config.DefaultConfigManager.getPropertyObject(DefaultConfigManager.java:429)
	at com.topcoder.util.config.DefaultConfigManager.getString(DefaultConfigManager.java:449)
	at com.topcoder.util.log.LogFactory.getAttribute(LogFactory.java:224)
	at com.topcoder.util.log.basic.BasicLog.log(BasicLog.java:74)
	at com.topcoder.management.deliverable.PersistenceUploadManager.<init>(PersistenceUploadManager.java:260)
	at com.topcoder.management.deliverable.PersistenceUploadManagerTests.setUp(PersistenceUploadManagerTests.java:159)
	at junit.framework.TestCase.runBare(TestCase.java:132)
	at junit.framework.TestResult$1.protect(TestResult.java:110)
	at junit.framework.TestResult.runProtected(TestResult.java:128)
	at junit.framework.TestResult.run(TestResult.java:113)
	at junit.framework.TestCase.run(TestCase.java:124)
	at junit.framework.TestSuite.runTest(TestSuite.java:232)
	at junit.framework.TestSuite.run(TestSuite.java:227)
	at junit.framework.TestSuite.runTest(TestSuite.java:232)
	at junit.framework.TestSuite.run(TestSuite.java:227)
	at junit.framework.TestSuite.runTest(TestSuite.java:232)
	at junit.framework.TestSuite.run(TestSuite.java:227)
	at org.apache.tools.ant.taskdefs.optional.junit.JUnitTestRunner.run(JUnitTestRunner.java:420)
	at org.apache.tools.ant.taskdefs.optional.junit.JUnitTestRunner.launch(JUnitTestRunner.java:911)
	at org.apache.tools.ant.taskdefs.optional.junit.JUnitTestRunner.main(JUnitTestRunner.java:768)
Instantiate PersistenceUploadManager with UploadPersistence, uploadSearchBundle, submissionSearchBundle, uploadIdGenerator, uploadTypeIdGenerator, uploadStatusIdGenerator, submissionIDGenerator and submissionStatusIdGenerator.
com.topcoder.util.config.UnknownNamespaceException: com.topcoder.util.log is unknown
	at com.topcoder.util.config.DefaultConfigManager.getPropertyObject(DefaultConfigManager.java:429)
	at com.topcoder.util.config.DefaultConfigManager.getString(DefaultConfigManager.java:449)
	at com.topcoder.util.log.LogFactory.getAttribute(LogFactory.java:224)
	at com.topcoder.util.log.basic.BasicLog.log(BasicLog.java:74)
	at com.topcoder.management.deliverable.PersistenceUploadManager.updateSubmissionStatus(PersistenceUploadManager.java:776)
	at com.topcoder.management.deliverable.PersistenceUploadManagerTests.testUpdateSubmissionStatus_Null1(PersistenceUploadManagerTests.java:1473)
	at sun.reflect.NativeMethodAccessorImpl.invoke0(Native Method)
	at sun.reflect.NativeMethodAccessorImpl.invoke(NativeMethodAccessorImpl.java:57)
	at sun.reflect.DelegatingMethodAccessorImpl.invoke(DelegatingMethodAccessorImpl.java:43)
	at java.lang.reflect.Method.invoke(Method.java:616)
	at junit.framework.TestCase.runTest(TestCase.java:168)
	at junit.framework.TestCase.runBare(TestCase.java:134)
	at junit.framework.TestResult$1.protect(TestResult.java:110)
	at junit.framework.TestResult.runProtected(TestResult.java:128)
	at junit.framework.TestResult.run(TestResult.java:113)
	at junit.framework.TestCase.run(TestCase.java:124)
	at junit.framework.TestSuite.runTest(TestSuite.java:232)
	at junit.framework.TestSuite.run(TestSuite.java:227)
	at junit.framework.TestSuite.runTest(TestSuite.java:232)
	at junit.framework.TestSuite.run(TestSuite.java:227)
	at junit.framework.TestSuite.runTest(TestSuite.java:232)
	at junit.framework.TestSuite.run(TestSuite.java:227)
	at org.apache.tools.ant.taskdefs.optional.junit.JUnitTestRunner.run(JUnitTestRunner.java:420)
	at org.apache.tools.ant.taskdefs.optional.junit.JUnitTestRunner.launch(JUnitTestRunner.java:911)
	at org.apache.tools.ant.taskdefs.optional.junit.JUnitTestRunner.main(JUnitTestRunner.java:768)
type: SubmissionStatus id: -1 operator:user - update SubmissionStatus.
com.topcoder.util.config.UnknownNamespaceException: com.topcoder.util.log is unknown
	at com.topcoder.util.config.DefaultConfigManager.getPropertyObject(DefaultConfigManager.java:429)
	at com.topcoder.util.config.DefaultConfigManager.getString(DefaultConfigManager.java:449)
	at com.topcoder.util.log.LogFactory.getAttribute(LogFactory.java:224)
	at com.topcoder.util.log.basic.BasicLog.log(BasicLog.java:74)
	at com.topcoder.management.deliverable.PersistenceUploadManager.<init>(PersistenceUploadManager.java:260)
	at com.topcoder.management.deliverable.PersistenceUploadManagerTests.setUp(PersistenceUploadManagerTests.java:159)
	at junit.framework.TestCase.runBare(TestCase.java:132)
	at junit.framework.TestResult$1.protect(TestResult.java:110)
	at junit.framework.TestResult.runProtected(TestResult.java:128)
	at junit.framework.TestResult.run(TestResult.java:113)
	at junit.framework.TestCase.run(TestCase.java:124)
	at junit.framework.TestSuite.runTest(TestSuite.java:232)
	at junit.framework.TestSuite.run(TestSuite.java:227)
	at junit.framework.TestSuite.runTest(TestSuite.java:232)
	at junit.framework.TestSuite.run(TestSuite.java:227)
	at junit.framework.TestSuite.runTest(TestSuite.java:232)
	at junit.framework.TestSuite.run(TestSuite.java:227)
	at org.apache.tools.ant.taskdefs.optional.junit.JUnitTestRunner.run(JUnitTestRunner.java:420)
	at org.apache.tools.ant.taskdefs.optional.junit.JUnitTestRunner.launch(JUnitTestRunner.java:911)
	at org.apache.tools.ant.taskdefs.optional.junit.JUnitTestRunner.main(JUnitTestRunner.java:768)
Instantiate PersistenceUploadManager with UploadPersistence, uploadSearchBundle, submissionSearchBundle, uploadIdGenerator, uploadTypeIdGenerator, uploadStatusIdGenerator, submissionIDGenerator and submissionStatusIdGenerator.
com.topcoder.util.config.UnknownNamespaceException: com.topcoder.util.log is unknown
	at com.topcoder.util.config.DefaultConfigManager.getPropertyObject(DefaultConfigManager.java:429)
	at com.topcoder.util.config.DefaultConfigManager.getString(DefaultConfigManager.java:449)
	at com.topcoder.util.log.LogFactory.getAttribute(LogFactory.java:224)
	at com.topcoder.util.log.basic.BasicLog.log(BasicLog.java:74)
	at com.topcoder.management.deliverable.PersistenceUploadManager.updateSubmissionStatus(PersistenceUploadManager.java:776)
	at com.topcoder.management.deliverable.PersistenceUploadManagerTests.testUpdateSubmissionStatus_Null2(PersistenceUploadManagerTests.java:1488)
	at sun.reflect.NativeMethodAccessorImpl.invoke0(Native Method)
	at sun.reflect.NativeMethodAccessorImpl.invoke(NativeMethodAccessorImpl.java:57)
	at sun.reflect.DelegatingMethodAccessorImpl.invoke(DelegatingMethodAccessorImpl.java:43)
	at java.lang.reflect.Method.invoke(Method.java:616)
	at junit.framework.TestCase.runTest(TestCase.java:168)
	at junit.framework.TestCase.runBare(TestCase.java:134)
	at junit.framework.TestResult$1.protect(TestResult.java:110)
	at junit.framework.TestResult.runProtected(TestResult.java:128)
	at junit.framework.TestResult.run(TestResult.java:113)
	at junit.framework.TestCase.run(TestCase.java:124)
	at junit.framework.TestSuite.runTest(TestSuite.java:232)
	at junit.framework.TestSuite.run(TestSuite.java:227)
	at junit.framework.TestSuite.runTest(TestSuite.java:232)
	at junit.framework.TestSuite.run(TestSuite.java:227)
	at junit.framework.TestSuite.runTest(TestSuite.java:232)
	at junit.framework.TestSuite.run(TestSuite.java:227)
	at org.apache.tools.ant.taskdefs.optional.junit.JUnitTestRunner.run(JUnitTestRunner.java:420)
	at org.apache.tools.ant.taskdefs.optional.junit.JUnitTestRunner.launch(JUnitTestRunner.java:911)
	at org.apache.tools.ant.taskdefs.optional.junit.JUnitTestRunner.main(JUnitTestRunner.java:768)
type: SubmissionStatus id: -1 operator:Unknown - update SubmissionStatus.
com.topcoder.util.config.UnknownNamespaceException: com.topcoder.util.log is unknown
	at com.topcoder.util.config.DefaultConfigManager.getPropertyObject(DefaultConfigManager.java:429)
	at com.topcoder.util.config.DefaultConfigManager.getString(DefaultConfigManager.java:449)
	at com.topcoder.util.log.LogFactory.getAttribute(LogFactory.java:224)
	at com.topcoder.util.log.basic.BasicLog.log(BasicLog.java:74)
	at com.topcoder.management.deliverable.PersistenceUploadManager.<init>(PersistenceUploadManager.java:260)
	at com.topcoder.management.deliverable.PersistenceUploadManagerTests.setUp(PersistenceUploadManagerTests.java:159)
	at junit.framework.TestCase.runBare(TestCase.java:132)
	at junit.framework.TestResult$1.protect(TestResult.java:110)
	at junit.framework.TestResult.runProtected(TestResult.java:128)
	at junit.framework.TestResult.run(TestResult.java:113)
	at junit.framework.TestCase.run(TestCase.java:124)
	at junit.framework.TestSuite.runTest(TestSuite.java:232)
	at junit.framework.TestSuite.run(TestSuite.java:227)
	at junit.framework.TestSuite.runTest(TestSuite.java:232)
	at junit.framework.TestSuite.run(TestSuite.java:227)
	at junit.framework.TestSuite.runTest(TestSuite.java:232)
	at junit.framework.TestSuite.run(TestSuite.java:227)
	at org.apache.tools.ant.taskdefs.optional.junit.JUnitTestRunner.run(JUnitTestRunner.java:420)
	at org.apache.tools.ant.taskdefs.optional.junit.JUnitTestRunner.launch(JUnitTestRunner.java:911)
	at org.apache.tools.ant.taskdefs.optional.junit.JUnitTestRunner.main(JUnitTestRunner.java:768)
Instantiate PersistenceUploadManager with UploadPersistence, uploadSearchBundle, submissionSearchBundle, uploadIdGenerator, uploadTypeIdGenerator, uploadStatusIdGenerator, submissionIDGenerator and submissionStatusIdGenerator.
com.topcoder.util.config.UnknownNamespaceException: com.topcoder.util.log is unknown
	at com.topcoder.util.config.DefaultConfigManager.getPropertyObject(DefaultConfigManager.java:429)
	at com.topcoder.util.config.DefaultConfigManager.getString(DefaultConfigManager.java:449)
	at com.topcoder.util.log.LogFactory.getAttribute(LogFactory.java:224)
	at com.topcoder.util.log.basic.BasicLog.log(BasicLog.java:74)
	at com.topcoder.management.deliverable.PersistenceUploadManager.updateSubmissionStatus(PersistenceUploadManager.java:776)
	at com.topcoder.management.deliverable.PersistenceUploadManagerTests.testUpdateSubmissionStatus_Invalid1(PersistenceUploadManagerTests.java:1503)
	at sun.reflect.NativeMethodAccessorImpl.invoke0(Native Method)
	at sun.reflect.NativeMethodAccessorImpl.invoke(NativeMethodAccessorImpl.java:57)
	at sun.reflect.DelegatingMethodAccessorImpl.invoke(DelegatingMethodAccessorImpl.java:43)
	at java.lang.reflect.Method.invoke(Method.java:616)
	at junit.framework.TestCase.runTest(TestCase.java:168)
	at junit.framework.TestCase.runBare(TestCase.java:134)
	at junit.framework.TestResult$1.protect(TestResult.java:110)
	at junit.framework.TestResult.runProtected(TestResult.java:128)
	at junit.framework.TestResult.run(TestResult.java:113)
	at junit.framework.TestCase.run(TestCase.java:124)
	at junit.framework.TestSuite.runTest(TestSuite.java:232)
	at junit.framework.TestSuite.run(TestSuite.java:227)
	at junit.framework.TestSuite.runTest(TestSuite.java:232)
	at junit.framework.TestSuite.run(TestSuite.java:227)
	at junit.framework.TestSuite.runTest(TestSuite.java:232)
	at junit.framework.TestSuite.run(TestSuite.java:227)
	at org.apache.tools.ant.taskdefs.optional.junit.JUnitTestRunner.run(JUnitTestRunner.java:420)
	at org.apache.tools.ant.taskdefs.optional.junit.JUnitTestRunner.launch(JUnitTestRunner.java:911)
	at org.apache.tools.ant.taskdefs.optional.junit.JUnitTestRunner.main(JUnitTestRunner.java:768)
type: SubmissionStatus id: -1 operator:user - update SubmissionStatus.
com.topcoder.util.config.UnknownNamespaceException: com.topcoder.util.log is unknown
	at com.topcoder.util.config.DefaultConfigManager.getPropertyObject(DefaultConfigManager.java:429)
	at com.topcoder.util.config.DefaultConfigManager.getString(DefaultConfigManager.java:449)
	at com.topcoder.util.log.LogFactory.getAttribute(LogFactory.java:224)
	at com.topcoder.util.log.basic.BasicLog.log(BasicLog.java:74)
	at com.topcoder.management.deliverable.PersistenceUploadManager.persistenceUploadManagerHelper(PersistenceUploadManager.java:977)
	at com.topcoder.management.deliverable.PersistenceUploadManager.updateSubmissionStatus(PersistenceUploadManager.java:778)
	at com.topcoder.management.deliverable.PersistenceUploadManagerTests.testUpdateSubmissionStatus_Invalid1(PersistenceUploadManagerTests.java:1503)
	at sun.reflect.NativeMethodAccessorImpl.invoke0(Native Method)
	at sun.reflect.NativeMethodAccessorImpl.invoke(NativeMethodAccessorImpl.java:57)
	at sun.reflect.DelegatingMethodAccessorImpl.invoke(DelegatingMethodAccessorImpl.java:43)
	at java.lang.reflect.Method.invoke(Method.java:616)
	at junit.framework.TestCase.runTest(TestCase.java:168)
	at junit.framework.TestCase.runBare(TestCase.java:134)
	at junit.framework.TestResult$1.protect(TestResult.java:110)
	at junit.framework.TestResult.runProtected(TestResult.java:128)
	at junit.framework.TestResult.run(TestResult.java:113)
	at junit.framework.TestCase.run(TestCase.java:124)
	at junit.framework.TestSuite.runTest(TestSuite.java:232)
	at junit.framework.TestSuite.run(TestSuite.java:227)
	at junit.framework.TestSuite.runTest(TestSuite.java:232)
	at junit.framework.TestSuite.run(TestSuite.java:227)
	at junit.framework.TestSuite.runTest(TestSuite.java:232)
	at junit.framework.TestSuite.run(TestSuite.java:227)
	at org.apache.tools.ant.taskdefs.optional.junit.JUnitTestRunner.run(JUnitTestRunner.java:420)
	at org.apache.tools.ant.taskdefs.optional.junit.JUnitTestRunner.launch(JUnitTestRunner.java:911)
	at org.apache.tools.ant.taskdefs.optional.junit.JUnitTestRunner.main(JUnitTestRunner.java:768)
The id of the submissionStatus can't be UNSET_ID.
com.topcoder.util.config.UnknownNamespaceException: com.topcoder.util.log is unknown
	at com.topcoder.util.config.DefaultConfigManager.getPropertyObject(DefaultConfigManager.java:429)
	at com.topcoder.util.config.DefaultConfigManager.getString(DefaultConfigManager.java:449)
	at com.topcoder.util.log.LogFactory.getAttribute(LogFactory.java:224)
	at com.topcoder.util.log.basic.BasicLog.log(BasicLog.java:74)
	at com.topcoder.management.deliverable.PersistenceUploadManager.<init>(PersistenceUploadManager.java:260)
	at com.topcoder.management.deliverable.PersistenceUploadManagerTests.setUp(PersistenceUploadManagerTests.java:159)
	at junit.framework.TestCase.runBare(TestCase.java:132)
	at junit.framework.TestResult$1.protect(TestResult.java:110)
	at junit.framework.TestResult.runProtected(TestResult.java:128)
	at junit.framework.TestResult.run(TestResult.java:113)
	at junit.framework.TestCase.run(TestCase.java:124)
	at junit.framework.TestSuite.runTest(TestSuite.java:232)
	at junit.framework.TestSuite.run(TestSuite.java:227)
	at junit.framework.TestSuite.runTest(TestSuite.java:232)
	at junit.framework.TestSuite.run(TestSuite.java:227)
	at junit.framework.TestSuite.runTest(TestSuite.java:232)
	at junit.framework.TestSuite.run(TestSuite.java:227)
	at org.apache.tools.ant.taskdefs.optional.junit.JUnitTestRunner.run(JUnitTestRunner.java:420)
	at org.apache.tools.ant.taskdefs.optional.junit.JUnitTestRunner.launch(JUnitTestRunner.java:911)
	at org.apache.tools.ant.taskdefs.optional.junit.JUnitTestRunner.main(JUnitTestRunner.java:768)
Instantiate PersistenceUploadManager with UploadPersistence, uploadSearchBundle, submissionSearchBundle, uploadIdGenerator, uploadTypeIdGenerator, uploadStatusIdGenerator, submissionIDGenerator and submissionStatusIdGenerator.
com.topcoder.util.config.UnknownNamespaceException: com.topcoder.util.log is unknown
	at com.topcoder.util.config.DefaultConfigManager.getPropertyObject(DefaultConfigManager.java:429)
	at com.topcoder.util.config.DefaultConfigManager.getString(DefaultConfigManager.java:449)
	at com.topcoder.util.log.LogFactory.getAttribute(LogFactory.java:224)
	at com.topcoder.util.log.basic.BasicLog.log(BasicLog.java:74)
	at com.topcoder.management.deliverable.PersistenceUploadManager.createSubmissionStatus(PersistenceUploadManager.java:748)
	at com.topcoder.management.deliverable.PersistenceUploadManagerTests.testUpdateSubmissionStatus_Accuracy1(PersistenceUploadManagerTests.java:1523)
	at sun.reflect.NativeMethodAccessorImpl.invoke0(Native Method)
	at sun.reflect.NativeMethodAccessorImpl.invoke(NativeMethodAccessorImpl.java:57)
	at sun.reflect.DelegatingMethodAccessorImpl.invoke(DelegatingMethodAccessorImpl.java:43)
	at java.lang.reflect.Method.invoke(Method.java:616)
	at junit.framework.TestCase.runTest(TestCase.java:168)
	at junit.framework.TestCase.runBare(TestCase.java:134)
	at junit.framework.TestResult$1.protect(TestResult.java:110)
	at junit.framework.TestResult.runProtected(TestResult.java:128)
	at junit.framework.TestResult.run(TestResult.java:113)
	at junit.framework.TestCase.run(TestCase.java:124)
	at junit.framework.TestSuite.runTest(TestSuite.java:232)
	at junit.framework.TestSuite.run(TestSuite.java:227)
	at junit.framework.TestSuite.runTest(TestSuite.java:232)
	at junit.framework.TestSuite.run(TestSuite.java:227)
	at junit.framework.TestSuite.runTest(TestSuite.java:232)
	at junit.framework.TestSuite.run(TestSuite.java:227)
	at org.apache.tools.ant.taskdefs.optional.junit.JUnitTestRunner.run(JUnitTestRunner.java:420)
	at org.apache.tools.ant.taskdefs.optional.junit.JUnitTestRunner.launch(JUnitTestRunner.java:911)
	at org.apache.tools.ant.taskdefs.optional.junit.JUnitTestRunner.main(JUnitTestRunner.java:768)
type: SubmissionStatus id: Unknown operator:CreationUser - create new SubmissionStatus.
com.topcoder.util.config.UnknownNamespaceException: com.topcoder.util.log is unknown
	at com.topcoder.util.config.DefaultConfigManager.getPropertyObject(DefaultConfigManager.java:429)
	at com.topcoder.util.config.DefaultConfigManager.getString(DefaultConfigManager.java:449)
	at com.topcoder.util.log.LogFactory.getAttribute(LogFactory.java:224)
	at com.topcoder.util.log.basic.BasicLog.log(BasicLog.java:74)
	at com.topcoder.management.deliverable.PersistenceUploadManager.persistenceUploadManagerHelper(PersistenceUploadManager.java:966)
	at com.topcoder.management.deliverable.PersistenceUploadManager.createSubmissionStatus(PersistenceUploadManager.java:749)
	at com.topcoder.management.deliverable.PersistenceUploadManagerTests.testUpdateSubmissionStatus_Accuracy1(PersistenceUploadManagerTests.java:1523)
	at sun.reflect.NativeMethodAccessorImpl.invoke0(Native Method)
	at sun.reflect.NativeMethodAccessorImpl.invoke(NativeMethodAccessorImpl.java:57)
	at sun.reflect.DelegatingMethodAccessorImpl.invoke(DelegatingMethodAccessorImpl.java:43)
	at java.lang.reflect.Method.invoke(Method.java:616)
	at junit.framework.TestCase.runTest(TestCase.java:168)
	at junit.framework.TestCase.runBare(TestCase.java:134)
	at junit.framework.TestResult$1.protect(TestResult.java:110)
	at junit.framework.TestResult.runProtected(TestResult.java:128)
	at junit.framework.TestResult.run(TestResult.java:113)
	at junit.framework.TestCase.run(TestCase.java:124)
	at junit.framework.TestSuite.runTest(TestSuite.java:232)
	at junit.framework.TestSuite.run(TestSuite.java:227)
	at junit.framework.TestSuite.runTest(TestSuite.java:232)
	at junit.framework.TestSuite.run(TestSuite.java:227)
	at junit.framework.TestSuite.runTest(TestSuite.java:232)
	at junit.framework.TestSuite.run(TestSuite.java:227)
	at org.apache.tools.ant.taskdefs.optional.junit.JUnitTestRunner.run(JUnitTestRunner.java:420)
	at org.apache.tools.ant.taskdefs.optional.junit.JUnitTestRunner.launch(JUnitTestRunner.java:911)
	at org.apache.tools.ant.taskdefs.optional.junit.JUnitTestRunner.main(JUnitTestRunner.java:768)
generate next id from the idGenerator:count
com.topcoder.util.config.UnknownNamespaceException: com.topcoder.util.log is unknown
	at com.topcoder.util.config.DefaultConfigManager.getPropertyObject(DefaultConfigManager.java:429)
	at com.topcoder.util.config.DefaultConfigManager.getString(DefaultConfigManager.java:449)
	at com.topcoder.util.log.LogFactory.getAttribute(LogFactory.java:224)
	at com.topcoder.util.log.basic.BasicLog.log(BasicLog.java:74)
	at com.topcoder.management.deliverable.PersistenceUploadManager.updateSubmissionStatus(PersistenceUploadManager.java:776)
	at com.topcoder.management.deliverable.PersistenceUploadManagerTests.testUpdateSubmissionStatus_Accuracy1(PersistenceUploadManagerTests.java:1526)
	at sun.reflect.NativeMethodAccessorImpl.invoke0(Native Method)
	at sun.reflect.NativeMethodAccessorImpl.invoke(NativeMethodAccessorImpl.java:57)
	at sun.reflect.DelegatingMethodAccessorImpl.invoke(DelegatingMethodAccessorImpl.java:43)
	at java.lang.reflect.Method.invoke(Method.java:616)
	at junit.framework.TestCase.runTest(TestCase.java:168)
	at junit.framework.TestCase.runBare(TestCase.java:134)
	at junit.framework.TestResult$1.protect(TestResult.java:110)
	at junit.framework.TestResult.runProtected(TestResult.java:128)
	at junit.framework.TestResult.run(TestResult.java:113)
	at junit.framework.TestCase.run(TestCase.java:124)
	at junit.framework.TestSuite.runTest(TestSuite.java:232)
	at junit.framework.TestSuite.run(TestSuite.java:227)
	at junit.framework.TestSuite.runTest(TestSuite.java:232)
	at junit.framework.TestSuite.run(TestSuite.java:227)
	at junit.framework.TestSuite.runTest(TestSuite.java:232)
	at junit.framework.TestSuite.run(TestSuite.java:227)
	at org.apache.tools.ant.taskdefs.optional.junit.JUnitTestRunner.run(JUnitTestRunner.java:420)
	at org.apache.tools.ant.taskdefs.optional.junit.JUnitTestRunner.launch(JUnitTestRunner.java:911)
	at org.apache.tools.ant.taskdefs.optional.junit.JUnitTestRunner.main(JUnitTestRunner.java:768)
type: SubmissionStatus id: 1 operator:ModificationUser - update SubmissionStatus.
com.topcoder.util.config.UnknownNamespaceException: com.topcoder.util.log is unknown
	at com.topcoder.util.config.DefaultConfigManager.getPropertyObject(DefaultConfigManager.java:429)
	at com.topcoder.util.config.DefaultConfigManager.getString(DefaultConfigManager.java:449)
	at com.topcoder.util.log.LogFactory.getAttribute(LogFactory.java:224)
	at com.topcoder.util.log.basic.BasicLog.log(BasicLog.java:74)
	at com.topcoder.management.deliverable.PersistenceUploadManager.<init>(PersistenceUploadManager.java:260)
	at com.topcoder.management.deliverable.PersistenceUploadManagerTests.setUp(PersistenceUploadManagerTests.java:159)
	at junit.framework.TestCase.runBare(TestCase.java:132)
	at junit.framework.TestResult$1.protect(TestResult.java:110)
	at junit.framework.TestResult.runProtected(TestResult.java:128)
	at junit.framework.TestResult.run(TestResult.java:113)
	at junit.framework.TestCase.run(TestCase.java:124)
	at junit.framework.TestSuite.runTest(TestSuite.java:232)
	at junit.framework.TestSuite.run(TestSuite.java:227)
	at junit.framework.TestSuite.runTest(TestSuite.java:232)
	at junit.framework.TestSuite.run(TestSuite.java:227)
	at junit.framework.TestSuite.runTest(TestSuite.java:232)
	at junit.framework.TestSuite.run(TestSuite.java:227)
	at org.apache.tools.ant.taskdefs.optional.junit.JUnitTestRunner.run(JUnitTestRunner.java:420)
	at org.apache.tools.ant.taskdefs.optional.junit.JUnitTestRunner.launch(JUnitTestRunner.java:911)
	at org.apache.tools.ant.taskdefs.optional.junit.JUnitTestRunner.main(JUnitTestRunner.java:768)
Instantiate PersistenceUploadManager with UploadPersistence, uploadSearchBundle, submissionSearchBundle, uploadIdGenerator, uploadTypeIdGenerator, uploadStatusIdGenerator, submissionIDGenerator and submissionStatusIdGenerator.
com.topcoder.util.config.UnknownNamespaceException: com.topcoder.util.log is unknown
	at com.topcoder.util.config.DefaultConfigManager.getPropertyObject(DefaultConfigManager.java:429)
	at com.topcoder.util.config.DefaultConfigManager.getString(DefaultConfigManager.java:449)
	at com.topcoder.util.log.LogFactory.getAttribute(LogFactory.java:224)
	at com.topcoder.util.log.basic.BasicLog.log(BasicLog.java:74)
	at com.topcoder.management.deliverable.PersistenceUploadManager.removeSubmissionStatus(PersistenceUploadManager.java:804)
	at com.topcoder.management.deliverable.PersistenceUploadManagerTests.testRemoveSubmissionStatus_Null1(PersistenceUploadManagerTests.java:1554)
	at sun.reflect.NativeMethodAccessorImpl.invoke0(Native Method)
	at sun.reflect.NativeMethodAccessorImpl.invoke(NativeMethodAccessorImpl.java:57)
	at sun.reflect.DelegatingMethodAccessorImpl.invoke(DelegatingMethodAccessorImpl.java:43)
	at java.lang.reflect.Method.invoke(Method.java:616)
	at junit.framework.TestCase.runTest(TestCase.java:168)
	at junit.framework.TestCase.runBare(TestCase.java:134)
	at junit.framework.TestResult$1.protect(TestResult.java:110)
	at junit.framework.TestResult.runProtected(TestResult.java:128)
	at junit.framework.TestResult.run(TestResult.java:113)
	at junit.framework.TestCase.run(TestCase.java:124)
	at junit.framework.TestSuite.runTest(TestSuite.java:232)
	at junit.framework.TestSuite.run(TestSuite.java:227)
	at junit.framework.TestSuite.runTest(TestSuite.java:232)
	at junit.framework.TestSuite.run(TestSuite.java:227)
	at junit.framework.TestSuite.runTest(TestSuite.java:232)
	at junit.framework.TestSuite.run(TestSuite.java:227)
	at org.apache.tools.ant.taskdefs.optional.junit.JUnitTestRunner.run(JUnitTestRunner.java:420)
	at org.apache.tools.ant.taskdefs.optional.junit.JUnitTestRunner.launch(JUnitTestRunner.java:911)
	at org.apache.tools.ant.taskdefs.optional.junit.JUnitTestRunner.main(JUnitTestRunner.java:768)
type: SubmissionStatus id: -1 operator:user - remove SubmissionStatus.
com.topcoder.util.config.UnknownNamespaceException: com.topcoder.util.log is unknown
	at com.topcoder.util.config.DefaultConfigManager.getPropertyObject(DefaultConfigManager.java:429)
	at com.topcoder.util.config.DefaultConfigManager.getString(DefaultConfigManager.java:449)
	at com.topcoder.util.log.LogFactory.getAttribute(LogFactory.java:224)
	at com.topcoder.util.log.basic.BasicLog.log(BasicLog.java:74)
	at com.topcoder.management.deliverable.PersistenceUploadManager.<init>(PersistenceUploadManager.java:260)
	at com.topcoder.management.deliverable.PersistenceUploadManagerTests.setUp(PersistenceUploadManagerTests.java:159)
	at junit.framework.TestCase.runBare(TestCase.java:132)
	at junit.framework.TestResult$1.protect(TestResult.java:110)
	at junit.framework.TestResult.runProtected(TestResult.java:128)
	at junit.framework.TestResult.run(TestResult.java:113)
	at junit.framework.TestCase.run(TestCase.java:124)
	at junit.framework.TestSuite.runTest(TestSuite.java:232)
	at junit.framework.TestSuite.run(TestSuite.java:227)
	at junit.framework.TestSuite.runTest(TestSuite.java:232)
	at junit.framework.TestSuite.run(TestSuite.java:227)
	at junit.framework.TestSuite.runTest(TestSuite.java:232)
	at junit.framework.TestSuite.run(TestSuite.java:227)
	at org.apache.tools.ant.taskdefs.optional.junit.JUnitTestRunner.run(JUnitTestRunner.java:420)
	at org.apache.tools.ant.taskdefs.optional.junit.JUnitTestRunner.launch(JUnitTestRunner.java:911)
	at org.apache.tools.ant.taskdefs.optional.junit.JUnitTestRunner.main(JUnitTestRunner.java:768)
Instantiate PersistenceUploadManager with UploadPersistence, uploadSearchBundle, submissionSearchBundle, uploadIdGenerator, uploadTypeIdGenerator, uploadStatusIdGenerator, submissionIDGenerator and submissionStatusIdGenerator.
com.topcoder.util.config.UnknownNamespaceException: com.topcoder.util.log is unknown
	at com.topcoder.util.config.DefaultConfigManager.getPropertyObject(DefaultConfigManager.java:429)
	at com.topcoder.util.config.DefaultConfigManager.getString(DefaultConfigManager.java:449)
	at com.topcoder.util.log.LogFactory.getAttribute(LogFactory.java:224)
	at com.topcoder.util.log.basic.BasicLog.log(BasicLog.java:74)
	at com.topcoder.management.deliverable.PersistenceUploadManager.removeSubmissionStatus(PersistenceUploadManager.java:804)
	at com.topcoder.management.deliverable.PersistenceUploadManagerTests.testRemoveSubmissionStatus_Null2(PersistenceUploadManagerTests.java:1569)
	at sun.reflect.NativeMethodAccessorImpl.invoke0(Native Method)
	at sun.reflect.NativeMethodAccessorImpl.invoke(NativeMethodAccessorImpl.java:57)
	at sun.reflect.DelegatingMethodAccessorImpl.invoke(DelegatingMethodAccessorImpl.java:43)
	at java.lang.reflect.Method.invoke(Method.java:616)
	at junit.framework.TestCase.runTest(TestCase.java:168)
	at junit.framework.TestCase.runBare(TestCase.java:134)
	at junit.framework.TestResult$1.protect(TestResult.java:110)
	at junit.framework.TestResult.runProtected(TestResult.java:128)
	at junit.framework.TestResult.run(TestResult.java:113)
	at junit.framework.TestCase.run(TestCase.java:124)
	at junit.framework.TestSuite.runTest(TestSuite.java:232)
	at junit.framework.TestSuite.run(TestSuite.java:227)
	at junit.framework.TestSuite.runTest(TestSuite.java:232)
	at junit.framework.TestSuite.run(TestSuite.java:227)
	at junit.framework.TestSuite.runTest(TestSuite.java:232)
	at junit.framework.TestSuite.run(TestSuite.java:227)
	at org.apache.tools.ant.taskdefs.optional.junit.JUnitTestRunner.run(JUnitTestRunner.java:420)
	at org.apache.tools.ant.taskdefs.optional.junit.JUnitTestRunner.launch(JUnitTestRunner.java:911)
	at org.apache.tools.ant.taskdefs.optional.junit.JUnitTestRunner.main(JUnitTestRunner.java:768)
type: SubmissionStatus id: -1 operator:Unknown - remove SubmissionStatus.
com.topcoder.util.config.UnknownNamespaceException: com.topcoder.util.log is unknown
	at com.topcoder.util.config.DefaultConfigManager.getPropertyObject(DefaultConfigManager.java:429)
	at com.topcoder.util.config.DefaultConfigManager.getString(DefaultConfigManager.java:449)
	at com.topcoder.util.log.LogFactory.getAttribute(LogFactory.java:224)
	at com.topcoder.util.log.basic.BasicLog.log(BasicLog.java:74)
	at com.topcoder.management.deliverable.PersistenceUploadManager.<init>(PersistenceUploadManager.java:260)
	at com.topcoder.management.deliverable.PersistenceUploadManagerTests.setUp(PersistenceUploadManagerTests.java:159)
	at junit.framework.TestCase.runBare(TestCase.java:132)
	at junit.framework.TestResult$1.protect(TestResult.java:110)
	at junit.framework.TestResult.runProtected(TestResult.java:128)
	at junit.framework.TestResult.run(TestResult.java:113)
	at junit.framework.TestCase.run(TestCase.java:124)
	at junit.framework.TestSuite.runTest(TestSuite.java:232)
	at junit.framework.TestSuite.run(TestSuite.java:227)
	at junit.framework.TestSuite.runTest(TestSuite.java:232)
	at junit.framework.TestSuite.run(TestSuite.java:227)
	at junit.framework.TestSuite.runTest(TestSuite.java:232)
	at junit.framework.TestSuite.run(TestSuite.java:227)
	at org.apache.tools.ant.taskdefs.optional.junit.JUnitTestRunner.run(JUnitTestRunner.java:420)
	at org.apache.tools.ant.taskdefs.optional.junit.JUnitTestRunner.launch(JUnitTestRunner.java:911)
	at org.apache.tools.ant.taskdefs.optional.junit.JUnitTestRunner.main(JUnitTestRunner.java:768)
Instantiate PersistenceUploadManager with UploadPersistence, uploadSearchBundle, submissionSearchBundle, uploadIdGenerator, uploadTypeIdGenerator, uploadStatusIdGenerator, submissionIDGenerator and submissionStatusIdGenerator.
com.topcoder.util.config.UnknownNamespaceException: com.topcoder.util.log is unknown
	at com.topcoder.util.config.DefaultConfigManager.getPropertyObject(DefaultConfigManager.java:429)
	at com.topcoder.util.config.DefaultConfigManager.getString(DefaultConfigManager.java:449)
	at com.topcoder.util.log.LogFactory.getAttribute(LogFactory.java:224)
	at com.topcoder.util.log.basic.BasicLog.log(BasicLog.java:74)
	at com.topcoder.management.deliverable.PersistenceUploadManager.removeSubmissionStatus(PersistenceUploadManager.java:804)
	at com.topcoder.management.deliverable.PersistenceUploadManagerTests.testRemoveSubmissionStatus_Invalid1(PersistenceUploadManagerTests.java:1584)
	at sun.reflect.NativeMethodAccessorImpl.invoke0(Native Method)
	at sun.reflect.NativeMethodAccessorImpl.invoke(NativeMethodAccessorImpl.java:57)
	at sun.reflect.DelegatingMethodAccessorImpl.invoke(DelegatingMethodAccessorImpl.java:43)
	at java.lang.reflect.Method.invoke(Method.java:616)
	at junit.framework.TestCase.runTest(TestCase.java:168)
	at junit.framework.TestCase.runBare(TestCase.java:134)
	at junit.framework.TestResult$1.protect(TestResult.java:110)
	at junit.framework.TestResult.runProtected(TestResult.java:128)
	at junit.framework.TestResult.run(TestResult.java:113)
	at junit.framework.TestCase.run(TestCase.java:124)
	at junit.framework.TestSuite.runTest(TestSuite.java:232)
	at junit.framework.TestSuite.run(TestSuite.java:227)
	at junit.framework.TestSuite.runTest(TestSuite.java:232)
	at junit.framework.TestSuite.run(TestSuite.java:227)
	at junit.framework.TestSuite.runTest(TestSuite.java:232)
	at junit.framework.TestSuite.run(TestSuite.java:227)
	at org.apache.tools.ant.taskdefs.optional.junit.JUnitTestRunner.run(JUnitTestRunner.java:420)
	at org.apache.tools.ant.taskdefs.optional.junit.JUnitTestRunner.launch(JUnitTestRunner.java:911)
	at org.apache.tools.ant.taskdefs.optional.junit.JUnitTestRunner.main(JUnitTestRunner.java:768)
type: SubmissionStatus id: -1 operator:user - remove SubmissionStatus.
com.topcoder.util.config.UnknownNamespaceException: com.topcoder.util.log is unknown
	at com.topcoder.util.config.DefaultConfigManager.getPropertyObject(DefaultConfigManager.java:429)
	at com.topcoder.util.config.DefaultConfigManager.getString(DefaultConfigManager.java:449)
	at com.topcoder.util.log.LogFactory.getAttribute(LogFactory.java:224)
	at com.topcoder.util.log.basic.BasicLog.log(BasicLog.java:74)
	at com.topcoder.management.deliverable.PersistenceUploadManager.persistenceUploadManagerHelper(PersistenceUploadManager.java:977)
	at com.topcoder.management.deliverable.PersistenceUploadManager.removeSubmissionStatus(PersistenceUploadManager.java:806)
	at com.topcoder.management.deliverable.PersistenceUploadManagerTests.testRemoveSubmissionStatus_Invalid1(PersistenceUploadManagerTests.java:1584)
	at sun.reflect.NativeMethodAccessorImpl.invoke0(Native Method)
	at sun.reflect.NativeMethodAccessorImpl.invoke(NativeMethodAccessorImpl.java:57)
	at sun.reflect.DelegatingMethodAccessorImpl.invoke(DelegatingMethodAccessorImpl.java:43)
	at java.lang.reflect.Method.invoke(Method.java:616)
	at junit.framework.TestCase.runTest(TestCase.java:168)
	at junit.framework.TestCase.runBare(TestCase.java:134)
	at junit.framework.TestResult$1.protect(TestResult.java:110)
	at junit.framework.TestResult.runProtected(TestResult.java:128)
	at junit.framework.TestResult.run(TestResult.java:113)
	at junit.framework.TestCase.run(TestCase.java:124)
	at junit.framework.TestSuite.runTest(TestSuite.java:232)
	at junit.framework.TestSuite.run(TestSuite.java:227)
	at junit.framework.TestSuite.runTest(TestSuite.java:232)
	at junit.framework.TestSuite.run(TestSuite.java:227)
	at junit.framework.TestSuite.runTest(TestSuite.java:232)
	at junit.framework.TestSuite.run(TestSuite.java:227)
	at org.apache.tools.ant.taskdefs.optional.junit.JUnitTestRunner.run(JUnitTestRunner.java:420)
	at org.apache.tools.ant.taskdefs.optional.junit.JUnitTestRunner.launch(JUnitTestRunner.java:911)
	at org.apache.tools.ant.taskdefs.optional.junit.JUnitTestRunner.main(JUnitTestRunner.java:768)
The id of the submissionStatus can't be UNSET_ID.
com.topcoder.util.config.UnknownNamespaceException: com.topcoder.util.log is unknown
	at com.topcoder.util.config.DefaultConfigManager.getPropertyObject(DefaultConfigManager.java:429)
	at com.topcoder.util.config.DefaultConfigManager.getString(DefaultConfigManager.java:449)
	at com.topcoder.util.log.LogFactory.getAttribute(LogFactory.java:224)
	at com.topcoder.util.log.basic.BasicLog.log(BasicLog.java:74)
	at com.topcoder.management.deliverable.PersistenceUploadManager.<init>(PersistenceUploadManager.java:260)
	at com.topcoder.management.deliverable.PersistenceUploadManagerTests.setUp(PersistenceUploadManagerTests.java:159)
	at junit.framework.TestCase.runBare(TestCase.java:132)
	at junit.framework.TestResult$1.protect(TestResult.java:110)
	at junit.framework.TestResult.runProtected(TestResult.java:128)
	at junit.framework.TestResult.run(TestResult.java:113)
	at junit.framework.TestCase.run(TestCase.java:124)
	at junit.framework.TestSuite.runTest(TestSuite.java:232)
	at junit.framework.TestSuite.run(TestSuite.java:227)
	at junit.framework.TestSuite.runTest(TestSuite.java:232)
	at junit.framework.TestSuite.run(TestSuite.java:227)
	at junit.framework.TestSuite.runTest(TestSuite.java:232)
	at junit.framework.TestSuite.run(TestSuite.java:227)
	at org.apache.tools.ant.taskdefs.optional.junit.JUnitTestRunner.run(JUnitTestRunner.java:420)
	at org.apache.tools.ant.taskdefs.optional.junit.JUnitTestRunner.launch(JUnitTestRunner.java:911)
	at org.apache.tools.ant.taskdefs.optional.junit.JUnitTestRunner.main(JUnitTestRunner.java:768)
Instantiate PersistenceUploadManager with UploadPersistence, uploadSearchBundle, submissionSearchBundle, uploadIdGenerator, uploadTypeIdGenerator, uploadStatusIdGenerator, submissionIDGenerator and submissionStatusIdGenerator.
com.topcoder.util.config.UnknownNamespaceException: com.topcoder.util.log is unknown
	at com.topcoder.util.config.DefaultConfigManager.getPropertyObject(DefaultConfigManager.java:429)
	at com.topcoder.util.config.DefaultConfigManager.getString(DefaultConfigManager.java:449)
	at com.topcoder.util.log.LogFactory.getAttribute(LogFactory.java:224)
	at com.topcoder.util.log.basic.BasicLog.log(BasicLog.java:74)
	at com.topcoder.management.deliverable.PersistenceUploadManager.createSubmissionStatus(PersistenceUploadManager.java:748)
	at com.topcoder.management.deliverable.PersistenceUploadManagerTests.testRemoveSubmissionStatus_Accuracy1(PersistenceUploadManagerTests.java:1604)
	at sun.reflect.NativeMethodAccessorImpl.invoke0(Native Method)
	at sun.reflect.NativeMethodAccessorImpl.invoke(NativeMethodAccessorImpl.java:57)
	at sun.reflect.DelegatingMethodAccessorImpl.invoke(DelegatingMethodAccessorImpl.java:43)
	at java.lang.reflect.Method.invoke(Method.java:616)
	at junit.framework.TestCase.runTest(TestCase.java:168)
	at junit.framework.TestCase.runBare(TestCase.java:134)
	at junit.framework.TestResult$1.protect(TestResult.java:110)
	at junit.framework.TestResult.runProtected(TestResult.java:128)
	at junit.framework.TestResult.run(TestResult.java:113)
	at junit.framework.TestCase.run(TestCase.java:124)
	at junit.framework.TestSuite.runTest(TestSuite.java:232)
	at junit.framework.TestSuite.run(TestSuite.java:227)
	at junit.framework.TestSuite.runTest(TestSuite.java:232)
	at junit.framework.TestSuite.run(TestSuite.java:227)
	at junit.framework.TestSuite.runTest(TestSuite.java:232)
	at junit.framework.TestSuite.run(TestSuite.java:227)
	at org.apache.tools.ant.taskdefs.optional.junit.JUnitTestRunner.run(JUnitTestRunner.java:420)
	at org.apache.tools.ant.taskdefs.optional.junit.JUnitTestRunner.launch(JUnitTestRunner.java:911)
	at org.apache.tools.ant.taskdefs.optional.junit.JUnitTestRunner.main(JUnitTestRunner.java:768)
type: SubmissionStatus id: Unknown operator:CreationUser - create new SubmissionStatus.
com.topcoder.util.config.UnknownNamespaceException: com.topcoder.util.log is unknown
	at com.topcoder.util.config.DefaultConfigManager.getPropertyObject(DefaultConfigManager.java:429)
	at com.topcoder.util.config.DefaultConfigManager.getString(DefaultConfigManager.java:449)
	at com.topcoder.util.log.LogFactory.getAttribute(LogFactory.java:224)
	at com.topcoder.util.log.basic.BasicLog.log(BasicLog.java:74)
	at com.topcoder.management.deliverable.PersistenceUploadManager.persistenceUploadManagerHelper(PersistenceUploadManager.java:966)
	at com.topcoder.management.deliverable.PersistenceUploadManager.createSubmissionStatus(PersistenceUploadManager.java:749)
	at com.topcoder.management.deliverable.PersistenceUploadManagerTests.testRemoveSubmissionStatus_Accuracy1(PersistenceUploadManagerTests.java:1604)
	at sun.reflect.NativeMethodAccessorImpl.invoke0(Native Method)
	at sun.reflect.NativeMethodAccessorImpl.invoke(NativeMethodAccessorImpl.java:57)
	at sun.reflect.DelegatingMethodAccessorImpl.invoke(DelegatingMethodAccessorImpl.java:43)
	at java.lang.reflect.Method.invoke(Method.java:616)
	at junit.framework.TestCase.runTest(TestCase.java:168)
	at junit.framework.TestCase.runBare(TestCase.java:134)
	at junit.framework.TestResult$1.protect(TestResult.java:110)
	at junit.framework.TestResult.runProtected(TestResult.java:128)
	at junit.framework.TestResult.run(TestResult.java:113)
	at junit.framework.TestCase.run(TestCase.java:124)
	at junit.framework.TestSuite.runTest(TestSuite.java:232)
	at junit.framework.TestSuite.run(TestSuite.java:227)
	at junit.framework.TestSuite.runTest(TestSuite.java:232)
	at junit.framework.TestSuite.run(TestSuite.java:227)
	at junit.framework.TestSuite.runTest(TestSuite.java:232)
	at junit.framework.TestSuite.run(TestSuite.java:227)
	at org.apache.tools.ant.taskdefs.optional.junit.JUnitTestRunner.run(JUnitTestRunner.java:420)
	at org.apache.tools.ant.taskdefs.optional.junit.JUnitTestRunner.launch(JUnitTestRunner.java:911)
	at org.apache.tools.ant.taskdefs.optional.junit.JUnitTestRunner.main(JUnitTestRunner.java:768)
generate next id from the idGenerator:count
com.topcoder.util.config.UnknownNamespaceException: com.topcoder.util.log is unknown
	at com.topcoder.util.config.DefaultConfigManager.getPropertyObject(DefaultConfigManager.java:429)
	at com.topcoder.util.config.DefaultConfigManager.getString(DefaultConfigManager.java:449)
	at com.topcoder.util.log.LogFactory.getAttribute(LogFactory.java:224)
	at com.topcoder.util.log.basic.BasicLog.log(BasicLog.java:74)
	at com.topcoder.management.deliverable.PersistenceUploadManager.removeSubmissionStatus(PersistenceUploadManager.java:804)
	at com.topcoder.management.deliverable.PersistenceUploadManagerTests.testRemoveSubmissionStatus_Accuracy1(PersistenceUploadManagerTests.java:1607)
	at sun.reflect.NativeMethodAccessorImpl.invoke0(Native Method)
	at sun.reflect.NativeMethodAccessorImpl.invoke(NativeMethodAccessorImpl.java:57)
	at sun.reflect.DelegatingMethodAccessorImpl.invoke(DelegatingMethodAccessorImpl.java:43)
	at java.lang.reflect.Method.invoke(Method.java:616)
	at junit.framework.TestCase.runTest(TestCase.java:168)
	at junit.framework.TestCase.runBare(TestCase.java:134)
	at junit.framework.TestResult$1.protect(TestResult.java:110)
	at junit.framework.TestResult.runProtected(TestResult.java:128)
	at junit.framework.TestResult.run(TestResult.java:113)
	at junit.framework.TestCase.run(TestCase.java:124)
	at junit.framework.TestSuite.runTest(TestSuite.java:232)
	at junit.framework.TestSuite.run(TestSuite.java:227)
	at junit.framework.TestSuite.runTest(TestSuite.java:232)
	at junit.framework.TestSuite.run(TestSuite.java:227)
	at junit.framework.TestSuite.runTest(TestSuite.java:232)
	at junit.framework.TestSuite.run(TestSuite.java:227)
	at org.apache.tools.ant.taskdefs.optional.junit.JUnitTestRunner.run(JUnitTestRunner.java:420)
	at org.apache.tools.ant.taskdefs.optional.junit.JUnitTestRunner.launch(JUnitTestRunner.java:911)
	at org.apache.tools.ant.taskdefs.optional.junit.JUnitTestRunner.main(JUnitTestRunner.java:768)
type: SubmissionStatus id: 1 operator:ModificationUser - remove SubmissionStatus.
com.topcoder.util.config.UnknownNamespaceException: com.topcoder.util.log is unknown
	at com.topcoder.util.config.DefaultConfigManager.getPropertyObject(DefaultConfigManager.java:429)
	at com.topcoder.util.config.DefaultConfigManager.getString(DefaultConfigManager.java:449)
	at com.topcoder.util.log.LogFactory.getAttribute(LogFactory.java:224)
	at com.topcoder.util.log.basic.BasicLog.log(BasicLog.java:74)
	at com.topcoder.management.deliverable.PersistenceUploadManager.<init>(PersistenceUploadManager.java:260)
	at com.topcoder.management.deliverable.PersistenceUploadManagerTests.setUp(PersistenceUploadManagerTests.java:159)
	at junit.framework.TestCase.runBare(TestCase.java:132)
	at junit.framework.TestResult$1.protect(TestResult.java:110)
	at junit.framework.TestResult.runProtected(TestResult.java:128)
	at junit.framework.TestResult.run(TestResult.java:113)
	at junit.framework.TestCase.run(TestCase.java:124)
	at junit.framework.TestSuite.runTest(TestSuite.java:232)
	at junit.framework.TestSuite.run(TestSuite.java:227)
	at junit.framework.TestSuite.runTest(TestSuite.java:232)
	at junit.framework.TestSuite.run(TestSuite.java:227)
	at junit.framework.TestSuite.runTest(TestSuite.java:232)
	at junit.framework.TestSuite.run(TestSuite.java:227)
	at org.apache.tools.ant.taskdefs.optional.junit.JUnitTestRunner.run(JUnitTestRunner.java:420)
	at org.apache.tools.ant.taskdefs.optional.junit.JUnitTestRunner.launch(JUnitTestRunner.java:911)
	at org.apache.tools.ant.taskdefs.optional.junit.JUnitTestRunner.main(JUnitTestRunner.java:768)
Instantiate PersistenceUploadManager with UploadPersistence, uploadSearchBundle, submissionSearchBundle, uploadIdGenerator, uploadTypeIdGenerator, uploadStatusIdGenerator, submissionIDGenerator and submissionStatusIdGenerator.
com.topcoder.util.config.UnknownNamespaceException: com.topcoder.util.log is unknown
	at com.topcoder.util.config.DefaultConfigManager.getPropertyObject(DefaultConfigManager.java:429)
	at com.topcoder.util.config.DefaultConfigManager.getString(DefaultConfigManager.java:449)
	at com.topcoder.util.log.LogFactory.getAttribute(LogFactory.java:224)
	at com.topcoder.util.log.basic.BasicLog.log(BasicLog.java:74)
	at com.topcoder.management.deliverable.PersistenceUploadManager.getAllSubmissionStatuses(PersistenceUploadManager.java:818)
	at com.topcoder.management.deliverable.PersistenceUploadManagerTests.testGetAllSubmissionStatuses_Accuracy(PersistenceUploadManagerTests.java:1637)
	at sun.reflect.NativeMethodAccessorImpl.invoke0(Native Method)
	at sun.reflect.NativeMethodAccessorImpl.invoke(NativeMethodAccessorImpl.java:57)
	at sun.reflect.DelegatingMethodAccessorImpl.invoke(DelegatingMethodAccessorImpl.java:43)
	at java.lang.reflect.Method.invoke(Method.java:616)
	at junit.framework.TestCase.runTest(TestCase.java:168)
	at junit.framework.TestCase.runBare(TestCase.java:134)
	at junit.framework.TestResult$1.protect(TestResult.java:110)
	at junit.framework.TestResult.runProtected(TestResult.java:128)
	at junit.framework.TestResult.run(TestResult.java:113)
	at junit.framework.TestCase.run(TestCase.java:124)
	at junit.framework.TestSuite.runTest(TestSuite.java:232)
	at junit.framework.TestSuite.run(TestSuite.java:227)
	at junit.framework.TestSuite.runTest(TestSuite.java:232)
	at junit.framework.TestSuite.run(TestSuite.java:227)
	at junit.framework.TestSuite.runTest(TestSuite.java:232)
	at junit.framework.TestSuite.run(TestSuite.java:227)
	at org.apache.tools.ant.taskdefs.optional.junit.JUnitTestRunner.run(JUnitTestRunner.java:420)
	at org.apache.tools.ant.taskdefs.optional.junit.JUnitTestRunner.launch(JUnitTestRunner.java:911)
	at org.apache.tools.ant.taskdefs.optional.junit.JUnitTestRunner.main(JUnitTestRunner.java:768)
get All submission statuses, delegate to persistence.
com.topcoder.util.config.UnknownNamespaceException: com.topcoder.util.log is unknown
	at com.topcoder.util.config.DefaultConfigManager.getPropertyObject(DefaultConfigManager.java:429)
	at com.topcoder.util.config.DefaultConfigManager.getString(DefaultConfigManager.java:449)
	at com.topcoder.util.log.LogFactory.getAttribute(LogFactory.java:224)
	at com.topcoder.util.log.basic.BasicLog.log(BasicLog.java:74)
	at com.topcoder.management.deliverable.PersistenceUploadManager.<init>(PersistenceUploadManager.java:260)
	at com.topcoder.management.deliverable.PersistenceUploadManagerTests.setUp(PersistenceUploadManagerTests.java:159)
	at junit.framework.TestCase.runBare(TestCase.java:132)
	at junit.framework.TestResult$1.protect(TestResult.java:110)
	at junit.framework.TestResult.runProtected(TestResult.java:128)
	at junit.framework.TestResult.run(TestResult.java:113)
	at junit.framework.TestCase.run(TestCase.java:124)
	at junit.framework.TestSuite.runTest(TestSuite.java:232)
	at junit.framework.TestSuite.run(TestSuite.java:227)
	at junit.framework.TestSuite.runTest(TestSuite.java:232)
	at junit.framework.TestSuite.run(TestSuite.java:227)
	at junit.framework.TestSuite.runTest(TestSuite.java:232)
	at junit.framework.TestSuite.run(TestSuite.java:227)
	at org.apache.tools.ant.taskdefs.optional.junit.JUnitTestRunner.run(JUnitTestRunner.java:420)
	at org.apache.tools.ant.taskdefs.optional.junit.JUnitTestRunner.launch(JUnitTestRunner.java:911)
	at org.apache.tools.ant.taskdefs.optional.junit.JUnitTestRunner.main(JUnitTestRunner.java:768)
Instantiate PersistenceUploadManager with UploadPersistence, uploadSearchBundle, submissionSearchBundle, uploadIdGenerator, uploadTypeIdGenerator, uploadStatusIdGenerator, submissionIDGenerator and submissionStatusIdGenerator.
com.topcoder.util.config.UnknownNamespaceException: com.topcoder.util.log is unknown
	at com.topcoder.util.config.DefaultConfigManager.getPropertyObject(DefaultConfigManager.java:429)
	at com.topcoder.util.config.DefaultConfigManager.getString(DefaultConfigManager.java:449)
	at com.topcoder.util.log.LogFactory.getAttribute(LogFactory.java:224)
	at com.topcoder.util.log.basic.BasicLog.log(BasicLog.java:74)
	at com.topcoder.management.deliverable.PersistenceUploadManager.searchUploads(PersistenceUploadManager.java:429)
	at com.topcoder.management.deliverable.PersistenceUploadManagerTests.testSearchUploadsByUploadId(PersistenceUploadManagerTests.java:1657)
	at sun.reflect.NativeMethodAccessorImpl.invoke0(Native Method)
	at sun.reflect.NativeMethodAccessorImpl.invoke(NativeMethodAccessorImpl.java:57)
	at sun.reflect.DelegatingMethodAccessorImpl.invoke(DelegatingMethodAccessorImpl.java:43)
	at java.lang.reflect.Method.invoke(Method.java:616)
	at junit.framework.TestCase.runTest(TestCase.java:168)
	at junit.framework.TestCase.runBare(TestCase.java:134)
	at junit.framework.TestResult$1.protect(TestResult.java:110)
	at junit.framework.TestResult.runProtected(TestResult.java:128)
	at junit.framework.TestResult.run(TestResult.java:113)
	at junit.framework.TestCase.run(TestCase.java:124)
	at junit.framework.TestSuite.runTest(TestSuite.java:232)
	at junit.framework.TestSuite.run(TestSuite.java:227)
	at junit.framework.TestSuite.runTest(TestSuite.java:232)
	at junit.framework.TestSuite.run(TestSuite.java:227)
	at junit.framework.TestSuite.runTest(TestSuite.java:232)
	at junit.framework.TestSuite.run(TestSuite.java:227)
	at org.apache.tools.ant.taskdefs.optional.junit.JUnitTestRunner.run(JUnitTestRunner.java:420)
	at org.apache.tools.ant.taskdefs.optional.junit.JUnitTestRunner.launch(JUnitTestRunner.java:911)
	at org.apache.tools.ant.taskdefs.optional.junit.JUnitTestRunner.main(JUnitTestRunner.java:768)
type: Upload id: Unknown operator:Unknown - search uploads with filter. found: 1
com.topcoder.util.config.UnknownNamespaceException: com.topcoder.util.log is unknown
	at com.topcoder.util.config.DefaultConfigManager.getPropertyObject(DefaultConfigManager.java:429)
	at com.topcoder.util.config.DefaultConfigManager.getString(DefaultConfigManager.java:449)
	at com.topcoder.util.log.LogFactory.getAttribute(LogFactory.java:224)
	at com.topcoder.util.log.basic.BasicLog.log(BasicLog.java:74)
	at com.topcoder.management.deliverable.PersistenceUploadManager.searchUploads(PersistenceUploadManager.java:429)
	at com.topcoder.management.deliverable.PersistenceUploadManagerTests.testSearchUploadsByUploadId(PersistenceUploadManagerTests.java:1657)
	at sun.reflect.NativeMethodAccessorImpl.invoke0(Native Method)
	at sun.reflect.NativeMethodAccessorImpl.invoke(NativeMethodAccessorImpl.java:57)
	at sun.reflect.DelegatingMethodAccessorImpl.invoke(DelegatingMethodAccessorImpl.java:43)
	at java.lang.reflect.Method.invoke(Method.java:616)
	at junit.framework.TestCase.runTest(TestCase.java:168)
	at junit.framework.TestCase.runBare(TestCase.java:134)
	at junit.framework.TestResult$1.protect(TestResult.java:110)
	at junit.framework.TestResult.runProtected(TestResult.java:128)
	at junit.framework.TestResult.run(TestResult.java:113)
	at junit.framework.TestCase.run(TestCase.java:124)
	at junit.framework.TestSuite.runTest(TestSuite.java:232)
	at junit.framework.TestSuite.run(TestSuite.java:227)
	at junit.framework.TestSuite.runTest(TestSuite.java:232)
	at junit.framework.TestSuite.run(TestSuite.java:227)
	at junit.framework.TestSuite.runTest(TestSuite.java:232)
	at junit.framework.TestSuite.run(TestSuite.java:227)
	at org.apache.tools.ant.taskdefs.optional.junit.JUnitTestRunner.run(JUnitTestRunner.java:420)
	at org.apache.tools.ant.taskdefs.optional.junit.JUnitTestRunner.launch(JUnitTestRunner.java:911)
	at org.apache.tools.ant.taskdefs.optional.junit.JUnitTestRunner.main(JUnitTestRunner.java:768)
type: Upload id: Unknown operator:Unknown - search uploads with filter. found: 1
com.topcoder.util.config.UnknownNamespaceException: com.topcoder.util.log is unknown
	at com.topcoder.util.config.DefaultConfigManager.getPropertyObject(DefaultConfigManager.java:429)
	at com.topcoder.util.config.DefaultConfigManager.getString(DefaultConfigManager.java:449)
	at com.topcoder.util.log.LogFactory.getAttribute(LogFactory.java:224)
	at com.topcoder.util.log.basic.BasicLog.log(BasicLog.java:74)
	at com.topcoder.management.deliverable.PersistenceUploadManager.searchUploads(PersistenceUploadManager.java:429)
	at com.topcoder.management.deliverable.PersistenceUploadManagerTests.testSearchUploadsByUploadId(PersistenceUploadManagerTests.java:1657)
	at sun.reflect.NativeMethodAccessorImpl.invoke0(Native Method)
	at sun.reflect.NativeMethodAccessorImpl.invoke(NativeMethodAccessorImpl.java:57)
	at sun.reflect.DelegatingMethodAccessorImpl.invoke(DelegatingMethodAccessorImpl.java:43)
	at java.lang.reflect.Method.invoke(Method.java:616)
	at junit.framework.TestCase.runTest(TestCase.java:168)
	at junit.framework.TestCase.runBare(TestCase.java:134)
	at junit.framework.TestResult$1.protect(TestResult.java:110)
	at junit.framework.TestResult.runProtected(TestResult.java:128)
	at junit.framework.TestResult.run(TestResult.java:113)
	at junit.framework.TestCase.run(TestCase.java:124)
	at junit.framework.TestSuite.runTest(TestSuite.java:232)
	at junit.framework.TestSuite.run(TestSuite.java:227)
	at junit.framework.TestSuite.runTest(TestSuite.java:232)
	at junit.framework.TestSuite.run(TestSuite.java:227)
	at junit.framework.TestSuite.runTest(TestSuite.java:232)
	at junit.framework.TestSuite.run(TestSuite.java:227)
	at org.apache.tools.ant.taskdefs.optional.junit.JUnitTestRunner.run(JUnitTestRunner.java:420)
	at org.apache.tools.ant.taskdefs.optional.junit.JUnitTestRunner.launch(JUnitTestRunner.java:911)
	at org.apache.tools.ant.taskdefs.optional.junit.JUnitTestRunner.main(JUnitTestRunner.java:768)
type: Upload id: Unknown operator:Unknown - search uploads with filter. found: 1
com.topcoder.util.config.UnknownNamespaceException: com.topcoder.util.log is unknown
	at com.topcoder.util.config.DefaultConfigManager.getPropertyObject(DefaultConfigManager.java:429)
	at com.topcoder.util.config.DefaultConfigManager.getString(DefaultConfigManager.java:449)
	at com.topcoder.util.log.LogFactory.getAttribute(LogFactory.java:224)
	at com.topcoder.util.log.basic.BasicLog.log(BasicLog.java:74)
	at com.topcoder.management.deliverable.PersistenceUploadManager.searchUploads(PersistenceUploadManager.java:429)
	at com.topcoder.management.deliverable.PersistenceUploadManagerTests.testSearchUploadsByUploadId(PersistenceUploadManagerTests.java:1657)
	at sun.reflect.NativeMethodAccessorImpl.invoke0(Native Method)
	at sun.reflect.NativeMethodAccessorImpl.invoke(NativeMethodAccessorImpl.java:57)
	at sun.reflect.DelegatingMethodAccessorImpl.invoke(DelegatingMethodAccessorImpl.java:43)
	at java.lang.reflect.Method.invoke(Method.java:616)
	at junit.framework.TestCase.runTest(TestCase.java:168)
	at junit.framework.TestCase.runBare(TestCase.java:134)
	at junit.framework.TestResult$1.protect(TestResult.java:110)
	at junit.framework.TestResult.runProtected(TestResult.java:128)
	at junit.framework.TestResult.run(TestResult.java:113)
	at junit.framework.TestCase.run(TestCase.java:124)
	at junit.framework.TestSuite.runTest(TestSuite.java:232)
	at junit.framework.TestSuite.run(TestSuite.java:227)
	at junit.framework.TestSuite.runTest(TestSuite.java:232)
	at junit.framework.TestSuite.run(TestSuite.java:227)
	at junit.framework.TestSuite.runTest(TestSuite.java:232)
	at junit.framework.TestSuite.run(TestSuite.java:227)
	at org.apache.tools.ant.taskdefs.optional.junit.JUnitTestRunner.run(JUnitTestRunner.java:420)
	at org.apache.tools.ant.taskdefs.optional.junit.JUnitTestRunner.launch(JUnitTestRunner.java:911)
	at org.apache.tools.ant.taskdefs.optional.junit.JUnitTestRunner.main(JUnitTestRunner.java:768)
type: Upload id: Unknown operator:Unknown - search uploads with filter. found: 1
com.topcoder.util.config.UnknownNamespaceException: com.topcoder.util.log is unknown
	at com.topcoder.util.config.DefaultConfigManager.getPropertyObject(DefaultConfigManager.java:429)
	at com.topcoder.util.config.DefaultConfigManager.getString(DefaultConfigManager.java:449)
	at com.topcoder.util.log.LogFactory.getAttribute(LogFactory.java:224)
	at com.topcoder.util.log.basic.BasicLog.log(BasicLog.java:74)
	at com.topcoder.management.deliverable.PersistenceUploadManager.searchUploads(PersistenceUploadManager.java:429)
	at com.topcoder.management.deliverable.PersistenceUploadManagerTests.testSearchUploadsByUploadId(PersistenceUploadManagerTests.java:1657)
	at sun.reflect.NativeMethodAccessorImpl.invoke0(Native Method)
	at sun.reflect.NativeMethodAccessorImpl.invoke(NativeMethodAccessorImpl.java:57)
	at sun.reflect.DelegatingMethodAccessorImpl.invoke(DelegatingMethodAccessorImpl.java:43)
	at java.lang.reflect.Method.invoke(Method.java:616)
	at junit.framework.TestCase.runTest(TestCase.java:168)
	at junit.framework.TestCase.runBare(TestCase.java:134)
	at junit.framework.TestResult$1.protect(TestResult.java:110)
	at junit.framework.TestResult.runProtected(TestResult.java:128)
	at junit.framework.TestResult.run(TestResult.java:113)
	at junit.framework.TestCase.run(TestCase.java:124)
	at junit.framework.TestSuite.runTest(TestSuite.java:232)
	at junit.framework.TestSuite.run(TestSuite.java:227)
	at junit.framework.TestSuite.runTest(TestSuite.java:232)
	at junit.framework.TestSuite.run(TestSuite.java:227)
	at junit.framework.TestSuite.runTest(TestSuite.java:232)
	at junit.framework.TestSuite.run(TestSuite.java:227)
	at org.apache.tools.ant.taskdefs.optional.junit.JUnitTestRunner.run(JUnitTestRunner.java:420)
	at org.apache.tools.ant.taskdefs.optional.junit.JUnitTestRunner.launch(JUnitTestRunner.java:911)
	at org.apache.tools.ant.taskdefs.optional.junit.JUnitTestRunner.main(JUnitTestRunner.java:768)
type: Upload id: Unknown operator:Unknown - search uploads with filter. found: 1
com.topcoder.util.config.UnknownNamespaceException: com.topcoder.util.log is unknown
	at com.topcoder.util.config.DefaultConfigManager.getPropertyObject(DefaultConfigManager.java:429)
	at com.topcoder.util.config.DefaultConfigManager.getString(DefaultConfigManager.java:449)
	at com.topcoder.util.log.LogFactory.getAttribute(LogFactory.java:224)
	at com.topcoder.util.log.basic.BasicLog.log(BasicLog.java:74)
	at com.topcoder.management.deliverable.PersistenceUploadManager.<init>(PersistenceUploadManager.java:260)
	at com.topcoder.management.deliverable.PersistenceUploadManagerTests.setUp(PersistenceUploadManagerTests.java:159)
	at junit.framework.TestCase.runBare(TestCase.java:132)
	at junit.framework.TestResult$1.protect(TestResult.java:110)
	at junit.framework.TestResult.runProtected(TestResult.java:128)
	at junit.framework.TestResult.run(TestResult.java:113)
	at junit.framework.TestCase.run(TestCase.java:124)
	at junit.framework.TestSuite.runTest(TestSuite.java:232)
	at junit.framework.TestSuite.run(TestSuite.java:227)
	at junit.framework.TestSuite.runTest(TestSuite.java:232)
	at junit.framework.TestSuite.run(TestSuite.java:227)
	at junit.framework.TestSuite.runTest(TestSuite.java:232)
	at junit.framework.TestSuite.run(TestSuite.java:227)
	at org.apache.tools.ant.taskdefs.optional.junit.JUnitTestRunner.run(JUnitTestRunner.java:420)
	at org.apache.tools.ant.taskdefs.optional.junit.JUnitTestRunner.launch(JUnitTestRunner.java:911)
	at org.apache.tools.ant.taskdefs.optional.junit.JUnitTestRunner.main(JUnitTestRunner.java:768)
Instantiate PersistenceUploadManager with UploadPersistence, uploadSearchBundle, submissionSearchBundle, uploadIdGenerator, uploadTypeIdGenerator, uploadStatusIdGenerator, submissionIDGenerator and submissionStatusIdGenerator.
com.topcoder.util.config.UnknownNamespaceException: com.topcoder.util.log is unknown
	at com.topcoder.util.config.DefaultConfigManager.getPropertyObject(DefaultConfigManager.java:429)
	at com.topcoder.util.config.DefaultConfigManager.getString(DefaultConfigManager.java:449)
	at com.topcoder.util.log.LogFactory.getAttribute(LogFactory.java:224)
	at com.topcoder.util.log.basic.BasicLog.log(BasicLog.java:74)
	at com.topcoder.management.deliverable.PersistenceUploadManager.searchUploads(PersistenceUploadManager.java:429)
	at com.topcoder.management.deliverable.PersistenceUploadManagerTests.testSearchUploadsByUploadTypeId(PersistenceUploadManagerTests.java:1679)
	at sun.reflect.NativeMethodAccessorImpl.invoke0(Native Method)
	at sun.reflect.NativeMethodAccessorImpl.invoke(NativeMethodAccessorImpl.java:57)
	at sun.reflect.DelegatingMethodAccessorImpl.invoke(DelegatingMethodAccessorImpl.java:43)
	at java.lang.reflect.Method.invoke(Method.java:616)
	at junit.framework.TestCase.runTest(TestCase.java:168)
	at junit.framework.TestCase.runBare(TestCase.java:134)
	at junit.framework.TestResult$1.protect(TestResult.java:110)
	at junit.framework.TestResult.runProtected(TestResult.java:128)
	at junit.framework.TestResult.run(TestResult.java:113)
	at junit.framework.TestCase.run(TestCase.java:124)
	at junit.framework.TestSuite.runTest(TestSuite.java:232)
	at junit.framework.TestSuite.run(TestSuite.java:227)
	at junit.framework.TestSuite.runTest(TestSuite.java:232)
	at junit.framework.TestSuite.run(TestSuite.java:227)
	at junit.framework.TestSuite.runTest(TestSuite.java:232)
	at junit.framework.TestSuite.run(TestSuite.java:227)
	at org.apache.tools.ant.taskdefs.optional.junit.JUnitTestRunner.run(JUnitTestRunner.java:420)
	at org.apache.tools.ant.taskdefs.optional.junit.JUnitTestRunner.launch(JUnitTestRunner.java:911)
	at org.apache.tools.ant.taskdefs.optional.junit.JUnitTestRunner.main(JUnitTestRunner.java:768)
type: Upload id: Unknown operator:Unknown - search uploads with filter. found: 2
com.topcoder.util.config.UnknownNamespaceException: com.topcoder.util.log is unknown
	at com.topcoder.util.config.DefaultConfigManager.getPropertyObject(DefaultConfigManager.java:429)
	at com.topcoder.util.config.DefaultConfigManager.getString(DefaultConfigManager.java:449)
	at com.topcoder.util.log.LogFactory.getAttribute(LogFactory.java:224)
	at com.topcoder.util.log.basic.BasicLog.log(BasicLog.java:74)
	at com.topcoder.management.deliverable.PersistenceUploadManager.<init>(PersistenceUploadManager.java:260)
	at com.topcoder.management.deliverable.PersistenceUploadManagerTests.setUp(PersistenceUploadManagerTests.java:159)
	at junit.framework.TestCase.runBare(TestCase.java:132)
	at junit.framework.TestResult$1.protect(TestResult.java:110)
	at junit.framework.TestResult.runProtected(TestResult.java:128)
	at junit.framework.TestResult.run(TestResult.java:113)
	at junit.framework.TestCase.run(TestCase.java:124)
	at junit.framework.TestSuite.runTest(TestSuite.java:232)
	at junit.framework.TestSuite.run(TestSuite.java:227)
	at junit.framework.TestSuite.runTest(TestSuite.java:232)
	at junit.framework.TestSuite.run(TestSuite.java:227)
	at junit.framework.TestSuite.runTest(TestSuite.java:232)
	at junit.framework.TestSuite.run(TestSuite.java:227)
	at org.apache.tools.ant.taskdefs.optional.junit.JUnitTestRunner.run(JUnitTestRunner.java:420)
	at org.apache.tools.ant.taskdefs.optional.junit.JUnitTestRunner.launch(JUnitTestRunner.java:911)
	at org.apache.tools.ant.taskdefs.optional.junit.JUnitTestRunner.main(JUnitTestRunner.java:768)
Instantiate PersistenceUploadManager with UploadPersistence, uploadSearchBundle, submissionSearchBundle, uploadIdGenerator, uploadTypeIdGenerator, uploadStatusIdGenerator, submissionIDGenerator and submissionStatusIdGenerator.
com.topcoder.util.config.UnknownNamespaceException: com.topcoder.util.log is unknown
	at com.topcoder.util.config.DefaultConfigManager.getPropertyObject(DefaultConfigManager.java:429)
	at com.topcoder.util.config.DefaultConfigManager.getString(DefaultConfigManager.java:449)
	at com.topcoder.util.log.LogFactory.getAttribute(LogFactory.java:224)
	at com.topcoder.util.log.basic.BasicLog.log(BasicLog.java:74)
	at com.topcoder.management.deliverable.PersistenceUploadManager.searchUploads(PersistenceUploadManager.java:429)
	at com.topcoder.management.deliverable.PersistenceUploadManagerTests.testSearchUploadsByUploadStatusId(PersistenceUploadManagerTests.java:1708)
	at sun.reflect.NativeMethodAccessorImpl.invoke0(Native Method)
	at sun.reflect.NativeMethodAccessorImpl.invoke(NativeMethodAccessorImpl.java:57)
	at sun.reflect.DelegatingMethodAccessorImpl.invoke(DelegatingMethodAccessorImpl.java:43)
	at java.lang.reflect.Method.invoke(Method.java:616)
	at junit.framework.TestCase.runTest(TestCase.java:168)
	at junit.framework.TestCase.runBare(TestCase.java:134)
	at junit.framework.TestResult$1.protect(TestResult.java:110)
	at junit.framework.TestResult.runProtected(TestResult.java:128)
	at junit.framework.TestResult.run(TestResult.java:113)
	at junit.framework.TestCase.run(TestCase.java:124)
	at junit.framework.TestSuite.runTest(TestSuite.java:232)
	at junit.framework.TestSuite.run(TestSuite.java:227)
	at junit.framework.TestSuite.runTest(TestSuite.java:232)
	at junit.framework.TestSuite.run(TestSuite.java:227)
	at junit.framework.TestSuite.runTest(TestSuite.java:232)
	at junit.framework.TestSuite.run(TestSuite.java:227)
	at org.apache.tools.ant.taskdefs.optional.junit.JUnitTestRunner.run(JUnitTestRunner.java:420)
	at org.apache.tools.ant.taskdefs.optional.junit.JUnitTestRunner.launch(JUnitTestRunner.java:911)
	at org.apache.tools.ant.taskdefs.optional.junit.JUnitTestRunner.main(JUnitTestRunner.java:768)
type: Upload id: Unknown operator:Unknown - search uploads with filter. found: 3
com.topcoder.util.config.UnknownNamespaceException: com.topcoder.util.log is unknown
	at com.topcoder.util.config.DefaultConfigManager.getPropertyObject(DefaultConfigManager.java:429)
	at com.topcoder.util.config.DefaultConfigManager.getString(DefaultConfigManager.java:449)
	at com.topcoder.util.log.LogFactory.getAttribute(LogFactory.java:224)
	at com.topcoder.util.log.basic.BasicLog.log(BasicLog.java:74)
	at com.topcoder.management.deliverable.PersistenceUploadManager.<init>(PersistenceUploadManager.java:260)
	at com.topcoder.management.deliverable.PersistenceUploadManagerTests.setUp(PersistenceUploadManagerTests.java:159)
	at junit.framework.TestCase.runBare(TestCase.java:132)
	at junit.framework.TestResult$1.protect(TestResult.java:110)
	at junit.framework.TestResult.runProtected(TestResult.java:128)
	at junit.framework.TestResult.run(TestResult.java:113)
	at junit.framework.TestCase.run(TestCase.java:124)
	at junit.framework.TestSuite.runTest(TestSuite.java:232)
	at junit.framework.TestSuite.run(TestSuite.java:227)
	at junit.framework.TestSuite.runTest(TestSuite.java:232)
	at junit.framework.TestSuite.run(TestSuite.java:227)
	at junit.framework.TestSuite.runTest(TestSuite.java:232)
	at junit.framework.TestSuite.run(TestSuite.java:227)
	at org.apache.tools.ant.taskdefs.optional.junit.JUnitTestRunner.run(JUnitTestRunner.java:420)
	at org.apache.tools.ant.taskdefs.optional.junit.JUnitTestRunner.launch(JUnitTestRunner.java:911)
	at org.apache.tools.ant.taskdefs.optional.junit.JUnitTestRunner.main(JUnitTestRunner.java:768)
Instantiate PersistenceUploadManager with UploadPersistence, uploadSearchBundle, submissionSearchBundle, uploadIdGenerator, uploadTypeIdGenerator, uploadStatusIdGenerator, submissionIDGenerator and submissionStatusIdGenerator.
com.topcoder.util.config.UnknownNamespaceException: com.topcoder.util.log is unknown
	at com.topcoder.util.config.DefaultConfigManager.getPropertyObject(DefaultConfigManager.java:429)
	at com.topcoder.util.config.DefaultConfigManager.getString(DefaultConfigManager.java:449)
	at com.topcoder.util.log.LogFactory.getAttribute(LogFactory.java:224)
	at com.topcoder.util.log.basic.BasicLog.log(BasicLog.java:74)
	at com.topcoder.management.deliverable.PersistenceUploadManager.searchUploads(PersistenceUploadManager.java:429)
	at com.topcoder.management.deliverable.PersistenceUploadManagerTests.testSearchUploadsByProjectId(PersistenceUploadManagerTests.java:1739)
	at sun.reflect.NativeMethodAccessorImpl.invoke0(Native Method)
	at sun.reflect.NativeMethodAccessorImpl.invoke(NativeMethodAccessorImpl.java:57)
	at sun.reflect.DelegatingMethodAccessorImpl.invoke(DelegatingMethodAccessorImpl.java:43)
	at java.lang.reflect.Method.invoke(Method.java:616)
	at junit.framework.TestCase.runTest(TestCase.java:168)
	at junit.framework.TestCase.runBare(TestCase.java:134)
	at junit.framework.TestResult$1.protect(TestResult.java:110)
	at junit.framework.TestResult.runProtected(TestResult.java:128)
	at junit.framework.TestResult.run(TestResult.java:113)
	at junit.framework.TestCase.run(TestCase.java:124)
	at junit.framework.TestSuite.runTest(TestSuite.java:232)
	at junit.framework.TestSuite.run(TestSuite.java:227)
	at junit.framework.TestSuite.runTest(TestSuite.java:232)
	at junit.framework.TestSuite.run(TestSuite.java:227)
	at junit.framework.TestSuite.runTest(TestSuite.java:232)
	at junit.framework.TestSuite.run(TestSuite.java:227)
	at org.apache.tools.ant.taskdefs.optional.junit.JUnitTestRunner.run(JUnitTestRunner.java:420)
	at org.apache.tools.ant.taskdefs.optional.junit.JUnitTestRunner.launch(JUnitTestRunner.java:911)
	at org.apache.tools.ant.taskdefs.optional.junit.JUnitTestRunner.main(JUnitTestRunner.java:768)
type: Upload id: Unknown operator:Unknown - search uploads with filter. found: 2
com.topcoder.util.config.UnknownNamespaceException: com.topcoder.util.log is unknown
	at com.topcoder.util.config.DefaultConfigManager.getPropertyObject(DefaultConfigManager.java:429)
	at com.topcoder.util.config.DefaultConfigManager.getString(DefaultConfigManager.java:449)
	at com.topcoder.util.log.LogFactory.getAttribute(LogFactory.java:224)
	at com.topcoder.util.log.basic.BasicLog.log(BasicLog.java:74)
	at com.topcoder.management.deliverable.PersistenceUploadManager.<init>(PersistenceUploadManager.java:260)
	at com.topcoder.management.deliverable.PersistenceUploadManagerTests.setUp(PersistenceUploadManagerTests.java:159)
	at junit.framework.TestCase.runBare(TestCase.java:132)
	at junit.framework.TestResult$1.protect(TestResult.java:110)
	at junit.framework.TestResult.runProtected(TestResult.java:128)
	at junit.framework.TestResult.run(TestResult.java:113)
	at junit.framework.TestCase.run(TestCase.java:124)
	at junit.framework.TestSuite.runTest(TestSuite.java:232)
	at junit.framework.TestSuite.run(TestSuite.java:227)
	at junit.framework.TestSuite.runTest(TestSuite.java:232)
	at junit.framework.TestSuite.run(TestSuite.java:227)
	at junit.framework.TestSuite.runTest(TestSuite.java:232)
	at junit.framework.TestSuite.run(TestSuite.java:227)
	at org.apache.tools.ant.taskdefs.optional.junit.JUnitTestRunner.run(JUnitTestRunner.java:420)
	at org.apache.tools.ant.taskdefs.optional.junit.JUnitTestRunner.launch(JUnitTestRunner.java:911)
	at org.apache.tools.ant.taskdefs.optional.junit.JUnitTestRunner.main(JUnitTestRunner.java:768)
Instantiate PersistenceUploadManager with UploadPersistence, uploadSearchBundle, submissionSearchBundle, uploadIdGenerator, uploadTypeIdGenerator, uploadStatusIdGenerator, submissionIDGenerator and submissionStatusIdGenerator.
com.topcoder.util.config.UnknownNamespaceException: com.topcoder.util.log is unknown
	at com.topcoder.util.config.DefaultConfigManager.getPropertyObject(DefaultConfigManager.java:429)
	at com.topcoder.util.config.DefaultConfigManager.getString(DefaultConfigManager.java:449)
	at com.topcoder.util.log.LogFactory.getAttribute(LogFactory.java:224)
	at com.topcoder.util.log.basic.BasicLog.log(BasicLog.java:74)
	at com.topcoder.management.deliverable.PersistenceUploadManager.searchUploads(PersistenceUploadManager.java:429)
	at com.topcoder.management.deliverable.PersistenceUploadManagerTests.testSearchUploadsByResourceId(PersistenceUploadManagerTests.java:1768)
	at sun.reflect.NativeMethodAccessorImpl.invoke0(Native Method)
	at sun.reflect.NativeMethodAccessorImpl.invoke(NativeMethodAccessorImpl.java:57)
	at sun.reflect.DelegatingMethodAccessorImpl.invoke(DelegatingMethodAccessorImpl.java:43)
	at java.lang.reflect.Method.invoke(Method.java:616)
	at junit.framework.TestCase.runTest(TestCase.java:168)
	at junit.framework.TestCase.runBare(TestCase.java:134)
	at junit.framework.TestResult$1.protect(TestResult.java:110)
	at junit.framework.TestResult.runProtected(TestResult.java:128)
	at junit.framework.TestResult.run(TestResult.java:113)
	at junit.framework.TestCase.run(TestCase.java:124)
	at junit.framework.TestSuite.runTest(TestSuite.java:232)
	at junit.framework.TestSuite.run(TestSuite.java:227)
	at junit.framework.TestSuite.runTest(TestSuite.java:232)
	at junit.framework.TestSuite.run(TestSuite.java:227)
	at junit.framework.TestSuite.runTest(TestSuite.java:232)
	at junit.framework.TestSuite.run(TestSuite.java:227)
	at org.apache.tools.ant.taskdefs.optional.junit.JUnitTestRunner.run(JUnitTestRunner.java:420)
	at org.apache.tools.ant.taskdefs.optional.junit.JUnitTestRunner.launch(JUnitTestRunner.java:911)
	at org.apache.tools.ant.taskdefs.optional.junit.JUnitTestRunner.main(JUnitTestRunner.java:768)
type: Upload id: Unknown operator:Unknown - search uploads with filter. found: 2
com.topcoder.util.config.UnknownNamespaceException: com.topcoder.util.log is unknown
	at com.topcoder.util.config.DefaultConfigManager.getPropertyObject(DefaultConfigManager.java:429)
	at com.topcoder.util.config.DefaultConfigManager.getString(DefaultConfigManager.java:449)
	at com.topcoder.util.log.LogFactory.getAttribute(LogFactory.java:224)
	at com.topcoder.util.log.basic.BasicLog.log(BasicLog.java:74)
	at com.topcoder.management.deliverable.PersistenceUploadManager.<init>(PersistenceUploadManager.java:260)
	at com.topcoder.management.deliverable.PersistenceUploadManagerTests.setUp(PersistenceUploadManagerTests.java:159)
	at junit.framework.TestCase.runBare(TestCase.java:132)
	at junit.framework.TestResult$1.protect(TestResult.java:110)
	at junit.framework.TestResult.runProtected(TestResult.java:128)
	at junit.framework.TestResult.run(TestResult.java:113)
	at junit.framework.TestCase.run(TestCase.java:124)
	at junit.framework.TestSuite.runTest(TestSuite.java:232)
	at junit.framework.TestSuite.run(TestSuite.java:227)
	at junit.framework.TestSuite.runTest(TestSuite.java:232)
	at junit.framework.TestSuite.run(TestSuite.java:227)
	at junit.framework.TestSuite.runTest(TestSuite.java:232)
	at junit.framework.TestSuite.run(TestSuite.java:227)
	at org.apache.tools.ant.taskdefs.optional.junit.JUnitTestRunner.run(JUnitTestRunner.java:420)
	at org.apache.tools.ant.taskdefs.optional.junit.JUnitTestRunner.launch(JUnitTestRunner.java:911)
	at org.apache.tools.ant.taskdefs.optional.junit.JUnitTestRunner.main(JUnitTestRunner.java:768)
Instantiate PersistenceUploadManager with UploadPersistence, uploadSearchBundle, submissionSearchBundle, uploadIdGenerator, uploadTypeIdGenerator, uploadStatusIdGenerator, submissionIDGenerator and submissionStatusIdGenerator.
com.topcoder.util.config.UnknownNamespaceException: com.topcoder.util.log is unknown
	at com.topcoder.util.config.DefaultConfigManager.getPropertyObject(DefaultConfigManager.java:429)
	at com.topcoder.util.config.DefaultConfigManager.getString(DefaultConfigManager.java:449)
	at com.topcoder.util.log.LogFactory.getAttribute(LogFactory.java:224)
	at com.topcoder.util.log.basic.BasicLog.log(BasicLog.java:74)
	at com.topcoder.management.deliverable.PersistenceUploadManager.searchSubmissions(PersistenceUploadManager.java:726)
	at com.topcoder.management.deliverable.PersistenceUploadManagerTests.testSearchSubmissionsBySubmissionId(PersistenceUploadManagerTests.java:1798)
	at sun.reflect.NativeMethodAccessorImpl.invoke0(Native Method)
	at sun.reflect.NativeMethodAccessorImpl.invoke(NativeMethodAccessorImpl.java:57)
	at sun.reflect.DelegatingMethodAccessorImpl.invoke(DelegatingMethodAccessorImpl.java:43)
	at java.lang.reflect.Method.invoke(Method.java:616)
	at junit.framework.TestCase.runTest(TestCase.java:168)
	at junit.framework.TestCase.runBare(TestCase.java:134)
	at junit.framework.TestResult$1.protect(TestResult.java:110)
	at junit.framework.TestResult.runProtected(TestResult.java:128)
	at junit.framework.TestResult.run(TestResult.java:113)
	at junit.framework.TestCase.run(TestCase.java:124)
	at junit.framework.TestSuite.runTest(TestSuite.java:232)
	at junit.framework.TestSuite.run(TestSuite.java:227)
	at junit.framework.TestSuite.runTest(TestSuite.java:232)
	at junit.framework.TestSuite.run(TestSuite.java:227)
	at junit.framework.TestSuite.runTest(TestSuite.java:232)
	at junit.framework.TestSuite.run(TestSuite.java:227)
	at org.apache.tools.ant.taskdefs.optional.junit.JUnitTestRunner.run(JUnitTestRunner.java:420)
	at org.apache.tools.ant.taskdefs.optional.junit.JUnitTestRunner.launch(JUnitTestRunner.java:911)
	at org.apache.tools.ant.taskdefs.optional.junit.JUnitTestRunner.main(JUnitTestRunner.java:768)
type: Upload id: Unknown operator:Unknown - search submissions with filter. found: 1
com.topcoder.util.config.UnknownNamespaceException: com.topcoder.util.log is unknown
	at com.topcoder.util.config.DefaultConfigManager.getPropertyObject(DefaultConfigManager.java:429)
	at com.topcoder.util.config.DefaultConfigManager.getString(DefaultConfigManager.java:449)
	at com.topcoder.util.log.LogFactory.getAttribute(LogFactory.java:224)
	at com.topcoder.util.log.basic.BasicLog.log(BasicLog.java:74)
	at com.topcoder.management.deliverable.persistence.sql.SqlUploadPersistence.loadSubmissions(SqlUploadPersistence.java:1052)
	at com.topcoder.management.deliverable.PersistenceUploadManager.searchSubmissions(PersistenceUploadManager.java:728)
	at com.topcoder.management.deliverable.PersistenceUploadManagerTests.testSearchSubmissionsBySubmissionId(PersistenceUploadManagerTests.java:1798)
	at sun.reflect.NativeMethodAccessorImpl.invoke0(Native Method)
	at sun.reflect.NativeMethodAccessorImpl.invoke(NativeMethodAccessorImpl.java:57)
	at sun.reflect.DelegatingMethodAccessorImpl.invoke(DelegatingMethodAccessorImpl.java:43)
	at java.lang.reflect.Method.invoke(Method.java:616)
	at junit.framework.TestCase.runTest(TestCase.java:168)
	at junit.framework.TestCase.runBare(TestCase.java:134)
	at junit.framework.TestResult$1.protect(TestResult.java:110)
	at junit.framework.TestResult.runProtected(TestResult.java:128)
	at junit.framework.TestResult.run(TestResult.java:113)
	at junit.framework.TestCase.run(TestCase.java:124)
	at junit.framework.TestSuite.runTest(TestSuite.java:232)
	at junit.framework.TestSuite.run(TestSuite.java:227)
	at junit.framework.TestSuite.runTest(TestSuite.java:232)
	at junit.framework.TestSuite.run(TestSuite.java:227)
	at junit.framework.TestSuite.runTest(TestSuite.java:232)
	at junit.framework.TestSuite.run(TestSuite.java:227)
	at org.apache.tools.ant.taskdefs.optional.junit.JUnitTestRunner.run(JUnitTestRunner.java:420)
	at org.apache.tools.ant.taskdefs.optional.junit.JUnitTestRunner.launch(JUnitTestRunner.java:911)
	at org.apache.tools.ant.taskdefs.optional.junit.JUnitTestRunner.main(JUnitTestRunner.java:768)
 Loading: 1
com.topcoder.util.config.UnknownNamespaceException: com.topcoder.util.log is unknown
	at com.topcoder.util.config.DefaultConfigManager.getPropertyObject(DefaultConfigManager.java:429)
	at com.topcoder.util.config.DefaultConfigManager.getString(DefaultConfigManager.java:449)
	at com.topcoder.util.log.LogFactory.getAttribute(LogFactory.java:224)
	at com.topcoder.util.log.basic.BasicLog.log(BasicLog.java:74)
	at com.topcoder.management.deliverable.PersistenceUploadManager.searchSubmissions(PersistenceUploadManager.java:726)
	at com.topcoder.management.deliverable.PersistenceUploadManagerTests.testSearchSubmissionsBySubmissionId(PersistenceUploadManagerTests.java:1798)
	at sun.reflect.NativeMethodAccessorImpl.invoke0(Native Method)
	at sun.reflect.NativeMethodAccessorImpl.invoke(NativeMethodAccessorImpl.java:57)
	at sun.reflect.DelegatingMethodAccessorImpl.invoke(DelegatingMethodAccessorImpl.java:43)
	at java.lang.reflect.Method.invoke(Method.java:616)
	at junit.framework.TestCase.runTest(TestCase.java:168)
	at junit.framework.TestCase.runBare(TestCase.java:134)
	at junit.framework.TestResult$1.protect(TestResult.java:110)
	at junit.framework.TestResult.runProtected(TestResult.java:128)
	at junit.framework.TestResult.run(TestResult.java:113)
	at junit.framework.TestCase.run(TestCase.java:124)
	at junit.framework.TestSuite.runTest(TestSuite.java:232)
	at junit.framework.TestSuite.run(TestSuite.java:227)
	at junit.framework.TestSuite.runTest(TestSuite.java:232)
	at junit.framework.TestSuite.run(TestSuite.java:227)
	at junit.framework.TestSuite.runTest(TestSuite.java:232)
	at junit.framework.TestSuite.run(TestSuite.java:227)
	at org.apache.tools.ant.taskdefs.optional.junit.JUnitTestRunner.run(JUnitTestRunner.java:420)
	at org.apache.tools.ant.taskdefs.optional.junit.JUnitTestRunner.launch(JUnitTestRunner.java:911)
	at org.apache.tools.ant.taskdefs.optional.junit.JUnitTestRunner.main(JUnitTestRunner.java:768)
type: Upload id: Unknown operator:Unknown - search submissions with filter. found: 1
com.topcoder.util.config.UnknownNamespaceException: com.topcoder.util.log is unknown
	at com.topcoder.util.config.DefaultConfigManager.getPropertyObject(DefaultConfigManager.java:429)
	at com.topcoder.util.config.DefaultConfigManager.getString(DefaultConfigManager.java:449)
	at com.topcoder.util.log.LogFactory.getAttribute(LogFactory.java:224)
	at com.topcoder.util.log.basic.BasicLog.log(BasicLog.java:74)
	at com.topcoder.management.deliverable.persistence.sql.SqlUploadPersistence.loadSubmissions(SqlUploadPersistence.java:1052)
	at com.topcoder.management.deliverable.PersistenceUploadManager.searchSubmissions(PersistenceUploadManager.java:728)
	at com.topcoder.management.deliverable.PersistenceUploadManagerTests.testSearchSubmissionsBySubmissionId(PersistenceUploadManagerTests.java:1798)
	at sun.reflect.NativeMethodAccessorImpl.invoke0(Native Method)
	at sun.reflect.NativeMethodAccessorImpl.invoke(NativeMethodAccessorImpl.java:57)
	at sun.reflect.DelegatingMethodAccessorImpl.invoke(DelegatingMethodAccessorImpl.java:43)
	at java.lang.reflect.Method.invoke(Method.java:616)
	at junit.framework.TestCase.runTest(TestCase.java:168)
	at junit.framework.TestCase.runBare(TestCase.java:134)
	at junit.framework.TestResult$1.protect(TestResult.java:110)
	at junit.framework.TestResult.runProtected(TestResult.java:128)
	at junit.framework.TestResult.run(TestResult.java:113)
	at junit.framework.TestCase.run(TestCase.java:124)
	at junit.framework.TestSuite.runTest(TestSuite.java:232)
	at junit.framework.TestSuite.run(TestSuite.java:227)
	at junit.framework.TestSuite.runTest(TestSuite.java:232)
	at junit.framework.TestSuite.run(TestSuite.java:227)
	at junit.framework.TestSuite.runTest(TestSuite.java:232)
	at junit.framework.TestSuite.run(TestSuite.java:227)
	at org.apache.tools.ant.taskdefs.optional.junit.JUnitTestRunner.run(JUnitTestRunner.java:420)
	at org.apache.tools.ant.taskdefs.optional.junit.JUnitTestRunner.launch(JUnitTestRunner.java:911)
	at org.apache.tools.ant.taskdefs.optional.junit.JUnitTestRunner.main(JUnitTestRunner.java:768)
 Loading: 1
com.topcoder.util.config.UnknownNamespaceException: com.topcoder.util.log is unknown
	at com.topcoder.util.config.DefaultConfigManager.getPropertyObject(DefaultConfigManager.java:429)
	at com.topcoder.util.config.DefaultConfigManager.getString(DefaultConfigManager.java:449)
	at com.topcoder.util.log.LogFactory.getAttribute(LogFactory.java:224)
	at com.topcoder.util.log.basic.BasicLog.log(BasicLog.java:74)
	at com.topcoder.management.deliverable.PersistenceUploadManager.searchSubmissions(PersistenceUploadManager.java:726)
	at com.topcoder.management.deliverable.PersistenceUploadManagerTests.testSearchSubmissionsBySubmissionId(PersistenceUploadManagerTests.java:1798)
	at sun.reflect.NativeMethodAccessorImpl.invoke0(Native Method)
	at sun.reflect.NativeMethodAccessorImpl.invoke(NativeMethodAccessorImpl.java:57)
	at sun.reflect.DelegatingMethodAccessorImpl.invoke(DelegatingMethodAccessorImpl.java:43)
	at java.lang.reflect.Method.invoke(Method.java:616)
	at junit.framework.TestCase.runTest(TestCase.java:168)
	at junit.framework.TestCase.runBare(TestCase.java:134)
	at junit.framework.TestResult$1.protect(TestResult.java:110)
	at junit.framework.TestResult.runProtected(TestResult.java:128)
	at junit.framework.TestResult.run(TestResult.java:113)
	at junit.framework.TestCase.run(TestCase.java:124)
	at junit.framework.TestSuite.runTest(TestSuite.java:232)
	at junit.framework.TestSuite.run(TestSuite.java:227)
	at junit.framework.TestSuite.runTest(TestSuite.java:232)
	at junit.framework.TestSuite.run(TestSuite.java:227)
	at junit.framework.TestSuite.runTest(TestSuite.java:232)
	at junit.framework.TestSuite.run(TestSuite.java:227)
	at org.apache.tools.ant.taskdefs.optional.junit.JUnitTestRunner.run(JUnitTestRunner.java:420)
	at org.apache.tools.ant.taskdefs.optional.junit.JUnitTestRunner.launch(JUnitTestRunner.java:911)
	at org.apache.tools.ant.taskdefs.optional.junit.JUnitTestRunner.main(JUnitTestRunner.java:768)
type: Upload id: Unknown operator:Unknown - search submissions with filter. found: 1
com.topcoder.util.config.UnknownNamespaceException: com.topcoder.util.log is unknown
	at com.topcoder.util.config.DefaultConfigManager.getPropertyObject(DefaultConfigManager.java:429)
	at com.topcoder.util.config.DefaultConfigManager.getString(DefaultConfigManager.java:449)
	at com.topcoder.util.log.LogFactory.getAttribute(LogFactory.java:224)
	at com.topcoder.util.log.basic.BasicLog.log(BasicLog.java:74)
	at com.topcoder.management.deliverable.persistence.sql.SqlUploadPersistence.loadSubmissions(SqlUploadPersistence.java:1052)
	at com.topcoder.management.deliverable.PersistenceUploadManager.searchSubmissions(PersistenceUploadManager.java:728)
	at com.topcoder.management.deliverable.PersistenceUploadManagerTests.testSearchSubmissionsBySubmissionId(PersistenceUploadManagerTests.java:1798)
	at sun.reflect.NativeMethodAccessorImpl.invoke0(Native Method)
	at sun.reflect.NativeMethodAccessorImpl.invoke(NativeMethodAccessorImpl.java:57)
	at sun.reflect.DelegatingMethodAccessorImpl.invoke(DelegatingMethodAccessorImpl.java:43)
	at java.lang.reflect.Method.invoke(Method.java:616)
	at junit.framework.TestCase.runTest(TestCase.java:168)
	at junit.framework.TestCase.runBare(TestCase.java:134)
	at junit.framework.TestResult$1.protect(TestResult.java:110)
	at junit.framework.TestResult.runProtected(TestResult.java:128)
	at junit.framework.TestResult.run(TestResult.java:113)
	at junit.framework.TestCase.run(TestCase.java:124)
	at junit.framework.TestSuite.runTest(TestSuite.java:232)
	at junit.framework.TestSuite.run(TestSuite.java:227)
	at junit.framework.TestSuite.runTest(TestSuite.java:232)
	at junit.framework.TestSuite.run(TestSuite.java:227)
	at junit.framework.TestSuite.runTest(TestSuite.java:232)
	at junit.framework.TestSuite.run(TestSuite.java:227)
	at org.apache.tools.ant.taskdefs.optional.junit.JUnitTestRunner.run(JUnitTestRunner.java:420)
	at org.apache.tools.ant.taskdefs.optional.junit.JUnitTestRunner.launch(JUnitTestRunner.java:911)
	at org.apache.tools.ant.taskdefs.optional.junit.JUnitTestRunner.main(JUnitTestRunner.java:768)
 Loading: 1
com.topcoder.util.config.UnknownNamespaceException: com.topcoder.util.log is unknown
	at com.topcoder.util.config.DefaultConfigManager.getPropertyObject(DefaultConfigManager.java:429)
	at com.topcoder.util.config.DefaultConfigManager.getString(DefaultConfigManager.java:449)
	at com.topcoder.util.log.LogFactory.getAttribute(LogFactory.java:224)
	at com.topcoder.util.log.basic.BasicLog.log(BasicLog.java:74)
	at com.topcoder.management.deliverable.PersistenceUploadManager.searchSubmissions(PersistenceUploadManager.java:726)
	at com.topcoder.management.deliverable.PersistenceUploadManagerTests.testSearchSubmissionsBySubmissionId(PersistenceUploadManagerTests.java:1798)
	at sun.reflect.NativeMethodAccessorImpl.invoke0(Native Method)
	at sun.reflect.NativeMethodAccessorImpl.invoke(NativeMethodAccessorImpl.java:57)
	at sun.reflect.DelegatingMethodAccessorImpl.invoke(DelegatingMethodAccessorImpl.java:43)
	at java.lang.reflect.Method.invoke(Method.java:616)
	at junit.framework.TestCase.runTest(TestCase.java:168)
	at junit.framework.TestCase.runBare(TestCase.java:134)
	at junit.framework.TestResult$1.protect(TestResult.java:110)
	at junit.framework.TestResult.runProtected(TestResult.java:128)
	at junit.framework.TestResult.run(TestResult.java:113)
	at junit.framework.TestCase.run(TestCase.java:124)
	at junit.framework.TestSuite.runTest(TestSuite.java:232)
	at junit.framework.TestSuite.run(TestSuite.java:227)
	at junit.framework.TestSuite.runTest(TestSuite.java:232)
	at junit.framework.TestSuite.run(TestSuite.java:227)
	at junit.framework.TestSuite.runTest(TestSuite.java:232)
	at junit.framework.TestSuite.run(TestSuite.java:227)
	at org.apache.tools.ant.taskdefs.optional.junit.JUnitTestRunner.run(JUnitTestRunner.java:420)
	at org.apache.tools.ant.taskdefs.optional.junit.JUnitTestRunner.launch(JUnitTestRunner.java:911)
	at org.apache.tools.ant.taskdefs.optional.junit.JUnitTestRunner.main(JUnitTestRunner.java:768)
type: Upload id: Unknown operator:Unknown - search submissions with filter. found: 1
com.topcoder.util.config.UnknownNamespaceException: com.topcoder.util.log is unknown
	at com.topcoder.util.config.DefaultConfigManager.getPropertyObject(DefaultConfigManager.java:429)
	at com.topcoder.util.config.DefaultConfigManager.getString(DefaultConfigManager.java:449)
	at com.topcoder.util.log.LogFactory.getAttribute(LogFactory.java:224)
	at com.topcoder.util.log.basic.BasicLog.log(BasicLog.java:74)
	at com.topcoder.management.deliverable.persistence.sql.SqlUploadPersistence.loadSubmissions(SqlUploadPersistence.java:1052)
	at com.topcoder.management.deliverable.PersistenceUploadManager.searchSubmissions(PersistenceUploadManager.java:728)
	at com.topcoder.management.deliverable.PersistenceUploadManagerTests.testSearchSubmissionsBySubmissionId(PersistenceUploadManagerTests.java:1798)
	at sun.reflect.NativeMethodAccessorImpl.invoke0(Native Method)
	at sun.reflect.NativeMethodAccessorImpl.invoke(NativeMethodAccessorImpl.java:57)
	at sun.reflect.DelegatingMethodAccessorImpl.invoke(DelegatingMethodAccessorImpl.java:43)
	at java.lang.reflect.Method.invoke(Method.java:616)
	at junit.framework.TestCase.runTest(TestCase.java:168)
	at junit.framework.TestCase.runBare(TestCase.java:134)
	at junit.framework.TestResult$1.protect(TestResult.java:110)
	at junit.framework.TestResult.runProtected(TestResult.java:128)
	at junit.framework.TestResult.run(TestResult.java:113)
	at junit.framework.TestCase.run(TestCase.java:124)
	at junit.framework.TestSuite.runTest(TestSuite.java:232)
	at junit.framework.TestSuite.run(TestSuite.java:227)
	at junit.framework.TestSuite.runTest(TestSuite.java:232)
	at junit.framework.TestSuite.run(TestSuite.java:227)
	at junit.framework.TestSuite.runTest(TestSuite.java:232)
	at junit.framework.TestSuite.run(TestSuite.java:227)
	at org.apache.tools.ant.taskdefs.optional.junit.JUnitTestRunner.run(JUnitTestRunner.java:420)
	at org.apache.tools.ant.taskdefs.optional.junit.JUnitTestRunner.launch(JUnitTestRunner.java:911)
	at org.apache.tools.ant.taskdefs.optional.junit.JUnitTestRunner.main(JUnitTestRunner.java:768)
 Loading: 1
com.topcoder.util.config.UnknownNamespaceException: com.topcoder.util.log is unknown
	at com.topcoder.util.config.DefaultConfigManager.getPropertyObject(DefaultConfigManager.java:429)
	at com.topcoder.util.config.DefaultConfigManager.getString(DefaultConfigManager.java:449)
	at com.topcoder.util.log.LogFactory.getAttribute(LogFactory.java:224)
	at com.topcoder.util.log.basic.BasicLog.log(BasicLog.java:74)
	at com.topcoder.management.deliverable.PersistenceUploadManager.searchSubmissions(PersistenceUploadManager.java:726)
	at com.topcoder.management.deliverable.PersistenceUploadManagerTests.testSearchSubmissionsBySubmissionId(PersistenceUploadManagerTests.java:1798)
	at sun.reflect.NativeMethodAccessorImpl.invoke0(Native Method)
	at sun.reflect.NativeMethodAccessorImpl.invoke(NativeMethodAccessorImpl.java:57)
	at sun.reflect.DelegatingMethodAccessorImpl.invoke(DelegatingMethodAccessorImpl.java:43)
	at java.lang.reflect.Method.invoke(Method.java:616)
	at junit.framework.TestCase.runTest(TestCase.java:168)
	at junit.framework.TestCase.runBare(TestCase.java:134)
	at junit.framework.TestResult$1.protect(TestResult.java:110)
	at junit.framework.TestResult.runProtected(TestResult.java:128)
	at junit.framework.TestResult.run(TestResult.java:113)
	at junit.framework.TestCase.run(TestCase.java:124)
	at junit.framework.TestSuite.runTest(TestSuite.java:232)
	at junit.framework.TestSuite.run(TestSuite.java:227)
	at junit.framework.TestSuite.runTest(TestSuite.java:232)
	at junit.framework.TestSuite.run(TestSuite.java:227)
	at junit.framework.TestSuite.runTest(TestSuite.java:232)
	at junit.framework.TestSuite.run(TestSuite.java:227)
	at org.apache.tools.ant.taskdefs.optional.junit.JUnitTestRunner.run(JUnitTestRunner.java:420)
	at org.apache.tools.ant.taskdefs.optional.junit.JUnitTestRunner.launch(JUnitTestRunner.java:911)
	at org.apache.tools.ant.taskdefs.optional.junit.JUnitTestRunner.main(JUnitTestRunner.java:768)
type: Upload id: Unknown operator:Unknown - search submissions with filter. found: 1
com.topcoder.util.config.UnknownNamespaceException: com.topcoder.util.log is unknown
	at com.topcoder.util.config.DefaultConfigManager.getPropertyObject(DefaultConfigManager.java:429)
	at com.topcoder.util.config.DefaultConfigManager.getString(DefaultConfigManager.java:449)
	at com.topcoder.util.log.LogFactory.getAttribute(LogFactory.java:224)
	at com.topcoder.util.log.basic.BasicLog.log(BasicLog.java:74)
	at com.topcoder.management.deliverable.persistence.sql.SqlUploadPersistence.loadSubmissions(SqlUploadPersistence.java:1052)
	at com.topcoder.management.deliverable.PersistenceUploadManager.searchSubmissions(PersistenceUploadManager.java:728)
	at com.topcoder.management.deliverable.PersistenceUploadManagerTests.testSearchSubmissionsBySubmissionId(PersistenceUploadManagerTests.java:1798)
	at sun.reflect.NativeMethodAccessorImpl.invoke0(Native Method)
	at sun.reflect.NativeMethodAccessorImpl.invoke(NativeMethodAccessorImpl.java:57)
	at sun.reflect.DelegatingMethodAccessorImpl.invoke(DelegatingMethodAccessorImpl.java:43)
	at java.lang.reflect.Method.invoke(Method.java:616)
	at junit.framework.TestCase.runTest(TestCase.java:168)
	at junit.framework.TestCase.runBare(TestCase.java:134)
	at junit.framework.TestResult$1.protect(TestResult.java:110)
	at junit.framework.TestResult.runProtected(TestResult.java:128)
	at junit.framework.TestResult.run(TestResult.java:113)
	at junit.framework.TestCase.run(TestCase.java:124)
	at junit.framework.TestSuite.runTest(TestSuite.java:232)
	at junit.framework.TestSuite.run(TestSuite.java:227)
	at junit.framework.TestSuite.runTest(TestSuite.java:232)
	at junit.framework.TestSuite.run(TestSuite.java:227)
	at junit.framework.TestSuite.runTest(TestSuite.java:232)
	at junit.framework.TestSuite.run(TestSuite.java:227)
	at org.apache.tools.ant.taskdefs.optional.junit.JUnitTestRunner.run(JUnitTestRunner.java:420)
	at org.apache.tools.ant.taskdefs.optional.junit.JUnitTestRunner.launch(JUnitTestRunner.java:911)
	at org.apache.tools.ant.taskdefs.optional.junit.JUnitTestRunner.main(JUnitTestRunner.java:768)
 Loading: 1
com.topcoder.util.config.UnknownNamespaceException: com.topcoder.util.log is unknown
	at com.topcoder.util.config.DefaultConfigManager.getPropertyObject(DefaultConfigManager.java:429)
	at com.topcoder.util.config.DefaultConfigManager.getString(DefaultConfigManager.java:449)
	at com.topcoder.util.log.LogFactory.getAttribute(LogFactory.java:224)
	at com.topcoder.util.log.basic.BasicLog.log(BasicLog.java:74)
	at com.topcoder.management.deliverable.PersistenceUploadManager.<init>(PersistenceUploadManager.java:260)
	at com.topcoder.management.deliverable.PersistenceUploadManagerTests.setUp(PersistenceUploadManagerTests.java:159)
	at junit.framework.TestCase.runBare(TestCase.java:132)
	at junit.framework.TestResult$1.protect(TestResult.java:110)
	at junit.framework.TestResult.runProtected(TestResult.java:128)
	at junit.framework.TestResult.run(TestResult.java:113)
	at junit.framework.TestCase.run(TestCase.java:124)
	at junit.framework.TestSuite.runTest(TestSuite.java:232)
	at junit.framework.TestSuite.run(TestSuite.java:227)
	at junit.framework.TestSuite.runTest(TestSuite.java:232)
	at junit.framework.TestSuite.run(TestSuite.java:227)
	at junit.framework.TestSuite.runTest(TestSuite.java:232)
	at junit.framework.TestSuite.run(TestSuite.java:227)
	at org.apache.tools.ant.taskdefs.optional.junit.JUnitTestRunner.run(JUnitTestRunner.java:420)
	at org.apache.tools.ant.taskdefs.optional.junit.JUnitTestRunner.launch(JUnitTestRunner.java:911)
	at org.apache.tools.ant.taskdefs.optional.junit.JUnitTestRunner.main(JUnitTestRunner.java:768)
Instantiate PersistenceUploadManager with UploadPersistence, uploadSearchBundle, submissionSearchBundle, uploadIdGenerator, uploadTypeIdGenerator, uploadStatusIdGenerator, submissionIDGenerator and submissionStatusIdGenerator.
com.topcoder.util.config.UnknownNamespaceException: com.topcoder.util.log is unknown
	at com.topcoder.util.config.DefaultConfigManager.getPropertyObject(DefaultConfigManager.java:429)
	at com.topcoder.util.config.DefaultConfigManager.getString(DefaultConfigManager.java:449)
	at com.topcoder.util.log.LogFactory.getAttribute(LogFactory.java:224)
	at com.topcoder.util.log.basic.BasicLog.log(BasicLog.java:74)
	at com.topcoder.management.deliverable.PersistenceUploadManager.searchSubmissions(PersistenceUploadManager.java:726)
	at com.topcoder.management.deliverable.PersistenceUploadManagerTests.testSearchSubmissionsByUploadId(PersistenceUploadManagerTests.java:1821)
	at sun.reflect.NativeMethodAccessorImpl.invoke0(Native Method)
	at sun.reflect.NativeMethodAccessorImpl.invoke(NativeMethodAccessorImpl.java:57)
	at sun.reflect.DelegatingMethodAccessorImpl.invoke(DelegatingMethodAccessorImpl.java:43)
	at java.lang.reflect.Method.invoke(Method.java:616)
	at junit.framework.TestCase.runTest(TestCase.java:168)
	at junit.framework.TestCase.runBare(TestCase.java:134)
	at junit.framework.TestResult$1.protect(TestResult.java:110)
	at junit.framework.TestResult.runProtected(TestResult.java:128)
	at junit.framework.TestResult.run(TestResult.java:113)
	at junit.framework.TestCase.run(TestCase.java:124)
	at junit.framework.TestSuite.runTest(TestSuite.java:232)
	at junit.framework.TestSuite.run(TestSuite.java:227)
	at junit.framework.TestSuite.runTest(TestSuite.java:232)
	at junit.framework.TestSuite.run(TestSuite.java:227)
	at junit.framework.TestSuite.runTest(TestSuite.java:232)
	at junit.framework.TestSuite.run(TestSuite.java:227)
	at org.apache.tools.ant.taskdefs.optional.junit.JUnitTestRunner.run(JUnitTestRunner.java:420)
	at org.apache.tools.ant.taskdefs.optional.junit.JUnitTestRunner.launch(JUnitTestRunner.java:911)
	at org.apache.tools.ant.taskdefs.optional.junit.JUnitTestRunner.main(JUnitTestRunner.java:768)
type: Upload id: Unknown operator:Unknown - search submissions with filter. found: 2
com.topcoder.util.config.UnknownNamespaceException: com.topcoder.util.log is unknown
	at com.topcoder.util.config.DefaultConfigManager.getPropertyObject(DefaultConfigManager.java:429)
	at com.topcoder.util.config.DefaultConfigManager.getString(DefaultConfigManager.java:449)
	at com.topcoder.util.log.LogFactory.getAttribute(LogFactory.java:224)
	at com.topcoder.util.log.basic.BasicLog.log(BasicLog.java:74)
	at com.topcoder.management.deliverable.persistence.sql.SqlUploadPersistence.loadSubmissions(SqlUploadPersistence.java:1052)
	at com.topcoder.management.deliverable.PersistenceUploadManager.searchSubmissions(PersistenceUploadManager.java:728)
	at com.topcoder.management.deliverable.PersistenceUploadManagerTests.testSearchSubmissionsByUploadId(PersistenceUploadManagerTests.java:1821)
	at sun.reflect.NativeMethodAccessorImpl.invoke0(Native Method)
	at sun.reflect.NativeMethodAccessorImpl.invoke(NativeMethodAccessorImpl.java:57)
	at sun.reflect.DelegatingMethodAccessorImpl.invoke(DelegatingMethodAccessorImpl.java:43)
	at java.lang.reflect.Method.invoke(Method.java:616)
	at junit.framework.TestCase.runTest(TestCase.java:168)
	at junit.framework.TestCase.runBare(TestCase.java:134)
	at junit.framework.TestResult$1.protect(TestResult.java:110)
	at junit.framework.TestResult.runProtected(TestResult.java:128)
	at junit.framework.TestResult.run(TestResult.java:113)
	at junit.framework.TestCase.run(TestCase.java:124)
	at junit.framework.TestSuite.runTest(TestSuite.java:232)
	at junit.framework.TestSuite.run(TestSuite.java:227)
	at junit.framework.TestSuite.runTest(TestSuite.java:232)
	at junit.framework.TestSuite.run(TestSuite.java:227)
	at junit.framework.TestSuite.runTest(TestSuite.java:232)
	at junit.framework.TestSuite.run(TestSuite.java:227)
	at org.apache.tools.ant.taskdefs.optional.junit.JUnitTestRunner.run(JUnitTestRunner.java:420)
	at org.apache.tools.ant.taskdefs.optional.junit.JUnitTestRunner.launch(JUnitTestRunner.java:911)
	at org.apache.tools.ant.taskdefs.optional.junit.JUnitTestRunner.main(JUnitTestRunner.java:768)
 Loading: 2
com.topcoder.util.config.UnknownNamespaceException: com.topcoder.util.log is unknown
	at com.topcoder.util.config.DefaultConfigManager.getPropertyObject(DefaultConfigManager.java:429)
	at com.topcoder.util.config.DefaultConfigManager.getString(DefaultConfigManager.java:449)
	at com.topcoder.util.log.LogFactory.getAttribute(LogFactory.java:224)
	at com.topcoder.util.log.basic.BasicLog.log(BasicLog.java:74)
	at com.topcoder.management.deliverable.PersistenceUploadManager.<init>(PersistenceUploadManager.java:260)
	at com.topcoder.management.deliverable.PersistenceUploadManagerTests.setUp(PersistenceUploadManagerTests.java:159)
	at junit.framework.TestCase.runBare(TestCase.java:132)
	at junit.framework.TestResult$1.protect(TestResult.java:110)
	at junit.framework.TestResult.runProtected(TestResult.java:128)
	at junit.framework.TestResult.run(TestResult.java:113)
	at junit.framework.TestCase.run(TestCase.java:124)
	at junit.framework.TestSuite.runTest(TestSuite.java:232)
	at junit.framework.TestSuite.run(TestSuite.java:227)
	at junit.framework.TestSuite.runTest(TestSuite.java:232)
	at junit.framework.TestSuite.run(TestSuite.java:227)
	at junit.framework.TestSuite.runTest(TestSuite.java:232)
	at junit.framework.TestSuite.run(TestSuite.java:227)
	at org.apache.tools.ant.taskdefs.optional.junit.JUnitTestRunner.run(JUnitTestRunner.java:420)
	at org.apache.tools.ant.taskdefs.optional.junit.JUnitTestRunner.launch(JUnitTestRunner.java:911)
	at org.apache.tools.ant.taskdefs.optional.junit.JUnitTestRunner.main(JUnitTestRunner.java:768)
Instantiate PersistenceUploadManager with UploadPersistence, uploadSearchBundle, submissionSearchBundle, uploadIdGenerator, uploadTypeIdGenerator, uploadStatusIdGenerator, submissionIDGenerator and submissionStatusIdGenerator.
com.topcoder.util.config.UnknownNamespaceException: com.topcoder.util.log is unknown
	at com.topcoder.util.config.DefaultConfigManager.getPropertyObject(DefaultConfigManager.java:429)
	at com.topcoder.util.config.DefaultConfigManager.getString(DefaultConfigManager.java:449)
	at com.topcoder.util.log.LogFactory.getAttribute(LogFactory.java:224)
	at com.topcoder.util.log.basic.BasicLog.log(BasicLog.java:74)
	at com.topcoder.management.deliverable.PersistenceUploadManager.searchSubmissions(PersistenceUploadManager.java:726)
	at com.topcoder.management.deliverable.PersistenceUploadManagerTests.testSearchSubmissionsBySubmissionStatusId(PersistenceUploadManagerTests.java:1851)
	at sun.reflect.NativeMethodAccessorImpl.invoke0(Native Method)
	at sun.reflect.NativeMethodAccessorImpl.invoke(NativeMethodAccessorImpl.java:57)
	at sun.reflect.DelegatingMethodAccessorImpl.invoke(DelegatingMethodAccessorImpl.java:43)
	at java.lang.reflect.Method.invoke(Method.java:616)
	at junit.framework.TestCase.runTest(TestCase.java:168)
	at junit.framework.TestCase.runBare(TestCase.java:134)
	at junit.framework.TestResult$1.protect(TestResult.java:110)
	at junit.framework.TestResult.runProtected(TestResult.java:128)
	at junit.framework.TestResult.run(TestResult.java:113)
	at junit.framework.TestCase.run(TestCase.java:124)
	at junit.framework.TestSuite.runTest(TestSuite.java:232)
	at junit.framework.TestSuite.run(TestSuite.java:227)
	at junit.framework.TestSuite.runTest(TestSuite.java:232)
	at junit.framework.TestSuite.run(TestSuite.java:227)
	at junit.framework.TestSuite.runTest(TestSuite.java:232)
	at junit.framework.TestSuite.run(TestSuite.java:227)
	at org.apache.tools.ant.taskdefs.optional.junit.JUnitTestRunner.run(JUnitTestRunner.java:420)
	at org.apache.tools.ant.taskdefs.optional.junit.JUnitTestRunner.launch(JUnitTestRunner.java:911)
	at org.apache.tools.ant.taskdefs.optional.junit.JUnitTestRunner.main(JUnitTestRunner.java:768)
type: Upload id: Unknown operator:Unknown - search submissions with filter. found: 3
com.topcoder.util.config.UnknownNamespaceException: com.topcoder.util.log is unknown
	at com.topcoder.util.config.DefaultConfigManager.getPropertyObject(DefaultConfigManager.java:429)
	at com.topcoder.util.config.DefaultConfigManager.getString(DefaultConfigManager.java:449)
	at com.topcoder.util.log.LogFactory.getAttribute(LogFactory.java:224)
	at com.topcoder.util.log.basic.BasicLog.log(BasicLog.java:74)
	at com.topcoder.management.deliverable.persistence.sql.SqlUploadPersistence.loadSubmissions(SqlUploadPersistence.java:1052)
	at com.topcoder.management.deliverable.PersistenceUploadManager.searchSubmissions(PersistenceUploadManager.java:728)
	at com.topcoder.management.deliverable.PersistenceUploadManagerTests.testSearchSubmissionsBySubmissionStatusId(PersistenceUploadManagerTests.java:1851)
	at sun.reflect.NativeMethodAccessorImpl.invoke0(Native Method)
	at sun.reflect.NativeMethodAccessorImpl.invoke(NativeMethodAccessorImpl.java:57)
	at sun.reflect.DelegatingMethodAccessorImpl.invoke(DelegatingMethodAccessorImpl.java:43)
	at java.lang.reflect.Method.invoke(Method.java:616)
	at junit.framework.TestCase.runTest(TestCase.java:168)
	at junit.framework.TestCase.runBare(TestCase.java:134)
	at junit.framework.TestResult$1.protect(TestResult.java:110)
	at junit.framework.TestResult.runProtected(TestResult.java:128)
	at junit.framework.TestResult.run(TestResult.java:113)
	at junit.framework.TestCase.run(TestCase.java:124)
	at junit.framework.TestSuite.runTest(TestSuite.java:232)
	at junit.framework.TestSuite.run(TestSuite.java:227)
	at junit.framework.TestSuite.runTest(TestSuite.java:232)
	at junit.framework.TestSuite.run(TestSuite.java:227)
	at junit.framework.TestSuite.runTest(TestSuite.java:232)
	at junit.framework.TestSuite.run(TestSuite.java:227)
	at org.apache.tools.ant.taskdefs.optional.junit.JUnitTestRunner.run(JUnitTestRunner.java:420)
	at org.apache.tools.ant.taskdefs.optional.junit.JUnitTestRunner.launch(JUnitTestRunner.java:911)
	at org.apache.tools.ant.taskdefs.optional.junit.JUnitTestRunner.main(JUnitTestRunner.java:768)
 Loading: 3
com.topcoder.util.config.UnknownNamespaceException: com.topcoder.util.log is unknown
	at com.topcoder.util.config.DefaultConfigManager.getPropertyObject(DefaultConfigManager.java:429)
	at com.topcoder.util.config.DefaultConfigManager.getString(DefaultConfigManager.java:449)
	at com.topcoder.util.log.LogFactory.getAttribute(LogFactory.java:224)
	at com.topcoder.util.log.basic.BasicLog.log(BasicLog.java:74)
	at com.topcoder.management.deliverable.PersistenceUploadManager.<init>(PersistenceUploadManager.java:260)
	at com.topcoder.management.deliverable.PersistenceUploadManagerTests.setUp(PersistenceUploadManagerTests.java:159)
	at junit.framework.TestCase.runBare(TestCase.java:132)
	at junit.framework.TestResult$1.protect(TestResult.java:110)
	at junit.framework.TestResult.runProtected(TestResult.java:128)
	at junit.framework.TestResult.run(TestResult.java:113)
	at junit.framework.TestCase.run(TestCase.java:124)
	at junit.framework.TestSuite.runTest(TestSuite.java:232)
	at junit.framework.TestSuite.run(TestSuite.java:227)
	at junit.framework.TestSuite.runTest(TestSuite.java:232)
	at junit.framework.TestSuite.run(TestSuite.java:227)
	at junit.framework.TestSuite.runTest(TestSuite.java:232)
	at junit.framework.TestSuite.run(TestSuite.java:227)
	at org.apache.tools.ant.taskdefs.optional.junit.JUnitTestRunner.run(JUnitTestRunner.java:420)
	at org.apache.tools.ant.taskdefs.optional.junit.JUnitTestRunner.launch(JUnitTestRunner.java:911)
	at org.apache.tools.ant.taskdefs.optional.junit.JUnitTestRunner.main(JUnitTestRunner.java:768)
Instantiate PersistenceUploadManager with UploadPersistence, uploadSearchBundle, submissionSearchBundle, uploadIdGenerator, uploadTypeIdGenerator, uploadStatusIdGenerator, submissionIDGenerator and submissionStatusIdGenerator.
com.topcoder.util.config.UnknownNamespaceException: com.topcoder.util.log is unknown
	at com.topcoder.util.config.DefaultConfigManager.getPropertyObject(DefaultConfigManager.java:429)
	at com.topcoder.util.config.DefaultConfigManager.getString(DefaultConfigManager.java:449)
	at com.topcoder.util.log.LogFactory.getAttribute(LogFactory.java:224)
	at com.topcoder.util.log.basic.BasicLog.log(BasicLog.java:74)
	at com.topcoder.management.deliverable.PersistenceUploadManager.searchSubmissions(PersistenceUploadManager.java:726)
	at com.topcoder.management.deliverable.PersistenceUploadManagerTests.testSearchSubmissionsByProjectId(PersistenceUploadManagerTests.java:1882)
	at sun.reflect.NativeMethodAccessorImpl.invoke0(Native Method)
	at sun.reflect.NativeMethodAccessorImpl.invoke(NativeMethodAccessorImpl.java:57)
	at sun.reflect.DelegatingMethodAccessorImpl.invoke(DelegatingMethodAccessorImpl.java:43)
	at java.lang.reflect.Method.invoke(Method.java:616)
	at junit.framework.TestCase.runTest(TestCase.java:168)
	at junit.framework.TestCase.runBare(TestCase.java:134)
	at junit.framework.TestResult$1.protect(TestResult.java:110)
	at junit.framework.TestResult.runProtected(TestResult.java:128)
	at junit.framework.TestResult.run(TestResult.java:113)
	at junit.framework.TestCase.run(TestCase.java:124)
	at junit.framework.TestSuite.runTest(TestSuite.java:232)
	at junit.framework.TestSuite.run(TestSuite.java:227)
	at junit.framework.TestSuite.runTest(TestSuite.java:232)
	at junit.framework.TestSuite.run(TestSuite.java:227)
	at junit.framework.TestSuite.runTest(TestSuite.java:232)
	at junit.framework.TestSuite.run(TestSuite.java:227)
	at org.apache.tools.ant.taskdefs.optional.junit.JUnitTestRunner.run(JUnitTestRunner.java:420)
	at org.apache.tools.ant.taskdefs.optional.junit.JUnitTestRunner.launch(JUnitTestRunner.java:911)
	at org.apache.tools.ant.taskdefs.optional.junit.JUnitTestRunner.main(JUnitTestRunner.java:768)
type: Upload id: Unknown operator:Unknown - search submissions with filter. found: 2
com.topcoder.util.config.UnknownNamespaceException: com.topcoder.util.log is unknown
	at com.topcoder.util.config.DefaultConfigManager.getPropertyObject(DefaultConfigManager.java:429)
	at com.topcoder.util.config.DefaultConfigManager.getString(DefaultConfigManager.java:449)
	at com.topcoder.util.log.LogFactory.getAttribute(LogFactory.java:224)
	at com.topcoder.util.log.basic.BasicLog.log(BasicLog.java:74)
	at com.topcoder.management.deliverable.persistence.sql.SqlUploadPersistence.loadSubmissions(SqlUploadPersistence.java:1052)
	at com.topcoder.management.deliverable.PersistenceUploadManager.searchSubmissions(PersistenceUploadManager.java:728)
	at com.topcoder.management.deliverable.PersistenceUploadManagerTests.testSearchSubmissionsByProjectId(PersistenceUploadManagerTests.java:1882)
	at sun.reflect.NativeMethodAccessorImpl.invoke0(Native Method)
	at sun.reflect.NativeMethodAccessorImpl.invoke(NativeMethodAccessorImpl.java:57)
	at sun.reflect.DelegatingMethodAccessorImpl.invoke(DelegatingMethodAccessorImpl.java:43)
	at java.lang.reflect.Method.invoke(Method.java:616)
	at junit.framework.TestCase.runTest(TestCase.java:168)
	at junit.framework.TestCase.runBare(TestCase.java:134)
	at junit.framework.TestResult$1.protect(TestResult.java:110)
	at junit.framework.TestResult.runProtected(TestResult.java:128)
	at junit.framework.TestResult.run(TestResult.java:113)
	at junit.framework.TestCase.run(TestCase.java:124)
	at junit.framework.TestSuite.runTest(TestSuite.java:232)
	at junit.framework.TestSuite.run(TestSuite.java:227)
	at junit.framework.TestSuite.runTest(TestSuite.java:232)
	at junit.framework.TestSuite.run(TestSuite.java:227)
	at junit.framework.TestSuite.runTest(TestSuite.java:232)
	at junit.framework.TestSuite.run(TestSuite.java:227)
	at org.apache.tools.ant.taskdefs.optional.junit.JUnitTestRunner.run(JUnitTestRunner.java:420)
	at org.apache.tools.ant.taskdefs.optional.junit.JUnitTestRunner.launch(JUnitTestRunner.java:911)
	at org.apache.tools.ant.taskdefs.optional.junit.JUnitTestRunner.main(JUnitTestRunner.java:768)
 Loading: 2
com.topcoder.util.config.UnknownNamespaceException: com.topcoder.util.log is unknown
	at com.topcoder.util.config.DefaultConfigManager.getPropertyObject(DefaultConfigManager.java:429)
	at com.topcoder.util.config.DefaultConfigManager.getString(DefaultConfigManager.java:449)
	at com.topcoder.util.log.LogFactory.getAttribute(LogFactory.java:224)
	at com.topcoder.util.log.basic.BasicLog.log(BasicLog.java:74)
	at com.topcoder.management.deliverable.PersistenceUploadManager.<init>(PersistenceUploadManager.java:260)
	at com.topcoder.management.deliverable.PersistenceUploadManagerTests.setUp(PersistenceUploadManagerTests.java:159)
	at junit.framework.TestCase.runBare(TestCase.java:132)
	at junit.framework.TestResult$1.protect(TestResult.java:110)
	at junit.framework.TestResult.runProtected(TestResult.java:128)
	at junit.framework.TestResult.run(TestResult.java:113)
	at junit.framework.TestCase.run(TestCase.java:124)
	at junit.framework.TestSuite.runTest(TestSuite.java:232)
	at junit.framework.TestSuite.run(TestSuite.java:227)
	at junit.framework.TestSuite.runTest(TestSuite.java:232)
	at junit.framework.TestSuite.run(TestSuite.java:227)
	at junit.framework.TestSuite.runTest(TestSuite.java:232)
	at junit.framework.TestSuite.run(TestSuite.java:227)
	at org.apache.tools.ant.taskdefs.optional.junit.JUnitTestRunner.run(JUnitTestRunner.java:420)
	at org.apache.tools.ant.taskdefs.optional.junit.JUnitTestRunner.launch(JUnitTestRunner.java:911)
	at org.apache.tools.ant.taskdefs.optional.junit.JUnitTestRunner.main(JUnitTestRunner.java:768)
Instantiate PersistenceUploadManager with UploadPersistence, uploadSearchBundle, submissionSearchBundle, uploadIdGenerator, uploadTypeIdGenerator, uploadStatusIdGenerator, submissionIDGenerator and submissionStatusIdGenerator.
com.topcoder.util.config.UnknownNamespaceException: com.topcoder.util.log is unknown
	at com.topcoder.util.config.DefaultConfigManager.getPropertyObject(DefaultConfigManager.java:429)
	at com.topcoder.util.config.DefaultConfigManager.getString(DefaultConfigManager.java:449)
	at com.topcoder.util.log.LogFactory.getAttribute(LogFactory.java:224)
	at com.topcoder.util.log.basic.BasicLog.log(BasicLog.java:74)
	at com.topcoder.management.deliverable.PersistenceUploadManager.searchSubmissions(PersistenceUploadManager.java:726)
	at com.topcoder.management.deliverable.PersistenceUploadManagerTests.testSearchSubmissionsByResourceId(PersistenceUploadManagerTests.java:1912)
	at sun.reflect.NativeMethodAccessorImpl.invoke0(Native Method)
	at sun.reflect.NativeMethodAccessorImpl.invoke(NativeMethodAccessorImpl.java:57)
	at sun.reflect.DelegatingMethodAccessorImpl.invoke(DelegatingMethodAccessorImpl.java:43)
	at java.lang.reflect.Method.invoke(Method.java:616)
	at junit.framework.TestCase.runTest(TestCase.java:168)
	at junit.framework.TestCase.runBare(TestCase.java:134)
	at junit.framework.TestResult$1.protect(TestResult.java:110)
	at junit.framework.TestResult.runProtected(TestResult.java:128)
	at junit.framework.TestResult.run(TestResult.java:113)
	at junit.framework.TestCase.run(TestCase.java:124)
	at junit.framework.TestSuite.runTest(TestSuite.java:232)
	at junit.framework.TestSuite.run(TestSuite.java:227)
	at junit.framework.TestSuite.runTest(TestSuite.java:232)
	at junit.framework.TestSuite.run(TestSuite.java:227)
	at junit.framework.TestSuite.runTest(TestSuite.java:232)
	at junit.framework.TestSuite.run(TestSuite.java:227)
	at org.apache.tools.ant.taskdefs.optional.junit.JUnitTestRunner.run(JUnitTestRunner.java:420)
	at org.apache.tools.ant.taskdefs.optional.junit.JUnitTestRunner.launch(JUnitTestRunner.java:911)
	at org.apache.tools.ant.taskdefs.optional.junit.JUnitTestRunner.main(JUnitTestRunner.java:768)
type: Upload id: Unknown operator:Unknown - search submissions with filter. found: 2
com.topcoder.util.config.UnknownNamespaceException: com.topcoder.util.log is unknown
	at com.topcoder.util.config.DefaultConfigManager.getPropertyObject(DefaultConfigManager.java:429)
	at com.topcoder.util.config.DefaultConfigManager.getString(DefaultConfigManager.java:449)
	at com.topcoder.util.log.LogFactory.getAttribute(LogFactory.java:224)
	at com.topcoder.util.log.basic.BasicLog.log(BasicLog.java:74)
	at com.topcoder.management.deliverable.persistence.sql.SqlUploadPersistence.loadSubmissions(SqlUploadPersistence.java:1052)
	at com.topcoder.management.deliverable.PersistenceUploadManager.searchSubmissions(PersistenceUploadManager.java:728)
	at com.topcoder.management.deliverable.PersistenceUploadManagerTests.testSearchSubmissionsByResourceId(PersistenceUploadManagerTests.java:1912)
	at sun.reflect.NativeMethodAccessorImpl.invoke0(Native Method)
	at sun.reflect.NativeMethodAccessorImpl.invoke(NativeMethodAccessorImpl.java:57)
	at sun.reflect.DelegatingMethodAccessorImpl.invoke(DelegatingMethodAccessorImpl.java:43)
	at java.lang.reflect.Method.invoke(Method.java:616)
	at junit.framework.TestCase.runTest(TestCase.java:168)
	at junit.framework.TestCase.runBare(TestCase.java:134)
	at junit.framework.TestResult$1.protect(TestResult.java:110)
	at junit.framework.TestResult.runProtected(TestResult.java:128)
	at junit.framework.TestResult.run(TestResult.java:113)
	at junit.framework.TestCase.run(TestCase.java:124)
	at junit.framework.TestSuite.runTest(TestSuite.java:232)
	at junit.framework.TestSuite.run(TestSuite.java:227)
	at junit.framework.TestSuite.runTest(TestSuite.java:232)
	at junit.framework.TestSuite.run(TestSuite.java:227)
	at junit.framework.TestSuite.runTest(TestSuite.java:232)
	at junit.framework.TestSuite.run(TestSuite.java:227)
	at org.apache.tools.ant.taskdefs.optional.junit.JUnitTestRunner.run(JUnitTestRunner.java:420)
	at org.apache.tools.ant.taskdefs.optional.junit.JUnitTestRunner.launch(JUnitTestRunner.java:911)
	at org.apache.tools.ant.taskdefs.optional.junit.JUnitTestRunner.main(JUnitTestRunner.java:768)
 Loading: 2
com.topcoder.util.config.UnknownNamespaceException: com.topcoder.util.log is unknown
	at com.topcoder.util.config.DefaultConfigManager.getPropertyObject(DefaultConfigManager.java:429)
	at com.topcoder.util.config.DefaultConfigManager.getString(DefaultConfigManager.java:449)
	at com.topcoder.util.log.LogFactory.getAttribute(LogFactory.java:224)
	at com.topcoder.util.log.basic.BasicLog.log(BasicLog.java:74)
	at com.topcoder.management.deliverable.PersistenceUploadManager.<init>(PersistenceUploadManager.java:260)
	at com.topcoder.management.deliverable.PersistenceUploadManagerTests.setUp(PersistenceUploadManagerTests.java:159)
	at junit.framework.TestCase.runBare(TestCase.java:132)
	at junit.framework.TestResult$1.protect(TestResult.java:110)
	at junit.framework.TestResult.runProtected(TestResult.java:128)
	at junit.framework.TestResult.run(TestResult.java:113)
	at junit.framework.TestCase.run(TestCase.java:124)
	at junit.framework.TestSuite.runTest(TestSuite.java:232)
	at junit.framework.TestSuite.run(TestSuite.java:227)
	at junit.framework.TestSuite.runTest(TestSuite.java:232)
	at junit.framework.TestSuite.run(TestSuite.java:227)
	at junit.framework.TestSuite.runTest(TestSuite.java:232)
	at junit.framework.TestSuite.run(TestSuite.java:227)
	at org.apache.tools.ant.taskdefs.optional.junit.JUnitTestRunner.run(JUnitTestRunner.java:420)
	at org.apache.tools.ant.taskdefs.optional.junit.JUnitTestRunner.launch(JUnitTestRunner.java:911)
	at org.apache.tools.ant.taskdefs.optional.junit.JUnitTestRunner.main(JUnitTestRunner.java:768)
Instantiate PersistenceUploadManager with UploadPersistence, uploadSearchBundle, submissionSearchBundle, uploadIdGenerator, uploadTypeIdGenerator, uploadStatusIdGenerator, submissionIDGenerator and submissionStatusIdGenerator.
com.topcoder.util.config.UnknownNamespaceException: com.topcoder.util.log is unknown
	at com.topcoder.util.config.DefaultConfigManager.getPropertyObject(DefaultConfigManager.java:429)
	at com.topcoder.util.config.DefaultConfigManager.getString(DefaultConfigManager.java:449)
	at com.topcoder.util.log.LogFactory.getAttribute(LogFactory.java:224)
	at com.topcoder.util.log.basic.BasicLog.log(BasicLog.java:74)
	at com.topcoder.management.deliverable.PersistenceUploadManager.createSubmissionType(PersistenceUploadManager.java:845)
	at com.topcoder.management.deliverable.PersistenceUploadManagerTests.test_createSubmissionType(PersistenceUploadManagerTests.java:1949)
	at sun.reflect.NativeMethodAccessorImpl.invoke0(Native Method)
	at sun.reflect.NativeMethodAccessorImpl.invoke(NativeMethodAccessorImpl.java:57)
	at sun.reflect.DelegatingMethodAccessorImpl.invoke(DelegatingMethodAccessorImpl.java:43)
	at java.lang.reflect.Method.invoke(Method.java:616)
	at junit.framework.TestCase.runTest(TestCase.java:168)
	at junit.framework.TestCase.runBare(TestCase.java:134)
	at junit.framework.TestResult$1.protect(TestResult.java:110)
	at junit.framework.TestResult.runProtected(TestResult.java:128)
	at junit.framework.TestResult.run(TestResult.java:113)
	at junit.framework.TestCase.run(TestCase.java:124)
	at junit.framework.TestSuite.runTest(TestSuite.java:232)
	at junit.framework.TestSuite.run(TestSuite.java:227)
	at junit.framework.TestSuite.runTest(TestSuite.java:232)
	at junit.framework.TestSuite.run(TestSuite.java:227)
	at junit.framework.TestSuite.runTest(TestSuite.java:232)
	at junit.framework.TestSuite.run(TestSuite.java:227)
	at org.apache.tools.ant.taskdefs.optional.junit.JUnitTestRunner.run(JUnitTestRunner.java:420)
	at org.apache.tools.ant.taskdefs.optional.junit.JUnitTestRunner.launch(JUnitTestRunner.java:911)
	at org.apache.tools.ant.taskdefs.optional.junit.JUnitTestRunner.main(JUnitTestRunner.java:768)
type: SubmissionType id: Unknown operator:user - Create new SubmissionType.
com.topcoder.util.config.UnknownNamespaceException: com.topcoder.util.log is unknown
	at com.topcoder.util.config.DefaultConfigManager.getPropertyObject(DefaultConfigManager.java:429)
	at com.topcoder.util.config.DefaultConfigManager.getString(DefaultConfigManager.java:449)
	at com.topcoder.util.log.LogFactory.getAttribute(LogFactory.java:224)
	at com.topcoder.util.log.basic.BasicLog.log(BasicLog.java:74)
	at com.topcoder.management.deliverable.PersistenceUploadManager.persistenceUploadManagerHelper(PersistenceUploadManager.java:966)
	at com.topcoder.management.deliverable.PersistenceUploadManager.createSubmissionType(PersistenceUploadManager.java:847)
	at com.topcoder.management.deliverable.PersistenceUploadManagerTests.test_createSubmissionType(PersistenceUploadManagerTests.java:1949)
	at sun.reflect.NativeMethodAccessorImpl.invoke0(Native Method)
	at sun.reflect.NativeMethodAccessorImpl.invoke(NativeMethodAccessorImpl.java:57)
	at sun.reflect.DelegatingMethodAccessorImpl.invoke(DelegatingMethodAccessorImpl.java:43)
	at java.lang.reflect.Method.invoke(Method.java:616)
	at junit.framework.TestCase.runTest(TestCase.java:168)
	at junit.framework.TestCase.runBare(TestCase.java:134)
	at junit.framework.TestResult$1.protect(TestResult.java:110)
	at junit.framework.TestResult.runProtected(TestResult.java:128)
	at junit.framework.TestResult.run(TestResult.java:113)
	at junit.framework.TestCase.run(TestCase.java:124)
	at junit.framework.TestSuite.runTest(TestSuite.java:232)
	at junit.framework.TestSuite.run(TestSuite.java:227)
	at junit.framework.TestSuite.runTest(TestSuite.java:232)
	at junit.framework.TestSuite.run(TestSuite.java:227)
	at junit.framework.TestSuite.runTest(TestSuite.java:232)
	at junit.framework.TestSuite.run(TestSuite.java:227)
	at org.apache.tools.ant.taskdefs.optional.junit.JUnitTestRunner.run(JUnitTestRunner.java:420)
	at org.apache.tools.ant.taskdefs.optional.junit.JUnitTestRunner.launch(JUnitTestRunner.java:911)
	at org.apache.tools.ant.taskdefs.optional.junit.JUnitTestRunner.main(JUnitTestRunner.java:768)
generate next id from the idGenerator:count
com.topcoder.util.config.UnknownNamespaceException: com.topcoder.util.log is unknown
	at com.topcoder.util.config.DefaultConfigManager.getPropertyObject(DefaultConfigManager.java:429)
	at com.topcoder.util.config.DefaultConfigManager.getString(DefaultConfigManager.java:449)
	at com.topcoder.util.log.LogFactory.getAttribute(LogFactory.java:224)
	at com.topcoder.util.log.basic.BasicLog.log(BasicLog.java:74)
	at com.topcoder.management.deliverable.PersistenceUploadManager.<init>(PersistenceUploadManager.java:260)
	at com.topcoder.management.deliverable.PersistenceUploadManagerTests.setUp(PersistenceUploadManagerTests.java:159)
	at junit.framework.TestCase.runBare(TestCase.java:132)
	at junit.framework.TestResult$1.protect(TestResult.java:110)
	at junit.framework.TestResult.runProtected(TestResult.java:128)
	at junit.framework.TestResult.run(TestResult.java:113)
	at junit.framework.TestCase.run(TestCase.java:124)
	at junit.framework.TestSuite.runTest(TestSuite.java:232)
	at junit.framework.TestSuite.run(TestSuite.java:227)
	at junit.framework.TestSuite.runTest(TestSuite.java:232)
	at junit.framework.TestSuite.run(TestSuite.java:227)
	at junit.framework.TestSuite.runTest(TestSuite.java:232)
	at junit.framework.TestSuite.run(TestSuite.java:227)
	at org.apache.tools.ant.taskdefs.optional.junit.JUnitTestRunner.run(JUnitTestRunner.java:420)
	at org.apache.tools.ant.taskdefs.optional.junit.JUnitTestRunner.launch(JUnitTestRunner.java:911)
	at org.apache.tools.ant.taskdefs.optional.junit.JUnitTestRunner.main(JUnitTestRunner.java:768)
Instantiate PersistenceUploadManager with UploadPersistence, uploadSearchBundle, submissionSearchBundle, uploadIdGenerator, uploadTypeIdGenerator, uploadStatusIdGenerator, submissionIDGenerator and submissionStatusIdGenerator.
com.topcoder.util.config.UnknownNamespaceException: com.topcoder.util.log is unknown
	at com.topcoder.util.config.DefaultConfigManager.getPropertyObject(DefaultConfigManager.java:429)
	at com.topcoder.util.config.DefaultConfigManager.getString(DefaultConfigManager.java:449)
	at com.topcoder.util.log.LogFactory.getAttribute(LogFactory.java:224)
	at com.topcoder.util.log.basic.BasicLog.log(BasicLog.java:74)
	at com.topcoder.management.deliverable.PersistenceUploadManager.createSubmissionType(PersistenceUploadManager.java:845)
	at com.topcoder.management.deliverable.PersistenceUploadManagerTests.test_createSubmissionType_submissionTypeIdNull(PersistenceUploadManagerTests.java:1985)
	at sun.reflect.NativeMethodAccessorImpl.invoke0(Native Method)
	at sun.reflect.NativeMethodAccessorImpl.invoke(NativeMethodAccessorImpl.java:57)
	at sun.reflect.DelegatingMethodAccessorImpl.invoke(DelegatingMethodAccessorImpl.java:43)
	at java.lang.reflect.Method.invoke(Method.java:616)
	at junit.framework.TestCase.runTest(TestCase.java:168)
	at junit.framework.TestCase.runBare(TestCase.java:134)
	at junit.framework.TestResult$1.protect(TestResult.java:110)
	at junit.framework.TestResult.runProtected(TestResult.java:128)
	at junit.framework.TestResult.run(TestResult.java:113)
	at junit.framework.TestCase.run(TestCase.java:124)
	at junit.framework.TestSuite.runTest(TestSuite.java:232)
	at junit.framework.TestSuite.run(TestSuite.java:227)
	at junit.framework.TestSuite.runTest(TestSuite.java:232)
	at junit.framework.TestSuite.run(TestSuite.java:227)
	at junit.framework.TestSuite.runTest(TestSuite.java:232)
	at junit.framework.TestSuite.run(TestSuite.java:227)
	at org.apache.tools.ant.taskdefs.optional.junit.JUnitTestRunner.run(JUnitTestRunner.java:420)
	at org.apache.tools.ant.taskdefs.optional.junit.JUnitTestRunner.launch(JUnitTestRunner.java:911)
	at org.apache.tools.ant.taskdefs.optional.junit.JUnitTestRunner.main(JUnitTestRunner.java:768)
type: SubmissionType id: Unknown operator:user - Create new SubmissionType.
com.topcoder.util.config.UnknownNamespaceException: com.topcoder.util.log is unknown
	at com.topcoder.util.config.DefaultConfigManager.getPropertyObject(DefaultConfigManager.java:429)
	at com.topcoder.util.config.DefaultConfigManager.getString(DefaultConfigManager.java:449)
	at com.topcoder.util.log.LogFactory.getAttribute(LogFactory.java:224)
	at com.topcoder.util.log.basic.BasicLog.log(BasicLog.java:74)
	at com.topcoder.management.deliverable.PersistenceUploadManager.<init>(PersistenceUploadManager.java:260)
	at com.topcoder.management.deliverable.PersistenceUploadManagerTests.setUp(PersistenceUploadManagerTests.java:159)
	at junit.framework.TestCase.runBare(TestCase.java:132)
	at junit.framework.TestResult$1.protect(TestResult.java:110)
	at junit.framework.TestResult.runProtected(TestResult.java:128)
	at junit.framework.TestResult.run(TestResult.java:113)
	at junit.framework.TestCase.run(TestCase.java:124)
	at junit.framework.TestSuite.runTest(TestSuite.java:232)
	at junit.framework.TestSuite.run(TestSuite.java:227)
	at junit.framework.TestSuite.runTest(TestSuite.java:232)
	at junit.framework.TestSuite.run(TestSuite.java:227)
	at junit.framework.TestSuite.runTest(TestSuite.java:232)
	at junit.framework.TestSuite.run(TestSuite.java:227)
	at org.apache.tools.ant.taskdefs.optional.junit.JUnitTestRunner.run(JUnitTestRunner.java:420)
	at org.apache.tools.ant.taskdefs.optional.junit.JUnitTestRunner.launch(JUnitTestRunner.java:911)
	at org.apache.tools.ant.taskdefs.optional.junit.JUnitTestRunner.main(JUnitTestRunner.java:768)
Instantiate PersistenceUploadManager with UploadPersistence, uploadSearchBundle, submissionSearchBundle, uploadIdGenerator, uploadTypeIdGenerator, uploadStatusIdGenerator, submissionIDGenerator and submissionStatusIdGenerator.
com.topcoder.util.config.UnknownNamespaceException: com.topcoder.util.log is unknown
	at com.topcoder.util.config.DefaultConfigManager.getPropertyObject(DefaultConfigManager.java:429)
	at com.topcoder.util.config.DefaultConfigManager.getString(DefaultConfigManager.java:449)
	at com.topcoder.util.log.LogFactory.getAttribute(LogFactory.java:224)
	at com.topcoder.util.log.basic.BasicLog.log(BasicLog.java:74)
	at com.topcoder.management.deliverable.PersistenceUploadManager.createSubmissionType(PersistenceUploadManager.java:845)
	at com.topcoder.management.deliverable.PersistenceUploadManagerTests.test_createSubmissionType_submissionTypeIdInvalid(PersistenceUploadManagerTests.java:2007)
	at sun.reflect.NativeMethodAccessorImpl.invoke0(Native Method)
	at sun.reflect.NativeMethodAccessorImpl.invoke(NativeMethodAccessorImpl.java:57)
	at sun.reflect.DelegatingMethodAccessorImpl.invoke(DelegatingMethodAccessorImpl.java:43)
	at java.lang.reflect.Method.invoke(Method.java:616)
	at junit.framework.TestCase.runTest(TestCase.java:168)
	at junit.framework.TestCase.runBare(TestCase.java:134)
	at junit.framework.TestResult$1.protect(TestResult.java:110)
	at junit.framework.TestResult.runProtected(TestResult.java:128)
	at junit.framework.TestResult.run(TestResult.java:113)
	at junit.framework.TestCase.run(TestCase.java:124)
	at junit.framework.TestSuite.runTest(TestSuite.java:232)
	at junit.framework.TestSuite.run(TestSuite.java:227)
	at junit.framework.TestSuite.runTest(TestSuite.java:232)
	at junit.framework.TestSuite.run(TestSuite.java:227)
	at junit.framework.TestSuite.runTest(TestSuite.java:232)
	at junit.framework.TestSuite.run(TestSuite.java:227)
	at org.apache.tools.ant.taskdefs.optional.junit.JUnitTestRunner.run(JUnitTestRunner.java:420)
	at org.apache.tools.ant.taskdefs.optional.junit.JUnitTestRunner.launch(JUnitTestRunner.java:911)
	at org.apache.tools.ant.taskdefs.optional.junit.JUnitTestRunner.main(JUnitTestRunner.java:768)
type: SubmissionType id: Unknown operator:user - Create new SubmissionType.
com.topcoder.util.config.UnknownNamespaceException: com.topcoder.util.log is unknown
	at com.topcoder.util.config.DefaultConfigManager.getPropertyObject(DefaultConfigManager.java:429)
	at com.topcoder.util.config.DefaultConfigManager.getString(DefaultConfigManager.java:449)
	at com.topcoder.util.log.LogFactory.getAttribute(LogFactory.java:224)
	at com.topcoder.util.log.basic.BasicLog.log(BasicLog.java:74)
	at com.topcoder.management.deliverable.PersistenceUploadManager.persistenceUploadManagerHelper(PersistenceUploadManager.java:954)
	at com.topcoder.management.deliverable.PersistenceUploadManager.createSubmissionType(PersistenceUploadManager.java:847)
	at com.topcoder.management.deliverable.PersistenceUploadManagerTests.test_createSubmissionType_submissionTypeIdInvalid(PersistenceUploadManagerTests.java:2007)
	at sun.reflect.NativeMethodAccessorImpl.invoke0(Native Method)
	at sun.reflect.NativeMethodAccessorImpl.invoke(NativeMethodAccessorImpl.java:57)
	at sun.reflect.DelegatingMethodAccessorImpl.invoke(DelegatingMethodAccessorImpl.java:43)
	at java.lang.reflect.Method.invoke(Method.java:616)
	at junit.framework.TestCase.runTest(TestCase.java:168)
	at junit.framework.TestCase.runBare(TestCase.java:134)
	at junit.framework.TestResult$1.protect(TestResult.java:110)
	at junit.framework.TestResult.runProtected(TestResult.java:128)
	at junit.framework.TestResult.run(TestResult.java:113)
	at junit.framework.TestCase.run(TestCase.java:124)
	at junit.framework.TestSuite.runTest(TestSuite.java:232)
	at junit.framework.TestSuite.run(TestSuite.java:227)
	at junit.framework.TestSuite.runTest(TestSuite.java:232)
	at junit.framework.TestSuite.run(TestSuite.java:227)
	at junit.framework.TestSuite.runTest(TestSuite.java:232)
	at junit.framework.TestSuite.run(TestSuite.java:227)
	at org.apache.tools.ant.taskdefs.optional.junit.JUnitTestRunner.run(JUnitTestRunner.java:420)
	at org.apache.tools.ant.taskdefs.optional.junit.JUnitTestRunner.launch(JUnitTestRunner.java:911)
	at org.apache.tools.ant.taskdefs.optional.junit.JUnitTestRunner.main(JUnitTestRunner.java:768)
The id of the submissionType must be UNSET_ID, 10 received
com.topcoder.util.config.UnknownNamespaceException: com.topcoder.util.log is unknown
	at com.topcoder.util.config.DefaultConfigManager.getPropertyObject(DefaultConfigManager.java:429)
	at com.topcoder.util.config.DefaultConfigManager.getString(DefaultConfigManager.java:449)
	at com.topcoder.util.log.LogFactory.getAttribute(LogFactory.java:224)
	at com.topcoder.util.log.basic.BasicLog.log(BasicLog.java:74)
	at com.topcoder.management.deliverable.PersistenceUploadManager.<init>(PersistenceUploadManager.java:260)
	at com.topcoder.management.deliverable.PersistenceUploadManagerTests.setUp(PersistenceUploadManagerTests.java:159)
	at junit.framework.TestCase.runBare(TestCase.java:132)
	at junit.framework.TestResult$1.protect(TestResult.java:110)
	at junit.framework.TestResult.runProtected(TestResult.java:128)
	at junit.framework.TestResult.run(TestResult.java:113)
	at junit.framework.TestCase.run(TestCase.java:124)
	at junit.framework.TestSuite.runTest(TestSuite.java:232)
	at junit.framework.TestSuite.run(TestSuite.java:227)
	at junit.framework.TestSuite.runTest(TestSuite.java:232)
	at junit.framework.TestSuite.run(TestSuite.java:227)
	at junit.framework.TestSuite.runTest(TestSuite.java:232)
	at junit.framework.TestSuite.run(TestSuite.java:227)
	at org.apache.tools.ant.taskdefs.optional.junit.JUnitTestRunner.run(JUnitTestRunner.java:420)
	at org.apache.tools.ant.taskdefs.optional.junit.JUnitTestRunner.launch(JUnitTestRunner.java:911)
	at org.apache.tools.ant.taskdefs.optional.junit.JUnitTestRunner.main(JUnitTestRunner.java:768)
Instantiate PersistenceUploadManager with UploadPersistence, uploadSearchBundle, submissionSearchBundle, uploadIdGenerator, uploadTypeIdGenerator, uploadStatusIdGenerator, submissionIDGenerator and submissionStatusIdGenerator.
com.topcoder.util.config.UnknownNamespaceException: com.topcoder.util.log is unknown
	at com.topcoder.util.config.DefaultConfigManager.getPropertyObject(DefaultConfigManager.java:429)
	at com.topcoder.util.config.DefaultConfigManager.getString(DefaultConfigManager.java:449)
	at com.topcoder.util.log.LogFactory.getAttribute(LogFactory.java:224)
	at com.topcoder.util.log.basic.BasicLog.log(BasicLog.java:74)
	at com.topcoder.management.deliverable.PersistenceUploadManager.createSubmissionType(PersistenceUploadManager.java:845)
	at com.topcoder.management.deliverable.PersistenceUploadManagerTests.test_createSubmissionType_operatorNull(PersistenceUploadManagerTests.java:2029)
	at sun.reflect.NativeMethodAccessorImpl.invoke0(Native Method)
	at sun.reflect.NativeMethodAccessorImpl.invoke(NativeMethodAccessorImpl.java:57)
	at sun.reflect.DelegatingMethodAccessorImpl.invoke(DelegatingMethodAccessorImpl.java:43)
	at java.lang.reflect.Method.invoke(Method.java:616)
	at junit.framework.TestCase.runTest(TestCase.java:168)
	at junit.framework.TestCase.runBare(TestCase.java:134)
	at junit.framework.TestResult$1.protect(TestResult.java:110)
	at junit.framework.TestResult.runProtected(TestResult.java:128)
	at junit.framework.TestResult.run(TestResult.java:113)
	at junit.framework.TestCase.run(TestCase.java:124)
	at junit.framework.TestSuite.runTest(TestSuite.java:232)
	at junit.framework.TestSuite.run(TestSuite.java:227)
	at junit.framework.TestSuite.runTest(TestSuite.java:232)
	at junit.framework.TestSuite.run(TestSuite.java:227)
	at junit.framework.TestSuite.runTest(TestSuite.java:232)
	at junit.framework.TestSuite.run(TestSuite.java:227)
	at org.apache.tools.ant.taskdefs.optional.junit.JUnitTestRunner.run(JUnitTestRunner.java:420)
	at org.apache.tools.ant.taskdefs.optional.junit.JUnitTestRunner.launch(JUnitTestRunner.java:911)
	at org.apache.tools.ant.taskdefs.optional.junit.JUnitTestRunner.main(JUnitTestRunner.java:768)
type: SubmissionType id: Unknown operator:Unknown - Create new SubmissionType.
com.topcoder.util.config.UnknownNamespaceException: com.topcoder.util.log is unknown
	at com.topcoder.util.config.DefaultConfigManager.getPropertyObject(DefaultConfigManager.java:429)
	at com.topcoder.util.config.DefaultConfigManager.getString(DefaultConfigManager.java:449)
	at com.topcoder.util.log.LogFactory.getAttribute(LogFactory.java:224)
	at com.topcoder.util.log.basic.BasicLog.log(BasicLog.java:74)
	at com.topcoder.management.deliverable.PersistenceUploadManager.<init>(PersistenceUploadManager.java:260)
	at com.topcoder.management.deliverable.PersistenceUploadManagerTests.setUp(PersistenceUploadManagerTests.java:159)
	at junit.framework.TestCase.runBare(TestCase.java:132)
	at junit.framework.TestResult$1.protect(TestResult.java:110)
	at junit.framework.TestResult.runProtected(TestResult.java:128)
	at junit.framework.TestResult.run(TestResult.java:113)
	at junit.framework.TestCase.run(TestCase.java:124)
	at junit.framework.TestSuite.runTest(TestSuite.java:232)
	at junit.framework.TestSuite.run(TestSuite.java:227)
	at junit.framework.TestSuite.runTest(TestSuite.java:232)
	at junit.framework.TestSuite.run(TestSuite.java:227)
	at junit.framework.TestSuite.runTest(TestSuite.java:232)
	at junit.framework.TestSuite.run(TestSuite.java:227)
	at org.apache.tools.ant.taskdefs.optional.junit.JUnitTestRunner.run(JUnitTestRunner.java:420)
	at org.apache.tools.ant.taskdefs.optional.junit.JUnitTestRunner.launch(JUnitTestRunner.java:911)
	at org.apache.tools.ant.taskdefs.optional.junit.JUnitTestRunner.main(JUnitTestRunner.java:768)
Instantiate PersistenceUploadManager with UploadPersistence, uploadSearchBundle, submissionSearchBundle, uploadIdGenerator, uploadTypeIdGenerator, uploadStatusIdGenerator, submissionIDGenerator and submissionStatusIdGenerator.
com.topcoder.util.config.UnknownNamespaceException: com.topcoder.util.log is unknown
	at com.topcoder.util.config.DefaultConfigManager.getPropertyObject(DefaultConfigManager.java:429)
	at com.topcoder.util.config.DefaultConfigManager.getString(DefaultConfigManager.java:449)
	at com.topcoder.util.log.LogFactory.getAttribute(LogFactory.java:224)
	at com.topcoder.util.log.basic.BasicLog.log(BasicLog.java:74)
	at com.topcoder.management.deliverable.PersistenceUploadManager.createSubmissionType(PersistenceUploadManager.java:845)
	at com.topcoder.management.deliverable.PersistenceUploadManagerTests.test_updateSubmissionType(PersistenceUploadManagerTests.java:2054)
	at sun.reflect.NativeMethodAccessorImpl.invoke0(Native Method)
	at sun.reflect.NativeMethodAccessorImpl.invoke(NativeMethodAccessorImpl.java:57)
	at sun.reflect.DelegatingMethodAccessorImpl.invoke(DelegatingMethodAccessorImpl.java:43)
	at java.lang.reflect.Method.invoke(Method.java:616)
	at junit.framework.TestCase.runTest(TestCase.java:168)
	at junit.framework.TestCase.runBare(TestCase.java:134)
	at junit.framework.TestResult$1.protect(TestResult.java:110)
	at junit.framework.TestResult.runProtected(TestResult.java:128)
	at junit.framework.TestResult.run(TestResult.java:113)
	at junit.framework.TestCase.run(TestCase.java:124)
	at junit.framework.TestSuite.runTest(TestSuite.java:232)
	at junit.framework.TestSuite.run(TestSuite.java:227)
	at junit.framework.TestSuite.runTest(TestSuite.java:232)
	at junit.framework.TestSuite.run(TestSuite.java:227)
	at junit.framework.TestSuite.runTest(TestSuite.java:232)
	at junit.framework.TestSuite.run(TestSuite.java:227)
	at org.apache.tools.ant.taskdefs.optional.junit.JUnitTestRunner.run(JUnitTestRunner.java:420)
	at org.apache.tools.ant.taskdefs.optional.junit.JUnitTestRunner.launch(JUnitTestRunner.java:911)
	at org.apache.tools.ant.taskdefs.optional.junit.JUnitTestRunner.main(JUnitTestRunner.java:768)
type: SubmissionType id: Unknown operator:CreationUser - Create new SubmissionType.
com.topcoder.util.config.UnknownNamespaceException: com.topcoder.util.log is unknown
	at com.topcoder.util.config.DefaultConfigManager.getPropertyObject(DefaultConfigManager.java:429)
	at com.topcoder.util.config.DefaultConfigManager.getString(DefaultConfigManager.java:449)
	at com.topcoder.util.log.LogFactory.getAttribute(LogFactory.java:224)
	at com.topcoder.util.log.basic.BasicLog.log(BasicLog.java:74)
	at com.topcoder.management.deliverable.PersistenceUploadManager.persistenceUploadManagerHelper(PersistenceUploadManager.java:966)
	at com.topcoder.management.deliverable.PersistenceUploadManager.createSubmissionType(PersistenceUploadManager.java:847)
	at com.topcoder.management.deliverable.PersistenceUploadManagerTests.test_updateSubmissionType(PersistenceUploadManagerTests.java:2054)
	at sun.reflect.NativeMethodAccessorImpl.invoke0(Native Method)
	at sun.reflect.NativeMethodAccessorImpl.invoke(NativeMethodAccessorImpl.java:57)
	at sun.reflect.DelegatingMethodAccessorImpl.invoke(DelegatingMethodAccessorImpl.java:43)
	at java.lang.reflect.Method.invoke(Method.java:616)
	at junit.framework.TestCase.runTest(TestCase.java:168)
	at junit.framework.TestCase.runBare(TestCase.java:134)
	at junit.framework.TestResult$1.protect(TestResult.java:110)
	at junit.framework.TestResult.runProtected(TestResult.java:128)
	at junit.framework.TestResult.run(TestResult.java:113)
	at junit.framework.TestCase.run(TestCase.java:124)
	at junit.framework.TestSuite.runTest(TestSuite.java:232)
	at junit.framework.TestSuite.run(TestSuite.java:227)
	at junit.framework.TestSuite.runTest(TestSuite.java:232)
	at junit.framework.TestSuite.run(TestSuite.java:227)
	at junit.framework.TestSuite.runTest(TestSuite.java:232)
	at junit.framework.TestSuite.run(TestSuite.java:227)
	at org.apache.tools.ant.taskdefs.optional.junit.JUnitTestRunner.run(JUnitTestRunner.java:420)
	at org.apache.tools.ant.taskdefs.optional.junit.JUnitTestRunner.launch(JUnitTestRunner.java:911)
	at org.apache.tools.ant.taskdefs.optional.junit.JUnitTestRunner.main(JUnitTestRunner.java:768)
generate next id from the idGenerator:count
com.topcoder.util.config.UnknownNamespaceException: com.topcoder.util.log is unknown
	at com.topcoder.util.config.DefaultConfigManager.getPropertyObject(DefaultConfigManager.java:429)
	at com.topcoder.util.config.DefaultConfigManager.getString(DefaultConfigManager.java:449)
	at com.topcoder.util.log.LogFactory.getAttribute(LogFactory.java:224)
	at com.topcoder.util.log.basic.BasicLog.log(BasicLog.java:74)
	at com.topcoder.management.deliverable.PersistenceUploadManager.updateSubmissionType(PersistenceUploadManager.java:875)
	at com.topcoder.management.deliverable.PersistenceUploadManagerTests.test_updateSubmissionType(PersistenceUploadManagerTests.java:2057)
	at sun.reflect.NativeMethodAccessorImpl.invoke0(Native Method)
	at sun.reflect.NativeMethodAccessorImpl.invoke(NativeMethodAccessorImpl.java:57)
	at sun.reflect.DelegatingMethodAccessorImpl.invoke(DelegatingMethodAccessorImpl.java:43)
	at java.lang.reflect.Method.invoke(Method.java:616)
	at junit.framework.TestCase.runTest(TestCase.java:168)
	at junit.framework.TestCase.runBare(TestCase.java:134)
	at junit.framework.TestResult$1.protect(TestResult.java:110)
	at junit.framework.TestResult.runProtected(TestResult.java:128)
	at junit.framework.TestResult.run(TestResult.java:113)
	at junit.framework.TestCase.run(TestCase.java:124)
	at junit.framework.TestSuite.runTest(TestSuite.java:232)
	at junit.framework.TestSuite.run(TestSuite.java:227)
	at junit.framework.TestSuite.runTest(TestSuite.java:232)
	at junit.framework.TestSuite.run(TestSuite.java:227)
	at junit.framework.TestSuite.runTest(TestSuite.java:232)
	at junit.framework.TestSuite.run(TestSuite.java:227)
	at org.apache.tools.ant.taskdefs.optional.junit.JUnitTestRunner.run(JUnitTestRunner.java:420)
	at org.apache.tools.ant.taskdefs.optional.junit.JUnitTestRunner.launch(JUnitTestRunner.java:911)
	at org.apache.tools.ant.taskdefs.optional.junit.JUnitTestRunner.main(JUnitTestRunner.java:768)
type: SubmissionType id: 1 operator:ModificationUser - Update SubmissionType.
com.topcoder.util.config.UnknownNamespaceException: com.topcoder.util.log is unknown
	at com.topcoder.util.config.DefaultConfigManager.getPropertyObject(DefaultConfigManager.java:429)
	at com.topcoder.util.config.DefaultConfigManager.getString(DefaultConfigManager.java:449)
	at com.topcoder.util.log.LogFactory.getAttribute(LogFactory.java:224)
	at com.topcoder.util.log.basic.BasicLog.log(BasicLog.java:74)
	at com.topcoder.management.deliverable.PersistenceUploadManager.<init>(PersistenceUploadManager.java:260)
	at com.topcoder.management.deliverable.PersistenceUploadManagerTests.setUp(PersistenceUploadManagerTests.java:159)
	at junit.framework.TestCase.runBare(TestCase.java:132)
	at junit.framework.TestResult$1.protect(TestResult.java:110)
	at junit.framework.TestResult.runProtected(TestResult.java:128)
	at junit.framework.TestResult.run(TestResult.java:113)
	at junit.framework.TestCase.run(TestCase.java:124)
	at junit.framework.TestSuite.runTest(TestSuite.java:232)
	at junit.framework.TestSuite.run(TestSuite.java:227)
	at junit.framework.TestSuite.runTest(TestSuite.java:232)
	at junit.framework.TestSuite.run(TestSuite.java:227)
	at junit.framework.TestSuite.runTest(TestSuite.java:232)
	at junit.framework.TestSuite.run(TestSuite.java:227)
	at org.apache.tools.ant.taskdefs.optional.junit.JUnitTestRunner.run(JUnitTestRunner.java:420)
	at org.apache.tools.ant.taskdefs.optional.junit.JUnitTestRunner.launch(JUnitTestRunner.java:911)
	at org.apache.tools.ant.taskdefs.optional.junit.JUnitTestRunner.main(JUnitTestRunner.java:768)
Instantiate PersistenceUploadManager with UploadPersistence, uploadSearchBundle, submissionSearchBundle, uploadIdGenerator, uploadTypeIdGenerator, uploadStatusIdGenerator, submissionIDGenerator and submissionStatusIdGenerator.
com.topcoder.util.config.UnknownNamespaceException: com.topcoder.util.log is unknown
	at com.topcoder.util.config.DefaultConfigManager.getPropertyObject(DefaultConfigManager.java:429)
	at com.topcoder.util.config.DefaultConfigManager.getString(DefaultConfigManager.java:449)
	at com.topcoder.util.log.LogFactory.getAttribute(LogFactory.java:224)
	at com.topcoder.util.log.basic.BasicLog.log(BasicLog.java:74)
	at com.topcoder.management.deliverable.PersistenceUploadManager.updateSubmissionType(PersistenceUploadManager.java:875)
	at com.topcoder.management.deliverable.PersistenceUploadManagerTests.test_updateSubmissionType_submissionTypeIdNull(PersistenceUploadManagerTests.java:2093)
	at sun.reflect.NativeMethodAccessorImpl.invoke0(Native Method)
	at sun.reflect.NativeMethodAccessorImpl.invoke(NativeMethodAccessorImpl.java:57)
	at sun.reflect.DelegatingMethodAccessorImpl.invoke(DelegatingMethodAccessorImpl.java:43)
	at java.lang.reflect.Method.invoke(Method.java:616)
	at junit.framework.TestCase.runTest(TestCase.java:168)
	at junit.framework.TestCase.runBare(TestCase.java:134)
	at junit.framework.TestResult$1.protect(TestResult.java:110)
	at junit.framework.TestResult.runProtected(TestResult.java:128)
	at junit.framework.TestResult.run(TestResult.java:113)
	at junit.framework.TestCase.run(TestCase.java:124)
	at junit.framework.TestSuite.runTest(TestSuite.java:232)
	at junit.framework.TestSuite.run(TestSuite.java:227)
	at junit.framework.TestSuite.runTest(TestSuite.java:232)
	at junit.framework.TestSuite.run(TestSuite.java:227)
	at junit.framework.TestSuite.runTest(TestSuite.java:232)
	at junit.framework.TestSuite.run(TestSuite.java:227)
	at org.apache.tools.ant.taskdefs.optional.junit.JUnitTestRunner.run(JUnitTestRunner.java:420)
	at org.apache.tools.ant.taskdefs.optional.junit.JUnitTestRunner.launch(JUnitTestRunner.java:911)
	at org.apache.tools.ant.taskdefs.optional.junit.JUnitTestRunner.main(JUnitTestRunner.java:768)
type: SubmissionType id: -1 operator:user - Update SubmissionType.
com.topcoder.util.config.UnknownNamespaceException: com.topcoder.util.log is unknown
	at com.topcoder.util.config.DefaultConfigManager.getPropertyObject(DefaultConfigManager.java:429)
	at com.topcoder.util.config.DefaultConfigManager.getString(DefaultConfigManager.java:449)
	at com.topcoder.util.log.LogFactory.getAttribute(LogFactory.java:224)
	at com.topcoder.util.log.basic.BasicLog.log(BasicLog.java:74)
	at com.topcoder.management.deliverable.PersistenceUploadManager.<init>(PersistenceUploadManager.java:260)
	at com.topcoder.management.deliverable.PersistenceUploadManagerTests.setUp(PersistenceUploadManagerTests.java:159)
	at junit.framework.TestCase.runBare(TestCase.java:132)
	at junit.framework.TestResult$1.protect(TestResult.java:110)
	at junit.framework.TestResult.runProtected(TestResult.java:128)
	at junit.framework.TestResult.run(TestResult.java:113)
	at junit.framework.TestCase.run(TestCase.java:124)
	at junit.framework.TestSuite.runTest(TestSuite.java:232)
	at junit.framework.TestSuite.run(TestSuite.java:227)
	at junit.framework.TestSuite.runTest(TestSuite.java:232)
	at junit.framework.TestSuite.run(TestSuite.java:227)
	at junit.framework.TestSuite.runTest(TestSuite.java:232)
	at junit.framework.TestSuite.run(TestSuite.java:227)
	at org.apache.tools.ant.taskdefs.optional.junit.JUnitTestRunner.run(JUnitTestRunner.java:420)
	at org.apache.tools.ant.taskdefs.optional.junit.JUnitTestRunner.launch(JUnitTestRunner.java:911)
	at org.apache.tools.ant.taskdefs.optional.junit.JUnitTestRunner.main(JUnitTestRunner.java:768)
Instantiate PersistenceUploadManager with UploadPersistence, uploadSearchBundle, submissionSearchBundle, uploadIdGenerator, uploadTypeIdGenerator, uploadStatusIdGenerator, submissionIDGenerator and submissionStatusIdGenerator.
com.topcoder.util.config.UnknownNamespaceException: com.topcoder.util.log is unknown
	at com.topcoder.util.config.DefaultConfigManager.getPropertyObject(DefaultConfigManager.java:429)
	at com.topcoder.util.config.DefaultConfigManager.getString(DefaultConfigManager.java:449)
	at com.topcoder.util.log.LogFactory.getAttribute(LogFactory.java:224)
	at com.topcoder.util.log.basic.BasicLog.log(BasicLog.java:74)
	at com.topcoder.management.deliverable.PersistenceUploadManager.updateSubmissionType(PersistenceUploadManager.java:875)
	at com.topcoder.management.deliverable.PersistenceUploadManagerTests.test_updateSubmissionType_submissionTypeIdInvalid(PersistenceUploadManagerTests.java:2115)
	at sun.reflect.NativeMethodAccessorImpl.invoke0(Native Method)
	at sun.reflect.NativeMethodAccessorImpl.invoke(NativeMethodAccessorImpl.java:57)
	at sun.reflect.DelegatingMethodAccessorImpl.invoke(DelegatingMethodAccessorImpl.java:43)
	at java.lang.reflect.Method.invoke(Method.java:616)
	at junit.framework.TestCase.runTest(TestCase.java:168)
	at junit.framework.TestCase.runBare(TestCase.java:134)
	at junit.framework.TestResult$1.protect(TestResult.java:110)
	at junit.framework.TestResult.runProtected(TestResult.java:128)
	at junit.framework.TestResult.run(TestResult.java:113)
	at junit.framework.TestCase.run(TestCase.java:124)
	at junit.framework.TestSuite.runTest(TestSuite.java:232)
	at junit.framework.TestSuite.run(TestSuite.java:227)
	at junit.framework.TestSuite.runTest(TestSuite.java:232)
	at junit.framework.TestSuite.run(TestSuite.java:227)
	at junit.framework.TestSuite.runTest(TestSuite.java:232)
	at junit.framework.TestSuite.run(TestSuite.java:227)
	at org.apache.tools.ant.taskdefs.optional.junit.JUnitTestRunner.run(JUnitTestRunner.java:420)
	at org.apache.tools.ant.taskdefs.optional.junit.JUnitTestRunner.launch(JUnitTestRunner.java:911)
	at org.apache.tools.ant.taskdefs.optional.junit.JUnitTestRunner.main(JUnitTestRunner.java:768)
type: SubmissionType id: 10 operator:user - Update SubmissionType.
com.topcoder.util.config.UnknownNamespaceException: com.topcoder.util.log is unknown
	at com.topcoder.util.config.DefaultConfigManager.getPropertyObject(DefaultConfigManager.java:429)
	at com.topcoder.util.config.DefaultConfigManager.getString(DefaultConfigManager.java:449)
	at com.topcoder.util.log.LogFactory.getAttribute(LogFactory.java:224)
	at com.topcoder.util.log.basic.BasicLog.log(BasicLog.java:74)
	at com.topcoder.management.deliverable.PersistenceUploadManager.persistenceUploadManagerHelper(PersistenceUploadManager.java:988)
	at com.topcoder.management.deliverable.PersistenceUploadManager.updateSubmissionType(PersistenceUploadManager.java:877)
	at com.topcoder.management.deliverable.PersistenceUploadManagerTests.test_updateSubmissionType_submissionTypeIdInvalid(PersistenceUploadManagerTests.java:2115)
	at sun.reflect.NativeMethodAccessorImpl.invoke0(Native Method)
	at sun.reflect.NativeMethodAccessorImpl.invoke(NativeMethodAccessorImpl.java:57)
	at sun.reflect.DelegatingMethodAccessorImpl.invoke(DelegatingMethodAccessorImpl.java:43)
	at java.lang.reflect.Method.invoke(Method.java:616)
	at junit.framework.TestCase.runTest(TestCase.java:168)
	at junit.framework.TestCase.runBare(TestCase.java:134)
	at junit.framework.TestResult$1.protect(TestResult.java:110)
	at junit.framework.TestResult.runProtected(TestResult.java:128)
	at junit.framework.TestResult.run(TestResult.java:113)
	at junit.framework.TestCase.run(TestCase.java:124)
	at junit.framework.TestSuite.runTest(TestSuite.java:232)
	at junit.framework.TestSuite.run(TestSuite.java:227)
	at junit.framework.TestSuite.runTest(TestSuite.java:232)
	at junit.framework.TestSuite.run(TestSuite.java:227)
	at junit.framework.TestSuite.runTest(TestSuite.java:232)
	at junit.framework.TestSuite.run(TestSuite.java:227)
	at org.apache.tools.ant.taskdefs.optional.junit.JUnitTestRunner.run(JUnitTestRunner.java:420)
	at org.apache.tools.ant.taskdefs.optional.junit.JUnitTestRunner.launch(JUnitTestRunner.java:911)
	at org.apache.tools.ant.taskdefs.optional.junit.JUnitTestRunner.main(JUnitTestRunner.java:768)
The submissionType is not in a state to be persisted.
com.topcoder.util.config.UnknownNamespaceException: com.topcoder.util.log is unknown
	at com.topcoder.util.config.DefaultConfigManager.getPropertyObject(DefaultConfigManager.java:429)
	at com.topcoder.util.config.DefaultConfigManager.getString(DefaultConfigManager.java:449)
	at com.topcoder.util.log.LogFactory.getAttribute(LogFactory.java:224)
	at com.topcoder.util.log.basic.BasicLog.log(BasicLog.java:74)
	at com.topcoder.management.deliverable.PersistenceUploadManager.<init>(PersistenceUploadManager.java:260)
	at com.topcoder.management.deliverable.PersistenceUploadManagerTests.setUp(PersistenceUploadManagerTests.java:159)
	at junit.framework.TestCase.runBare(TestCase.java:132)
	at junit.framework.TestResult$1.protect(TestResult.java:110)
	at junit.framework.TestResult.runProtected(TestResult.java:128)
	at junit.framework.TestResult.run(TestResult.java:113)
	at junit.framework.TestCase.run(TestCase.java:124)
	at junit.framework.TestSuite.runTest(TestSuite.java:232)
	at junit.framework.TestSuite.run(TestSuite.java:227)
	at junit.framework.TestSuite.runTest(TestSuite.java:232)
	at junit.framework.TestSuite.run(TestSuite.java:227)
	at junit.framework.TestSuite.runTest(TestSuite.java:232)
	at junit.framework.TestSuite.run(TestSuite.java:227)
	at org.apache.tools.ant.taskdefs.optional.junit.JUnitTestRunner.run(JUnitTestRunner.java:420)
	at org.apache.tools.ant.taskdefs.optional.junit.JUnitTestRunner.launch(JUnitTestRunner.java:911)
	at org.apache.tools.ant.taskdefs.optional.junit.JUnitTestRunner.main(JUnitTestRunner.java:768)
Instantiate PersistenceUploadManager with UploadPersistence, uploadSearchBundle, submissionSearchBundle, uploadIdGenerator, uploadTypeIdGenerator, uploadStatusIdGenerator, submissionIDGenerator and submissionStatusIdGenerator.
com.topcoder.util.config.UnknownNamespaceException: com.topcoder.util.log is unknown
	at com.topcoder.util.config.DefaultConfigManager.getPropertyObject(DefaultConfigManager.java:429)
	at com.topcoder.util.config.DefaultConfigManager.getString(DefaultConfigManager.java:449)
	at com.topcoder.util.log.LogFactory.getAttribute(LogFactory.java:224)
	at com.topcoder.util.log.basic.BasicLog.log(BasicLog.java:74)
	at com.topcoder.management.deliverable.PersistenceUploadManager.updateSubmissionType(PersistenceUploadManager.java:875)
	at com.topcoder.management.deliverable.PersistenceUploadManagerTests.test_updateSubmissionType_operatorNull(PersistenceUploadManagerTests.java:2137)
	at sun.reflect.NativeMethodAccessorImpl.invoke0(Native Method)
	at sun.reflect.NativeMethodAccessorImpl.invoke(NativeMethodAccessorImpl.java:57)
	at sun.reflect.DelegatingMethodAccessorImpl.invoke(DelegatingMethodAccessorImpl.java:43)
	at java.lang.reflect.Method.invoke(Method.java:616)
	at junit.framework.TestCase.runTest(TestCase.java:168)
	at junit.framework.TestCase.runBare(TestCase.java:134)
	at junit.framework.TestResult$1.protect(TestResult.java:110)
	at junit.framework.TestResult.runProtected(TestResult.java:128)
	at junit.framework.TestResult.run(TestResult.java:113)
	at junit.framework.TestCase.run(TestCase.java:124)
	at junit.framework.TestSuite.runTest(TestSuite.java:232)
	at junit.framework.TestSuite.run(TestSuite.java:227)
	at junit.framework.TestSuite.runTest(TestSuite.java:232)
	at junit.framework.TestSuite.run(TestSuite.java:227)
	at junit.framework.TestSuite.runTest(TestSuite.java:232)
	at junit.framework.TestSuite.run(TestSuite.java:227)
	at org.apache.tools.ant.taskdefs.optional.junit.JUnitTestRunner.run(JUnitTestRunner.java:420)
	at org.apache.tools.ant.taskdefs.optional.junit.JUnitTestRunner.launch(JUnitTestRunner.java:911)
	at org.apache.tools.ant.taskdefs.optional.junit.JUnitTestRunner.main(JUnitTestRunner.java:768)
type: SubmissionType id: -1 operator:Unknown - Update SubmissionType.
com.topcoder.util.config.UnknownNamespaceException: com.topcoder.util.log is unknown
	at com.topcoder.util.config.DefaultConfigManager.getPropertyObject(DefaultConfigManager.java:429)
	at com.topcoder.util.config.DefaultConfigManager.getString(DefaultConfigManager.java:449)
	at com.topcoder.util.log.LogFactory.getAttribute(LogFactory.java:224)
	at com.topcoder.util.log.basic.BasicLog.log(BasicLog.java:74)
	at com.topcoder.management.deliverable.PersistenceUploadManager.<init>(PersistenceUploadManager.java:260)
	at com.topcoder.management.deliverable.PersistenceUploadManagerTests.setUp(PersistenceUploadManagerTests.java:159)
	at junit.framework.TestCase.runBare(TestCase.java:132)
	at junit.framework.TestResult$1.protect(TestResult.java:110)
	at junit.framework.TestResult.runProtected(TestResult.java:128)
	at junit.framework.TestResult.run(TestResult.java:113)
	at junit.framework.TestCase.run(TestCase.java:124)
	at junit.framework.TestSuite.runTest(TestSuite.java:232)
	at junit.framework.TestSuite.run(TestSuite.java:227)
	at junit.framework.TestSuite.runTest(TestSuite.java:232)
	at junit.framework.TestSuite.run(TestSuite.java:227)
	at junit.framework.TestSuite.runTest(TestSuite.java:232)
	at junit.framework.TestSuite.run(TestSuite.java:227)
	at org.apache.tools.ant.taskdefs.optional.junit.JUnitTestRunner.run(JUnitTestRunner.java:420)
	at org.apache.tools.ant.taskdefs.optional.junit.JUnitTestRunner.launch(JUnitTestRunner.java:911)
	at org.apache.tools.ant.taskdefs.optional.junit.JUnitTestRunner.main(JUnitTestRunner.java:768)
Instantiate PersistenceUploadManager with UploadPersistence, uploadSearchBundle, submissionSearchBundle, uploadIdGenerator, uploadTypeIdGenerator, uploadStatusIdGenerator, submissionIDGenerator and submissionStatusIdGenerator.
com.topcoder.util.config.UnknownNamespaceException: com.topcoder.util.log is unknown
	at com.topcoder.util.config.DefaultConfigManager.getPropertyObject(DefaultConfigManager.java:429)
	at com.topcoder.util.config.DefaultConfigManager.getString(DefaultConfigManager.java:449)
	at com.topcoder.util.log.LogFactory.getAttribute(LogFactory.java:224)
	at com.topcoder.util.log.basic.BasicLog.log(BasicLog.java:74)
	at com.topcoder.management.deliverable.PersistenceUploadManager.createSubmissionType(PersistenceUploadManager.java:845)
	at com.topcoder.management.deliverable.PersistenceUploadManagerTests.test_removeSubmissionType(PersistenceUploadManagerTests.java:2162)
	at sun.reflect.NativeMethodAccessorImpl.invoke0(Native Method)
	at sun.reflect.NativeMethodAccessorImpl.invoke(NativeMethodAccessorImpl.java:57)
	at sun.reflect.DelegatingMethodAccessorImpl.invoke(DelegatingMethodAccessorImpl.java:43)
	at java.lang.reflect.Method.invoke(Method.java:616)
	at junit.framework.TestCase.runTest(TestCase.java:168)
	at junit.framework.TestCase.runBare(TestCase.java:134)
	at junit.framework.TestResult$1.protect(TestResult.java:110)
	at junit.framework.TestResult.runProtected(TestResult.java:128)
	at junit.framework.TestResult.run(TestResult.java:113)
	at junit.framework.TestCase.run(TestCase.java:124)
	at junit.framework.TestSuite.runTest(TestSuite.java:232)
	at junit.framework.TestSuite.run(TestSuite.java:227)
	at junit.framework.TestSuite.runTest(TestSuite.java:232)
	at junit.framework.TestSuite.run(TestSuite.java:227)
	at junit.framework.TestSuite.runTest(TestSuite.java:232)
	at junit.framework.TestSuite.run(TestSuite.java:227)
	at org.apache.tools.ant.taskdefs.optional.junit.JUnitTestRunner.run(JUnitTestRunner.java:420)
	at org.apache.tools.ant.taskdefs.optional.junit.JUnitTestRunner.launch(JUnitTestRunner.java:911)
	at org.apache.tools.ant.taskdefs.optional.junit.JUnitTestRunner.main(JUnitTestRunner.java:768)
type: SubmissionType id: Unknown operator:CreationUser - Create new SubmissionType.
com.topcoder.util.config.UnknownNamespaceException: com.topcoder.util.log is unknown
	at com.topcoder.util.config.DefaultConfigManager.getPropertyObject(DefaultConfigManager.java:429)
	at com.topcoder.util.config.DefaultConfigManager.getString(DefaultConfigManager.java:449)
	at com.topcoder.util.log.LogFactory.getAttribute(LogFactory.java:224)
	at com.topcoder.util.log.basic.BasicLog.log(BasicLog.java:74)
	at com.topcoder.management.deliverable.PersistenceUploadManager.persistenceUploadManagerHelper(PersistenceUploadManager.java:966)
	at com.topcoder.management.deliverable.PersistenceUploadManager.createSubmissionType(PersistenceUploadManager.java:847)
	at com.topcoder.management.deliverable.PersistenceUploadManagerTests.test_removeSubmissionType(PersistenceUploadManagerTests.java:2162)
	at sun.reflect.NativeMethodAccessorImpl.invoke0(Native Method)
	at sun.reflect.NativeMethodAccessorImpl.invoke(NativeMethodAccessorImpl.java:57)
	at sun.reflect.DelegatingMethodAccessorImpl.invoke(DelegatingMethodAccessorImpl.java:43)
	at java.lang.reflect.Method.invoke(Method.java:616)
	at junit.framework.TestCase.runTest(TestCase.java:168)
	at junit.framework.TestCase.runBare(TestCase.java:134)
	at junit.framework.TestResult$1.protect(TestResult.java:110)
	at junit.framework.TestResult.runProtected(TestResult.java:128)
	at junit.framework.TestResult.run(TestResult.java:113)
	at junit.framework.TestCase.run(TestCase.java:124)
	at junit.framework.TestSuite.runTest(TestSuite.java:232)
	at junit.framework.TestSuite.run(TestSuite.java:227)
	at junit.framework.TestSuite.runTest(TestSuite.java:232)
	at junit.framework.TestSuite.run(TestSuite.java:227)
	at junit.framework.TestSuite.runTest(TestSuite.java:232)
	at junit.framework.TestSuite.run(TestSuite.java:227)
	at org.apache.tools.ant.taskdefs.optional.junit.JUnitTestRunner.run(JUnitTestRunner.java:420)
	at org.apache.tools.ant.taskdefs.optional.junit.JUnitTestRunner.launch(JUnitTestRunner.java:911)
	at org.apache.tools.ant.taskdefs.optional.junit.JUnitTestRunner.main(JUnitTestRunner.java:768)
generate next id from the idGenerator:count
com.topcoder.util.config.UnknownNamespaceException: com.topcoder.util.log is unknown
	at com.topcoder.util.config.DefaultConfigManager.getPropertyObject(DefaultConfigManager.java:429)
	at com.topcoder.util.config.DefaultConfigManager.getString(DefaultConfigManager.java:449)
	at com.topcoder.util.log.LogFactory.getAttribute(LogFactory.java:224)
	at com.topcoder.util.log.basic.BasicLog.log(BasicLog.java:74)
	at com.topcoder.management.deliverable.PersistenceUploadManager.removeSubmissionType(PersistenceUploadManager.java:902)
	at com.topcoder.management.deliverable.PersistenceUploadManagerTests.test_removeSubmissionType(PersistenceUploadManagerTests.java:2165)
	at sun.reflect.NativeMethodAccessorImpl.invoke0(Native Method)
	at sun.reflect.NativeMethodAccessorImpl.invoke(NativeMethodAccessorImpl.java:57)
	at sun.reflect.DelegatingMethodAccessorImpl.invoke(DelegatingMethodAccessorImpl.java:43)
	at java.lang.reflect.Method.invoke(Method.java:616)
	at junit.framework.TestCase.runTest(TestCase.java:168)
	at junit.framework.TestCase.runBare(TestCase.java:134)
	at junit.framework.TestResult$1.protect(TestResult.java:110)
	at junit.framework.TestResult.runProtected(TestResult.java:128)
	at junit.framework.TestResult.run(TestResult.java:113)
	at junit.framework.TestCase.run(TestCase.java:124)
	at junit.framework.TestSuite.runTest(TestSuite.java:232)
	at junit.framework.TestSuite.run(TestSuite.java:227)
	at junit.framework.TestSuite.runTest(TestSuite.java:232)
	at junit.framework.TestSuite.run(TestSuite.java:227)
	at junit.framework.TestSuite.runTest(TestSuite.java:232)
	at junit.framework.TestSuite.run(TestSuite.java:227)
	at org.apache.tools.ant.taskdefs.optional.junit.JUnitTestRunner.run(JUnitTestRunner.java:420)
	at org.apache.tools.ant.taskdefs.optional.junit.JUnitTestRunner.launch(JUnitTestRunner.java:911)
	at org.apache.tools.ant.taskdefs.optional.junit.JUnitTestRunner.main(JUnitTestRunner.java:768)
type: SubmissionType id: 1 operator:ModificationUser - Remove SubmissionType.
com.topcoder.util.config.UnknownNamespaceException: com.topcoder.util.log is unknown
	at com.topcoder.util.config.DefaultConfigManager.getPropertyObject(DefaultConfigManager.java:429)
	at com.topcoder.util.config.DefaultConfigManager.getString(DefaultConfigManager.java:449)
	at com.topcoder.util.log.LogFactory.getAttribute(LogFactory.java:224)
	at com.topcoder.util.log.basic.BasicLog.log(BasicLog.java:74)
	at com.topcoder.management.deliverable.PersistenceUploadManager.<init>(PersistenceUploadManager.java:260)
	at com.topcoder.management.deliverable.PersistenceUploadManagerTests.setUp(PersistenceUploadManagerTests.java:159)
	at junit.framework.TestCase.runBare(TestCase.java:132)
	at junit.framework.TestResult$1.protect(TestResult.java:110)
	at junit.framework.TestResult.runProtected(TestResult.java:128)
	at junit.framework.TestResult.run(TestResult.java:113)
	at junit.framework.TestCase.run(TestCase.java:124)
	at junit.framework.TestSuite.runTest(TestSuite.java:232)
	at junit.framework.TestSuite.run(TestSuite.java:227)
	at junit.framework.TestSuite.runTest(TestSuite.java:232)
	at junit.framework.TestSuite.run(TestSuite.java:227)
	at junit.framework.TestSuite.runTest(TestSuite.java:232)
	at junit.framework.TestSuite.run(TestSuite.java:227)
	at org.apache.tools.ant.taskdefs.optional.junit.JUnitTestRunner.run(JUnitTestRunner.java:420)
	at org.apache.tools.ant.taskdefs.optional.junit.JUnitTestRunner.launch(JUnitTestRunner.java:911)
	at org.apache.tools.ant.taskdefs.optional.junit.JUnitTestRunner.main(JUnitTestRunner.java:768)
Instantiate PersistenceUploadManager with UploadPersistence, uploadSearchBundle, submissionSearchBundle, uploadIdGenerator, uploadTypeIdGenerator, uploadStatusIdGenerator, submissionIDGenerator and submissionStatusIdGenerator.
com.topcoder.util.config.UnknownNamespaceException: com.topcoder.util.log is unknown
	at com.topcoder.util.config.DefaultConfigManager.getPropertyObject(DefaultConfigManager.java:429)
	at com.topcoder.util.config.DefaultConfigManager.getString(DefaultConfigManager.java:449)
	at com.topcoder.util.log.LogFactory.getAttribute(LogFactory.java:224)
	at com.topcoder.util.log.basic.BasicLog.log(BasicLog.java:74)
	at com.topcoder.management.deliverable.PersistenceUploadManager.removeSubmissionType(PersistenceUploadManager.java:902)
	at com.topcoder.management.deliverable.PersistenceUploadManagerTests.test_removeSubmissionType_submissionTypeIdNull(PersistenceUploadManagerTests.java:2197)
	at sun.reflect.NativeMethodAccessorImpl.invoke0(Native Method)
	at sun.reflect.NativeMethodAccessorImpl.invoke(NativeMethodAccessorImpl.java:57)
	at sun.reflect.DelegatingMethodAccessorImpl.invoke(DelegatingMethodAccessorImpl.java:43)
	at java.lang.reflect.Method.invoke(Method.java:616)
	at junit.framework.TestCase.runTest(TestCase.java:168)
	at junit.framework.TestCase.runBare(TestCase.java:134)
	at junit.framework.TestResult$1.protect(TestResult.java:110)
	at junit.framework.TestResult.runProtected(TestResult.java:128)
	at junit.framework.TestResult.run(TestResult.java:113)
	at junit.framework.TestCase.run(TestCase.java:124)
	at junit.framework.TestSuite.runTest(TestSuite.java:232)
	at junit.framework.TestSuite.run(TestSuite.java:227)
	at junit.framework.TestSuite.runTest(TestSuite.java:232)
	at junit.framework.TestSuite.run(TestSuite.java:227)
	at junit.framework.TestSuite.runTest(TestSuite.java:232)
	at junit.framework.TestSuite.run(TestSuite.java:227)
	at org.apache.tools.ant.taskdefs.optional.junit.JUnitTestRunner.run(JUnitTestRunner.java:420)
	at org.apache.tools.ant.taskdefs.optional.junit.JUnitTestRunner.launch(JUnitTestRunner.java:911)
	at org.apache.tools.ant.taskdefs.optional.junit.JUnitTestRunner.main(JUnitTestRunner.java:768)
type: SubmissionType id: -1 operator:user - Remove SubmissionType.
com.topcoder.util.config.UnknownNamespaceException: com.topcoder.util.log is unknown
	at com.topcoder.util.config.DefaultConfigManager.getPropertyObject(DefaultConfigManager.java:429)
	at com.topcoder.util.config.DefaultConfigManager.getString(DefaultConfigManager.java:449)
	at com.topcoder.util.log.LogFactory.getAttribute(LogFactory.java:224)
	at com.topcoder.util.log.basic.BasicLog.log(BasicLog.java:74)
	at com.topcoder.management.deliverable.PersistenceUploadManager.<init>(PersistenceUploadManager.java:260)
	at com.topcoder.management.deliverable.PersistenceUploadManagerTests.setUp(PersistenceUploadManagerTests.java:159)
	at junit.framework.TestCase.runBare(TestCase.java:132)
	at junit.framework.TestResult$1.protect(TestResult.java:110)
	at junit.framework.TestResult.runProtected(TestResult.java:128)
	at junit.framework.TestResult.run(TestResult.java:113)
	at junit.framework.TestCase.run(TestCase.java:124)
	at junit.framework.TestSuite.runTest(TestSuite.java:232)
	at junit.framework.TestSuite.run(TestSuite.java:227)
	at junit.framework.TestSuite.runTest(TestSuite.java:232)
	at junit.framework.TestSuite.run(TestSuite.java:227)
	at junit.framework.TestSuite.runTest(TestSuite.java:232)
	at junit.framework.TestSuite.run(TestSuite.java:227)
	at org.apache.tools.ant.taskdefs.optional.junit.JUnitTestRunner.run(JUnitTestRunner.java:420)
	at org.apache.tools.ant.taskdefs.optional.junit.JUnitTestRunner.launch(JUnitTestRunner.java:911)
	at org.apache.tools.ant.taskdefs.optional.junit.JUnitTestRunner.main(JUnitTestRunner.java:768)
Instantiate PersistenceUploadManager with UploadPersistence, uploadSearchBundle, submissionSearchBundle, uploadIdGenerator, uploadTypeIdGenerator, uploadStatusIdGenerator, submissionIDGenerator and submissionStatusIdGenerator.
com.topcoder.util.config.UnknownNamespaceException: com.topcoder.util.log is unknown
	at com.topcoder.util.config.DefaultConfigManager.getPropertyObject(DefaultConfigManager.java:429)
	at com.topcoder.util.config.DefaultConfigManager.getString(DefaultConfigManager.java:449)
	at com.topcoder.util.log.LogFactory.getAttribute(LogFactory.java:224)
	at com.topcoder.util.log.basic.BasicLog.log(BasicLog.java:74)
	at com.topcoder.management.deliverable.PersistenceUploadManager.removeSubmissionType(PersistenceUploadManager.java:902)
	at com.topcoder.management.deliverable.PersistenceUploadManagerTests.test_removeSubmissionType_submissionTypeIdInvalid(PersistenceUploadManagerTests.java:2219)
	at sun.reflect.NativeMethodAccessorImpl.invoke0(Native Method)
	at sun.reflect.NativeMethodAccessorImpl.invoke(NativeMethodAccessorImpl.java:57)
	at sun.reflect.DelegatingMethodAccessorImpl.invoke(DelegatingMethodAccessorImpl.java:43)
	at java.lang.reflect.Method.invoke(Method.java:616)
	at junit.framework.TestCase.runTest(TestCase.java:168)
	at junit.framework.TestCase.runBare(TestCase.java:134)
	at junit.framework.TestResult$1.protect(TestResult.java:110)
	at junit.framework.TestResult.runProtected(TestResult.java:128)
	at junit.framework.TestResult.run(TestResult.java:113)
	at junit.framework.TestCase.run(TestCase.java:124)
	at junit.framework.TestSuite.runTest(TestSuite.java:232)
	at junit.framework.TestSuite.run(TestSuite.java:227)
	at junit.framework.TestSuite.runTest(TestSuite.java:232)
	at junit.framework.TestSuite.run(TestSuite.java:227)
	at junit.framework.TestSuite.runTest(TestSuite.java:232)
	at junit.framework.TestSuite.run(TestSuite.java:227)
	at org.apache.tools.ant.taskdefs.optional.junit.JUnitTestRunner.run(JUnitTestRunner.java:420)
	at org.apache.tools.ant.taskdefs.optional.junit.JUnitTestRunner.launch(JUnitTestRunner.java:911)
	at org.apache.tools.ant.taskdefs.optional.junit.JUnitTestRunner.main(JUnitTestRunner.java:768)
type: SubmissionType id: 10 operator:user - Remove SubmissionType.
com.topcoder.util.config.UnknownNamespaceException: com.topcoder.util.log is unknown
	at com.topcoder.util.config.DefaultConfigManager.getPropertyObject(DefaultConfigManager.java:429)
	at com.topcoder.util.config.DefaultConfigManager.getString(DefaultConfigManager.java:449)
	at com.topcoder.util.log.LogFactory.getAttribute(LogFactory.java:224)
	at com.topcoder.util.log.basic.BasicLog.log(BasicLog.java:74)
	at com.topcoder.management.deliverable.PersistenceUploadManager.persistenceUploadManagerHelper(PersistenceUploadManager.java:988)
	at com.topcoder.management.deliverable.PersistenceUploadManager.removeSubmissionType(PersistenceUploadManager.java:904)
	at com.topcoder.management.deliverable.PersistenceUploadManagerTests.test_removeSubmissionType_submissionTypeIdInvalid(PersistenceUploadManagerTests.java:2219)
	at sun.reflect.NativeMethodAccessorImpl.invoke0(Native Method)
	at sun.reflect.NativeMethodAccessorImpl.invoke(NativeMethodAccessorImpl.java:57)
	at sun.reflect.DelegatingMethodAccessorImpl.invoke(DelegatingMethodAccessorImpl.java:43)
	at java.lang.reflect.Method.invoke(Method.java:616)
	at junit.framework.TestCase.runTest(TestCase.java:168)
	at junit.framework.TestCase.runBare(TestCase.java:134)
	at junit.framework.TestResult$1.protect(TestResult.java:110)
	at junit.framework.TestResult.runProtected(TestResult.java:128)
	at junit.framework.TestResult.run(TestResult.java:113)
	at junit.framework.TestCase.run(TestCase.java:124)
	at junit.framework.TestSuite.runTest(TestSuite.java:232)
	at junit.framework.TestSuite.run(TestSuite.java:227)
	at junit.framework.TestSuite.runTest(TestSuite.java:232)
	at junit.framework.TestSuite.run(TestSuite.java:227)
	at junit.framework.TestSuite.runTest(TestSuite.java:232)
	at junit.framework.TestSuite.run(TestSuite.java:227)
	at org.apache.tools.ant.taskdefs.optional.junit.JUnitTestRunner.run(JUnitTestRunner.java:420)
	at org.apache.tools.ant.taskdefs.optional.junit.JUnitTestRunner.launch(JUnitTestRunner.java:911)
	at org.apache.tools.ant.taskdefs.optional.junit.JUnitTestRunner.main(JUnitTestRunner.java:768)
The submissionType is not in a state to be persisted.
com.topcoder.util.config.UnknownNamespaceException: com.topcoder.util.log is unknown
	at com.topcoder.util.config.DefaultConfigManager.getPropertyObject(DefaultConfigManager.java:429)
	at com.topcoder.util.config.DefaultConfigManager.getString(DefaultConfigManager.java:449)
	at com.topcoder.util.log.LogFactory.getAttribute(LogFactory.java:224)
	at com.topcoder.util.log.basic.BasicLog.log(BasicLog.java:74)
	at com.topcoder.management.deliverable.PersistenceUploadManager.<init>(PersistenceUploadManager.java:260)
	at com.topcoder.management.deliverable.PersistenceUploadManagerTests.setUp(PersistenceUploadManagerTests.java:159)
	at junit.framework.TestCase.runBare(TestCase.java:132)
	at junit.framework.TestResult$1.protect(TestResult.java:110)
	at junit.framework.TestResult.runProtected(TestResult.java:128)
	at junit.framework.TestResult.run(TestResult.java:113)
	at junit.framework.TestCase.run(TestCase.java:124)
	at junit.framework.TestSuite.runTest(TestSuite.java:232)
	at junit.framework.TestSuite.run(TestSuite.java:227)
	at junit.framework.TestSuite.runTest(TestSuite.java:232)
	at junit.framework.TestSuite.run(TestSuite.java:227)
	at junit.framework.TestSuite.runTest(TestSuite.java:232)
	at junit.framework.TestSuite.run(TestSuite.java:227)
	at org.apache.tools.ant.taskdefs.optional.junit.JUnitTestRunner.run(JUnitTestRunner.java:420)
	at org.apache.tools.ant.taskdefs.optional.junit.JUnitTestRunner.launch(JUnitTestRunner.java:911)
	at org.apache.tools.ant.taskdefs.optional.junit.JUnitTestRunner.main(JUnitTestRunner.java:768)
Instantiate PersistenceUploadManager with UploadPersistence, uploadSearchBundle, submissionSearchBundle, uploadIdGenerator, uploadTypeIdGenerator, uploadStatusIdGenerator, submissionIDGenerator and submissionStatusIdGenerator.
com.topcoder.util.config.UnknownNamespaceException: com.topcoder.util.log is unknown
	at com.topcoder.util.config.DefaultConfigManager.getPropertyObject(DefaultConfigManager.java:429)
	at com.topcoder.util.config.DefaultConfigManager.getString(DefaultConfigManager.java:449)
	at com.topcoder.util.log.LogFactory.getAttribute(LogFactory.java:224)
	at com.topcoder.util.log.basic.BasicLog.log(BasicLog.java:74)
	at com.topcoder.management.deliverable.PersistenceUploadManager.removeSubmissionType(PersistenceUploadManager.java:902)
	at com.topcoder.management.deliverable.PersistenceUploadManagerTests.test_removeSubmissionType_operatorNull(PersistenceUploadManagerTests.java:2241)
	at sun.reflect.NativeMethodAccessorImpl.invoke0(Native Method)
	at sun.reflect.NativeMethodAccessorImpl.invoke(NativeMethodAccessorImpl.java:57)
	at sun.reflect.DelegatingMethodAccessorImpl.invoke(DelegatingMethodAccessorImpl.java:43)
	at java.lang.reflect.Method.invoke(Method.java:616)
	at junit.framework.TestCase.runTest(TestCase.java:168)
	at junit.framework.TestCase.runBare(TestCase.java:134)
	at junit.framework.TestResult$1.protect(TestResult.java:110)
	at junit.framework.TestResult.runProtected(TestResult.java:128)
	at junit.framework.TestResult.run(TestResult.java:113)
	at junit.framework.TestCase.run(TestCase.java:124)
	at junit.framework.TestSuite.runTest(TestSuite.java:232)
	at junit.framework.TestSuite.run(TestSuite.java:227)
	at junit.framework.TestSuite.runTest(TestSuite.java:232)
	at junit.framework.TestSuite.run(TestSuite.java:227)
	at junit.framework.TestSuite.runTest(TestSuite.java:232)
	at junit.framework.TestSuite.run(TestSuite.java:227)
	at org.apache.tools.ant.taskdefs.optional.junit.JUnitTestRunner.run(JUnitTestRunner.java:420)
	at org.apache.tools.ant.taskdefs.optional.junit.JUnitTestRunner.launch(JUnitTestRunner.java:911)
	at org.apache.tools.ant.taskdefs.optional.junit.JUnitTestRunner.main(JUnitTestRunner.java:768)
type: SubmissionType id: -1 operator:Unknown - Remove SubmissionType.
com.topcoder.util.config.UnknownNamespaceException: com.topcoder.util.log is unknown
	at com.topcoder.util.config.DefaultConfigManager.getPropertyObject(DefaultConfigManager.java:429)
	at com.topcoder.util.config.DefaultConfigManager.getString(DefaultConfigManager.java:449)
	at com.topcoder.util.log.LogFactory.getAttribute(LogFactory.java:224)
	at com.topcoder.util.log.basic.BasicLog.log(BasicLog.java:74)
	at com.topcoder.management.deliverable.PersistenceUploadManager.<init>(PersistenceUploadManager.java:260)
	at com.topcoder.management.deliverable.PersistenceUploadManagerTests.setUp(PersistenceUploadManagerTests.java:159)
	at junit.framework.TestCase.runBare(TestCase.java:132)
	at junit.framework.TestResult$1.protect(TestResult.java:110)
	at junit.framework.TestResult.runProtected(TestResult.java:128)
	at junit.framework.TestResult.run(TestResult.java:113)
	at junit.framework.TestCase.run(TestCase.java:124)
	at junit.framework.TestSuite.runTest(TestSuite.java:232)
	at junit.framework.TestSuite.run(TestSuite.java:227)
	at junit.framework.TestSuite.runTest(TestSuite.java:232)
	at junit.framework.TestSuite.run(TestSuite.java:227)
	at junit.framework.TestSuite.runTest(TestSuite.java:232)
	at junit.framework.TestSuite.run(TestSuite.java:227)
	at org.apache.tools.ant.taskdefs.optional.junit.JUnitTestRunner.run(JUnitTestRunner.java:420)
	at org.apache.tools.ant.taskdefs.optional.junit.JUnitTestRunner.launch(JUnitTestRunner.java:911)
	at org.apache.tools.ant.taskdefs.optional.junit.JUnitTestRunner.main(JUnitTestRunner.java:768)
Instantiate PersistenceUploadManager with UploadPersistence, uploadSearchBundle, submissionSearchBundle, uploadIdGenerator, uploadTypeIdGenerator, uploadStatusIdGenerator, submissionIDGenerator and submissionStatusIdGenerator.
com.topcoder.util.config.UnknownNamespaceException: com.topcoder.util.log is unknown
	at com.topcoder.util.config.DefaultConfigManager.getPropertyObject(DefaultConfigManager.java:429)
	at com.topcoder.util.config.DefaultConfigManager.getString(DefaultConfigManager.java:449)
	at com.topcoder.util.log.LogFactory.getAttribute(LogFactory.java:224)
	at com.topcoder.util.log.basic.BasicLog.log(BasicLog.java:74)
	at com.topcoder.management.deliverable.PersistenceUploadManager.getAllSubmissionTypes(PersistenceUploadManager.java:920)
	at com.topcoder.management.deliverable.PersistenceUploadManagerTests.test_getAllSubmissionTypes(PersistenceUploadManagerTests.java:2261)
	at sun.reflect.NativeMethodAccessorImpl.invoke0(Native Method)
	at sun.reflect.NativeMethodAccessorImpl.invoke(NativeMethodAccessorImpl.java:57)
	at sun.reflect.DelegatingMethodAccessorImpl.invoke(DelegatingMethodAccessorImpl.java:43)
	at java.lang.reflect.Method.invoke(Method.java:616)
	at junit.framework.TestCase.runTest(TestCase.java:168)
	at junit.framework.TestCase.runBare(TestCase.java:134)
	at junit.framework.TestResult$1.protect(TestResult.java:110)
	at junit.framework.TestResult.runProtected(TestResult.java:128)
	at junit.framework.TestResult.run(TestResult.java:113)
	at junit.framework.TestCase.run(TestCase.java:124)
	at junit.framework.TestSuite.runTest(TestSuite.java:232)
	at junit.framework.TestSuite.run(TestSuite.java:227)
	at junit.framework.TestSuite.runTest(TestSuite.java:232)
	at junit.framework.TestSuite.run(TestSuite.java:227)
	at junit.framework.TestSuite.runTest(TestSuite.java:232)
	at junit.framework.TestSuite.run(TestSuite.java:227)
	at org.apache.tools.ant.taskdefs.optional.junit.JUnitTestRunner.run(JUnitTestRunner.java:420)
	at org.apache.tools.ant.taskdefs.optional.junit.JUnitTestRunner.launch(JUnitTestRunner.java:911)
	at org.apache.tools.ant.taskdefs.optional.junit.JUnitTestRunner.main(JUnitTestRunner.java:768)
Get all submission types, delegate to persistence.
com.topcoder.util.config.UnknownNamespaceException: com.topcoder.util.log is unknown
	at com.topcoder.util.config.DefaultConfigManager.getPropertyObject(DefaultConfigManager.java:429)
	at com.topcoder.util.config.DefaultConfigManager.getString(DefaultConfigManager.java:449)
	at com.topcoder.util.log.LogFactory.getAttribute(LogFactory.java:224)
	at com.topcoder.util.log.basic.BasicLog.log(BasicLog.java:74)
	at com.topcoder.management.deliverable.PersistenceUploadManager.<init>(PersistenceUploadManager.java:260)
	at com.topcoder.management.deliverable.Demo.testDemo(Demo.java:106)
	at sun.reflect.NativeMethodAccessorImpl.invoke0(Native Method)
	at sun.reflect.NativeMethodAccessorImpl.invoke(NativeMethodAccessorImpl.java:57)
	at sun.reflect.DelegatingMethodAccessorImpl.invoke(DelegatingMethodAccessorImpl.java:43)
	at java.lang.reflect.Method.invoke(Method.java:616)
	at junit.framework.TestCase.runTest(TestCase.java:168)
	at junit.framework.TestCase.runBare(TestCase.java:134)
	at junit.framework.TestResult$1.protect(TestResult.java:110)
	at junit.framework.TestResult.runProtected(TestResult.java:128)
	at junit.framework.TestResult.run(TestResult.java:113)
	at junit.framework.TestCase.run(TestCase.java:124)
	at junit.framework.TestSuite.runTest(TestSuite.java:232)
	at junit.framework.TestSuite.run(TestSuite.java:227)
	at junit.framework.TestSuite.runTest(TestSuite.java:232)
	at junit.framework.TestSuite.run(TestSuite.java:227)
	at junit.framework.TestSuite.runTest(TestSuite.java:232)
	at junit.framework.TestSuite.run(TestSuite.java:227)
	at org.apache.tools.ant.taskdefs.optional.junit.JUnitTestRunner.run(JUnitTestRunner.java:420)
	at org.apache.tools.ant.taskdefs.optional.junit.JUnitTestRunner.launch(JUnitTestRunner.java:911)
	at org.apache.tools.ant.taskdefs.optional.junit.JUnitTestRunner.main(JUnitTestRunner.java:768)
Instantiate PersistenceUploadManager with UploadPersistence, uploadSearchBundle, submissionSearchBundle, uploadIdGenerator, uploadTypeIdGenerator, uploadStatusIdGenerator, submissionIDGenerator and submissionStatusIdGenerator.
com.topcoder.util.config.UnknownNamespaceException: com.topcoder.util.log is unknown
	at com.topcoder.util.config.DefaultConfigManager.getPropertyObject(DefaultConfigManager.java:429)
	at com.topcoder.util.config.DefaultConfigManager.getString(DefaultConfigManager.java:449)
	at com.topcoder.util.log.LogFactory.getAttribute(LogFactory.java:224)
	at com.topcoder.util.log.basic.BasicLog.log(BasicLog.java:74)
	at com.topcoder.management.deliverable.PersistenceUploadManager.getAllUploadTypes(PersistenceUploadManager.java:520)
	at com.topcoder.management.deliverable.Demo.testDemo(Demo.java:122)
	at sun.reflect.NativeMethodAccessorImpl.invoke0(Native Method)
	at sun.reflect.NativeMethodAccessorImpl.invoke(NativeMethodAccessorImpl.java:57)
	at sun.reflect.DelegatingMethodAccessorImpl.invoke(DelegatingMethodAccessorImpl.java:43)
	at java.lang.reflect.Method.invoke(Method.java:616)
	at junit.framework.TestCase.runTest(TestCase.java:168)
	at junit.framework.TestCase.runBare(TestCase.java:134)
	at junit.framework.TestResult$1.protect(TestResult.java:110)
	at junit.framework.TestResult.runProtected(TestResult.java:128)
	at junit.framework.TestResult.run(TestResult.java:113)
	at junit.framework.TestCase.run(TestCase.java:124)
	at junit.framework.TestSuite.runTest(TestSuite.java:232)
	at junit.framework.TestSuite.run(TestSuite.java:227)
	at junit.framework.TestSuite.runTest(TestSuite.java:232)
	at junit.framework.TestSuite.run(TestSuite.java:227)
	at junit.framework.TestSuite.runTest(TestSuite.java:232)
	at junit.framework.TestSuite.run(TestSuite.java:227)
	at org.apache.tools.ant.taskdefs.optional.junit.JUnitTestRunner.run(JUnitTestRunner.java:420)
	at org.apache.tools.ant.taskdefs.optional.junit.JUnitTestRunner.launch(JUnitTestRunner.java:911)
	at org.apache.tools.ant.taskdefs.optional.junit.JUnitTestRunner.main(JUnitTestRunner.java:768)
get All upload types, delegate to persistence.
com.topcoder.util.config.UnknownNamespaceException: com.topcoder.util.log is unknown
	at com.topcoder.util.config.DefaultConfigManager.getPropertyObject(DefaultConfigManager.java:429)
	at com.topcoder.util.config.DefaultConfigManager.getString(DefaultConfigManager.java:449)
	at com.topcoder.util.log.LogFactory.getAttribute(LogFactory.java:224)
	at com.topcoder.util.log.basic.BasicLog.log(BasicLog.java:74)
	at com.topcoder.management.deliverable.PersistenceUploadManager.getAllSubmissionStatuses(PersistenceUploadManager.java:818)
	at com.topcoder.management.deliverable.Demo.testDemo(Demo.java:123)
	at sun.reflect.NativeMethodAccessorImpl.invoke0(Native Method)
	at sun.reflect.NativeMethodAccessorImpl.invoke(NativeMethodAccessorImpl.java:57)
	at sun.reflect.DelegatingMethodAccessorImpl.invoke(DelegatingMethodAccessorImpl.java:43)
	at java.lang.reflect.Method.invoke(Method.java:616)
	at junit.framework.TestCase.runTest(TestCase.java:168)
	at junit.framework.TestCase.runBare(TestCase.java:134)
	at junit.framework.TestResult$1.protect(TestResult.java:110)
	at junit.framework.TestResult.runProtected(TestResult.java:128)
	at junit.framework.TestResult.run(TestResult.java:113)
	at junit.framework.TestCase.run(TestCase.java:124)
	at junit.framework.TestSuite.runTest(TestSuite.java:232)
	at junit.framework.TestSuite.run(TestSuite.java:227)
	at junit.framework.TestSuite.runTest(TestSuite.java:232)
	at junit.framework.TestSuite.run(TestSuite.java:227)
	at junit.framework.TestSuite.runTest(TestSuite.java:232)
	at junit.framework.TestSuite.run(TestSuite.java:227)
	at org.apache.tools.ant.taskdefs.optional.junit.JUnitTestRunner.run(JUnitTestRunner.java:420)
	at org.apache.tools.ant.taskdefs.optional.junit.JUnitTestRunner.launch(JUnitTestRunner.java:911)
	at org.apache.tools.ant.taskdefs.optional.junit.JUnitTestRunner.main(JUnitTestRunner.java:768)
get All submission statuses, delegate to persistence.
com.topcoder.util.config.UnknownNamespaceException: com.topcoder.util.log is unknown
	at com.topcoder.util.config.DefaultConfigManager.getPropertyObject(DefaultConfigManager.java:429)
	at com.topcoder.util.config.DefaultConfigManager.getString(DefaultConfigManager.java:449)
	at com.topcoder.util.log.LogFactory.getAttribute(LogFactory.java:224)
	at com.topcoder.util.log.basic.BasicLog.log(BasicLog.java:74)
	at com.topcoder.management.deliverable.PersistenceUploadManager.getAllUploadStatuses(PersistenceUploadManager.java:611)
	at com.topcoder.management.deliverable.Demo.testDemo(Demo.java:124)
	at sun.reflect.NativeMethodAccessorImpl.invoke0(Native Method)
	at sun.reflect.NativeMethodAccessorImpl.invoke(NativeMethodAccessorImpl.java:57)
	at sun.reflect.DelegatingMethodAccessorImpl.invoke(DelegatingMethodAccessorImpl.java:43)
	at java.lang.reflect.Method.invoke(Method.java:616)
	at junit.framework.TestCase.runTest(TestCase.java:168)
	at junit.framework.TestCase.runBare(TestCase.java:134)
	at junit.framework.TestResult$1.protect(TestResult.java:110)
	at junit.framework.TestResult.runProtected(TestResult.java:128)
	at junit.framework.TestResult.run(TestResult.java:113)
	at junit.framework.TestCase.run(TestCase.java:124)
	at junit.framework.TestSuite.runTest(TestSuite.java:232)
	at junit.framework.TestSuite.run(TestSuite.java:227)
	at junit.framework.TestSuite.runTest(TestSuite.java:232)
	at junit.framework.TestSuite.run(TestSuite.java:227)
	at junit.framework.TestSuite.runTest(TestSuite.java:232)
	at junit.framework.TestSuite.run(TestSuite.java:227)
	at org.apache.tools.ant.taskdefs.optional.junit.JUnitTestRunner.run(JUnitTestRunner.java:420)
	at org.apache.tools.ant.taskdefs.optional.junit.JUnitTestRunner.launch(JUnitTestRunner.java:911)
	at org.apache.tools.ant.taskdefs.optional.junit.JUnitTestRunner.main(JUnitTestRunner.java:768)
get All upload status, delegate to persistence.
com.topcoder.util.config.UnknownNamespaceException: com.topcoder.util.log is unknown
	at com.topcoder.util.config.DefaultConfigManager.getPropertyObject(DefaultConfigManager.java:429)
	at com.topcoder.util.config.DefaultConfigManager.getString(DefaultConfigManager.java:449)
	at com.topcoder.util.log.LogFactory.getAttribute(LogFactory.java:224)
	at com.topcoder.util.log.basic.BasicLog.log(BasicLog.java:74)
	at com.topcoder.management.deliverable.PersistenceUploadManager.getAllSubmissionTypes(PersistenceUploadManager.java:920)
	at com.topcoder.management.deliverable.Demo.testDemo(Demo.java:125)
	at sun.reflect.NativeMethodAccessorImpl.invoke0(Native Method)
	at sun.reflect.NativeMethodAccessorImpl.invoke(NativeMethodAccessorImpl.java:57)
	at sun.reflect.DelegatingMethodAccessorImpl.invoke(DelegatingMethodAccessorImpl.java:43)
	at java.lang.reflect.Method.invoke(Method.java:616)
	at junit.framework.TestCase.runTest(TestCase.java:168)
	at junit.framework.TestCase.runBare(TestCase.java:134)
	at junit.framework.TestResult$1.protect(TestResult.java:110)
	at junit.framework.TestResult.runProtected(TestResult.java:128)
	at junit.framework.TestResult.run(TestResult.java:113)
	at junit.framework.TestCase.run(TestCase.java:124)
	at junit.framework.TestSuite.runTest(TestSuite.java:232)
	at junit.framework.TestSuite.run(TestSuite.java:227)
	at junit.framework.TestSuite.runTest(TestSuite.java:232)
	at junit.framework.TestSuite.run(TestSuite.java:227)
	at junit.framework.TestSuite.runTest(TestSuite.java:232)
	at junit.framework.TestSuite.run(TestSuite.java:227)
	at org.apache.tools.ant.taskdefs.optional.junit.JUnitTestRunner.run(JUnitTestRunner.java:420)
	at org.apache.tools.ant.taskdefs.optional.junit.JUnitTestRunner.launch(JUnitTestRunner.java:911)
	at org.apache.tools.ant.taskdefs.optional.junit.JUnitTestRunner.main(JUnitTestRunner.java:768)
Get all submission types, delegate to persistence.
com.topcoder.util.config.UnknownNamespaceException: com.topcoder.util.log is unknown
	at com.topcoder.util.config.DefaultConfigManager.getPropertyObject(DefaultConfigManager.java:429)
	at com.topcoder.util.config.DefaultConfigManager.getString(DefaultConfigManager.java:449)
	at com.topcoder.util.log.LogFactory.getAttribute(LogFactory.java:224)
	at com.topcoder.util.log.basic.BasicLog.log(BasicLog.java:74)
	at com.topcoder.management.deliverable.PersistenceDeliverableManager.<init>(PersistenceDeliverableManager.java:157)
	at com.topcoder.management.deliverable.Demo.testDemo(Demo.java:163)
	at sun.reflect.NativeMethodAccessorImpl.invoke0(Native Method)
	at sun.reflect.NativeMethodAccessorImpl.invoke(NativeMethodAccessorImpl.java:57)
	at sun.reflect.DelegatingMethodAccessorImpl.invoke(DelegatingMethodAccessorImpl.java:43)
	at java.lang.reflect.Method.invoke(Method.java:616)
	at junit.framework.TestCase.runTest(TestCase.java:168)
	at junit.framework.TestCase.runBare(TestCase.java:134)
	at junit.framework.TestResult$1.protect(TestResult.java:110)
	at junit.framework.TestResult.runProtected(TestResult.java:128)
	at junit.framework.TestResult.run(TestResult.java:113)
	at junit.framework.TestCase.run(TestCase.java:124)
	at junit.framework.TestSuite.runTest(TestSuite.java:232)
	at junit.framework.TestSuite.run(TestSuite.java:227)
	at junit.framework.TestSuite.runTest(TestSuite.java:232)
	at junit.framework.TestSuite.run(TestSuite.java:227)
	at junit.framework.TestSuite.runTest(TestSuite.java:232)
	at junit.framework.TestSuite.run(TestSuite.java:227)
	at org.apache.tools.ant.taskdefs.optional.junit.JUnitTestRunner.run(JUnitTestRunner.java:420)
	at org.apache.tools.ant.taskdefs.optional.junit.JUnitTestRunner.launch(JUnitTestRunner.java:911)
	at org.apache.tools.ant.taskdefs.optional.junit.JUnitTestRunner.main(JUnitTestRunner.java:768)
Instantiate PersistenceDeliverableManager with DeliverablePersistence, deliverableCheckers map,deliverableSearchBundle and submissionSearchBundle.
com.topcoder.util.config.UnknownNamespaceException: com.topcoder.util.log is unknown
	at com.topcoder.util.config.DefaultConfigManager.getPropertyObject(DefaultConfigManager.java:429)
	at com.topcoder.util.config.DefaultConfigManager.getString(DefaultConfigManager.java:449)
	at com.topcoder.util.log.LogFactory.getAttribute(LogFactory.java:224)
	at com.topcoder.util.log.basic.BasicLog.log(BasicLog.java:74)
	at com.topcoder.management.deliverable.PersistenceUploadManager.createUpload(PersistenceUploadManager.java:335)
	at com.topcoder.management.deliverable.Demo.testDemo(Demo.java:182)
	at sun.reflect.NativeMethodAccessorImpl.invoke0(Native Method)
	at sun.reflect.NativeMethodAccessorImpl.invoke(NativeMethodAccessorImpl.java:57)
	at sun.reflect.DelegatingMethodAccessorImpl.invoke(DelegatingMethodAccessorImpl.java:43)
	at java.lang.reflect.Method.invoke(Method.java:616)
	at junit.framework.TestCase.runTest(TestCase.java:168)
	at junit.framework.TestCase.runBare(TestCase.java:134)
	at junit.framework.TestResult$1.protect(TestResult.java:110)
	at junit.framework.TestResult.runProtected(TestResult.java:128)
	at junit.framework.TestResult.run(TestResult.java:113)
	at junit.framework.TestCase.run(TestCase.java:124)
	at junit.framework.TestSuite.runTest(TestSuite.java:232)
	at junit.framework.TestSuite.run(TestSuite.java:227)
	at junit.framework.TestSuite.runTest(TestSuite.java:232)
	at junit.framework.TestSuite.run(TestSuite.java:227)
	at junit.framework.TestSuite.runTest(TestSuite.java:232)
	at junit.framework.TestSuite.run(TestSuite.java:227)
	at org.apache.tools.ant.taskdefs.optional.junit.JUnitTestRunner.run(JUnitTestRunner.java:420)
	at org.apache.tools.ant.taskdefs.optional.junit.JUnitTestRunner.launch(JUnitTestRunner.java:911)
	at org.apache.tools.ant.taskdefs.optional.junit.JUnitTestRunner.main(JUnitTestRunner.java:768)
type: Upload id: Unknown operator:Operator #1 - Create new Upload.
com.topcoder.util.config.UnknownNamespaceException: com.topcoder.util.log is unknown
	at com.topcoder.util.config.DefaultConfigManager.getPropertyObject(DefaultConfigManager.java:429)
	at com.topcoder.util.config.DefaultConfigManager.getString(DefaultConfigManager.java:449)
	at com.topcoder.util.log.LogFactory.getAttribute(LogFactory.java:224)
	at com.topcoder.util.log.basic.BasicLog.log(BasicLog.java:74)
	at com.topcoder.management.deliverable.PersistenceUploadManager.persistenceUploadManagerHelper(PersistenceUploadManager.java:966)
	at com.topcoder.management.deliverable.PersistenceUploadManager.createUpload(PersistenceUploadManager.java:336)
	at com.topcoder.management.deliverable.Demo.testDemo(Demo.java:182)
	at sun.reflect.NativeMethodAccessorImpl.invoke0(Native Method)
	at sun.reflect.NativeMethodAccessorImpl.invoke(NativeMethodAccessorImpl.java:57)
	at sun.reflect.DelegatingMethodAccessorImpl.invoke(DelegatingMethodAccessorImpl.java:43)
	at java.lang.reflect.Method.invoke(Method.java:616)
	at junit.framework.TestCase.runTest(TestCase.java:168)
	at junit.framework.TestCase.runBare(TestCase.java:134)
	at junit.framework.TestResult$1.protect(TestResult.java:110)
	at junit.framework.TestResult.runProtected(TestResult.java:128)
	at junit.framework.TestResult.run(TestResult.java:113)
	at junit.framework.TestCase.run(TestCase.java:124)
	at junit.framework.TestSuite.runTest(TestSuite.java:232)
	at junit.framework.TestSuite.run(TestSuite.java:227)
	at junit.framework.TestSuite.runTest(TestSuite.java:232)
	at junit.framework.TestSuite.run(TestSuite.java:227)
	at junit.framework.TestSuite.runTest(TestSuite.java:232)
	at junit.framework.TestSuite.run(TestSuite.java:227)
	at org.apache.tools.ant.taskdefs.optional.junit.JUnitTestRunner.run(JUnitTestRunner.java:420)
	at org.apache.tools.ant.taskdefs.optional.junit.JUnitTestRunner.launch(JUnitTestRunner.java:911)
	at org.apache.tools.ant.taskdefs.optional.junit.JUnitTestRunner.main(JUnitTestRunner.java:768)
generate next id from the idGenerator:upload_id_seq
com.topcoder.util.config.UnknownNamespaceException: com.topcoder.util.log is unknown
	at com.topcoder.util.config.DefaultConfigManager.getPropertyObject(DefaultConfigManager.java:429)
	at com.topcoder.util.config.DefaultConfigManager.getString(DefaultConfigManager.java:449)
	at com.topcoder.util.log.LogFactory.getAttribute(LogFactory.java:224)
	at com.topcoder.util.log.basic.BasicLog.log(BasicLog.java:74)
	at com.topcoder.management.deliverable.PersistenceUploadManager.createSubmission(PersistenceUploadManager.java:631)
	at com.topcoder.management.deliverable.Demo.testDemo(Demo.java:190)
	at sun.reflect.NativeMethodAccessorImpl.invoke0(Native Method)
	at sun.reflect.NativeMethodAccessorImpl.invoke(NativeMethodAccessorImpl.java:57)
	at sun.reflect.DelegatingMethodAccessorImpl.invoke(DelegatingMethodAccessorImpl.java:43)
	at java.lang.reflect.Method.invoke(Method.java:616)
	at junit.framework.TestCase.runTest(TestCase.java:168)
	at junit.framework.TestCase.runBare(TestCase.java:134)
	at junit.framework.TestResult$1.protect(TestResult.java:110)
	at junit.framework.TestResult.runProtected(TestResult.java:128)
	at junit.framework.TestResult.run(TestResult.java:113)
	at junit.framework.TestCase.run(TestCase.java:124)
	at junit.framework.TestSuite.runTest(TestSuite.java:232)
	at junit.framework.TestSuite.run(TestSuite.java:227)
	at junit.framework.TestSuite.runTest(TestSuite.java:232)
	at junit.framework.TestSuite.run(TestSuite.java:227)
	at junit.framework.TestSuite.runTest(TestSuite.java:232)
	at junit.framework.TestSuite.run(TestSuite.java:227)
	at org.apache.tools.ant.taskdefs.optional.junit.JUnitTestRunner.run(JUnitTestRunner.java:420)
	at org.apache.tools.ant.taskdefs.optional.junit.JUnitTestRunner.launch(JUnitTestRunner.java:911)
	at org.apache.tools.ant.taskdefs.optional.junit.JUnitTestRunner.main(JUnitTestRunner.java:768)
type: Submission id: Unknown operator:Operator #1 - create new Submission.
com.topcoder.util.config.UnknownNamespaceException: com.topcoder.util.log is unknown
	at com.topcoder.util.config.DefaultConfigManager.getPropertyObject(DefaultConfigManager.java:429)
	at com.topcoder.util.config.DefaultConfigManager.getString(DefaultConfigManager.java:449)
	at com.topcoder.util.log.LogFactory.getAttribute(LogFactory.java:224)
	at com.topcoder.util.log.basic.BasicLog.log(BasicLog.java:74)
	at com.topcoder.management.deliverable.PersistenceUploadManager.persistenceUploadManagerHelper(PersistenceUploadManager.java:966)
	at com.topcoder.management.deliverable.PersistenceUploadManager.createSubmission(PersistenceUploadManager.java:632)
	at com.topcoder.management.deliverable.Demo.testDemo(Demo.java:190)
	at sun.reflect.NativeMethodAccessorImpl.invoke0(Native Method)
	at sun.reflect.NativeMethodAccessorImpl.invoke(NativeMethodAccessorImpl.java:57)
	at sun.reflect.DelegatingMethodAccessorImpl.invoke(DelegatingMethodAccessorImpl.java:43)
	at java.lang.reflect.Method.invoke(Method.java:616)
	at junit.framework.TestCase.runTest(TestCase.java:168)
	at junit.framework.TestCase.runBare(TestCase.java:134)
	at junit.framework.TestResult$1.protect(TestResult.java:110)
	at junit.framework.TestResult.runProtected(TestResult.java:128)
	at junit.framework.TestResult.run(TestResult.java:113)
	at junit.framework.TestCase.run(TestCase.java:124)
	at junit.framework.TestSuite.runTest(TestSuite.java:232)
	at junit.framework.TestSuite.run(TestSuite.java:227)
	at junit.framework.TestSuite.runTest(TestSuite.java:232)
	at junit.framework.TestSuite.run(TestSuite.java:227)
	at junit.framework.TestSuite.runTest(TestSuite.java:232)
	at junit.framework.TestSuite.run(TestSuite.java:227)
	at org.apache.tools.ant.taskdefs.optional.junit.JUnitTestRunner.run(JUnitTestRunner.java:420)
	at org.apache.tools.ant.taskdefs.optional.junit.JUnitTestRunner.launch(JUnitTestRunner.java:911)
	at org.apache.tools.ant.taskdefs.optional.junit.JUnitTestRunner.main(JUnitTestRunner.java:768)
generate next id from the idGenerator:submission_id_seq
com.topcoder.util.config.UnknownNamespaceException: com.topcoder.util.log is unknown
	at com.topcoder.util.config.DefaultConfigManager.getPropertyObject(DefaultConfigManager.java:429)
	at com.topcoder.util.config.DefaultConfigManager.getString(DefaultConfigManager.java:449)
	at com.topcoder.util.log.LogFactory.getAttribute(LogFactory.java:224)
	at com.topcoder.util.log.basic.BasicLog.log(BasicLog.java:74)
	at com.topcoder.management.deliverable.PersistenceUploadManager.updateUpload(PersistenceUploadManager.java:361)
	at com.topcoder.management.deliverable.Demo.testDemo(Demo.java:200)
	at sun.reflect.NativeMethodAccessorImpl.invoke0(Native Method)
	at sun.reflect.NativeMethodAccessorImpl.invoke(NativeMethodAccessorImpl.java:57)
	at sun.reflect.DelegatingMethodAccessorImpl.invoke(DelegatingMethodAccessorImpl.java:43)
	at java.lang.reflect.Method.invoke(Method.java:616)
	at junit.framework.TestCase.runTest(TestCase.java:168)
	at junit.framework.TestCase.runBare(TestCase.java:134)
	at junit.framework.TestResult$1.protect(TestResult.java:110)
	at junit.framework.TestResult.runProtected(TestResult.java:128)
	at junit.framework.TestResult.run(TestResult.java:113)
	at junit.framework.TestCase.run(TestCase.java:124)
	at junit.framework.TestSuite.runTest(TestSuite.java:232)
	at junit.framework.TestSuite.run(TestSuite.java:227)
	at junit.framework.TestSuite.runTest(TestSuite.java:232)
	at junit.framework.TestSuite.run(TestSuite.java:227)
	at junit.framework.TestSuite.runTest(TestSuite.java:232)
	at junit.framework.TestSuite.run(TestSuite.java:227)
	at org.apache.tools.ant.taskdefs.optional.junit.JUnitTestRunner.run(JUnitTestRunner.java:420)
	at org.apache.tools.ant.taskdefs.optional.junit.JUnitTestRunner.launch(JUnitTestRunner.java:911)
	at org.apache.tools.ant.taskdefs.optional.junit.JUnitTestRunner.main(JUnitTestRunner.java:768)
type: Upload id: 1 operator:Operator #2 - Update Upload.
com.topcoder.util.config.UnknownNamespaceException: com.topcoder.util.log is unknown
	at com.topcoder.util.config.DefaultConfigManager.getPropertyObject(DefaultConfigManager.java:429)
	at com.topcoder.util.config.DefaultConfigManager.getString(DefaultConfigManager.java:449)
	at com.topcoder.util.log.LogFactory.getAttribute(LogFactory.java:224)
	at com.topcoder.util.log.basic.BasicLog.log(BasicLog.java:74)
	at com.topcoder.management.deliverable.PersistenceUploadManager.removeUpload(PersistenceUploadManager.java:388)
	at com.topcoder.management.deliverable.Demo.testDemo(Demo.java:205)
	at sun.reflect.NativeMethodAccessorImpl.invoke0(Native Method)
	at sun.reflect.NativeMethodAccessorImpl.invoke(NativeMethodAccessorImpl.java:57)
	at sun.reflect.DelegatingMethodAccessorImpl.invoke(DelegatingMethodAccessorImpl.java:43)
	at java.lang.reflect.Method.invoke(Method.java:616)
	at junit.framework.TestCase.runTest(TestCase.java:168)
	at junit.framework.TestCase.runBare(TestCase.java:134)
	at junit.framework.TestResult$1.protect(TestResult.java:110)
	at junit.framework.TestResult.runProtected(TestResult.java:128)
	at junit.framework.TestResult.run(TestResult.java:113)
	at junit.framework.TestCase.run(TestCase.java:124)
	at junit.framework.TestSuite.runTest(TestSuite.java:232)
	at junit.framework.TestSuite.run(TestSuite.java:227)
	at junit.framework.TestSuite.runTest(TestSuite.java:232)
	at junit.framework.TestSuite.run(TestSuite.java:227)
	at junit.framework.TestSuite.runTest(TestSuite.java:232)
	at junit.framework.TestSuite.run(TestSuite.java:227)
	at org.apache.tools.ant.taskdefs.optional.junit.JUnitTestRunner.run(JUnitTestRunner.java:420)
	at org.apache.tools.ant.taskdefs.optional.junit.JUnitTestRunner.launch(JUnitTestRunner.java:911)
	at org.apache.tools.ant.taskdefs.optional.junit.JUnitTestRunner.main(JUnitTestRunner.java:768)
type: Upload id: 1 operator:Operator #3 - Remove Upload.
com.topcoder.util.config.UnknownNamespaceException: com.topcoder.util.log is unknown
	at com.topcoder.util.config.DefaultConfigManager.getPropertyObject(DefaultConfigManager.java:429)
	at com.topcoder.util.config.DefaultConfigManager.getString(DefaultConfigManager.java:449)
	at com.topcoder.util.log.LogFactory.getAttribute(LogFactory.java:224)
	at com.topcoder.util.log.basic.BasicLog.log(BasicLog.java:74)
	at com.topcoder.management.deliverable.PersistenceUploadManager.getUpload(PersistenceUploadManager.java:406)
	at com.topcoder.management.deliverable.Demo.testDemo(Demo.java:216)
	at sun.reflect.NativeMethodAccessorImpl.invoke0(Native Method)
	at sun.reflect.NativeMethodAccessorImpl.invoke(NativeMethodAccessorImpl.java:57)
	at sun.reflect.DelegatingMethodAccessorImpl.invoke(DelegatingMethodAccessorImpl.java:43)
	at java.lang.reflect.Method.invoke(Method.java:616)
	at junit.framework.TestCase.runTest(TestCase.java:168)
	at junit.framework.TestCase.runBare(TestCase.java:134)
	at junit.framework.TestResult$1.protect(TestResult.java:110)
	at junit.framework.TestResult.runProtected(TestResult.java:128)
	at junit.framework.TestResult.run(TestResult.java:113)
	at junit.framework.TestCase.run(TestCase.java:124)
	at junit.framework.TestSuite.runTest(TestSuite.java:232)
	at junit.framework.TestSuite.run(TestSuite.java:227)
	at junit.framework.TestSuite.runTest(TestSuite.java:232)
	at junit.framework.TestSuite.run(TestSuite.java:227)
	at junit.framework.TestSuite.runTest(TestSuite.java:232)
	at junit.framework.TestSuite.run(TestSuite.java:227)
	at org.apache.tools.ant.taskdefs.optional.junit.JUnitTestRunner.run(JUnitTestRunner.java:420)
	at org.apache.tools.ant.taskdefs.optional.junit.JUnitTestRunner.launch(JUnitTestRunner.java:911)
	at org.apache.tools.ant.taskdefs.optional.junit.JUnitTestRunner.main(JUnitTestRunner.java:768)
type: Upload id: 14402 operator:Unknown - Retrieve Upload, delegate to persistence.
com.topcoder.util.config.UnknownNamespaceException: com.topcoder.util.log is unknown
	at com.topcoder.util.config.DefaultConfigManager.getPropertyObject(DefaultConfigManager.java:429)
	at com.topcoder.util.config.DefaultConfigManager.getString(DefaultConfigManager.java:449)
	at com.topcoder.util.log.LogFactory.getAttribute(LogFactory.java:224)
	at com.topcoder.util.log.basic.BasicLog.log(BasicLog.java:74)
	at com.topcoder.management.deliverable.PersistenceUploadManager.searchUploads(PersistenceUploadManager.java:429)
	at com.topcoder.management.deliverable.Demo.testDemo(Demo.java:229)
	at sun.reflect.NativeMethodAccessorImpl.invoke0(Native Method)
	at sun.reflect.NativeMethodAccessorImpl.invoke(NativeMethodAccessorImpl.java:57)
	at sun.reflect.DelegatingMethodAccessorImpl.invoke(DelegatingMethodAccessorImpl.java:43)
	at java.lang.reflect.Method.invoke(Method.java:616)
	at junit.framework.TestCase.runTest(TestCase.java:168)
	at junit.framework.TestCase.runBare(TestCase.java:134)
	at junit.framework.TestResult$1.protect(TestResult.java:110)
	at junit.framework.TestResult.runProtected(TestResult.java:128)
	at junit.framework.TestResult.run(TestResult.java:113)
	at junit.framework.TestCase.run(TestCase.java:124)
	at junit.framework.TestSuite.runTest(TestSuite.java:232)
	at junit.framework.TestSuite.run(TestSuite.java:227)
	at junit.framework.TestSuite.runTest(TestSuite.java:232)
	at junit.framework.TestSuite.run(TestSuite.java:227)
	at junit.framework.TestSuite.runTest(TestSuite.java:232)
	at junit.framework.TestSuite.run(TestSuite.java:227)
	at org.apache.tools.ant.taskdefs.optional.junit.JUnitTestRunner.run(JUnitTestRunner.java:420)
	at org.apache.tools.ant.taskdefs.optional.junit.JUnitTestRunner.launch(JUnitTestRunner.java:911)
	at org.apache.tools.ant.taskdefs.optional.junit.JUnitTestRunner.main(JUnitTestRunner.java:768)
type: Upload id: Unknown operator:Unknown - search uploads with filter. found: 0
com.topcoder.util.config.UnknownNamespaceException: com.topcoder.util.log is unknown
	at com.topcoder.util.config.DefaultConfigManager.getPropertyObject(DefaultConfigManager.java:429)
	at com.topcoder.util.config.DefaultConfigManager.getString(DefaultConfigManager.java:449)
	at com.topcoder.util.log.LogFactory.getAttribute(LogFactory.java:224)
	at com.topcoder.util.log.basic.BasicLog.log(BasicLog.java:74)
	at com.topcoder.management.deliverable.PersistenceUploadManager.getAllUploadTypes(PersistenceUploadManager.java:520)
	at com.topcoder.management.deliverable.Demo.testDemo(Demo.java:236)
	at sun.reflect.NativeMethodAccessorImpl.invoke0(Native Method)
	at sun.reflect.NativeMethodAccessorImpl.invoke(NativeMethodAccessorImpl.java:57)
	at sun.reflect.DelegatingMethodAccessorImpl.invoke(DelegatingMethodAccessorImpl.java:43)
	at java.lang.reflect.Method.invoke(Method.java:616)
	at junit.framework.TestCase.runTest(TestCase.java:168)
	at junit.framework.TestCase.runBare(TestCase.java:134)
	at junit.framework.TestResult$1.protect(TestResult.java:110)
	at junit.framework.TestResult.runProtected(TestResult.java:128)
	at junit.framework.TestResult.run(TestResult.java:113)
	at junit.framework.TestCase.run(TestCase.java:124)
	at junit.framework.TestSuite.runTest(TestSuite.java:232)
	at junit.framework.TestSuite.run(TestSuite.java:227)
	at junit.framework.TestSuite.runTest(TestSuite.java:232)
	at junit.framework.TestSuite.run(TestSuite.java:227)
	at junit.framework.TestSuite.runTest(TestSuite.java:232)
	at junit.framework.TestSuite.run(TestSuite.java:227)
	at org.apache.tools.ant.taskdefs.optional.junit.JUnitTestRunner.run(JUnitTestRunner.java:420)
	at org.apache.tools.ant.taskdefs.optional.junit.JUnitTestRunner.launch(JUnitTestRunner.java:911)
	at org.apache.tools.ant.taskdefs.optional.junit.JUnitTestRunner.main(JUnitTestRunner.java:768)
get All upload types, delegate to persistence.
com.topcoder.util.config.UnknownNamespaceException: com.topcoder.util.log is unknown
	at com.topcoder.util.config.DefaultConfigManager.getPropertyObject(DefaultConfigManager.java:429)
	at com.topcoder.util.config.DefaultConfigManager.getString(DefaultConfigManager.java:449)
	at com.topcoder.util.log.LogFactory.getAttribute(LogFactory.java:224)
	at com.topcoder.util.log.basic.BasicLog.log(BasicLog.java:74)
	at com.topcoder.management.deliverable.PersistenceUploadManager.getAllUploadStatuses(PersistenceUploadManager.java:611)
	at com.topcoder.management.deliverable.Demo.testDemo(Demo.java:237)
	at sun.reflect.NativeMethodAccessorImpl.invoke0(Native Method)
	at sun.reflect.NativeMethodAccessorImpl.invoke(NativeMethodAccessorImpl.java:57)
	at sun.reflect.DelegatingMethodAccessorImpl.invoke(DelegatingMethodAccessorImpl.java:43)
	at java.lang.reflect.Method.invoke(Method.java:616)
	at junit.framework.TestCase.runTest(TestCase.java:168)
	at junit.framework.TestCase.runBare(TestCase.java:134)
	at junit.framework.TestResult$1.protect(TestResult.java:110)
	at junit.framework.TestResult.runProtected(TestResult.java:128)
	at junit.framework.TestResult.run(TestResult.java:113)
	at junit.framework.TestCase.run(TestCase.java:124)
	at junit.framework.TestSuite.runTest(TestSuite.java:232)
	at junit.framework.TestSuite.run(TestSuite.java:227)
	at junit.framework.TestSuite.runTest(TestSuite.java:232)
	at junit.framework.TestSuite.run(TestSuite.java:227)
	at junit.framework.TestSuite.runTest(TestSuite.java:232)
	at junit.framework.TestSuite.run(TestSuite.java:227)
	at org.apache.tools.ant.taskdefs.optional.junit.JUnitTestRunner.run(JUnitTestRunner.java:420)
	at org.apache.tools.ant.taskdefs.optional.junit.JUnitTestRunner.launch(JUnitTestRunner.java:911)
	at org.apache.tools.ant.taskdefs.optional.junit.JUnitTestRunner.main(JUnitTestRunner.java:768)
get All upload status, delegate to persistence.
com.topcoder.util.config.UnknownNamespaceException: com.topcoder.util.log is unknown
	at com.topcoder.util.config.DefaultConfigManager.getPropertyObject(DefaultConfigManager.java:429)
	at com.topcoder.util.config.DefaultConfigManager.getString(DefaultConfigManager.java:449)
	at com.topcoder.util.log.LogFactory.getAttribute(LogFactory.java:224)
	at com.topcoder.util.log.basic.BasicLog.log(BasicLog.java:74)
	at com.topcoder.management.deliverable.PersistenceUploadManager.getAllSubmissionStatuses(PersistenceUploadManager.java:818)
	at com.topcoder.management.deliverable.Demo.testDemo(Demo.java:238)
	at sun.reflect.NativeMethodAccessorImpl.invoke0(Native Method)
	at sun.reflect.NativeMethodAccessorImpl.invoke(NativeMethodAccessorImpl.java:57)
	at sun.reflect.DelegatingMethodAccessorImpl.invoke(DelegatingMethodAccessorImpl.java:43)
	at java.lang.reflect.Method.invoke(Method.java:616)
	at junit.framework.TestCase.runTest(TestCase.java:168)
	at junit.framework.TestCase.runBare(TestCase.java:134)
	at junit.framework.TestResult$1.protect(TestResult.java:110)
	at junit.framework.TestResult.runProtected(TestResult.java:128)
	at junit.framework.TestResult.run(TestResult.java:113)
	at junit.framework.TestCase.run(TestCase.java:124)
	at junit.framework.TestSuite.runTest(TestSuite.java:232)
	at junit.framework.TestSuite.run(TestSuite.java:227)
	at junit.framework.TestSuite.runTest(TestSuite.java:232)
	at junit.framework.TestSuite.run(TestSuite.java:227)
	at junit.framework.TestSuite.runTest(TestSuite.java:232)
	at junit.framework.TestSuite.run(TestSuite.java:227)
	at org.apache.tools.ant.taskdefs.optional.junit.JUnitTestRunner.run(JUnitTestRunner.java:420)
	at org.apache.tools.ant.taskdefs.optional.junit.JUnitTestRunner.launch(JUnitTestRunner.java:911)
	at org.apache.tools.ant.taskdefs.optional.junit.JUnitTestRunner.main(JUnitTestRunner.java:768)
get All submission statuses, delegate to persistence.
com.topcoder.util.config.UnknownNamespaceException: com.topcoder.util.log is unknown
	at com.topcoder.util.config.DefaultConfigManager.getPropertyObject(DefaultConfigManager.java:429)
	at com.topcoder.util.config.DefaultConfigManager.getString(DefaultConfigManager.java:449)
	at com.topcoder.util.log.LogFactory.getAttribute(LogFactory.java:224)
	at com.topcoder.util.log.basic.BasicLog.log(BasicLog.java:74)
	at com.topcoder.management.deliverable.PersistenceUploadManager.getAllSubmissionTypes(PersistenceUploadManager.java:920)
	at com.topcoder.management.deliverable.Demo.testDemo(Demo.java:239)
	at sun.reflect.NativeMethodAccessorImpl.invoke0(Native Method)
	at sun.reflect.NativeMethodAccessorImpl.invoke(NativeMethodAccessorImpl.java:57)
	at sun.reflect.DelegatingMethodAccessorImpl.invoke(DelegatingMethodAccessorImpl.java:43)
	at java.lang.reflect.Method.invoke(Method.java:616)
	at junit.framework.TestCase.runTest(TestCase.java:168)
	at junit.framework.TestCase.runBare(TestCase.java:134)
	at junit.framework.TestResult$1.protect(TestResult.java:110)
	at junit.framework.TestResult.runProtected(TestResult.java:128)
	at junit.framework.TestResult.run(TestResult.java:113)
	at junit.framework.TestCase.run(TestCase.java:124)
	at junit.framework.TestSuite.runTest(TestSuite.java:232)
	at junit.framework.TestSuite.run(TestSuite.java:227)
	at junit.framework.TestSuite.runTest(TestSuite.java:232)
	at junit.framework.TestSuite.run(TestSuite.java:227)
	at junit.framework.TestSuite.runTest(TestSuite.java:232)
	at junit.framework.TestSuite.run(TestSuite.java:227)
	at org.apache.tools.ant.taskdefs.optional.junit.JUnitTestRunner.run(JUnitTestRunner.java:420)
	at org.apache.tools.ant.taskdefs.optional.junit.JUnitTestRunner.launch(JUnitTestRunner.java:911)
	at org.apache.tools.ant.taskdefs.optional.junit.JUnitTestRunner.main(JUnitTestRunner.java:768)
Get all submission types, delegate to persistence.
com.topcoder.util.config.UnknownNamespaceException: com.topcoder.util.log is unknown
	at com.topcoder.util.config.DefaultConfigManager.getPropertyObject(DefaultConfigManager.java:429)
	at com.topcoder.util.config.DefaultConfigManager.getString(DefaultConfigManager.java:449)
	at com.topcoder.util.log.LogFactory.getAttribute(LogFactory.java:224)
	at com.topcoder.util.log.basic.BasicLog.log(BasicLog.java:74)
	at com.topcoder.management.deliverable.PersistenceUploadManager.updateUploadType(PersistenceUploadManager.java:479)
	at com.topcoder.management.deliverable.Demo.testDemo(Demo.java:243)
	at sun.reflect.NativeMethodAccessorImpl.invoke0(Native Method)
	at sun.reflect.NativeMethodAccessorImpl.invoke(NativeMethodAccessorImpl.java:57)
	at sun.reflect.DelegatingMethodAccessorImpl.invoke(DelegatingMethodAccessorImpl.java:43)
	at java.lang.reflect.Method.invoke(Method.java:616)
	at junit.framework.TestCase.runTest(TestCase.java:168)
	at junit.framework.TestCase.runBare(TestCase.java:134)
	at junit.framework.TestResult$1.protect(TestResult.java:110)
	at junit.framework.TestResult.runProtected(TestResult.java:128)
	at junit.framework.TestResult.run(TestResult.java:113)
	at junit.framework.TestCase.run(TestCase.java:124)
	at junit.framework.TestSuite.runTest(TestSuite.java:232)
	at junit.framework.TestSuite.run(TestSuite.java:227)
	at junit.framework.TestSuite.runTest(TestSuite.java:232)
	at junit.framework.TestSuite.run(TestSuite.java:227)
	at junit.framework.TestSuite.runTest(TestSuite.java:232)
	at junit.framework.TestSuite.run(TestSuite.java:227)
	at org.apache.tools.ant.taskdefs.optional.junit.JUnitTestRunner.run(JUnitTestRunner.java:420)
	at org.apache.tools.ant.taskdefs.optional.junit.JUnitTestRunner.launch(JUnitTestRunner.java:911)
	at org.apache.tools.ant.taskdefs.optional.junit.JUnitTestRunner.main(JUnitTestRunner.java:768)
type: UploadType id: 2 operator:Operator #1 - update UploadType.
com.topcoder.util.config.UnknownNamespaceException: com.topcoder.util.log is unknown
	at com.topcoder.util.config.DefaultConfigManager.getPropertyObject(DefaultConfigManager.java:429)
	at com.topcoder.util.config.DefaultConfigManager.getString(DefaultConfigManager.java:449)
	at com.topcoder.util.log.LogFactory.getAttribute(LogFactory.java:224)
	at com.topcoder.util.log.basic.BasicLog.log(BasicLog.java:74)
	at com.topcoder.management.deliverable.PersistenceUploadManager.searchSubmissions(PersistenceUploadManager.java:726)
	at com.topcoder.management.deliverable.Demo.testDemo(Demo.java:255)
	at sun.reflect.NativeMethodAccessorImpl.invoke0(Native Method)
	at sun.reflect.NativeMethodAccessorImpl.invoke(NativeMethodAccessorImpl.java:57)
	at sun.reflect.DelegatingMethodAccessorImpl.invoke(DelegatingMethodAccessorImpl.java:43)
	at java.lang.reflect.Method.invoke(Method.java:616)
	at junit.framework.TestCase.runTest(TestCase.java:168)
	at junit.framework.TestCase.runBare(TestCase.java:134)
	at junit.framework.TestResult$1.protect(TestResult.java:110)
	at junit.framework.TestResult.runProtected(TestResult.java:128)
	at junit.framework.TestResult.run(TestResult.java:113)
	at junit.framework.TestCase.run(TestCase.java:124)
	at junit.framework.TestSuite.runTest(TestSuite.java:232)
	at junit.framework.TestSuite.run(TestSuite.java:227)
	at junit.framework.TestSuite.runTest(TestSuite.java:232)
	at junit.framework.TestSuite.run(TestSuite.java:227)
	at junit.framework.TestSuite.runTest(TestSuite.java:232)
	at junit.framework.TestSuite.run(TestSuite.java:227)
	at org.apache.tools.ant.taskdefs.optional.junit.JUnitTestRunner.run(JUnitTestRunner.java:420)
	at org.apache.tools.ant.taskdefs.optional.junit.JUnitTestRunner.launch(JUnitTestRunner.java:911)
	at org.apache.tools.ant.taskdefs.optional.junit.JUnitTestRunner.main(JUnitTestRunner.java:768)
type: Upload id: Unknown operator:Unknown - search submissions with filter. found: 3
com.topcoder.util.config.UnknownNamespaceException: com.topcoder.util.log is unknown
	at com.topcoder.util.config.DefaultConfigManager.getPropertyObject(DefaultConfigManager.java:429)
	at com.topcoder.util.config.DefaultConfigManager.getString(DefaultConfigManager.java:449)
	at com.topcoder.util.log.LogFactory.getAttribute(LogFactory.java:224)
	at com.topcoder.util.log.basic.BasicLog.log(BasicLog.java:74)
	at com.topcoder.management.deliverable.persistence.sql.SqlUploadPersistence.loadSubmissions(SqlUploadPersistence.java:1052)
	at com.topcoder.management.deliverable.PersistenceUploadManager.searchSubmissions(PersistenceUploadManager.java:728)
	at com.topcoder.management.deliverable.Demo.testDemo(Demo.java:255)
	at sun.reflect.NativeMethodAccessorImpl.invoke0(Native Method)
	at sun.reflect.NativeMethodAccessorImpl.invoke(NativeMethodAccessorImpl.java:57)
	at sun.reflect.DelegatingMethodAccessorImpl.invoke(DelegatingMethodAccessorImpl.java:43)
	at java.lang.reflect.Method.invoke(Method.java:616)
	at junit.framework.TestCase.runTest(TestCase.java:168)
	at junit.framework.TestCase.runBare(TestCase.java:134)
	at junit.framework.TestResult$1.protect(TestResult.java:110)
	at junit.framework.TestResult.runProtected(TestResult.java:128)
	at junit.framework.TestResult.run(TestResult.java:113)
	at junit.framework.TestCase.run(TestCase.java:124)
	at junit.framework.TestSuite.runTest(TestSuite.java:232)
	at junit.framework.TestSuite.run(TestSuite.java:227)
	at junit.framework.TestSuite.runTest(TestSuite.java:232)
	at junit.framework.TestSuite.run(TestSuite.java:227)
	at junit.framework.TestSuite.runTest(TestSuite.java:232)
	at junit.framework.TestSuite.run(TestSuite.java:227)
	at org.apache.tools.ant.taskdefs.optional.junit.JUnitTestRunner.run(JUnitTestRunner.java:420)
	at org.apache.tools.ant.taskdefs.optional.junit.JUnitTestRunner.launch(JUnitTestRunner.java:911)
	at org.apache.tools.ant.taskdefs.optional.junit.JUnitTestRunner.main(JUnitTestRunner.java:768)
 Loading: 3
com.topcoder.util.config.UnknownNamespaceException: com.topcoder.util.log is unknown
	at com.topcoder.util.config.DefaultConfigManager.getPropertyObject(DefaultConfigManager.java:429)
	at com.topcoder.util.config.DefaultConfigManager.getString(DefaultConfigManager.java:449)
	at com.topcoder.util.log.LogFactory.getAttribute(LogFactory.java:224)
	at com.topcoder.util.log.basic.BasicLog.log(BasicLog.java:74)
	at com.topcoder.management.deliverable.PersistenceDeliverableManager.<init>(PersistenceDeliverableManager.java:157)
	at com.topcoder.management.deliverable.failuretests.PersistenceDeliverableManagerTest.setUp(PersistenceDeliverableManagerTest.java:48)
	at junit.framework.TestCase.runBare(TestCase.java:132)
	at junit.framework.TestResult$1.protect(TestResult.java:110)
	at junit.framework.TestResult.runProtected(TestResult.java:128)
	at junit.framework.TestResult.run(TestResult.java:113)
	at junit.framework.TestCase.run(TestCase.java:124)
	at junit.framework.TestSuite.runTest(TestSuite.java:232)
	at junit.framework.TestSuite.run(TestSuite.java:227)
	at junit.framework.TestSuite.runTest(TestSuite.java:232)
	at junit.framework.TestSuite.run(TestSuite.java:227)
	at junit.framework.TestSuite.runTest(TestSuite.java:232)
	at junit.framework.TestSuite.run(TestSuite.java:227)
	at org.apache.tools.ant.taskdefs.optional.junit.JUnitTestRunner.run(JUnitTestRunner.java:420)
	at org.apache.tools.ant.taskdefs.optional.junit.JUnitTestRunner.launch(JUnitTestRunner.java:911)
	at org.apache.tools.ant.taskdefs.optional.junit.JUnitTestRunner.main(JUnitTestRunner.java:768)
Instantiate PersistenceDeliverableManager with DeliverablePersistence, deliverableCheckers map,deliverableSearchBundle and submissionSearchBundle.
com.topcoder.util.config.UnknownNamespaceException: com.topcoder.util.log is unknown
	at com.topcoder.util.config.DefaultConfigManager.getPropertyObject(DefaultConfigManager.java:429)
	at com.topcoder.util.config.DefaultConfigManager.getString(DefaultConfigManager.java:449)
	at com.topcoder.util.log.LogFactory.getAttribute(LogFactory.java:224)
	at com.topcoder.util.log.basic.BasicLog.log(BasicLog.java:74)
	at com.topcoder.management.deliverable.PersistenceDeliverableManager.<init>(PersistenceDeliverableManager.java:157)
	at com.topcoder.management.deliverable.failuretests.PersistenceDeliverableManagerTest.setUp(PersistenceDeliverableManagerTest.java:48)
	at junit.framework.TestCase.runBare(TestCase.java:132)
	at junit.framework.TestResult$1.protect(TestResult.java:110)
	at junit.framework.TestResult.runProtected(TestResult.java:128)
	at junit.framework.TestResult.run(TestResult.java:113)
	at junit.framework.TestCase.run(TestCase.java:124)
	at junit.framework.TestSuite.runTest(TestSuite.java:232)
	at junit.framework.TestSuite.run(TestSuite.java:227)
	at junit.framework.TestSuite.runTest(TestSuite.java:232)
	at junit.framework.TestSuite.run(TestSuite.java:227)
	at junit.framework.TestSuite.runTest(TestSuite.java:232)
	at junit.framework.TestSuite.run(TestSuite.java:227)
	at org.apache.tools.ant.taskdefs.optional.junit.JUnitTestRunner.run(JUnitTestRunner.java:420)
	at org.apache.tools.ant.taskdefs.optional.junit.JUnitTestRunner.launch(JUnitTestRunner.java:911)
	at org.apache.tools.ant.taskdefs.optional.junit.JUnitTestRunner.main(JUnitTestRunner.java:768)
Instantiate PersistenceDeliverableManager with DeliverablePersistence, deliverableCheckers map,deliverableSearchBundle and submissionSearchBundle.
com.topcoder.util.config.UnknownNamespaceException: com.topcoder.util.log is unknown
	at com.topcoder.util.config.DefaultConfigManager.getPropertyObject(DefaultConfigManager.java:429)
	at com.topcoder.util.config.DefaultConfigManager.getString(DefaultConfigManager.java:449)
	at com.topcoder.util.log.LogFactory.getAttribute(LogFactory.java:224)
	at com.topcoder.util.log.basic.BasicLog.log(BasicLog.java:74)
	at com.topcoder.management.deliverable.PersistenceDeliverableManager.<init>(PersistenceDeliverableManager.java:157)
	at com.topcoder.management.deliverable.failuretests.PersistenceDeliverableManagerTest.setUp(PersistenceDeliverableManagerTest.java:48)
	at junit.framework.TestCase.runBare(TestCase.java:132)
	at junit.framework.TestResult$1.protect(TestResult.java:110)
	at junit.framework.TestResult.runProtected(TestResult.java:128)
	at junit.framework.TestResult.run(TestResult.java:113)
	at junit.framework.TestCase.run(TestCase.java:124)
	at junit.framework.TestSuite.runTest(TestSuite.java:232)
	at junit.framework.TestSuite.run(TestSuite.java:227)
	at junit.framework.TestSuite.runTest(TestSuite.java:232)
	at junit.framework.TestSuite.run(TestSuite.java:227)
	at junit.framework.TestSuite.runTest(TestSuite.java:232)
	at junit.framework.TestSuite.run(TestSuite.java:227)
	at org.apache.tools.ant.taskdefs.optional.junit.JUnitTestRunner.run(JUnitTestRunner.java:420)
	at org.apache.tools.ant.taskdefs.optional.junit.JUnitTestRunner.launch(JUnitTestRunner.java:911)
	at org.apache.tools.ant.taskdefs.optional.junit.JUnitTestRunner.main(JUnitTestRunner.java:768)
Instantiate PersistenceDeliverableManager with DeliverablePersistence, deliverableCheckers map,deliverableSearchBundle and submissionSearchBundle.
com.topcoder.util.config.UnknownNamespaceException: com.topcoder.util.log is unknown
	at com.topcoder.util.config.DefaultConfigManager.getPropertyObject(DefaultConfigManager.java:429)
	at com.topcoder.util.config.DefaultConfigManager.getString(DefaultConfigManager.java:449)
	at com.topcoder.util.log.LogFactory.getAttribute(LogFactory.java:224)
	at com.topcoder.util.log.basic.BasicLog.log(BasicLog.java:74)
	at com.topcoder.management.deliverable.PersistenceDeliverableManager.<init>(PersistenceDeliverableManager.java:157)
	at com.topcoder.management.deliverable.failuretests.PersistenceDeliverableManagerTest.setUp(PersistenceDeliverableManagerTest.java:48)
	at junit.framework.TestCase.runBare(TestCase.java:132)
	at junit.framework.TestResult$1.protect(TestResult.java:110)
	at junit.framework.TestResult.runProtected(TestResult.java:128)
	at junit.framework.TestResult.run(TestResult.java:113)
	at junit.framework.TestCase.run(TestCase.java:124)
	at junit.framework.TestSuite.runTest(TestSuite.java:232)
	at junit.framework.TestSuite.run(TestSuite.java:227)
	at junit.framework.TestSuite.runTest(TestSuite.java:232)
	at junit.framework.TestSuite.run(TestSuite.java:227)
	at junit.framework.TestSuite.runTest(TestSuite.java:232)
	at junit.framework.TestSuite.run(TestSuite.java:227)
	at org.apache.tools.ant.taskdefs.optional.junit.JUnitTestRunner.run(JUnitTestRunner.java:420)
	at org.apache.tools.ant.taskdefs.optional.junit.JUnitTestRunner.launch(JUnitTestRunner.java:911)
	at org.apache.tools.ant.taskdefs.optional.junit.JUnitTestRunner.main(JUnitTestRunner.java:768)
Instantiate PersistenceDeliverableManager with DeliverablePersistence, deliverableCheckers map,deliverableSearchBundle and submissionSearchBundle.
com.topcoder.util.config.UnknownNamespaceException: com.topcoder.util.log is unknown
	at com.topcoder.util.config.DefaultConfigManager.getPropertyObject(DefaultConfigManager.java:429)
	at com.topcoder.util.config.DefaultConfigManager.getString(DefaultConfigManager.java:449)
	at com.topcoder.util.log.LogFactory.getAttribute(LogFactory.java:224)
	at com.topcoder.util.log.basic.BasicLog.log(BasicLog.java:74)
	at com.topcoder.management.deliverable.PersistenceDeliverableManager.<init>(PersistenceDeliverableManager.java:157)
	at com.topcoder.management.deliverable.failuretests.PersistenceDeliverableManagerTest.setUp(PersistenceDeliverableManagerTest.java:48)
	at junit.framework.TestCase.runBare(TestCase.java:132)
	at junit.framework.TestResult$1.protect(TestResult.java:110)
	at junit.framework.TestResult.runProtected(TestResult.java:128)
	at junit.framework.TestResult.run(TestResult.java:113)
	at junit.framework.TestCase.run(TestCase.java:124)
	at junit.framework.TestSuite.runTest(TestSuite.java:232)
	at junit.framework.TestSuite.run(TestSuite.java:227)
	at junit.framework.TestSuite.runTest(TestSuite.java:232)
	at junit.framework.TestSuite.run(TestSuite.java:227)
	at junit.framework.TestSuite.runTest(TestSuite.java:232)
	at junit.framework.TestSuite.run(TestSuite.java:227)
	at org.apache.tools.ant.taskdefs.optional.junit.JUnitTestRunner.run(JUnitTestRunner.java:420)
	at org.apache.tools.ant.taskdefs.optional.junit.JUnitTestRunner.launch(JUnitTestRunner.java:911)
	at org.apache.tools.ant.taskdefs.optional.junit.JUnitTestRunner.main(JUnitTestRunner.java:768)
Instantiate PersistenceDeliverableManager with DeliverablePersistence, deliverableCheckers map,deliverableSearchBundle and submissionSearchBundle.
com.topcoder.util.config.UnknownNamespaceException: com.topcoder.util.log is unknown
	at com.topcoder.util.config.DefaultConfigManager.getPropertyObject(DefaultConfigManager.java:429)
	at com.topcoder.util.config.DefaultConfigManager.getString(DefaultConfigManager.java:449)
	at com.topcoder.util.log.LogFactory.getAttribute(LogFactory.java:224)
	at com.topcoder.util.log.basic.BasicLog.log(BasicLog.java:74)
	at com.topcoder.management.deliverable.PersistenceDeliverableManager.<init>(PersistenceDeliverableManager.java:157)
	at com.topcoder.management.deliverable.failuretests.PersistenceDeliverableManagerTest.setUp(PersistenceDeliverableManagerTest.java:48)
	at junit.framework.TestCase.runBare(TestCase.java:132)
	at junit.framework.TestResult$1.protect(TestResult.java:110)
	at junit.framework.TestResult.runProtected(TestResult.java:128)
	at junit.framework.TestResult.run(TestResult.java:113)
	at junit.framework.TestCase.run(TestCase.java:124)
	at junit.framework.TestSuite.runTest(TestSuite.java:232)
	at junit.framework.TestSuite.run(TestSuite.java:227)
	at junit.framework.TestSuite.runTest(TestSuite.java:232)
	at junit.framework.TestSuite.run(TestSuite.java:227)
	at junit.framework.TestSuite.runTest(TestSuite.java:232)
	at junit.framework.TestSuite.run(TestSuite.java:227)
	at org.apache.tools.ant.taskdefs.optional.junit.JUnitTestRunner.run(JUnitTestRunner.java:420)
	at org.apache.tools.ant.taskdefs.optional.junit.JUnitTestRunner.launch(JUnitTestRunner.java:911)
	at org.apache.tools.ant.taskdefs.optional.junit.JUnitTestRunner.main(JUnitTestRunner.java:768)
Instantiate PersistenceDeliverableManager with DeliverablePersistence, deliverableCheckers map,deliverableSearchBundle and submissionSearchBundle.
com.topcoder.util.config.UnknownNamespaceException: com.topcoder.util.log is unknown
	at com.topcoder.util.config.DefaultConfigManager.getPropertyObject(DefaultConfigManager.java:429)
	at com.topcoder.util.config.DefaultConfigManager.getString(DefaultConfigManager.java:449)
	at com.topcoder.util.log.LogFactory.getAttribute(LogFactory.java:224)
	at com.topcoder.util.log.basic.BasicLog.log(BasicLog.java:74)
	at com.topcoder.management.deliverable.PersistenceDeliverableManager.<init>(PersistenceDeliverableManager.java:157)
	at com.topcoder.management.deliverable.failuretests.PersistenceDeliverableManagerTest.setUp(PersistenceDeliverableManagerTest.java:48)
	at junit.framework.TestCase.runBare(TestCase.java:132)
	at junit.framework.TestResult$1.protect(TestResult.java:110)
	at junit.framework.TestResult.runProtected(TestResult.java:128)
	at junit.framework.TestResult.run(TestResult.java:113)
	at junit.framework.TestCase.run(TestCase.java:124)
	at junit.framework.TestSuite.runTest(TestSuite.java:232)
	at junit.framework.TestSuite.run(TestSuite.java:227)
	at junit.framework.TestSuite.runTest(TestSuite.java:232)
	at junit.framework.TestSuite.run(TestSuite.java:227)
	at junit.framework.TestSuite.runTest(TestSuite.java:232)
	at junit.framework.TestSuite.run(TestSuite.java:227)
	at org.apache.tools.ant.taskdefs.optional.junit.JUnitTestRunner.run(JUnitTestRunner.java:420)
	at org.apache.tools.ant.taskdefs.optional.junit.JUnitTestRunner.launch(JUnitTestRunner.java:911)
	at org.apache.tools.ant.taskdefs.optional.junit.JUnitTestRunner.main(JUnitTestRunner.java:768)
Instantiate PersistenceDeliverableManager with DeliverablePersistence, deliverableCheckers map,deliverableSearchBundle and submissionSearchBundle.
com.topcoder.util.config.UnknownNamespaceException: com.topcoder.util.log is unknown
	at com.topcoder.util.config.DefaultConfigManager.getPropertyObject(DefaultConfigManager.java:429)
	at com.topcoder.util.config.DefaultConfigManager.getString(DefaultConfigManager.java:449)
	at com.topcoder.util.log.LogFactory.getAttribute(LogFactory.java:224)
	at com.topcoder.util.log.basic.BasicLog.log(BasicLog.java:74)
	at com.topcoder.management.deliverable.PersistenceDeliverableManager.searchDeliverablesWithSubmissionFilter(PersistenceDeliverableManager.java:216)
	at com.topcoder.management.deliverable.failuretests.PersistenceDeliverableManagerTest.testSearchDeliverablesWithSubmissions(PersistenceDeliverableManagerTest.java:197)
	at sun.reflect.NativeMethodAccessorImpl.invoke0(Native Method)
	at sun.reflect.NativeMethodAccessorImpl.invoke(NativeMethodAccessorImpl.java:57)
	at sun.reflect.DelegatingMethodAccessorImpl.invoke(DelegatingMethodAccessorImpl.java:43)
	at java.lang.reflect.Method.invoke(Method.java:616)
	at junit.framework.TestCase.runTest(TestCase.java:168)
	at junit.framework.TestCase.runBare(TestCase.java:134)
	at junit.framework.TestResult$1.protect(TestResult.java:110)
	at junit.framework.TestResult.runProtected(TestResult.java:128)
	at junit.framework.TestResult.run(TestResult.java:113)
	at junit.framework.TestCase.run(TestCase.java:124)
	at junit.framework.TestSuite.runTest(TestSuite.java:232)
	at junit.framework.TestSuite.run(TestSuite.java:227)
	at junit.framework.TestSuite.runTest(TestSuite.java:232)
	at junit.framework.TestSuite.run(TestSuite.java:227)
	at junit.framework.TestSuite.runTest(TestSuite.java:232)
	at junit.framework.TestSuite.run(TestSuite.java:227)
	at org.apache.tools.ant.taskdefs.optional.junit.JUnitTestRunner.run(JUnitTestRunner.java:420)
	at org.apache.tools.ant.taskdefs.optional.junit.JUnitTestRunner.launch(JUnitTestRunner.java:911)
	at org.apache.tools.ant.taskdefs.optional.junit.JUnitTestRunner.main(JUnitTestRunner.java:768)
search deliverables with submission filter.
com.topcoder.util.config.UnknownNamespaceException: com.topcoder.util.log is unknown
	at com.topcoder.util.config.DefaultConfigManager.getPropertyObject(DefaultConfigManager.java:429)
	at com.topcoder.util.config.DefaultConfigManager.getString(DefaultConfigManager.java:449)
	at com.topcoder.util.log.LogFactory.getAttribute(LogFactory.java:224)
	at com.topcoder.util.log.basic.BasicLog.log(BasicLog.java:74)
	at com.topcoder.management.deliverable.PersistenceDeliverableManager.<init>(PersistenceDeliverableManager.java:157)
	at com.topcoder.management.deliverable.failuretests.PersistenceDeliverableManagerTest.setUp(PersistenceDeliverableManagerTest.java:48)
	at junit.framework.TestCase.runBare(TestCase.java:132)
	at junit.framework.TestResult$1.protect(TestResult.java:110)
	at junit.framework.TestResult.runProtected(TestResult.java:128)
	at junit.framework.TestResult.run(TestResult.java:113)
	at junit.framework.TestCase.run(TestCase.java:124)
	at junit.framework.TestSuite.runTest(TestSuite.java:232)
	at junit.framework.TestSuite.run(TestSuite.java:227)
	at junit.framework.TestSuite.runTest(TestSuite.java:232)
	at junit.framework.TestSuite.run(TestSuite.java:227)
	at junit.framework.TestSuite.runTest(TestSuite.java:232)
	at junit.framework.TestSuite.run(TestSuite.java:227)
	at org.apache.tools.ant.taskdefs.optional.junit.JUnitTestRunner.run(JUnitTestRunner.java:420)
	at org.apache.tools.ant.taskdefs.optional.junit.JUnitTestRunner.launch(JUnitTestRunner.java:911)
	at org.apache.tools.ant.taskdefs.optional.junit.JUnitTestRunner.main(JUnitTestRunner.java:768)
Instantiate PersistenceDeliverableManager with DeliverablePersistence, deliverableCheckers map,deliverableSearchBundle and submissionSearchBundle.
com.topcoder.util.config.UnknownNamespaceException: com.topcoder.util.log is unknown
	at com.topcoder.util.config.DefaultConfigManager.getPropertyObject(DefaultConfigManager.java:429)
	at com.topcoder.util.config.DefaultConfigManager.getString(DefaultConfigManager.java:449)
	at com.topcoder.util.log.LogFactory.getAttribute(LogFactory.java:224)
	at com.topcoder.util.log.basic.BasicLog.log(BasicLog.java:74)
	at com.topcoder.management.deliverable.PersistenceDeliverableManager.searchDeliverables(PersistenceDeliverableManager.java:245)
	at com.topcoder.management.deliverable.failuretests.PersistenceDeliverableManagerTest.testSearchDeliverables(PersistenceDeliverableManagerTest.java:210)
	at sun.reflect.NativeMethodAccessorImpl.invoke0(Native Method)
	at sun.reflect.NativeMethodAccessorImpl.invoke(NativeMethodAccessorImpl.java:57)
	at sun.reflect.DelegatingMethodAccessorImpl.invoke(DelegatingMethodAccessorImpl.java:43)
	at java.lang.reflect.Method.invoke(Method.java:616)
	at junit.framework.TestCase.runTest(TestCase.java:168)
	at junit.framework.TestCase.runBare(TestCase.java:134)
	at junit.framework.TestResult$1.protect(TestResult.java:110)
	at junit.framework.TestResult.runProtected(TestResult.java:128)
	at junit.framework.TestResult.run(TestResult.java:113)
	at junit.framework.TestCase.run(TestCase.java:124)
	at junit.framework.TestSuite.runTest(TestSuite.java:232)
	at junit.framework.TestSuite.run(TestSuite.java:227)
	at junit.framework.TestSuite.runTest(TestSuite.java:232)
	at junit.framework.TestSuite.run(TestSuite.java:227)
	at junit.framework.TestSuite.runTest(TestSuite.java:232)
	at junit.framework.TestSuite.run(TestSuite.java:227)
	at org.apache.tools.ant.taskdefs.optional.junit.JUnitTestRunner.run(JUnitTestRunner.java:420)
	at org.apache.tools.ant.taskdefs.optional.junit.JUnitTestRunner.launch(JUnitTestRunner.java:911)
	at org.apache.tools.ant.taskdefs.optional.junit.JUnitTestRunner.main(JUnitTestRunner.java:768)
Search deliverables filter.
com.topcoder.util.config.UnknownNamespaceException: com.topcoder.util.log is unknown
	at com.topcoder.util.config.DefaultConfigManager.getPropertyObject(DefaultConfigManager.java:429)
	at com.topcoder.util.config.DefaultConfigManager.getString(DefaultConfigManager.java:449)
	at com.topcoder.util.log.LogFactory.getAttribute(LogFactory.java:224)
	at com.topcoder.util.log.basic.BasicLog.log(BasicLog.java:74)
	at com.topcoder.management.deliverable.PersistenceUploadManager.<init>(PersistenceUploadManager.java:260)
	at com.topcoder.management.deliverable.failuretests.PersistenceUploadManagerTest.setUp(PersistenceUploadManagerTest.java:72)
	at junit.framework.TestCase.runBare(TestCase.java:132)
	at junit.framework.TestResult$1.protect(TestResult.java:110)
	at junit.framework.TestResult.runProtected(TestResult.java:128)
	at junit.framework.TestResult.run(TestResult.java:113)
	at junit.framework.TestCase.run(TestCase.java:124)
	at junit.framework.TestSuite.runTest(TestSuite.java:232)
	at junit.framework.TestSuite.run(TestSuite.java:227)
	at junit.framework.TestSuite.runTest(TestSuite.java:232)
	at junit.framework.TestSuite.run(TestSuite.java:227)
	at junit.framework.TestSuite.runTest(TestSuite.java:232)
	at junit.framework.TestSuite.run(TestSuite.java:227)
	at org.apache.tools.ant.taskdefs.optional.junit.JUnitTestRunner.run(JUnitTestRunner.java:420)
	at org.apache.tools.ant.taskdefs.optional.junit.JUnitTestRunner.launch(JUnitTestRunner.java:911)
	at org.apache.tools.ant.taskdefs.optional.junit.JUnitTestRunner.main(JUnitTestRunner.java:768)
Instantiate PersistenceUploadManager with UploadPersistence, uploadSearchBundle, submissionSearchBundle, uploadIdGenerator, uploadTypeIdGenerator, uploadStatusIdGenerator, submissionIDGenerator and submissionStatusIdGenerator.
com.topcoder.util.config.UnknownNamespaceException: com.topcoder.util.log is unknown
	at com.topcoder.util.config.DefaultConfigManager.getPropertyObject(DefaultConfigManager.java:429)
	at com.topcoder.util.config.DefaultConfigManager.getString(DefaultConfigManager.java:449)
	at com.topcoder.util.log.LogFactory.getAttribute(LogFactory.java:224)
	at com.topcoder.util.log.basic.BasicLog.log(BasicLog.java:74)
	at com.topcoder.management.deliverable.PersistenceUploadManager.<init>(PersistenceUploadManager.java:260)
	at com.topcoder.management.deliverable.failuretests.PersistenceUploadManagerTest.setUp(PersistenceUploadManagerTest.java:72)
	at junit.framework.TestCase.runBare(TestCase.java:132)
	at junit.framework.TestResult$1.protect(TestResult.java:110)
	at junit.framework.TestResult.runProtected(TestResult.java:128)
	at junit.framework.TestResult.run(TestResult.java:113)
	at junit.framework.TestCase.run(TestCase.java:124)
	at junit.framework.TestSuite.runTest(TestSuite.java:232)
	at junit.framework.TestSuite.run(TestSuite.java:227)
	at junit.framework.TestSuite.runTest(TestSuite.java:232)
	at junit.framework.TestSuite.run(TestSuite.java:227)
	at junit.framework.TestSuite.runTest(TestSuite.java:232)
	at junit.framework.TestSuite.run(TestSuite.java:227)
	at org.apache.tools.ant.taskdefs.optional.junit.JUnitTestRunner.run(JUnitTestRunner.java:420)
	at org.apache.tools.ant.taskdefs.optional.junit.JUnitTestRunner.launch(JUnitTestRunner.java:911)
	at org.apache.tools.ant.taskdefs.optional.junit.JUnitTestRunner.main(JUnitTestRunner.java:768)
Instantiate PersistenceUploadManager with UploadPersistence, uploadSearchBundle, submissionSearchBundle, uploadIdGenerator, uploadTypeIdGenerator, uploadStatusIdGenerator, submissionIDGenerator and submissionStatusIdGenerator.
com.topcoder.util.config.UnknownNamespaceException: com.topcoder.util.log is unknown
	at com.topcoder.util.config.DefaultConfigManager.getPropertyObject(DefaultConfigManager.java:429)
	at com.topcoder.util.config.DefaultConfigManager.getString(DefaultConfigManager.java:449)
	at com.topcoder.util.log.LogFactory.getAttribute(LogFactory.java:224)
	at com.topcoder.util.log.basic.BasicLog.log(BasicLog.java:74)
	at com.topcoder.management.deliverable.PersistenceUploadManager.<init>(PersistenceUploadManager.java:260)
	at com.topcoder.management.deliverable.failuretests.PersistenceUploadManagerTest.setUp(PersistenceUploadManagerTest.java:72)
	at junit.framework.TestCase.runBare(TestCase.java:132)
	at junit.framework.TestResult$1.protect(TestResult.java:110)
	at junit.framework.TestResult.runProtected(TestResult.java:128)
	at junit.framework.TestResult.run(TestResult.java:113)
	at junit.framework.TestCase.run(TestCase.java:124)
	at junit.framework.TestSuite.runTest(TestSuite.java:232)
	at junit.framework.TestSuite.run(TestSuite.java:227)
	at junit.framework.TestSuite.runTest(TestSuite.java:232)
	at junit.framework.TestSuite.run(TestSuite.java:227)
	at junit.framework.TestSuite.runTest(TestSuite.java:232)
	at junit.framework.TestSuite.run(TestSuite.java:227)
	at org.apache.tools.ant.taskdefs.optional.junit.JUnitTestRunner.run(JUnitTestRunner.java:420)
	at org.apache.tools.ant.taskdefs.optional.junit.JUnitTestRunner.launch(JUnitTestRunner.java:911)
	at org.apache.tools.ant.taskdefs.optional.junit.JUnitTestRunner.main(JUnitTestRunner.java:768)
Instantiate PersistenceUploadManager with UploadPersistence, uploadSearchBundle, submissionSearchBundle, uploadIdGenerator, uploadTypeIdGenerator, uploadStatusIdGenerator, submissionIDGenerator and submissionStatusIdGenerator.
com.topcoder.util.config.UnknownNamespaceException: com.topcoder.util.log is unknown
	at com.topcoder.util.config.DefaultConfigManager.getPropertyObject(DefaultConfigManager.java:429)
	at com.topcoder.util.config.DefaultConfigManager.getString(DefaultConfigManager.java:449)
	at com.topcoder.util.log.LogFactory.getAttribute(LogFactory.java:224)
	at com.topcoder.util.log.basic.BasicLog.log(BasicLog.java:74)
	at com.topcoder.management.deliverable.PersistenceUploadManager.<init>(PersistenceUploadManager.java:260)
	at com.topcoder.management.deliverable.failuretests.PersistenceUploadManagerTest.setUp(PersistenceUploadManagerTest.java:72)
	at junit.framework.TestCase.runBare(TestCase.java:132)
	at junit.framework.TestResult$1.protect(TestResult.java:110)
	at junit.framework.TestResult.runProtected(TestResult.java:128)
	at junit.framework.TestResult.run(TestResult.java:113)
	at junit.framework.TestCase.run(TestCase.java:124)
	at junit.framework.TestSuite.runTest(TestSuite.java:232)
	at junit.framework.TestSuite.run(TestSuite.java:227)
	at junit.framework.TestSuite.runTest(TestSuite.java:232)
	at junit.framework.TestSuite.run(TestSuite.java:227)
	at junit.framework.TestSuite.runTest(TestSuite.java:232)
	at junit.framework.TestSuite.run(TestSuite.java:227)
	at org.apache.tools.ant.taskdefs.optional.junit.JUnitTestRunner.run(JUnitTestRunner.java:420)
	at org.apache.tools.ant.taskdefs.optional.junit.JUnitTestRunner.launch(JUnitTestRunner.java:911)
	at org.apache.tools.ant.taskdefs.optional.junit.JUnitTestRunner.main(JUnitTestRunner.java:768)
Instantiate PersistenceUploadManager with UploadPersistence, uploadSearchBundle, submissionSearchBundle, uploadIdGenerator, uploadTypeIdGenerator, uploadStatusIdGenerator, submissionIDGenerator and submissionStatusIdGenerator.
com.topcoder.util.config.UnknownNamespaceException: com.topcoder.util.log is unknown
	at com.topcoder.util.config.DefaultConfigManager.getPropertyObject(DefaultConfigManager.java:429)
	at com.topcoder.util.config.DefaultConfigManager.getString(DefaultConfigManager.java:449)
	at com.topcoder.util.log.LogFactory.getAttribute(LogFactory.java:224)
	at com.topcoder.util.log.basic.BasicLog.log(BasicLog.java:74)
	at com.topcoder.management.deliverable.PersistenceUploadManager.<init>(PersistenceUploadManager.java:260)
	at com.topcoder.management.deliverable.failuretests.PersistenceUploadManagerTest.setUp(PersistenceUploadManagerTest.java:72)
	at junit.framework.TestCase.runBare(TestCase.java:132)
	at junit.framework.TestResult$1.protect(TestResult.java:110)
	at junit.framework.TestResult.runProtected(TestResult.java:128)
	at junit.framework.TestResult.run(TestResult.java:113)
	at junit.framework.TestCase.run(TestCase.java:124)
	at junit.framework.TestSuite.runTest(TestSuite.java:232)
	at junit.framework.TestSuite.run(TestSuite.java:227)
	at junit.framework.TestSuite.runTest(TestSuite.java:232)
	at junit.framework.TestSuite.run(TestSuite.java:227)
	at junit.framework.TestSuite.runTest(TestSuite.java:232)
	at junit.framework.TestSuite.run(TestSuite.java:227)
	at org.apache.tools.ant.taskdefs.optional.junit.JUnitTestRunner.run(JUnitTestRunner.java:420)
	at org.apache.tools.ant.taskdefs.optional.junit.JUnitTestRunner.launch(JUnitTestRunner.java:911)
	at org.apache.tools.ant.taskdefs.optional.junit.JUnitTestRunner.main(JUnitTestRunner.java:768)
Instantiate PersistenceUploadManager with UploadPersistence, uploadSearchBundle, submissionSearchBundle, uploadIdGenerator, uploadTypeIdGenerator, uploadStatusIdGenerator, submissionIDGenerator and submissionStatusIdGenerator.
com.topcoder.util.config.UnknownNamespaceException: com.topcoder.util.log is unknown
	at com.topcoder.util.config.DefaultConfigManager.getPropertyObject(DefaultConfigManager.java:429)
	at com.topcoder.util.config.DefaultConfigManager.getString(DefaultConfigManager.java:449)
	at com.topcoder.util.log.LogFactory.getAttribute(LogFactory.java:224)
	at com.topcoder.util.log.basic.BasicLog.log(BasicLog.java:74)
	at com.topcoder.management.deliverable.PersistenceUploadManager.<init>(PersistenceUploadManager.java:260)
	at com.topcoder.management.deliverable.failuretests.PersistenceUploadManagerTest.setUp(PersistenceUploadManagerTest.java:72)
	at junit.framework.TestCase.runBare(TestCase.java:132)
	at junit.framework.TestResult$1.protect(TestResult.java:110)
	at junit.framework.TestResult.runProtected(TestResult.java:128)
	at junit.framework.TestResult.run(TestResult.java:113)
	at junit.framework.TestCase.run(TestCase.java:124)
	at junit.framework.TestSuite.runTest(TestSuite.java:232)
	at junit.framework.TestSuite.run(TestSuite.java:227)
	at junit.framework.TestSuite.runTest(TestSuite.java:232)
	at junit.framework.TestSuite.run(TestSuite.java:227)
	at junit.framework.TestSuite.runTest(TestSuite.java:232)
	at junit.framework.TestSuite.run(TestSuite.java:227)
	at org.apache.tools.ant.taskdefs.optional.junit.JUnitTestRunner.run(JUnitTestRunner.java:420)
	at org.apache.tools.ant.taskdefs.optional.junit.JUnitTestRunner.launch(JUnitTestRunner.java:911)
	at org.apache.tools.ant.taskdefs.optional.junit.JUnitTestRunner.main(JUnitTestRunner.java:768)
Instantiate PersistenceUploadManager with UploadPersistence, uploadSearchBundle, submissionSearchBundle, uploadIdGenerator, uploadTypeIdGenerator, uploadStatusIdGenerator, submissionIDGenerator and submissionStatusIdGenerator.
com.topcoder.util.config.UnknownNamespaceException: com.topcoder.util.log is unknown
	at com.topcoder.util.config.DefaultConfigManager.getPropertyObject(DefaultConfigManager.java:429)
	at com.topcoder.util.config.DefaultConfigManager.getString(DefaultConfigManager.java:449)
	at com.topcoder.util.log.LogFactory.getAttribute(LogFactory.java:224)
	at com.topcoder.util.log.basic.BasicLog.log(BasicLog.java:74)
	at com.topcoder.management.deliverable.PersistenceUploadManager.<init>(PersistenceUploadManager.java:260)
	at com.topcoder.management.deliverable.failuretests.PersistenceUploadManagerTest.setUp(PersistenceUploadManagerTest.java:72)
	at junit.framework.TestCase.runBare(TestCase.java:132)
	at junit.framework.TestResult$1.protect(TestResult.java:110)
	at junit.framework.TestResult.runProtected(TestResult.java:128)
	at junit.framework.TestResult.run(TestResult.java:113)
	at junit.framework.TestCase.run(TestCase.java:124)
	at junit.framework.TestSuite.runTest(TestSuite.java:232)
	at junit.framework.TestSuite.run(TestSuite.java:227)
	at junit.framework.TestSuite.runTest(TestSuite.java:232)
	at junit.framework.TestSuite.run(TestSuite.java:227)
	at junit.framework.TestSuite.runTest(TestSuite.java:232)
	at junit.framework.TestSuite.run(TestSuite.java:227)
	at org.apache.tools.ant.taskdefs.optional.junit.JUnitTestRunner.run(JUnitTestRunner.java:420)
	at org.apache.tools.ant.taskdefs.optional.junit.JUnitTestRunner.launch(JUnitTestRunner.java:911)
	at org.apache.tools.ant.taskdefs.optional.junit.JUnitTestRunner.main(JUnitTestRunner.java:768)
Instantiate PersistenceUploadManager with UploadPersistence, uploadSearchBundle, submissionSearchBundle, uploadIdGenerator, uploadTypeIdGenerator, uploadStatusIdGenerator, submissionIDGenerator and submissionStatusIdGenerator.
com.topcoder.util.config.UnknownNamespaceException: com.topcoder.util.log is unknown
	at com.topcoder.util.config.DefaultConfigManager.getPropertyObject(DefaultConfigManager.java:429)
	at com.topcoder.util.config.DefaultConfigManager.getString(DefaultConfigManager.java:449)
	at com.topcoder.util.log.LogFactory.getAttribute(LogFactory.java:224)
	at com.topcoder.util.log.basic.BasicLog.log(BasicLog.java:74)
	at com.topcoder.management.deliverable.PersistenceUploadManager.<init>(PersistenceUploadManager.java:260)
	at com.topcoder.management.deliverable.failuretests.PersistenceUploadManagerTest.setUp(PersistenceUploadManagerTest.java:72)
	at junit.framework.TestCase.runBare(TestCase.java:132)
	at junit.framework.TestResult$1.protect(TestResult.java:110)
	at junit.framework.TestResult.runProtected(TestResult.java:128)
	at junit.framework.TestResult.run(TestResult.java:113)
	at junit.framework.TestCase.run(TestCase.java:124)
	at junit.framework.TestSuite.runTest(TestSuite.java:232)
	at junit.framework.TestSuite.run(TestSuite.java:227)
	at junit.framework.TestSuite.runTest(TestSuite.java:232)
	at junit.framework.TestSuite.run(TestSuite.java:227)
	at junit.framework.TestSuite.runTest(TestSuite.java:232)
	at junit.framework.TestSuite.run(TestSuite.java:227)
	at org.apache.tools.ant.taskdefs.optional.junit.JUnitTestRunner.run(JUnitTestRunner.java:420)
	at org.apache.tools.ant.taskdefs.optional.junit.JUnitTestRunner.launch(JUnitTestRunner.java:911)
	at org.apache.tools.ant.taskdefs.optional.junit.JUnitTestRunner.main(JUnitTestRunner.java:768)
Instantiate PersistenceUploadManager with UploadPersistence, uploadSearchBundle, submissionSearchBundle, uploadIdGenerator, uploadTypeIdGenerator, uploadStatusIdGenerator, submissionIDGenerator and submissionStatusIdGenerator.
com.topcoder.util.config.UnknownNamespaceException: com.topcoder.util.log is unknown
	at com.topcoder.util.config.DefaultConfigManager.getPropertyObject(DefaultConfigManager.java:429)
	at com.topcoder.util.config.DefaultConfigManager.getString(DefaultConfigManager.java:449)
	at com.topcoder.util.log.LogFactory.getAttribute(LogFactory.java:224)
	at com.topcoder.util.log.basic.BasicLog.log(BasicLog.java:74)
	at com.topcoder.management.deliverable.PersistenceUploadManager.<init>(PersistenceUploadManager.java:260)
	at com.topcoder.management.deliverable.failuretests.PersistenceUploadManagerTest.setUp(PersistenceUploadManagerTest.java:72)
	at junit.framework.TestCase.runBare(TestCase.java:132)
	at junit.framework.TestResult$1.protect(TestResult.java:110)
	at junit.framework.TestResult.runProtected(TestResult.java:128)
	at junit.framework.TestResult.run(TestResult.java:113)
	at junit.framework.TestCase.run(TestCase.java:124)
	at junit.framework.TestSuite.runTest(TestSuite.java:232)
	at junit.framework.TestSuite.run(TestSuite.java:227)
	at junit.framework.TestSuite.runTest(TestSuite.java:232)
	at junit.framework.TestSuite.run(TestSuite.java:227)
	at junit.framework.TestSuite.runTest(TestSuite.java:232)
	at junit.framework.TestSuite.run(TestSuite.java:227)
	at org.apache.tools.ant.taskdefs.optional.junit.JUnitTestRunner.run(JUnitTestRunner.java:420)
	at org.apache.tools.ant.taskdefs.optional.junit.JUnitTestRunner.launch(JUnitTestRunner.java:911)
	at org.apache.tools.ant.taskdefs.optional.junit.JUnitTestRunner.main(JUnitTestRunner.java:768)
Instantiate PersistenceUploadManager with UploadPersistence, uploadSearchBundle, submissionSearchBundle, uploadIdGenerator, uploadTypeIdGenerator, uploadStatusIdGenerator, submissionIDGenerator and submissionStatusIdGenerator.
com.topcoder.util.config.UnknownNamespaceException: com.topcoder.util.log is unknown
	at com.topcoder.util.config.DefaultConfigManager.getPropertyObject(DefaultConfigManager.java:429)
	at com.topcoder.util.config.DefaultConfigManager.getString(DefaultConfigManager.java:449)
	at com.topcoder.util.log.LogFactory.getAttribute(LogFactory.java:224)
	at com.topcoder.util.log.basic.BasicLog.log(BasicLog.java:74)
	at com.topcoder.management.deliverable.PersistenceUploadManager.<init>(PersistenceUploadManager.java:260)
	at com.topcoder.management.deliverable.failuretests.PersistenceUploadManagerTest.setUp(PersistenceUploadManagerTest.java:72)
	at junit.framework.TestCase.runBare(TestCase.java:132)
	at junit.framework.TestResult$1.protect(TestResult.java:110)
	at junit.framework.TestResult.runProtected(TestResult.java:128)
	at junit.framework.TestResult.run(TestResult.java:113)
	at junit.framework.TestCase.run(TestCase.java:124)
	at junit.framework.TestSuite.runTest(TestSuite.java:232)
	at junit.framework.TestSuite.run(TestSuite.java:227)
	at junit.framework.TestSuite.runTest(TestSuite.java:232)
	at junit.framework.TestSuite.run(TestSuite.java:227)
	at junit.framework.TestSuite.runTest(TestSuite.java:232)
	at junit.framework.TestSuite.run(TestSuite.java:227)
	at org.apache.tools.ant.taskdefs.optional.junit.JUnitTestRunner.run(JUnitTestRunner.java:420)
	at org.apache.tools.ant.taskdefs.optional.junit.JUnitTestRunner.launch(JUnitTestRunner.java:911)
	at org.apache.tools.ant.taskdefs.optional.junit.JUnitTestRunner.main(JUnitTestRunner.java:768)
Instantiate PersistenceUploadManager with UploadPersistence, uploadSearchBundle, submissionSearchBundle, uploadIdGenerator, uploadTypeIdGenerator, uploadStatusIdGenerator, submissionIDGenerator and submissionStatusIdGenerator.
com.topcoder.util.config.UnknownNamespaceException: com.topcoder.util.log is unknown
	at com.topcoder.util.config.DefaultConfigManager.getPropertyObject(DefaultConfigManager.java:429)
	at com.topcoder.util.config.DefaultConfigManager.getString(DefaultConfigManager.java:449)
	at com.topcoder.util.log.LogFactory.getAttribute(LogFactory.java:224)
	at com.topcoder.util.log.basic.BasicLog.log(BasicLog.java:74)
	at com.topcoder.management.deliverable.PersistenceUploadManager.<init>(PersistenceUploadManager.java:260)
	at com.topcoder.management.deliverable.failuretests.PersistenceUploadManagerTest.setUp(PersistenceUploadManagerTest.java:72)
	at junit.framework.TestCase.runBare(TestCase.java:132)
	at junit.framework.TestResult$1.protect(TestResult.java:110)
	at junit.framework.TestResult.runProtected(TestResult.java:128)
	at junit.framework.TestResult.run(TestResult.java:113)
	at junit.framework.TestCase.run(TestCase.java:124)
	at junit.framework.TestSuite.runTest(TestSuite.java:232)
	at junit.framework.TestSuite.run(TestSuite.java:227)
	at junit.framework.TestSuite.runTest(TestSuite.java:232)
	at junit.framework.TestSuite.run(TestSuite.java:227)
	at junit.framework.TestSuite.runTest(TestSuite.java:232)
	at junit.framework.TestSuite.run(TestSuite.java:227)
	at org.apache.tools.ant.taskdefs.optional.junit.JUnitTestRunner.run(JUnitTestRunner.java:420)
	at org.apache.tools.ant.taskdefs.optional.junit.JUnitTestRunner.launch(JUnitTestRunner.java:911)
	at org.apache.tools.ant.taskdefs.optional.junit.JUnitTestRunner.main(JUnitTestRunner.java:768)
Instantiate PersistenceUploadManager with UploadPersistence, uploadSearchBundle, submissionSearchBundle, uploadIdGenerator, uploadTypeIdGenerator, uploadStatusIdGenerator, submissionIDGenerator and submissionStatusIdGenerator.
com.topcoder.util.config.UnknownNamespaceException: com.topcoder.util.log is unknown
	at com.topcoder.util.config.DefaultConfigManager.getPropertyObject(DefaultConfigManager.java:429)
	at com.topcoder.util.config.DefaultConfigManager.getString(DefaultConfigManager.java:449)
	at com.topcoder.util.log.LogFactory.getAttribute(LogFactory.java:224)
	at com.topcoder.util.log.basic.BasicLog.log(BasicLog.java:74)
	at com.topcoder.management.deliverable.PersistenceUploadManager.<init>(PersistenceUploadManager.java:260)
	at com.topcoder.management.deliverable.failuretests.PersistenceUploadManagerTest.setUp(PersistenceUploadManagerTest.java:72)
	at junit.framework.TestCase.runBare(TestCase.java:132)
	at junit.framework.TestResult$1.protect(TestResult.java:110)
	at junit.framework.TestResult.runProtected(TestResult.java:128)
	at junit.framework.TestResult.run(TestResult.java:113)
	at junit.framework.TestCase.run(TestCase.java:124)
	at junit.framework.TestSuite.runTest(TestSuite.java:232)
	at junit.framework.TestSuite.run(TestSuite.java:227)
	at junit.framework.TestSuite.runTest(TestSuite.java:232)
	at junit.framework.TestSuite.run(TestSuite.java:227)
	at junit.framework.TestSuite.runTest(TestSuite.java:232)
	at junit.framework.TestSuite.run(TestSuite.java:227)
	at org.apache.tools.ant.taskdefs.optional.junit.JUnitTestRunner.run(JUnitTestRunner.java:420)
	at org.apache.tools.ant.taskdefs.optional.junit.JUnitTestRunner.launch(JUnitTestRunner.java:911)
	at org.apache.tools.ant.taskdefs.optional.junit.JUnitTestRunner.main(JUnitTestRunner.java:768)
Instantiate PersistenceUploadManager with UploadPersistence, uploadSearchBundle, submissionSearchBundle, uploadIdGenerator, uploadTypeIdGenerator, uploadStatusIdGenerator, submissionIDGenerator and submissionStatusIdGenerator.
com.topcoder.util.config.UnknownNamespaceException: com.topcoder.util.log is unknown
	at com.topcoder.util.config.DefaultConfigManager.getPropertyObject(DefaultConfigManager.java:429)
	at com.topcoder.util.config.DefaultConfigManager.getString(DefaultConfigManager.java:449)
	at com.topcoder.util.log.LogFactory.getAttribute(LogFactory.java:224)
	at com.topcoder.util.log.basic.BasicLog.log(BasicLog.java:74)
	at com.topcoder.management.deliverable.PersistenceUploadManager.createSubmission(PersistenceUploadManager.java:631)
	at com.topcoder.management.deliverable.failuretests.PersistenceUploadManagerTest.testCreateSubmissionNullSubmission(PersistenceUploadManagerTest.java:417)
	at sun.reflect.NativeMethodAccessorImpl.invoke0(Native Method)
	at sun.reflect.NativeMethodAccessorImpl.invoke(NativeMethodAccessorImpl.java:57)
	at sun.reflect.DelegatingMethodAccessorImpl.invoke(DelegatingMethodAccessorImpl.java:43)
	at java.lang.reflect.Method.invoke(Method.java:616)
	at junit.framework.TestCase.runTest(TestCase.java:168)
	at junit.framework.TestCase.runBare(TestCase.java:134)
	at junit.framework.TestResult$1.protect(TestResult.java:110)
	at junit.framework.TestResult.runProtected(TestResult.java:128)
	at junit.framework.TestResult.run(TestResult.java:113)
	at junit.framework.TestCase.run(TestCase.java:124)
	at junit.framework.TestSuite.runTest(TestSuite.java:232)
	at junit.framework.TestSuite.run(TestSuite.java:227)
	at junit.framework.TestSuite.runTest(TestSuite.java:232)
	at junit.framework.TestSuite.run(TestSuite.java:227)
	at junit.framework.TestSuite.runTest(TestSuite.java:232)
	at junit.framework.TestSuite.run(TestSuite.java:227)
	at org.apache.tools.ant.taskdefs.optional.junit.JUnitTestRunner.run(JUnitTestRunner.java:420)
	at org.apache.tools.ant.taskdefs.optional.junit.JUnitTestRunner.launch(JUnitTestRunner.java:911)
	at org.apache.tools.ant.taskdefs.optional.junit.JUnitTestRunner.main(JUnitTestRunner.java:768)
type: Submission id: Unknown operator:a - create new Submission.
com.topcoder.util.config.UnknownNamespaceException: com.topcoder.util.log is unknown
	at com.topcoder.util.config.DefaultConfigManager.getPropertyObject(DefaultConfigManager.java:429)
	at com.topcoder.util.config.DefaultConfigManager.getString(DefaultConfigManager.java:449)
	at com.topcoder.util.log.LogFactory.getAttribute(LogFactory.java:224)
	at com.topcoder.util.log.basic.BasicLog.log(BasicLog.java:74)
	at com.topcoder.management.deliverable.PersistenceUploadManager.<init>(PersistenceUploadManager.java:260)
	at com.topcoder.management.deliverable.failuretests.PersistenceUploadManagerTest.setUp(PersistenceUploadManagerTest.java:72)
	at junit.framework.TestCase.runBare(TestCase.java:132)
	at junit.framework.TestResult$1.protect(TestResult.java:110)
	at junit.framework.TestResult.runProtected(TestResult.java:128)
	at junit.framework.TestResult.run(TestResult.java:113)
	at junit.framework.TestCase.run(TestCase.java:124)
	at junit.framework.TestSuite.runTest(TestSuite.java:232)
	at junit.framework.TestSuite.run(TestSuite.java:227)
	at junit.framework.TestSuite.runTest(TestSuite.java:232)
	at junit.framework.TestSuite.run(TestSuite.java:227)
	at junit.framework.TestSuite.runTest(TestSuite.java:232)
	at junit.framework.TestSuite.run(TestSuite.java:227)
	at org.apache.tools.ant.taskdefs.optional.junit.JUnitTestRunner.run(JUnitTestRunner.java:420)
	at org.apache.tools.ant.taskdefs.optional.junit.JUnitTestRunner.launch(JUnitTestRunner.java:911)
	at org.apache.tools.ant.taskdefs.optional.junit.JUnitTestRunner.main(JUnitTestRunner.java:768)
Instantiate PersistenceUploadManager with UploadPersistence, uploadSearchBundle, submissionSearchBundle, uploadIdGenerator, uploadTypeIdGenerator, uploadStatusIdGenerator, submissionIDGenerator and submissionStatusIdGenerator.
com.topcoder.util.config.UnknownNamespaceException: com.topcoder.util.log is unknown
	at com.topcoder.util.config.DefaultConfigManager.getPropertyObject(DefaultConfigManager.java:429)
	at com.topcoder.util.config.DefaultConfigManager.getString(DefaultConfigManager.java:449)
	at com.topcoder.util.log.LogFactory.getAttribute(LogFactory.java:224)
	at com.topcoder.util.log.basic.BasicLog.log(BasicLog.java:74)
	at com.topcoder.management.deliverable.PersistenceUploadManager.createSubmission(PersistenceUploadManager.java:631)
	at com.topcoder.management.deliverable.failuretests.PersistenceUploadManagerTest.testCreateSubmissionNotUnset(PersistenceUploadManagerTest.java:430)
	at sun.reflect.NativeMethodAccessorImpl.invoke0(Native Method)
	at sun.reflect.NativeMethodAccessorImpl.invoke(NativeMethodAccessorImpl.java:57)
	at sun.reflect.DelegatingMethodAccessorImpl.invoke(DelegatingMethodAccessorImpl.java:43)
	at java.lang.reflect.Method.invoke(Method.java:616)
	at junit.framework.TestCase.runTest(TestCase.java:168)
	at junit.framework.TestCase.runBare(TestCase.java:134)
	at junit.framework.TestResult$1.protect(TestResult.java:110)
	at junit.framework.TestResult.runProtected(TestResult.java:128)
	at junit.framework.TestResult.run(TestResult.java:113)
	at junit.framework.TestCase.run(TestCase.java:124)
	at junit.framework.TestSuite.runTest(TestSuite.java:232)
	at junit.framework.TestSuite.run(TestSuite.java:227)
	at junit.framework.TestSuite.runTest(TestSuite.java:232)
	at junit.framework.TestSuite.run(TestSuite.java:227)
	at junit.framework.TestSuite.runTest(TestSuite.java:232)
	at junit.framework.TestSuite.run(TestSuite.java:227)
	at org.apache.tools.ant.taskdefs.optional.junit.JUnitTestRunner.run(JUnitTestRunner.java:420)
	at org.apache.tools.ant.taskdefs.optional.junit.JUnitTestRunner.launch(JUnitTestRunner.java:911)
	at org.apache.tools.ant.taskdefs.optional.junit.JUnitTestRunner.main(JUnitTestRunner.java:768)
type: Submission id: Unknown operator:a - create new Submission.
com.topcoder.util.config.UnknownNamespaceException: com.topcoder.util.log is unknown
	at com.topcoder.util.config.DefaultConfigManager.getPropertyObject(DefaultConfigManager.java:429)
	at com.topcoder.util.config.DefaultConfigManager.getString(DefaultConfigManager.java:449)
	at com.topcoder.util.log.LogFactory.getAttribute(LogFactory.java:224)
	at com.topcoder.util.log.basic.BasicLog.log(BasicLog.java:74)
	at com.topcoder.management.deliverable.PersistenceUploadManager.persistenceUploadManagerHelper(PersistenceUploadManager.java:954)
	at com.topcoder.management.deliverable.PersistenceUploadManager.createSubmission(PersistenceUploadManager.java:632)
	at com.topcoder.management.deliverable.failuretests.PersistenceUploadManagerTest.testCreateSubmissionNotUnset(PersistenceUploadManagerTest.java:430)
	at sun.reflect.NativeMethodAccessorImpl.invoke0(Native Method)
	at sun.reflect.NativeMethodAccessorImpl.invoke(NativeMethodAccessorImpl.java:57)
	at sun.reflect.DelegatingMethodAccessorImpl.invoke(DelegatingMethodAccessorImpl.java:43)
	at java.lang.reflect.Method.invoke(Method.java:616)
	at junit.framework.TestCase.runTest(TestCase.java:168)
	at junit.framework.TestCase.runBare(TestCase.java:134)
	at junit.framework.TestResult$1.protect(TestResult.java:110)
	at junit.framework.TestResult.runProtected(TestResult.java:128)
	at junit.framework.TestResult.run(TestResult.java:113)
	at junit.framework.TestCase.run(TestCase.java:124)
	at junit.framework.TestSuite.runTest(TestSuite.java:232)
	at junit.framework.TestSuite.run(TestSuite.java:227)
	at junit.framework.TestSuite.runTest(TestSuite.java:232)
	at junit.framework.TestSuite.run(TestSuite.java:227)
	at junit.framework.TestSuite.runTest(TestSuite.java:232)
	at junit.framework.TestSuite.run(TestSuite.java:227)
	at org.apache.tools.ant.taskdefs.optional.junit.JUnitTestRunner.run(JUnitTestRunner.java:420)
	at org.apache.tools.ant.taskdefs.optional.junit.JUnitTestRunner.launch(JUnitTestRunner.java:911)
	at org.apache.tools.ant.taskdefs.optional.junit.JUnitTestRunner.main(JUnitTestRunner.java:768)
The id of the submission must be UNSET_ID, 1 received
com.topcoder.util.config.UnknownNamespaceException: com.topcoder.util.log is unknown
	at com.topcoder.util.config.DefaultConfigManager.getPropertyObject(DefaultConfigManager.java:429)
	at com.topcoder.util.config.DefaultConfigManager.getString(DefaultConfigManager.java:449)
	at com.topcoder.util.log.LogFactory.getAttribute(LogFactory.java:224)
	at com.topcoder.util.log.basic.BasicLog.log(BasicLog.java:74)
	at com.topcoder.management.deliverable.PersistenceUploadManager.<init>(PersistenceUploadManager.java:260)
	at com.topcoder.management.deliverable.failuretests.PersistenceUploadManagerTest.setUp(PersistenceUploadManagerTest.java:72)
	at junit.framework.TestCase.runBare(TestCase.java:132)
	at junit.framework.TestResult$1.protect(TestResult.java:110)
	at junit.framework.TestResult.runProtected(TestResult.java:128)
	at junit.framework.TestResult.run(TestResult.java:113)
	at junit.framework.TestCase.run(TestCase.java:124)
	at junit.framework.TestSuite.runTest(TestSuite.java:232)
	at junit.framework.TestSuite.run(TestSuite.java:227)
	at junit.framework.TestSuite.runTest(TestSuite.java:232)
	at junit.framework.TestSuite.run(TestSuite.java:227)
	at junit.framework.TestSuite.runTest(TestSuite.java:232)
	at junit.framework.TestSuite.run(TestSuite.java:227)
	at org.apache.tools.ant.taskdefs.optional.junit.JUnitTestRunner.run(JUnitTestRunner.java:420)
	at org.apache.tools.ant.taskdefs.optional.junit.JUnitTestRunner.launch(JUnitTestRunner.java:911)
	at org.apache.tools.ant.taskdefs.optional.junit.JUnitTestRunner.main(JUnitTestRunner.java:768)
Instantiate PersistenceUploadManager with UploadPersistence, uploadSearchBundle, submissionSearchBundle, uploadIdGenerator, uploadTypeIdGenerator, uploadStatusIdGenerator, submissionIDGenerator and submissionStatusIdGenerator.
com.topcoder.util.config.UnknownNamespaceException: com.topcoder.util.log is unknown
	at com.topcoder.util.config.DefaultConfigManager.getPropertyObject(DefaultConfigManager.java:429)
	at com.topcoder.util.config.DefaultConfigManager.getString(DefaultConfigManager.java:449)
	at com.topcoder.util.log.LogFactory.getAttribute(LogFactory.java:224)
	at com.topcoder.util.log.basic.BasicLog.log(BasicLog.java:74)
	at com.topcoder.management.deliverable.PersistenceUploadManager.createSubmission(PersistenceUploadManager.java:631)
	at com.topcoder.management.deliverable.failuretests.PersistenceUploadManagerTest.testCreateSubmissionBadStatus(PersistenceUploadManagerTest.java:443)
	at sun.reflect.NativeMethodAccessorImpl.invoke0(Native Method)
	at sun.reflect.NativeMethodAccessorImpl.invoke(NativeMethodAccessorImpl.java:57)
	at sun.reflect.DelegatingMethodAccessorImpl.invoke(DelegatingMethodAccessorImpl.java:43)
	at java.lang.reflect.Method.invoke(Method.java:616)
	at junit.framework.TestCase.runTest(TestCase.java:168)
	at junit.framework.TestCase.runBare(TestCase.java:134)
	at junit.framework.TestResult$1.protect(TestResult.java:110)
	at junit.framework.TestResult.runProtected(TestResult.java:128)
	at junit.framework.TestResult.run(TestResult.java:113)
	at junit.framework.TestCase.run(TestCase.java:124)
	at junit.framework.TestSuite.runTest(TestSuite.java:232)
	at junit.framework.TestSuite.run(TestSuite.java:227)
	at junit.framework.TestSuite.runTest(TestSuite.java:232)
	at junit.framework.TestSuite.run(TestSuite.java:227)
	at junit.framework.TestSuite.runTest(TestSuite.java:232)
	at junit.framework.TestSuite.run(TestSuite.java:227)
	at org.apache.tools.ant.taskdefs.optional.junit.JUnitTestRunner.run(JUnitTestRunner.java:420)
	at org.apache.tools.ant.taskdefs.optional.junit.JUnitTestRunner.launch(JUnitTestRunner.java:911)
	at org.apache.tools.ant.taskdefs.optional.junit.JUnitTestRunner.main(JUnitTestRunner.java:768)
type: Submission id: Unknown operator:a - create new Submission.
com.topcoder.util.config.UnknownNamespaceException: com.topcoder.util.log is unknown
	at com.topcoder.util.config.DefaultConfigManager.getPropertyObject(DefaultConfigManager.java:429)
	at com.topcoder.util.config.DefaultConfigManager.getString(DefaultConfigManager.java:449)
	at com.topcoder.util.log.LogFactory.getAttribute(LogFactory.java:224)
	at com.topcoder.util.log.basic.BasicLog.log(BasicLog.java:74)
	at com.topcoder.management.deliverable.PersistenceUploadManager.persistenceUploadManagerHelper(PersistenceUploadManager.java:966)
	at com.topcoder.management.deliverable.PersistenceUploadManager.createSubmission(PersistenceUploadManager.java:632)
	at com.topcoder.management.deliverable.failuretests.PersistenceUploadManagerTest.testCreateSubmissionBadStatus(PersistenceUploadManagerTest.java:443)
	at sun.reflect.NativeMethodAccessorImpl.invoke0(Native Method)
	at sun.reflect.NativeMethodAccessorImpl.invoke(NativeMethodAccessorImpl.java:57)
	at sun.reflect.DelegatingMethodAccessorImpl.invoke(DelegatingMethodAccessorImpl.java:43)
	at java.lang.reflect.Method.invoke(Method.java:616)
	at junit.framework.TestCase.runTest(TestCase.java:168)
	at junit.framework.TestCase.runBare(TestCase.java:134)
	at junit.framework.TestResult$1.protect(TestResult.java:110)
	at junit.framework.TestResult.runProtected(TestResult.java:128)
	at junit.framework.TestResult.run(TestResult.java:113)
	at junit.framework.TestCase.run(TestCase.java:124)
	at junit.framework.TestSuite.runTest(TestSuite.java:232)
	at junit.framework.TestSuite.run(TestSuite.java:227)
	at junit.framework.TestSuite.runTest(TestSuite.java:232)
	at junit.framework.TestSuite.run(TestSuite.java:227)
	at junit.framework.TestSuite.runTest(TestSuite.java:232)
	at junit.framework.TestSuite.run(TestSuite.java:227)
	at org.apache.tools.ant.taskdefs.optional.junit.JUnitTestRunner.run(JUnitTestRunner.java:420)
	at org.apache.tools.ant.taskdefs.optional.junit.JUnitTestRunner.launch(JUnitTestRunner.java:911)
	at org.apache.tools.ant.taskdefs.optional.junit.JUnitTestRunner.main(JUnitTestRunner.java:768)
generate next id from the idGenerator:submission_id_seq
com.topcoder.util.config.UnknownNamespaceException: com.topcoder.util.log is unknown
	at com.topcoder.util.config.DefaultConfigManager.getPropertyObject(DefaultConfigManager.java:429)
	at com.topcoder.util.config.DefaultConfigManager.getString(DefaultConfigManager.java:449)
	at com.topcoder.util.log.LogFactory.getAttribute(LogFactory.java:224)
	at com.topcoder.util.log.basic.BasicLog.log(BasicLog.java:74)
	at com.topcoder.management.deliverable.PersistenceUploadManager.persistenceUploadManagerHelper(PersistenceUploadManager.java:988)
	at com.topcoder.management.deliverable.PersistenceUploadManager.createSubmission(PersistenceUploadManager.java:632)
	at com.topcoder.management.deliverable.failuretests.PersistenceUploadManagerTest.testCreateSubmissionBadStatus(PersistenceUploadManagerTest.java:443)
	at sun.reflect.NativeMethodAccessorImpl.invoke0(Native Method)
	at sun.reflect.NativeMethodAccessorImpl.invoke(NativeMethodAccessorImpl.java:57)
	at sun.reflect.DelegatingMethodAccessorImpl.invoke(DelegatingMethodAccessorImpl.java:43)
	at java.lang.reflect.Method.invoke(Method.java:616)
	at junit.framework.TestCase.runTest(TestCase.java:168)
	at junit.framework.TestCase.runBare(TestCase.java:134)
	at junit.framework.TestResult$1.protect(TestResult.java:110)
	at junit.framework.TestResult.runProtected(TestResult.java:128)
	at junit.framework.TestResult.run(TestResult.java:113)
	at junit.framework.TestCase.run(TestCase.java:124)
	at junit.framework.TestSuite.runTest(TestSuite.java:232)
	at junit.framework.TestSuite.run(TestSuite.java:227)
	at junit.framework.TestSuite.runTest(TestSuite.java:232)
	at junit.framework.TestSuite.run(TestSuite.java:227)
	at junit.framework.TestSuite.runTest(TestSuite.java:232)
	at junit.framework.TestSuite.run(TestSuite.java:227)
	at org.apache.tools.ant.taskdefs.optional.junit.JUnitTestRunner.run(JUnitTestRunner.java:420)
	at org.apache.tools.ant.taskdefs.optional.junit.JUnitTestRunner.launch(JUnitTestRunner.java:911)
	at org.apache.tools.ant.taskdefs.optional.junit.JUnitTestRunner.main(JUnitTestRunner.java:768)
The submission is not in a state to be persisted.
com.topcoder.util.config.UnknownNamespaceException: com.topcoder.util.log is unknown
	at com.topcoder.util.config.DefaultConfigManager.getPropertyObject(DefaultConfigManager.java:429)
	at com.topcoder.util.config.DefaultConfigManager.getString(DefaultConfigManager.java:449)
	at com.topcoder.util.log.LogFactory.getAttribute(LogFactory.java:224)
	at com.topcoder.util.log.basic.BasicLog.log(BasicLog.java:74)
	at com.topcoder.management.deliverable.PersistenceUploadManager.<init>(PersistenceUploadManager.java:260)
	at com.topcoder.management.deliverable.failuretests.PersistenceUploadManagerTest.setUp(PersistenceUploadManagerTest.java:72)
	at junit.framework.TestCase.runBare(TestCase.java:132)
	at junit.framework.TestResult$1.protect(TestResult.java:110)
	at junit.framework.TestResult.runProtected(TestResult.java:128)
	at junit.framework.TestResult.run(TestResult.java:113)
	at junit.framework.TestCase.run(TestCase.java:124)
	at junit.framework.TestSuite.runTest(TestSuite.java:232)
	at junit.framework.TestSuite.run(TestSuite.java:227)
	at junit.framework.TestSuite.runTest(TestSuite.java:232)
	at junit.framework.TestSuite.run(TestSuite.java:227)
	at junit.framework.TestSuite.runTest(TestSuite.java:232)
	at junit.framework.TestSuite.run(TestSuite.java:227)
	at org.apache.tools.ant.taskdefs.optional.junit.JUnitTestRunner.run(JUnitTestRunner.java:420)
	at org.apache.tools.ant.taskdefs.optional.junit.JUnitTestRunner.launch(JUnitTestRunner.java:911)
	at org.apache.tools.ant.taskdefs.optional.junit.JUnitTestRunner.main(JUnitTestRunner.java:768)
Instantiate PersistenceUploadManager with UploadPersistence, uploadSearchBundle, submissionSearchBundle, uploadIdGenerator, uploadTypeIdGenerator, uploadStatusIdGenerator, submissionIDGenerator and submissionStatusIdGenerator.
com.topcoder.util.config.UnknownNamespaceException: com.topcoder.util.log is unknown
	at com.topcoder.util.config.DefaultConfigManager.getPropertyObject(DefaultConfigManager.java:429)
	at com.topcoder.util.config.DefaultConfigManager.getString(DefaultConfigManager.java:449)
	at com.topcoder.util.log.LogFactory.getAttribute(LogFactory.java:224)
	at com.topcoder.util.log.basic.BasicLog.log(BasicLog.java:74)
	at com.topcoder.management.deliverable.PersistenceUploadManager.createSubmissionStatus(PersistenceUploadManager.java:748)
	at com.topcoder.management.deliverable.failuretests.PersistenceUploadManagerTest.testCreateSubmissionStatusNullSubmissionStatus(PersistenceUploadManagerTest.java:456)
	at sun.reflect.NativeMethodAccessorImpl.invoke0(Native Method)
	at sun.reflect.NativeMethodAccessorImpl.invoke(NativeMethodAccessorImpl.java:57)
	at sun.reflect.DelegatingMethodAccessorImpl.invoke(DelegatingMethodAccessorImpl.java:43)
	at java.lang.reflect.Method.invoke(Method.java:616)
	at junit.framework.TestCase.runTest(TestCase.java:168)
	at junit.framework.TestCase.runBare(TestCase.java:134)
	at junit.framework.TestResult$1.protect(TestResult.java:110)
	at junit.framework.TestResult.runProtected(TestResult.java:128)
	at junit.framework.TestResult.run(TestResult.java:113)
	at junit.framework.TestCase.run(TestCase.java:124)
	at junit.framework.TestSuite.runTest(TestSuite.java:232)
	at junit.framework.TestSuite.run(TestSuite.java:227)
	at junit.framework.TestSuite.runTest(TestSuite.java:232)
	at junit.framework.TestSuite.run(TestSuite.java:227)
	at junit.framework.TestSuite.runTest(TestSuite.java:232)
	at junit.framework.TestSuite.run(TestSuite.java:227)
	at org.apache.tools.ant.taskdefs.optional.junit.JUnitTestRunner.run(JUnitTestRunner.java:420)
	at org.apache.tools.ant.taskdefs.optional.junit.JUnitTestRunner.launch(JUnitTestRunner.java:911)
	at org.apache.tools.ant.taskdefs.optional.junit.JUnitTestRunner.main(JUnitTestRunner.java:768)
type: SubmissionStatus id: Unknown operator:a - create new SubmissionStatus.
com.topcoder.util.config.UnknownNamespaceException: com.topcoder.util.log is unknown
	at com.topcoder.util.config.DefaultConfigManager.getPropertyObject(DefaultConfigManager.java:429)
	at com.topcoder.util.config.DefaultConfigManager.getString(DefaultConfigManager.java:449)
	at com.topcoder.util.log.LogFactory.getAttribute(LogFactory.java:224)
	at com.topcoder.util.log.basic.BasicLog.log(BasicLog.java:74)
	at com.topcoder.management.deliverable.PersistenceUploadManager.<init>(PersistenceUploadManager.java:260)
	at com.topcoder.management.deliverable.failuretests.PersistenceUploadManagerTest.setUp(PersistenceUploadManagerTest.java:72)
	at junit.framework.TestCase.runBare(TestCase.java:132)
	at junit.framework.TestResult$1.protect(TestResult.java:110)
	at junit.framework.TestResult.runProtected(TestResult.java:128)
	at junit.framework.TestResult.run(TestResult.java:113)
	at junit.framework.TestCase.run(TestCase.java:124)
	at junit.framework.TestSuite.runTest(TestSuite.java:232)
	at junit.framework.TestSuite.run(TestSuite.java:227)
	at junit.framework.TestSuite.runTest(TestSuite.java:232)
	at junit.framework.TestSuite.run(TestSuite.java:227)
	at junit.framework.TestSuite.runTest(TestSuite.java:232)
	at junit.framework.TestSuite.run(TestSuite.java:227)
	at org.apache.tools.ant.taskdefs.optional.junit.JUnitTestRunner.run(JUnitTestRunner.java:420)
	at org.apache.tools.ant.taskdefs.optional.junit.JUnitTestRunner.launch(JUnitTestRunner.java:911)
	at org.apache.tools.ant.taskdefs.optional.junit.JUnitTestRunner.main(JUnitTestRunner.java:768)
Instantiate PersistenceUploadManager with UploadPersistence, uploadSearchBundle, submissionSearchBundle, uploadIdGenerator, uploadTypeIdGenerator, uploadStatusIdGenerator, submissionIDGenerator and submissionStatusIdGenerator.
com.topcoder.util.config.UnknownNamespaceException: com.topcoder.util.log is unknown
	at com.topcoder.util.config.DefaultConfigManager.getPropertyObject(DefaultConfigManager.java:429)
	at com.topcoder.util.config.DefaultConfigManager.getString(DefaultConfigManager.java:449)
	at com.topcoder.util.log.LogFactory.getAttribute(LogFactory.java:224)
	at com.topcoder.util.log.basic.BasicLog.log(BasicLog.java:74)
	at com.topcoder.management.deliverable.PersistenceUploadManager.createSubmissionStatus(PersistenceUploadManager.java:748)
	at com.topcoder.management.deliverable.failuretests.PersistenceUploadManagerTest.testCreateSubmissionStatusNullSubmissionNotUnset(PersistenceUploadManagerTest.java:469)
	at sun.reflect.NativeMethodAccessorImpl.invoke0(Native Method)
	at sun.reflect.NativeMethodAccessorImpl.invoke(NativeMethodAccessorImpl.java:57)
	at sun.reflect.DelegatingMethodAccessorImpl.invoke(DelegatingMethodAccessorImpl.java:43)
	at java.lang.reflect.Method.invoke(Method.java:616)
	at junit.framework.TestCase.runTest(TestCase.java:168)
	at junit.framework.TestCase.runBare(TestCase.java:134)
	at junit.framework.TestResult$1.protect(TestResult.java:110)
	at junit.framework.TestResult.runProtected(TestResult.java:128)
	at junit.framework.TestResult.run(TestResult.java:113)
	at junit.framework.TestCase.run(TestCase.java:124)
	at junit.framework.TestSuite.runTest(TestSuite.java:232)
	at junit.framework.TestSuite.run(TestSuite.java:227)
	at junit.framework.TestSuite.runTest(TestSuite.java:232)
	at junit.framework.TestSuite.run(TestSuite.java:227)
	at junit.framework.TestSuite.runTest(TestSuite.java:232)
	at junit.framework.TestSuite.run(TestSuite.java:227)
	at org.apache.tools.ant.taskdefs.optional.junit.JUnitTestRunner.run(JUnitTestRunner.java:420)
	at org.apache.tools.ant.taskdefs.optional.junit.JUnitTestRunner.launch(JUnitTestRunner.java:911)
	at org.apache.tools.ant.taskdefs.optional.junit.JUnitTestRunner.main(JUnitTestRunner.java:768)
type: SubmissionStatus id: Unknown operator:a - create new SubmissionStatus.
com.topcoder.util.config.UnknownNamespaceException: com.topcoder.util.log is unknown
	at com.topcoder.util.config.DefaultConfigManager.getPropertyObject(DefaultConfigManager.java:429)
	at com.topcoder.util.config.DefaultConfigManager.getString(DefaultConfigManager.java:449)
	at com.topcoder.util.log.LogFactory.getAttribute(LogFactory.java:224)
	at com.topcoder.util.log.basic.BasicLog.log(BasicLog.java:74)
	at com.topcoder.management.deliverable.PersistenceUploadManager.persistenceUploadManagerHelper(PersistenceUploadManager.java:954)
	at com.topcoder.management.deliverable.PersistenceUploadManager.createSubmissionStatus(PersistenceUploadManager.java:749)
	at com.topcoder.management.deliverable.failuretests.PersistenceUploadManagerTest.testCreateSubmissionStatusNullSubmissionNotUnset(PersistenceUploadManagerTest.java:469)
	at sun.reflect.NativeMethodAccessorImpl.invoke0(Native Method)
	at sun.reflect.NativeMethodAccessorImpl.invoke(NativeMethodAccessorImpl.java:57)
	at sun.reflect.DelegatingMethodAccessorImpl.invoke(DelegatingMethodAccessorImpl.java:43)
	at java.lang.reflect.Method.invoke(Method.java:616)
	at junit.framework.TestCase.runTest(TestCase.java:168)
	at junit.framework.TestCase.runBare(TestCase.java:134)
	at junit.framework.TestResult$1.protect(TestResult.java:110)
	at junit.framework.TestResult.runProtected(TestResult.java:128)
	at junit.framework.TestResult.run(TestResult.java:113)
	at junit.framework.TestCase.run(TestCase.java:124)
	at junit.framework.TestSuite.runTest(TestSuite.java:232)
	at junit.framework.TestSuite.run(TestSuite.java:227)
	at junit.framework.TestSuite.runTest(TestSuite.java:232)
	at junit.framework.TestSuite.run(TestSuite.java:227)
	at junit.framework.TestSuite.runTest(TestSuite.java:232)
	at junit.framework.TestSuite.run(TestSuite.java:227)
	at org.apache.tools.ant.taskdefs.optional.junit.JUnitTestRunner.run(JUnitTestRunner.java:420)
	at org.apache.tools.ant.taskdefs.optional.junit.JUnitTestRunner.launch(JUnitTestRunner.java:911)
	at org.apache.tools.ant.taskdefs.optional.junit.JUnitTestRunner.main(JUnitTestRunner.java:768)
The id of the submissionStatus must be UNSET_ID, 1 received
com.topcoder.util.config.UnknownNamespaceException: com.topcoder.util.log is unknown
	at com.topcoder.util.config.DefaultConfigManager.getPropertyObject(DefaultConfigManager.java:429)
	at com.topcoder.util.config.DefaultConfigManager.getString(DefaultConfigManager.java:449)
	at com.topcoder.util.log.LogFactory.getAttribute(LogFactory.java:224)
	at com.topcoder.util.log.basic.BasicLog.log(BasicLog.java:74)
	at com.topcoder.management.deliverable.PersistenceUploadManager.<init>(PersistenceUploadManager.java:260)
	at com.topcoder.management.deliverable.failuretests.PersistenceUploadManagerTest.setUp(PersistenceUploadManagerTest.java:72)
	at junit.framework.TestCase.runBare(TestCase.java:132)
	at junit.framework.TestResult$1.protect(TestResult.java:110)
	at junit.framework.TestResult.runProtected(TestResult.java:128)
	at junit.framework.TestResult.run(TestResult.java:113)
	at junit.framework.TestCase.run(TestCase.java:124)
	at junit.framework.TestSuite.runTest(TestSuite.java:232)
	at junit.framework.TestSuite.run(TestSuite.java:227)
	at junit.framework.TestSuite.runTest(TestSuite.java:232)
	at junit.framework.TestSuite.run(TestSuite.java:227)
	at junit.framework.TestSuite.runTest(TestSuite.java:232)
	at junit.framework.TestSuite.run(TestSuite.java:227)
	at org.apache.tools.ant.taskdefs.optional.junit.JUnitTestRunner.run(JUnitTestRunner.java:420)
	at org.apache.tools.ant.taskdefs.optional.junit.JUnitTestRunner.launch(JUnitTestRunner.java:911)
	at org.apache.tools.ant.taskdefs.optional.junit.JUnitTestRunner.main(JUnitTestRunner.java:768)
Instantiate PersistenceUploadManager with UploadPersistence, uploadSearchBundle, submissionSearchBundle, uploadIdGenerator, uploadTypeIdGenerator, uploadStatusIdGenerator, submissionIDGenerator and submissionStatusIdGenerator.
com.topcoder.util.config.UnknownNamespaceException: com.topcoder.util.log is unknown
	at com.topcoder.util.config.DefaultConfigManager.getPropertyObject(DefaultConfigManager.java:429)
	at com.topcoder.util.config.DefaultConfigManager.getString(DefaultConfigManager.java:449)
	at com.topcoder.util.log.LogFactory.getAttribute(LogFactory.java:224)
	at com.topcoder.util.log.basic.BasicLog.log(BasicLog.java:74)
	at com.topcoder.management.deliverable.PersistenceUploadManager.createSubmissionStatus(PersistenceUploadManager.java:748)
	at com.topcoder.management.deliverable.failuretests.PersistenceUploadManagerTest.testCreateSubmissionStatusNullSubmissionStatusBadStatus(PersistenceUploadManagerTest.java:482)
	at sun.reflect.NativeMethodAccessorImpl.invoke0(Native Method)
	at sun.reflect.NativeMethodAccessorImpl.invoke(NativeMethodAccessorImpl.java:57)
	at sun.reflect.DelegatingMethodAccessorImpl.invoke(DelegatingMethodAccessorImpl.java:43)
	at java.lang.reflect.Method.invoke(Method.java:616)
	at junit.framework.TestCase.runTest(TestCase.java:168)
	at junit.framework.TestCase.runBare(TestCase.java:134)
	at junit.framework.TestResult$1.protect(TestResult.java:110)
	at junit.framework.TestResult.runProtected(TestResult.java:128)
	at junit.framework.TestResult.run(TestResult.java:113)
	at junit.framework.TestCase.run(TestCase.java:124)
	at junit.framework.TestSuite.runTest(TestSuite.java:232)
	at junit.framework.TestSuite.run(TestSuite.java:227)
	at junit.framework.TestSuite.runTest(TestSuite.java:232)
	at junit.framework.TestSuite.run(TestSuite.java:227)
	at junit.framework.TestSuite.runTest(TestSuite.java:232)
	at junit.framework.TestSuite.run(TestSuite.java:227)
	at org.apache.tools.ant.taskdefs.optional.junit.JUnitTestRunner.run(JUnitTestRunner.java:420)
	at org.apache.tools.ant.taskdefs.optional.junit.JUnitTestRunner.launch(JUnitTestRunner.java:911)
	at org.apache.tools.ant.taskdefs.optional.junit.JUnitTestRunner.main(JUnitTestRunner.java:768)
type: SubmissionStatus id: Unknown operator:a - create new SubmissionStatus.
com.topcoder.util.config.UnknownNamespaceException: com.topcoder.util.log is unknown
	at com.topcoder.util.config.DefaultConfigManager.getPropertyObject(DefaultConfigManager.java:429)
	at com.topcoder.util.config.DefaultConfigManager.getString(DefaultConfigManager.java:449)
	at com.topcoder.util.log.LogFactory.getAttribute(LogFactory.java:224)
	at com.topcoder.util.log.basic.BasicLog.log(BasicLog.java:74)
	at com.topcoder.management.deliverable.PersistenceUploadManager.persistenceUploadManagerHelper(PersistenceUploadManager.java:966)
	at com.topcoder.management.deliverable.PersistenceUploadManager.createSubmissionStatus(PersistenceUploadManager.java:749)
	at com.topcoder.management.deliverable.failuretests.PersistenceUploadManagerTest.testCreateSubmissionStatusNullSubmissionStatusBadStatus(PersistenceUploadManagerTest.java:482)
	at sun.reflect.NativeMethodAccessorImpl.invoke0(Native Method)
	at sun.reflect.NativeMethodAccessorImpl.invoke(NativeMethodAccessorImpl.java:57)
	at sun.reflect.DelegatingMethodAccessorImpl.invoke(DelegatingMethodAccessorImpl.java:43)
	at java.lang.reflect.Method.invoke(Method.java:616)
	at junit.framework.TestCase.runTest(TestCase.java:168)
	at junit.framework.TestCase.runBare(TestCase.java:134)
	at junit.framework.TestResult$1.protect(TestResult.java:110)
	at junit.framework.TestResult.runProtected(TestResult.java:128)
	at junit.framework.TestResult.run(TestResult.java:113)
	at junit.framework.TestCase.run(TestCase.java:124)
	at junit.framework.TestSuite.runTest(TestSuite.java:232)
	at junit.framework.TestSuite.run(TestSuite.java:227)
	at junit.framework.TestSuite.runTest(TestSuite.java:232)
	at junit.framework.TestSuite.run(TestSuite.java:227)
	at junit.framework.TestSuite.runTest(TestSuite.java:232)
	at junit.framework.TestSuite.run(TestSuite.java:227)
	at org.apache.tools.ant.taskdefs.optional.junit.JUnitTestRunner.run(JUnitTestRunner.java:420)
	at org.apache.tools.ant.taskdefs.optional.junit.JUnitTestRunner.launch(JUnitTestRunner.java:911)
	at org.apache.tools.ant.taskdefs.optional.junit.JUnitTestRunner.main(JUnitTestRunner.java:768)
generate next id from the idGenerator:submission_status_id_seq
com.topcoder.util.config.UnknownNamespaceException: com.topcoder.util.log is unknown
	at com.topcoder.util.config.DefaultConfigManager.getPropertyObject(DefaultConfigManager.java:429)
	at com.topcoder.util.config.DefaultConfigManager.getString(DefaultConfigManager.java:449)
	at com.topcoder.util.log.LogFactory.getAttribute(LogFactory.java:224)
	at com.topcoder.util.log.basic.BasicLog.log(BasicLog.java:74)
	at com.topcoder.management.deliverable.PersistenceUploadManager.persistenceUploadManagerHelper(PersistenceUploadManager.java:988)
	at com.topcoder.management.deliverable.PersistenceUploadManager.createSubmissionStatus(PersistenceUploadManager.java:749)
	at com.topcoder.management.deliverable.failuretests.PersistenceUploadManagerTest.testCreateSubmissionStatusNullSubmissionStatusBadStatus(PersistenceUploadManagerTest.java:482)
	at sun.reflect.NativeMethodAccessorImpl.invoke0(Native Method)
	at sun.reflect.NativeMethodAccessorImpl.invoke(NativeMethodAccessorImpl.java:57)
	at sun.reflect.DelegatingMethodAccessorImpl.invoke(DelegatingMethodAccessorImpl.java:43)
	at java.lang.reflect.Method.invoke(Method.java:616)
	at junit.framework.TestCase.runTest(TestCase.java:168)
	at junit.framework.TestCase.runBare(TestCase.java:134)
	at junit.framework.TestResult$1.protect(TestResult.java:110)
	at junit.framework.TestResult.runProtected(TestResult.java:128)
	at junit.framework.TestResult.run(TestResult.java:113)
	at junit.framework.TestCase.run(TestCase.java:124)
	at junit.framework.TestSuite.runTest(TestSuite.java:232)
	at junit.framework.TestSuite.run(TestSuite.java:227)
	at junit.framework.TestSuite.runTest(TestSuite.java:232)
	at junit.framework.TestSuite.run(TestSuite.java:227)
	at junit.framework.TestSuite.runTest(TestSuite.java:232)
	at junit.framework.TestSuite.run(TestSuite.java:227)
	at org.apache.tools.ant.taskdefs.optional.junit.JUnitTestRunner.run(JUnitTestRunner.java:420)
	at org.apache.tools.ant.taskdefs.optional.junit.JUnitTestRunner.launch(JUnitTestRunner.java:911)
	at org.apache.tools.ant.taskdefs.optional.junit.JUnitTestRunner.main(JUnitTestRunner.java:768)
The submissionStatus is not in a state to be persisted.
com.topcoder.util.config.UnknownNamespaceException: com.topcoder.util.log is unknown
	at com.topcoder.util.config.DefaultConfigManager.getPropertyObject(DefaultConfigManager.java:429)
	at com.topcoder.util.config.DefaultConfigManager.getString(DefaultConfigManager.java:449)
	at com.topcoder.util.log.LogFactory.getAttribute(LogFactory.java:224)
	at com.topcoder.util.log.basic.BasicLog.log(BasicLog.java:74)
	at com.topcoder.management.deliverable.PersistenceUploadManager.<init>(PersistenceUploadManager.java:260)
	at com.topcoder.management.deliverable.failuretests.PersistenceUploadManagerTest.setUp(PersistenceUploadManagerTest.java:72)
	at junit.framework.TestCase.runBare(TestCase.java:132)
	at junit.framework.TestResult$1.protect(TestResult.java:110)
	at junit.framework.TestResult.runProtected(TestResult.java:128)
	at junit.framework.TestResult.run(TestResult.java:113)
	at junit.framework.TestCase.run(TestCase.java:124)
	at junit.framework.TestSuite.runTest(TestSuite.java:232)
	at junit.framework.TestSuite.run(TestSuite.java:227)
	at junit.framework.TestSuite.runTest(TestSuite.java:232)
	at junit.framework.TestSuite.run(TestSuite.java:227)
	at junit.framework.TestSuite.runTest(TestSuite.java:232)
	at junit.framework.TestSuite.run(TestSuite.java:227)
	at org.apache.tools.ant.taskdefs.optional.junit.JUnitTestRunner.run(JUnitTestRunner.java:420)
	at org.apache.tools.ant.taskdefs.optional.junit.JUnitTestRunner.launch(JUnitTestRunner.java:911)
	at org.apache.tools.ant.taskdefs.optional.junit.JUnitTestRunner.main(JUnitTestRunner.java:768)
Instantiate PersistenceUploadManager with UploadPersistence, uploadSearchBundle, submissionSearchBundle, uploadIdGenerator, uploadTypeIdGenerator, uploadStatusIdGenerator, submissionIDGenerator and submissionStatusIdGenerator.
com.topcoder.util.config.UnknownNamespaceException: com.topcoder.util.log is unknown
	at com.topcoder.util.config.DefaultConfigManager.getPropertyObject(DefaultConfigManager.java:429)
	at com.topcoder.util.config.DefaultConfigManager.getString(DefaultConfigManager.java:449)
	at com.topcoder.util.log.LogFactory.getAttribute(LogFactory.java:224)
	at com.topcoder.util.log.basic.BasicLog.log(BasicLog.java:74)
	at com.topcoder.management.deliverable.PersistenceUploadManager.createUpload(PersistenceUploadManager.java:335)
	at com.topcoder.management.deliverable.failuretests.PersistenceUploadManagerTest.testCreateUploadNullUpload(PersistenceUploadManagerTest.java:495)
	at sun.reflect.NativeMethodAccessorImpl.invoke0(Native Method)
	at sun.reflect.NativeMethodAccessorImpl.invoke(NativeMethodAccessorImpl.java:57)
	at sun.reflect.DelegatingMethodAccessorImpl.invoke(DelegatingMethodAccessorImpl.java:43)
	at java.lang.reflect.Method.invoke(Method.java:616)
	at junit.framework.TestCase.runTest(TestCase.java:168)
	at junit.framework.TestCase.runBare(TestCase.java:134)
	at junit.framework.TestResult$1.protect(TestResult.java:110)
	at junit.framework.TestResult.runProtected(TestResult.java:128)
	at junit.framework.TestResult.run(TestResult.java:113)
	at junit.framework.TestCase.run(TestCase.java:124)
	at junit.framework.TestSuite.runTest(TestSuite.java:232)
	at junit.framework.TestSuite.run(TestSuite.java:227)
	at junit.framework.TestSuite.runTest(TestSuite.java:232)
	at junit.framework.TestSuite.run(TestSuite.java:227)
	at junit.framework.TestSuite.runTest(TestSuite.java:232)
	at junit.framework.TestSuite.run(TestSuite.java:227)
	at org.apache.tools.ant.taskdefs.optional.junit.JUnitTestRunner.run(JUnitTestRunner.java:420)
	at org.apache.tools.ant.taskdefs.optional.junit.JUnitTestRunner.launch(JUnitTestRunner.java:911)
	at org.apache.tools.ant.taskdefs.optional.junit.JUnitTestRunner.main(JUnitTestRunner.java:768)
type: Upload id: Unknown operator:a - Create new Upload.
com.topcoder.util.config.UnknownNamespaceException: com.topcoder.util.log is unknown
	at com.topcoder.util.config.DefaultConfigManager.getPropertyObject(DefaultConfigManager.java:429)
	at com.topcoder.util.config.DefaultConfigManager.getString(DefaultConfigManager.java:449)
	at com.topcoder.util.log.LogFactory.getAttribute(LogFactory.java:224)
	at com.topcoder.util.log.basic.BasicLog.log(BasicLog.java:74)
	at com.topcoder.management.deliverable.PersistenceUploadManager.<init>(PersistenceUploadManager.java:260)
	at com.topcoder.management.deliverable.failuretests.PersistenceUploadManagerTest.setUp(PersistenceUploadManagerTest.java:72)
	at junit.framework.TestCase.runBare(TestCase.java:132)
	at junit.framework.TestResult$1.protect(TestResult.java:110)
	at junit.framework.TestResult.runProtected(TestResult.java:128)
	at junit.framework.TestResult.run(TestResult.java:113)
	at junit.framework.TestCase.run(TestCase.java:124)
	at junit.framework.TestSuite.runTest(TestSuite.java:232)
	at junit.framework.TestSuite.run(TestSuite.java:227)
	at junit.framework.TestSuite.runTest(TestSuite.java:232)
	at junit.framework.TestSuite.run(TestSuite.java:227)
	at junit.framework.TestSuite.runTest(TestSuite.java:232)
	at junit.framework.TestSuite.run(TestSuite.java:227)
	at org.apache.tools.ant.taskdefs.optional.junit.JUnitTestRunner.run(JUnitTestRunner.java:420)
	at org.apache.tools.ant.taskdefs.optional.junit.JUnitTestRunner.launch(JUnitTestRunner.java:911)
	at org.apache.tools.ant.taskdefs.optional.junit.JUnitTestRunner.main(JUnitTestRunner.java:768)
Instantiate PersistenceUploadManager with UploadPersistence, uploadSearchBundle, submissionSearchBundle, uploadIdGenerator, uploadTypeIdGenerator, uploadStatusIdGenerator, submissionIDGenerator and submissionStatusIdGenerator.
com.topcoder.util.config.UnknownNamespaceException: com.topcoder.util.log is unknown
	at com.topcoder.util.config.DefaultConfigManager.getPropertyObject(DefaultConfigManager.java:429)
	at com.topcoder.util.config.DefaultConfigManager.getString(DefaultConfigManager.java:449)
	at com.topcoder.util.log.LogFactory.getAttribute(LogFactory.java:224)
	at com.topcoder.util.log.basic.BasicLog.log(BasicLog.java:74)
	at com.topcoder.management.deliverable.PersistenceUploadManager.createUpload(PersistenceUploadManager.java:335)
	at com.topcoder.management.deliverable.failuretests.PersistenceUploadManagerTest.testCreateUploadNotUnset(PersistenceUploadManagerTest.java:508)
	at sun.reflect.NativeMethodAccessorImpl.invoke0(Native Method)
	at sun.reflect.NativeMethodAccessorImpl.invoke(NativeMethodAccessorImpl.java:57)
	at sun.reflect.DelegatingMethodAccessorImpl.invoke(DelegatingMethodAccessorImpl.java:43)
	at java.lang.reflect.Method.invoke(Method.java:616)
	at junit.framework.TestCase.runTest(TestCase.java:168)
	at junit.framework.TestCase.runBare(TestCase.java:134)
	at junit.framework.TestResult$1.protect(TestResult.java:110)
	at junit.framework.TestResult.runProtected(TestResult.java:128)
	at junit.framework.TestResult.run(TestResult.java:113)
	at junit.framework.TestCase.run(TestCase.java:124)
	at junit.framework.TestSuite.runTest(TestSuite.java:232)
	at junit.framework.TestSuite.run(TestSuite.java:227)
	at junit.framework.TestSuite.runTest(TestSuite.java:232)
	at junit.framework.TestSuite.run(TestSuite.java:227)
	at junit.framework.TestSuite.runTest(TestSuite.java:232)
	at junit.framework.TestSuite.run(TestSuite.java:227)
	at org.apache.tools.ant.taskdefs.optional.junit.JUnitTestRunner.run(JUnitTestRunner.java:420)
	at org.apache.tools.ant.taskdefs.optional.junit.JUnitTestRunner.launch(JUnitTestRunner.java:911)
	at org.apache.tools.ant.taskdefs.optional.junit.JUnitTestRunner.main(JUnitTestRunner.java:768)
type: Upload id: Unknown operator:a - Create new Upload.
com.topcoder.util.config.UnknownNamespaceException: com.topcoder.util.log is unknown
	at com.topcoder.util.config.DefaultConfigManager.getPropertyObject(DefaultConfigManager.java:429)
	at com.topcoder.util.config.DefaultConfigManager.getString(DefaultConfigManager.java:449)
	at com.topcoder.util.log.LogFactory.getAttribute(LogFactory.java:224)
	at com.topcoder.util.log.basic.BasicLog.log(BasicLog.java:74)
	at com.topcoder.management.deliverable.PersistenceUploadManager.persistenceUploadManagerHelper(PersistenceUploadManager.java:954)
	at com.topcoder.management.deliverable.PersistenceUploadManager.createUpload(PersistenceUploadManager.java:336)
	at com.topcoder.management.deliverable.failuretests.PersistenceUploadManagerTest.testCreateUploadNotUnset(PersistenceUploadManagerTest.java:508)
	at sun.reflect.NativeMethodAccessorImpl.invoke0(Native Method)
	at sun.reflect.NativeMethodAccessorImpl.invoke(NativeMethodAccessorImpl.java:57)
	at sun.reflect.DelegatingMethodAccessorImpl.invoke(DelegatingMethodAccessorImpl.java:43)
	at java.lang.reflect.Method.invoke(Method.java:616)
	at junit.framework.TestCase.runTest(TestCase.java:168)
	at junit.framework.TestCase.runBare(TestCase.java:134)
	at junit.framework.TestResult$1.protect(TestResult.java:110)
	at junit.framework.TestResult.runProtected(TestResult.java:128)
	at junit.framework.TestResult.run(TestResult.java:113)
	at junit.framework.TestCase.run(TestCase.java:124)
	at junit.framework.TestSuite.runTest(TestSuite.java:232)
	at junit.framework.TestSuite.run(TestSuite.java:227)
	at junit.framework.TestSuite.runTest(TestSuite.java:232)
	at junit.framework.TestSuite.run(TestSuite.java:227)
	at junit.framework.TestSuite.runTest(TestSuite.java:232)
	at junit.framework.TestSuite.run(TestSuite.java:227)
	at org.apache.tools.ant.taskdefs.optional.junit.JUnitTestRunner.run(JUnitTestRunner.java:420)
	at org.apache.tools.ant.taskdefs.optional.junit.JUnitTestRunner.launch(JUnitTestRunner.java:911)
	at org.apache.tools.ant.taskdefs.optional.junit.JUnitTestRunner.main(JUnitTestRunner.java:768)
The id of the upload must be UNSET_ID, 1 received
com.topcoder.util.config.UnknownNamespaceException: com.topcoder.util.log is unknown
	at com.topcoder.util.config.DefaultConfigManager.getPropertyObject(DefaultConfigManager.java:429)
	at com.topcoder.util.config.DefaultConfigManager.getString(DefaultConfigManager.java:449)
	at com.topcoder.util.log.LogFactory.getAttribute(LogFactory.java:224)
	at com.topcoder.util.log.basic.BasicLog.log(BasicLog.java:74)
	at com.topcoder.management.deliverable.PersistenceUploadManager.<init>(PersistenceUploadManager.java:260)
	at com.topcoder.management.deliverable.failuretests.PersistenceUploadManagerTest.setUp(PersistenceUploadManagerTest.java:72)
	at junit.framework.TestCase.runBare(TestCase.java:132)
	at junit.framework.TestResult$1.protect(TestResult.java:110)
	at junit.framework.TestResult.runProtected(TestResult.java:128)
	at junit.framework.TestResult.run(TestResult.java:113)
	at junit.framework.TestCase.run(TestCase.java:124)
	at junit.framework.TestSuite.runTest(TestSuite.java:232)
	at junit.framework.TestSuite.run(TestSuite.java:227)
	at junit.framework.TestSuite.runTest(TestSuite.java:232)
	at junit.framework.TestSuite.run(TestSuite.java:227)
	at junit.framework.TestSuite.runTest(TestSuite.java:232)
	at junit.framework.TestSuite.run(TestSuite.java:227)
	at org.apache.tools.ant.taskdefs.optional.junit.JUnitTestRunner.run(JUnitTestRunner.java:420)
	at org.apache.tools.ant.taskdefs.optional.junit.JUnitTestRunner.launch(JUnitTestRunner.java:911)
	at org.apache.tools.ant.taskdefs.optional.junit.JUnitTestRunner.main(JUnitTestRunner.java:768)
Instantiate PersistenceUploadManager with UploadPersistence, uploadSearchBundle, submissionSearchBundle, uploadIdGenerator, uploadTypeIdGenerator, uploadStatusIdGenerator, submissionIDGenerator and submissionStatusIdGenerator.
com.topcoder.util.config.UnknownNamespaceException: com.topcoder.util.log is unknown
	at com.topcoder.util.config.DefaultConfigManager.getPropertyObject(DefaultConfigManager.java:429)
	at com.topcoder.util.config.DefaultConfigManager.getString(DefaultConfigManager.java:449)
	at com.topcoder.util.log.LogFactory.getAttribute(LogFactory.java:224)
	at com.topcoder.util.log.basic.BasicLog.log(BasicLog.java:74)
	at com.topcoder.management.deliverable.PersistenceUploadManager.createUpload(PersistenceUploadManager.java:335)
	at com.topcoder.management.deliverable.failuretests.PersistenceUploadManagerTest.testCreateUploadBadStatus(PersistenceUploadManagerTest.java:521)
	at sun.reflect.NativeMethodAccessorImpl.invoke0(Native Method)
	at sun.reflect.NativeMethodAccessorImpl.invoke(NativeMethodAccessorImpl.java:57)
	at sun.reflect.DelegatingMethodAccessorImpl.invoke(DelegatingMethodAccessorImpl.java:43)
	at java.lang.reflect.Method.invoke(Method.java:616)
	at junit.framework.TestCase.runTest(TestCase.java:168)
	at junit.framework.TestCase.runBare(TestCase.java:134)
	at junit.framework.TestResult$1.protect(TestResult.java:110)
	at junit.framework.TestResult.runProtected(TestResult.java:128)
	at junit.framework.TestResult.run(TestResult.java:113)
	at junit.framework.TestCase.run(TestCase.java:124)
	at junit.framework.TestSuite.runTest(TestSuite.java:232)
	at junit.framework.TestSuite.run(TestSuite.java:227)
	at junit.framework.TestSuite.runTest(TestSuite.java:232)
	at junit.framework.TestSuite.run(TestSuite.java:227)
	at junit.framework.TestSuite.runTest(TestSuite.java:232)
	at junit.framework.TestSuite.run(TestSuite.java:227)
	at org.apache.tools.ant.taskdefs.optional.junit.JUnitTestRunner.run(JUnitTestRunner.java:420)
	at org.apache.tools.ant.taskdefs.optional.junit.JUnitTestRunner.launch(JUnitTestRunner.java:911)
	at org.apache.tools.ant.taskdefs.optional.junit.JUnitTestRunner.main(JUnitTestRunner.java:768)
type: Upload id: Unknown operator:a - Create new Upload.
com.topcoder.util.config.UnknownNamespaceException: com.topcoder.util.log is unknown
	at com.topcoder.util.config.DefaultConfigManager.getPropertyObject(DefaultConfigManager.java:429)
	at com.topcoder.util.config.DefaultConfigManager.getString(DefaultConfigManager.java:449)
	at com.topcoder.util.log.LogFactory.getAttribute(LogFactory.java:224)
	at com.topcoder.util.log.basic.BasicLog.log(BasicLog.java:74)
	at com.topcoder.management.deliverable.PersistenceUploadManager.persistenceUploadManagerHelper(PersistenceUploadManager.java:966)
	at com.topcoder.management.deliverable.PersistenceUploadManager.createUpload(PersistenceUploadManager.java:336)
	at com.topcoder.management.deliverable.failuretests.PersistenceUploadManagerTest.testCreateUploadBadStatus(PersistenceUploadManagerTest.java:521)
	at sun.reflect.NativeMethodAccessorImpl.invoke0(Native Method)
	at sun.reflect.NativeMethodAccessorImpl.invoke(NativeMethodAccessorImpl.java:57)
	at sun.reflect.DelegatingMethodAccessorImpl.invoke(DelegatingMethodAccessorImpl.java:43)
	at java.lang.reflect.Method.invoke(Method.java:616)
	at junit.framework.TestCase.runTest(TestCase.java:168)
	at junit.framework.TestCase.runBare(TestCase.java:134)
	at junit.framework.TestResult$1.protect(TestResult.java:110)
	at junit.framework.TestResult.runProtected(TestResult.java:128)
	at junit.framework.TestResult.run(TestResult.java:113)
	at junit.framework.TestCase.run(TestCase.java:124)
	at junit.framework.TestSuite.runTest(TestSuite.java:232)
	at junit.framework.TestSuite.run(TestSuite.java:227)
	at junit.framework.TestSuite.runTest(TestSuite.java:232)
	at junit.framework.TestSuite.run(TestSuite.java:227)
	at junit.framework.TestSuite.runTest(TestSuite.java:232)
	at junit.framework.TestSuite.run(TestSuite.java:227)
	at org.apache.tools.ant.taskdefs.optional.junit.JUnitTestRunner.run(JUnitTestRunner.java:420)
	at org.apache.tools.ant.taskdefs.optional.junit.JUnitTestRunner.launch(JUnitTestRunner.java:911)
	at org.apache.tools.ant.taskdefs.optional.junit.JUnitTestRunner.main(JUnitTestRunner.java:768)
generate next id from the idGenerator:upload_id_seq
com.topcoder.util.config.UnknownNamespaceException: com.topcoder.util.log is unknown
	at com.topcoder.util.config.DefaultConfigManager.getPropertyObject(DefaultConfigManager.java:429)
	at com.topcoder.util.config.DefaultConfigManager.getString(DefaultConfigManager.java:449)
	at com.topcoder.util.log.LogFactory.getAttribute(LogFactory.java:224)
	at com.topcoder.util.log.basic.BasicLog.log(BasicLog.java:74)
	at com.topcoder.management.deliverable.PersistenceUploadManager.persistenceUploadManagerHelper(PersistenceUploadManager.java:988)
	at com.topcoder.management.deliverable.PersistenceUploadManager.createUpload(PersistenceUploadManager.java:336)
	at com.topcoder.management.deliverable.failuretests.PersistenceUploadManagerTest.testCreateUploadBadStatus(PersistenceUploadManagerTest.java:521)
	at sun.reflect.NativeMethodAccessorImpl.invoke0(Native Method)
	at sun.reflect.NativeMethodAccessorImpl.invoke(NativeMethodAccessorImpl.java:57)
	at sun.reflect.DelegatingMethodAccessorImpl.invoke(DelegatingMethodAccessorImpl.java:43)
	at java.lang.reflect.Method.invoke(Method.java:616)
	at junit.framework.TestCase.runTest(TestCase.java:168)
	at junit.framework.TestCase.runBare(TestCase.java:134)
	at junit.framework.TestResult$1.protect(TestResult.java:110)
	at junit.framework.TestResult.runProtected(TestResult.java:128)
	at junit.framework.TestResult.run(TestResult.java:113)
	at junit.framework.TestCase.run(TestCase.java:124)
	at junit.framework.TestSuite.runTest(TestSuite.java:232)
	at junit.framework.TestSuite.run(TestSuite.java:227)
	at junit.framework.TestSuite.runTest(TestSuite.java:232)
	at junit.framework.TestSuite.run(TestSuite.java:227)
	at junit.framework.TestSuite.runTest(TestSuite.java:232)
	at junit.framework.TestSuite.run(TestSuite.java:227)
	at org.apache.tools.ant.taskdefs.optional.junit.JUnitTestRunner.run(JUnitTestRunner.java:420)
	at org.apache.tools.ant.taskdefs.optional.junit.JUnitTestRunner.launch(JUnitTestRunner.java:911)
	at org.apache.tools.ant.taskdefs.optional.junit.JUnitTestRunner.main(JUnitTestRunner.java:768)
The upload is not in a state to be persisted.
com.topcoder.util.config.UnknownNamespaceException: com.topcoder.util.log is unknown
	at com.topcoder.util.config.DefaultConfigManager.getPropertyObject(DefaultConfigManager.java:429)
	at com.topcoder.util.config.DefaultConfigManager.getString(DefaultConfigManager.java:449)
	at com.topcoder.util.log.LogFactory.getAttribute(LogFactory.java:224)
	at com.topcoder.util.log.basic.BasicLog.log(BasicLog.java:74)
	at com.topcoder.management.deliverable.PersistenceUploadManager.<init>(PersistenceUploadManager.java:260)
	at com.topcoder.management.deliverable.failuretests.PersistenceUploadManagerTest.setUp(PersistenceUploadManagerTest.java:72)
	at junit.framework.TestCase.runBare(TestCase.java:132)
	at junit.framework.TestResult$1.protect(TestResult.java:110)
	at junit.framework.TestResult.runProtected(TestResult.java:128)
	at junit.framework.TestResult.run(TestResult.java:113)
	at junit.framework.TestCase.run(TestCase.java:124)
	at junit.framework.TestSuite.runTest(TestSuite.java:232)
	at junit.framework.TestSuite.run(TestSuite.java:227)
	at junit.framework.TestSuite.runTest(TestSuite.java:232)
	at junit.framework.TestSuite.run(TestSuite.java:227)
	at junit.framework.TestSuite.runTest(TestSuite.java:232)
	at junit.framework.TestSuite.run(TestSuite.java:227)
	at org.apache.tools.ant.taskdefs.optional.junit.JUnitTestRunner.run(JUnitTestRunner.java:420)
	at org.apache.tools.ant.taskdefs.optional.junit.JUnitTestRunner.launch(JUnitTestRunner.java:911)
	at org.apache.tools.ant.taskdefs.optional.junit.JUnitTestRunner.main(JUnitTestRunner.java:768)
Instantiate PersistenceUploadManager with UploadPersistence, uploadSearchBundle, submissionSearchBundle, uploadIdGenerator, uploadTypeIdGenerator, uploadStatusIdGenerator, submissionIDGenerator and submissionStatusIdGenerator.
com.topcoder.util.config.UnknownNamespaceException: com.topcoder.util.log is unknown
	at com.topcoder.util.config.DefaultConfigManager.getPropertyObject(DefaultConfigManager.java:429)
	at com.topcoder.util.config.DefaultConfigManager.getString(DefaultConfigManager.java:449)
	at com.topcoder.util.log.LogFactory.getAttribute(LogFactory.java:224)
	at com.topcoder.util.log.basic.BasicLog.log(BasicLog.java:74)
	at com.topcoder.management.deliverable.PersistenceUploadManager.createUploadStatus(PersistenceUploadManager.java:541)
	at com.topcoder.management.deliverable.failuretests.PersistenceUploadManagerTest.testCreateUploadStatusNullUploadStatus(PersistenceUploadManagerTest.java:534)
	at sun.reflect.NativeMethodAccessorImpl.invoke0(Native Method)
	at sun.reflect.NativeMethodAccessorImpl.invoke(NativeMethodAccessorImpl.java:57)
	at sun.reflect.DelegatingMethodAccessorImpl.invoke(DelegatingMethodAccessorImpl.java:43)
	at java.lang.reflect.Method.invoke(Method.java:616)
	at junit.framework.TestCase.runTest(TestCase.java:168)
	at junit.framework.TestCase.runBare(TestCase.java:134)
	at junit.framework.TestResult$1.protect(TestResult.java:110)
	at junit.framework.TestResult.runProtected(TestResult.java:128)
	at junit.framework.TestResult.run(TestResult.java:113)
	at junit.framework.TestCase.run(TestCase.java:124)
	at junit.framework.TestSuite.runTest(TestSuite.java:232)
	at junit.framework.TestSuite.run(TestSuite.java:227)
	at junit.framework.TestSuite.runTest(TestSuite.java:232)
	at junit.framework.TestSuite.run(TestSuite.java:227)
	at junit.framework.TestSuite.runTest(TestSuite.java:232)
	at junit.framework.TestSuite.run(TestSuite.java:227)
	at org.apache.tools.ant.taskdefs.optional.junit.JUnitTestRunner.run(JUnitTestRunner.java:420)
	at org.apache.tools.ant.taskdefs.optional.junit.JUnitTestRunner.launch(JUnitTestRunner.java:911)
	at org.apache.tools.ant.taskdefs.optional.junit.JUnitTestRunner.main(JUnitTestRunner.java:768)
type: UploadStatus id: Unknown operator:a - create new UploadStatus.
com.topcoder.util.config.UnknownNamespaceException: com.topcoder.util.log is unknown
	at com.topcoder.util.config.DefaultConfigManager.getPropertyObject(DefaultConfigManager.java:429)
	at com.topcoder.util.config.DefaultConfigManager.getString(DefaultConfigManager.java:449)
	at com.topcoder.util.log.LogFactory.getAttribute(LogFactory.java:224)
	at com.topcoder.util.log.basic.BasicLog.log(BasicLog.java:74)
	at com.topcoder.management.deliverable.PersistenceUploadManager.<init>(PersistenceUploadManager.java:260)
	at com.topcoder.management.deliverable.failuretests.PersistenceUploadManagerTest.setUp(PersistenceUploadManagerTest.java:72)
	at junit.framework.TestCase.runBare(TestCase.java:132)
	at junit.framework.TestResult$1.protect(TestResult.java:110)
	at junit.framework.TestResult.runProtected(TestResult.java:128)
	at junit.framework.TestResult.run(TestResult.java:113)
	at junit.framework.TestCase.run(TestCase.java:124)
	at junit.framework.TestSuite.runTest(TestSuite.java:232)
	at junit.framework.TestSuite.run(TestSuite.java:227)
	at junit.framework.TestSuite.runTest(TestSuite.java:232)
	at junit.framework.TestSuite.run(TestSuite.java:227)
	at junit.framework.TestSuite.runTest(TestSuite.java:232)
	at junit.framework.TestSuite.run(TestSuite.java:227)
	at org.apache.tools.ant.taskdefs.optional.junit.JUnitTestRunner.run(JUnitTestRunner.java:420)
	at org.apache.tools.ant.taskdefs.optional.junit.JUnitTestRunner.launch(JUnitTestRunner.java:911)
	at org.apache.tools.ant.taskdefs.optional.junit.JUnitTestRunner.main(JUnitTestRunner.java:768)
Instantiate PersistenceUploadManager with UploadPersistence, uploadSearchBundle, submissionSearchBundle, uploadIdGenerator, uploadTypeIdGenerator, uploadStatusIdGenerator, submissionIDGenerator and submissionStatusIdGenerator.
com.topcoder.util.config.UnknownNamespaceException: com.topcoder.util.log is unknown
	at com.topcoder.util.config.DefaultConfigManager.getPropertyObject(DefaultConfigManager.java:429)
	at com.topcoder.util.config.DefaultConfigManager.getString(DefaultConfigManager.java:449)
	at com.topcoder.util.log.LogFactory.getAttribute(LogFactory.java:224)
	at com.topcoder.util.log.basic.BasicLog.log(BasicLog.java:74)
	at com.topcoder.management.deliverable.PersistenceUploadManager.createUploadStatus(PersistenceUploadManager.java:541)
	at com.topcoder.management.deliverable.failuretests.PersistenceUploadManagerTest.testCreateUploadStatusNotUnset(PersistenceUploadManagerTest.java:547)
	at sun.reflect.NativeMethodAccessorImpl.invoke0(Native Method)
	at sun.reflect.NativeMethodAccessorImpl.invoke(NativeMethodAccessorImpl.java:57)
	at sun.reflect.DelegatingMethodAccessorImpl.invoke(DelegatingMethodAccessorImpl.java:43)
	at java.lang.reflect.Method.invoke(Method.java:616)
	at junit.framework.TestCase.runTest(TestCase.java:168)
	at junit.framework.TestCase.runBare(TestCase.java:134)
	at junit.framework.TestResult$1.protect(TestResult.java:110)
	at junit.framework.TestResult.runProtected(TestResult.java:128)
	at junit.framework.TestResult.run(TestResult.java:113)
	at junit.framework.TestCase.run(TestCase.java:124)
	at junit.framework.TestSuite.runTest(TestSuite.java:232)
	at junit.framework.TestSuite.run(TestSuite.java:227)
	at junit.framework.TestSuite.runTest(TestSuite.java:232)
	at junit.framework.TestSuite.run(TestSuite.java:227)
	at junit.framework.TestSuite.runTest(TestSuite.java:232)
	at junit.framework.TestSuite.run(TestSuite.java:227)
	at org.apache.tools.ant.taskdefs.optional.junit.JUnitTestRunner.run(JUnitTestRunner.java:420)
	at org.apache.tools.ant.taskdefs.optional.junit.JUnitTestRunner.launch(JUnitTestRunner.java:911)
	at org.apache.tools.ant.taskdefs.optional.junit.JUnitTestRunner.main(JUnitTestRunner.java:768)
type: UploadStatus id: Unknown operator:a - create new UploadStatus.
com.topcoder.util.config.UnknownNamespaceException: com.topcoder.util.log is unknown
	at com.topcoder.util.config.DefaultConfigManager.getPropertyObject(DefaultConfigManager.java:429)
	at com.topcoder.util.config.DefaultConfigManager.getString(DefaultConfigManager.java:449)
	at com.topcoder.util.log.LogFactory.getAttribute(LogFactory.java:224)
	at com.topcoder.util.log.basic.BasicLog.log(BasicLog.java:74)
	at com.topcoder.management.deliverable.PersistenceUploadManager.persistenceUploadManagerHelper(PersistenceUploadManager.java:954)
	at com.topcoder.management.deliverable.PersistenceUploadManager.createUploadStatus(PersistenceUploadManager.java:542)
	at com.topcoder.management.deliverable.failuretests.PersistenceUploadManagerTest.testCreateUploadStatusNotUnset(PersistenceUploadManagerTest.java:547)
	at sun.reflect.NativeMethodAccessorImpl.invoke0(Native Method)
	at sun.reflect.NativeMethodAccessorImpl.invoke(NativeMethodAccessorImpl.java:57)
	at sun.reflect.DelegatingMethodAccessorImpl.invoke(DelegatingMethodAccessorImpl.java:43)
	at java.lang.reflect.Method.invoke(Method.java:616)
	at junit.framework.TestCase.runTest(TestCase.java:168)
	at junit.framework.TestCase.runBare(TestCase.java:134)
	at junit.framework.TestResult$1.protect(TestResult.java:110)
	at junit.framework.TestResult.runProtected(TestResult.java:128)
	at junit.framework.TestResult.run(TestResult.java:113)
	at junit.framework.TestCase.run(TestCase.java:124)
	at junit.framework.TestSuite.runTest(TestSuite.java:232)
	at junit.framework.TestSuite.run(TestSuite.java:227)
	at junit.framework.TestSuite.runTest(TestSuite.java:232)
	at junit.framework.TestSuite.run(TestSuite.java:227)
	at junit.framework.TestSuite.runTest(TestSuite.java:232)
	at junit.framework.TestSuite.run(TestSuite.java:227)
	at org.apache.tools.ant.taskdefs.optional.junit.JUnitTestRunner.run(JUnitTestRunner.java:420)
	at org.apache.tools.ant.taskdefs.optional.junit.JUnitTestRunner.launch(JUnitTestRunner.java:911)
	at org.apache.tools.ant.taskdefs.optional.junit.JUnitTestRunner.main(JUnitTestRunner.java:768)
The id of the uploadStatus must be UNSET_ID, 1 received
com.topcoder.util.config.UnknownNamespaceException: com.topcoder.util.log is unknown
	at com.topcoder.util.config.DefaultConfigManager.getPropertyObject(DefaultConfigManager.java:429)
	at com.topcoder.util.config.DefaultConfigManager.getString(DefaultConfigManager.java:449)
	at com.topcoder.util.log.LogFactory.getAttribute(LogFactory.java:224)
	at com.topcoder.util.log.basic.BasicLog.log(BasicLog.java:74)
	at com.topcoder.management.deliverable.PersistenceUploadManager.<init>(PersistenceUploadManager.java:260)
	at com.topcoder.management.deliverable.failuretests.PersistenceUploadManagerTest.setUp(PersistenceUploadManagerTest.java:72)
	at junit.framework.TestCase.runBare(TestCase.java:132)
	at junit.framework.TestResult$1.protect(TestResult.java:110)
	at junit.framework.TestResult.runProtected(TestResult.java:128)
	at junit.framework.TestResult.run(TestResult.java:113)
	at junit.framework.TestCase.run(TestCase.java:124)
	at junit.framework.TestSuite.runTest(TestSuite.java:232)
	at junit.framework.TestSuite.run(TestSuite.java:227)
	at junit.framework.TestSuite.runTest(TestSuite.java:232)
	at junit.framework.TestSuite.run(TestSuite.java:227)
	at junit.framework.TestSuite.runTest(TestSuite.java:232)
	at junit.framework.TestSuite.run(TestSuite.java:227)
	at org.apache.tools.ant.taskdefs.optional.junit.JUnitTestRunner.run(JUnitTestRunner.java:420)
	at org.apache.tools.ant.taskdefs.optional.junit.JUnitTestRunner.launch(JUnitTestRunner.java:911)
	at org.apache.tools.ant.taskdefs.optional.junit.JUnitTestRunner.main(JUnitTestRunner.java:768)
Instantiate PersistenceUploadManager with UploadPersistence, uploadSearchBundle, submissionSearchBundle, uploadIdGenerator, uploadTypeIdGenerator, uploadStatusIdGenerator, submissionIDGenerator and submissionStatusIdGenerator.
com.topcoder.util.config.UnknownNamespaceException: com.topcoder.util.log is unknown
	at com.topcoder.util.config.DefaultConfigManager.getPropertyObject(DefaultConfigManager.java:429)
	at com.topcoder.util.config.DefaultConfigManager.getString(DefaultConfigManager.java:449)
	at com.topcoder.util.log.LogFactory.getAttribute(LogFactory.java:224)
	at com.topcoder.util.log.basic.BasicLog.log(BasicLog.java:74)
	at com.topcoder.management.deliverable.PersistenceUploadManager.createUploadStatus(PersistenceUploadManager.java:541)
	at com.topcoder.management.deliverable.failuretests.PersistenceUploadManagerTest.testCreateUploadStatusBadStatus(PersistenceUploadManagerTest.java:560)
	at sun.reflect.NativeMethodAccessorImpl.invoke0(Native Method)
	at sun.reflect.NativeMethodAccessorImpl.invoke(NativeMethodAccessorImpl.java:57)
	at sun.reflect.DelegatingMethodAccessorImpl.invoke(DelegatingMethodAccessorImpl.java:43)
	at java.lang.reflect.Method.invoke(Method.java:616)
	at junit.framework.TestCase.runTest(TestCase.java:168)
	at junit.framework.TestCase.runBare(TestCase.java:134)
	at junit.framework.TestResult$1.protect(TestResult.java:110)
	at junit.framework.TestResult.runProtected(TestResult.java:128)
	at junit.framework.TestResult.run(TestResult.java:113)
	at junit.framework.TestCase.run(TestCase.java:124)
	at junit.framework.TestSuite.runTest(TestSuite.java:232)
	at junit.framework.TestSuite.run(TestSuite.java:227)
	at junit.framework.TestSuite.runTest(TestSuite.java:232)
	at junit.framework.TestSuite.run(TestSuite.java:227)
	at junit.framework.TestSuite.runTest(TestSuite.java:232)
	at junit.framework.TestSuite.run(TestSuite.java:227)
	at org.apache.tools.ant.taskdefs.optional.junit.JUnitTestRunner.run(JUnitTestRunner.java:420)
	at org.apache.tools.ant.taskdefs.optional.junit.JUnitTestRunner.launch(JUnitTestRunner.java:911)
	at org.apache.tools.ant.taskdefs.optional.junit.JUnitTestRunner.main(JUnitTestRunner.java:768)
type: UploadStatus id: Unknown operator:a - create new UploadStatus.
com.topcoder.util.config.UnknownNamespaceException: com.topcoder.util.log is unknown
	at com.topcoder.util.config.DefaultConfigManager.getPropertyObject(DefaultConfigManager.java:429)
	at com.topcoder.util.config.DefaultConfigManager.getString(DefaultConfigManager.java:449)
	at com.topcoder.util.log.LogFactory.getAttribute(LogFactory.java:224)
	at com.topcoder.util.log.basic.BasicLog.log(BasicLog.java:74)
	at com.topcoder.management.deliverable.PersistenceUploadManager.persistenceUploadManagerHelper(PersistenceUploadManager.java:966)
	at com.topcoder.management.deliverable.PersistenceUploadManager.createUploadStatus(PersistenceUploadManager.java:542)
	at com.topcoder.management.deliverable.failuretests.PersistenceUploadManagerTest.testCreateUploadStatusBadStatus(PersistenceUploadManagerTest.java:560)
	at sun.reflect.NativeMethodAccessorImpl.invoke0(Native Method)
	at sun.reflect.NativeMethodAccessorImpl.invoke(NativeMethodAccessorImpl.java:57)
	at sun.reflect.DelegatingMethodAccessorImpl.invoke(DelegatingMethodAccessorImpl.java:43)
	at java.lang.reflect.Method.invoke(Method.java:616)
	at junit.framework.TestCase.runTest(TestCase.java:168)
	at junit.framework.TestCase.runBare(TestCase.java:134)
	at junit.framework.TestResult$1.protect(TestResult.java:110)
	at junit.framework.TestResult.runProtected(TestResult.java:128)
	at junit.framework.TestResult.run(TestResult.java:113)
	at junit.framework.TestCase.run(TestCase.java:124)
	at junit.framework.TestSuite.runTest(TestSuite.java:232)
	at junit.framework.TestSuite.run(TestSuite.java:227)
	at junit.framework.TestSuite.runTest(TestSuite.java:232)
	at junit.framework.TestSuite.run(TestSuite.java:227)
	at junit.framework.TestSuite.runTest(TestSuite.java:232)
	at junit.framework.TestSuite.run(TestSuite.java:227)
	at org.apache.tools.ant.taskdefs.optional.junit.JUnitTestRunner.run(JUnitTestRunner.java:420)
	at org.apache.tools.ant.taskdefs.optional.junit.JUnitTestRunner.launch(JUnitTestRunner.java:911)
	at org.apache.tools.ant.taskdefs.optional.junit.JUnitTestRunner.main(JUnitTestRunner.java:768)
generate next id from the idGenerator:upload_status_id_seq
com.topcoder.util.config.UnknownNamespaceException: com.topcoder.util.log is unknown
	at com.topcoder.util.config.DefaultConfigManager.getPropertyObject(DefaultConfigManager.java:429)
	at com.topcoder.util.config.DefaultConfigManager.getString(DefaultConfigManager.java:449)
	at com.topcoder.util.log.LogFactory.getAttribute(LogFactory.java:224)
	at com.topcoder.util.log.basic.BasicLog.log(BasicLog.java:74)
	at com.topcoder.management.deliverable.PersistenceUploadManager.persistenceUploadManagerHelper(PersistenceUploadManager.java:988)
	at com.topcoder.management.deliverable.PersistenceUploadManager.createUploadStatus(PersistenceUploadManager.java:542)
	at com.topcoder.management.deliverable.failuretests.PersistenceUploadManagerTest.testCreateUploadStatusBadStatus(PersistenceUploadManagerTest.java:560)
	at sun.reflect.NativeMethodAccessorImpl.invoke0(Native Method)
	at sun.reflect.NativeMethodAccessorImpl.invoke(NativeMethodAccessorImpl.java:57)
	at sun.reflect.DelegatingMethodAccessorImpl.invoke(DelegatingMethodAccessorImpl.java:43)
	at java.lang.reflect.Method.invoke(Method.java:616)
	at junit.framework.TestCase.runTest(TestCase.java:168)
	at junit.framework.TestCase.runBare(TestCase.java:134)
	at junit.framework.TestResult$1.protect(TestResult.java:110)
	at junit.framework.TestResult.runProtected(TestResult.java:128)
	at junit.framework.TestResult.run(TestResult.java:113)
	at junit.framework.TestCase.run(TestCase.java:124)
	at junit.framework.TestSuite.runTest(TestSuite.java:232)
	at junit.framework.TestSuite.run(TestSuite.java:227)
	at junit.framework.TestSuite.runTest(TestSuite.java:232)
	at junit.framework.TestSuite.run(TestSuite.java:227)
	at junit.framework.TestSuite.runTest(TestSuite.java:232)
	at junit.framework.TestSuite.run(TestSuite.java:227)
	at org.apache.tools.ant.taskdefs.optional.junit.JUnitTestRunner.run(JUnitTestRunner.java:420)
	at org.apache.tools.ant.taskdefs.optional.junit.JUnitTestRunner.launch(JUnitTestRunner.java:911)
	at org.apache.tools.ant.taskdefs.optional.junit.JUnitTestRunner.main(JUnitTestRunner.java:768)
The uploadStatus is not in a state to be persisted.
com.topcoder.util.config.UnknownNamespaceException: com.topcoder.util.log is unknown
	at com.topcoder.util.config.DefaultConfigManager.getPropertyObject(DefaultConfigManager.java:429)
	at com.topcoder.util.config.DefaultConfigManager.getString(DefaultConfigManager.java:449)
	at com.topcoder.util.log.LogFactory.getAttribute(LogFactory.java:224)
	at com.topcoder.util.log.basic.BasicLog.log(BasicLog.java:74)
	at com.topcoder.management.deliverable.PersistenceUploadManager.<init>(PersistenceUploadManager.java:260)
	at com.topcoder.management.deliverable.failuretests.PersistenceUploadManagerTest.setUp(PersistenceUploadManagerTest.java:72)
	at junit.framework.TestCase.runBare(TestCase.java:132)
	at junit.framework.TestResult$1.protect(TestResult.java:110)
	at junit.framework.TestResult.runProtected(TestResult.java:128)
	at junit.framework.TestResult.run(TestResult.java:113)
	at junit.framework.TestCase.run(TestCase.java:124)
	at junit.framework.TestSuite.runTest(TestSuite.java:232)
	at junit.framework.TestSuite.run(TestSuite.java:227)
	at junit.framework.TestSuite.runTest(TestSuite.java:232)
	at junit.framework.TestSuite.run(TestSuite.java:227)
	at junit.framework.TestSuite.runTest(TestSuite.java:232)
	at junit.framework.TestSuite.run(TestSuite.java:227)
	at org.apache.tools.ant.taskdefs.optional.junit.JUnitTestRunner.run(JUnitTestRunner.java:420)
	at org.apache.tools.ant.taskdefs.optional.junit.JUnitTestRunner.launch(JUnitTestRunner.java:911)
	at org.apache.tools.ant.taskdefs.optional.junit.JUnitTestRunner.main(JUnitTestRunner.java:768)
Instantiate PersistenceUploadManager with UploadPersistence, uploadSearchBundle, submissionSearchBundle, uploadIdGenerator, uploadTypeIdGenerator, uploadStatusIdGenerator, submissionIDGenerator and submissionStatusIdGenerator.
com.topcoder.util.config.UnknownNamespaceException: com.topcoder.util.log is unknown
	at com.topcoder.util.config.DefaultConfigManager.getPropertyObject(DefaultConfigManager.java:429)
	at com.topcoder.util.config.DefaultConfigManager.getString(DefaultConfigManager.java:449)
	at com.topcoder.util.log.LogFactory.getAttribute(LogFactory.java:224)
	at com.topcoder.util.log.basic.BasicLog.log(BasicLog.java:74)
	at com.topcoder.management.deliverable.PersistenceUploadManager.createUploadType(PersistenceUploadManager.java:453)
	at com.topcoder.management.deliverable.failuretests.PersistenceUploadManagerTest.testCreateUploadNullUploadType(PersistenceUploadManagerTest.java:573)
	at sun.reflect.NativeMethodAccessorImpl.invoke0(Native Method)
	at sun.reflect.NativeMethodAccessorImpl.invoke(NativeMethodAccessorImpl.java:57)
	at sun.reflect.DelegatingMethodAccessorImpl.invoke(DelegatingMethodAccessorImpl.java:43)
	at java.lang.reflect.Method.invoke(Method.java:616)
	at junit.framework.TestCase.runTest(TestCase.java:168)
	at junit.framework.TestCase.runBare(TestCase.java:134)
	at junit.framework.TestResult$1.protect(TestResult.java:110)
	at junit.framework.TestResult.runProtected(TestResult.java:128)
	at junit.framework.TestResult.run(TestResult.java:113)
	at junit.framework.TestCase.run(TestCase.java:124)
	at junit.framework.TestSuite.runTest(TestSuite.java:232)
	at junit.framework.TestSuite.run(TestSuite.java:227)
	at junit.framework.TestSuite.runTest(TestSuite.java:232)
	at junit.framework.TestSuite.run(TestSuite.java:227)
	at junit.framework.TestSuite.runTest(TestSuite.java:232)
	at junit.framework.TestSuite.run(TestSuite.java:227)
	at org.apache.tools.ant.taskdefs.optional.junit.JUnitTestRunner.run(JUnitTestRunner.java:420)
	at org.apache.tools.ant.taskdefs.optional.junit.JUnitTestRunner.launch(JUnitTestRunner.java:911)
	at org.apache.tools.ant.taskdefs.optional.junit.JUnitTestRunner.main(JUnitTestRunner.java:768)
type: UploadType id: Unknown operator:a - Create new UploadType.
com.topcoder.util.config.UnknownNamespaceException: com.topcoder.util.log is unknown
	at com.topcoder.util.config.DefaultConfigManager.getPropertyObject(DefaultConfigManager.java:429)
	at com.topcoder.util.config.DefaultConfigManager.getString(DefaultConfigManager.java:449)
	at com.topcoder.util.log.LogFactory.getAttribute(LogFactory.java:224)
	at com.topcoder.util.log.basic.BasicLog.log(BasicLog.java:74)
	at com.topcoder.management.deliverable.PersistenceUploadManager.<init>(PersistenceUploadManager.java:260)
	at com.topcoder.management.deliverable.failuretests.PersistenceUploadManagerTest.setUp(PersistenceUploadManagerTest.java:72)
	at junit.framework.TestCase.runBare(TestCase.java:132)
	at junit.framework.TestResult$1.protect(TestResult.java:110)
	at junit.framework.TestResult.runProtected(TestResult.java:128)
	at junit.framework.TestResult.run(TestResult.java:113)
	at junit.framework.TestCase.run(TestCase.java:124)
	at junit.framework.TestSuite.runTest(TestSuite.java:232)
	at junit.framework.TestSuite.run(TestSuite.java:227)
	at junit.framework.TestSuite.runTest(TestSuite.java:232)
	at junit.framework.TestSuite.run(TestSuite.java:227)
	at junit.framework.TestSuite.runTest(TestSuite.java:232)
	at junit.framework.TestSuite.run(TestSuite.java:227)
	at org.apache.tools.ant.taskdefs.optional.junit.JUnitTestRunner.run(JUnitTestRunner.java:420)
	at org.apache.tools.ant.taskdefs.optional.junit.JUnitTestRunner.launch(JUnitTestRunner.java:911)
	at org.apache.tools.ant.taskdefs.optional.junit.JUnitTestRunner.main(JUnitTestRunner.java:768)
Instantiate PersistenceUploadManager with UploadPersistence, uploadSearchBundle, submissionSearchBundle, uploadIdGenerator, uploadTypeIdGenerator, uploadStatusIdGenerator, submissionIDGenerator and submissionStatusIdGenerator.
com.topcoder.util.config.UnknownNamespaceException: com.topcoder.util.log is unknown
	at com.topcoder.util.config.DefaultConfigManager.getPropertyObject(DefaultConfigManager.java:429)
	at com.topcoder.util.config.DefaultConfigManager.getString(DefaultConfigManager.java:449)
	at com.topcoder.util.log.LogFactory.getAttribute(LogFactory.java:224)
	at com.topcoder.util.log.basic.BasicLog.log(BasicLog.java:74)
	at com.topcoder.management.deliverable.PersistenceUploadManager.createUploadType(PersistenceUploadManager.java:453)
	at com.topcoder.management.deliverable.failuretests.PersistenceUploadManagerTest.testCreateUploadTypeNotUnset(PersistenceUploadManagerTest.java:586)
	at sun.reflect.NativeMethodAccessorImpl.invoke0(Native Method)
	at sun.reflect.NativeMethodAccessorImpl.invoke(NativeMethodAccessorImpl.java:57)
	at sun.reflect.DelegatingMethodAccessorImpl.invoke(DelegatingMethodAccessorImpl.java:43)
	at java.lang.reflect.Method.invoke(Method.java:616)
	at junit.framework.TestCase.runTest(TestCase.java:168)
	at junit.framework.TestCase.runBare(TestCase.java:134)
	at junit.framework.TestResult$1.protect(TestResult.java:110)
	at junit.framework.TestResult.runProtected(TestResult.java:128)
	at junit.framework.TestResult.run(TestResult.java:113)
	at junit.framework.TestCase.run(TestCase.java:124)
	at junit.framework.TestSuite.runTest(TestSuite.java:232)
	at junit.framework.TestSuite.run(TestSuite.java:227)
	at junit.framework.TestSuite.runTest(TestSuite.java:232)
	at junit.framework.TestSuite.run(TestSuite.java:227)
	at junit.framework.TestSuite.runTest(TestSuite.java:232)
	at junit.framework.TestSuite.run(TestSuite.java:227)
	at org.apache.tools.ant.taskdefs.optional.junit.JUnitTestRunner.run(JUnitTestRunner.java:420)
	at org.apache.tools.ant.taskdefs.optional.junit.JUnitTestRunner.launch(JUnitTestRunner.java:911)
	at org.apache.tools.ant.taskdefs.optional.junit.JUnitTestRunner.main(JUnitTestRunner.java:768)
type: UploadType id: Unknown operator:a - Create new UploadType.
com.topcoder.util.config.UnknownNamespaceException: com.topcoder.util.log is unknown
	at com.topcoder.util.config.DefaultConfigManager.getPropertyObject(DefaultConfigManager.java:429)
	at com.topcoder.util.config.DefaultConfigManager.getString(DefaultConfigManager.java:449)
	at com.topcoder.util.log.LogFactory.getAttribute(LogFactory.java:224)
	at com.topcoder.util.log.basic.BasicLog.log(BasicLog.java:74)
	at com.topcoder.management.deliverable.PersistenceUploadManager.persistenceUploadManagerHelper(PersistenceUploadManager.java:954)
	at com.topcoder.management.deliverable.PersistenceUploadManager.createUploadType(PersistenceUploadManager.java:454)
	at com.topcoder.management.deliverable.failuretests.PersistenceUploadManagerTest.testCreateUploadTypeNotUnset(PersistenceUploadManagerTest.java:586)
	at sun.reflect.NativeMethodAccessorImpl.invoke0(Native Method)
	at sun.reflect.NativeMethodAccessorImpl.invoke(NativeMethodAccessorImpl.java:57)
	at sun.reflect.DelegatingMethodAccessorImpl.invoke(DelegatingMethodAccessorImpl.java:43)
	at java.lang.reflect.Method.invoke(Method.java:616)
	at junit.framework.TestCase.runTest(TestCase.java:168)
	at junit.framework.TestCase.runBare(TestCase.java:134)
	at junit.framework.TestResult$1.protect(TestResult.java:110)
	at junit.framework.TestResult.runProtected(TestResult.java:128)
	at junit.framework.TestResult.run(TestResult.java:113)
	at junit.framework.TestCase.run(TestCase.java:124)
	at junit.framework.TestSuite.runTest(TestSuite.java:232)
	at junit.framework.TestSuite.run(TestSuite.java:227)
	at junit.framework.TestSuite.runTest(TestSuite.java:232)
	at junit.framework.TestSuite.run(TestSuite.java:227)
	at junit.framework.TestSuite.runTest(TestSuite.java:232)
	at junit.framework.TestSuite.run(TestSuite.java:227)
	at org.apache.tools.ant.taskdefs.optional.junit.JUnitTestRunner.run(JUnitTestRunner.java:420)
	at org.apache.tools.ant.taskdefs.optional.junit.JUnitTestRunner.launch(JUnitTestRunner.java:911)
	at org.apache.tools.ant.taskdefs.optional.junit.JUnitTestRunner.main(JUnitTestRunner.java:768)
The id of the uploadType must be UNSET_ID, 1 received
com.topcoder.util.config.UnknownNamespaceException: com.topcoder.util.log is unknown
	at com.topcoder.util.config.DefaultConfigManager.getPropertyObject(DefaultConfigManager.java:429)
	at com.topcoder.util.config.DefaultConfigManager.getString(DefaultConfigManager.java:449)
	at com.topcoder.util.log.LogFactory.getAttribute(LogFactory.java:224)
	at com.topcoder.util.log.basic.BasicLog.log(BasicLog.java:74)
	at com.topcoder.management.deliverable.PersistenceUploadManager.<init>(PersistenceUploadManager.java:260)
	at com.topcoder.management.deliverable.failuretests.PersistenceUploadManagerTest.setUp(PersistenceUploadManagerTest.java:72)
	at junit.framework.TestCase.runBare(TestCase.java:132)
	at junit.framework.TestResult$1.protect(TestResult.java:110)
	at junit.framework.TestResult.runProtected(TestResult.java:128)
	at junit.framework.TestResult.run(TestResult.java:113)
	at junit.framework.TestCase.run(TestCase.java:124)
	at junit.framework.TestSuite.runTest(TestSuite.java:232)
	at junit.framework.TestSuite.run(TestSuite.java:227)
	at junit.framework.TestSuite.runTest(TestSuite.java:232)
	at junit.framework.TestSuite.run(TestSuite.java:227)
	at junit.framework.TestSuite.runTest(TestSuite.java:232)
	at junit.framework.TestSuite.run(TestSuite.java:227)
	at org.apache.tools.ant.taskdefs.optional.junit.JUnitTestRunner.run(JUnitTestRunner.java:420)
	at org.apache.tools.ant.taskdefs.optional.junit.JUnitTestRunner.launch(JUnitTestRunner.java:911)
	at org.apache.tools.ant.taskdefs.optional.junit.JUnitTestRunner.main(JUnitTestRunner.java:768)
Instantiate PersistenceUploadManager with UploadPersistence, uploadSearchBundle, submissionSearchBundle, uploadIdGenerator, uploadTypeIdGenerator, uploadStatusIdGenerator, submissionIDGenerator and submissionStatusIdGenerator.
com.topcoder.util.config.UnknownNamespaceException: com.topcoder.util.log is unknown
	at com.topcoder.util.config.DefaultConfigManager.getPropertyObject(DefaultConfigManager.java:429)
	at com.topcoder.util.config.DefaultConfigManager.getString(DefaultConfigManager.java:449)
	at com.topcoder.util.log.LogFactory.getAttribute(LogFactory.java:224)
	at com.topcoder.util.log.basic.BasicLog.log(BasicLog.java:74)
	at com.topcoder.management.deliverable.PersistenceUploadManager.createUploadType(PersistenceUploadManager.java:453)
	at com.topcoder.management.deliverable.failuretests.PersistenceUploadManagerTest.testCreateUploadTypeBadStatus(PersistenceUploadManagerTest.java:599)
	at sun.reflect.NativeMethodAccessorImpl.invoke0(Native Method)
	at sun.reflect.NativeMethodAccessorImpl.invoke(NativeMethodAccessorImpl.java:57)
	at sun.reflect.DelegatingMethodAccessorImpl.invoke(DelegatingMethodAccessorImpl.java:43)
	at java.lang.reflect.Method.invoke(Method.java:616)
	at junit.framework.TestCase.runTest(TestCase.java:168)
	at junit.framework.TestCase.runBare(TestCase.java:134)
	at junit.framework.TestResult$1.protect(TestResult.java:110)
	at junit.framework.TestResult.runProtected(TestResult.java:128)
	at junit.framework.TestResult.run(TestResult.java:113)
	at junit.framework.TestCase.run(TestCase.java:124)
	at junit.framework.TestSuite.runTest(TestSuite.java:232)
	at junit.framework.TestSuite.run(TestSuite.java:227)
	at junit.framework.TestSuite.runTest(TestSuite.java:232)
	at junit.framework.TestSuite.run(TestSuite.java:227)
	at junit.framework.TestSuite.runTest(TestSuite.java:232)
	at junit.framework.TestSuite.run(TestSuite.java:227)
	at org.apache.tools.ant.taskdefs.optional.junit.JUnitTestRunner.run(JUnitTestRunner.java:420)
	at org.apache.tools.ant.taskdefs.optional.junit.JUnitTestRunner.launch(JUnitTestRunner.java:911)
	at org.apache.tools.ant.taskdefs.optional.junit.JUnitTestRunner.main(JUnitTestRunner.java:768)
type: UploadType id: Unknown operator:a - Create new UploadType.
com.topcoder.util.config.UnknownNamespaceException: com.topcoder.util.log is unknown
	at com.topcoder.util.config.DefaultConfigManager.getPropertyObject(DefaultConfigManager.java:429)
	at com.topcoder.util.config.DefaultConfigManager.getString(DefaultConfigManager.java:449)
	at com.topcoder.util.log.LogFactory.getAttribute(LogFactory.java:224)
	at com.topcoder.util.log.basic.BasicLog.log(BasicLog.java:74)
	at com.topcoder.management.deliverable.PersistenceUploadManager.persistenceUploadManagerHelper(PersistenceUploadManager.java:966)
	at com.topcoder.management.deliverable.PersistenceUploadManager.createUploadType(PersistenceUploadManager.java:454)
	at com.topcoder.management.deliverable.failuretests.PersistenceUploadManagerTest.testCreateUploadTypeBadStatus(PersistenceUploadManagerTest.java:599)
	at sun.reflect.NativeMethodAccessorImpl.invoke0(Native Method)
	at sun.reflect.NativeMethodAccessorImpl.invoke(NativeMethodAccessorImpl.java:57)
	at sun.reflect.DelegatingMethodAccessorImpl.invoke(DelegatingMethodAccessorImpl.java:43)
	at java.lang.reflect.Method.invoke(Method.java:616)
	at junit.framework.TestCase.runTest(TestCase.java:168)
	at junit.framework.TestCase.runBare(TestCase.java:134)
	at junit.framework.TestResult$1.protect(TestResult.java:110)
	at junit.framework.TestResult.runProtected(TestResult.java:128)
	at junit.framework.TestResult.run(TestResult.java:113)
	at junit.framework.TestCase.run(TestCase.java:124)
	at junit.framework.TestSuite.runTest(TestSuite.java:232)
	at junit.framework.TestSuite.run(TestSuite.java:227)
	at junit.framework.TestSuite.runTest(TestSuite.java:232)
	at junit.framework.TestSuite.run(TestSuite.java:227)
	at junit.framework.TestSuite.runTest(TestSuite.java:232)
	at junit.framework.TestSuite.run(TestSuite.java:227)
	at org.apache.tools.ant.taskdefs.optional.junit.JUnitTestRunner.run(JUnitTestRunner.java:420)
	at org.apache.tools.ant.taskdefs.optional.junit.JUnitTestRunner.launch(JUnitTestRunner.java:911)
	at org.apache.tools.ant.taskdefs.optional.junit.JUnitTestRunner.main(JUnitTestRunner.java:768)
generate next id from the idGenerator:upload_type_id_seq
com.topcoder.util.config.UnknownNamespaceException: com.topcoder.util.log is unknown
	at com.topcoder.util.config.DefaultConfigManager.getPropertyObject(DefaultConfigManager.java:429)
	at com.topcoder.util.config.DefaultConfigManager.getString(DefaultConfigManager.java:449)
	at com.topcoder.util.log.LogFactory.getAttribute(LogFactory.java:224)
	at com.topcoder.util.log.basic.BasicLog.log(BasicLog.java:74)
	at com.topcoder.management.deliverable.PersistenceUploadManager.persistenceUploadManagerHelper(PersistenceUploadManager.java:988)
	at com.topcoder.management.deliverable.PersistenceUploadManager.createUploadType(PersistenceUploadManager.java:454)
	at com.topcoder.management.deliverable.failuretests.PersistenceUploadManagerTest.testCreateUploadTypeBadStatus(PersistenceUploadManagerTest.java:599)
	at sun.reflect.NativeMethodAccessorImpl.invoke0(Native Method)
	at sun.reflect.NativeMethodAccessorImpl.invoke(NativeMethodAccessorImpl.java:57)
	at sun.reflect.DelegatingMethodAccessorImpl.invoke(DelegatingMethodAccessorImpl.java:43)
	at java.lang.reflect.Method.invoke(Method.java:616)
	at junit.framework.TestCase.runTest(TestCase.java:168)
	at junit.framework.TestCase.runBare(TestCase.java:134)
	at junit.framework.TestResult$1.protect(TestResult.java:110)
	at junit.framework.TestResult.runProtected(TestResult.java:128)
	at junit.framework.TestResult.run(TestResult.java:113)
	at junit.framework.TestCase.run(TestCase.java:124)
	at junit.framework.TestSuite.runTest(TestSuite.java:232)
	at junit.framework.TestSuite.run(TestSuite.java:227)
	at junit.framework.TestSuite.runTest(TestSuite.java:232)
	at junit.framework.TestSuite.run(TestSuite.java:227)
	at junit.framework.TestSuite.runTest(TestSuite.java:232)
	at junit.framework.TestSuite.run(TestSuite.java:227)
	at org.apache.tools.ant.taskdefs.optional.junit.JUnitTestRunner.run(JUnitTestRunner.java:420)
	at org.apache.tools.ant.taskdefs.optional.junit.JUnitTestRunner.launch(JUnitTestRunner.java:911)
	at org.apache.tools.ant.taskdefs.optional.junit.JUnitTestRunner.main(JUnitTestRunner.java:768)
The uploadType is not in a state to be persisted.
com.topcoder.util.config.UnknownNamespaceException: com.topcoder.util.log is unknown
	at com.topcoder.util.config.DefaultConfigManager.getPropertyObject(DefaultConfigManager.java:429)
	at com.topcoder.util.config.DefaultConfigManager.getString(DefaultConfigManager.java:449)
	at com.topcoder.util.log.LogFactory.getAttribute(LogFactory.java:224)
	at com.topcoder.util.log.basic.BasicLog.log(BasicLog.java:74)
	at com.topcoder.management.deliverable.PersistenceUploadManager.<init>(PersistenceUploadManager.java:260)
	at com.topcoder.management.deliverable.failuretests.PersistenceUploadManagerTest.setUp(PersistenceUploadManagerTest.java:72)
	at junit.framework.TestCase.runBare(TestCase.java:132)
	at junit.framework.TestResult$1.protect(TestResult.java:110)
	at junit.framework.TestResult.runProtected(TestResult.java:128)
	at junit.framework.TestResult.run(TestResult.java:113)
	at junit.framework.TestCase.run(TestCase.java:124)
	at junit.framework.TestSuite.runTest(TestSuite.java:232)
	at junit.framework.TestSuite.run(TestSuite.java:227)
	at junit.framework.TestSuite.runTest(TestSuite.java:232)
	at junit.framework.TestSuite.run(TestSuite.java:227)
	at junit.framework.TestSuite.runTest(TestSuite.java:232)
	at junit.framework.TestSuite.run(TestSuite.java:227)
	at org.apache.tools.ant.taskdefs.optional.junit.JUnitTestRunner.run(JUnitTestRunner.java:420)
	at org.apache.tools.ant.taskdefs.optional.junit.JUnitTestRunner.launch(JUnitTestRunner.java:911)
	at org.apache.tools.ant.taskdefs.optional.junit.JUnitTestRunner.main(JUnitTestRunner.java:768)
Instantiate PersistenceUploadManager with UploadPersistence, uploadSearchBundle, submissionSearchBundle, uploadIdGenerator, uploadTypeIdGenerator, uploadStatusIdGenerator, submissionIDGenerator and submissionStatusIdGenerator.
com.topcoder.util.config.UnknownNamespaceException: com.topcoder.util.log is unknown
	at com.topcoder.util.config.DefaultConfigManager.getPropertyObject(DefaultConfigManager.java:429)
	at com.topcoder.util.config.DefaultConfigManager.getString(DefaultConfigManager.java:449)
	at com.topcoder.util.log.LogFactory.getAttribute(LogFactory.java:224)
	at com.topcoder.util.log.basic.BasicLog.log(BasicLog.java:74)
	at com.topcoder.management.deliverable.PersistenceUploadManager.getSubmission(PersistenceUploadManager.java:702)
	at com.topcoder.management.deliverable.failuretests.PersistenceUploadManagerTest.testGetSubmissionZeroId(PersistenceUploadManagerTest.java:612)
	at sun.reflect.NativeMethodAccessorImpl.invoke0(Native Method)
	at sun.reflect.NativeMethodAccessorImpl.invoke(NativeMethodAccessorImpl.java:57)
	at sun.reflect.DelegatingMethodAccessorImpl.invoke(DelegatingMethodAccessorImpl.java:43)
	at java.lang.reflect.Method.invoke(Method.java:616)
	at junit.framework.TestCase.runTest(TestCase.java:168)
	at junit.framework.TestCase.runBare(TestCase.java:134)
	at junit.framework.TestResult$1.protect(TestResult.java:110)
	at junit.framework.TestResult.runProtected(TestResult.java:128)
	at junit.framework.TestResult.run(TestResult.java:113)
	at junit.framework.TestCase.run(TestCase.java:124)
	at junit.framework.TestSuite.runTest(TestSuite.java:232)
	at junit.framework.TestSuite.run(TestSuite.java:227)
	at junit.framework.TestSuite.runTest(TestSuite.java:232)
	at junit.framework.TestSuite.run(TestSuite.java:227)
	at junit.framework.TestSuite.runTest(TestSuite.java:232)
	at junit.framework.TestSuite.run(TestSuite.java:227)
	at org.apache.tools.ant.taskdefs.optional.junit.JUnitTestRunner.run(JUnitTestRunner.java:420)
	at org.apache.tools.ant.taskdefs.optional.junit.JUnitTestRunner.launch(JUnitTestRunner.java:911)
	at org.apache.tools.ant.taskdefs.optional.junit.JUnitTestRunner.main(JUnitTestRunner.java:768)
type: Submission id: 0 operator:Unknown - Retrieve Submission, delegate to persistence.
com.topcoder.util.config.UnknownNamespaceException: com.topcoder.util.log is unknown
	at com.topcoder.util.config.DefaultConfigManager.getPropertyObject(DefaultConfigManager.java:429)
	at com.topcoder.util.config.DefaultConfigManager.getString(DefaultConfigManager.java:449)
	at com.topcoder.util.log.LogFactory.getAttribute(LogFactory.java:224)
	at com.topcoder.util.log.basic.BasicLog.log(BasicLog.java:74)
	at com.topcoder.management.deliverable.PersistenceUploadManager.<init>(PersistenceUploadManager.java:260)
	at com.topcoder.management.deliverable.failuretests.PersistenceUploadManagerTest.setUp(PersistenceUploadManagerTest.java:72)
	at junit.framework.TestCase.runBare(TestCase.java:132)
	at junit.framework.TestResult$1.protect(TestResult.java:110)
	at junit.framework.TestResult.runProtected(TestResult.java:128)
	at junit.framework.TestResult.run(TestResult.java:113)
	at junit.framework.TestCase.run(TestCase.java:124)
	at junit.framework.TestSuite.runTest(TestSuite.java:232)
	at junit.framework.TestSuite.run(TestSuite.java:227)
	at junit.framework.TestSuite.runTest(TestSuite.java:232)
	at junit.framework.TestSuite.run(TestSuite.java:227)
	at junit.framework.TestSuite.runTest(TestSuite.java:232)
	at junit.framework.TestSuite.run(TestSuite.java:227)
	at org.apache.tools.ant.taskdefs.optional.junit.JUnitTestRunner.run(JUnitTestRunner.java:420)
	at org.apache.tools.ant.taskdefs.optional.junit.JUnitTestRunner.launch(JUnitTestRunner.java:911)
	at org.apache.tools.ant.taskdefs.optional.junit.JUnitTestRunner.main(JUnitTestRunner.java:768)
Instantiate PersistenceUploadManager with UploadPersistence, uploadSearchBundle, submissionSearchBundle, uploadIdGenerator, uploadTypeIdGenerator, uploadStatusIdGenerator, submissionIDGenerator and submissionStatusIdGenerator.
com.topcoder.util.config.UnknownNamespaceException: com.topcoder.util.log is unknown
	at com.topcoder.util.config.DefaultConfigManager.getPropertyObject(DefaultConfigManager.java:429)
	at com.topcoder.util.config.DefaultConfigManager.getString(DefaultConfigManager.java:449)
	at com.topcoder.util.log.LogFactory.getAttribute(LogFactory.java:224)
	at com.topcoder.util.log.basic.BasicLog.log(BasicLog.java:74)
	at com.topcoder.management.deliverable.PersistenceUploadManager.getSubmission(PersistenceUploadManager.java:702)
	at com.topcoder.management.deliverable.failuretests.PersistenceUploadManagerTest.testGetSubmissionNegativeId(PersistenceUploadManagerTest.java:625)
	at sun.reflect.NativeMethodAccessorImpl.invoke0(Native Method)
	at sun.reflect.NativeMethodAccessorImpl.invoke(NativeMethodAccessorImpl.java:57)
	at sun.reflect.DelegatingMethodAccessorImpl.invoke(DelegatingMethodAccessorImpl.java:43)
	at java.lang.reflect.Method.invoke(Method.java:616)
	at junit.framework.TestCase.runTest(TestCase.java:168)
	at junit.framework.TestCase.runBare(TestCase.java:134)
	at junit.framework.TestResult$1.protect(TestResult.java:110)
	at junit.framework.TestResult.runProtected(TestResult.java:128)
	at junit.framework.TestResult.run(TestResult.java:113)
	at junit.framework.TestCase.run(TestCase.java:124)
	at junit.framework.TestSuite.runTest(TestSuite.java:232)
	at junit.framework.TestSuite.run(TestSuite.java:227)
	at junit.framework.TestSuite.runTest(TestSuite.java:232)
	at junit.framework.TestSuite.run(TestSuite.java:227)
	at junit.framework.TestSuite.runTest(TestSuite.java:232)
	at junit.framework.TestSuite.run(TestSuite.java:227)
	at org.apache.tools.ant.taskdefs.optional.junit.JUnitTestRunner.run(JUnitTestRunner.java:420)
	at org.apache.tools.ant.taskdefs.optional.junit.JUnitTestRunner.launch(JUnitTestRunner.java:911)
	at org.apache.tools.ant.taskdefs.optional.junit.JUnitTestRunner.main(JUnitTestRunner.java:768)
type: Submission id: -1 operator:Unknown - Retrieve Submission, delegate to persistence.
com.topcoder.util.config.UnknownNamespaceException: com.topcoder.util.log is unknown
	at com.topcoder.util.config.DefaultConfigManager.getPropertyObject(DefaultConfigManager.java:429)
	at com.topcoder.util.config.DefaultConfigManager.getString(DefaultConfigManager.java:449)
	at com.topcoder.util.log.LogFactory.getAttribute(LogFactory.java:224)
	at com.topcoder.util.log.basic.BasicLog.log(BasicLog.java:74)
	at com.topcoder.management.deliverable.PersistenceUploadManager.<init>(PersistenceUploadManager.java:260)
	at com.topcoder.management.deliverable.failuretests.PersistenceUploadManagerTest.setUp(PersistenceUploadManagerTest.java:72)
	at junit.framework.TestCase.runBare(TestCase.java:132)
	at junit.framework.TestResult$1.protect(TestResult.java:110)
	at junit.framework.TestResult.runProtected(TestResult.java:128)
	at junit.framework.TestResult.run(TestResult.java:113)
	at junit.framework.TestCase.run(TestCase.java:124)
	at junit.framework.TestSuite.runTest(TestSuite.java:232)
	at junit.framework.TestSuite.run(TestSuite.java:227)
	at junit.framework.TestSuite.runTest(TestSuite.java:232)
	at junit.framework.TestSuite.run(TestSuite.java:227)
	at junit.framework.TestSuite.runTest(TestSuite.java:232)
	at junit.framework.TestSuite.run(TestSuite.java:227)
	at org.apache.tools.ant.taskdefs.optional.junit.JUnitTestRunner.run(JUnitTestRunner.java:420)
	at org.apache.tools.ant.taskdefs.optional.junit.JUnitTestRunner.launch(JUnitTestRunner.java:911)
	at org.apache.tools.ant.taskdefs.optional.junit.JUnitTestRunner.main(JUnitTestRunner.java:768)
Instantiate PersistenceUploadManager with UploadPersistence, uploadSearchBundle, submissionSearchBundle, uploadIdGenerator, uploadTypeIdGenerator, uploadStatusIdGenerator, submissionIDGenerator and submissionStatusIdGenerator.
com.topcoder.util.config.UnknownNamespaceException: com.topcoder.util.log is unknown
	at com.topcoder.util.config.DefaultConfigManager.getPropertyObject(DefaultConfigManager.java:429)
	at com.topcoder.util.config.DefaultConfigManager.getString(DefaultConfigManager.java:449)
	at com.topcoder.util.log.LogFactory.getAttribute(LogFactory.java:224)
	at com.topcoder.util.log.basic.BasicLog.log(BasicLog.java:74)
	at com.topcoder.management.deliverable.PersistenceUploadManager.removeSubmission(PersistenceUploadManager.java:684)
	at com.topcoder.management.deliverable.failuretests.PersistenceUploadManagerTest.testRemoveSubmissionNullSubmission(PersistenceUploadManagerTest.java:638)
	at sun.reflect.NativeMethodAccessorImpl.invoke0(Native Method)
	at sun.reflect.NativeMethodAccessorImpl.invoke(NativeMethodAccessorImpl.java:57)
	at sun.reflect.DelegatingMethodAccessorImpl.invoke(DelegatingMethodAccessorImpl.java:43)
	at java.lang.reflect.Method.invoke(Method.java:616)
	at junit.framework.TestCase.runTest(TestCase.java:168)
	at junit.framework.TestCase.runBare(TestCase.java:134)
	at junit.framework.TestResult$1.protect(TestResult.java:110)
	at junit.framework.TestResult.runProtected(TestResult.java:128)
	at junit.framework.TestResult.run(TestResult.java:113)
	at junit.framework.TestCase.run(TestCase.java:124)
	at junit.framework.TestSuite.runTest(TestSuite.java:232)
	at junit.framework.TestSuite.run(TestSuite.java:227)
	at junit.framework.TestSuite.runTest(TestSuite.java:232)
	at junit.framework.TestSuite.run(TestSuite.java:227)
	at junit.framework.TestSuite.runTest(TestSuite.java:232)
	at junit.framework.TestSuite.run(TestSuite.java:227)
	at org.apache.tools.ant.taskdefs.optional.junit.JUnitTestRunner.run(JUnitTestRunner.java:420)
	at org.apache.tools.ant.taskdefs.optional.junit.JUnitTestRunner.launch(JUnitTestRunner.java:911)
	at org.apache.tools.ant.taskdefs.optional.junit.JUnitTestRunner.main(JUnitTestRunner.java:768)
type: Submission id: -1 operator:a - remove Submission.
com.topcoder.util.config.UnknownNamespaceException: com.topcoder.util.log is unknown
	at com.topcoder.util.config.DefaultConfigManager.getPropertyObject(DefaultConfigManager.java:429)
	at com.topcoder.util.config.DefaultConfigManager.getString(DefaultConfigManager.java:449)
	at com.topcoder.util.log.LogFactory.getAttribute(LogFactory.java:224)
	at com.topcoder.util.log.basic.BasicLog.log(BasicLog.java:74)
	at com.topcoder.management.deliverable.PersistenceUploadManager.<init>(PersistenceUploadManager.java:260)
	at com.topcoder.management.deliverable.failuretests.PersistenceUploadManagerTest.setUp(PersistenceUploadManagerTest.java:72)
	at junit.framework.TestCase.runBare(TestCase.java:132)
	at junit.framework.TestResult$1.protect(TestResult.java:110)
	at junit.framework.TestResult.runProtected(TestResult.java:128)
	at junit.framework.TestResult.run(TestResult.java:113)
	at junit.framework.TestCase.run(TestCase.java:124)
	at junit.framework.TestSuite.runTest(TestSuite.java:232)
	at junit.framework.TestSuite.run(TestSuite.java:227)
	at junit.framework.TestSuite.runTest(TestSuite.java:232)
	at junit.framework.TestSuite.run(TestSuite.java:227)
	at junit.framework.TestSuite.runTest(TestSuite.java:232)
	at junit.framework.TestSuite.run(TestSuite.java:227)
	at org.apache.tools.ant.taskdefs.optional.junit.JUnitTestRunner.run(JUnitTestRunner.java:420)
	at org.apache.tools.ant.taskdefs.optional.junit.JUnitTestRunner.launch(JUnitTestRunner.java:911)
	at org.apache.tools.ant.taskdefs.optional.junit.JUnitTestRunner.main(JUnitTestRunner.java:768)
Instantiate PersistenceUploadManager with UploadPersistence, uploadSearchBundle, submissionSearchBundle, uploadIdGenerator, uploadTypeIdGenerator, uploadStatusIdGenerator, submissionIDGenerator and submissionStatusIdGenerator.
com.topcoder.util.config.UnknownNamespaceException: com.topcoder.util.log is unknown
	at com.topcoder.util.config.DefaultConfigManager.getPropertyObject(DefaultConfigManager.java:429)
	at com.topcoder.util.config.DefaultConfigManager.getString(DefaultConfigManager.java:449)
	at com.topcoder.util.log.LogFactory.getAttribute(LogFactory.java:224)
	at com.topcoder.util.log.basic.BasicLog.log(BasicLog.java:74)
	at com.topcoder.management.deliverable.PersistenceUploadManager.removeSubmission(PersistenceUploadManager.java:684)
	at com.topcoder.management.deliverable.failuretests.PersistenceUploadManagerTest.testRemoveSubmissionNotSet(PersistenceUploadManagerTest.java:651)
	at sun.reflect.NativeMethodAccessorImpl.invoke0(Native Method)
	at sun.reflect.NativeMethodAccessorImpl.invoke(NativeMethodAccessorImpl.java:57)
	at sun.reflect.DelegatingMethodAccessorImpl.invoke(DelegatingMethodAccessorImpl.java:43)
	at java.lang.reflect.Method.invoke(Method.java:616)
	at junit.framework.TestCase.runTest(TestCase.java:168)
	at junit.framework.TestCase.runBare(TestCase.java:134)
	at junit.framework.TestResult$1.protect(TestResult.java:110)
	at junit.framework.TestResult.runProtected(TestResult.java:128)
	at junit.framework.TestResult.run(TestResult.java:113)
	at junit.framework.TestCase.run(TestCase.java:124)
	at junit.framework.TestSuite.runTest(TestSuite.java:232)
	at junit.framework.TestSuite.run(TestSuite.java:227)
	at junit.framework.TestSuite.runTest(TestSuite.java:232)
	at junit.framework.TestSuite.run(TestSuite.java:227)
	at junit.framework.TestSuite.runTest(TestSuite.java:232)
	at junit.framework.TestSuite.run(TestSuite.java:227)
	at org.apache.tools.ant.taskdefs.optional.junit.JUnitTestRunner.run(JUnitTestRunner.java:420)
	at org.apache.tools.ant.taskdefs.optional.junit.JUnitTestRunner.launch(JUnitTestRunner.java:911)
	at org.apache.tools.ant.taskdefs.optional.junit.JUnitTestRunner.main(JUnitTestRunner.java:768)
type: Submission id: -1 operator:a - remove Submission.
com.topcoder.util.config.UnknownNamespaceException: com.topcoder.util.log is unknown
	at com.topcoder.util.config.DefaultConfigManager.getPropertyObject(DefaultConfigManager.java:429)
	at com.topcoder.util.config.DefaultConfigManager.getString(DefaultConfigManager.java:449)
	at com.topcoder.util.log.LogFactory.getAttribute(LogFactory.java:224)
	at com.topcoder.util.log.basic.BasicLog.log(BasicLog.java:74)
	at com.topcoder.management.deliverable.PersistenceUploadManager.persistenceUploadManagerHelper(PersistenceUploadManager.java:977)
	at com.topcoder.management.deliverable.PersistenceUploadManager.removeSubmission(PersistenceUploadManager.java:686)
	at com.topcoder.management.deliverable.failuretests.PersistenceUploadManagerTest.testRemoveSubmissionNotSet(PersistenceUploadManagerTest.java:651)
	at sun.reflect.NativeMethodAccessorImpl.invoke0(Native Method)
	at sun.reflect.NativeMethodAccessorImpl.invoke(NativeMethodAccessorImpl.java:57)
	at sun.reflect.DelegatingMethodAccessorImpl.invoke(DelegatingMethodAccessorImpl.java:43)
	at java.lang.reflect.Method.invoke(Method.java:616)
	at junit.framework.TestCase.runTest(TestCase.java:168)
	at junit.framework.TestCase.runBare(TestCase.java:134)
	at junit.framework.TestResult$1.protect(TestResult.java:110)
	at junit.framework.TestResult.runProtected(TestResult.java:128)
	at junit.framework.TestResult.run(TestResult.java:113)
	at junit.framework.TestCase.run(TestCase.java:124)
	at junit.framework.TestSuite.runTest(TestSuite.java:232)
	at junit.framework.TestSuite.run(TestSuite.java:227)
	at junit.framework.TestSuite.runTest(TestSuite.java:232)
	at junit.framework.TestSuite.run(TestSuite.java:227)
	at junit.framework.TestSuite.runTest(TestSuite.java:232)
	at junit.framework.TestSuite.run(TestSuite.java:227)
	at org.apache.tools.ant.taskdefs.optional.junit.JUnitTestRunner.run(JUnitTestRunner.java:420)
	at org.apache.tools.ant.taskdefs.optional.junit.JUnitTestRunner.launch(JUnitTestRunner.java:911)
	at org.apache.tools.ant.taskdefs.optional.junit.JUnitTestRunner.main(JUnitTestRunner.java:768)
The id of the submission can't be UNSET_ID.
com.topcoder.util.config.UnknownNamespaceException: com.topcoder.util.log is unknown
	at com.topcoder.util.config.DefaultConfigManager.getPropertyObject(DefaultConfigManager.java:429)
	at com.topcoder.util.config.DefaultConfigManager.getString(DefaultConfigManager.java:449)
	at com.topcoder.util.log.LogFactory.getAttribute(LogFactory.java:224)
	at com.topcoder.util.log.basic.BasicLog.log(BasicLog.java:74)
	at com.topcoder.management.deliverable.PersistenceUploadManager.<init>(PersistenceUploadManager.java:260)
	at com.topcoder.management.deliverable.failuretests.PersistenceUploadManagerTest.setUp(PersistenceUploadManagerTest.java:72)
	at junit.framework.TestCase.runBare(TestCase.java:132)
	at junit.framework.TestResult$1.protect(TestResult.java:110)
	at junit.framework.TestResult.runProtected(TestResult.java:128)
	at junit.framework.TestResult.run(TestResult.java:113)
	at junit.framework.TestCase.run(TestCase.java:124)
	at junit.framework.TestSuite.runTest(TestSuite.java:232)
	at junit.framework.TestSuite.run(TestSuite.java:227)
	at junit.framework.TestSuite.runTest(TestSuite.java:232)
	at junit.framework.TestSuite.run(TestSuite.java:227)
	at junit.framework.TestSuite.runTest(TestSuite.java:232)
	at junit.framework.TestSuite.run(TestSuite.java:227)
	at org.apache.tools.ant.taskdefs.optional.junit.JUnitTestRunner.run(JUnitTestRunner.java:420)
	at org.apache.tools.ant.taskdefs.optional.junit.JUnitTestRunner.launch(JUnitTestRunner.java:911)
	at org.apache.tools.ant.taskdefs.optional.junit.JUnitTestRunner.main(JUnitTestRunner.java:768)
Instantiate PersistenceUploadManager with UploadPersistence, uploadSearchBundle, submissionSearchBundle, uploadIdGenerator, uploadTypeIdGenerator, uploadStatusIdGenerator, submissionIDGenerator and submissionStatusIdGenerator.
com.topcoder.util.config.UnknownNamespaceException: com.topcoder.util.log is unknown
	at com.topcoder.util.config.DefaultConfigManager.getPropertyObject(DefaultConfigManager.java:429)
	at com.topcoder.util.config.DefaultConfigManager.getString(DefaultConfigManager.java:449)
	at com.topcoder.util.log.LogFactory.getAttribute(LogFactory.java:224)
	at com.topcoder.util.log.basic.BasicLog.log(BasicLog.java:74)
	at com.topcoder.management.deliverable.PersistenceUploadManager.removeSubmissionStatus(PersistenceUploadManager.java:804)
	at com.topcoder.management.deliverable.failuretests.PersistenceUploadManagerTest.testRemoveSubmissionStatusNullSubmissionStatus(PersistenceUploadManagerTest.java:664)
	at sun.reflect.NativeMethodAccessorImpl.invoke0(Native Method)
	at sun.reflect.NativeMethodAccessorImpl.invoke(NativeMethodAccessorImpl.java:57)
	at sun.reflect.DelegatingMethodAccessorImpl.invoke(DelegatingMethodAccessorImpl.java:43)
	at java.lang.reflect.Method.invoke(Method.java:616)
	at junit.framework.TestCase.runTest(TestCase.java:168)
	at junit.framework.TestCase.runBare(TestCase.java:134)
	at junit.framework.TestResult$1.protect(TestResult.java:110)
	at junit.framework.TestResult.runProtected(TestResult.java:128)
	at junit.framework.TestResult.run(TestResult.java:113)
	at junit.framework.TestCase.run(TestCase.java:124)
	at junit.framework.TestSuite.runTest(TestSuite.java:232)
	at junit.framework.TestSuite.run(TestSuite.java:227)
	at junit.framework.TestSuite.runTest(TestSuite.java:232)
	at junit.framework.TestSuite.run(TestSuite.java:227)
	at junit.framework.TestSuite.runTest(TestSuite.java:232)
	at junit.framework.TestSuite.run(TestSuite.java:227)
	at org.apache.tools.ant.taskdefs.optional.junit.JUnitTestRunner.run(JUnitTestRunner.java:420)
	at org.apache.tools.ant.taskdefs.optional.junit.JUnitTestRunner.launch(JUnitTestRunner.java:911)
	at org.apache.tools.ant.taskdefs.optional.junit.JUnitTestRunner.main(JUnitTestRunner.java:768)
type: SubmissionStatus id: -1 operator:a - remove SubmissionStatus.
com.topcoder.util.config.UnknownNamespaceException: com.topcoder.util.log is unknown
	at com.topcoder.util.config.DefaultConfigManager.getPropertyObject(DefaultConfigManager.java:429)
	at com.topcoder.util.config.DefaultConfigManager.getString(DefaultConfigManager.java:449)
	at com.topcoder.util.log.LogFactory.getAttribute(LogFactory.java:224)
	at com.topcoder.util.log.basic.BasicLog.log(BasicLog.java:74)
	at com.topcoder.management.deliverable.PersistenceUploadManager.<init>(PersistenceUploadManager.java:260)
	at com.topcoder.management.deliverable.failuretests.PersistenceUploadManagerTest.setUp(PersistenceUploadManagerTest.java:72)
	at junit.framework.TestCase.runBare(TestCase.java:132)
	at junit.framework.TestResult$1.protect(TestResult.java:110)
	at junit.framework.TestResult.runProtected(TestResult.java:128)
	at junit.framework.TestResult.run(TestResult.java:113)
	at junit.framework.TestCase.run(TestCase.java:124)
	at junit.framework.TestSuite.runTest(TestSuite.java:232)
	at junit.framework.TestSuite.run(TestSuite.java:227)
	at junit.framework.TestSuite.runTest(TestSuite.java:232)
	at junit.framework.TestSuite.run(TestSuite.java:227)
	at junit.framework.TestSuite.runTest(TestSuite.java:232)
	at junit.framework.TestSuite.run(TestSuite.java:227)
	at org.apache.tools.ant.taskdefs.optional.junit.JUnitTestRunner.run(JUnitTestRunner.java:420)
	at org.apache.tools.ant.taskdefs.optional.junit.JUnitTestRunner.launch(JUnitTestRunner.java:911)
	at org.apache.tools.ant.taskdefs.optional.junit.JUnitTestRunner.main(JUnitTestRunner.java:768)
Instantiate PersistenceUploadManager with UploadPersistence, uploadSearchBundle, submissionSearchBundle, uploadIdGenerator, uploadTypeIdGenerator, uploadStatusIdGenerator, submissionIDGenerator and submissionStatusIdGenerator.
com.topcoder.util.config.UnknownNamespaceException: com.topcoder.util.log is unknown
	at com.topcoder.util.config.DefaultConfigManager.getPropertyObject(DefaultConfigManager.java:429)
	at com.topcoder.util.config.DefaultConfigManager.getString(DefaultConfigManager.java:449)
	at com.topcoder.util.log.LogFactory.getAttribute(LogFactory.java:224)
	at com.topcoder.util.log.basic.BasicLog.log(BasicLog.java:74)
	at com.topcoder.management.deliverable.PersistenceUploadManager.removeSubmissionStatus(PersistenceUploadManager.java:804)
	at com.topcoder.management.deliverable.failuretests.PersistenceUploadManagerTest.testRemoveSubmissionStatusNotSet(PersistenceUploadManagerTest.java:677)
	at sun.reflect.NativeMethodAccessorImpl.invoke0(Native Method)
	at sun.reflect.NativeMethodAccessorImpl.invoke(NativeMethodAccessorImpl.java:57)
	at sun.reflect.DelegatingMethodAccessorImpl.invoke(DelegatingMethodAccessorImpl.java:43)
	at java.lang.reflect.Method.invoke(Method.java:616)
	at junit.framework.TestCase.runTest(TestCase.java:168)
	at junit.framework.TestCase.runBare(TestCase.java:134)
	at junit.framework.TestResult$1.protect(TestResult.java:110)
	at junit.framework.TestResult.runProtected(TestResult.java:128)
	at junit.framework.TestResult.run(TestResult.java:113)
	at junit.framework.TestCase.run(TestCase.java:124)
	at junit.framework.TestSuite.runTest(TestSuite.java:232)
	at junit.framework.TestSuite.run(TestSuite.java:227)
	at junit.framework.TestSuite.runTest(TestSuite.java:232)
	at junit.framework.TestSuite.run(TestSuite.java:227)
	at junit.framework.TestSuite.runTest(TestSuite.java:232)
	at junit.framework.TestSuite.run(TestSuite.java:227)
	at org.apache.tools.ant.taskdefs.optional.junit.JUnitTestRunner.run(JUnitTestRunner.java:420)
	at org.apache.tools.ant.taskdefs.optional.junit.JUnitTestRunner.launch(JUnitTestRunner.java:911)
	at org.apache.tools.ant.taskdefs.optional.junit.JUnitTestRunner.main(JUnitTestRunner.java:768)
type: SubmissionStatus id: -1 operator:a - remove SubmissionStatus.
com.topcoder.util.config.UnknownNamespaceException: com.topcoder.util.log is unknown
	at com.topcoder.util.config.DefaultConfigManager.getPropertyObject(DefaultConfigManager.java:429)
	at com.topcoder.util.config.DefaultConfigManager.getString(DefaultConfigManager.java:449)
	at com.topcoder.util.log.LogFactory.getAttribute(LogFactory.java:224)
	at com.topcoder.util.log.basic.BasicLog.log(BasicLog.java:74)
	at com.topcoder.management.deliverable.PersistenceUploadManager.persistenceUploadManagerHelper(PersistenceUploadManager.java:977)
	at com.topcoder.management.deliverable.PersistenceUploadManager.removeSubmissionStatus(PersistenceUploadManager.java:806)
	at com.topcoder.management.deliverable.failuretests.PersistenceUploadManagerTest.testRemoveSubmissionStatusNotSet(PersistenceUploadManagerTest.java:677)
	at sun.reflect.NativeMethodAccessorImpl.invoke0(Native Method)
	at sun.reflect.NativeMethodAccessorImpl.invoke(NativeMethodAccessorImpl.java:57)
	at sun.reflect.DelegatingMethodAccessorImpl.invoke(DelegatingMethodAccessorImpl.java:43)
	at java.lang.reflect.Method.invoke(Method.java:616)
	at junit.framework.TestCase.runTest(TestCase.java:168)
	at junit.framework.TestCase.runBare(TestCase.java:134)
	at junit.framework.TestResult$1.protect(TestResult.java:110)
	at junit.framework.TestResult.runProtected(TestResult.java:128)
	at junit.framework.TestResult.run(TestResult.java:113)
	at junit.framework.TestCase.run(TestCase.java:124)
	at junit.framework.TestSuite.runTest(TestSuite.java:232)
	at junit.framework.TestSuite.run(TestSuite.java:227)
	at junit.framework.TestSuite.runTest(TestSuite.java:232)
	at junit.framework.TestSuite.run(TestSuite.java:227)
	at junit.framework.TestSuite.runTest(TestSuite.java:232)
	at junit.framework.TestSuite.run(TestSuite.java:227)
	at org.apache.tools.ant.taskdefs.optional.junit.JUnitTestRunner.run(JUnitTestRunner.java:420)
	at org.apache.tools.ant.taskdefs.optional.junit.JUnitTestRunner.launch(JUnitTestRunner.java:911)
	at org.apache.tools.ant.taskdefs.optional.junit.JUnitTestRunner.main(JUnitTestRunner.java:768)
The id of the submissionStatus can't be UNSET_ID.
com.topcoder.util.config.UnknownNamespaceException: com.topcoder.util.log is unknown
	at com.topcoder.util.config.DefaultConfigManager.getPropertyObject(DefaultConfigManager.java:429)
	at com.topcoder.util.config.DefaultConfigManager.getString(DefaultConfigManager.java:449)
	at com.topcoder.util.log.LogFactory.getAttribute(LogFactory.java:224)
	at com.topcoder.util.log.basic.BasicLog.log(BasicLog.java:74)
	at com.topcoder.management.deliverable.PersistenceUploadManager.<init>(PersistenceUploadManager.java:260)
	at com.topcoder.management.deliverable.failuretests.PersistenceUploadManagerTest.setUp(PersistenceUploadManagerTest.java:72)
	at junit.framework.TestCase.runBare(TestCase.java:132)
	at junit.framework.TestResult$1.protect(TestResult.java:110)
	at junit.framework.TestResult.runProtected(TestResult.java:128)
	at junit.framework.TestResult.run(TestResult.java:113)
	at junit.framework.TestCase.run(TestCase.java:124)
	at junit.framework.TestSuite.runTest(TestSuite.java:232)
	at junit.framework.TestSuite.run(TestSuite.java:227)
	at junit.framework.TestSuite.runTest(TestSuite.java:232)
	at junit.framework.TestSuite.run(TestSuite.java:227)
	at junit.framework.TestSuite.runTest(TestSuite.java:232)
	at junit.framework.TestSuite.run(TestSuite.java:227)
	at org.apache.tools.ant.taskdefs.optional.junit.JUnitTestRunner.run(JUnitTestRunner.java:420)
	at org.apache.tools.ant.taskdefs.optional.junit.JUnitTestRunner.launch(JUnitTestRunner.java:911)
	at org.apache.tools.ant.taskdefs.optional.junit.JUnitTestRunner.main(JUnitTestRunner.java:768)
Instantiate PersistenceUploadManager with UploadPersistence, uploadSearchBundle, submissionSearchBundle, uploadIdGenerator, uploadTypeIdGenerator, uploadStatusIdGenerator, submissionIDGenerator and submissionStatusIdGenerator.
com.topcoder.util.config.UnknownNamespaceException: com.topcoder.util.log is unknown
	at com.topcoder.util.config.DefaultConfigManager.getPropertyObject(DefaultConfigManager.java:429)
	at com.topcoder.util.config.DefaultConfigManager.getString(DefaultConfigManager.java:449)
	at com.topcoder.util.log.LogFactory.getAttribute(LogFactory.java:224)
	at com.topcoder.util.log.basic.BasicLog.log(BasicLog.java:74)
	at com.topcoder.management.deliverable.PersistenceUploadManager.removeUpload(PersistenceUploadManager.java:388)
	at com.topcoder.management.deliverable.failuretests.PersistenceUploadManagerTest.testRemoveUploadNullUpload(PersistenceUploadManagerTest.java:690)
	at sun.reflect.NativeMethodAccessorImpl.invoke0(Native Method)
	at sun.reflect.NativeMethodAccessorImpl.invoke(NativeMethodAccessorImpl.java:57)
	at sun.reflect.DelegatingMethodAccessorImpl.invoke(DelegatingMethodAccessorImpl.java:43)
	at java.lang.reflect.Method.invoke(Method.java:616)
	at junit.framework.TestCase.runTest(TestCase.java:168)
	at junit.framework.TestCase.runBare(TestCase.java:134)
	at junit.framework.TestResult$1.protect(TestResult.java:110)
	at junit.framework.TestResult.runProtected(TestResult.java:128)
	at junit.framework.TestResult.run(TestResult.java:113)
	at junit.framework.TestCase.run(TestCase.java:124)
	at junit.framework.TestSuite.runTest(TestSuite.java:232)
	at junit.framework.TestSuite.run(TestSuite.java:227)
	at junit.framework.TestSuite.runTest(TestSuite.java:232)
	at junit.framework.TestSuite.run(TestSuite.java:227)
	at junit.framework.TestSuite.runTest(TestSuite.java:232)
	at junit.framework.TestSuite.run(TestSuite.java:227)
	at org.apache.tools.ant.taskdefs.optional.junit.JUnitTestRunner.run(JUnitTestRunner.java:420)
	at org.apache.tools.ant.taskdefs.optional.junit.JUnitTestRunner.launch(JUnitTestRunner.java:911)
	at org.apache.tools.ant.taskdefs.optional.junit.JUnitTestRunner.main(JUnitTestRunner.java:768)
type: Upload id: -1 operator:a - Remove Upload.
com.topcoder.util.config.UnknownNamespaceException: com.topcoder.util.log is unknown
	at com.topcoder.util.config.DefaultConfigManager.getPropertyObject(DefaultConfigManager.java:429)
	at com.topcoder.util.config.DefaultConfigManager.getString(DefaultConfigManager.java:449)
	at com.topcoder.util.log.LogFactory.getAttribute(LogFactory.java:224)
	at com.topcoder.util.log.basic.BasicLog.log(BasicLog.java:74)
	at com.topcoder.management.deliverable.PersistenceUploadManager.<init>(PersistenceUploadManager.java:260)
	at com.topcoder.management.deliverable.failuretests.PersistenceUploadManagerTest.setUp(PersistenceUploadManagerTest.java:72)
	at junit.framework.TestCase.runBare(TestCase.java:132)
	at junit.framework.TestResult$1.protect(TestResult.java:110)
	at junit.framework.TestResult.runProtected(TestResult.java:128)
	at junit.framework.TestResult.run(TestResult.java:113)
	at junit.framework.TestCase.run(TestCase.java:124)
	at junit.framework.TestSuite.runTest(TestSuite.java:232)
	at junit.framework.TestSuite.run(TestSuite.java:227)
	at junit.framework.TestSuite.runTest(TestSuite.java:232)
	at junit.framework.TestSuite.run(TestSuite.java:227)
	at junit.framework.TestSuite.runTest(TestSuite.java:232)
	at junit.framework.TestSuite.run(TestSuite.java:227)
	at org.apache.tools.ant.taskdefs.optional.junit.JUnitTestRunner.run(JUnitTestRunner.java:420)
	at org.apache.tools.ant.taskdefs.optional.junit.JUnitTestRunner.launch(JUnitTestRunner.java:911)
	at org.apache.tools.ant.taskdefs.optional.junit.JUnitTestRunner.main(JUnitTestRunner.java:768)
Instantiate PersistenceUploadManager with UploadPersistence, uploadSearchBundle, submissionSearchBundle, uploadIdGenerator, uploadTypeIdGenerator, uploadStatusIdGenerator, submissionIDGenerator and submissionStatusIdGenerator.
com.topcoder.util.config.UnknownNamespaceException: com.topcoder.util.log is unknown
	at com.topcoder.util.config.DefaultConfigManager.getPropertyObject(DefaultConfigManager.java:429)
	at com.topcoder.util.config.DefaultConfigManager.getString(DefaultConfigManager.java:449)
	at com.topcoder.util.log.LogFactory.getAttribute(LogFactory.java:224)
	at com.topcoder.util.log.basic.BasicLog.log(BasicLog.java:74)
	at com.topcoder.management.deliverable.PersistenceUploadManager.removeUpload(PersistenceUploadManager.java:388)
	at com.topcoder.management.deliverable.failuretests.PersistenceUploadManagerTest.testRemoveUploadNotSet(PersistenceUploadManagerTest.java:703)
	at sun.reflect.NativeMethodAccessorImpl.invoke0(Native Method)
	at sun.reflect.NativeMethodAccessorImpl.invoke(NativeMethodAccessorImpl.java:57)
	at sun.reflect.DelegatingMethodAccessorImpl.invoke(DelegatingMethodAccessorImpl.java:43)
	at java.lang.reflect.Method.invoke(Method.java:616)
	at junit.framework.TestCase.runTest(TestCase.java:168)
	at junit.framework.TestCase.runBare(TestCase.java:134)
	at junit.framework.TestResult$1.protect(TestResult.java:110)
	at junit.framework.TestResult.runProtected(TestResult.java:128)
	at junit.framework.TestResult.run(TestResult.java:113)
	at junit.framework.TestCase.run(TestCase.java:124)
	at junit.framework.TestSuite.runTest(TestSuite.java:232)
	at junit.framework.TestSuite.run(TestSuite.java:227)
	at junit.framework.TestSuite.runTest(TestSuite.java:232)
	at junit.framework.TestSuite.run(TestSuite.java:227)
	at junit.framework.TestSuite.runTest(TestSuite.java:232)
	at junit.framework.TestSuite.run(TestSuite.java:227)
	at org.apache.tools.ant.taskdefs.optional.junit.JUnitTestRunner.run(JUnitTestRunner.java:420)
	at org.apache.tools.ant.taskdefs.optional.junit.JUnitTestRunner.launch(JUnitTestRunner.java:911)
	at org.apache.tools.ant.taskdefs.optional.junit.JUnitTestRunner.main(JUnitTestRunner.java:768)
type: Upload id: -1 operator:a - Remove Upload.
com.topcoder.util.config.UnknownNamespaceException: com.topcoder.util.log is unknown
	at com.topcoder.util.config.DefaultConfigManager.getPropertyObject(DefaultConfigManager.java:429)
	at com.topcoder.util.config.DefaultConfigManager.getString(DefaultConfigManager.java:449)
	at com.topcoder.util.log.LogFactory.getAttribute(LogFactory.java:224)
	at com.topcoder.util.log.basic.BasicLog.log(BasicLog.java:74)
	at com.topcoder.management.deliverable.PersistenceUploadManager.persistenceUploadManagerHelper(PersistenceUploadManager.java:977)
	at com.topcoder.management.deliverable.PersistenceUploadManager.removeUpload(PersistenceUploadManager.java:390)
	at com.topcoder.management.deliverable.failuretests.PersistenceUploadManagerTest.testRemoveUploadNotSet(PersistenceUploadManagerTest.java:703)
	at sun.reflect.NativeMethodAccessorImpl.invoke0(Native Method)
	at sun.reflect.NativeMethodAccessorImpl.invoke(NativeMethodAccessorImpl.java:57)
	at sun.reflect.DelegatingMethodAccessorImpl.invoke(DelegatingMethodAccessorImpl.java:43)
	at java.lang.reflect.Method.invoke(Method.java:616)
	at junit.framework.TestCase.runTest(TestCase.java:168)
	at junit.framework.TestCase.runBare(TestCase.java:134)
	at junit.framework.TestResult$1.protect(TestResult.java:110)
	at junit.framework.TestResult.runProtected(TestResult.java:128)
	at junit.framework.TestResult.run(TestResult.java:113)
	at junit.framework.TestCase.run(TestCase.java:124)
	at junit.framework.TestSuite.runTest(TestSuite.java:232)
	at junit.framework.TestSuite.run(TestSuite.java:227)
	at junit.framework.TestSuite.runTest(TestSuite.java:232)
	at junit.framework.TestSuite.run(TestSuite.java:227)
	at junit.framework.TestSuite.runTest(TestSuite.java:232)
	at junit.framework.TestSuite.run(TestSuite.java:227)
	at org.apache.tools.ant.taskdefs.optional.junit.JUnitTestRunner.run(JUnitTestRunner.java:420)
	at org.apache.tools.ant.taskdefs.optional.junit.JUnitTestRunner.launch(JUnitTestRunner.java:911)
	at org.apache.tools.ant.taskdefs.optional.junit.JUnitTestRunner.main(JUnitTestRunner.java:768)
The id of the upload can't be UNSET_ID.
com.topcoder.util.config.UnknownNamespaceException: com.topcoder.util.log is unknown
	at com.topcoder.util.config.DefaultConfigManager.getPropertyObject(DefaultConfigManager.java:429)
	at com.topcoder.util.config.DefaultConfigManager.getString(DefaultConfigManager.java:449)
	at com.topcoder.util.log.LogFactory.getAttribute(LogFactory.java:224)
	at com.topcoder.util.log.basic.BasicLog.log(BasicLog.java:74)
	at com.topcoder.management.deliverable.PersistenceUploadManager.<init>(PersistenceUploadManager.java:260)
	at com.topcoder.management.deliverable.failuretests.PersistenceUploadManagerTest.setUp(PersistenceUploadManagerTest.java:72)
	at junit.framework.TestCase.runBare(TestCase.java:132)
	at junit.framework.TestResult$1.protect(TestResult.java:110)
	at junit.framework.TestResult.runProtected(TestResult.java:128)
	at junit.framework.TestResult.run(TestResult.java:113)
	at junit.framework.TestCase.run(TestCase.java:124)
	at junit.framework.TestSuite.runTest(TestSuite.java:232)
	at junit.framework.TestSuite.run(TestSuite.java:227)
	at junit.framework.TestSuite.runTest(TestSuite.java:232)
	at junit.framework.TestSuite.run(TestSuite.java:227)
	at junit.framework.TestSuite.runTest(TestSuite.java:232)
	at junit.framework.TestSuite.run(TestSuite.java:227)
	at org.apache.tools.ant.taskdefs.optional.junit.JUnitTestRunner.run(JUnitTestRunner.java:420)
	at org.apache.tools.ant.taskdefs.optional.junit.JUnitTestRunner.launch(JUnitTestRunner.java:911)
	at org.apache.tools.ant.taskdefs.optional.junit.JUnitTestRunner.main(JUnitTestRunner.java:768)
Instantiate PersistenceUploadManager with UploadPersistence, uploadSearchBundle, submissionSearchBundle, uploadIdGenerator, uploadTypeIdGenerator, uploadStatusIdGenerator, submissionIDGenerator and submissionStatusIdGenerator.
com.topcoder.util.config.UnknownNamespaceException: com.topcoder.util.log is unknown
	at com.topcoder.util.config.DefaultConfigManager.getPropertyObject(DefaultConfigManager.java:429)
	at com.topcoder.util.config.DefaultConfigManager.getString(DefaultConfigManager.java:449)
	at com.topcoder.util.log.LogFactory.getAttribute(LogFactory.java:224)
	at com.topcoder.util.log.basic.BasicLog.log(BasicLog.java:74)
	at com.topcoder.management.deliverable.PersistenceUploadManager.removeUploadStatus(PersistenceUploadManager.java:597)
	at com.topcoder.management.deliverable.failuretests.PersistenceUploadManagerTest.testRemoveUploadNullUploadStatus(PersistenceUploadManagerTest.java:716)
	at sun.reflect.NativeMethodAccessorImpl.invoke0(Native Method)
	at sun.reflect.NativeMethodAccessorImpl.invoke(NativeMethodAccessorImpl.java:57)
	at sun.reflect.DelegatingMethodAccessorImpl.invoke(DelegatingMethodAccessorImpl.java:43)
	at java.lang.reflect.Method.invoke(Method.java:616)
	at junit.framework.TestCase.runTest(TestCase.java:168)
	at junit.framework.TestCase.runBare(TestCase.java:134)
	at junit.framework.TestResult$1.protect(TestResult.java:110)
	at junit.framework.TestResult.runProtected(TestResult.java:128)
	at junit.framework.TestResult.run(TestResult.java:113)
	at junit.framework.TestCase.run(TestCase.java:124)
	at junit.framework.TestSuite.runTest(TestSuite.java:232)
	at junit.framework.TestSuite.run(TestSuite.java:227)
	at junit.framework.TestSuite.runTest(TestSuite.java:232)
	at junit.framework.TestSuite.run(TestSuite.java:227)
	at junit.framework.TestSuite.runTest(TestSuite.java:232)
	at junit.framework.TestSuite.run(TestSuite.java:227)
	at org.apache.tools.ant.taskdefs.optional.junit.JUnitTestRunner.run(JUnitTestRunner.java:420)
	at org.apache.tools.ant.taskdefs.optional.junit.JUnitTestRunner.launch(JUnitTestRunner.java:911)
	at org.apache.tools.ant.taskdefs.optional.junit.JUnitTestRunner.main(JUnitTestRunner.java:768)
type: UploadStatus id: -1 operator:a - remove UploadStatus.
com.topcoder.util.config.UnknownNamespaceException: com.topcoder.util.log is unknown
	at com.topcoder.util.config.DefaultConfigManager.getPropertyObject(DefaultConfigManager.java:429)
	at com.topcoder.util.config.DefaultConfigManager.getString(DefaultConfigManager.java:449)
	at com.topcoder.util.log.LogFactory.getAttribute(LogFactory.java:224)
	at com.topcoder.util.log.basic.BasicLog.log(BasicLog.java:74)
	at com.topcoder.management.deliverable.PersistenceUploadManager.<init>(PersistenceUploadManager.java:260)
	at com.topcoder.management.deliverable.failuretests.PersistenceUploadManagerTest.setUp(PersistenceUploadManagerTest.java:72)
	at junit.framework.TestCase.runBare(TestCase.java:132)
	at junit.framework.TestResult$1.protect(TestResult.java:110)
	at junit.framework.TestResult.runProtected(TestResult.java:128)
	at junit.framework.TestResult.run(TestResult.java:113)
	at junit.framework.TestCase.run(TestCase.java:124)
	at junit.framework.TestSuite.runTest(TestSuite.java:232)
	at junit.framework.TestSuite.run(TestSuite.java:227)
	at junit.framework.TestSuite.runTest(TestSuite.java:232)
	at junit.framework.TestSuite.run(TestSuite.java:227)
	at junit.framework.TestSuite.runTest(TestSuite.java:232)
	at junit.framework.TestSuite.run(TestSuite.java:227)
	at org.apache.tools.ant.taskdefs.optional.junit.JUnitTestRunner.run(JUnitTestRunner.java:420)
	at org.apache.tools.ant.taskdefs.optional.junit.JUnitTestRunner.launch(JUnitTestRunner.java:911)
	at org.apache.tools.ant.taskdefs.optional.junit.JUnitTestRunner.main(JUnitTestRunner.java:768)
Instantiate PersistenceUploadManager with UploadPersistence, uploadSearchBundle, submissionSearchBundle, uploadIdGenerator, uploadTypeIdGenerator, uploadStatusIdGenerator, submissionIDGenerator and submissionStatusIdGenerator.
com.topcoder.util.config.UnknownNamespaceException: com.topcoder.util.log is unknown
	at com.topcoder.util.config.DefaultConfigManager.getPropertyObject(DefaultConfigManager.java:429)
	at com.topcoder.util.config.DefaultConfigManager.getString(DefaultConfigManager.java:449)
	at com.topcoder.util.log.LogFactory.getAttribute(LogFactory.java:224)
	at com.topcoder.util.log.basic.BasicLog.log(BasicLog.java:74)
	at com.topcoder.management.deliverable.PersistenceUploadManager.removeUploadStatus(PersistenceUploadManager.java:597)
	at com.topcoder.management.deliverable.failuretests.PersistenceUploadManagerTest.testRemoveUploadStatusNotSet(PersistenceUploadManagerTest.java:729)
	at sun.reflect.NativeMethodAccessorImpl.invoke0(Native Method)
	at sun.reflect.NativeMethodAccessorImpl.invoke(NativeMethodAccessorImpl.java:57)
	at sun.reflect.DelegatingMethodAccessorImpl.invoke(DelegatingMethodAccessorImpl.java:43)
	at java.lang.reflect.Method.invoke(Method.java:616)
	at junit.framework.TestCase.runTest(TestCase.java:168)
	at junit.framework.TestCase.runBare(TestCase.java:134)
	at junit.framework.TestResult$1.protect(TestResult.java:110)
	at junit.framework.TestResult.runProtected(TestResult.java:128)
	at junit.framework.TestResult.run(TestResult.java:113)
	at junit.framework.TestCase.run(TestCase.java:124)
	at junit.framework.TestSuite.runTest(TestSuite.java:232)
	at junit.framework.TestSuite.run(TestSuite.java:227)
	at junit.framework.TestSuite.runTest(TestSuite.java:232)
	at junit.framework.TestSuite.run(TestSuite.java:227)
	at junit.framework.TestSuite.runTest(TestSuite.java:232)
	at junit.framework.TestSuite.run(TestSuite.java:227)
	at org.apache.tools.ant.taskdefs.optional.junit.JUnitTestRunner.run(JUnitTestRunner.java:420)
	at org.apache.tools.ant.taskdefs.optional.junit.JUnitTestRunner.launch(JUnitTestRunner.java:911)
	at org.apache.tools.ant.taskdefs.optional.junit.JUnitTestRunner.main(JUnitTestRunner.java:768)
type: UploadStatus id: -1 operator:a - remove UploadStatus.
com.topcoder.util.config.UnknownNamespaceException: com.topcoder.util.log is unknown
	at com.topcoder.util.config.DefaultConfigManager.getPropertyObject(DefaultConfigManager.java:429)
	at com.topcoder.util.config.DefaultConfigManager.getString(DefaultConfigManager.java:449)
	at com.topcoder.util.log.LogFactory.getAttribute(LogFactory.java:224)
	at com.topcoder.util.log.basic.BasicLog.log(BasicLog.java:74)
	at com.topcoder.management.deliverable.PersistenceUploadManager.persistenceUploadManagerHelper(PersistenceUploadManager.java:977)
	at com.topcoder.management.deliverable.PersistenceUploadManager.removeUploadStatus(PersistenceUploadManager.java:599)
	at com.topcoder.management.deliverable.failuretests.PersistenceUploadManagerTest.testRemoveUploadStatusNotSet(PersistenceUploadManagerTest.java:729)
	at sun.reflect.NativeMethodAccessorImpl.invoke0(Native Method)
	at sun.reflect.NativeMethodAccessorImpl.invoke(NativeMethodAccessorImpl.java:57)
	at sun.reflect.DelegatingMethodAccessorImpl.invoke(DelegatingMethodAccessorImpl.java:43)
	at java.lang.reflect.Method.invoke(Method.java:616)
	at junit.framework.TestCase.runTest(TestCase.java:168)
	at junit.framework.TestCase.runBare(TestCase.java:134)
	at junit.framework.TestResult$1.protect(TestResult.java:110)
	at junit.framework.TestResult.runProtected(TestResult.java:128)
	at junit.framework.TestResult.run(TestResult.java:113)
	at junit.framework.TestCase.run(TestCase.java:124)
	at junit.framework.TestSuite.runTest(TestSuite.java:232)
	at junit.framework.TestSuite.run(TestSuite.java:227)
	at junit.framework.TestSuite.runTest(TestSuite.java:232)
	at junit.framework.TestSuite.run(TestSuite.java:227)
	at junit.framework.TestSuite.runTest(TestSuite.java:232)
	at junit.framework.TestSuite.run(TestSuite.java:227)
	at org.apache.tools.ant.taskdefs.optional.junit.JUnitTestRunner.run(JUnitTestRunner.java:420)
	at org.apache.tools.ant.taskdefs.optional.junit.JUnitTestRunner.launch(JUnitTestRunner.java:911)
	at org.apache.tools.ant.taskdefs.optional.junit.JUnitTestRunner.main(JUnitTestRunner.java:768)
The id of the uploadStatus can't be UNSET_ID.
com.topcoder.util.config.UnknownNamespaceException: com.topcoder.util.log is unknown
	at com.topcoder.util.config.DefaultConfigManager.getPropertyObject(DefaultConfigManager.java:429)
	at com.topcoder.util.config.DefaultConfigManager.getString(DefaultConfigManager.java:449)
	at com.topcoder.util.log.LogFactory.getAttribute(LogFactory.java:224)
	at com.topcoder.util.log.basic.BasicLog.log(BasicLog.java:74)
	at com.topcoder.management.deliverable.PersistenceUploadManager.<init>(PersistenceUploadManager.java:260)
	at com.topcoder.management.deliverable.failuretests.PersistenceUploadManagerTest.setUp(PersistenceUploadManagerTest.java:72)
	at junit.framework.TestCase.runBare(TestCase.java:132)
	at junit.framework.TestResult$1.protect(TestResult.java:110)
	at junit.framework.TestResult.runProtected(TestResult.java:128)
	at junit.framework.TestResult.run(TestResult.java:113)
	at junit.framework.TestCase.run(TestCase.java:124)
	at junit.framework.TestSuite.runTest(TestSuite.java:232)
	at junit.framework.TestSuite.run(TestSuite.java:227)
	at junit.framework.TestSuite.runTest(TestSuite.java:232)
	at junit.framework.TestSuite.run(TestSuite.java:227)
	at junit.framework.TestSuite.runTest(TestSuite.java:232)
	at junit.framework.TestSuite.run(TestSuite.java:227)
	at org.apache.tools.ant.taskdefs.optional.junit.JUnitTestRunner.run(JUnitTestRunner.java:420)
	at org.apache.tools.ant.taskdefs.optional.junit.JUnitTestRunner.launch(JUnitTestRunner.java:911)
	at org.apache.tools.ant.taskdefs.optional.junit.JUnitTestRunner.main(JUnitTestRunner.java:768)
Instantiate PersistenceUploadManager with UploadPersistence, uploadSearchBundle, submissionSearchBundle, uploadIdGenerator, uploadTypeIdGenerator, uploadStatusIdGenerator, submissionIDGenerator and submissionStatusIdGenerator.
com.topcoder.util.config.UnknownNamespaceException: com.topcoder.util.log is unknown
	at com.topcoder.util.config.DefaultConfigManager.getPropertyObject(DefaultConfigManager.java:429)
	at com.topcoder.util.config.DefaultConfigManager.getString(DefaultConfigManager.java:449)
	at com.topcoder.util.log.LogFactory.getAttribute(LogFactory.java:224)
	at com.topcoder.util.log.basic.BasicLog.log(BasicLog.java:74)
	at com.topcoder.management.deliverable.PersistenceUploadManager.<init>(PersistenceUploadManager.java:260)
	at com.topcoder.management.deliverable.failuretests.PersistenceUploadManagerTest.setUp(PersistenceUploadManagerTest.java:72)
	at junit.framework.TestCase.runBare(TestCase.java:132)
	at junit.framework.TestResult$1.protect(TestResult.java:110)
	at junit.framework.TestResult.runProtected(TestResult.java:128)
	at junit.framework.TestResult.run(TestResult.java:113)
	at junit.framework.TestCase.run(TestCase.java:124)
	at junit.framework.TestSuite.runTest(TestSuite.java:232)
	at junit.framework.TestSuite.run(TestSuite.java:227)
	at junit.framework.TestSuite.runTest(TestSuite.java:232)
	at junit.framework.TestSuite.run(TestSuite.java:227)
	at junit.framework.TestSuite.runTest(TestSuite.java:232)
	at junit.framework.TestSuite.run(TestSuite.java:227)
	at org.apache.tools.ant.taskdefs.optional.junit.JUnitTestRunner.run(JUnitTestRunner.java:420)
	at org.apache.tools.ant.taskdefs.optional.junit.JUnitTestRunner.launch(JUnitTestRunner.java:911)
	at org.apache.tools.ant.taskdefs.optional.junit.JUnitTestRunner.main(JUnitTestRunner.java:768)
Instantiate PersistenceUploadManager with UploadPersistence, uploadSearchBundle, submissionSearchBundle, uploadIdGenerator, uploadTypeIdGenerator, uploadStatusIdGenerator, submissionIDGenerator and submissionStatusIdGenerator.
com.topcoder.util.config.UnknownNamespaceException: com.topcoder.util.log is unknown
	at com.topcoder.util.config.DefaultConfigManager.getPropertyObject(DefaultConfigManager.java:429)
	at com.topcoder.util.config.DefaultConfigManager.getString(DefaultConfigManager.java:449)
	at com.topcoder.util.log.LogFactory.getAttribute(LogFactory.java:224)
	at com.topcoder.util.log.basic.BasicLog.log(BasicLog.java:74)
	at com.topcoder.management.deliverable.PersistenceUploadManager.<init>(PersistenceUploadManager.java:260)
	at com.topcoder.management.deliverable.failuretests.PersistenceUploadManagerTest.setUp(PersistenceUploadManagerTest.java:72)
	at junit.framework.TestCase.runBare(TestCase.java:132)
	at junit.framework.TestResult$1.protect(TestResult.java:110)
	at junit.framework.TestResult.runProtected(TestResult.java:128)
	at junit.framework.TestResult.run(TestResult.java:113)
	at junit.framework.TestCase.run(TestCase.java:124)
	at junit.framework.TestSuite.runTest(TestSuite.java:232)
	at junit.framework.TestSuite.run(TestSuite.java:227)
	at junit.framework.TestSuite.runTest(TestSuite.java:232)
	at junit.framework.TestSuite.run(TestSuite.java:227)
	at junit.framework.TestSuite.runTest(TestSuite.java:232)
	at junit.framework.TestSuite.run(TestSuite.java:227)
	at org.apache.tools.ant.taskdefs.optional.junit.JUnitTestRunner.run(JUnitTestRunner.java:420)
	at org.apache.tools.ant.taskdefs.optional.junit.JUnitTestRunner.launch(JUnitTestRunner.java:911)
	at org.apache.tools.ant.taskdefs.optional.junit.JUnitTestRunner.main(JUnitTestRunner.java:768)
Instantiate PersistenceUploadManager with UploadPersistence, uploadSearchBundle, submissionSearchBundle, uploadIdGenerator, uploadTypeIdGenerator, uploadStatusIdGenerator, submissionIDGenerator and submissionStatusIdGenerator.
com.topcoder.util.config.UnknownNamespaceException: com.topcoder.util.log is unknown
	at com.topcoder.util.config.DefaultConfigManager.getPropertyObject(DefaultConfigManager.java:429)
	at com.topcoder.util.config.DefaultConfigManager.getString(DefaultConfigManager.java:449)
	at com.topcoder.util.log.LogFactory.getAttribute(LogFactory.java:224)
	at com.topcoder.util.log.basic.BasicLog.log(BasicLog.java:74)
	at com.topcoder.management.deliverable.PersistenceUploadManager.updateSubmission(PersistenceUploadManager.java:657)
	at com.topcoder.management.deliverable.failuretests.PersistenceUploadManagerTest.testUpdateSubmissionNullSubmission(PersistenceUploadManagerTest.java:772)
	at sun.reflect.NativeMethodAccessorImpl.invoke0(Native Method)
	at sun.reflect.NativeMethodAccessorImpl.invoke(NativeMethodAccessorImpl.java:57)
	at sun.reflect.DelegatingMethodAccessorImpl.invoke(DelegatingMethodAccessorImpl.java:43)
	at java.lang.reflect.Method.invoke(Method.java:616)
	at junit.framework.TestCase.runTest(TestCase.java:168)
	at junit.framework.TestCase.runBare(TestCase.java:134)
	at junit.framework.TestResult$1.protect(TestResult.java:110)
	at junit.framework.TestResult.runProtected(TestResult.java:128)
	at junit.framework.TestResult.run(TestResult.java:113)
	at junit.framework.TestCase.run(TestCase.java:124)
	at junit.framework.TestSuite.runTest(TestSuite.java:232)
	at junit.framework.TestSuite.run(TestSuite.java:227)
	at junit.framework.TestSuite.runTest(TestSuite.java:232)
	at junit.framework.TestSuite.run(TestSuite.java:227)
	at junit.framework.TestSuite.runTest(TestSuite.java:232)
	at junit.framework.TestSuite.run(TestSuite.java:227)
	at org.apache.tools.ant.taskdefs.optional.junit.JUnitTestRunner.run(JUnitTestRunner.java:420)
	at org.apache.tools.ant.taskdefs.optional.junit.JUnitTestRunner.launch(JUnitTestRunner.java:911)
	at org.apache.tools.ant.taskdefs.optional.junit.JUnitTestRunner.main(JUnitTestRunner.java:768)
type: Submission id: -1 operator:a - update Submission.
com.topcoder.util.config.UnknownNamespaceException: com.topcoder.util.log is unknown
	at com.topcoder.util.config.DefaultConfigManager.getPropertyObject(DefaultConfigManager.java:429)
	at com.topcoder.util.config.DefaultConfigManager.getString(DefaultConfigManager.java:449)
	at com.topcoder.util.log.LogFactory.getAttribute(LogFactory.java:224)
	at com.topcoder.util.log.basic.BasicLog.log(BasicLog.java:74)
	at com.topcoder.management.deliverable.PersistenceUploadManager.<init>(PersistenceUploadManager.java:260)
	at com.topcoder.management.deliverable.failuretests.PersistenceUploadManagerTest.setUp(PersistenceUploadManagerTest.java:72)
	at junit.framework.TestCase.runBare(TestCase.java:132)
	at junit.framework.TestResult$1.protect(TestResult.java:110)
	at junit.framework.TestResult.runProtected(TestResult.java:128)
	at junit.framework.TestResult.run(TestResult.java:113)
	at junit.framework.TestCase.run(TestCase.java:124)
	at junit.framework.TestSuite.runTest(TestSuite.java:232)
	at junit.framework.TestSuite.run(TestSuite.java:227)
	at junit.framework.TestSuite.runTest(TestSuite.java:232)
	at junit.framework.TestSuite.run(TestSuite.java:227)
	at junit.framework.TestSuite.runTest(TestSuite.java:232)
	at junit.framework.TestSuite.run(TestSuite.java:227)
	at org.apache.tools.ant.taskdefs.optional.junit.JUnitTestRunner.run(JUnitTestRunner.java:420)
	at org.apache.tools.ant.taskdefs.optional.junit.JUnitTestRunner.launch(JUnitTestRunner.java:911)
	at org.apache.tools.ant.taskdefs.optional.junit.JUnitTestRunner.main(JUnitTestRunner.java:768)
Instantiate PersistenceUploadManager with UploadPersistence, uploadSearchBundle, submissionSearchBundle, uploadIdGenerator, uploadTypeIdGenerator, uploadStatusIdGenerator, submissionIDGenerator and submissionStatusIdGenerator.
com.topcoder.util.config.UnknownNamespaceException: com.topcoder.util.log is unknown
	at com.topcoder.util.config.DefaultConfigManager.getPropertyObject(DefaultConfigManager.java:429)
	at com.topcoder.util.config.DefaultConfigManager.getString(DefaultConfigManager.java:449)
	at com.topcoder.util.log.LogFactory.getAttribute(LogFactory.java:224)
	at com.topcoder.util.log.basic.BasicLog.log(BasicLog.java:74)
	at com.topcoder.management.deliverable.PersistenceUploadManager.updateSubmission(PersistenceUploadManager.java:657)
	at com.topcoder.management.deliverable.failuretests.PersistenceUploadManagerTest.testupdateSubmissionNotSet(PersistenceUploadManagerTest.java:785)
	at sun.reflect.NativeMethodAccessorImpl.invoke0(Native Method)
	at sun.reflect.NativeMethodAccessorImpl.invoke(NativeMethodAccessorImpl.java:57)
	at sun.reflect.DelegatingMethodAccessorImpl.invoke(DelegatingMethodAccessorImpl.java:43)
	at java.lang.reflect.Method.invoke(Method.java:616)
	at junit.framework.TestCase.runTest(TestCase.java:168)
	at junit.framework.TestCase.runBare(TestCase.java:134)
	at junit.framework.TestResult$1.protect(TestResult.java:110)
	at junit.framework.TestResult.runProtected(TestResult.java:128)
	at junit.framework.TestResult.run(TestResult.java:113)
	at junit.framework.TestCase.run(TestCase.java:124)
	at junit.framework.TestSuite.runTest(TestSuite.java:232)
	at junit.framework.TestSuite.run(TestSuite.java:227)
	at junit.framework.TestSuite.runTest(TestSuite.java:232)
	at junit.framework.TestSuite.run(TestSuite.java:227)
	at junit.framework.TestSuite.runTest(TestSuite.java:232)
	at junit.framework.TestSuite.run(TestSuite.java:227)
	at org.apache.tools.ant.taskdefs.optional.junit.JUnitTestRunner.run(JUnitTestRunner.java:420)
	at org.apache.tools.ant.taskdefs.optional.junit.JUnitTestRunner.launch(JUnitTestRunner.java:911)
	at org.apache.tools.ant.taskdefs.optional.junit.JUnitTestRunner.main(JUnitTestRunner.java:768)
type: Submission id: -1 operator:a - update Submission.
com.topcoder.util.config.UnknownNamespaceException: com.topcoder.util.log is unknown
	at com.topcoder.util.config.DefaultConfigManager.getPropertyObject(DefaultConfigManager.java:429)
	at com.topcoder.util.config.DefaultConfigManager.getString(DefaultConfigManager.java:449)
	at com.topcoder.util.log.LogFactory.getAttribute(LogFactory.java:224)
	at com.topcoder.util.log.basic.BasicLog.log(BasicLog.java:74)
	at com.topcoder.management.deliverable.PersistenceUploadManager.persistenceUploadManagerHelper(PersistenceUploadManager.java:977)
	at com.topcoder.management.deliverable.PersistenceUploadManager.updateSubmission(PersistenceUploadManager.java:659)
	at com.topcoder.management.deliverable.failuretests.PersistenceUploadManagerTest.testupdateSubmissionNotSet(PersistenceUploadManagerTest.java:785)
	at sun.reflect.NativeMethodAccessorImpl.invoke0(Native Method)
	at sun.reflect.NativeMethodAccessorImpl.invoke(NativeMethodAccessorImpl.java:57)
	at sun.reflect.DelegatingMethodAccessorImpl.invoke(DelegatingMethodAccessorImpl.java:43)
	at java.lang.reflect.Method.invoke(Method.java:616)
	at junit.framework.TestCase.runTest(TestCase.java:168)
	at junit.framework.TestCase.runBare(TestCase.java:134)
	at junit.framework.TestResult$1.protect(TestResult.java:110)
	at junit.framework.TestResult.runProtected(TestResult.java:128)
	at junit.framework.TestResult.run(TestResult.java:113)
	at junit.framework.TestCase.run(TestCase.java:124)
	at junit.framework.TestSuite.runTest(TestSuite.java:232)
	at junit.framework.TestSuite.run(TestSuite.java:227)
	at junit.framework.TestSuite.runTest(TestSuite.java:232)
	at junit.framework.TestSuite.run(TestSuite.java:227)
	at junit.framework.TestSuite.runTest(TestSuite.java:232)
	at junit.framework.TestSuite.run(TestSuite.java:227)
	at org.apache.tools.ant.taskdefs.optional.junit.JUnitTestRunner.run(JUnitTestRunner.java:420)
	at org.apache.tools.ant.taskdefs.optional.junit.JUnitTestRunner.launch(JUnitTestRunner.java:911)
	at org.apache.tools.ant.taskdefs.optional.junit.JUnitTestRunner.main(JUnitTestRunner.java:768)
The id of the submission can't be UNSET_ID.
com.topcoder.util.config.UnknownNamespaceException: com.topcoder.util.log is unknown
	at com.topcoder.util.config.DefaultConfigManager.getPropertyObject(DefaultConfigManager.java:429)
	at com.topcoder.util.config.DefaultConfigManager.getString(DefaultConfigManager.java:449)
	at com.topcoder.util.log.LogFactory.getAttribute(LogFactory.java:224)
	at com.topcoder.util.log.basic.BasicLog.log(BasicLog.java:74)
	at com.topcoder.management.deliverable.PersistenceUploadManager.<init>(PersistenceUploadManager.java:260)
	at com.topcoder.management.deliverable.failuretests.PersistenceUploadManagerTest.setUp(PersistenceUploadManagerTest.java:72)
	at junit.framework.TestCase.runBare(TestCase.java:132)
	at junit.framework.TestResult$1.protect(TestResult.java:110)
	at junit.framework.TestResult.runProtected(TestResult.java:128)
	at junit.framework.TestResult.run(TestResult.java:113)
	at junit.framework.TestCase.run(TestCase.java:124)
	at junit.framework.TestSuite.runTest(TestSuite.java:232)
	at junit.framework.TestSuite.run(TestSuite.java:227)
	at junit.framework.TestSuite.runTest(TestSuite.java:232)
	at junit.framework.TestSuite.run(TestSuite.java:227)
	at junit.framework.TestSuite.runTest(TestSuite.java:232)
	at junit.framework.TestSuite.run(TestSuite.java:227)
	at org.apache.tools.ant.taskdefs.optional.junit.JUnitTestRunner.run(JUnitTestRunner.java:420)
	at org.apache.tools.ant.taskdefs.optional.junit.JUnitTestRunner.launch(JUnitTestRunner.java:911)
	at org.apache.tools.ant.taskdefs.optional.junit.JUnitTestRunner.main(JUnitTestRunner.java:768)
Instantiate PersistenceUploadManager with UploadPersistence, uploadSearchBundle, submissionSearchBundle, uploadIdGenerator, uploadTypeIdGenerator, uploadStatusIdGenerator, submissionIDGenerator and submissionStatusIdGenerator.
com.topcoder.util.config.UnknownNamespaceException: com.topcoder.util.log is unknown
	at com.topcoder.util.config.DefaultConfigManager.getPropertyObject(DefaultConfigManager.java:429)
	at com.topcoder.util.config.DefaultConfigManager.getString(DefaultConfigManager.java:449)
	at com.topcoder.util.log.LogFactory.getAttribute(LogFactory.java:224)
	at com.topcoder.util.log.basic.BasicLog.log(BasicLog.java:74)
	at com.topcoder.management.deliverable.PersistenceUploadManager.updateSubmissionStatus(PersistenceUploadManager.java:776)
	at com.topcoder.management.deliverable.failuretests.PersistenceUploadManagerTest.testUpdateSubmissionStatusNullSubmissionStatus(PersistenceUploadManagerTest.java:798)
	at sun.reflect.NativeMethodAccessorImpl.invoke0(Native Method)
	at sun.reflect.NativeMethodAccessorImpl.invoke(NativeMethodAccessorImpl.java:57)
	at sun.reflect.DelegatingMethodAccessorImpl.invoke(DelegatingMethodAccessorImpl.java:43)
	at java.lang.reflect.Method.invoke(Method.java:616)
	at junit.framework.TestCase.runTest(TestCase.java:168)
	at junit.framework.TestCase.runBare(TestCase.java:134)
	at junit.framework.TestResult$1.protect(TestResult.java:110)
	at junit.framework.TestResult.runProtected(TestResult.java:128)
	at junit.framework.TestResult.run(TestResult.java:113)
	at junit.framework.TestCase.run(TestCase.java:124)
	at junit.framework.TestSuite.runTest(TestSuite.java:232)
	at junit.framework.TestSuite.run(TestSuite.java:227)
	at junit.framework.TestSuite.runTest(TestSuite.java:232)
	at junit.framework.TestSuite.run(TestSuite.java:227)
	at junit.framework.TestSuite.runTest(TestSuite.java:232)
	at junit.framework.TestSuite.run(TestSuite.java:227)
	at org.apache.tools.ant.taskdefs.optional.junit.JUnitTestRunner.run(JUnitTestRunner.java:420)
	at org.apache.tools.ant.taskdefs.optional.junit.JUnitTestRunner.launch(JUnitTestRunner.java:911)
	at org.apache.tools.ant.taskdefs.optional.junit.JUnitTestRunner.main(JUnitTestRunner.java:768)
type: SubmissionStatus id: -1 operator:a - update SubmissionStatus.
com.topcoder.util.config.UnknownNamespaceException: com.topcoder.util.log is unknown
	at com.topcoder.util.config.DefaultConfigManager.getPropertyObject(DefaultConfigManager.java:429)
	at com.topcoder.util.config.DefaultConfigManager.getString(DefaultConfigManager.java:449)
	at com.topcoder.util.log.LogFactory.getAttribute(LogFactory.java:224)
	at com.topcoder.util.log.basic.BasicLog.log(BasicLog.java:74)
	at com.topcoder.management.deliverable.PersistenceUploadManager.<init>(PersistenceUploadManager.java:260)
	at com.topcoder.management.deliverable.failuretests.PersistenceUploadManagerTest.setUp(PersistenceUploadManagerTest.java:72)
	at junit.framework.TestCase.runBare(TestCase.java:132)
	at junit.framework.TestResult$1.protect(TestResult.java:110)
	at junit.framework.TestResult.runProtected(TestResult.java:128)
	at junit.framework.TestResult.run(TestResult.java:113)
	at junit.framework.TestCase.run(TestCase.java:124)
	at junit.framework.TestSuite.runTest(TestSuite.java:232)
	at junit.framework.TestSuite.run(TestSuite.java:227)
	at junit.framework.TestSuite.runTest(TestSuite.java:232)
	at junit.framework.TestSuite.run(TestSuite.java:227)
	at junit.framework.TestSuite.runTest(TestSuite.java:232)
	at junit.framework.TestSuite.run(TestSuite.java:227)
	at org.apache.tools.ant.taskdefs.optional.junit.JUnitTestRunner.run(JUnitTestRunner.java:420)
	at org.apache.tools.ant.taskdefs.optional.junit.JUnitTestRunner.launch(JUnitTestRunner.java:911)
	at org.apache.tools.ant.taskdefs.optional.junit.JUnitTestRunner.main(JUnitTestRunner.java:768)
Instantiate PersistenceUploadManager with UploadPersistence, uploadSearchBundle, submissionSearchBundle, uploadIdGenerator, uploadTypeIdGenerator, uploadStatusIdGenerator, submissionIDGenerator and submissionStatusIdGenerator.
com.topcoder.util.config.UnknownNamespaceException: com.topcoder.util.log is unknown
	at com.topcoder.util.config.DefaultConfigManager.getPropertyObject(DefaultConfigManager.java:429)
	at com.topcoder.util.config.DefaultConfigManager.getString(DefaultConfigManager.java:449)
	at com.topcoder.util.log.LogFactory.getAttribute(LogFactory.java:224)
	at com.topcoder.util.log.basic.BasicLog.log(BasicLog.java:74)
	at com.topcoder.management.deliverable.PersistenceUploadManager.updateSubmissionStatus(PersistenceUploadManager.java:776)
	at com.topcoder.management.deliverable.failuretests.PersistenceUploadManagerTest.testupdateSubmissionStatusNotSet(PersistenceUploadManagerTest.java:811)
	at sun.reflect.NativeMethodAccessorImpl.invoke0(Native Method)
	at sun.reflect.NativeMethodAccessorImpl.invoke(NativeMethodAccessorImpl.java:57)
	at sun.reflect.DelegatingMethodAccessorImpl.invoke(DelegatingMethodAccessorImpl.java:43)
	at java.lang.reflect.Method.invoke(Method.java:616)
	at junit.framework.TestCase.runTest(TestCase.java:168)
	at junit.framework.TestCase.runBare(TestCase.java:134)
	at junit.framework.TestResult$1.protect(TestResult.java:110)
	at junit.framework.TestResult.runProtected(TestResult.java:128)
	at junit.framework.TestResult.run(TestResult.java:113)
	at junit.framework.TestCase.run(TestCase.java:124)
	at junit.framework.TestSuite.runTest(TestSuite.java:232)
	at junit.framework.TestSuite.run(TestSuite.java:227)
	at junit.framework.TestSuite.runTest(TestSuite.java:232)
	at junit.framework.TestSuite.run(TestSuite.java:227)
	at junit.framework.TestSuite.runTest(TestSuite.java:232)
	at junit.framework.TestSuite.run(TestSuite.java:227)
	at org.apache.tools.ant.taskdefs.optional.junit.JUnitTestRunner.run(JUnitTestRunner.java:420)
	at org.apache.tools.ant.taskdefs.optional.junit.JUnitTestRunner.launch(JUnitTestRunner.java:911)
	at org.apache.tools.ant.taskdefs.optional.junit.JUnitTestRunner.main(JUnitTestRunner.java:768)
type: SubmissionStatus id: -1 operator:a - update SubmissionStatus.
com.topcoder.util.config.UnknownNamespaceException: com.topcoder.util.log is unknown
	at com.topcoder.util.config.DefaultConfigManager.getPropertyObject(DefaultConfigManager.java:429)
	at com.topcoder.util.config.DefaultConfigManager.getString(DefaultConfigManager.java:449)
	at com.topcoder.util.log.LogFactory.getAttribute(LogFactory.java:224)
	at com.topcoder.util.log.basic.BasicLog.log(BasicLog.java:74)
	at com.topcoder.management.deliverable.PersistenceUploadManager.persistenceUploadManagerHelper(PersistenceUploadManager.java:977)
	at com.topcoder.management.deliverable.PersistenceUploadManager.updateSubmissionStatus(PersistenceUploadManager.java:778)
	at com.topcoder.management.deliverable.failuretests.PersistenceUploadManagerTest.testupdateSubmissionStatusNotSet(PersistenceUploadManagerTest.java:811)
	at sun.reflect.NativeMethodAccessorImpl.invoke0(Native Method)
	at sun.reflect.NativeMethodAccessorImpl.invoke(NativeMethodAccessorImpl.java:57)
	at sun.reflect.DelegatingMethodAccessorImpl.invoke(DelegatingMethodAccessorImpl.java:43)
	at java.lang.reflect.Method.invoke(Method.java:616)
	at junit.framework.TestCase.runTest(TestCase.java:168)
	at junit.framework.TestCase.runBare(TestCase.java:134)
	at junit.framework.TestResult$1.protect(TestResult.java:110)
	at junit.framework.TestResult.runProtected(TestResult.java:128)
	at junit.framework.TestResult.run(TestResult.java:113)
	at junit.framework.TestCase.run(TestCase.java:124)
	at junit.framework.TestSuite.runTest(TestSuite.java:232)
	at junit.framework.TestSuite.run(TestSuite.java:227)
	at junit.framework.TestSuite.runTest(TestSuite.java:232)
	at junit.framework.TestSuite.run(TestSuite.java:227)
	at junit.framework.TestSuite.runTest(TestSuite.java:232)
	at junit.framework.TestSuite.run(TestSuite.java:227)
	at org.apache.tools.ant.taskdefs.optional.junit.JUnitTestRunner.run(JUnitTestRunner.java:420)
	at org.apache.tools.ant.taskdefs.optional.junit.JUnitTestRunner.launch(JUnitTestRunner.java:911)
	at org.apache.tools.ant.taskdefs.optional.junit.JUnitTestRunner.main(JUnitTestRunner.java:768)
The id of the submissionStatus can't be UNSET_ID.
com.topcoder.util.config.UnknownNamespaceException: com.topcoder.util.log is unknown
	at com.topcoder.util.config.DefaultConfigManager.getPropertyObject(DefaultConfigManager.java:429)
	at com.topcoder.util.config.DefaultConfigManager.getString(DefaultConfigManager.java:449)
	at com.topcoder.util.log.LogFactory.getAttribute(LogFactory.java:224)
	at com.topcoder.util.log.basic.BasicLog.log(BasicLog.java:74)
	at com.topcoder.management.deliverable.PersistenceUploadManager.<init>(PersistenceUploadManager.java:260)
	at com.topcoder.management.deliverable.failuretests.PersistenceUploadManagerTest.setUp(PersistenceUploadManagerTest.java:72)
	at junit.framework.TestCase.runBare(TestCase.java:132)
	at junit.framework.TestResult$1.protect(TestResult.java:110)
	at junit.framework.TestResult.runProtected(TestResult.java:128)
	at junit.framework.TestResult.run(TestResult.java:113)
	at junit.framework.TestCase.run(TestCase.java:124)
	at junit.framework.TestSuite.runTest(TestSuite.java:232)
	at junit.framework.TestSuite.run(TestSuite.java:227)
	at junit.framework.TestSuite.runTest(TestSuite.java:232)
	at junit.framework.TestSuite.run(TestSuite.java:227)
	at junit.framework.TestSuite.runTest(TestSuite.java:232)
	at junit.framework.TestSuite.run(TestSuite.java:227)
	at org.apache.tools.ant.taskdefs.optional.junit.JUnitTestRunner.run(JUnitTestRunner.java:420)
	at org.apache.tools.ant.taskdefs.optional.junit.JUnitTestRunner.launch(JUnitTestRunner.java:911)
	at org.apache.tools.ant.taskdefs.optional.junit.JUnitTestRunner.main(JUnitTestRunner.java:768)
Instantiate PersistenceUploadManager with UploadPersistence, uploadSearchBundle, submissionSearchBundle, uploadIdGenerator, uploadTypeIdGenerator, uploadStatusIdGenerator, submissionIDGenerator and submissionStatusIdGenerator.
com.topcoder.util.config.UnknownNamespaceException: com.topcoder.util.log is unknown
	at com.topcoder.util.config.DefaultConfigManager.getPropertyObject(DefaultConfigManager.java:429)
	at com.topcoder.util.config.DefaultConfigManager.getString(DefaultConfigManager.java:449)
	at com.topcoder.util.log.LogFactory.getAttribute(LogFactory.java:224)
	at com.topcoder.util.log.basic.BasicLog.log(BasicLog.java:74)
	at com.topcoder.management.deliverable.PersistenceUploadManager.updateUpload(PersistenceUploadManager.java:361)
	at com.topcoder.management.deliverable.failuretests.PersistenceUploadManagerTest.testUpdateUploadNullSubmission(PersistenceUploadManagerTest.java:824)
	at sun.reflect.NativeMethodAccessorImpl.invoke0(Native Method)
	at sun.reflect.NativeMethodAccessorImpl.invoke(NativeMethodAccessorImpl.java:57)
	at sun.reflect.DelegatingMethodAccessorImpl.invoke(DelegatingMethodAccessorImpl.java:43)
	at java.lang.reflect.Method.invoke(Method.java:616)
	at junit.framework.TestCase.runTest(TestCase.java:168)
	at junit.framework.TestCase.runBare(TestCase.java:134)
	at junit.framework.TestResult$1.protect(TestResult.java:110)
	at junit.framework.TestResult.runProtected(TestResult.java:128)
	at junit.framework.TestResult.run(TestResult.java:113)
	at junit.framework.TestCase.run(TestCase.java:124)
	at junit.framework.TestSuite.runTest(TestSuite.java:232)
	at junit.framework.TestSuite.run(TestSuite.java:227)
	at junit.framework.TestSuite.runTest(TestSuite.java:232)
	at junit.framework.TestSuite.run(TestSuite.java:227)
	at junit.framework.TestSuite.runTest(TestSuite.java:232)
	at junit.framework.TestSuite.run(TestSuite.java:227)
	at org.apache.tools.ant.taskdefs.optional.junit.JUnitTestRunner.run(JUnitTestRunner.java:420)
	at org.apache.tools.ant.taskdefs.optional.junit.JUnitTestRunner.launch(JUnitTestRunner.java:911)
	at org.apache.tools.ant.taskdefs.optional.junit.JUnitTestRunner.main(JUnitTestRunner.java:768)
type: Upload id: -1 operator:a - Update Upload.
com.topcoder.util.config.UnknownNamespaceException: com.topcoder.util.log is unknown
	at com.topcoder.util.config.DefaultConfigManager.getPropertyObject(DefaultConfigManager.java:429)
	at com.topcoder.util.config.DefaultConfigManager.getString(DefaultConfigManager.java:449)
	at com.topcoder.util.log.LogFactory.getAttribute(LogFactory.java:224)
	at com.topcoder.util.log.basic.BasicLog.log(BasicLog.java:74)
	at com.topcoder.management.deliverable.PersistenceUploadManager.<init>(PersistenceUploadManager.java:260)
	at com.topcoder.management.deliverable.failuretests.PersistenceUploadManagerTest.setUp(PersistenceUploadManagerTest.java:72)
	at junit.framework.TestCase.runBare(TestCase.java:132)
	at junit.framework.TestResult$1.protect(TestResult.java:110)
	at junit.framework.TestResult.runProtected(TestResult.java:128)
	at junit.framework.TestResult.run(TestResult.java:113)
	at junit.framework.TestCase.run(TestCase.java:124)
	at junit.framework.TestSuite.runTest(TestSuite.java:232)
	at junit.framework.TestSuite.run(TestSuite.java:227)
	at junit.framework.TestSuite.runTest(TestSuite.java:232)
	at junit.framework.TestSuite.run(TestSuite.java:227)
	at junit.framework.TestSuite.runTest(TestSuite.java:232)
	at junit.framework.TestSuite.run(TestSuite.java:227)
	at org.apache.tools.ant.taskdefs.optional.junit.JUnitTestRunner.run(JUnitTestRunner.java:420)
	at org.apache.tools.ant.taskdefs.optional.junit.JUnitTestRunner.launch(JUnitTestRunner.java:911)
	at org.apache.tools.ant.taskdefs.optional.junit.JUnitTestRunner.main(JUnitTestRunner.java:768)
Instantiate PersistenceUploadManager with UploadPersistence, uploadSearchBundle, submissionSearchBundle, uploadIdGenerator, uploadTypeIdGenerator, uploadStatusIdGenerator, submissionIDGenerator and submissionStatusIdGenerator.
com.topcoder.util.config.UnknownNamespaceException: com.topcoder.util.log is unknown
	at com.topcoder.util.config.DefaultConfigManager.getPropertyObject(DefaultConfigManager.java:429)
	at com.topcoder.util.config.DefaultConfigManager.getString(DefaultConfigManager.java:449)
	at com.topcoder.util.log.LogFactory.getAttribute(LogFactory.java:224)
	at com.topcoder.util.log.basic.BasicLog.log(BasicLog.java:74)
	at com.topcoder.management.deliverable.PersistenceUploadManager.updateUpload(PersistenceUploadManager.java:361)
	at com.topcoder.management.deliverable.failuretests.PersistenceUploadManagerTest.testupdateUploadNotSet(PersistenceUploadManagerTest.java:837)
	at sun.reflect.NativeMethodAccessorImpl.invoke0(Native Method)
	at sun.reflect.NativeMethodAccessorImpl.invoke(NativeMethodAccessorImpl.java:57)
	at sun.reflect.DelegatingMethodAccessorImpl.invoke(DelegatingMethodAccessorImpl.java:43)
	at java.lang.reflect.Method.invoke(Method.java:616)
	at junit.framework.TestCase.runTest(TestCase.java:168)
	at junit.framework.TestCase.runBare(TestCase.java:134)
	at junit.framework.TestResult$1.protect(TestResult.java:110)
	at junit.framework.TestResult.runProtected(TestResult.java:128)
	at junit.framework.TestResult.run(TestResult.java:113)
	at junit.framework.TestCase.run(TestCase.java:124)
	at junit.framework.TestSuite.runTest(TestSuite.java:232)
	at junit.framework.TestSuite.run(TestSuite.java:227)
	at junit.framework.TestSuite.runTest(TestSuite.java:232)
	at junit.framework.TestSuite.run(TestSuite.java:227)
	at junit.framework.TestSuite.runTest(TestSuite.java:232)
	at junit.framework.TestSuite.run(TestSuite.java:227)
	at org.apache.tools.ant.taskdefs.optional.junit.JUnitTestRunner.run(JUnitTestRunner.java:420)
	at org.apache.tools.ant.taskdefs.optional.junit.JUnitTestRunner.launch(JUnitTestRunner.java:911)
	at org.apache.tools.ant.taskdefs.optional.junit.JUnitTestRunner.main(JUnitTestRunner.java:768)
type: Upload id: -1 operator:a - Update Upload.
com.topcoder.util.config.UnknownNamespaceException: com.topcoder.util.log is unknown
	at com.topcoder.util.config.DefaultConfigManager.getPropertyObject(DefaultConfigManager.java:429)
	at com.topcoder.util.config.DefaultConfigManager.getString(DefaultConfigManager.java:449)
	at com.topcoder.util.log.LogFactory.getAttribute(LogFactory.java:224)
	at com.topcoder.util.log.basic.BasicLog.log(BasicLog.java:74)
	at com.topcoder.management.deliverable.PersistenceUploadManager.persistenceUploadManagerHelper(PersistenceUploadManager.java:977)
	at com.topcoder.management.deliverable.PersistenceUploadManager.updateUpload(PersistenceUploadManager.java:363)
	at com.topcoder.management.deliverable.failuretests.PersistenceUploadManagerTest.testupdateUploadNotSet(PersistenceUploadManagerTest.java:837)
	at sun.reflect.NativeMethodAccessorImpl.invoke0(Native Method)
	at sun.reflect.NativeMethodAccessorImpl.invoke(NativeMethodAccessorImpl.java:57)
	at sun.reflect.DelegatingMethodAccessorImpl.invoke(DelegatingMethodAccessorImpl.java:43)
	at java.lang.reflect.Method.invoke(Method.java:616)
	at junit.framework.TestCase.runTest(TestCase.java:168)
	at junit.framework.TestCase.runBare(TestCase.java:134)
	at junit.framework.TestResult$1.protect(TestResult.java:110)
	at junit.framework.TestResult.runProtected(TestResult.java:128)
	at junit.framework.TestResult.run(TestResult.java:113)
	at junit.framework.TestCase.run(TestCase.java:124)
	at junit.framework.TestSuite.runTest(TestSuite.java:232)
	at junit.framework.TestSuite.run(TestSuite.java:227)
	at junit.framework.TestSuite.runTest(TestSuite.java:232)
	at junit.framework.TestSuite.run(TestSuite.java:227)
	at junit.framework.TestSuite.runTest(TestSuite.java:232)
	at junit.framework.TestSuite.run(TestSuite.java:227)
	at org.apache.tools.ant.taskdefs.optional.junit.JUnitTestRunner.run(JUnitTestRunner.java:420)
	at org.apache.tools.ant.taskdefs.optional.junit.JUnitTestRunner.launch(JUnitTestRunner.java:911)
	at org.apache.tools.ant.taskdefs.optional.junit.JUnitTestRunner.main(JUnitTestRunner.java:768)
The id of the upload can't be UNSET_ID.
com.topcoder.util.config.UnknownNamespaceException: com.topcoder.util.log is unknown
	at com.topcoder.util.config.DefaultConfigManager.getPropertyObject(DefaultConfigManager.java:429)
	at com.topcoder.util.config.DefaultConfigManager.getString(DefaultConfigManager.java:449)
	at com.topcoder.util.log.LogFactory.getAttribute(LogFactory.java:224)
	at com.topcoder.util.log.basic.BasicLog.log(BasicLog.java:74)
	at com.topcoder.management.deliverable.PersistenceUploadManager.<init>(PersistenceUploadManager.java:260)
	at com.topcoder.management.deliverable.failuretests.PersistenceUploadManagerTest.setUp(PersistenceUploadManagerTest.java:72)
	at junit.framework.TestCase.runBare(TestCase.java:132)
	at junit.framework.TestResult$1.protect(TestResult.java:110)
	at junit.framework.TestResult.runProtected(TestResult.java:128)
	at junit.framework.TestResult.run(TestResult.java:113)
	at junit.framework.TestCase.run(TestCase.java:124)
	at junit.framework.TestSuite.runTest(TestSuite.java:232)
	at junit.framework.TestSuite.run(TestSuite.java:227)
	at junit.framework.TestSuite.runTest(TestSuite.java:232)
	at junit.framework.TestSuite.run(TestSuite.java:227)
	at junit.framework.TestSuite.runTest(TestSuite.java:232)
	at junit.framework.TestSuite.run(TestSuite.java:227)
	at org.apache.tools.ant.taskdefs.optional.junit.JUnitTestRunner.run(JUnitTestRunner.java:420)
	at org.apache.tools.ant.taskdefs.optional.junit.JUnitTestRunner.launch(JUnitTestRunner.java:911)
	at org.apache.tools.ant.taskdefs.optional.junit.JUnitTestRunner.main(JUnitTestRunner.java:768)
Instantiate PersistenceUploadManager with UploadPersistence, uploadSearchBundle, submissionSearchBundle, uploadIdGenerator, uploadTypeIdGenerator, uploadStatusIdGenerator, submissionIDGenerator and submissionStatusIdGenerator.
com.topcoder.util.config.UnknownNamespaceException: com.topcoder.util.log is unknown
	at com.topcoder.util.config.DefaultConfigManager.getPropertyObject(DefaultConfigManager.java:429)
	at com.topcoder.util.config.DefaultConfigManager.getString(DefaultConfigManager.java:449)
	at com.topcoder.util.log.LogFactory.getAttribute(LogFactory.java:224)
	at com.topcoder.util.log.basic.BasicLog.log(BasicLog.java:74)
	at com.topcoder.management.deliverable.PersistenceUploadManager.updateUploadStatus(PersistenceUploadManager.java:569)
	at com.topcoder.management.deliverable.failuretests.PersistenceUploadManagerTest.testUpdateUploadStatusNullSubmissionStatus(PersistenceUploadManagerTest.java:850)
	at sun.reflect.NativeMethodAccessorImpl.invoke0(Native Method)
	at sun.reflect.NativeMethodAccessorImpl.invoke(NativeMethodAccessorImpl.java:57)
	at sun.reflect.DelegatingMethodAccessorImpl.invoke(DelegatingMethodAccessorImpl.java:43)
	at java.lang.reflect.Method.invoke(Method.java:616)
	at junit.framework.TestCase.runTest(TestCase.java:168)
	at junit.framework.TestCase.runBare(TestCase.java:134)
	at junit.framework.TestResult$1.protect(TestResult.java:110)
	at junit.framework.TestResult.runProtected(TestResult.java:128)
	at junit.framework.TestResult.run(TestResult.java:113)
	at junit.framework.TestCase.run(TestCase.java:124)
	at junit.framework.TestSuite.runTest(TestSuite.java:232)
	at junit.framework.TestSuite.run(TestSuite.java:227)
	at junit.framework.TestSuite.runTest(TestSuite.java:232)
	at junit.framework.TestSuite.run(TestSuite.java:227)
	at junit.framework.TestSuite.runTest(TestSuite.java:232)
	at junit.framework.TestSuite.run(TestSuite.java:227)
	at org.apache.tools.ant.taskdefs.optional.junit.JUnitTestRunner.run(JUnitTestRunner.java:420)
	at org.apache.tools.ant.taskdefs.optional.junit.JUnitTestRunner.launch(JUnitTestRunner.java:911)
	at org.apache.tools.ant.taskdefs.optional.junit.JUnitTestRunner.main(JUnitTestRunner.java:768)
type: UploadStatus id: -1 operator:a - create new UploadStatus.
com.topcoder.util.config.UnknownNamespaceException: com.topcoder.util.log is unknown
	at com.topcoder.util.config.DefaultConfigManager.getPropertyObject(DefaultConfigManager.java:429)
	at com.topcoder.util.config.DefaultConfigManager.getString(DefaultConfigManager.java:449)
	at com.topcoder.util.log.LogFactory.getAttribute(LogFactory.java:224)
	at com.topcoder.util.log.basic.BasicLog.log(BasicLog.java:74)
	at com.topcoder.management.deliverable.PersistenceUploadManager.<init>(PersistenceUploadManager.java:260)
	at com.topcoder.management.deliverable.failuretests.PersistenceUploadManagerTest.setUp(PersistenceUploadManagerTest.java:72)
	at junit.framework.TestCase.runBare(TestCase.java:132)
	at junit.framework.TestResult$1.protect(TestResult.java:110)
	at junit.framework.TestResult.runProtected(TestResult.java:128)
	at junit.framework.TestResult.run(TestResult.java:113)
	at junit.framework.TestCase.run(TestCase.java:124)
	at junit.framework.TestSuite.runTest(TestSuite.java:232)
	at junit.framework.TestSuite.run(TestSuite.java:227)
	at junit.framework.TestSuite.runTest(TestSuite.java:232)
	at junit.framework.TestSuite.run(TestSuite.java:227)
	at junit.framework.TestSuite.runTest(TestSuite.java:232)
	at junit.framework.TestSuite.run(TestSuite.java:227)
	at org.apache.tools.ant.taskdefs.optional.junit.JUnitTestRunner.run(JUnitTestRunner.java:420)
	at org.apache.tools.ant.taskdefs.optional.junit.JUnitTestRunner.launch(JUnitTestRunner.java:911)
	at org.apache.tools.ant.taskdefs.optional.junit.JUnitTestRunner.main(JUnitTestRunner.java:768)
Instantiate PersistenceUploadManager with UploadPersistence, uploadSearchBundle, submissionSearchBundle, uploadIdGenerator, uploadTypeIdGenerator, uploadStatusIdGenerator, submissionIDGenerator and submissionStatusIdGenerator.
com.topcoder.util.config.UnknownNamespaceException: com.topcoder.util.log is unknown
	at com.topcoder.util.config.DefaultConfigManager.getPropertyObject(DefaultConfigManager.java:429)
	at com.topcoder.util.config.DefaultConfigManager.getString(DefaultConfigManager.java:449)
	at com.topcoder.util.log.LogFactory.getAttribute(LogFactory.java:224)
	at com.topcoder.util.log.basic.BasicLog.log(BasicLog.java:74)
	at com.topcoder.management.deliverable.PersistenceUploadManager.updateUploadStatus(PersistenceUploadManager.java:569)
	at com.topcoder.management.deliverable.failuretests.PersistenceUploadManagerTest.testupdateUploadStatusNotSet(PersistenceUploadManagerTest.java:863)
	at sun.reflect.NativeMethodAccessorImpl.invoke0(Native Method)
	at sun.reflect.NativeMethodAccessorImpl.invoke(NativeMethodAccessorImpl.java:57)
	at sun.reflect.DelegatingMethodAccessorImpl.invoke(DelegatingMethodAccessorImpl.java:43)
	at java.lang.reflect.Method.invoke(Method.java:616)
	at junit.framework.TestCase.runTest(TestCase.java:168)
	at junit.framework.TestCase.runBare(TestCase.java:134)
	at junit.framework.TestResult$1.protect(TestResult.java:110)
	at junit.framework.TestResult.runProtected(TestResult.java:128)
	at junit.framework.TestResult.run(TestResult.java:113)
	at junit.framework.TestCase.run(TestCase.java:124)
	at junit.framework.TestSuite.runTest(TestSuite.java:232)
	at junit.framework.TestSuite.run(TestSuite.java:227)
	at junit.framework.TestSuite.runTest(TestSuite.java:232)
	at junit.framework.TestSuite.run(TestSuite.java:227)
	at junit.framework.TestSuite.runTest(TestSuite.java:232)
	at junit.framework.TestSuite.run(TestSuite.java:227)
	at org.apache.tools.ant.taskdefs.optional.junit.JUnitTestRunner.run(JUnitTestRunner.java:420)
	at org.apache.tools.ant.taskdefs.optional.junit.JUnitTestRunner.launch(JUnitTestRunner.java:911)
	at org.apache.tools.ant.taskdefs.optional.junit.JUnitTestRunner.main(JUnitTestRunner.java:768)
type: UploadStatus id: -1 operator:a - create new UploadStatus.
com.topcoder.util.config.UnknownNamespaceException: com.topcoder.util.log is unknown
	at com.topcoder.util.config.DefaultConfigManager.getPropertyObject(DefaultConfigManager.java:429)
	at com.topcoder.util.config.DefaultConfigManager.getString(DefaultConfigManager.java:449)
	at com.topcoder.util.log.LogFactory.getAttribute(LogFactory.java:224)
	at com.topcoder.util.log.basic.BasicLog.log(BasicLog.java:74)
	at com.topcoder.management.deliverable.PersistenceUploadManager.persistenceUploadManagerHelper(PersistenceUploadManager.java:977)
	at com.topcoder.management.deliverable.PersistenceUploadManager.updateUploadStatus(PersistenceUploadManager.java:571)
	at com.topcoder.management.deliverable.failuretests.PersistenceUploadManagerTest.testupdateUploadStatusNotSet(PersistenceUploadManagerTest.java:863)
	at sun.reflect.NativeMethodAccessorImpl.invoke0(Native Method)
	at sun.reflect.NativeMethodAccessorImpl.invoke(NativeMethodAccessorImpl.java:57)
	at sun.reflect.DelegatingMethodAccessorImpl.invoke(DelegatingMethodAccessorImpl.java:43)
	at java.lang.reflect.Method.invoke(Method.java:616)
	at junit.framework.TestCase.runTest(TestCase.java:168)
	at junit.framework.TestCase.runBare(TestCase.java:134)
	at junit.framework.TestResult$1.protect(TestResult.java:110)
	at junit.framework.TestResult.runProtected(TestResult.java:128)
	at junit.framework.TestResult.run(TestResult.java:113)
	at junit.framework.TestCase.run(TestCase.java:124)
	at junit.framework.TestSuite.runTest(TestSuite.java:232)
	at junit.framework.TestSuite.run(TestSuite.java:227)
	at junit.framework.TestSuite.runTest(TestSuite.java:232)
	at junit.framework.TestSuite.run(TestSuite.java:227)
	at junit.framework.TestSuite.runTest(TestSuite.java:232)
	at junit.framework.TestSuite.run(TestSuite.java:227)
	at org.apache.tools.ant.taskdefs.optional.junit.JUnitTestRunner.run(JUnitTestRunner.java:420)
	at org.apache.tools.ant.taskdefs.optional.junit.JUnitTestRunner.launch(JUnitTestRunner.java:911)
	at org.apache.tools.ant.taskdefs.optional.junit.JUnitTestRunner.main(JUnitTestRunner.java:768)
The id of the uploadStatus can't be UNSET_ID.
com.topcoder.util.config.UnknownNamespaceException: com.topcoder.util.log is unknown
	at com.topcoder.util.config.DefaultConfigManager.getPropertyObject(DefaultConfigManager.java:429)
	at com.topcoder.util.config.DefaultConfigManager.getString(DefaultConfigManager.java:449)
	at com.topcoder.util.log.LogFactory.getAttribute(LogFactory.java:224)
	at com.topcoder.util.log.basic.BasicLog.log(BasicLog.java:74)
	at com.topcoder.management.deliverable.PersistenceUploadManager.<init>(PersistenceUploadManager.java:260)
	at com.topcoder.management.deliverable.failuretests.PersistenceUploadManagerTest.setUp(PersistenceUploadManagerTest.java:72)
	at junit.framework.TestCase.runBare(TestCase.java:132)
	at junit.framework.TestResult$1.protect(TestResult.java:110)
	at junit.framework.TestResult.runProtected(TestResult.java:128)
	at junit.framework.TestResult.run(TestResult.java:113)
	at junit.framework.TestCase.run(TestCase.java:124)
	at junit.framework.TestSuite.runTest(TestSuite.java:232)
	at junit.framework.TestSuite.run(TestSuite.java:227)
	at junit.framework.TestSuite.runTest(TestSuite.java:232)
	at junit.framework.TestSuite.run(TestSuite.java:227)
	at junit.framework.TestSuite.runTest(TestSuite.java:232)
	at junit.framework.TestSuite.run(TestSuite.java:227)
	at org.apache.tools.ant.taskdefs.optional.junit.JUnitTestRunner.run(JUnitTestRunner.java:420)
	at org.apache.tools.ant.taskdefs.optional.junit.JUnitTestRunner.launch(JUnitTestRunner.java:911)
	at org.apache.tools.ant.taskdefs.optional.junit.JUnitTestRunner.main(JUnitTestRunner.java:768)
Instantiate PersistenceUploadManager with UploadPersistence, uploadSearchBundle, submissionSearchBundle, uploadIdGenerator, uploadTypeIdGenerator, uploadStatusIdGenerator, submissionIDGenerator and submissionStatusIdGenerator.
com.topcoder.util.config.UnknownNamespaceException: com.topcoder.util.log is unknown
	at com.topcoder.util.config.DefaultConfigManager.getPropertyObject(DefaultConfigManager.java:429)
	at com.topcoder.util.config.DefaultConfigManager.getString(DefaultConfigManager.java:449)
	at com.topcoder.util.log.LogFactory.getAttribute(LogFactory.java:224)
	at com.topcoder.util.log.basic.BasicLog.log(BasicLog.java:74)
	at com.topcoder.management.deliverable.PersistenceUploadManager.updateUploadType(PersistenceUploadManager.java:479)
	at com.topcoder.management.deliverable.failuretests.PersistenceUploadManagerTest.testUpdateUploadTypeNullSubmission(PersistenceUploadManagerTest.java:876)
	at sun.reflect.NativeMethodAccessorImpl.invoke0(Native Method)
	at sun.reflect.NativeMethodAccessorImpl.invoke(NativeMethodAccessorImpl.java:57)
	at sun.reflect.DelegatingMethodAccessorImpl.invoke(DelegatingMethodAccessorImpl.java:43)
	at java.lang.reflect.Method.invoke(Method.java:616)
	at junit.framework.TestCase.runTest(TestCase.java:168)
	at junit.framework.TestCase.runBare(TestCase.java:134)
	at junit.framework.TestResult$1.protect(TestResult.java:110)
	at junit.framework.TestResult.runProtected(TestResult.java:128)
	at junit.framework.TestResult.run(TestResult.java:113)
	at junit.framework.TestCase.run(TestCase.java:124)
	at junit.framework.TestSuite.runTest(TestSuite.java:232)
	at junit.framework.TestSuite.run(TestSuite.java:227)
	at junit.framework.TestSuite.runTest(TestSuite.java:232)
	at junit.framework.TestSuite.run(TestSuite.java:227)
	at junit.framework.TestSuite.runTest(TestSuite.java:232)
	at junit.framework.TestSuite.run(TestSuite.java:227)
	at org.apache.tools.ant.taskdefs.optional.junit.JUnitTestRunner.run(JUnitTestRunner.java:420)
	at org.apache.tools.ant.taskdefs.optional.junit.JUnitTestRunner.launch(JUnitTestRunner.java:911)
	at org.apache.tools.ant.taskdefs.optional.junit.JUnitTestRunner.main(JUnitTestRunner.java:768)
type: UploadType id: -1 operator:a - update UploadType.
com.topcoder.util.config.UnknownNamespaceException: com.topcoder.util.log is unknown
	at com.topcoder.util.config.DefaultConfigManager.getPropertyObject(DefaultConfigManager.java:429)
	at com.topcoder.util.config.DefaultConfigManager.getString(DefaultConfigManager.java:449)
	at com.topcoder.util.log.LogFactory.getAttribute(LogFactory.java:224)
	at com.topcoder.util.log.basic.BasicLog.log(BasicLog.java:74)
	at com.topcoder.management.deliverable.PersistenceUploadManager.<init>(PersistenceUploadManager.java:260)
	at com.topcoder.management.deliverable.failuretests.PersistenceUploadManagerTest.setUp(PersistenceUploadManagerTest.java:72)
	at junit.framework.TestCase.runBare(TestCase.java:132)
	at junit.framework.TestResult$1.protect(TestResult.java:110)
	at junit.framework.TestResult.runProtected(TestResult.java:128)
	at junit.framework.TestResult.run(TestResult.java:113)
	at junit.framework.TestCase.run(TestCase.java:124)
	at junit.framework.TestSuite.runTest(TestSuite.java:232)
	at junit.framework.TestSuite.run(TestSuite.java:227)
	at junit.framework.TestSuite.runTest(TestSuite.java:232)
	at junit.framework.TestSuite.run(TestSuite.java:227)
	at junit.framework.TestSuite.runTest(TestSuite.java:232)
	at junit.framework.TestSuite.run(TestSuite.java:227)
	at org.apache.tools.ant.taskdefs.optional.junit.JUnitTestRunner.run(JUnitTestRunner.java:420)
	at org.apache.tools.ant.taskdefs.optional.junit.JUnitTestRunner.launch(JUnitTestRunner.java:911)
	at org.apache.tools.ant.taskdefs.optional.junit.JUnitTestRunner.main(JUnitTestRunner.java:768)
Instantiate PersistenceUploadManager with UploadPersistence, uploadSearchBundle, submissionSearchBundle, uploadIdGenerator, uploadTypeIdGenerator, uploadStatusIdGenerator, submissionIDGenerator and submissionStatusIdGenerator.
com.topcoder.util.config.UnknownNamespaceException: com.topcoder.util.log is unknown
	at com.topcoder.util.config.DefaultConfigManager.getPropertyObject(DefaultConfigManager.java:429)
	at com.topcoder.util.config.DefaultConfigManager.getString(DefaultConfigManager.java:449)
	at com.topcoder.util.log.LogFactory.getAttribute(LogFactory.java:224)
	at com.topcoder.util.log.basic.BasicLog.log(BasicLog.java:74)
	at com.topcoder.management.deliverable.PersistenceUploadManager.updateUploadType(PersistenceUploadManager.java:479)
	at com.topcoder.management.deliverable.failuretests.PersistenceUploadManagerTest.testupdateUploadTypeNotSet(PersistenceUploadManagerTest.java:889)
	at sun.reflect.NativeMethodAccessorImpl.invoke0(Native Method)
	at sun.reflect.NativeMethodAccessorImpl.invoke(NativeMethodAccessorImpl.java:57)
	at sun.reflect.DelegatingMethodAccessorImpl.invoke(DelegatingMethodAccessorImpl.java:43)
	at java.lang.reflect.Method.invoke(Method.java:616)
	at junit.framework.TestCase.runTest(TestCase.java:168)
	at junit.framework.TestCase.runBare(TestCase.java:134)
	at junit.framework.TestResult$1.protect(TestResult.java:110)
	at junit.framework.TestResult.runProtected(TestResult.java:128)
	at junit.framework.TestResult.run(TestResult.java:113)
	at junit.framework.TestCase.run(TestCase.java:124)
	at junit.framework.TestSuite.runTest(TestSuite.java:232)
	at junit.framework.TestSuite.run(TestSuite.java:227)
	at junit.framework.TestSuite.runTest(TestSuite.java:232)
	at junit.framework.TestSuite.run(TestSuite.java:227)
	at junit.framework.TestSuite.runTest(TestSuite.java:232)
	at junit.framework.TestSuite.run(TestSuite.java:227)
	at org.apache.tools.ant.taskdefs.optional.junit.JUnitTestRunner.run(JUnitTestRunner.java:420)
	at org.apache.tools.ant.taskdefs.optional.junit.JUnitTestRunner.launch(JUnitTestRunner.java:911)
	at org.apache.tools.ant.taskdefs.optional.junit.JUnitTestRunner.main(JUnitTestRunner.java:768)
type: UploadType id: -1 operator:a - update UploadType.
com.topcoder.util.config.UnknownNamespaceException: com.topcoder.util.log is unknown
	at com.topcoder.util.config.DefaultConfigManager.getPropertyObject(DefaultConfigManager.java:429)
	at com.topcoder.util.config.DefaultConfigManager.getString(DefaultConfigManager.java:449)
	at com.topcoder.util.log.LogFactory.getAttribute(LogFactory.java:224)
	at com.topcoder.util.log.basic.BasicLog.log(BasicLog.java:74)
	at com.topcoder.management.deliverable.PersistenceUploadManager.persistenceUploadManagerHelper(PersistenceUploadManager.java:977)
	at com.topcoder.management.deliverable.PersistenceUploadManager.updateUploadType(PersistenceUploadManager.java:481)
	at com.topcoder.management.deliverable.failuretests.PersistenceUploadManagerTest.testupdateUploadTypeNotSet(PersistenceUploadManagerTest.java:889)
	at sun.reflect.NativeMethodAccessorImpl.invoke0(Native Method)
	at sun.reflect.NativeMethodAccessorImpl.invoke(NativeMethodAccessorImpl.java:57)
	at sun.reflect.DelegatingMethodAccessorImpl.invoke(DelegatingMethodAccessorImpl.java:43)
	at java.lang.reflect.Method.invoke(Method.java:616)
	at junit.framework.TestCase.runTest(TestCase.java:168)
	at junit.framework.TestCase.runBare(TestCase.java:134)
	at junit.framework.TestResult$1.protect(TestResult.java:110)
	at junit.framework.TestResult.runProtected(TestResult.java:128)
	at junit.framework.TestResult.run(TestResult.java:113)
	at junit.framework.TestCase.run(TestCase.java:124)
	at junit.framework.TestSuite.runTest(TestSuite.java:232)
	at junit.framework.TestSuite.run(TestSuite.java:227)
	at junit.framework.TestSuite.runTest(TestSuite.java:232)
	at junit.framework.TestSuite.run(TestSuite.java:227)
	at junit.framework.TestSuite.runTest(TestSuite.java:232)
	at junit.framework.TestSuite.run(TestSuite.java:227)
	at org.apache.tools.ant.taskdefs.optional.junit.JUnitTestRunner.run(JUnitTestRunner.java:420)
	at org.apache.tools.ant.taskdefs.optional.junit.JUnitTestRunner.launch(JUnitTestRunner.java:911)
	at org.apache.tools.ant.taskdefs.optional.junit.JUnitTestRunner.main(JUnitTestRunner.java:768)
The id of the uploadType can't be UNSET_ID.
com.topcoder.util.config.UnknownNamespaceException: com.topcoder.util.log is unknown
	at com.topcoder.util.config.DefaultConfigManager.getPropertyObject(DefaultConfigManager.java:429)
	at com.topcoder.util.config.DefaultConfigManager.getString(DefaultConfigManager.java:449)
	at com.topcoder.util.log.LogFactory.getAttribute(LogFactory.java:224)
	at com.topcoder.util.log.basic.BasicLog.log(BasicLog.java:74)
	at com.topcoder.management.deliverable.PersistenceUploadManager.<init>(PersistenceUploadManager.java:260)
	at com.topcoder.management.deliverable.failuretests.PersistenceUploadManagerTest.setUp(PersistenceUploadManagerTest.java:72)
	at junit.framework.TestCase.runBare(TestCase.java:132)
	at junit.framework.TestResult$1.protect(TestResult.java:110)
	at junit.framework.TestResult.runProtected(TestResult.java:128)
	at junit.framework.TestResult.run(TestResult.java:113)
	at junit.framework.TestCase.run(TestCase.java:124)
	at junit.framework.TestSuite.runTest(TestSuite.java:232)
	at junit.framework.TestSuite.run(TestSuite.java:227)
	at junit.framework.TestSuite.runTest(TestSuite.java:232)
	at junit.framework.TestSuite.run(TestSuite.java:227)
	at junit.framework.TestSuite.runTest(TestSuite.java:232)
	at junit.framework.TestSuite.run(TestSuite.java:227)
	at org.apache.tools.ant.taskdefs.optional.junit.JUnitTestRunner.run(JUnitTestRunner.java:420)
	at org.apache.tools.ant.taskdefs.optional.junit.JUnitTestRunner.launch(JUnitTestRunner.java:911)
	at org.apache.tools.ant.taskdefs.optional.junit.JUnitTestRunner.main(JUnitTestRunner.java:768)
Instantiate PersistenceUploadManager with UploadPersistence, uploadSearchBundle, submissionSearchBundle, uploadIdGenerator, uploadTypeIdGenerator, uploadStatusIdGenerator, submissionIDGenerator and submissionStatusIdGenerator.
com.topcoder.util.config.UnknownNamespaceException: com.topcoder.util.log is unknown
	at com.topcoder.util.config.DefaultConfigManager.getPropertyObject(DefaultConfigManager.java:429)
	at com.topcoder.util.config.DefaultConfigManager.getString(DefaultConfigManager.java:449)
	at com.topcoder.util.log.LogFactory.getAttribute(LogFactory.java:224)
	at com.topcoder.util.log.basic.BasicLog.log(BasicLog.java:74)
	at com.topcoder.management.deliverable.PersistenceUploadManager.createSubmissionType(PersistenceUploadManager.java:845)
	at com.topcoder.management.deliverable.failuretests.PersistenceUploadManagerTest.testCreateSubmissionType_SubmissionTypeIdNull(PersistenceUploadManagerTest.java:909)
	at sun.reflect.NativeMethodAccessorImpl.invoke0(Native Method)
	at sun.reflect.NativeMethodAccessorImpl.invoke(NativeMethodAccessorImpl.java:57)
	at sun.reflect.DelegatingMethodAccessorImpl.invoke(DelegatingMethodAccessorImpl.java:43)
	at java.lang.reflect.Method.invoke(Method.java:616)
	at junit.framework.TestCase.runTest(TestCase.java:168)
	at junit.framework.TestCase.runBare(TestCase.java:134)
	at junit.framework.TestResult$1.protect(TestResult.java:110)
	at junit.framework.TestResult.runProtected(TestResult.java:128)
	at junit.framework.TestResult.run(TestResult.java:113)
	at junit.framework.TestCase.run(TestCase.java:124)
	at junit.framework.TestSuite.runTest(TestSuite.java:232)
	at junit.framework.TestSuite.run(TestSuite.java:227)
	at junit.framework.TestSuite.runTest(TestSuite.java:232)
	at junit.framework.TestSuite.run(TestSuite.java:227)
	at junit.framework.TestSuite.runTest(TestSuite.java:232)
	at junit.framework.TestSuite.run(TestSuite.java:227)
	at org.apache.tools.ant.taskdefs.optional.junit.JUnitTestRunner.run(JUnitTestRunner.java:420)
	at org.apache.tools.ant.taskdefs.optional.junit.JUnitTestRunner.launch(JUnitTestRunner.java:911)
	at org.apache.tools.ant.taskdefs.optional.junit.JUnitTestRunner.main(JUnitTestRunner.java:768)
type: SubmissionType id: Unknown operator:user - Create new SubmissionType.
com.topcoder.util.config.UnknownNamespaceException: com.topcoder.util.log is unknown
	at com.topcoder.util.config.DefaultConfigManager.getPropertyObject(DefaultConfigManager.java:429)
	at com.topcoder.util.config.DefaultConfigManager.getString(DefaultConfigManager.java:449)
	at com.topcoder.util.log.LogFactory.getAttribute(LogFactory.java:224)
	at com.topcoder.util.log.basic.BasicLog.log(BasicLog.java:74)
	at com.topcoder.management.deliverable.PersistenceUploadManager.<init>(PersistenceUploadManager.java:260)
	at com.topcoder.management.deliverable.failuretests.PersistenceUploadManagerTest.setUp(PersistenceUploadManagerTest.java:72)
	at junit.framework.TestCase.runBare(TestCase.java:132)
	at junit.framework.TestResult$1.protect(TestResult.java:110)
	at junit.framework.TestResult.runProtected(TestResult.java:128)
	at junit.framework.TestResult.run(TestResult.java:113)
	at junit.framework.TestCase.run(TestCase.java:124)
	at junit.framework.TestSuite.runTest(TestSuite.java:232)
	at junit.framework.TestSuite.run(TestSuite.java:227)
	at junit.framework.TestSuite.runTest(TestSuite.java:232)
	at junit.framework.TestSuite.run(TestSuite.java:227)
	at junit.framework.TestSuite.runTest(TestSuite.java:232)
	at junit.framework.TestSuite.run(TestSuite.java:227)
	at org.apache.tools.ant.taskdefs.optional.junit.JUnitTestRunner.run(JUnitTestRunner.java:420)
	at org.apache.tools.ant.taskdefs.optional.junit.JUnitTestRunner.launch(JUnitTestRunner.java:911)
	at org.apache.tools.ant.taskdefs.optional.junit.JUnitTestRunner.main(JUnitTestRunner.java:768)
Instantiate PersistenceUploadManager with UploadPersistence, uploadSearchBundle, submissionSearchBundle, uploadIdGenerator, uploadTypeIdGenerator, uploadStatusIdGenerator, submissionIDGenerator and submissionStatusIdGenerator.
com.topcoder.util.config.UnknownNamespaceException: com.topcoder.util.log is unknown
	at com.topcoder.util.config.DefaultConfigManager.getPropertyObject(DefaultConfigManager.java:429)
	at com.topcoder.util.config.DefaultConfigManager.getString(DefaultConfigManager.java:449)
	at com.topcoder.util.log.LogFactory.getAttribute(LogFactory.java:224)
	at com.topcoder.util.log.basic.BasicLog.log(BasicLog.java:74)
	at com.topcoder.management.deliverable.PersistenceUploadManager.createSubmissionType(PersistenceUploadManager.java:845)
	at com.topcoder.management.deliverable.failuretests.PersistenceUploadManagerTest.testCreateSubmissionType_SubmissionTypeIdInvalid(PersistenceUploadManagerTest.java:930)
	at sun.reflect.NativeMethodAccessorImpl.invoke0(Native Method)
	at sun.reflect.NativeMethodAccessorImpl.invoke(NativeMethodAccessorImpl.java:57)
	at sun.reflect.DelegatingMethodAccessorImpl.invoke(DelegatingMethodAccessorImpl.java:43)
	at java.lang.reflect.Method.invoke(Method.java:616)
	at junit.framework.TestCase.runTest(TestCase.java:168)
	at junit.framework.TestCase.runBare(TestCase.java:134)
	at junit.framework.TestResult$1.protect(TestResult.java:110)
	at junit.framework.TestResult.runProtected(TestResult.java:128)
	at junit.framework.TestResult.run(TestResult.java:113)
	at junit.framework.TestCase.run(TestCase.java:124)
	at junit.framework.TestSuite.runTest(TestSuite.java:232)
	at junit.framework.TestSuite.run(TestSuite.java:227)
	at junit.framework.TestSuite.runTest(TestSuite.java:232)
	at junit.framework.TestSuite.run(TestSuite.java:227)
	at junit.framework.TestSuite.runTest(TestSuite.java:232)
	at junit.framework.TestSuite.run(TestSuite.java:227)
	at org.apache.tools.ant.taskdefs.optional.junit.JUnitTestRunner.run(JUnitTestRunner.java:420)
	at org.apache.tools.ant.taskdefs.optional.junit.JUnitTestRunner.launch(JUnitTestRunner.java:911)
	at org.apache.tools.ant.taskdefs.optional.junit.JUnitTestRunner.main(JUnitTestRunner.java:768)
type: SubmissionType id: Unknown operator:user - Create new SubmissionType.
com.topcoder.util.config.UnknownNamespaceException: com.topcoder.util.log is unknown
	at com.topcoder.util.config.DefaultConfigManager.getPropertyObject(DefaultConfigManager.java:429)
	at com.topcoder.util.config.DefaultConfigManager.getString(DefaultConfigManager.java:449)
	at com.topcoder.util.log.LogFactory.getAttribute(LogFactory.java:224)
	at com.topcoder.util.log.basic.BasicLog.log(BasicLog.java:74)
	at com.topcoder.management.deliverable.PersistenceUploadManager.persistenceUploadManagerHelper(PersistenceUploadManager.java:954)
	at com.topcoder.management.deliverable.PersistenceUploadManager.createSubmissionType(PersistenceUploadManager.java:847)
	at com.topcoder.management.deliverable.failuretests.PersistenceUploadManagerTest.testCreateSubmissionType_SubmissionTypeIdInvalid(PersistenceUploadManagerTest.java:930)
	at sun.reflect.NativeMethodAccessorImpl.invoke0(Native Method)
	at sun.reflect.NativeMethodAccessorImpl.invoke(NativeMethodAccessorImpl.java:57)
	at sun.reflect.DelegatingMethodAccessorImpl.invoke(DelegatingMethodAccessorImpl.java:43)
	at java.lang.reflect.Method.invoke(Method.java:616)
	at junit.framework.TestCase.runTest(TestCase.java:168)
	at junit.framework.TestCase.runBare(TestCase.java:134)
	at junit.framework.TestResult$1.protect(TestResult.java:110)
	at junit.framework.TestResult.runProtected(TestResult.java:128)
	at junit.framework.TestResult.run(TestResult.java:113)
	at junit.framework.TestCase.run(TestCase.java:124)
	at junit.framework.TestSuite.runTest(TestSuite.java:232)
	at junit.framework.TestSuite.run(TestSuite.java:227)
	at junit.framework.TestSuite.runTest(TestSuite.java:232)
	at junit.framework.TestSuite.run(TestSuite.java:227)
	at junit.framework.TestSuite.runTest(TestSuite.java:232)
	at junit.framework.TestSuite.run(TestSuite.java:227)
	at org.apache.tools.ant.taskdefs.optional.junit.JUnitTestRunner.run(JUnitTestRunner.java:420)
	at org.apache.tools.ant.taskdefs.optional.junit.JUnitTestRunner.launch(JUnitTestRunner.java:911)
	at org.apache.tools.ant.taskdefs.optional.junit.JUnitTestRunner.main(JUnitTestRunner.java:768)
The id of the submissionType must be UNSET_ID, 1 received
com.topcoder.util.config.UnknownNamespaceException: com.topcoder.util.log is unknown
	at com.topcoder.util.config.DefaultConfigManager.getPropertyObject(DefaultConfigManager.java:429)
	at com.topcoder.util.config.DefaultConfigManager.getString(DefaultConfigManager.java:449)
	at com.topcoder.util.log.LogFactory.getAttribute(LogFactory.java:224)
	at com.topcoder.util.log.basic.BasicLog.log(BasicLog.java:74)
	at com.topcoder.management.deliverable.PersistenceUploadManager.<init>(PersistenceUploadManager.java:260)
	at com.topcoder.management.deliverable.failuretests.PersistenceUploadManagerTest.setUp(PersistenceUploadManagerTest.java:72)
	at junit.framework.TestCase.runBare(TestCase.java:132)
	at junit.framework.TestResult$1.protect(TestResult.java:110)
	at junit.framework.TestResult.runProtected(TestResult.java:128)
	at junit.framework.TestResult.run(TestResult.java:113)
	at junit.framework.TestCase.run(TestCase.java:124)
	at junit.framework.TestSuite.runTest(TestSuite.java:232)
	at junit.framework.TestSuite.run(TestSuite.java:227)
	at junit.framework.TestSuite.runTest(TestSuite.java:232)
	at junit.framework.TestSuite.run(TestSuite.java:227)
	at junit.framework.TestSuite.runTest(TestSuite.java:232)
	at junit.framework.TestSuite.run(TestSuite.java:227)
	at org.apache.tools.ant.taskdefs.optional.junit.JUnitTestRunner.run(JUnitTestRunner.java:420)
	at org.apache.tools.ant.taskdefs.optional.junit.JUnitTestRunner.launch(JUnitTestRunner.java:911)
	at org.apache.tools.ant.taskdefs.optional.junit.JUnitTestRunner.main(JUnitTestRunner.java:768)
Instantiate PersistenceUploadManager with UploadPersistence, uploadSearchBundle, submissionSearchBundle, uploadIdGenerator, uploadTypeIdGenerator, uploadStatusIdGenerator, submissionIDGenerator and submissionStatusIdGenerator.
com.topcoder.util.config.UnknownNamespaceException: com.topcoder.util.log is unknown
	at com.topcoder.util.config.DefaultConfigManager.getPropertyObject(DefaultConfigManager.java:429)
	at com.topcoder.util.config.DefaultConfigManager.getString(DefaultConfigManager.java:449)
	at com.topcoder.util.log.LogFactory.getAttribute(LogFactory.java:224)
	at com.topcoder.util.log.basic.BasicLog.log(BasicLog.java:74)
	at com.topcoder.management.deliverable.PersistenceUploadManager.createSubmissionType(PersistenceUploadManager.java:845)
	at com.topcoder.management.deliverable.failuretests.PersistenceUploadManagerTest.testCreateSubmissionType_OperatorIsNull(PersistenceUploadManagerTest.java:951)
	at sun.reflect.NativeMethodAccessorImpl.invoke0(Native Method)
	at sun.reflect.NativeMethodAccessorImpl.invoke(NativeMethodAccessorImpl.java:57)
	at sun.reflect.DelegatingMethodAccessorImpl.invoke(DelegatingMethodAccessorImpl.java:43)
	at java.lang.reflect.Method.invoke(Method.java:616)
	at junit.framework.TestCase.runTest(TestCase.java:168)
	at junit.framework.TestCase.runBare(TestCase.java:134)
	at junit.framework.TestResult$1.protect(TestResult.java:110)
	at junit.framework.TestResult.runProtected(TestResult.java:128)
	at junit.framework.TestResult.run(TestResult.java:113)
	at junit.framework.TestCase.run(TestCase.java:124)
	at junit.framework.TestSuite.runTest(TestSuite.java:232)
	at junit.framework.TestSuite.run(TestSuite.java:227)
	at junit.framework.TestSuite.runTest(TestSuite.java:232)
	at junit.framework.TestSuite.run(TestSuite.java:227)
	at junit.framework.TestSuite.runTest(TestSuite.java:232)
	at junit.framework.TestSuite.run(TestSuite.java:227)
	at org.apache.tools.ant.taskdefs.optional.junit.JUnitTestRunner.run(JUnitTestRunner.java:420)
	at org.apache.tools.ant.taskdefs.optional.junit.JUnitTestRunner.launch(JUnitTestRunner.java:911)
	at org.apache.tools.ant.taskdefs.optional.junit.JUnitTestRunner.main(JUnitTestRunner.java:768)
type: SubmissionType id: Unknown operator:Unknown - Create new SubmissionType.
com.topcoder.util.config.UnknownNamespaceException: com.topcoder.util.log is unknown
	at com.topcoder.util.config.DefaultConfigManager.getPropertyObject(DefaultConfigManager.java:429)
	at com.topcoder.util.config.DefaultConfigManager.getString(DefaultConfigManager.java:449)
	at com.topcoder.util.log.LogFactory.getAttribute(LogFactory.java:224)
	at com.topcoder.util.log.basic.BasicLog.log(BasicLog.java:74)
	at com.topcoder.management.deliverable.PersistenceUploadManager.<init>(PersistenceUploadManager.java:260)
	at com.topcoder.management.deliverable.failuretests.PersistenceUploadManagerTest.setUp(PersistenceUploadManagerTest.java:72)
	at junit.framework.TestCase.runBare(TestCase.java:132)
	at junit.framework.TestResult$1.protect(TestResult.java:110)
	at junit.framework.TestResult.runProtected(TestResult.java:128)
	at junit.framework.TestResult.run(TestResult.java:113)
	at junit.framework.TestCase.run(TestCase.java:124)
	at junit.framework.TestSuite.runTest(TestSuite.java:232)
	at junit.framework.TestSuite.run(TestSuite.java:227)
	at junit.framework.TestSuite.runTest(TestSuite.java:232)
	at junit.framework.TestSuite.run(TestSuite.java:227)
	at junit.framework.TestSuite.runTest(TestSuite.java:232)
	at junit.framework.TestSuite.run(TestSuite.java:227)
	at org.apache.tools.ant.taskdefs.optional.junit.JUnitTestRunner.run(JUnitTestRunner.java:420)
	at org.apache.tools.ant.taskdefs.optional.junit.JUnitTestRunner.launch(JUnitTestRunner.java:911)
	at org.apache.tools.ant.taskdefs.optional.junit.JUnitTestRunner.main(JUnitTestRunner.java:768)
Instantiate PersistenceUploadManager with UploadPersistence, uploadSearchBundle, submissionSearchBundle, uploadIdGenerator, uploadTypeIdGenerator, uploadStatusIdGenerator, submissionIDGenerator and submissionStatusIdGenerator.
com.topcoder.util.config.UnknownNamespaceException: com.topcoder.util.log is unknown
	at com.topcoder.util.config.DefaultConfigManager.getPropertyObject(DefaultConfigManager.java:429)
	at com.topcoder.util.config.DefaultConfigManager.getString(DefaultConfigManager.java:449)
	at com.topcoder.util.log.LogFactory.getAttribute(LogFactory.java:224)
	at com.topcoder.util.log.basic.BasicLog.log(BasicLog.java:74)
	at com.topcoder.management.deliverable.PersistenceUploadManager.updateSubmissionType(PersistenceUploadManager.java:875)
	at com.topcoder.management.deliverable.failuretests.PersistenceUploadManagerTest.testUpdateSubmissionType_SubmissionTypeIsNull(PersistenceUploadManagerTest.java:972)
	at sun.reflect.NativeMethodAccessorImpl.invoke0(Native Method)
	at sun.reflect.NativeMethodAccessorImpl.invoke(NativeMethodAccessorImpl.java:57)
	at sun.reflect.DelegatingMethodAccessorImpl.invoke(DelegatingMethodAccessorImpl.java:43)
	at java.lang.reflect.Method.invoke(Method.java:616)
	at junit.framework.TestCase.runTest(TestCase.java:168)
	at junit.framework.TestCase.runBare(TestCase.java:134)
	at junit.framework.TestResult$1.protect(TestResult.java:110)
	at junit.framework.TestResult.runProtected(TestResult.java:128)
	at junit.framework.TestResult.run(TestResult.java:113)
	at junit.framework.TestCase.run(TestCase.java:124)
	at junit.framework.TestSuite.runTest(TestSuite.java:232)
	at junit.framework.TestSuite.run(TestSuite.java:227)
	at junit.framework.TestSuite.runTest(TestSuite.java:232)
	at junit.framework.TestSuite.run(TestSuite.java:227)
	at junit.framework.TestSuite.runTest(TestSuite.java:232)
	at junit.framework.TestSuite.run(TestSuite.java:227)
	at org.apache.tools.ant.taskdefs.optional.junit.JUnitTestRunner.run(JUnitTestRunner.java:420)
	at org.apache.tools.ant.taskdefs.optional.junit.JUnitTestRunner.launch(JUnitTestRunner.java:911)
	at org.apache.tools.ant.taskdefs.optional.junit.JUnitTestRunner.main(JUnitTestRunner.java:768)
type: SubmissionType id: -1 operator:user - Update SubmissionType.
com.topcoder.util.config.UnknownNamespaceException: com.topcoder.util.log is unknown
	at com.topcoder.util.config.DefaultConfigManager.getPropertyObject(DefaultConfigManager.java:429)
	at com.topcoder.util.config.DefaultConfigManager.getString(DefaultConfigManager.java:449)
	at com.topcoder.util.log.LogFactory.getAttribute(LogFactory.java:224)
	at com.topcoder.util.log.basic.BasicLog.log(BasicLog.java:74)
	at com.topcoder.management.deliverable.PersistenceUploadManager.<init>(PersistenceUploadManager.java:260)
	at com.topcoder.management.deliverable.failuretests.PersistenceUploadManagerTest.setUp(PersistenceUploadManagerTest.java:72)
	at junit.framework.TestCase.runBare(TestCase.java:132)
	at junit.framework.TestResult$1.protect(TestResult.java:110)
	at junit.framework.TestResult.runProtected(TestResult.java:128)
	at junit.framework.TestResult.run(TestResult.java:113)
	at junit.framework.TestCase.run(TestCase.java:124)
	at junit.framework.TestSuite.runTest(TestSuite.java:232)
	at junit.framework.TestSuite.run(TestSuite.java:227)
	at junit.framework.TestSuite.runTest(TestSuite.java:232)
	at junit.framework.TestSuite.run(TestSuite.java:227)
	at junit.framework.TestSuite.runTest(TestSuite.java:232)
	at junit.framework.TestSuite.run(TestSuite.java:227)
	at org.apache.tools.ant.taskdefs.optional.junit.JUnitTestRunner.run(JUnitTestRunner.java:420)
	at org.apache.tools.ant.taskdefs.optional.junit.JUnitTestRunner.launch(JUnitTestRunner.java:911)
	at org.apache.tools.ant.taskdefs.optional.junit.JUnitTestRunner.main(JUnitTestRunner.java:768)
Instantiate PersistenceUploadManager with UploadPersistence, uploadSearchBundle, submissionSearchBundle, uploadIdGenerator, uploadTypeIdGenerator, uploadStatusIdGenerator, submissionIDGenerator and submissionStatusIdGenerator.
com.topcoder.util.config.UnknownNamespaceException: com.topcoder.util.log is unknown
	at com.topcoder.util.config.DefaultConfigManager.getPropertyObject(DefaultConfigManager.java:429)
	at com.topcoder.util.config.DefaultConfigManager.getString(DefaultConfigManager.java:449)
	at com.topcoder.util.log.LogFactory.getAttribute(LogFactory.java:224)
	at com.topcoder.util.log.basic.BasicLog.log(BasicLog.java:74)
	at com.topcoder.management.deliverable.PersistenceUploadManager.<init>(PersistenceUploadManager.java:260)
	at com.topcoder.management.deliverable.failuretests.PersistenceUploadManagerTest.setUp(PersistenceUploadManagerTest.java:72)
	at junit.framework.TestCase.runBare(TestCase.java:132)
	at junit.framework.TestResult$1.protect(TestResult.java:110)
	at junit.framework.TestResult.runProtected(TestResult.java:128)
	at junit.framework.TestResult.run(TestResult.java:113)
	at junit.framework.TestCase.run(TestCase.java:124)
	at junit.framework.TestSuite.runTest(TestSuite.java:232)
	at junit.framework.TestSuite.run(TestSuite.java:227)
	at junit.framework.TestSuite.runTest(TestSuite.java:232)
	at junit.framework.TestSuite.run(TestSuite.java:227)
	at junit.framework.TestSuite.runTest(TestSuite.java:232)
	at junit.framework.TestSuite.run(TestSuite.java:227)
	at org.apache.tools.ant.taskdefs.optional.junit.JUnitTestRunner.run(JUnitTestRunner.java:420)
	at org.apache.tools.ant.taskdefs.optional.junit.JUnitTestRunner.launch(JUnitTestRunner.java:911)
	at org.apache.tools.ant.taskdefs.optional.junit.JUnitTestRunner.main(JUnitTestRunner.java:768)
Instantiate PersistenceUploadManager with UploadPersistence, uploadSearchBundle, submissionSearchBundle, uploadIdGenerator, uploadTypeIdGenerator, uploadStatusIdGenerator, submissionIDGenerator and submissionStatusIdGenerator.
com.topcoder.util.config.UnknownNamespaceException: com.topcoder.util.log is unknown
	at com.topcoder.util.config.DefaultConfigManager.getPropertyObject(DefaultConfigManager.java:429)
	at com.topcoder.util.config.DefaultConfigManager.getString(DefaultConfigManager.java:449)
	at com.topcoder.util.log.LogFactory.getAttribute(LogFactory.java:224)
	at com.topcoder.util.log.basic.BasicLog.log(BasicLog.java:74)
	at com.topcoder.management.deliverable.PersistenceUploadManager.updateSubmissionType(PersistenceUploadManager.java:875)
	at com.topcoder.management.deliverable.failuretests.PersistenceUploadManagerTest.testUpdateSubmissionType_OperatorIsNull(PersistenceUploadManagerTest.java:1014)
	at sun.reflect.NativeMethodAccessorImpl.invoke0(Native Method)
	at sun.reflect.NativeMethodAccessorImpl.invoke(NativeMethodAccessorImpl.java:57)
	at sun.reflect.DelegatingMethodAccessorImpl.invoke(DelegatingMethodAccessorImpl.java:43)
	at java.lang.reflect.Method.invoke(Method.java:616)
	at junit.framework.TestCase.runTest(TestCase.java:168)
	at junit.framework.TestCase.runBare(TestCase.java:134)
	at junit.framework.TestResult$1.protect(TestResult.java:110)
	at junit.framework.TestResult.runProtected(TestResult.java:128)
	at junit.framework.TestResult.run(TestResult.java:113)
	at junit.framework.TestCase.run(TestCase.java:124)
	at junit.framework.TestSuite.runTest(TestSuite.java:232)
	at junit.framework.TestSuite.run(TestSuite.java:227)
	at junit.framework.TestSuite.runTest(TestSuite.java:232)
	at junit.framework.TestSuite.run(TestSuite.java:227)
	at junit.framework.TestSuite.runTest(TestSuite.java:232)
	at junit.framework.TestSuite.run(TestSuite.java:227)
	at org.apache.tools.ant.taskdefs.optional.junit.JUnitTestRunner.run(JUnitTestRunner.java:420)
	at org.apache.tools.ant.taskdefs.optional.junit.JUnitTestRunner.launch(JUnitTestRunner.java:911)
	at org.apache.tools.ant.taskdefs.optional.junit.JUnitTestRunner.main(JUnitTestRunner.java:768)
type: SubmissionType id: 1 operator:Unknown - Update SubmissionType.
com.topcoder.util.config.UnknownNamespaceException: com.topcoder.util.log is unknown
	at com.topcoder.util.config.DefaultConfigManager.getPropertyObject(DefaultConfigManager.java:429)
	at com.topcoder.util.config.DefaultConfigManager.getString(DefaultConfigManager.java:449)
	at com.topcoder.util.log.LogFactory.getAttribute(LogFactory.java:224)
	at com.topcoder.util.log.basic.BasicLog.log(BasicLog.java:74)
	at com.topcoder.management.deliverable.PersistenceUploadManager.<init>(PersistenceUploadManager.java:260)
	at com.topcoder.management.deliverable.failuretests.PersistenceUploadManagerTest.setUp(PersistenceUploadManagerTest.java:72)
	at junit.framework.TestCase.runBare(TestCase.java:132)
	at junit.framework.TestResult$1.protect(TestResult.java:110)
	at junit.framework.TestResult.runProtected(TestResult.java:128)
	at junit.framework.TestResult.run(TestResult.java:113)
	at junit.framework.TestCase.run(TestCase.java:124)
	at junit.framework.TestSuite.runTest(TestSuite.java:232)
	at junit.framework.TestSuite.run(TestSuite.java:227)
	at junit.framework.TestSuite.runTest(TestSuite.java:232)
	at junit.framework.TestSuite.run(TestSuite.java:227)
	at junit.framework.TestSuite.runTest(TestSuite.java:232)
	at junit.framework.TestSuite.run(TestSuite.java:227)
	at org.apache.tools.ant.taskdefs.optional.junit.JUnitTestRunner.run(JUnitTestRunner.java:420)
	at org.apache.tools.ant.taskdefs.optional.junit.JUnitTestRunner.launch(JUnitTestRunner.java:911)
	at org.apache.tools.ant.taskdefs.optional.junit.JUnitTestRunner.main(JUnitTestRunner.java:768)
Instantiate PersistenceUploadManager with UploadPersistence, uploadSearchBundle, submissionSearchBundle, uploadIdGenerator, uploadTypeIdGenerator, uploadStatusIdGenerator, submissionIDGenerator and submissionStatusIdGenerator.
com.topcoder.util.config.UnknownNamespaceException: com.topcoder.util.log is unknown
	at com.topcoder.util.config.DefaultConfigManager.getPropertyObject(DefaultConfigManager.java:429)
	at com.topcoder.util.config.DefaultConfigManager.getString(DefaultConfigManager.java:449)
	at com.topcoder.util.log.LogFactory.getAttribute(LogFactory.java:224)
	at com.topcoder.util.log.basic.BasicLog.log(BasicLog.java:74)
	at com.topcoder.management.deliverable.PersistenceUploadManager.removeSubmissionType(PersistenceUploadManager.java:902)
	at com.topcoder.management.deliverable.failuretests.PersistenceUploadManagerTest.testRemoveSubmissionType_SubmissionTypeIsNull(PersistenceUploadManagerTest.java:1035)
	at sun.reflect.NativeMethodAccessorImpl.invoke0(Native Method)
	at sun.reflect.NativeMethodAccessorImpl.invoke(NativeMethodAccessorImpl.java:57)
	at sun.reflect.DelegatingMethodAccessorImpl.invoke(DelegatingMethodAccessorImpl.java:43)
	at java.lang.reflect.Method.invoke(Method.java:616)
	at junit.framework.TestCase.runTest(TestCase.java:168)
	at junit.framework.TestCase.runBare(TestCase.java:134)
	at junit.framework.TestResult$1.protect(TestResult.java:110)
	at junit.framework.TestResult.runProtected(TestResult.java:128)
	at junit.framework.TestResult.run(TestResult.java:113)
	at junit.framework.TestCase.run(TestCase.java:124)
	at junit.framework.TestSuite.runTest(TestSuite.java:232)
	at junit.framework.TestSuite.run(TestSuite.java:227)
	at junit.framework.TestSuite.runTest(TestSuite.java:232)
	at junit.framework.TestSuite.run(TestSuite.java:227)
	at junit.framework.TestSuite.runTest(TestSuite.java:232)
	at junit.framework.TestSuite.run(TestSuite.java:227)
	at org.apache.tools.ant.taskdefs.optional.junit.JUnitTestRunner.run(JUnitTestRunner.java:420)
	at org.apache.tools.ant.taskdefs.optional.junit.JUnitTestRunner.launch(JUnitTestRunner.java:911)
	at org.apache.tools.ant.taskdefs.optional.junit.JUnitTestRunner.main(JUnitTestRunner.java:768)
type: SubmissionType id: -1 operator:user - Remove SubmissionType.
com.topcoder.util.config.UnknownNamespaceException: com.topcoder.util.log is unknown
	at com.topcoder.util.config.DefaultConfigManager.getPropertyObject(DefaultConfigManager.java:429)
	at com.topcoder.util.config.DefaultConfigManager.getString(DefaultConfigManager.java:449)
	at com.topcoder.util.log.LogFactory.getAttribute(LogFactory.java:224)
	at com.topcoder.util.log.basic.BasicLog.log(BasicLog.java:74)
	at com.topcoder.management.deliverable.PersistenceUploadManager.<init>(PersistenceUploadManager.java:260)
	at com.topcoder.management.deliverable.failuretests.PersistenceUploadManagerTest.setUp(PersistenceUploadManagerTest.java:72)
	at junit.framework.TestCase.runBare(TestCase.java:132)
	at junit.framework.TestResult$1.protect(TestResult.java:110)
	at junit.framework.TestResult.runProtected(TestResult.java:128)
	at junit.framework.TestResult.run(TestResult.java:113)
	at junit.framework.TestCase.run(TestCase.java:124)
	at junit.framework.TestSuite.runTest(TestSuite.java:232)
	at junit.framework.TestSuite.run(TestSuite.java:227)
	at junit.framework.TestSuite.runTest(TestSuite.java:232)
	at junit.framework.TestSuite.run(TestSuite.java:227)
	at junit.framework.TestSuite.runTest(TestSuite.java:232)
	at junit.framework.TestSuite.run(TestSuite.java:227)
	at org.apache.tools.ant.taskdefs.optional.junit.JUnitTestRunner.run(JUnitTestRunner.java:420)
	at org.apache.tools.ant.taskdefs.optional.junit.JUnitTestRunner.launch(JUnitTestRunner.java:911)
	at org.apache.tools.ant.taskdefs.optional.junit.JUnitTestRunner.main(JUnitTestRunner.java:768)
Instantiate PersistenceUploadManager with UploadPersistence, uploadSearchBundle, submissionSearchBundle, uploadIdGenerator, uploadTypeIdGenerator, uploadStatusIdGenerator, submissionIDGenerator and submissionStatusIdGenerator.
com.topcoder.util.config.UnknownNamespaceException: com.topcoder.util.log is unknown
	at com.topcoder.util.config.DefaultConfigManager.getPropertyObject(DefaultConfigManager.java:429)
	at com.topcoder.util.config.DefaultConfigManager.getString(DefaultConfigManager.java:449)
	at com.topcoder.util.log.LogFactory.getAttribute(LogFactory.java:224)
	at com.topcoder.util.log.basic.BasicLog.log(BasicLog.java:74)
	at com.topcoder.management.deliverable.PersistenceUploadManager.<init>(PersistenceUploadManager.java:260)
	at com.topcoder.management.deliverable.failuretests.PersistenceUploadManagerTest.setUp(PersistenceUploadManagerTest.java:72)
	at junit.framework.TestCase.runBare(TestCase.java:132)
	at junit.framework.TestResult$1.protect(TestResult.java:110)
	at junit.framework.TestResult.runProtected(TestResult.java:128)
	at junit.framework.TestResult.run(TestResult.java:113)
	at junit.framework.TestCase.run(TestCase.java:124)
	at junit.framework.TestSuite.runTest(TestSuite.java:232)
	at junit.framework.TestSuite.run(TestSuite.java:227)
	at junit.framework.TestSuite.runTest(TestSuite.java:232)
	at junit.framework.TestSuite.run(TestSuite.java:227)
	at junit.framework.TestSuite.runTest(TestSuite.java:232)
	at junit.framework.TestSuite.run(TestSuite.java:227)
	at org.apache.tools.ant.taskdefs.optional.junit.JUnitTestRunner.run(JUnitTestRunner.java:420)
	at org.apache.tools.ant.taskdefs.optional.junit.JUnitTestRunner.launch(JUnitTestRunner.java:911)
	at org.apache.tools.ant.taskdefs.optional.junit.JUnitTestRunner.main(JUnitTestRunner.java:768)
Instantiate PersistenceUploadManager with UploadPersistence, uploadSearchBundle, submissionSearchBundle, uploadIdGenerator, uploadTypeIdGenerator, uploadStatusIdGenerator, submissionIDGenerator and submissionStatusIdGenerator.
com.topcoder.util.config.UnknownNamespaceException: com.topcoder.util.log is unknown
	at com.topcoder.util.config.DefaultConfigManager.getPropertyObject(DefaultConfigManager.java:429)
	at com.topcoder.util.config.DefaultConfigManager.getString(DefaultConfigManager.java:449)
	at com.topcoder.util.log.LogFactory.getAttribute(LogFactory.java:224)
	at com.topcoder.util.log.basic.BasicLog.log(BasicLog.java:74)
	at com.topcoder.management.deliverable.PersistenceUploadManager.removeSubmissionType(PersistenceUploadManager.java:902)
	at com.topcoder.management.deliverable.failuretests.PersistenceUploadManagerTest.testRemoveSubmissionType_OperatorNull(PersistenceUploadManagerTest.java:1077)
	at sun.reflect.NativeMethodAccessorImpl.invoke0(Native Method)
	at sun.reflect.NativeMethodAccessorImpl.invoke(NativeMethodAccessorImpl.java:57)
	at sun.reflect.DelegatingMethodAccessorImpl.invoke(DelegatingMethodAccessorImpl.java:43)
	at java.lang.reflect.Method.invoke(Method.java:616)
	at junit.framework.TestCase.runTest(TestCase.java:168)
	at junit.framework.TestCase.runBare(TestCase.java:134)
	at junit.framework.TestResult$1.protect(TestResult.java:110)
	at junit.framework.TestResult.runProtected(TestResult.java:128)
	at junit.framework.TestResult.run(TestResult.java:113)
	at junit.framework.TestCase.run(TestCase.java:124)
	at junit.framework.TestSuite.runTest(TestSuite.java:232)
	at junit.framework.TestSuite.run(TestSuite.java:227)
	at junit.framework.TestSuite.runTest(TestSuite.java:232)
	at junit.framework.TestSuite.run(TestSuite.java:227)
	at junit.framework.TestSuite.runTest(TestSuite.java:232)
	at junit.framework.TestSuite.run(TestSuite.java:227)
	at org.apache.tools.ant.taskdefs.optional.junit.JUnitTestRunner.run(JUnitTestRunner.java:420)
	at org.apache.tools.ant.taskdefs.optional.junit.JUnitTestRunner.launch(JUnitTestRunner.java:911)
	at org.apache.tools.ant.taskdefs.optional.junit.JUnitTestRunner.main(JUnitTestRunner.java:768)
type: SubmissionType id: 1 operator:Unknown - Remove SubmissionType.
com.topcoder.util.config.UnknownNamespaceException: com.topcoder.util.log is unknown
	at com.topcoder.util.config.DefaultConfigManager.getPropertyObject(DefaultConfigManager.java:429)
	at com.topcoder.util.config.DefaultConfigManager.getString(DefaultConfigManager.java:449)
	at com.topcoder.util.log.LogFactory.getAttribute(LogFactory.java:224)
	at com.topcoder.util.log.basic.BasicLog.log(BasicLog.java:74)
	at com.topcoder.management.deliverable.PersistenceDeliverableManager.<init>(PersistenceDeliverableManager.java:157)
	at com.topcoder.management.deliverable.PersistenceDeliverableManager.<init>(PersistenceDeliverableManager.java:183)
	at com.topcoder.management.deliverable.accuracytests.PersistenceDeliverableManagerAccuracyTests.setUp(PersistenceDeliverableManagerAccuracyTests.java:122)
	at junit.framework.TestCase.runBare(TestCase.java:132)
	at junit.framework.TestResult$1.protect(TestResult.java:110)
	at junit.framework.TestResult.runProtected(TestResult.java:128)
	at junit.framework.TestResult.run(TestResult.java:113)
	at junit.framework.TestCase.run(TestCase.java:124)
	at junit.framework.TestSuite.runTest(TestSuite.java:232)
	at junit.framework.TestSuite.run(TestSuite.java:227)
	at junit.framework.TestSuite.runTest(TestSuite.java:232)
	at junit.framework.TestSuite.run(TestSuite.java:227)
	at junit.framework.TestSuite.runTest(TestSuite.java:232)
	at junit.framework.TestSuite.run(TestSuite.java:227)
	at org.apache.tools.ant.taskdefs.optional.junit.JUnitTestRunner.run(JUnitTestRunner.java:420)
	at org.apache.tools.ant.taskdefs.optional.junit.JUnitTestRunner.launch(JUnitTestRunner.java:911)
	at org.apache.tools.ant.taskdefs.optional.junit.JUnitTestRunner.main(JUnitTestRunner.java:768)
Instantiate PersistenceDeliverableManager with DeliverablePersistence, deliverableCheckers map,deliverableSearchBundle and submissionSearchBundle.
com.topcoder.util.config.UnknownNamespaceException: com.topcoder.util.log is unknown
	at com.topcoder.util.config.DefaultConfigManager.getPropertyObject(DefaultConfigManager.java:429)
	at com.topcoder.util.config.DefaultConfigManager.getString(DefaultConfigManager.java:449)
	at com.topcoder.util.log.LogFactory.getAttribute(LogFactory.java:224)
	at com.topcoder.util.log.basic.BasicLog.log(BasicLog.java:74)
	at com.topcoder.management.deliverable.PersistenceDeliverableManager.<init>(PersistenceDeliverableManager.java:157)
	at com.topcoder.management.deliverable.accuracytests.PersistenceDeliverableManagerAccuracyTests.testConstructor1_Valid(PersistenceDeliverableManagerAccuracyTests.java:145)
	at sun.reflect.NativeMethodAccessorImpl.invoke0(Native Method)
	at sun.reflect.NativeMethodAccessorImpl.invoke(NativeMethodAccessorImpl.java:57)
	at sun.reflect.DelegatingMethodAccessorImpl.invoke(DelegatingMethodAccessorImpl.java:43)
	at java.lang.reflect.Method.invoke(Method.java:616)
	at junit.framework.TestCase.runTest(TestCase.java:168)
	at junit.framework.TestCase.runBare(TestCase.java:134)
	at junit.framework.TestResult$1.protect(TestResult.java:110)
	at junit.framework.TestResult.runProtected(TestResult.java:128)
	at junit.framework.TestResult.run(TestResult.java:113)
	at junit.framework.TestCase.run(TestCase.java:124)
	at junit.framework.TestSuite.runTest(TestSuite.java:232)
	at junit.framework.TestSuite.run(TestSuite.java:227)
	at junit.framework.TestSuite.runTest(TestSuite.java:232)
	at junit.framework.TestSuite.run(TestSuite.java:227)
	at junit.framework.TestSuite.runTest(TestSuite.java:232)
	at junit.framework.TestSuite.run(TestSuite.java:227)
	at org.apache.tools.ant.taskdefs.optional.junit.JUnitTestRunner.run(JUnitTestRunner.java:420)
	at org.apache.tools.ant.taskdefs.optional.junit.JUnitTestRunner.launch(JUnitTestRunner.java:911)
	at org.apache.tools.ant.taskdefs.optional.junit.JUnitTestRunner.main(JUnitTestRunner.java:768)
Instantiate PersistenceDeliverableManager with DeliverablePersistence, deliverableCheckers map,deliverableSearchBundle and submissionSearchBundle.
com.topcoder.util.config.UnknownNamespaceException: com.topcoder.util.log is unknown
	at com.topcoder.util.config.DefaultConfigManager.getPropertyObject(DefaultConfigManager.java:429)
	at com.topcoder.util.config.DefaultConfigManager.getString(DefaultConfigManager.java:449)
	at com.topcoder.util.log.LogFactory.getAttribute(LogFactory.java:224)
	at com.topcoder.util.log.basic.BasicLog.log(BasicLog.java:74)
	at com.topcoder.management.deliverable.PersistenceDeliverableManager.<init>(PersistenceDeliverableManager.java:157)
	at com.topcoder.management.deliverable.PersistenceDeliverableManager.<init>(PersistenceDeliverableManager.java:183)
	at com.topcoder.management.deliverable.accuracytests.PersistenceDeliverableManagerAccuracyTests.setUp(PersistenceDeliverableManagerAccuracyTests.java:122)
	at junit.framework.TestCase.runBare(TestCase.java:132)
	at junit.framework.TestResult$1.protect(TestResult.java:110)
	at junit.framework.TestResult.runProtected(TestResult.java:128)
	at junit.framework.TestResult.run(TestResult.java:113)
	at junit.framework.TestCase.run(TestCase.java:124)
	at junit.framework.TestSuite.runTest(TestSuite.java:232)
	at junit.framework.TestSuite.run(TestSuite.java:227)
	at junit.framework.TestSuite.runTest(TestSuite.java:232)
	at junit.framework.TestSuite.run(TestSuite.java:227)
	at junit.framework.TestSuite.runTest(TestSuite.java:232)
	at junit.framework.TestSuite.run(TestSuite.java:227)
	at org.apache.tools.ant.taskdefs.optional.junit.JUnitTestRunner.run(JUnitTestRunner.java:420)
	at org.apache.tools.ant.taskdefs.optional.junit.JUnitTestRunner.launch(JUnitTestRunner.java:911)
	at org.apache.tools.ant.taskdefs.optional.junit.JUnitTestRunner.main(JUnitTestRunner.java:768)
Instantiate PersistenceDeliverableManager with DeliverablePersistence, deliverableCheckers map,deliverableSearchBundle and submissionSearchBundle.
com.topcoder.util.config.UnknownNamespaceException: com.topcoder.util.log is unknown
	at com.topcoder.util.config.DefaultConfigManager.getPropertyObject(DefaultConfigManager.java:429)
	at com.topcoder.util.config.DefaultConfigManager.getString(DefaultConfigManager.java:449)
	at com.topcoder.util.log.LogFactory.getAttribute(LogFactory.java:224)
	at com.topcoder.util.log.basic.BasicLog.log(BasicLog.java:74)
	at com.topcoder.management.deliverable.PersistenceDeliverableManager.<init>(PersistenceDeliverableManager.java:157)
	at com.topcoder.management.deliverable.PersistenceDeliverableManager.<init>(PersistenceDeliverableManager.java:183)
	at com.topcoder.management.deliverable.accuracytests.PersistenceDeliverableManagerAccuracyTests.setUp(PersistenceDeliverableManagerAccuracyTests.java:122)
	at junit.framework.TestCase.runBare(TestCase.java:132)
	at junit.framework.TestResult$1.protect(TestResult.java:110)
	at junit.framework.TestResult.runProtected(TestResult.java:128)
	at junit.framework.TestResult.run(TestResult.java:113)
	at junit.framework.TestCase.run(TestCase.java:124)
	at junit.framework.TestSuite.runTest(TestSuite.java:232)
	at junit.framework.TestSuite.run(TestSuite.java:227)
	at junit.framework.TestSuite.runTest(TestSuite.java:232)
	at junit.framework.TestSuite.run(TestSuite.java:227)
	at junit.framework.TestSuite.runTest(TestSuite.java:232)
	at junit.framework.TestSuite.run(TestSuite.java:227)
	at org.apache.tools.ant.taskdefs.optional.junit.JUnitTestRunner.run(JUnitTestRunner.java:420)
	at org.apache.tools.ant.taskdefs.optional.junit.JUnitTestRunner.launch(JUnitTestRunner.java:911)
	at org.apache.tools.ant.taskdefs.optional.junit.JUnitTestRunner.main(JUnitTestRunner.java:768)
Instantiate PersistenceDeliverableManager with DeliverablePersistence, deliverableCheckers map,deliverableSearchBundle and submissionSearchBundle.
com.topcoder.util.config.UnknownNamespaceException: com.topcoder.util.log is unknown
	at com.topcoder.util.config.DefaultConfigManager.getPropertyObject(DefaultConfigManager.java:429)
	at com.topcoder.util.config.DefaultConfigManager.getString(DefaultConfigManager.java:449)
	at com.topcoder.util.log.LogFactory.getAttribute(LogFactory.java:224)
	at com.topcoder.util.log.basic.BasicLog.log(BasicLog.java:74)
	at com.topcoder.management.deliverable.PersistenceDeliverableManager.<init>(PersistenceDeliverableManager.java:157)
	at com.topcoder.management.deliverable.PersistenceDeliverableManager.<init>(PersistenceDeliverableManager.java:183)
	at com.topcoder.management.deliverable.accuracytests.PersistenceDeliverableManagerAccuracyTests.setUp(PersistenceDeliverableManagerAccuracyTests.java:122)
	at junit.framework.TestCase.runBare(TestCase.java:132)
	at junit.framework.TestResult$1.protect(TestResult.java:110)
	at junit.framework.TestResult.runProtected(TestResult.java:128)
	at junit.framework.TestResult.run(TestResult.java:113)
	at junit.framework.TestCase.run(TestCase.java:124)
	at junit.framework.TestSuite.runTest(TestSuite.java:232)
	at junit.framework.TestSuite.run(TestSuite.java:227)
	at junit.framework.TestSuite.runTest(TestSuite.java:232)
	at junit.framework.TestSuite.run(TestSuite.java:227)
	at junit.framework.TestSuite.runTest(TestSuite.java:232)
	at junit.framework.TestSuite.run(TestSuite.java:227)
	at org.apache.tools.ant.taskdefs.optional.junit.JUnitTestRunner.run(JUnitTestRunner.java:420)
	at org.apache.tools.ant.taskdefs.optional.junit.JUnitTestRunner.launch(JUnitTestRunner.java:911)
	at org.apache.tools.ant.taskdefs.optional.junit.JUnitTestRunner.main(JUnitTestRunner.java:768)
Instantiate PersistenceDeliverableManager with DeliverablePersistence, deliverableCheckers map,deliverableSearchBundle and submissionSearchBundle.
com.topcoder.util.config.UnknownNamespaceException: com.topcoder.util.log is unknown
	at com.topcoder.util.config.DefaultConfigManager.getPropertyObject(DefaultConfigManager.java:429)
	at com.topcoder.util.config.DefaultConfigManager.getString(DefaultConfigManager.java:449)
	at com.topcoder.util.log.LogFactory.getAttribute(LogFactory.java:224)
	at com.topcoder.util.log.basic.BasicLog.log(BasicLog.java:74)
	at com.topcoder.management.deliverable.PersistenceDeliverableManager.searchDeliverablesWithSubmissionFilter(PersistenceDeliverableManager.java:216)
	at com.topcoder.management.deliverable.accuracytests.PersistenceDeliverableManagerAccuracyTests.testSearchDeliverablesWithSubmissionFilter_Accuracy(PersistenceDeliverableManagerAccuracyTests.java:187)
	at sun.reflect.NativeMethodAccessorImpl.invoke0(Native Method)
	at sun.reflect.NativeMethodAccessorImpl.invoke(NativeMethodAccessorImpl.java:57)
	at sun.reflect.DelegatingMethodAccessorImpl.invoke(DelegatingMethodAccessorImpl.java:43)
	at java.lang.reflect.Method.invoke(Method.java:616)
	at junit.framework.TestCase.runTest(TestCase.java:168)
	at junit.framework.TestCase.runBare(TestCase.java:134)
	at junit.framework.TestResult$1.protect(TestResult.java:110)
	at junit.framework.TestResult.runProtected(TestResult.java:128)
	at junit.framework.TestResult.run(TestResult.java:113)
	at junit.framework.TestCase.run(TestCase.java:124)
	at junit.framework.TestSuite.runTest(TestSuite.java:232)
	at junit.framework.TestSuite.run(TestSuite.java:227)
	at junit.framework.TestSuite.runTest(TestSuite.java:232)
	at junit.framework.TestSuite.run(TestSuite.java:227)
	at junit.framework.TestSuite.runTest(TestSuite.java:232)
	at junit.framework.TestSuite.run(TestSuite.java:227)
	at org.apache.tools.ant.taskdefs.optional.junit.JUnitTestRunner.run(JUnitTestRunner.java:420)
	at org.apache.tools.ant.taskdefs.optional.junit.JUnitTestRunner.launch(JUnitTestRunner.java:911)
	at org.apache.tools.ant.taskdefs.optional.junit.JUnitTestRunner.main(JUnitTestRunner.java:768)
search deliverables with submission filter.
com.topcoder.util.config.UnknownNamespaceException: com.topcoder.util.log is unknown
	at com.topcoder.util.config.DefaultConfigManager.getPropertyObject(DefaultConfigManager.java:429)
	at com.topcoder.util.config.DefaultConfigManager.getString(DefaultConfigManager.java:449)
	at com.topcoder.util.log.LogFactory.getAttribute(LogFactory.java:224)
	at com.topcoder.util.log.basic.BasicLog.log(BasicLog.java:74)
	at com.topcoder.management.deliverable.PersistenceDeliverableManager.<init>(PersistenceDeliverableManager.java:157)
	at com.topcoder.management.deliverable.PersistenceDeliverableManager.<init>(PersistenceDeliverableManager.java:183)
	at com.topcoder.management.deliverable.accuracytests.PersistenceDeliverableManagerAccuracyTests.setUp(PersistenceDeliverableManagerAccuracyTests.java:122)
	at junit.framework.TestCase.runBare(TestCase.java:132)
	at junit.framework.TestResult$1.protect(TestResult.java:110)
	at junit.framework.TestResult.runProtected(TestResult.java:128)
	at junit.framework.TestResult.run(TestResult.java:113)
	at junit.framework.TestCase.run(TestCase.java:124)
	at junit.framework.TestSuite.runTest(TestSuite.java:232)
	at junit.framework.TestSuite.run(TestSuite.java:227)
	at junit.framework.TestSuite.runTest(TestSuite.java:232)
	at junit.framework.TestSuite.run(TestSuite.java:227)
	at junit.framework.TestSuite.runTest(TestSuite.java:232)
	at junit.framework.TestSuite.run(TestSuite.java:227)
	at org.apache.tools.ant.taskdefs.optional.junit.JUnitTestRunner.run(JUnitTestRunner.java:420)
	at org.apache.tools.ant.taskdefs.optional.junit.JUnitTestRunner.launch(JUnitTestRunner.java:911)
	at org.apache.tools.ant.taskdefs.optional.junit.JUnitTestRunner.main(JUnitTestRunner.java:768)
Instantiate PersistenceDeliverableManager with DeliverablePersistence, deliverableCheckers map,deliverableSearchBundle and submissionSearchBundle.
com.topcoder.util.config.UnknownNamespaceException: com.topcoder.util.log is unknown
	at com.topcoder.util.config.DefaultConfigManager.getPropertyObject(DefaultConfigManager.java:429)
	at com.topcoder.util.config.DefaultConfigManager.getString(DefaultConfigManager.java:449)
	at com.topcoder.util.log.LogFactory.getAttribute(LogFactory.java:224)
	at com.topcoder.util.log.basic.BasicLog.log(BasicLog.java:74)
	at com.topcoder.management.deliverable.accuracytests.PersistenceDeliverableManagerAccuracyTests.testSearchDeliverablesByDeliverableId(PersistenceDeliverableManagerAccuracyTests.java:207)
	at sun.reflect.NativeMethodAccessorImpl.invoke0(Native Method)
	at sun.reflect.NativeMethodAccessorImpl.invoke(NativeMethodAccessorImpl.java:57)
	at sun.reflect.DelegatingMethodAccessorImpl.invoke(DelegatingMethodAccessorImpl.java:43)
	at java.lang.reflect.Method.invoke(Method.java:616)
	at junit.framework.TestCase.runTest(TestCase.java:168)
	at junit.framework.TestCase.runBare(TestCase.java:134)
	at junit.framework.TestResult$1.protect(TestResult.java:110)
	at junit.framework.TestResult.runProtected(TestResult.java:128)
	at junit.framework.TestResult.run(TestResult.java:113)
	at junit.framework.TestCase.run(TestCase.java:124)
	at junit.framework.TestSuite.runTest(TestSuite.java:232)
	at junit.framework.TestSuite.run(TestSuite.java:227)
	at junit.framework.TestSuite.runTest(TestSuite.java:232)
	at junit.framework.TestSuite.run(TestSuite.java:227)
	at junit.framework.TestSuite.runTest(TestSuite.java:232)
	at junit.framework.TestSuite.run(TestSuite.java:227)
	at org.apache.tools.ant.taskdefs.optional.junit.JUnitTestRunner.run(JUnitTestRunner.java:420)
	at org.apache.tools.ant.taskdefs.optional.junit.JUnitTestRunner.launch(JUnitTestRunner.java:911)
	at org.apache.tools.ant.taskdefs.optional.junit.JUnitTestRunner.main(JUnitTestRunner.java:768)
testSearchDeliverablesByDeliverableId - start
com.topcoder.util.config.UnknownNamespaceException: com.topcoder.util.log is unknown
	at com.topcoder.util.config.DefaultConfigManager.getPropertyObject(DefaultConfigManager.java:429)
	at com.topcoder.util.config.DefaultConfigManager.getString(DefaultConfigManager.java:449)
	at com.topcoder.util.log.LogFactory.getAttribute(LogFactory.java:224)
	at com.topcoder.util.log.basic.BasicLog.log(BasicLog.java:74)
	at com.topcoder.management.deliverable.PersistenceDeliverableManager.searchDeliverables(PersistenceDeliverableManager.java:245)
	at com.topcoder.management.deliverable.accuracytests.PersistenceDeliverableManagerAccuracyTests.testSearchDeliverablesByDeliverableId(PersistenceDeliverableManagerAccuracyTests.java:212)
	at sun.reflect.NativeMethodAccessorImpl.invoke0(Native Method)
	at sun.reflect.NativeMethodAccessorImpl.invoke(NativeMethodAccessorImpl.java:57)
	at sun.reflect.DelegatingMethodAccessorImpl.invoke(DelegatingMethodAccessorImpl.java:43)
	at java.lang.reflect.Method.invoke(Method.java:616)
	at junit.framework.TestCase.runTest(TestCase.java:168)
	at junit.framework.TestCase.runBare(TestCase.java:134)
	at junit.framework.TestResult$1.protect(TestResult.java:110)
	at junit.framework.TestResult.runProtected(TestResult.java:128)
	at junit.framework.TestResult.run(TestResult.java:113)
	at junit.framework.TestCase.run(TestCase.java:124)
	at junit.framework.TestSuite.runTest(TestSuite.java:232)
	at junit.framework.TestSuite.run(TestSuite.java:227)
	at junit.framework.TestSuite.runTest(TestSuite.java:232)
	at junit.framework.TestSuite.run(TestSuite.java:227)
	at junit.framework.TestSuite.runTest(TestSuite.java:232)
	at junit.framework.TestSuite.run(TestSuite.java:227)
	at org.apache.tools.ant.taskdefs.optional.junit.JUnitTestRunner.run(JUnitTestRunner.java:420)
	at org.apache.tools.ant.taskdefs.optional.junit.JUnitTestRunner.launch(JUnitTestRunner.java:911)
	at org.apache.tools.ant.taskdefs.optional.junit.JUnitTestRunner.main(JUnitTestRunner.java:768)
Search deliverables filter.
com.topcoder.util.config.UnknownNamespaceException: com.topcoder.util.log is unknown
	at com.topcoder.util.config.DefaultConfigManager.getPropertyObject(DefaultConfigManager.java:429)
	at com.topcoder.util.config.DefaultConfigManager.getString(DefaultConfigManager.java:449)
	at com.topcoder.util.log.LogFactory.getAttribute(LogFactory.java:224)
	at com.topcoder.util.log.basic.BasicLog.log(BasicLog.java:74)
	at com.topcoder.management.deliverable.DeliverableHelper.checkAndGetCustomResultSetValidDeliverable(DeliverableHelper.java:156)
	at com.topcoder.management.deliverable.PersistenceDeliverableManager.searchDeliverablesHelper(PersistenceDeliverableManager.java:284)
	at com.topcoder.management.deliverable.PersistenceDeliverableManager.searchDeliverables(PersistenceDeliverableManager.java:246)
	at com.topcoder.management.deliverable.accuracytests.PersistenceDeliverableManagerAccuracyTests.testSearchDeliverablesByDeliverableId(PersistenceDeliverableManagerAccuracyTests.java:212)
	at sun.reflect.NativeMethodAccessorImpl.invoke0(Native Method)
	at sun.reflect.NativeMethodAccessorImpl.invoke(NativeMethodAccessorImpl.java:57)
	at sun.reflect.DelegatingMethodAccessorImpl.invoke(DelegatingMethodAccessorImpl.java:43)
	at java.lang.reflect.Method.invoke(Method.java:616)
	at junit.framework.TestCase.runTest(TestCase.java:168)
	at junit.framework.TestCase.runBare(TestCase.java:134)
	at junit.framework.TestResult$1.protect(TestResult.java:110)
	at junit.framework.TestResult.runProtected(TestResult.java:128)
	at junit.framework.TestResult.run(TestResult.java:113)
	at junit.framework.TestCase.run(TestCase.java:124)
	at junit.framework.TestSuite.runTest(TestSuite.java:232)
	at junit.framework.TestSuite.run(TestSuite.java:227)
	at junit.framework.TestSuite.runTest(TestSuite.java:232)
	at junit.framework.TestSuite.run(TestSuite.java:227)
	at junit.framework.TestSuite.runTest(TestSuite.java:232)
	at junit.framework.TestSuite.run(TestSuite.java:227)
	at org.apache.tools.ant.taskdefs.optional.junit.JUnitTestRunner.run(JUnitTestRunner.java:420)
	at org.apache.tools.ant.taskdefs.optional.junit.JUnitTestRunner.launch(JUnitTestRunner.java:911)
	at org.apache.tools.ant.taskdefs.optional.junit.JUnitTestRunner.main(JUnitTestRunner.java:768)
CustomResultSet Records: 2
com.topcoder.util.config.UnknownNamespaceException: com.topcoder.util.log is unknown
	at com.topcoder.util.config.DefaultConfigManager.getPropertyObject(DefaultConfigManager.java:429)
	at com.topcoder.util.config.DefaultConfigManager.getString(DefaultConfigManager.java:449)
	at com.topcoder.util.log.LogFactory.getAttribute(LogFactory.java:224)
	at com.topcoder.util.log.basic.BasicLog.log(BasicLog.java:74)
	at com.topcoder.management.deliverable.PersistenceDeliverableManager.searchDeliverablesHelper(PersistenceDeliverableManager.java:289)
	at com.topcoder.management.deliverable.PersistenceDeliverableManager.searchDeliverables(PersistenceDeliverableManager.java:246)
	at com.topcoder.management.deliverable.accuracytests.PersistenceDeliverableManagerAccuracyTests.testSearchDeliverablesByDeliverableId(PersistenceDeliverableManagerAccuracyTests.java:212)
	at sun.reflect.NativeMethodAccessorImpl.invoke0(Native Method)
	at sun.reflect.NativeMethodAccessorImpl.invoke(NativeMethodAccessorImpl.java:57)
	at sun.reflect.DelegatingMethodAccessorImpl.invoke(DelegatingMethodAccessorImpl.java:43)
	at java.lang.reflect.Method.invoke(Method.java:616)
	at junit.framework.TestCase.runTest(TestCase.java:168)
	at junit.framework.TestCase.runBare(TestCase.java:134)
	at junit.framework.TestResult$1.protect(TestResult.java:110)
	at junit.framework.TestResult.runProtected(TestResult.java:128)
	at junit.framework.TestResult.run(TestResult.java:113)
	at junit.framework.TestCase.run(TestCase.java:124)
	at junit.framework.TestSuite.runTest(TestSuite.java:232)
	at junit.framework.TestSuite.run(TestSuite.java:227)
	at junit.framework.TestSuite.runTest(TestSuite.java:232)
	at junit.framework.TestSuite.run(TestSuite.java:227)
	at junit.framework.TestSuite.runTest(TestSuite.java:232)
	at junit.framework.TestSuite.run(TestSuite.java:227)
	at org.apache.tools.ant.taskdefs.optional.junit.JUnitTestRunner.run(JUnitTestRunner.java:420)
	at org.apache.tools.ant.taskdefs.optional.junit.JUnitTestRunner.launch(JUnitTestRunner.java:911)
	at org.apache.tools.ant.taskdefs.optional.junit.JUnitTestRunner.main(JUnitTestRunner.java:768)
Deliverable Id Array: 3, 2
com.topcoder.util.config.UnknownNamespaceException: com.topcoder.util.log is unknown
	at com.topcoder.util.config.DefaultConfigManager.getPropertyObject(DefaultConfigManager.java:429)
	at com.topcoder.util.config.DefaultConfigManager.getString(DefaultConfigManager.java:449)
	at com.topcoder.util.log.LogFactory.getAttribute(LogFactory.java:224)
	at com.topcoder.util.log.basic.BasicLog.log(BasicLog.java:74)
	at com.topcoder.management.deliverable.PersistenceDeliverableManager.searchDeliverablesHelper(PersistenceDeliverableManager.java:302)
	at com.topcoder.management.deliverable.PersistenceDeliverableManager.searchDeliverables(PersistenceDeliverableManager.java:246)
	at com.topcoder.management.deliverable.accuracytests.PersistenceDeliverableManagerAccuracyTests.testSearchDeliverablesByDeliverableId(PersistenceDeliverableManagerAccuracyTests.java:212)
	at sun.reflect.NativeMethodAccessorImpl.invoke0(Native Method)
	at sun.reflect.NativeMethodAccessorImpl.invoke(NativeMethodAccessorImpl.java:57)
	at sun.reflect.DelegatingMethodAccessorImpl.invoke(DelegatingMethodAccessorImpl.java:43)
	at java.lang.reflect.Method.invoke(Method.java:616)
	at junit.framework.TestCase.runTest(TestCase.java:168)
	at junit.framework.TestCase.runBare(TestCase.java:134)
	at junit.framework.TestResult$1.protect(TestResult.java:110)
	at junit.framework.TestResult.runProtected(TestResult.java:128)
	at junit.framework.TestResult.run(TestResult.java:113)
	at junit.framework.TestCase.run(TestCase.java:124)
	at junit.framework.TestSuite.runTest(TestSuite.java:232)
	at junit.framework.TestSuite.run(TestSuite.java:227)
	at junit.framework.TestSuite.runTest(TestSuite.java:232)
	at junit.framework.TestSuite.run(TestSuite.java:227)
	at junit.framework.TestSuite.runTest(TestSuite.java:232)
	at junit.framework.TestSuite.run(TestSuite.java:227)
	at org.apache.tools.ant.taskdefs.optional.junit.JUnitTestRunner.run(JUnitTestRunner.java:420)
	at org.apache.tools.ant.taskdefs.optional.junit.JUnitTestRunner.launch(JUnitTestRunner.java:911)
	at org.apache.tools.ant.taskdefs.optional.junit.JUnitTestRunner.main(JUnitTestRunner.java:768)
Loading Deliverable Array
com.topcoder.util.config.UnknownNamespaceException: com.topcoder.util.log is unknown
	at com.topcoder.util.config.DefaultConfigManager.getPropertyObject(DefaultConfigManager.java:429)
	at com.topcoder.util.config.DefaultConfigManager.getString(DefaultConfigManager.java:449)
	at com.topcoder.util.log.LogFactory.getAttribute(LogFactory.java:224)
	at com.topcoder.util.log.basic.BasicLog.log(BasicLog.java:74)
	at com.topcoder.management.deliverable.PersistenceDeliverableManager.searchDeliverablesHelper(PersistenceDeliverableManager.java:325)
	at com.topcoder.management.deliverable.PersistenceDeliverableManager.searchDeliverables(PersistenceDeliverableManager.java:246)
	at com.topcoder.management.deliverable.accuracytests.PersistenceDeliverableManagerAccuracyTests.testSearchDeliverablesByDeliverableId(PersistenceDeliverableManagerAccuracyTests.java:212)
	at sun.reflect.NativeMethodAccessorImpl.invoke0(Native Method)
	at sun.reflect.NativeMethodAccessorImpl.invoke(NativeMethodAccessorImpl.java:57)
	at sun.reflect.DelegatingMethodAccessorImpl.invoke(DelegatingMethodAccessorImpl.java:43)
	at java.lang.reflect.Method.invoke(Method.java:616)
	at junit.framework.TestCase.runTest(TestCase.java:168)
	at junit.framework.TestCase.runBare(TestCase.java:134)
	at junit.framework.TestResult$1.protect(TestResult.java:110)
	at junit.framework.TestResult.runProtected(TestResult.java:128)
	at junit.framework.TestResult.run(TestResult.java:113)
	at junit.framework.TestCase.run(TestCase.java:124)
	at junit.framework.TestSuite.runTest(TestSuite.java:232)
	at junit.framework.TestSuite.run(TestSuite.java:227)
	at junit.framework.TestSuite.runTest(TestSuite.java:232)
	at junit.framework.TestSuite.run(TestSuite.java:227)
	at junit.framework.TestSuite.runTest(TestSuite.java:232)
	at junit.framework.TestSuite.run(TestSuite.java:227)
	at org.apache.tools.ant.taskdefs.optional.junit.JUnitTestRunner.run(JUnitTestRunner.java:420)
	at org.apache.tools.ant.taskdefs.optional.junit.JUnitTestRunner.launch(JUnitTestRunner.java:911)
	at org.apache.tools.ant.taskdefs.optional.junit.JUnitTestRunner.main(JUnitTestRunner.java:768)
Adding Deliverable To List
com.topcoder.util.config.UnknownNamespaceException: com.topcoder.util.log is unknown
	at com.topcoder.util.config.DefaultConfigManager.getPropertyObject(DefaultConfigManager.java:429)
	at com.topcoder.util.config.DefaultConfigManager.getString(DefaultConfigManager.java:449)
	at com.topcoder.util.log.LogFactory.getAttribute(LogFactory.java:224)
	at com.topcoder.util.log.basic.BasicLog.log(BasicLog.java:74)
	at com.topcoder.management.deliverable.PersistenceDeliverableManager.searchDeliverablesHelper(PersistenceDeliverableManager.java:302)
	at com.topcoder.management.deliverable.PersistenceDeliverableManager.searchDeliverables(PersistenceDeliverableManager.java:246)
	at com.topcoder.management.deliverable.accuracytests.PersistenceDeliverableManagerAccuracyTests.testSearchDeliverablesByDeliverableId(PersistenceDeliverableManagerAccuracyTests.java:212)
	at sun.reflect.NativeMethodAccessorImpl.invoke0(Native Method)
	at sun.reflect.NativeMethodAccessorImpl.invoke(NativeMethodAccessorImpl.java:57)
	at sun.reflect.DelegatingMethodAccessorImpl.invoke(DelegatingMethodAccessorImpl.java:43)
	at java.lang.reflect.Method.invoke(Method.java:616)
	at junit.framework.TestCase.runTest(TestCase.java:168)
	at junit.framework.TestCase.runBare(TestCase.java:134)
	at junit.framework.TestResult$1.protect(TestResult.java:110)
	at junit.framework.TestResult.runProtected(TestResult.java:128)
	at junit.framework.TestResult.run(TestResult.java:113)
	at junit.framework.TestCase.run(TestCase.java:124)
	at junit.framework.TestSuite.runTest(TestSuite.java:232)
	at junit.framework.TestSuite.run(TestSuite.java:227)
	at junit.framework.TestSuite.runTest(TestSuite.java:232)
	at junit.framework.TestSuite.run(TestSuite.java:227)
	at junit.framework.TestSuite.runTest(TestSuite.java:232)
	at junit.framework.TestSuite.run(TestSuite.java:227)
	at org.apache.tools.ant.taskdefs.optional.junit.JUnitTestRunner.run(JUnitTestRunner.java:420)
	at org.apache.tools.ant.taskdefs.optional.junit.JUnitTestRunner.launch(JUnitTestRunner.java:911)
	at org.apache.tools.ant.taskdefs.optional.junit.JUnitTestRunner.main(JUnitTestRunner.java:768)
Loading Deliverable Array
com.topcoder.util.config.UnknownNamespaceException: com.topcoder.util.log is unknown
	at com.topcoder.util.config.DefaultConfigManager.getPropertyObject(DefaultConfigManager.java:429)
	at com.topcoder.util.config.DefaultConfigManager.getString(DefaultConfigManager.java:449)
	at com.topcoder.util.log.LogFactory.getAttribute(LogFactory.java:224)
	at com.topcoder.util.log.basic.BasicLog.log(BasicLog.java:74)
	at com.topcoder.management.deliverable.PersistenceDeliverableManager.searchDeliverablesHelper(PersistenceDeliverableManager.java:325)
	at com.topcoder.management.deliverable.PersistenceDeliverableManager.searchDeliverables(PersistenceDeliverableManager.java:246)
	at com.topcoder.management.deliverable.accuracytests.PersistenceDeliverableManagerAccuracyTests.testSearchDeliverablesByDeliverableId(PersistenceDeliverableManagerAccuracyTests.java:212)
	at sun.reflect.NativeMethodAccessorImpl.invoke0(Native Method)
	at sun.reflect.NativeMethodAccessorImpl.invoke(NativeMethodAccessorImpl.java:57)
	at sun.reflect.DelegatingMethodAccessorImpl.invoke(DelegatingMethodAccessorImpl.java:43)
	at java.lang.reflect.Method.invoke(Method.java:616)
	at junit.framework.TestCase.runTest(TestCase.java:168)
	at junit.framework.TestCase.runBare(TestCase.java:134)
	at junit.framework.TestResult$1.protect(TestResult.java:110)
	at junit.framework.TestResult.runProtected(TestResult.java:128)
	at junit.framework.TestResult.run(TestResult.java:113)
	at junit.framework.TestCase.run(TestCase.java:124)
	at junit.framework.TestSuite.runTest(TestSuite.java:232)
	at junit.framework.TestSuite.run(TestSuite.java:227)
	at junit.framework.TestSuite.runTest(TestSuite.java:232)
	at junit.framework.TestSuite.run(TestSuite.java:227)
	at junit.framework.TestSuite.runTest(TestSuite.java:232)
	at junit.framework.TestSuite.run(TestSuite.java:227)
	at org.apache.tools.ant.taskdefs.optional.junit.JUnitTestRunner.run(JUnitTestRunner.java:420)
	at org.apache.tools.ant.taskdefs.optional.junit.JUnitTestRunner.launch(JUnitTestRunner.java:911)
	at org.apache.tools.ant.taskdefs.optional.junit.JUnitTestRunner.main(JUnitTestRunner.java:768)
Adding Deliverable To List
com.topcoder.util.config.UnknownNamespaceException: com.topcoder.util.log is unknown
	at com.topcoder.util.config.DefaultConfigManager.getPropertyObject(DefaultConfigManager.java:429)
	at com.topcoder.util.config.DefaultConfigManager.getString(DefaultConfigManager.java:449)
	at com.topcoder.util.log.LogFactory.getAttribute(LogFactory.java:224)
	at com.topcoder.util.log.basic.BasicLog.log(BasicLog.java:74)
	at com.topcoder.management.deliverable.PersistenceDeliverableManager.searchDeliverables(PersistenceDeliverableManager.java:245)
	at com.topcoder.management.deliverable.accuracytests.PersistenceDeliverableManagerAccuracyTests.testSearchDeliverablesByDeliverableId(PersistenceDeliverableManagerAccuracyTests.java:225)
	at sun.reflect.NativeMethodAccessorImpl.invoke0(Native Method)
	at sun.reflect.NativeMethodAccessorImpl.invoke(NativeMethodAccessorImpl.java:57)
	at sun.reflect.DelegatingMethodAccessorImpl.invoke(DelegatingMethodAccessorImpl.java:43)
	at java.lang.reflect.Method.invoke(Method.java:616)
	at junit.framework.TestCase.runTest(TestCase.java:168)
	at junit.framework.TestCase.runBare(TestCase.java:134)
	at junit.framework.TestResult$1.protect(TestResult.java:110)
	at junit.framework.TestResult.runProtected(TestResult.java:128)
	at junit.framework.TestResult.run(TestResult.java:113)
	at junit.framework.TestCase.run(TestCase.java:124)
	at junit.framework.TestSuite.runTest(TestSuite.java:232)
	at junit.framework.TestSuite.run(TestSuite.java:227)
	at junit.framework.TestSuite.runTest(TestSuite.java:232)
	at junit.framework.TestSuite.run(TestSuite.java:227)
	at junit.framework.TestSuite.runTest(TestSuite.java:232)
	at junit.framework.TestSuite.run(TestSuite.java:227)
	at org.apache.tools.ant.taskdefs.optional.junit.JUnitTestRunner.run(JUnitTestRunner.java:420)
	at org.apache.tools.ant.taskdefs.optional.junit.JUnitTestRunner.launch(JUnitTestRunner.java:911)
	at org.apache.tools.ant.taskdefs.optional.junit.JUnitTestRunner.main(JUnitTestRunner.java:768)
Search deliverables filter.
com.topcoder.util.config.UnknownNamespaceException: com.topcoder.util.log is unknown
	at com.topcoder.util.config.DefaultConfigManager.getPropertyObject(DefaultConfigManager.java:429)
	at com.topcoder.util.config.DefaultConfigManager.getString(DefaultConfigManager.java:449)
	at com.topcoder.util.log.LogFactory.getAttribute(LogFactory.java:224)
	at com.topcoder.util.log.basic.BasicLog.log(BasicLog.java:74)
	at com.topcoder.management.deliverable.DeliverableHelper.checkAndGetCustomResultSetValidDeliverable(DeliverableHelper.java:156)
	at com.topcoder.management.deliverable.PersistenceDeliverableManager.searchDeliverablesHelper(PersistenceDeliverableManager.java:284)
	at com.topcoder.management.deliverable.PersistenceDeliverableManager.searchDeliverables(PersistenceDeliverableManager.java:246)
	at com.topcoder.management.deliverable.accuracytests.PersistenceDeliverableManagerAccuracyTests.testSearchDeliverablesByDeliverableId(PersistenceDeliverableManagerAccuracyTests.java:225)
	at sun.reflect.NativeMethodAccessorImpl.invoke0(Native Method)
	at sun.reflect.NativeMethodAccessorImpl.invoke(NativeMethodAccessorImpl.java:57)
	at sun.reflect.DelegatingMethodAccessorImpl.invoke(DelegatingMethodAccessorImpl.java:43)
	at java.lang.reflect.Method.invoke(Method.java:616)
	at junit.framework.TestCase.runTest(TestCase.java:168)
	at junit.framework.TestCase.runBare(TestCase.java:134)
	at junit.framework.TestResult$1.protect(TestResult.java:110)
	at junit.framework.TestResult.runProtected(TestResult.java:128)
	at junit.framework.TestResult.run(TestResult.java:113)
	at junit.framework.TestCase.run(TestCase.java:124)
	at junit.framework.TestSuite.runTest(TestSuite.java:232)
	at junit.framework.TestSuite.run(TestSuite.java:227)
	at junit.framework.TestSuite.runTest(TestSuite.java:232)
	at junit.framework.TestSuite.run(TestSuite.java:227)
	at junit.framework.TestSuite.runTest(TestSuite.java:232)
	at junit.framework.TestSuite.run(TestSuite.java:227)
	at org.apache.tools.ant.taskdefs.optional.junit.JUnitTestRunner.run(JUnitTestRunner.java:420)
	at org.apache.tools.ant.taskdefs.optional.junit.JUnitTestRunner.launch(JUnitTestRunner.java:911)
	at org.apache.tools.ant.taskdefs.optional.junit.JUnitTestRunner.main(JUnitTestRunner.java:768)
CustomResultSet Records: 1
com.topcoder.util.config.UnknownNamespaceException: com.topcoder.util.log is unknown
	at com.topcoder.util.config.DefaultConfigManager.getPropertyObject(DefaultConfigManager.java:429)
	at com.topcoder.util.config.DefaultConfigManager.getString(DefaultConfigManager.java:449)
	at com.topcoder.util.log.LogFactory.getAttribute(LogFactory.java:224)
	at com.topcoder.util.log.basic.BasicLog.log(BasicLog.java:74)
	at com.topcoder.management.deliverable.PersistenceDeliverableManager.searchDeliverablesHelper(PersistenceDeliverableManager.java:289)
	at com.topcoder.management.deliverable.PersistenceDeliverableManager.searchDeliverables(PersistenceDeliverableManager.java:246)
	at com.topcoder.management.deliverable.accuracytests.PersistenceDeliverableManagerAccuracyTests.testSearchDeliverablesByDeliverableId(PersistenceDeliverableManagerAccuracyTests.java:225)
	at sun.reflect.NativeMethodAccessorImpl.invoke0(Native Method)
	at sun.reflect.NativeMethodAccessorImpl.invoke(NativeMethodAccessorImpl.java:57)
	at sun.reflect.DelegatingMethodAccessorImpl.invoke(DelegatingMethodAccessorImpl.java:43)
	at java.lang.reflect.Method.invoke(Method.java:616)
	at junit.framework.TestCase.runTest(TestCase.java:168)
	at junit.framework.TestCase.runBare(TestCase.java:134)
	at junit.framework.TestResult$1.protect(TestResult.java:110)
	at junit.framework.TestResult.runProtected(TestResult.java:128)
	at junit.framework.TestResult.run(TestResult.java:113)
	at junit.framework.TestCase.run(TestCase.java:124)
	at junit.framework.TestSuite.runTest(TestSuite.java:232)
	at junit.framework.TestSuite.run(TestSuite.java:227)
	at junit.framework.TestSuite.runTest(TestSuite.java:232)
	at junit.framework.TestSuite.run(TestSuite.java:227)
	at junit.framework.TestSuite.runTest(TestSuite.java:232)
	at junit.framework.TestSuite.run(TestSuite.java:227)
	at org.apache.tools.ant.taskdefs.optional.junit.JUnitTestRunner.run(JUnitTestRunner.java:420)
	at org.apache.tools.ant.taskdefs.optional.junit.JUnitTestRunner.launch(JUnitTestRunner.java:911)
	at org.apache.tools.ant.taskdefs.optional.junit.JUnitTestRunner.main(JUnitTestRunner.java:768)
Deliverable Id Array: 3, 1
com.topcoder.util.config.UnknownNamespaceException: com.topcoder.util.log is unknown
	at com.topcoder.util.config.DefaultConfigManager.getPropertyObject(DefaultConfigManager.java:429)
	at com.topcoder.util.config.DefaultConfigManager.getString(DefaultConfigManager.java:449)
	at com.topcoder.util.log.LogFactory.getAttribute(LogFactory.java:224)
	at com.topcoder.util.log.basic.BasicLog.log(BasicLog.java:74)
	at com.topcoder.management.deliverable.PersistenceDeliverableManager.searchDeliverablesHelper(PersistenceDeliverableManager.java:302)
	at com.topcoder.management.deliverable.PersistenceDeliverableManager.searchDeliverables(PersistenceDeliverableManager.java:246)
	at com.topcoder.management.deliverable.accuracytests.PersistenceDeliverableManagerAccuracyTests.testSearchDeliverablesByDeliverableId(PersistenceDeliverableManagerAccuracyTests.java:225)
	at sun.reflect.NativeMethodAccessorImpl.invoke0(Native Method)
	at sun.reflect.NativeMethodAccessorImpl.invoke(NativeMethodAccessorImpl.java:57)
	at sun.reflect.DelegatingMethodAccessorImpl.invoke(DelegatingMethodAccessorImpl.java:43)
	at java.lang.reflect.Method.invoke(Method.java:616)
	at junit.framework.TestCase.runTest(TestCase.java:168)
	at junit.framework.TestCase.runBare(TestCase.java:134)
	at junit.framework.TestResult$1.protect(TestResult.java:110)
	at junit.framework.TestResult.runProtected(TestResult.java:128)
	at junit.framework.TestResult.run(TestResult.java:113)
	at junit.framework.TestCase.run(TestCase.java:124)
	at junit.framework.TestSuite.runTest(TestSuite.java:232)
	at junit.framework.TestSuite.run(TestSuite.java:227)
	at junit.framework.TestSuite.runTest(TestSuite.java:232)
	at junit.framework.TestSuite.run(TestSuite.java:227)
	at junit.framework.TestSuite.runTest(TestSuite.java:232)
	at junit.framework.TestSuite.run(TestSuite.java:227)
	at org.apache.tools.ant.taskdefs.optional.junit.JUnitTestRunner.run(JUnitTestRunner.java:420)
	at org.apache.tools.ant.taskdefs.optional.junit.JUnitTestRunner.launch(JUnitTestRunner.java:911)
	at org.apache.tools.ant.taskdefs.optional.junit.JUnitTestRunner.main(JUnitTestRunner.java:768)
Loading Deliverable Array
com.topcoder.util.config.UnknownNamespaceException: com.topcoder.util.log is unknown
	at com.topcoder.util.config.DefaultConfigManager.getPropertyObject(DefaultConfigManager.java:429)
	at com.topcoder.util.config.DefaultConfigManager.getString(DefaultConfigManager.java:449)
	at com.topcoder.util.log.LogFactory.getAttribute(LogFactory.java:224)
	at com.topcoder.util.log.basic.BasicLog.log(BasicLog.java:74)
	at com.topcoder.management.deliverable.PersistenceDeliverableManager.searchDeliverablesHelper(PersistenceDeliverableManager.java:325)
	at com.topcoder.management.deliverable.PersistenceDeliverableManager.searchDeliverables(PersistenceDeliverableManager.java:246)
	at com.topcoder.management.deliverable.accuracytests.PersistenceDeliverableManagerAccuracyTests.testSearchDeliverablesByDeliverableId(PersistenceDeliverableManagerAccuracyTests.java:225)
	at sun.reflect.NativeMethodAccessorImpl.invoke0(Native Method)
	at sun.reflect.NativeMethodAccessorImpl.invoke(NativeMethodAccessorImpl.java:57)
	at sun.reflect.DelegatingMethodAccessorImpl.invoke(DelegatingMethodAccessorImpl.java:43)
	at java.lang.reflect.Method.invoke(Method.java:616)
	at junit.framework.TestCase.runTest(TestCase.java:168)
	at junit.framework.TestCase.runBare(TestCase.java:134)
	at junit.framework.TestResult$1.protect(TestResult.java:110)
	at junit.framework.TestResult.runProtected(TestResult.java:128)
	at junit.framework.TestResult.run(TestResult.java:113)
	at junit.framework.TestCase.run(TestCase.java:124)
	at junit.framework.TestSuite.runTest(TestSuite.java:232)
	at junit.framework.TestSuite.run(TestSuite.java:227)
	at junit.framework.TestSuite.runTest(TestSuite.java:232)
	at junit.framework.TestSuite.run(TestSuite.java:227)
	at junit.framework.TestSuite.runTest(TestSuite.java:232)
	at junit.framework.TestSuite.run(TestSuite.java:227)
	at org.apache.tools.ant.taskdefs.optional.junit.JUnitTestRunner.run(JUnitTestRunner.java:420)
	at org.apache.tools.ant.taskdefs.optional.junit.JUnitTestRunner.launch(JUnitTestRunner.java:911)
	at org.apache.tools.ant.taskdefs.optional.junit.JUnitTestRunner.main(JUnitTestRunner.java:768)
Adding Deliverable To List
com.topcoder.util.config.UnknownNamespaceException: com.topcoder.util.log is unknown
	at com.topcoder.util.config.DefaultConfigManager.getPropertyObject(DefaultConfigManager.java:429)
	at com.topcoder.util.config.DefaultConfigManager.getString(DefaultConfigManager.java:449)
	at com.topcoder.util.log.LogFactory.getAttribute(LogFactory.java:224)
	at com.topcoder.util.log.basic.BasicLog.log(BasicLog.java:74)
	at com.topcoder.management.deliverable.accuracytests.PersistenceDeliverableManagerAccuracyTests.testSearchDeliverablesByDeliverableId(PersistenceDeliverableManagerAccuracyTests.java:230)
	at sun.reflect.NativeMethodAccessorImpl.invoke0(Native Method)
	at sun.reflect.NativeMethodAccessorImpl.invoke(NativeMethodAccessorImpl.java:57)
	at sun.reflect.DelegatingMethodAccessorImpl.invoke(DelegatingMethodAccessorImpl.java:43)
	at java.lang.reflect.Method.invoke(Method.java:616)
	at junit.framework.TestCase.runTest(TestCase.java:168)
	at junit.framework.TestCase.runBare(TestCase.java:134)
	at junit.framework.TestResult$1.protect(TestResult.java:110)
	at junit.framework.TestResult.runProtected(TestResult.java:128)
	at junit.framework.TestResult.run(TestResult.java:113)
	at junit.framework.TestCase.run(TestCase.java:124)
	at junit.framework.TestSuite.runTest(TestSuite.java:232)
	at junit.framework.TestSuite.run(TestSuite.java:227)
	at junit.framework.TestSuite.runTest(TestSuite.java:232)
	at junit.framework.TestSuite.run(TestSuite.java:227)
	at junit.framework.TestSuite.runTest(TestSuite.java:232)
	at junit.framework.TestSuite.run(TestSuite.java:227)
	at org.apache.tools.ant.taskdefs.optional.junit.JUnitTestRunner.run(JUnitTestRunner.java:420)
	at org.apache.tools.ant.taskdefs.optional.junit.JUnitTestRunner.launch(JUnitTestRunner.java:911)
	at org.apache.tools.ant.taskdefs.optional.junit.JUnitTestRunner.main(JUnitTestRunner.java:768)
testSearchDeliverablesByDeliverableId - end
com.topcoder.util.config.UnknownNamespaceException: com.topcoder.util.log is unknown
	at com.topcoder.util.config.DefaultConfigManager.getPropertyObject(DefaultConfigManager.java:429)
	at com.topcoder.util.config.DefaultConfigManager.getString(DefaultConfigManager.java:449)
	at com.topcoder.util.log.LogFactory.getAttribute(LogFactory.java:224)
	at com.topcoder.util.log.basic.BasicLog.log(BasicLog.java:74)
	at com.topcoder.management.deliverable.PersistenceDeliverableManager.<init>(PersistenceDeliverableManager.java:157)
	at com.topcoder.management.deliverable.PersistenceDeliverableManager.<init>(PersistenceDeliverableManager.java:183)
	at com.topcoder.management.deliverable.accuracytests.PersistenceDeliverableManagerAccuracyTests.setUp(PersistenceDeliverableManagerAccuracyTests.java:122)
	at junit.framework.TestCase.runBare(TestCase.java:132)
	at junit.framework.TestResult$1.protect(TestResult.java:110)
	at junit.framework.TestResult.runProtected(TestResult.java:128)
	at junit.framework.TestResult.run(TestResult.java:113)
	at junit.framework.TestCase.run(TestCase.java:124)
	at junit.framework.TestSuite.runTest(TestSuite.java:232)
	at junit.framework.TestSuite.run(TestSuite.java:227)
	at junit.framework.TestSuite.runTest(TestSuite.java:232)
	at junit.framework.TestSuite.run(TestSuite.java:227)
	at junit.framework.TestSuite.runTest(TestSuite.java:232)
	at junit.framework.TestSuite.run(TestSuite.java:227)
	at org.apache.tools.ant.taskdefs.optional.junit.JUnitTestRunner.run(JUnitTestRunner.java:420)
	at org.apache.tools.ant.taskdefs.optional.junit.JUnitTestRunner.launch(JUnitTestRunner.java:911)
	at org.apache.tools.ant.taskdefs.optional.junit.JUnitTestRunner.main(JUnitTestRunner.java:768)
Instantiate PersistenceDeliverableManager with DeliverablePersistence, deliverableCheckers map,deliverableSearchBundle and submissionSearchBundle.
com.topcoder.util.config.UnknownNamespaceException: com.topcoder.util.log is unknown
	at com.topcoder.util.config.DefaultConfigManager.getPropertyObject(DefaultConfigManager.java:429)
	at com.topcoder.util.config.DefaultConfigManager.getString(DefaultConfigManager.java:449)
	at com.topcoder.util.log.LogFactory.getAttribute(LogFactory.java:224)
	at com.topcoder.util.log.basic.BasicLog.log(BasicLog.java:74)
	at com.topcoder.management.deliverable.PersistenceDeliverableManager.searchDeliverables(PersistenceDeliverableManager.java:245)
	at com.topcoder.management.deliverable.accuracytests.PersistenceDeliverableManagerAccuracyTests.testSearchDeliverablesByName(PersistenceDeliverableManagerAccuracyTests.java:246)
	at sun.reflect.NativeMethodAccessorImpl.invoke0(Native Method)
	at sun.reflect.NativeMethodAccessorImpl.invoke(NativeMethodAccessorImpl.java:57)
	at sun.reflect.DelegatingMethodAccessorImpl.invoke(DelegatingMethodAccessorImpl.java:43)
	at java.lang.reflect.Method.invoke(Method.java:616)
	at junit.framework.TestCase.runTest(TestCase.java:168)
	at junit.framework.TestCase.runBare(TestCase.java:134)
	at junit.framework.TestResult$1.protect(TestResult.java:110)
	at junit.framework.TestResult.runProtected(TestResult.java:128)
	at junit.framework.TestResult.run(TestResult.java:113)
	at junit.framework.TestCase.run(TestCase.java:124)
	at junit.framework.TestSuite.runTest(TestSuite.java:232)
	at junit.framework.TestSuite.run(TestSuite.java:227)
	at junit.framework.TestSuite.runTest(TestSuite.java:232)
	at junit.framework.TestSuite.run(TestSuite.java:227)
	at junit.framework.TestSuite.runTest(TestSuite.java:232)
	at junit.framework.TestSuite.run(TestSuite.java:227)
	at org.apache.tools.ant.taskdefs.optional.junit.JUnitTestRunner.run(JUnitTestRunner.java:420)
	at org.apache.tools.ant.taskdefs.optional.junit.JUnitTestRunner.launch(JUnitTestRunner.java:911)
	at org.apache.tools.ant.taskdefs.optional.junit.JUnitTestRunner.main(JUnitTestRunner.java:768)
Search deliverables filter.
com.topcoder.util.config.UnknownNamespaceException: com.topcoder.util.log is unknown
	at com.topcoder.util.config.DefaultConfigManager.getPropertyObject(DefaultConfigManager.java:429)
	at com.topcoder.util.config.DefaultConfigManager.getString(DefaultConfigManager.java:449)
	at com.topcoder.util.log.LogFactory.getAttribute(LogFactory.java:224)
	at com.topcoder.util.log.basic.BasicLog.log(BasicLog.java:74)
	at com.topcoder.management.deliverable.DeliverableHelper.checkAndGetCustomResultSetValidDeliverable(DeliverableHelper.java:156)
	at com.topcoder.management.deliverable.PersistenceDeliverableManager.searchDeliverablesHelper(PersistenceDeliverableManager.java:284)
	at com.topcoder.management.deliverable.PersistenceDeliverableManager.searchDeliverables(PersistenceDeliverableManager.java:246)
	at com.topcoder.management.deliverable.accuracytests.PersistenceDeliverableManagerAccuracyTests.testSearchDeliverablesByName(PersistenceDeliverableManagerAccuracyTests.java:246)
	at sun.reflect.NativeMethodAccessorImpl.invoke0(Native Method)
	at sun.reflect.NativeMethodAccessorImpl.invoke(NativeMethodAccessorImpl.java:57)
	at sun.reflect.DelegatingMethodAccessorImpl.invoke(DelegatingMethodAccessorImpl.java:43)
	at java.lang.reflect.Method.invoke(Method.java:616)
	at junit.framework.TestCase.runTest(TestCase.java:168)
	at junit.framework.TestCase.runBare(TestCase.java:134)
	at junit.framework.TestResult$1.protect(TestResult.java:110)
	at junit.framework.TestResult.runProtected(TestResult.java:128)
	at junit.framework.TestResult.run(TestResult.java:113)
	at junit.framework.TestCase.run(TestCase.java:124)
	at junit.framework.TestSuite.runTest(TestSuite.java:232)
	at junit.framework.TestSuite.run(TestSuite.java:227)
	at junit.framework.TestSuite.runTest(TestSuite.java:232)
	at junit.framework.TestSuite.run(TestSuite.java:227)
	at junit.framework.TestSuite.runTest(TestSuite.java:232)
	at junit.framework.TestSuite.run(TestSuite.java:227)
	at org.apache.tools.ant.taskdefs.optional.junit.JUnitTestRunner.run(JUnitTestRunner.java:420)
	at org.apache.tools.ant.taskdefs.optional.junit.JUnitTestRunner.launch(JUnitTestRunner.java:911)
	at org.apache.tools.ant.taskdefs.optional.junit.JUnitTestRunner.main(JUnitTestRunner.java:768)
CustomResultSet Records: 2
com.topcoder.util.config.UnknownNamespaceException: com.topcoder.util.log is unknown
	at com.topcoder.util.config.DefaultConfigManager.getPropertyObject(DefaultConfigManager.java:429)
	at com.topcoder.util.config.DefaultConfigManager.getString(DefaultConfigManager.java:449)
	at com.topcoder.util.log.LogFactory.getAttribute(LogFactory.java:224)
	at com.topcoder.util.log.basic.BasicLog.log(BasicLog.java:74)
	at com.topcoder.management.deliverable.PersistenceDeliverableManager.searchDeliverablesHelper(PersistenceDeliverableManager.java:289)
	at com.topcoder.management.deliverable.PersistenceDeliverableManager.searchDeliverables(PersistenceDeliverableManager.java:246)
	at com.topcoder.management.deliverable.accuracytests.PersistenceDeliverableManagerAccuracyTests.testSearchDeliverablesByName(PersistenceDeliverableManagerAccuracyTests.java:246)
	at sun.reflect.NativeMethodAccessorImpl.invoke0(Native Method)
	at sun.reflect.NativeMethodAccessorImpl.invoke(NativeMethodAccessorImpl.java:57)
	at sun.reflect.DelegatingMethodAccessorImpl.invoke(DelegatingMethodAccessorImpl.java:43)
	at java.lang.reflect.Method.invoke(Method.java:616)
	at junit.framework.TestCase.runTest(TestCase.java:168)
	at junit.framework.TestCase.runBare(TestCase.java:134)
	at junit.framework.TestResult$1.protect(TestResult.java:110)
	at junit.framework.TestResult.runProtected(TestResult.java:128)
	at junit.framework.TestResult.run(TestResult.java:113)
	at junit.framework.TestCase.run(TestCase.java:124)
	at junit.framework.TestSuite.runTest(TestSuite.java:232)
	at junit.framework.TestSuite.run(TestSuite.java:227)
	at junit.framework.TestSuite.runTest(TestSuite.java:232)
	at junit.framework.TestSuite.run(TestSuite.java:227)
	at junit.framework.TestSuite.runTest(TestSuite.java:232)
	at junit.framework.TestSuite.run(TestSuite.java:227)
	at org.apache.tools.ant.taskdefs.optional.junit.JUnitTestRunner.run(JUnitTestRunner.java:420)
	at org.apache.tools.ant.taskdefs.optional.junit.JUnitTestRunner.launch(JUnitTestRunner.java:911)
	at org.apache.tools.ant.taskdefs.optional.junit.JUnitTestRunner.main(JUnitTestRunner.java:768)
Deliverable Id Array: 3, 2
com.topcoder.util.config.UnknownNamespaceException: com.topcoder.util.log is unknown
	at com.topcoder.util.config.DefaultConfigManager.getPropertyObject(DefaultConfigManager.java:429)
	at com.topcoder.util.config.DefaultConfigManager.getString(DefaultConfigManager.java:449)
	at com.topcoder.util.log.LogFactory.getAttribute(LogFactory.java:224)
	at com.topcoder.util.log.basic.BasicLog.log(BasicLog.java:74)
	at com.topcoder.management.deliverable.PersistenceDeliverableManager.searchDeliverablesHelper(PersistenceDeliverableManager.java:302)
	at com.topcoder.management.deliverable.PersistenceDeliverableManager.searchDeliverables(PersistenceDeliverableManager.java:246)
	at com.topcoder.management.deliverable.accuracytests.PersistenceDeliverableManagerAccuracyTests.testSearchDeliverablesByName(PersistenceDeliverableManagerAccuracyTests.java:246)
	at sun.reflect.NativeMethodAccessorImpl.invoke0(Native Method)
	at sun.reflect.NativeMethodAccessorImpl.invoke(NativeMethodAccessorImpl.java:57)
	at sun.reflect.DelegatingMethodAccessorImpl.invoke(DelegatingMethodAccessorImpl.java:43)
	at java.lang.reflect.Method.invoke(Method.java:616)
	at junit.framework.TestCase.runTest(TestCase.java:168)
	at junit.framework.TestCase.runBare(TestCase.java:134)
	at junit.framework.TestResult$1.protect(TestResult.java:110)
	at junit.framework.TestResult.runProtected(TestResult.java:128)
	at junit.framework.TestResult.run(TestResult.java:113)
	at junit.framework.TestCase.run(TestCase.java:124)
	at junit.framework.TestSuite.runTest(TestSuite.java:232)
	at junit.framework.TestSuite.run(TestSuite.java:227)
	at junit.framework.TestSuite.runTest(TestSuite.java:232)
	at junit.framework.TestSuite.run(TestSuite.java:227)
	at junit.framework.TestSuite.runTest(TestSuite.java:232)
	at junit.framework.TestSuite.run(TestSuite.java:227)
	at org.apache.tools.ant.taskdefs.optional.junit.JUnitTestRunner.run(JUnitTestRunner.java:420)
	at org.apache.tools.ant.taskdefs.optional.junit.JUnitTestRunner.launch(JUnitTestRunner.java:911)
	at org.apache.tools.ant.taskdefs.optional.junit.JUnitTestRunner.main(JUnitTestRunner.java:768)
Loading Deliverable Array
com.topcoder.util.config.UnknownNamespaceException: com.topcoder.util.log is unknown
	at com.topcoder.util.config.DefaultConfigManager.getPropertyObject(DefaultConfigManager.java:429)
	at com.topcoder.util.config.DefaultConfigManager.getString(DefaultConfigManager.java:449)
	at com.topcoder.util.log.LogFactory.getAttribute(LogFactory.java:224)
	at com.topcoder.util.log.basic.BasicLog.log(BasicLog.java:74)
	at com.topcoder.management.deliverable.PersistenceDeliverableManager.searchDeliverablesHelper(PersistenceDeliverableManager.java:325)
	at com.topcoder.management.deliverable.PersistenceDeliverableManager.searchDeliverables(PersistenceDeliverableManager.java:246)
	at com.topcoder.management.deliverable.accuracytests.PersistenceDeliverableManagerAccuracyTests.testSearchDeliverablesByName(PersistenceDeliverableManagerAccuracyTests.java:246)
	at sun.reflect.NativeMethodAccessorImpl.invoke0(Native Method)
	at sun.reflect.NativeMethodAccessorImpl.invoke(NativeMethodAccessorImpl.java:57)
	at sun.reflect.DelegatingMethodAccessorImpl.invoke(DelegatingMethodAccessorImpl.java:43)
	at java.lang.reflect.Method.invoke(Method.java:616)
	at junit.framework.TestCase.runTest(TestCase.java:168)
	at junit.framework.TestCase.runBare(TestCase.java:134)
	at junit.framework.TestResult$1.protect(TestResult.java:110)
	at junit.framework.TestResult.runProtected(TestResult.java:128)
	at junit.framework.TestResult.run(TestResult.java:113)
	at junit.framework.TestCase.run(TestCase.java:124)
	at junit.framework.TestSuite.runTest(TestSuite.java:232)
	at junit.framework.TestSuite.run(TestSuite.java:227)
	at junit.framework.TestSuite.runTest(TestSuite.java:232)
	at junit.framework.TestSuite.run(TestSuite.java:227)
	at junit.framework.TestSuite.runTest(TestSuite.java:232)
	at junit.framework.TestSuite.run(TestSuite.java:227)
	at org.apache.tools.ant.taskdefs.optional.junit.JUnitTestRunner.run(JUnitTestRunner.java:420)
	at org.apache.tools.ant.taskdefs.optional.junit.JUnitTestRunner.launch(JUnitTestRunner.java:911)
	at org.apache.tools.ant.taskdefs.optional.junit.JUnitTestRunner.main(JUnitTestRunner.java:768)
Adding Deliverable To List
com.topcoder.util.config.UnknownNamespaceException: com.topcoder.util.log is unknown
	at com.topcoder.util.config.DefaultConfigManager.getPropertyObject(DefaultConfigManager.java:429)
	at com.topcoder.util.config.DefaultConfigManager.getString(DefaultConfigManager.java:449)
	at com.topcoder.util.log.LogFactory.getAttribute(LogFactory.java:224)
	at com.topcoder.util.log.basic.BasicLog.log(BasicLog.java:74)
	at com.topcoder.management.deliverable.PersistenceDeliverableManager.searchDeliverablesHelper(PersistenceDeliverableManager.java:302)
	at com.topcoder.management.deliverable.PersistenceDeliverableManager.searchDeliverables(PersistenceDeliverableManager.java:246)
	at com.topcoder.management.deliverable.accuracytests.PersistenceDeliverableManagerAccuracyTests.testSearchDeliverablesByName(PersistenceDeliverableManagerAccuracyTests.java:246)
	at sun.reflect.NativeMethodAccessorImpl.invoke0(Native Method)
	at sun.reflect.NativeMethodAccessorImpl.invoke(NativeMethodAccessorImpl.java:57)
	at sun.reflect.DelegatingMethodAccessorImpl.invoke(DelegatingMethodAccessorImpl.java:43)
	at java.lang.reflect.Method.invoke(Method.java:616)
	at junit.framework.TestCase.runTest(TestCase.java:168)
	at junit.framework.TestCase.runBare(TestCase.java:134)
	at junit.framework.TestResult$1.protect(TestResult.java:110)
	at junit.framework.TestResult.runProtected(TestResult.java:128)
	at junit.framework.TestResult.run(TestResult.java:113)
	at junit.framework.TestCase.run(TestCase.java:124)
	at junit.framework.TestSuite.runTest(TestSuite.java:232)
	at junit.framework.TestSuite.run(TestSuite.java:227)
	at junit.framework.TestSuite.runTest(TestSuite.java:232)
	at junit.framework.TestSuite.run(TestSuite.java:227)
	at junit.framework.TestSuite.runTest(TestSuite.java:232)
	at junit.framework.TestSuite.run(TestSuite.java:227)
	at org.apache.tools.ant.taskdefs.optional.junit.JUnitTestRunner.run(JUnitTestRunner.java:420)
	at org.apache.tools.ant.taskdefs.optional.junit.JUnitTestRunner.launch(JUnitTestRunner.java:911)
	at org.apache.tools.ant.taskdefs.optional.junit.JUnitTestRunner.main(JUnitTestRunner.java:768)
Loading Deliverable Array
com.topcoder.util.config.UnknownNamespaceException: com.topcoder.util.log is unknown
	at com.topcoder.util.config.DefaultConfigManager.getPropertyObject(DefaultConfigManager.java:429)
	at com.topcoder.util.config.DefaultConfigManager.getString(DefaultConfigManager.java:449)
	at com.topcoder.util.log.LogFactory.getAttribute(LogFactory.java:224)
	at com.topcoder.util.log.basic.BasicLog.log(BasicLog.java:74)
	at com.topcoder.management.deliverable.PersistenceDeliverableManager.searchDeliverablesHelper(PersistenceDeliverableManager.java:325)
	at com.topcoder.management.deliverable.PersistenceDeliverableManager.searchDeliverables(PersistenceDeliverableManager.java:246)
	at com.topcoder.management.deliverable.accuracytests.PersistenceDeliverableManagerAccuracyTests.testSearchDeliverablesByName(PersistenceDeliverableManagerAccuracyTests.java:246)
	at sun.reflect.NativeMethodAccessorImpl.invoke0(Native Method)
	at sun.reflect.NativeMethodAccessorImpl.invoke(NativeMethodAccessorImpl.java:57)
	at sun.reflect.DelegatingMethodAccessorImpl.invoke(DelegatingMethodAccessorImpl.java:43)
	at java.lang.reflect.Method.invoke(Method.java:616)
	at junit.framework.TestCase.runTest(TestCase.java:168)
	at junit.framework.TestCase.runBare(TestCase.java:134)
	at junit.framework.TestResult$1.protect(TestResult.java:110)
	at junit.framework.TestResult.runProtected(TestResult.java:128)
	at junit.framework.TestResult.run(TestResult.java:113)
	at junit.framework.TestCase.run(TestCase.java:124)
	at junit.framework.TestSuite.runTest(TestSuite.java:232)
	at junit.framework.TestSuite.run(TestSuite.java:227)
	at junit.framework.TestSuite.runTest(TestSuite.java:232)
	at junit.framework.TestSuite.run(TestSuite.java:227)
	at junit.framework.TestSuite.runTest(TestSuite.java:232)
	at junit.framework.TestSuite.run(TestSuite.java:227)
	at org.apache.tools.ant.taskdefs.optional.junit.JUnitTestRunner.run(JUnitTestRunner.java:420)
	at org.apache.tools.ant.taskdefs.optional.junit.JUnitTestRunner.launch(JUnitTestRunner.java:911)
	at org.apache.tools.ant.taskdefs.optional.junit.JUnitTestRunner.main(JUnitTestRunner.java:768)
Adding Deliverable To List
com.topcoder.util.config.UnknownNamespaceException: com.topcoder.util.log is unknown
	at com.topcoder.util.config.DefaultConfigManager.getPropertyObject(DefaultConfigManager.java:429)
	at com.topcoder.util.config.DefaultConfigManager.getString(DefaultConfigManager.java:449)
	at com.topcoder.util.log.LogFactory.getAttribute(LogFactory.java:224)
	at com.topcoder.util.log.basic.BasicLog.log(BasicLog.java:74)
	at com.topcoder.management.deliverable.PersistenceDeliverableManager.<init>(PersistenceDeliverableManager.java:157)
	at com.topcoder.management.deliverable.PersistenceDeliverableManager.<init>(PersistenceDeliverableManager.java:183)
	at com.topcoder.management.deliverable.accuracytests.PersistenceDeliverableManagerAccuracyTests.setUp(PersistenceDeliverableManagerAccuracyTests.java:122)
	at junit.framework.TestCase.runBare(TestCase.java:132)
	at junit.framework.TestResult$1.protect(TestResult.java:110)
	at junit.framework.TestResult.runProtected(TestResult.java:128)
	at junit.framework.TestResult.run(TestResult.java:113)
	at junit.framework.TestCase.run(TestCase.java:124)
	at junit.framework.TestSuite.runTest(TestSuite.java:232)
	at junit.framework.TestSuite.run(TestSuite.java:227)
	at junit.framework.TestSuite.runTest(TestSuite.java:232)
	at junit.framework.TestSuite.run(TestSuite.java:227)
	at junit.framework.TestSuite.runTest(TestSuite.java:232)
	at junit.framework.TestSuite.run(TestSuite.java:227)
	at org.apache.tools.ant.taskdefs.optional.junit.JUnitTestRunner.run(JUnitTestRunner.java:420)
	at org.apache.tools.ant.taskdefs.optional.junit.JUnitTestRunner.launch(JUnitTestRunner.java:911)
	at org.apache.tools.ant.taskdefs.optional.junit.JUnitTestRunner.main(JUnitTestRunner.java:768)
Instantiate PersistenceDeliverableManager with DeliverablePersistence, deliverableCheckers map,deliverableSearchBundle and submissionSearchBundle.
com.topcoder.util.config.UnknownNamespaceException: com.topcoder.util.log is unknown
	at com.topcoder.util.config.DefaultConfigManager.getPropertyObject(DefaultConfigManager.java:429)
	at com.topcoder.util.config.DefaultConfigManager.getString(DefaultConfigManager.java:449)
	at com.topcoder.util.log.LogFactory.getAttribute(LogFactory.java:224)
	at com.topcoder.util.log.basic.BasicLog.log(BasicLog.java:74)
	at com.topcoder.management.deliverable.PersistenceDeliverableManager.searchDeliverables(PersistenceDeliverableManager.java:245)
	at com.topcoder.management.deliverable.accuracytests.PersistenceDeliverableManagerAccuracyTests.testSearchDeliverablesByProjectId(PersistenceDeliverableManagerAccuracyTests.java:268)
	at sun.reflect.NativeMethodAccessorImpl.invoke0(Native Method)
	at sun.reflect.NativeMethodAccessorImpl.invoke(NativeMethodAccessorImpl.java:57)
	at sun.reflect.DelegatingMethodAccessorImpl.invoke(DelegatingMethodAccessorImpl.java:43)
	at java.lang.reflect.Method.invoke(Method.java:616)
	at junit.framework.TestCase.runTest(TestCase.java:168)
	at junit.framework.TestCase.runBare(TestCase.java:134)
	at junit.framework.TestResult$1.protect(TestResult.java:110)
	at junit.framework.TestResult.runProtected(TestResult.java:128)
	at junit.framework.TestResult.run(TestResult.java:113)
	at junit.framework.TestCase.run(TestCase.java:124)
	at junit.framework.TestSuite.runTest(TestSuite.java:232)
	at junit.framework.TestSuite.run(TestSuite.java:227)
	at junit.framework.TestSuite.runTest(TestSuite.java:232)
	at junit.framework.TestSuite.run(TestSuite.java:227)
	at junit.framework.TestSuite.runTest(TestSuite.java:232)
	at junit.framework.TestSuite.run(TestSuite.java:227)
	at org.apache.tools.ant.taskdefs.optional.junit.JUnitTestRunner.run(JUnitTestRunner.java:420)
	at org.apache.tools.ant.taskdefs.optional.junit.JUnitTestRunner.launch(JUnitTestRunner.java:911)
	at org.apache.tools.ant.taskdefs.optional.junit.JUnitTestRunner.main(JUnitTestRunner.java:768)
Search deliverables filter.
com.topcoder.util.config.UnknownNamespaceException: com.topcoder.util.log is unknown
	at com.topcoder.util.config.DefaultConfigManager.getPropertyObject(DefaultConfigManager.java:429)
	at com.topcoder.util.config.DefaultConfigManager.getString(DefaultConfigManager.java:449)
	at com.topcoder.util.log.LogFactory.getAttribute(LogFactory.java:224)
	at com.topcoder.util.log.basic.BasicLog.log(BasicLog.java:74)
	at com.topcoder.management.deliverable.DeliverableHelper.checkAndGetCustomResultSetValidDeliverable(DeliverableHelper.java:156)
	at com.topcoder.management.deliverable.PersistenceDeliverableManager.searchDeliverablesHelper(PersistenceDeliverableManager.java:284)
	at com.topcoder.management.deliverable.PersistenceDeliverableManager.searchDeliverables(PersistenceDeliverableManager.java:246)
	at com.topcoder.management.deliverable.accuracytests.PersistenceDeliverableManagerAccuracyTests.testSearchDeliverablesByProjectId(PersistenceDeliverableManagerAccuracyTests.java:268)
	at sun.reflect.NativeMethodAccessorImpl.invoke0(Native Method)
	at sun.reflect.NativeMethodAccessorImpl.invoke(NativeMethodAccessorImpl.java:57)
	at sun.reflect.DelegatingMethodAccessorImpl.invoke(DelegatingMethodAccessorImpl.java:43)
	at java.lang.reflect.Method.invoke(Method.java:616)
	at junit.framework.TestCase.runTest(TestCase.java:168)
	at junit.framework.TestCase.runBare(TestCase.java:134)
	at junit.framework.TestResult$1.protect(TestResult.java:110)
	at junit.framework.TestResult.runProtected(TestResult.java:128)
	at junit.framework.TestResult.run(TestResult.java:113)
	at junit.framework.TestCase.run(TestCase.java:124)
	at junit.framework.TestSuite.runTest(TestSuite.java:232)
	at junit.framework.TestSuite.run(TestSuite.java:227)
	at junit.framework.TestSuite.runTest(TestSuite.java:232)
	at junit.framework.TestSuite.run(TestSuite.java:227)
	at junit.framework.TestSuite.runTest(TestSuite.java:232)
	at junit.framework.TestSuite.run(TestSuite.java:227)
	at org.apache.tools.ant.taskdefs.optional.junit.JUnitTestRunner.run(JUnitTestRunner.java:420)
	at org.apache.tools.ant.taskdefs.optional.junit.JUnitTestRunner.launch(JUnitTestRunner.java:911)
	at org.apache.tools.ant.taskdefs.optional.junit.JUnitTestRunner.main(JUnitTestRunner.java:768)
CustomResultSet Records: 2
com.topcoder.util.config.UnknownNamespaceException: com.topcoder.util.log is unknown
	at com.topcoder.util.config.DefaultConfigManager.getPropertyObject(DefaultConfigManager.java:429)
	at com.topcoder.util.config.DefaultConfigManager.getString(DefaultConfigManager.java:449)
	at com.topcoder.util.log.LogFactory.getAttribute(LogFactory.java:224)
	at com.topcoder.util.log.basic.BasicLog.log(BasicLog.java:74)
	at com.topcoder.management.deliverable.PersistenceDeliverableManager.searchDeliverablesHelper(PersistenceDeliverableManager.java:289)
	at com.topcoder.management.deliverable.PersistenceDeliverableManager.searchDeliverables(PersistenceDeliverableManager.java:246)
	at com.topcoder.management.deliverable.accuracytests.PersistenceDeliverableManagerAccuracyTests.testSearchDeliverablesByProjectId(PersistenceDeliverableManagerAccuracyTests.java:268)
	at sun.reflect.NativeMethodAccessorImpl.invoke0(Native Method)
	at sun.reflect.NativeMethodAccessorImpl.invoke(NativeMethodAccessorImpl.java:57)
	at sun.reflect.DelegatingMethodAccessorImpl.invoke(DelegatingMethodAccessorImpl.java:43)
	at java.lang.reflect.Method.invoke(Method.java:616)
	at junit.framework.TestCase.runTest(TestCase.java:168)
	at junit.framework.TestCase.runBare(TestCase.java:134)
	at junit.framework.TestResult$1.protect(TestResult.java:110)
	at junit.framework.TestResult.runProtected(TestResult.java:128)
	at junit.framework.TestResult.run(TestResult.java:113)
	at junit.framework.TestCase.run(TestCase.java:124)
	at junit.framework.TestSuite.runTest(TestSuite.java:232)
	at junit.framework.TestSuite.run(TestSuite.java:227)
	at junit.framework.TestSuite.runTest(TestSuite.java:232)
	at junit.framework.TestSuite.run(TestSuite.java:227)
	at junit.framework.TestSuite.runTest(TestSuite.java:232)
	at junit.framework.TestSuite.run(TestSuite.java:227)
	at org.apache.tools.ant.taskdefs.optional.junit.JUnitTestRunner.run(JUnitTestRunner.java:420)
	at org.apache.tools.ant.taskdefs.optional.junit.JUnitTestRunner.launch(JUnitTestRunner.java:911)
	at org.apache.tools.ant.taskdefs.optional.junit.JUnitTestRunner.main(JUnitTestRunner.java:768)
Deliverable Id Array: 3, 2
com.topcoder.util.config.UnknownNamespaceException: com.topcoder.util.log is unknown
	at com.topcoder.util.config.DefaultConfigManager.getPropertyObject(DefaultConfigManager.java:429)
	at com.topcoder.util.config.DefaultConfigManager.getString(DefaultConfigManager.java:449)
	at com.topcoder.util.log.LogFactory.getAttribute(LogFactory.java:224)
	at com.topcoder.util.log.basic.BasicLog.log(BasicLog.java:74)
	at com.topcoder.management.deliverable.PersistenceDeliverableManager.searchDeliverablesHelper(PersistenceDeliverableManager.java:302)
	at com.topcoder.management.deliverable.PersistenceDeliverableManager.searchDeliverables(PersistenceDeliverableManager.java:246)
	at com.topcoder.management.deliverable.accuracytests.PersistenceDeliverableManagerAccuracyTests.testSearchDeliverablesByProjectId(PersistenceDeliverableManagerAccuracyTests.java:268)
	at sun.reflect.NativeMethodAccessorImpl.invoke0(Native Method)
	at sun.reflect.NativeMethodAccessorImpl.invoke(NativeMethodAccessorImpl.java:57)
	at sun.reflect.DelegatingMethodAccessorImpl.invoke(DelegatingMethodAccessorImpl.java:43)
	at java.lang.reflect.Method.invoke(Method.java:616)
	at junit.framework.TestCase.runTest(TestCase.java:168)
	at junit.framework.TestCase.runBare(TestCase.java:134)
	at junit.framework.TestResult$1.protect(TestResult.java:110)
	at junit.framework.TestResult.runProtected(TestResult.java:128)
	at junit.framework.TestResult.run(TestResult.java:113)
	at junit.framework.TestCase.run(TestCase.java:124)
	at junit.framework.TestSuite.runTest(TestSuite.java:232)
	at junit.framework.TestSuite.run(TestSuite.java:227)
	at junit.framework.TestSuite.runTest(TestSuite.java:232)
	at junit.framework.TestSuite.run(TestSuite.java:227)
	at junit.framework.TestSuite.runTest(TestSuite.java:232)
	at junit.framework.TestSuite.run(TestSuite.java:227)
	at org.apache.tools.ant.taskdefs.optional.junit.JUnitTestRunner.run(JUnitTestRunner.java:420)
	at org.apache.tools.ant.taskdefs.optional.junit.JUnitTestRunner.launch(JUnitTestRunner.java:911)
	at org.apache.tools.ant.taskdefs.optional.junit.JUnitTestRunner.main(JUnitTestRunner.java:768)
Loading Deliverable Array
com.topcoder.util.config.UnknownNamespaceException: com.topcoder.util.log is unknown
	at com.topcoder.util.config.DefaultConfigManager.getPropertyObject(DefaultConfigManager.java:429)
	at com.topcoder.util.config.DefaultConfigManager.getString(DefaultConfigManager.java:449)
	at com.topcoder.util.log.LogFactory.getAttribute(LogFactory.java:224)
	at com.topcoder.util.log.basic.BasicLog.log(BasicLog.java:74)
	at com.topcoder.management.deliverable.PersistenceDeliverableManager.searchDeliverablesHelper(PersistenceDeliverableManager.java:325)
	at com.topcoder.management.deliverable.PersistenceDeliverableManager.searchDeliverables(PersistenceDeliverableManager.java:246)
	at com.topcoder.management.deliverable.accuracytests.PersistenceDeliverableManagerAccuracyTests.testSearchDeliverablesByProjectId(PersistenceDeliverableManagerAccuracyTests.java:268)
	at sun.reflect.NativeMethodAccessorImpl.invoke0(Native Method)
	at sun.reflect.NativeMethodAccessorImpl.invoke(NativeMethodAccessorImpl.java:57)
	at sun.reflect.DelegatingMethodAccessorImpl.invoke(DelegatingMethodAccessorImpl.java:43)
	at java.lang.reflect.Method.invoke(Method.java:616)
	at junit.framework.TestCase.runTest(TestCase.java:168)
	at junit.framework.TestCase.runBare(TestCase.java:134)
	at junit.framework.TestResult$1.protect(TestResult.java:110)
	at junit.framework.TestResult.runProtected(TestResult.java:128)
	at junit.framework.TestResult.run(TestResult.java:113)
	at junit.framework.TestCase.run(TestCase.java:124)
	at junit.framework.TestSuite.runTest(TestSuite.java:232)
	at junit.framework.TestSuite.run(TestSuite.java:227)
	at junit.framework.TestSuite.runTest(TestSuite.java:232)
	at junit.framework.TestSuite.run(TestSuite.java:227)
	at junit.framework.TestSuite.runTest(TestSuite.java:232)
	at junit.framework.TestSuite.run(TestSuite.java:227)
	at org.apache.tools.ant.taskdefs.optional.junit.JUnitTestRunner.run(JUnitTestRunner.java:420)
	at org.apache.tools.ant.taskdefs.optional.junit.JUnitTestRunner.launch(JUnitTestRunner.java:911)
	at org.apache.tools.ant.taskdefs.optional.junit.JUnitTestRunner.main(JUnitTestRunner.java:768)
Adding Deliverable To List
com.topcoder.util.config.UnknownNamespaceException: com.topcoder.util.log is unknown
	at com.topcoder.util.config.DefaultConfigManager.getPropertyObject(DefaultConfigManager.java:429)
	at com.topcoder.util.config.DefaultConfigManager.getString(DefaultConfigManager.java:449)
	at com.topcoder.util.log.LogFactory.getAttribute(LogFactory.java:224)
	at com.topcoder.util.log.basic.BasicLog.log(BasicLog.java:74)
	at com.topcoder.management.deliverable.PersistenceDeliverableManager.searchDeliverablesHelper(PersistenceDeliverableManager.java:302)
	at com.topcoder.management.deliverable.PersistenceDeliverableManager.searchDeliverables(PersistenceDeliverableManager.java:246)
	at com.topcoder.management.deliverable.accuracytests.PersistenceDeliverableManagerAccuracyTests.testSearchDeliverablesByProjectId(PersistenceDeliverableManagerAccuracyTests.java:268)
	at sun.reflect.NativeMethodAccessorImpl.invoke0(Native Method)
	at sun.reflect.NativeMethodAccessorImpl.invoke(NativeMethodAccessorImpl.java:57)
	at sun.reflect.DelegatingMethodAccessorImpl.invoke(DelegatingMethodAccessorImpl.java:43)
	at java.lang.reflect.Method.invoke(Method.java:616)
	at junit.framework.TestCase.runTest(TestCase.java:168)
	at junit.framework.TestCase.runBare(TestCase.java:134)
	at junit.framework.TestResult$1.protect(TestResult.java:110)
	at junit.framework.TestResult.runProtected(TestResult.java:128)
	at junit.framework.TestResult.run(TestResult.java:113)
	at junit.framework.TestCase.run(TestCase.java:124)
	at junit.framework.TestSuite.runTest(TestSuite.java:232)
	at junit.framework.TestSuite.run(TestSuite.java:227)
	at junit.framework.TestSuite.runTest(TestSuite.java:232)
	at junit.framework.TestSuite.run(TestSuite.java:227)
	at junit.framework.TestSuite.runTest(TestSuite.java:232)
	at junit.framework.TestSuite.run(TestSuite.java:227)
	at org.apache.tools.ant.taskdefs.optional.junit.JUnitTestRunner.run(JUnitTestRunner.java:420)
	at org.apache.tools.ant.taskdefs.optional.junit.JUnitTestRunner.launch(JUnitTestRunner.java:911)
	at org.apache.tools.ant.taskdefs.optional.junit.JUnitTestRunner.main(JUnitTestRunner.java:768)
Loading Deliverable Array
com.topcoder.util.config.UnknownNamespaceException: com.topcoder.util.log is unknown
	at com.topcoder.util.config.DefaultConfigManager.getPropertyObject(DefaultConfigManager.java:429)
	at com.topcoder.util.config.DefaultConfigManager.getString(DefaultConfigManager.java:449)
	at com.topcoder.util.log.LogFactory.getAttribute(LogFactory.java:224)
	at com.topcoder.util.log.basic.BasicLog.log(BasicLog.java:74)
	at com.topcoder.management.deliverable.PersistenceDeliverableManager.searchDeliverablesHelper(PersistenceDeliverableManager.java:325)
	at com.topcoder.management.deliverable.PersistenceDeliverableManager.searchDeliverables(PersistenceDeliverableManager.java:246)
	at com.topcoder.management.deliverable.accuracytests.PersistenceDeliverableManagerAccuracyTests.testSearchDeliverablesByProjectId(PersistenceDeliverableManagerAccuracyTests.java:268)
	at sun.reflect.NativeMethodAccessorImpl.invoke0(Native Method)
	at sun.reflect.NativeMethodAccessorImpl.invoke(NativeMethodAccessorImpl.java:57)
	at sun.reflect.DelegatingMethodAccessorImpl.invoke(DelegatingMethodAccessorImpl.java:43)
	at java.lang.reflect.Method.invoke(Method.java:616)
	at junit.framework.TestCase.runTest(TestCase.java:168)
	at junit.framework.TestCase.runBare(TestCase.java:134)
	at junit.framework.TestResult$1.protect(TestResult.java:110)
	at junit.framework.TestResult.runProtected(TestResult.java:128)
	at junit.framework.TestResult.run(TestResult.java:113)
	at junit.framework.TestCase.run(TestCase.java:124)
	at junit.framework.TestSuite.runTest(TestSuite.java:232)
	at junit.framework.TestSuite.run(TestSuite.java:227)
	at junit.framework.TestSuite.runTest(TestSuite.java:232)
	at junit.framework.TestSuite.run(TestSuite.java:227)
	at junit.framework.TestSuite.runTest(TestSuite.java:232)
	at junit.framework.TestSuite.run(TestSuite.java:227)
	at org.apache.tools.ant.taskdefs.optional.junit.JUnitTestRunner.run(JUnitTestRunner.java:420)
	at org.apache.tools.ant.taskdefs.optional.junit.JUnitTestRunner.launch(JUnitTestRunner.java:911)
	at org.apache.tools.ant.taskdefs.optional.junit.JUnitTestRunner.main(JUnitTestRunner.java:768)
Adding Deliverable To List
com.topcoder.util.config.UnknownNamespaceException: com.topcoder.util.log is unknown
	at com.topcoder.util.config.DefaultConfigManager.getPropertyObject(DefaultConfigManager.java:429)
	at com.topcoder.util.config.DefaultConfigManager.getString(DefaultConfigManager.java:449)
	at com.topcoder.util.log.LogFactory.getAttribute(LogFactory.java:224)
	at com.topcoder.util.log.basic.BasicLog.log(BasicLog.java:74)
	at com.topcoder.management.deliverable.PersistenceDeliverableManager.<init>(PersistenceDeliverableManager.java:157)
	at com.topcoder.management.deliverable.PersistenceDeliverableManager.<init>(PersistenceDeliverableManager.java:183)
	at com.topcoder.management.deliverable.accuracytests.PersistenceDeliverableManagerAccuracyTests.setUp(PersistenceDeliverableManagerAccuracyTests.java:122)
	at junit.framework.TestCase.runBare(TestCase.java:132)
	at junit.framework.TestResult$1.protect(TestResult.java:110)
	at junit.framework.TestResult.runProtected(TestResult.java:128)
	at junit.framework.TestResult.run(TestResult.java:113)
	at junit.framework.TestCase.run(TestCase.java:124)
	at junit.framework.TestSuite.runTest(TestSuite.java:232)
	at junit.framework.TestSuite.run(TestSuite.java:227)
	at junit.framework.TestSuite.runTest(TestSuite.java:232)
	at junit.framework.TestSuite.run(TestSuite.java:227)
	at junit.framework.TestSuite.runTest(TestSuite.java:232)
	at junit.framework.TestSuite.run(TestSuite.java:227)
	at org.apache.tools.ant.taskdefs.optional.junit.JUnitTestRunner.run(JUnitTestRunner.java:420)
	at org.apache.tools.ant.taskdefs.optional.junit.JUnitTestRunner.launch(JUnitTestRunner.java:911)
	at org.apache.tools.ant.taskdefs.optional.junit.JUnitTestRunner.main(JUnitTestRunner.java:768)
Instantiate PersistenceDeliverableManager with DeliverablePersistence, deliverableCheckers map,deliverableSearchBundle and submissionSearchBundle.
com.topcoder.util.config.UnknownNamespaceException: com.topcoder.util.log is unknown
	at com.topcoder.util.config.DefaultConfigManager.getPropertyObject(DefaultConfigManager.java:429)
	at com.topcoder.util.config.DefaultConfigManager.getString(DefaultConfigManager.java:449)
	at com.topcoder.util.log.LogFactory.getAttribute(LogFactory.java:224)
	at com.topcoder.util.log.basic.BasicLog.log(BasicLog.java:74)
	at com.topcoder.management.deliverable.PersistenceDeliverableManager.searchDeliverables(PersistenceDeliverableManager.java:245)
	at com.topcoder.management.deliverable.accuracytests.PersistenceDeliverableManagerAccuracyTests.testSearchDeliverablesByPhaseId(PersistenceDeliverableManagerAccuracyTests.java:287)
	at sun.reflect.NativeMethodAccessorImpl.invoke0(Native Method)
	at sun.reflect.NativeMethodAccessorImpl.invoke(NativeMethodAccessorImpl.java:57)
	at sun.reflect.DelegatingMethodAccessorImpl.invoke(DelegatingMethodAccessorImpl.java:43)
	at java.lang.reflect.Method.invoke(Method.java:616)
	at junit.framework.TestCase.runTest(TestCase.java:168)
	at junit.framework.TestCase.runBare(TestCase.java:134)
	at junit.framework.TestResult$1.protect(TestResult.java:110)
	at junit.framework.TestResult.runProtected(TestResult.java:128)
	at junit.framework.TestResult.run(TestResult.java:113)
	at junit.framework.TestCase.run(TestCase.java:124)
	at junit.framework.TestSuite.runTest(TestSuite.java:232)
	at junit.framework.TestSuite.run(TestSuite.java:227)
	at junit.framework.TestSuite.runTest(TestSuite.java:232)
	at junit.framework.TestSuite.run(TestSuite.java:227)
	at junit.framework.TestSuite.runTest(TestSuite.java:232)
	at junit.framework.TestSuite.run(TestSuite.java:227)
	at org.apache.tools.ant.taskdefs.optional.junit.JUnitTestRunner.run(JUnitTestRunner.java:420)
	at org.apache.tools.ant.taskdefs.optional.junit.JUnitTestRunner.launch(JUnitTestRunner.java:911)
	at org.apache.tools.ant.taskdefs.optional.junit.JUnitTestRunner.main(JUnitTestRunner.java:768)
Search deliverables filter.
com.topcoder.util.config.UnknownNamespaceException: com.topcoder.util.log is unknown
	at com.topcoder.util.config.DefaultConfigManager.getPropertyObject(DefaultConfigManager.java:429)
	at com.topcoder.util.config.DefaultConfigManager.getString(DefaultConfigManager.java:449)
	at com.topcoder.util.log.LogFactory.getAttribute(LogFactory.java:224)
	at com.topcoder.util.log.basic.BasicLog.log(BasicLog.java:74)
	at com.topcoder.management.deliverable.DeliverableHelper.checkAndGetCustomResultSetValidDeliverable(DeliverableHelper.java:156)
	at com.topcoder.management.deliverable.PersistenceDeliverableManager.searchDeliverablesHelper(PersistenceDeliverableManager.java:284)
	at com.topcoder.management.deliverable.PersistenceDeliverableManager.searchDeliverables(PersistenceDeliverableManager.java:246)
	at com.topcoder.management.deliverable.accuracytests.PersistenceDeliverableManagerAccuracyTests.testSearchDeliverablesByPhaseId(PersistenceDeliverableManagerAccuracyTests.java:287)
	at sun.reflect.NativeMethodAccessorImpl.invoke0(Native Method)
	at sun.reflect.NativeMethodAccessorImpl.invoke(NativeMethodAccessorImpl.java:57)
	at sun.reflect.DelegatingMethodAccessorImpl.invoke(DelegatingMethodAccessorImpl.java:43)
	at java.lang.reflect.Method.invoke(Method.java:616)
	at junit.framework.TestCase.runTest(TestCase.java:168)
	at junit.framework.TestCase.runBare(TestCase.java:134)
	at junit.framework.TestResult$1.protect(TestResult.java:110)
	at junit.framework.TestResult.runProtected(TestResult.java:128)
	at junit.framework.TestResult.run(TestResult.java:113)
	at junit.framework.TestCase.run(TestCase.java:124)
	at junit.framework.TestSuite.runTest(TestSuite.java:232)
	at junit.framework.TestSuite.run(TestSuite.java:227)
	at junit.framework.TestSuite.runTest(TestSuite.java:232)
	at junit.framework.TestSuite.run(TestSuite.java:227)
	at junit.framework.TestSuite.runTest(TestSuite.java:232)
	at junit.framework.TestSuite.run(TestSuite.java:227)
	at org.apache.tools.ant.taskdefs.optional.junit.JUnitTestRunner.run(JUnitTestRunner.java:420)
	at org.apache.tools.ant.taskdefs.optional.junit.JUnitTestRunner.launch(JUnitTestRunner.java:911)
	at org.apache.tools.ant.taskdefs.optional.junit.JUnitTestRunner.main(JUnitTestRunner.java:768)
CustomResultSet Records: 2
com.topcoder.util.config.UnknownNamespaceException: com.topcoder.util.log is unknown
	at com.topcoder.util.config.DefaultConfigManager.getPropertyObject(DefaultConfigManager.java:429)
	at com.topcoder.util.config.DefaultConfigManager.getString(DefaultConfigManager.java:449)
	at com.topcoder.util.log.LogFactory.getAttribute(LogFactory.java:224)
	at com.topcoder.util.log.basic.BasicLog.log(BasicLog.java:74)
	at com.topcoder.management.deliverable.PersistenceDeliverableManager.searchDeliverablesHelper(PersistenceDeliverableManager.java:289)
	at com.topcoder.management.deliverable.PersistenceDeliverableManager.searchDeliverables(PersistenceDeliverableManager.java:246)
	at com.topcoder.management.deliverable.accuracytests.PersistenceDeliverableManagerAccuracyTests.testSearchDeliverablesByPhaseId(PersistenceDeliverableManagerAccuracyTests.java:287)
	at sun.reflect.NativeMethodAccessorImpl.invoke0(Native Method)
	at sun.reflect.NativeMethodAccessorImpl.invoke(NativeMethodAccessorImpl.java:57)
	at sun.reflect.DelegatingMethodAccessorImpl.invoke(DelegatingMethodAccessorImpl.java:43)
	at java.lang.reflect.Method.invoke(Method.java:616)
	at junit.framework.TestCase.runTest(TestCase.java:168)
	at junit.framework.TestCase.runBare(TestCase.java:134)
	at junit.framework.TestResult$1.protect(TestResult.java:110)
	at junit.framework.TestResult.runProtected(TestResult.java:128)
	at junit.framework.TestResult.run(TestResult.java:113)
	at junit.framework.TestCase.run(TestCase.java:124)
	at junit.framework.TestSuite.runTest(TestSuite.java:232)
	at junit.framework.TestSuite.run(TestSuite.java:227)
	at junit.framework.TestSuite.runTest(TestSuite.java:232)
	at junit.framework.TestSuite.run(TestSuite.java:227)
	at junit.framework.TestSuite.runTest(TestSuite.java:232)
	at junit.framework.TestSuite.run(TestSuite.java:227)
	at org.apache.tools.ant.taskdefs.optional.junit.JUnitTestRunner.run(JUnitTestRunner.java:420)
	at org.apache.tools.ant.taskdefs.optional.junit.JUnitTestRunner.launch(JUnitTestRunner.java:911)
	at org.apache.tools.ant.taskdefs.optional.junit.JUnitTestRunner.main(JUnitTestRunner.java:768)
Deliverable Id Array: 3, 2
com.topcoder.util.config.UnknownNamespaceException: com.topcoder.util.log is unknown
	at com.topcoder.util.config.DefaultConfigManager.getPropertyObject(DefaultConfigManager.java:429)
	at com.topcoder.util.config.DefaultConfigManager.getString(DefaultConfigManager.java:449)
	at com.topcoder.util.log.LogFactory.getAttribute(LogFactory.java:224)
	at com.topcoder.util.log.basic.BasicLog.log(BasicLog.java:74)
	at com.topcoder.management.deliverable.PersistenceDeliverableManager.searchDeliverablesHelper(PersistenceDeliverableManager.java:302)
	at com.topcoder.management.deliverable.PersistenceDeliverableManager.searchDeliverables(PersistenceDeliverableManager.java:246)
	at com.topcoder.management.deliverable.accuracytests.PersistenceDeliverableManagerAccuracyTests.testSearchDeliverablesByPhaseId(PersistenceDeliverableManagerAccuracyTests.java:287)
	at sun.reflect.NativeMethodAccessorImpl.invoke0(Native Method)
	at sun.reflect.NativeMethodAccessorImpl.invoke(NativeMethodAccessorImpl.java:57)
	at sun.reflect.DelegatingMethodAccessorImpl.invoke(DelegatingMethodAccessorImpl.java:43)
	at java.lang.reflect.Method.invoke(Method.java:616)
	at junit.framework.TestCase.runTest(TestCase.java:168)
	at junit.framework.TestCase.runBare(TestCase.java:134)
	at junit.framework.TestResult$1.protect(TestResult.java:110)
	at junit.framework.TestResult.runProtected(TestResult.java:128)
	at junit.framework.TestResult.run(TestResult.java:113)
	at junit.framework.TestCase.run(TestCase.java:124)
	at junit.framework.TestSuite.runTest(TestSuite.java:232)
	at junit.framework.TestSuite.run(TestSuite.java:227)
	at junit.framework.TestSuite.runTest(TestSuite.java:232)
	at junit.framework.TestSuite.run(TestSuite.java:227)
	at junit.framework.TestSuite.runTest(TestSuite.java:232)
	at junit.framework.TestSuite.run(TestSuite.java:227)
	at org.apache.tools.ant.taskdefs.optional.junit.JUnitTestRunner.run(JUnitTestRunner.java:420)
	at org.apache.tools.ant.taskdefs.optional.junit.JUnitTestRunner.launch(JUnitTestRunner.java:911)
	at org.apache.tools.ant.taskdefs.optional.junit.JUnitTestRunner.main(JUnitTestRunner.java:768)
Loading Deliverable Array
com.topcoder.util.config.UnknownNamespaceException: com.topcoder.util.log is unknown
	at com.topcoder.util.config.DefaultConfigManager.getPropertyObject(DefaultConfigManager.java:429)
	at com.topcoder.util.config.DefaultConfigManager.getString(DefaultConfigManager.java:449)
	at com.topcoder.util.log.LogFactory.getAttribute(LogFactory.java:224)
	at com.topcoder.util.log.basic.BasicLog.log(BasicLog.java:74)
	at com.topcoder.management.deliverable.PersistenceDeliverableManager.searchDeliverablesHelper(PersistenceDeliverableManager.java:325)
	at com.topcoder.management.deliverable.PersistenceDeliverableManager.searchDeliverables(PersistenceDeliverableManager.java:246)
	at com.topcoder.management.deliverable.accuracytests.PersistenceDeliverableManagerAccuracyTests.testSearchDeliverablesByPhaseId(PersistenceDeliverableManagerAccuracyTests.java:287)
	at sun.reflect.NativeMethodAccessorImpl.invoke0(Native Method)
	at sun.reflect.NativeMethodAccessorImpl.invoke(NativeMethodAccessorImpl.java:57)
	at sun.reflect.DelegatingMethodAccessorImpl.invoke(DelegatingMethodAccessorImpl.java:43)
	at java.lang.reflect.Method.invoke(Method.java:616)
	at junit.framework.TestCase.runTest(TestCase.java:168)
	at junit.framework.TestCase.runBare(TestCase.java:134)
	at junit.framework.TestResult$1.protect(TestResult.java:110)
	at junit.framework.TestResult.runProtected(TestResult.java:128)
	at junit.framework.TestResult.run(TestResult.java:113)
	at junit.framework.TestCase.run(TestCase.java:124)
	at junit.framework.TestSuite.runTest(TestSuite.java:232)
	at junit.framework.TestSuite.run(TestSuite.java:227)
	at junit.framework.TestSuite.runTest(TestSuite.java:232)
	at junit.framework.TestSuite.run(TestSuite.java:227)
	at junit.framework.TestSuite.runTest(TestSuite.java:232)
	at junit.framework.TestSuite.run(TestSuite.java:227)
	at org.apache.tools.ant.taskdefs.optional.junit.JUnitTestRunner.run(JUnitTestRunner.java:420)
	at org.apache.tools.ant.taskdefs.optional.junit.JUnitTestRunner.launch(JUnitTestRunner.java:911)
	at org.apache.tools.ant.taskdefs.optional.junit.JUnitTestRunner.main(JUnitTestRunner.java:768)
Adding Deliverable To List
com.topcoder.util.config.UnknownNamespaceException: com.topcoder.util.log is unknown
	at com.topcoder.util.config.DefaultConfigManager.getPropertyObject(DefaultConfigManager.java:429)
	at com.topcoder.util.config.DefaultConfigManager.getString(DefaultConfigManager.java:449)
	at com.topcoder.util.log.LogFactory.getAttribute(LogFactory.java:224)
	at com.topcoder.util.log.basic.BasicLog.log(BasicLog.java:74)
	at com.topcoder.management.deliverable.PersistenceDeliverableManager.searchDeliverablesHelper(PersistenceDeliverableManager.java:302)
	at com.topcoder.management.deliverable.PersistenceDeliverableManager.searchDeliverables(PersistenceDeliverableManager.java:246)
	at com.topcoder.management.deliverable.accuracytests.PersistenceDeliverableManagerAccuracyTests.testSearchDeliverablesByPhaseId(PersistenceDeliverableManagerAccuracyTests.java:287)
	at sun.reflect.NativeMethodAccessorImpl.invoke0(Native Method)
	at sun.reflect.NativeMethodAccessorImpl.invoke(NativeMethodAccessorImpl.java:57)
	at sun.reflect.DelegatingMethodAccessorImpl.invoke(DelegatingMethodAccessorImpl.java:43)
	at java.lang.reflect.Method.invoke(Method.java:616)
	at junit.framework.TestCase.runTest(TestCase.java:168)
	at junit.framework.TestCase.runBare(TestCase.java:134)
	at junit.framework.TestResult$1.protect(TestResult.java:110)
	at junit.framework.TestResult.runProtected(TestResult.java:128)
	at junit.framework.TestResult.run(TestResult.java:113)
	at junit.framework.TestCase.run(TestCase.java:124)
	at junit.framework.TestSuite.runTest(TestSuite.java:232)
	at junit.framework.TestSuite.run(TestSuite.java:227)
	at junit.framework.TestSuite.runTest(TestSuite.java:232)
	at junit.framework.TestSuite.run(TestSuite.java:227)
	at junit.framework.TestSuite.runTest(TestSuite.java:232)
	at junit.framework.TestSuite.run(TestSuite.java:227)
	at org.apache.tools.ant.taskdefs.optional.junit.JUnitTestRunner.run(JUnitTestRunner.java:420)
	at org.apache.tools.ant.taskdefs.optional.junit.JUnitTestRunner.launch(JUnitTestRunner.java:911)
	at org.apache.tools.ant.taskdefs.optional.junit.JUnitTestRunner.main(JUnitTestRunner.java:768)
Loading Deliverable Array
com.topcoder.util.config.UnknownNamespaceException: com.topcoder.util.log is unknown
	at com.topcoder.util.config.DefaultConfigManager.getPropertyObject(DefaultConfigManager.java:429)
	at com.topcoder.util.config.DefaultConfigManager.getString(DefaultConfigManager.java:449)
	at com.topcoder.util.log.LogFactory.getAttribute(LogFactory.java:224)
	at com.topcoder.util.log.basic.BasicLog.log(BasicLog.java:74)
	at com.topcoder.management.deliverable.PersistenceDeliverableManager.searchDeliverablesHelper(PersistenceDeliverableManager.java:325)
	at com.topcoder.management.deliverable.PersistenceDeliverableManager.searchDeliverables(PersistenceDeliverableManager.java:246)
	at com.topcoder.management.deliverable.accuracytests.PersistenceDeliverableManagerAccuracyTests.testSearchDeliverablesByPhaseId(PersistenceDeliverableManagerAccuracyTests.java:287)
	at sun.reflect.NativeMethodAccessorImpl.invoke0(Native Method)
	at sun.reflect.NativeMethodAccessorImpl.invoke(NativeMethodAccessorImpl.java:57)
	at sun.reflect.DelegatingMethodAccessorImpl.invoke(DelegatingMethodAccessorImpl.java:43)
	at java.lang.reflect.Method.invoke(Method.java:616)
	at junit.framework.TestCase.runTest(TestCase.java:168)
	at junit.framework.TestCase.runBare(TestCase.java:134)
	at junit.framework.TestResult$1.protect(TestResult.java:110)
	at junit.framework.TestResult.runProtected(TestResult.java:128)
	at junit.framework.TestResult.run(TestResult.java:113)
	at junit.framework.TestCase.run(TestCase.java:124)
	at junit.framework.TestSuite.runTest(TestSuite.java:232)
	at junit.framework.TestSuite.run(TestSuite.java:227)
	at junit.framework.TestSuite.runTest(TestSuite.java:232)
	at junit.framework.TestSuite.run(TestSuite.java:227)
	at junit.framework.TestSuite.runTest(TestSuite.java:232)
	at junit.framework.TestSuite.run(TestSuite.java:227)
	at org.apache.tools.ant.taskdefs.optional.junit.JUnitTestRunner.run(JUnitTestRunner.java:420)
	at org.apache.tools.ant.taskdefs.optional.junit.JUnitTestRunner.launch(JUnitTestRunner.java:911)
	at org.apache.tools.ant.taskdefs.optional.junit.JUnitTestRunner.main(JUnitTestRunner.java:768)
Adding Deliverable To List
com.topcoder.util.config.UnknownNamespaceException: com.topcoder.util.log is unknown
	at com.topcoder.util.config.DefaultConfigManager.getPropertyObject(DefaultConfigManager.java:429)
	at com.topcoder.util.config.DefaultConfigManager.getString(DefaultConfigManager.java:449)
	at com.topcoder.util.log.LogFactory.getAttribute(LogFactory.java:224)
	at com.topcoder.util.log.basic.BasicLog.log(BasicLog.java:74)
	at com.topcoder.management.deliverable.PersistenceDeliverableManager.<init>(PersistenceDeliverableManager.java:157)
	at com.topcoder.management.deliverable.PersistenceDeliverableManager.<init>(PersistenceDeliverableManager.java:183)
	at com.topcoder.management.deliverable.accuracytests.PersistenceDeliverableManagerAccuracyTests.setUp(PersistenceDeliverableManagerAccuracyTests.java:122)
	at junit.framework.TestCase.runBare(TestCase.java:132)
	at junit.framework.TestResult$1.protect(TestResult.java:110)
	at junit.framework.TestResult.runProtected(TestResult.java:128)
	at junit.framework.TestResult.run(TestResult.java:113)
	at junit.framework.TestCase.run(TestCase.java:124)
	at junit.framework.TestSuite.runTest(TestSuite.java:232)
	at junit.framework.TestSuite.run(TestSuite.java:227)
	at junit.framework.TestSuite.runTest(TestSuite.java:232)
	at junit.framework.TestSuite.run(TestSuite.java:227)
	at junit.framework.TestSuite.runTest(TestSuite.java:232)
	at junit.framework.TestSuite.run(TestSuite.java:227)
	at org.apache.tools.ant.taskdefs.optional.junit.JUnitTestRunner.run(JUnitTestRunner.java:420)
	at org.apache.tools.ant.taskdefs.optional.junit.JUnitTestRunner.launch(JUnitTestRunner.java:911)
	at org.apache.tools.ant.taskdefs.optional.junit.JUnitTestRunner.main(JUnitTestRunner.java:768)
Instantiate PersistenceDeliverableManager with DeliverablePersistence, deliverableCheckers map,deliverableSearchBundle and submissionSearchBundle.
com.topcoder.util.config.UnknownNamespaceException: com.topcoder.util.log is unknown
	at com.topcoder.util.config.DefaultConfigManager.getPropertyObject(DefaultConfigManager.java:429)
	at com.topcoder.util.config.DefaultConfigManager.getString(DefaultConfigManager.java:449)
	at com.topcoder.util.log.LogFactory.getAttribute(LogFactory.java:224)
	at com.topcoder.util.log.basic.BasicLog.log(BasicLog.java:74)
	at com.topcoder.management.deliverable.PersistenceDeliverableManager.searchDeliverables(PersistenceDeliverableManager.java:245)
	at com.topcoder.management.deliverable.accuracytests.PersistenceDeliverableManagerAccuracyTests.testSearchDeliverablesByResourceRoleId(PersistenceDeliverableManagerAccuracyTests.java:316)
	at sun.reflect.NativeMethodAccessorImpl.invoke0(Native Method)
	at sun.reflect.NativeMethodAccessorImpl.invoke(NativeMethodAccessorImpl.java:57)
	at sun.reflect.DelegatingMethodAccessorImpl.invoke(DelegatingMethodAccessorImpl.java:43)
	at java.lang.reflect.Method.invoke(Method.java:616)
	at junit.framework.TestCase.runTest(TestCase.java:168)
	at junit.framework.TestCase.runBare(TestCase.java:134)
	at junit.framework.TestResult$1.protect(TestResult.java:110)
	at junit.framework.TestResult.runProtected(TestResult.java:128)
	at junit.framework.TestResult.run(TestResult.java:113)
	at junit.framework.TestCase.run(TestCase.java:124)
	at junit.framework.TestSuite.runTest(TestSuite.java:232)
	at junit.framework.TestSuite.run(TestSuite.java:227)
	at junit.framework.TestSuite.runTest(TestSuite.java:232)
	at junit.framework.TestSuite.run(TestSuite.java:227)
	at junit.framework.TestSuite.runTest(TestSuite.java:232)
	at junit.framework.TestSuite.run(TestSuite.java:227)
	at org.apache.tools.ant.taskdefs.optional.junit.JUnitTestRunner.run(JUnitTestRunner.java:420)
	at org.apache.tools.ant.taskdefs.optional.junit.JUnitTestRunner.launch(JUnitTestRunner.java:911)
	at org.apache.tools.ant.taskdefs.optional.junit.JUnitTestRunner.main(JUnitTestRunner.java:768)
Search deliverables filter.
com.topcoder.util.config.UnknownNamespaceException: com.topcoder.util.log is unknown
	at com.topcoder.util.config.DefaultConfigManager.getPropertyObject(DefaultConfigManager.java:429)
	at com.topcoder.util.config.DefaultConfigManager.getString(DefaultConfigManager.java:449)
	at com.topcoder.util.log.LogFactory.getAttribute(LogFactory.java:224)
	at com.topcoder.util.log.basic.BasicLog.log(BasicLog.java:74)
	at com.topcoder.management.deliverable.DeliverableHelper.checkAndGetCustomResultSetValidDeliverable(DeliverableHelper.java:156)
	at com.topcoder.management.deliverable.PersistenceDeliverableManager.searchDeliverablesHelper(PersistenceDeliverableManager.java:284)
	at com.topcoder.management.deliverable.PersistenceDeliverableManager.searchDeliverables(PersistenceDeliverableManager.java:246)
	at com.topcoder.management.deliverable.accuracytests.PersistenceDeliverableManagerAccuracyTests.testSearchDeliverablesByResourceRoleId(PersistenceDeliverableManagerAccuracyTests.java:316)
	at sun.reflect.NativeMethodAccessorImpl.invoke0(Native Method)
	at sun.reflect.NativeMethodAccessorImpl.invoke(NativeMethodAccessorImpl.java:57)
	at sun.reflect.DelegatingMethodAccessorImpl.invoke(DelegatingMethodAccessorImpl.java:43)
	at java.lang.reflect.Method.invoke(Method.java:616)
	at junit.framework.TestCase.runTest(TestCase.java:168)
	at junit.framework.TestCase.runBare(TestCase.java:134)
	at junit.framework.TestResult$1.protect(TestResult.java:110)
	at junit.framework.TestResult.runProtected(TestResult.java:128)
	at junit.framework.TestResult.run(TestResult.java:113)
	at junit.framework.TestCase.run(TestCase.java:124)
	at junit.framework.TestSuite.runTest(TestSuite.java:232)
	at junit.framework.TestSuite.run(TestSuite.java:227)
	at junit.framework.TestSuite.runTest(TestSuite.java:232)
	at junit.framework.TestSuite.run(TestSuite.java:227)
	at junit.framework.TestSuite.runTest(TestSuite.java:232)
	at junit.framework.TestSuite.run(TestSuite.java:227)
	at org.apache.tools.ant.taskdefs.optional.junit.JUnitTestRunner.run(JUnitTestRunner.java:420)
	at org.apache.tools.ant.taskdefs.optional.junit.JUnitTestRunner.launch(JUnitTestRunner.java:911)
	at org.apache.tools.ant.taskdefs.optional.junit.JUnitTestRunner.main(JUnitTestRunner.java:768)
CustomResultSet Records: 2
com.topcoder.util.config.UnknownNamespaceException: com.topcoder.util.log is unknown
	at com.topcoder.util.config.DefaultConfigManager.getPropertyObject(DefaultConfigManager.java:429)
	at com.topcoder.util.config.DefaultConfigManager.getString(DefaultConfigManager.java:449)
	at com.topcoder.util.log.LogFactory.getAttribute(LogFactory.java:224)
	at com.topcoder.util.log.basic.BasicLog.log(BasicLog.java:74)
	at com.topcoder.management.deliverable.PersistenceDeliverableManager.searchDeliverablesHelper(PersistenceDeliverableManager.java:289)
	at com.topcoder.management.deliverable.PersistenceDeliverableManager.searchDeliverables(PersistenceDeliverableManager.java:246)
	at com.topcoder.management.deliverable.accuracytests.PersistenceDeliverableManagerAccuracyTests.testSearchDeliverablesByResourceRoleId(PersistenceDeliverableManagerAccuracyTests.java:316)
	at sun.reflect.NativeMethodAccessorImpl.invoke0(Native Method)
	at sun.reflect.NativeMethodAccessorImpl.invoke(NativeMethodAccessorImpl.java:57)
	at sun.reflect.DelegatingMethodAccessorImpl.invoke(DelegatingMethodAccessorImpl.java:43)
	at java.lang.reflect.Method.invoke(Method.java:616)
	at junit.framework.TestCase.runTest(TestCase.java:168)
	at junit.framework.TestCase.runBare(TestCase.java:134)
	at junit.framework.TestResult$1.protect(TestResult.java:110)
	at junit.framework.TestResult.runProtected(TestResult.java:128)
	at junit.framework.TestResult.run(TestResult.java:113)
	at junit.framework.TestCase.run(TestCase.java:124)
	at junit.framework.TestSuite.runTest(TestSuite.java:232)
	at junit.framework.TestSuite.run(TestSuite.java:227)
	at junit.framework.TestSuite.runTest(TestSuite.java:232)
	at junit.framework.TestSuite.run(TestSuite.java:227)
	at junit.framework.TestSuite.runTest(TestSuite.java:232)
	at junit.framework.TestSuite.run(TestSuite.java:227)
	at org.apache.tools.ant.taskdefs.optional.junit.JUnitTestRunner.run(JUnitTestRunner.java:420)
	at org.apache.tools.ant.taskdefs.optional.junit.JUnitTestRunner.launch(JUnitTestRunner.java:911)
	at org.apache.tools.ant.taskdefs.optional.junit.JUnitTestRunner.main(JUnitTestRunner.java:768)
Deliverable Id Array: 3, 2
com.topcoder.util.config.UnknownNamespaceException: com.topcoder.util.log is unknown
	at com.topcoder.util.config.DefaultConfigManager.getPropertyObject(DefaultConfigManager.java:429)
	at com.topcoder.util.config.DefaultConfigManager.getString(DefaultConfigManager.java:449)
	at com.topcoder.util.log.LogFactory.getAttribute(LogFactory.java:224)
	at com.topcoder.util.log.basic.BasicLog.log(BasicLog.java:74)
	at com.topcoder.management.deliverable.PersistenceDeliverableManager.searchDeliverablesHelper(PersistenceDeliverableManager.java:302)
	at com.topcoder.management.deliverable.PersistenceDeliverableManager.searchDeliverables(PersistenceDeliverableManager.java:246)
	at com.topcoder.management.deliverable.accuracytests.PersistenceDeliverableManagerAccuracyTests.testSearchDeliverablesByResourceRoleId(PersistenceDeliverableManagerAccuracyTests.java:316)
	at sun.reflect.NativeMethodAccessorImpl.invoke0(Native Method)
	at sun.reflect.NativeMethodAccessorImpl.invoke(NativeMethodAccessorImpl.java:57)
	at sun.reflect.DelegatingMethodAccessorImpl.invoke(DelegatingMethodAccessorImpl.java:43)
	at java.lang.reflect.Method.invoke(Method.java:616)
	at junit.framework.TestCase.runTest(TestCase.java:168)
	at junit.framework.TestCase.runBare(TestCase.java:134)
	at junit.framework.TestResult$1.protect(TestResult.java:110)
	at junit.framework.TestResult.runProtected(TestResult.java:128)
	at junit.framework.TestResult.run(TestResult.java:113)
	at junit.framework.TestCase.run(TestCase.java:124)
	at junit.framework.TestSuite.runTest(TestSuite.java:232)
	at junit.framework.TestSuite.run(TestSuite.java:227)
	at junit.framework.TestSuite.runTest(TestSuite.java:232)
	at junit.framework.TestSuite.run(TestSuite.java:227)
	at junit.framework.TestSuite.runTest(TestSuite.java:232)
	at junit.framework.TestSuite.run(TestSuite.java:227)
	at org.apache.tools.ant.taskdefs.optional.junit.JUnitTestRunner.run(JUnitTestRunner.java:420)
	at org.apache.tools.ant.taskdefs.optional.junit.JUnitTestRunner.launch(JUnitTestRunner.java:911)
	at org.apache.tools.ant.taskdefs.optional.junit.JUnitTestRunner.main(JUnitTestRunner.java:768)
Loading Deliverable Array
com.topcoder.util.config.UnknownNamespaceException: com.topcoder.util.log is unknown
	at com.topcoder.util.config.DefaultConfigManager.getPropertyObject(DefaultConfigManager.java:429)
	at com.topcoder.util.config.DefaultConfigManager.getString(DefaultConfigManager.java:449)
	at com.topcoder.util.log.LogFactory.getAttribute(LogFactory.java:224)
	at com.topcoder.util.log.basic.BasicLog.log(BasicLog.java:74)
	at com.topcoder.management.deliverable.PersistenceDeliverableManager.searchDeliverablesHelper(PersistenceDeliverableManager.java:325)
	at com.topcoder.management.deliverable.PersistenceDeliverableManager.searchDeliverables(PersistenceDeliverableManager.java:246)
	at com.topcoder.management.deliverable.accuracytests.PersistenceDeliverableManagerAccuracyTests.testSearchDeliverablesByResourceRoleId(PersistenceDeliverableManagerAccuracyTests.java:316)
	at sun.reflect.NativeMethodAccessorImpl.invoke0(Native Method)
	at sun.reflect.NativeMethodAccessorImpl.invoke(NativeMethodAccessorImpl.java:57)
	at sun.reflect.DelegatingMethodAccessorImpl.invoke(DelegatingMethodAccessorImpl.java:43)
	at java.lang.reflect.Method.invoke(Method.java:616)
	at junit.framework.TestCase.runTest(TestCase.java:168)
	at junit.framework.TestCase.runBare(TestCase.java:134)
	at junit.framework.TestResult$1.protect(TestResult.java:110)
	at junit.framework.TestResult.runProtected(TestResult.java:128)
	at junit.framework.TestResult.run(TestResult.java:113)
	at junit.framework.TestCase.run(TestCase.java:124)
	at junit.framework.TestSuite.runTest(TestSuite.java:232)
	at junit.framework.TestSuite.run(TestSuite.java:227)
	at junit.framework.TestSuite.runTest(TestSuite.java:232)
	at junit.framework.TestSuite.run(TestSuite.java:227)
	at junit.framework.TestSuite.runTest(TestSuite.java:232)
	at junit.framework.TestSuite.run(TestSuite.java:227)
	at org.apache.tools.ant.taskdefs.optional.junit.JUnitTestRunner.run(JUnitTestRunner.java:420)
	at org.apache.tools.ant.taskdefs.optional.junit.JUnitTestRunner.launch(JUnitTestRunner.java:911)
	at org.apache.tools.ant.taskdefs.optional.junit.JUnitTestRunner.main(JUnitTestRunner.java:768)
Adding Deliverable To List
com.topcoder.util.config.UnknownNamespaceException: com.topcoder.util.log is unknown
	at com.topcoder.util.config.DefaultConfigManager.getPropertyObject(DefaultConfigManager.java:429)
	at com.topcoder.util.config.DefaultConfigManager.getString(DefaultConfigManager.java:449)
	at com.topcoder.util.log.LogFactory.getAttribute(LogFactory.java:224)
	at com.topcoder.util.log.basic.BasicLog.log(BasicLog.java:74)
	at com.topcoder.management.deliverable.PersistenceDeliverableManager.searchDeliverablesHelper(PersistenceDeliverableManager.java:302)
	at com.topcoder.management.deliverable.PersistenceDeliverableManager.searchDeliverables(PersistenceDeliverableManager.java:246)
	at com.topcoder.management.deliverable.accuracytests.PersistenceDeliverableManagerAccuracyTests.testSearchDeliverablesByResourceRoleId(PersistenceDeliverableManagerAccuracyTests.java:316)
	at sun.reflect.NativeMethodAccessorImpl.invoke0(Native Method)
	at sun.reflect.NativeMethodAccessorImpl.invoke(NativeMethodAccessorImpl.java:57)
	at sun.reflect.DelegatingMethodAccessorImpl.invoke(DelegatingMethodAccessorImpl.java:43)
	at java.lang.reflect.Method.invoke(Method.java:616)
	at junit.framework.TestCase.runTest(TestCase.java:168)
	at junit.framework.TestCase.runBare(TestCase.java:134)
	at junit.framework.TestResult$1.protect(TestResult.java:110)
	at junit.framework.TestResult.runProtected(TestResult.java:128)
	at junit.framework.TestResult.run(TestResult.java:113)
	at junit.framework.TestCase.run(TestCase.java:124)
	at junit.framework.TestSuite.runTest(TestSuite.java:232)
	at junit.framework.TestSuite.run(TestSuite.java:227)
	at junit.framework.TestSuite.runTest(TestSuite.java:232)
	at junit.framework.TestSuite.run(TestSuite.java:227)
	at junit.framework.TestSuite.runTest(TestSuite.java:232)
	at junit.framework.TestSuite.run(TestSuite.java:227)
	at org.apache.tools.ant.taskdefs.optional.junit.JUnitTestRunner.run(JUnitTestRunner.java:420)
	at org.apache.tools.ant.taskdefs.optional.junit.JUnitTestRunner.launch(JUnitTestRunner.java:911)
	at org.apache.tools.ant.taskdefs.optional.junit.JUnitTestRunner.main(JUnitTestRunner.java:768)
Loading Deliverable Array
com.topcoder.util.config.UnknownNamespaceException: com.topcoder.util.log is unknown
	at com.topcoder.util.config.DefaultConfigManager.getPropertyObject(DefaultConfigManager.java:429)
	at com.topcoder.util.config.DefaultConfigManager.getString(DefaultConfigManager.java:449)
	at com.topcoder.util.log.LogFactory.getAttribute(LogFactory.java:224)
	at com.topcoder.util.log.basic.BasicLog.log(BasicLog.java:74)
	at com.topcoder.management.deliverable.PersistenceDeliverableManager.searchDeliverablesHelper(PersistenceDeliverableManager.java:325)
	at com.topcoder.management.deliverable.PersistenceDeliverableManager.searchDeliverables(PersistenceDeliverableManager.java:246)
	at com.topcoder.management.deliverable.accuracytests.PersistenceDeliverableManagerAccuracyTests.testSearchDeliverablesByResourceRoleId(PersistenceDeliverableManagerAccuracyTests.java:316)
	at sun.reflect.NativeMethodAccessorImpl.invoke0(Native Method)
	at sun.reflect.NativeMethodAccessorImpl.invoke(NativeMethodAccessorImpl.java:57)
	at sun.reflect.DelegatingMethodAccessorImpl.invoke(DelegatingMethodAccessorImpl.java:43)
	at java.lang.reflect.Method.invoke(Method.java:616)
	at junit.framework.TestCase.runTest(TestCase.java:168)
	at junit.framework.TestCase.runBare(TestCase.java:134)
	at junit.framework.TestResult$1.protect(TestResult.java:110)
	at junit.framework.TestResult.runProtected(TestResult.java:128)
	at junit.framework.TestResult.run(TestResult.java:113)
	at junit.framework.TestCase.run(TestCase.java:124)
	at junit.framework.TestSuite.runTest(TestSuite.java:232)
	at junit.framework.TestSuite.run(TestSuite.java:227)
	at junit.framework.TestSuite.runTest(TestSuite.java:232)
	at junit.framework.TestSuite.run(TestSuite.java:227)
	at junit.framework.TestSuite.runTest(TestSuite.java:232)
	at junit.framework.TestSuite.run(TestSuite.java:227)
	at org.apache.tools.ant.taskdefs.optional.junit.JUnitTestRunner.run(JUnitTestRunner.java:420)
	at org.apache.tools.ant.taskdefs.optional.junit.JUnitTestRunner.launch(JUnitTestRunner.java:911)
	at org.apache.tools.ant.taskdefs.optional.junit.JUnitTestRunner.main(JUnitTestRunner.java:768)
Adding Deliverable To List
com.topcoder.util.config.UnknownNamespaceException: com.topcoder.util.log is unknown
	at com.topcoder.util.config.DefaultConfigManager.getPropertyObject(DefaultConfigManager.java:429)
	at com.topcoder.util.config.DefaultConfigManager.getString(DefaultConfigManager.java:449)
	at com.topcoder.util.log.LogFactory.getAttribute(LogFactory.java:224)
	at com.topcoder.util.log.basic.BasicLog.log(BasicLog.java:74)
	at com.topcoder.management.deliverable.PersistenceDeliverableManager.<init>(PersistenceDeliverableManager.java:157)
	at com.topcoder.management.deliverable.PersistenceDeliverableManager.<init>(PersistenceDeliverableManager.java:183)
	at com.topcoder.management.deliverable.accuracytests.PersistenceDeliverableManagerAccuracyTests.setUp(PersistenceDeliverableManagerAccuracyTests.java:122)
	at junit.framework.TestCase.runBare(TestCase.java:132)
	at junit.framework.TestResult$1.protect(TestResult.java:110)
	at junit.framework.TestResult.runProtected(TestResult.java:128)
	at junit.framework.TestResult.run(TestResult.java:113)
	at junit.framework.TestCase.run(TestCase.java:124)
	at junit.framework.TestSuite.runTest(TestSuite.java:232)
	at junit.framework.TestSuite.run(TestSuite.java:227)
	at junit.framework.TestSuite.runTest(TestSuite.java:232)
	at junit.framework.TestSuite.run(TestSuite.java:227)
	at junit.framework.TestSuite.runTest(TestSuite.java:232)
	at junit.framework.TestSuite.run(TestSuite.java:227)
	at org.apache.tools.ant.taskdefs.optional.junit.JUnitTestRunner.run(JUnitTestRunner.java:420)
	at org.apache.tools.ant.taskdefs.optional.junit.JUnitTestRunner.launch(JUnitTestRunner.java:911)
	at org.apache.tools.ant.taskdefs.optional.junit.JUnitTestRunner.main(JUnitTestRunner.java:768)
Instantiate PersistenceDeliverableManager with DeliverablePersistence, deliverableCheckers map,deliverableSearchBundle and submissionSearchBundle.
com.topcoder.util.config.UnknownNamespaceException: com.topcoder.util.log is unknown
	at com.topcoder.util.config.DefaultConfigManager.getPropertyObject(DefaultConfigManager.java:429)
	at com.topcoder.util.config.DefaultConfigManager.getString(DefaultConfigManager.java:449)
	at com.topcoder.util.log.LogFactory.getAttribute(LogFactory.java:224)
	at com.topcoder.util.log.basic.BasicLog.log(BasicLog.java:74)
	at com.topcoder.management.deliverable.PersistenceDeliverableManager.searchDeliverables(PersistenceDeliverableManager.java:245)
	at com.topcoder.management.deliverable.accuracytests.PersistenceDeliverableManagerAccuracyTests.testSearchDeliverablesByRequired(PersistenceDeliverableManagerAccuracyTests.java:345)
	at sun.reflect.NativeMethodAccessorImpl.invoke0(Native Method)
	at sun.reflect.NativeMethodAccessorImpl.invoke(NativeMethodAccessorImpl.java:57)
	at sun.reflect.DelegatingMethodAccessorImpl.invoke(DelegatingMethodAccessorImpl.java:43)
	at java.lang.reflect.Method.invoke(Method.java:616)
	at junit.framework.TestCase.runTest(TestCase.java:168)
	at junit.framework.TestCase.runBare(TestCase.java:134)
	at junit.framework.TestResult$1.protect(TestResult.java:110)
	at junit.framework.TestResult.runProtected(TestResult.java:128)
	at junit.framework.TestResult.run(TestResult.java:113)
	at junit.framework.TestCase.run(TestCase.java:124)
	at junit.framework.TestSuite.runTest(TestSuite.java:232)
	at junit.framework.TestSuite.run(TestSuite.java:227)
	at junit.framework.TestSuite.runTest(TestSuite.java:232)
	at junit.framework.TestSuite.run(TestSuite.java:227)
	at junit.framework.TestSuite.runTest(TestSuite.java:232)
	at junit.framework.TestSuite.run(TestSuite.java:227)
	at org.apache.tools.ant.taskdefs.optional.junit.JUnitTestRunner.run(JUnitTestRunner.java:420)
	at org.apache.tools.ant.taskdefs.optional.junit.JUnitTestRunner.launch(JUnitTestRunner.java:911)
	at org.apache.tools.ant.taskdefs.optional.junit.JUnitTestRunner.main(JUnitTestRunner.java:768)
Search deliverables filter.
com.topcoder.util.config.UnknownNamespaceException: com.topcoder.util.log is unknown
	at com.topcoder.util.config.DefaultConfigManager.getPropertyObject(DefaultConfigManager.java:429)
	at com.topcoder.util.config.DefaultConfigManager.getString(DefaultConfigManager.java:449)
	at com.topcoder.util.log.LogFactory.getAttribute(LogFactory.java:224)
	at com.topcoder.util.log.basic.BasicLog.log(BasicLog.java:74)
	at com.topcoder.management.deliverable.DeliverableHelper.checkAndGetCustomResultSetValidDeliverable(DeliverableHelper.java:156)
	at com.topcoder.management.deliverable.PersistenceDeliverableManager.searchDeliverablesHelper(PersistenceDeliverableManager.java:284)
	at com.topcoder.management.deliverable.PersistenceDeliverableManager.searchDeliverables(PersistenceDeliverableManager.java:246)
	at com.topcoder.management.deliverable.accuracytests.PersistenceDeliverableManagerAccuracyTests.testSearchDeliverablesByRequired(PersistenceDeliverableManagerAccuracyTests.java:345)
	at sun.reflect.NativeMethodAccessorImpl.invoke0(Native Method)
	at sun.reflect.NativeMethodAccessorImpl.invoke(NativeMethodAccessorImpl.java:57)
	at sun.reflect.DelegatingMethodAccessorImpl.invoke(DelegatingMethodAccessorImpl.java:43)
	at java.lang.reflect.Method.invoke(Method.java:616)
	at junit.framework.TestCase.runTest(TestCase.java:168)
	at junit.framework.TestCase.runBare(TestCase.java:134)
	at junit.framework.TestResult$1.protect(TestResult.java:110)
	at junit.framework.TestResult.runProtected(TestResult.java:128)
	at junit.framework.TestResult.run(TestResult.java:113)
	at junit.framework.TestCase.run(TestCase.java:124)
	at junit.framework.TestSuite.runTest(TestSuite.java:232)
	at junit.framework.TestSuite.run(TestSuite.java:227)
	at junit.framework.TestSuite.runTest(TestSuite.java:232)
	at junit.framework.TestSuite.run(TestSuite.java:227)
	at junit.framework.TestSuite.runTest(TestSuite.java:232)
	at junit.framework.TestSuite.run(TestSuite.java:227)
	at org.apache.tools.ant.taskdefs.optional.junit.JUnitTestRunner.run(JUnitTestRunner.java:420)
	at org.apache.tools.ant.taskdefs.optional.junit.JUnitTestRunner.launch(JUnitTestRunner.java:911)
	at org.apache.tools.ant.taskdefs.optional.junit.JUnitTestRunner.main(JUnitTestRunner.java:768)
CustomResultSet Records: 1
com.topcoder.util.config.UnknownNamespaceException: com.topcoder.util.log is unknown
	at com.topcoder.util.config.DefaultConfigManager.getPropertyObject(DefaultConfigManager.java:429)
	at com.topcoder.util.config.DefaultConfigManager.getString(DefaultConfigManager.java:449)
	at com.topcoder.util.log.LogFactory.getAttribute(LogFactory.java:224)
	at com.topcoder.util.log.basic.BasicLog.log(BasicLog.java:74)
	at com.topcoder.management.deliverable.PersistenceDeliverableManager.searchDeliverablesHelper(PersistenceDeliverableManager.java:289)
	at com.topcoder.management.deliverable.PersistenceDeliverableManager.searchDeliverables(PersistenceDeliverableManager.java:246)
	at com.topcoder.management.deliverable.accuracytests.PersistenceDeliverableManagerAccuracyTests.testSearchDeliverablesByRequired(PersistenceDeliverableManagerAccuracyTests.java:345)
	at sun.reflect.NativeMethodAccessorImpl.invoke0(Native Method)
	at sun.reflect.NativeMethodAccessorImpl.invoke(NativeMethodAccessorImpl.java:57)
	at sun.reflect.DelegatingMethodAccessorImpl.invoke(DelegatingMethodAccessorImpl.java:43)
	at java.lang.reflect.Method.invoke(Method.java:616)
	at junit.framework.TestCase.runTest(TestCase.java:168)
	at junit.framework.TestCase.runBare(TestCase.java:134)
	at junit.framework.TestResult$1.protect(TestResult.java:110)
	at junit.framework.TestResult.runProtected(TestResult.java:128)
	at junit.framework.TestResult.run(TestResult.java:113)
	at junit.framework.TestCase.run(TestCase.java:124)
	at junit.framework.TestSuite.runTest(TestSuite.java:232)
	at junit.framework.TestSuite.run(TestSuite.java:227)
	at junit.framework.TestSuite.runTest(TestSuite.java:232)
	at junit.framework.TestSuite.run(TestSuite.java:227)
	at junit.framework.TestSuite.runTest(TestSuite.java:232)
	at junit.framework.TestSuite.run(TestSuite.java:227)
	at org.apache.tools.ant.taskdefs.optional.junit.JUnitTestRunner.run(JUnitTestRunner.java:420)
	at org.apache.tools.ant.taskdefs.optional.junit.JUnitTestRunner.launch(JUnitTestRunner.java:911)
	at org.apache.tools.ant.taskdefs.optional.junit.JUnitTestRunner.main(JUnitTestRunner.java:768)
Deliverable Id Array: 3, 1
com.topcoder.util.config.UnknownNamespaceException: com.topcoder.util.log is unknown
	at com.topcoder.util.config.DefaultConfigManager.getPropertyObject(DefaultConfigManager.java:429)
	at com.topcoder.util.config.DefaultConfigManager.getString(DefaultConfigManager.java:449)
	at com.topcoder.util.log.LogFactory.getAttribute(LogFactory.java:224)
	at com.topcoder.util.log.basic.BasicLog.log(BasicLog.java:74)
	at com.topcoder.management.deliverable.PersistenceDeliverableManager.searchDeliverablesHelper(PersistenceDeliverableManager.java:302)
	at com.topcoder.management.deliverable.PersistenceDeliverableManager.searchDeliverables(PersistenceDeliverableManager.java:246)
	at com.topcoder.management.deliverable.accuracytests.PersistenceDeliverableManagerAccuracyTests.testSearchDeliverablesByRequired(PersistenceDeliverableManagerAccuracyTests.java:345)
	at sun.reflect.NativeMethodAccessorImpl.invoke0(Native Method)
	at sun.reflect.NativeMethodAccessorImpl.invoke(NativeMethodAccessorImpl.java:57)
	at sun.reflect.DelegatingMethodAccessorImpl.invoke(DelegatingMethodAccessorImpl.java:43)
	at java.lang.reflect.Method.invoke(Method.java:616)
	at junit.framework.TestCase.runTest(TestCase.java:168)
	at junit.framework.TestCase.runBare(TestCase.java:134)
	at junit.framework.TestResult$1.protect(TestResult.java:110)
	at junit.framework.TestResult.runProtected(TestResult.java:128)
	at junit.framework.TestResult.run(TestResult.java:113)
	at junit.framework.TestCase.run(TestCase.java:124)
	at junit.framework.TestSuite.runTest(TestSuite.java:232)
	at junit.framework.TestSuite.run(TestSuite.java:227)
	at junit.framework.TestSuite.runTest(TestSuite.java:232)
	at junit.framework.TestSuite.run(TestSuite.java:227)
	at junit.framework.TestSuite.runTest(TestSuite.java:232)
	at junit.framework.TestSuite.run(TestSuite.java:227)
	at org.apache.tools.ant.taskdefs.optional.junit.JUnitTestRunner.run(JUnitTestRunner.java:420)
	at org.apache.tools.ant.taskdefs.optional.junit.JUnitTestRunner.launch(JUnitTestRunner.java:911)
	at org.apache.tools.ant.taskdefs.optional.junit.JUnitTestRunner.main(JUnitTestRunner.java:768)
Loading Deliverable Array
com.topcoder.util.config.UnknownNamespaceException: com.topcoder.util.log is unknown
	at com.topcoder.util.config.DefaultConfigManager.getPropertyObject(DefaultConfigManager.java:429)
	at com.topcoder.util.config.DefaultConfigManager.getString(DefaultConfigManager.java:449)
	at com.topcoder.util.log.LogFactory.getAttribute(LogFactory.java:224)
	at com.topcoder.util.log.basic.BasicLog.log(BasicLog.java:74)
	at com.topcoder.management.deliverable.PersistenceDeliverableManager.searchDeliverablesHelper(PersistenceDeliverableManager.java:325)
	at com.topcoder.management.deliverable.PersistenceDeliverableManager.searchDeliverables(PersistenceDeliverableManager.java:246)
	at com.topcoder.management.deliverable.accuracytests.PersistenceDeliverableManagerAccuracyTests.testSearchDeliverablesByRequired(PersistenceDeliverableManagerAccuracyTests.java:345)
	at sun.reflect.NativeMethodAccessorImpl.invoke0(Native Method)
	at sun.reflect.NativeMethodAccessorImpl.invoke(NativeMethodAccessorImpl.java:57)
	at sun.reflect.DelegatingMethodAccessorImpl.invoke(DelegatingMethodAccessorImpl.java:43)
	at java.lang.reflect.Method.invoke(Method.java:616)
	at junit.framework.TestCase.runTest(TestCase.java:168)
	at junit.framework.TestCase.runBare(TestCase.java:134)
	at junit.framework.TestResult$1.protect(TestResult.java:110)
	at junit.framework.TestResult.runProtected(TestResult.java:128)
	at junit.framework.TestResult.run(TestResult.java:113)
	at junit.framework.TestCase.run(TestCase.java:124)
	at junit.framework.TestSuite.runTest(TestSuite.java:232)
	at junit.framework.TestSuite.run(TestSuite.java:227)
	at junit.framework.TestSuite.runTest(TestSuite.java:232)
	at junit.framework.TestSuite.run(TestSuite.java:227)
	at junit.framework.TestSuite.runTest(TestSuite.java:232)
	at junit.framework.TestSuite.run(TestSuite.java:227)
	at org.apache.tools.ant.taskdefs.optional.junit.JUnitTestRunner.run(JUnitTestRunner.java:420)
	at org.apache.tools.ant.taskdefs.optional.junit.JUnitTestRunner.launch(JUnitTestRunner.java:911)
	at org.apache.tools.ant.taskdefs.optional.junit.JUnitTestRunner.main(JUnitTestRunner.java:768)
Adding Deliverable To List
com.topcoder.util.config.UnknownNamespaceException: com.topcoder.util.log is unknown
	at com.topcoder.util.config.DefaultConfigManager.getPropertyObject(DefaultConfigManager.java:429)
	at com.topcoder.util.config.DefaultConfigManager.getString(DefaultConfigManager.java:449)
	at com.topcoder.util.log.LogFactory.getAttribute(LogFactory.java:224)
	at com.topcoder.util.log.basic.BasicLog.log(BasicLog.java:74)
	at com.topcoder.management.deliverable.PersistenceDeliverableManager.<init>(PersistenceDeliverableManager.java:157)
	at com.topcoder.management.deliverable.PersistenceDeliverableManager.<init>(PersistenceDeliverableManager.java:183)
	at com.topcoder.management.deliverable.accuracytests.PersistenceDeliverableManagerAccuracyTests.setUp(PersistenceDeliverableManagerAccuracyTests.java:122)
	at junit.framework.TestCase.runBare(TestCase.java:132)
	at junit.framework.TestResult$1.protect(TestResult.java:110)
	at junit.framework.TestResult.runProtected(TestResult.java:128)
	at junit.framework.TestResult.run(TestResult.java:113)
	at junit.framework.TestCase.run(TestCase.java:124)
	at junit.framework.TestSuite.runTest(TestSuite.java:232)
	at junit.framework.TestSuite.run(TestSuite.java:227)
	at junit.framework.TestSuite.runTest(TestSuite.java:232)
	at junit.framework.TestSuite.run(TestSuite.java:227)
	at junit.framework.TestSuite.runTest(TestSuite.java:232)
	at junit.framework.TestSuite.run(TestSuite.java:227)
	at org.apache.tools.ant.taskdefs.optional.junit.JUnitTestRunner.run(JUnitTestRunner.java:420)
	at org.apache.tools.ant.taskdefs.optional.junit.JUnitTestRunner.launch(JUnitTestRunner.java:911)
	at org.apache.tools.ant.taskdefs.optional.junit.JUnitTestRunner.main(JUnitTestRunner.java:768)
Instantiate PersistenceDeliverableManager with DeliverablePersistence, deliverableCheckers map,deliverableSearchBundle and submissionSearchBundle.
com.topcoder.util.config.UnknownNamespaceException: com.topcoder.util.log is unknown
	at com.topcoder.util.config.DefaultConfigManager.getPropertyObject(DefaultConfigManager.java:429)
	at com.topcoder.util.config.DefaultConfigManager.getString(DefaultConfigManager.java:449)
	at com.topcoder.util.log.LogFactory.getAttribute(LogFactory.java:224)
	at com.topcoder.util.log.basic.BasicLog.log(BasicLog.java:74)
	at com.topcoder.management.deliverable.PersistenceDeliverableManager.searchDeliverablesWithSubmissionFilter(PersistenceDeliverableManager.java:216)
	at com.topcoder.management.deliverable.accuracytests.PersistenceDeliverableManagerAccuracyTests.testSearchDeliverablesWithSubmissionFilterByDeliverableId(PersistenceDeliverableManagerAccuracyTests.java:374)
	at sun.reflect.NativeMethodAccessorImpl.invoke0(Native Method)
	at sun.reflect.NativeMethodAccessorImpl.invoke(NativeMethodAccessorImpl.java:57)
	at sun.reflect.DelegatingMethodAccessorImpl.invoke(DelegatingMethodAccessorImpl.java:43)
	at java.lang.reflect.Method.invoke(Method.java:616)
	at junit.framework.TestCase.runTest(TestCase.java:168)
	at junit.framework.TestCase.runBare(TestCase.java:134)
	at junit.framework.TestResult$1.protect(TestResult.java:110)
	at junit.framework.TestResult.runProtected(TestResult.java:128)
	at junit.framework.TestResult.run(TestResult.java:113)
	at junit.framework.TestCase.run(TestCase.java:124)
	at junit.framework.TestSuite.runTest(TestSuite.java:232)
	at junit.framework.TestSuite.run(TestSuite.java:227)
	at junit.framework.TestSuite.runTest(TestSuite.java:232)
	at junit.framework.TestSuite.run(TestSuite.java:227)
	at junit.framework.TestSuite.runTest(TestSuite.java:232)
	at junit.framework.TestSuite.run(TestSuite.java:227)
	at org.apache.tools.ant.taskdefs.optional.junit.JUnitTestRunner.run(JUnitTestRunner.java:420)
	at org.apache.tools.ant.taskdefs.optional.junit.JUnitTestRunner.launch(JUnitTestRunner.java:911)
	at org.apache.tools.ant.taskdefs.optional.junit.JUnitTestRunner.main(JUnitTestRunner.java:768)
search deliverables with submission filter.
com.topcoder.util.config.UnknownNamespaceException: com.topcoder.util.log is unknown
	at com.topcoder.util.config.DefaultConfigManager.getPropertyObject(DefaultConfigManager.java:429)
	at com.topcoder.util.config.DefaultConfigManager.getString(DefaultConfigManager.java:449)
	at com.topcoder.util.log.LogFactory.getAttribute(LogFactory.java:224)
	at com.topcoder.util.log.basic.BasicLog.log(BasicLog.java:74)
	at com.topcoder.management.deliverable.DeliverableHelper.checkAndGetCustomResultSetValidDeliverable(DeliverableHelper.java:156)
	at com.topcoder.management.deliverable.PersistenceDeliverableManager.searchDeliverablesHelper(PersistenceDeliverableManager.java:284)
	at com.topcoder.management.deliverable.PersistenceDeliverableManager.searchDeliverablesWithSubmissionFilter(PersistenceDeliverableManager.java:217)
	at com.topcoder.management.deliverable.accuracytests.PersistenceDeliverableManagerAccuracyTests.testSearchDeliverablesWithSubmissionFilterByDeliverableId(PersistenceDeliverableManagerAccuracyTests.java:374)
	at sun.reflect.NativeMethodAccessorImpl.invoke0(Native Method)
	at sun.reflect.NativeMethodAccessorImpl.invoke(NativeMethodAccessorImpl.java:57)
	at sun.reflect.DelegatingMethodAccessorImpl.invoke(DelegatingMethodAccessorImpl.java:43)
	at java.lang.reflect.Method.invoke(Method.java:616)
	at junit.framework.TestCase.runTest(TestCase.java:168)
	at junit.framework.TestCase.runBare(TestCase.java:134)
	at junit.framework.TestResult$1.protect(TestResult.java:110)
	at junit.framework.TestResult.runProtected(TestResult.java:128)
	at junit.framework.TestResult.run(TestResult.java:113)
	at junit.framework.TestCase.run(TestCase.java:124)
	at junit.framework.TestSuite.runTest(TestSuite.java:232)
	at junit.framework.TestSuite.run(TestSuite.java:227)
	at junit.framework.TestSuite.runTest(TestSuite.java:232)
	at junit.framework.TestSuite.run(TestSuite.java:227)
	at junit.framework.TestSuite.runTest(TestSuite.java:232)
	at junit.framework.TestSuite.run(TestSuite.java:227)
	at org.apache.tools.ant.taskdefs.optional.junit.JUnitTestRunner.run(JUnitTestRunner.java:420)
	at org.apache.tools.ant.taskdefs.optional.junit.JUnitTestRunner.launch(JUnitTestRunner.java:911)
	at org.apache.tools.ant.taskdefs.optional.junit.JUnitTestRunner.main(JUnitTestRunner.java:768)
CustomResultSet Records: 0
com.topcoder.util.config.UnknownNamespaceException: com.topcoder.util.log is unknown
	at com.topcoder.util.config.DefaultConfigManager.getPropertyObject(DefaultConfigManager.java:429)
	at com.topcoder.util.config.DefaultConfigManager.getString(DefaultConfigManager.java:449)
	at com.topcoder.util.log.LogFactory.getAttribute(LogFactory.java:224)
	at com.topcoder.util.log.basic.BasicLog.log(BasicLog.java:74)
	at com.topcoder.management.deliverable.PersistenceDeliverableManager.searchDeliverablesHelper(PersistenceDeliverableManager.java:289)
	at com.topcoder.management.deliverable.PersistenceDeliverableManager.searchDeliverablesWithSubmissionFilter(PersistenceDeliverableManager.java:217)
	at com.topcoder.management.deliverable.accuracytests.PersistenceDeliverableManagerAccuracyTests.testSearchDeliverablesWithSubmissionFilterByDeliverableId(PersistenceDeliverableManagerAccuracyTests.java:374)
	at sun.reflect.NativeMethodAccessorImpl.invoke0(Native Method)
	at sun.reflect.NativeMethodAccessorImpl.invoke(NativeMethodAccessorImpl.java:57)
	at sun.reflect.DelegatingMethodAccessorImpl.invoke(DelegatingMethodAccessorImpl.java:43)
	at java.lang.reflect.Method.invoke(Method.java:616)
	at junit.framework.TestCase.runTest(TestCase.java:168)
	at junit.framework.TestCase.runBare(TestCase.java:134)
	at junit.framework.TestResult$1.protect(TestResult.java:110)
	at junit.framework.TestResult.runProtected(TestResult.java:128)
	at junit.framework.TestResult.run(TestResult.java:113)
	at junit.framework.TestCase.run(TestCase.java:124)
	at junit.framework.TestSuite.runTest(TestSuite.java:232)
	at junit.framework.TestSuite.run(TestSuite.java:227)
	at junit.framework.TestSuite.runTest(TestSuite.java:232)
	at junit.framework.TestSuite.run(TestSuite.java:227)
	at junit.framework.TestSuite.runTest(TestSuite.java:232)
	at junit.framework.TestSuite.run(TestSuite.java:227)
	at org.apache.tools.ant.taskdefs.optional.junit.JUnitTestRunner.run(JUnitTestRunner.java:420)
	at org.apache.tools.ant.taskdefs.optional.junit.JUnitTestRunner.launch(JUnitTestRunner.java:911)
	at org.apache.tools.ant.taskdefs.optional.junit.JUnitTestRunner.main(JUnitTestRunner.java:768)
Deliverable Id Array: 4, 0
com.topcoder.util.config.UnknownNamespaceException: com.topcoder.util.log is unknown
	at com.topcoder.util.config.DefaultConfigManager.getPropertyObject(DefaultConfigManager.java:429)
	at com.topcoder.util.config.DefaultConfigManager.getString(DefaultConfigManager.java:449)
	at com.topcoder.util.log.LogFactory.getAttribute(LogFactory.java:224)
	at com.topcoder.util.log.basic.BasicLog.log(BasicLog.java:74)
	at com.topcoder.management.deliverable.PersistenceDeliverableManager.<init>(PersistenceDeliverableManager.java:157)
	at com.topcoder.management.deliverable.PersistenceDeliverableManager.<init>(PersistenceDeliverableManager.java:183)
	at com.topcoder.management.deliverable.accuracytests.PersistenceDeliverableManagerAccuracyTests.setUp(PersistenceDeliverableManagerAccuracyTests.java:122)
	at junit.framework.TestCase.runBare(TestCase.java:132)
	at junit.framework.TestResult$1.protect(TestResult.java:110)
	at junit.framework.TestResult.runProtected(TestResult.java:128)
	at junit.framework.TestResult.run(TestResult.java:113)
	at junit.framework.TestCase.run(TestCase.java:124)
	at junit.framework.TestSuite.runTest(TestSuite.java:232)
	at junit.framework.TestSuite.run(TestSuite.java:227)
	at junit.framework.TestSuite.runTest(TestSuite.java:232)
	at junit.framework.TestSuite.run(TestSuite.java:227)
	at junit.framework.TestSuite.runTest(TestSuite.java:232)
	at junit.framework.TestSuite.run(TestSuite.java:227)
	at org.apache.tools.ant.taskdefs.optional.junit.JUnitTestRunner.run(JUnitTestRunner.java:420)
	at org.apache.tools.ant.taskdefs.optional.junit.JUnitTestRunner.launch(JUnitTestRunner.java:911)
	at org.apache.tools.ant.taskdefs.optional.junit.JUnitTestRunner.main(JUnitTestRunner.java:768)
Instantiate PersistenceDeliverableManager with DeliverablePersistence, deliverableCheckers map,deliverableSearchBundle and submissionSearchBundle.
com.topcoder.util.config.UnknownNamespaceException: com.topcoder.util.log is unknown
	at com.topcoder.util.config.DefaultConfigManager.getPropertyObject(DefaultConfigManager.java:429)
	at com.topcoder.util.config.DefaultConfigManager.getString(DefaultConfigManager.java:449)
	at com.topcoder.util.log.LogFactory.getAttribute(LogFactory.java:224)
	at com.topcoder.util.log.basic.BasicLog.log(BasicLog.java:74)
	at com.topcoder.management.deliverable.PersistenceDeliverableManager.searchDeliverablesWithSubmissionFilter(PersistenceDeliverableManager.java:216)
	at com.topcoder.management.deliverable.accuracytests.PersistenceDeliverableManagerAccuracyTests.testSearchDeliverablesWithSubmissionFilterByName(PersistenceDeliverableManagerAccuracyTests.java:395)
	at sun.reflect.NativeMethodAccessorImpl.invoke0(Native Method)
	at sun.reflect.NativeMethodAccessorImpl.invoke(NativeMethodAccessorImpl.java:57)
	at sun.reflect.DelegatingMethodAccessorImpl.invoke(DelegatingMethodAccessorImpl.java:43)
	at java.lang.reflect.Method.invoke(Method.java:616)
	at junit.framework.TestCase.runTest(TestCase.java:168)
	at junit.framework.TestCase.runBare(TestCase.java:134)
	at junit.framework.TestResult$1.protect(TestResult.java:110)
	at junit.framework.TestResult.runProtected(TestResult.java:128)
	at junit.framework.TestResult.run(TestResult.java:113)
	at junit.framework.TestCase.run(TestCase.java:124)
	at junit.framework.TestSuite.runTest(TestSuite.java:232)
	at junit.framework.TestSuite.run(TestSuite.java:227)
	at junit.framework.TestSuite.runTest(TestSuite.java:232)
	at junit.framework.TestSuite.run(TestSuite.java:227)
	at junit.framework.TestSuite.runTest(TestSuite.java:232)
	at junit.framework.TestSuite.run(TestSuite.java:227)
	at org.apache.tools.ant.taskdefs.optional.junit.JUnitTestRunner.run(JUnitTestRunner.java:420)
	at org.apache.tools.ant.taskdefs.optional.junit.JUnitTestRunner.launch(JUnitTestRunner.java:911)
	at org.apache.tools.ant.taskdefs.optional.junit.JUnitTestRunner.main(JUnitTestRunner.java:768)
search deliverables with submission filter.
com.topcoder.util.config.UnknownNamespaceException: com.topcoder.util.log is unknown
	at com.topcoder.util.config.DefaultConfigManager.getPropertyObject(DefaultConfigManager.java:429)
	at com.topcoder.util.config.DefaultConfigManager.getString(DefaultConfigManager.java:449)
	at com.topcoder.util.log.LogFactory.getAttribute(LogFactory.java:224)
	at com.topcoder.util.log.basic.BasicLog.log(BasicLog.java:74)
	at com.topcoder.management.deliverable.DeliverableHelper.checkAndGetCustomResultSetValidDeliverable(DeliverableHelper.java:156)
	at com.topcoder.management.deliverable.PersistenceDeliverableManager.searchDeliverablesHelper(PersistenceDeliverableManager.java:284)
	at com.topcoder.management.deliverable.PersistenceDeliverableManager.searchDeliverablesWithSubmissionFilter(PersistenceDeliverableManager.java:217)
	at com.topcoder.management.deliverable.accuracytests.PersistenceDeliverableManagerAccuracyTests.testSearchDeliverablesWithSubmissionFilterByName(PersistenceDeliverableManagerAccuracyTests.java:395)
	at sun.reflect.NativeMethodAccessorImpl.invoke0(Native Method)
	at sun.reflect.NativeMethodAccessorImpl.invoke(NativeMethodAccessorImpl.java:57)
	at sun.reflect.DelegatingMethodAccessorImpl.invoke(DelegatingMethodAccessorImpl.java:43)
	at java.lang.reflect.Method.invoke(Method.java:616)
	at junit.framework.TestCase.runTest(TestCase.java:168)
	at junit.framework.TestCase.runBare(TestCase.java:134)
	at junit.framework.TestResult$1.protect(TestResult.java:110)
	at junit.framework.TestResult.runProtected(TestResult.java:128)
	at junit.framework.TestResult.run(TestResult.java:113)
	at junit.framework.TestCase.run(TestCase.java:124)
	at junit.framework.TestSuite.runTest(TestSuite.java:232)
	at junit.framework.TestSuite.run(TestSuite.java:227)
	at junit.framework.TestSuite.runTest(TestSuite.java:232)
	at junit.framework.TestSuite.run(TestSuite.java:227)
	at junit.framework.TestSuite.runTest(TestSuite.java:232)
	at junit.framework.TestSuite.run(TestSuite.java:227)
	at org.apache.tools.ant.taskdefs.optional.junit.JUnitTestRunner.run(JUnitTestRunner.java:420)
	at org.apache.tools.ant.taskdefs.optional.junit.JUnitTestRunner.launch(JUnitTestRunner.java:911)
	at org.apache.tools.ant.taskdefs.optional.junit.JUnitTestRunner.main(JUnitTestRunner.java:768)
CustomResultSet Records: 8
com.topcoder.util.config.UnknownNamespaceException: com.topcoder.util.log is unknown
	at com.topcoder.util.config.DefaultConfigManager.getPropertyObject(DefaultConfigManager.java:429)
	at com.topcoder.util.config.DefaultConfigManager.getString(DefaultConfigManager.java:449)
	at com.topcoder.util.log.LogFactory.getAttribute(LogFactory.java:224)
	at com.topcoder.util.log.basic.BasicLog.log(BasicLog.java:74)
	at com.topcoder.management.deliverable.PersistenceDeliverableManager.searchDeliverablesHelper(PersistenceDeliverableManager.java:289)
	at com.topcoder.management.deliverable.PersistenceDeliverableManager.searchDeliverablesWithSubmissionFilter(PersistenceDeliverableManager.java:217)
	at com.topcoder.management.deliverable.accuracytests.PersistenceDeliverableManagerAccuracyTests.testSearchDeliverablesWithSubmissionFilterByName(PersistenceDeliverableManagerAccuracyTests.java:395)
	at sun.reflect.NativeMethodAccessorImpl.invoke0(Native Method)
	at sun.reflect.NativeMethodAccessorImpl.invoke(NativeMethodAccessorImpl.java:57)
	at sun.reflect.DelegatingMethodAccessorImpl.invoke(DelegatingMethodAccessorImpl.java:43)
	at java.lang.reflect.Method.invoke(Method.java:616)
	at junit.framework.TestCase.runTest(TestCase.java:168)
	at junit.framework.TestCase.runBare(TestCase.java:134)
	at junit.framework.TestResult$1.protect(TestResult.java:110)
	at junit.framework.TestResult.runProtected(TestResult.java:128)
	at junit.framework.TestResult.run(TestResult.java:113)
	at junit.framework.TestCase.run(TestCase.java:124)
	at junit.framework.TestSuite.runTest(TestSuite.java:232)
	at junit.framework.TestSuite.run(TestSuite.java:227)
	at junit.framework.TestSuite.runTest(TestSuite.java:232)
	at junit.framework.TestSuite.run(TestSuite.java:227)
	at junit.framework.TestSuite.runTest(TestSuite.java:232)
	at junit.framework.TestSuite.run(TestSuite.java:227)
	at org.apache.tools.ant.taskdefs.optional.junit.JUnitTestRunner.run(JUnitTestRunner.java:420)
	at org.apache.tools.ant.taskdefs.optional.junit.JUnitTestRunner.launch(JUnitTestRunner.java:911)
	at org.apache.tools.ant.taskdefs.optional.junit.JUnitTestRunner.main(JUnitTestRunner.java:768)
Deliverable Id Array: 4, 8
com.topcoder.util.config.UnknownNamespaceException: com.topcoder.util.log is unknown
	at com.topcoder.util.config.DefaultConfigManager.getPropertyObject(DefaultConfigManager.java:429)
	at com.topcoder.util.config.DefaultConfigManager.getString(DefaultConfigManager.java:449)
	at com.topcoder.util.log.LogFactory.getAttribute(LogFactory.java:224)
	at com.topcoder.util.log.basic.BasicLog.log(BasicLog.java:74)
	at com.topcoder.management.deliverable.PersistenceDeliverableManager.searchDeliverablesHelper(PersistenceDeliverableManager.java:302)
	at com.topcoder.management.deliverable.PersistenceDeliverableManager.searchDeliverablesWithSubmissionFilter(PersistenceDeliverableManager.java:217)
	at com.topcoder.management.deliverable.accuracytests.PersistenceDeliverableManagerAccuracyTests.testSearchDeliverablesWithSubmissionFilterByName(PersistenceDeliverableManagerAccuracyTests.java:395)
	at sun.reflect.NativeMethodAccessorImpl.invoke0(Native Method)
	at sun.reflect.NativeMethodAccessorImpl.invoke(NativeMethodAccessorImpl.java:57)
	at sun.reflect.DelegatingMethodAccessorImpl.invoke(DelegatingMethodAccessorImpl.java:43)
	at java.lang.reflect.Method.invoke(Method.java:616)
	at junit.framework.TestCase.runTest(TestCase.java:168)
	at junit.framework.TestCase.runBare(TestCase.java:134)
	at junit.framework.TestResult$1.protect(TestResult.java:110)
	at junit.framework.TestResult.runProtected(TestResult.java:128)
	at junit.framework.TestResult.run(TestResult.java:113)
	at junit.framework.TestCase.run(TestCase.java:124)
	at junit.framework.TestSuite.runTest(TestSuite.java:232)
	at junit.framework.TestSuite.run(TestSuite.java:227)
	at junit.framework.TestSuite.runTest(TestSuite.java:232)
	at junit.framework.TestSuite.run(TestSuite.java:227)
	at junit.framework.TestSuite.runTest(TestSuite.java:232)
	at junit.framework.TestSuite.run(TestSuite.java:227)
	at org.apache.tools.ant.taskdefs.optional.junit.JUnitTestRunner.run(JUnitTestRunner.java:420)
	at org.apache.tools.ant.taskdefs.optional.junit.JUnitTestRunner.launch(JUnitTestRunner.java:911)
	at org.apache.tools.ant.taskdefs.optional.junit.JUnitTestRunner.main(JUnitTestRunner.java:768)
Loading Deliverable Array
com.topcoder.util.config.UnknownNamespaceException: com.topcoder.util.log is unknown
	at com.topcoder.util.config.DefaultConfigManager.getPropertyObject(DefaultConfigManager.java:429)
	at com.topcoder.util.config.DefaultConfigManager.getString(DefaultConfigManager.java:449)
	at com.topcoder.util.log.LogFactory.getAttribute(LogFactory.java:224)
	at com.topcoder.util.log.basic.BasicLog.log(BasicLog.java:74)
	at com.topcoder.management.deliverable.PersistenceDeliverableManager.searchDeliverablesHelper(PersistenceDeliverableManager.java:325)
	at com.topcoder.management.deliverable.PersistenceDeliverableManager.searchDeliverablesWithSubmissionFilter(PersistenceDeliverableManager.java:217)
	at com.topcoder.management.deliverable.accuracytests.PersistenceDeliverableManagerAccuracyTests.testSearchDeliverablesWithSubmissionFilterByName(PersistenceDeliverableManagerAccuracyTests.java:395)
	at sun.reflect.NativeMethodAccessorImpl.invoke0(Native Method)
	at sun.reflect.NativeMethodAccessorImpl.invoke(NativeMethodAccessorImpl.java:57)
	at sun.reflect.DelegatingMethodAccessorImpl.invoke(DelegatingMethodAccessorImpl.java:43)
	at java.lang.reflect.Method.invoke(Method.java:616)
	at junit.framework.TestCase.runTest(TestCase.java:168)
	at junit.framework.TestCase.runBare(TestCase.java:134)
	at junit.framework.TestResult$1.protect(TestResult.java:110)
	at junit.framework.TestResult.runProtected(TestResult.java:128)
	at junit.framework.TestResult.run(TestResult.java:113)
	at junit.framework.TestCase.run(TestCase.java:124)
	at junit.framework.TestSuite.runTest(TestSuite.java:232)
	at junit.framework.TestSuite.run(TestSuite.java:227)
	at junit.framework.TestSuite.runTest(TestSuite.java:232)
	at junit.framework.TestSuite.run(TestSuite.java:227)
	at junit.framework.TestSuite.runTest(TestSuite.java:232)
	at junit.framework.TestSuite.run(TestSuite.java:227)
	at org.apache.tools.ant.taskdefs.optional.junit.JUnitTestRunner.run(JUnitTestRunner.java:420)
	at org.apache.tools.ant.taskdefs.optional.junit.JUnitTestRunner.launch(JUnitTestRunner.java:911)
	at org.apache.tools.ant.taskdefs.optional.junit.JUnitTestRunner.main(JUnitTestRunner.java:768)
Adding Deliverable To List
com.topcoder.util.config.UnknownNamespaceException: com.topcoder.util.log is unknown
	at com.topcoder.util.config.DefaultConfigManager.getPropertyObject(DefaultConfigManager.java:429)
	at com.topcoder.util.config.DefaultConfigManager.getString(DefaultConfigManager.java:449)
	at com.topcoder.util.log.LogFactory.getAttribute(LogFactory.java:224)
	at com.topcoder.util.log.basic.BasicLog.log(BasicLog.java:74)
	at com.topcoder.management.deliverable.PersistenceDeliverableManager.searchDeliverablesHelper(PersistenceDeliverableManager.java:302)
	at com.topcoder.management.deliverable.PersistenceDeliverableManager.searchDeliverablesWithSubmissionFilter(PersistenceDeliverableManager.java:217)
	at com.topcoder.management.deliverable.accuracytests.PersistenceDeliverableManagerAccuracyTests.testSearchDeliverablesWithSubmissionFilterByName(PersistenceDeliverableManagerAccuracyTests.java:395)
	at sun.reflect.NativeMethodAccessorImpl.invoke0(Native Method)
	at sun.reflect.NativeMethodAccessorImpl.invoke(NativeMethodAccessorImpl.java:57)
	at sun.reflect.DelegatingMethodAccessorImpl.invoke(DelegatingMethodAccessorImpl.java:43)
	at java.lang.reflect.Method.invoke(Method.java:616)
	at junit.framework.TestCase.runTest(TestCase.java:168)
	at junit.framework.TestCase.runBare(TestCase.java:134)
	at junit.framework.TestResult$1.protect(TestResult.java:110)
	at junit.framework.TestResult.runProtected(TestResult.java:128)
	at junit.framework.TestResult.run(TestResult.java:113)
	at junit.framework.TestCase.run(TestCase.java:124)
	at junit.framework.TestSuite.runTest(TestSuite.java:232)
	at junit.framework.TestSuite.run(TestSuite.java:227)
	at junit.framework.TestSuite.runTest(TestSuite.java:232)
	at junit.framework.TestSuite.run(TestSuite.java:227)
	at junit.framework.TestSuite.runTest(TestSuite.java:232)
	at junit.framework.TestSuite.run(TestSuite.java:227)
	at org.apache.tools.ant.taskdefs.optional.junit.JUnitTestRunner.run(JUnitTestRunner.java:420)
	at org.apache.tools.ant.taskdefs.optional.junit.JUnitTestRunner.launch(JUnitTestRunner.java:911)
	at org.apache.tools.ant.taskdefs.optional.junit.JUnitTestRunner.main(JUnitTestRunner.java:768)
Loading Deliverable Array
com.topcoder.util.config.UnknownNamespaceException: com.topcoder.util.log is unknown
	at com.topcoder.util.config.DefaultConfigManager.getPropertyObject(DefaultConfigManager.java:429)
	at com.topcoder.util.config.DefaultConfigManager.getString(DefaultConfigManager.java:449)
	at com.topcoder.util.log.LogFactory.getAttribute(LogFactory.java:224)
	at com.topcoder.util.log.basic.BasicLog.log(BasicLog.java:74)
	at com.topcoder.management.deliverable.PersistenceDeliverableManager.searchDeliverablesHelper(PersistenceDeliverableManager.java:325)
	at com.topcoder.management.deliverable.PersistenceDeliverableManager.searchDeliverablesWithSubmissionFilter(PersistenceDeliverableManager.java:217)
	at com.topcoder.management.deliverable.accuracytests.PersistenceDeliverableManagerAccuracyTests.testSearchDeliverablesWithSubmissionFilterByName(PersistenceDeliverableManagerAccuracyTests.java:395)
	at sun.reflect.NativeMethodAccessorImpl.invoke0(Native Method)
	at sun.reflect.NativeMethodAccessorImpl.invoke(NativeMethodAccessorImpl.java:57)
	at sun.reflect.DelegatingMethodAccessorImpl.invoke(DelegatingMethodAccessorImpl.java:43)
	at java.lang.reflect.Method.invoke(Method.java:616)
	at junit.framework.TestCase.runTest(TestCase.java:168)
	at junit.framework.TestCase.runBare(TestCase.java:134)
	at junit.framework.TestResult$1.protect(TestResult.java:110)
	at junit.framework.TestResult.runProtected(TestResult.java:128)
	at junit.framework.TestResult.run(TestResult.java:113)
	at junit.framework.TestCase.run(TestCase.java:124)
	at junit.framework.TestSuite.runTest(TestSuite.java:232)
	at junit.framework.TestSuite.run(TestSuite.java:227)
	at junit.framework.TestSuite.runTest(TestSuite.java:232)
	at junit.framework.TestSuite.run(TestSuite.java:227)
	at junit.framework.TestSuite.runTest(TestSuite.java:232)
	at junit.framework.TestSuite.run(TestSuite.java:227)
	at org.apache.tools.ant.taskdefs.optional.junit.JUnitTestRunner.run(JUnitTestRunner.java:420)
	at org.apache.tools.ant.taskdefs.optional.junit.JUnitTestRunner.launch(JUnitTestRunner.java:911)
	at org.apache.tools.ant.taskdefs.optional.junit.JUnitTestRunner.main(JUnitTestRunner.java:768)
Adding Deliverable To List
com.topcoder.util.config.UnknownNamespaceException: com.topcoder.util.log is unknown
	at com.topcoder.util.config.DefaultConfigManager.getPropertyObject(DefaultConfigManager.java:429)
	at com.topcoder.util.config.DefaultConfigManager.getString(DefaultConfigManager.java:449)
	at com.topcoder.util.log.LogFactory.getAttribute(LogFactory.java:224)
	at com.topcoder.util.log.basic.BasicLog.log(BasicLog.java:74)
	at com.topcoder.management.deliverable.PersistenceDeliverableManager.searchDeliverablesHelper(PersistenceDeliverableManager.java:302)
	at com.topcoder.management.deliverable.PersistenceDeliverableManager.searchDeliverablesWithSubmissionFilter(PersistenceDeliverableManager.java:217)
	at com.topcoder.management.deliverable.accuracytests.PersistenceDeliverableManagerAccuracyTests.testSearchDeliverablesWithSubmissionFilterByName(PersistenceDeliverableManagerAccuracyTests.java:395)
	at sun.reflect.NativeMethodAccessorImpl.invoke0(Native Method)
	at sun.reflect.NativeMethodAccessorImpl.invoke(NativeMethodAccessorImpl.java:57)
	at sun.reflect.DelegatingMethodAccessorImpl.invoke(DelegatingMethodAccessorImpl.java:43)
	at java.lang.reflect.Method.invoke(Method.java:616)
	at junit.framework.TestCase.runTest(TestCase.java:168)
	at junit.framework.TestCase.runBare(TestCase.java:134)
	at junit.framework.TestResult$1.protect(TestResult.java:110)
	at junit.framework.TestResult.runProtected(TestResult.java:128)
	at junit.framework.TestResult.run(TestResult.java:113)
	at junit.framework.TestCase.run(TestCase.java:124)
	at junit.framework.TestSuite.runTest(TestSuite.java:232)
	at junit.framework.TestSuite.run(TestSuite.java:227)
	at junit.framework.TestSuite.runTest(TestSuite.java:232)
	at junit.framework.TestSuite.run(TestSuite.java:227)
	at junit.framework.TestSuite.runTest(TestSuite.java:232)
	at junit.framework.TestSuite.run(TestSuite.java:227)
	at org.apache.tools.ant.taskdefs.optional.junit.JUnitTestRunner.run(JUnitTestRunner.java:420)
	at org.apache.tools.ant.taskdefs.optional.junit.JUnitTestRunner.launch(JUnitTestRunner.java:911)
	at org.apache.tools.ant.taskdefs.optional.junit.JUnitTestRunner.main(JUnitTestRunner.java:768)
Loading Deliverable Array
com.topcoder.util.config.UnknownNamespaceException: com.topcoder.util.log is unknown
	at com.topcoder.util.config.DefaultConfigManager.getPropertyObject(DefaultConfigManager.java:429)
	at com.topcoder.util.config.DefaultConfigManager.getString(DefaultConfigManager.java:449)
	at com.topcoder.util.log.LogFactory.getAttribute(LogFactory.java:224)
	at com.topcoder.util.log.basic.BasicLog.log(BasicLog.java:74)
	at com.topcoder.management.deliverable.PersistenceDeliverableManager.searchDeliverablesHelper(PersistenceDeliverableManager.java:325)
	at com.topcoder.management.deliverable.PersistenceDeliverableManager.searchDeliverablesWithSubmissionFilter(PersistenceDeliverableManager.java:217)
	at com.topcoder.management.deliverable.accuracytests.PersistenceDeliverableManagerAccuracyTests.testSearchDeliverablesWithSubmissionFilterByName(PersistenceDeliverableManagerAccuracyTests.java:395)
	at sun.reflect.NativeMethodAccessorImpl.invoke0(Native Method)
	at sun.reflect.NativeMethodAccessorImpl.invoke(NativeMethodAccessorImpl.java:57)
	at sun.reflect.DelegatingMethodAccessorImpl.invoke(DelegatingMethodAccessorImpl.java:43)
	at java.lang.reflect.Method.invoke(Method.java:616)
	at junit.framework.TestCase.runTest(TestCase.java:168)
	at junit.framework.TestCase.runBare(TestCase.java:134)
	at junit.framework.TestResult$1.protect(TestResult.java:110)
	at junit.framework.TestResult.runProtected(TestResult.java:128)
	at junit.framework.TestResult.run(TestResult.java:113)
	at junit.framework.TestCase.run(TestCase.java:124)
	at junit.framework.TestSuite.runTest(TestSuite.java:232)
	at junit.framework.TestSuite.run(TestSuite.java:227)
	at junit.framework.TestSuite.runTest(TestSuite.java:232)
	at junit.framework.TestSuite.run(TestSuite.java:227)
	at junit.framework.TestSuite.runTest(TestSuite.java:232)
	at junit.framework.TestSuite.run(TestSuite.java:227)
	at org.apache.tools.ant.taskdefs.optional.junit.JUnitTestRunner.run(JUnitTestRunner.java:420)
	at org.apache.tools.ant.taskdefs.optional.junit.JUnitTestRunner.launch(JUnitTestRunner.java:911)
	at org.apache.tools.ant.taskdefs.optional.junit.JUnitTestRunner.main(JUnitTestRunner.java:768)
Adding Deliverable To List
com.topcoder.util.config.UnknownNamespaceException: com.topcoder.util.log is unknown
	at com.topcoder.util.config.DefaultConfigManager.getPropertyObject(DefaultConfigManager.java:429)
	at com.topcoder.util.config.DefaultConfigManager.getString(DefaultConfigManager.java:449)
	at com.topcoder.util.log.LogFactory.getAttribute(LogFactory.java:224)
	at com.topcoder.util.log.basic.BasicLog.log(BasicLog.java:74)
	at com.topcoder.management.deliverable.PersistenceDeliverableManager.searchDeliverablesHelper(PersistenceDeliverableManager.java:302)
	at com.topcoder.management.deliverable.PersistenceDeliverableManager.searchDeliverablesWithSubmissionFilter(PersistenceDeliverableManager.java:217)
	at com.topcoder.management.deliverable.accuracytests.PersistenceDeliverableManagerAccuracyTests.testSearchDeliverablesWithSubmissionFilterByName(PersistenceDeliverableManagerAccuracyTests.java:395)
	at sun.reflect.NativeMethodAccessorImpl.invoke0(Native Method)
	at sun.reflect.NativeMethodAccessorImpl.invoke(NativeMethodAccessorImpl.java:57)
	at sun.reflect.DelegatingMethodAccessorImpl.invoke(DelegatingMethodAccessorImpl.java:43)
	at java.lang.reflect.Method.invoke(Method.java:616)
	at junit.framework.TestCase.runTest(TestCase.java:168)
	at junit.framework.TestCase.runBare(TestCase.java:134)
	at junit.framework.TestResult$1.protect(TestResult.java:110)
	at junit.framework.TestResult.runProtected(TestResult.java:128)
	at junit.framework.TestResult.run(TestResult.java:113)
	at junit.framework.TestCase.run(TestCase.java:124)
	at junit.framework.TestSuite.runTest(TestSuite.java:232)
	at junit.framework.TestSuite.run(TestSuite.java:227)
	at junit.framework.TestSuite.runTest(TestSuite.java:232)
	at junit.framework.TestSuite.run(TestSuite.java:227)
	at junit.framework.TestSuite.runTest(TestSuite.java:232)
	at junit.framework.TestSuite.run(TestSuite.java:227)
	at org.apache.tools.ant.taskdefs.optional.junit.JUnitTestRunner.run(JUnitTestRunner.java:420)
	at org.apache.tools.ant.taskdefs.optional.junit.JUnitTestRunner.launch(JUnitTestRunner.java:911)
	at org.apache.tools.ant.taskdefs.optional.junit.JUnitTestRunner.main(JUnitTestRunner.java:768)
Loading Deliverable Array
com.topcoder.util.config.UnknownNamespaceException: com.topcoder.util.log is unknown
	at com.topcoder.util.config.DefaultConfigManager.getPropertyObject(DefaultConfigManager.java:429)
	at com.topcoder.util.config.DefaultConfigManager.getString(DefaultConfigManager.java:449)
	at com.topcoder.util.log.LogFactory.getAttribute(LogFactory.java:224)
	at com.topcoder.util.log.basic.BasicLog.log(BasicLog.java:74)
	at com.topcoder.management.deliverable.PersistenceDeliverableManager.searchDeliverablesHelper(PersistenceDeliverableManager.java:325)
	at com.topcoder.management.deliverable.PersistenceDeliverableManager.searchDeliverablesWithSubmissionFilter(PersistenceDeliverableManager.java:217)
	at com.topcoder.management.deliverable.accuracytests.PersistenceDeliverableManagerAccuracyTests.testSearchDeliverablesWithSubmissionFilterByName(PersistenceDeliverableManagerAccuracyTests.java:395)
	at sun.reflect.NativeMethodAccessorImpl.invoke0(Native Method)
	at sun.reflect.NativeMethodAccessorImpl.invoke(NativeMethodAccessorImpl.java:57)
	at sun.reflect.DelegatingMethodAccessorImpl.invoke(DelegatingMethodAccessorImpl.java:43)
	at java.lang.reflect.Method.invoke(Method.java:616)
	at junit.framework.TestCase.runTest(TestCase.java:168)
	at junit.framework.TestCase.runBare(TestCase.java:134)
	at junit.framework.TestResult$1.protect(TestResult.java:110)
	at junit.framework.TestResult.runProtected(TestResult.java:128)
	at junit.framework.TestResult.run(TestResult.java:113)
	at junit.framework.TestCase.run(TestCase.java:124)
	at junit.framework.TestSuite.runTest(TestSuite.java:232)
	at junit.framework.TestSuite.run(TestSuite.java:227)
	at junit.framework.TestSuite.runTest(TestSuite.java:232)
	at junit.framework.TestSuite.run(TestSuite.java:227)
	at junit.framework.TestSuite.runTest(TestSuite.java:232)
	at junit.framework.TestSuite.run(TestSuite.java:227)
	at org.apache.tools.ant.taskdefs.optional.junit.JUnitTestRunner.run(JUnitTestRunner.java:420)
	at org.apache.tools.ant.taskdefs.optional.junit.JUnitTestRunner.launch(JUnitTestRunner.java:911)
	at org.apache.tools.ant.taskdefs.optional.junit.JUnitTestRunner.main(JUnitTestRunner.java:768)
Adding Deliverable To List
com.topcoder.util.config.UnknownNamespaceException: com.topcoder.util.log is unknown
	at com.topcoder.util.config.DefaultConfigManager.getPropertyObject(DefaultConfigManager.java:429)
	at com.topcoder.util.config.DefaultConfigManager.getString(DefaultConfigManager.java:449)
	at com.topcoder.util.log.LogFactory.getAttribute(LogFactory.java:224)
	at com.topcoder.util.log.basic.BasicLog.log(BasicLog.java:74)
	at com.topcoder.management.deliverable.PersistenceDeliverableManager.searchDeliverablesHelper(PersistenceDeliverableManager.java:302)
	at com.topcoder.management.deliverable.PersistenceDeliverableManager.searchDeliverablesWithSubmissionFilter(PersistenceDeliverableManager.java:217)
	at com.topcoder.management.deliverable.accuracytests.PersistenceDeliverableManagerAccuracyTests.testSearchDeliverablesWithSubmissionFilterByName(PersistenceDeliverableManagerAccuracyTests.java:395)
	at sun.reflect.NativeMethodAccessorImpl.invoke0(Native Method)
	at sun.reflect.NativeMethodAccessorImpl.invoke(NativeMethodAccessorImpl.java:57)
	at sun.reflect.DelegatingMethodAccessorImpl.invoke(DelegatingMethodAccessorImpl.java:43)
	at java.lang.reflect.Method.invoke(Method.java:616)
	at junit.framework.TestCase.runTest(TestCase.java:168)
	at junit.framework.TestCase.runBare(TestCase.java:134)
	at junit.framework.TestResult$1.protect(TestResult.java:110)
	at junit.framework.TestResult.runProtected(TestResult.java:128)
	at junit.framework.TestResult.run(TestResult.java:113)
	at junit.framework.TestCase.run(TestCase.java:124)
	at junit.framework.TestSuite.runTest(TestSuite.java:232)
	at junit.framework.TestSuite.run(TestSuite.java:227)
	at junit.framework.TestSuite.runTest(TestSuite.java:232)
	at junit.framework.TestSuite.run(TestSuite.java:227)
	at junit.framework.TestSuite.runTest(TestSuite.java:232)
	at junit.framework.TestSuite.run(TestSuite.java:227)
	at org.apache.tools.ant.taskdefs.optional.junit.JUnitTestRunner.run(JUnitTestRunner.java:420)
	at org.apache.tools.ant.taskdefs.optional.junit.JUnitTestRunner.launch(JUnitTestRunner.java:911)
	at org.apache.tools.ant.taskdefs.optional.junit.JUnitTestRunner.main(JUnitTestRunner.java:768)
Loading Deliverable Array
com.topcoder.util.config.UnknownNamespaceException: com.topcoder.util.log is unknown
	at com.topcoder.util.config.DefaultConfigManager.getPropertyObject(DefaultConfigManager.java:429)
	at com.topcoder.util.config.DefaultConfigManager.getString(DefaultConfigManager.java:449)
	at com.topcoder.util.log.LogFactory.getAttribute(LogFactory.java:224)
	at com.topcoder.util.log.basic.BasicLog.log(BasicLog.java:74)
	at com.topcoder.management.deliverable.PersistenceDeliverableManager.searchDeliverablesHelper(PersistenceDeliverableManager.java:325)
	at com.topcoder.management.deliverable.PersistenceDeliverableManager.searchDeliverablesWithSubmissionFilter(PersistenceDeliverableManager.java:217)
	at com.topcoder.management.deliverable.accuracytests.PersistenceDeliverableManagerAccuracyTests.testSearchDeliverablesWithSubmissionFilterByName(PersistenceDeliverableManagerAccuracyTests.java:395)
	at sun.reflect.NativeMethodAccessorImpl.invoke0(Native Method)
	at sun.reflect.NativeMethodAccessorImpl.invoke(NativeMethodAccessorImpl.java:57)
	at sun.reflect.DelegatingMethodAccessorImpl.invoke(DelegatingMethodAccessorImpl.java:43)
	at java.lang.reflect.Method.invoke(Method.java:616)
	at junit.framework.TestCase.runTest(TestCase.java:168)
	at junit.framework.TestCase.runBare(TestCase.java:134)
	at junit.framework.TestResult$1.protect(TestResult.java:110)
	at junit.framework.TestResult.runProtected(TestResult.java:128)
	at junit.framework.TestResult.run(TestResult.java:113)
	at junit.framework.TestCase.run(TestCase.java:124)
	at junit.framework.TestSuite.runTest(TestSuite.java:232)
	at junit.framework.TestSuite.run(TestSuite.java:227)
	at junit.framework.TestSuite.runTest(TestSuite.java:232)
	at junit.framework.TestSuite.run(TestSuite.java:227)
	at junit.framework.TestSuite.runTest(TestSuite.java:232)
	at junit.framework.TestSuite.run(TestSuite.java:227)
	at org.apache.tools.ant.taskdefs.optional.junit.JUnitTestRunner.run(JUnitTestRunner.java:420)
	at org.apache.tools.ant.taskdefs.optional.junit.JUnitTestRunner.launch(JUnitTestRunner.java:911)
	at org.apache.tools.ant.taskdefs.optional.junit.JUnitTestRunner.main(JUnitTestRunner.java:768)
Adding Deliverable To List
com.topcoder.util.config.UnknownNamespaceException: com.topcoder.util.log is unknown
	at com.topcoder.util.config.DefaultConfigManager.getPropertyObject(DefaultConfigManager.java:429)
	at com.topcoder.util.config.DefaultConfigManager.getString(DefaultConfigManager.java:449)
	at com.topcoder.util.log.LogFactory.getAttribute(LogFactory.java:224)
	at com.topcoder.util.log.basic.BasicLog.log(BasicLog.java:74)
	at com.topcoder.management.deliverable.PersistenceDeliverableManager.searchDeliverablesHelper(PersistenceDeliverableManager.java:302)
	at com.topcoder.management.deliverable.PersistenceDeliverableManager.searchDeliverablesWithSubmissionFilter(PersistenceDeliverableManager.java:217)
	at com.topcoder.management.deliverable.accuracytests.PersistenceDeliverableManagerAccuracyTests.testSearchDeliverablesWithSubmissionFilterByName(PersistenceDeliverableManagerAccuracyTests.java:395)
	at sun.reflect.NativeMethodAccessorImpl.invoke0(Native Method)
	at sun.reflect.NativeMethodAccessorImpl.invoke(NativeMethodAccessorImpl.java:57)
	at sun.reflect.DelegatingMethodAccessorImpl.invoke(DelegatingMethodAccessorImpl.java:43)
	at java.lang.reflect.Method.invoke(Method.java:616)
	at junit.framework.TestCase.runTest(TestCase.java:168)
	at junit.framework.TestCase.runBare(TestCase.java:134)
	at junit.framework.TestResult$1.protect(TestResult.java:110)
	at junit.framework.TestResult.runProtected(TestResult.java:128)
	at junit.framework.TestResult.run(TestResult.java:113)
	at junit.framework.TestCase.run(TestCase.java:124)
	at junit.framework.TestSuite.runTest(TestSuite.java:232)
	at junit.framework.TestSuite.run(TestSuite.java:227)
	at junit.framework.TestSuite.runTest(TestSuite.java:232)
	at junit.framework.TestSuite.run(TestSuite.java:227)
	at junit.framework.TestSuite.runTest(TestSuite.java:232)
	at junit.framework.TestSuite.run(TestSuite.java:227)
	at org.apache.tools.ant.taskdefs.optional.junit.JUnitTestRunner.run(JUnitTestRunner.java:420)
	at org.apache.tools.ant.taskdefs.optional.junit.JUnitTestRunner.launch(JUnitTestRunner.java:911)
	at org.apache.tools.ant.taskdefs.optional.junit.JUnitTestRunner.main(JUnitTestRunner.java:768)
Loading Deliverable Array
com.topcoder.util.config.UnknownNamespaceException: com.topcoder.util.log is unknown
	at com.topcoder.util.config.DefaultConfigManager.getPropertyObject(DefaultConfigManager.java:429)
	at com.topcoder.util.config.DefaultConfigManager.getString(DefaultConfigManager.java:449)
	at com.topcoder.util.log.LogFactory.getAttribute(LogFactory.java:224)
	at com.topcoder.util.log.basic.BasicLog.log(BasicLog.java:74)
	at com.topcoder.management.deliverable.PersistenceDeliverableManager.searchDeliverablesHelper(PersistenceDeliverableManager.java:325)
	at com.topcoder.management.deliverable.PersistenceDeliverableManager.searchDeliverablesWithSubmissionFilter(PersistenceDeliverableManager.java:217)
	at com.topcoder.management.deliverable.accuracytests.PersistenceDeliverableManagerAccuracyTests.testSearchDeliverablesWithSubmissionFilterByName(PersistenceDeliverableManagerAccuracyTests.java:395)
	at sun.reflect.NativeMethodAccessorImpl.invoke0(Native Method)
	at sun.reflect.NativeMethodAccessorImpl.invoke(NativeMethodAccessorImpl.java:57)
	at sun.reflect.DelegatingMethodAccessorImpl.invoke(DelegatingMethodAccessorImpl.java:43)
	at java.lang.reflect.Method.invoke(Method.java:616)
	at junit.framework.TestCase.runTest(TestCase.java:168)
	at junit.framework.TestCase.runBare(TestCase.java:134)
	at junit.framework.TestResult$1.protect(TestResult.java:110)
	at junit.framework.TestResult.runProtected(TestResult.java:128)
	at junit.framework.TestResult.run(TestResult.java:113)
	at junit.framework.TestCase.run(TestCase.java:124)
	at junit.framework.TestSuite.runTest(TestSuite.java:232)
	at junit.framework.TestSuite.run(TestSuite.java:227)
	at junit.framework.TestSuite.runTest(TestSuite.java:232)
	at junit.framework.TestSuite.run(TestSuite.java:227)
	at junit.framework.TestSuite.runTest(TestSuite.java:232)
	at junit.framework.TestSuite.run(TestSuite.java:227)
	at org.apache.tools.ant.taskdefs.optional.junit.JUnitTestRunner.run(JUnitTestRunner.java:420)
	at org.apache.tools.ant.taskdefs.optional.junit.JUnitTestRunner.launch(JUnitTestRunner.java:911)
	at org.apache.tools.ant.taskdefs.optional.junit.JUnitTestRunner.main(JUnitTestRunner.java:768)
Adding Deliverable To List
com.topcoder.util.config.UnknownNamespaceException: com.topcoder.util.log is unknown
	at com.topcoder.util.config.DefaultConfigManager.getPropertyObject(DefaultConfigManager.java:429)
	at com.topcoder.util.config.DefaultConfigManager.getString(DefaultConfigManager.java:449)
	at com.topcoder.util.log.LogFactory.getAttribute(LogFactory.java:224)
	at com.topcoder.util.log.basic.BasicLog.log(BasicLog.java:74)
	at com.topcoder.management.deliverable.PersistenceDeliverableManager.searchDeliverablesHelper(PersistenceDeliverableManager.java:302)
	at com.topcoder.management.deliverable.PersistenceDeliverableManager.searchDeliverablesWithSubmissionFilter(PersistenceDeliverableManager.java:217)
	at com.topcoder.management.deliverable.accuracytests.PersistenceDeliverableManagerAccuracyTests.testSearchDeliverablesWithSubmissionFilterByName(PersistenceDeliverableManagerAccuracyTests.java:395)
	at sun.reflect.NativeMethodAccessorImpl.invoke0(Native Method)
	at sun.reflect.NativeMethodAccessorImpl.invoke(NativeMethodAccessorImpl.java:57)
	at sun.reflect.DelegatingMethodAccessorImpl.invoke(DelegatingMethodAccessorImpl.java:43)
	at java.lang.reflect.Method.invoke(Method.java:616)
	at junit.framework.TestCase.runTest(TestCase.java:168)
	at junit.framework.TestCase.runBare(TestCase.java:134)
	at junit.framework.TestResult$1.protect(TestResult.java:110)
	at junit.framework.TestResult.runProtected(TestResult.java:128)
	at junit.framework.TestResult.run(TestResult.java:113)
	at junit.framework.TestCase.run(TestCase.java:124)
	at junit.framework.TestSuite.runTest(TestSuite.java:232)
	at junit.framework.TestSuite.run(TestSuite.java:227)
	at junit.framework.TestSuite.runTest(TestSuite.java:232)
	at junit.framework.TestSuite.run(TestSuite.java:227)
	at junit.framework.TestSuite.runTest(TestSuite.java:232)
	at junit.framework.TestSuite.run(TestSuite.java:227)
	at org.apache.tools.ant.taskdefs.optional.junit.JUnitTestRunner.run(JUnitTestRunner.java:420)
	at org.apache.tools.ant.taskdefs.optional.junit.JUnitTestRunner.launch(JUnitTestRunner.java:911)
	at org.apache.tools.ant.taskdefs.optional.junit.JUnitTestRunner.main(JUnitTestRunner.java:768)
Loading Deliverable Array
com.topcoder.util.config.UnknownNamespaceException: com.topcoder.util.log is unknown
	at com.topcoder.util.config.DefaultConfigManager.getPropertyObject(DefaultConfigManager.java:429)
	at com.topcoder.util.config.DefaultConfigManager.getString(DefaultConfigManager.java:449)
	at com.topcoder.util.log.LogFactory.getAttribute(LogFactory.java:224)
	at com.topcoder.util.log.basic.BasicLog.log(BasicLog.java:74)
	at com.topcoder.management.deliverable.PersistenceDeliverableManager.searchDeliverablesHelper(PersistenceDeliverableManager.java:325)
	at com.topcoder.management.deliverable.PersistenceDeliverableManager.searchDeliverablesWithSubmissionFilter(PersistenceDeliverableManager.java:217)
	at com.topcoder.management.deliverable.accuracytests.PersistenceDeliverableManagerAccuracyTests.testSearchDeliverablesWithSubmissionFilterByName(PersistenceDeliverableManagerAccuracyTests.java:395)
	at sun.reflect.NativeMethodAccessorImpl.invoke0(Native Method)
	at sun.reflect.NativeMethodAccessorImpl.invoke(NativeMethodAccessorImpl.java:57)
	at sun.reflect.DelegatingMethodAccessorImpl.invoke(DelegatingMethodAccessorImpl.java:43)
	at java.lang.reflect.Method.invoke(Method.java:616)
	at junit.framework.TestCase.runTest(TestCase.java:168)
	at junit.framework.TestCase.runBare(TestCase.java:134)
	at junit.framework.TestResult$1.protect(TestResult.java:110)
	at junit.framework.TestResult.runProtected(TestResult.java:128)
	at junit.framework.TestResult.run(TestResult.java:113)
	at junit.framework.TestCase.run(TestCase.java:124)
	at junit.framework.TestSuite.runTest(TestSuite.java:232)
	at junit.framework.TestSuite.run(TestSuite.java:227)
	at junit.framework.TestSuite.runTest(TestSuite.java:232)
	at junit.framework.TestSuite.run(TestSuite.java:227)
	at junit.framework.TestSuite.runTest(TestSuite.java:232)
	at junit.framework.TestSuite.run(TestSuite.java:227)
	at org.apache.tools.ant.taskdefs.optional.junit.JUnitTestRunner.run(JUnitTestRunner.java:420)
	at org.apache.tools.ant.taskdefs.optional.junit.JUnitTestRunner.launch(JUnitTestRunner.java:911)
	at org.apache.tools.ant.taskdefs.optional.junit.JUnitTestRunner.main(JUnitTestRunner.java:768)
Adding Deliverable To List
com.topcoder.util.config.UnknownNamespaceException: com.topcoder.util.log is unknown
	at com.topcoder.util.config.DefaultConfigManager.getPropertyObject(DefaultConfigManager.java:429)
	at com.topcoder.util.config.DefaultConfigManager.getString(DefaultConfigManager.java:449)
	at com.topcoder.util.log.LogFactory.getAttribute(LogFactory.java:224)
	at com.topcoder.util.log.basic.BasicLog.log(BasicLog.java:74)
	at com.topcoder.management.deliverable.PersistenceDeliverableManager.searchDeliverablesHelper(PersistenceDeliverableManager.java:302)
	at com.topcoder.management.deliverable.PersistenceDeliverableManager.searchDeliverablesWithSubmissionFilter(PersistenceDeliverableManager.java:217)
	at com.topcoder.management.deliverable.accuracytests.PersistenceDeliverableManagerAccuracyTests.testSearchDeliverablesWithSubmissionFilterByName(PersistenceDeliverableManagerAccuracyTests.java:395)
	at sun.reflect.NativeMethodAccessorImpl.invoke0(Native Method)
	at sun.reflect.NativeMethodAccessorImpl.invoke(NativeMethodAccessorImpl.java:57)
	at sun.reflect.DelegatingMethodAccessorImpl.invoke(DelegatingMethodAccessorImpl.java:43)
	at java.lang.reflect.Method.invoke(Method.java:616)
	at junit.framework.TestCase.runTest(TestCase.java:168)
	at junit.framework.TestCase.runBare(TestCase.java:134)
	at junit.framework.TestResult$1.protect(TestResult.java:110)
	at junit.framework.TestResult.runProtected(TestResult.java:128)
	at junit.framework.TestResult.run(TestResult.java:113)
	at junit.framework.TestCase.run(TestCase.java:124)
	at junit.framework.TestSuite.runTest(TestSuite.java:232)
	at junit.framework.TestSuite.run(TestSuite.java:227)
	at junit.framework.TestSuite.runTest(TestSuite.java:232)
	at junit.framework.TestSuite.run(TestSuite.java:227)
	at junit.framework.TestSuite.runTest(TestSuite.java:232)
	at junit.framework.TestSuite.run(TestSuite.java:227)
	at org.apache.tools.ant.taskdefs.optional.junit.JUnitTestRunner.run(JUnitTestRunner.java:420)
	at org.apache.tools.ant.taskdefs.optional.junit.JUnitTestRunner.launch(JUnitTestRunner.java:911)
	at org.apache.tools.ant.taskdefs.optional.junit.JUnitTestRunner.main(JUnitTestRunner.java:768)
Loading Deliverable Array
com.topcoder.util.config.UnknownNamespaceException: com.topcoder.util.log is unknown
	at com.topcoder.util.config.DefaultConfigManager.getPropertyObject(DefaultConfigManager.java:429)
	at com.topcoder.util.config.DefaultConfigManager.getString(DefaultConfigManager.java:449)
	at com.topcoder.util.log.LogFactory.getAttribute(LogFactory.java:224)
	at com.topcoder.util.log.basic.BasicLog.log(BasicLog.java:74)
	at com.topcoder.management.deliverable.PersistenceDeliverableManager.searchDeliverablesHelper(PersistenceDeliverableManager.java:325)
	at com.topcoder.management.deliverable.PersistenceDeliverableManager.searchDeliverablesWithSubmissionFilter(PersistenceDeliverableManager.java:217)
	at com.topcoder.management.deliverable.accuracytests.PersistenceDeliverableManagerAccuracyTests.testSearchDeliverablesWithSubmissionFilterByName(PersistenceDeliverableManagerAccuracyTests.java:395)
	at sun.reflect.NativeMethodAccessorImpl.invoke0(Native Method)
	at sun.reflect.NativeMethodAccessorImpl.invoke(NativeMethodAccessorImpl.java:57)
	at sun.reflect.DelegatingMethodAccessorImpl.invoke(DelegatingMethodAccessorImpl.java:43)
	at java.lang.reflect.Method.invoke(Method.java:616)
	at junit.framework.TestCase.runTest(TestCase.java:168)
	at junit.framework.TestCase.runBare(TestCase.java:134)
	at junit.framework.TestResult$1.protect(TestResult.java:110)
	at junit.framework.TestResult.runProtected(TestResult.java:128)
	at junit.framework.TestResult.run(TestResult.java:113)
	at junit.framework.TestCase.run(TestCase.java:124)
	at junit.framework.TestSuite.runTest(TestSuite.java:232)
	at junit.framework.TestSuite.run(TestSuite.java:227)
	at junit.framework.TestSuite.runTest(TestSuite.java:232)
	at junit.framework.TestSuite.run(TestSuite.java:227)
	at junit.framework.TestSuite.runTest(TestSuite.java:232)
	at junit.framework.TestSuite.run(TestSuite.java:227)
	at org.apache.tools.ant.taskdefs.optional.junit.JUnitTestRunner.run(JUnitTestRunner.java:420)
	at org.apache.tools.ant.taskdefs.optional.junit.JUnitTestRunner.launch(JUnitTestRunner.java:911)
	at org.apache.tools.ant.taskdefs.optional.junit.JUnitTestRunner.main(JUnitTestRunner.java:768)
Adding Deliverable To List
com.topcoder.util.config.UnknownNamespaceException: com.topcoder.util.log is unknown
	at com.topcoder.util.config.DefaultConfigManager.getPropertyObject(DefaultConfigManager.java:429)
	at com.topcoder.util.config.DefaultConfigManager.getString(DefaultConfigManager.java:449)
	at com.topcoder.util.log.LogFactory.getAttribute(LogFactory.java:224)
	at com.topcoder.util.log.basic.BasicLog.log(BasicLog.java:74)
	at com.topcoder.management.deliverable.PersistenceDeliverableManager.<init>(PersistenceDeliverableManager.java:157)
	at com.topcoder.management.deliverable.PersistenceDeliverableManager.<init>(PersistenceDeliverableManager.java:183)
	at com.topcoder.management.deliverable.accuracytests.PersistenceDeliverableManagerAccuracyTests.setUp(PersistenceDeliverableManagerAccuracyTests.java:122)
	at junit.framework.TestCase.runBare(TestCase.java:132)
	at junit.framework.TestResult$1.protect(TestResult.java:110)
	at junit.framework.TestResult.runProtected(TestResult.java:128)
	at junit.framework.TestResult.run(TestResult.java:113)
	at junit.framework.TestCase.run(TestCase.java:124)
	at junit.framework.TestSuite.runTest(TestSuite.java:232)
	at junit.framework.TestSuite.run(TestSuite.java:227)
	at junit.framework.TestSuite.runTest(TestSuite.java:232)
	at junit.framework.TestSuite.run(TestSuite.java:227)
	at junit.framework.TestSuite.runTest(TestSuite.java:232)
	at junit.framework.TestSuite.run(TestSuite.java:227)
	at org.apache.tools.ant.taskdefs.optional.junit.JUnitTestRunner.run(JUnitTestRunner.java:420)
	at org.apache.tools.ant.taskdefs.optional.junit.JUnitTestRunner.launch(JUnitTestRunner.java:911)
	at org.apache.tools.ant.taskdefs.optional.junit.JUnitTestRunner.main(JUnitTestRunner.java:768)
Instantiate PersistenceDeliverableManager with DeliverablePersistence, deliverableCheckers map,deliverableSearchBundle and submissionSearchBundle.
com.topcoder.util.config.UnknownNamespaceException: com.topcoder.util.log is unknown
	at com.topcoder.util.config.DefaultConfigManager.getPropertyObject(DefaultConfigManager.java:429)
	at com.topcoder.util.config.DefaultConfigManager.getString(DefaultConfigManager.java:449)
	at com.topcoder.util.log.LogFactory.getAttribute(LogFactory.java:224)
	at com.topcoder.util.log.basic.BasicLog.log(BasicLog.java:74)
	at com.topcoder.management.deliverable.PersistenceDeliverableManager.searchDeliverablesWithSubmissionFilter(PersistenceDeliverableManager.java:216)
	at com.topcoder.management.deliverable.accuracytests.PersistenceDeliverableManagerAccuracyTests.testSearchDeliverablesWithSubmissionFilterByProjectId(PersistenceDeliverableManagerAccuracyTests.java:416)
	at sun.reflect.NativeMethodAccessorImpl.invoke0(Native Method)
	at sun.reflect.NativeMethodAccessorImpl.invoke(NativeMethodAccessorImpl.java:57)
	at sun.reflect.DelegatingMethodAccessorImpl.invoke(DelegatingMethodAccessorImpl.java:43)
	at java.lang.reflect.Method.invoke(Method.java:616)
	at junit.framework.TestCase.runTest(TestCase.java:168)
	at junit.framework.TestCase.runBare(TestCase.java:134)
	at junit.framework.TestResult$1.protect(TestResult.java:110)
	at junit.framework.TestResult.runProtected(TestResult.java:128)
	at junit.framework.TestResult.run(TestResult.java:113)
	at junit.framework.TestCase.run(TestCase.java:124)
	at junit.framework.TestSuite.runTest(TestSuite.java:232)
	at junit.framework.TestSuite.run(TestSuite.java:227)
	at junit.framework.TestSuite.runTest(TestSuite.java:232)
	at junit.framework.TestSuite.run(TestSuite.java:227)
	at junit.framework.TestSuite.runTest(TestSuite.java:232)
	at junit.framework.TestSuite.run(TestSuite.java:227)
	at org.apache.tools.ant.taskdefs.optional.junit.JUnitTestRunner.run(JUnitTestRunner.java:420)
	at org.apache.tools.ant.taskdefs.optional.junit.JUnitTestRunner.launch(JUnitTestRunner.java:911)
	at org.apache.tools.ant.taskdefs.optional.junit.JUnitTestRunner.main(JUnitTestRunner.java:768)
search deliverables with submission filter.
com.topcoder.util.config.UnknownNamespaceException: com.topcoder.util.log is unknown
	at com.topcoder.util.config.DefaultConfigManager.getPropertyObject(DefaultConfigManager.java:429)
	at com.topcoder.util.config.DefaultConfigManager.getString(DefaultConfigManager.java:449)
	at com.topcoder.util.log.LogFactory.getAttribute(LogFactory.java:224)
	at com.topcoder.util.log.basic.BasicLog.log(BasicLog.java:74)
	at com.topcoder.management.deliverable.DeliverableHelper.checkAndGetCustomResultSetValidDeliverable(DeliverableHelper.java:156)
	at com.topcoder.management.deliverable.PersistenceDeliverableManager.searchDeliverablesHelper(PersistenceDeliverableManager.java:284)
	at com.topcoder.management.deliverable.PersistenceDeliverableManager.searchDeliverablesWithSubmissionFilter(PersistenceDeliverableManager.java:217)
	at com.topcoder.management.deliverable.accuracytests.PersistenceDeliverableManagerAccuracyTests.testSearchDeliverablesWithSubmissionFilterByProjectId(PersistenceDeliverableManagerAccuracyTests.java:416)
	at sun.reflect.NativeMethodAccessorImpl.invoke0(Native Method)
	at sun.reflect.NativeMethodAccessorImpl.invoke(NativeMethodAccessorImpl.java:57)
	at sun.reflect.DelegatingMethodAccessorImpl.invoke(DelegatingMethodAccessorImpl.java:43)
	at java.lang.reflect.Method.invoke(Method.java:616)
	at junit.framework.TestCase.runTest(TestCase.java:168)
	at junit.framework.TestCase.runBare(TestCase.java:134)
	at junit.framework.TestResult$1.protect(TestResult.java:110)
	at junit.framework.TestResult.runProtected(TestResult.java:128)
	at junit.framework.TestResult.run(TestResult.java:113)
	at junit.framework.TestCase.run(TestCase.java:124)
	at junit.framework.TestSuite.runTest(TestSuite.java:232)
	at junit.framework.TestSuite.run(TestSuite.java:227)
	at junit.framework.TestSuite.runTest(TestSuite.java:232)
	at junit.framework.TestSuite.run(TestSuite.java:227)
	at junit.framework.TestSuite.runTest(TestSuite.java:232)
	at junit.framework.TestSuite.run(TestSuite.java:227)
	at org.apache.tools.ant.taskdefs.optional.junit.JUnitTestRunner.run(JUnitTestRunner.java:420)
	at org.apache.tools.ant.taskdefs.optional.junit.JUnitTestRunner.launch(JUnitTestRunner.java:911)
	at org.apache.tools.ant.taskdefs.optional.junit.JUnitTestRunner.main(JUnitTestRunner.java:768)
CustomResultSet Records: 8
com.topcoder.util.config.UnknownNamespaceException: com.topcoder.util.log is unknown
	at com.topcoder.util.config.DefaultConfigManager.getPropertyObject(DefaultConfigManager.java:429)
	at com.topcoder.util.config.DefaultConfigManager.getString(DefaultConfigManager.java:449)
	at com.topcoder.util.log.LogFactory.getAttribute(LogFactory.java:224)
	at com.topcoder.util.log.basic.BasicLog.log(BasicLog.java:74)
	at com.topcoder.management.deliverable.PersistenceDeliverableManager.searchDeliverablesHelper(PersistenceDeliverableManager.java:289)
	at com.topcoder.management.deliverable.PersistenceDeliverableManager.searchDeliverablesWithSubmissionFilter(PersistenceDeliverableManager.java:217)
	at com.topcoder.management.deliverable.accuracytests.PersistenceDeliverableManagerAccuracyTests.testSearchDeliverablesWithSubmissionFilterByProjectId(PersistenceDeliverableManagerAccuracyTests.java:416)
	at sun.reflect.NativeMethodAccessorImpl.invoke0(Native Method)
	at sun.reflect.NativeMethodAccessorImpl.invoke(NativeMethodAccessorImpl.java:57)
	at sun.reflect.DelegatingMethodAccessorImpl.invoke(DelegatingMethodAccessorImpl.java:43)
	at java.lang.reflect.Method.invoke(Method.java:616)
	at junit.framework.TestCase.runTest(TestCase.java:168)
	at junit.framework.TestCase.runBare(TestCase.java:134)
	at junit.framework.TestResult$1.protect(TestResult.java:110)
	at junit.framework.TestResult.runProtected(TestResult.java:128)
	at junit.framework.TestResult.run(TestResult.java:113)
	at junit.framework.TestCase.run(TestCase.java:124)
	at junit.framework.TestSuite.runTest(TestSuite.java:232)
	at junit.framework.TestSuite.run(TestSuite.java:227)
	at junit.framework.TestSuite.runTest(TestSuite.java:232)
	at junit.framework.TestSuite.run(TestSuite.java:227)
	at junit.framework.TestSuite.runTest(TestSuite.java:232)
	at junit.framework.TestSuite.run(TestSuite.java:227)
	at org.apache.tools.ant.taskdefs.optional.junit.JUnitTestRunner.run(JUnitTestRunner.java:420)
	at org.apache.tools.ant.taskdefs.optional.junit.JUnitTestRunner.launch(JUnitTestRunner.java:911)
	at org.apache.tools.ant.taskdefs.optional.junit.JUnitTestRunner.main(JUnitTestRunner.java:768)
Deliverable Id Array: 4, 8
com.topcoder.util.config.UnknownNamespaceException: com.topcoder.util.log is unknown
	at com.topcoder.util.config.DefaultConfigManager.getPropertyObject(DefaultConfigManager.java:429)
	at com.topcoder.util.config.DefaultConfigManager.getString(DefaultConfigManager.java:449)
	at com.topcoder.util.log.LogFactory.getAttribute(LogFactory.java:224)
	at com.topcoder.util.log.basic.BasicLog.log(BasicLog.java:74)
	at com.topcoder.management.deliverable.PersistenceDeliverableManager.searchDeliverablesHelper(PersistenceDeliverableManager.java:302)
	at com.topcoder.management.deliverable.PersistenceDeliverableManager.searchDeliverablesWithSubmissionFilter(PersistenceDeliverableManager.java:217)
	at com.topcoder.management.deliverable.accuracytests.PersistenceDeliverableManagerAccuracyTests.testSearchDeliverablesWithSubmissionFilterByProjectId(PersistenceDeliverableManagerAccuracyTests.java:416)
	at sun.reflect.NativeMethodAccessorImpl.invoke0(Native Method)
	at sun.reflect.NativeMethodAccessorImpl.invoke(NativeMethodAccessorImpl.java:57)
	at sun.reflect.DelegatingMethodAccessorImpl.invoke(DelegatingMethodAccessorImpl.java:43)
	at java.lang.reflect.Method.invoke(Method.java:616)
	at junit.framework.TestCase.runTest(TestCase.java:168)
	at junit.framework.TestCase.runBare(TestCase.java:134)
	at junit.framework.TestResult$1.protect(TestResult.java:110)
	at junit.framework.TestResult.runProtected(TestResult.java:128)
	at junit.framework.TestResult.run(TestResult.java:113)
	at junit.framework.TestCase.run(TestCase.java:124)
	at junit.framework.TestSuite.runTest(TestSuite.java:232)
	at junit.framework.TestSuite.run(TestSuite.java:227)
	at junit.framework.TestSuite.runTest(TestSuite.java:232)
	at junit.framework.TestSuite.run(TestSuite.java:227)
	at junit.framework.TestSuite.runTest(TestSuite.java:232)
	at junit.framework.TestSuite.run(TestSuite.java:227)
	at org.apache.tools.ant.taskdefs.optional.junit.JUnitTestRunner.run(JUnitTestRunner.java:420)
	at org.apache.tools.ant.taskdefs.optional.junit.JUnitTestRunner.launch(JUnitTestRunner.java:911)
	at org.apache.tools.ant.taskdefs.optional.junit.JUnitTestRunner.main(JUnitTestRunner.java:768)
Loading Deliverable Array
com.topcoder.util.config.UnknownNamespaceException: com.topcoder.util.log is unknown
	at com.topcoder.util.config.DefaultConfigManager.getPropertyObject(DefaultConfigManager.java:429)
	at com.topcoder.util.config.DefaultConfigManager.getString(DefaultConfigManager.java:449)
	at com.topcoder.util.log.LogFactory.getAttribute(LogFactory.java:224)
	at com.topcoder.util.log.basic.BasicLog.log(BasicLog.java:74)
	at com.topcoder.management.deliverable.PersistenceDeliverableManager.searchDeliverablesHelper(PersistenceDeliverableManager.java:325)
	at com.topcoder.management.deliverable.PersistenceDeliverableManager.searchDeliverablesWithSubmissionFilter(PersistenceDeliverableManager.java:217)
	at com.topcoder.management.deliverable.accuracytests.PersistenceDeliverableManagerAccuracyTests.testSearchDeliverablesWithSubmissionFilterByProjectId(PersistenceDeliverableManagerAccuracyTests.java:416)
	at sun.reflect.NativeMethodAccessorImpl.invoke0(Native Method)
	at sun.reflect.NativeMethodAccessorImpl.invoke(NativeMethodAccessorImpl.java:57)
	at sun.reflect.DelegatingMethodAccessorImpl.invoke(DelegatingMethodAccessorImpl.java:43)
	at java.lang.reflect.Method.invoke(Method.java:616)
	at junit.framework.TestCase.runTest(TestCase.java:168)
	at junit.framework.TestCase.runBare(TestCase.java:134)
	at junit.framework.TestResult$1.protect(TestResult.java:110)
	at junit.framework.TestResult.runProtected(TestResult.java:128)
	at junit.framework.TestResult.run(TestResult.java:113)
	at junit.framework.TestCase.run(TestCase.java:124)
	at junit.framework.TestSuite.runTest(TestSuite.java:232)
	at junit.framework.TestSuite.run(TestSuite.java:227)
	at junit.framework.TestSuite.runTest(TestSuite.java:232)
	at junit.framework.TestSuite.run(TestSuite.java:227)
	at junit.framework.TestSuite.runTest(TestSuite.java:232)
	at junit.framework.TestSuite.run(TestSuite.java:227)
	at org.apache.tools.ant.taskdefs.optional.junit.JUnitTestRunner.run(JUnitTestRunner.java:420)
	at org.apache.tools.ant.taskdefs.optional.junit.JUnitTestRunner.launch(JUnitTestRunner.java:911)
	at org.apache.tools.ant.taskdefs.optional.junit.JUnitTestRunner.main(JUnitTestRunner.java:768)
Adding Deliverable To List
com.topcoder.util.config.UnknownNamespaceException: com.topcoder.util.log is unknown
	at com.topcoder.util.config.DefaultConfigManager.getPropertyObject(DefaultConfigManager.java:429)
	at com.topcoder.util.config.DefaultConfigManager.getString(DefaultConfigManager.java:449)
	at com.topcoder.util.log.LogFactory.getAttribute(LogFactory.java:224)
	at com.topcoder.util.log.basic.BasicLog.log(BasicLog.java:74)
	at com.topcoder.management.deliverable.PersistenceDeliverableManager.searchDeliverablesHelper(PersistenceDeliverableManager.java:302)
	at com.topcoder.management.deliverable.PersistenceDeliverableManager.searchDeliverablesWithSubmissionFilter(PersistenceDeliverableManager.java:217)
	at com.topcoder.management.deliverable.accuracytests.PersistenceDeliverableManagerAccuracyTests.testSearchDeliverablesWithSubmissionFilterByProjectId(PersistenceDeliverableManagerAccuracyTests.java:416)
	at sun.reflect.NativeMethodAccessorImpl.invoke0(Native Method)
	at sun.reflect.NativeMethodAccessorImpl.invoke(NativeMethodAccessorImpl.java:57)
	at sun.reflect.DelegatingMethodAccessorImpl.invoke(DelegatingMethodAccessorImpl.java:43)
	at java.lang.reflect.Method.invoke(Method.java:616)
	at junit.framework.TestCase.runTest(TestCase.java:168)
	at junit.framework.TestCase.runBare(TestCase.java:134)
	at junit.framework.TestResult$1.protect(TestResult.java:110)
	at junit.framework.TestResult.runProtected(TestResult.java:128)
	at junit.framework.TestResult.run(TestResult.java:113)
	at junit.framework.TestCase.run(TestCase.java:124)
	at junit.framework.TestSuite.runTest(TestSuite.java:232)
	at junit.framework.TestSuite.run(TestSuite.java:227)
	at junit.framework.TestSuite.runTest(TestSuite.java:232)
	at junit.framework.TestSuite.run(TestSuite.java:227)
	at junit.framework.TestSuite.runTest(TestSuite.java:232)
	at junit.framework.TestSuite.run(TestSuite.java:227)
	at org.apache.tools.ant.taskdefs.optional.junit.JUnitTestRunner.run(JUnitTestRunner.java:420)
	at org.apache.tools.ant.taskdefs.optional.junit.JUnitTestRunner.launch(JUnitTestRunner.java:911)
	at org.apache.tools.ant.taskdefs.optional.junit.JUnitTestRunner.main(JUnitTestRunner.java:768)
Loading Deliverable Array
com.topcoder.util.config.UnknownNamespaceException: com.topcoder.util.log is unknown
	at com.topcoder.util.config.DefaultConfigManager.getPropertyObject(DefaultConfigManager.java:429)
	at com.topcoder.util.config.DefaultConfigManager.getString(DefaultConfigManager.java:449)
	at com.topcoder.util.log.LogFactory.getAttribute(LogFactory.java:224)
	at com.topcoder.util.log.basic.BasicLog.log(BasicLog.java:74)
	at com.topcoder.management.deliverable.PersistenceDeliverableManager.searchDeliverablesHelper(PersistenceDeliverableManager.java:325)
	at com.topcoder.management.deliverable.PersistenceDeliverableManager.searchDeliverablesWithSubmissionFilter(PersistenceDeliverableManager.java:217)
	at com.topcoder.management.deliverable.accuracytests.PersistenceDeliverableManagerAccuracyTests.testSearchDeliverablesWithSubmissionFilterByProjectId(PersistenceDeliverableManagerAccuracyTests.java:416)
	at sun.reflect.NativeMethodAccessorImpl.invoke0(Native Method)
	at sun.reflect.NativeMethodAccessorImpl.invoke(NativeMethodAccessorImpl.java:57)
	at sun.reflect.DelegatingMethodAccessorImpl.invoke(DelegatingMethodAccessorImpl.java:43)
	at java.lang.reflect.Method.invoke(Method.java:616)
	at junit.framework.TestCase.runTest(TestCase.java:168)
	at junit.framework.TestCase.runBare(TestCase.java:134)
	at junit.framework.TestResult$1.protect(TestResult.java:110)
	at junit.framework.TestResult.runProtected(TestResult.java:128)
	at junit.framework.TestResult.run(TestResult.java:113)
	at junit.framework.TestCase.run(TestCase.java:124)
	at junit.framework.TestSuite.runTest(TestSuite.java:232)
	at junit.framework.TestSuite.run(TestSuite.java:227)
	at junit.framework.TestSuite.runTest(TestSuite.java:232)
	at junit.framework.TestSuite.run(TestSuite.java:227)
	at junit.framework.TestSuite.runTest(TestSuite.java:232)
	at junit.framework.TestSuite.run(TestSuite.java:227)
	at org.apache.tools.ant.taskdefs.optional.junit.JUnitTestRunner.run(JUnitTestRunner.java:420)
	at org.apache.tools.ant.taskdefs.optional.junit.JUnitTestRunner.launch(JUnitTestRunner.java:911)
	at org.apache.tools.ant.taskdefs.optional.junit.JUnitTestRunner.main(JUnitTestRunner.java:768)
Adding Deliverable To List
com.topcoder.util.config.UnknownNamespaceException: com.topcoder.util.log is unknown
	at com.topcoder.util.config.DefaultConfigManager.getPropertyObject(DefaultConfigManager.java:429)
	at com.topcoder.util.config.DefaultConfigManager.getString(DefaultConfigManager.java:449)
	at com.topcoder.util.log.LogFactory.getAttribute(LogFactory.java:224)
	at com.topcoder.util.log.basic.BasicLog.log(BasicLog.java:74)
	at com.topcoder.management.deliverable.PersistenceDeliverableManager.searchDeliverablesHelper(PersistenceDeliverableManager.java:302)
	at com.topcoder.management.deliverable.PersistenceDeliverableManager.searchDeliverablesWithSubmissionFilter(PersistenceDeliverableManager.java:217)
	at com.topcoder.management.deliverable.accuracytests.PersistenceDeliverableManagerAccuracyTests.testSearchDeliverablesWithSubmissionFilterByProjectId(PersistenceDeliverableManagerAccuracyTests.java:416)
	at sun.reflect.NativeMethodAccessorImpl.invoke0(Native Method)
	at sun.reflect.NativeMethodAccessorImpl.invoke(NativeMethodAccessorImpl.java:57)
	at sun.reflect.DelegatingMethodAccessorImpl.invoke(DelegatingMethodAccessorImpl.java:43)
	at java.lang.reflect.Method.invoke(Method.java:616)
	at junit.framework.TestCase.runTest(TestCase.java:168)
	at junit.framework.TestCase.runBare(TestCase.java:134)
	at junit.framework.TestResult$1.protect(TestResult.java:110)
	at junit.framework.TestResult.runProtected(TestResult.java:128)
	at junit.framework.TestResult.run(TestResult.java:113)
	at junit.framework.TestCase.run(TestCase.java:124)
	at junit.framework.TestSuite.runTest(TestSuite.java:232)
	at junit.framework.TestSuite.run(TestSuite.java:227)
	at junit.framework.TestSuite.runTest(TestSuite.java:232)
	at junit.framework.TestSuite.run(TestSuite.java:227)
	at junit.framework.TestSuite.runTest(TestSuite.java:232)
	at junit.framework.TestSuite.run(TestSuite.java:227)
	at org.apache.tools.ant.taskdefs.optional.junit.JUnitTestRunner.run(JUnitTestRunner.java:420)
	at org.apache.tools.ant.taskdefs.optional.junit.JUnitTestRunner.launch(JUnitTestRunner.java:911)
	at org.apache.tools.ant.taskdefs.optional.junit.JUnitTestRunner.main(JUnitTestRunner.java:768)
Loading Deliverable Array
com.topcoder.util.config.UnknownNamespaceException: com.topcoder.util.log is unknown
	at com.topcoder.util.config.DefaultConfigManager.getPropertyObject(DefaultConfigManager.java:429)
	at com.topcoder.util.config.DefaultConfigManager.getString(DefaultConfigManager.java:449)
	at com.topcoder.util.log.LogFactory.getAttribute(LogFactory.java:224)
	at com.topcoder.util.log.basic.BasicLog.log(BasicLog.java:74)
	at com.topcoder.management.deliverable.PersistenceDeliverableManager.searchDeliverablesHelper(PersistenceDeliverableManager.java:325)
	at com.topcoder.management.deliverable.PersistenceDeliverableManager.searchDeliverablesWithSubmissionFilter(PersistenceDeliverableManager.java:217)
	at com.topcoder.management.deliverable.accuracytests.PersistenceDeliverableManagerAccuracyTests.testSearchDeliverablesWithSubmissionFilterByProjectId(PersistenceDeliverableManagerAccuracyTests.java:416)
	at sun.reflect.NativeMethodAccessorImpl.invoke0(Native Method)
	at sun.reflect.NativeMethodAccessorImpl.invoke(NativeMethodAccessorImpl.java:57)
	at sun.reflect.DelegatingMethodAccessorImpl.invoke(DelegatingMethodAccessorImpl.java:43)
	at java.lang.reflect.Method.invoke(Method.java:616)
	at junit.framework.TestCase.runTest(TestCase.java:168)
	at junit.framework.TestCase.runBare(TestCase.java:134)
	at junit.framework.TestResult$1.protect(TestResult.java:110)
	at junit.framework.TestResult.runProtected(TestResult.java:128)
	at junit.framework.TestResult.run(TestResult.java:113)
	at junit.framework.TestCase.run(TestCase.java:124)
	at junit.framework.TestSuite.runTest(TestSuite.java:232)
	at junit.framework.TestSuite.run(TestSuite.java:227)
	at junit.framework.TestSuite.runTest(TestSuite.java:232)
	at junit.framework.TestSuite.run(TestSuite.java:227)
	at junit.framework.TestSuite.runTest(TestSuite.java:232)
	at junit.framework.TestSuite.run(TestSuite.java:227)
	at org.apache.tools.ant.taskdefs.optional.junit.JUnitTestRunner.run(JUnitTestRunner.java:420)
	at org.apache.tools.ant.taskdefs.optional.junit.JUnitTestRunner.launch(JUnitTestRunner.java:911)
	at org.apache.tools.ant.taskdefs.optional.junit.JUnitTestRunner.main(JUnitTestRunner.java:768)
Adding Deliverable To List
com.topcoder.util.config.UnknownNamespaceException: com.topcoder.util.log is unknown
	at com.topcoder.util.config.DefaultConfigManager.getPropertyObject(DefaultConfigManager.java:429)
	at com.topcoder.util.config.DefaultConfigManager.getString(DefaultConfigManager.java:449)
	at com.topcoder.util.log.LogFactory.getAttribute(LogFactory.java:224)
	at com.topcoder.util.log.basic.BasicLog.log(BasicLog.java:74)
	at com.topcoder.management.deliverable.PersistenceDeliverableManager.searchDeliverablesHelper(PersistenceDeliverableManager.java:302)
	at com.topcoder.management.deliverable.PersistenceDeliverableManager.searchDeliverablesWithSubmissionFilter(PersistenceDeliverableManager.java:217)
	at com.topcoder.management.deliverable.accuracytests.PersistenceDeliverableManagerAccuracyTests.testSearchDeliverablesWithSubmissionFilterByProjectId(PersistenceDeliverableManagerAccuracyTests.java:416)
	at sun.reflect.NativeMethodAccessorImpl.invoke0(Native Method)
	at sun.reflect.NativeMethodAccessorImpl.invoke(NativeMethodAccessorImpl.java:57)
	at sun.reflect.DelegatingMethodAccessorImpl.invoke(DelegatingMethodAccessorImpl.java:43)
	at java.lang.reflect.Method.invoke(Method.java:616)
	at junit.framework.TestCase.runTest(TestCase.java:168)
	at junit.framework.TestCase.runBare(TestCase.java:134)
	at junit.framework.TestResult$1.protect(TestResult.java:110)
	at junit.framework.TestResult.runProtected(TestResult.java:128)
	at junit.framework.TestResult.run(TestResult.java:113)
	at junit.framework.TestCase.run(TestCase.java:124)
	at junit.framework.TestSuite.runTest(TestSuite.java:232)
	at junit.framework.TestSuite.run(TestSuite.java:227)
	at junit.framework.TestSuite.runTest(TestSuite.java:232)
	at junit.framework.TestSuite.run(TestSuite.java:227)
	at junit.framework.TestSuite.runTest(TestSuite.java:232)
	at junit.framework.TestSuite.run(TestSuite.java:227)
	at org.apache.tools.ant.taskdefs.optional.junit.JUnitTestRunner.run(JUnitTestRunner.java:420)
	at org.apache.tools.ant.taskdefs.optional.junit.JUnitTestRunner.launch(JUnitTestRunner.java:911)
	at org.apache.tools.ant.taskdefs.optional.junit.JUnitTestRunner.main(JUnitTestRunner.java:768)
Loading Deliverable Array
com.topcoder.util.config.UnknownNamespaceException: com.topcoder.util.log is unknown
	at com.topcoder.util.config.DefaultConfigManager.getPropertyObject(DefaultConfigManager.java:429)
	at com.topcoder.util.config.DefaultConfigManager.getString(DefaultConfigManager.java:449)
	at com.topcoder.util.log.LogFactory.getAttribute(LogFactory.java:224)
	at com.topcoder.util.log.basic.BasicLog.log(BasicLog.java:74)
	at com.topcoder.management.deliverable.PersistenceDeliverableManager.searchDeliverablesHelper(PersistenceDeliverableManager.java:325)
	at com.topcoder.management.deliverable.PersistenceDeliverableManager.searchDeliverablesWithSubmissionFilter(PersistenceDeliverableManager.java:217)
	at com.topcoder.management.deliverable.accuracytests.PersistenceDeliverableManagerAccuracyTests.testSearchDeliverablesWithSubmissionFilterByProjectId(PersistenceDeliverableManagerAccuracyTests.java:416)
	at sun.reflect.NativeMethodAccessorImpl.invoke0(Native Method)
	at sun.reflect.NativeMethodAccessorImpl.invoke(NativeMethodAccessorImpl.java:57)
	at sun.reflect.DelegatingMethodAccessorImpl.invoke(DelegatingMethodAccessorImpl.java:43)
	at java.lang.reflect.Method.invoke(Method.java:616)
	at junit.framework.TestCase.runTest(TestCase.java:168)
	at junit.framework.TestCase.runBare(TestCase.java:134)
	at junit.framework.TestResult$1.protect(TestResult.java:110)
	at junit.framework.TestResult.runProtected(TestResult.java:128)
	at junit.framework.TestResult.run(TestResult.java:113)
	at junit.framework.TestCase.run(TestCase.java:124)
	at junit.framework.TestSuite.runTest(TestSuite.java:232)
	at junit.framework.TestSuite.run(TestSuite.java:227)
	at junit.framework.TestSuite.runTest(TestSuite.java:232)
	at junit.framework.TestSuite.run(TestSuite.java:227)
	at junit.framework.TestSuite.runTest(TestSuite.java:232)
	at junit.framework.TestSuite.run(TestSuite.java:227)
	at org.apache.tools.ant.taskdefs.optional.junit.JUnitTestRunner.run(JUnitTestRunner.java:420)
	at org.apache.tools.ant.taskdefs.optional.junit.JUnitTestRunner.launch(JUnitTestRunner.java:911)
	at org.apache.tools.ant.taskdefs.optional.junit.JUnitTestRunner.main(JUnitTestRunner.java:768)
Adding Deliverable To List
com.topcoder.util.config.UnknownNamespaceException: com.topcoder.util.log is unknown
	at com.topcoder.util.config.DefaultConfigManager.getPropertyObject(DefaultConfigManager.java:429)
	at com.topcoder.util.config.DefaultConfigManager.getString(DefaultConfigManager.java:449)
	at com.topcoder.util.log.LogFactory.getAttribute(LogFactory.java:224)
	at com.topcoder.util.log.basic.BasicLog.log(BasicLog.java:74)
	at com.topcoder.management.deliverable.PersistenceDeliverableManager.searchDeliverablesHelper(PersistenceDeliverableManager.java:302)
	at com.topcoder.management.deliverable.PersistenceDeliverableManager.searchDeliverablesWithSubmissionFilter(PersistenceDeliverableManager.java:217)
	at com.topcoder.management.deliverable.accuracytests.PersistenceDeliverableManagerAccuracyTests.testSearchDeliverablesWithSubmissionFilterByProjectId(PersistenceDeliverableManagerAccuracyTests.java:416)
	at sun.reflect.NativeMethodAccessorImpl.invoke0(Native Method)
	at sun.reflect.NativeMethodAccessorImpl.invoke(NativeMethodAccessorImpl.java:57)
	at sun.reflect.DelegatingMethodAccessorImpl.invoke(DelegatingMethodAccessorImpl.java:43)
	at java.lang.reflect.Method.invoke(Method.java:616)
	at junit.framework.TestCase.runTest(TestCase.java:168)
	at junit.framework.TestCase.runBare(TestCase.java:134)
	at junit.framework.TestResult$1.protect(TestResult.java:110)
	at junit.framework.TestResult.runProtected(TestResult.java:128)
	at junit.framework.TestResult.run(TestResult.java:113)
	at junit.framework.TestCase.run(TestCase.java:124)
	at junit.framework.TestSuite.runTest(TestSuite.java:232)
	at junit.framework.TestSuite.run(TestSuite.java:227)
	at junit.framework.TestSuite.runTest(TestSuite.java:232)
	at junit.framework.TestSuite.run(TestSuite.java:227)
	at junit.framework.TestSuite.runTest(TestSuite.java:232)
	at junit.framework.TestSuite.run(TestSuite.java:227)
	at org.apache.tools.ant.taskdefs.optional.junit.JUnitTestRunner.run(JUnitTestRunner.java:420)
	at org.apache.tools.ant.taskdefs.optional.junit.JUnitTestRunner.launch(JUnitTestRunner.java:911)
	at org.apache.tools.ant.taskdefs.optional.junit.JUnitTestRunner.main(JUnitTestRunner.java:768)
Loading Deliverable Array
com.topcoder.util.config.UnknownNamespaceException: com.topcoder.util.log is unknown
	at com.topcoder.util.config.DefaultConfigManager.getPropertyObject(DefaultConfigManager.java:429)
	at com.topcoder.util.config.DefaultConfigManager.getString(DefaultConfigManager.java:449)
	at com.topcoder.util.log.LogFactory.getAttribute(LogFactory.java:224)
	at com.topcoder.util.log.basic.BasicLog.log(BasicLog.java:74)
	at com.topcoder.management.deliverable.PersistenceDeliverableManager.searchDeliverablesHelper(PersistenceDeliverableManager.java:325)
	at com.topcoder.management.deliverable.PersistenceDeliverableManager.searchDeliverablesWithSubmissionFilter(PersistenceDeliverableManager.java:217)
	at com.topcoder.management.deliverable.accuracytests.PersistenceDeliverableManagerAccuracyTests.testSearchDeliverablesWithSubmissionFilterByProjectId(PersistenceDeliverableManagerAccuracyTests.java:416)
	at sun.reflect.NativeMethodAccessorImpl.invoke0(Native Method)
	at sun.reflect.NativeMethodAccessorImpl.invoke(NativeMethodAccessorImpl.java:57)
	at sun.reflect.DelegatingMethodAccessorImpl.invoke(DelegatingMethodAccessorImpl.java:43)
	at java.lang.reflect.Method.invoke(Method.java:616)
	at junit.framework.TestCase.runTest(TestCase.java:168)
	at junit.framework.TestCase.runBare(TestCase.java:134)
	at junit.framework.TestResult$1.protect(TestResult.java:110)
	at junit.framework.TestResult.runProtected(TestResult.java:128)
	at junit.framework.TestResult.run(TestResult.java:113)
	at junit.framework.TestCase.run(TestCase.java:124)
	at junit.framework.TestSuite.runTest(TestSuite.java:232)
	at junit.framework.TestSuite.run(TestSuite.java:227)
	at junit.framework.TestSuite.runTest(TestSuite.java:232)
	at junit.framework.TestSuite.run(TestSuite.java:227)
	at junit.framework.TestSuite.runTest(TestSuite.java:232)
	at junit.framework.TestSuite.run(TestSuite.java:227)
	at org.apache.tools.ant.taskdefs.optional.junit.JUnitTestRunner.run(JUnitTestRunner.java:420)
	at org.apache.tools.ant.taskdefs.optional.junit.JUnitTestRunner.launch(JUnitTestRunner.java:911)
	at org.apache.tools.ant.taskdefs.optional.junit.JUnitTestRunner.main(JUnitTestRunner.java:768)
Adding Deliverable To List
com.topcoder.util.config.UnknownNamespaceException: com.topcoder.util.log is unknown
	at com.topcoder.util.config.DefaultConfigManager.getPropertyObject(DefaultConfigManager.java:429)
	at com.topcoder.util.config.DefaultConfigManager.getString(DefaultConfigManager.java:449)
	at com.topcoder.util.log.LogFactory.getAttribute(LogFactory.java:224)
	at com.topcoder.util.log.basic.BasicLog.log(BasicLog.java:74)
	at com.topcoder.management.deliverable.PersistenceDeliverableManager.searchDeliverablesHelper(PersistenceDeliverableManager.java:302)
	at com.topcoder.management.deliverable.PersistenceDeliverableManager.searchDeliverablesWithSubmissionFilter(PersistenceDeliverableManager.java:217)
	at com.topcoder.management.deliverable.accuracytests.PersistenceDeliverableManagerAccuracyTests.testSearchDeliverablesWithSubmissionFilterByProjectId(PersistenceDeliverableManagerAccuracyTests.java:416)
	at sun.reflect.NativeMethodAccessorImpl.invoke0(Native Method)
	at sun.reflect.NativeMethodAccessorImpl.invoke(NativeMethodAccessorImpl.java:57)
	at sun.reflect.DelegatingMethodAccessorImpl.invoke(DelegatingMethodAccessorImpl.java:43)
	at java.lang.reflect.Method.invoke(Method.java:616)
	at junit.framework.TestCase.runTest(TestCase.java:168)
	at junit.framework.TestCase.runBare(TestCase.java:134)
	at junit.framework.TestResult$1.protect(TestResult.java:110)
	at junit.framework.TestResult.runProtected(TestResult.java:128)
	at junit.framework.TestResult.run(TestResult.java:113)
	at junit.framework.TestCase.run(TestCase.java:124)
	at junit.framework.TestSuite.runTest(TestSuite.java:232)
	at junit.framework.TestSuite.run(TestSuite.java:227)
	at junit.framework.TestSuite.runTest(TestSuite.java:232)
	at junit.framework.TestSuite.run(TestSuite.java:227)
	at junit.framework.TestSuite.runTest(TestSuite.java:232)
	at junit.framework.TestSuite.run(TestSuite.java:227)
	at org.apache.tools.ant.taskdefs.optional.junit.JUnitTestRunner.run(JUnitTestRunner.java:420)
	at org.apache.tools.ant.taskdefs.optional.junit.JUnitTestRunner.launch(JUnitTestRunner.java:911)
	at org.apache.tools.ant.taskdefs.optional.junit.JUnitTestRunner.main(JUnitTestRunner.java:768)
Loading Deliverable Array
com.topcoder.util.config.UnknownNamespaceException: com.topcoder.util.log is unknown
	at com.topcoder.util.config.DefaultConfigManager.getPropertyObject(DefaultConfigManager.java:429)
	at com.topcoder.util.config.DefaultConfigManager.getString(DefaultConfigManager.java:449)
	at com.topcoder.util.log.LogFactory.getAttribute(LogFactory.java:224)
	at com.topcoder.util.log.basic.BasicLog.log(BasicLog.java:74)
	at com.topcoder.management.deliverable.PersistenceDeliverableManager.searchDeliverablesHelper(PersistenceDeliverableManager.java:325)
	at com.topcoder.management.deliverable.PersistenceDeliverableManager.searchDeliverablesWithSubmissionFilter(PersistenceDeliverableManager.java:217)
	at com.topcoder.management.deliverable.accuracytests.PersistenceDeliverableManagerAccuracyTests.testSearchDeliverablesWithSubmissionFilterByProjectId(PersistenceDeliverableManagerAccuracyTests.java:416)
	at sun.reflect.NativeMethodAccessorImpl.invoke0(Native Method)
	at sun.reflect.NativeMethodAccessorImpl.invoke(NativeMethodAccessorImpl.java:57)
	at sun.reflect.DelegatingMethodAccessorImpl.invoke(DelegatingMethodAccessorImpl.java:43)
	at java.lang.reflect.Method.invoke(Method.java:616)
	at junit.framework.TestCase.runTest(TestCase.java:168)
	at junit.framework.TestCase.runBare(TestCase.java:134)
	at junit.framework.TestResult$1.protect(TestResult.java:110)
	at junit.framework.TestResult.runProtected(TestResult.java:128)
	at junit.framework.TestResult.run(TestResult.java:113)
	at junit.framework.TestCase.run(TestCase.java:124)
	at junit.framework.TestSuite.runTest(TestSuite.java:232)
	at junit.framework.TestSuite.run(TestSuite.java:227)
	at junit.framework.TestSuite.runTest(TestSuite.java:232)
	at junit.framework.TestSuite.run(TestSuite.java:227)
	at junit.framework.TestSuite.runTest(TestSuite.java:232)
	at junit.framework.TestSuite.run(TestSuite.java:227)
	at org.apache.tools.ant.taskdefs.optional.junit.JUnitTestRunner.run(JUnitTestRunner.java:420)
	at org.apache.tools.ant.taskdefs.optional.junit.JUnitTestRunner.launch(JUnitTestRunner.java:911)
	at org.apache.tools.ant.taskdefs.optional.junit.JUnitTestRunner.main(JUnitTestRunner.java:768)
Adding Deliverable To List
com.topcoder.util.config.UnknownNamespaceException: com.topcoder.util.log is unknown
	at com.topcoder.util.config.DefaultConfigManager.getPropertyObject(DefaultConfigManager.java:429)
	at com.topcoder.util.config.DefaultConfigManager.getString(DefaultConfigManager.java:449)
	at com.topcoder.util.log.LogFactory.getAttribute(LogFactory.java:224)
	at com.topcoder.util.log.basic.BasicLog.log(BasicLog.java:74)
	at com.topcoder.management.deliverable.PersistenceDeliverableManager.searchDeliverablesHelper(PersistenceDeliverableManager.java:302)
	at com.topcoder.management.deliverable.PersistenceDeliverableManager.searchDeliverablesWithSubmissionFilter(PersistenceDeliverableManager.java:217)
	at com.topcoder.management.deliverable.accuracytests.PersistenceDeliverableManagerAccuracyTests.testSearchDeliverablesWithSubmissionFilterByProjectId(PersistenceDeliverableManagerAccuracyTests.java:416)
	at sun.reflect.NativeMethodAccessorImpl.invoke0(Native Method)
	at sun.reflect.NativeMethodAccessorImpl.invoke(NativeMethodAccessorImpl.java:57)
	at sun.reflect.DelegatingMethodAccessorImpl.invoke(DelegatingMethodAccessorImpl.java:43)
	at java.lang.reflect.Method.invoke(Method.java:616)
	at junit.framework.TestCase.runTest(TestCase.java:168)
	at junit.framework.TestCase.runBare(TestCase.java:134)
	at junit.framework.TestResult$1.protect(TestResult.java:110)
	at junit.framework.TestResult.runProtected(TestResult.java:128)
	at junit.framework.TestResult.run(TestResult.java:113)
	at junit.framework.TestCase.run(TestCase.java:124)
	at junit.framework.TestSuite.runTest(TestSuite.java:232)
	at junit.framework.TestSuite.run(TestSuite.java:227)
	at junit.framework.TestSuite.runTest(TestSuite.java:232)
	at junit.framework.TestSuite.run(TestSuite.java:227)
	at junit.framework.TestSuite.runTest(TestSuite.java:232)
	at junit.framework.TestSuite.run(TestSuite.java:227)
	at org.apache.tools.ant.taskdefs.optional.junit.JUnitTestRunner.run(JUnitTestRunner.java:420)
	at org.apache.tools.ant.taskdefs.optional.junit.JUnitTestRunner.launch(JUnitTestRunner.java:911)
	at org.apache.tools.ant.taskdefs.optional.junit.JUnitTestRunner.main(JUnitTestRunner.java:768)
Loading Deliverable Array
com.topcoder.util.config.UnknownNamespaceException: com.topcoder.util.log is unknown
	at com.topcoder.util.config.DefaultConfigManager.getPropertyObject(DefaultConfigManager.java:429)
	at com.topcoder.util.config.DefaultConfigManager.getString(DefaultConfigManager.java:449)
	at com.topcoder.util.log.LogFactory.getAttribute(LogFactory.java:224)
	at com.topcoder.util.log.basic.BasicLog.log(BasicLog.java:74)
	at com.topcoder.management.deliverable.PersistenceDeliverableManager.searchDeliverablesHelper(PersistenceDeliverableManager.java:325)
	at com.topcoder.management.deliverable.PersistenceDeliverableManager.searchDeliverablesWithSubmissionFilter(PersistenceDeliverableManager.java:217)
	at com.topcoder.management.deliverable.accuracytests.PersistenceDeliverableManagerAccuracyTests.testSearchDeliverablesWithSubmissionFilterByProjectId(PersistenceDeliverableManagerAccuracyTests.java:416)
	at sun.reflect.NativeMethodAccessorImpl.invoke0(Native Method)
	at sun.reflect.NativeMethodAccessorImpl.invoke(NativeMethodAccessorImpl.java:57)
	at sun.reflect.DelegatingMethodAccessorImpl.invoke(DelegatingMethodAccessorImpl.java:43)
	at java.lang.reflect.Method.invoke(Method.java:616)
	at junit.framework.TestCase.runTest(TestCase.java:168)
	at junit.framework.TestCase.runBare(TestCase.java:134)
	at junit.framework.TestResult$1.protect(TestResult.java:110)
	at junit.framework.TestResult.runProtected(TestResult.java:128)
	at junit.framework.TestResult.run(TestResult.java:113)
	at junit.framework.TestCase.run(TestCase.java:124)
	at junit.framework.TestSuite.runTest(TestSuite.java:232)
	at junit.framework.TestSuite.run(TestSuite.java:227)
	at junit.framework.TestSuite.runTest(TestSuite.java:232)
	at junit.framework.TestSuite.run(TestSuite.java:227)
	at junit.framework.TestSuite.runTest(TestSuite.java:232)
	at junit.framework.TestSuite.run(TestSuite.java:227)
	at org.apache.tools.ant.taskdefs.optional.junit.JUnitTestRunner.run(JUnitTestRunner.java:420)
	at org.apache.tools.ant.taskdefs.optional.junit.JUnitTestRunner.launch(JUnitTestRunner.java:911)
	at org.apache.tools.ant.taskdefs.optional.junit.JUnitTestRunner.main(JUnitTestRunner.java:768)
Adding Deliverable To List
com.topcoder.util.config.UnknownNamespaceException: com.topcoder.util.log is unknown
	at com.topcoder.util.config.DefaultConfigManager.getPropertyObject(DefaultConfigManager.java:429)
	at com.topcoder.util.config.DefaultConfigManager.getString(DefaultConfigManager.java:449)
	at com.topcoder.util.log.LogFactory.getAttribute(LogFactory.java:224)
	at com.topcoder.util.log.basic.BasicLog.log(BasicLog.java:74)
	at com.topcoder.management.deliverable.PersistenceDeliverableManager.searchDeliverablesHelper(PersistenceDeliverableManager.java:302)
	at com.topcoder.management.deliverable.PersistenceDeliverableManager.searchDeliverablesWithSubmissionFilter(PersistenceDeliverableManager.java:217)
	at com.topcoder.management.deliverable.accuracytests.PersistenceDeliverableManagerAccuracyTests.testSearchDeliverablesWithSubmissionFilterByProjectId(PersistenceDeliverableManagerAccuracyTests.java:416)
	at sun.reflect.NativeMethodAccessorImpl.invoke0(Native Method)
	at sun.reflect.NativeMethodAccessorImpl.invoke(NativeMethodAccessorImpl.java:57)
	at sun.reflect.DelegatingMethodAccessorImpl.invoke(DelegatingMethodAccessorImpl.java:43)
	at java.lang.reflect.Method.invoke(Method.java:616)
	at junit.framework.TestCase.runTest(TestCase.java:168)
	at junit.framework.TestCase.runBare(TestCase.java:134)
	at junit.framework.TestResult$1.protect(TestResult.java:110)
	at junit.framework.TestResult.runProtected(TestResult.java:128)
	at junit.framework.TestResult.run(TestResult.java:113)
	at junit.framework.TestCase.run(TestCase.java:124)
	at junit.framework.TestSuite.runTest(TestSuite.java:232)
	at junit.framework.TestSuite.run(TestSuite.java:227)
	at junit.framework.TestSuite.runTest(TestSuite.java:232)
	at junit.framework.TestSuite.run(TestSuite.java:227)
	at junit.framework.TestSuite.runTest(TestSuite.java:232)
	at junit.framework.TestSuite.run(TestSuite.java:227)
	at org.apache.tools.ant.taskdefs.optional.junit.JUnitTestRunner.run(JUnitTestRunner.java:420)
	at org.apache.tools.ant.taskdefs.optional.junit.JUnitTestRunner.launch(JUnitTestRunner.java:911)
	at org.apache.tools.ant.taskdefs.optional.junit.JUnitTestRunner.main(JUnitTestRunner.java:768)
Loading Deliverable Array
com.topcoder.util.config.UnknownNamespaceException: com.topcoder.util.log is unknown
	at com.topcoder.util.config.DefaultConfigManager.getPropertyObject(DefaultConfigManager.java:429)
	at com.topcoder.util.config.DefaultConfigManager.getString(DefaultConfigManager.java:449)
	at com.topcoder.util.log.LogFactory.getAttribute(LogFactory.java:224)
	at com.topcoder.util.log.basic.BasicLog.log(BasicLog.java:74)
	at com.topcoder.management.deliverable.PersistenceDeliverableManager.searchDeliverablesHelper(PersistenceDeliverableManager.java:325)
	at com.topcoder.management.deliverable.PersistenceDeliverableManager.searchDeliverablesWithSubmissionFilter(PersistenceDeliverableManager.java:217)
	at com.topcoder.management.deliverable.accuracytests.PersistenceDeliverableManagerAccuracyTests.testSearchDeliverablesWithSubmissionFilterByProjectId(PersistenceDeliverableManagerAccuracyTests.java:416)
	at sun.reflect.NativeMethodAccessorImpl.invoke0(Native Method)
	at sun.reflect.NativeMethodAccessorImpl.invoke(NativeMethodAccessorImpl.java:57)
	at sun.reflect.DelegatingMethodAccessorImpl.invoke(DelegatingMethodAccessorImpl.java:43)
	at java.lang.reflect.Method.invoke(Method.java:616)
	at junit.framework.TestCase.runTest(TestCase.java:168)
	at junit.framework.TestCase.runBare(TestCase.java:134)
	at junit.framework.TestResult$1.protect(TestResult.java:110)
	at junit.framework.TestResult.runProtected(TestResult.java:128)
	at junit.framework.TestResult.run(TestResult.java:113)
	at junit.framework.TestCase.run(TestCase.java:124)
	at junit.framework.TestSuite.runTest(TestSuite.java:232)
	at junit.framework.TestSuite.run(TestSuite.java:227)
	at junit.framework.TestSuite.runTest(TestSuite.java:232)
	at junit.framework.TestSuite.run(TestSuite.java:227)
	at junit.framework.TestSuite.runTest(TestSuite.java:232)
	at junit.framework.TestSuite.run(TestSuite.java:227)
	at org.apache.tools.ant.taskdefs.optional.junit.JUnitTestRunner.run(JUnitTestRunner.java:420)
	at org.apache.tools.ant.taskdefs.optional.junit.JUnitTestRunner.launch(JUnitTestRunner.java:911)
	at org.apache.tools.ant.taskdefs.optional.junit.JUnitTestRunner.main(JUnitTestRunner.java:768)
Adding Deliverable To List
com.topcoder.util.config.UnknownNamespaceException: com.topcoder.util.log is unknown
	at com.topcoder.util.config.DefaultConfigManager.getPropertyObject(DefaultConfigManager.java:429)
	at com.topcoder.util.config.DefaultConfigManager.getString(DefaultConfigManager.java:449)
	at com.topcoder.util.log.LogFactory.getAttribute(LogFactory.java:224)
	at com.topcoder.util.log.basic.BasicLog.log(BasicLog.java:74)
	at com.topcoder.management.deliverable.PersistenceDeliverableManager.<init>(PersistenceDeliverableManager.java:157)
	at com.topcoder.management.deliverable.PersistenceDeliverableManager.<init>(PersistenceDeliverableManager.java:183)
	at com.topcoder.management.deliverable.accuracytests.PersistenceDeliverableManagerAccuracyTests.setUp(PersistenceDeliverableManagerAccuracyTests.java:122)
	at junit.framework.TestCase.runBare(TestCase.java:132)
	at junit.framework.TestResult$1.protect(TestResult.java:110)
	at junit.framework.TestResult.runProtected(TestResult.java:128)
	at junit.framework.TestResult.run(TestResult.java:113)
	at junit.framework.TestCase.run(TestCase.java:124)
	at junit.framework.TestSuite.runTest(TestSuite.java:232)
	at junit.framework.TestSuite.run(TestSuite.java:227)
	at junit.framework.TestSuite.runTest(TestSuite.java:232)
	at junit.framework.TestSuite.run(TestSuite.java:227)
	at junit.framework.TestSuite.runTest(TestSuite.java:232)
	at junit.framework.TestSuite.run(TestSuite.java:227)
	at org.apache.tools.ant.taskdefs.optional.junit.JUnitTestRunner.run(JUnitTestRunner.java:420)
	at org.apache.tools.ant.taskdefs.optional.junit.JUnitTestRunner.launch(JUnitTestRunner.java:911)
	at org.apache.tools.ant.taskdefs.optional.junit.JUnitTestRunner.main(JUnitTestRunner.java:768)
Instantiate PersistenceDeliverableManager with DeliverablePersistence, deliverableCheckers map,deliverableSearchBundle and submissionSearchBundle.
com.topcoder.util.config.UnknownNamespaceException: com.topcoder.util.log is unknown
	at com.topcoder.util.config.DefaultConfigManager.getPropertyObject(DefaultConfigManager.java:429)
	at com.topcoder.util.config.DefaultConfigManager.getString(DefaultConfigManager.java:449)
	at com.topcoder.util.log.LogFactory.getAttribute(LogFactory.java:224)
	at com.topcoder.util.log.basic.BasicLog.log(BasicLog.java:74)
	at com.topcoder.management.deliverable.PersistenceDeliverableManager.searchDeliverablesWithSubmissionFilter(PersistenceDeliverableManager.java:216)
	at com.topcoder.management.deliverable.accuracytests.PersistenceDeliverableManagerAccuracyTests.testSearchDeliverablesWithSubmissionFilterByPhaseId(PersistenceDeliverableManagerAccuracyTests.java:438)
	at sun.reflect.NativeMethodAccessorImpl.invoke0(Native Method)
	at sun.reflect.NativeMethodAccessorImpl.invoke(NativeMethodAccessorImpl.java:57)
	at sun.reflect.DelegatingMethodAccessorImpl.invoke(DelegatingMethodAccessorImpl.java:43)
	at java.lang.reflect.Method.invoke(Method.java:616)
	at junit.framework.TestCase.runTest(TestCase.java:168)
	at junit.framework.TestCase.runBare(TestCase.java:134)
	at junit.framework.TestResult$1.protect(TestResult.java:110)
	at junit.framework.TestResult.runProtected(TestResult.java:128)
	at junit.framework.TestResult.run(TestResult.java:113)
	at junit.framework.TestCase.run(TestCase.java:124)
	at junit.framework.TestSuite.runTest(TestSuite.java:232)
	at junit.framework.TestSuite.run(TestSuite.java:227)
	at junit.framework.TestSuite.runTest(TestSuite.java:232)
	at junit.framework.TestSuite.run(TestSuite.java:227)
	at junit.framework.TestSuite.runTest(TestSuite.java:232)
	at junit.framework.TestSuite.run(TestSuite.java:227)
	at org.apache.tools.ant.taskdefs.optional.junit.JUnitTestRunner.run(JUnitTestRunner.java:420)
	at org.apache.tools.ant.taskdefs.optional.junit.JUnitTestRunner.launch(JUnitTestRunner.java:911)
	at org.apache.tools.ant.taskdefs.optional.junit.JUnitTestRunner.main(JUnitTestRunner.java:768)
search deliverables with submission filter.
com.topcoder.util.config.UnknownNamespaceException: com.topcoder.util.log is unknown
	at com.topcoder.util.config.DefaultConfigManager.getPropertyObject(DefaultConfigManager.java:429)
	at com.topcoder.util.config.DefaultConfigManager.getString(DefaultConfigManager.java:449)
	at com.topcoder.util.log.LogFactory.getAttribute(LogFactory.java:224)
	at com.topcoder.util.log.basic.BasicLog.log(BasicLog.java:74)
	at com.topcoder.management.deliverable.DeliverableHelper.checkAndGetCustomResultSetValidDeliverable(DeliverableHelper.java:156)
	at com.topcoder.management.deliverable.PersistenceDeliverableManager.searchDeliverablesHelper(PersistenceDeliverableManager.java:284)
	at com.topcoder.management.deliverable.PersistenceDeliverableManager.searchDeliverablesWithSubmissionFilter(PersistenceDeliverableManager.java:217)
	at com.topcoder.management.deliverable.accuracytests.PersistenceDeliverableManagerAccuracyTests.testSearchDeliverablesWithSubmissionFilterByPhaseId(PersistenceDeliverableManagerAccuracyTests.java:438)
	at sun.reflect.NativeMethodAccessorImpl.invoke0(Native Method)
	at sun.reflect.NativeMethodAccessorImpl.invoke(NativeMethodAccessorImpl.java:57)
	at sun.reflect.DelegatingMethodAccessorImpl.invoke(DelegatingMethodAccessorImpl.java:43)
	at java.lang.reflect.Method.invoke(Method.java:616)
	at junit.framework.TestCase.runTest(TestCase.java:168)
	at junit.framework.TestCase.runBare(TestCase.java:134)
	at junit.framework.TestResult$1.protect(TestResult.java:110)
	at junit.framework.TestResult.runProtected(TestResult.java:128)
	at junit.framework.TestResult.run(TestResult.java:113)
	at junit.framework.TestCase.run(TestCase.java:124)
	at junit.framework.TestSuite.runTest(TestSuite.java:232)
	at junit.framework.TestSuite.run(TestSuite.java:227)
	at junit.framework.TestSuite.runTest(TestSuite.java:232)
	at junit.framework.TestSuite.run(TestSuite.java:227)
	at junit.framework.TestSuite.runTest(TestSuite.java:232)
	at junit.framework.TestSuite.run(TestSuite.java:227)
	at org.apache.tools.ant.taskdefs.optional.junit.JUnitTestRunner.run(JUnitTestRunner.java:420)
	at org.apache.tools.ant.taskdefs.optional.junit.JUnitTestRunner.launch(JUnitTestRunner.java:911)
	at org.apache.tools.ant.taskdefs.optional.junit.JUnitTestRunner.main(JUnitTestRunner.java:768)
CustomResultSet Records: 2
com.topcoder.util.config.UnknownNamespaceException: com.topcoder.util.log is unknown
	at com.topcoder.util.config.DefaultConfigManager.getPropertyObject(DefaultConfigManager.java:429)
	at com.topcoder.util.config.DefaultConfigManager.getString(DefaultConfigManager.java:449)
	at com.topcoder.util.log.LogFactory.getAttribute(LogFactory.java:224)
	at com.topcoder.util.log.basic.BasicLog.log(BasicLog.java:74)
	at com.topcoder.management.deliverable.PersistenceDeliverableManager.searchDeliverablesHelper(PersistenceDeliverableManager.java:289)
	at com.topcoder.management.deliverable.PersistenceDeliverableManager.searchDeliverablesWithSubmissionFilter(PersistenceDeliverableManager.java:217)
	at com.topcoder.management.deliverable.accuracytests.PersistenceDeliverableManagerAccuracyTests.testSearchDeliverablesWithSubmissionFilterByPhaseId(PersistenceDeliverableManagerAccuracyTests.java:438)
	at sun.reflect.NativeMethodAccessorImpl.invoke0(Native Method)
	at sun.reflect.NativeMethodAccessorImpl.invoke(NativeMethodAccessorImpl.java:57)
	at sun.reflect.DelegatingMethodAccessorImpl.invoke(DelegatingMethodAccessorImpl.java:43)
	at java.lang.reflect.Method.invoke(Method.java:616)
	at junit.framework.TestCase.runTest(TestCase.java:168)
	at junit.framework.TestCase.runBare(TestCase.java:134)
	at junit.framework.TestResult$1.protect(TestResult.java:110)
	at junit.framework.TestResult.runProtected(TestResult.java:128)
	at junit.framework.TestResult.run(TestResult.java:113)
	at junit.framework.TestCase.run(TestCase.java:124)
	at junit.framework.TestSuite.runTest(TestSuite.java:232)
	at junit.framework.TestSuite.run(TestSuite.java:227)
	at junit.framework.TestSuite.runTest(TestSuite.java:232)
	at junit.framework.TestSuite.run(TestSuite.java:227)
	at junit.framework.TestSuite.runTest(TestSuite.java:232)
	at junit.framework.TestSuite.run(TestSuite.java:227)
	at org.apache.tools.ant.taskdefs.optional.junit.JUnitTestRunner.run(JUnitTestRunner.java:420)
	at org.apache.tools.ant.taskdefs.optional.junit.JUnitTestRunner.launch(JUnitTestRunner.java:911)
	at org.apache.tools.ant.taskdefs.optional.junit.JUnitTestRunner.main(JUnitTestRunner.java:768)
Deliverable Id Array: 4, 2
com.topcoder.util.config.UnknownNamespaceException: com.topcoder.util.log is unknown
	at com.topcoder.util.config.DefaultConfigManager.getPropertyObject(DefaultConfigManager.java:429)
	at com.topcoder.util.config.DefaultConfigManager.getString(DefaultConfigManager.java:449)
	at com.topcoder.util.log.LogFactory.getAttribute(LogFactory.java:224)
	at com.topcoder.util.log.basic.BasicLog.log(BasicLog.java:74)
	at com.topcoder.management.deliverable.PersistenceDeliverableManager.searchDeliverablesHelper(PersistenceDeliverableManager.java:302)
	at com.topcoder.management.deliverable.PersistenceDeliverableManager.searchDeliverablesWithSubmissionFilter(PersistenceDeliverableManager.java:217)
	at com.topcoder.management.deliverable.accuracytests.PersistenceDeliverableManagerAccuracyTests.testSearchDeliverablesWithSubmissionFilterByPhaseId(PersistenceDeliverableManagerAccuracyTests.java:438)
	at sun.reflect.NativeMethodAccessorImpl.invoke0(Native Method)
	at sun.reflect.NativeMethodAccessorImpl.invoke(NativeMethodAccessorImpl.java:57)
	at sun.reflect.DelegatingMethodAccessorImpl.invoke(DelegatingMethodAccessorImpl.java:43)
	at java.lang.reflect.Method.invoke(Method.java:616)
	at junit.framework.TestCase.runTest(TestCase.java:168)
	at junit.framework.TestCase.runBare(TestCase.java:134)
	at junit.framework.TestResult$1.protect(TestResult.java:110)
	at junit.framework.TestResult.runProtected(TestResult.java:128)
	at junit.framework.TestResult.run(TestResult.java:113)
	at junit.framework.TestCase.run(TestCase.java:124)
	at junit.framework.TestSuite.runTest(TestSuite.java:232)
	at junit.framework.TestSuite.run(TestSuite.java:227)
	at junit.framework.TestSuite.runTest(TestSuite.java:232)
	at junit.framework.TestSuite.run(TestSuite.java:227)
	at junit.framework.TestSuite.runTest(TestSuite.java:232)
	at junit.framework.TestSuite.run(TestSuite.java:227)
	at org.apache.tools.ant.taskdefs.optional.junit.JUnitTestRunner.run(JUnitTestRunner.java:420)
	at org.apache.tools.ant.taskdefs.optional.junit.JUnitTestRunner.launch(JUnitTestRunner.java:911)
	at org.apache.tools.ant.taskdefs.optional.junit.JUnitTestRunner.main(JUnitTestRunner.java:768)
Loading Deliverable Array
com.topcoder.util.config.UnknownNamespaceException: com.topcoder.util.log is unknown
	at com.topcoder.util.config.DefaultConfigManager.getPropertyObject(DefaultConfigManager.java:429)
	at com.topcoder.util.config.DefaultConfigManager.getString(DefaultConfigManager.java:449)
	at com.topcoder.util.log.LogFactory.getAttribute(LogFactory.java:224)
	at com.topcoder.util.log.basic.BasicLog.log(BasicLog.java:74)
	at com.topcoder.management.deliverable.PersistenceDeliverableManager.searchDeliverablesHelper(PersistenceDeliverableManager.java:325)
	at com.topcoder.management.deliverable.PersistenceDeliverableManager.searchDeliverablesWithSubmissionFilter(PersistenceDeliverableManager.java:217)
	at com.topcoder.management.deliverable.accuracytests.PersistenceDeliverableManagerAccuracyTests.testSearchDeliverablesWithSubmissionFilterByPhaseId(PersistenceDeliverableManagerAccuracyTests.java:438)
	at sun.reflect.NativeMethodAccessorImpl.invoke0(Native Method)
	at sun.reflect.NativeMethodAccessorImpl.invoke(NativeMethodAccessorImpl.java:57)
	at sun.reflect.DelegatingMethodAccessorImpl.invoke(DelegatingMethodAccessorImpl.java:43)
	at java.lang.reflect.Method.invoke(Method.java:616)
	at junit.framework.TestCase.runTest(TestCase.java:168)
	at junit.framework.TestCase.runBare(TestCase.java:134)
	at junit.framework.TestResult$1.protect(TestResult.java:110)
	at junit.framework.TestResult.runProtected(TestResult.java:128)
	at junit.framework.TestResult.run(TestResult.java:113)
	at junit.framework.TestCase.run(TestCase.java:124)
	at junit.framework.TestSuite.runTest(TestSuite.java:232)
	at junit.framework.TestSuite.run(TestSuite.java:227)
	at junit.framework.TestSuite.runTest(TestSuite.java:232)
	at junit.framework.TestSuite.run(TestSuite.java:227)
	at junit.framework.TestSuite.runTest(TestSuite.java:232)
	at junit.framework.TestSuite.run(TestSuite.java:227)
	at org.apache.tools.ant.taskdefs.optional.junit.JUnitTestRunner.run(JUnitTestRunner.java:420)
	at org.apache.tools.ant.taskdefs.optional.junit.JUnitTestRunner.launch(JUnitTestRunner.java:911)
	at org.apache.tools.ant.taskdefs.optional.junit.JUnitTestRunner.main(JUnitTestRunner.java:768)
Adding Deliverable To List
com.topcoder.util.config.UnknownNamespaceException: com.topcoder.util.log is unknown
	at com.topcoder.util.config.DefaultConfigManager.getPropertyObject(DefaultConfigManager.java:429)
	at com.topcoder.util.config.DefaultConfigManager.getString(DefaultConfigManager.java:449)
	at com.topcoder.util.log.LogFactory.getAttribute(LogFactory.java:224)
	at com.topcoder.util.log.basic.BasicLog.log(BasicLog.java:74)
	at com.topcoder.management.deliverable.PersistenceDeliverableManager.searchDeliverablesHelper(PersistenceDeliverableManager.java:302)
	at com.topcoder.management.deliverable.PersistenceDeliverableManager.searchDeliverablesWithSubmissionFilter(PersistenceDeliverableManager.java:217)
	at com.topcoder.management.deliverable.accuracytests.PersistenceDeliverableManagerAccuracyTests.testSearchDeliverablesWithSubmissionFilterByPhaseId(PersistenceDeliverableManagerAccuracyTests.java:438)
	at sun.reflect.NativeMethodAccessorImpl.invoke0(Native Method)
	at sun.reflect.NativeMethodAccessorImpl.invoke(NativeMethodAccessorImpl.java:57)
	at sun.reflect.DelegatingMethodAccessorImpl.invoke(DelegatingMethodAccessorImpl.java:43)
	at java.lang.reflect.Method.invoke(Method.java:616)
	at junit.framework.TestCase.runTest(TestCase.java:168)
	at junit.framework.TestCase.runBare(TestCase.java:134)
	at junit.framework.TestResult$1.protect(TestResult.java:110)
	at junit.framework.TestResult.runProtected(TestResult.java:128)
	at junit.framework.TestResult.run(TestResult.java:113)
	at junit.framework.TestCase.run(TestCase.java:124)
	at junit.framework.TestSuite.runTest(TestSuite.java:232)
	at junit.framework.TestSuite.run(TestSuite.java:227)
	at junit.framework.TestSuite.runTest(TestSuite.java:232)
	at junit.framework.TestSuite.run(TestSuite.java:227)
	at junit.framework.TestSuite.runTest(TestSuite.java:232)
	at junit.framework.TestSuite.run(TestSuite.java:227)
	at org.apache.tools.ant.taskdefs.optional.junit.JUnitTestRunner.run(JUnitTestRunner.java:420)
	at org.apache.tools.ant.taskdefs.optional.junit.JUnitTestRunner.launch(JUnitTestRunner.java:911)
	at org.apache.tools.ant.taskdefs.optional.junit.JUnitTestRunner.main(JUnitTestRunner.java:768)
Loading Deliverable Array
com.topcoder.util.config.UnknownNamespaceException: com.topcoder.util.log is unknown
	at com.topcoder.util.config.DefaultConfigManager.getPropertyObject(DefaultConfigManager.java:429)
	at com.topcoder.util.config.DefaultConfigManager.getString(DefaultConfigManager.java:449)
	at com.topcoder.util.log.LogFactory.getAttribute(LogFactory.java:224)
	at com.topcoder.util.log.basic.BasicLog.log(BasicLog.java:74)
	at com.topcoder.management.deliverable.PersistenceDeliverableManager.searchDeliverablesHelper(PersistenceDeliverableManager.java:325)
	at com.topcoder.management.deliverable.PersistenceDeliverableManager.searchDeliverablesWithSubmissionFilter(PersistenceDeliverableManager.java:217)
	at com.topcoder.management.deliverable.accuracytests.PersistenceDeliverableManagerAccuracyTests.testSearchDeliverablesWithSubmissionFilterByPhaseId(PersistenceDeliverableManagerAccuracyTests.java:438)
	at sun.reflect.NativeMethodAccessorImpl.invoke0(Native Method)
	at sun.reflect.NativeMethodAccessorImpl.invoke(NativeMethodAccessorImpl.java:57)
	at sun.reflect.DelegatingMethodAccessorImpl.invoke(DelegatingMethodAccessorImpl.java:43)
	at java.lang.reflect.Method.invoke(Method.java:616)
	at junit.framework.TestCase.runTest(TestCase.java:168)
	at junit.framework.TestCase.runBare(TestCase.java:134)
	at junit.framework.TestResult$1.protect(TestResult.java:110)
	at junit.framework.TestResult.runProtected(TestResult.java:128)
	at junit.framework.TestResult.run(TestResult.java:113)
	at junit.framework.TestCase.run(TestCase.java:124)
	at junit.framework.TestSuite.runTest(TestSuite.java:232)
	at junit.framework.TestSuite.run(TestSuite.java:227)
	at junit.framework.TestSuite.runTest(TestSuite.java:232)
	at junit.framework.TestSuite.run(TestSuite.java:227)
	at junit.framework.TestSuite.runTest(TestSuite.java:232)
	at junit.framework.TestSuite.run(TestSuite.java:227)
	at org.apache.tools.ant.taskdefs.optional.junit.JUnitTestRunner.run(JUnitTestRunner.java:420)
	at org.apache.tools.ant.taskdefs.optional.junit.JUnitTestRunner.launch(JUnitTestRunner.java:911)
	at org.apache.tools.ant.taskdefs.optional.junit.JUnitTestRunner.main(JUnitTestRunner.java:768)
Adding Deliverable To List
com.topcoder.util.config.UnknownNamespaceException: com.topcoder.util.log is unknown
	at com.topcoder.util.config.DefaultConfigManager.getPropertyObject(DefaultConfigManager.java:429)
	at com.topcoder.util.config.DefaultConfigManager.getString(DefaultConfigManager.java:449)
	at com.topcoder.util.log.LogFactory.getAttribute(LogFactory.java:224)
	at com.topcoder.util.log.basic.BasicLog.log(BasicLog.java:74)
	at com.topcoder.management.deliverable.PersistenceDeliverableManager.<init>(PersistenceDeliverableManager.java:157)
	at com.topcoder.management.deliverable.PersistenceDeliverableManager.<init>(PersistenceDeliverableManager.java:183)
	at com.topcoder.management.deliverable.accuracytests.PersistenceDeliverableManagerAccuracyTests.setUp(PersistenceDeliverableManagerAccuracyTests.java:122)
	at junit.framework.TestCase.runBare(TestCase.java:132)
	at junit.framework.TestResult$1.protect(TestResult.java:110)
	at junit.framework.TestResult.runProtected(TestResult.java:128)
	at junit.framework.TestResult.run(TestResult.java:113)
	at junit.framework.TestCase.run(TestCase.java:124)
	at junit.framework.TestSuite.runTest(TestSuite.java:232)
	at junit.framework.TestSuite.run(TestSuite.java:227)
	at junit.framework.TestSuite.runTest(TestSuite.java:232)
	at junit.framework.TestSuite.run(TestSuite.java:227)
	at junit.framework.TestSuite.runTest(TestSuite.java:232)
	at junit.framework.TestSuite.run(TestSuite.java:227)
	at org.apache.tools.ant.taskdefs.optional.junit.JUnitTestRunner.run(JUnitTestRunner.java:420)
	at org.apache.tools.ant.taskdefs.optional.junit.JUnitTestRunner.launch(JUnitTestRunner.java:911)
	at org.apache.tools.ant.taskdefs.optional.junit.JUnitTestRunner.main(JUnitTestRunner.java:768)
Instantiate PersistenceDeliverableManager with DeliverablePersistence, deliverableCheckers map,deliverableSearchBundle and submissionSearchBundle.
com.topcoder.util.config.UnknownNamespaceException: com.topcoder.util.log is unknown
	at com.topcoder.util.config.DefaultConfigManager.getPropertyObject(DefaultConfigManager.java:429)
	at com.topcoder.util.config.DefaultConfigManager.getString(DefaultConfigManager.java:449)
	at com.topcoder.util.log.LogFactory.getAttribute(LogFactory.java:224)
	at com.topcoder.util.log.basic.BasicLog.log(BasicLog.java:74)
	at com.topcoder.management.deliverable.PersistenceDeliverableManager.searchDeliverablesWithSubmissionFilter(PersistenceDeliverableManager.java:216)
	at com.topcoder.management.deliverable.accuracytests.PersistenceDeliverableManagerAccuracyTests.testSearchDeliverablesWithSubmissionFilterByResourceRoleId(PersistenceDeliverableManagerAccuracyTests.java:459)
	at sun.reflect.NativeMethodAccessorImpl.invoke0(Native Method)
	at sun.reflect.NativeMethodAccessorImpl.invoke(NativeMethodAccessorImpl.java:57)
	at sun.reflect.DelegatingMethodAccessorImpl.invoke(DelegatingMethodAccessorImpl.java:43)
	at java.lang.reflect.Method.invoke(Method.java:616)
	at junit.framework.TestCase.runTest(TestCase.java:168)
	at junit.framework.TestCase.runBare(TestCase.java:134)
	at junit.framework.TestResult$1.protect(TestResult.java:110)
	at junit.framework.TestResult.runProtected(TestResult.java:128)
	at junit.framework.TestResult.run(TestResult.java:113)
	at junit.framework.TestCase.run(TestCase.java:124)
	at junit.framework.TestSuite.runTest(TestSuite.java:232)
	at junit.framework.TestSuite.run(TestSuite.java:227)
	at junit.framework.TestSuite.runTest(TestSuite.java:232)
	at junit.framework.TestSuite.run(TestSuite.java:227)
	at junit.framework.TestSuite.runTest(TestSuite.java:232)
	at junit.framework.TestSuite.run(TestSuite.java:227)
	at org.apache.tools.ant.taskdefs.optional.junit.JUnitTestRunner.run(JUnitTestRunner.java:420)
	at org.apache.tools.ant.taskdefs.optional.junit.JUnitTestRunner.launch(JUnitTestRunner.java:911)
	at org.apache.tools.ant.taskdefs.optional.junit.JUnitTestRunner.main(JUnitTestRunner.java:768)
search deliverables with submission filter.
com.topcoder.util.config.UnknownNamespaceException: com.topcoder.util.log is unknown
	at com.topcoder.util.config.DefaultConfigManager.getPropertyObject(DefaultConfigManager.java:429)
	at com.topcoder.util.config.DefaultConfigManager.getString(DefaultConfigManager.java:449)
	at com.topcoder.util.log.LogFactory.getAttribute(LogFactory.java:224)
	at com.topcoder.util.log.basic.BasicLog.log(BasicLog.java:74)
	at com.topcoder.management.deliverable.DeliverableHelper.checkAndGetCustomResultSetValidDeliverable(DeliverableHelper.java:156)
	at com.topcoder.management.deliverable.PersistenceDeliverableManager.searchDeliverablesHelper(PersistenceDeliverableManager.java:284)
	at com.topcoder.management.deliverable.PersistenceDeliverableManager.searchDeliverablesWithSubmissionFilter(PersistenceDeliverableManager.java:217)
	at com.topcoder.management.deliverable.accuracytests.PersistenceDeliverableManagerAccuracyTests.testSearchDeliverablesWithSubmissionFilterByResourceRoleId(PersistenceDeliverableManagerAccuracyTests.java:459)
	at sun.reflect.NativeMethodAccessorImpl.invoke0(Native Method)
	at sun.reflect.NativeMethodAccessorImpl.invoke(NativeMethodAccessorImpl.java:57)
	at sun.reflect.DelegatingMethodAccessorImpl.invoke(DelegatingMethodAccessorImpl.java:43)
	at java.lang.reflect.Method.invoke(Method.java:616)
	at junit.framework.TestCase.runTest(TestCase.java:168)
	at junit.framework.TestCase.runBare(TestCase.java:134)
	at junit.framework.TestResult$1.protect(TestResult.java:110)
	at junit.framework.TestResult.runProtected(TestResult.java:128)
	at junit.framework.TestResult.run(TestResult.java:113)
	at junit.framework.TestCase.run(TestCase.java:124)
	at junit.framework.TestSuite.runTest(TestSuite.java:232)
	at junit.framework.TestSuite.run(TestSuite.java:227)
	at junit.framework.TestSuite.runTest(TestSuite.java:232)
	at junit.framework.TestSuite.run(TestSuite.java:227)
	at junit.framework.TestSuite.runTest(TestSuite.java:232)
	at junit.framework.TestSuite.run(TestSuite.java:227)
	at org.apache.tools.ant.taskdefs.optional.junit.JUnitTestRunner.run(JUnitTestRunner.java:420)
	at org.apache.tools.ant.taskdefs.optional.junit.JUnitTestRunner.launch(JUnitTestRunner.java:911)
	at org.apache.tools.ant.taskdefs.optional.junit.JUnitTestRunner.main(JUnitTestRunner.java:768)
CustomResultSet Records: 8
com.topcoder.util.config.UnknownNamespaceException: com.topcoder.util.log is unknown
	at com.topcoder.util.config.DefaultConfigManager.getPropertyObject(DefaultConfigManager.java:429)
	at com.topcoder.util.config.DefaultConfigManager.getString(DefaultConfigManager.java:449)
	at com.topcoder.util.log.LogFactory.getAttribute(LogFactory.java:224)
	at com.topcoder.util.log.basic.BasicLog.log(BasicLog.java:74)
	at com.topcoder.management.deliverable.PersistenceDeliverableManager.searchDeliverablesHelper(PersistenceDeliverableManager.java:289)
	at com.topcoder.management.deliverable.PersistenceDeliverableManager.searchDeliverablesWithSubmissionFilter(PersistenceDeliverableManager.java:217)
	at com.topcoder.management.deliverable.accuracytests.PersistenceDeliverableManagerAccuracyTests.testSearchDeliverablesWithSubmissionFilterByResourceRoleId(PersistenceDeliverableManagerAccuracyTests.java:459)
	at sun.reflect.NativeMethodAccessorImpl.invoke0(Native Method)
	at sun.reflect.NativeMethodAccessorImpl.invoke(NativeMethodAccessorImpl.java:57)
	at sun.reflect.DelegatingMethodAccessorImpl.invoke(DelegatingMethodAccessorImpl.java:43)
	at java.lang.reflect.Method.invoke(Method.java:616)
	at junit.framework.TestCase.runTest(TestCase.java:168)
	at junit.framework.TestCase.runBare(TestCase.java:134)
	at junit.framework.TestResult$1.protect(TestResult.java:110)
	at junit.framework.TestResult.runProtected(TestResult.java:128)
	at junit.framework.TestResult.run(TestResult.java:113)
	at junit.framework.TestCase.run(TestCase.java:124)
	at junit.framework.TestSuite.runTest(TestSuite.java:232)
	at junit.framework.TestSuite.run(TestSuite.java:227)
	at junit.framework.TestSuite.runTest(TestSuite.java:232)
	at junit.framework.TestSuite.run(TestSuite.java:227)
	at junit.framework.TestSuite.runTest(TestSuite.java:232)
	at junit.framework.TestSuite.run(TestSuite.java:227)
	at org.apache.tools.ant.taskdefs.optional.junit.JUnitTestRunner.run(JUnitTestRunner.java:420)
	at org.apache.tools.ant.taskdefs.optional.junit.JUnitTestRunner.launch(JUnitTestRunner.java:911)
	at org.apache.tools.ant.taskdefs.optional.junit.JUnitTestRunner.main(JUnitTestRunner.java:768)
Deliverable Id Array: 4, 8
com.topcoder.util.config.UnknownNamespaceException: com.topcoder.util.log is unknown
	at com.topcoder.util.config.DefaultConfigManager.getPropertyObject(DefaultConfigManager.java:429)
	at com.topcoder.util.config.DefaultConfigManager.getString(DefaultConfigManager.java:449)
	at com.topcoder.util.log.LogFactory.getAttribute(LogFactory.java:224)
	at com.topcoder.util.log.basic.BasicLog.log(BasicLog.java:74)
	at com.topcoder.management.deliverable.PersistenceDeliverableManager.searchDeliverablesHelper(PersistenceDeliverableManager.java:302)
	at com.topcoder.management.deliverable.PersistenceDeliverableManager.searchDeliverablesWithSubmissionFilter(PersistenceDeliverableManager.java:217)
	at com.topcoder.management.deliverable.accuracytests.PersistenceDeliverableManagerAccuracyTests.testSearchDeliverablesWithSubmissionFilterByResourceRoleId(PersistenceDeliverableManagerAccuracyTests.java:459)
	at sun.reflect.NativeMethodAccessorImpl.invoke0(Native Method)
	at sun.reflect.NativeMethodAccessorImpl.invoke(NativeMethodAccessorImpl.java:57)
	at sun.reflect.DelegatingMethodAccessorImpl.invoke(DelegatingMethodAccessorImpl.java:43)
	at java.lang.reflect.Method.invoke(Method.java:616)
	at junit.framework.TestCase.runTest(TestCase.java:168)
	at junit.framework.TestCase.runBare(TestCase.java:134)
	at junit.framework.TestResult$1.protect(TestResult.java:110)
	at junit.framework.TestResult.runProtected(TestResult.java:128)
	at junit.framework.TestResult.run(TestResult.java:113)
	at junit.framework.TestCase.run(TestCase.java:124)
	at junit.framework.TestSuite.runTest(TestSuite.java:232)
	at junit.framework.TestSuite.run(TestSuite.java:227)
	at junit.framework.TestSuite.runTest(TestSuite.java:232)
	at junit.framework.TestSuite.run(TestSuite.java:227)
	at junit.framework.TestSuite.runTest(TestSuite.java:232)
	at junit.framework.TestSuite.run(TestSuite.java:227)
	at org.apache.tools.ant.taskdefs.optional.junit.JUnitTestRunner.run(JUnitTestRunner.java:420)
	at org.apache.tools.ant.taskdefs.optional.junit.JUnitTestRunner.launch(JUnitTestRunner.java:911)
	at org.apache.tools.ant.taskdefs.optional.junit.JUnitTestRunner.main(JUnitTestRunner.java:768)
Loading Deliverable Array
com.topcoder.util.config.UnknownNamespaceException: com.topcoder.util.log is unknown
	at com.topcoder.util.config.DefaultConfigManager.getPropertyObject(DefaultConfigManager.java:429)
	at com.topcoder.util.config.DefaultConfigManager.getString(DefaultConfigManager.java:449)
	at com.topcoder.util.log.LogFactory.getAttribute(LogFactory.java:224)
	at com.topcoder.util.log.basic.BasicLog.log(BasicLog.java:74)
	at com.topcoder.management.deliverable.PersistenceDeliverableManager.searchDeliverablesHelper(PersistenceDeliverableManager.java:325)
	at com.topcoder.management.deliverable.PersistenceDeliverableManager.searchDeliverablesWithSubmissionFilter(PersistenceDeliverableManager.java:217)
	at com.topcoder.management.deliverable.accuracytests.PersistenceDeliverableManagerAccuracyTests.testSearchDeliverablesWithSubmissionFilterByResourceRoleId(PersistenceDeliverableManagerAccuracyTests.java:459)
	at sun.reflect.NativeMethodAccessorImpl.invoke0(Native Method)
	at sun.reflect.NativeMethodAccessorImpl.invoke(NativeMethodAccessorImpl.java:57)
	at sun.reflect.DelegatingMethodAccessorImpl.invoke(DelegatingMethodAccessorImpl.java:43)
	at java.lang.reflect.Method.invoke(Method.java:616)
	at junit.framework.TestCase.runTest(TestCase.java:168)
	at junit.framework.TestCase.runBare(TestCase.java:134)
	at junit.framework.TestResult$1.protect(TestResult.java:110)
	at junit.framework.TestResult.runProtected(TestResult.java:128)
	at junit.framework.TestResult.run(TestResult.java:113)
	at junit.framework.TestCase.run(TestCase.java:124)
	at junit.framework.TestSuite.runTest(TestSuite.java:232)
	at junit.framework.TestSuite.run(TestSuite.java:227)
	at junit.framework.TestSuite.runTest(TestSuite.java:232)
	at junit.framework.TestSuite.run(TestSuite.java:227)
	at junit.framework.TestSuite.runTest(TestSuite.java:232)
	at junit.framework.TestSuite.run(TestSuite.java:227)
	at org.apache.tools.ant.taskdefs.optional.junit.JUnitTestRunner.run(JUnitTestRunner.java:420)
	at org.apache.tools.ant.taskdefs.optional.junit.JUnitTestRunner.launch(JUnitTestRunner.java:911)
	at org.apache.tools.ant.taskdefs.optional.junit.JUnitTestRunner.main(JUnitTestRunner.java:768)
Adding Deliverable To List
com.topcoder.util.config.UnknownNamespaceException: com.topcoder.util.log is unknown
	at com.topcoder.util.config.DefaultConfigManager.getPropertyObject(DefaultConfigManager.java:429)
	at com.topcoder.util.config.DefaultConfigManager.getString(DefaultConfigManager.java:449)
	at com.topcoder.util.log.LogFactory.getAttribute(LogFactory.java:224)
	at com.topcoder.util.log.basic.BasicLog.log(BasicLog.java:74)
	at com.topcoder.management.deliverable.PersistenceDeliverableManager.searchDeliverablesHelper(PersistenceDeliverableManager.java:302)
	at com.topcoder.management.deliverable.PersistenceDeliverableManager.searchDeliverablesWithSubmissionFilter(PersistenceDeliverableManager.java:217)
	at com.topcoder.management.deliverable.accuracytests.PersistenceDeliverableManagerAccuracyTests.testSearchDeliverablesWithSubmissionFilterByResourceRoleId(PersistenceDeliverableManagerAccuracyTests.java:459)
	at sun.reflect.NativeMethodAccessorImpl.invoke0(Native Method)
	at sun.reflect.NativeMethodAccessorImpl.invoke(NativeMethodAccessorImpl.java:57)
	at sun.reflect.DelegatingMethodAccessorImpl.invoke(DelegatingMethodAccessorImpl.java:43)
	at java.lang.reflect.Method.invoke(Method.java:616)
	at junit.framework.TestCase.runTest(TestCase.java:168)
	at junit.framework.TestCase.runBare(TestCase.java:134)
	at junit.framework.TestResult$1.protect(TestResult.java:110)
	at junit.framework.TestResult.runProtected(TestResult.java:128)
	at junit.framework.TestResult.run(TestResult.java:113)
	at junit.framework.TestCase.run(TestCase.java:124)
	at junit.framework.TestSuite.runTest(TestSuite.java:232)
	at junit.framework.TestSuite.run(TestSuite.java:227)
	at junit.framework.TestSuite.runTest(TestSuite.java:232)
	at junit.framework.TestSuite.run(TestSuite.java:227)
	at junit.framework.TestSuite.runTest(TestSuite.java:232)
	at junit.framework.TestSuite.run(TestSuite.java:227)
	at org.apache.tools.ant.taskdefs.optional.junit.JUnitTestRunner.run(JUnitTestRunner.java:420)
	at org.apache.tools.ant.taskdefs.optional.junit.JUnitTestRunner.launch(JUnitTestRunner.java:911)
	at org.apache.tools.ant.taskdefs.optional.junit.JUnitTestRunner.main(JUnitTestRunner.java:768)
Loading Deliverable Array
com.topcoder.util.config.UnknownNamespaceException: com.topcoder.util.log is unknown
	at com.topcoder.util.config.DefaultConfigManager.getPropertyObject(DefaultConfigManager.java:429)
	at com.topcoder.util.config.DefaultConfigManager.getString(DefaultConfigManager.java:449)
	at com.topcoder.util.log.LogFactory.getAttribute(LogFactory.java:224)
	at com.topcoder.util.log.basic.BasicLog.log(BasicLog.java:74)
	at com.topcoder.management.deliverable.PersistenceDeliverableManager.searchDeliverablesHelper(PersistenceDeliverableManager.java:325)
	at com.topcoder.management.deliverable.PersistenceDeliverableManager.searchDeliverablesWithSubmissionFilter(PersistenceDeliverableManager.java:217)
	at com.topcoder.management.deliverable.accuracytests.PersistenceDeliverableManagerAccuracyTests.testSearchDeliverablesWithSubmissionFilterByResourceRoleId(PersistenceDeliverableManagerAccuracyTests.java:459)
	at sun.reflect.NativeMethodAccessorImpl.invoke0(Native Method)
	at sun.reflect.NativeMethodAccessorImpl.invoke(NativeMethodAccessorImpl.java:57)
	at sun.reflect.DelegatingMethodAccessorImpl.invoke(DelegatingMethodAccessorImpl.java:43)
	at java.lang.reflect.Method.invoke(Method.java:616)
	at junit.framework.TestCase.runTest(TestCase.java:168)
	at junit.framework.TestCase.runBare(TestCase.java:134)
	at junit.framework.TestResult$1.protect(TestResult.java:110)
	at junit.framework.TestResult.runProtected(TestResult.java:128)
	at junit.framework.TestResult.run(TestResult.java:113)
	at junit.framework.TestCase.run(TestCase.java:124)
	at junit.framework.TestSuite.runTest(TestSuite.java:232)
	at junit.framework.TestSuite.run(TestSuite.java:227)
	at junit.framework.TestSuite.runTest(TestSuite.java:232)
	at junit.framework.TestSuite.run(TestSuite.java:227)
	at junit.framework.TestSuite.runTest(TestSuite.java:232)
	at junit.framework.TestSuite.run(TestSuite.java:227)
	at org.apache.tools.ant.taskdefs.optional.junit.JUnitTestRunner.run(JUnitTestRunner.java:420)
	at org.apache.tools.ant.taskdefs.optional.junit.JUnitTestRunner.launch(JUnitTestRunner.java:911)
	at org.apache.tools.ant.taskdefs.optional.junit.JUnitTestRunner.main(JUnitTestRunner.java:768)
Adding Deliverable To List
com.topcoder.util.config.UnknownNamespaceException: com.topcoder.util.log is unknown
	at com.topcoder.util.config.DefaultConfigManager.getPropertyObject(DefaultConfigManager.java:429)
	at com.topcoder.util.config.DefaultConfigManager.getString(DefaultConfigManager.java:449)
	at com.topcoder.util.log.LogFactory.getAttribute(LogFactory.java:224)
	at com.topcoder.util.log.basic.BasicLog.log(BasicLog.java:74)
	at com.topcoder.management.deliverable.PersistenceDeliverableManager.searchDeliverablesHelper(PersistenceDeliverableManager.java:302)
	at com.topcoder.management.deliverable.PersistenceDeliverableManager.searchDeliverablesWithSubmissionFilter(PersistenceDeliverableManager.java:217)
	at com.topcoder.management.deliverable.accuracytests.PersistenceDeliverableManagerAccuracyTests.testSearchDeliverablesWithSubmissionFilterByResourceRoleId(PersistenceDeliverableManagerAccuracyTests.java:459)
	at sun.reflect.NativeMethodAccessorImpl.invoke0(Native Method)
	at sun.reflect.NativeMethodAccessorImpl.invoke(NativeMethodAccessorImpl.java:57)
	at sun.reflect.DelegatingMethodAccessorImpl.invoke(DelegatingMethodAccessorImpl.java:43)
	at java.lang.reflect.Method.invoke(Method.java:616)
	at junit.framework.TestCase.runTest(TestCase.java:168)
	at junit.framework.TestCase.runBare(TestCase.java:134)
	at junit.framework.TestResult$1.protect(TestResult.java:110)
	at junit.framework.TestResult.runProtected(TestResult.java:128)
	at junit.framework.TestResult.run(TestResult.java:113)
	at junit.framework.TestCase.run(TestCase.java:124)
	at junit.framework.TestSuite.runTest(TestSuite.java:232)
	at junit.framework.TestSuite.run(TestSuite.java:227)
	at junit.framework.TestSuite.runTest(TestSuite.java:232)
	at junit.framework.TestSuite.run(TestSuite.java:227)
	at junit.framework.TestSuite.runTest(TestSuite.java:232)
	at junit.framework.TestSuite.run(TestSuite.java:227)
	at org.apache.tools.ant.taskdefs.optional.junit.JUnitTestRunner.run(JUnitTestRunner.java:420)
	at org.apache.tools.ant.taskdefs.optional.junit.JUnitTestRunner.launch(JUnitTestRunner.java:911)
	at org.apache.tools.ant.taskdefs.optional.junit.JUnitTestRunner.main(JUnitTestRunner.java:768)
Loading Deliverable Array
com.topcoder.util.config.UnknownNamespaceException: com.topcoder.util.log is unknown
	at com.topcoder.util.config.DefaultConfigManager.getPropertyObject(DefaultConfigManager.java:429)
	at com.topcoder.util.config.DefaultConfigManager.getString(DefaultConfigManager.java:449)
	at com.topcoder.util.log.LogFactory.getAttribute(LogFactory.java:224)
	at com.topcoder.util.log.basic.BasicLog.log(BasicLog.java:74)
	at com.topcoder.management.deliverable.PersistenceDeliverableManager.searchDeliverablesHelper(PersistenceDeliverableManager.java:325)
	at com.topcoder.management.deliverable.PersistenceDeliverableManager.searchDeliverablesWithSubmissionFilter(PersistenceDeliverableManager.java:217)
	at com.topcoder.management.deliverable.accuracytests.PersistenceDeliverableManagerAccuracyTests.testSearchDeliverablesWithSubmissionFilterByResourceRoleId(PersistenceDeliverableManagerAccuracyTests.java:459)
	at sun.reflect.NativeMethodAccessorImpl.invoke0(Native Method)
	at sun.reflect.NativeMethodAccessorImpl.invoke(NativeMethodAccessorImpl.java:57)
	at sun.reflect.DelegatingMethodAccessorImpl.invoke(DelegatingMethodAccessorImpl.java:43)
	at java.lang.reflect.Method.invoke(Method.java:616)
	at junit.framework.TestCase.runTest(TestCase.java:168)
	at junit.framework.TestCase.runBare(TestCase.java:134)
	at junit.framework.TestResult$1.protect(TestResult.java:110)
	at junit.framework.TestResult.runProtected(TestResult.java:128)
	at junit.framework.TestResult.run(TestResult.java:113)
	at junit.framework.TestCase.run(TestCase.java:124)
	at junit.framework.TestSuite.runTest(TestSuite.java:232)
	at junit.framework.TestSuite.run(TestSuite.java:227)
	at junit.framework.TestSuite.runTest(TestSuite.java:232)
	at junit.framework.TestSuite.run(TestSuite.java:227)
	at junit.framework.TestSuite.runTest(TestSuite.java:232)
	at junit.framework.TestSuite.run(TestSuite.java:227)
	at org.apache.tools.ant.taskdefs.optional.junit.JUnitTestRunner.run(JUnitTestRunner.java:420)
	at org.apache.tools.ant.taskdefs.optional.junit.JUnitTestRunner.launch(JUnitTestRunner.java:911)
	at org.apache.tools.ant.taskdefs.optional.junit.JUnitTestRunner.main(JUnitTestRunner.java:768)
Adding Deliverable To List
com.topcoder.util.config.UnknownNamespaceException: com.topcoder.util.log is unknown
	at com.topcoder.util.config.DefaultConfigManager.getPropertyObject(DefaultConfigManager.java:429)
	at com.topcoder.util.config.DefaultConfigManager.getString(DefaultConfigManager.java:449)
	at com.topcoder.util.log.LogFactory.getAttribute(LogFactory.java:224)
	at com.topcoder.util.log.basic.BasicLog.log(BasicLog.java:74)
	at com.topcoder.management.deliverable.PersistenceDeliverableManager.searchDeliverablesHelper(PersistenceDeliverableManager.java:302)
	at com.topcoder.management.deliverable.PersistenceDeliverableManager.searchDeliverablesWithSubmissionFilter(PersistenceDeliverableManager.java:217)
	at com.topcoder.management.deliverable.accuracytests.PersistenceDeliverableManagerAccuracyTests.testSearchDeliverablesWithSubmissionFilterByResourceRoleId(PersistenceDeliverableManagerAccuracyTests.java:459)
	at sun.reflect.NativeMethodAccessorImpl.invoke0(Native Method)
	at sun.reflect.NativeMethodAccessorImpl.invoke(NativeMethodAccessorImpl.java:57)
	at sun.reflect.DelegatingMethodAccessorImpl.invoke(DelegatingMethodAccessorImpl.java:43)
	at java.lang.reflect.Method.invoke(Method.java:616)
	at junit.framework.TestCase.runTest(TestCase.java:168)
	at junit.framework.TestCase.runBare(TestCase.java:134)
	at junit.framework.TestResult$1.protect(TestResult.java:110)
	at junit.framework.TestResult.runProtected(TestResult.java:128)
	at junit.framework.TestResult.run(TestResult.java:113)
	at junit.framework.TestCase.run(TestCase.java:124)
	at junit.framework.TestSuite.runTest(TestSuite.java:232)
	at junit.framework.TestSuite.run(TestSuite.java:227)
	at junit.framework.TestSuite.runTest(TestSuite.java:232)
	at junit.framework.TestSuite.run(TestSuite.java:227)
	at junit.framework.TestSuite.runTest(TestSuite.java:232)
	at junit.framework.TestSuite.run(TestSuite.java:227)
	at org.apache.tools.ant.taskdefs.optional.junit.JUnitTestRunner.run(JUnitTestRunner.java:420)
	at org.apache.tools.ant.taskdefs.optional.junit.JUnitTestRunner.launch(JUnitTestRunner.java:911)
	at org.apache.tools.ant.taskdefs.optional.junit.JUnitTestRunner.main(JUnitTestRunner.java:768)
Loading Deliverable Array
com.topcoder.util.config.UnknownNamespaceException: com.topcoder.util.log is unknown
	at com.topcoder.util.config.DefaultConfigManager.getPropertyObject(DefaultConfigManager.java:429)
	at com.topcoder.util.config.DefaultConfigManager.getString(DefaultConfigManager.java:449)
	at com.topcoder.util.log.LogFactory.getAttribute(LogFactory.java:224)
	at com.topcoder.util.log.basic.BasicLog.log(BasicLog.java:74)
	at com.topcoder.management.deliverable.PersistenceDeliverableManager.searchDeliverablesHelper(PersistenceDeliverableManager.java:325)
	at com.topcoder.management.deliverable.PersistenceDeliverableManager.searchDeliverablesWithSubmissionFilter(PersistenceDeliverableManager.java:217)
	at com.topcoder.management.deliverable.accuracytests.PersistenceDeliverableManagerAccuracyTests.testSearchDeliverablesWithSubmissionFilterByResourceRoleId(PersistenceDeliverableManagerAccuracyTests.java:459)
	at sun.reflect.NativeMethodAccessorImpl.invoke0(Native Method)
	at sun.reflect.NativeMethodAccessorImpl.invoke(NativeMethodAccessorImpl.java:57)
	at sun.reflect.DelegatingMethodAccessorImpl.invoke(DelegatingMethodAccessorImpl.java:43)
	at java.lang.reflect.Method.invoke(Method.java:616)
	at junit.framework.TestCase.runTest(TestCase.java:168)
	at junit.framework.TestCase.runBare(TestCase.java:134)
	at junit.framework.TestResult$1.protect(TestResult.java:110)
	at junit.framework.TestResult.runProtected(TestResult.java:128)
	at junit.framework.TestResult.run(TestResult.java:113)
	at junit.framework.TestCase.run(TestCase.java:124)
	at junit.framework.TestSuite.runTest(TestSuite.java:232)
	at junit.framework.TestSuite.run(TestSuite.java:227)
	at junit.framework.TestSuite.runTest(TestSuite.java:232)
	at junit.framework.TestSuite.run(TestSuite.java:227)
	at junit.framework.TestSuite.runTest(TestSuite.java:232)
	at junit.framework.TestSuite.run(TestSuite.java:227)
	at org.apache.tools.ant.taskdefs.optional.junit.JUnitTestRunner.run(JUnitTestRunner.java:420)
	at org.apache.tools.ant.taskdefs.optional.junit.JUnitTestRunner.launch(JUnitTestRunner.java:911)
	at org.apache.tools.ant.taskdefs.optional.junit.JUnitTestRunner.main(JUnitTestRunner.java:768)
Adding Deliverable To List
com.topcoder.util.config.UnknownNamespaceException: com.topcoder.util.log is unknown
	at com.topcoder.util.config.DefaultConfigManager.getPropertyObject(DefaultConfigManager.java:429)
	at com.topcoder.util.config.DefaultConfigManager.getString(DefaultConfigManager.java:449)
	at com.topcoder.util.log.LogFactory.getAttribute(LogFactory.java:224)
	at com.topcoder.util.log.basic.BasicLog.log(BasicLog.java:74)
	at com.topcoder.management.deliverable.PersistenceDeliverableManager.searchDeliverablesHelper(PersistenceDeliverableManager.java:302)
	at com.topcoder.management.deliverable.PersistenceDeliverableManager.searchDeliverablesWithSubmissionFilter(PersistenceDeliverableManager.java:217)
	at com.topcoder.management.deliverable.accuracytests.PersistenceDeliverableManagerAccuracyTests.testSearchDeliverablesWithSubmissionFilterByResourceRoleId(PersistenceDeliverableManagerAccuracyTests.java:459)
	at sun.reflect.NativeMethodAccessorImpl.invoke0(Native Method)
	at sun.reflect.NativeMethodAccessorImpl.invoke(NativeMethodAccessorImpl.java:57)
	at sun.reflect.DelegatingMethodAccessorImpl.invoke(DelegatingMethodAccessorImpl.java:43)
	at java.lang.reflect.Method.invoke(Method.java:616)
	at junit.framework.TestCase.runTest(TestCase.java:168)
	at junit.framework.TestCase.runBare(TestCase.java:134)
	at junit.framework.TestResult$1.protect(TestResult.java:110)
	at junit.framework.TestResult.runProtected(TestResult.java:128)
	at junit.framework.TestResult.run(TestResult.java:113)
	at junit.framework.TestCase.run(TestCase.java:124)
	at junit.framework.TestSuite.runTest(TestSuite.java:232)
	at junit.framework.TestSuite.run(TestSuite.java:227)
	at junit.framework.TestSuite.runTest(TestSuite.java:232)
	at junit.framework.TestSuite.run(TestSuite.java:227)
	at junit.framework.TestSuite.runTest(TestSuite.java:232)
	at junit.framework.TestSuite.run(TestSuite.java:227)
	at org.apache.tools.ant.taskdefs.optional.junit.JUnitTestRunner.run(JUnitTestRunner.java:420)
	at org.apache.tools.ant.taskdefs.optional.junit.JUnitTestRunner.launch(JUnitTestRunner.java:911)
	at org.apache.tools.ant.taskdefs.optional.junit.JUnitTestRunner.main(JUnitTestRunner.java:768)
Loading Deliverable Array
com.topcoder.util.config.UnknownNamespaceException: com.topcoder.util.log is unknown
	at com.topcoder.util.config.DefaultConfigManager.getPropertyObject(DefaultConfigManager.java:429)
	at com.topcoder.util.config.DefaultConfigManager.getString(DefaultConfigManager.java:449)
	at com.topcoder.util.log.LogFactory.getAttribute(LogFactory.java:224)
	at com.topcoder.util.log.basic.BasicLog.log(BasicLog.java:74)
	at com.topcoder.management.deliverable.PersistenceDeliverableManager.searchDeliverablesHelper(PersistenceDeliverableManager.java:325)
	at com.topcoder.management.deliverable.PersistenceDeliverableManager.searchDeliverablesWithSubmissionFilter(PersistenceDeliverableManager.java:217)
	at com.topcoder.management.deliverable.accuracytests.PersistenceDeliverableManagerAccuracyTests.testSearchDeliverablesWithSubmissionFilterByResourceRoleId(PersistenceDeliverableManagerAccuracyTests.java:459)
	at sun.reflect.NativeMethodAccessorImpl.invoke0(Native Method)
	at sun.reflect.NativeMethodAccessorImpl.invoke(NativeMethodAccessorImpl.java:57)
	at sun.reflect.DelegatingMethodAccessorImpl.invoke(DelegatingMethodAccessorImpl.java:43)
	at java.lang.reflect.Method.invoke(Method.java:616)
	at junit.framework.TestCase.runTest(TestCase.java:168)
	at junit.framework.TestCase.runBare(TestCase.java:134)
	at junit.framework.TestResult$1.protect(TestResult.java:110)
	at junit.framework.TestResult.runProtected(TestResult.java:128)
	at junit.framework.TestResult.run(TestResult.java:113)
	at junit.framework.TestCase.run(TestCase.java:124)
	at junit.framework.TestSuite.runTest(TestSuite.java:232)
	at junit.framework.TestSuite.run(TestSuite.java:227)
	at junit.framework.TestSuite.runTest(TestSuite.java:232)
	at junit.framework.TestSuite.run(TestSuite.java:227)
	at junit.framework.TestSuite.runTest(TestSuite.java:232)
	at junit.framework.TestSuite.run(TestSuite.java:227)
	at org.apache.tools.ant.taskdefs.optional.junit.JUnitTestRunner.run(JUnitTestRunner.java:420)
	at org.apache.tools.ant.taskdefs.optional.junit.JUnitTestRunner.launch(JUnitTestRunner.java:911)
	at org.apache.tools.ant.taskdefs.optional.junit.JUnitTestRunner.main(JUnitTestRunner.java:768)
Adding Deliverable To List
com.topcoder.util.config.UnknownNamespaceException: com.topcoder.util.log is unknown
	at com.topcoder.util.config.DefaultConfigManager.getPropertyObject(DefaultConfigManager.java:429)
	at com.topcoder.util.config.DefaultConfigManager.getString(DefaultConfigManager.java:449)
	at com.topcoder.util.log.LogFactory.getAttribute(LogFactory.java:224)
	at com.topcoder.util.log.basic.BasicLog.log(BasicLog.java:74)
	at com.topcoder.management.deliverable.PersistenceDeliverableManager.searchDeliverablesHelper(PersistenceDeliverableManager.java:302)
	at com.topcoder.management.deliverable.PersistenceDeliverableManager.searchDeliverablesWithSubmissionFilter(PersistenceDeliverableManager.java:217)
	at com.topcoder.management.deliverable.accuracytests.PersistenceDeliverableManagerAccuracyTests.testSearchDeliverablesWithSubmissionFilterByResourceRoleId(PersistenceDeliverableManagerAccuracyTests.java:459)
	at sun.reflect.NativeMethodAccessorImpl.invoke0(Native Method)
	at sun.reflect.NativeMethodAccessorImpl.invoke(NativeMethodAccessorImpl.java:57)
	at sun.reflect.DelegatingMethodAccessorImpl.invoke(DelegatingMethodAccessorImpl.java:43)
	at java.lang.reflect.Method.invoke(Method.java:616)
	at junit.framework.TestCase.runTest(TestCase.java:168)
	at junit.framework.TestCase.runBare(TestCase.java:134)
	at junit.framework.TestResult$1.protect(TestResult.java:110)
	at junit.framework.TestResult.runProtected(TestResult.java:128)
	at junit.framework.TestResult.run(TestResult.java:113)
	at junit.framework.TestCase.run(TestCase.java:124)
	at junit.framework.TestSuite.runTest(TestSuite.java:232)
	at junit.framework.TestSuite.run(TestSuite.java:227)
	at junit.framework.TestSuite.runTest(TestSuite.java:232)
	at junit.framework.TestSuite.run(TestSuite.java:227)
	at junit.framework.TestSuite.runTest(TestSuite.java:232)
	at junit.framework.TestSuite.run(TestSuite.java:227)
	at org.apache.tools.ant.taskdefs.optional.junit.JUnitTestRunner.run(JUnitTestRunner.java:420)
	at org.apache.tools.ant.taskdefs.optional.junit.JUnitTestRunner.launch(JUnitTestRunner.java:911)
	at org.apache.tools.ant.taskdefs.optional.junit.JUnitTestRunner.main(JUnitTestRunner.java:768)
Loading Deliverable Array
com.topcoder.util.config.UnknownNamespaceException: com.topcoder.util.log is unknown
	at com.topcoder.util.config.DefaultConfigManager.getPropertyObject(DefaultConfigManager.java:429)
	at com.topcoder.util.config.DefaultConfigManager.getString(DefaultConfigManager.java:449)
	at com.topcoder.util.log.LogFactory.getAttribute(LogFactory.java:224)
	at com.topcoder.util.log.basic.BasicLog.log(BasicLog.java:74)
	at com.topcoder.management.deliverable.PersistenceDeliverableManager.searchDeliverablesHelper(PersistenceDeliverableManager.java:325)
	at com.topcoder.management.deliverable.PersistenceDeliverableManager.searchDeliverablesWithSubmissionFilter(PersistenceDeliverableManager.java:217)
	at com.topcoder.management.deliverable.accuracytests.PersistenceDeliverableManagerAccuracyTests.testSearchDeliverablesWithSubmissionFilterByResourceRoleId(PersistenceDeliverableManagerAccuracyTests.java:459)
	at sun.reflect.NativeMethodAccessorImpl.invoke0(Native Method)
	at sun.reflect.NativeMethodAccessorImpl.invoke(NativeMethodAccessorImpl.java:57)
	at sun.reflect.DelegatingMethodAccessorImpl.invoke(DelegatingMethodAccessorImpl.java:43)
	at java.lang.reflect.Method.invoke(Method.java:616)
	at junit.framework.TestCase.runTest(TestCase.java:168)
	at junit.framework.TestCase.runBare(TestCase.java:134)
	at junit.framework.TestResult$1.protect(TestResult.java:110)
	at junit.framework.TestResult.runProtected(TestResult.java:128)
	at junit.framework.TestResult.run(TestResult.java:113)
	at junit.framework.TestCase.run(TestCase.java:124)
	at junit.framework.TestSuite.runTest(TestSuite.java:232)
	at junit.framework.TestSuite.run(TestSuite.java:227)
	at junit.framework.TestSuite.runTest(TestSuite.java:232)
	at junit.framework.TestSuite.run(TestSuite.java:227)
	at junit.framework.TestSuite.runTest(TestSuite.java:232)
	at junit.framework.TestSuite.run(TestSuite.java:227)
	at org.apache.tools.ant.taskdefs.optional.junit.JUnitTestRunner.run(JUnitTestRunner.java:420)
	at org.apache.tools.ant.taskdefs.optional.junit.JUnitTestRunner.launch(JUnitTestRunner.java:911)
	at org.apache.tools.ant.taskdefs.optional.junit.JUnitTestRunner.main(JUnitTestRunner.java:768)
Adding Deliverable To List
com.topcoder.util.config.UnknownNamespaceException: com.topcoder.util.log is unknown
	at com.topcoder.util.config.DefaultConfigManager.getPropertyObject(DefaultConfigManager.java:429)
	at com.topcoder.util.config.DefaultConfigManager.getString(DefaultConfigManager.java:449)
	at com.topcoder.util.log.LogFactory.getAttribute(LogFactory.java:224)
	at com.topcoder.util.log.basic.BasicLog.log(BasicLog.java:74)
	at com.topcoder.management.deliverable.PersistenceDeliverableManager.searchDeliverablesHelper(PersistenceDeliverableManager.java:302)
	at com.topcoder.management.deliverable.PersistenceDeliverableManager.searchDeliverablesWithSubmissionFilter(PersistenceDeliverableManager.java:217)
	at com.topcoder.management.deliverable.accuracytests.PersistenceDeliverableManagerAccuracyTests.testSearchDeliverablesWithSubmissionFilterByResourceRoleId(PersistenceDeliverableManagerAccuracyTests.java:459)
	at sun.reflect.NativeMethodAccessorImpl.invoke0(Native Method)
	at sun.reflect.NativeMethodAccessorImpl.invoke(NativeMethodAccessorImpl.java:57)
	at sun.reflect.DelegatingMethodAccessorImpl.invoke(DelegatingMethodAccessorImpl.java:43)
	at java.lang.reflect.Method.invoke(Method.java:616)
	at junit.framework.TestCase.runTest(TestCase.java:168)
	at junit.framework.TestCase.runBare(TestCase.java:134)
	at junit.framework.TestResult$1.protect(TestResult.java:110)
	at junit.framework.TestResult.runProtected(TestResult.java:128)
	at junit.framework.TestResult.run(TestResult.java:113)
	at junit.framework.TestCase.run(TestCase.java:124)
	at junit.framework.TestSuite.runTest(TestSuite.java:232)
	at junit.framework.TestSuite.run(TestSuite.java:227)
	at junit.framework.TestSuite.runTest(TestSuite.java:232)
	at junit.framework.TestSuite.run(TestSuite.java:227)
	at junit.framework.TestSuite.runTest(TestSuite.java:232)
	at junit.framework.TestSuite.run(TestSuite.java:227)
	at org.apache.tools.ant.taskdefs.optional.junit.JUnitTestRunner.run(JUnitTestRunner.java:420)
	at org.apache.tools.ant.taskdefs.optional.junit.JUnitTestRunner.launch(JUnitTestRunner.java:911)
	at org.apache.tools.ant.taskdefs.optional.junit.JUnitTestRunner.main(JUnitTestRunner.java:768)
Loading Deliverable Array
com.topcoder.util.config.UnknownNamespaceException: com.topcoder.util.log is unknown
	at com.topcoder.util.config.DefaultConfigManager.getPropertyObject(DefaultConfigManager.java:429)
	at com.topcoder.util.config.DefaultConfigManager.getString(DefaultConfigManager.java:449)
	at com.topcoder.util.log.LogFactory.getAttribute(LogFactory.java:224)
	at com.topcoder.util.log.basic.BasicLog.log(BasicLog.java:74)
	at com.topcoder.management.deliverable.PersistenceDeliverableManager.searchDeliverablesHelper(PersistenceDeliverableManager.java:325)
	at com.topcoder.management.deliverable.PersistenceDeliverableManager.searchDeliverablesWithSubmissionFilter(PersistenceDeliverableManager.java:217)
	at com.topcoder.management.deliverable.accuracytests.PersistenceDeliverableManagerAccuracyTests.testSearchDeliverablesWithSubmissionFilterByResourceRoleId(PersistenceDeliverableManagerAccuracyTests.java:459)
	at sun.reflect.NativeMethodAccessorImpl.invoke0(Native Method)
	at sun.reflect.NativeMethodAccessorImpl.invoke(NativeMethodAccessorImpl.java:57)
	at sun.reflect.DelegatingMethodAccessorImpl.invoke(DelegatingMethodAccessorImpl.java:43)
	at java.lang.reflect.Method.invoke(Method.java:616)
	at junit.framework.TestCase.runTest(TestCase.java:168)
	at junit.framework.TestCase.runBare(TestCase.java:134)
	at junit.framework.TestResult$1.protect(TestResult.java:110)
	at junit.framework.TestResult.runProtected(TestResult.java:128)
	at junit.framework.TestResult.run(TestResult.java:113)
	at junit.framework.TestCase.run(TestCase.java:124)
	at junit.framework.TestSuite.runTest(TestSuite.java:232)
	at junit.framework.TestSuite.run(TestSuite.java:227)
	at junit.framework.TestSuite.runTest(TestSuite.java:232)
	at junit.framework.TestSuite.run(TestSuite.java:227)
	at junit.framework.TestSuite.runTest(TestSuite.java:232)
	at junit.framework.TestSuite.run(TestSuite.java:227)
	at org.apache.tools.ant.taskdefs.optional.junit.JUnitTestRunner.run(JUnitTestRunner.java:420)
	at org.apache.tools.ant.taskdefs.optional.junit.JUnitTestRunner.launch(JUnitTestRunner.java:911)
	at org.apache.tools.ant.taskdefs.optional.junit.JUnitTestRunner.main(JUnitTestRunner.java:768)
Adding Deliverable To List
com.topcoder.util.config.UnknownNamespaceException: com.topcoder.util.log is unknown
	at com.topcoder.util.config.DefaultConfigManager.getPropertyObject(DefaultConfigManager.java:429)
	at com.topcoder.util.config.DefaultConfigManager.getString(DefaultConfigManager.java:449)
	at com.topcoder.util.log.LogFactory.getAttribute(LogFactory.java:224)
	at com.topcoder.util.log.basic.BasicLog.log(BasicLog.java:74)
	at com.topcoder.management.deliverable.PersistenceDeliverableManager.searchDeliverablesHelper(PersistenceDeliverableManager.java:302)
	at com.topcoder.management.deliverable.PersistenceDeliverableManager.searchDeliverablesWithSubmissionFilter(PersistenceDeliverableManager.java:217)
	at com.topcoder.management.deliverable.accuracytests.PersistenceDeliverableManagerAccuracyTests.testSearchDeliverablesWithSubmissionFilterByResourceRoleId(PersistenceDeliverableManagerAccuracyTests.java:459)
	at sun.reflect.NativeMethodAccessorImpl.invoke0(Native Method)
	at sun.reflect.NativeMethodAccessorImpl.invoke(NativeMethodAccessorImpl.java:57)
	at sun.reflect.DelegatingMethodAccessorImpl.invoke(DelegatingMethodAccessorImpl.java:43)
	at java.lang.reflect.Method.invoke(Method.java:616)
	at junit.framework.TestCase.runTest(TestCase.java:168)
	at junit.framework.TestCase.runBare(TestCase.java:134)
	at junit.framework.TestResult$1.protect(TestResult.java:110)
	at junit.framework.TestResult.runProtected(TestResult.java:128)
	at junit.framework.TestResult.run(TestResult.java:113)
	at junit.framework.TestCase.run(TestCase.java:124)
	at junit.framework.TestSuite.runTest(TestSuite.java:232)
	at junit.framework.TestSuite.run(TestSuite.java:227)
	at junit.framework.TestSuite.runTest(TestSuite.java:232)
	at junit.framework.TestSuite.run(TestSuite.java:227)
	at junit.framework.TestSuite.runTest(TestSuite.java:232)
	at junit.framework.TestSuite.run(TestSuite.java:227)
	at org.apache.tools.ant.taskdefs.optional.junit.JUnitTestRunner.run(JUnitTestRunner.java:420)
	at org.apache.tools.ant.taskdefs.optional.junit.JUnitTestRunner.launch(JUnitTestRunner.java:911)
	at org.apache.tools.ant.taskdefs.optional.junit.JUnitTestRunner.main(JUnitTestRunner.java:768)
Loading Deliverable Array
com.topcoder.util.config.UnknownNamespaceException: com.topcoder.util.log is unknown
	at com.topcoder.util.config.DefaultConfigManager.getPropertyObject(DefaultConfigManager.java:429)
	at com.topcoder.util.config.DefaultConfigManager.getString(DefaultConfigManager.java:449)
	at com.topcoder.util.log.LogFactory.getAttribute(LogFactory.java:224)
	at com.topcoder.util.log.basic.BasicLog.log(BasicLog.java:74)
	at com.topcoder.management.deliverable.PersistenceDeliverableManager.searchDeliverablesHelper(PersistenceDeliverableManager.java:325)
	at com.topcoder.management.deliverable.PersistenceDeliverableManager.searchDeliverablesWithSubmissionFilter(PersistenceDeliverableManager.java:217)
	at com.topcoder.management.deliverable.accuracytests.PersistenceDeliverableManagerAccuracyTests.testSearchDeliverablesWithSubmissionFilterByResourceRoleId(PersistenceDeliverableManagerAccuracyTests.java:459)
	at sun.reflect.NativeMethodAccessorImpl.invoke0(Native Method)
	at sun.reflect.NativeMethodAccessorImpl.invoke(NativeMethodAccessorImpl.java:57)
	at sun.reflect.DelegatingMethodAccessorImpl.invoke(DelegatingMethodAccessorImpl.java:43)
	at java.lang.reflect.Method.invoke(Method.java:616)
	at junit.framework.TestCase.runTest(TestCase.java:168)
	at junit.framework.TestCase.runBare(TestCase.java:134)
	at junit.framework.TestResult$1.protect(TestResult.java:110)
	at junit.framework.TestResult.runProtected(TestResult.java:128)
	at junit.framework.TestResult.run(TestResult.java:113)
	at junit.framework.TestCase.run(TestCase.java:124)
	at junit.framework.TestSuite.runTest(TestSuite.java:232)
	at junit.framework.TestSuite.run(TestSuite.java:227)
	at junit.framework.TestSuite.runTest(TestSuite.java:232)
	at junit.framework.TestSuite.run(TestSuite.java:227)
	at junit.framework.TestSuite.runTest(TestSuite.java:232)
	at junit.framework.TestSuite.run(TestSuite.java:227)
	at org.apache.tools.ant.taskdefs.optional.junit.JUnitTestRunner.run(JUnitTestRunner.java:420)
	at org.apache.tools.ant.taskdefs.optional.junit.JUnitTestRunner.launch(JUnitTestRunner.java:911)
	at org.apache.tools.ant.taskdefs.optional.junit.JUnitTestRunner.main(JUnitTestRunner.java:768)
Adding Deliverable To List
com.topcoder.util.config.UnknownNamespaceException: com.topcoder.util.log is unknown
	at com.topcoder.util.config.DefaultConfigManager.getPropertyObject(DefaultConfigManager.java:429)
	at com.topcoder.util.config.DefaultConfigManager.getString(DefaultConfigManager.java:449)
	at com.topcoder.util.log.LogFactory.getAttribute(LogFactory.java:224)
	at com.topcoder.util.log.basic.BasicLog.log(BasicLog.java:74)
	at com.topcoder.management.deliverable.PersistenceDeliverableManager.<init>(PersistenceDeliverableManager.java:157)
	at com.topcoder.management.deliverable.PersistenceDeliverableManager.<init>(PersistenceDeliverableManager.java:183)
	at com.topcoder.management.deliverable.accuracytests.PersistenceDeliverableManagerAccuracyTests.setUp(PersistenceDeliverableManagerAccuracyTests.java:122)
	at junit.framework.TestCase.runBare(TestCase.java:132)
	at junit.framework.TestResult$1.protect(TestResult.java:110)
	at junit.framework.TestResult.runProtected(TestResult.java:128)
	at junit.framework.TestResult.run(TestResult.java:113)
	at junit.framework.TestCase.run(TestCase.java:124)
	at junit.framework.TestSuite.runTest(TestSuite.java:232)
	at junit.framework.TestSuite.run(TestSuite.java:227)
	at junit.framework.TestSuite.runTest(TestSuite.java:232)
	at junit.framework.TestSuite.run(TestSuite.java:227)
	at junit.framework.TestSuite.runTest(TestSuite.java:232)
	at junit.framework.TestSuite.run(TestSuite.java:227)
	at org.apache.tools.ant.taskdefs.optional.junit.JUnitTestRunner.run(JUnitTestRunner.java:420)
	at org.apache.tools.ant.taskdefs.optional.junit.JUnitTestRunner.launch(JUnitTestRunner.java:911)
	at org.apache.tools.ant.taskdefs.optional.junit.JUnitTestRunner.main(JUnitTestRunner.java:768)
Instantiate PersistenceDeliverableManager with DeliverablePersistence, deliverableCheckers map,deliverableSearchBundle and submissionSearchBundle.
com.topcoder.util.config.UnknownNamespaceException: com.topcoder.util.log is unknown
	at com.topcoder.util.config.DefaultConfigManager.getPropertyObject(DefaultConfigManager.java:429)
	at com.topcoder.util.config.DefaultConfigManager.getString(DefaultConfigManager.java:449)
	at com.topcoder.util.log.LogFactory.getAttribute(LogFactory.java:224)
	at com.topcoder.util.log.basic.BasicLog.log(BasicLog.java:74)
	at com.topcoder.management.deliverable.PersistenceDeliverableManager.searchDeliverablesWithSubmissionFilter(PersistenceDeliverableManager.java:216)
	at com.topcoder.management.deliverable.accuracytests.PersistenceDeliverableManagerAccuracyTests.testSearchDeliverablesWithSubmissionFilterBySubmissionId(PersistenceDeliverableManagerAccuracyTests.java:480)
	at sun.reflect.NativeMethodAccessorImpl.invoke0(Native Method)
	at sun.reflect.NativeMethodAccessorImpl.invoke(NativeMethodAccessorImpl.java:57)
	at sun.reflect.DelegatingMethodAccessorImpl.invoke(DelegatingMethodAccessorImpl.java:43)
	at java.lang.reflect.Method.invoke(Method.java:616)
	at junit.framework.TestCase.runTest(TestCase.java:168)
	at junit.framework.TestCase.runBare(TestCase.java:134)
	at junit.framework.TestResult$1.protect(TestResult.java:110)
	at junit.framework.TestResult.runProtected(TestResult.java:128)
	at junit.framework.TestResult.run(TestResult.java:113)
	at junit.framework.TestCase.run(TestCase.java:124)
	at junit.framework.TestSuite.runTest(TestSuite.java:232)
	at junit.framework.TestSuite.run(TestSuite.java:227)
	at junit.framework.TestSuite.runTest(TestSuite.java:232)
	at junit.framework.TestSuite.run(TestSuite.java:227)
	at junit.framework.TestSuite.runTest(TestSuite.java:232)
	at junit.framework.TestSuite.run(TestSuite.java:227)
	at org.apache.tools.ant.taskdefs.optional.junit.JUnitTestRunner.run(JUnitTestRunner.java:420)
	at org.apache.tools.ant.taskdefs.optional.junit.JUnitTestRunner.launch(JUnitTestRunner.java:911)
	at org.apache.tools.ant.taskdefs.optional.junit.JUnitTestRunner.main(JUnitTestRunner.java:768)
search deliverables with submission filter.
com.topcoder.util.config.UnknownNamespaceException: com.topcoder.util.log is unknown
	at com.topcoder.util.config.DefaultConfigManager.getPropertyObject(DefaultConfigManager.java:429)
	at com.topcoder.util.config.DefaultConfigManager.getString(DefaultConfigManager.java:449)
	at com.topcoder.util.log.LogFactory.getAttribute(LogFactory.java:224)
	at com.topcoder.util.log.basic.BasicLog.log(BasicLog.java:74)
	at com.topcoder.management.deliverable.DeliverableHelper.checkAndGetCustomResultSetValidDeliverable(DeliverableHelper.java:156)
	at com.topcoder.management.deliverable.PersistenceDeliverableManager.searchDeliverablesHelper(PersistenceDeliverableManager.java:284)
	at com.topcoder.management.deliverable.PersistenceDeliverableManager.searchDeliverablesWithSubmissionFilter(PersistenceDeliverableManager.java:217)
	at com.topcoder.management.deliverable.accuracytests.PersistenceDeliverableManagerAccuracyTests.testSearchDeliverablesWithSubmissionFilterBySubmissionId(PersistenceDeliverableManagerAccuracyTests.java:480)
	at sun.reflect.NativeMethodAccessorImpl.invoke0(Native Method)
	at sun.reflect.NativeMethodAccessorImpl.invoke(NativeMethodAccessorImpl.java:57)
	at sun.reflect.DelegatingMethodAccessorImpl.invoke(DelegatingMethodAccessorImpl.java:43)
	at java.lang.reflect.Method.invoke(Method.java:616)
	at junit.framework.TestCase.runTest(TestCase.java:168)
	at junit.framework.TestCase.runBare(TestCase.java:134)
	at junit.framework.TestResult$1.protect(TestResult.java:110)
	at junit.framework.TestResult.runProtected(TestResult.java:128)
	at junit.framework.TestResult.run(TestResult.java:113)
	at junit.framework.TestCase.run(TestCase.java:124)
	at junit.framework.TestSuite.runTest(TestSuite.java:232)
	at junit.framework.TestSuite.run(TestSuite.java:227)
	at junit.framework.TestSuite.runTest(TestSuite.java:232)
	at junit.framework.TestSuite.run(TestSuite.java:227)
	at junit.framework.TestSuite.runTest(TestSuite.java:232)
	at junit.framework.TestSuite.run(TestSuite.java:227)
	at org.apache.tools.ant.taskdefs.optional.junit.JUnitTestRunner.run(JUnitTestRunner.java:420)
	at org.apache.tools.ant.taskdefs.optional.junit.JUnitTestRunner.launch(JUnitTestRunner.java:911)
	at org.apache.tools.ant.taskdefs.optional.junit.JUnitTestRunner.main(JUnitTestRunner.java:768)
CustomResultSet Records: 0
com.topcoder.util.config.UnknownNamespaceException: com.topcoder.util.log is unknown
	at com.topcoder.util.config.DefaultConfigManager.getPropertyObject(DefaultConfigManager.java:429)
	at com.topcoder.util.config.DefaultConfigManager.getString(DefaultConfigManager.java:449)
	at com.topcoder.util.log.LogFactory.getAttribute(LogFactory.java:224)
	at com.topcoder.util.log.basic.BasicLog.log(BasicLog.java:74)
	at com.topcoder.management.deliverable.PersistenceDeliverableManager.searchDeliverablesHelper(PersistenceDeliverableManager.java:289)
	at com.topcoder.management.deliverable.PersistenceDeliverableManager.searchDeliverablesWithSubmissionFilter(PersistenceDeliverableManager.java:217)
	at com.topcoder.management.deliverable.accuracytests.PersistenceDeliverableManagerAccuracyTests.testSearchDeliverablesWithSubmissionFilterBySubmissionId(PersistenceDeliverableManagerAccuracyTests.java:480)
	at sun.reflect.NativeMethodAccessorImpl.invoke0(Native Method)
	at sun.reflect.NativeMethodAccessorImpl.invoke(NativeMethodAccessorImpl.java:57)
	at sun.reflect.DelegatingMethodAccessorImpl.invoke(DelegatingMethodAccessorImpl.java:43)
	at java.lang.reflect.Method.invoke(Method.java:616)
	at junit.framework.TestCase.runTest(TestCase.java:168)
	at junit.framework.TestCase.runBare(TestCase.java:134)
	at junit.framework.TestResult$1.protect(TestResult.java:110)
	at junit.framework.TestResult.runProtected(TestResult.java:128)
	at junit.framework.TestResult.run(TestResult.java:113)
	at junit.framework.TestCase.run(TestCase.java:124)
	at junit.framework.TestSuite.runTest(TestSuite.java:232)
	at junit.framework.TestSuite.run(TestSuite.java:227)
	at junit.framework.TestSuite.runTest(TestSuite.java:232)
	at junit.framework.TestSuite.run(TestSuite.java:227)
	at junit.framework.TestSuite.runTest(TestSuite.java:232)
	at junit.framework.TestSuite.run(TestSuite.java:227)
	at org.apache.tools.ant.taskdefs.optional.junit.JUnitTestRunner.run(JUnitTestRunner.java:420)
	at org.apache.tools.ant.taskdefs.optional.junit.JUnitTestRunner.launch(JUnitTestRunner.java:911)
	at org.apache.tools.ant.taskdefs.optional.junit.JUnitTestRunner.main(JUnitTestRunner.java:768)
Deliverable Id Array: 4, 0
An error occurred while trying to retrieve the com.topcoder.management.deliverable.accuracytests.persistence.MockUploadPersistence log:
com.topcoder.util.log.LogException: com.topcoder.util.config.UnknownNamespaceException: com.topcoder.util.log is unknown
	at com.topcoder.util.log.LogFactory.getLogWithExceptions(LogFactory.java:392)
	at com.topcoder.util.log.LogFactory.getLog(LogFactory.java:294)
	at com.topcoder.management.deliverable.accuracytests.persistence.MockUploadPersistence.<clinit>(MockUploadPersistence.java:32)
	at com.topcoder.management.deliverable.accuracytests.PersistenceUploadManagerAccuracyTests.setUp(PersistenceUploadManagerAccuracyTests.java:73)
	at junit.framework.TestCase.runBare(TestCase.java:132)
	at junit.framework.TestResult$1.protect(TestResult.java:110)
	at junit.framework.TestResult.runProtected(TestResult.java:128)
	at junit.framework.TestResult.run(TestResult.java:113)
	at junit.framework.TestCase.run(TestCase.java:124)
	at junit.framework.TestSuite.runTest(TestSuite.java:232)
	at junit.framework.TestSuite.run(TestSuite.java:227)
	at junit.framework.TestSuite.runTest(TestSuite.java:232)
	at junit.framework.TestSuite.run(TestSuite.java:227)
	at junit.framework.TestSuite.runTest(TestSuite.java:232)
	at junit.framework.TestSuite.run(TestSuite.java:227)
	at org.apache.tools.ant.taskdefs.optional.junit.JUnitTestRunner.run(JUnitTestRunner.java:420)
	at org.apache.tools.ant.taskdefs.optional.junit.JUnitTestRunner.launch(JUnitTestRunner.java:911)
	at org.apache.tools.ant.taskdefs.optional.junit.JUnitTestRunner.main(JUnitTestRunner.java:768)
Caused by: com.topcoder.util.config.UnknownNamespaceException: com.topcoder.util.log is unknown
	at com.topcoder.util.config.DefaultConfigManager.getPropertyObject(DefaultConfigManager.java:429)
	at com.topcoder.util.config.DefaultConfigManager.getString(DefaultConfigManager.java:449)
	at com.topcoder.util.log.LogFactory.getLogWithExceptions(LogFactory.java:381)
	... 17 more
The basic console logger will be used instead.
com.topcoder.util.config.UnknownNamespaceException: com.topcoder.util.log is unknown
	at com.topcoder.util.config.DefaultConfigManager.getPropertyObject(DefaultConfigManager.java:429)
	at com.topcoder.util.config.DefaultConfigManager.getString(DefaultConfigManager.java:449)
	at com.topcoder.util.log.LogFactory.getAttribute(LogFactory.java:224)
	at com.topcoder.util.log.basic.BasicLog.log(BasicLog.java:74)
	at com.topcoder.management.deliverable.PersistenceUploadManager.<init>(PersistenceUploadManager.java:260)
	at com.topcoder.management.deliverable.PersistenceUploadManager.<init>(PersistenceUploadManager.java:306)
	at com.topcoder.management.deliverable.accuracytests.PersistenceUploadManagerAccuracyTests.setUp(PersistenceUploadManagerAccuracyTests.java:73)
	at junit.framework.TestCase.runBare(TestCase.java:132)
	at junit.framework.TestResult$1.protect(TestResult.java:110)
	at junit.framework.TestResult.runProtected(TestResult.java:128)
	at junit.framework.TestResult.run(TestResult.java:113)
	at junit.framework.TestCase.run(TestCase.java:124)
	at junit.framework.TestSuite.runTest(TestSuite.java:232)
	at junit.framework.TestSuite.run(TestSuite.java:227)
	at junit.framework.TestSuite.runTest(TestSuite.java:232)
	at junit.framework.TestSuite.run(TestSuite.java:227)
	at junit.framework.TestSuite.runTest(TestSuite.java:232)
	at junit.framework.TestSuite.run(TestSuite.java:227)
	at org.apache.tools.ant.taskdefs.optional.junit.JUnitTestRunner.run(JUnitTestRunner.java:420)
	at org.apache.tools.ant.taskdefs.optional.junit.JUnitTestRunner.launch(JUnitTestRunner.java:911)
	at org.apache.tools.ant.taskdefs.optional.junit.JUnitTestRunner.main(JUnitTestRunner.java:768)
Instantiate PersistenceUploadManager with UploadPersistence, uploadSearchBundle, submissionSearchBundle, uploadIdGenerator, uploadTypeIdGenerator, uploadStatusIdGenerator, submissionIDGenerator and submissionStatusIdGenerator.
com.topcoder.util.config.UnknownNamespaceException: com.topcoder.util.log is unknown
	at com.topcoder.util.config.DefaultConfigManager.getPropertyObject(DefaultConfigManager.java:429)
	at com.topcoder.util.config.DefaultConfigManager.getString(DefaultConfigManager.java:449)
	at com.topcoder.util.log.LogFactory.getAttribute(LogFactory.java:224)
	at com.topcoder.util.log.basic.BasicLog.log(BasicLog.java:74)
	at com.topcoder.management.deliverable.PersistenceUploadManager.searchUploads(PersistenceUploadManager.java:429)
	at com.topcoder.management.deliverable.accuracytests.PersistenceUploadManagerAccuracyTests.testSearchUploadsByUploadId(PersistenceUploadManagerAccuracyTests.java:649)
	at sun.reflect.NativeMethodAccessorImpl.invoke0(Native Method)
	at sun.reflect.NativeMethodAccessorImpl.invoke(NativeMethodAccessorImpl.java:57)
	at sun.reflect.DelegatingMethodAccessorImpl.invoke(DelegatingMethodAccessorImpl.java:43)
	at java.lang.reflect.Method.invoke(Method.java:616)
	at junit.framework.TestCase.runTest(TestCase.java:168)
	at junit.framework.TestCase.runBare(TestCase.java:134)
	at junit.framework.TestResult$1.protect(TestResult.java:110)
	at junit.framework.TestResult.runProtected(TestResult.java:128)
	at junit.framework.TestResult.run(TestResult.java:113)
	at junit.framework.TestCase.run(TestCase.java:124)
	at junit.framework.TestSuite.runTest(TestSuite.java:232)
	at junit.framework.TestSuite.run(TestSuite.java:227)
	at junit.framework.TestSuite.runTest(TestSuite.java:232)
	at junit.framework.TestSuite.run(TestSuite.java:227)
	at junit.framework.TestSuite.runTest(TestSuite.java:232)
	at junit.framework.TestSuite.run(TestSuite.java:227)
	at org.apache.tools.ant.taskdefs.optional.junit.JUnitTestRunner.run(JUnitTestRunner.java:420)
	at org.apache.tools.ant.taskdefs.optional.junit.JUnitTestRunner.launch(JUnitTestRunner.java:911)
	at org.apache.tools.ant.taskdefs.optional.junit.JUnitTestRunner.main(JUnitTestRunner.java:768)
type: Upload id: Unknown operator:Unknown - search uploads with filter. found: 1
com.topcoder.util.config.UnknownNamespaceException: com.topcoder.util.log is unknown
	at com.topcoder.util.config.DefaultConfigManager.getPropertyObject(DefaultConfigManager.java:429)
	at com.topcoder.util.config.DefaultConfigManager.getString(DefaultConfigManager.java:449)
	at com.topcoder.util.log.LogFactory.getAttribute(LogFactory.java:224)
	at com.topcoder.util.log.basic.BasicLog.log(BasicLog.java:74)
	at com.topcoder.management.deliverable.accuracytests.PersistenceUploadManagerAccuracyTests.testSearchUploadsByUploadId(PersistenceUploadManagerAccuracyTests.java:651)
	at sun.reflect.NativeMethodAccessorImpl.invoke0(Native Method)
	at sun.reflect.NativeMethodAccessorImpl.invoke(NativeMethodAccessorImpl.java:57)
	at sun.reflect.DelegatingMethodAccessorImpl.invoke(DelegatingMethodAccessorImpl.java:43)
	at java.lang.reflect.Method.invoke(Method.java:616)
	at junit.framework.TestCase.runTest(TestCase.java:168)
	at junit.framework.TestCase.runBare(TestCase.java:134)
	at junit.framework.TestResult$1.protect(TestResult.java:110)
	at junit.framework.TestResult.runProtected(TestResult.java:128)
	at junit.framework.TestResult.run(TestResult.java:113)
	at junit.framework.TestCase.run(TestCase.java:124)
	at junit.framework.TestSuite.runTest(TestSuite.java:232)
	at junit.framework.TestSuite.run(TestSuite.java:227)
	at junit.framework.TestSuite.runTest(TestSuite.java:232)
	at junit.framework.TestSuite.run(TestSuite.java:227)
	at junit.framework.TestSuite.runTest(TestSuite.java:232)
	at junit.framework.TestSuite.run(TestSuite.java:227)
	at org.apache.tools.ant.taskdefs.optional.junit.JUnitTestRunner.run(JUnitTestRunner.java:420)
	at org.apache.tools.ant.taskdefs.optional.junit.JUnitTestRunner.launch(JUnitTestRunner.java:911)
	at org.apache.tools.ant.taskdefs.optional.junit.JUnitTestRunner.main(JUnitTestRunner.java:768)
Number Of Uploads Retrieved: 1
com.topcoder.util.config.UnknownNamespaceException: com.topcoder.util.log is unknown
	at com.topcoder.util.config.DefaultConfigManager.getPropertyObject(DefaultConfigManager.java:429)
	at com.topcoder.util.config.DefaultConfigManager.getString(DefaultConfigManager.java:449)
	at com.topcoder.util.log.LogFactory.getAttribute(LogFactory.java:224)
	at com.topcoder.util.log.basic.BasicLog.log(BasicLog.java:74)
	at com.topcoder.management.deliverable.PersistenceUploadManager.searchUploads(PersistenceUploadManager.java:429)
	at com.topcoder.management.deliverable.accuracytests.PersistenceUploadManagerAccuracyTests.testSearchUploadsByUploadId(PersistenceUploadManagerAccuracyTests.java:649)
	at sun.reflect.NativeMethodAccessorImpl.invoke0(Native Method)
	at sun.reflect.NativeMethodAccessorImpl.invoke(NativeMethodAccessorImpl.java:57)
	at sun.reflect.DelegatingMethodAccessorImpl.invoke(DelegatingMethodAccessorImpl.java:43)
	at java.lang.reflect.Method.invoke(Method.java:616)
	at junit.framework.TestCase.runTest(TestCase.java:168)
	at junit.framework.TestCase.runBare(TestCase.java:134)
	at junit.framework.TestResult$1.protect(TestResult.java:110)
	at junit.framework.TestResult.runProtected(TestResult.java:128)
	at junit.framework.TestResult.run(TestResult.java:113)
	at junit.framework.TestCase.run(TestCase.java:124)
	at junit.framework.TestSuite.runTest(TestSuite.java:232)
	at junit.framework.TestSuite.run(TestSuite.java:227)
	at junit.framework.TestSuite.runTest(TestSuite.java:232)
	at junit.framework.TestSuite.run(TestSuite.java:227)
	at junit.framework.TestSuite.runTest(TestSuite.java:232)
	at junit.framework.TestSuite.run(TestSuite.java:227)
	at org.apache.tools.ant.taskdefs.optional.junit.JUnitTestRunner.run(JUnitTestRunner.java:420)
	at org.apache.tools.ant.taskdefs.optional.junit.JUnitTestRunner.launch(JUnitTestRunner.java:911)
	at org.apache.tools.ant.taskdefs.optional.junit.JUnitTestRunner.main(JUnitTestRunner.java:768)
type: Upload id: Unknown operator:Unknown - search uploads with filter. found: 1
com.topcoder.util.config.UnknownNamespaceException: com.topcoder.util.log is unknown
	at com.topcoder.util.config.DefaultConfigManager.getPropertyObject(DefaultConfigManager.java:429)
	at com.topcoder.util.config.DefaultConfigManager.getString(DefaultConfigManager.java:449)
	at com.topcoder.util.log.LogFactory.getAttribute(LogFactory.java:224)
	at com.topcoder.util.log.basic.BasicLog.log(BasicLog.java:74)
	at com.topcoder.management.deliverable.accuracytests.PersistenceUploadManagerAccuracyTests.testSearchUploadsByUploadId(PersistenceUploadManagerAccuracyTests.java:651)
	at sun.reflect.NativeMethodAccessorImpl.invoke0(Native Method)
	at sun.reflect.NativeMethodAccessorImpl.invoke(NativeMethodAccessorImpl.java:57)
	at sun.reflect.DelegatingMethodAccessorImpl.invoke(DelegatingMethodAccessorImpl.java:43)
	at java.lang.reflect.Method.invoke(Method.java:616)
	at junit.framework.TestCase.runTest(TestCase.java:168)
	at junit.framework.TestCase.runBare(TestCase.java:134)
	at junit.framework.TestResult$1.protect(TestResult.java:110)
	at junit.framework.TestResult.runProtected(TestResult.java:128)
	at junit.framework.TestResult.run(TestResult.java:113)
	at junit.framework.TestCase.run(TestCase.java:124)
	at junit.framework.TestSuite.runTest(TestSuite.java:232)
	at junit.framework.TestSuite.run(TestSuite.java:227)
	at junit.framework.TestSuite.runTest(TestSuite.java:232)
	at junit.framework.TestSuite.run(TestSuite.java:227)
	at junit.framework.TestSuite.runTest(TestSuite.java:232)
	at junit.framework.TestSuite.run(TestSuite.java:227)
	at org.apache.tools.ant.taskdefs.optional.junit.JUnitTestRunner.run(JUnitTestRunner.java:420)
	at org.apache.tools.ant.taskdefs.optional.junit.JUnitTestRunner.launch(JUnitTestRunner.java:911)
	at org.apache.tools.ant.taskdefs.optional.junit.JUnitTestRunner.main(JUnitTestRunner.java:768)
Number Of Uploads Retrieved: 1
com.topcoder.util.config.UnknownNamespaceException: com.topcoder.util.log is unknown
	at com.topcoder.util.config.DefaultConfigManager.getPropertyObject(DefaultConfigManager.java:429)
	at com.topcoder.util.config.DefaultConfigManager.getString(DefaultConfigManager.java:449)
	at com.topcoder.util.log.LogFactory.getAttribute(LogFactory.java:224)
	at com.topcoder.util.log.basic.BasicLog.log(BasicLog.java:74)
	at com.topcoder.management.deliverable.PersistenceUploadManager.searchUploads(PersistenceUploadManager.java:429)
	at com.topcoder.management.deliverable.accuracytests.PersistenceUploadManagerAccuracyTests.testSearchUploadsByUploadId(PersistenceUploadManagerAccuracyTests.java:649)
	at sun.reflect.NativeMethodAccessorImpl.invoke0(Native Method)
	at sun.reflect.NativeMethodAccessorImpl.invoke(NativeMethodAccessorImpl.java:57)
	at sun.reflect.DelegatingMethodAccessorImpl.invoke(DelegatingMethodAccessorImpl.java:43)
	at java.lang.reflect.Method.invoke(Method.java:616)
	at junit.framework.TestCase.runTest(TestCase.java:168)
	at junit.framework.TestCase.runBare(TestCase.java:134)
	at junit.framework.TestResult$1.protect(TestResult.java:110)
	at junit.framework.TestResult.runProtected(TestResult.java:128)
	at junit.framework.TestResult.run(TestResult.java:113)
	at junit.framework.TestCase.run(TestCase.java:124)
	at junit.framework.TestSuite.runTest(TestSuite.java:232)
	at junit.framework.TestSuite.run(TestSuite.java:227)
	at junit.framework.TestSuite.runTest(TestSuite.java:232)
	at junit.framework.TestSuite.run(TestSuite.java:227)
	at junit.framework.TestSuite.runTest(TestSuite.java:232)
	at junit.framework.TestSuite.run(TestSuite.java:227)
	at org.apache.tools.ant.taskdefs.optional.junit.JUnitTestRunner.run(JUnitTestRunner.java:420)
	at org.apache.tools.ant.taskdefs.optional.junit.JUnitTestRunner.launch(JUnitTestRunner.java:911)
	at org.apache.tools.ant.taskdefs.optional.junit.JUnitTestRunner.main(JUnitTestRunner.java:768)
type: Upload id: Unknown operator:Unknown - search uploads with filter. found: 1
com.topcoder.util.config.UnknownNamespaceException: com.topcoder.util.log is unknown
	at com.topcoder.util.config.DefaultConfigManager.getPropertyObject(DefaultConfigManager.java:429)
	at com.topcoder.util.config.DefaultConfigManager.getString(DefaultConfigManager.java:449)
	at com.topcoder.util.log.LogFactory.getAttribute(LogFactory.java:224)
	at com.topcoder.util.log.basic.BasicLog.log(BasicLog.java:74)
	at com.topcoder.management.deliverable.accuracytests.PersistenceUploadManagerAccuracyTests.testSearchUploadsByUploadId(PersistenceUploadManagerAccuracyTests.java:651)
	at sun.reflect.NativeMethodAccessorImpl.invoke0(Native Method)
	at sun.reflect.NativeMethodAccessorImpl.invoke(NativeMethodAccessorImpl.java:57)
	at sun.reflect.DelegatingMethodAccessorImpl.invoke(DelegatingMethodAccessorImpl.java:43)
	at java.lang.reflect.Method.invoke(Method.java:616)
	at junit.framework.TestCase.runTest(TestCase.java:168)
	at junit.framework.TestCase.runBare(TestCase.java:134)
	at junit.framework.TestResult$1.protect(TestResult.java:110)
	at junit.framework.TestResult.runProtected(TestResult.java:128)
	at junit.framework.TestResult.run(TestResult.java:113)
	at junit.framework.TestCase.run(TestCase.java:124)
	at junit.framework.TestSuite.runTest(TestSuite.java:232)
	at junit.framework.TestSuite.run(TestSuite.java:227)
	at junit.framework.TestSuite.runTest(TestSuite.java:232)
	at junit.framework.TestSuite.run(TestSuite.java:227)
	at junit.framework.TestSuite.runTest(TestSuite.java:232)
	at junit.framework.TestSuite.run(TestSuite.java:227)
	at org.apache.tools.ant.taskdefs.optional.junit.JUnitTestRunner.run(JUnitTestRunner.java:420)
	at org.apache.tools.ant.taskdefs.optional.junit.JUnitTestRunner.launch(JUnitTestRunner.java:911)
	at org.apache.tools.ant.taskdefs.optional.junit.JUnitTestRunner.main(JUnitTestRunner.java:768)
Number Of Uploads Retrieved: 1
com.topcoder.util.config.UnknownNamespaceException: com.topcoder.util.log is unknown
	at com.topcoder.util.config.DefaultConfigManager.getPropertyObject(DefaultConfigManager.java:429)
	at com.topcoder.util.config.DefaultConfigManager.getString(DefaultConfigManager.java:449)
	at com.topcoder.util.log.LogFactory.getAttribute(LogFactory.java:224)
	at com.topcoder.util.log.basic.BasicLog.log(BasicLog.java:74)
	at com.topcoder.management.deliverable.PersistenceUploadManager.searchUploads(PersistenceUploadManager.java:429)
	at com.topcoder.management.deliverable.accuracytests.PersistenceUploadManagerAccuracyTests.testSearchUploadsByUploadId(PersistenceUploadManagerAccuracyTests.java:649)
	at sun.reflect.NativeMethodAccessorImpl.invoke0(Native Method)
	at sun.reflect.NativeMethodAccessorImpl.invoke(NativeMethodAccessorImpl.java:57)
	at sun.reflect.DelegatingMethodAccessorImpl.invoke(DelegatingMethodAccessorImpl.java:43)
	at java.lang.reflect.Method.invoke(Method.java:616)
	at junit.framework.TestCase.runTest(TestCase.java:168)
	at junit.framework.TestCase.runBare(TestCase.java:134)
	at junit.framework.TestResult$1.protect(TestResult.java:110)
	at junit.framework.TestResult.runProtected(TestResult.java:128)
	at junit.framework.TestResult.run(TestResult.java:113)
	at junit.framework.TestCase.run(TestCase.java:124)
	at junit.framework.TestSuite.runTest(TestSuite.java:232)
	at junit.framework.TestSuite.run(TestSuite.java:227)
	at junit.framework.TestSuite.runTest(TestSuite.java:232)
	at junit.framework.TestSuite.run(TestSuite.java:227)
	at junit.framework.TestSuite.runTest(TestSuite.java:232)
	at junit.framework.TestSuite.run(TestSuite.java:227)
	at org.apache.tools.ant.taskdefs.optional.junit.JUnitTestRunner.run(JUnitTestRunner.java:420)
	at org.apache.tools.ant.taskdefs.optional.junit.JUnitTestRunner.launch(JUnitTestRunner.java:911)
	at org.apache.tools.ant.taskdefs.optional.junit.JUnitTestRunner.main(JUnitTestRunner.java:768)
type: Upload id: Unknown operator:Unknown - search uploads with filter. found: 1
com.topcoder.util.config.UnknownNamespaceException: com.topcoder.util.log is unknown
	at com.topcoder.util.config.DefaultConfigManager.getPropertyObject(DefaultConfigManager.java:429)
	at com.topcoder.util.config.DefaultConfigManager.getString(DefaultConfigManager.java:449)
	at com.topcoder.util.log.LogFactory.getAttribute(LogFactory.java:224)
	at com.topcoder.util.log.basic.BasicLog.log(BasicLog.java:74)
	at com.topcoder.management.deliverable.accuracytests.PersistenceUploadManagerAccuracyTests.testSearchUploadsByUploadId(PersistenceUploadManagerAccuracyTests.java:651)
	at sun.reflect.NativeMethodAccessorImpl.invoke0(Native Method)
	at sun.reflect.NativeMethodAccessorImpl.invoke(NativeMethodAccessorImpl.java:57)
	at sun.reflect.DelegatingMethodAccessorImpl.invoke(DelegatingMethodAccessorImpl.java:43)
	at java.lang.reflect.Method.invoke(Method.java:616)
	at junit.framework.TestCase.runTest(TestCase.java:168)
	at junit.framework.TestCase.runBare(TestCase.java:134)
	at junit.framework.TestResult$1.protect(TestResult.java:110)
	at junit.framework.TestResult.runProtected(TestResult.java:128)
	at junit.framework.TestResult.run(TestResult.java:113)
	at junit.framework.TestCase.run(TestCase.java:124)
	at junit.framework.TestSuite.runTest(TestSuite.java:232)
	at junit.framework.TestSuite.run(TestSuite.java:227)
	at junit.framework.TestSuite.runTest(TestSuite.java:232)
	at junit.framework.TestSuite.run(TestSuite.java:227)
	at junit.framework.TestSuite.runTest(TestSuite.java:232)
	at junit.framework.TestSuite.run(TestSuite.java:227)
	at org.apache.tools.ant.taskdefs.optional.junit.JUnitTestRunner.run(JUnitTestRunner.java:420)
	at org.apache.tools.ant.taskdefs.optional.junit.JUnitTestRunner.launch(JUnitTestRunner.java:911)
	at org.apache.tools.ant.taskdefs.optional.junit.JUnitTestRunner.main(JUnitTestRunner.java:768)
Number Of Uploads Retrieved: 1
com.topcoder.util.config.UnknownNamespaceException: com.topcoder.util.log is unknown
	at com.topcoder.util.config.DefaultConfigManager.getPropertyObject(DefaultConfigManager.java:429)
	at com.topcoder.util.config.DefaultConfigManager.getString(DefaultConfigManager.java:449)
	at com.topcoder.util.log.LogFactory.getAttribute(LogFactory.java:224)
	at com.topcoder.util.log.basic.BasicLog.log(BasicLog.java:74)
	at com.topcoder.management.deliverable.PersistenceUploadManager.searchUploads(PersistenceUploadManager.java:429)
	at com.topcoder.management.deliverable.accuracytests.PersistenceUploadManagerAccuracyTests.testSearchUploadsByUploadId(PersistenceUploadManagerAccuracyTests.java:649)
	at sun.reflect.NativeMethodAccessorImpl.invoke0(Native Method)
	at sun.reflect.NativeMethodAccessorImpl.invoke(NativeMethodAccessorImpl.java:57)
	at sun.reflect.DelegatingMethodAccessorImpl.invoke(DelegatingMethodAccessorImpl.java:43)
	at java.lang.reflect.Method.invoke(Method.java:616)
	at junit.framework.TestCase.runTest(TestCase.java:168)
	at junit.framework.TestCase.runBare(TestCase.java:134)
	at junit.framework.TestResult$1.protect(TestResult.java:110)
	at junit.framework.TestResult.runProtected(TestResult.java:128)
	at junit.framework.TestResult.run(TestResult.java:113)
	at junit.framework.TestCase.run(TestCase.java:124)
	at junit.framework.TestSuite.runTest(TestSuite.java:232)
	at junit.framework.TestSuite.run(TestSuite.java:227)
	at junit.framework.TestSuite.runTest(TestSuite.java:232)
	at junit.framework.TestSuite.run(TestSuite.java:227)
	at junit.framework.TestSuite.runTest(TestSuite.java:232)
	at junit.framework.TestSuite.run(TestSuite.java:227)
	at org.apache.tools.ant.taskdefs.optional.junit.JUnitTestRunner.run(JUnitTestRunner.java:420)
	at org.apache.tools.ant.taskdefs.optional.junit.JUnitTestRunner.launch(JUnitTestRunner.java:911)
	at org.apache.tools.ant.taskdefs.optional.junit.JUnitTestRunner.main(JUnitTestRunner.java:768)
type: Upload id: Unknown operator:Unknown - search uploads with filter. found: 1
com.topcoder.util.config.UnknownNamespaceException: com.topcoder.util.log is unknown
	at com.topcoder.util.config.DefaultConfigManager.getPropertyObject(DefaultConfigManager.java:429)
	at com.topcoder.util.config.DefaultConfigManager.getString(DefaultConfigManager.java:449)
	at com.topcoder.util.log.LogFactory.getAttribute(LogFactory.java:224)
	at com.topcoder.util.log.basic.BasicLog.log(BasicLog.java:74)
	at com.topcoder.management.deliverable.accuracytests.PersistenceUploadManagerAccuracyTests.testSearchUploadsByUploadId(PersistenceUploadManagerAccuracyTests.java:651)
	at sun.reflect.NativeMethodAccessorImpl.invoke0(Native Method)
	at sun.reflect.NativeMethodAccessorImpl.invoke(NativeMethodAccessorImpl.java:57)
	at sun.reflect.DelegatingMethodAccessorImpl.invoke(DelegatingMethodAccessorImpl.java:43)
	at java.lang.reflect.Method.invoke(Method.java:616)
	at junit.framework.TestCase.runTest(TestCase.java:168)
	at junit.framework.TestCase.runBare(TestCase.java:134)
	at junit.framework.TestResult$1.protect(TestResult.java:110)
	at junit.framework.TestResult.runProtected(TestResult.java:128)
	at junit.framework.TestResult.run(TestResult.java:113)
	at junit.framework.TestCase.run(TestCase.java:124)
	at junit.framework.TestSuite.runTest(TestSuite.java:232)
	at junit.framework.TestSuite.run(TestSuite.java:227)
	at junit.framework.TestSuite.runTest(TestSuite.java:232)
	at junit.framework.TestSuite.run(TestSuite.java:227)
	at junit.framework.TestSuite.runTest(TestSuite.java:232)
	at junit.framework.TestSuite.run(TestSuite.java:227)
	at org.apache.tools.ant.taskdefs.optional.junit.JUnitTestRunner.run(JUnitTestRunner.java:420)
	at org.apache.tools.ant.taskdefs.optional.junit.JUnitTestRunner.launch(JUnitTestRunner.java:911)
	at org.apache.tools.ant.taskdefs.optional.junit.JUnitTestRunner.main(JUnitTestRunner.java:768)
Number Of Uploads Retrieved: 1
com.topcoder.util.config.UnknownNamespaceException: com.topcoder.util.log is unknown
	at com.topcoder.util.config.DefaultConfigManager.getPropertyObject(DefaultConfigManager.java:429)
	at com.topcoder.util.config.DefaultConfigManager.getString(DefaultConfigManager.java:449)
	at com.topcoder.util.log.LogFactory.getAttribute(LogFactory.java:224)
	at com.topcoder.util.log.basic.BasicLog.log(BasicLog.java:74)
	at com.topcoder.management.deliverable.PersistenceUploadManager.<init>(PersistenceUploadManager.java:260)
	at com.topcoder.management.deliverable.PersistenceUploadManager.<init>(PersistenceUploadManager.java:306)
	at com.topcoder.management.deliverable.accuracytests.PersistenceUploadManagerAccuracyTests.setUp(PersistenceUploadManagerAccuracyTests.java:73)
	at junit.framework.TestCase.runBare(TestCase.java:132)
	at junit.framework.TestResult$1.protect(TestResult.java:110)
	at junit.framework.TestResult.runProtected(TestResult.java:128)
	at junit.framework.TestResult.run(TestResult.java:113)
	at junit.framework.TestCase.run(TestCase.java:124)
	at junit.framework.TestSuite.runTest(TestSuite.java:232)
	at junit.framework.TestSuite.run(TestSuite.java:227)
	at junit.framework.TestSuite.runTest(TestSuite.java:232)
	at junit.framework.TestSuite.run(TestSuite.java:227)
	at junit.framework.TestSuite.runTest(TestSuite.java:232)
	at junit.framework.TestSuite.run(TestSuite.java:227)
	at org.apache.tools.ant.taskdefs.optional.junit.JUnitTestRunner.run(JUnitTestRunner.java:420)
	at org.apache.tools.ant.taskdefs.optional.junit.JUnitTestRunner.launch(JUnitTestRunner.java:911)
	at org.apache.tools.ant.taskdefs.optional.junit.JUnitTestRunner.main(JUnitTestRunner.java:768)
Instantiate PersistenceUploadManager with UploadPersistence, uploadSearchBundle, submissionSearchBundle, uploadIdGenerator, uploadTypeIdGenerator, uploadStatusIdGenerator, submissionIDGenerator and submissionStatusIdGenerator.
com.topcoder.util.config.UnknownNamespaceException: com.topcoder.util.log is unknown
	at com.topcoder.util.config.DefaultConfigManager.getPropertyObject(DefaultConfigManager.java:429)
	at com.topcoder.util.config.DefaultConfigManager.getString(DefaultConfigManager.java:449)
	at com.topcoder.util.log.LogFactory.getAttribute(LogFactory.java:224)
	at com.topcoder.util.log.basic.BasicLog.log(BasicLog.java:74)
	at com.topcoder.management.deliverable.PersistenceUploadManager.<init>(PersistenceUploadManager.java:260)
	at com.topcoder.management.deliverable.PersistenceUploadManager.<init>(PersistenceUploadManager.java:306)
	at com.topcoder.management.deliverable.accuracytests.PersistenceUploadManagerAccuracyTests.setUp(PersistenceUploadManagerAccuracyTests.java:73)
	at junit.framework.TestCase.runBare(TestCase.java:132)
	at junit.framework.TestResult$1.protect(TestResult.java:110)
	at junit.framework.TestResult.runProtected(TestResult.java:128)
	at junit.framework.TestResult.run(TestResult.java:113)
	at junit.framework.TestCase.run(TestCase.java:124)
	at junit.framework.TestSuite.runTest(TestSuite.java:232)
	at junit.framework.TestSuite.run(TestSuite.java:227)
	at junit.framework.TestSuite.runTest(TestSuite.java:232)
	at junit.framework.TestSuite.run(TestSuite.java:227)
	at junit.framework.TestSuite.runTest(TestSuite.java:232)
	at junit.framework.TestSuite.run(TestSuite.java:227)
	at org.apache.tools.ant.taskdefs.optional.junit.JUnitTestRunner.run(JUnitTestRunner.java:420)
	at org.apache.tools.ant.taskdefs.optional.junit.JUnitTestRunner.launch(JUnitTestRunner.java:911)
	at org.apache.tools.ant.taskdefs.optional.junit.JUnitTestRunner.main(JUnitTestRunner.java:768)
Instantiate PersistenceUploadManager with UploadPersistence, uploadSearchBundle, submissionSearchBundle, uploadIdGenerator, uploadTypeIdGenerator, uploadStatusIdGenerator, submissionIDGenerator and submissionStatusIdGenerator.
com.topcoder.util.config.UnknownNamespaceException: com.topcoder.util.log is unknown
	at com.topcoder.util.config.DefaultConfigManager.getPropertyObject(DefaultConfigManager.java:429)
	at com.topcoder.util.config.DefaultConfigManager.getString(DefaultConfigManager.java:449)
	at com.topcoder.util.log.LogFactory.getAttribute(LogFactory.java:224)
	at com.topcoder.util.log.basic.BasicLog.log(BasicLog.java:74)
	at com.topcoder.management.deliverable.PersistenceUploadManager.createUploadType(PersistenceUploadManager.java:453)
	at com.topcoder.management.deliverable.accuracytests.PersistenceUploadManagerAccuracyTests.createUpload(PersistenceUploadManagerAccuracyTests.java:948)
	at com.topcoder.management.deliverable.accuracytests.PersistenceUploadManagerAccuracyTests.testCreateUpload(PersistenceUploadManagerAccuracyTests.java:489)
	at sun.reflect.NativeMethodAccessorImpl.invoke0(Native Method)
	at sun.reflect.NativeMethodAccessorImpl.invoke(NativeMethodAccessorImpl.java:57)
	at sun.reflect.DelegatingMethodAccessorImpl.invoke(DelegatingMethodAccessorImpl.java:43)
	at java.lang.reflect.Method.invoke(Method.java:616)
	at junit.framework.TestCase.runTest(TestCase.java:168)
	at junit.framework.TestCase.runBare(TestCase.java:134)
	at junit.framework.TestResult$1.protect(TestResult.java:110)
	at junit.framework.TestResult.runProtected(TestResult.java:128)
	at junit.framework.TestResult.run(TestResult.java:113)
	at junit.framework.TestCase.run(TestCase.java:124)
	at junit.framework.TestSuite.runTest(TestSuite.java:232)
	at junit.framework.TestSuite.run(TestSuite.java:227)
	at junit.framework.TestSuite.runTest(TestSuite.java:232)
	at junit.framework.TestSuite.run(TestSuite.java:227)
	at junit.framework.TestSuite.runTest(TestSuite.java:232)
	at junit.framework.TestSuite.run(TestSuite.java:227)
	at org.apache.tools.ant.taskdefs.optional.junit.JUnitTestRunner.run(JUnitTestRunner.java:420)
	at org.apache.tools.ant.taskdefs.optional.junit.JUnitTestRunner.launch(JUnitTestRunner.java:911)
	at org.apache.tools.ant.taskdefs.optional.junit.JUnitTestRunner.main(JUnitTestRunner.java:768)
type: UploadType id: Unknown operator:someone - Create new UploadType.
com.topcoder.util.config.UnknownNamespaceException: com.topcoder.util.log is unknown
	at com.topcoder.util.config.DefaultConfigManager.getPropertyObject(DefaultConfigManager.java:429)
	at com.topcoder.util.config.DefaultConfigManager.getString(DefaultConfigManager.java:449)
	at com.topcoder.util.log.LogFactory.getAttribute(LogFactory.java:224)
	at com.topcoder.util.log.basic.BasicLog.log(BasicLog.java:74)
	at com.topcoder.management.deliverable.PersistenceUploadManager.persistenceUploadManagerHelper(PersistenceUploadManager.java:966)
	at com.topcoder.management.deliverable.PersistenceUploadManager.createUploadType(PersistenceUploadManager.java:454)
	at com.topcoder.management.deliverable.accuracytests.PersistenceUploadManagerAccuracyTests.createUpload(PersistenceUploadManagerAccuracyTests.java:948)
	at com.topcoder.management.deliverable.accuracytests.PersistenceUploadManagerAccuracyTests.testCreateUpload(PersistenceUploadManagerAccuracyTests.java:489)
	at sun.reflect.NativeMethodAccessorImpl.invoke0(Native Method)
	at sun.reflect.NativeMethodAccessorImpl.invoke(NativeMethodAccessorImpl.java:57)
	at sun.reflect.DelegatingMethodAccessorImpl.invoke(DelegatingMethodAccessorImpl.java:43)
	at java.lang.reflect.Method.invoke(Method.java:616)
	at junit.framework.TestCase.runTest(TestCase.java:168)
	at junit.framework.TestCase.runBare(TestCase.java:134)
	at junit.framework.TestResult$1.protect(TestResult.java:110)
	at junit.framework.TestResult.runProtected(TestResult.java:128)
	at junit.framework.TestResult.run(TestResult.java:113)
	at junit.framework.TestCase.run(TestCase.java:124)
	at junit.framework.TestSuite.runTest(TestSuite.java:232)
	at junit.framework.TestSuite.run(TestSuite.java:227)
	at junit.framework.TestSuite.runTest(TestSuite.java:232)
	at junit.framework.TestSuite.run(TestSuite.java:227)
	at junit.framework.TestSuite.runTest(TestSuite.java:232)
	at junit.framework.TestSuite.run(TestSuite.java:227)
	at org.apache.tools.ant.taskdefs.optional.junit.JUnitTestRunner.run(JUnitTestRunner.java:420)
	at org.apache.tools.ant.taskdefs.optional.junit.JUnitTestRunner.launch(JUnitTestRunner.java:911)
	at org.apache.tools.ant.taskdefs.optional.junit.JUnitTestRunner.main(JUnitTestRunner.java:768)
generate next id from the idGenerator:upload_type_id_seq
com.topcoder.util.config.UnknownNamespaceException: com.topcoder.util.log is unknown
	at com.topcoder.util.config.DefaultConfigManager.getPropertyObject(DefaultConfigManager.java:429)
	at com.topcoder.util.config.DefaultConfigManager.getString(DefaultConfigManager.java:449)
	at com.topcoder.util.log.LogFactory.getAttribute(LogFactory.java:224)
	at com.topcoder.util.log.basic.BasicLog.log(BasicLog.java:74)
	at com.topcoder.management.deliverable.PersistenceUploadManager.createUploadStatus(PersistenceUploadManager.java:541)
	at com.topcoder.management.deliverable.accuracytests.PersistenceUploadManagerAccuracyTests.createUpload(PersistenceUploadManagerAccuracyTests.java:953)
	at com.topcoder.management.deliverable.accuracytests.PersistenceUploadManagerAccuracyTests.testCreateUpload(PersistenceUploadManagerAccuracyTests.java:489)
	at sun.reflect.NativeMethodAccessorImpl.invoke0(Native Method)
	at sun.reflect.NativeMethodAccessorImpl.invoke(NativeMethodAccessorImpl.java:57)
	at sun.reflect.DelegatingMethodAccessorImpl.invoke(DelegatingMethodAccessorImpl.java:43)
	at java.lang.reflect.Method.invoke(Method.java:616)
	at junit.framework.TestCase.runTest(TestCase.java:168)
	at junit.framework.TestCase.runBare(TestCase.java:134)
	at junit.framework.TestResult$1.protect(TestResult.java:110)
	at junit.framework.TestResult.runProtected(TestResult.java:128)
	at junit.framework.TestResult.run(TestResult.java:113)
	at junit.framework.TestCase.run(TestCase.java:124)
	at junit.framework.TestSuite.runTest(TestSuite.java:232)
	at junit.framework.TestSuite.run(TestSuite.java:227)
	at junit.framework.TestSuite.runTest(TestSuite.java:232)
	at junit.framework.TestSuite.run(TestSuite.java:227)
	at junit.framework.TestSuite.runTest(TestSuite.java:232)
	at junit.framework.TestSuite.run(TestSuite.java:227)
	at org.apache.tools.ant.taskdefs.optional.junit.JUnitTestRunner.run(JUnitTestRunner.java:420)
	at org.apache.tools.ant.taskdefs.optional.junit.JUnitTestRunner.launch(JUnitTestRunner.java:911)
	at org.apache.tools.ant.taskdefs.optional.junit.JUnitTestRunner.main(JUnitTestRunner.java:768)
type: UploadStatus id: Unknown operator:someone - create new UploadStatus.
com.topcoder.util.config.UnknownNamespaceException: com.topcoder.util.log is unknown
	at com.topcoder.util.config.DefaultConfigManager.getPropertyObject(DefaultConfigManager.java:429)
	at com.topcoder.util.config.DefaultConfigManager.getString(DefaultConfigManager.java:449)
	at com.topcoder.util.log.LogFactory.getAttribute(LogFactory.java:224)
	at com.topcoder.util.log.basic.BasicLog.log(BasicLog.java:74)
	at com.topcoder.management.deliverable.PersistenceUploadManager.persistenceUploadManagerHelper(PersistenceUploadManager.java:966)
	at com.topcoder.management.deliverable.PersistenceUploadManager.createUploadStatus(PersistenceUploadManager.java:542)
	at com.topcoder.management.deliverable.accuracytests.PersistenceUploadManagerAccuracyTests.createUpload(PersistenceUploadManagerAccuracyTests.java:953)
	at com.topcoder.management.deliverable.accuracytests.PersistenceUploadManagerAccuracyTests.testCreateUpload(PersistenceUploadManagerAccuracyTests.java:489)
	at sun.reflect.NativeMethodAccessorImpl.invoke0(Native Method)
	at sun.reflect.NativeMethodAccessorImpl.invoke(NativeMethodAccessorImpl.java:57)
	at sun.reflect.DelegatingMethodAccessorImpl.invoke(DelegatingMethodAccessorImpl.java:43)
	at java.lang.reflect.Method.invoke(Method.java:616)
	at junit.framework.TestCase.runTest(TestCase.java:168)
	at junit.framework.TestCase.runBare(TestCase.java:134)
	at junit.framework.TestResult$1.protect(TestResult.java:110)
	at junit.framework.TestResult.runProtected(TestResult.java:128)
	at junit.framework.TestResult.run(TestResult.java:113)
	at junit.framework.TestCase.run(TestCase.java:124)
	at junit.framework.TestSuite.runTest(TestSuite.java:232)
	at junit.framework.TestSuite.run(TestSuite.java:227)
	at junit.framework.TestSuite.runTest(TestSuite.java:232)
	at junit.framework.TestSuite.run(TestSuite.java:227)
	at junit.framework.TestSuite.runTest(TestSuite.java:232)
	at junit.framework.TestSuite.run(TestSuite.java:227)
	at org.apache.tools.ant.taskdefs.optional.junit.JUnitTestRunner.run(JUnitTestRunner.java:420)
	at org.apache.tools.ant.taskdefs.optional.junit.JUnitTestRunner.launch(JUnitTestRunner.java:911)
	at org.apache.tools.ant.taskdefs.optional.junit.JUnitTestRunner.main(JUnitTestRunner.java:768)
generate next id from the idGenerator:upload_status_id_seq
com.topcoder.util.config.UnknownNamespaceException: com.topcoder.util.log is unknown
	at com.topcoder.util.config.DefaultConfigManager.getPropertyObject(DefaultConfigManager.java:429)
	at com.topcoder.util.config.DefaultConfigManager.getString(DefaultConfigManager.java:449)
	at com.topcoder.util.log.LogFactory.getAttribute(LogFactory.java:224)
	at com.topcoder.util.log.basic.BasicLog.log(BasicLog.java:74)
	at com.topcoder.management.deliverable.PersistenceUploadManager.createUpload(PersistenceUploadManager.java:335)
	at com.topcoder.management.deliverable.accuracytests.PersistenceUploadManagerAccuracyTests.testCreateUpload(PersistenceUploadManagerAccuracyTests.java:490)
	at sun.reflect.NativeMethodAccessorImpl.invoke0(Native Method)
	at sun.reflect.NativeMethodAccessorImpl.invoke(NativeMethodAccessorImpl.java:57)
	at sun.reflect.DelegatingMethodAccessorImpl.invoke(DelegatingMethodAccessorImpl.java:43)
	at java.lang.reflect.Method.invoke(Method.java:616)
	at junit.framework.TestCase.runTest(TestCase.java:168)
	at junit.framework.TestCase.runBare(TestCase.java:134)
	at junit.framework.TestResult$1.protect(TestResult.java:110)
	at junit.framework.TestResult.runProtected(TestResult.java:128)
	at junit.framework.TestResult.run(TestResult.java:113)
	at junit.framework.TestCase.run(TestCase.java:124)
	at junit.framework.TestSuite.runTest(TestSuite.java:232)
	at junit.framework.TestSuite.run(TestSuite.java:227)
	at junit.framework.TestSuite.runTest(TestSuite.java:232)
	at junit.framework.TestSuite.run(TestSuite.java:227)
	at junit.framework.TestSuite.runTest(TestSuite.java:232)
	at junit.framework.TestSuite.run(TestSuite.java:227)
	at org.apache.tools.ant.taskdefs.optional.junit.JUnitTestRunner.run(JUnitTestRunner.java:420)
	at org.apache.tools.ant.taskdefs.optional.junit.JUnitTestRunner.launch(JUnitTestRunner.java:911)
	at org.apache.tools.ant.taskdefs.optional.junit.JUnitTestRunner.main(JUnitTestRunner.java:768)
type: Upload id: Unknown operator:user - Create new Upload.
com.topcoder.util.config.UnknownNamespaceException: com.topcoder.util.log is unknown
	at com.topcoder.util.config.DefaultConfigManager.getPropertyObject(DefaultConfigManager.java:429)
	at com.topcoder.util.config.DefaultConfigManager.getString(DefaultConfigManager.java:449)
	at com.topcoder.util.log.LogFactory.getAttribute(LogFactory.java:224)
	at com.topcoder.util.log.basic.BasicLog.log(BasicLog.java:74)
	at com.topcoder.management.deliverable.PersistenceUploadManager.persistenceUploadManagerHelper(PersistenceUploadManager.java:966)
	at com.topcoder.management.deliverable.PersistenceUploadManager.createUpload(PersistenceUploadManager.java:336)
	at com.topcoder.management.deliverable.accuracytests.PersistenceUploadManagerAccuracyTests.testCreateUpload(PersistenceUploadManagerAccuracyTests.java:490)
	at sun.reflect.NativeMethodAccessorImpl.invoke0(Native Method)
	at sun.reflect.NativeMethodAccessorImpl.invoke(NativeMethodAccessorImpl.java:57)
	at sun.reflect.DelegatingMethodAccessorImpl.invoke(DelegatingMethodAccessorImpl.java:43)
	at java.lang.reflect.Method.invoke(Method.java:616)
	at junit.framework.TestCase.runTest(TestCase.java:168)
	at junit.framework.TestCase.runBare(TestCase.java:134)
	at junit.framework.TestResult$1.protect(TestResult.java:110)
	at junit.framework.TestResult.runProtected(TestResult.java:128)
	at junit.framework.TestResult.run(TestResult.java:113)
	at junit.framework.TestCase.run(TestCase.java:124)
	at junit.framework.TestSuite.runTest(TestSuite.java:232)
	at junit.framework.TestSuite.run(TestSuite.java:227)
	at junit.framework.TestSuite.runTest(TestSuite.java:232)
	at junit.framework.TestSuite.run(TestSuite.java:227)
	at junit.framework.TestSuite.runTest(TestSuite.java:232)
	at junit.framework.TestSuite.run(TestSuite.java:227)
	at org.apache.tools.ant.taskdefs.optional.junit.JUnitTestRunner.run(JUnitTestRunner.java:420)
	at org.apache.tools.ant.taskdefs.optional.junit.JUnitTestRunner.launch(JUnitTestRunner.java:911)
	at org.apache.tools.ant.taskdefs.optional.junit.JUnitTestRunner.main(JUnitTestRunner.java:768)
generate next id from the idGenerator:upload_id_seq
com.topcoder.util.config.UnknownNamespaceException: com.topcoder.util.log is unknown
	at com.topcoder.util.config.DefaultConfigManager.getPropertyObject(DefaultConfigManager.java:429)
	at com.topcoder.util.config.DefaultConfigManager.getString(DefaultConfigManager.java:449)
	at com.topcoder.util.log.LogFactory.getAttribute(LogFactory.java:224)
	at com.topcoder.util.log.basic.BasicLog.log(BasicLog.java:74)
	at com.topcoder.management.deliverable.PersistenceUploadManager.<init>(PersistenceUploadManager.java:260)
	at com.topcoder.management.deliverable.PersistenceUploadManager.<init>(PersistenceUploadManager.java:306)
	at com.topcoder.management.deliverable.accuracytests.PersistenceUploadManagerAccuracyTests.setUp(PersistenceUploadManagerAccuracyTests.java:73)
	at junit.framework.TestCase.runBare(TestCase.java:132)
	at junit.framework.TestResult$1.protect(TestResult.java:110)
	at junit.framework.TestResult.runProtected(TestResult.java:128)
	at junit.framework.TestResult.run(TestResult.java:113)
	at junit.framework.TestCase.run(TestCase.java:124)
	at junit.framework.TestSuite.runTest(TestSuite.java:232)
	at junit.framework.TestSuite.run(TestSuite.java:227)
	at junit.framework.TestSuite.runTest(TestSuite.java:232)
	at junit.framework.TestSuite.run(TestSuite.java:227)
	at junit.framework.TestSuite.runTest(TestSuite.java:232)
	at junit.framework.TestSuite.run(TestSuite.java:227)
	at org.apache.tools.ant.taskdefs.optional.junit.JUnitTestRunner.run(JUnitTestRunner.java:420)
	at org.apache.tools.ant.taskdefs.optional.junit.JUnitTestRunner.launch(JUnitTestRunner.java:911)
	at org.apache.tools.ant.taskdefs.optional.junit.JUnitTestRunner.main(JUnitTestRunner.java:768)
Instantiate PersistenceUploadManager with UploadPersistence, uploadSearchBundle, submissionSearchBundle, uploadIdGenerator, uploadTypeIdGenerator, uploadStatusIdGenerator, submissionIDGenerator and submissionStatusIdGenerator.
com.topcoder.util.config.UnknownNamespaceException: com.topcoder.util.log is unknown
	at com.topcoder.util.config.DefaultConfigManager.getPropertyObject(DefaultConfigManager.java:429)
	at com.topcoder.util.config.DefaultConfigManager.getString(DefaultConfigManager.java:449)
	at com.topcoder.util.log.LogFactory.getAttribute(LogFactory.java:224)
	at com.topcoder.util.log.basic.BasicLog.log(BasicLog.java:74)
	at com.topcoder.management.deliverable.PersistenceUploadManager.createUploadType(PersistenceUploadManager.java:453)
	at com.topcoder.management.deliverable.accuracytests.PersistenceUploadManagerAccuracyTests.createUpload(PersistenceUploadManagerAccuracyTests.java:948)
	at com.topcoder.management.deliverable.accuracytests.PersistenceUploadManagerAccuracyTests.testUpdateUpload(PersistenceUploadManagerAccuracyTests.java:513)
	at sun.reflect.NativeMethodAccessorImpl.invoke0(Native Method)
	at sun.reflect.NativeMethodAccessorImpl.invoke(NativeMethodAccessorImpl.java:57)
	at sun.reflect.DelegatingMethodAccessorImpl.invoke(DelegatingMethodAccessorImpl.java:43)
	at java.lang.reflect.Method.invoke(Method.java:616)
	at junit.framework.TestCase.runTest(TestCase.java:168)
	at junit.framework.TestCase.runBare(TestCase.java:134)
	at junit.framework.TestResult$1.protect(TestResult.java:110)
	at junit.framework.TestResult.runProtected(TestResult.java:128)
	at junit.framework.TestResult.run(TestResult.java:113)
	at junit.framework.TestCase.run(TestCase.java:124)
	at junit.framework.TestSuite.runTest(TestSuite.java:232)
	at junit.framework.TestSuite.run(TestSuite.java:227)
	at junit.framework.TestSuite.runTest(TestSuite.java:232)
	at junit.framework.TestSuite.run(TestSuite.java:227)
	at junit.framework.TestSuite.runTest(TestSuite.java:232)
	at junit.framework.TestSuite.run(TestSuite.java:227)
	at org.apache.tools.ant.taskdefs.optional.junit.JUnitTestRunner.run(JUnitTestRunner.java:420)
	at org.apache.tools.ant.taskdefs.optional.junit.JUnitTestRunner.launch(JUnitTestRunner.java:911)
	at org.apache.tools.ant.taskdefs.optional.junit.JUnitTestRunner.main(JUnitTestRunner.java:768)
type: UploadType id: Unknown operator:someone - Create new UploadType.
com.topcoder.util.config.UnknownNamespaceException: com.topcoder.util.log is unknown
	at com.topcoder.util.config.DefaultConfigManager.getPropertyObject(DefaultConfigManager.java:429)
	at com.topcoder.util.config.DefaultConfigManager.getString(DefaultConfigManager.java:449)
	at com.topcoder.util.log.LogFactory.getAttribute(LogFactory.java:224)
	at com.topcoder.util.log.basic.BasicLog.log(BasicLog.java:74)
	at com.topcoder.management.deliverable.PersistenceUploadManager.persistenceUploadManagerHelper(PersistenceUploadManager.java:966)
	at com.topcoder.management.deliverable.PersistenceUploadManager.createUploadType(PersistenceUploadManager.java:454)
	at com.topcoder.management.deliverable.accuracytests.PersistenceUploadManagerAccuracyTests.createUpload(PersistenceUploadManagerAccuracyTests.java:948)
	at com.topcoder.management.deliverable.accuracytests.PersistenceUploadManagerAccuracyTests.testUpdateUpload(PersistenceUploadManagerAccuracyTests.java:513)
	at sun.reflect.NativeMethodAccessorImpl.invoke0(Native Method)
	at sun.reflect.NativeMethodAccessorImpl.invoke(NativeMethodAccessorImpl.java:57)
	at sun.reflect.DelegatingMethodAccessorImpl.invoke(DelegatingMethodAccessorImpl.java:43)
	at java.lang.reflect.Method.invoke(Method.java:616)
	at junit.framework.TestCase.runTest(TestCase.java:168)
	at junit.framework.TestCase.runBare(TestCase.java:134)
	at junit.framework.TestResult$1.protect(TestResult.java:110)
	at junit.framework.TestResult.runProtected(TestResult.java:128)
	at junit.framework.TestResult.run(TestResult.java:113)
	at junit.framework.TestCase.run(TestCase.java:124)
	at junit.framework.TestSuite.runTest(TestSuite.java:232)
	at junit.framework.TestSuite.run(TestSuite.java:227)
	at junit.framework.TestSuite.runTest(TestSuite.java:232)
	at junit.framework.TestSuite.run(TestSuite.java:227)
	at junit.framework.TestSuite.runTest(TestSuite.java:232)
	at junit.framework.TestSuite.run(TestSuite.java:227)
	at org.apache.tools.ant.taskdefs.optional.junit.JUnitTestRunner.run(JUnitTestRunner.java:420)
	at org.apache.tools.ant.taskdefs.optional.junit.JUnitTestRunner.launch(JUnitTestRunner.java:911)
	at org.apache.tools.ant.taskdefs.optional.junit.JUnitTestRunner.main(JUnitTestRunner.java:768)
generate next id from the idGenerator:upload_type_id_seq
com.topcoder.util.config.UnknownNamespaceException: com.topcoder.util.log is unknown
	at com.topcoder.util.config.DefaultConfigManager.getPropertyObject(DefaultConfigManager.java:429)
	at com.topcoder.util.config.DefaultConfigManager.getString(DefaultConfigManager.java:449)
	at com.topcoder.util.log.LogFactory.getAttribute(LogFactory.java:224)
	at com.topcoder.util.log.basic.BasicLog.log(BasicLog.java:74)
	at com.topcoder.management.deliverable.PersistenceUploadManager.createUploadStatus(PersistenceUploadManager.java:541)
	at com.topcoder.management.deliverable.accuracytests.PersistenceUploadManagerAccuracyTests.createUpload(PersistenceUploadManagerAccuracyTests.java:953)
	at com.topcoder.management.deliverable.accuracytests.PersistenceUploadManagerAccuracyTests.testUpdateUpload(PersistenceUploadManagerAccuracyTests.java:513)
	at sun.reflect.NativeMethodAccessorImpl.invoke0(Native Method)
	at sun.reflect.NativeMethodAccessorImpl.invoke(NativeMethodAccessorImpl.java:57)
	at sun.reflect.DelegatingMethodAccessorImpl.invoke(DelegatingMethodAccessorImpl.java:43)
	at java.lang.reflect.Method.invoke(Method.java:616)
	at junit.framework.TestCase.runTest(TestCase.java:168)
	at junit.framework.TestCase.runBare(TestCase.java:134)
	at junit.framework.TestResult$1.protect(TestResult.java:110)
	at junit.framework.TestResult.runProtected(TestResult.java:128)
	at junit.framework.TestResult.run(TestResult.java:113)
	at junit.framework.TestCase.run(TestCase.java:124)
	at junit.framework.TestSuite.runTest(TestSuite.java:232)
	at junit.framework.TestSuite.run(TestSuite.java:227)
	at junit.framework.TestSuite.runTest(TestSuite.java:232)
	at junit.framework.TestSuite.run(TestSuite.java:227)
	at junit.framework.TestSuite.runTest(TestSuite.java:232)
	at junit.framework.TestSuite.run(TestSuite.java:227)
	at org.apache.tools.ant.taskdefs.optional.junit.JUnitTestRunner.run(JUnitTestRunner.java:420)
	at org.apache.tools.ant.taskdefs.optional.junit.JUnitTestRunner.launch(JUnitTestRunner.java:911)
	at org.apache.tools.ant.taskdefs.optional.junit.JUnitTestRunner.main(JUnitTestRunner.java:768)
type: UploadStatus id: Unknown operator:someone - create new UploadStatus.
com.topcoder.util.config.UnknownNamespaceException: com.topcoder.util.log is unknown
	at com.topcoder.util.config.DefaultConfigManager.getPropertyObject(DefaultConfigManager.java:429)
	at com.topcoder.util.config.DefaultConfigManager.getString(DefaultConfigManager.java:449)
	at com.topcoder.util.log.LogFactory.getAttribute(LogFactory.java:224)
	at com.topcoder.util.log.basic.BasicLog.log(BasicLog.java:74)
	at com.topcoder.management.deliverable.PersistenceUploadManager.persistenceUploadManagerHelper(PersistenceUploadManager.java:966)
	at com.topcoder.management.deliverable.PersistenceUploadManager.createUploadStatus(PersistenceUploadManager.java:542)
	at com.topcoder.management.deliverable.accuracytests.PersistenceUploadManagerAccuracyTests.createUpload(PersistenceUploadManagerAccuracyTests.java:953)
	at com.topcoder.management.deliverable.accuracytests.PersistenceUploadManagerAccuracyTests.testUpdateUpload(PersistenceUploadManagerAccuracyTests.java:513)
	at sun.reflect.NativeMethodAccessorImpl.invoke0(Native Method)
	at sun.reflect.NativeMethodAccessorImpl.invoke(NativeMethodAccessorImpl.java:57)
	at sun.reflect.DelegatingMethodAccessorImpl.invoke(DelegatingMethodAccessorImpl.java:43)
	at java.lang.reflect.Method.invoke(Method.java:616)
	at junit.framework.TestCase.runTest(TestCase.java:168)
	at junit.framework.TestCase.runBare(TestCase.java:134)
	at junit.framework.TestResult$1.protect(TestResult.java:110)
	at junit.framework.TestResult.runProtected(TestResult.java:128)
	at junit.framework.TestResult.run(TestResult.java:113)
	at junit.framework.TestCase.run(TestCase.java:124)
	at junit.framework.TestSuite.runTest(TestSuite.java:232)
	at junit.framework.TestSuite.run(TestSuite.java:227)
	at junit.framework.TestSuite.runTest(TestSuite.java:232)
	at junit.framework.TestSuite.run(TestSuite.java:227)
	at junit.framework.TestSuite.runTest(TestSuite.java:232)
	at junit.framework.TestSuite.run(TestSuite.java:227)
	at org.apache.tools.ant.taskdefs.optional.junit.JUnitTestRunner.run(JUnitTestRunner.java:420)
	at org.apache.tools.ant.taskdefs.optional.junit.JUnitTestRunner.launch(JUnitTestRunner.java:911)
	at org.apache.tools.ant.taskdefs.optional.junit.JUnitTestRunner.main(JUnitTestRunner.java:768)
generate next id from the idGenerator:upload_status_id_seq
com.topcoder.util.config.UnknownNamespaceException: com.topcoder.util.log is unknown
	at com.topcoder.util.config.DefaultConfigManager.getPropertyObject(DefaultConfigManager.java:429)
	at com.topcoder.util.config.DefaultConfigManager.getString(DefaultConfigManager.java:449)
	at com.topcoder.util.log.LogFactory.getAttribute(LogFactory.java:224)
	at com.topcoder.util.log.basic.BasicLog.log(BasicLog.java:74)
	at com.topcoder.management.deliverable.PersistenceUploadManager.createUpload(PersistenceUploadManager.java:335)
	at com.topcoder.management.deliverable.accuracytests.PersistenceUploadManagerAccuracyTests.testUpdateUpload(PersistenceUploadManagerAccuracyTests.java:514)
	at sun.reflect.NativeMethodAccessorImpl.invoke0(Native Method)
	at sun.reflect.NativeMethodAccessorImpl.invoke(NativeMethodAccessorImpl.java:57)
	at sun.reflect.DelegatingMethodAccessorImpl.invoke(DelegatingMethodAccessorImpl.java:43)
	at java.lang.reflect.Method.invoke(Method.java:616)
	at junit.framework.TestCase.runTest(TestCase.java:168)
	at junit.framework.TestCase.runBare(TestCase.java:134)
	at junit.framework.TestResult$1.protect(TestResult.java:110)
	at junit.framework.TestResult.runProtected(TestResult.java:128)
	at junit.framework.TestResult.run(TestResult.java:113)
	at junit.framework.TestCase.run(TestCase.java:124)
	at junit.framework.TestSuite.runTest(TestSuite.java:232)
	at junit.framework.TestSuite.run(TestSuite.java:227)
	at junit.framework.TestSuite.runTest(TestSuite.java:232)
	at junit.framework.TestSuite.run(TestSuite.java:227)
	at junit.framework.TestSuite.runTest(TestSuite.java:232)
	at junit.framework.TestSuite.run(TestSuite.java:227)
	at org.apache.tools.ant.taskdefs.optional.junit.JUnitTestRunner.run(JUnitTestRunner.java:420)
	at org.apache.tools.ant.taskdefs.optional.junit.JUnitTestRunner.launch(JUnitTestRunner.java:911)
	at org.apache.tools.ant.taskdefs.optional.junit.JUnitTestRunner.main(JUnitTestRunner.java:768)
type: Upload id: Unknown operator:user - Create new Upload.
com.topcoder.util.config.UnknownNamespaceException: com.topcoder.util.log is unknown
	at com.topcoder.util.config.DefaultConfigManager.getPropertyObject(DefaultConfigManager.java:429)
	at com.topcoder.util.config.DefaultConfigManager.getString(DefaultConfigManager.java:449)
	at com.topcoder.util.log.LogFactory.getAttribute(LogFactory.java:224)
	at com.topcoder.util.log.basic.BasicLog.log(BasicLog.java:74)
	at com.topcoder.management.deliverable.PersistenceUploadManager.persistenceUploadManagerHelper(PersistenceUploadManager.java:966)
	at com.topcoder.management.deliverable.PersistenceUploadManager.createUpload(PersistenceUploadManager.java:336)
	at com.topcoder.management.deliverable.accuracytests.PersistenceUploadManagerAccuracyTests.testUpdateUpload(PersistenceUploadManagerAccuracyTests.java:514)
	at sun.reflect.NativeMethodAccessorImpl.invoke0(Native Method)
	at sun.reflect.NativeMethodAccessorImpl.invoke(NativeMethodAccessorImpl.java:57)
	at sun.reflect.DelegatingMethodAccessorImpl.invoke(DelegatingMethodAccessorImpl.java:43)
	at java.lang.reflect.Method.invoke(Method.java:616)
	at junit.framework.TestCase.runTest(TestCase.java:168)
	at junit.framework.TestCase.runBare(TestCase.java:134)
	at junit.framework.TestResult$1.protect(TestResult.java:110)
	at junit.framework.TestResult.runProtected(TestResult.java:128)
	at junit.framework.TestResult.run(TestResult.java:113)
	at junit.framework.TestCase.run(TestCase.java:124)
	at junit.framework.TestSuite.runTest(TestSuite.java:232)
	at junit.framework.TestSuite.run(TestSuite.java:227)
	at junit.framework.TestSuite.runTest(TestSuite.java:232)
	at junit.framework.TestSuite.run(TestSuite.java:227)
	at junit.framework.TestSuite.runTest(TestSuite.java:232)
	at junit.framework.TestSuite.run(TestSuite.java:227)
	at org.apache.tools.ant.taskdefs.optional.junit.JUnitTestRunner.run(JUnitTestRunner.java:420)
	at org.apache.tools.ant.taskdefs.optional.junit.JUnitTestRunner.launch(JUnitTestRunner.java:911)
	at org.apache.tools.ant.taskdefs.optional.junit.JUnitTestRunner.main(JUnitTestRunner.java:768)
generate next id from the idGenerator:upload_id_seq
com.topcoder.util.config.UnknownNamespaceException: com.topcoder.util.log is unknown
	at com.topcoder.util.config.DefaultConfigManager.getPropertyObject(DefaultConfigManager.java:429)
	at com.topcoder.util.config.DefaultConfigManager.getString(DefaultConfigManager.java:449)
	at com.topcoder.util.log.LogFactory.getAttribute(LogFactory.java:224)
	at com.topcoder.util.log.basic.BasicLog.log(BasicLog.java:74)
	at com.topcoder.management.deliverable.PersistenceUploadManager.updateUpload(PersistenceUploadManager.java:361)
	at com.topcoder.management.deliverable.accuracytests.PersistenceUploadManagerAccuracyTests.testUpdateUpload(PersistenceUploadManagerAccuracyTests.java:518)
	at sun.reflect.NativeMethodAccessorImpl.invoke0(Native Method)
	at sun.reflect.NativeMethodAccessorImpl.invoke(NativeMethodAccessorImpl.java:57)
	at sun.reflect.DelegatingMethodAccessorImpl.invoke(DelegatingMethodAccessorImpl.java:43)
	at java.lang.reflect.Method.invoke(Method.java:616)
	at junit.framework.TestCase.runTest(TestCase.java:168)
	at junit.framework.TestCase.runBare(TestCase.java:134)
	at junit.framework.TestResult$1.protect(TestResult.java:110)
	at junit.framework.TestResult.runProtected(TestResult.java:128)
	at junit.framework.TestResult.run(TestResult.java:113)
	at junit.framework.TestCase.run(TestCase.java:124)
	at junit.framework.TestSuite.runTest(TestSuite.java:232)
	at junit.framework.TestSuite.run(TestSuite.java:227)
	at junit.framework.TestSuite.runTest(TestSuite.java:232)
	at junit.framework.TestSuite.run(TestSuite.java:227)
	at junit.framework.TestSuite.runTest(TestSuite.java:232)
	at junit.framework.TestSuite.run(TestSuite.java:227)
	at org.apache.tools.ant.taskdefs.optional.junit.JUnitTestRunner.run(JUnitTestRunner.java:420)
	at org.apache.tools.ant.taskdefs.optional.junit.JUnitTestRunner.launch(JUnitTestRunner.java:911)
	at org.apache.tools.ant.taskdefs.optional.junit.JUnitTestRunner.main(JUnitTestRunner.java:768)
type: Upload id: 4 operator:administrator - Update Upload.
com.topcoder.util.config.UnknownNamespaceException: com.topcoder.util.log is unknown
	at com.topcoder.util.config.DefaultConfigManager.getPropertyObject(DefaultConfigManager.java:429)
	at com.topcoder.util.config.DefaultConfigManager.getString(DefaultConfigManager.java:449)
	at com.topcoder.util.log.LogFactory.getAttribute(LogFactory.java:224)
	at com.topcoder.util.log.basic.BasicLog.log(BasicLog.java:74)
	at com.topcoder.management.deliverable.PersistenceUploadManager.<init>(PersistenceUploadManager.java:260)
	at com.topcoder.management.deliverable.PersistenceUploadManager.<init>(PersistenceUploadManager.java:306)
	at com.topcoder.management.deliverable.accuracytests.PersistenceUploadManagerAccuracyTests.setUp(PersistenceUploadManagerAccuracyTests.java:73)
	at junit.framework.TestCase.runBare(TestCase.java:132)
	at junit.framework.TestResult$1.protect(TestResult.java:110)
	at junit.framework.TestResult.runProtected(TestResult.java:128)
	at junit.framework.TestResult.run(TestResult.java:113)
	at junit.framework.TestCase.run(TestCase.java:124)
	at junit.framework.TestSuite.runTest(TestSuite.java:232)
	at junit.framework.TestSuite.run(TestSuite.java:227)
	at junit.framework.TestSuite.runTest(TestSuite.java:232)
	at junit.framework.TestSuite.run(TestSuite.java:227)
	at junit.framework.TestSuite.runTest(TestSuite.java:232)
	at junit.framework.TestSuite.run(TestSuite.java:227)
	at org.apache.tools.ant.taskdefs.optional.junit.JUnitTestRunner.run(JUnitTestRunner.java:420)
	at org.apache.tools.ant.taskdefs.optional.junit.JUnitTestRunner.launch(JUnitTestRunner.java:911)
	at org.apache.tools.ant.taskdefs.optional.junit.JUnitTestRunner.main(JUnitTestRunner.java:768)
Instantiate PersistenceUploadManager with UploadPersistence, uploadSearchBundle, submissionSearchBundle, uploadIdGenerator, uploadTypeIdGenerator, uploadStatusIdGenerator, submissionIDGenerator and submissionStatusIdGenerator.
com.topcoder.util.config.UnknownNamespaceException: com.topcoder.util.log is unknown
	at com.topcoder.util.config.DefaultConfigManager.getPropertyObject(DefaultConfigManager.java:429)
	at com.topcoder.util.config.DefaultConfigManager.getString(DefaultConfigManager.java:449)
	at com.topcoder.util.log.LogFactory.getAttribute(LogFactory.java:224)
	at com.topcoder.util.log.basic.BasicLog.log(BasicLog.java:74)
	at com.topcoder.management.deliverable.PersistenceUploadManager.createUploadType(PersistenceUploadManager.java:453)
	at com.topcoder.management.deliverable.accuracytests.PersistenceUploadManagerAccuracyTests.createUpload(PersistenceUploadManagerAccuracyTests.java:948)
	at com.topcoder.management.deliverable.accuracytests.PersistenceUploadManagerAccuracyTests.testRemoveUpload(PersistenceUploadManagerAccuracyTests.java:534)
	at sun.reflect.NativeMethodAccessorImpl.invoke0(Native Method)
	at sun.reflect.NativeMethodAccessorImpl.invoke(NativeMethodAccessorImpl.java:57)
	at sun.reflect.DelegatingMethodAccessorImpl.invoke(DelegatingMethodAccessorImpl.java:43)
	at java.lang.reflect.Method.invoke(Method.java:616)
	at junit.framework.TestCase.runTest(TestCase.java:168)
	at junit.framework.TestCase.runBare(TestCase.java:134)
	at junit.framework.TestResult$1.protect(TestResult.java:110)
	at junit.framework.TestResult.runProtected(TestResult.java:128)
	at junit.framework.TestResult.run(TestResult.java:113)
	at junit.framework.TestCase.run(TestCase.java:124)
	at junit.framework.TestSuite.runTest(TestSuite.java:232)
	at junit.framework.TestSuite.run(TestSuite.java:227)
	at junit.framework.TestSuite.runTest(TestSuite.java:232)
	at junit.framework.TestSuite.run(TestSuite.java:227)
	at junit.framework.TestSuite.runTest(TestSuite.java:232)
	at junit.framework.TestSuite.run(TestSuite.java:227)
	at org.apache.tools.ant.taskdefs.optional.junit.JUnitTestRunner.run(JUnitTestRunner.java:420)
	at org.apache.tools.ant.taskdefs.optional.junit.JUnitTestRunner.launch(JUnitTestRunner.java:911)
	at org.apache.tools.ant.taskdefs.optional.junit.JUnitTestRunner.main(JUnitTestRunner.java:768)
type: UploadType id: Unknown operator:someone - Create new UploadType.
com.topcoder.util.config.UnknownNamespaceException: com.topcoder.util.log is unknown
	at com.topcoder.util.config.DefaultConfigManager.getPropertyObject(DefaultConfigManager.java:429)
	at com.topcoder.util.config.DefaultConfigManager.getString(DefaultConfigManager.java:449)
	at com.topcoder.util.log.LogFactory.getAttribute(LogFactory.java:224)
	at com.topcoder.util.log.basic.BasicLog.log(BasicLog.java:74)
	at com.topcoder.management.deliverable.PersistenceUploadManager.persistenceUploadManagerHelper(PersistenceUploadManager.java:966)
	at com.topcoder.management.deliverable.PersistenceUploadManager.createUploadType(PersistenceUploadManager.java:454)
	at com.topcoder.management.deliverable.accuracytests.PersistenceUploadManagerAccuracyTests.createUpload(PersistenceUploadManagerAccuracyTests.java:948)
	at com.topcoder.management.deliverable.accuracytests.PersistenceUploadManagerAccuracyTests.testRemoveUpload(PersistenceUploadManagerAccuracyTests.java:534)
	at sun.reflect.NativeMethodAccessorImpl.invoke0(Native Method)
	at sun.reflect.NativeMethodAccessorImpl.invoke(NativeMethodAccessorImpl.java:57)
	at sun.reflect.DelegatingMethodAccessorImpl.invoke(DelegatingMethodAccessorImpl.java:43)
	at java.lang.reflect.Method.invoke(Method.java:616)
	at junit.framework.TestCase.runTest(TestCase.java:168)
	at junit.framework.TestCase.runBare(TestCase.java:134)
	at junit.framework.TestResult$1.protect(TestResult.java:110)
	at junit.framework.TestResult.runProtected(TestResult.java:128)
	at junit.framework.TestResult.run(TestResult.java:113)
	at junit.framework.TestCase.run(TestCase.java:124)
	at junit.framework.TestSuite.runTest(TestSuite.java:232)
	at junit.framework.TestSuite.run(TestSuite.java:227)
	at junit.framework.TestSuite.runTest(TestSuite.java:232)
	at junit.framework.TestSuite.run(TestSuite.java:227)
	at junit.framework.TestSuite.runTest(TestSuite.java:232)
	at junit.framework.TestSuite.run(TestSuite.java:227)
	at org.apache.tools.ant.taskdefs.optional.junit.JUnitTestRunner.run(JUnitTestRunner.java:420)
	at org.apache.tools.ant.taskdefs.optional.junit.JUnitTestRunner.launch(JUnitTestRunner.java:911)
	at org.apache.tools.ant.taskdefs.optional.junit.JUnitTestRunner.main(JUnitTestRunner.java:768)
generate next id from the idGenerator:upload_type_id_seq
com.topcoder.util.config.UnknownNamespaceException: com.topcoder.util.log is unknown
	at com.topcoder.util.config.DefaultConfigManager.getPropertyObject(DefaultConfigManager.java:429)
	at com.topcoder.util.config.DefaultConfigManager.getString(DefaultConfigManager.java:449)
	at com.topcoder.util.log.LogFactory.getAttribute(LogFactory.java:224)
	at com.topcoder.util.log.basic.BasicLog.log(BasicLog.java:74)
	at com.topcoder.management.deliverable.PersistenceUploadManager.createUploadStatus(PersistenceUploadManager.java:541)
	at com.topcoder.management.deliverable.accuracytests.PersistenceUploadManagerAccuracyTests.createUpload(PersistenceUploadManagerAccuracyTests.java:953)
	at com.topcoder.management.deliverable.accuracytests.PersistenceUploadManagerAccuracyTests.testRemoveUpload(PersistenceUploadManagerAccuracyTests.java:534)
	at sun.reflect.NativeMethodAccessorImpl.invoke0(Native Method)
	at sun.reflect.NativeMethodAccessorImpl.invoke(NativeMethodAccessorImpl.java:57)
	at sun.reflect.DelegatingMethodAccessorImpl.invoke(DelegatingMethodAccessorImpl.java:43)
	at java.lang.reflect.Method.invoke(Method.java:616)
	at junit.framework.TestCase.runTest(TestCase.java:168)
	at junit.framework.TestCase.runBare(TestCase.java:134)
	at junit.framework.TestResult$1.protect(TestResult.java:110)
	at junit.framework.TestResult.runProtected(TestResult.java:128)
	at junit.framework.TestResult.run(TestResult.java:113)
	at junit.framework.TestCase.run(TestCase.java:124)
	at junit.framework.TestSuite.runTest(TestSuite.java:232)
	at junit.framework.TestSuite.run(TestSuite.java:227)
	at junit.framework.TestSuite.runTest(TestSuite.java:232)
	at junit.framework.TestSuite.run(TestSuite.java:227)
	at junit.framework.TestSuite.runTest(TestSuite.java:232)
	at junit.framework.TestSuite.run(TestSuite.java:227)
	at org.apache.tools.ant.taskdefs.optional.junit.JUnitTestRunner.run(JUnitTestRunner.java:420)
	at org.apache.tools.ant.taskdefs.optional.junit.JUnitTestRunner.launch(JUnitTestRunner.java:911)
	at org.apache.tools.ant.taskdefs.optional.junit.JUnitTestRunner.main(JUnitTestRunner.java:768)
type: UploadStatus id: Unknown operator:someone - create new UploadStatus.
com.topcoder.util.config.UnknownNamespaceException: com.topcoder.util.log is unknown
	at com.topcoder.util.config.DefaultConfigManager.getPropertyObject(DefaultConfigManager.java:429)
	at com.topcoder.util.config.DefaultConfigManager.getString(DefaultConfigManager.java:449)
	at com.topcoder.util.log.LogFactory.getAttribute(LogFactory.java:224)
	at com.topcoder.util.log.basic.BasicLog.log(BasicLog.java:74)
	at com.topcoder.management.deliverable.PersistenceUploadManager.persistenceUploadManagerHelper(PersistenceUploadManager.java:966)
	at com.topcoder.management.deliverable.PersistenceUploadManager.createUploadStatus(PersistenceUploadManager.java:542)
	at com.topcoder.management.deliverable.accuracytests.PersistenceUploadManagerAccuracyTests.createUpload(PersistenceUploadManagerAccuracyTests.java:953)
	at com.topcoder.management.deliverable.accuracytests.PersistenceUploadManagerAccuracyTests.testRemoveUpload(PersistenceUploadManagerAccuracyTests.java:534)
	at sun.reflect.NativeMethodAccessorImpl.invoke0(Native Method)
	at sun.reflect.NativeMethodAccessorImpl.invoke(NativeMethodAccessorImpl.java:57)
	at sun.reflect.DelegatingMethodAccessorImpl.invoke(DelegatingMethodAccessorImpl.java:43)
	at java.lang.reflect.Method.invoke(Method.java:616)
	at junit.framework.TestCase.runTest(TestCase.java:168)
	at junit.framework.TestCase.runBare(TestCase.java:134)
	at junit.framework.TestResult$1.protect(TestResult.java:110)
	at junit.framework.TestResult.runProtected(TestResult.java:128)
	at junit.framework.TestResult.run(TestResult.java:113)
	at junit.framework.TestCase.run(TestCase.java:124)
	at junit.framework.TestSuite.runTest(TestSuite.java:232)
	at junit.framework.TestSuite.run(TestSuite.java:227)
	at junit.framework.TestSuite.runTest(TestSuite.java:232)
	at junit.framework.TestSuite.run(TestSuite.java:227)
	at junit.framework.TestSuite.runTest(TestSuite.java:232)
	at junit.framework.TestSuite.run(TestSuite.java:227)
	at org.apache.tools.ant.taskdefs.optional.junit.JUnitTestRunner.run(JUnitTestRunner.java:420)
	at org.apache.tools.ant.taskdefs.optional.junit.JUnitTestRunner.launch(JUnitTestRunner.java:911)
	at org.apache.tools.ant.taskdefs.optional.junit.JUnitTestRunner.main(JUnitTestRunner.java:768)
generate next id from the idGenerator:upload_status_id_seq
com.topcoder.util.config.UnknownNamespaceException: com.topcoder.util.log is unknown
	at com.topcoder.util.config.DefaultConfigManager.getPropertyObject(DefaultConfigManager.java:429)
	at com.topcoder.util.config.DefaultConfigManager.getString(DefaultConfigManager.java:449)
	at com.topcoder.util.log.LogFactory.getAttribute(LogFactory.java:224)
	at com.topcoder.util.log.basic.BasicLog.log(BasicLog.java:74)
	at com.topcoder.management.deliverable.PersistenceUploadManager.createUpload(PersistenceUploadManager.java:335)
	at com.topcoder.management.deliverable.accuracytests.PersistenceUploadManagerAccuracyTests.testRemoveUpload(PersistenceUploadManagerAccuracyTests.java:535)
	at sun.reflect.NativeMethodAccessorImpl.invoke0(Native Method)
	at sun.reflect.NativeMethodAccessorImpl.invoke(NativeMethodAccessorImpl.java:57)
	at sun.reflect.DelegatingMethodAccessorImpl.invoke(DelegatingMethodAccessorImpl.java:43)
	at java.lang.reflect.Method.invoke(Method.java:616)
	at junit.framework.TestCase.runTest(TestCase.java:168)
	at junit.framework.TestCase.runBare(TestCase.java:134)
	at junit.framework.TestResult$1.protect(TestResult.java:110)
	at junit.framework.TestResult.runProtected(TestResult.java:128)
	at junit.framework.TestResult.run(TestResult.java:113)
	at junit.framework.TestCase.run(TestCase.java:124)
	at junit.framework.TestSuite.runTest(TestSuite.java:232)
	at junit.framework.TestSuite.run(TestSuite.java:227)
	at junit.framework.TestSuite.runTest(TestSuite.java:232)
	at junit.framework.TestSuite.run(TestSuite.java:227)
	at junit.framework.TestSuite.runTest(TestSuite.java:232)
	at junit.framework.TestSuite.run(TestSuite.java:227)
	at org.apache.tools.ant.taskdefs.optional.junit.JUnitTestRunner.run(JUnitTestRunner.java:420)
	at org.apache.tools.ant.taskdefs.optional.junit.JUnitTestRunner.launch(JUnitTestRunner.java:911)
	at org.apache.tools.ant.taskdefs.optional.junit.JUnitTestRunner.main(JUnitTestRunner.java:768)
type: Upload id: Unknown operator:user - Create new Upload.
com.topcoder.util.config.UnknownNamespaceException: com.topcoder.util.log is unknown
	at com.topcoder.util.config.DefaultConfigManager.getPropertyObject(DefaultConfigManager.java:429)
	at com.topcoder.util.config.DefaultConfigManager.getString(DefaultConfigManager.java:449)
	at com.topcoder.util.log.LogFactory.getAttribute(LogFactory.java:224)
	at com.topcoder.util.log.basic.BasicLog.log(BasicLog.java:74)
	at com.topcoder.management.deliverable.PersistenceUploadManager.persistenceUploadManagerHelper(PersistenceUploadManager.java:966)
	at com.topcoder.management.deliverable.PersistenceUploadManager.createUpload(PersistenceUploadManager.java:336)
	at com.topcoder.management.deliverable.accuracytests.PersistenceUploadManagerAccuracyTests.testRemoveUpload(PersistenceUploadManagerAccuracyTests.java:535)
	at sun.reflect.NativeMethodAccessorImpl.invoke0(Native Method)
	at sun.reflect.NativeMethodAccessorImpl.invoke(NativeMethodAccessorImpl.java:57)
	at sun.reflect.DelegatingMethodAccessorImpl.invoke(DelegatingMethodAccessorImpl.java:43)
	at java.lang.reflect.Method.invoke(Method.java:616)
	at junit.framework.TestCase.runTest(TestCase.java:168)
	at junit.framework.TestCase.runBare(TestCase.java:134)
	at junit.framework.TestResult$1.protect(TestResult.java:110)
	at junit.framework.TestResult.runProtected(TestResult.java:128)
	at junit.framework.TestResult.run(TestResult.java:113)
	at junit.framework.TestCase.run(TestCase.java:124)
	at junit.framework.TestSuite.runTest(TestSuite.java:232)
	at junit.framework.TestSuite.run(TestSuite.java:227)
	at junit.framework.TestSuite.runTest(TestSuite.java:232)
	at junit.framework.TestSuite.run(TestSuite.java:227)
	at junit.framework.TestSuite.runTest(TestSuite.java:232)
	at junit.framework.TestSuite.run(TestSuite.java:227)
	at org.apache.tools.ant.taskdefs.optional.junit.JUnitTestRunner.run(JUnitTestRunner.java:420)
	at org.apache.tools.ant.taskdefs.optional.junit.JUnitTestRunner.launch(JUnitTestRunner.java:911)
	at org.apache.tools.ant.taskdefs.optional.junit.JUnitTestRunner.main(JUnitTestRunner.java:768)
generate next id from the idGenerator:upload_id_seq
com.topcoder.util.config.UnknownNamespaceException: com.topcoder.util.log is unknown
	at com.topcoder.util.config.DefaultConfigManager.getPropertyObject(DefaultConfigManager.java:429)
	at com.topcoder.util.config.DefaultConfigManager.getString(DefaultConfigManager.java:449)
	at com.topcoder.util.log.LogFactory.getAttribute(LogFactory.java:224)
	at com.topcoder.util.log.basic.BasicLog.log(BasicLog.java:74)
	at com.topcoder.management.deliverable.PersistenceUploadManager.removeUpload(PersistenceUploadManager.java:388)
	at com.topcoder.management.deliverable.accuracytests.PersistenceUploadManagerAccuracyTests.testRemoveUpload(PersistenceUploadManagerAccuracyTests.java:539)
	at sun.reflect.NativeMethodAccessorImpl.invoke0(Native Method)
	at sun.reflect.NativeMethodAccessorImpl.invoke(NativeMethodAccessorImpl.java:57)
	at sun.reflect.DelegatingMethodAccessorImpl.invoke(DelegatingMethodAccessorImpl.java:43)
	at java.lang.reflect.Method.invoke(Method.java:616)
	at junit.framework.TestCase.runTest(TestCase.java:168)
	at junit.framework.TestCase.runBare(TestCase.java:134)
	at junit.framework.TestResult$1.protect(TestResult.java:110)
	at junit.framework.TestResult.runProtected(TestResult.java:128)
	at junit.framework.TestResult.run(TestResult.java:113)
	at junit.framework.TestCase.run(TestCase.java:124)
	at junit.framework.TestSuite.runTest(TestSuite.java:232)
	at junit.framework.TestSuite.run(TestSuite.java:227)
	at junit.framework.TestSuite.runTest(TestSuite.java:232)
	at junit.framework.TestSuite.run(TestSuite.java:227)
	at junit.framework.TestSuite.runTest(TestSuite.java:232)
	at junit.framework.TestSuite.run(TestSuite.java:227)
	at org.apache.tools.ant.taskdefs.optional.junit.JUnitTestRunner.run(JUnitTestRunner.java:420)
	at org.apache.tools.ant.taskdefs.optional.junit.JUnitTestRunner.launch(JUnitTestRunner.java:911)
	at org.apache.tools.ant.taskdefs.optional.junit.JUnitTestRunner.main(JUnitTestRunner.java:768)
type: Upload id: 5 operator:modification - Remove Upload.
com.topcoder.util.config.UnknownNamespaceException: com.topcoder.util.log is unknown
	at com.topcoder.util.config.DefaultConfigManager.getPropertyObject(DefaultConfigManager.java:429)
	at com.topcoder.util.config.DefaultConfigManager.getString(DefaultConfigManager.java:449)
	at com.topcoder.util.log.LogFactory.getAttribute(LogFactory.java:224)
	at com.topcoder.util.log.basic.BasicLog.log(BasicLog.java:74)
	at com.topcoder.management.deliverable.PersistenceUploadManager.<init>(PersistenceUploadManager.java:260)
	at com.topcoder.management.deliverable.PersistenceUploadManager.<init>(PersistenceUploadManager.java:306)
	at com.topcoder.management.deliverable.accuracytests.PersistenceUploadManagerAccuracyTests.setUp(PersistenceUploadManagerAccuracyTests.java:73)
	at junit.framework.TestCase.runBare(TestCase.java:132)
	at junit.framework.TestResult$1.protect(TestResult.java:110)
	at junit.framework.TestResult.runProtected(TestResult.java:128)
	at junit.framework.TestResult.run(TestResult.java:113)
	at junit.framework.TestCase.run(TestCase.java:124)
	at junit.framework.TestSuite.runTest(TestSuite.java:232)
	at junit.framework.TestSuite.run(TestSuite.java:227)
	at junit.framework.TestSuite.runTest(TestSuite.java:232)
	at junit.framework.TestSuite.run(TestSuite.java:227)
	at junit.framework.TestSuite.runTest(TestSuite.java:232)
	at junit.framework.TestSuite.run(TestSuite.java:227)
	at org.apache.tools.ant.taskdefs.optional.junit.JUnitTestRunner.run(JUnitTestRunner.java:420)
	at org.apache.tools.ant.taskdefs.optional.junit.JUnitTestRunner.launch(JUnitTestRunner.java:911)
	at org.apache.tools.ant.taskdefs.optional.junit.JUnitTestRunner.main(JUnitTestRunner.java:768)
Instantiate PersistenceUploadManager with UploadPersistence, uploadSearchBundle, submissionSearchBundle, uploadIdGenerator, uploadTypeIdGenerator, uploadStatusIdGenerator, submissionIDGenerator and submissionStatusIdGenerator.
com.topcoder.util.config.UnknownNamespaceException: com.topcoder.util.log is unknown
	at com.topcoder.util.config.DefaultConfigManager.getPropertyObject(DefaultConfigManager.java:429)
	at com.topcoder.util.config.DefaultConfigManager.getString(DefaultConfigManager.java:449)
	at com.topcoder.util.log.LogFactory.getAttribute(LogFactory.java:224)
	at com.topcoder.util.log.basic.BasicLog.log(BasicLog.java:74)
	at com.topcoder.management.deliverable.PersistenceUploadManager.getUpload(PersistenceUploadManager.java:406)
	at com.topcoder.management.deliverable.accuracytests.PersistenceUploadManagerAccuracyTests.testGetUpload(PersistenceUploadManagerAccuracyTests.java:556)
	at sun.reflect.NativeMethodAccessorImpl.invoke0(Native Method)
	at sun.reflect.NativeMethodAccessorImpl.invoke(NativeMethodAccessorImpl.java:57)
	at sun.reflect.DelegatingMethodAccessorImpl.invoke(DelegatingMethodAccessorImpl.java:43)
	at java.lang.reflect.Method.invoke(Method.java:616)
	at junit.framework.TestCase.runTest(TestCase.java:168)
	at junit.framework.TestCase.runBare(TestCase.java:134)
	at junit.framework.TestResult$1.protect(TestResult.java:110)
	at junit.framework.TestResult.runProtected(TestResult.java:128)
	at junit.framework.TestResult.run(TestResult.java:113)
	at junit.framework.TestCase.run(TestCase.java:124)
	at junit.framework.TestSuite.runTest(TestSuite.java:232)
	at junit.framework.TestSuite.run(TestSuite.java:227)
	at junit.framework.TestSuite.runTest(TestSuite.java:232)
	at junit.framework.TestSuite.run(TestSuite.java:227)
	at junit.framework.TestSuite.runTest(TestSuite.java:232)
	at junit.framework.TestSuite.run(TestSuite.java:227)
	at org.apache.tools.ant.taskdefs.optional.junit.JUnitTestRunner.run(JUnitTestRunner.java:420)
	at org.apache.tools.ant.taskdefs.optional.junit.JUnitTestRunner.launch(JUnitTestRunner.java:911)
	at org.apache.tools.ant.taskdefs.optional.junit.JUnitTestRunner.main(JUnitTestRunner.java:768)
type: Upload id: 1024 operator:Unknown - Retrieve Upload, delegate to persistence.
com.topcoder.util.config.UnknownNamespaceException: com.topcoder.util.log is unknown
	at com.topcoder.util.config.DefaultConfigManager.getPropertyObject(DefaultConfigManager.java:429)
	at com.topcoder.util.config.DefaultConfigManager.getString(DefaultConfigManager.java:449)
	at com.topcoder.util.log.LogFactory.getAttribute(LogFactory.java:224)
	at com.topcoder.util.log.basic.BasicLog.log(BasicLog.java:74)
	at com.topcoder.management.deliverable.PersistenceUploadManager.<init>(PersistenceUploadManager.java:260)
	at com.topcoder.management.deliverable.PersistenceUploadManager.<init>(PersistenceUploadManager.java:306)
	at com.topcoder.management.deliverable.accuracytests.PersistenceUploadManagerAccuracyTests.setUp(PersistenceUploadManagerAccuracyTests.java:73)
	at junit.framework.TestCase.runBare(TestCase.java:132)
	at junit.framework.TestResult$1.protect(TestResult.java:110)
	at junit.framework.TestResult.runProtected(TestResult.java:128)
	at junit.framework.TestResult.run(TestResult.java:113)
	at junit.framework.TestCase.run(TestCase.java:124)
	at junit.framework.TestSuite.runTest(TestSuite.java:232)
	at junit.framework.TestSuite.run(TestSuite.java:227)
	at junit.framework.TestSuite.runTest(TestSuite.java:232)
	at junit.framework.TestSuite.run(TestSuite.java:227)
	at junit.framework.TestSuite.runTest(TestSuite.java:232)
	at junit.framework.TestSuite.run(TestSuite.java:227)
	at org.apache.tools.ant.taskdefs.optional.junit.JUnitTestRunner.run(JUnitTestRunner.java:420)
	at org.apache.tools.ant.taskdefs.optional.junit.JUnitTestRunner.launch(JUnitTestRunner.java:911)
	at org.apache.tools.ant.taskdefs.optional.junit.JUnitTestRunner.main(JUnitTestRunner.java:768)
Instantiate PersistenceUploadManager with UploadPersistence, uploadSearchBundle, submissionSearchBundle, uploadIdGenerator, uploadTypeIdGenerator, uploadStatusIdGenerator, submissionIDGenerator and submissionStatusIdGenerator.
com.topcoder.util.config.UnknownNamespaceException: com.topcoder.util.log is unknown
	at com.topcoder.util.config.DefaultConfigManager.getPropertyObject(DefaultConfigManager.java:429)
	at com.topcoder.util.config.DefaultConfigManager.getString(DefaultConfigManager.java:449)
	at com.topcoder.util.log.LogFactory.getAttribute(LogFactory.java:224)
	at com.topcoder.util.log.basic.BasicLog.log(BasicLog.java:74)
	at com.topcoder.management.deliverable.PersistenceUploadManager.createUploadType(PersistenceUploadManager.java:453)
	at com.topcoder.management.deliverable.accuracytests.PersistenceUploadManagerAccuracyTests.createUpload(PersistenceUploadManagerAccuracyTests.java:948)
	at com.topcoder.management.deliverable.accuracytests.PersistenceUploadManagerAccuracyTests.createSubmission(PersistenceUploadManagerAccuracyTests.java:973)
	at com.topcoder.management.deliverable.accuracytests.PersistenceUploadManagerAccuracyTests.testCreateSubmission(PersistenceUploadManagerAccuracyTests.java:568)
	at sun.reflect.NativeMethodAccessorImpl.invoke0(Native Method)
	at sun.reflect.NativeMethodAccessorImpl.invoke(NativeMethodAccessorImpl.java:57)
	at sun.reflect.DelegatingMethodAccessorImpl.invoke(DelegatingMethodAccessorImpl.java:43)
	at java.lang.reflect.Method.invoke(Method.java:616)
	at junit.framework.TestCase.runTest(TestCase.java:168)
	at junit.framework.TestCase.runBare(TestCase.java:134)
	at junit.framework.TestResult$1.protect(TestResult.java:110)
	at junit.framework.TestResult.runProtected(TestResult.java:128)
	at junit.framework.TestResult.run(TestResult.java:113)
	at junit.framework.TestCase.run(TestCase.java:124)
	at junit.framework.TestSuite.runTest(TestSuite.java:232)
	at junit.framework.TestSuite.run(TestSuite.java:227)
	at junit.framework.TestSuite.runTest(TestSuite.java:232)
	at junit.framework.TestSuite.run(TestSuite.java:227)
	at junit.framework.TestSuite.runTest(TestSuite.java:232)
	at junit.framework.TestSuite.run(TestSuite.java:227)
	at org.apache.tools.ant.taskdefs.optional.junit.JUnitTestRunner.run(JUnitTestRunner.java:420)
	at org.apache.tools.ant.taskdefs.optional.junit.JUnitTestRunner.launch(JUnitTestRunner.java:911)
	at org.apache.tools.ant.taskdefs.optional.junit.JUnitTestRunner.main(JUnitTestRunner.java:768)
type: UploadType id: Unknown operator:someone - Create new UploadType.
com.topcoder.util.config.UnknownNamespaceException: com.topcoder.util.log is unknown
	at com.topcoder.util.config.DefaultConfigManager.getPropertyObject(DefaultConfigManager.java:429)
	at com.topcoder.util.config.DefaultConfigManager.getString(DefaultConfigManager.java:449)
	at com.topcoder.util.log.LogFactory.getAttribute(LogFactory.java:224)
	at com.topcoder.util.log.basic.BasicLog.log(BasicLog.java:74)
	at com.topcoder.management.deliverable.PersistenceUploadManager.persistenceUploadManagerHelper(PersistenceUploadManager.java:966)
	at com.topcoder.management.deliverable.PersistenceUploadManager.createUploadType(PersistenceUploadManager.java:454)
	at com.topcoder.management.deliverable.accuracytests.PersistenceUploadManagerAccuracyTests.createUpload(PersistenceUploadManagerAccuracyTests.java:948)
	at com.topcoder.management.deliverable.accuracytests.PersistenceUploadManagerAccuracyTests.createSubmission(PersistenceUploadManagerAccuracyTests.java:973)
	at com.topcoder.management.deliverable.accuracytests.PersistenceUploadManagerAccuracyTests.testCreateSubmission(PersistenceUploadManagerAccuracyTests.java:568)
	at sun.reflect.NativeMethodAccessorImpl.invoke0(Native Method)
	at sun.reflect.NativeMethodAccessorImpl.invoke(NativeMethodAccessorImpl.java:57)
	at sun.reflect.DelegatingMethodAccessorImpl.invoke(DelegatingMethodAccessorImpl.java:43)
	at java.lang.reflect.Method.invoke(Method.java:616)
	at junit.framework.TestCase.runTest(TestCase.java:168)
	at junit.framework.TestCase.runBare(TestCase.java:134)
	at junit.framework.TestResult$1.protect(TestResult.java:110)
	at junit.framework.TestResult.runProtected(TestResult.java:128)
	at junit.framework.TestResult.run(TestResult.java:113)
	at junit.framework.TestCase.run(TestCase.java:124)
	at junit.framework.TestSuite.runTest(TestSuite.java:232)
	at junit.framework.TestSuite.run(TestSuite.java:227)
	at junit.framework.TestSuite.runTest(TestSuite.java:232)
	at junit.framework.TestSuite.run(TestSuite.java:227)
	at junit.framework.TestSuite.runTest(TestSuite.java:232)
	at junit.framework.TestSuite.run(TestSuite.java:227)
	at org.apache.tools.ant.taskdefs.optional.junit.JUnitTestRunner.run(JUnitTestRunner.java:420)
	at org.apache.tools.ant.taskdefs.optional.junit.JUnitTestRunner.launch(JUnitTestRunner.java:911)
	at org.apache.tools.ant.taskdefs.optional.junit.JUnitTestRunner.main(JUnitTestRunner.java:768)
generate next id from the idGenerator:upload_type_id_seq
com.topcoder.util.config.UnknownNamespaceException: com.topcoder.util.log is unknown
	at com.topcoder.util.config.DefaultConfigManager.getPropertyObject(DefaultConfigManager.java:429)
	at com.topcoder.util.config.DefaultConfigManager.getString(DefaultConfigManager.java:449)
	at com.topcoder.util.log.LogFactory.getAttribute(LogFactory.java:224)
	at com.topcoder.util.log.basic.BasicLog.log(BasicLog.java:74)
	at com.topcoder.management.deliverable.PersistenceUploadManager.createUploadStatus(PersistenceUploadManager.java:541)
	at com.topcoder.management.deliverable.accuracytests.PersistenceUploadManagerAccuracyTests.createUpload(PersistenceUploadManagerAccuracyTests.java:953)
	at com.topcoder.management.deliverable.accuracytests.PersistenceUploadManagerAccuracyTests.createSubmission(PersistenceUploadManagerAccuracyTests.java:973)
	at com.topcoder.management.deliverable.accuracytests.PersistenceUploadManagerAccuracyTests.testCreateSubmission(PersistenceUploadManagerAccuracyTests.java:568)
	at sun.reflect.NativeMethodAccessorImpl.invoke0(Native Method)
	at sun.reflect.NativeMethodAccessorImpl.invoke(NativeMethodAccessorImpl.java:57)
	at sun.reflect.DelegatingMethodAccessorImpl.invoke(DelegatingMethodAccessorImpl.java:43)
	at java.lang.reflect.Method.invoke(Method.java:616)
	at junit.framework.TestCase.runTest(TestCase.java:168)
	at junit.framework.TestCase.runBare(TestCase.java:134)
	at junit.framework.TestResult$1.protect(TestResult.java:110)
	at junit.framework.TestResult.runProtected(TestResult.java:128)
	at junit.framework.TestResult.run(TestResult.java:113)
	at junit.framework.TestCase.run(TestCase.java:124)
	at junit.framework.TestSuite.runTest(TestSuite.java:232)
	at junit.framework.TestSuite.run(TestSuite.java:227)
	at junit.framework.TestSuite.runTest(TestSuite.java:232)
	at junit.framework.TestSuite.run(TestSuite.java:227)
	at junit.framework.TestSuite.runTest(TestSuite.java:232)
	at junit.framework.TestSuite.run(TestSuite.java:227)
	at org.apache.tools.ant.taskdefs.optional.junit.JUnitTestRunner.run(JUnitTestRunner.java:420)
	at org.apache.tools.ant.taskdefs.optional.junit.JUnitTestRunner.launch(JUnitTestRunner.java:911)
	at org.apache.tools.ant.taskdefs.optional.junit.JUnitTestRunner.main(JUnitTestRunner.java:768)
type: UploadStatus id: Unknown operator:someone - create new UploadStatus.
com.topcoder.util.config.UnknownNamespaceException: com.topcoder.util.log is unknown
	at com.topcoder.util.config.DefaultConfigManager.getPropertyObject(DefaultConfigManager.java:429)
	at com.topcoder.util.config.DefaultConfigManager.getString(DefaultConfigManager.java:449)
	at com.topcoder.util.log.LogFactory.getAttribute(LogFactory.java:224)
	at com.topcoder.util.log.basic.BasicLog.log(BasicLog.java:74)
	at com.topcoder.management.deliverable.PersistenceUploadManager.persistenceUploadManagerHelper(PersistenceUploadManager.java:966)
	at com.topcoder.management.deliverable.PersistenceUploadManager.createUploadStatus(PersistenceUploadManager.java:542)
	at com.topcoder.management.deliverable.accuracytests.PersistenceUploadManagerAccuracyTests.createUpload(PersistenceUploadManagerAccuracyTests.java:953)
	at com.topcoder.management.deliverable.accuracytests.PersistenceUploadManagerAccuracyTests.createSubmission(PersistenceUploadManagerAccuracyTests.java:973)
	at com.topcoder.management.deliverable.accuracytests.PersistenceUploadManagerAccuracyTests.testCreateSubmission(PersistenceUploadManagerAccuracyTests.java:568)
	at sun.reflect.NativeMethodAccessorImpl.invoke0(Native Method)
	at sun.reflect.NativeMethodAccessorImpl.invoke(NativeMethodAccessorImpl.java:57)
	at sun.reflect.DelegatingMethodAccessorImpl.invoke(DelegatingMethodAccessorImpl.java:43)
	at java.lang.reflect.Method.invoke(Method.java:616)
	at junit.framework.TestCase.runTest(TestCase.java:168)
	at junit.framework.TestCase.runBare(TestCase.java:134)
	at junit.framework.TestResult$1.protect(TestResult.java:110)
	at junit.framework.TestResult.runProtected(TestResult.java:128)
	at junit.framework.TestResult.run(TestResult.java:113)
	at junit.framework.TestCase.run(TestCase.java:124)
	at junit.framework.TestSuite.runTest(TestSuite.java:232)
	at junit.framework.TestSuite.run(TestSuite.java:227)
	at junit.framework.TestSuite.runTest(TestSuite.java:232)
	at junit.framework.TestSuite.run(TestSuite.java:227)
	at junit.framework.TestSuite.runTest(TestSuite.java:232)
	at junit.framework.TestSuite.run(TestSuite.java:227)
	at org.apache.tools.ant.taskdefs.optional.junit.JUnitTestRunner.run(JUnitTestRunner.java:420)
	at org.apache.tools.ant.taskdefs.optional.junit.JUnitTestRunner.launch(JUnitTestRunner.java:911)
	at org.apache.tools.ant.taskdefs.optional.junit.JUnitTestRunner.main(JUnitTestRunner.java:768)
generate next id from the idGenerator:upload_status_id_seq
com.topcoder.util.config.UnknownNamespaceException: com.topcoder.util.log is unknown
	at com.topcoder.util.config.DefaultConfigManager.getPropertyObject(DefaultConfigManager.java:429)
	at com.topcoder.util.config.DefaultConfigManager.getString(DefaultConfigManager.java:449)
	at com.topcoder.util.log.LogFactory.getAttribute(LogFactory.java:224)
	at com.topcoder.util.log.basic.BasicLog.log(BasicLog.java:74)
	at com.topcoder.management.deliverable.PersistenceUploadManager.createUpload(PersistenceUploadManager.java:335)
	at com.topcoder.management.deliverable.accuracytests.PersistenceUploadManagerAccuracyTests.createSubmission(PersistenceUploadManagerAccuracyTests.java:974)
	at com.topcoder.management.deliverable.accuracytests.PersistenceUploadManagerAccuracyTests.testCreateSubmission(PersistenceUploadManagerAccuracyTests.java:568)
	at sun.reflect.NativeMethodAccessorImpl.invoke0(Native Method)
	at sun.reflect.NativeMethodAccessorImpl.invoke(NativeMethodAccessorImpl.java:57)
	at sun.reflect.DelegatingMethodAccessorImpl.invoke(DelegatingMethodAccessorImpl.java:43)
	at java.lang.reflect.Method.invoke(Method.java:616)
	at junit.framework.TestCase.runTest(TestCase.java:168)
	at junit.framework.TestCase.runBare(TestCase.java:134)
	at junit.framework.TestResult$1.protect(TestResult.java:110)
	at junit.framework.TestResult.runProtected(TestResult.java:128)
	at junit.framework.TestResult.run(TestResult.java:113)
	at junit.framework.TestCase.run(TestCase.java:124)
	at junit.framework.TestSuite.runTest(TestSuite.java:232)
	at junit.framework.TestSuite.run(TestSuite.java:227)
	at junit.framework.TestSuite.runTest(TestSuite.java:232)
	at junit.framework.TestSuite.run(TestSuite.java:227)
	at junit.framework.TestSuite.runTest(TestSuite.java:232)
	at junit.framework.TestSuite.run(TestSuite.java:227)
	at org.apache.tools.ant.taskdefs.optional.junit.JUnitTestRunner.run(JUnitTestRunner.java:420)
	at org.apache.tools.ant.taskdefs.optional.junit.JUnitTestRunner.launch(JUnitTestRunner.java:911)
	at org.apache.tools.ant.taskdefs.optional.junit.JUnitTestRunner.main(JUnitTestRunner.java:768)
type: Upload id: Unknown operator:someone - Create new Upload.
com.topcoder.util.config.UnknownNamespaceException: com.topcoder.util.log is unknown
	at com.topcoder.util.config.DefaultConfigManager.getPropertyObject(DefaultConfigManager.java:429)
	at com.topcoder.util.config.DefaultConfigManager.getString(DefaultConfigManager.java:449)
	at com.topcoder.util.log.LogFactory.getAttribute(LogFactory.java:224)
	at com.topcoder.util.log.basic.BasicLog.log(BasicLog.java:74)
	at com.topcoder.management.deliverable.PersistenceUploadManager.persistenceUploadManagerHelper(PersistenceUploadManager.java:966)
	at com.topcoder.management.deliverable.PersistenceUploadManager.createUpload(PersistenceUploadManager.java:336)
	at com.topcoder.management.deliverable.accuracytests.PersistenceUploadManagerAccuracyTests.createSubmission(PersistenceUploadManagerAccuracyTests.java:974)
	at com.topcoder.management.deliverable.accuracytests.PersistenceUploadManagerAccuracyTests.testCreateSubmission(PersistenceUploadManagerAccuracyTests.java:568)
	at sun.reflect.NativeMethodAccessorImpl.invoke0(Native Method)
	at sun.reflect.NativeMethodAccessorImpl.invoke(NativeMethodAccessorImpl.java:57)
	at sun.reflect.DelegatingMethodAccessorImpl.invoke(DelegatingMethodAccessorImpl.java:43)
	at java.lang.reflect.Method.invoke(Method.java:616)
	at junit.framework.TestCase.runTest(TestCase.java:168)
	at junit.framework.TestCase.runBare(TestCase.java:134)
	at junit.framework.TestResult$1.protect(TestResult.java:110)
	at junit.framework.TestResult.runProtected(TestResult.java:128)
	at junit.framework.TestResult.run(TestResult.java:113)
	at junit.framework.TestCase.run(TestCase.java:124)
	at junit.framework.TestSuite.runTest(TestSuite.java:232)
	at junit.framework.TestSuite.run(TestSuite.java:227)
	at junit.framework.TestSuite.runTest(TestSuite.java:232)
	at junit.framework.TestSuite.run(TestSuite.java:227)
	at junit.framework.TestSuite.runTest(TestSuite.java:232)
	at junit.framework.TestSuite.run(TestSuite.java:227)
	at org.apache.tools.ant.taskdefs.optional.junit.JUnitTestRunner.run(JUnitTestRunner.java:420)
	at org.apache.tools.ant.taskdefs.optional.junit.JUnitTestRunner.launch(JUnitTestRunner.java:911)
	at org.apache.tools.ant.taskdefs.optional.junit.JUnitTestRunner.main(JUnitTestRunner.java:768)
generate next id from the idGenerator:upload_id_seq
com.topcoder.util.config.UnknownNamespaceException: com.topcoder.util.log is unknown
	at com.topcoder.util.config.DefaultConfigManager.getPropertyObject(DefaultConfigManager.java:429)
	at com.topcoder.util.config.DefaultConfigManager.getString(DefaultConfigManager.java:449)
	at com.topcoder.util.log.LogFactory.getAttribute(LogFactory.java:224)
	at com.topcoder.util.log.basic.BasicLog.log(BasicLog.java:74)
	at com.topcoder.management.deliverable.PersistenceUploadManager.createSubmissionStatus(PersistenceUploadManager.java:748)
	at com.topcoder.management.deliverable.accuracytests.PersistenceUploadManagerAccuracyTests.createSubmission(PersistenceUploadManagerAccuracyTests.java:979)
	at com.topcoder.management.deliverable.accuracytests.PersistenceUploadManagerAccuracyTests.testCreateSubmission(PersistenceUploadManagerAccuracyTests.java:568)
	at sun.reflect.NativeMethodAccessorImpl.invoke0(Native Method)
	at sun.reflect.NativeMethodAccessorImpl.invoke(NativeMethodAccessorImpl.java:57)
	at sun.reflect.DelegatingMethodAccessorImpl.invoke(DelegatingMethodAccessorImpl.java:43)
	at java.lang.reflect.Method.invoke(Method.java:616)
	at junit.framework.TestCase.runTest(TestCase.java:168)
	at junit.framework.TestCase.runBare(TestCase.java:134)
	at junit.framework.TestResult$1.protect(TestResult.java:110)
	at junit.framework.TestResult.runProtected(TestResult.java:128)
	at junit.framework.TestResult.run(TestResult.java:113)
	at junit.framework.TestCase.run(TestCase.java:124)
	at junit.framework.TestSuite.runTest(TestSuite.java:232)
	at junit.framework.TestSuite.run(TestSuite.java:227)
	at junit.framework.TestSuite.runTest(TestSuite.java:232)
	at junit.framework.TestSuite.run(TestSuite.java:227)
	at junit.framework.TestSuite.runTest(TestSuite.java:232)
	at junit.framework.TestSuite.run(TestSuite.java:227)
	at org.apache.tools.ant.taskdefs.optional.junit.JUnitTestRunner.run(JUnitTestRunner.java:420)
	at org.apache.tools.ant.taskdefs.optional.junit.JUnitTestRunner.launch(JUnitTestRunner.java:911)
	at org.apache.tools.ant.taskdefs.optional.junit.JUnitTestRunner.main(JUnitTestRunner.java:768)
type: SubmissionStatus id: Unknown operator:someone - create new SubmissionStatus.
com.topcoder.util.config.UnknownNamespaceException: com.topcoder.util.log is unknown
	at com.topcoder.util.config.DefaultConfigManager.getPropertyObject(DefaultConfigManager.java:429)
	at com.topcoder.util.config.DefaultConfigManager.getString(DefaultConfigManager.java:449)
	at com.topcoder.util.log.LogFactory.getAttribute(LogFactory.java:224)
	at com.topcoder.util.log.basic.BasicLog.log(BasicLog.java:74)
	at com.topcoder.management.deliverable.PersistenceUploadManager.persistenceUploadManagerHelper(PersistenceUploadManager.java:966)
	at com.topcoder.management.deliverable.PersistenceUploadManager.createSubmissionStatus(PersistenceUploadManager.java:749)
	at com.topcoder.management.deliverable.accuracytests.PersistenceUploadManagerAccuracyTests.createSubmission(PersistenceUploadManagerAccuracyTests.java:979)
	at com.topcoder.management.deliverable.accuracytests.PersistenceUploadManagerAccuracyTests.testCreateSubmission(PersistenceUploadManagerAccuracyTests.java:568)
	at sun.reflect.NativeMethodAccessorImpl.invoke0(Native Method)
	at sun.reflect.NativeMethodAccessorImpl.invoke(NativeMethodAccessorImpl.java:57)
	at sun.reflect.DelegatingMethodAccessorImpl.invoke(DelegatingMethodAccessorImpl.java:43)
	at java.lang.reflect.Method.invoke(Method.java:616)
	at junit.framework.TestCase.runTest(TestCase.java:168)
	at junit.framework.TestCase.runBare(TestCase.java:134)
	at junit.framework.TestResult$1.protect(TestResult.java:110)
	at junit.framework.TestResult.runProtected(TestResult.java:128)
	at junit.framework.TestResult.run(TestResult.java:113)
	at junit.framework.TestCase.run(TestCase.java:124)
	at junit.framework.TestSuite.runTest(TestSuite.java:232)
	at junit.framework.TestSuite.run(TestSuite.java:227)
	at junit.framework.TestSuite.runTest(TestSuite.java:232)
	at junit.framework.TestSuite.run(TestSuite.java:227)
	at junit.framework.TestSuite.runTest(TestSuite.java:232)
	at junit.framework.TestSuite.run(TestSuite.java:227)
	at org.apache.tools.ant.taskdefs.optional.junit.JUnitTestRunner.run(JUnitTestRunner.java:420)
	at org.apache.tools.ant.taskdefs.optional.junit.JUnitTestRunner.launch(JUnitTestRunner.java:911)
	at org.apache.tools.ant.taskdefs.optional.junit.JUnitTestRunner.main(JUnitTestRunner.java:768)
generate next id from the idGenerator:submission_status_id_seq
com.topcoder.util.config.UnknownNamespaceException: com.topcoder.util.log is unknown
	at com.topcoder.util.config.DefaultConfigManager.getPropertyObject(DefaultConfigManager.java:429)
	at com.topcoder.util.config.DefaultConfigManager.getString(DefaultConfigManager.java:449)
	at com.topcoder.util.log.LogFactory.getAttribute(LogFactory.java:224)
	at com.topcoder.util.log.basic.BasicLog.log(BasicLog.java:74)
	at com.topcoder.management.deliverable.PersistenceUploadManager.createSubmissionType(PersistenceUploadManager.java:845)
	at com.topcoder.management.deliverable.accuracytests.PersistenceUploadManagerAccuracyTests.createSubmission(PersistenceUploadManagerAccuracyTests.java:984)
	at com.topcoder.management.deliverable.accuracytests.PersistenceUploadManagerAccuracyTests.testCreateSubmission(PersistenceUploadManagerAccuracyTests.java:568)
	at sun.reflect.NativeMethodAccessorImpl.invoke0(Native Method)
	at sun.reflect.NativeMethodAccessorImpl.invoke(NativeMethodAccessorImpl.java:57)
	at sun.reflect.DelegatingMethodAccessorImpl.invoke(DelegatingMethodAccessorImpl.java:43)
	at java.lang.reflect.Method.invoke(Method.java:616)
	at junit.framework.TestCase.runTest(TestCase.java:168)
	at junit.framework.TestCase.runBare(TestCase.java:134)
	at junit.framework.TestResult$1.protect(TestResult.java:110)
	at junit.framework.TestResult.runProtected(TestResult.java:128)
	at junit.framework.TestResult.run(TestResult.java:113)
	at junit.framework.TestCase.run(TestCase.java:124)
	at junit.framework.TestSuite.runTest(TestSuite.java:232)
	at junit.framework.TestSuite.run(TestSuite.java:227)
	at junit.framework.TestSuite.runTest(TestSuite.java:232)
	at junit.framework.TestSuite.run(TestSuite.java:227)
	at junit.framework.TestSuite.runTest(TestSuite.java:232)
	at junit.framework.TestSuite.run(TestSuite.java:227)
	at org.apache.tools.ant.taskdefs.optional.junit.JUnitTestRunner.run(JUnitTestRunner.java:420)
	at org.apache.tools.ant.taskdefs.optional.junit.JUnitTestRunner.launch(JUnitTestRunner.java:911)
	at org.apache.tools.ant.taskdefs.optional.junit.JUnitTestRunner.main(JUnitTestRunner.java:768)
type: SubmissionType id: Unknown operator:someone - Create new SubmissionType.
com.topcoder.util.config.UnknownNamespaceException: com.topcoder.util.log is unknown
	at com.topcoder.util.config.DefaultConfigManager.getPropertyObject(DefaultConfigManager.java:429)
	at com.topcoder.util.config.DefaultConfigManager.getString(DefaultConfigManager.java:449)
	at com.topcoder.util.log.LogFactory.getAttribute(LogFactory.java:224)
	at com.topcoder.util.log.basic.BasicLog.log(BasicLog.java:74)
	at com.topcoder.management.deliverable.PersistenceUploadManager.persistenceUploadManagerHelper(PersistenceUploadManager.java:966)
	at com.topcoder.management.deliverable.PersistenceUploadManager.createSubmissionType(PersistenceUploadManager.java:847)
	at com.topcoder.management.deliverable.accuracytests.PersistenceUploadManagerAccuracyTests.createSubmission(PersistenceUploadManagerAccuracyTests.java:984)
	at com.topcoder.management.deliverable.accuracytests.PersistenceUploadManagerAccuracyTests.testCreateSubmission(PersistenceUploadManagerAccuracyTests.java:568)
	at sun.reflect.NativeMethodAccessorImpl.invoke0(Native Method)
	at sun.reflect.NativeMethodAccessorImpl.invoke(NativeMethodAccessorImpl.java:57)
	at sun.reflect.DelegatingMethodAccessorImpl.invoke(DelegatingMethodAccessorImpl.java:43)
	at java.lang.reflect.Method.invoke(Method.java:616)
	at junit.framework.TestCase.runTest(TestCase.java:168)
	at junit.framework.TestCase.runBare(TestCase.java:134)
	at junit.framework.TestResult$1.protect(TestResult.java:110)
	at junit.framework.TestResult.runProtected(TestResult.java:128)
	at junit.framework.TestResult.run(TestResult.java:113)
	at junit.framework.TestCase.run(TestCase.java:124)
	at junit.framework.TestSuite.runTest(TestSuite.java:232)
	at junit.framework.TestSuite.run(TestSuite.java:227)
	at junit.framework.TestSuite.runTest(TestSuite.java:232)
	at junit.framework.TestSuite.run(TestSuite.java:227)
	at junit.framework.TestSuite.runTest(TestSuite.java:232)
	at junit.framework.TestSuite.run(TestSuite.java:227)
	at org.apache.tools.ant.taskdefs.optional.junit.JUnitTestRunner.run(JUnitTestRunner.java:420)
	at org.apache.tools.ant.taskdefs.optional.junit.JUnitTestRunner.launch(JUnitTestRunner.java:911)
	at org.apache.tools.ant.taskdefs.optional.junit.JUnitTestRunner.main(JUnitTestRunner.java:768)
generate next id from the idGenerator:submission_type_id_seq
com.topcoder.util.config.UnknownNamespaceException: com.topcoder.util.log is unknown
	at com.topcoder.util.config.DefaultConfigManager.getPropertyObject(DefaultConfigManager.java:429)
	at com.topcoder.util.config.DefaultConfigManager.getString(DefaultConfigManager.java:449)
	at com.topcoder.util.log.LogFactory.getAttribute(LogFactory.java:224)
	at com.topcoder.util.log.basic.BasicLog.log(BasicLog.java:74)
	at com.topcoder.management.deliverable.PersistenceUploadManager.createSubmission(PersistenceUploadManager.java:631)
	at com.topcoder.management.deliverable.accuracytests.PersistenceUploadManagerAccuracyTests.testCreateSubmission(PersistenceUploadManagerAccuracyTests.java:569)
	at sun.reflect.NativeMethodAccessorImpl.invoke0(Native Method)
	at sun.reflect.NativeMethodAccessorImpl.invoke(NativeMethodAccessorImpl.java:57)
	at sun.reflect.DelegatingMethodAccessorImpl.invoke(DelegatingMethodAccessorImpl.java:43)
	at java.lang.reflect.Method.invoke(Method.java:616)
	at junit.framework.TestCase.runTest(TestCase.java:168)
	at junit.framework.TestCase.runBare(TestCase.java:134)
	at junit.framework.TestResult$1.protect(TestResult.java:110)
	at junit.framework.TestResult.runProtected(TestResult.java:128)
	at junit.framework.TestResult.run(TestResult.java:113)
	at junit.framework.TestCase.run(TestCase.java:124)
	at junit.framework.TestSuite.runTest(TestSuite.java:232)
	at junit.framework.TestSuite.run(TestSuite.java:227)
	at junit.framework.TestSuite.runTest(TestSuite.java:232)
	at junit.framework.TestSuite.run(TestSuite.java:227)
	at junit.framework.TestSuite.runTest(TestSuite.java:232)
	at junit.framework.TestSuite.run(TestSuite.java:227)
	at org.apache.tools.ant.taskdefs.optional.junit.JUnitTestRunner.run(JUnitTestRunner.java:420)
	at org.apache.tools.ant.taskdefs.optional.junit.JUnitTestRunner.launch(JUnitTestRunner.java:911)
	at org.apache.tools.ant.taskdefs.optional.junit.JUnitTestRunner.main(JUnitTestRunner.java:768)
type: Submission id: Unknown operator:user - create new Submission.
com.topcoder.util.config.UnknownNamespaceException: com.topcoder.util.log is unknown
	at com.topcoder.util.config.DefaultConfigManager.getPropertyObject(DefaultConfigManager.java:429)
	at com.topcoder.util.config.DefaultConfigManager.getString(DefaultConfigManager.java:449)
	at com.topcoder.util.log.LogFactory.getAttribute(LogFactory.java:224)
	at com.topcoder.util.log.basic.BasicLog.log(BasicLog.java:74)
	at com.topcoder.management.deliverable.PersistenceUploadManager.persistenceUploadManagerHelper(PersistenceUploadManager.java:966)
	at com.topcoder.management.deliverable.PersistenceUploadManager.createSubmission(PersistenceUploadManager.java:632)
	at com.topcoder.management.deliverable.accuracytests.PersistenceUploadManagerAccuracyTests.testCreateSubmission(PersistenceUploadManagerAccuracyTests.java:569)
	at sun.reflect.NativeMethodAccessorImpl.invoke0(Native Method)
	at sun.reflect.NativeMethodAccessorImpl.invoke(NativeMethodAccessorImpl.java:57)
	at sun.reflect.DelegatingMethodAccessorImpl.invoke(DelegatingMethodAccessorImpl.java:43)
	at java.lang.reflect.Method.invoke(Method.java:616)
	at junit.framework.TestCase.runTest(TestCase.java:168)
	at junit.framework.TestCase.runBare(TestCase.java:134)
	at junit.framework.TestResult$1.protect(TestResult.java:110)
	at junit.framework.TestResult.runProtected(TestResult.java:128)
	at junit.framework.TestResult.run(TestResult.java:113)
	at junit.framework.TestCase.run(TestCase.java:124)
	at junit.framework.TestSuite.runTest(TestSuite.java:232)
	at junit.framework.TestSuite.run(TestSuite.java:227)
	at junit.framework.TestSuite.runTest(TestSuite.java:232)
	at junit.framework.TestSuite.run(TestSuite.java:227)
	at junit.framework.TestSuite.runTest(TestSuite.java:232)
	at junit.framework.TestSuite.run(TestSuite.java:227)
	at org.apache.tools.ant.taskdefs.optional.junit.JUnitTestRunner.run(JUnitTestRunner.java:420)
	at org.apache.tools.ant.taskdefs.optional.junit.JUnitTestRunner.launch(JUnitTestRunner.java:911)
	at org.apache.tools.ant.taskdefs.optional.junit.JUnitTestRunner.main(JUnitTestRunner.java:768)
generate next id from the idGenerator:submission_id_seq
com.topcoder.util.config.UnknownNamespaceException: com.topcoder.util.log is unknown
	at com.topcoder.util.config.DefaultConfigManager.getPropertyObject(DefaultConfigManager.java:429)
	at com.topcoder.util.config.DefaultConfigManager.getString(DefaultConfigManager.java:449)
	at com.topcoder.util.log.LogFactory.getAttribute(LogFactory.java:224)
	at com.topcoder.util.log.basic.BasicLog.log(BasicLog.java:74)
	at com.topcoder.management.deliverable.PersistenceUploadManager.<init>(PersistenceUploadManager.java:260)
	at com.topcoder.management.deliverable.PersistenceUploadManager.<init>(PersistenceUploadManager.java:306)
	at com.topcoder.management.deliverable.accuracytests.PersistenceUploadManagerAccuracyTests.setUp(PersistenceUploadManagerAccuracyTests.java:73)
	at junit.framework.TestCase.runBare(TestCase.java:132)
	at junit.framework.TestResult$1.protect(TestResult.java:110)
	at junit.framework.TestResult.runProtected(TestResult.java:128)
	at junit.framework.TestResult.run(TestResult.java:113)
	at junit.framework.TestCase.run(TestCase.java:124)
	at junit.framework.TestSuite.runTest(TestSuite.java:232)
	at junit.framework.TestSuite.run(TestSuite.java:227)
	at junit.framework.TestSuite.runTest(TestSuite.java:232)
	at junit.framework.TestSuite.run(TestSuite.java:227)
	at junit.framework.TestSuite.runTest(TestSuite.java:232)
	at junit.framework.TestSuite.run(TestSuite.java:227)
	at org.apache.tools.ant.taskdefs.optional.junit.JUnitTestRunner.run(JUnitTestRunner.java:420)
	at org.apache.tools.ant.taskdefs.optional.junit.JUnitTestRunner.launch(JUnitTestRunner.java:911)
	at org.apache.tools.ant.taskdefs.optional.junit.JUnitTestRunner.main(JUnitTestRunner.java:768)
Instantiate PersistenceUploadManager with UploadPersistence, uploadSearchBundle, submissionSearchBundle, uploadIdGenerator, uploadTypeIdGenerator, uploadStatusIdGenerator, submissionIDGenerator and submissionStatusIdGenerator.
com.topcoder.util.config.UnknownNamespaceException: com.topcoder.util.log is unknown
	at com.topcoder.util.config.DefaultConfigManager.getPropertyObject(DefaultConfigManager.java:429)
	at com.topcoder.util.config.DefaultConfigManager.getString(DefaultConfigManager.java:449)
	at com.topcoder.util.log.LogFactory.getAttribute(LogFactory.java:224)
	at com.topcoder.util.log.basic.BasicLog.log(BasicLog.java:74)
	at com.topcoder.management.deliverable.PersistenceUploadManager.createUploadType(PersistenceUploadManager.java:453)
	at com.topcoder.management.deliverable.accuracytests.PersistenceUploadManagerAccuracyTests.createUpload(PersistenceUploadManagerAccuracyTests.java:948)
	at com.topcoder.management.deliverable.accuracytests.PersistenceUploadManagerAccuracyTests.createSubmission(PersistenceUploadManagerAccuracyTests.java:973)
	at com.topcoder.management.deliverable.accuracytests.PersistenceUploadManagerAccuracyTests.testUpdateSubmission(PersistenceUploadManagerAccuracyTests.java:589)
	at sun.reflect.NativeMethodAccessorImpl.invoke0(Native Method)
	at sun.reflect.NativeMethodAccessorImpl.invoke(NativeMethodAccessorImpl.java:57)
	at sun.reflect.DelegatingMethodAccessorImpl.invoke(DelegatingMethodAccessorImpl.java:43)
	at java.lang.reflect.Method.invoke(Method.java:616)
	at junit.framework.TestCase.runTest(TestCase.java:168)
	at junit.framework.TestCase.runBare(TestCase.java:134)
	at junit.framework.TestResult$1.protect(TestResult.java:110)
	at junit.framework.TestResult.runProtected(TestResult.java:128)
	at junit.framework.TestResult.run(TestResult.java:113)
	at junit.framework.TestCase.run(TestCase.java:124)
	at junit.framework.TestSuite.runTest(TestSuite.java:232)
	at junit.framework.TestSuite.run(TestSuite.java:227)
	at junit.framework.TestSuite.runTest(TestSuite.java:232)
	at junit.framework.TestSuite.run(TestSuite.java:227)
	at junit.framework.TestSuite.runTest(TestSuite.java:232)
	at junit.framework.TestSuite.run(TestSuite.java:227)
	at org.apache.tools.ant.taskdefs.optional.junit.JUnitTestRunner.run(JUnitTestRunner.java:420)
	at org.apache.tools.ant.taskdefs.optional.junit.JUnitTestRunner.launch(JUnitTestRunner.java:911)
	at org.apache.tools.ant.taskdefs.optional.junit.JUnitTestRunner.main(JUnitTestRunner.java:768)
type: UploadType id: Unknown operator:someone - Create new UploadType.
com.topcoder.util.config.UnknownNamespaceException: com.topcoder.util.log is unknown
	at com.topcoder.util.config.DefaultConfigManager.getPropertyObject(DefaultConfigManager.java:429)
	at com.topcoder.util.config.DefaultConfigManager.getString(DefaultConfigManager.java:449)
	at com.topcoder.util.log.LogFactory.getAttribute(LogFactory.java:224)
	at com.topcoder.util.log.basic.BasicLog.log(BasicLog.java:74)
	at com.topcoder.management.deliverable.PersistenceUploadManager.persistenceUploadManagerHelper(PersistenceUploadManager.java:966)
	at com.topcoder.management.deliverable.PersistenceUploadManager.createUploadType(PersistenceUploadManager.java:454)
	at com.topcoder.management.deliverable.accuracytests.PersistenceUploadManagerAccuracyTests.createUpload(PersistenceUploadManagerAccuracyTests.java:948)
	at com.topcoder.management.deliverable.accuracytests.PersistenceUploadManagerAccuracyTests.createSubmission(PersistenceUploadManagerAccuracyTests.java:973)
	at com.topcoder.management.deliverable.accuracytests.PersistenceUploadManagerAccuracyTests.testUpdateSubmission(PersistenceUploadManagerAccuracyTests.java:589)
	at sun.reflect.NativeMethodAccessorImpl.invoke0(Native Method)
	at sun.reflect.NativeMethodAccessorImpl.invoke(NativeMethodAccessorImpl.java:57)
	at sun.reflect.DelegatingMethodAccessorImpl.invoke(DelegatingMethodAccessorImpl.java:43)
	at java.lang.reflect.Method.invoke(Method.java:616)
	at junit.framework.TestCase.runTest(TestCase.java:168)
	at junit.framework.TestCase.runBare(TestCase.java:134)
	at junit.framework.TestResult$1.protect(TestResult.java:110)
	at junit.framework.TestResult.runProtected(TestResult.java:128)
	at junit.framework.TestResult.run(TestResult.java:113)
	at junit.framework.TestCase.run(TestCase.java:124)
	at junit.framework.TestSuite.runTest(TestSuite.java:232)
	at junit.framework.TestSuite.run(TestSuite.java:227)
	at junit.framework.TestSuite.runTest(TestSuite.java:232)
	at junit.framework.TestSuite.run(TestSuite.java:227)
	at junit.framework.TestSuite.runTest(TestSuite.java:232)
	at junit.framework.TestSuite.run(TestSuite.java:227)
	at org.apache.tools.ant.taskdefs.optional.junit.JUnitTestRunner.run(JUnitTestRunner.java:420)
	at org.apache.tools.ant.taskdefs.optional.junit.JUnitTestRunner.launch(JUnitTestRunner.java:911)
	at org.apache.tools.ant.taskdefs.optional.junit.JUnitTestRunner.main(JUnitTestRunner.java:768)
generate next id from the idGenerator:upload_type_id_seq
com.topcoder.util.config.UnknownNamespaceException: com.topcoder.util.log is unknown
	at com.topcoder.util.config.DefaultConfigManager.getPropertyObject(DefaultConfigManager.java:429)
	at com.topcoder.util.config.DefaultConfigManager.getString(DefaultConfigManager.java:449)
	at com.topcoder.util.log.LogFactory.getAttribute(LogFactory.java:224)
	at com.topcoder.util.log.basic.BasicLog.log(BasicLog.java:74)
	at com.topcoder.management.deliverable.PersistenceUploadManager.createUploadStatus(PersistenceUploadManager.java:541)
	at com.topcoder.management.deliverable.accuracytests.PersistenceUploadManagerAccuracyTests.createUpload(PersistenceUploadManagerAccuracyTests.java:953)
	at com.topcoder.management.deliverable.accuracytests.PersistenceUploadManagerAccuracyTests.createSubmission(PersistenceUploadManagerAccuracyTests.java:973)
	at com.topcoder.management.deliverable.accuracytests.PersistenceUploadManagerAccuracyTests.testUpdateSubmission(PersistenceUploadManagerAccuracyTests.java:589)
	at sun.reflect.NativeMethodAccessorImpl.invoke0(Native Method)
	at sun.reflect.NativeMethodAccessorImpl.invoke(NativeMethodAccessorImpl.java:57)
	at sun.reflect.DelegatingMethodAccessorImpl.invoke(DelegatingMethodAccessorImpl.java:43)
	at java.lang.reflect.Method.invoke(Method.java:616)
	at junit.framework.TestCase.runTest(TestCase.java:168)
	at junit.framework.TestCase.runBare(TestCase.java:134)
	at junit.framework.TestResult$1.protect(TestResult.java:110)
	at junit.framework.TestResult.runProtected(TestResult.java:128)
	at junit.framework.TestResult.run(TestResult.java:113)
	at junit.framework.TestCase.run(TestCase.java:124)
	at junit.framework.TestSuite.runTest(TestSuite.java:232)
	at junit.framework.TestSuite.run(TestSuite.java:227)
	at junit.framework.TestSuite.runTest(TestSuite.java:232)
	at junit.framework.TestSuite.run(TestSuite.java:227)
	at junit.framework.TestSuite.runTest(TestSuite.java:232)
	at junit.framework.TestSuite.run(TestSuite.java:227)
	at org.apache.tools.ant.taskdefs.optional.junit.JUnitTestRunner.run(JUnitTestRunner.java:420)
	at org.apache.tools.ant.taskdefs.optional.junit.JUnitTestRunner.launch(JUnitTestRunner.java:911)
	at org.apache.tools.ant.taskdefs.optional.junit.JUnitTestRunner.main(JUnitTestRunner.java:768)
type: UploadStatus id: Unknown operator:someone - create new UploadStatus.
com.topcoder.util.config.UnknownNamespaceException: com.topcoder.util.log is unknown
	at com.topcoder.util.config.DefaultConfigManager.getPropertyObject(DefaultConfigManager.java:429)
	at com.topcoder.util.config.DefaultConfigManager.getString(DefaultConfigManager.java:449)
	at com.topcoder.util.log.LogFactory.getAttribute(LogFactory.java:224)
	at com.topcoder.util.log.basic.BasicLog.log(BasicLog.java:74)
	at com.topcoder.management.deliverable.PersistenceUploadManager.persistenceUploadManagerHelper(PersistenceUploadManager.java:966)
	at com.topcoder.management.deliverable.PersistenceUploadManager.createUploadStatus(PersistenceUploadManager.java:542)
	at com.topcoder.management.deliverable.accuracytests.PersistenceUploadManagerAccuracyTests.createUpload(PersistenceUploadManagerAccuracyTests.java:953)
	at com.topcoder.management.deliverable.accuracytests.PersistenceUploadManagerAccuracyTests.createSubmission(PersistenceUploadManagerAccuracyTests.java:973)
	at com.topcoder.management.deliverable.accuracytests.PersistenceUploadManagerAccuracyTests.testUpdateSubmission(PersistenceUploadManagerAccuracyTests.java:589)
	at sun.reflect.NativeMethodAccessorImpl.invoke0(Native Method)
	at sun.reflect.NativeMethodAccessorImpl.invoke(NativeMethodAccessorImpl.java:57)
	at sun.reflect.DelegatingMethodAccessorImpl.invoke(DelegatingMethodAccessorImpl.java:43)
	at java.lang.reflect.Method.invoke(Method.java:616)
	at junit.framework.TestCase.runTest(TestCase.java:168)
	at junit.framework.TestCase.runBare(TestCase.java:134)
	at junit.framework.TestResult$1.protect(TestResult.java:110)
	at junit.framework.TestResult.runProtected(TestResult.java:128)
	at junit.framework.TestResult.run(TestResult.java:113)
	at junit.framework.TestCase.run(TestCase.java:124)
	at junit.framework.TestSuite.runTest(TestSuite.java:232)
	at junit.framework.TestSuite.run(TestSuite.java:227)
	at junit.framework.TestSuite.runTest(TestSuite.java:232)
	at junit.framework.TestSuite.run(TestSuite.java:227)
	at junit.framework.TestSuite.runTest(TestSuite.java:232)
	at junit.framework.TestSuite.run(TestSuite.java:227)
	at org.apache.tools.ant.taskdefs.optional.junit.JUnitTestRunner.run(JUnitTestRunner.java:420)
	at org.apache.tools.ant.taskdefs.optional.junit.JUnitTestRunner.launch(JUnitTestRunner.java:911)
	at org.apache.tools.ant.taskdefs.optional.junit.JUnitTestRunner.main(JUnitTestRunner.java:768)
generate next id from the idGenerator:upload_status_id_seq
com.topcoder.util.config.UnknownNamespaceException: com.topcoder.util.log is unknown
	at com.topcoder.util.config.DefaultConfigManager.getPropertyObject(DefaultConfigManager.java:429)
	at com.topcoder.util.config.DefaultConfigManager.getString(DefaultConfigManager.java:449)
	at com.topcoder.util.log.LogFactory.getAttribute(LogFactory.java:224)
	at com.topcoder.util.log.basic.BasicLog.log(BasicLog.java:74)
	at com.topcoder.management.deliverable.PersistenceUploadManager.createUpload(PersistenceUploadManager.java:335)
	at com.topcoder.management.deliverable.accuracytests.PersistenceUploadManagerAccuracyTests.createSubmission(PersistenceUploadManagerAccuracyTests.java:974)
	at com.topcoder.management.deliverable.accuracytests.PersistenceUploadManagerAccuracyTests.testUpdateSubmission(PersistenceUploadManagerAccuracyTests.java:589)
	at sun.reflect.NativeMethodAccessorImpl.invoke0(Native Method)
	at sun.reflect.NativeMethodAccessorImpl.invoke(NativeMethodAccessorImpl.java:57)
	at sun.reflect.DelegatingMethodAccessorImpl.invoke(DelegatingMethodAccessorImpl.java:43)
	at java.lang.reflect.Method.invoke(Method.java:616)
	at junit.framework.TestCase.runTest(TestCase.java:168)
	at junit.framework.TestCase.runBare(TestCase.java:134)
	at junit.framework.TestResult$1.protect(TestResult.java:110)
	at junit.framework.TestResult.runProtected(TestResult.java:128)
	at junit.framework.TestResult.run(TestResult.java:113)
	at junit.framework.TestCase.run(TestCase.java:124)
	at junit.framework.TestSuite.runTest(TestSuite.java:232)
	at junit.framework.TestSuite.run(TestSuite.java:227)
	at junit.framework.TestSuite.runTest(TestSuite.java:232)
	at junit.framework.TestSuite.run(TestSuite.java:227)
	at junit.framework.TestSuite.runTest(TestSuite.java:232)
	at junit.framework.TestSuite.run(TestSuite.java:227)
	at org.apache.tools.ant.taskdefs.optional.junit.JUnitTestRunner.run(JUnitTestRunner.java:420)
	at org.apache.tools.ant.taskdefs.optional.junit.JUnitTestRunner.launch(JUnitTestRunner.java:911)
	at org.apache.tools.ant.taskdefs.optional.junit.JUnitTestRunner.main(JUnitTestRunner.java:768)
type: Upload id: Unknown operator:someone - Create new Upload.
com.topcoder.util.config.UnknownNamespaceException: com.topcoder.util.log is unknown
	at com.topcoder.util.config.DefaultConfigManager.getPropertyObject(DefaultConfigManager.java:429)
	at com.topcoder.util.config.DefaultConfigManager.getString(DefaultConfigManager.java:449)
	at com.topcoder.util.log.LogFactory.getAttribute(LogFactory.java:224)
	at com.topcoder.util.log.basic.BasicLog.log(BasicLog.java:74)
	at com.topcoder.management.deliverable.PersistenceUploadManager.persistenceUploadManagerHelper(PersistenceUploadManager.java:966)
	at com.topcoder.management.deliverable.PersistenceUploadManager.createUpload(PersistenceUploadManager.java:336)
	at com.topcoder.management.deliverable.accuracytests.PersistenceUploadManagerAccuracyTests.createSubmission(PersistenceUploadManagerAccuracyTests.java:974)
	at com.topcoder.management.deliverable.accuracytests.PersistenceUploadManagerAccuracyTests.testUpdateSubmission(PersistenceUploadManagerAccuracyTests.java:589)
	at sun.reflect.NativeMethodAccessorImpl.invoke0(Native Method)
	at sun.reflect.NativeMethodAccessorImpl.invoke(NativeMethodAccessorImpl.java:57)
	at sun.reflect.DelegatingMethodAccessorImpl.invoke(DelegatingMethodAccessorImpl.java:43)
	at java.lang.reflect.Method.invoke(Method.java:616)
	at junit.framework.TestCase.runTest(TestCase.java:168)
	at junit.framework.TestCase.runBare(TestCase.java:134)
	at junit.framework.TestResult$1.protect(TestResult.java:110)
	at junit.framework.TestResult.runProtected(TestResult.java:128)
	at junit.framework.TestResult.run(TestResult.java:113)
	at junit.framework.TestCase.run(TestCase.java:124)
	at junit.framework.TestSuite.runTest(TestSuite.java:232)
	at junit.framework.TestSuite.run(TestSuite.java:227)
	at junit.framework.TestSuite.runTest(TestSuite.java:232)
	at junit.framework.TestSuite.run(TestSuite.java:227)
	at junit.framework.TestSuite.runTest(TestSuite.java:232)
	at junit.framework.TestSuite.run(TestSuite.java:227)
	at org.apache.tools.ant.taskdefs.optional.junit.JUnitTestRunner.run(JUnitTestRunner.java:420)
	at org.apache.tools.ant.taskdefs.optional.junit.JUnitTestRunner.launch(JUnitTestRunner.java:911)
	at org.apache.tools.ant.taskdefs.optional.junit.JUnitTestRunner.main(JUnitTestRunner.java:768)
generate next id from the idGenerator:upload_id_seq
com.topcoder.util.config.UnknownNamespaceException: com.topcoder.util.log is unknown
	at com.topcoder.util.config.DefaultConfigManager.getPropertyObject(DefaultConfigManager.java:429)
	at com.topcoder.util.config.DefaultConfigManager.getString(DefaultConfigManager.java:449)
	at com.topcoder.util.log.LogFactory.getAttribute(LogFactory.java:224)
	at com.topcoder.util.log.basic.BasicLog.log(BasicLog.java:74)
	at com.topcoder.management.deliverable.PersistenceUploadManager.createSubmissionStatus(PersistenceUploadManager.java:748)
	at com.topcoder.management.deliverable.accuracytests.PersistenceUploadManagerAccuracyTests.createSubmission(PersistenceUploadManagerAccuracyTests.java:979)
	at com.topcoder.management.deliverable.accuracytests.PersistenceUploadManagerAccuracyTests.testUpdateSubmission(PersistenceUploadManagerAccuracyTests.java:589)
	at sun.reflect.NativeMethodAccessorImpl.invoke0(Native Method)
	at sun.reflect.NativeMethodAccessorImpl.invoke(NativeMethodAccessorImpl.java:57)
	at sun.reflect.DelegatingMethodAccessorImpl.invoke(DelegatingMethodAccessorImpl.java:43)
	at java.lang.reflect.Method.invoke(Method.java:616)
	at junit.framework.TestCase.runTest(TestCase.java:168)
	at junit.framework.TestCase.runBare(TestCase.java:134)
	at junit.framework.TestResult$1.protect(TestResult.java:110)
	at junit.framework.TestResult.runProtected(TestResult.java:128)
	at junit.framework.TestResult.run(TestResult.java:113)
	at junit.framework.TestCase.run(TestCase.java:124)
	at junit.framework.TestSuite.runTest(TestSuite.java:232)
	at junit.framework.TestSuite.run(TestSuite.java:227)
	at junit.framework.TestSuite.runTest(TestSuite.java:232)
	at junit.framework.TestSuite.run(TestSuite.java:227)
	at junit.framework.TestSuite.runTest(TestSuite.java:232)
	at junit.framework.TestSuite.run(TestSuite.java:227)
	at org.apache.tools.ant.taskdefs.optional.junit.JUnitTestRunner.run(JUnitTestRunner.java:420)
	at org.apache.tools.ant.taskdefs.optional.junit.JUnitTestRunner.launch(JUnitTestRunner.java:911)
	at org.apache.tools.ant.taskdefs.optional.junit.JUnitTestRunner.main(JUnitTestRunner.java:768)
type: SubmissionStatus id: Unknown operator:someone - create new SubmissionStatus.
com.topcoder.util.config.UnknownNamespaceException: com.topcoder.util.log is unknown
	at com.topcoder.util.config.DefaultConfigManager.getPropertyObject(DefaultConfigManager.java:429)
	at com.topcoder.util.config.DefaultConfigManager.getString(DefaultConfigManager.java:449)
	at com.topcoder.util.log.LogFactory.getAttribute(LogFactory.java:224)
	at com.topcoder.util.log.basic.BasicLog.log(BasicLog.java:74)
	at com.topcoder.management.deliverable.PersistenceUploadManager.persistenceUploadManagerHelper(PersistenceUploadManager.java:966)
	at com.topcoder.management.deliverable.PersistenceUploadManager.createSubmissionStatus(PersistenceUploadManager.java:749)
	at com.topcoder.management.deliverable.accuracytests.PersistenceUploadManagerAccuracyTests.createSubmission(PersistenceUploadManagerAccuracyTests.java:979)
	at com.topcoder.management.deliverable.accuracytests.PersistenceUploadManagerAccuracyTests.testUpdateSubmission(PersistenceUploadManagerAccuracyTests.java:589)
	at sun.reflect.NativeMethodAccessorImpl.invoke0(Native Method)
	at sun.reflect.NativeMethodAccessorImpl.invoke(NativeMethodAccessorImpl.java:57)
	at sun.reflect.DelegatingMethodAccessorImpl.invoke(DelegatingMethodAccessorImpl.java:43)
	at java.lang.reflect.Method.invoke(Method.java:616)
	at junit.framework.TestCase.runTest(TestCase.java:168)
	at junit.framework.TestCase.runBare(TestCase.java:134)
	at junit.framework.TestResult$1.protect(TestResult.java:110)
	at junit.framework.TestResult.runProtected(TestResult.java:128)
	at junit.framework.TestResult.run(TestResult.java:113)
	at junit.framework.TestCase.run(TestCase.java:124)
	at junit.framework.TestSuite.runTest(TestSuite.java:232)
	at junit.framework.TestSuite.run(TestSuite.java:227)
	at junit.framework.TestSuite.runTest(TestSuite.java:232)
	at junit.framework.TestSuite.run(TestSuite.java:227)
	at junit.framework.TestSuite.runTest(TestSuite.java:232)
	at junit.framework.TestSuite.run(TestSuite.java:227)
	at org.apache.tools.ant.taskdefs.optional.junit.JUnitTestRunner.run(JUnitTestRunner.java:420)
	at org.apache.tools.ant.taskdefs.optional.junit.JUnitTestRunner.launch(JUnitTestRunner.java:911)
	at org.apache.tools.ant.taskdefs.optional.junit.JUnitTestRunner.main(JUnitTestRunner.java:768)
generate next id from the idGenerator:submission_status_id_seq
com.topcoder.util.config.UnknownNamespaceException: com.topcoder.util.log is unknown
	at com.topcoder.util.config.DefaultConfigManager.getPropertyObject(DefaultConfigManager.java:429)
	at com.topcoder.util.config.DefaultConfigManager.getString(DefaultConfigManager.java:449)
	at com.topcoder.util.log.LogFactory.getAttribute(LogFactory.java:224)
	at com.topcoder.util.log.basic.BasicLog.log(BasicLog.java:74)
	at com.topcoder.management.deliverable.PersistenceUploadManager.createSubmissionType(PersistenceUploadManager.java:845)
	at com.topcoder.management.deliverable.accuracytests.PersistenceUploadManagerAccuracyTests.createSubmission(PersistenceUploadManagerAccuracyTests.java:984)
	at com.topcoder.management.deliverable.accuracytests.PersistenceUploadManagerAccuracyTests.testUpdateSubmission(PersistenceUploadManagerAccuracyTests.java:589)
	at sun.reflect.NativeMethodAccessorImpl.invoke0(Native Method)
	at sun.reflect.NativeMethodAccessorImpl.invoke(NativeMethodAccessorImpl.java:57)
	at sun.reflect.DelegatingMethodAccessorImpl.invoke(DelegatingMethodAccessorImpl.java:43)
	at java.lang.reflect.Method.invoke(Method.java:616)
	at junit.framework.TestCase.runTest(TestCase.java:168)
	at junit.framework.TestCase.runBare(TestCase.java:134)
	at junit.framework.TestResult$1.protect(TestResult.java:110)
	at junit.framework.TestResult.runProtected(TestResult.java:128)
	at junit.framework.TestResult.run(TestResult.java:113)
	at junit.framework.TestCase.run(TestCase.java:124)
	at junit.framework.TestSuite.runTest(TestSuite.java:232)
	at junit.framework.TestSuite.run(TestSuite.java:227)
	at junit.framework.TestSuite.runTest(TestSuite.java:232)
	at junit.framework.TestSuite.run(TestSuite.java:227)
	at junit.framework.TestSuite.runTest(TestSuite.java:232)
	at junit.framework.TestSuite.run(TestSuite.java:227)
	at org.apache.tools.ant.taskdefs.optional.junit.JUnitTestRunner.run(JUnitTestRunner.java:420)
	at org.apache.tools.ant.taskdefs.optional.junit.JUnitTestRunner.launch(JUnitTestRunner.java:911)
	at org.apache.tools.ant.taskdefs.optional.junit.JUnitTestRunner.main(JUnitTestRunner.java:768)
type: SubmissionType id: Unknown operator:someone - Create new SubmissionType.
com.topcoder.util.config.UnknownNamespaceException: com.topcoder.util.log is unknown
	at com.topcoder.util.config.DefaultConfigManager.getPropertyObject(DefaultConfigManager.java:429)
	at com.topcoder.util.config.DefaultConfigManager.getString(DefaultConfigManager.java:449)
	at com.topcoder.util.log.LogFactory.getAttribute(LogFactory.java:224)
	at com.topcoder.util.log.basic.BasicLog.log(BasicLog.java:74)
	at com.topcoder.management.deliverable.PersistenceUploadManager.persistenceUploadManagerHelper(PersistenceUploadManager.java:966)
	at com.topcoder.management.deliverable.PersistenceUploadManager.createSubmissionType(PersistenceUploadManager.java:847)
	at com.topcoder.management.deliverable.accuracytests.PersistenceUploadManagerAccuracyTests.createSubmission(PersistenceUploadManagerAccuracyTests.java:984)
	at com.topcoder.management.deliverable.accuracytests.PersistenceUploadManagerAccuracyTests.testUpdateSubmission(PersistenceUploadManagerAccuracyTests.java:589)
	at sun.reflect.NativeMethodAccessorImpl.invoke0(Native Method)
	at sun.reflect.NativeMethodAccessorImpl.invoke(NativeMethodAccessorImpl.java:57)
	at sun.reflect.DelegatingMethodAccessorImpl.invoke(DelegatingMethodAccessorImpl.java:43)
	at java.lang.reflect.Method.invoke(Method.java:616)
	at junit.framework.TestCase.runTest(TestCase.java:168)
	at junit.framework.TestCase.runBare(TestCase.java:134)
	at junit.framework.TestResult$1.protect(TestResult.java:110)
	at junit.framework.TestResult.runProtected(TestResult.java:128)
	at junit.framework.TestResult.run(TestResult.java:113)
	at junit.framework.TestCase.run(TestCase.java:124)
	at junit.framework.TestSuite.runTest(TestSuite.java:232)
	at junit.framework.TestSuite.run(TestSuite.java:227)
	at junit.framework.TestSuite.runTest(TestSuite.java:232)
	at junit.framework.TestSuite.run(TestSuite.java:227)
	at junit.framework.TestSuite.runTest(TestSuite.java:232)
	at junit.framework.TestSuite.run(TestSuite.java:227)
	at org.apache.tools.ant.taskdefs.optional.junit.JUnitTestRunner.run(JUnitTestRunner.java:420)
	at org.apache.tools.ant.taskdefs.optional.junit.JUnitTestRunner.launch(JUnitTestRunner.java:911)
	at org.apache.tools.ant.taskdefs.optional.junit.JUnitTestRunner.main(JUnitTestRunner.java:768)
generate next id from the idGenerator:submission_type_id_seq
com.topcoder.util.config.UnknownNamespaceException: com.topcoder.util.log is unknown
	at com.topcoder.util.config.DefaultConfigManager.getPropertyObject(DefaultConfigManager.java:429)
	at com.topcoder.util.config.DefaultConfigManager.getString(DefaultConfigManager.java:449)
	at com.topcoder.util.log.LogFactory.getAttribute(LogFactory.java:224)
	at com.topcoder.util.log.basic.BasicLog.log(BasicLog.java:74)
	at com.topcoder.management.deliverable.PersistenceUploadManager.createSubmission(PersistenceUploadManager.java:631)
	at com.topcoder.management.deliverable.accuracytests.PersistenceUploadManagerAccuracyTests.testUpdateSubmission(PersistenceUploadManagerAccuracyTests.java:590)
	at sun.reflect.NativeMethodAccessorImpl.invoke0(Native Method)
	at sun.reflect.NativeMethodAccessorImpl.invoke(NativeMethodAccessorImpl.java:57)
	at sun.reflect.DelegatingMethodAccessorImpl.invoke(DelegatingMethodAccessorImpl.java:43)
	at java.lang.reflect.Method.invoke(Method.java:616)
	at junit.framework.TestCase.runTest(TestCase.java:168)
	at junit.framework.TestCase.runBare(TestCase.java:134)
	at junit.framework.TestResult$1.protect(TestResult.java:110)
	at junit.framework.TestResult.runProtected(TestResult.java:128)
	at junit.framework.TestResult.run(TestResult.java:113)
	at junit.framework.TestCase.run(TestCase.java:124)
	at junit.framework.TestSuite.runTest(TestSuite.java:232)
	at junit.framework.TestSuite.run(TestSuite.java:227)
	at junit.framework.TestSuite.runTest(TestSuite.java:232)
	at junit.framework.TestSuite.run(TestSuite.java:227)
	at junit.framework.TestSuite.runTest(TestSuite.java:232)
	at junit.framework.TestSuite.run(TestSuite.java:227)
	at org.apache.tools.ant.taskdefs.optional.junit.JUnitTestRunner.run(JUnitTestRunner.java:420)
	at org.apache.tools.ant.taskdefs.optional.junit.JUnitTestRunner.launch(JUnitTestRunner.java:911)
	at org.apache.tools.ant.taskdefs.optional.junit.JUnitTestRunner.main(JUnitTestRunner.java:768)
type: Submission id: Unknown operator:user - create new Submission.
com.topcoder.util.config.UnknownNamespaceException: com.topcoder.util.log is unknown
	at com.topcoder.util.config.DefaultConfigManager.getPropertyObject(DefaultConfigManager.java:429)
	at com.topcoder.util.config.DefaultConfigManager.getString(DefaultConfigManager.java:449)
	at com.topcoder.util.log.LogFactory.getAttribute(LogFactory.java:224)
	at com.topcoder.util.log.basic.BasicLog.log(BasicLog.java:74)
	at com.topcoder.management.deliverable.PersistenceUploadManager.persistenceUploadManagerHelper(PersistenceUploadManager.java:966)
	at com.topcoder.management.deliverable.PersistenceUploadManager.createSubmission(PersistenceUploadManager.java:632)
	at com.topcoder.management.deliverable.accuracytests.PersistenceUploadManagerAccuracyTests.testUpdateSubmission(PersistenceUploadManagerAccuracyTests.java:590)
	at sun.reflect.NativeMethodAccessorImpl.invoke0(Native Method)
	at sun.reflect.NativeMethodAccessorImpl.invoke(NativeMethodAccessorImpl.java:57)
	at sun.reflect.DelegatingMethodAccessorImpl.invoke(DelegatingMethodAccessorImpl.java:43)
	at java.lang.reflect.Method.invoke(Method.java:616)
	at junit.framework.TestCase.runTest(TestCase.java:168)
	at junit.framework.TestCase.runBare(TestCase.java:134)
	at junit.framework.TestResult$1.protect(TestResult.java:110)
	at junit.framework.TestResult.runProtected(TestResult.java:128)
	at junit.framework.TestResult.run(TestResult.java:113)
	at junit.framework.TestCase.run(TestCase.java:124)
	at junit.framework.TestSuite.runTest(TestSuite.java:232)
	at junit.framework.TestSuite.run(TestSuite.java:227)
	at junit.framework.TestSuite.runTest(TestSuite.java:232)
	at junit.framework.TestSuite.run(TestSuite.java:227)
	at junit.framework.TestSuite.runTest(TestSuite.java:232)
	at junit.framework.TestSuite.run(TestSuite.java:227)
	at org.apache.tools.ant.taskdefs.optional.junit.JUnitTestRunner.run(JUnitTestRunner.java:420)
	at org.apache.tools.ant.taskdefs.optional.junit.JUnitTestRunner.launch(JUnitTestRunner.java:911)
	at org.apache.tools.ant.taskdefs.optional.junit.JUnitTestRunner.main(JUnitTestRunner.java:768)
generate next id from the idGenerator:submission_id_seq
com.topcoder.util.config.UnknownNamespaceException: com.topcoder.util.log is unknown
	at com.topcoder.util.config.DefaultConfigManager.getPropertyObject(DefaultConfigManager.java:429)
	at com.topcoder.util.config.DefaultConfigManager.getString(DefaultConfigManager.java:449)
	at com.topcoder.util.log.LogFactory.getAttribute(LogFactory.java:224)
	at com.topcoder.util.log.basic.BasicLog.log(BasicLog.java:74)
	at com.topcoder.management.deliverable.PersistenceUploadManager.updateSubmission(PersistenceUploadManager.java:657)
	at com.topcoder.management.deliverable.accuracytests.PersistenceUploadManagerAccuracyTests.testUpdateSubmission(PersistenceUploadManagerAccuracyTests.java:594)
	at sun.reflect.NativeMethodAccessorImpl.invoke0(Native Method)
	at sun.reflect.NativeMethodAccessorImpl.invoke(NativeMethodAccessorImpl.java:57)
	at sun.reflect.DelegatingMethodAccessorImpl.invoke(DelegatingMethodAccessorImpl.java:43)
	at java.lang.reflect.Method.invoke(Method.java:616)
	at junit.framework.TestCase.runTest(TestCase.java:168)
	at junit.framework.TestCase.runBare(TestCase.java:134)
	at junit.framework.TestResult$1.protect(TestResult.java:110)
	at junit.framework.TestResult.runProtected(TestResult.java:128)
	at junit.framework.TestResult.run(TestResult.java:113)
	at junit.framework.TestCase.run(TestCase.java:124)
	at junit.framework.TestSuite.runTest(TestSuite.java:232)
	at junit.framework.TestSuite.run(TestSuite.java:227)
	at junit.framework.TestSuite.runTest(TestSuite.java:232)
	at junit.framework.TestSuite.run(TestSuite.java:227)
	at junit.framework.TestSuite.runTest(TestSuite.java:232)
	at junit.framework.TestSuite.run(TestSuite.java:227)
	at org.apache.tools.ant.taskdefs.optional.junit.JUnitTestRunner.run(JUnitTestRunner.java:420)
	at org.apache.tools.ant.taskdefs.optional.junit.JUnitTestRunner.launch(JUnitTestRunner.java:911)
	at org.apache.tools.ant.taskdefs.optional.junit.JUnitTestRunner.main(JUnitTestRunner.java:768)
type: Submission id: 4 operator:administrator - update Submission.
com.topcoder.util.config.UnknownNamespaceException: com.topcoder.util.log is unknown
	at com.topcoder.util.config.DefaultConfigManager.getPropertyObject(DefaultConfigManager.java:429)
	at com.topcoder.util.config.DefaultConfigManager.getString(DefaultConfigManager.java:449)
	at com.topcoder.util.log.LogFactory.getAttribute(LogFactory.java:224)
	at com.topcoder.util.log.basic.BasicLog.log(BasicLog.java:74)
	at com.topcoder.management.deliverable.PersistenceUploadManager.<init>(PersistenceUploadManager.java:260)
	at com.topcoder.management.deliverable.PersistenceUploadManager.<init>(PersistenceUploadManager.java:306)
	at com.topcoder.management.deliverable.accuracytests.PersistenceUploadManagerAccuracyTests.setUp(PersistenceUploadManagerAccuracyTests.java:73)
	at junit.framework.TestCase.runBare(TestCase.java:132)
	at junit.framework.TestResult$1.protect(TestResult.java:110)
	at junit.framework.TestResult.runProtected(TestResult.java:128)
	at junit.framework.TestResult.run(TestResult.java:113)
	at junit.framework.TestCase.run(TestCase.java:124)
	at junit.framework.TestSuite.runTest(TestSuite.java:232)
	at junit.framework.TestSuite.run(TestSuite.java:227)
	at junit.framework.TestSuite.runTest(TestSuite.java:232)
	at junit.framework.TestSuite.run(TestSuite.java:227)
	at junit.framework.TestSuite.runTest(TestSuite.java:232)
	at junit.framework.TestSuite.run(TestSuite.java:227)
	at org.apache.tools.ant.taskdefs.optional.junit.JUnitTestRunner.run(JUnitTestRunner.java:420)
	at org.apache.tools.ant.taskdefs.optional.junit.JUnitTestRunner.launch(JUnitTestRunner.java:911)
	at org.apache.tools.ant.taskdefs.optional.junit.JUnitTestRunner.main(JUnitTestRunner.java:768)
Instantiate PersistenceUploadManager with UploadPersistence, uploadSearchBundle, submissionSearchBundle, uploadIdGenerator, uploadTypeIdGenerator, uploadStatusIdGenerator, submissionIDGenerator and submissionStatusIdGenerator.
com.topcoder.util.config.UnknownNamespaceException: com.topcoder.util.log is unknown
	at com.topcoder.util.config.DefaultConfigManager.getPropertyObject(DefaultConfigManager.java:429)
	at com.topcoder.util.config.DefaultConfigManager.getString(DefaultConfigManager.java:449)
	at com.topcoder.util.log.LogFactory.getAttribute(LogFactory.java:224)
	at com.topcoder.util.log.basic.BasicLog.log(BasicLog.java:74)
	at com.topcoder.management.deliverable.PersistenceUploadManager.createUploadType(PersistenceUploadManager.java:453)
	at com.topcoder.management.deliverable.accuracytests.PersistenceUploadManagerAccuracyTests.createUpload(PersistenceUploadManagerAccuracyTests.java:948)
	at com.topcoder.management.deliverable.accuracytests.PersistenceUploadManagerAccuracyTests.createSubmission(PersistenceUploadManagerAccuracyTests.java:973)
	at com.topcoder.management.deliverable.accuracytests.PersistenceUploadManagerAccuracyTests.testRemoveSubmission(PersistenceUploadManagerAccuracyTests.java:610)
	at sun.reflect.NativeMethodAccessorImpl.invoke0(Native Method)
	at sun.reflect.NativeMethodAccessorImpl.invoke(NativeMethodAccessorImpl.java:57)
	at sun.reflect.DelegatingMethodAccessorImpl.invoke(DelegatingMethodAccessorImpl.java:43)
	at java.lang.reflect.Method.invoke(Method.java:616)
	at junit.framework.TestCase.runTest(TestCase.java:168)
	at junit.framework.TestCase.runBare(TestCase.java:134)
	at junit.framework.TestResult$1.protect(TestResult.java:110)
	at junit.framework.TestResult.runProtected(TestResult.java:128)
	at junit.framework.TestResult.run(TestResult.java:113)
	at junit.framework.TestCase.run(TestCase.java:124)
	at junit.framework.TestSuite.runTest(TestSuite.java:232)
	at junit.framework.TestSuite.run(TestSuite.java:227)
	at junit.framework.TestSuite.runTest(TestSuite.java:232)
	at junit.framework.TestSuite.run(TestSuite.java:227)
	at junit.framework.TestSuite.runTest(TestSuite.java:232)
	at junit.framework.TestSuite.run(TestSuite.java:227)
	at org.apache.tools.ant.taskdefs.optional.junit.JUnitTestRunner.run(JUnitTestRunner.java:420)
	at org.apache.tools.ant.taskdefs.optional.junit.JUnitTestRunner.launch(JUnitTestRunner.java:911)
	at org.apache.tools.ant.taskdefs.optional.junit.JUnitTestRunner.main(JUnitTestRunner.java:768)
type: UploadType id: Unknown operator:someone - Create new UploadType.
com.topcoder.util.config.UnknownNamespaceException: com.topcoder.util.log is unknown
	at com.topcoder.util.config.DefaultConfigManager.getPropertyObject(DefaultConfigManager.java:429)
	at com.topcoder.util.config.DefaultConfigManager.getString(DefaultConfigManager.java:449)
	at com.topcoder.util.log.LogFactory.getAttribute(LogFactory.java:224)
	at com.topcoder.util.log.basic.BasicLog.log(BasicLog.java:74)
	at com.topcoder.management.deliverable.PersistenceUploadManager.persistenceUploadManagerHelper(PersistenceUploadManager.java:966)
	at com.topcoder.management.deliverable.PersistenceUploadManager.createUploadType(PersistenceUploadManager.java:454)
	at com.topcoder.management.deliverable.accuracytests.PersistenceUploadManagerAccuracyTests.createUpload(PersistenceUploadManagerAccuracyTests.java:948)
	at com.topcoder.management.deliverable.accuracytests.PersistenceUploadManagerAccuracyTests.createSubmission(PersistenceUploadManagerAccuracyTests.java:973)
	at com.topcoder.management.deliverable.accuracytests.PersistenceUploadManagerAccuracyTests.testRemoveSubmission(PersistenceUploadManagerAccuracyTests.java:610)
	at sun.reflect.NativeMethodAccessorImpl.invoke0(Native Method)
	at sun.reflect.NativeMethodAccessorImpl.invoke(NativeMethodAccessorImpl.java:57)
	at sun.reflect.DelegatingMethodAccessorImpl.invoke(DelegatingMethodAccessorImpl.java:43)
	at java.lang.reflect.Method.invoke(Method.java:616)
	at junit.framework.TestCase.runTest(TestCase.java:168)
	at junit.framework.TestCase.runBare(TestCase.java:134)
	at junit.framework.TestResult$1.protect(TestResult.java:110)
	at junit.framework.TestResult.runProtected(TestResult.java:128)
	at junit.framework.TestResult.run(TestResult.java:113)
	at junit.framework.TestCase.run(TestCase.java:124)
	at junit.framework.TestSuite.runTest(TestSuite.java:232)
	at junit.framework.TestSuite.run(TestSuite.java:227)
	at junit.framework.TestSuite.runTest(TestSuite.java:232)
	at junit.framework.TestSuite.run(TestSuite.java:227)
	at junit.framework.TestSuite.runTest(TestSuite.java:232)
	at junit.framework.TestSuite.run(TestSuite.java:227)
	at org.apache.tools.ant.taskdefs.optional.junit.JUnitTestRunner.run(JUnitTestRunner.java:420)
	at org.apache.tools.ant.taskdefs.optional.junit.JUnitTestRunner.launch(JUnitTestRunner.java:911)
	at org.apache.tools.ant.taskdefs.optional.junit.JUnitTestRunner.main(JUnitTestRunner.java:768)
generate next id from the idGenerator:upload_type_id_seq
com.topcoder.util.config.UnknownNamespaceException: com.topcoder.util.log is unknown
	at com.topcoder.util.config.DefaultConfigManager.getPropertyObject(DefaultConfigManager.java:429)
	at com.topcoder.util.config.DefaultConfigManager.getString(DefaultConfigManager.java:449)
	at com.topcoder.util.log.LogFactory.getAttribute(LogFactory.java:224)
	at com.topcoder.util.log.basic.BasicLog.log(BasicLog.java:74)
	at com.topcoder.management.deliverable.PersistenceUploadManager.createUploadStatus(PersistenceUploadManager.java:541)
	at com.topcoder.management.deliverable.accuracytests.PersistenceUploadManagerAccuracyTests.createUpload(PersistenceUploadManagerAccuracyTests.java:953)
	at com.topcoder.management.deliverable.accuracytests.PersistenceUploadManagerAccuracyTests.createSubmission(PersistenceUploadManagerAccuracyTests.java:973)
	at com.topcoder.management.deliverable.accuracytests.PersistenceUploadManagerAccuracyTests.testRemoveSubmission(PersistenceUploadManagerAccuracyTests.java:610)
	at sun.reflect.NativeMethodAccessorImpl.invoke0(Native Method)
	at sun.reflect.NativeMethodAccessorImpl.invoke(NativeMethodAccessorImpl.java:57)
	at sun.reflect.DelegatingMethodAccessorImpl.invoke(DelegatingMethodAccessorImpl.java:43)
	at java.lang.reflect.Method.invoke(Method.java:616)
	at junit.framework.TestCase.runTest(TestCase.java:168)
	at junit.framework.TestCase.runBare(TestCase.java:134)
	at junit.framework.TestResult$1.protect(TestResult.java:110)
	at junit.framework.TestResult.runProtected(TestResult.java:128)
	at junit.framework.TestResult.run(TestResult.java:113)
	at junit.framework.TestCase.run(TestCase.java:124)
	at junit.framework.TestSuite.runTest(TestSuite.java:232)
	at junit.framework.TestSuite.run(TestSuite.java:227)
	at junit.framework.TestSuite.runTest(TestSuite.java:232)
	at junit.framework.TestSuite.run(TestSuite.java:227)
	at junit.framework.TestSuite.runTest(TestSuite.java:232)
	at junit.framework.TestSuite.run(TestSuite.java:227)
	at org.apache.tools.ant.taskdefs.optional.junit.JUnitTestRunner.run(JUnitTestRunner.java:420)
	at org.apache.tools.ant.taskdefs.optional.junit.JUnitTestRunner.launch(JUnitTestRunner.java:911)
	at org.apache.tools.ant.taskdefs.optional.junit.JUnitTestRunner.main(JUnitTestRunner.java:768)
type: UploadStatus id: Unknown operator:someone - create new UploadStatus.
com.topcoder.util.config.UnknownNamespaceException: com.topcoder.util.log is unknown
	at com.topcoder.util.config.DefaultConfigManager.getPropertyObject(DefaultConfigManager.java:429)
	at com.topcoder.util.config.DefaultConfigManager.getString(DefaultConfigManager.java:449)
	at com.topcoder.util.log.LogFactory.getAttribute(LogFactory.java:224)
	at com.topcoder.util.log.basic.BasicLog.log(BasicLog.java:74)
	at com.topcoder.management.deliverable.PersistenceUploadManager.persistenceUploadManagerHelper(PersistenceUploadManager.java:966)
	at com.topcoder.management.deliverable.PersistenceUploadManager.createUploadStatus(PersistenceUploadManager.java:542)
	at com.topcoder.management.deliverable.accuracytests.PersistenceUploadManagerAccuracyTests.createUpload(PersistenceUploadManagerAccuracyTests.java:953)
	at com.topcoder.management.deliverable.accuracytests.PersistenceUploadManagerAccuracyTests.createSubmission(PersistenceUploadManagerAccuracyTests.java:973)
	at com.topcoder.management.deliverable.accuracytests.PersistenceUploadManagerAccuracyTests.testRemoveSubmission(PersistenceUploadManagerAccuracyTests.java:610)
	at sun.reflect.NativeMethodAccessorImpl.invoke0(Native Method)
	at sun.reflect.NativeMethodAccessorImpl.invoke(NativeMethodAccessorImpl.java:57)
	at sun.reflect.DelegatingMethodAccessorImpl.invoke(DelegatingMethodAccessorImpl.java:43)
	at java.lang.reflect.Method.invoke(Method.java:616)
	at junit.framework.TestCase.runTest(TestCase.java:168)
	at junit.framework.TestCase.runBare(TestCase.java:134)
	at junit.framework.TestResult$1.protect(TestResult.java:110)
	at junit.framework.TestResult.runProtected(TestResult.java:128)
	at junit.framework.TestResult.run(TestResult.java:113)
	at junit.framework.TestCase.run(TestCase.java:124)
	at junit.framework.TestSuite.runTest(TestSuite.java:232)
	at junit.framework.TestSuite.run(TestSuite.java:227)
	at junit.framework.TestSuite.runTest(TestSuite.java:232)
	at junit.framework.TestSuite.run(TestSuite.java:227)
	at junit.framework.TestSuite.runTest(TestSuite.java:232)
	at junit.framework.TestSuite.run(TestSuite.java:227)
	at org.apache.tools.ant.taskdefs.optional.junit.JUnitTestRunner.run(JUnitTestRunner.java:420)
	at org.apache.tools.ant.taskdefs.optional.junit.JUnitTestRunner.launch(JUnitTestRunner.java:911)
	at org.apache.tools.ant.taskdefs.optional.junit.JUnitTestRunner.main(JUnitTestRunner.java:768)
generate next id from the idGenerator:upload_status_id_seq
com.topcoder.util.config.UnknownNamespaceException: com.topcoder.util.log is unknown
	at com.topcoder.util.config.DefaultConfigManager.getPropertyObject(DefaultConfigManager.java:429)
	at com.topcoder.util.config.DefaultConfigManager.getString(DefaultConfigManager.java:449)
	at com.topcoder.util.log.LogFactory.getAttribute(LogFactory.java:224)
	at com.topcoder.util.log.basic.BasicLog.log(BasicLog.java:74)
	at com.topcoder.management.deliverable.PersistenceUploadManager.createUpload(PersistenceUploadManager.java:335)
	at com.topcoder.management.deliverable.accuracytests.PersistenceUploadManagerAccuracyTests.createSubmission(PersistenceUploadManagerAccuracyTests.java:974)
	at com.topcoder.management.deliverable.accuracytests.PersistenceUploadManagerAccuracyTests.testRemoveSubmission(PersistenceUploadManagerAccuracyTests.java:610)
	at sun.reflect.NativeMethodAccessorImpl.invoke0(Native Method)
	at sun.reflect.NativeMethodAccessorImpl.invoke(NativeMethodAccessorImpl.java:57)
	at sun.reflect.DelegatingMethodAccessorImpl.invoke(DelegatingMethodAccessorImpl.java:43)
	at java.lang.reflect.Method.invoke(Method.java:616)
	at junit.framework.TestCase.runTest(TestCase.java:168)
	at junit.framework.TestCase.runBare(TestCase.java:134)
	at junit.framework.TestResult$1.protect(TestResult.java:110)
	at junit.framework.TestResult.runProtected(TestResult.java:128)
	at junit.framework.TestResult.run(TestResult.java:113)
	at junit.framework.TestCase.run(TestCase.java:124)
	at junit.framework.TestSuite.runTest(TestSuite.java:232)
	at junit.framework.TestSuite.run(TestSuite.java:227)
	at junit.framework.TestSuite.runTest(TestSuite.java:232)
	at junit.framework.TestSuite.run(TestSuite.java:227)
	at junit.framework.TestSuite.runTest(TestSuite.java:232)
	at junit.framework.TestSuite.run(TestSuite.java:227)
	at org.apache.tools.ant.taskdefs.optional.junit.JUnitTestRunner.run(JUnitTestRunner.java:420)
	at org.apache.tools.ant.taskdefs.optional.junit.JUnitTestRunner.launch(JUnitTestRunner.java:911)
	at org.apache.tools.ant.taskdefs.optional.junit.JUnitTestRunner.main(JUnitTestRunner.java:768)
type: Upload id: Unknown operator:someone - Create new Upload.
com.topcoder.util.config.UnknownNamespaceException: com.topcoder.util.log is unknown
	at com.topcoder.util.config.DefaultConfigManager.getPropertyObject(DefaultConfigManager.java:429)
	at com.topcoder.util.config.DefaultConfigManager.getString(DefaultConfigManager.java:449)
	at com.topcoder.util.log.LogFactory.getAttribute(LogFactory.java:224)
	at com.topcoder.util.log.basic.BasicLog.log(BasicLog.java:74)
	at com.topcoder.management.deliverable.PersistenceUploadManager.persistenceUploadManagerHelper(PersistenceUploadManager.java:966)
	at com.topcoder.management.deliverable.PersistenceUploadManager.createUpload(PersistenceUploadManager.java:336)
	at com.topcoder.management.deliverable.accuracytests.PersistenceUploadManagerAccuracyTests.createSubmission(PersistenceUploadManagerAccuracyTests.java:974)
	at com.topcoder.management.deliverable.accuracytests.PersistenceUploadManagerAccuracyTests.testRemoveSubmission(PersistenceUploadManagerAccuracyTests.java:610)
	at sun.reflect.NativeMethodAccessorImpl.invoke0(Native Method)
	at sun.reflect.NativeMethodAccessorImpl.invoke(NativeMethodAccessorImpl.java:57)
	at sun.reflect.DelegatingMethodAccessorImpl.invoke(DelegatingMethodAccessorImpl.java:43)
	at java.lang.reflect.Method.invoke(Method.java:616)
	at junit.framework.TestCase.runTest(TestCase.java:168)
	at junit.framework.TestCase.runBare(TestCase.java:134)
	at junit.framework.TestResult$1.protect(TestResult.java:110)
	at junit.framework.TestResult.runProtected(TestResult.java:128)
	at junit.framework.TestResult.run(TestResult.java:113)
	at junit.framework.TestCase.run(TestCase.java:124)
	at junit.framework.TestSuite.runTest(TestSuite.java:232)
	at junit.framework.TestSuite.run(TestSuite.java:227)
	at junit.framework.TestSuite.runTest(TestSuite.java:232)
	at junit.framework.TestSuite.run(TestSuite.java:227)
	at junit.framework.TestSuite.runTest(TestSuite.java:232)
	at junit.framework.TestSuite.run(TestSuite.java:227)
	at org.apache.tools.ant.taskdefs.optional.junit.JUnitTestRunner.run(JUnitTestRunner.java:420)
	at org.apache.tools.ant.taskdefs.optional.junit.JUnitTestRunner.launch(JUnitTestRunner.java:911)
	at org.apache.tools.ant.taskdefs.optional.junit.JUnitTestRunner.main(JUnitTestRunner.java:768)
generate next id from the idGenerator:upload_id_seq
com.topcoder.util.config.UnknownNamespaceException: com.topcoder.util.log is unknown
	at com.topcoder.util.config.DefaultConfigManager.getPropertyObject(DefaultConfigManager.java:429)
	at com.topcoder.util.config.DefaultConfigManager.getString(DefaultConfigManager.java:449)
	at com.topcoder.util.log.LogFactory.getAttribute(LogFactory.java:224)
	at com.topcoder.util.log.basic.BasicLog.log(BasicLog.java:74)
	at com.topcoder.management.deliverable.PersistenceUploadManager.createSubmissionStatus(PersistenceUploadManager.java:748)
	at com.topcoder.management.deliverable.accuracytests.PersistenceUploadManagerAccuracyTests.createSubmission(PersistenceUploadManagerAccuracyTests.java:979)
	at com.topcoder.management.deliverable.accuracytests.PersistenceUploadManagerAccuracyTests.testRemoveSubmission(PersistenceUploadManagerAccuracyTests.java:610)
	at sun.reflect.NativeMethodAccessorImpl.invoke0(Native Method)
	at sun.reflect.NativeMethodAccessorImpl.invoke(NativeMethodAccessorImpl.java:57)
	at sun.reflect.DelegatingMethodAccessorImpl.invoke(DelegatingMethodAccessorImpl.java:43)
	at java.lang.reflect.Method.invoke(Method.java:616)
	at junit.framework.TestCase.runTest(TestCase.java:168)
	at junit.framework.TestCase.runBare(TestCase.java:134)
	at junit.framework.TestResult$1.protect(TestResult.java:110)
	at junit.framework.TestResult.runProtected(TestResult.java:128)
	at junit.framework.TestResult.run(TestResult.java:113)
	at junit.framework.TestCase.run(TestCase.java:124)
	at junit.framework.TestSuite.runTest(TestSuite.java:232)
	at junit.framework.TestSuite.run(TestSuite.java:227)
	at junit.framework.TestSuite.runTest(TestSuite.java:232)
	at junit.framework.TestSuite.run(TestSuite.java:227)
	at junit.framework.TestSuite.runTest(TestSuite.java:232)
	at junit.framework.TestSuite.run(TestSuite.java:227)
	at org.apache.tools.ant.taskdefs.optional.junit.JUnitTestRunner.run(JUnitTestRunner.java:420)
	at org.apache.tools.ant.taskdefs.optional.junit.JUnitTestRunner.launch(JUnitTestRunner.java:911)
	at org.apache.tools.ant.taskdefs.optional.junit.JUnitTestRunner.main(JUnitTestRunner.java:768)
type: SubmissionStatus id: Unknown operator:someone - create new SubmissionStatus.
com.topcoder.util.config.UnknownNamespaceException: com.topcoder.util.log is unknown
	at com.topcoder.util.config.DefaultConfigManager.getPropertyObject(DefaultConfigManager.java:429)
	at com.topcoder.util.config.DefaultConfigManager.getString(DefaultConfigManager.java:449)
	at com.topcoder.util.log.LogFactory.getAttribute(LogFactory.java:224)
	at com.topcoder.util.log.basic.BasicLog.log(BasicLog.java:74)
	at com.topcoder.management.deliverable.PersistenceUploadManager.persistenceUploadManagerHelper(PersistenceUploadManager.java:966)
	at com.topcoder.management.deliverable.PersistenceUploadManager.createSubmissionStatus(PersistenceUploadManager.java:749)
	at com.topcoder.management.deliverable.accuracytests.PersistenceUploadManagerAccuracyTests.createSubmission(PersistenceUploadManagerAccuracyTests.java:979)
	at com.topcoder.management.deliverable.accuracytests.PersistenceUploadManagerAccuracyTests.testRemoveSubmission(PersistenceUploadManagerAccuracyTests.java:610)
	at sun.reflect.NativeMethodAccessorImpl.invoke0(Native Method)
	at sun.reflect.NativeMethodAccessorImpl.invoke(NativeMethodAccessorImpl.java:57)
	at sun.reflect.DelegatingMethodAccessorImpl.invoke(DelegatingMethodAccessorImpl.java:43)
	at java.lang.reflect.Method.invoke(Method.java:616)
	at junit.framework.TestCase.runTest(TestCase.java:168)
	at junit.framework.TestCase.runBare(TestCase.java:134)
	at junit.framework.TestResult$1.protect(TestResult.java:110)
	at junit.framework.TestResult.runProtected(TestResult.java:128)
	at junit.framework.TestResult.run(TestResult.java:113)
	at junit.framework.TestCase.run(TestCase.java:124)
	at junit.framework.TestSuite.runTest(TestSuite.java:232)
	at junit.framework.TestSuite.run(TestSuite.java:227)
	at junit.framework.TestSuite.runTest(TestSuite.java:232)
	at junit.framework.TestSuite.run(TestSuite.java:227)
	at junit.framework.TestSuite.runTest(TestSuite.java:232)
	at junit.framework.TestSuite.run(TestSuite.java:227)
	at org.apache.tools.ant.taskdefs.optional.junit.JUnitTestRunner.run(JUnitTestRunner.java:420)
	at org.apache.tools.ant.taskdefs.optional.junit.JUnitTestRunner.launch(JUnitTestRunner.java:911)
	at org.apache.tools.ant.taskdefs.optional.junit.JUnitTestRunner.main(JUnitTestRunner.java:768)
generate next id from the idGenerator:submission_status_id_seq
com.topcoder.util.config.UnknownNamespaceException: com.topcoder.util.log is unknown
	at com.topcoder.util.config.DefaultConfigManager.getPropertyObject(DefaultConfigManager.java:429)
	at com.topcoder.util.config.DefaultConfigManager.getString(DefaultConfigManager.java:449)
	at com.topcoder.util.log.LogFactory.getAttribute(LogFactory.java:224)
	at com.topcoder.util.log.basic.BasicLog.log(BasicLog.java:74)
	at com.topcoder.management.deliverable.PersistenceUploadManager.createSubmissionType(PersistenceUploadManager.java:845)
	at com.topcoder.management.deliverable.accuracytests.PersistenceUploadManagerAccuracyTests.createSubmission(PersistenceUploadManagerAccuracyTests.java:984)
	at com.topcoder.management.deliverable.accuracytests.PersistenceUploadManagerAccuracyTests.testRemoveSubmission(PersistenceUploadManagerAccuracyTests.java:610)
	at sun.reflect.NativeMethodAccessorImpl.invoke0(Native Method)
	at sun.reflect.NativeMethodAccessorImpl.invoke(NativeMethodAccessorImpl.java:57)
	at sun.reflect.DelegatingMethodAccessorImpl.invoke(DelegatingMethodAccessorImpl.java:43)
	at java.lang.reflect.Method.invoke(Method.java:616)
	at junit.framework.TestCase.runTest(TestCase.java:168)
	at junit.framework.TestCase.runBare(TestCase.java:134)
	at junit.framework.TestResult$1.protect(TestResult.java:110)
	at junit.framework.TestResult.runProtected(TestResult.java:128)
	at junit.framework.TestResult.run(TestResult.java:113)
	at junit.framework.TestCase.run(TestCase.java:124)
	at junit.framework.TestSuite.runTest(TestSuite.java:232)
	at junit.framework.TestSuite.run(TestSuite.java:227)
	at junit.framework.TestSuite.runTest(TestSuite.java:232)
	at junit.framework.TestSuite.run(TestSuite.java:227)
	at junit.framework.TestSuite.runTest(TestSuite.java:232)
	at junit.framework.TestSuite.run(TestSuite.java:227)
	at org.apache.tools.ant.taskdefs.optional.junit.JUnitTestRunner.run(JUnitTestRunner.java:420)
	at org.apache.tools.ant.taskdefs.optional.junit.JUnitTestRunner.launch(JUnitTestRunner.java:911)
	at org.apache.tools.ant.taskdefs.optional.junit.JUnitTestRunner.main(JUnitTestRunner.java:768)
type: SubmissionType id: Unknown operator:someone - Create new SubmissionType.
com.topcoder.util.config.UnknownNamespaceException: com.topcoder.util.log is unknown
	at com.topcoder.util.config.DefaultConfigManager.getPropertyObject(DefaultConfigManager.java:429)
	at com.topcoder.util.config.DefaultConfigManager.getString(DefaultConfigManager.java:449)
	at com.topcoder.util.log.LogFactory.getAttribute(LogFactory.java:224)
	at com.topcoder.util.log.basic.BasicLog.log(BasicLog.java:74)
	at com.topcoder.management.deliverable.PersistenceUploadManager.persistenceUploadManagerHelper(PersistenceUploadManager.java:966)
	at com.topcoder.management.deliverable.PersistenceUploadManager.createSubmissionType(PersistenceUploadManager.java:847)
	at com.topcoder.management.deliverable.accuracytests.PersistenceUploadManagerAccuracyTests.createSubmission(PersistenceUploadManagerAccuracyTests.java:984)
	at com.topcoder.management.deliverable.accuracytests.PersistenceUploadManagerAccuracyTests.testRemoveSubmission(PersistenceUploadManagerAccuracyTests.java:610)
	at sun.reflect.NativeMethodAccessorImpl.invoke0(Native Method)
	at sun.reflect.NativeMethodAccessorImpl.invoke(NativeMethodAccessorImpl.java:57)
	at sun.reflect.DelegatingMethodAccessorImpl.invoke(DelegatingMethodAccessorImpl.java:43)
	at java.lang.reflect.Method.invoke(Method.java:616)
	at junit.framework.TestCase.runTest(TestCase.java:168)
	at junit.framework.TestCase.runBare(TestCase.java:134)
	at junit.framework.TestResult$1.protect(TestResult.java:110)
	at junit.framework.TestResult.runProtected(TestResult.java:128)
	at junit.framework.TestResult.run(TestResult.java:113)
	at junit.framework.TestCase.run(TestCase.java:124)
	at junit.framework.TestSuite.runTest(TestSuite.java:232)
	at junit.framework.TestSuite.run(TestSuite.java:227)
	at junit.framework.TestSuite.runTest(TestSuite.java:232)
	at junit.framework.TestSuite.run(TestSuite.java:227)
	at junit.framework.TestSuite.runTest(TestSuite.java:232)
	at junit.framework.TestSuite.run(TestSuite.java:227)
	at org.apache.tools.ant.taskdefs.optional.junit.JUnitTestRunner.run(JUnitTestRunner.java:420)
	at org.apache.tools.ant.taskdefs.optional.junit.JUnitTestRunner.launch(JUnitTestRunner.java:911)
	at org.apache.tools.ant.taskdefs.optional.junit.JUnitTestRunner.main(JUnitTestRunner.java:768)
generate next id from the idGenerator:submission_type_id_seq
com.topcoder.util.config.UnknownNamespaceException: com.topcoder.util.log is unknown
	at com.topcoder.util.config.DefaultConfigManager.getPropertyObject(DefaultConfigManager.java:429)
	at com.topcoder.util.config.DefaultConfigManager.getString(DefaultConfigManager.java:449)
	at com.topcoder.util.log.LogFactory.getAttribute(LogFactory.java:224)
	at com.topcoder.util.log.basic.BasicLog.log(BasicLog.java:74)
	at com.topcoder.management.deliverable.PersistenceUploadManager.createSubmission(PersistenceUploadManager.java:631)
	at com.topcoder.management.deliverable.accuracytests.PersistenceUploadManagerAccuracyTests.testRemoveSubmission(PersistenceUploadManagerAccuracyTests.java:611)
	at sun.reflect.NativeMethodAccessorImpl.invoke0(Native Method)
	at sun.reflect.NativeMethodAccessorImpl.invoke(NativeMethodAccessorImpl.java:57)
	at sun.reflect.DelegatingMethodAccessorImpl.invoke(DelegatingMethodAccessorImpl.java:43)
	at java.lang.reflect.Method.invoke(Method.java:616)
	at junit.framework.TestCase.runTest(TestCase.java:168)
	at junit.framework.TestCase.runBare(TestCase.java:134)
	at junit.framework.TestResult$1.protect(TestResult.java:110)
	at junit.framework.TestResult.runProtected(TestResult.java:128)
	at junit.framework.TestResult.run(TestResult.java:113)
	at junit.framework.TestCase.run(TestCase.java:124)
	at junit.framework.TestSuite.runTest(TestSuite.java:232)
	at junit.framework.TestSuite.run(TestSuite.java:227)
	at junit.framework.TestSuite.runTest(TestSuite.java:232)
	at junit.framework.TestSuite.run(TestSuite.java:227)
	at junit.framework.TestSuite.runTest(TestSuite.java:232)
	at junit.framework.TestSuite.run(TestSuite.java:227)
	at org.apache.tools.ant.taskdefs.optional.junit.JUnitTestRunner.run(JUnitTestRunner.java:420)
	at org.apache.tools.ant.taskdefs.optional.junit.JUnitTestRunner.launch(JUnitTestRunner.java:911)
	at org.apache.tools.ant.taskdefs.optional.junit.JUnitTestRunner.main(JUnitTestRunner.java:768)
type: Submission id: Unknown operator:user - create new Submission.
com.topcoder.util.config.UnknownNamespaceException: com.topcoder.util.log is unknown
	at com.topcoder.util.config.DefaultConfigManager.getPropertyObject(DefaultConfigManager.java:429)
	at com.topcoder.util.config.DefaultConfigManager.getString(DefaultConfigManager.java:449)
	at com.topcoder.util.log.LogFactory.getAttribute(LogFactory.java:224)
	at com.topcoder.util.log.basic.BasicLog.log(BasicLog.java:74)
	at com.topcoder.management.deliverable.PersistenceUploadManager.persistenceUploadManagerHelper(PersistenceUploadManager.java:966)
	at com.topcoder.management.deliverable.PersistenceUploadManager.createSubmission(PersistenceUploadManager.java:632)
	at com.topcoder.management.deliverable.accuracytests.PersistenceUploadManagerAccuracyTests.testRemoveSubmission(PersistenceUploadManagerAccuracyTests.java:611)
	at sun.reflect.NativeMethodAccessorImpl.invoke0(Native Method)
	at sun.reflect.NativeMethodAccessorImpl.invoke(NativeMethodAccessorImpl.java:57)
	at sun.reflect.DelegatingMethodAccessorImpl.invoke(DelegatingMethodAccessorImpl.java:43)
	at java.lang.reflect.Method.invoke(Method.java:616)
	at junit.framework.TestCase.runTest(TestCase.java:168)
	at junit.framework.TestCase.runBare(TestCase.java:134)
	at junit.framework.TestResult$1.protect(TestResult.java:110)
	at junit.framework.TestResult.runProtected(TestResult.java:128)
	at junit.framework.TestResult.run(TestResult.java:113)
	at junit.framework.TestCase.run(TestCase.java:124)
	at junit.framework.TestSuite.runTest(TestSuite.java:232)
	at junit.framework.TestSuite.run(TestSuite.java:227)
	at junit.framework.TestSuite.runTest(TestSuite.java:232)
	at junit.framework.TestSuite.run(TestSuite.java:227)
	at junit.framework.TestSuite.runTest(TestSuite.java:232)
	at junit.framework.TestSuite.run(TestSuite.java:227)
	at org.apache.tools.ant.taskdefs.optional.junit.JUnitTestRunner.run(JUnitTestRunner.java:420)
	at org.apache.tools.ant.taskdefs.optional.junit.JUnitTestRunner.launch(JUnitTestRunner.java:911)
	at org.apache.tools.ant.taskdefs.optional.junit.JUnitTestRunner.main(JUnitTestRunner.java:768)
generate next id from the idGenerator:submission_id_seq
com.topcoder.util.config.UnknownNamespaceException: com.topcoder.util.log is unknown
	at com.topcoder.util.config.DefaultConfigManager.getPropertyObject(DefaultConfigManager.java:429)
	at com.topcoder.util.config.DefaultConfigManager.getString(DefaultConfigManager.java:449)
	at com.topcoder.util.log.LogFactory.getAttribute(LogFactory.java:224)
	at com.topcoder.util.log.basic.BasicLog.log(BasicLog.java:74)
	at com.topcoder.management.deliverable.PersistenceUploadManager.removeSubmission(PersistenceUploadManager.java:684)
	at com.topcoder.management.deliverable.accuracytests.PersistenceUploadManagerAccuracyTests.testRemoveSubmission(PersistenceUploadManagerAccuracyTests.java:615)
	at sun.reflect.NativeMethodAccessorImpl.invoke0(Native Method)
	at sun.reflect.NativeMethodAccessorImpl.invoke(NativeMethodAccessorImpl.java:57)
	at sun.reflect.DelegatingMethodAccessorImpl.invoke(DelegatingMethodAccessorImpl.java:43)
	at java.lang.reflect.Method.invoke(Method.java:616)
	at junit.framework.TestCase.runTest(TestCase.java:168)
	at junit.framework.TestCase.runBare(TestCase.java:134)
	at junit.framework.TestResult$1.protect(TestResult.java:110)
	at junit.framework.TestResult.runProtected(TestResult.java:128)
	at junit.framework.TestResult.run(TestResult.java:113)
	at junit.framework.TestCase.run(TestCase.java:124)
	at junit.framework.TestSuite.runTest(TestSuite.java:232)
	at junit.framework.TestSuite.run(TestSuite.java:227)
	at junit.framework.TestSuite.runTest(TestSuite.java:232)
	at junit.framework.TestSuite.run(TestSuite.java:227)
	at junit.framework.TestSuite.runTest(TestSuite.java:232)
	at junit.framework.TestSuite.run(TestSuite.java:227)
	at org.apache.tools.ant.taskdefs.optional.junit.JUnitTestRunner.run(JUnitTestRunner.java:420)
	at org.apache.tools.ant.taskdefs.optional.junit.JUnitTestRunner.launch(JUnitTestRunner.java:911)
	at org.apache.tools.ant.taskdefs.optional.junit.JUnitTestRunner.main(JUnitTestRunner.java:768)
type: Submission id: 5 operator:modification - remove Submission.
com.topcoder.util.config.UnknownNamespaceException: com.topcoder.util.log is unknown
	at com.topcoder.util.config.DefaultConfigManager.getPropertyObject(DefaultConfigManager.java:429)
	at com.topcoder.util.config.DefaultConfigManager.getString(DefaultConfigManager.java:449)
	at com.topcoder.util.log.LogFactory.getAttribute(LogFactory.java:224)
	at com.topcoder.util.log.basic.BasicLog.log(BasicLog.java:74)
	at com.topcoder.management.deliverable.PersistenceUploadManager.<init>(PersistenceUploadManager.java:260)
	at com.topcoder.management.deliverable.PersistenceUploadManager.<init>(PersistenceUploadManager.java:306)
	at com.topcoder.management.deliverable.accuracytests.PersistenceUploadManagerAccuracyTests.setUp(PersistenceUploadManagerAccuracyTests.java:73)
	at junit.framework.TestCase.runBare(TestCase.java:132)
	at junit.framework.TestResult$1.protect(TestResult.java:110)
	at junit.framework.TestResult.runProtected(TestResult.java:128)
	at junit.framework.TestResult.run(TestResult.java:113)
	at junit.framework.TestCase.run(TestCase.java:124)
	at junit.framework.TestSuite.runTest(TestSuite.java:232)
	at junit.framework.TestSuite.run(TestSuite.java:227)
	at junit.framework.TestSuite.runTest(TestSuite.java:232)
	at junit.framework.TestSuite.run(TestSuite.java:227)
	at junit.framework.TestSuite.runTest(TestSuite.java:232)
	at junit.framework.TestSuite.run(TestSuite.java:227)
	at org.apache.tools.ant.taskdefs.optional.junit.JUnitTestRunner.run(JUnitTestRunner.java:420)
	at org.apache.tools.ant.taskdefs.optional.junit.JUnitTestRunner.launch(JUnitTestRunner.java:911)
	at org.apache.tools.ant.taskdefs.optional.junit.JUnitTestRunner.main(JUnitTestRunner.java:768)
Instantiate PersistenceUploadManager with UploadPersistence, uploadSearchBundle, submissionSearchBundle, uploadIdGenerator, uploadTypeIdGenerator, uploadStatusIdGenerator, submissionIDGenerator and submissionStatusIdGenerator.
com.topcoder.util.config.UnknownNamespaceException: com.topcoder.util.log is unknown
	at com.topcoder.util.config.DefaultConfigManager.getPropertyObject(DefaultConfigManager.java:429)
	at com.topcoder.util.config.DefaultConfigManager.getString(DefaultConfigManager.java:449)
	at com.topcoder.util.log.LogFactory.getAttribute(LogFactory.java:224)
	at com.topcoder.util.log.basic.BasicLog.log(BasicLog.java:74)
	at com.topcoder.management.deliverable.PersistenceUploadManager.getSubmission(PersistenceUploadManager.java:702)
	at com.topcoder.management.deliverable.accuracytests.PersistenceUploadManagerAccuracyTests.testGetSubmission(PersistenceUploadManagerAccuracyTests.java:632)
	at sun.reflect.NativeMethodAccessorImpl.invoke0(Native Method)
	at sun.reflect.NativeMethodAccessorImpl.invoke(NativeMethodAccessorImpl.java:57)
	at sun.reflect.DelegatingMethodAccessorImpl.invoke(DelegatingMethodAccessorImpl.java:43)
	at java.lang.reflect.Method.invoke(Method.java:616)
	at junit.framework.TestCase.runTest(TestCase.java:168)
	at junit.framework.TestCase.runBare(TestCase.java:134)
	at junit.framework.TestResult$1.protect(TestResult.java:110)
	at junit.framework.TestResult.runProtected(TestResult.java:128)
	at junit.framework.TestResult.run(TestResult.java:113)
	at junit.framework.TestCase.run(TestCase.java:124)
	at junit.framework.TestSuite.runTest(TestSuite.java:232)
	at junit.framework.TestSuite.run(TestSuite.java:227)
	at junit.framework.TestSuite.runTest(TestSuite.java:232)
	at junit.framework.TestSuite.run(TestSuite.java:227)
	at junit.framework.TestSuite.runTest(TestSuite.java:232)
	at junit.framework.TestSuite.run(TestSuite.java:227)
	at org.apache.tools.ant.taskdefs.optional.junit.JUnitTestRunner.run(JUnitTestRunner.java:420)
	at org.apache.tools.ant.taskdefs.optional.junit.JUnitTestRunner.launch(JUnitTestRunner.java:911)
	at org.apache.tools.ant.taskdefs.optional.junit.JUnitTestRunner.main(JUnitTestRunner.java:768)
type: Submission id: 64 operator:Unknown - Retrieve Submission, delegate to persistence.
com.topcoder.util.config.UnknownNamespaceException: com.topcoder.util.log is unknown
	at com.topcoder.util.config.DefaultConfigManager.getPropertyObject(DefaultConfigManager.java:429)
	at com.topcoder.util.config.DefaultConfigManager.getString(DefaultConfigManager.java:449)
	at com.topcoder.util.log.LogFactory.getAttribute(LogFactory.java:224)
	at com.topcoder.util.log.basic.BasicLog.log(BasicLog.java:74)
	at com.topcoder.management.deliverable.stresstests.StressTestPersistenceUploadManager.setUp(StressTestPersistenceUploadManager.java:71)
	at junit.framework.TestCase.runBare(TestCase.java:132)
	at junit.framework.TestResult$1.protect(TestResult.java:110)
	at junit.framework.TestResult.runProtected(TestResult.java:128)
	at junit.framework.TestResult.run(TestResult.java:113)
	at junit.framework.TestCase.run(TestCase.java:124)
	at junit.framework.TestSuite.runTest(TestSuite.java:232)
	at junit.framework.TestSuite.run(TestSuite.java:227)
	at junit.framework.TestSuite.runTest(TestSuite.java:232)
	at junit.framework.TestSuite.run(TestSuite.java:227)
	at junit.framework.TestSuite.runTest(TestSuite.java:232)
	at junit.framework.TestSuite.run(TestSuite.java:227)
	at org.apache.tools.ant.taskdefs.optional.junit.JUnitTestRunner.run(JUnitTestRunner.java:420)
	at org.apache.tools.ant.taskdefs.optional.junit.JUnitTestRunner.launch(JUnitTestRunner.java:911)
	at org.apache.tools.ant.taskdefs.optional.junit.JUnitTestRunner.main(JUnitTestRunner.java:768)
StressTestPersistenceUploadManager - setUp - start
An error occurred while trying to retrieve the com.topcoder.management.deliverable.persistence.sql.MyUploadPersistence log:
com.topcoder.util.log.LogException: com.topcoder.util.config.UnknownNamespaceException: com.topcoder.util.log is unknown
	at com.topcoder.util.log.LogFactory.getLogWithExceptions(LogFactory.java:392)
	at com.topcoder.util.log.LogFactory.getLog(LogFactory.java:294)
	at com.topcoder.management.deliverable.persistence.sql.MyUploadPersistence.<clinit>(MyUploadPersistence.java:43)
	at com.topcoder.management.deliverable.stresstests.StressTestPersistenceUploadManager.setUp(StressTestPersistenceUploadManager.java:85)
	at junit.framework.TestCase.runBare(TestCase.java:132)
	at junit.framework.TestResult$1.protect(TestResult.java:110)
	at junit.framework.TestResult.runProtected(TestResult.java:128)
	at junit.framework.TestResult.run(TestResult.java:113)
	at junit.framework.TestCase.run(TestCase.java:124)
	at junit.framework.TestSuite.runTest(TestSuite.java:232)
	at junit.framework.TestSuite.run(TestSuite.java:227)
	at junit.framework.TestSuite.runTest(TestSuite.java:232)
	at junit.framework.TestSuite.run(TestSuite.java:227)
	at junit.framework.TestSuite.runTest(TestSuite.java:232)
	at junit.framework.TestSuite.run(TestSuite.java:227)
	at org.apache.tools.ant.taskdefs.optional.junit.JUnitTestRunner.run(JUnitTestRunner.java:420)
	at org.apache.tools.ant.taskdefs.optional.junit.JUnitTestRunner.launch(JUnitTestRunner.java:911)
	at org.apache.tools.ant.taskdefs.optional.junit.JUnitTestRunner.main(JUnitTestRunner.java:768)
Caused by: com.topcoder.util.config.UnknownNamespaceException: com.topcoder.util.log is unknown
	at com.topcoder.util.config.DefaultConfigManager.getPropertyObject(DefaultConfigManager.java:429)
	at com.topcoder.util.config.DefaultConfigManager.getString(DefaultConfigManager.java:449)
	at com.topcoder.util.log.LogFactory.getLogWithExceptions(LogFactory.java:381)
	... 17 more
The basic console logger will be used instead.
com.topcoder.util.config.UnknownNamespaceException: com.topcoder.util.log is unknown
	at com.topcoder.util.config.DefaultConfigManager.getPropertyObject(DefaultConfigManager.java:429)
	at com.topcoder.util.config.DefaultConfigManager.getString(DefaultConfigManager.java:449)
	at com.topcoder.util.log.LogFactory.getAttribute(LogFactory.java:224)
	at com.topcoder.util.log.basic.BasicLog.log(BasicLog.java:74)
	at com.topcoder.management.deliverable.PersistenceUploadManager.<init>(PersistenceUploadManager.java:260)
	at com.topcoder.management.deliverable.PersistenceUploadManager.<init>(PersistenceUploadManager.java:306)
	at com.topcoder.management.deliverable.stresstests.StressTestPersistenceUploadManager.setUp(StressTestPersistenceUploadManager.java:109)
	at junit.framework.TestCase.runBare(TestCase.java:132)
	at junit.framework.TestResult$1.protect(TestResult.java:110)
	at junit.framework.TestResult.runProtected(TestResult.java:128)
	at junit.framework.TestResult.run(TestResult.java:113)
	at junit.framework.TestCase.run(TestCase.java:124)
	at junit.framework.TestSuite.runTest(TestSuite.java:232)
	at junit.framework.TestSuite.run(TestSuite.java:227)
	at junit.framework.TestSuite.runTest(TestSuite.java:232)
	at junit.framework.TestSuite.run(TestSuite.java:227)
	at junit.framework.TestSuite.runTest(TestSuite.java:232)
	at junit.framework.TestSuite.run(TestSuite.java:227)
	at org.apache.tools.ant.taskdefs.optional.junit.JUnitTestRunner.run(JUnitTestRunner.java:420)
	at org.apache.tools.ant.taskdefs.optional.junit.JUnitTestRunner.launch(JUnitTestRunner.java:911)
	at org.apache.tools.ant.taskdefs.optional.junit.JUnitTestRunner.main(JUnitTestRunner.java:768)
Instantiate PersistenceUploadManager with UploadPersistence, uploadSearchBundle, submissionSearchBundle, uploadIdGenerator, uploadTypeIdGenerator, uploadStatusIdGenerator, submissionIDGenerator and submissionStatusIdGenerator.
com.topcoder.util.config.UnknownNamespaceException: com.topcoder.util.log is unknown
	at com.topcoder.util.config.DefaultConfigManager.getPropertyObject(DefaultConfigManager.java:429)
	at com.topcoder.util.config.DefaultConfigManager.getString(DefaultConfigManager.java:449)
	at com.topcoder.util.log.LogFactory.getAttribute(LogFactory.java:224)
	at com.topcoder.util.log.basic.BasicLog.log(BasicLog.java:74)
	at com.topcoder.management.deliverable.stresstests.StressTestPersistenceUploadManager.setUp(StressTestPersistenceUploadManager.java:111)
	at junit.framework.TestCase.runBare(TestCase.java:132)
	at junit.framework.TestResult$1.protect(TestResult.java:110)
	at junit.framework.TestResult.runProtected(TestResult.java:128)
	at junit.framework.TestResult.run(TestResult.java:113)
	at junit.framework.TestCase.run(TestCase.java:124)
	at junit.framework.TestSuite.runTest(TestSuite.java:232)
	at junit.framework.TestSuite.run(TestSuite.java:227)
	at junit.framework.TestSuite.runTest(TestSuite.java:232)
	at junit.framework.TestSuite.run(TestSuite.java:227)
	at junit.framework.TestSuite.runTest(TestSuite.java:232)
	at junit.framework.TestSuite.run(TestSuite.java:227)
	at org.apache.tools.ant.taskdefs.optional.junit.JUnitTestRunner.run(JUnitTestRunner.java:420)
	at org.apache.tools.ant.taskdefs.optional.junit.JUnitTestRunner.launch(JUnitTestRunner.java:911)
	at org.apache.tools.ant.taskdefs.optional.junit.JUnitTestRunner.main(JUnitTestRunner.java:768)
StressTestPersistenceUploadManager - setUp - end
com.topcoder.util.config.UnknownNamespaceException: com.topcoder.util.log is unknown
	at com.topcoder.util.config.DefaultConfigManager.getPropertyObject(DefaultConfigManager.java:429)
	at com.topcoder.util.config.DefaultConfigManager.getString(DefaultConfigManager.java:449)
	at com.topcoder.util.log.LogFactory.getAttribute(LogFactory.java:224)
	at com.topcoder.util.log.basic.BasicLog.log(BasicLog.java:74)
	at com.topcoder.management.deliverable.stresstests.StressTestPersistenceUploadManager.tearDown(StressTestPersistenceUploadManager.java:121)
	at junit.framework.TestCase.runBare(TestCase.java:140)
	at junit.framework.TestResult$1.protect(TestResult.java:110)
	at junit.framework.TestResult.runProtected(TestResult.java:128)
	at junit.framework.TestResult.run(TestResult.java:113)
	at junit.framework.TestCase.run(TestCase.java:124)
	at junit.framework.TestSuite.runTest(TestSuite.java:232)
	at junit.framework.TestSuite.run(TestSuite.java:227)
	at junit.framework.TestSuite.runTest(TestSuite.java:232)
	at junit.framework.TestSuite.run(TestSuite.java:227)
	at junit.framework.TestSuite.runTest(TestSuite.java:232)
	at junit.framework.TestSuite.run(TestSuite.java:227)
	at org.apache.tools.ant.taskdefs.optional.junit.JUnitTestRunner.run(JUnitTestRunner.java:420)
	at org.apache.tools.ant.taskdefs.optional.junit.JUnitTestRunner.launch(JUnitTestRunner.java:911)
	at org.apache.tools.ant.taskdefs.optional.junit.JUnitTestRunner.main(JUnitTestRunner.java:768)
StressTestPersistenceUploadManager - tearDown - start
com.topcoder.util.config.UnknownNamespaceException: com.topcoder.util.log is unknown
	at com.topcoder.util.config.DefaultConfigManager.getPropertyObject(DefaultConfigManager.java:429)
	at com.topcoder.util.config.DefaultConfigManager.getString(DefaultConfigManager.java:449)
	at com.topcoder.util.log.LogFactory.getAttribute(LogFactory.java:224)
	at com.topcoder.util.log.basic.BasicLog.log(BasicLog.java:74)
	at com.topcoder.management.deliverable.stresstests.StressTestPersistenceUploadManager.tearDown(StressTestPersistenceUploadManager.java:126)
	at junit.framework.TestCase.runBare(TestCase.java:140)
	at junit.framework.TestResult$1.protect(TestResult.java:110)
	at junit.framework.TestResult.runProtected(TestResult.java:128)
	at junit.framework.TestResult.run(TestResult.java:113)
	at junit.framework.TestCase.run(TestCase.java:124)
	at junit.framework.TestSuite.runTest(TestSuite.java:232)
	at junit.framework.TestSuite.run(TestSuite.java:227)
	at junit.framework.TestSuite.runTest(TestSuite.java:232)
	at junit.framework.TestSuite.run(TestSuite.java:227)
	at junit.framework.TestSuite.runTest(TestSuite.java:232)
	at junit.framework.TestSuite.run(TestSuite.java:227)
	at org.apache.tools.ant.taskdefs.optional.junit.JUnitTestRunner.run(JUnitTestRunner.java:420)
	at org.apache.tools.ant.taskdefs.optional.junit.JUnitTestRunner.launch(JUnitTestRunner.java:911)
	at org.apache.tools.ant.taskdefs.optional.junit.JUnitTestRunner.main(JUnitTestRunner.java:768)
StressTestPersistenceUploadManager - tearDown - end
com.topcoder.util.config.UnknownNamespaceException: com.topcoder.util.log is unknown
	at com.topcoder.util.config.DefaultConfigManager.getPropertyObject(DefaultConfigManager.java:429)
	at com.topcoder.util.config.DefaultConfigManager.getString(DefaultConfigManager.java:449)
	at com.topcoder.util.log.LogFactory.getAttribute(LogFactory.java:224)
	at com.topcoder.util.log.basic.BasicLog.log(BasicLog.java:74)
	at com.topcoder.management.deliverable.stresstests.StressTestPersistenceUploadManager.setUp(StressTestPersistenceUploadManager.java:71)
	at junit.framework.TestCase.runBare(TestCase.java:132)
	at junit.framework.TestResult$1.protect(TestResult.java:110)
	at junit.framework.TestResult.runProtected(TestResult.java:128)
	at junit.framework.TestResult.run(TestResult.java:113)
	at junit.framework.TestCase.run(TestCase.java:124)
	at junit.framework.TestSuite.runTest(TestSuite.java:232)
	at junit.framework.TestSuite.run(TestSuite.java:227)
	at junit.framework.TestSuite.runTest(TestSuite.java:232)
	at junit.framework.TestSuite.run(TestSuite.java:227)
	at junit.framework.TestSuite.runTest(TestSuite.java:232)
	at junit.framework.TestSuite.run(TestSuite.java:227)
	at org.apache.tools.ant.taskdefs.optional.junit.JUnitTestRunner.run(JUnitTestRunner.java:420)
	at org.apache.tools.ant.taskdefs.optional.junit.JUnitTestRunner.launch(JUnitTestRunner.java:911)
	at org.apache.tools.ant.taskdefs.optional.junit.JUnitTestRunner.main(JUnitTestRunner.java:768)
StressTestPersistenceUploadManager - setUp - start
com.topcoder.util.config.UnknownNamespaceException: com.topcoder.util.log is unknown
	at com.topcoder.util.config.DefaultConfigManager.getPropertyObject(DefaultConfigManager.java:429)
	at com.topcoder.util.config.DefaultConfigManager.getString(DefaultConfigManager.java:449)
	at com.topcoder.util.log.LogFactory.getAttribute(LogFactory.java:224)
	at com.topcoder.util.log.basic.BasicLog.log(BasicLog.java:74)
	at com.topcoder.management.deliverable.PersistenceUploadManager.<init>(PersistenceUploadManager.java:260)
	at com.topcoder.management.deliverable.PersistenceUploadManager.<init>(PersistenceUploadManager.java:306)
	at com.topcoder.management.deliverable.stresstests.StressTestPersistenceUploadManager.setUp(StressTestPersistenceUploadManager.java:109)
	at junit.framework.TestCase.runBare(TestCase.java:132)
	at junit.framework.TestResult$1.protect(TestResult.java:110)
	at junit.framework.TestResult.runProtected(TestResult.java:128)
	at junit.framework.TestResult.run(TestResult.java:113)
	at junit.framework.TestCase.run(TestCase.java:124)
	at junit.framework.TestSuite.runTest(TestSuite.java:232)
	at junit.framework.TestSuite.run(TestSuite.java:227)
	at junit.framework.TestSuite.runTest(TestSuite.java:232)
	at junit.framework.TestSuite.run(TestSuite.java:227)
	at junit.framework.TestSuite.runTest(TestSuite.java:232)
	at junit.framework.TestSuite.run(TestSuite.java:227)
	at org.apache.tools.ant.taskdefs.optional.junit.JUnitTestRunner.run(JUnitTestRunner.java:420)
	at org.apache.tools.ant.taskdefs.optional.junit.JUnitTestRunner.launch(JUnitTestRunner.java:911)
	at org.apache.tools.ant.taskdefs.optional.junit.JUnitTestRunner.main(JUnitTestRunner.java:768)
Instantiate PersistenceUploadManager with UploadPersistence, uploadSearchBundle, submissionSearchBundle, uploadIdGenerator, uploadTypeIdGenerator, uploadStatusIdGenerator, submissionIDGenerator and submissionStatusIdGenerator.
com.topcoder.util.config.UnknownNamespaceException: com.topcoder.util.log is unknown
	at com.topcoder.util.config.DefaultConfigManager.getPropertyObject(DefaultConfigManager.java:429)
	at com.topcoder.util.config.DefaultConfigManager.getString(DefaultConfigManager.java:449)
	at com.topcoder.util.log.LogFactory.getAttribute(LogFactory.java:224)
	at com.topcoder.util.log.basic.BasicLog.log(BasicLog.java:74)
	at com.topcoder.management.deliverable.stresstests.StressTestPersistenceUploadManager.setUp(StressTestPersistenceUploadManager.java:111)
	at junit.framework.TestCase.runBare(TestCase.java:132)
	at junit.framework.TestResult$1.protect(TestResult.java:110)
	at junit.framework.TestResult.runProtected(TestResult.java:128)
	at junit.framework.TestResult.run(TestResult.java:113)
	at junit.framework.TestCase.run(TestCase.java:124)
	at junit.framework.TestSuite.runTest(TestSuite.java:232)
	at junit.framework.TestSuite.run(TestSuite.java:227)
	at junit.framework.TestSuite.runTest(TestSuite.java:232)
	at junit.framework.TestSuite.run(TestSuite.java:227)
	at junit.framework.TestSuite.runTest(TestSuite.java:232)
	at junit.framework.TestSuite.run(TestSuite.java:227)
	at org.apache.tools.ant.taskdefs.optional.junit.JUnitTestRunner.run(JUnitTestRunner.java:420)
	at org.apache.tools.ant.taskdefs.optional.junit.JUnitTestRunner.launch(JUnitTestRunner.java:911)
	at org.apache.tools.ant.taskdefs.optional.junit.JUnitTestRunner.main(JUnitTestRunner.java:768)
StressTestPersistenceUploadManager - setUp - end
com.topcoder.util.config.UnknownNamespaceException: com.topcoder.util.log is unknown
	at com.topcoder.util.config.DefaultConfigManager.getPropertyObject(DefaultConfigManager.java:429)
	at com.topcoder.util.config.DefaultConfigManager.getString(DefaultConfigManager.java:449)
	at com.topcoder.util.log.LogFactory.getAttribute(LogFactory.java:224)
	at com.topcoder.util.log.basic.BasicLog.log(BasicLog.java:74)
	at com.topcoder.management.deliverable.PersistenceUploadManager.createUploadType(PersistenceUploadManager.java:453)
	at com.topcoder.management.deliverable.stresstests.StressTestPersistenceUploadManager.testCreateUploadType(StressTestPersistenceUploadManager.java:594)
	at sun.reflect.NativeMethodAccessorImpl.invoke0(Native Method)
	at sun.reflect.NativeMethodAccessorImpl.invoke(NativeMethodAccessorImpl.java:57)
	at sun.reflect.DelegatingMethodAccessorImpl.invoke(DelegatingMethodAccessorImpl.java:43)
	at java.lang.reflect.Method.invoke(Method.java:616)
	at junit.framework.TestCase.runTest(TestCase.java:168)
	at junit.framework.TestCase.runBare(TestCase.java:134)
	at junit.framework.TestResult$1.protect(TestResult.java:110)
	at junit.framework.TestResult.runProtected(TestResult.java:128)
	at junit.framework.TestResult.run(TestResult.java:113)
	at junit.framework.TestCase.run(TestCase.java:124)
	at junit.framework.TestSuite.runTest(TestSuite.java:232)
	at junit.framework.TestSuite.run(TestSuite.java:227)
	at junit.framework.TestSuite.runTest(TestSuite.java:232)
	at junit.framework.TestSuite.run(TestSuite.java:227)
	at junit.framework.TestSuite.runTest(TestSuite.java:232)
	at junit.framework.TestSuite.run(TestSuite.java:227)
	at org.apache.tools.ant.taskdefs.optional.junit.JUnitTestRunner.run(JUnitTestRunner.java:420)
	at org.apache.tools.ant.taskdefs.optional.junit.JUnitTestRunner.launch(JUnitTestRunner.java:911)
	at org.apache.tools.ant.taskdefs.optional.junit.JUnitTestRunner.main(JUnitTestRunner.java:768)
type: UploadType id: Unknown operator:stress - Create new UploadType.
com.topcoder.util.config.UnknownNamespaceException: com.topcoder.util.log is unknown
	at com.topcoder.util.config.DefaultConfigManager.getPropertyObject(DefaultConfigManager.java:429)
	at com.topcoder.util.config.DefaultConfigManager.getString(DefaultConfigManager.java:449)
	at com.topcoder.util.log.LogFactory.getAttribute(LogFactory.java:224)
	at com.topcoder.util.log.basic.BasicLog.log(BasicLog.java:74)
	at com.topcoder.management.deliverable.PersistenceUploadManager.persistenceUploadManagerHelper(PersistenceUploadManager.java:966)
	at com.topcoder.management.deliverable.PersistenceUploadManager.createUploadType(PersistenceUploadManager.java:454)
	at com.topcoder.management.deliverable.stresstests.StressTestPersistenceUploadManager.testCreateUploadType(StressTestPersistenceUploadManager.java:594)
	at sun.reflect.NativeMethodAccessorImpl.invoke0(Native Method)
	at sun.reflect.NativeMethodAccessorImpl.invoke(NativeMethodAccessorImpl.java:57)
	at sun.reflect.DelegatingMethodAccessorImpl.invoke(DelegatingMethodAccessorImpl.java:43)
	at java.lang.reflect.Method.invoke(Method.java:616)
	at junit.framework.TestCase.runTest(TestCase.java:168)
	at junit.framework.TestCase.runBare(TestCase.java:134)
	at junit.framework.TestResult$1.protect(TestResult.java:110)
	at junit.framework.TestResult.runProtected(TestResult.java:128)
	at junit.framework.TestResult.run(TestResult.java:113)
	at junit.framework.TestCase.run(TestCase.java:124)
	at junit.framework.TestSuite.runTest(TestSuite.java:232)
	at junit.framework.TestSuite.run(TestSuite.java:227)
	at junit.framework.TestSuite.runTest(TestSuite.java:232)
	at junit.framework.TestSuite.run(TestSuite.java:227)
	at junit.framework.TestSuite.runTest(TestSuite.java:232)
	at junit.framework.TestSuite.run(TestSuite.java:227)
	at org.apache.tools.ant.taskdefs.optional.junit.JUnitTestRunner.run(JUnitTestRunner.java:420)
	at org.apache.tools.ant.taskdefs.optional.junit.JUnitTestRunner.launch(JUnitTestRunner.java:911)
	at org.apache.tools.ant.taskdefs.optional.junit.JUnitTestRunner.main(JUnitTestRunner.java:768)
generate next id from the idGenerator:upload_type_id_seq
com.topcoder.util.config.UnknownNamespaceException: com.topcoder.util.log is unknown
	at com.topcoder.util.config.DefaultConfigManager.getPropertyObject(DefaultConfigManager.java:429)
	at com.topcoder.util.config.DefaultConfigManager.getString(DefaultConfigManager.java:449)
	at com.topcoder.util.log.LogFactory.getAttribute(LogFactory.java:224)
	at com.topcoder.util.log.basic.BasicLog.log(BasicLog.java:74)
	at com.topcoder.management.deliverable.PersistenceUploadManager.createUploadType(PersistenceUploadManager.java:453)
	at com.topcoder.management.deliverable.stresstests.StressTestPersistenceUploadManager.testCreateUploadType(StressTestPersistenceUploadManager.java:594)
	at sun.reflect.NativeMethodAccessorImpl.invoke0(Native Method)
	at sun.reflect.NativeMethodAccessorImpl.invoke(NativeMethodAccessorImpl.java:57)
	at sun.reflect.DelegatingMethodAccessorImpl.invoke(DelegatingMethodAccessorImpl.java:43)
	at java.lang.reflect.Method.invoke(Method.java:616)
	at junit.framework.TestCase.runTest(TestCase.java:168)
	at junit.framework.TestCase.runBare(TestCase.java:134)
	at junit.framework.TestResult$1.protect(TestResult.java:110)
	at junit.framework.TestResult.runProtected(TestResult.java:128)
	at junit.framework.TestResult.run(TestResult.java:113)
	at junit.framework.TestCase.run(TestCase.java:124)
	at junit.framework.TestSuite.runTest(TestSuite.java:232)
	at junit.framework.TestSuite.run(TestSuite.java:227)
	at junit.framework.TestSuite.runTest(TestSuite.java:232)
	at junit.framework.TestSuite.run(TestSuite.java:227)
	at junit.framework.TestSuite.runTest(TestSuite.java:232)
	at junit.framework.TestSuite.run(TestSuite.java:227)
	at org.apache.tools.ant.taskdefs.optional.junit.JUnitTestRunner.run(JUnitTestRunner.java:420)
	at org.apache.tools.ant.taskdefs.optional.junit.JUnitTestRunner.launch(JUnitTestRunner.java:911)
	at org.apache.tools.ant.taskdefs.optional.junit.JUnitTestRunner.main(JUnitTestRunner.java:768)
type: UploadType id: Unknown operator:stress - Create new UploadType.
com.topcoder.util.config.UnknownNamespaceException: com.topcoder.util.log is unknown
	at com.topcoder.util.config.DefaultConfigManager.getPropertyObject(DefaultConfigManager.java:429)
	at com.topcoder.util.config.DefaultConfigManager.getString(DefaultConfigManager.java:449)
	at com.topcoder.util.log.LogFactory.getAttribute(LogFactory.java:224)
	at com.topcoder.util.log.basic.BasicLog.log(BasicLog.java:74)
	at com.topcoder.management.deliverable.PersistenceUploadManager.persistenceUploadManagerHelper(PersistenceUploadManager.java:966)
	at com.topcoder.management.deliverable.PersistenceUploadManager.createUploadType(PersistenceUploadManager.java:454)
	at com.topcoder.management.deliverable.stresstests.StressTestPersistenceUploadManager.testCreateUploadType(StressTestPersistenceUploadManager.java:594)
	at sun.reflect.NativeMethodAccessorImpl.invoke0(Native Method)
	at sun.reflect.NativeMethodAccessorImpl.invoke(NativeMethodAccessorImpl.java:57)
	at sun.reflect.DelegatingMethodAccessorImpl.invoke(DelegatingMethodAccessorImpl.java:43)
	at java.lang.reflect.Method.invoke(Method.java:616)
	at junit.framework.TestCase.runTest(TestCase.java:168)
	at junit.framework.TestCase.runBare(TestCase.java:134)
	at junit.framework.TestResult$1.protect(TestResult.java:110)
	at junit.framework.TestResult.runProtected(TestResult.java:128)
	at junit.framework.TestResult.run(TestResult.java:113)
	at junit.framework.TestCase.run(TestCase.java:124)
	at junit.framework.TestSuite.runTest(TestSuite.java:232)
	at junit.framework.TestSuite.run(TestSuite.java:227)
	at junit.framework.TestSuite.runTest(TestSuite.java:232)
	at junit.framework.TestSuite.run(TestSuite.java:227)
	at junit.framework.TestSuite.runTest(TestSuite.java:232)
	at junit.framework.TestSuite.run(TestSuite.java:227)
	at org.apache.tools.ant.taskdefs.optional.junit.JUnitTestRunner.run(JUnitTestRunner.java:420)
	at org.apache.tools.ant.taskdefs.optional.junit.JUnitTestRunner.launch(JUnitTestRunner.java:911)
	at org.apache.tools.ant.taskdefs.optional.junit.JUnitTestRunner.main(JUnitTestRunner.java:768)
generate next id from the idGenerator:upload_type_id_seq
com.topcoder.util.config.UnknownNamespaceException: com.topcoder.util.log is unknown
	at com.topcoder.util.config.DefaultConfigManager.getPropertyObject(DefaultConfigManager.java:429)
	at com.topcoder.util.config.DefaultConfigManager.getString(DefaultConfigManager.java:449)
	at com.topcoder.util.log.LogFactory.getAttribute(LogFactory.java:224)
	at com.topcoder.util.log.basic.BasicLog.log(BasicLog.java:74)
	at com.topcoder.management.deliverable.stresstests.StressTestPersistenceUploadManager.tearDown(StressTestPersistenceUploadManager.java:121)
	at junit.framework.TestCase.runBare(TestCase.java:140)
	at junit.framework.TestResult$1.protect(TestResult.java:110)
	at junit.framework.TestResult.runProtected(TestResult.java:128)
	at junit.framework.TestResult.run(TestResult.java:113)
	at junit.framework.TestCase.run(TestCase.java:124)
	at junit.framework.TestSuite.runTest(TestSuite.java:232)
	at junit.framework.TestSuite.run(TestSuite.java:227)
	at junit.framework.TestSuite.runTest(TestSuite.java:232)
	at junit.framework.TestSuite.run(TestSuite.java:227)
	at junit.framework.TestSuite.runTest(TestSuite.java:232)
	at junit.framework.TestSuite.run(TestSuite.java:227)
	at org.apache.tools.ant.taskdefs.optional.junit.JUnitTestRunner.run(JUnitTestRunner.java:420)
	at org.apache.tools.ant.taskdefs.optional.junit.JUnitTestRunner.launch(JUnitTestRunner.java:911)
	at org.apache.tools.ant.taskdefs.optional.junit.JUnitTestRunner.main(JUnitTestRunner.java:768)
StressTestPersistenceUploadManager - tearDown - start
com.topcoder.util.config.UnknownNamespaceException: com.topcoder.util.log is unknown
	at com.topcoder.util.config.DefaultConfigManager.getPropertyObject(DefaultConfigManager.java:429)
	at com.topcoder.util.config.DefaultConfigManager.getString(DefaultConfigManager.java:449)
	at com.topcoder.util.log.LogFactory.getAttribute(LogFactory.java:224)
	at com.topcoder.util.log.basic.BasicLog.log(BasicLog.java:74)
	at com.topcoder.management.deliverable.stresstests.StressTestPersistenceUploadManager.tearDown(StressTestPersistenceUploadManager.java:126)
	at junit.framework.TestCase.runBare(TestCase.java:140)
	at junit.framework.TestResult$1.protect(TestResult.java:110)
	at junit.framework.TestResult.runProtected(TestResult.java:128)
	at junit.framework.TestResult.run(TestResult.java:113)
	at junit.framework.TestCase.run(TestCase.java:124)
	at junit.framework.TestSuite.runTest(TestSuite.java:232)
	at junit.framework.TestSuite.run(TestSuite.java:227)
	at junit.framework.TestSuite.runTest(TestSuite.java:232)
	at junit.framework.TestSuite.run(TestSuite.java:227)
	at junit.framework.TestSuite.runTest(TestSuite.java:232)
	at junit.framework.TestSuite.run(TestSuite.java:227)
	at org.apache.tools.ant.taskdefs.optional.junit.JUnitTestRunner.run(JUnitTestRunner.java:420)
	at org.apache.tools.ant.taskdefs.optional.junit.JUnitTestRunner.launch(JUnitTestRunner.java:911)
	at org.apache.tools.ant.taskdefs.optional.junit.JUnitTestRunner.main(JUnitTestRunner.java:768)
StressTestPersistenceUploadManager - tearDown - end
com.topcoder.util.config.UnknownNamespaceException: com.topcoder.util.log is unknown
	at com.topcoder.util.config.DefaultConfigManager.getPropertyObject(DefaultConfigManager.java:429)
	at com.topcoder.util.config.DefaultConfigManager.getString(DefaultConfigManager.java:449)
	at com.topcoder.util.log.LogFactory.getAttribute(LogFactory.java:224)
	at com.topcoder.util.log.basic.BasicLog.log(BasicLog.java:74)
	at com.topcoder.management.deliverable.stresstests.StressTestPersistenceUploadManager.setUp(StressTestPersistenceUploadManager.java:71)
	at junit.framework.TestCase.runBare(TestCase.java:132)
	at junit.framework.TestResult$1.protect(TestResult.java:110)
	at junit.framework.TestResult.runProtected(TestResult.java:128)
	at junit.framework.TestResult.run(TestResult.java:113)
	at junit.framework.TestCase.run(TestCase.java:124)
	at junit.framework.TestSuite.runTest(TestSuite.java:232)
	at junit.framework.TestSuite.run(TestSuite.java:227)
	at junit.framework.TestSuite.runTest(TestSuite.java:232)
	at junit.framework.TestSuite.run(TestSuite.java:227)
	at junit.framework.TestSuite.runTest(TestSuite.java:232)
	at junit.framework.TestSuite.run(TestSuite.java:227)
	at org.apache.tools.ant.taskdefs.optional.junit.JUnitTestRunner.run(JUnitTestRunner.java:420)
	at org.apache.tools.ant.taskdefs.optional.junit.JUnitTestRunner.launch(JUnitTestRunner.java:911)
	at org.apache.tools.ant.taskdefs.optional.junit.JUnitTestRunner.main(JUnitTestRunner.java:768)
StressTestPersistenceUploadManager - setUp - start
com.topcoder.util.config.UnknownNamespaceException: com.topcoder.util.log is unknown
	at com.topcoder.util.config.DefaultConfigManager.getPropertyObject(DefaultConfigManager.java:429)
	at com.topcoder.util.config.DefaultConfigManager.getString(DefaultConfigManager.java:449)
	at com.topcoder.util.log.LogFactory.getAttribute(LogFactory.java:224)
	at com.topcoder.util.log.basic.BasicLog.log(BasicLog.java:74)
	at com.topcoder.management.deliverable.PersistenceUploadManager.<init>(PersistenceUploadManager.java:260)
	at com.topcoder.management.deliverable.PersistenceUploadManager.<init>(PersistenceUploadManager.java:306)
	at com.topcoder.management.deliverable.stresstests.StressTestPersistenceUploadManager.setUp(StressTestPersistenceUploadManager.java:109)
	at junit.framework.TestCase.runBare(TestCase.java:132)
	at junit.framework.TestResult$1.protect(TestResult.java:110)
	at junit.framework.TestResult.runProtected(TestResult.java:128)
	at junit.framework.TestResult.run(TestResult.java:113)
	at junit.framework.TestCase.run(TestCase.java:124)
	at junit.framework.TestSuite.runTest(TestSuite.java:232)
	at junit.framework.TestSuite.run(TestSuite.java:227)
	at junit.framework.TestSuite.runTest(TestSuite.java:232)
	at junit.framework.TestSuite.run(TestSuite.java:227)
	at junit.framework.TestSuite.runTest(TestSuite.java:232)
	at junit.framework.TestSuite.run(TestSuite.java:227)
	at org.apache.tools.ant.taskdefs.optional.junit.JUnitTestRunner.run(JUnitTestRunner.java:420)
	at org.apache.tools.ant.taskdefs.optional.junit.JUnitTestRunner.launch(JUnitTestRunner.java:911)
	at org.apache.tools.ant.taskdefs.optional.junit.JUnitTestRunner.main(JUnitTestRunner.java:768)
Instantiate PersistenceUploadManager with UploadPersistence, uploadSearchBundle, submissionSearchBundle, uploadIdGenerator, uploadTypeIdGenerator, uploadStatusIdGenerator, submissionIDGenerator and submissionStatusIdGenerator.
com.topcoder.util.config.UnknownNamespaceException: com.topcoder.util.log is unknown
	at com.topcoder.util.config.DefaultConfigManager.getPropertyObject(DefaultConfigManager.java:429)
	at com.topcoder.util.config.DefaultConfigManager.getString(DefaultConfigManager.java:449)
	at com.topcoder.util.log.LogFactory.getAttribute(LogFactory.java:224)
	at com.topcoder.util.log.basic.BasicLog.log(BasicLog.java:74)
	at com.topcoder.management.deliverable.stresstests.StressTestPersistenceUploadManager.setUp(StressTestPersistenceUploadManager.java:111)
	at junit.framework.TestCase.runBare(TestCase.java:132)
	at junit.framework.TestResult$1.protect(TestResult.java:110)
	at junit.framework.TestResult.runProtected(TestResult.java:128)
	at junit.framework.TestResult.run(TestResult.java:113)
	at junit.framework.TestCase.run(TestCase.java:124)
	at junit.framework.TestSuite.runTest(TestSuite.java:232)
	at junit.framework.TestSuite.run(TestSuite.java:227)
	at junit.framework.TestSuite.runTest(TestSuite.java:232)
	at junit.framework.TestSuite.run(TestSuite.java:227)
	at junit.framework.TestSuite.runTest(TestSuite.java:232)
	at junit.framework.TestSuite.run(TestSuite.java:227)
	at org.apache.tools.ant.taskdefs.optional.junit.JUnitTestRunner.run(JUnitTestRunner.java:420)
	at org.apache.tools.ant.taskdefs.optional.junit.JUnitTestRunner.launch(JUnitTestRunner.java:911)
	at org.apache.tools.ant.taskdefs.optional.junit.JUnitTestRunner.main(JUnitTestRunner.java:768)
StressTestPersistenceUploadManager - setUp - end
com.topcoder.util.config.UnknownNamespaceException: com.topcoder.util.log is unknown
	at com.topcoder.util.config.DefaultConfigManager.getPropertyObject(DefaultConfigManager.java:429)
	at com.topcoder.util.config.DefaultConfigManager.getString(DefaultConfigManager.java:449)
	at com.topcoder.util.log.LogFactory.getAttribute(LogFactory.java:224)
	at com.topcoder.util.log.basic.BasicLog.log(BasicLog.java:74)
	at com.topcoder.management.deliverable.PersistenceUploadManager.createUploadType(PersistenceUploadManager.java:453)
	at com.topcoder.management.deliverable.stresstests.StressTestPersistenceUploadManager.testUpdateUploadType(StressTestPersistenceUploadManager.java:347)
	at sun.reflect.NativeMethodAccessorImpl.invoke0(Native Method)
	at sun.reflect.NativeMethodAccessorImpl.invoke(NativeMethodAccessorImpl.java:57)
	at sun.reflect.DelegatingMethodAccessorImpl.invoke(DelegatingMethodAccessorImpl.java:43)
	at java.lang.reflect.Method.invoke(Method.java:616)
	at junit.framework.TestCase.runTest(TestCase.java:168)
	at junit.framework.TestCase.runBare(TestCase.java:134)
	at junit.framework.TestResult$1.protect(TestResult.java:110)
	at junit.framework.TestResult.runProtected(TestResult.java:128)
	at junit.framework.TestResult.run(TestResult.java:113)
	at junit.framework.TestCase.run(TestCase.java:124)
	at junit.framework.TestSuite.runTest(TestSuite.java:232)
	at junit.framework.TestSuite.run(TestSuite.java:227)
	at junit.framework.TestSuite.runTest(TestSuite.java:232)
	at junit.framework.TestSuite.run(TestSuite.java:227)
	at junit.framework.TestSuite.runTest(TestSuite.java:232)
	at junit.framework.TestSuite.run(TestSuite.java:227)
	at org.apache.tools.ant.taskdefs.optional.junit.JUnitTestRunner.run(JUnitTestRunner.java:420)
	at org.apache.tools.ant.taskdefs.optional.junit.JUnitTestRunner.launch(JUnitTestRunner.java:911)
	at org.apache.tools.ant.taskdefs.optional.junit.JUnitTestRunner.main(JUnitTestRunner.java:768)
type: UploadType id: Unknown operator:create - Create new UploadType.
com.topcoder.util.config.UnknownNamespaceException: com.topcoder.util.log is unknown
	at com.topcoder.util.config.DefaultConfigManager.getPropertyObject(DefaultConfigManager.java:429)
	at com.topcoder.util.config.DefaultConfigManager.getString(DefaultConfigManager.java:449)
	at com.topcoder.util.log.LogFactory.getAttribute(LogFactory.java:224)
	at com.topcoder.util.log.basic.BasicLog.log(BasicLog.java:74)
	at com.topcoder.management.deliverable.PersistenceUploadManager.persistenceUploadManagerHelper(PersistenceUploadManager.java:966)
	at com.topcoder.management.deliverable.PersistenceUploadManager.createUploadType(PersistenceUploadManager.java:454)
	at com.topcoder.management.deliverable.stresstests.StressTestPersistenceUploadManager.testUpdateUploadType(StressTestPersistenceUploadManager.java:347)
	at sun.reflect.NativeMethodAccessorImpl.invoke0(Native Method)
	at sun.reflect.NativeMethodAccessorImpl.invoke(NativeMethodAccessorImpl.java:57)
	at sun.reflect.DelegatingMethodAccessorImpl.invoke(DelegatingMethodAccessorImpl.java:43)
	at java.lang.reflect.Method.invoke(Method.java:616)
	at junit.framework.TestCase.runTest(TestCase.java:168)
	at junit.framework.TestCase.runBare(TestCase.java:134)
	at junit.framework.TestResult$1.protect(TestResult.java:110)
	at junit.framework.TestResult.runProtected(TestResult.java:128)
	at junit.framework.TestResult.run(TestResult.java:113)
	at junit.framework.TestCase.run(TestCase.java:124)
	at junit.framework.TestSuite.runTest(TestSuite.java:232)
	at junit.framework.TestSuite.run(TestSuite.java:227)
	at junit.framework.TestSuite.runTest(TestSuite.java:232)
	at junit.framework.TestSuite.run(TestSuite.java:227)
	at junit.framework.TestSuite.runTest(TestSuite.java:232)
	at junit.framework.TestSuite.run(TestSuite.java:227)
	at org.apache.tools.ant.taskdefs.optional.junit.JUnitTestRunner.run(JUnitTestRunner.java:420)
	at org.apache.tools.ant.taskdefs.optional.junit.JUnitTestRunner.launch(JUnitTestRunner.java:911)
	at org.apache.tools.ant.taskdefs.optional.junit.JUnitTestRunner.main(JUnitTestRunner.java:768)
generate next id from the idGenerator:upload_type_id_seq
com.topcoder.util.config.UnknownNamespaceException: com.topcoder.util.log is unknown
	at com.topcoder.util.config.DefaultConfigManager.getPropertyObject(DefaultConfigManager.java:429)
	at com.topcoder.util.config.DefaultConfigManager.getString(DefaultConfigManager.java:449)
	at com.topcoder.util.log.LogFactory.getAttribute(LogFactory.java:224)
	at com.topcoder.util.log.basic.BasicLog.log(BasicLog.java:74)
	at com.topcoder.management.deliverable.PersistenceUploadManager.updateUploadType(PersistenceUploadManager.java:479)
	at com.topcoder.management.deliverable.stresstests.StressTestPersistenceUploadManager.testUpdateUploadType(StressTestPersistenceUploadManager.java:354)
	at sun.reflect.NativeMethodAccessorImpl.invoke0(Native Method)
	at sun.reflect.NativeMethodAccessorImpl.invoke(NativeMethodAccessorImpl.java:57)
	at sun.reflect.DelegatingMethodAccessorImpl.invoke(DelegatingMethodAccessorImpl.java:43)
	at java.lang.reflect.Method.invoke(Method.java:616)
	at junit.framework.TestCase.runTest(TestCase.java:168)
	at junit.framework.TestCase.runBare(TestCase.java:134)
	at junit.framework.TestResult$1.protect(TestResult.java:110)
	at junit.framework.TestResult.runProtected(TestResult.java:128)
	at junit.framework.TestResult.run(TestResult.java:113)
	at junit.framework.TestCase.run(TestCase.java:124)
	at junit.framework.TestSuite.runTest(TestSuite.java:232)
	at junit.framework.TestSuite.run(TestSuite.java:227)
	at junit.framework.TestSuite.runTest(TestSuite.java:232)
	at junit.framework.TestSuite.run(TestSuite.java:227)
	at junit.framework.TestSuite.runTest(TestSuite.java:232)
	at junit.framework.TestSuite.run(TestSuite.java:227)
	at org.apache.tools.ant.taskdefs.optional.junit.JUnitTestRunner.run(JUnitTestRunner.java:420)
	at org.apache.tools.ant.taskdefs.optional.junit.JUnitTestRunner.launch(JUnitTestRunner.java:911)
	at org.apache.tools.ant.taskdefs.optional.junit.JUnitTestRunner.main(JUnitTestRunner.java:768)
type: UploadType id: 10 operator:stress - update UploadType.
com.topcoder.util.config.UnknownNamespaceException: com.topcoder.util.log is unknown
	at com.topcoder.util.config.DefaultConfigManager.getPropertyObject(DefaultConfigManager.java:429)
	at com.topcoder.util.config.DefaultConfigManager.getString(DefaultConfigManager.java:449)
	at com.topcoder.util.log.LogFactory.getAttribute(LogFactory.java:224)
	at com.topcoder.util.log.basic.BasicLog.log(BasicLog.java:74)
	at com.topcoder.management.deliverable.PersistenceUploadManager.updateUploadType(PersistenceUploadManager.java:479)
	at com.topcoder.management.deliverable.stresstests.StressTestPersistenceUploadManager.testUpdateUploadType(StressTestPersistenceUploadManager.java:354)
	at sun.reflect.NativeMethodAccessorImpl.invoke0(Native Method)
	at sun.reflect.NativeMethodAccessorImpl.invoke(NativeMethodAccessorImpl.java:57)
	at sun.reflect.DelegatingMethodAccessorImpl.invoke(DelegatingMethodAccessorImpl.java:43)
	at java.lang.reflect.Method.invoke(Method.java:616)
	at junit.framework.TestCase.runTest(TestCase.java:168)
	at junit.framework.TestCase.runBare(TestCase.java:134)
	at junit.framework.TestResult$1.protect(TestResult.java:110)
	at junit.framework.TestResult.runProtected(TestResult.java:128)
	at junit.framework.TestResult.run(TestResult.java:113)
	at junit.framework.TestCase.run(TestCase.java:124)
	at junit.framework.TestSuite.runTest(TestSuite.java:232)
	at junit.framework.TestSuite.run(TestSuite.java:227)
	at junit.framework.TestSuite.runTest(TestSuite.java:232)
	at junit.framework.TestSuite.run(TestSuite.java:227)
	at junit.framework.TestSuite.runTest(TestSuite.java:232)
	at junit.framework.TestSuite.run(TestSuite.java:227)
	at org.apache.tools.ant.taskdefs.optional.junit.JUnitTestRunner.run(JUnitTestRunner.java:420)
	at org.apache.tools.ant.taskdefs.optional.junit.JUnitTestRunner.launch(JUnitTestRunner.java:911)
	at org.apache.tools.ant.taskdefs.optional.junit.JUnitTestRunner.main(JUnitTestRunner.java:768)
type: UploadType id: 10 operator:stress - update UploadType.
com.topcoder.util.config.UnknownNamespaceException: com.topcoder.util.log is unknown
	at com.topcoder.util.config.DefaultConfigManager.getPropertyObject(DefaultConfigManager.java:429)
	at com.topcoder.util.config.DefaultConfigManager.getString(DefaultConfigManager.java:449)
	at com.topcoder.util.log.LogFactory.getAttribute(LogFactory.java:224)
	at com.topcoder.util.log.basic.BasicLog.log(BasicLog.java:74)
	at com.topcoder.management.deliverable.stresstests.StressTestPersistenceUploadManager.tearDown(StressTestPersistenceUploadManager.java:121)
	at junit.framework.TestCase.runBare(TestCase.java:140)
	at junit.framework.TestResult$1.protect(TestResult.java:110)
	at junit.framework.TestResult.runProtected(TestResult.java:128)
	at junit.framework.TestResult.run(TestResult.java:113)
	at junit.framework.TestCase.run(TestCase.java:124)
	at junit.framework.TestSuite.runTest(TestSuite.java:232)
	at junit.framework.TestSuite.run(TestSuite.java:227)
	at junit.framework.TestSuite.runTest(TestSuite.java:232)
	at junit.framework.TestSuite.run(TestSuite.java:227)
	at junit.framework.TestSuite.runTest(TestSuite.java:232)
	at junit.framework.TestSuite.run(TestSuite.java:227)
	at org.apache.tools.ant.taskdefs.optional.junit.JUnitTestRunner.run(JUnitTestRunner.java:420)
	at org.apache.tools.ant.taskdefs.optional.junit.JUnitTestRunner.launch(JUnitTestRunner.java:911)
	at org.apache.tools.ant.taskdefs.optional.junit.JUnitTestRunner.main(JUnitTestRunner.java:768)
StressTestPersistenceUploadManager - tearDown - start
com.topcoder.util.config.UnknownNamespaceException: com.topcoder.util.log is unknown
	at com.topcoder.util.config.DefaultConfigManager.getPropertyObject(DefaultConfigManager.java:429)
	at com.topcoder.util.config.DefaultConfigManager.getString(DefaultConfigManager.java:449)
	at com.topcoder.util.log.LogFactory.getAttribute(LogFactory.java:224)
	at com.topcoder.util.log.basic.BasicLog.log(BasicLog.java:74)
	at com.topcoder.management.deliverable.stresstests.StressTestPersistenceUploadManager.tearDown(StressTestPersistenceUploadManager.java:126)
	at junit.framework.TestCase.runBare(TestCase.java:140)
	at junit.framework.TestResult$1.protect(TestResult.java:110)
	at junit.framework.TestResult.runProtected(TestResult.java:128)
	at junit.framework.TestResult.run(TestResult.java:113)
	at junit.framework.TestCase.run(TestCase.java:124)
	at junit.framework.TestSuite.runTest(TestSuite.java:232)
	at junit.framework.TestSuite.run(TestSuite.java:227)
	at junit.framework.TestSuite.runTest(TestSuite.java:232)
	at junit.framework.TestSuite.run(TestSuite.java:227)
	at junit.framework.TestSuite.runTest(TestSuite.java:232)
	at junit.framework.TestSuite.run(TestSuite.java:227)
	at org.apache.tools.ant.taskdefs.optional.junit.JUnitTestRunner.run(JUnitTestRunner.java:420)
	at org.apache.tools.ant.taskdefs.optional.junit.JUnitTestRunner.launch(JUnitTestRunner.java:911)
	at org.apache.tools.ant.taskdefs.optional.junit.JUnitTestRunner.main(JUnitTestRunner.java:768)
StressTestPersistenceUploadManager - tearDown - end
com.topcoder.util.config.UnknownNamespaceException: com.topcoder.util.log is unknown
	at com.topcoder.util.config.DefaultConfigManager.getPropertyObject(DefaultConfigManager.java:429)
	at com.topcoder.util.config.DefaultConfigManager.getString(DefaultConfigManager.java:449)
	at com.topcoder.util.log.LogFactory.getAttribute(LogFactory.java:224)
	at com.topcoder.util.log.basic.BasicLog.log(BasicLog.java:74)
	at com.topcoder.management.deliverable.stresstests.StressTestPersistenceUploadManager.setUp(StressTestPersistenceUploadManager.java:71)
	at junit.framework.TestCase.runBare(TestCase.java:132)
	at junit.framework.TestResult$1.protect(TestResult.java:110)
	at junit.framework.TestResult.runProtected(TestResult.java:128)
	at junit.framework.TestResult.run(TestResult.java:113)
	at junit.framework.TestCase.run(TestCase.java:124)
	at junit.framework.TestSuite.runTest(TestSuite.java:232)
	at junit.framework.TestSuite.run(TestSuite.java:227)
	at junit.framework.TestSuite.runTest(TestSuite.java:232)
	at junit.framework.TestSuite.run(TestSuite.java:227)
	at junit.framework.TestSuite.runTest(TestSuite.java:232)
	at junit.framework.TestSuite.run(TestSuite.java:227)
	at org.apache.tools.ant.taskdefs.optional.junit.JUnitTestRunner.run(JUnitTestRunner.java:420)
	at org.apache.tools.ant.taskdefs.optional.junit.JUnitTestRunner.launch(JUnitTestRunner.java:911)
	at org.apache.tools.ant.taskdefs.optional.junit.JUnitTestRunner.main(JUnitTestRunner.java:768)
StressTestPersistenceUploadManager - setUp - start
com.topcoder.util.config.UnknownNamespaceException: com.topcoder.util.log is unknown
	at com.topcoder.util.config.DefaultConfigManager.getPropertyObject(DefaultConfigManager.java:429)
	at com.topcoder.util.config.DefaultConfigManager.getString(DefaultConfigManager.java:449)
	at com.topcoder.util.log.LogFactory.getAttribute(LogFactory.java:224)
	at com.topcoder.util.log.basic.BasicLog.log(BasicLog.java:74)
	at com.topcoder.management.deliverable.PersistenceUploadManager.<init>(PersistenceUploadManager.java:260)
	at com.topcoder.management.deliverable.PersistenceUploadManager.<init>(PersistenceUploadManager.java:306)
	at com.topcoder.management.deliverable.stresstests.StressTestPersistenceUploadManager.setUp(StressTestPersistenceUploadManager.java:109)
	at junit.framework.TestCase.runBare(TestCase.java:132)
	at junit.framework.TestResult$1.protect(TestResult.java:110)
	at junit.framework.TestResult.runProtected(TestResult.java:128)
	at junit.framework.TestResult.run(TestResult.java:113)
	at junit.framework.TestCase.run(TestCase.java:124)
	at junit.framework.TestSuite.runTest(TestSuite.java:232)
	at junit.framework.TestSuite.run(TestSuite.java:227)
	at junit.framework.TestSuite.runTest(TestSuite.java:232)
	at junit.framework.TestSuite.run(TestSuite.java:227)
	at junit.framework.TestSuite.runTest(TestSuite.java:232)
	at junit.framework.TestSuite.run(TestSuite.java:227)
	at org.apache.tools.ant.taskdefs.optional.junit.JUnitTestRunner.run(JUnitTestRunner.java:420)
	at org.apache.tools.ant.taskdefs.optional.junit.JUnitTestRunner.launch(JUnitTestRunner.java:911)
	at org.apache.tools.ant.taskdefs.optional.junit.JUnitTestRunner.main(JUnitTestRunner.java:768)
Instantiate PersistenceUploadManager with UploadPersistence, uploadSearchBundle, submissionSearchBundle, uploadIdGenerator, uploadTypeIdGenerator, uploadStatusIdGenerator, submissionIDGenerator and submissionStatusIdGenerator.
com.topcoder.util.config.UnknownNamespaceException: com.topcoder.util.log is unknown
	at com.topcoder.util.config.DefaultConfigManager.getPropertyObject(DefaultConfigManager.java:429)
	at com.topcoder.util.config.DefaultConfigManager.getString(DefaultConfigManager.java:449)
	at com.topcoder.util.log.LogFactory.getAttribute(LogFactory.java:224)
	at com.topcoder.util.log.basic.BasicLog.log(BasicLog.java:74)
	at com.topcoder.management.deliverable.stresstests.StressTestPersistenceUploadManager.setUp(StressTestPersistenceUploadManager.java:111)
	at junit.framework.TestCase.runBare(TestCase.java:132)
	at junit.framework.TestResult$1.protect(TestResult.java:110)
	at junit.framework.TestResult.runProtected(TestResult.java:128)
	at junit.framework.TestResult.run(TestResult.java:113)
	at junit.framework.TestCase.run(TestCase.java:124)
	at junit.framework.TestSuite.runTest(TestSuite.java:232)
	at junit.framework.TestSuite.run(TestSuite.java:227)
	at junit.framework.TestSuite.runTest(TestSuite.java:232)
	at junit.framework.TestSuite.run(TestSuite.java:227)
	at junit.framework.TestSuite.runTest(TestSuite.java:232)
	at junit.framework.TestSuite.run(TestSuite.java:227)
	at org.apache.tools.ant.taskdefs.optional.junit.JUnitTestRunner.run(JUnitTestRunner.java:420)
	at org.apache.tools.ant.taskdefs.optional.junit.JUnitTestRunner.launch(JUnitTestRunner.java:911)
	at org.apache.tools.ant.taskdefs.optional.junit.JUnitTestRunner.main(JUnitTestRunner.java:768)
StressTestPersistenceUploadManager - setUp - end
com.topcoder.util.config.UnknownNamespaceException: com.topcoder.util.log is unknown
	at com.topcoder.util.config.DefaultConfigManager.getPropertyObject(DefaultConfigManager.java:429)
	at com.topcoder.util.config.DefaultConfigManager.getString(DefaultConfigManager.java:449)
	at com.topcoder.util.log.LogFactory.getAttribute(LogFactory.java:224)
	at com.topcoder.util.log.basic.BasicLog.log(BasicLog.java:74)
	at com.topcoder.management.deliverable.PersistenceUploadManager.createUploadType(PersistenceUploadManager.java:453)
	at com.topcoder.management.deliverable.stresstests.StressTestPersistenceUploadManager.testCreateUploadType(StressTestPersistenceUploadManager.java:594)
	at com.topcoder.management.deliverable.stresstests.StressTestPersistenceUploadManager.testRemoveUploadType(StressTestPersistenceUploadManager.java:367)
	at sun.reflect.NativeMethodAccessorImpl.invoke0(Native Method)
	at sun.reflect.NativeMethodAccessorImpl.invoke(NativeMethodAccessorImpl.java:57)
	at sun.reflect.DelegatingMethodAccessorImpl.invoke(DelegatingMethodAccessorImpl.java:43)
	at java.lang.reflect.Method.invoke(Method.java:616)
	at junit.framework.TestCase.runTest(TestCase.java:168)
	at junit.framework.TestCase.runBare(TestCase.java:134)
	at junit.framework.TestResult$1.protect(TestResult.java:110)
	at junit.framework.TestResult.runProtected(TestResult.java:128)
	at junit.framework.TestResult.run(TestResult.java:113)
	at junit.framework.TestCase.run(TestCase.java:124)
	at junit.framework.TestSuite.runTest(TestSuite.java:232)
	at junit.framework.TestSuite.run(TestSuite.java:227)
	at junit.framework.TestSuite.runTest(TestSuite.java:232)
	at junit.framework.TestSuite.run(TestSuite.java:227)
	at junit.framework.TestSuite.runTest(TestSuite.java:232)
	at junit.framework.TestSuite.run(TestSuite.java:227)
	at org.apache.tools.ant.taskdefs.optional.junit.JUnitTestRunner.run(JUnitTestRunner.java:420)
	at org.apache.tools.ant.taskdefs.optional.junit.JUnitTestRunner.launch(JUnitTestRunner.java:911)
	at org.apache.tools.ant.taskdefs.optional.junit.JUnitTestRunner.main(JUnitTestRunner.java:768)
type: UploadType id: Unknown operator:stress - Create new UploadType.
com.topcoder.util.config.UnknownNamespaceException: com.topcoder.util.log is unknown
	at com.topcoder.util.config.DefaultConfigManager.getPropertyObject(DefaultConfigManager.java:429)
	at com.topcoder.util.config.DefaultConfigManager.getString(DefaultConfigManager.java:449)
	at com.topcoder.util.log.LogFactory.getAttribute(LogFactory.java:224)
	at com.topcoder.util.log.basic.BasicLog.log(BasicLog.java:74)
	at com.topcoder.management.deliverable.PersistenceUploadManager.persistenceUploadManagerHelper(PersistenceUploadManager.java:966)
	at com.topcoder.management.deliverable.PersistenceUploadManager.createUploadType(PersistenceUploadManager.java:454)
	at com.topcoder.management.deliverable.stresstests.StressTestPersistenceUploadManager.testCreateUploadType(StressTestPersistenceUploadManager.java:594)
	at com.topcoder.management.deliverable.stresstests.StressTestPersistenceUploadManager.testRemoveUploadType(StressTestPersistenceUploadManager.java:367)
	at sun.reflect.NativeMethodAccessorImpl.invoke0(Native Method)
	at sun.reflect.NativeMethodAccessorImpl.invoke(NativeMethodAccessorImpl.java:57)
	at sun.reflect.DelegatingMethodAccessorImpl.invoke(DelegatingMethodAccessorImpl.java:43)
	at java.lang.reflect.Method.invoke(Method.java:616)
	at junit.framework.TestCase.runTest(TestCase.java:168)
	at junit.framework.TestCase.runBare(TestCase.java:134)
	at junit.framework.TestResult$1.protect(TestResult.java:110)
	at junit.framework.TestResult.runProtected(TestResult.java:128)
	at junit.framework.TestResult.run(TestResult.java:113)
	at junit.framework.TestCase.run(TestCase.java:124)
	at junit.framework.TestSuite.runTest(TestSuite.java:232)
	at junit.framework.TestSuite.run(TestSuite.java:227)
	at junit.framework.TestSuite.runTest(TestSuite.java:232)
	at junit.framework.TestSuite.run(TestSuite.java:227)
	at junit.framework.TestSuite.runTest(TestSuite.java:232)
	at junit.framework.TestSuite.run(TestSuite.java:227)
	at org.apache.tools.ant.taskdefs.optional.junit.JUnitTestRunner.run(JUnitTestRunner.java:420)
	at org.apache.tools.ant.taskdefs.optional.junit.JUnitTestRunner.launch(JUnitTestRunner.java:911)
	at org.apache.tools.ant.taskdefs.optional.junit.JUnitTestRunner.main(JUnitTestRunner.java:768)
generate next id from the idGenerator:upload_type_id_seq
com.topcoder.util.config.UnknownNamespaceException: com.topcoder.util.log is unknown
	at com.topcoder.util.config.DefaultConfigManager.getPropertyObject(DefaultConfigManager.java:429)
	at com.topcoder.util.config.DefaultConfigManager.getString(DefaultConfigManager.java:449)
	at com.topcoder.util.log.LogFactory.getAttribute(LogFactory.java:224)
	at com.topcoder.util.log.basic.BasicLog.log(BasicLog.java:74)
	at com.topcoder.management.deliverable.PersistenceUploadManager.createUploadType(PersistenceUploadManager.java:453)
	at com.topcoder.management.deliverable.stresstests.StressTestPersistenceUploadManager.testCreateUploadType(StressTestPersistenceUploadManager.java:594)
	at com.topcoder.management.deliverable.stresstests.StressTestPersistenceUploadManager.testRemoveUploadType(StressTestPersistenceUploadManager.java:367)
	at sun.reflect.NativeMethodAccessorImpl.invoke0(Native Method)
	at sun.reflect.NativeMethodAccessorImpl.invoke(NativeMethodAccessorImpl.java:57)
	at sun.reflect.DelegatingMethodAccessorImpl.invoke(DelegatingMethodAccessorImpl.java:43)
	at java.lang.reflect.Method.invoke(Method.java:616)
	at junit.framework.TestCase.runTest(TestCase.java:168)
	at junit.framework.TestCase.runBare(TestCase.java:134)
	at junit.framework.TestResult$1.protect(TestResult.java:110)
	at junit.framework.TestResult.runProtected(TestResult.java:128)
	at junit.framework.TestResult.run(TestResult.java:113)
	at junit.framework.TestCase.run(TestCase.java:124)
	at junit.framework.TestSuite.runTest(TestSuite.java:232)
	at junit.framework.TestSuite.run(TestSuite.java:227)
	at junit.framework.TestSuite.runTest(TestSuite.java:232)
	at junit.framework.TestSuite.run(TestSuite.java:227)
	at junit.framework.TestSuite.runTest(TestSuite.java:232)
	at junit.framework.TestSuite.run(TestSuite.java:227)
	at org.apache.tools.ant.taskdefs.optional.junit.JUnitTestRunner.run(JUnitTestRunner.java:420)
	at org.apache.tools.ant.taskdefs.optional.junit.JUnitTestRunner.launch(JUnitTestRunner.java:911)
	at org.apache.tools.ant.taskdefs.optional.junit.JUnitTestRunner.main(JUnitTestRunner.java:768)
type: UploadType id: Unknown operator:stress - Create new UploadType.
com.topcoder.util.config.UnknownNamespaceException: com.topcoder.util.log is unknown
	at com.topcoder.util.config.DefaultConfigManager.getPropertyObject(DefaultConfigManager.java:429)
	at com.topcoder.util.config.DefaultConfigManager.getString(DefaultConfigManager.java:449)
	at com.topcoder.util.log.LogFactory.getAttribute(LogFactory.java:224)
	at com.topcoder.util.log.basic.BasicLog.log(BasicLog.java:74)
	at com.topcoder.management.deliverable.PersistenceUploadManager.persistenceUploadManagerHelper(PersistenceUploadManager.java:966)
	at com.topcoder.management.deliverable.PersistenceUploadManager.createUploadType(PersistenceUploadManager.java:454)
	at com.topcoder.management.deliverable.stresstests.StressTestPersistenceUploadManager.testCreateUploadType(StressTestPersistenceUploadManager.java:594)
	at com.topcoder.management.deliverable.stresstests.StressTestPersistenceUploadManager.testRemoveUploadType(StressTestPersistenceUploadManager.java:367)
	at sun.reflect.NativeMethodAccessorImpl.invoke0(Native Method)
	at sun.reflect.NativeMethodAccessorImpl.invoke(NativeMethodAccessorImpl.java:57)
	at sun.reflect.DelegatingMethodAccessorImpl.invoke(DelegatingMethodAccessorImpl.java:43)
	at java.lang.reflect.Method.invoke(Method.java:616)
	at junit.framework.TestCase.runTest(TestCase.java:168)
	at junit.framework.TestCase.runBare(TestCase.java:134)
	at junit.framework.TestResult$1.protect(TestResult.java:110)
	at junit.framework.TestResult.runProtected(TestResult.java:128)
	at junit.framework.TestResult.run(TestResult.java:113)
	at junit.framework.TestCase.run(TestCase.java:124)
	at junit.framework.TestSuite.runTest(TestSuite.java:232)
	at junit.framework.TestSuite.run(TestSuite.java:227)
	at junit.framework.TestSuite.runTest(TestSuite.java:232)
	at junit.framework.TestSuite.run(TestSuite.java:227)
	at junit.framework.TestSuite.runTest(TestSuite.java:232)
	at junit.framework.TestSuite.run(TestSuite.java:227)
	at org.apache.tools.ant.taskdefs.optional.junit.JUnitTestRunner.run(JUnitTestRunner.java:420)
	at org.apache.tools.ant.taskdefs.optional.junit.JUnitTestRunner.launch(JUnitTestRunner.java:911)
	at org.apache.tools.ant.taskdefs.optional.junit.JUnitTestRunner.main(JUnitTestRunner.java:768)
generate next id from the idGenerator:upload_type_id_seq
com.topcoder.util.config.UnknownNamespaceException: com.topcoder.util.log is unknown
	at com.topcoder.util.config.DefaultConfigManager.getPropertyObject(DefaultConfigManager.java:429)
	at com.topcoder.util.config.DefaultConfigManager.getString(DefaultConfigManager.java:449)
	at com.topcoder.util.log.LogFactory.getAttribute(LogFactory.java:224)
	at com.topcoder.util.log.basic.BasicLog.log(BasicLog.java:74)
	at com.topcoder.management.deliverable.PersistenceUploadManager.removeUploadType(PersistenceUploadManager.java:506)
	at com.topcoder.management.deliverable.stresstests.StressTestPersistenceUploadManager.testRemoveUploadType(StressTestPersistenceUploadManager.java:378)
	at sun.reflect.NativeMethodAccessorImpl.invoke0(Native Method)
	at sun.reflect.NativeMethodAccessorImpl.invoke(NativeMethodAccessorImpl.java:57)
	at sun.reflect.DelegatingMethodAccessorImpl.invoke(DelegatingMethodAccessorImpl.java:43)
	at java.lang.reflect.Method.invoke(Method.java:616)
	at junit.framework.TestCase.runTest(TestCase.java:168)
	at junit.framework.TestCase.runBare(TestCase.java:134)
	at junit.framework.TestResult$1.protect(TestResult.java:110)
	at junit.framework.TestResult.runProtected(TestResult.java:128)
	at junit.framework.TestResult.run(TestResult.java:113)
	at junit.framework.TestCase.run(TestCase.java:124)
	at junit.framework.TestSuite.runTest(TestSuite.java:232)
	at junit.framework.TestSuite.run(TestSuite.java:227)
	at junit.framework.TestSuite.runTest(TestSuite.java:232)
	at junit.framework.TestSuite.run(TestSuite.java:227)
	at junit.framework.TestSuite.runTest(TestSuite.java:232)
	at junit.framework.TestSuite.run(TestSuite.java:227)
	at org.apache.tools.ant.taskdefs.optional.junit.JUnitTestRunner.run(JUnitTestRunner.java:420)
	at org.apache.tools.ant.taskdefs.optional.junit.JUnitTestRunner.launch(JUnitTestRunner.java:911)
	at org.apache.tools.ant.taskdefs.optional.junit.JUnitTestRunner.main(JUnitTestRunner.java:768)
type: UploadType id: 100 operator:stress - remove UploadType.
com.topcoder.util.config.UnknownNamespaceException: com.topcoder.util.log is unknown
	at com.topcoder.util.config.DefaultConfigManager.getPropertyObject(DefaultConfigManager.java:429)
	at com.topcoder.util.config.DefaultConfigManager.getString(DefaultConfigManager.java:449)
	at com.topcoder.util.log.LogFactory.getAttribute(LogFactory.java:224)
	at com.topcoder.util.log.basic.BasicLog.log(BasicLog.java:74)
	at com.topcoder.management.deliverable.PersistenceUploadManager.removeUploadType(PersistenceUploadManager.java:506)
	at com.topcoder.management.deliverable.stresstests.StressTestPersistenceUploadManager.testRemoveUploadType(StressTestPersistenceUploadManager.java:378)
	at sun.reflect.NativeMethodAccessorImpl.invoke0(Native Method)
	at sun.reflect.NativeMethodAccessorImpl.invoke(NativeMethodAccessorImpl.java:57)
	at sun.reflect.DelegatingMethodAccessorImpl.invoke(DelegatingMethodAccessorImpl.java:43)
	at java.lang.reflect.Method.invoke(Method.java:616)
	at junit.framework.TestCase.runTest(TestCase.java:168)
	at junit.framework.TestCase.runBare(TestCase.java:134)
	at junit.framework.TestResult$1.protect(TestResult.java:110)
	at junit.framework.TestResult.runProtected(TestResult.java:128)
	at junit.framework.TestResult.run(TestResult.java:113)
	at junit.framework.TestCase.run(TestCase.java:124)
	at junit.framework.TestSuite.runTest(TestSuite.java:232)
	at junit.framework.TestSuite.run(TestSuite.java:227)
	at junit.framework.TestSuite.runTest(TestSuite.java:232)
	at junit.framework.TestSuite.run(TestSuite.java:227)
	at junit.framework.TestSuite.runTest(TestSuite.java:232)
	at junit.framework.TestSuite.run(TestSuite.java:227)
	at org.apache.tools.ant.taskdefs.optional.junit.JUnitTestRunner.run(JUnitTestRunner.java:420)
	at org.apache.tools.ant.taskdefs.optional.junit.JUnitTestRunner.launch(JUnitTestRunner.java:911)
	at org.apache.tools.ant.taskdefs.optional.junit.JUnitTestRunner.main(JUnitTestRunner.java:768)
type: UploadType id: 100 operator:stress - remove UploadType.
com.topcoder.util.config.UnknownNamespaceException: com.topcoder.util.log is unknown
	at com.topcoder.util.config.DefaultConfigManager.getPropertyObject(DefaultConfigManager.java:429)
	at com.topcoder.util.config.DefaultConfigManager.getString(DefaultConfigManager.java:449)
	at com.topcoder.util.log.LogFactory.getAttribute(LogFactory.java:224)
	at com.topcoder.util.log.basic.BasicLog.log(BasicLog.java:74)
	at com.topcoder.management.deliverable.stresstests.StressTestPersistenceUploadManager.tearDown(StressTestPersistenceUploadManager.java:121)
	at junit.framework.TestCase.runBare(TestCase.java:140)
	at junit.framework.TestResult$1.protect(TestResult.java:110)
	at junit.framework.TestResult.runProtected(TestResult.java:128)
	at junit.framework.TestResult.run(TestResult.java:113)
	at junit.framework.TestCase.run(TestCase.java:124)
	at junit.framework.TestSuite.runTest(TestSuite.java:232)
	at junit.framework.TestSuite.run(TestSuite.java:227)
	at junit.framework.TestSuite.runTest(TestSuite.java:232)
	at junit.framework.TestSuite.run(TestSuite.java:227)
	at junit.framework.TestSuite.runTest(TestSuite.java:232)
	at junit.framework.TestSuite.run(TestSuite.java:227)
	at org.apache.tools.ant.taskdefs.optional.junit.JUnitTestRunner.run(JUnitTestRunner.java:420)
	at org.apache.tools.ant.taskdefs.optional.junit.JUnitTestRunner.launch(JUnitTestRunner.java:911)
	at org.apache.tools.ant.taskdefs.optional.junit.JUnitTestRunner.main(JUnitTestRunner.java:768)
StressTestPersistenceUploadManager - tearDown - start
com.topcoder.util.config.UnknownNamespaceException: com.topcoder.util.log is unknown
	at com.topcoder.util.config.DefaultConfigManager.getPropertyObject(DefaultConfigManager.java:429)
	at com.topcoder.util.config.DefaultConfigManager.getString(DefaultConfigManager.java:449)
	at com.topcoder.util.log.LogFactory.getAttribute(LogFactory.java:224)
	at com.topcoder.util.log.basic.BasicLog.log(BasicLog.java:74)
	at com.topcoder.management.deliverable.stresstests.StressTestPersistenceUploadManager.tearDown(StressTestPersistenceUploadManager.java:126)
	at junit.framework.TestCase.runBare(TestCase.java:140)
	at junit.framework.TestResult$1.protect(TestResult.java:110)
	at junit.framework.TestResult.runProtected(TestResult.java:128)
	at junit.framework.TestResult.run(TestResult.java:113)
	at junit.framework.TestCase.run(TestCase.java:124)
	at junit.framework.TestSuite.runTest(TestSuite.java:232)
	at junit.framework.TestSuite.run(TestSuite.java:227)
	at junit.framework.TestSuite.runTest(TestSuite.java:232)
	at junit.framework.TestSuite.run(TestSuite.java:227)
	at junit.framework.TestSuite.runTest(TestSuite.java:232)
	at junit.framework.TestSuite.run(TestSuite.java:227)
	at org.apache.tools.ant.taskdefs.optional.junit.JUnitTestRunner.run(JUnitTestRunner.java:420)
	at org.apache.tools.ant.taskdefs.optional.junit.JUnitTestRunner.launch(JUnitTestRunner.java:911)
	at org.apache.tools.ant.taskdefs.optional.junit.JUnitTestRunner.main(JUnitTestRunner.java:768)
StressTestPersistenceUploadManager - tearDown - end
com.topcoder.util.config.UnknownNamespaceException: com.topcoder.util.log is unknown
	at com.topcoder.util.config.DefaultConfigManager.getPropertyObject(DefaultConfigManager.java:429)
	at com.topcoder.util.config.DefaultConfigManager.getString(DefaultConfigManager.java:449)
	at com.topcoder.util.log.LogFactory.getAttribute(LogFactory.java:224)
	at com.topcoder.util.log.basic.BasicLog.log(BasicLog.java:74)
	at com.topcoder.management.deliverable.stresstests.StressTestPersistenceUploadManager.setUp(StressTestPersistenceUploadManager.java:71)
	at junit.framework.TestCase.runBare(TestCase.java:132)
	at junit.framework.TestResult$1.protect(TestResult.java:110)
	at junit.framework.TestResult.runProtected(TestResult.java:128)
	at junit.framework.TestResult.run(TestResult.java:113)
	at junit.framework.TestCase.run(TestCase.java:124)
	at junit.framework.TestSuite.runTest(TestSuite.java:232)
	at junit.framework.TestSuite.run(TestSuite.java:227)
	at junit.framework.TestSuite.runTest(TestSuite.java:232)
	at junit.framework.TestSuite.run(TestSuite.java:227)
	at junit.framework.TestSuite.runTest(TestSuite.java:232)
	at junit.framework.TestSuite.run(TestSuite.java:227)
	at org.apache.tools.ant.taskdefs.optional.junit.JUnitTestRunner.run(JUnitTestRunner.java:420)
	at org.apache.tools.ant.taskdefs.optional.junit.JUnitTestRunner.launch(JUnitTestRunner.java:911)
	at org.apache.tools.ant.taskdefs.optional.junit.JUnitTestRunner.main(JUnitTestRunner.java:768)
StressTestPersistenceUploadManager - setUp - start
com.topcoder.util.config.UnknownNamespaceException: com.topcoder.util.log is unknown
	at com.topcoder.util.config.DefaultConfigManager.getPropertyObject(DefaultConfigManager.java:429)
	at com.topcoder.util.config.DefaultConfigManager.getString(DefaultConfigManager.java:449)
	at com.topcoder.util.log.LogFactory.getAttribute(LogFactory.java:224)
	at com.topcoder.util.log.basic.BasicLog.log(BasicLog.java:74)
	at com.topcoder.management.deliverable.PersistenceUploadManager.<init>(PersistenceUploadManager.java:260)
	at com.topcoder.management.deliverable.PersistenceUploadManager.<init>(PersistenceUploadManager.java:306)
	at com.topcoder.management.deliverable.stresstests.StressTestPersistenceUploadManager.setUp(StressTestPersistenceUploadManager.java:109)
	at junit.framework.TestCase.runBare(TestCase.java:132)
	at junit.framework.TestResult$1.protect(TestResult.java:110)
	at junit.framework.TestResult.runProtected(TestResult.java:128)
	at junit.framework.TestResult.run(TestResult.java:113)
	at junit.framework.TestCase.run(TestCase.java:124)
	at junit.framework.TestSuite.runTest(TestSuite.java:232)
	at junit.framework.TestSuite.run(TestSuite.java:227)
	at junit.framework.TestSuite.runTest(TestSuite.java:232)
	at junit.framework.TestSuite.run(TestSuite.java:227)
	at junit.framework.TestSuite.runTest(TestSuite.java:232)
	at junit.framework.TestSuite.run(TestSuite.java:227)
	at org.apache.tools.ant.taskdefs.optional.junit.JUnitTestRunner.run(JUnitTestRunner.java:420)
	at org.apache.tools.ant.taskdefs.optional.junit.JUnitTestRunner.launch(JUnitTestRunner.java:911)
	at org.apache.tools.ant.taskdefs.optional.junit.JUnitTestRunner.main(JUnitTestRunner.java:768)
Instantiate PersistenceUploadManager with UploadPersistence, uploadSearchBundle, submissionSearchBundle, uploadIdGenerator, uploadTypeIdGenerator, uploadStatusIdGenerator, submissionIDGenerator and submissionStatusIdGenerator.
com.topcoder.util.config.UnknownNamespaceException: com.topcoder.util.log is unknown
	at com.topcoder.util.config.DefaultConfigManager.getPropertyObject(DefaultConfigManager.java:429)
	at com.topcoder.util.config.DefaultConfigManager.getString(DefaultConfigManager.java:449)
	at com.topcoder.util.log.LogFactory.getAttribute(LogFactory.java:224)
	at com.topcoder.util.log.basic.BasicLog.log(BasicLog.java:74)
	at com.topcoder.management.deliverable.stresstests.StressTestPersistenceUploadManager.setUp(StressTestPersistenceUploadManager.java:111)
	at junit.framework.TestCase.runBare(TestCase.java:132)
	at junit.framework.TestResult$1.protect(TestResult.java:110)
	at junit.framework.TestResult.runProtected(TestResult.java:128)
	at junit.framework.TestResult.run(TestResult.java:113)
	at junit.framework.TestCase.run(TestCase.java:124)
	at junit.framework.TestSuite.runTest(TestSuite.java:232)
	at junit.framework.TestSuite.run(TestSuite.java:227)
	at junit.framework.TestSuite.runTest(TestSuite.java:232)
	at junit.framework.TestSuite.run(TestSuite.java:227)
	at junit.framework.TestSuite.runTest(TestSuite.java:232)
	at junit.framework.TestSuite.run(TestSuite.java:227)
	at org.apache.tools.ant.taskdefs.optional.junit.JUnitTestRunner.run(JUnitTestRunner.java:420)
	at org.apache.tools.ant.taskdefs.optional.junit.JUnitTestRunner.launch(JUnitTestRunner.java:911)
	at org.apache.tools.ant.taskdefs.optional.junit.JUnitTestRunner.main(JUnitTestRunner.java:768)
StressTestPersistenceUploadManager - setUp - end
com.topcoder.util.config.UnknownNamespaceException: com.topcoder.util.log is unknown
	at com.topcoder.util.config.DefaultConfigManager.getPropertyObject(DefaultConfigManager.java:429)
	at com.topcoder.util.config.DefaultConfigManager.getString(DefaultConfigManager.java:449)
	at com.topcoder.util.log.LogFactory.getAttribute(LogFactory.java:224)
	at com.topcoder.util.log.basic.BasicLog.log(BasicLog.java:74)
	at com.topcoder.management.deliverable.PersistenceUploadManager.createUploadType(PersistenceUploadManager.java:453)
	at com.topcoder.management.deliverable.stresstests.StressTestPersistenceUploadManager.testCreateUploadType(StressTestPersistenceUploadManager.java:594)
	at com.topcoder.management.deliverable.stresstests.StressTestPersistenceUploadManager.testGetAllUploadTypes(StressTestPersistenceUploadManager.java:391)
	at sun.reflect.NativeMethodAccessorImpl.invoke0(Native Method)
	at sun.reflect.NativeMethodAccessorImpl.invoke(NativeMethodAccessorImpl.java:57)
	at sun.reflect.DelegatingMethodAccessorImpl.invoke(DelegatingMethodAccessorImpl.java:43)
	at java.lang.reflect.Method.invoke(Method.java:616)
	at junit.framework.TestCase.runTest(TestCase.java:168)
	at junit.framework.TestCase.runBare(TestCase.java:134)
	at junit.framework.TestResult$1.protect(TestResult.java:110)
	at junit.framework.TestResult.runProtected(TestResult.java:128)
	at junit.framework.TestResult.run(TestResult.java:113)
	at junit.framework.TestCase.run(TestCase.java:124)
	at junit.framework.TestSuite.runTest(TestSuite.java:232)
	at junit.framework.TestSuite.run(TestSuite.java:227)
	at junit.framework.TestSuite.runTest(TestSuite.java:232)
	at junit.framework.TestSuite.run(TestSuite.java:227)
	at junit.framework.TestSuite.runTest(TestSuite.java:232)
	at junit.framework.TestSuite.run(TestSuite.java:227)
	at org.apache.tools.ant.taskdefs.optional.junit.JUnitTestRunner.run(JUnitTestRunner.java:420)
	at org.apache.tools.ant.taskdefs.optional.junit.JUnitTestRunner.launch(JUnitTestRunner.java:911)
	at org.apache.tools.ant.taskdefs.optional.junit.JUnitTestRunner.main(JUnitTestRunner.java:768)
type: UploadType id: Unknown operator:stress - Create new UploadType.
com.topcoder.util.config.UnknownNamespaceException: com.topcoder.util.log is unknown
	at com.topcoder.util.config.DefaultConfigManager.getPropertyObject(DefaultConfigManager.java:429)
	at com.topcoder.util.config.DefaultConfigManager.getString(DefaultConfigManager.java:449)
	at com.topcoder.util.log.LogFactory.getAttribute(LogFactory.java:224)
	at com.topcoder.util.log.basic.BasicLog.log(BasicLog.java:74)
	at com.topcoder.management.deliverable.PersistenceUploadManager.persistenceUploadManagerHelper(PersistenceUploadManager.java:966)
	at com.topcoder.management.deliverable.PersistenceUploadManager.createUploadType(PersistenceUploadManager.java:454)
	at com.topcoder.management.deliverable.stresstests.StressTestPersistenceUploadManager.testCreateUploadType(StressTestPersistenceUploadManager.java:594)
	at com.topcoder.management.deliverable.stresstests.StressTestPersistenceUploadManager.testGetAllUploadTypes(StressTestPersistenceUploadManager.java:391)
	at sun.reflect.NativeMethodAccessorImpl.invoke0(Native Method)
	at sun.reflect.NativeMethodAccessorImpl.invoke(NativeMethodAccessorImpl.java:57)
	at sun.reflect.DelegatingMethodAccessorImpl.invoke(DelegatingMethodAccessorImpl.java:43)
	at java.lang.reflect.Method.invoke(Method.java:616)
	at junit.framework.TestCase.runTest(TestCase.java:168)
	at junit.framework.TestCase.runBare(TestCase.java:134)
	at junit.framework.TestResult$1.protect(TestResult.java:110)
	at junit.framework.TestResult.runProtected(TestResult.java:128)
	at junit.framework.TestResult.run(TestResult.java:113)
	at junit.framework.TestCase.run(TestCase.java:124)
	at junit.framework.TestSuite.runTest(TestSuite.java:232)
	at junit.framework.TestSuite.run(TestSuite.java:227)
	at junit.framework.TestSuite.runTest(TestSuite.java:232)
	at junit.framework.TestSuite.run(TestSuite.java:227)
	at junit.framework.TestSuite.runTest(TestSuite.java:232)
	at junit.framework.TestSuite.run(TestSuite.java:227)
	at org.apache.tools.ant.taskdefs.optional.junit.JUnitTestRunner.run(JUnitTestRunner.java:420)
	at org.apache.tools.ant.taskdefs.optional.junit.JUnitTestRunner.launch(JUnitTestRunner.java:911)
	at org.apache.tools.ant.taskdefs.optional.junit.JUnitTestRunner.main(JUnitTestRunner.java:768)
generate next id from the idGenerator:upload_type_id_seq
com.topcoder.util.config.UnknownNamespaceException: com.topcoder.util.log is unknown
	at com.topcoder.util.config.DefaultConfigManager.getPropertyObject(DefaultConfigManager.java:429)
	at com.topcoder.util.config.DefaultConfigManager.getString(DefaultConfigManager.java:449)
	at com.topcoder.util.log.LogFactory.getAttribute(LogFactory.java:224)
	at com.topcoder.util.log.basic.BasicLog.log(BasicLog.java:74)
	at com.topcoder.management.deliverable.PersistenceUploadManager.createUploadType(PersistenceUploadManager.java:453)
	at com.topcoder.management.deliverable.stresstests.StressTestPersistenceUploadManager.testCreateUploadType(StressTestPersistenceUploadManager.java:594)
	at com.topcoder.management.deliverable.stresstests.StressTestPersistenceUploadManager.testGetAllUploadTypes(StressTestPersistenceUploadManager.java:391)
	at sun.reflect.NativeMethodAccessorImpl.invoke0(Native Method)
	at sun.reflect.NativeMethodAccessorImpl.invoke(NativeMethodAccessorImpl.java:57)
	at sun.reflect.DelegatingMethodAccessorImpl.invoke(DelegatingMethodAccessorImpl.java:43)
	at java.lang.reflect.Method.invoke(Method.java:616)
	at junit.framework.TestCase.runTest(TestCase.java:168)
	at junit.framework.TestCase.runBare(TestCase.java:134)
	at junit.framework.TestResult$1.protect(TestResult.java:110)
	at junit.framework.TestResult.runProtected(TestResult.java:128)
	at junit.framework.TestResult.run(TestResult.java:113)
	at junit.framework.TestCase.run(TestCase.java:124)
	at junit.framework.TestSuite.runTest(TestSuite.java:232)
	at junit.framework.TestSuite.run(TestSuite.java:227)
	at junit.framework.TestSuite.runTest(TestSuite.java:232)
	at junit.framework.TestSuite.run(TestSuite.java:227)
	at junit.framework.TestSuite.runTest(TestSuite.java:232)
	at junit.framework.TestSuite.run(TestSuite.java:227)
	at org.apache.tools.ant.taskdefs.optional.junit.JUnitTestRunner.run(JUnitTestRunner.java:420)
	at org.apache.tools.ant.taskdefs.optional.junit.JUnitTestRunner.launch(JUnitTestRunner.java:911)
	at org.apache.tools.ant.taskdefs.optional.junit.JUnitTestRunner.main(JUnitTestRunner.java:768)
type: UploadType id: Unknown operator:stress - Create new UploadType.
com.topcoder.util.config.UnknownNamespaceException: com.topcoder.util.log is unknown
	at com.topcoder.util.config.DefaultConfigManager.getPropertyObject(DefaultConfigManager.java:429)
	at com.topcoder.util.config.DefaultConfigManager.getString(DefaultConfigManager.java:449)
	at com.topcoder.util.log.LogFactory.getAttribute(LogFactory.java:224)
	at com.topcoder.util.log.basic.BasicLog.log(BasicLog.java:74)
	at com.topcoder.management.deliverable.PersistenceUploadManager.persistenceUploadManagerHelper(PersistenceUploadManager.java:966)
	at com.topcoder.management.deliverable.PersistenceUploadManager.createUploadType(PersistenceUploadManager.java:454)
	at com.topcoder.management.deliverable.stresstests.StressTestPersistenceUploadManager.testCreateUploadType(StressTestPersistenceUploadManager.java:594)
	at com.topcoder.management.deliverable.stresstests.StressTestPersistenceUploadManager.testGetAllUploadTypes(StressTestPersistenceUploadManager.java:391)
	at sun.reflect.NativeMethodAccessorImpl.invoke0(Native Method)
	at sun.reflect.NativeMethodAccessorImpl.invoke(NativeMethodAccessorImpl.java:57)
	at sun.reflect.DelegatingMethodAccessorImpl.invoke(DelegatingMethodAccessorImpl.java:43)
	at java.lang.reflect.Method.invoke(Method.java:616)
	at junit.framework.TestCase.runTest(TestCase.java:168)
	at junit.framework.TestCase.runBare(TestCase.java:134)
	at junit.framework.TestResult$1.protect(TestResult.java:110)
	at junit.framework.TestResult.runProtected(TestResult.java:128)
	at junit.framework.TestResult.run(TestResult.java:113)
	at junit.framework.TestCase.run(TestCase.java:124)
	at junit.framework.TestSuite.runTest(TestSuite.java:232)
	at junit.framework.TestSuite.run(TestSuite.java:227)
	at junit.framework.TestSuite.runTest(TestSuite.java:232)
	at junit.framework.TestSuite.run(TestSuite.java:227)
	at junit.framework.TestSuite.runTest(TestSuite.java:232)
	at junit.framework.TestSuite.run(TestSuite.java:227)
	at org.apache.tools.ant.taskdefs.optional.junit.JUnitTestRunner.run(JUnitTestRunner.java:420)
	at org.apache.tools.ant.taskdefs.optional.junit.JUnitTestRunner.launch(JUnitTestRunner.java:911)
	at org.apache.tools.ant.taskdefs.optional.junit.JUnitTestRunner.main(JUnitTestRunner.java:768)
generate next id from the idGenerator:upload_type_id_seq
com.topcoder.util.config.UnknownNamespaceException: com.topcoder.util.log is unknown
	at com.topcoder.util.config.DefaultConfigManager.getPropertyObject(DefaultConfigManager.java:429)
	at com.topcoder.util.config.DefaultConfigManager.getString(DefaultConfigManager.java:449)
	at com.topcoder.util.log.LogFactory.getAttribute(LogFactory.java:224)
	at com.topcoder.util.log.basic.BasicLog.log(BasicLog.java:74)
	at com.topcoder.management.deliverable.PersistenceUploadManager.getAllUploadTypes(PersistenceUploadManager.java:520)
	at com.topcoder.management.deliverable.stresstests.StressTestPersistenceUploadManager.testGetAllUploadTypes(StressTestPersistenceUploadManager.java:397)
	at sun.reflect.NativeMethodAccessorImpl.invoke0(Native Method)
	at sun.reflect.NativeMethodAccessorImpl.invoke(NativeMethodAccessorImpl.java:57)
	at sun.reflect.DelegatingMethodAccessorImpl.invoke(DelegatingMethodAccessorImpl.java:43)
	at java.lang.reflect.Method.invoke(Method.java:616)
	at junit.framework.TestCase.runTest(TestCase.java:168)
	at junit.framework.TestCase.runBare(TestCase.java:134)
	at junit.framework.TestResult$1.protect(TestResult.java:110)
	at junit.framework.TestResult.runProtected(TestResult.java:128)
	at junit.framework.TestResult.run(TestResult.java:113)
	at junit.framework.TestCase.run(TestCase.java:124)
	at junit.framework.TestSuite.runTest(TestSuite.java:232)
	at junit.framework.TestSuite.run(TestSuite.java:227)
	at junit.framework.TestSuite.runTest(TestSuite.java:232)
	at junit.framework.TestSuite.run(TestSuite.java:227)
	at junit.framework.TestSuite.runTest(TestSuite.java:232)
	at junit.framework.TestSuite.run(TestSuite.java:227)
	at org.apache.tools.ant.taskdefs.optional.junit.JUnitTestRunner.run(JUnitTestRunner.java:420)
	at org.apache.tools.ant.taskdefs.optional.junit.JUnitTestRunner.launch(JUnitTestRunner.java:911)
	at org.apache.tools.ant.taskdefs.optional.junit.JUnitTestRunner.main(JUnitTestRunner.java:768)
get All upload types, delegate to persistence.
com.topcoder.util.config.UnknownNamespaceException: com.topcoder.util.log is unknown
	at com.topcoder.util.config.DefaultConfigManager.getPropertyObject(DefaultConfigManager.java:429)
	at com.topcoder.util.config.DefaultConfigManager.getString(DefaultConfigManager.java:449)
	at com.topcoder.util.log.LogFactory.getAttribute(LogFactory.java:224)
	at com.topcoder.util.log.basic.BasicLog.log(BasicLog.java:74)
	at com.topcoder.management.deliverable.PersistenceUploadManager.getAllUploadTypes(PersistenceUploadManager.java:520)
	at com.topcoder.management.deliverable.stresstests.StressTestPersistenceUploadManager.testGetAllUploadTypes(StressTestPersistenceUploadManager.java:397)
	at sun.reflect.NativeMethodAccessorImpl.invoke0(Native Method)
	at sun.reflect.NativeMethodAccessorImpl.invoke(NativeMethodAccessorImpl.java:57)
	at sun.reflect.DelegatingMethodAccessorImpl.invoke(DelegatingMethodAccessorImpl.java:43)
	at java.lang.reflect.Method.invoke(Method.java:616)
	at junit.framework.TestCase.runTest(TestCase.java:168)
	at junit.framework.TestCase.runBare(TestCase.java:134)
	at junit.framework.TestResult$1.protect(TestResult.java:110)
	at junit.framework.TestResult.runProtected(TestResult.java:128)
	at junit.framework.TestResult.run(TestResult.java:113)
	at junit.framework.TestCase.run(TestCase.java:124)
	at junit.framework.TestSuite.runTest(TestSuite.java:232)
	at junit.framework.TestSuite.run(TestSuite.java:227)
	at junit.framework.TestSuite.runTest(TestSuite.java:232)
	at junit.framework.TestSuite.run(TestSuite.java:227)
	at junit.framework.TestSuite.runTest(TestSuite.java:232)
	at junit.framework.TestSuite.run(TestSuite.java:227)
	at org.apache.tools.ant.taskdefs.optional.junit.JUnitTestRunner.run(JUnitTestRunner.java:420)
	at org.apache.tools.ant.taskdefs.optional.junit.JUnitTestRunner.launch(JUnitTestRunner.java:911)
	at org.apache.tools.ant.taskdefs.optional.junit.JUnitTestRunner.main(JUnitTestRunner.java:768)
get All upload types, delegate to persistence.
com.topcoder.util.config.UnknownNamespaceException: com.topcoder.util.log is unknown
	at com.topcoder.util.config.DefaultConfigManager.getPropertyObject(DefaultConfigManager.java:429)
	at com.topcoder.util.config.DefaultConfigManager.getString(DefaultConfigManager.java:449)
	at com.topcoder.util.log.LogFactory.getAttribute(LogFactory.java:224)
	at com.topcoder.util.log.basic.BasicLog.log(BasicLog.java:74)
	at com.topcoder.management.deliverable.stresstests.StressTestPersistenceUploadManager.tearDown(StressTestPersistenceUploadManager.java:121)
	at junit.framework.TestCase.runBare(TestCase.java:140)
	at junit.framework.TestResult$1.protect(TestResult.java:110)
	at junit.framework.TestResult.runProtected(TestResult.java:128)
	at junit.framework.TestResult.run(TestResult.java:113)
	at junit.framework.TestCase.run(TestCase.java:124)
	at junit.framework.TestSuite.runTest(TestSuite.java:232)
	at junit.framework.TestSuite.run(TestSuite.java:227)
	at junit.framework.TestSuite.runTest(TestSuite.java:232)
	at junit.framework.TestSuite.run(TestSuite.java:227)
	at junit.framework.TestSuite.runTest(TestSuite.java:232)
	at junit.framework.TestSuite.run(TestSuite.java:227)
	at org.apache.tools.ant.taskdefs.optional.junit.JUnitTestRunner.run(JUnitTestRunner.java:420)
	at org.apache.tools.ant.taskdefs.optional.junit.JUnitTestRunner.launch(JUnitTestRunner.java:911)
	at org.apache.tools.ant.taskdefs.optional.junit.JUnitTestRunner.main(JUnitTestRunner.java:768)
StressTestPersistenceUploadManager - tearDown - start
com.topcoder.util.config.UnknownNamespaceException: com.topcoder.util.log is unknown
	at com.topcoder.util.config.DefaultConfigManager.getPropertyObject(DefaultConfigManager.java:429)
	at com.topcoder.util.config.DefaultConfigManager.getString(DefaultConfigManager.java:449)
	at com.topcoder.util.log.LogFactory.getAttribute(LogFactory.java:224)
	at com.topcoder.util.log.basic.BasicLog.log(BasicLog.java:74)
	at com.topcoder.management.deliverable.stresstests.StressTestPersistenceUploadManager.tearDown(StressTestPersistenceUploadManager.java:126)
	at junit.framework.TestCase.runBare(TestCase.java:140)
	at junit.framework.TestResult$1.protect(TestResult.java:110)
	at junit.framework.TestResult.runProtected(TestResult.java:128)
	at junit.framework.TestResult.run(TestResult.java:113)
	at junit.framework.TestCase.run(TestCase.java:124)
	at junit.framework.TestSuite.runTest(TestSuite.java:232)
	at junit.framework.TestSuite.run(TestSuite.java:227)
	at junit.framework.TestSuite.runTest(TestSuite.java:232)
	at junit.framework.TestSuite.run(TestSuite.java:227)
	at junit.framework.TestSuite.runTest(TestSuite.java:232)
	at junit.framework.TestSuite.run(TestSuite.java:227)
	at org.apache.tools.ant.taskdefs.optional.junit.JUnitTestRunner.run(JUnitTestRunner.java:420)
	at org.apache.tools.ant.taskdefs.optional.junit.JUnitTestRunner.launch(JUnitTestRunner.java:911)
	at org.apache.tools.ant.taskdefs.optional.junit.JUnitTestRunner.main(JUnitTestRunner.java:768)
StressTestPersistenceUploadManager - tearDown - end
com.topcoder.util.config.UnknownNamespaceException: com.topcoder.util.log is unknown
	at com.topcoder.util.config.DefaultConfigManager.getPropertyObject(DefaultConfigManager.java:429)
	at com.topcoder.util.config.DefaultConfigManager.getString(DefaultConfigManager.java:449)
	at com.topcoder.util.log.LogFactory.getAttribute(LogFactory.java:224)
	at com.topcoder.util.log.basic.BasicLog.log(BasicLog.java:74)
	at com.topcoder.management.deliverable.stresstests.StressTestPersistenceUploadManager.setUp(StressTestPersistenceUploadManager.java:71)
	at junit.framework.TestCase.runBare(TestCase.java:132)
	at junit.framework.TestResult$1.protect(TestResult.java:110)
	at junit.framework.TestResult.runProtected(TestResult.java:128)
	at junit.framework.TestResult.run(TestResult.java:113)
	at junit.framework.TestCase.run(TestCase.java:124)
	at junit.framework.TestSuite.runTest(TestSuite.java:232)
	at junit.framework.TestSuite.run(TestSuite.java:227)
	at junit.framework.TestSuite.runTest(TestSuite.java:232)
	at junit.framework.TestSuite.run(TestSuite.java:227)
	at junit.framework.TestSuite.runTest(TestSuite.java:232)
	at junit.framework.TestSuite.run(TestSuite.java:227)
	at org.apache.tools.ant.taskdefs.optional.junit.JUnitTestRunner.run(JUnitTestRunner.java:420)
	at org.apache.tools.ant.taskdefs.optional.junit.JUnitTestRunner.launch(JUnitTestRunner.java:911)
	at org.apache.tools.ant.taskdefs.optional.junit.JUnitTestRunner.main(JUnitTestRunner.java:768)
StressTestPersistenceUploadManager - setUp - start
com.topcoder.util.config.UnknownNamespaceException: com.topcoder.util.log is unknown
	at com.topcoder.util.config.DefaultConfigManager.getPropertyObject(DefaultConfigManager.java:429)
	at com.topcoder.util.config.DefaultConfigManager.getString(DefaultConfigManager.java:449)
	at com.topcoder.util.log.LogFactory.getAttribute(LogFactory.java:224)
	at com.topcoder.util.log.basic.BasicLog.log(BasicLog.java:74)
	at com.topcoder.management.deliverable.PersistenceUploadManager.<init>(PersistenceUploadManager.java:260)
	at com.topcoder.management.deliverable.PersistenceUploadManager.<init>(PersistenceUploadManager.java:306)
	at com.topcoder.management.deliverable.stresstests.StressTestPersistenceUploadManager.setUp(StressTestPersistenceUploadManager.java:109)
	at junit.framework.TestCase.runBare(TestCase.java:132)
	at junit.framework.TestResult$1.protect(TestResult.java:110)
	at junit.framework.TestResult.runProtected(TestResult.java:128)
	at junit.framework.TestResult.run(TestResult.java:113)
	at junit.framework.TestCase.run(TestCase.java:124)
	at junit.framework.TestSuite.runTest(TestSuite.java:232)
	at junit.framework.TestSuite.run(TestSuite.java:227)
	at junit.framework.TestSuite.runTest(TestSuite.java:232)
	at junit.framework.TestSuite.run(TestSuite.java:227)
	at junit.framework.TestSuite.runTest(TestSuite.java:232)
	at junit.framework.TestSuite.run(TestSuite.java:227)
	at org.apache.tools.ant.taskdefs.optional.junit.JUnitTestRunner.run(JUnitTestRunner.java:420)
	at org.apache.tools.ant.taskdefs.optional.junit.JUnitTestRunner.launch(JUnitTestRunner.java:911)
	at org.apache.tools.ant.taskdefs.optional.junit.JUnitTestRunner.main(JUnitTestRunner.java:768)
Instantiate PersistenceUploadManager with UploadPersistence, uploadSearchBundle, submissionSearchBundle, uploadIdGenerator, uploadTypeIdGenerator, uploadStatusIdGenerator, submissionIDGenerator and submissionStatusIdGenerator.
com.topcoder.util.config.UnknownNamespaceException: com.topcoder.util.log is unknown
	at com.topcoder.util.config.DefaultConfigManager.getPropertyObject(DefaultConfigManager.java:429)
	at com.topcoder.util.config.DefaultConfigManager.getString(DefaultConfigManager.java:449)
	at com.topcoder.util.log.LogFactory.getAttribute(LogFactory.java:224)
	at com.topcoder.util.log.basic.BasicLog.log(BasicLog.java:74)
	at com.topcoder.management.deliverable.stresstests.StressTestPersistenceUploadManager.setUp(StressTestPersistenceUploadManager.java:111)
	at junit.framework.TestCase.runBare(TestCase.java:132)
	at junit.framework.TestResult$1.protect(TestResult.java:110)
	at junit.framework.TestResult.runProtected(TestResult.java:128)
	at junit.framework.TestResult.run(TestResult.java:113)
	at junit.framework.TestCase.run(TestCase.java:124)
	at junit.framework.TestSuite.runTest(TestSuite.java:232)
	at junit.framework.TestSuite.run(TestSuite.java:227)
	at junit.framework.TestSuite.runTest(TestSuite.java:232)
	at junit.framework.TestSuite.run(TestSuite.java:227)
	at junit.framework.TestSuite.runTest(TestSuite.java:232)
	at junit.framework.TestSuite.run(TestSuite.java:227)
	at org.apache.tools.ant.taskdefs.optional.junit.JUnitTestRunner.run(JUnitTestRunner.java:420)
	at org.apache.tools.ant.taskdefs.optional.junit.JUnitTestRunner.launch(JUnitTestRunner.java:911)
	at org.apache.tools.ant.taskdefs.optional.junit.JUnitTestRunner.main(JUnitTestRunner.java:768)
StressTestPersistenceUploadManager - setUp - end
com.topcoder.util.config.UnknownNamespaceException: com.topcoder.util.log is unknown
	at com.topcoder.util.config.DefaultConfigManager.getPropertyObject(DefaultConfigManager.java:429)
	at com.topcoder.util.config.DefaultConfigManager.getString(DefaultConfigManager.java:449)
	at com.topcoder.util.log.LogFactory.getAttribute(LogFactory.java:224)
	at com.topcoder.util.log.basic.BasicLog.log(BasicLog.java:74)
	at com.topcoder.management.deliverable.PersistenceUploadManager.createUploadStatus(PersistenceUploadManager.java:541)
	at com.topcoder.management.deliverable.stresstests.StressTestPersistenceUploadManager.testCreateUploadStatus(StressTestPersistenceUploadManager.java:414)
	at sun.reflect.NativeMethodAccessorImpl.invoke0(Native Method)
	at sun.reflect.NativeMethodAccessorImpl.invoke(NativeMethodAccessorImpl.java:57)
	at sun.reflect.DelegatingMethodAccessorImpl.invoke(DelegatingMethodAccessorImpl.java:43)
	at java.lang.reflect.Method.invoke(Method.java:616)
	at junit.framework.TestCase.runTest(TestCase.java:168)
	at junit.framework.TestCase.runBare(TestCase.java:134)
	at junit.framework.TestResult$1.protect(TestResult.java:110)
	at junit.framework.TestResult.runProtected(TestResult.java:128)
	at junit.framework.TestResult.run(TestResult.java:113)
	at junit.framework.TestCase.run(TestCase.java:124)
	at junit.framework.TestSuite.runTest(TestSuite.java:232)
	at junit.framework.TestSuite.run(TestSuite.java:227)
	at junit.framework.TestSuite.runTest(TestSuite.java:232)
	at junit.framework.TestSuite.run(TestSuite.java:227)
	at junit.framework.TestSuite.runTest(TestSuite.java:232)
	at junit.framework.TestSuite.run(TestSuite.java:227)
	at org.apache.tools.ant.taskdefs.optional.junit.JUnitTestRunner.run(JUnitTestRunner.java:420)
	at org.apache.tools.ant.taskdefs.optional.junit.JUnitTestRunner.launch(JUnitTestRunner.java:911)
	at org.apache.tools.ant.taskdefs.optional.junit.JUnitTestRunner.main(JUnitTestRunner.java:768)
type: UploadStatus id: Unknown operator:stress - create new UploadStatus.
com.topcoder.util.config.UnknownNamespaceException: com.topcoder.util.log is unknown
	at com.topcoder.util.config.DefaultConfigManager.getPropertyObject(DefaultConfigManager.java:429)
	at com.topcoder.util.config.DefaultConfigManager.getString(DefaultConfigManager.java:449)
	at com.topcoder.util.log.LogFactory.getAttribute(LogFactory.java:224)
	at com.topcoder.util.log.basic.BasicLog.log(BasicLog.java:74)
	at com.topcoder.management.deliverable.PersistenceUploadManager.persistenceUploadManagerHelper(PersistenceUploadManager.java:966)
	at com.topcoder.management.deliverable.PersistenceUploadManager.createUploadStatus(PersistenceUploadManager.java:542)
	at com.topcoder.management.deliverable.stresstests.StressTestPersistenceUploadManager.testCreateUploadStatus(StressTestPersistenceUploadManager.java:414)
	at sun.reflect.NativeMethodAccessorImpl.invoke0(Native Method)
	at sun.reflect.NativeMethodAccessorImpl.invoke(NativeMethodAccessorImpl.java:57)
	at sun.reflect.DelegatingMethodAccessorImpl.invoke(DelegatingMethodAccessorImpl.java:43)
	at java.lang.reflect.Method.invoke(Method.java:616)
	at junit.framework.TestCase.runTest(TestCase.java:168)
	at junit.framework.TestCase.runBare(TestCase.java:134)
	at junit.framework.TestResult$1.protect(TestResult.java:110)
	at junit.framework.TestResult.runProtected(TestResult.java:128)
	at junit.framework.TestResult.run(TestResult.java:113)
	at junit.framework.TestCase.run(TestCase.java:124)
	at junit.framework.TestSuite.runTest(TestSuite.java:232)
	at junit.framework.TestSuite.run(TestSuite.java:227)
	at junit.framework.TestSuite.runTest(TestSuite.java:232)
	at junit.framework.TestSuite.run(TestSuite.java:227)
	at junit.framework.TestSuite.runTest(TestSuite.java:232)
	at junit.framework.TestSuite.run(TestSuite.java:227)
	at org.apache.tools.ant.taskdefs.optional.junit.JUnitTestRunner.run(JUnitTestRunner.java:420)
	at org.apache.tools.ant.taskdefs.optional.junit.JUnitTestRunner.launch(JUnitTestRunner.java:911)
	at org.apache.tools.ant.taskdefs.optional.junit.JUnitTestRunner.main(JUnitTestRunner.java:768)
generate next id from the idGenerator:upload_status_id_seq
com.topcoder.util.config.UnknownNamespaceException: com.topcoder.util.log is unknown
	at com.topcoder.util.config.DefaultConfigManager.getPropertyObject(DefaultConfigManager.java:429)
	at com.topcoder.util.config.DefaultConfigManager.getString(DefaultConfigManager.java:449)
	at com.topcoder.util.log.LogFactory.getAttribute(LogFactory.java:224)
	at com.topcoder.util.log.basic.BasicLog.log(BasicLog.java:74)
	at com.topcoder.management.deliverable.PersistenceUploadManager.createUploadStatus(PersistenceUploadManager.java:541)
	at com.topcoder.management.deliverable.stresstests.StressTestPersistenceUploadManager.testCreateUploadStatus(StressTestPersistenceUploadManager.java:414)
	at sun.reflect.NativeMethodAccessorImpl.invoke0(Native Method)
	at sun.reflect.NativeMethodAccessorImpl.invoke(NativeMethodAccessorImpl.java:57)
	at sun.reflect.DelegatingMethodAccessorImpl.invoke(DelegatingMethodAccessorImpl.java:43)
	at java.lang.reflect.Method.invoke(Method.java:616)
	at junit.framework.TestCase.runTest(TestCase.java:168)
	at junit.framework.TestCase.runBare(TestCase.java:134)
	at junit.framework.TestResult$1.protect(TestResult.java:110)
	at junit.framework.TestResult.runProtected(TestResult.java:128)
	at junit.framework.TestResult.run(TestResult.java:113)
	at junit.framework.TestCase.run(TestCase.java:124)
	at junit.framework.TestSuite.runTest(TestSuite.java:232)
	at junit.framework.TestSuite.run(TestSuite.java:227)
	at junit.framework.TestSuite.runTest(TestSuite.java:232)
	at junit.framework.TestSuite.run(TestSuite.java:227)
	at junit.framework.TestSuite.runTest(TestSuite.java:232)
	at junit.framework.TestSuite.run(TestSuite.java:227)
	at org.apache.tools.ant.taskdefs.optional.junit.JUnitTestRunner.run(JUnitTestRunner.java:420)
	at org.apache.tools.ant.taskdefs.optional.junit.JUnitTestRunner.launch(JUnitTestRunner.java:911)
	at org.apache.tools.ant.taskdefs.optional.junit.JUnitTestRunner.main(JUnitTestRunner.java:768)
type: UploadStatus id: Unknown operator:stress - create new UploadStatus.
com.topcoder.util.config.UnknownNamespaceException: com.topcoder.util.log is unknown
	at com.topcoder.util.config.DefaultConfigManager.getPropertyObject(DefaultConfigManager.java:429)
	at com.topcoder.util.config.DefaultConfigManager.getString(DefaultConfigManager.java:449)
	at com.topcoder.util.log.LogFactory.getAttribute(LogFactory.java:224)
	at com.topcoder.util.log.basic.BasicLog.log(BasicLog.java:74)
	at com.topcoder.management.deliverable.PersistenceUploadManager.persistenceUploadManagerHelper(PersistenceUploadManager.java:966)
	at com.topcoder.management.deliverable.PersistenceUploadManager.createUploadStatus(PersistenceUploadManager.java:542)
	at com.topcoder.management.deliverable.stresstests.StressTestPersistenceUploadManager.testCreateUploadStatus(StressTestPersistenceUploadManager.java:414)
	at sun.reflect.NativeMethodAccessorImpl.invoke0(Native Method)
	at sun.reflect.NativeMethodAccessorImpl.invoke(NativeMethodAccessorImpl.java:57)
	at sun.reflect.DelegatingMethodAccessorImpl.invoke(DelegatingMethodAccessorImpl.java:43)
	at java.lang.reflect.Method.invoke(Method.java:616)
	at junit.framework.TestCase.runTest(TestCase.java:168)
	at junit.framework.TestCase.runBare(TestCase.java:134)
	at junit.framework.TestResult$1.protect(TestResult.java:110)
	at junit.framework.TestResult.runProtected(TestResult.java:128)
	at junit.framework.TestResult.run(TestResult.java:113)
	at junit.framework.TestCase.run(TestCase.java:124)
	at junit.framework.TestSuite.runTest(TestSuite.java:232)
	at junit.framework.TestSuite.run(TestSuite.java:227)
	at junit.framework.TestSuite.runTest(TestSuite.java:232)
	at junit.framework.TestSuite.run(TestSuite.java:227)
	at junit.framework.TestSuite.runTest(TestSuite.java:232)
	at junit.framework.TestSuite.run(TestSuite.java:227)
	at org.apache.tools.ant.taskdefs.optional.junit.JUnitTestRunner.run(JUnitTestRunner.java:420)
	at org.apache.tools.ant.taskdefs.optional.junit.JUnitTestRunner.launch(JUnitTestRunner.java:911)
	at org.apache.tools.ant.taskdefs.optional.junit.JUnitTestRunner.main(JUnitTestRunner.java:768)
generate next id from the idGenerator:upload_status_id_seq
com.topcoder.util.config.UnknownNamespaceException: com.topcoder.util.log is unknown
	at com.topcoder.util.config.DefaultConfigManager.getPropertyObject(DefaultConfigManager.java:429)
	at com.topcoder.util.config.DefaultConfigManager.getString(DefaultConfigManager.java:449)
	at com.topcoder.util.log.LogFactory.getAttribute(LogFactory.java:224)
	at com.topcoder.util.log.basic.BasicLog.log(BasicLog.java:74)
	at com.topcoder.management.deliverable.stresstests.StressTestPersistenceUploadManager.tearDown(StressTestPersistenceUploadManager.java:121)
	at junit.framework.TestCase.runBare(TestCase.java:140)
	at junit.framework.TestResult$1.protect(TestResult.java:110)
	at junit.framework.TestResult.runProtected(TestResult.java:128)
	at junit.framework.TestResult.run(TestResult.java:113)
	at junit.framework.TestCase.run(TestCase.java:124)
	at junit.framework.TestSuite.runTest(TestSuite.java:232)
	at junit.framework.TestSuite.run(TestSuite.java:227)
	at junit.framework.TestSuite.runTest(TestSuite.java:232)
	at junit.framework.TestSuite.run(TestSuite.java:227)
	at junit.framework.TestSuite.runTest(TestSuite.java:232)
	at junit.framework.TestSuite.run(TestSuite.java:227)
	at org.apache.tools.ant.taskdefs.optional.junit.JUnitTestRunner.run(JUnitTestRunner.java:420)
	at org.apache.tools.ant.taskdefs.optional.junit.JUnitTestRunner.launch(JUnitTestRunner.java:911)
	at org.apache.tools.ant.taskdefs.optional.junit.JUnitTestRunner.main(JUnitTestRunner.java:768)
StressTestPersistenceUploadManager - tearDown - start
com.topcoder.util.config.UnknownNamespaceException: com.topcoder.util.log is unknown
	at com.topcoder.util.config.DefaultConfigManager.getPropertyObject(DefaultConfigManager.java:429)
	at com.topcoder.util.config.DefaultConfigManager.getString(DefaultConfigManager.java:449)
	at com.topcoder.util.log.LogFactory.getAttribute(LogFactory.java:224)
	at com.topcoder.util.log.basic.BasicLog.log(BasicLog.java:74)
	at com.topcoder.management.deliverable.stresstests.StressTestPersistenceUploadManager.tearDown(StressTestPersistenceUploadManager.java:126)
	at junit.framework.TestCase.runBare(TestCase.java:140)
	at junit.framework.TestResult$1.protect(TestResult.java:110)
	at junit.framework.TestResult.runProtected(TestResult.java:128)
	at junit.framework.TestResult.run(TestResult.java:113)
	at junit.framework.TestCase.run(TestCase.java:124)
	at junit.framework.TestSuite.runTest(TestSuite.java:232)
	at junit.framework.TestSuite.run(TestSuite.java:227)
	at junit.framework.TestSuite.runTest(TestSuite.java:232)
	at junit.framework.TestSuite.run(TestSuite.java:227)
	at junit.framework.TestSuite.runTest(TestSuite.java:232)
	at junit.framework.TestSuite.run(TestSuite.java:227)
	at org.apache.tools.ant.taskdefs.optional.junit.JUnitTestRunner.run(JUnitTestRunner.java:420)
	at org.apache.tools.ant.taskdefs.optional.junit.JUnitTestRunner.launch(JUnitTestRunner.java:911)
	at org.apache.tools.ant.taskdefs.optional.junit.JUnitTestRunner.main(JUnitTestRunner.java:768)
StressTestPersistenceUploadManager - tearDown - end
com.topcoder.util.config.UnknownNamespaceException: com.topcoder.util.log is unknown
	at com.topcoder.util.config.DefaultConfigManager.getPropertyObject(DefaultConfigManager.java:429)
	at com.topcoder.util.config.DefaultConfigManager.getString(DefaultConfigManager.java:449)
	at com.topcoder.util.log.LogFactory.getAttribute(LogFactory.java:224)
	at com.topcoder.util.log.basic.BasicLog.log(BasicLog.java:74)
	at com.topcoder.management.deliverable.stresstests.StressTestPersistenceUploadManager.setUp(StressTestPersistenceUploadManager.java:71)
	at junit.framework.TestCase.runBare(TestCase.java:132)
	at junit.framework.TestResult$1.protect(TestResult.java:110)
	at junit.framework.TestResult.runProtected(TestResult.java:128)
	at junit.framework.TestResult.run(TestResult.java:113)
	at junit.framework.TestCase.run(TestCase.java:124)
	at junit.framework.TestSuite.runTest(TestSuite.java:232)
	at junit.framework.TestSuite.run(TestSuite.java:227)
	at junit.framework.TestSuite.runTest(TestSuite.java:232)
	at junit.framework.TestSuite.run(TestSuite.java:227)
	at junit.framework.TestSuite.runTest(TestSuite.java:232)
	at junit.framework.TestSuite.run(TestSuite.java:227)
	at org.apache.tools.ant.taskdefs.optional.junit.JUnitTestRunner.run(JUnitTestRunner.java:420)
	at org.apache.tools.ant.taskdefs.optional.junit.JUnitTestRunner.launch(JUnitTestRunner.java:911)
	at org.apache.tools.ant.taskdefs.optional.junit.JUnitTestRunner.main(JUnitTestRunner.java:768)
StressTestPersistenceUploadManager - setUp - start
com.topcoder.util.config.UnknownNamespaceException: com.topcoder.util.log is unknown
	at com.topcoder.util.config.DefaultConfigManager.getPropertyObject(DefaultConfigManager.java:429)
	at com.topcoder.util.config.DefaultConfigManager.getString(DefaultConfigManager.java:449)
	at com.topcoder.util.log.LogFactory.getAttribute(LogFactory.java:224)
	at com.topcoder.util.log.basic.BasicLog.log(BasicLog.java:74)
	at com.topcoder.management.deliverable.PersistenceUploadManager.<init>(PersistenceUploadManager.java:260)
	at com.topcoder.management.deliverable.PersistenceUploadManager.<init>(PersistenceUploadManager.java:306)
	at com.topcoder.management.deliverable.stresstests.StressTestPersistenceUploadManager.setUp(StressTestPersistenceUploadManager.java:109)
	at junit.framework.TestCase.runBare(TestCase.java:132)
	at junit.framework.TestResult$1.protect(TestResult.java:110)
	at junit.framework.TestResult.runProtected(TestResult.java:128)
	at junit.framework.TestResult.run(TestResult.java:113)
	at junit.framework.TestCase.run(TestCase.java:124)
	at junit.framework.TestSuite.runTest(TestSuite.java:232)
	at junit.framework.TestSuite.run(TestSuite.java:227)
	at junit.framework.TestSuite.runTest(TestSuite.java:232)
	at junit.framework.TestSuite.run(TestSuite.java:227)
	at junit.framework.TestSuite.runTest(TestSuite.java:232)
	at junit.framework.TestSuite.run(TestSuite.java:227)
	at org.apache.tools.ant.taskdefs.optional.junit.JUnitTestRunner.run(JUnitTestRunner.java:420)
	at org.apache.tools.ant.taskdefs.optional.junit.JUnitTestRunner.launch(JUnitTestRunner.java:911)
	at org.apache.tools.ant.taskdefs.optional.junit.JUnitTestRunner.main(JUnitTestRunner.java:768)
Instantiate PersistenceUploadManager with UploadPersistence, uploadSearchBundle, submissionSearchBundle, uploadIdGenerator, uploadTypeIdGenerator, uploadStatusIdGenerator, submissionIDGenerator and submissionStatusIdGenerator.
com.topcoder.util.config.UnknownNamespaceException: com.topcoder.util.log is unknown
	at com.topcoder.util.config.DefaultConfigManager.getPropertyObject(DefaultConfigManager.java:429)
	at com.topcoder.util.config.DefaultConfigManager.getString(DefaultConfigManager.java:449)
	at com.topcoder.util.log.LogFactory.getAttribute(LogFactory.java:224)
	at com.topcoder.util.log.basic.BasicLog.log(BasicLog.java:74)
	at com.topcoder.management.deliverable.stresstests.StressTestPersistenceUploadManager.setUp(StressTestPersistenceUploadManager.java:111)
	at junit.framework.TestCase.runBare(TestCase.java:132)
	at junit.framework.TestResult$1.protect(TestResult.java:110)
	at junit.framework.TestResult.runProtected(TestResult.java:128)
	at junit.framework.TestResult.run(TestResult.java:113)
	at junit.framework.TestCase.run(TestCase.java:124)
	at junit.framework.TestSuite.runTest(TestSuite.java:232)
	at junit.framework.TestSuite.run(TestSuite.java:227)
	at junit.framework.TestSuite.runTest(TestSuite.java:232)
	at junit.framework.TestSuite.run(TestSuite.java:227)
	at junit.framework.TestSuite.runTest(TestSuite.java:232)
	at junit.framework.TestSuite.run(TestSuite.java:227)
	at org.apache.tools.ant.taskdefs.optional.junit.JUnitTestRunner.run(JUnitTestRunner.java:420)
	at org.apache.tools.ant.taskdefs.optional.junit.JUnitTestRunner.launch(JUnitTestRunner.java:911)
	at org.apache.tools.ant.taskdefs.optional.junit.JUnitTestRunner.main(JUnitTestRunner.java:768)
StressTestPersistenceUploadManager - setUp - end
com.topcoder.util.config.UnknownNamespaceException: com.topcoder.util.log is unknown
	at com.topcoder.util.config.DefaultConfigManager.getPropertyObject(DefaultConfigManager.java:429)
	at com.topcoder.util.config.DefaultConfigManager.getString(DefaultConfigManager.java:449)
	at com.topcoder.util.log.LogFactory.getAttribute(LogFactory.java:224)
	at com.topcoder.util.log.basic.BasicLog.log(BasicLog.java:74)
	at com.topcoder.management.deliverable.PersistenceUploadManager.createUploadStatus(PersistenceUploadManager.java:541)
	at com.topcoder.management.deliverable.stresstests.StressTestPersistenceUploadManager.testUpdateUploadStatus(StressTestPersistenceUploadManager.java:431)
	at sun.reflect.NativeMethodAccessorImpl.invoke0(Native Method)
	at sun.reflect.NativeMethodAccessorImpl.invoke(NativeMethodAccessorImpl.java:57)
	at sun.reflect.DelegatingMethodAccessorImpl.invoke(DelegatingMethodAccessorImpl.java:43)
	at java.lang.reflect.Method.invoke(Method.java:616)
	at junit.framework.TestCase.runTest(TestCase.java:168)
	at junit.framework.TestCase.runBare(TestCase.java:134)
	at junit.framework.TestResult$1.protect(TestResult.java:110)
	at junit.framework.TestResult.runProtected(TestResult.java:128)
	at junit.framework.TestResult.run(TestResult.java:113)
	at junit.framework.TestCase.run(TestCase.java:124)
	at junit.framework.TestSuite.runTest(TestSuite.java:232)
	at junit.framework.TestSuite.run(TestSuite.java:227)
	at junit.framework.TestSuite.runTest(TestSuite.java:232)
	at junit.framework.TestSuite.run(TestSuite.java:227)
	at junit.framework.TestSuite.runTest(TestSuite.java:232)
	at junit.framework.TestSuite.run(TestSuite.java:227)
	at org.apache.tools.ant.taskdefs.optional.junit.JUnitTestRunner.run(JUnitTestRunner.java:420)
	at org.apache.tools.ant.taskdefs.optional.junit.JUnitTestRunner.launch(JUnitTestRunner.java:911)
	at org.apache.tools.ant.taskdefs.optional.junit.JUnitTestRunner.main(JUnitTestRunner.java:768)
type: UploadStatus id: Unknown operator:create - create new UploadStatus.
com.topcoder.util.config.UnknownNamespaceException: com.topcoder.util.log is unknown
	at com.topcoder.util.config.DefaultConfigManager.getPropertyObject(DefaultConfigManager.java:429)
	at com.topcoder.util.config.DefaultConfigManager.getString(DefaultConfigManager.java:449)
	at com.topcoder.util.log.LogFactory.getAttribute(LogFactory.java:224)
	at com.topcoder.util.log.basic.BasicLog.log(BasicLog.java:74)
	at com.topcoder.management.deliverable.PersistenceUploadManager.persistenceUploadManagerHelper(PersistenceUploadManager.java:966)
	at com.topcoder.management.deliverable.PersistenceUploadManager.createUploadStatus(PersistenceUploadManager.java:542)
	at com.topcoder.management.deliverable.stresstests.StressTestPersistenceUploadManager.testUpdateUploadStatus(StressTestPersistenceUploadManager.java:431)
	at sun.reflect.NativeMethodAccessorImpl.invoke0(Native Method)
	at sun.reflect.NativeMethodAccessorImpl.invoke(NativeMethodAccessorImpl.java:57)
	at sun.reflect.DelegatingMethodAccessorImpl.invoke(DelegatingMethodAccessorImpl.java:43)
	at java.lang.reflect.Method.invoke(Method.java:616)
	at junit.framework.TestCase.runTest(TestCase.java:168)
	at junit.framework.TestCase.runBare(TestCase.java:134)
	at junit.framework.TestResult$1.protect(TestResult.java:110)
	at junit.framework.TestResult.runProtected(TestResult.java:128)
	at junit.framework.TestResult.run(TestResult.java:113)
	at junit.framework.TestCase.run(TestCase.java:124)
	at junit.framework.TestSuite.runTest(TestSuite.java:232)
	at junit.framework.TestSuite.run(TestSuite.java:227)
	at junit.framework.TestSuite.runTest(TestSuite.java:232)
	at junit.framework.TestSuite.run(TestSuite.java:227)
	at junit.framework.TestSuite.runTest(TestSuite.java:232)
	at junit.framework.TestSuite.run(TestSuite.java:227)
	at org.apache.tools.ant.taskdefs.optional.junit.JUnitTestRunner.run(JUnitTestRunner.java:420)
	at org.apache.tools.ant.taskdefs.optional.junit.JUnitTestRunner.launch(JUnitTestRunner.java:911)
	at org.apache.tools.ant.taskdefs.optional.junit.JUnitTestRunner.main(JUnitTestRunner.java:768)
generate next id from the idGenerator:upload_status_id_seq
com.topcoder.util.config.UnknownNamespaceException: com.topcoder.util.log is unknown
	at com.topcoder.util.config.DefaultConfigManager.getPropertyObject(DefaultConfigManager.java:429)
	at com.topcoder.util.config.DefaultConfigManager.getString(DefaultConfigManager.java:449)
	at com.topcoder.util.log.LogFactory.getAttribute(LogFactory.java:224)
	at com.topcoder.util.log.basic.BasicLog.log(BasicLog.java:74)
	at com.topcoder.management.deliverable.PersistenceUploadManager.updateUploadStatus(PersistenceUploadManager.java:569)
	at com.topcoder.management.deliverable.stresstests.StressTestPersistenceUploadManager.testUpdateUploadStatus(StressTestPersistenceUploadManager.java:436)
	at sun.reflect.NativeMethodAccessorImpl.invoke0(Native Method)
	at sun.reflect.NativeMethodAccessorImpl.invoke(NativeMethodAccessorImpl.java:57)
	at sun.reflect.DelegatingMethodAccessorImpl.invoke(DelegatingMethodAccessorImpl.java:43)
	at java.lang.reflect.Method.invoke(Method.java:616)
	at junit.framework.TestCase.runTest(TestCase.java:168)
	at junit.framework.TestCase.runBare(TestCase.java:134)
	at junit.framework.TestResult$1.protect(TestResult.java:110)
	at junit.framework.TestResult.runProtected(TestResult.java:128)
	at junit.framework.TestResult.run(TestResult.java:113)
	at junit.framework.TestCase.run(TestCase.java:124)
	at junit.framework.TestSuite.runTest(TestSuite.java:232)
	at junit.framework.TestSuite.run(TestSuite.java:227)
	at junit.framework.TestSuite.runTest(TestSuite.java:232)
	at junit.framework.TestSuite.run(TestSuite.java:227)
	at junit.framework.TestSuite.runTest(TestSuite.java:232)
	at junit.framework.TestSuite.run(TestSuite.java:227)
	at org.apache.tools.ant.taskdefs.optional.junit.JUnitTestRunner.run(JUnitTestRunner.java:420)
	at org.apache.tools.ant.taskdefs.optional.junit.JUnitTestRunner.launch(JUnitTestRunner.java:911)
	at org.apache.tools.ant.taskdefs.optional.junit.JUnitTestRunner.main(JUnitTestRunner.java:768)
type: UploadStatus id: 10 operator:stress - create new UploadStatus.
com.topcoder.util.config.UnknownNamespaceException: com.topcoder.util.log is unknown
	at com.topcoder.util.config.DefaultConfigManager.getPropertyObject(DefaultConfigManager.java:429)
	at com.topcoder.util.config.DefaultConfigManager.getString(DefaultConfigManager.java:449)
	at com.topcoder.util.log.LogFactory.getAttribute(LogFactory.java:224)
	at com.topcoder.util.log.basic.BasicLog.log(BasicLog.java:74)
	at com.topcoder.management.deliverable.PersistenceUploadManager.updateUploadStatus(PersistenceUploadManager.java:569)
	at com.topcoder.management.deliverable.stresstests.StressTestPersistenceUploadManager.testUpdateUploadStatus(StressTestPersistenceUploadManager.java:436)
	at sun.reflect.NativeMethodAccessorImpl.invoke0(Native Method)
	at sun.reflect.NativeMethodAccessorImpl.invoke(NativeMethodAccessorImpl.java:57)
	at sun.reflect.DelegatingMethodAccessorImpl.invoke(DelegatingMethodAccessorImpl.java:43)
	at java.lang.reflect.Method.invoke(Method.java:616)
	at junit.framework.TestCase.runTest(TestCase.java:168)
	at junit.framework.TestCase.runBare(TestCase.java:134)
	at junit.framework.TestResult$1.protect(TestResult.java:110)
	at junit.framework.TestResult.runProtected(TestResult.java:128)
	at junit.framework.TestResult.run(TestResult.java:113)
	at junit.framework.TestCase.run(TestCase.java:124)
	at junit.framework.TestSuite.runTest(TestSuite.java:232)
	at junit.framework.TestSuite.run(TestSuite.java:227)
	at junit.framework.TestSuite.runTest(TestSuite.java:232)
	at junit.framework.TestSuite.run(TestSuite.java:227)
	at junit.framework.TestSuite.runTest(TestSuite.java:232)
	at junit.framework.TestSuite.run(TestSuite.java:227)
	at org.apache.tools.ant.taskdefs.optional.junit.JUnitTestRunner.run(JUnitTestRunner.java:420)
	at org.apache.tools.ant.taskdefs.optional.junit.JUnitTestRunner.launch(JUnitTestRunner.java:911)
	at org.apache.tools.ant.taskdefs.optional.junit.JUnitTestRunner.main(JUnitTestRunner.java:768)
type: UploadStatus id: 10 operator:stress - create new UploadStatus.
com.topcoder.util.config.UnknownNamespaceException: com.topcoder.util.log is unknown
	at com.topcoder.util.config.DefaultConfigManager.getPropertyObject(DefaultConfigManager.java:429)
	at com.topcoder.util.config.DefaultConfigManager.getString(DefaultConfigManager.java:449)
	at com.topcoder.util.log.LogFactory.getAttribute(LogFactory.java:224)
	at com.topcoder.util.log.basic.BasicLog.log(BasicLog.java:74)
	at com.topcoder.management.deliverable.stresstests.StressTestPersistenceUploadManager.tearDown(StressTestPersistenceUploadManager.java:121)
	at junit.framework.TestCase.runBare(TestCase.java:140)
	at junit.framework.TestResult$1.protect(TestResult.java:110)
	at junit.framework.TestResult.runProtected(TestResult.java:128)
	at junit.framework.TestResult.run(TestResult.java:113)
	at junit.framework.TestCase.run(TestCase.java:124)
	at junit.framework.TestSuite.runTest(TestSuite.java:232)
	at junit.framework.TestSuite.run(TestSuite.java:227)
	at junit.framework.TestSuite.runTest(TestSuite.java:232)
	at junit.framework.TestSuite.run(TestSuite.java:227)
	at junit.framework.TestSuite.runTest(TestSuite.java:232)
	at junit.framework.TestSuite.run(TestSuite.java:227)
	at org.apache.tools.ant.taskdefs.optional.junit.JUnitTestRunner.run(JUnitTestRunner.java:420)
	at org.apache.tools.ant.taskdefs.optional.junit.JUnitTestRunner.launch(JUnitTestRunner.java:911)
	at org.apache.tools.ant.taskdefs.optional.junit.JUnitTestRunner.main(JUnitTestRunner.java:768)
StressTestPersistenceUploadManager - tearDown - start
com.topcoder.util.config.UnknownNamespaceException: com.topcoder.util.log is unknown
	at com.topcoder.util.config.DefaultConfigManager.getPropertyObject(DefaultConfigManager.java:429)
	at com.topcoder.util.config.DefaultConfigManager.getString(DefaultConfigManager.java:449)
	at com.topcoder.util.log.LogFactory.getAttribute(LogFactory.java:224)
	at com.topcoder.util.log.basic.BasicLog.log(BasicLog.java:74)
	at com.topcoder.management.deliverable.stresstests.StressTestPersistenceUploadManager.tearDown(StressTestPersistenceUploadManager.java:126)
	at junit.framework.TestCase.runBare(TestCase.java:140)
	at junit.framework.TestResult$1.protect(TestResult.java:110)
	at junit.framework.TestResult.runProtected(TestResult.java:128)
	at junit.framework.TestResult.run(TestResult.java:113)
	at junit.framework.TestCase.run(TestCase.java:124)
	at junit.framework.TestSuite.runTest(TestSuite.java:232)
	at junit.framework.TestSuite.run(TestSuite.java:227)
	at junit.framework.TestSuite.runTest(TestSuite.java:232)
	at junit.framework.TestSuite.run(TestSuite.java:227)
	at junit.framework.TestSuite.runTest(TestSuite.java:232)
	at junit.framework.TestSuite.run(TestSuite.java:227)
	at org.apache.tools.ant.taskdefs.optional.junit.JUnitTestRunner.run(JUnitTestRunner.java:420)
	at org.apache.tools.ant.taskdefs.optional.junit.JUnitTestRunner.launch(JUnitTestRunner.java:911)
	at org.apache.tools.ant.taskdefs.optional.junit.JUnitTestRunner.main(JUnitTestRunner.java:768)
StressTestPersistenceUploadManager - tearDown - end
com.topcoder.util.config.UnknownNamespaceException: com.topcoder.util.log is unknown
	at com.topcoder.util.config.DefaultConfigManager.getPropertyObject(DefaultConfigManager.java:429)
	at com.topcoder.util.config.DefaultConfigManager.getString(DefaultConfigManager.java:449)
	at com.topcoder.util.log.LogFactory.getAttribute(LogFactory.java:224)
	at com.topcoder.util.log.basic.BasicLog.log(BasicLog.java:74)
	at com.topcoder.management.deliverable.stresstests.StressTestPersistenceUploadManager.setUp(StressTestPersistenceUploadManager.java:71)
	at junit.framework.TestCase.runBare(TestCase.java:132)
	at junit.framework.TestResult$1.protect(TestResult.java:110)
	at junit.framework.TestResult.runProtected(TestResult.java:128)
	at junit.framework.TestResult.run(TestResult.java:113)
	at junit.framework.TestCase.run(TestCase.java:124)
	at junit.framework.TestSuite.runTest(TestSuite.java:232)
	at junit.framework.TestSuite.run(TestSuite.java:227)
	at junit.framework.TestSuite.runTest(TestSuite.java:232)
	at junit.framework.TestSuite.run(TestSuite.java:227)
	at junit.framework.TestSuite.runTest(TestSuite.java:232)
	at junit.framework.TestSuite.run(TestSuite.java:227)
	at org.apache.tools.ant.taskdefs.optional.junit.JUnitTestRunner.run(JUnitTestRunner.java:420)
	at org.apache.tools.ant.taskdefs.optional.junit.JUnitTestRunner.launch(JUnitTestRunner.java:911)
	at org.apache.tools.ant.taskdefs.optional.junit.JUnitTestRunner.main(JUnitTestRunner.java:768)
StressTestPersistenceUploadManager - setUp - start
com.topcoder.util.config.UnknownNamespaceException: com.topcoder.util.log is unknown
	at com.topcoder.util.config.DefaultConfigManager.getPropertyObject(DefaultConfigManager.java:429)
	at com.topcoder.util.config.DefaultConfigManager.getString(DefaultConfigManager.java:449)
	at com.topcoder.util.log.LogFactory.getAttribute(LogFactory.java:224)
	at com.topcoder.util.log.basic.BasicLog.log(BasicLog.java:74)
	at com.topcoder.management.deliverable.PersistenceUploadManager.<init>(PersistenceUploadManager.java:260)
	at com.topcoder.management.deliverable.PersistenceUploadManager.<init>(PersistenceUploadManager.java:306)
	at com.topcoder.management.deliverable.stresstests.StressTestPersistenceUploadManager.setUp(StressTestPersistenceUploadManager.java:109)
	at junit.framework.TestCase.runBare(TestCase.java:132)
	at junit.framework.TestResult$1.protect(TestResult.java:110)
	at junit.framework.TestResult.runProtected(TestResult.java:128)
	at junit.framework.TestResult.run(TestResult.java:113)
	at junit.framework.TestCase.run(TestCase.java:124)
	at junit.framework.TestSuite.runTest(TestSuite.java:232)
	at junit.framework.TestSuite.run(TestSuite.java:227)
	at junit.framework.TestSuite.runTest(TestSuite.java:232)
	at junit.framework.TestSuite.run(TestSuite.java:227)
	at junit.framework.TestSuite.runTest(TestSuite.java:232)
	at junit.framework.TestSuite.run(TestSuite.java:227)
	at org.apache.tools.ant.taskdefs.optional.junit.JUnitTestRunner.run(JUnitTestRunner.java:420)
	at org.apache.tools.ant.taskdefs.optional.junit.JUnitTestRunner.launch(JUnitTestRunner.java:911)
	at org.apache.tools.ant.taskdefs.optional.junit.JUnitTestRunner.main(JUnitTestRunner.java:768)
Instantiate PersistenceUploadManager with UploadPersistence, uploadSearchBundle, submissionSearchBundle, uploadIdGenerator, uploadTypeIdGenerator, uploadStatusIdGenerator, submissionIDGenerator and submissionStatusIdGenerator.
com.topcoder.util.config.UnknownNamespaceException: com.topcoder.util.log is unknown
	at com.topcoder.util.config.DefaultConfigManager.getPropertyObject(DefaultConfigManager.java:429)
	at com.topcoder.util.config.DefaultConfigManager.getString(DefaultConfigManager.java:449)
	at com.topcoder.util.log.LogFactory.getAttribute(LogFactory.java:224)
	at com.topcoder.util.log.basic.BasicLog.log(BasicLog.java:74)
	at com.topcoder.management.deliverable.stresstests.StressTestPersistenceUploadManager.setUp(StressTestPersistenceUploadManager.java:111)
	at junit.framework.TestCase.runBare(TestCase.java:132)
	at junit.framework.TestResult$1.protect(TestResult.java:110)
	at junit.framework.TestResult.runProtected(TestResult.java:128)
	at junit.framework.TestResult.run(TestResult.java:113)
	at junit.framework.TestCase.run(TestCase.java:124)
	at junit.framework.TestSuite.runTest(TestSuite.java:232)
	at junit.framework.TestSuite.run(TestSuite.java:227)
	at junit.framework.TestSuite.runTest(TestSuite.java:232)
	at junit.framework.TestSuite.run(TestSuite.java:227)
	at junit.framework.TestSuite.runTest(TestSuite.java:232)
	at junit.framework.TestSuite.run(TestSuite.java:227)
	at org.apache.tools.ant.taskdefs.optional.junit.JUnitTestRunner.run(JUnitTestRunner.java:420)
	at org.apache.tools.ant.taskdefs.optional.junit.JUnitTestRunner.launch(JUnitTestRunner.java:911)
	at org.apache.tools.ant.taskdefs.optional.junit.JUnitTestRunner.main(JUnitTestRunner.java:768)
StressTestPersistenceUploadManager - setUp - end
com.topcoder.util.config.UnknownNamespaceException: com.topcoder.util.log is unknown
	at com.topcoder.util.config.DefaultConfigManager.getPropertyObject(DefaultConfigManager.java:429)
	at com.topcoder.util.config.DefaultConfigManager.getString(DefaultConfigManager.java:449)
	at com.topcoder.util.log.LogFactory.getAttribute(LogFactory.java:224)
	at com.topcoder.util.log.basic.BasicLog.log(BasicLog.java:74)
	at com.topcoder.management.deliverable.PersistenceUploadManager.createUploadStatus(PersistenceUploadManager.java:541)
	at com.topcoder.management.deliverable.stresstests.StressTestPersistenceUploadManager.testCreateUploadStatus(StressTestPersistenceUploadManager.java:414)
	at com.topcoder.management.deliverable.stresstests.StressTestPersistenceUploadManager.testRemoveUploadStatus(StressTestPersistenceUploadManager.java:449)
	at sun.reflect.NativeMethodAccessorImpl.invoke0(Native Method)
	at sun.reflect.NativeMethodAccessorImpl.invoke(NativeMethodAccessorImpl.java:57)
	at sun.reflect.DelegatingMethodAccessorImpl.invoke(DelegatingMethodAccessorImpl.java:43)
	at java.lang.reflect.Method.invoke(Method.java:616)
	at junit.framework.TestCase.runTest(TestCase.java:168)
	at junit.framework.TestCase.runBare(TestCase.java:134)
	at junit.framework.TestResult$1.protect(TestResult.java:110)
	at junit.framework.TestResult.runProtected(TestResult.java:128)
	at junit.framework.TestResult.run(TestResult.java:113)
	at junit.framework.TestCase.run(TestCase.java:124)
	at junit.framework.TestSuite.runTest(TestSuite.java:232)
	at junit.framework.TestSuite.run(TestSuite.java:227)
	at junit.framework.TestSuite.runTest(TestSuite.java:232)
	at junit.framework.TestSuite.run(TestSuite.java:227)
	at junit.framework.TestSuite.runTest(TestSuite.java:232)
	at junit.framework.TestSuite.run(TestSuite.java:227)
	at org.apache.tools.ant.taskdefs.optional.junit.JUnitTestRunner.run(JUnitTestRunner.java:420)
	at org.apache.tools.ant.taskdefs.optional.junit.JUnitTestRunner.launch(JUnitTestRunner.java:911)
	at org.apache.tools.ant.taskdefs.optional.junit.JUnitTestRunner.main(JUnitTestRunner.java:768)
type: UploadStatus id: Unknown operator:stress - create new UploadStatus.
com.topcoder.util.config.UnknownNamespaceException: com.topcoder.util.log is unknown
	at com.topcoder.util.config.DefaultConfigManager.getPropertyObject(DefaultConfigManager.java:429)
	at com.topcoder.util.config.DefaultConfigManager.getString(DefaultConfigManager.java:449)
	at com.topcoder.util.log.LogFactory.getAttribute(LogFactory.java:224)
	at com.topcoder.util.log.basic.BasicLog.log(BasicLog.java:74)
	at com.topcoder.management.deliverable.PersistenceUploadManager.persistenceUploadManagerHelper(PersistenceUploadManager.java:966)
	at com.topcoder.management.deliverable.PersistenceUploadManager.createUploadStatus(PersistenceUploadManager.java:542)
	at com.topcoder.management.deliverable.stresstests.StressTestPersistenceUploadManager.testCreateUploadStatus(StressTestPersistenceUploadManager.java:414)
	at com.topcoder.management.deliverable.stresstests.StressTestPersistenceUploadManager.testRemoveUploadStatus(StressTestPersistenceUploadManager.java:449)
	at sun.reflect.NativeMethodAccessorImpl.invoke0(Native Method)
	at sun.reflect.NativeMethodAccessorImpl.invoke(NativeMethodAccessorImpl.java:57)
	at sun.reflect.DelegatingMethodAccessorImpl.invoke(DelegatingMethodAccessorImpl.java:43)
	at java.lang.reflect.Method.invoke(Method.java:616)
	at junit.framework.TestCase.runTest(TestCase.java:168)
	at junit.framework.TestCase.runBare(TestCase.java:134)
	at junit.framework.TestResult$1.protect(TestResult.java:110)
	at junit.framework.TestResult.runProtected(TestResult.java:128)
	at junit.framework.TestResult.run(TestResult.java:113)
	at junit.framework.TestCase.run(TestCase.java:124)
	at junit.framework.TestSuite.runTest(TestSuite.java:232)
	at junit.framework.TestSuite.run(TestSuite.java:227)
	at junit.framework.TestSuite.runTest(TestSuite.java:232)
	at junit.framework.TestSuite.run(TestSuite.java:227)
	at junit.framework.TestSuite.runTest(TestSuite.java:232)
	at junit.framework.TestSuite.run(TestSuite.java:227)
	at org.apache.tools.ant.taskdefs.optional.junit.JUnitTestRunner.run(JUnitTestRunner.java:420)
	at org.apache.tools.ant.taskdefs.optional.junit.JUnitTestRunner.launch(JUnitTestRunner.java:911)
	at org.apache.tools.ant.taskdefs.optional.junit.JUnitTestRunner.main(JUnitTestRunner.java:768)
generate next id from the idGenerator:upload_status_id_seq
com.topcoder.util.config.UnknownNamespaceException: com.topcoder.util.log is unknown
	at com.topcoder.util.config.DefaultConfigManager.getPropertyObject(DefaultConfigManager.java:429)
	at com.topcoder.util.config.DefaultConfigManager.getString(DefaultConfigManager.java:449)
	at com.topcoder.util.log.LogFactory.getAttribute(LogFactory.java:224)
	at com.topcoder.util.log.basic.BasicLog.log(BasicLog.java:74)
	at com.topcoder.management.deliverable.PersistenceUploadManager.createUploadStatus(PersistenceUploadManager.java:541)
	at com.topcoder.management.deliverable.stresstests.StressTestPersistenceUploadManager.testCreateUploadStatus(StressTestPersistenceUploadManager.java:414)
	at com.topcoder.management.deliverable.stresstests.StressTestPersistenceUploadManager.testRemoveUploadStatus(StressTestPersistenceUploadManager.java:449)
	at sun.reflect.NativeMethodAccessorImpl.invoke0(Native Method)
	at sun.reflect.NativeMethodAccessorImpl.invoke(NativeMethodAccessorImpl.java:57)
	at sun.reflect.DelegatingMethodAccessorImpl.invoke(DelegatingMethodAccessorImpl.java:43)
	at java.lang.reflect.Method.invoke(Method.java:616)
	at junit.framework.TestCase.runTest(TestCase.java:168)
	at junit.framework.TestCase.runBare(TestCase.java:134)
	at junit.framework.TestResult$1.protect(TestResult.java:110)
	at junit.framework.TestResult.runProtected(TestResult.java:128)
	at junit.framework.TestResult.run(TestResult.java:113)
	at junit.framework.TestCase.run(TestCase.java:124)
	at junit.framework.TestSuite.runTest(TestSuite.java:232)
	at junit.framework.TestSuite.run(TestSuite.java:227)
	at junit.framework.TestSuite.runTest(TestSuite.java:232)
	at junit.framework.TestSuite.run(TestSuite.java:227)
	at junit.framework.TestSuite.runTest(TestSuite.java:232)
	at junit.framework.TestSuite.run(TestSuite.java:227)
	at org.apache.tools.ant.taskdefs.optional.junit.JUnitTestRunner.run(JUnitTestRunner.java:420)
	at org.apache.tools.ant.taskdefs.optional.junit.JUnitTestRunner.launch(JUnitTestRunner.java:911)
	at org.apache.tools.ant.taskdefs.optional.junit.JUnitTestRunner.main(JUnitTestRunner.java:768)
type: UploadStatus id: Unknown operator:stress - create new UploadStatus.
com.topcoder.util.config.UnknownNamespaceException: com.topcoder.util.log is unknown
	at com.topcoder.util.config.DefaultConfigManager.getPropertyObject(DefaultConfigManager.java:429)
	at com.topcoder.util.config.DefaultConfigManager.getString(DefaultConfigManager.java:449)
	at com.topcoder.util.log.LogFactory.getAttribute(LogFactory.java:224)
	at com.topcoder.util.log.basic.BasicLog.log(BasicLog.java:74)
	at com.topcoder.management.deliverable.PersistenceUploadManager.persistenceUploadManagerHelper(PersistenceUploadManager.java:966)
	at com.topcoder.management.deliverable.PersistenceUploadManager.createUploadStatus(PersistenceUploadManager.java:542)
	at com.topcoder.management.deliverable.stresstests.StressTestPersistenceUploadManager.testCreateUploadStatus(StressTestPersistenceUploadManager.java:414)
	at com.topcoder.management.deliverable.stresstests.StressTestPersistenceUploadManager.testRemoveUploadStatus(StressTestPersistenceUploadManager.java:449)
	at sun.reflect.NativeMethodAccessorImpl.invoke0(Native Method)
	at sun.reflect.NativeMethodAccessorImpl.invoke(NativeMethodAccessorImpl.java:57)
	at sun.reflect.DelegatingMethodAccessorImpl.invoke(DelegatingMethodAccessorImpl.java:43)
	at java.lang.reflect.Method.invoke(Method.java:616)
	at junit.framework.TestCase.runTest(TestCase.java:168)
	at junit.framework.TestCase.runBare(TestCase.java:134)
	at junit.framework.TestResult$1.protect(TestResult.java:110)
	at junit.framework.TestResult.runProtected(TestResult.java:128)
	at junit.framework.TestResult.run(TestResult.java:113)
	at junit.framework.TestCase.run(TestCase.java:124)
	at junit.framework.TestSuite.runTest(TestSuite.java:232)
	at junit.framework.TestSuite.run(TestSuite.java:227)
	at junit.framework.TestSuite.runTest(TestSuite.java:232)
	at junit.framework.TestSuite.run(TestSuite.java:227)
	at junit.framework.TestSuite.runTest(TestSuite.java:232)
	at junit.framework.TestSuite.run(TestSuite.java:227)
	at org.apache.tools.ant.taskdefs.optional.junit.JUnitTestRunner.run(JUnitTestRunner.java:420)
	at org.apache.tools.ant.taskdefs.optional.junit.JUnitTestRunner.launch(JUnitTestRunner.java:911)
	at org.apache.tools.ant.taskdefs.optional.junit.JUnitTestRunner.main(JUnitTestRunner.java:768)
generate next id from the idGenerator:upload_status_id_seq
com.topcoder.util.config.UnknownNamespaceException: com.topcoder.util.log is unknown
	at com.topcoder.util.config.DefaultConfigManager.getPropertyObject(DefaultConfigManager.java:429)
	at com.topcoder.util.config.DefaultConfigManager.getString(DefaultConfigManager.java:449)
	at com.topcoder.util.log.LogFactory.getAttribute(LogFactory.java:224)
	at com.topcoder.util.log.basic.BasicLog.log(BasicLog.java:74)
	at com.topcoder.management.deliverable.PersistenceUploadManager.removeUploadStatus(PersistenceUploadManager.java:597)
	at com.topcoder.management.deliverable.stresstests.StressTestPersistenceUploadManager.testRemoveUploadStatus(StressTestPersistenceUploadManager.java:458)
	at sun.reflect.NativeMethodAccessorImpl.invoke0(Native Method)
	at sun.reflect.NativeMethodAccessorImpl.invoke(NativeMethodAccessorImpl.java:57)
	at sun.reflect.DelegatingMethodAccessorImpl.invoke(DelegatingMethodAccessorImpl.java:43)
	at java.lang.reflect.Method.invoke(Method.java:616)
	at junit.framework.TestCase.runTest(TestCase.java:168)
	at junit.framework.TestCase.runBare(TestCase.java:134)
	at junit.framework.TestResult$1.protect(TestResult.java:110)
	at junit.framework.TestResult.runProtected(TestResult.java:128)
	at junit.framework.TestResult.run(TestResult.java:113)
	at junit.framework.TestCase.run(TestCase.java:124)
	at junit.framework.TestSuite.runTest(TestSuite.java:232)
	at junit.framework.TestSuite.run(TestSuite.java:227)
	at junit.framework.TestSuite.runTest(TestSuite.java:232)
	at junit.framework.TestSuite.run(TestSuite.java:227)
	at junit.framework.TestSuite.runTest(TestSuite.java:232)
	at junit.framework.TestSuite.run(TestSuite.java:227)
	at org.apache.tools.ant.taskdefs.optional.junit.JUnitTestRunner.run(JUnitTestRunner.java:420)
	at org.apache.tools.ant.taskdefs.optional.junit.JUnitTestRunner.launch(JUnitTestRunner.java:911)
	at org.apache.tools.ant.taskdefs.optional.junit.JUnitTestRunner.main(JUnitTestRunner.java:768)
type: UploadStatus id: 100 operator:stress - remove UploadStatus.
com.topcoder.util.config.UnknownNamespaceException: com.topcoder.util.log is unknown
	at com.topcoder.util.config.DefaultConfigManager.getPropertyObject(DefaultConfigManager.java:429)
	at com.topcoder.util.config.DefaultConfigManager.getString(DefaultConfigManager.java:449)
	at com.topcoder.util.log.LogFactory.getAttribute(LogFactory.java:224)
	at com.topcoder.util.log.basic.BasicLog.log(BasicLog.java:74)
	at com.topcoder.management.deliverable.PersistenceUploadManager.removeUploadStatus(PersistenceUploadManager.java:597)
	at com.topcoder.management.deliverable.stresstests.StressTestPersistenceUploadManager.testRemoveUploadStatus(StressTestPersistenceUploadManager.java:458)
	at sun.reflect.NativeMethodAccessorImpl.invoke0(Native Method)
	at sun.reflect.NativeMethodAccessorImpl.invoke(NativeMethodAccessorImpl.java:57)
	at sun.reflect.DelegatingMethodAccessorImpl.invoke(DelegatingMethodAccessorImpl.java:43)
	at java.lang.reflect.Method.invoke(Method.java:616)
	at junit.framework.TestCase.runTest(TestCase.java:168)
	at junit.framework.TestCase.runBare(TestCase.java:134)
	at junit.framework.TestResult$1.protect(TestResult.java:110)
	at junit.framework.TestResult.runProtected(TestResult.java:128)
	at junit.framework.TestResult.run(TestResult.java:113)
	at junit.framework.TestCase.run(TestCase.java:124)
	at junit.framework.TestSuite.runTest(TestSuite.java:232)
	at junit.framework.TestSuite.run(TestSuite.java:227)
	at junit.framework.TestSuite.runTest(TestSuite.java:232)
	at junit.framework.TestSuite.run(TestSuite.java:227)
	at junit.framework.TestSuite.runTest(TestSuite.java:232)
	at junit.framework.TestSuite.run(TestSuite.java:227)
	at org.apache.tools.ant.taskdefs.optional.junit.JUnitTestRunner.run(JUnitTestRunner.java:420)
	at org.apache.tools.ant.taskdefs.optional.junit.JUnitTestRunner.launch(JUnitTestRunner.java:911)
	at org.apache.tools.ant.taskdefs.optional.junit.JUnitTestRunner.main(JUnitTestRunner.java:768)
type: UploadStatus id: 100 operator:stress - remove UploadStatus.
com.topcoder.util.config.UnknownNamespaceException: com.topcoder.util.log is unknown
	at com.topcoder.util.config.DefaultConfigManager.getPropertyObject(DefaultConfigManager.java:429)
	at com.topcoder.util.config.DefaultConfigManager.getString(DefaultConfigManager.java:449)
	at com.topcoder.util.log.LogFactory.getAttribute(LogFactory.java:224)
	at com.topcoder.util.log.basic.BasicLog.log(BasicLog.java:74)
	at com.topcoder.management.deliverable.stresstests.StressTestPersistenceUploadManager.tearDown(StressTestPersistenceUploadManager.java:121)
	at junit.framework.TestCase.runBare(TestCase.java:140)
	at junit.framework.TestResult$1.protect(TestResult.java:110)
	at junit.framework.TestResult.runProtected(TestResult.java:128)
	at junit.framework.TestResult.run(TestResult.java:113)
	at junit.framework.TestCase.run(TestCase.java:124)
	at junit.framework.TestSuite.runTest(TestSuite.java:232)
	at junit.framework.TestSuite.run(TestSuite.java:227)
	at junit.framework.TestSuite.runTest(TestSuite.java:232)
	at junit.framework.TestSuite.run(TestSuite.java:227)
	at junit.framework.TestSuite.runTest(TestSuite.java:232)
	at junit.framework.TestSuite.run(TestSuite.java:227)
	at org.apache.tools.ant.taskdefs.optional.junit.JUnitTestRunner.run(JUnitTestRunner.java:420)
	at org.apache.tools.ant.taskdefs.optional.junit.JUnitTestRunner.launch(JUnitTestRunner.java:911)
	at org.apache.tools.ant.taskdefs.optional.junit.JUnitTestRunner.main(JUnitTestRunner.java:768)
StressTestPersistenceUploadManager - tearDown - start
com.topcoder.util.config.UnknownNamespaceException: com.topcoder.util.log is unknown
	at com.topcoder.util.config.DefaultConfigManager.getPropertyObject(DefaultConfigManager.java:429)
	at com.topcoder.util.config.DefaultConfigManager.getString(DefaultConfigManager.java:449)
	at com.topcoder.util.log.LogFactory.getAttribute(LogFactory.java:224)
	at com.topcoder.util.log.basic.BasicLog.log(BasicLog.java:74)
	at com.topcoder.management.deliverable.stresstests.StressTestPersistenceUploadManager.tearDown(StressTestPersistenceUploadManager.java:126)
	at junit.framework.TestCase.runBare(TestCase.java:140)
	at junit.framework.TestResult$1.protect(TestResult.java:110)
	at junit.framework.TestResult.runProtected(TestResult.java:128)
	at junit.framework.TestResult.run(TestResult.java:113)
	at junit.framework.TestCase.run(TestCase.java:124)
	at junit.framework.TestSuite.runTest(TestSuite.java:232)
	at junit.framework.TestSuite.run(TestSuite.java:227)
	at junit.framework.TestSuite.runTest(TestSuite.java:232)
	at junit.framework.TestSuite.run(TestSuite.java:227)
	at junit.framework.TestSuite.runTest(TestSuite.java:232)
	at junit.framework.TestSuite.run(TestSuite.java:227)
	at org.apache.tools.ant.taskdefs.optional.junit.JUnitTestRunner.run(JUnitTestRunner.java:420)
	at org.apache.tools.ant.taskdefs.optional.junit.JUnitTestRunner.launch(JUnitTestRunner.java:911)
	at org.apache.tools.ant.taskdefs.optional.junit.JUnitTestRunner.main(JUnitTestRunner.java:768)
StressTestPersistenceUploadManager - tearDown - end
com.topcoder.util.config.UnknownNamespaceException: com.topcoder.util.log is unknown
	at com.topcoder.util.config.DefaultConfigManager.getPropertyObject(DefaultConfigManager.java:429)
	at com.topcoder.util.config.DefaultConfigManager.getString(DefaultConfigManager.java:449)
	at com.topcoder.util.log.LogFactory.getAttribute(LogFactory.java:224)
	at com.topcoder.util.log.basic.BasicLog.log(BasicLog.java:74)
	at com.topcoder.management.deliverable.stresstests.StressTestPersistenceUploadManager.setUp(StressTestPersistenceUploadManager.java:71)
	at junit.framework.TestCase.runBare(TestCase.java:132)
	at junit.framework.TestResult$1.protect(TestResult.java:110)
	at junit.framework.TestResult.runProtected(TestResult.java:128)
	at junit.framework.TestResult.run(TestResult.java:113)
	at junit.framework.TestCase.run(TestCase.java:124)
	at junit.framework.TestSuite.runTest(TestSuite.java:232)
	at junit.framework.TestSuite.run(TestSuite.java:227)
	at junit.framework.TestSuite.runTest(TestSuite.java:232)
	at junit.framework.TestSuite.run(TestSuite.java:227)
	at junit.framework.TestSuite.runTest(TestSuite.java:232)
	at junit.framework.TestSuite.run(TestSuite.java:227)
	at org.apache.tools.ant.taskdefs.optional.junit.JUnitTestRunner.run(JUnitTestRunner.java:420)
	at org.apache.tools.ant.taskdefs.optional.junit.JUnitTestRunner.launch(JUnitTestRunner.java:911)
	at org.apache.tools.ant.taskdefs.optional.junit.JUnitTestRunner.main(JUnitTestRunner.java:768)
StressTestPersistenceUploadManager - setUp - start
com.topcoder.util.config.UnknownNamespaceException: com.topcoder.util.log is unknown
	at com.topcoder.util.config.DefaultConfigManager.getPropertyObject(DefaultConfigManager.java:429)
	at com.topcoder.util.config.DefaultConfigManager.getString(DefaultConfigManager.java:449)
	at com.topcoder.util.log.LogFactory.getAttribute(LogFactory.java:224)
	at com.topcoder.util.log.basic.BasicLog.log(BasicLog.java:74)
	at com.topcoder.management.deliverable.PersistenceUploadManager.<init>(PersistenceUploadManager.java:260)
	at com.topcoder.management.deliverable.PersistenceUploadManager.<init>(PersistenceUploadManager.java:306)
	at com.topcoder.management.deliverable.stresstests.StressTestPersistenceUploadManager.setUp(StressTestPersistenceUploadManager.java:109)
	at junit.framework.TestCase.runBare(TestCase.java:132)
	at junit.framework.TestResult$1.protect(TestResult.java:110)
	at junit.framework.TestResult.runProtected(TestResult.java:128)
	at junit.framework.TestResult.run(TestResult.java:113)
	at junit.framework.TestCase.run(TestCase.java:124)
	at junit.framework.TestSuite.runTest(TestSuite.java:232)
	at junit.framework.TestSuite.run(TestSuite.java:227)
	at junit.framework.TestSuite.runTest(TestSuite.java:232)
	at junit.framework.TestSuite.run(TestSuite.java:227)
	at junit.framework.TestSuite.runTest(TestSuite.java:232)
	at junit.framework.TestSuite.run(TestSuite.java:227)
	at org.apache.tools.ant.taskdefs.optional.junit.JUnitTestRunner.run(JUnitTestRunner.java:420)
	at org.apache.tools.ant.taskdefs.optional.junit.JUnitTestRunner.launch(JUnitTestRunner.java:911)
	at org.apache.tools.ant.taskdefs.optional.junit.JUnitTestRunner.main(JUnitTestRunner.java:768)
Instantiate PersistenceUploadManager with UploadPersistence, uploadSearchBundle, submissionSearchBundle, uploadIdGenerator, uploadTypeIdGenerator, uploadStatusIdGenerator, submissionIDGenerator and submissionStatusIdGenerator.
com.topcoder.util.config.UnknownNamespaceException: com.topcoder.util.log is unknown
	at com.topcoder.util.config.DefaultConfigManager.getPropertyObject(DefaultConfigManager.java:429)
	at com.topcoder.util.config.DefaultConfigManager.getString(DefaultConfigManager.java:449)
	at com.topcoder.util.log.LogFactory.getAttribute(LogFactory.java:224)
	at com.topcoder.util.log.basic.BasicLog.log(BasicLog.java:74)
	at com.topcoder.management.deliverable.stresstests.StressTestPersistenceUploadManager.setUp(StressTestPersistenceUploadManager.java:111)
	at junit.framework.TestCase.runBare(TestCase.java:132)
	at junit.framework.TestResult$1.protect(TestResult.java:110)
	at junit.framework.TestResult.runProtected(TestResult.java:128)
	at junit.framework.TestResult.run(TestResult.java:113)
	at junit.framework.TestCase.run(TestCase.java:124)
	at junit.framework.TestSuite.runTest(TestSuite.java:232)
	at junit.framework.TestSuite.run(TestSuite.java:227)
	at junit.framework.TestSuite.runTest(TestSuite.java:232)
	at junit.framework.TestSuite.run(TestSuite.java:227)
	at junit.framework.TestSuite.runTest(TestSuite.java:232)
	at junit.framework.TestSuite.run(TestSuite.java:227)
	at org.apache.tools.ant.taskdefs.optional.junit.JUnitTestRunner.run(JUnitTestRunner.java:420)
	at org.apache.tools.ant.taskdefs.optional.junit.JUnitTestRunner.launch(JUnitTestRunner.java:911)
	at org.apache.tools.ant.taskdefs.optional.junit.JUnitTestRunner.main(JUnitTestRunner.java:768)
StressTestPersistenceUploadManager - setUp - end
com.topcoder.util.config.UnknownNamespaceException: com.topcoder.util.log is unknown
	at com.topcoder.util.config.DefaultConfigManager.getPropertyObject(DefaultConfigManager.java:429)
	at com.topcoder.util.config.DefaultConfigManager.getString(DefaultConfigManager.java:449)
	at com.topcoder.util.log.LogFactory.getAttribute(LogFactory.java:224)
	at com.topcoder.util.log.basic.BasicLog.log(BasicLog.java:74)
	at com.topcoder.management.deliverable.PersistenceUploadManager.createUploadStatus(PersistenceUploadManager.java:541)
	at com.topcoder.management.deliverable.stresstests.StressTestPersistenceUploadManager.testCreateUploadStatus(StressTestPersistenceUploadManager.java:414)
	at com.topcoder.management.deliverable.stresstests.StressTestPersistenceUploadManager.testGetAllUploadStatuses(StressTestPersistenceUploadManager.java:471)
	at sun.reflect.NativeMethodAccessorImpl.invoke0(Native Method)
	at sun.reflect.NativeMethodAccessorImpl.invoke(NativeMethodAccessorImpl.java:57)
	at sun.reflect.DelegatingMethodAccessorImpl.invoke(DelegatingMethodAccessorImpl.java:43)
	at java.lang.reflect.Method.invoke(Method.java:616)
	at junit.framework.TestCase.runTest(TestCase.java:168)
	at junit.framework.TestCase.runBare(TestCase.java:134)
	at junit.framework.TestResult$1.protect(TestResult.java:110)
	at junit.framework.TestResult.runProtected(TestResult.java:128)
	at junit.framework.TestResult.run(TestResult.java:113)
	at junit.framework.TestCase.run(TestCase.java:124)
	at junit.framework.TestSuite.runTest(TestSuite.java:232)
	at junit.framework.TestSuite.run(TestSuite.java:227)
	at junit.framework.TestSuite.runTest(TestSuite.java:232)
	at junit.framework.TestSuite.run(TestSuite.java:227)
	at junit.framework.TestSuite.runTest(TestSuite.java:232)
	at junit.framework.TestSuite.run(TestSuite.java:227)
	at org.apache.tools.ant.taskdefs.optional.junit.JUnitTestRunner.run(JUnitTestRunner.java:420)
	at org.apache.tools.ant.taskdefs.optional.junit.JUnitTestRunner.launch(JUnitTestRunner.java:911)
	at org.apache.tools.ant.taskdefs.optional.junit.JUnitTestRunner.main(JUnitTestRunner.java:768)
type: UploadStatus id: Unknown operator:stress - create new UploadStatus.
com.topcoder.util.config.UnknownNamespaceException: com.topcoder.util.log is unknown
	at com.topcoder.util.config.DefaultConfigManager.getPropertyObject(DefaultConfigManager.java:429)
	at com.topcoder.util.config.DefaultConfigManager.getString(DefaultConfigManager.java:449)
	at com.topcoder.util.log.LogFactory.getAttribute(LogFactory.java:224)
	at com.topcoder.util.log.basic.BasicLog.log(BasicLog.java:74)
	at com.topcoder.management.deliverable.PersistenceUploadManager.persistenceUploadManagerHelper(PersistenceUploadManager.java:966)
	at com.topcoder.management.deliverable.PersistenceUploadManager.createUploadStatus(PersistenceUploadManager.java:542)
	at com.topcoder.management.deliverable.stresstests.StressTestPersistenceUploadManager.testCreateUploadStatus(StressTestPersistenceUploadManager.java:414)
	at com.topcoder.management.deliverable.stresstests.StressTestPersistenceUploadManager.testGetAllUploadStatuses(StressTestPersistenceUploadManager.java:471)
	at sun.reflect.NativeMethodAccessorImpl.invoke0(Native Method)
	at sun.reflect.NativeMethodAccessorImpl.invoke(NativeMethodAccessorImpl.java:57)
	at sun.reflect.DelegatingMethodAccessorImpl.invoke(DelegatingMethodAccessorImpl.java:43)
	at java.lang.reflect.Method.invoke(Method.java:616)
	at junit.framework.TestCase.runTest(TestCase.java:168)
	at junit.framework.TestCase.runBare(TestCase.java:134)
	at junit.framework.TestResult$1.protect(TestResult.java:110)
	at junit.framework.TestResult.runProtected(TestResult.java:128)
	at junit.framework.TestResult.run(TestResult.java:113)
	at junit.framework.TestCase.run(TestCase.java:124)
	at junit.framework.TestSuite.runTest(TestSuite.java:232)
	at junit.framework.TestSuite.run(TestSuite.java:227)
	at junit.framework.TestSuite.runTest(TestSuite.java:232)
	at junit.framework.TestSuite.run(TestSuite.java:227)
	at junit.framework.TestSuite.runTest(TestSuite.java:232)
	at junit.framework.TestSuite.run(TestSuite.java:227)
	at org.apache.tools.ant.taskdefs.optional.junit.JUnitTestRunner.run(JUnitTestRunner.java:420)
	at org.apache.tools.ant.taskdefs.optional.junit.JUnitTestRunner.launch(JUnitTestRunner.java:911)
	at org.apache.tools.ant.taskdefs.optional.junit.JUnitTestRunner.main(JUnitTestRunner.java:768)
generate next id from the idGenerator:upload_status_id_seq
com.topcoder.util.config.UnknownNamespaceException: com.topcoder.util.log is unknown
	at com.topcoder.util.config.DefaultConfigManager.getPropertyObject(DefaultConfigManager.java:429)
	at com.topcoder.util.config.DefaultConfigManager.getString(DefaultConfigManager.java:449)
	at com.topcoder.util.log.LogFactory.getAttribute(LogFactory.java:224)
	at com.topcoder.util.log.basic.BasicLog.log(BasicLog.java:74)
	at com.topcoder.management.deliverable.PersistenceUploadManager.createUploadStatus(PersistenceUploadManager.java:541)
	at com.topcoder.management.deliverable.stresstests.StressTestPersistenceUploadManager.testCreateUploadStatus(StressTestPersistenceUploadManager.java:414)
	at com.topcoder.management.deliverable.stresstests.StressTestPersistenceUploadManager.testGetAllUploadStatuses(StressTestPersistenceUploadManager.java:471)
	at sun.reflect.NativeMethodAccessorImpl.invoke0(Native Method)
	at sun.reflect.NativeMethodAccessorImpl.invoke(NativeMethodAccessorImpl.java:57)
	at sun.reflect.DelegatingMethodAccessorImpl.invoke(DelegatingMethodAccessorImpl.java:43)
	at java.lang.reflect.Method.invoke(Method.java:616)
	at junit.framework.TestCase.runTest(TestCase.java:168)
	at junit.framework.TestCase.runBare(TestCase.java:134)
	at junit.framework.TestResult$1.protect(TestResult.java:110)
	at junit.framework.TestResult.runProtected(TestResult.java:128)
	at junit.framework.TestResult.run(TestResult.java:113)
	at junit.framework.TestCase.run(TestCase.java:124)
	at junit.framework.TestSuite.runTest(TestSuite.java:232)
	at junit.framework.TestSuite.run(TestSuite.java:227)
	at junit.framework.TestSuite.runTest(TestSuite.java:232)
	at junit.framework.TestSuite.run(TestSuite.java:227)
	at junit.framework.TestSuite.runTest(TestSuite.java:232)
	at junit.framework.TestSuite.run(TestSuite.java:227)
	at org.apache.tools.ant.taskdefs.optional.junit.JUnitTestRunner.run(JUnitTestRunner.java:420)
	at org.apache.tools.ant.taskdefs.optional.junit.JUnitTestRunner.launch(JUnitTestRunner.java:911)
	at org.apache.tools.ant.taskdefs.optional.junit.JUnitTestRunner.main(JUnitTestRunner.java:768)
type: UploadStatus id: Unknown operator:stress - create new UploadStatus.
com.topcoder.util.config.UnknownNamespaceException: com.topcoder.util.log is unknown
	at com.topcoder.util.config.DefaultConfigManager.getPropertyObject(DefaultConfigManager.java:429)
	at com.topcoder.util.config.DefaultConfigManager.getString(DefaultConfigManager.java:449)
	at com.topcoder.util.log.LogFactory.getAttribute(LogFactory.java:224)
	at com.topcoder.util.log.basic.BasicLog.log(BasicLog.java:74)
	at com.topcoder.management.deliverable.PersistenceUploadManager.persistenceUploadManagerHelper(PersistenceUploadManager.java:966)
	at com.topcoder.management.deliverable.PersistenceUploadManager.createUploadStatus(PersistenceUploadManager.java:542)
	at com.topcoder.management.deliverable.stresstests.StressTestPersistenceUploadManager.testCreateUploadStatus(StressTestPersistenceUploadManager.java:414)
	at com.topcoder.management.deliverable.stresstests.StressTestPersistenceUploadManager.testGetAllUploadStatuses(StressTestPersistenceUploadManager.java:471)
	at sun.reflect.NativeMethodAccessorImpl.invoke0(Native Method)
	at sun.reflect.NativeMethodAccessorImpl.invoke(NativeMethodAccessorImpl.java:57)
	at sun.reflect.DelegatingMethodAccessorImpl.invoke(DelegatingMethodAccessorImpl.java:43)
	at java.lang.reflect.Method.invoke(Method.java:616)
	at junit.framework.TestCase.runTest(TestCase.java:168)
	at junit.framework.TestCase.runBare(TestCase.java:134)
	at junit.framework.TestResult$1.protect(TestResult.java:110)
	at junit.framework.TestResult.runProtected(TestResult.java:128)
	at junit.framework.TestResult.run(TestResult.java:113)
	at junit.framework.TestCase.run(TestCase.java:124)
	at junit.framework.TestSuite.runTest(TestSuite.java:232)
	at junit.framework.TestSuite.run(TestSuite.java:227)
	at junit.framework.TestSuite.runTest(TestSuite.java:232)
	at junit.framework.TestSuite.run(TestSuite.java:227)
	at junit.framework.TestSuite.runTest(TestSuite.java:232)
	at junit.framework.TestSuite.run(TestSuite.java:227)
	at org.apache.tools.ant.taskdefs.optional.junit.JUnitTestRunner.run(JUnitTestRunner.java:420)
	at org.apache.tools.ant.taskdefs.optional.junit.JUnitTestRunner.launch(JUnitTestRunner.java:911)
	at org.apache.tools.ant.taskdefs.optional.junit.JUnitTestRunner.main(JUnitTestRunner.java:768)
generate next id from the idGenerator:upload_status_id_seq
com.topcoder.util.config.UnknownNamespaceException: com.topcoder.util.log is unknown
	at com.topcoder.util.config.DefaultConfigManager.getPropertyObject(DefaultConfigManager.java:429)
	at com.topcoder.util.config.DefaultConfigManager.getString(DefaultConfigManager.java:449)
	at com.topcoder.util.log.LogFactory.getAttribute(LogFactory.java:224)
	at com.topcoder.util.log.basic.BasicLog.log(BasicLog.java:74)
	at com.topcoder.management.deliverable.PersistenceUploadManager.getAllUploadStatuses(PersistenceUploadManager.java:611)
	at com.topcoder.management.deliverable.stresstests.StressTestPersistenceUploadManager.testGetAllUploadStatuses(StressTestPersistenceUploadManager.java:477)
	at sun.reflect.NativeMethodAccessorImpl.invoke0(Native Method)
	at sun.reflect.NativeMethodAccessorImpl.invoke(NativeMethodAccessorImpl.java:57)
	at sun.reflect.DelegatingMethodAccessorImpl.invoke(DelegatingMethodAccessorImpl.java:43)
	at java.lang.reflect.Method.invoke(Method.java:616)
	at junit.framework.TestCase.runTest(TestCase.java:168)
	at junit.framework.TestCase.runBare(TestCase.java:134)
	at junit.framework.TestResult$1.protect(TestResult.java:110)
	at junit.framework.TestResult.runProtected(TestResult.java:128)
	at junit.framework.TestResult.run(TestResult.java:113)
	at junit.framework.TestCase.run(TestCase.java:124)
	at junit.framework.TestSuite.runTest(TestSuite.java:232)
	at junit.framework.TestSuite.run(TestSuite.java:227)
	at junit.framework.TestSuite.runTest(TestSuite.java:232)
	at junit.framework.TestSuite.run(TestSuite.java:227)
	at junit.framework.TestSuite.runTest(TestSuite.java:232)
	at junit.framework.TestSuite.run(TestSuite.java:227)
	at org.apache.tools.ant.taskdefs.optional.junit.JUnitTestRunner.run(JUnitTestRunner.java:420)
	at org.apache.tools.ant.taskdefs.optional.junit.JUnitTestRunner.launch(JUnitTestRunner.java:911)
	at org.apache.tools.ant.taskdefs.optional.junit.JUnitTestRunner.main(JUnitTestRunner.java:768)
get All upload status, delegate to persistence.
com.topcoder.util.config.UnknownNamespaceException: com.topcoder.util.log is unknown
	at com.topcoder.util.config.DefaultConfigManager.getPropertyObject(DefaultConfigManager.java:429)
	at com.topcoder.util.config.DefaultConfigManager.getString(DefaultConfigManager.java:449)
	at com.topcoder.util.log.LogFactory.getAttribute(LogFactory.java:224)
	at com.topcoder.util.log.basic.BasicLog.log(BasicLog.java:74)
	at com.topcoder.management.deliverable.PersistenceUploadManager.getAllUploadStatuses(PersistenceUploadManager.java:611)
	at com.topcoder.management.deliverable.stresstests.StressTestPersistenceUploadManager.testGetAllUploadStatuses(StressTestPersistenceUploadManager.java:477)
	at sun.reflect.NativeMethodAccessorImpl.invoke0(Native Method)
	at sun.reflect.NativeMethodAccessorImpl.invoke(NativeMethodAccessorImpl.java:57)
	at sun.reflect.DelegatingMethodAccessorImpl.invoke(DelegatingMethodAccessorImpl.java:43)
	at java.lang.reflect.Method.invoke(Method.java:616)
	at junit.framework.TestCase.runTest(TestCase.java:168)
	at junit.framework.TestCase.runBare(TestCase.java:134)
	at junit.framework.TestResult$1.protect(TestResult.java:110)
	at junit.framework.TestResult.runProtected(TestResult.java:128)
	at junit.framework.TestResult.run(TestResult.java:113)
	at junit.framework.TestCase.run(TestCase.java:124)
	at junit.framework.TestSuite.runTest(TestSuite.java:232)
	at junit.framework.TestSuite.run(TestSuite.java:227)
	at junit.framework.TestSuite.runTest(TestSuite.java:232)
	at junit.framework.TestSuite.run(TestSuite.java:227)
	at junit.framework.TestSuite.runTest(TestSuite.java:232)
	at junit.framework.TestSuite.run(TestSuite.java:227)
	at org.apache.tools.ant.taskdefs.optional.junit.JUnitTestRunner.run(JUnitTestRunner.java:420)
	at org.apache.tools.ant.taskdefs.optional.junit.JUnitTestRunner.launch(JUnitTestRunner.java:911)
	at org.apache.tools.ant.taskdefs.optional.junit.JUnitTestRunner.main(JUnitTestRunner.java:768)
get All upload status, delegate to persistence.
com.topcoder.util.config.UnknownNamespaceException: com.topcoder.util.log is unknown
	at com.topcoder.util.config.DefaultConfigManager.getPropertyObject(DefaultConfigManager.java:429)
	at com.topcoder.util.config.DefaultConfigManager.getString(DefaultConfigManager.java:449)
	at com.topcoder.util.log.LogFactory.getAttribute(LogFactory.java:224)
	at com.topcoder.util.log.basic.BasicLog.log(BasicLog.java:74)
	at com.topcoder.management.deliverable.stresstests.StressTestPersistenceUploadManager.tearDown(StressTestPersistenceUploadManager.java:121)
	at junit.framework.TestCase.runBare(TestCase.java:140)
	at junit.framework.TestResult$1.protect(TestResult.java:110)
	at junit.framework.TestResult.runProtected(TestResult.java:128)
	at junit.framework.TestResult.run(TestResult.java:113)
	at junit.framework.TestCase.run(TestCase.java:124)
	at junit.framework.TestSuite.runTest(TestSuite.java:232)
	at junit.framework.TestSuite.run(TestSuite.java:227)
	at junit.framework.TestSuite.runTest(TestSuite.java:232)
	at junit.framework.TestSuite.run(TestSuite.java:227)
	at junit.framework.TestSuite.runTest(TestSuite.java:232)
	at junit.framework.TestSuite.run(TestSuite.java:227)
	at org.apache.tools.ant.taskdefs.optional.junit.JUnitTestRunner.run(JUnitTestRunner.java:420)
	at org.apache.tools.ant.taskdefs.optional.junit.JUnitTestRunner.launch(JUnitTestRunner.java:911)
	at org.apache.tools.ant.taskdefs.optional.junit.JUnitTestRunner.main(JUnitTestRunner.java:768)
StressTestPersistenceUploadManager - tearDown - start
com.topcoder.util.config.UnknownNamespaceException: com.topcoder.util.log is unknown
	at com.topcoder.util.config.DefaultConfigManager.getPropertyObject(DefaultConfigManager.java:429)
	at com.topcoder.util.config.DefaultConfigManager.getString(DefaultConfigManager.java:449)
	at com.topcoder.util.log.LogFactory.getAttribute(LogFactory.java:224)
	at com.topcoder.util.log.basic.BasicLog.log(BasicLog.java:74)
	at com.topcoder.management.deliverable.stresstests.StressTestPersistenceUploadManager.tearDown(StressTestPersistenceUploadManager.java:126)
	at junit.framework.TestCase.runBare(TestCase.java:140)
	at junit.framework.TestResult$1.protect(TestResult.java:110)
	at junit.framework.TestResult.runProtected(TestResult.java:128)
	at junit.framework.TestResult.run(TestResult.java:113)
	at junit.framework.TestCase.run(TestCase.java:124)
	at junit.framework.TestSuite.runTest(TestSuite.java:232)
	at junit.framework.TestSuite.run(TestSuite.java:227)
	at junit.framework.TestSuite.runTest(TestSuite.java:232)
	at junit.framework.TestSuite.run(TestSuite.java:227)
	at junit.framework.TestSuite.runTest(TestSuite.java:232)
	at junit.framework.TestSuite.run(TestSuite.java:227)
	at org.apache.tools.ant.taskdefs.optional.junit.JUnitTestRunner.run(JUnitTestRunner.java:420)
	at org.apache.tools.ant.taskdefs.optional.junit.JUnitTestRunner.launch(JUnitTestRunner.java:911)
	at org.apache.tools.ant.taskdefs.optional.junit.JUnitTestRunner.main(JUnitTestRunner.java:768)
StressTestPersistenceUploadManager - tearDown - end
com.topcoder.util.config.UnknownNamespaceException: com.topcoder.util.log is unknown
	at com.topcoder.util.config.DefaultConfigManager.getPropertyObject(DefaultConfigManager.java:429)
	at com.topcoder.util.config.DefaultConfigManager.getString(DefaultConfigManager.java:449)
	at com.topcoder.util.log.LogFactory.getAttribute(LogFactory.java:224)
	at com.topcoder.util.log.basic.BasicLog.log(BasicLog.java:74)
	at com.topcoder.management.deliverable.stresstests.StressTestPersistenceUploadManager.setUp(StressTestPersistenceUploadManager.java:71)
	at junit.framework.TestCase.runBare(TestCase.java:132)
	at junit.framework.TestResult$1.protect(TestResult.java:110)
	at junit.framework.TestResult.runProtected(TestResult.java:128)
	at junit.framework.TestResult.run(TestResult.java:113)
	at junit.framework.TestCase.run(TestCase.java:124)
	at junit.framework.TestSuite.runTest(TestSuite.java:232)
	at junit.framework.TestSuite.run(TestSuite.java:227)
	at junit.framework.TestSuite.runTest(TestSuite.java:232)
	at junit.framework.TestSuite.run(TestSuite.java:227)
	at junit.framework.TestSuite.runTest(TestSuite.java:232)
	at junit.framework.TestSuite.run(TestSuite.java:227)
	at org.apache.tools.ant.taskdefs.optional.junit.JUnitTestRunner.run(JUnitTestRunner.java:420)
	at org.apache.tools.ant.taskdefs.optional.junit.JUnitTestRunner.launch(JUnitTestRunner.java:911)
	at org.apache.tools.ant.taskdefs.optional.junit.JUnitTestRunner.main(JUnitTestRunner.java:768)
StressTestPersistenceUploadManager - setUp - start
com.topcoder.util.config.UnknownNamespaceException: com.topcoder.util.log is unknown
	at com.topcoder.util.config.DefaultConfigManager.getPropertyObject(DefaultConfigManager.java:429)
	at com.topcoder.util.config.DefaultConfigManager.getString(DefaultConfigManager.java:449)
	at com.topcoder.util.log.LogFactory.getAttribute(LogFactory.java:224)
	at com.topcoder.util.log.basic.BasicLog.log(BasicLog.java:74)
	at com.topcoder.management.deliverable.PersistenceUploadManager.<init>(PersistenceUploadManager.java:260)
	at com.topcoder.management.deliverable.PersistenceUploadManager.<init>(PersistenceUploadManager.java:306)
	at com.topcoder.management.deliverable.stresstests.StressTestPersistenceUploadManager.setUp(StressTestPersistenceUploadManager.java:109)
	at junit.framework.TestCase.runBare(TestCase.java:132)
	at junit.framework.TestResult$1.protect(TestResult.java:110)
	at junit.framework.TestResult.runProtected(TestResult.java:128)
	at junit.framework.TestResult.run(TestResult.java:113)
	at junit.framework.TestCase.run(TestCase.java:124)
	at junit.framework.TestSuite.runTest(TestSuite.java:232)
	at junit.framework.TestSuite.run(TestSuite.java:227)
	at junit.framework.TestSuite.runTest(TestSuite.java:232)
	at junit.framework.TestSuite.run(TestSuite.java:227)
	at junit.framework.TestSuite.runTest(TestSuite.java:232)
	at junit.framework.TestSuite.run(TestSuite.java:227)
	at org.apache.tools.ant.taskdefs.optional.junit.JUnitTestRunner.run(JUnitTestRunner.java:420)
	at org.apache.tools.ant.taskdefs.optional.junit.JUnitTestRunner.launch(JUnitTestRunner.java:911)
	at org.apache.tools.ant.taskdefs.optional.junit.JUnitTestRunner.main(JUnitTestRunner.java:768)
Instantiate PersistenceUploadManager with UploadPersistence, uploadSearchBundle, submissionSearchBundle, uploadIdGenerator, uploadTypeIdGenerator, uploadStatusIdGenerator, submissionIDGenerator and submissionStatusIdGenerator.
com.topcoder.util.config.UnknownNamespaceException: com.topcoder.util.log is unknown
	at com.topcoder.util.config.DefaultConfigManager.getPropertyObject(DefaultConfigManager.java:429)
	at com.topcoder.util.config.DefaultConfigManager.getString(DefaultConfigManager.java:449)
	at com.topcoder.util.log.LogFactory.getAttribute(LogFactory.java:224)
	at com.topcoder.util.log.basic.BasicLog.log(BasicLog.java:74)
	at com.topcoder.management.deliverable.stresstests.StressTestPersistenceUploadManager.setUp(StressTestPersistenceUploadManager.java:111)
	at junit.framework.TestCase.runBare(TestCase.java:132)
	at junit.framework.TestResult$1.protect(TestResult.java:110)
	at junit.framework.TestResult.runProtected(TestResult.java:128)
	at junit.framework.TestResult.run(TestResult.java:113)
	at junit.framework.TestCase.run(TestCase.java:124)
	at junit.framework.TestSuite.runTest(TestSuite.java:232)
	at junit.framework.TestSuite.run(TestSuite.java:227)
	at junit.framework.TestSuite.runTest(TestSuite.java:232)
	at junit.framework.TestSuite.run(TestSuite.java:227)
	at junit.framework.TestSuite.runTest(TestSuite.java:232)
	at junit.framework.TestSuite.run(TestSuite.java:227)
	at org.apache.tools.ant.taskdefs.optional.junit.JUnitTestRunner.run(JUnitTestRunner.java:420)
	at org.apache.tools.ant.taskdefs.optional.junit.JUnitTestRunner.launch(JUnitTestRunner.java:911)
	at org.apache.tools.ant.taskdefs.optional.junit.JUnitTestRunner.main(JUnitTestRunner.java:768)
StressTestPersistenceUploadManager - setUp - end
com.topcoder.util.config.UnknownNamespaceException: com.topcoder.util.log is unknown
	at com.topcoder.util.config.DefaultConfigManager.getPropertyObject(DefaultConfigManager.java:429)
	at com.topcoder.util.config.DefaultConfigManager.getString(DefaultConfigManager.java:449)
	at com.topcoder.util.log.LogFactory.getAttribute(LogFactory.java:224)
	at com.topcoder.util.log.basic.BasicLog.log(BasicLog.java:74)
	at com.topcoder.management.deliverable.PersistenceUploadManager.createSubmissionStatus(PersistenceUploadManager.java:748)
	at com.topcoder.management.deliverable.stresstests.StressTestPersistenceUploadManager.testCreateSubmissionStatus(StressTestPersistenceUploadManager.java:285)
	at sun.reflect.NativeMethodAccessorImpl.invoke0(Native Method)
	at sun.reflect.NativeMethodAccessorImpl.invoke(NativeMethodAccessorImpl.java:57)
	at sun.reflect.DelegatingMethodAccessorImpl.invoke(DelegatingMethodAccessorImpl.java:43)
	at java.lang.reflect.Method.invoke(Method.java:616)
	at junit.framework.TestCase.runTest(TestCase.java:168)
	at junit.framework.TestCase.runBare(TestCase.java:134)
	at junit.framework.TestResult$1.protect(TestResult.java:110)
	at junit.framework.TestResult.runProtected(TestResult.java:128)
	at junit.framework.TestResult.run(TestResult.java:113)
	at junit.framework.TestCase.run(TestCase.java:124)
	at junit.framework.TestSuite.runTest(TestSuite.java:232)
	at junit.framework.TestSuite.run(TestSuite.java:227)
	at junit.framework.TestSuite.runTest(TestSuite.java:232)
	at junit.framework.TestSuite.run(TestSuite.java:227)
	at junit.framework.TestSuite.runTest(TestSuite.java:232)
	at junit.framework.TestSuite.run(TestSuite.java:227)
	at org.apache.tools.ant.taskdefs.optional.junit.JUnitTestRunner.run(JUnitTestRunner.java:420)
	at org.apache.tools.ant.taskdefs.optional.junit.JUnitTestRunner.launch(JUnitTestRunner.java:911)
	at org.apache.tools.ant.taskdefs.optional.junit.JUnitTestRunner.main(JUnitTestRunner.java:768)
type: SubmissionStatus id: Unknown operator:stress - create new SubmissionStatus.
com.topcoder.util.config.UnknownNamespaceException: com.topcoder.util.log is unknown
	at com.topcoder.util.config.DefaultConfigManager.getPropertyObject(DefaultConfigManager.java:429)
	at com.topcoder.util.config.DefaultConfigManager.getString(DefaultConfigManager.java:449)
	at com.topcoder.util.log.LogFactory.getAttribute(LogFactory.java:224)
	at com.topcoder.util.log.basic.BasicLog.log(BasicLog.java:74)
	at com.topcoder.management.deliverable.PersistenceUploadManager.persistenceUploadManagerHelper(PersistenceUploadManager.java:966)
	at com.topcoder.management.deliverable.PersistenceUploadManager.createSubmissionStatus(PersistenceUploadManager.java:749)
	at com.topcoder.management.deliverable.stresstests.StressTestPersistenceUploadManager.testCreateSubmissionStatus(StressTestPersistenceUploadManager.java:285)
	at sun.reflect.NativeMethodAccessorImpl.invoke0(Native Method)
	at sun.reflect.NativeMethodAccessorImpl.invoke(NativeMethodAccessorImpl.java:57)
	at sun.reflect.DelegatingMethodAccessorImpl.invoke(DelegatingMethodAccessorImpl.java:43)
	at java.lang.reflect.Method.invoke(Method.java:616)
	at junit.framework.TestCase.runTest(TestCase.java:168)
	at junit.framework.TestCase.runBare(TestCase.java:134)
	at junit.framework.TestResult$1.protect(TestResult.java:110)
	at junit.framework.TestResult.runProtected(TestResult.java:128)
	at junit.framework.TestResult.run(TestResult.java:113)
	at junit.framework.TestCase.run(TestCase.java:124)
	at junit.framework.TestSuite.runTest(TestSuite.java:232)
	at junit.framework.TestSuite.run(TestSuite.java:227)
	at junit.framework.TestSuite.runTest(TestSuite.java:232)
	at junit.framework.TestSuite.run(TestSuite.java:227)
	at junit.framework.TestSuite.runTest(TestSuite.java:232)
	at junit.framework.TestSuite.run(TestSuite.java:227)
	at org.apache.tools.ant.taskdefs.optional.junit.JUnitTestRunner.run(JUnitTestRunner.java:420)
	at org.apache.tools.ant.taskdefs.optional.junit.JUnitTestRunner.launch(JUnitTestRunner.java:911)
	at org.apache.tools.ant.taskdefs.optional.junit.JUnitTestRunner.main(JUnitTestRunner.java:768)
generate next id from the idGenerator:submission_status_id_seq
com.topcoder.util.config.UnknownNamespaceException: com.topcoder.util.log is unknown
	at com.topcoder.util.config.DefaultConfigManager.getPropertyObject(DefaultConfigManager.java:429)
	at com.topcoder.util.config.DefaultConfigManager.getString(DefaultConfigManager.java:449)
	at com.topcoder.util.log.LogFactory.getAttribute(LogFactory.java:224)
	at com.topcoder.util.log.basic.BasicLog.log(BasicLog.java:74)
	at com.topcoder.management.deliverable.stresstests.StressTestPersistenceUploadManager.tearDown(StressTestPersistenceUploadManager.java:121)
	at junit.framework.TestCase.runBare(TestCase.java:140)
	at junit.framework.TestResult$1.protect(TestResult.java:110)
	at junit.framework.TestResult.runProtected(TestResult.java:128)
	at junit.framework.TestResult.run(TestResult.java:113)
	at junit.framework.TestCase.run(TestCase.java:124)
	at junit.framework.TestSuite.runTest(TestSuite.java:232)
	at junit.framework.TestSuite.run(TestSuite.java:227)
	at junit.framework.TestSuite.runTest(TestSuite.java:232)
	at junit.framework.TestSuite.run(TestSuite.java:227)
	at junit.framework.TestSuite.runTest(TestSuite.java:232)
	at junit.framework.TestSuite.run(TestSuite.java:227)
	at org.apache.tools.ant.taskdefs.optional.junit.JUnitTestRunner.run(JUnitTestRunner.java:420)
	at org.apache.tools.ant.taskdefs.optional.junit.JUnitTestRunner.launch(JUnitTestRunner.java:911)
	at org.apache.tools.ant.taskdefs.optional.junit.JUnitTestRunner.main(JUnitTestRunner.java:768)
StressTestPersistenceUploadManager - tearDown - start
com.topcoder.util.config.UnknownNamespaceException: com.topcoder.util.log is unknown
	at com.topcoder.util.config.DefaultConfigManager.getPropertyObject(DefaultConfigManager.java:429)
	at com.topcoder.util.config.DefaultConfigManager.getString(DefaultConfigManager.java:449)
	at com.topcoder.util.log.LogFactory.getAttribute(LogFactory.java:224)
	at com.topcoder.util.log.basic.BasicLog.log(BasicLog.java:74)
	at com.topcoder.management.deliverable.stresstests.StressTestPersistenceUploadManager.tearDown(StressTestPersistenceUploadManager.java:126)
	at junit.framework.TestCase.runBare(TestCase.java:140)
	at junit.framework.TestResult$1.protect(TestResult.java:110)
	at junit.framework.TestResult.runProtected(TestResult.java:128)
	at junit.framework.TestResult.run(TestResult.java:113)
	at junit.framework.TestCase.run(TestCase.java:124)
	at junit.framework.TestSuite.runTest(TestSuite.java:232)
	at junit.framework.TestSuite.run(TestSuite.java:227)
	at junit.framework.TestSuite.runTest(TestSuite.java:232)
	at junit.framework.TestSuite.run(TestSuite.java:227)
	at junit.framework.TestSuite.runTest(TestSuite.java:232)
	at junit.framework.TestSuite.run(TestSuite.java:227)
	at org.apache.tools.ant.taskdefs.optional.junit.JUnitTestRunner.run(JUnitTestRunner.java:420)
	at org.apache.tools.ant.taskdefs.optional.junit.JUnitTestRunner.launch(JUnitTestRunner.java:911)
	at org.apache.tools.ant.taskdefs.optional.junit.JUnitTestRunner.main(JUnitTestRunner.java:768)
StressTestPersistenceUploadManager - tearDown - end
com.topcoder.util.config.UnknownNamespaceException: com.topcoder.util.log is unknown
	at com.topcoder.util.config.DefaultConfigManager.getPropertyObject(DefaultConfigManager.java:429)
	at com.topcoder.util.config.DefaultConfigManager.getString(DefaultConfigManager.java:449)
	at com.topcoder.util.log.LogFactory.getAttribute(LogFactory.java:224)
	at com.topcoder.util.log.basic.BasicLog.log(BasicLog.java:74)
	at com.topcoder.management.deliverable.stresstests.StressTestPersistenceUploadManager.setUp(StressTestPersistenceUploadManager.java:71)
	at junit.framework.TestCase.runBare(TestCase.java:132)
	at junit.framework.TestResult$1.protect(TestResult.java:110)
	at junit.framework.TestResult.runProtected(TestResult.java:128)
	at junit.framework.TestResult.run(TestResult.java:113)
	at junit.framework.TestCase.run(TestCase.java:124)
	at junit.framework.TestSuite.runTest(TestSuite.java:232)
	at junit.framework.TestSuite.run(TestSuite.java:227)
	at junit.framework.TestSuite.runTest(TestSuite.java:232)
	at junit.framework.TestSuite.run(TestSuite.java:227)
	at junit.framework.TestSuite.runTest(TestSuite.java:232)
	at junit.framework.TestSuite.run(TestSuite.java:227)
	at org.apache.tools.ant.taskdefs.optional.junit.JUnitTestRunner.run(JUnitTestRunner.java:420)
	at org.apache.tools.ant.taskdefs.optional.junit.JUnitTestRunner.launch(JUnitTestRunner.java:911)
	at org.apache.tools.ant.taskdefs.optional.junit.JUnitTestRunner.main(JUnitTestRunner.java:768)
StressTestPersistenceUploadManager - setUp - start
com.topcoder.util.config.UnknownNamespaceException: com.topcoder.util.log is unknown
	at com.topcoder.util.config.DefaultConfigManager.getPropertyObject(DefaultConfigManager.java:429)
	at com.topcoder.util.config.DefaultConfigManager.getString(DefaultConfigManager.java:449)
	at com.topcoder.util.log.LogFactory.getAttribute(LogFactory.java:224)
	at com.topcoder.util.log.basic.BasicLog.log(BasicLog.java:74)
	at com.topcoder.management.deliverable.PersistenceUploadManager.<init>(PersistenceUploadManager.java:260)
	at com.topcoder.management.deliverable.PersistenceUploadManager.<init>(PersistenceUploadManager.java:306)
	at com.topcoder.management.deliverable.stresstests.StressTestPersistenceUploadManager.setUp(StressTestPersistenceUploadManager.java:109)
	at junit.framework.TestCase.runBare(TestCase.java:132)
	at junit.framework.TestResult$1.protect(TestResult.java:110)
	at junit.framework.TestResult.runProtected(TestResult.java:128)
	at junit.framework.TestResult.run(TestResult.java:113)
	at junit.framework.TestCase.run(TestCase.java:124)
	at junit.framework.TestSuite.runTest(TestSuite.java:232)
	at junit.framework.TestSuite.run(TestSuite.java:227)
	at junit.framework.TestSuite.runTest(TestSuite.java:232)
	at junit.framework.TestSuite.run(TestSuite.java:227)
	at junit.framework.TestSuite.runTest(TestSuite.java:232)
	at junit.framework.TestSuite.run(TestSuite.java:227)
	at org.apache.tools.ant.taskdefs.optional.junit.JUnitTestRunner.run(JUnitTestRunner.java:420)
	at org.apache.tools.ant.taskdefs.optional.junit.JUnitTestRunner.launch(JUnitTestRunner.java:911)
	at org.apache.tools.ant.taskdefs.optional.junit.JUnitTestRunner.main(JUnitTestRunner.java:768)
Instantiate PersistenceUploadManager with UploadPersistence, uploadSearchBundle, submissionSearchBundle, uploadIdGenerator, uploadTypeIdGenerator, uploadStatusIdGenerator, submissionIDGenerator and submissionStatusIdGenerator.
com.topcoder.util.config.UnknownNamespaceException: com.topcoder.util.log is unknown
	at com.topcoder.util.config.DefaultConfigManager.getPropertyObject(DefaultConfigManager.java:429)
	at com.topcoder.util.config.DefaultConfigManager.getString(DefaultConfigManager.java:449)
	at com.topcoder.util.log.LogFactory.getAttribute(LogFactory.java:224)
	at com.topcoder.util.log.basic.BasicLog.log(BasicLog.java:74)
	at com.topcoder.management.deliverable.stresstests.StressTestPersistenceUploadManager.setUp(StressTestPersistenceUploadManager.java:111)
	at junit.framework.TestCase.runBare(TestCase.java:132)
	at junit.framework.TestResult$1.protect(TestResult.java:110)
	at junit.framework.TestResult.runProtected(TestResult.java:128)
	at junit.framework.TestResult.run(TestResult.java:113)
	at junit.framework.TestCase.run(TestCase.java:124)
	at junit.framework.TestSuite.runTest(TestSuite.java:232)
	at junit.framework.TestSuite.run(TestSuite.java:227)
	at junit.framework.TestSuite.runTest(TestSuite.java:232)
	at junit.framework.TestSuite.run(TestSuite.java:227)
	at junit.framework.TestSuite.runTest(TestSuite.java:232)
	at junit.framework.TestSuite.run(TestSuite.java:227)
	at org.apache.tools.ant.taskdefs.optional.junit.JUnitTestRunner.run(JUnitTestRunner.java:420)
	at org.apache.tools.ant.taskdefs.optional.junit.JUnitTestRunner.launch(JUnitTestRunner.java:911)
	at org.apache.tools.ant.taskdefs.optional.junit.JUnitTestRunner.main(JUnitTestRunner.java:768)
StressTestPersistenceUploadManager - setUp - end
com.topcoder.util.config.UnknownNamespaceException: com.topcoder.util.log is unknown
	at com.topcoder.util.config.DefaultConfigManager.getPropertyObject(DefaultConfigManager.java:429)
	at com.topcoder.util.config.DefaultConfigManager.getString(DefaultConfigManager.java:449)
	at com.topcoder.util.log.LogFactory.getAttribute(LogFactory.java:224)
	at com.topcoder.util.log.basic.BasicLog.log(BasicLog.java:74)
	at com.topcoder.management.deliverable.PersistenceUploadManager.createSubmissionStatus(PersistenceUploadManager.java:748)
	at com.topcoder.management.deliverable.stresstests.StressTestPersistenceUploadManager.testUpdateSubmissionStatus(StressTestPersistenceUploadManager.java:327)
	at sun.reflect.NativeMethodAccessorImpl.invoke0(Native Method)
	at sun.reflect.NativeMethodAccessorImpl.invoke(NativeMethodAccessorImpl.java:57)
	at sun.reflect.DelegatingMethodAccessorImpl.invoke(DelegatingMethodAccessorImpl.java:43)
	at java.lang.reflect.Method.invoke(Method.java:616)
	at junit.framework.TestCase.runTest(TestCase.java:168)
	at junit.framework.TestCase.runBare(TestCase.java:134)
	at junit.framework.TestResult$1.protect(TestResult.java:110)
	at junit.framework.TestResult.runProtected(TestResult.java:128)
	at junit.framework.TestResult.run(TestResult.java:113)
	at junit.framework.TestCase.run(TestCase.java:124)
	at junit.framework.TestSuite.runTest(TestSuite.java:232)
	at junit.framework.TestSuite.run(TestSuite.java:227)
	at junit.framework.TestSuite.runTest(TestSuite.java:232)
	at junit.framework.TestSuite.run(TestSuite.java:227)
	at junit.framework.TestSuite.runTest(TestSuite.java:232)
	at junit.framework.TestSuite.run(TestSuite.java:227)
	at org.apache.tools.ant.taskdefs.optional.junit.JUnitTestRunner.run(JUnitTestRunner.java:420)
	at org.apache.tools.ant.taskdefs.optional.junit.JUnitTestRunner.launch(JUnitTestRunner.java:911)
	at org.apache.tools.ant.taskdefs.optional.junit.JUnitTestRunner.main(JUnitTestRunner.java:768)
type: SubmissionStatus id: Unknown operator:created - create new SubmissionStatus.
com.topcoder.util.config.UnknownNamespaceException: com.topcoder.util.log is unknown
	at com.topcoder.util.config.DefaultConfigManager.getPropertyObject(DefaultConfigManager.java:429)
	at com.topcoder.util.config.DefaultConfigManager.getString(DefaultConfigManager.java:449)
	at com.topcoder.util.log.LogFactory.getAttribute(LogFactory.java:224)
	at com.topcoder.util.log.basic.BasicLog.log(BasicLog.java:74)
	at com.topcoder.management.deliverable.PersistenceUploadManager.persistenceUploadManagerHelper(PersistenceUploadManager.java:966)
	at com.topcoder.management.deliverable.PersistenceUploadManager.createSubmissionStatus(PersistenceUploadManager.java:749)
	at com.topcoder.management.deliverable.stresstests.StressTestPersistenceUploadManager.testUpdateSubmissionStatus(StressTestPersistenceUploadManager.java:327)
	at sun.reflect.NativeMethodAccessorImpl.invoke0(Native Method)
	at sun.reflect.NativeMethodAccessorImpl.invoke(NativeMethodAccessorImpl.java:57)
	at sun.reflect.DelegatingMethodAccessorImpl.invoke(DelegatingMethodAccessorImpl.java:43)
	at java.lang.reflect.Method.invoke(Method.java:616)
	at junit.framework.TestCase.runTest(TestCase.java:168)
	at junit.framework.TestCase.runBare(TestCase.java:134)
	at junit.framework.TestResult$1.protect(TestResult.java:110)
	at junit.framework.TestResult.runProtected(TestResult.java:128)
	at junit.framework.TestResult.run(TestResult.java:113)
	at junit.framework.TestCase.run(TestCase.java:124)
	at junit.framework.TestSuite.runTest(TestSuite.java:232)
	at junit.framework.TestSuite.run(TestSuite.java:227)
	at junit.framework.TestSuite.runTest(TestSuite.java:232)
	at junit.framework.TestSuite.run(TestSuite.java:227)
	at junit.framework.TestSuite.runTest(TestSuite.java:232)
	at junit.framework.TestSuite.run(TestSuite.java:227)
	at org.apache.tools.ant.taskdefs.optional.junit.JUnitTestRunner.run(JUnitTestRunner.java:420)
	at org.apache.tools.ant.taskdefs.optional.junit.JUnitTestRunner.launch(JUnitTestRunner.java:911)
	at org.apache.tools.ant.taskdefs.optional.junit.JUnitTestRunner.main(JUnitTestRunner.java:768)
generate next id from the idGenerator:submission_status_id_seq
com.topcoder.util.config.UnknownNamespaceException: com.topcoder.util.log is unknown
	at com.topcoder.util.config.DefaultConfigManager.getPropertyObject(DefaultConfigManager.java:429)
	at com.topcoder.util.config.DefaultConfigManager.getString(DefaultConfigManager.java:449)
	at com.topcoder.util.log.LogFactory.getAttribute(LogFactory.java:224)
	at com.topcoder.util.log.basic.BasicLog.log(BasicLog.java:74)
	at com.topcoder.management.deliverable.PersistenceUploadManager.updateSubmissionStatus(PersistenceUploadManager.java:776)
	at com.topcoder.management.deliverable.stresstests.StressTestPersistenceUploadManager.testUpdateSubmissionStatus(StressTestPersistenceUploadManager.java:332)
	at sun.reflect.NativeMethodAccessorImpl.invoke0(Native Method)
	at sun.reflect.NativeMethodAccessorImpl.invoke(NativeMethodAccessorImpl.java:57)
	at sun.reflect.DelegatingMethodAccessorImpl.invoke(DelegatingMethodAccessorImpl.java:43)
	at java.lang.reflect.Method.invoke(Method.java:616)
	at junit.framework.TestCase.runTest(TestCase.java:168)
	at junit.framework.TestCase.runBare(TestCase.java:134)
	at junit.framework.TestResult$1.protect(TestResult.java:110)
	at junit.framework.TestResult.runProtected(TestResult.java:128)
	at junit.framework.TestResult.run(TestResult.java:113)
	at junit.framework.TestCase.run(TestCase.java:124)
	at junit.framework.TestSuite.runTest(TestSuite.java:232)
	at junit.framework.TestSuite.run(TestSuite.java:227)
	at junit.framework.TestSuite.runTest(TestSuite.java:232)
	at junit.framework.TestSuite.run(TestSuite.java:227)
	at junit.framework.TestSuite.runTest(TestSuite.java:232)
	at junit.framework.TestSuite.run(TestSuite.java:227)
	at org.apache.tools.ant.taskdefs.optional.junit.JUnitTestRunner.run(JUnitTestRunner.java:420)
	at org.apache.tools.ant.taskdefs.optional.junit.JUnitTestRunner.launch(JUnitTestRunner.java:911)
	at org.apache.tools.ant.taskdefs.optional.junit.JUnitTestRunner.main(JUnitTestRunner.java:768)
type: SubmissionStatus id: 6 operator:stress - update SubmissionStatus.
com.topcoder.util.config.UnknownNamespaceException: com.topcoder.util.log is unknown
	at com.topcoder.util.config.DefaultConfigManager.getPropertyObject(DefaultConfigManager.java:429)
	at com.topcoder.util.config.DefaultConfigManager.getString(DefaultConfigManager.java:449)
	at com.topcoder.util.log.LogFactory.getAttribute(LogFactory.java:224)
	at com.topcoder.util.log.basic.BasicLog.log(BasicLog.java:74)
	at com.topcoder.management.deliverable.PersistenceUploadManager.updateSubmissionStatus(PersistenceUploadManager.java:776)
	at com.topcoder.management.deliverable.stresstests.StressTestPersistenceUploadManager.testUpdateSubmissionStatus(StressTestPersistenceUploadManager.java:332)
	at sun.reflect.NativeMethodAccessorImpl.invoke0(Native Method)
	at sun.reflect.NativeMethodAccessorImpl.invoke(NativeMethodAccessorImpl.java:57)
	at sun.reflect.DelegatingMethodAccessorImpl.invoke(DelegatingMethodAccessorImpl.java:43)
	at java.lang.reflect.Method.invoke(Method.java:616)
	at junit.framework.TestCase.runTest(TestCase.java:168)
	at junit.framework.TestCase.runBare(TestCase.java:134)
	at junit.framework.TestResult$1.protect(TestResult.java:110)
	at junit.framework.TestResult.runProtected(TestResult.java:128)
	at junit.framework.TestResult.run(TestResult.java:113)
	at junit.framework.TestCase.run(TestCase.java:124)
	at junit.framework.TestSuite.runTest(TestSuite.java:232)
	at junit.framework.TestSuite.run(TestSuite.java:227)
	at junit.framework.TestSuite.runTest(TestSuite.java:232)
	at junit.framework.TestSuite.run(TestSuite.java:227)
	at junit.framework.TestSuite.runTest(TestSuite.java:232)
	at junit.framework.TestSuite.run(TestSuite.java:227)
	at org.apache.tools.ant.taskdefs.optional.junit.JUnitTestRunner.run(JUnitTestRunner.java:420)
	at org.apache.tools.ant.taskdefs.optional.junit.JUnitTestRunner.launch(JUnitTestRunner.java:911)
	at org.apache.tools.ant.taskdefs.optional.junit.JUnitTestRunner.main(JUnitTestRunner.java:768)
type: SubmissionStatus id: 6 operator:stress - update SubmissionStatus.
com.topcoder.util.config.UnknownNamespaceException: com.topcoder.util.log is unknown
	at com.topcoder.util.config.DefaultConfigManager.getPropertyObject(DefaultConfigManager.java:429)
	at com.topcoder.util.config.DefaultConfigManager.getString(DefaultConfigManager.java:449)
	at com.topcoder.util.log.LogFactory.getAttribute(LogFactory.java:224)
	at com.topcoder.util.log.basic.BasicLog.log(BasicLog.java:74)
	at com.topcoder.management.deliverable.stresstests.StressTestPersistenceUploadManager.tearDown(StressTestPersistenceUploadManager.java:121)
	at junit.framework.TestCase.runBare(TestCase.java:140)
	at junit.framework.TestResult$1.protect(TestResult.java:110)
	at junit.framework.TestResult.runProtected(TestResult.java:128)
	at junit.framework.TestResult.run(TestResult.java:113)
	at junit.framework.TestCase.run(TestCase.java:124)
	at junit.framework.TestSuite.runTest(TestSuite.java:232)
	at junit.framework.TestSuite.run(TestSuite.java:227)
	at junit.framework.TestSuite.runTest(TestSuite.java:232)
	at junit.framework.TestSuite.run(TestSuite.java:227)
	at junit.framework.TestSuite.runTest(TestSuite.java:232)
	at junit.framework.TestSuite.run(TestSuite.java:227)
	at org.apache.tools.ant.taskdefs.optional.junit.JUnitTestRunner.run(JUnitTestRunner.java:420)
	at org.apache.tools.ant.taskdefs.optional.junit.JUnitTestRunner.launch(JUnitTestRunner.java:911)
	at org.apache.tools.ant.taskdefs.optional.junit.JUnitTestRunner.main(JUnitTestRunner.java:768)
StressTestPersistenceUploadManager - tearDown - start
com.topcoder.util.config.UnknownNamespaceException: com.topcoder.util.log is unknown
	at com.topcoder.util.config.DefaultConfigManager.getPropertyObject(DefaultConfigManager.java:429)
	at com.topcoder.util.config.DefaultConfigManager.getString(DefaultConfigManager.java:449)
	at com.topcoder.util.log.LogFactory.getAttribute(LogFactory.java:224)
	at com.topcoder.util.log.basic.BasicLog.log(BasicLog.java:74)
	at com.topcoder.management.deliverable.stresstests.StressTestPersistenceUploadManager.tearDown(StressTestPersistenceUploadManager.java:126)
	at junit.framework.TestCase.runBare(TestCase.java:140)
	at junit.framework.TestResult$1.protect(TestResult.java:110)
	at junit.framework.TestResult.runProtected(TestResult.java:128)
	at junit.framework.TestResult.run(TestResult.java:113)
	at junit.framework.TestCase.run(TestCase.java:124)
	at junit.framework.TestSuite.runTest(TestSuite.java:232)
	at junit.framework.TestSuite.run(TestSuite.java:227)
	at junit.framework.TestSuite.runTest(TestSuite.java:232)
	at junit.framework.TestSuite.run(TestSuite.java:227)
	at junit.framework.TestSuite.runTest(TestSuite.java:232)
	at junit.framework.TestSuite.run(TestSuite.java:227)
	at org.apache.tools.ant.taskdefs.optional.junit.JUnitTestRunner.run(JUnitTestRunner.java:420)
	at org.apache.tools.ant.taskdefs.optional.junit.JUnitTestRunner.launch(JUnitTestRunner.java:911)
	at org.apache.tools.ant.taskdefs.optional.junit.JUnitTestRunner.main(JUnitTestRunner.java:768)
StressTestPersistenceUploadManager - tearDown - end
com.topcoder.util.config.UnknownNamespaceException: com.topcoder.util.log is unknown
	at com.topcoder.util.config.DefaultConfigManager.getPropertyObject(DefaultConfigManager.java:429)
	at com.topcoder.util.config.DefaultConfigManager.getString(DefaultConfigManager.java:449)
	at com.topcoder.util.log.LogFactory.getAttribute(LogFactory.java:224)
	at com.topcoder.util.log.basic.BasicLog.log(BasicLog.java:74)
	at com.topcoder.management.deliverable.stresstests.StressTestPersistenceUploadManager.setUp(StressTestPersistenceUploadManager.java:71)
	at junit.framework.TestCase.runBare(TestCase.java:132)
	at junit.framework.TestResult$1.protect(TestResult.java:110)
	at junit.framework.TestResult.runProtected(TestResult.java:128)
	at junit.framework.TestResult.run(TestResult.java:113)
	at junit.framework.TestCase.run(TestCase.java:124)
	at junit.framework.TestSuite.runTest(TestSuite.java:232)
	at junit.framework.TestSuite.run(TestSuite.java:227)
	at junit.framework.TestSuite.runTest(TestSuite.java:232)
	at junit.framework.TestSuite.run(TestSuite.java:227)
	at junit.framework.TestSuite.runTest(TestSuite.java:232)
	at junit.framework.TestSuite.run(TestSuite.java:227)
	at org.apache.tools.ant.taskdefs.optional.junit.JUnitTestRunner.run(JUnitTestRunner.java:420)
	at org.apache.tools.ant.taskdefs.optional.junit.JUnitTestRunner.launch(JUnitTestRunner.java:911)
	at org.apache.tools.ant.taskdefs.optional.junit.JUnitTestRunner.main(JUnitTestRunner.java:768)
StressTestPersistenceUploadManager - setUp - start
com.topcoder.util.config.UnknownNamespaceException: com.topcoder.util.log is unknown
	at com.topcoder.util.config.DefaultConfigManager.getPropertyObject(DefaultConfigManager.java:429)
	at com.topcoder.util.config.DefaultConfigManager.getString(DefaultConfigManager.java:449)
	at com.topcoder.util.log.LogFactory.getAttribute(LogFactory.java:224)
	at com.topcoder.util.log.basic.BasicLog.log(BasicLog.java:74)
	at com.topcoder.management.deliverable.PersistenceUploadManager.<init>(PersistenceUploadManager.java:260)
	at com.topcoder.management.deliverable.PersistenceUploadManager.<init>(PersistenceUploadManager.java:306)
	at com.topcoder.management.deliverable.stresstests.StressTestPersistenceUploadManager.setUp(StressTestPersistenceUploadManager.java:109)
	at junit.framework.TestCase.runBare(TestCase.java:132)
	at junit.framework.TestResult$1.protect(TestResult.java:110)
	at junit.framework.TestResult.runProtected(TestResult.java:128)
	at junit.framework.TestResult.run(TestResult.java:113)
	at junit.framework.TestCase.run(TestCase.java:124)
	at junit.framework.TestSuite.runTest(TestSuite.java:232)
	at junit.framework.TestSuite.run(TestSuite.java:227)
	at junit.framework.TestSuite.runTest(TestSuite.java:232)
	at junit.framework.TestSuite.run(TestSuite.java:227)
	at junit.framework.TestSuite.runTest(TestSuite.java:232)
	at junit.framework.TestSuite.run(TestSuite.java:227)
	at org.apache.tools.ant.taskdefs.optional.junit.JUnitTestRunner.run(JUnitTestRunner.java:420)
	at org.apache.tools.ant.taskdefs.optional.junit.JUnitTestRunner.launch(JUnitTestRunner.java:911)
	at org.apache.tools.ant.taskdefs.optional.junit.JUnitTestRunner.main(JUnitTestRunner.java:768)
Instantiate PersistenceUploadManager with UploadPersistence, uploadSearchBundle, submissionSearchBundle, uploadIdGenerator, uploadTypeIdGenerator, uploadStatusIdGenerator, submissionIDGenerator and submissionStatusIdGenerator.
com.topcoder.util.config.UnknownNamespaceException: com.topcoder.util.log is unknown
	at com.topcoder.util.config.DefaultConfigManager.getPropertyObject(DefaultConfigManager.java:429)
	at com.topcoder.util.config.DefaultConfigManager.getString(DefaultConfigManager.java:449)
	at com.topcoder.util.log.LogFactory.getAttribute(LogFactory.java:224)
	at com.topcoder.util.log.basic.BasicLog.log(BasicLog.java:74)
	at com.topcoder.management.deliverable.stresstests.StressTestPersistenceUploadManager.setUp(StressTestPersistenceUploadManager.java:111)
	at junit.framework.TestCase.runBare(TestCase.java:132)
	at junit.framework.TestResult$1.protect(TestResult.java:110)
	at junit.framework.TestResult.runProtected(TestResult.java:128)
	at junit.framework.TestResult.run(TestResult.java:113)
	at junit.framework.TestCase.run(TestCase.java:124)
	at junit.framework.TestSuite.runTest(TestSuite.java:232)
	at junit.framework.TestSuite.run(TestSuite.java:227)
	at junit.framework.TestSuite.runTest(TestSuite.java:232)
	at junit.framework.TestSuite.run(TestSuite.java:227)
	at junit.framework.TestSuite.runTest(TestSuite.java:232)
	at junit.framework.TestSuite.run(TestSuite.java:227)
	at org.apache.tools.ant.taskdefs.optional.junit.JUnitTestRunner.run(JUnitTestRunner.java:420)
	at org.apache.tools.ant.taskdefs.optional.junit.JUnitTestRunner.launch(JUnitTestRunner.java:911)
	at org.apache.tools.ant.taskdefs.optional.junit.JUnitTestRunner.main(JUnitTestRunner.java:768)
StressTestPersistenceUploadManager - setUp - end
com.topcoder.util.config.UnknownNamespaceException: com.topcoder.util.log is unknown
	at com.topcoder.util.config.DefaultConfigManager.getPropertyObject(DefaultConfigManager.java:429)
	at com.topcoder.util.config.DefaultConfigManager.getString(DefaultConfigManager.java:449)
	at com.topcoder.util.log.LogFactory.getAttribute(LogFactory.java:224)
	at com.topcoder.util.log.basic.BasicLog.log(BasicLog.java:74)
	at com.topcoder.management.deliverable.PersistenceUploadManager.createSubmissionStatus(PersistenceUploadManager.java:748)
	at com.topcoder.management.deliverable.stresstests.StressTestPersistenceUploadManager.testCreateSubmissionStatus(StressTestPersistenceUploadManager.java:285)
	at com.topcoder.management.deliverable.stresstests.StressTestPersistenceUploadManager.testGetAllSubmissionStatuses(StressTestPersistenceUploadManager.java:298)
	at sun.reflect.NativeMethodAccessorImpl.invoke0(Native Method)
	at sun.reflect.NativeMethodAccessorImpl.invoke(NativeMethodAccessorImpl.java:57)
	at sun.reflect.DelegatingMethodAccessorImpl.invoke(DelegatingMethodAccessorImpl.java:43)
	at java.lang.reflect.Method.invoke(Method.java:616)
	at junit.framework.TestCase.runTest(TestCase.java:168)
	at junit.framework.TestCase.runBare(TestCase.java:134)
	at junit.framework.TestResult$1.protect(TestResult.java:110)
	at junit.framework.TestResult.runProtected(TestResult.java:128)
	at junit.framework.TestResult.run(TestResult.java:113)
	at junit.framework.TestCase.run(TestCase.java:124)
	at junit.framework.TestSuite.runTest(TestSuite.java:232)
	at junit.framework.TestSuite.run(TestSuite.java:227)
	at junit.framework.TestSuite.runTest(TestSuite.java:232)
	at junit.framework.TestSuite.run(TestSuite.java:227)
	at junit.framework.TestSuite.runTest(TestSuite.java:232)
	at junit.framework.TestSuite.run(TestSuite.java:227)
	at org.apache.tools.ant.taskdefs.optional.junit.JUnitTestRunner.run(JUnitTestRunner.java:420)
	at org.apache.tools.ant.taskdefs.optional.junit.JUnitTestRunner.launch(JUnitTestRunner.java:911)
	at org.apache.tools.ant.taskdefs.optional.junit.JUnitTestRunner.main(JUnitTestRunner.java:768)
type: SubmissionStatus id: Unknown operator:stress - create new SubmissionStatus.
com.topcoder.util.config.UnknownNamespaceException: com.topcoder.util.log is unknown
	at com.topcoder.util.config.DefaultConfigManager.getPropertyObject(DefaultConfigManager.java:429)
	at com.topcoder.util.config.DefaultConfigManager.getString(DefaultConfigManager.java:449)
	at com.topcoder.util.log.LogFactory.getAttribute(LogFactory.java:224)
	at com.topcoder.util.log.basic.BasicLog.log(BasicLog.java:74)
	at com.topcoder.management.deliverable.PersistenceUploadManager.persistenceUploadManagerHelper(PersistenceUploadManager.java:966)
	at com.topcoder.management.deliverable.PersistenceUploadManager.createSubmissionStatus(PersistenceUploadManager.java:749)
	at com.topcoder.management.deliverable.stresstests.StressTestPersistenceUploadManager.testCreateSubmissionStatus(StressTestPersistenceUploadManager.java:285)
	at com.topcoder.management.deliverable.stresstests.StressTestPersistenceUploadManager.testGetAllSubmissionStatuses(StressTestPersistenceUploadManager.java:298)
	at sun.reflect.NativeMethodAccessorImpl.invoke0(Native Method)
	at sun.reflect.NativeMethodAccessorImpl.invoke(NativeMethodAccessorImpl.java:57)
	at sun.reflect.DelegatingMethodAccessorImpl.invoke(DelegatingMethodAccessorImpl.java:43)
	at java.lang.reflect.Method.invoke(Method.java:616)
	at junit.framework.TestCase.runTest(TestCase.java:168)
	at junit.framework.TestCase.runBare(TestCase.java:134)
	at junit.framework.TestResult$1.protect(TestResult.java:110)
	at junit.framework.TestResult.runProtected(TestResult.java:128)
	at junit.framework.TestResult.run(TestResult.java:113)
	at junit.framework.TestCase.run(TestCase.java:124)
	at junit.framework.TestSuite.runTest(TestSuite.java:232)
	at junit.framework.TestSuite.run(TestSuite.java:227)
	at junit.framework.TestSuite.runTest(TestSuite.java:232)
	at junit.framework.TestSuite.run(TestSuite.java:227)
	at junit.framework.TestSuite.runTest(TestSuite.java:232)
	at junit.framework.TestSuite.run(TestSuite.java:227)
	at org.apache.tools.ant.taskdefs.optional.junit.JUnitTestRunner.run(JUnitTestRunner.java:420)
	at org.apache.tools.ant.taskdefs.optional.junit.JUnitTestRunner.launch(JUnitTestRunner.java:911)
	at org.apache.tools.ant.taskdefs.optional.junit.JUnitTestRunner.main(JUnitTestRunner.java:768)
generate next id from the idGenerator:submission_status_id_seq
com.topcoder.util.config.UnknownNamespaceException: com.topcoder.util.log is unknown
	at com.topcoder.util.config.DefaultConfigManager.getPropertyObject(DefaultConfigManager.java:429)
	at com.topcoder.util.config.DefaultConfigManager.getString(DefaultConfigManager.java:449)
	at com.topcoder.util.log.LogFactory.getAttribute(LogFactory.java:224)
	at com.topcoder.util.log.basic.BasicLog.log(BasicLog.java:74)
	at com.topcoder.management.deliverable.PersistenceUploadManager.createSubmissionStatus(PersistenceUploadManager.java:748)
	at com.topcoder.management.deliverable.stresstests.StressTestPersistenceUploadManager.testCreateSubmissionStatus(StressTestPersistenceUploadManager.java:285)
	at com.topcoder.management.deliverable.stresstests.StressTestPersistenceUploadManager.testGetAllSubmissionStatuses(StressTestPersistenceUploadManager.java:298)
	at sun.reflect.NativeMethodAccessorImpl.invoke0(Native Method)
	at sun.reflect.NativeMethodAccessorImpl.invoke(NativeMethodAccessorImpl.java:57)
	at sun.reflect.DelegatingMethodAccessorImpl.invoke(DelegatingMethodAccessorImpl.java:43)
	at java.lang.reflect.Method.invoke(Method.java:616)
	at junit.framework.TestCase.runTest(TestCase.java:168)
	at junit.framework.TestCase.runBare(TestCase.java:134)
	at junit.framework.TestResult$1.protect(TestResult.java:110)
	at junit.framework.TestResult.runProtected(TestResult.java:128)
	at junit.framework.TestResult.run(TestResult.java:113)
	at junit.framework.TestCase.run(TestCase.java:124)
	at junit.framework.TestSuite.runTest(TestSuite.java:232)
	at junit.framework.TestSuite.run(TestSuite.java:227)
	at junit.framework.TestSuite.runTest(TestSuite.java:232)
	at junit.framework.TestSuite.run(TestSuite.java:227)
	at junit.framework.TestSuite.runTest(TestSuite.java:232)
	at junit.framework.TestSuite.run(TestSuite.java:227)
	at org.apache.tools.ant.taskdefs.optional.junit.JUnitTestRunner.run(JUnitTestRunner.java:420)
	at org.apache.tools.ant.taskdefs.optional.junit.JUnitTestRunner.launch(JUnitTestRunner.java:911)
	at org.apache.tools.ant.taskdefs.optional.junit.JUnitTestRunner.main(JUnitTestRunner.java:768)
type: SubmissionStatus id: Unknown operator:stress - create new SubmissionStatus.
com.topcoder.util.config.UnknownNamespaceException: com.topcoder.util.log is unknown
	at com.topcoder.util.config.DefaultConfigManager.getPropertyObject(DefaultConfigManager.java:429)
	at com.topcoder.util.config.DefaultConfigManager.getString(DefaultConfigManager.java:449)
	at com.topcoder.util.log.LogFactory.getAttribute(LogFactory.java:224)
	at com.topcoder.util.log.basic.BasicLog.log(BasicLog.java:74)
	at com.topcoder.management.deliverable.PersistenceUploadManager.persistenceUploadManagerHelper(PersistenceUploadManager.java:966)
	at com.topcoder.management.deliverable.PersistenceUploadManager.createSubmissionStatus(PersistenceUploadManager.java:749)
	at com.topcoder.management.deliverable.stresstests.StressTestPersistenceUploadManager.testCreateSubmissionStatus(StressTestPersistenceUploadManager.java:285)
	at com.topcoder.management.deliverable.stresstests.StressTestPersistenceUploadManager.testGetAllSubmissionStatuses(StressTestPersistenceUploadManager.java:298)
	at sun.reflect.NativeMethodAccessorImpl.invoke0(Native Method)
	at sun.reflect.NativeMethodAccessorImpl.invoke(NativeMethodAccessorImpl.java:57)
	at sun.reflect.DelegatingMethodAccessorImpl.invoke(DelegatingMethodAccessorImpl.java:43)
	at java.lang.reflect.Method.invoke(Method.java:616)
	at junit.framework.TestCase.runTest(TestCase.java:168)
	at junit.framework.TestCase.runBare(TestCase.java:134)
	at junit.framework.TestResult$1.protect(TestResult.java:110)
	at junit.framework.TestResult.runProtected(TestResult.java:128)
	at junit.framework.TestResult.run(TestResult.java:113)
	at junit.framework.TestCase.run(TestCase.java:124)
	at junit.framework.TestSuite.runTest(TestSuite.java:232)
	at junit.framework.TestSuite.run(TestSuite.java:227)
	at junit.framework.TestSuite.runTest(TestSuite.java:232)
	at junit.framework.TestSuite.run(TestSuite.java:227)
	at junit.framework.TestSuite.runTest(TestSuite.java:232)
	at junit.framework.TestSuite.run(TestSuite.java:227)
	at org.apache.tools.ant.taskdefs.optional.junit.JUnitTestRunner.run(JUnitTestRunner.java:420)
	at org.apache.tools.ant.taskdefs.optional.junit.JUnitTestRunner.launch(JUnitTestRunner.java:911)
	at org.apache.tools.ant.taskdefs.optional.junit.JUnitTestRunner.main(JUnitTestRunner.java:768)
generate next id from the idGenerator:submission_status_id_seq
com.topcoder.util.config.UnknownNamespaceException: com.topcoder.util.log is unknown
	at com.topcoder.util.config.DefaultConfigManager.getPropertyObject(DefaultConfigManager.java:429)
	at com.topcoder.util.config.DefaultConfigManager.getString(DefaultConfigManager.java:449)
	at com.topcoder.util.log.LogFactory.getAttribute(LogFactory.java:224)
	at com.topcoder.util.log.basic.BasicLog.log(BasicLog.java:74)
	at com.topcoder.management.deliverable.stresstests.StressTestPersistenceUploadManager.testGetAllSubmissionStatuses(StressTestPersistenceUploadManager.java:303)
	at sun.reflect.NativeMethodAccessorImpl.invoke0(Native Method)
	at sun.reflect.NativeMethodAccessorImpl.invoke(NativeMethodAccessorImpl.java:57)
	at sun.reflect.DelegatingMethodAccessorImpl.invoke(DelegatingMethodAccessorImpl.java:43)
	at java.lang.reflect.Method.invoke(Method.java:616)
	at junit.framework.TestCase.runTest(TestCase.java:168)
	at junit.framework.TestCase.runBare(TestCase.java:134)
	at junit.framework.TestResult$1.protect(TestResult.java:110)
	at junit.framework.TestResult.runProtected(TestResult.java:128)
	at junit.framework.TestResult.run(TestResult.java:113)
	at junit.framework.TestCase.run(TestCase.java:124)
	at junit.framework.TestSuite.runTest(TestSuite.java:232)
	at junit.framework.TestSuite.run(TestSuite.java:227)
	at junit.framework.TestSuite.runTest(TestSuite.java:232)
	at junit.framework.TestSuite.run(TestSuite.java:227)
	at junit.framework.TestSuite.runTest(TestSuite.java:232)
	at junit.framework.TestSuite.run(TestSuite.java:227)
	at org.apache.tools.ant.taskdefs.optional.junit.JUnitTestRunner.run(JUnitTestRunner.java:420)
	at org.apache.tools.ant.taskdefs.optional.junit.JUnitTestRunner.launch(JUnitTestRunner.java:911)
	at org.apache.tools.ant.taskdefs.optional.junit.JUnitTestRunner.main(JUnitTestRunner.java:768)
Getting All Submission Statuses Try Number: 0
com.topcoder.util.config.UnknownNamespaceException: com.topcoder.util.log is unknown
	at com.topcoder.util.config.DefaultConfigManager.getPropertyObject(DefaultConfigManager.java:429)
	at com.topcoder.util.config.DefaultConfigManager.getString(DefaultConfigManager.java:449)
	at com.topcoder.util.log.LogFactory.getAttribute(LogFactory.java:224)
	at com.topcoder.util.log.basic.BasicLog.log(BasicLog.java:74)
	at com.topcoder.management.deliverable.PersistenceUploadManager.getAllSubmissionStatuses(PersistenceUploadManager.java:818)
	at com.topcoder.management.deliverable.stresstests.StressTestPersistenceUploadManager.testGetAllSubmissionStatuses(StressTestPersistenceUploadManager.java:307)
	at sun.reflect.NativeMethodAccessorImpl.invoke0(Native Method)
	at sun.reflect.NativeMethodAccessorImpl.invoke(NativeMethodAccessorImpl.java:57)
	at sun.reflect.DelegatingMethodAccessorImpl.invoke(DelegatingMethodAccessorImpl.java:43)
	at java.lang.reflect.Method.invoke(Method.java:616)
	at junit.framework.TestCase.runTest(TestCase.java:168)
	at junit.framework.TestCase.runBare(TestCase.java:134)
	at junit.framework.TestResult$1.protect(TestResult.java:110)
	at junit.framework.TestResult.runProtected(TestResult.java:128)
	at junit.framework.TestResult.run(TestResult.java:113)
	at junit.framework.TestCase.run(TestCase.java:124)
	at junit.framework.TestSuite.runTest(TestSuite.java:232)
	at junit.framework.TestSuite.run(TestSuite.java:227)
	at junit.framework.TestSuite.runTest(TestSuite.java:232)
	at junit.framework.TestSuite.run(TestSuite.java:227)
	at junit.framework.TestSuite.runTest(TestSuite.java:232)
	at junit.framework.TestSuite.run(TestSuite.java:227)
	at org.apache.tools.ant.taskdefs.optional.junit.JUnitTestRunner.run(JUnitTestRunner.java:420)
	at org.apache.tools.ant.taskdefs.optional.junit.JUnitTestRunner.launch(JUnitTestRunner.java:911)
	at org.apache.tools.ant.taskdefs.optional.junit.JUnitTestRunner.main(JUnitTestRunner.java:768)
get All submission statuses, delegate to persistence.
com.topcoder.util.config.UnknownNamespaceException: com.topcoder.util.log is unknown
	at com.topcoder.util.config.DefaultConfigManager.getPropertyObject(DefaultConfigManager.java:429)
	at com.topcoder.util.config.DefaultConfigManager.getString(DefaultConfigManager.java:449)
	at com.topcoder.util.log.LogFactory.getAttribute(LogFactory.java:224)
	at com.topcoder.util.log.basic.BasicLog.log(BasicLog.java:74)
	at com.topcoder.management.deliverable.persistence.sql.MyUploadPersistence.loadSubmissionStatuses(MyUploadPersistence.java:1219)
	at com.topcoder.management.deliverable.PersistenceUploadManager.getAllSubmissionStatuses(PersistenceUploadManager.java:820)
	at com.topcoder.management.deliverable.stresstests.StressTestPersistenceUploadManager.testGetAllSubmissionStatuses(StressTestPersistenceUploadManager.java:307)
	at sun.reflect.NativeMethodAccessorImpl.invoke0(Native Method)
	at sun.reflect.NativeMethodAccessorImpl.invoke(NativeMethodAccessorImpl.java:57)
	at sun.reflect.DelegatingMethodAccessorImpl.invoke(DelegatingMethodAccessorImpl.java:43)
	at java.lang.reflect.Method.invoke(Method.java:616)
	at junit.framework.TestCase.runTest(TestCase.java:168)
	at junit.framework.TestCase.runBare(TestCase.java:134)
	at junit.framework.TestResult$1.protect(TestResult.java:110)
	at junit.framework.TestResult.runProtected(TestResult.java:128)
	at junit.framework.TestResult.run(TestResult.java:113)
	at junit.framework.TestCase.run(TestCase.java:124)
	at junit.framework.TestSuite.runTest(TestSuite.java:232)
	at junit.framework.TestSuite.run(TestSuite.java:227)
	at junit.framework.TestSuite.runTest(TestSuite.java:232)
	at junit.framework.TestSuite.run(TestSuite.java:227)
	at junit.framework.TestSuite.runTest(TestSuite.java:232)
	at junit.framework.TestSuite.run(TestSuite.java:227)
	at org.apache.tools.ant.taskdefs.optional.junit.JUnitTestRunner.run(JUnitTestRunner.java:420)
	at org.apache.tools.ant.taskdefs.optional.junit.JUnitTestRunner.launch(JUnitTestRunner.java:911)
	at org.apache.tools.ant.taskdefs.optional.junit.JUnitTestRunner.main(JUnitTestRunner.java:768)
loadSubmissionStatuses - Creating Query: 7
com.topcoder.util.config.UnknownNamespaceException: com.topcoder.util.log is unknown
	at com.topcoder.util.config.DefaultConfigManager.getPropertyObject(DefaultConfigManager.java:429)
	at com.topcoder.util.config.DefaultConfigManager.getString(DefaultConfigManager.java:449)
	at com.topcoder.util.log.LogFactory.getAttribute(LogFactory.java:224)
	at com.topcoder.util.log.basic.BasicLog.log(BasicLog.java:74)
	at com.topcoder.management.deliverable.persistence.sql.MyUploadPersistence.loadSubmissionStatuses(MyUploadPersistence.java:1223)
	at com.topcoder.management.deliverable.PersistenceUploadManager.getAllSubmissionStatuses(PersistenceUploadManager.java:820)
	at com.topcoder.management.deliverable.stresstests.StressTestPersistenceUploadManager.testGetAllSubmissionStatuses(StressTestPersistenceUploadManager.java:307)
	at sun.reflect.NativeMethodAccessorImpl.invoke0(Native Method)
	at sun.reflect.NativeMethodAccessorImpl.invoke(NativeMethodAccessorImpl.java:57)
	at sun.reflect.DelegatingMethodAccessorImpl.invoke(DelegatingMethodAccessorImpl.java:43)
	at java.lang.reflect.Method.invoke(Method.java:616)
	at junit.framework.TestCase.runTest(TestCase.java:168)
	at junit.framework.TestCase.runBare(TestCase.java:134)
	at junit.framework.TestResult$1.protect(TestResult.java:110)
	at junit.framework.TestResult.runProtected(TestResult.java:128)
	at junit.framework.TestResult.run(TestResult.java:113)
	at junit.framework.TestCase.run(TestCase.java:124)
	at junit.framework.TestSuite.runTest(TestSuite.java:232)
	at junit.framework.TestSuite.run(TestSuite.java:227)
	at junit.framework.TestSuite.runTest(TestSuite.java:232)
	at junit.framework.TestSuite.run(TestSuite.java:227)
	at junit.framework.TestSuite.runTest(TestSuite.java:232)
	at junit.framework.TestSuite.run(TestSuite.java:227)
	at org.apache.tools.ant.taskdefs.optional.junit.JUnitTestRunner.run(JUnitTestRunner.java:420)
	at org.apache.tools.ant.taskdefs.optional.junit.JUnitTestRunner.launch(JUnitTestRunner.java:911)
	at org.apache.tools.ant.taskdefs.optional.junit.JUnitTestRunner.main(JUnitTestRunner.java:768)
loadSubmissionStatuses - Processing Query
com.topcoder.util.config.UnknownNamespaceException: com.topcoder.util.log is unknown
	at com.topcoder.util.config.DefaultConfigManager.getPropertyObject(DefaultConfigManager.java:429)
	at com.topcoder.util.config.DefaultConfigManager.getString(DefaultConfigManager.java:449)
	at com.topcoder.util.log.LogFactory.getAttribute(LogFactory.java:224)
	at com.topcoder.util.log.basic.BasicLog.log(BasicLog.java:74)
	at com.topcoder.management.deliverable.persistence.sql.MyUploadPersistence.loadSubmissionStatuses(MyUploadPersistence.java:1227)
	at com.topcoder.management.deliverable.PersistenceUploadManager.getAllSubmissionStatuses(PersistenceUploadManager.java:820)
	at com.topcoder.management.deliverable.stresstests.StressTestPersistenceUploadManager.testGetAllSubmissionStatuses(StressTestPersistenceUploadManager.java:307)
	at sun.reflect.NativeMethodAccessorImpl.invoke0(Native Method)
	at sun.reflect.NativeMethodAccessorImpl.invoke(NativeMethodAccessorImpl.java:57)
	at sun.reflect.DelegatingMethodAccessorImpl.invoke(DelegatingMethodAccessorImpl.java:43)
	at java.lang.reflect.Method.invoke(Method.java:616)
	at junit.framework.TestCase.runTest(TestCase.java:168)
	at junit.framework.TestCase.runBare(TestCase.java:134)
	at junit.framework.TestResult$1.protect(TestResult.java:110)
	at junit.framework.TestResult.runProtected(TestResult.java:128)
	at junit.framework.TestResult.run(TestResult.java:113)
	at junit.framework.TestCase.run(TestCase.java:124)
	at junit.framework.TestSuite.runTest(TestSuite.java:232)
	at junit.framework.TestSuite.run(TestSuite.java:227)
	at junit.framework.TestSuite.runTest(TestSuite.java:232)
	at junit.framework.TestSuite.run(TestSuite.java:227)
	at junit.framework.TestSuite.runTest(TestSuite.java:232)
	at junit.framework.TestSuite.run(TestSuite.java:227)
	at org.apache.tools.ant.taskdefs.optional.junit.JUnitTestRunner.run(JUnitTestRunner.java:420)
	at org.apache.tools.ant.taskdefs.optional.junit.JUnitTestRunner.launch(JUnitTestRunner.java:911)
	at org.apache.tools.ant.taskdefs.optional.junit.JUnitTestRunner.main(JUnitTestRunner.java:768)
loadSubmissionStatuses - Query Processed
com.topcoder.util.config.UnknownNamespaceException: com.topcoder.util.log is unknown
	at com.topcoder.util.config.DefaultConfigManager.getPropertyObject(DefaultConfigManager.java:429)
	at com.topcoder.util.config.DefaultConfigManager.getString(DefaultConfigManager.java:449)
	at com.topcoder.util.log.LogFactory.getAttribute(LogFactory.java:224)
	at com.topcoder.util.log.basic.BasicLog.log(BasicLog.java:74)
	at com.topcoder.management.deliverable.stresstests.StressTestPersistenceUploadManager.testGetAllSubmissionStatuses(StressTestPersistenceUploadManager.java:303)
	at sun.reflect.NativeMethodAccessorImpl.invoke0(Native Method)
	at sun.reflect.NativeMethodAccessorImpl.invoke(NativeMethodAccessorImpl.java:57)
	at sun.reflect.DelegatingMethodAccessorImpl.invoke(DelegatingMethodAccessorImpl.java:43)
	at java.lang.reflect.Method.invoke(Method.java:616)
	at junit.framework.TestCase.runTest(TestCase.java:168)
	at junit.framework.TestCase.runBare(TestCase.java:134)
	at junit.framework.TestResult$1.protect(TestResult.java:110)
	at junit.framework.TestResult.runProtected(TestResult.java:128)
	at junit.framework.TestResult.run(TestResult.java:113)
	at junit.framework.TestCase.run(TestCase.java:124)
	at junit.framework.TestSuite.runTest(TestSuite.java:232)
	at junit.framework.TestSuite.run(TestSuite.java:227)
	at junit.framework.TestSuite.runTest(TestSuite.java:232)
	at junit.framework.TestSuite.run(TestSuite.java:227)
	at junit.framework.TestSuite.runTest(TestSuite.java:232)
	at junit.framework.TestSuite.run(TestSuite.java:227)
	at org.apache.tools.ant.taskdefs.optional.junit.JUnitTestRunner.run(JUnitTestRunner.java:420)
	at org.apache.tools.ant.taskdefs.optional.junit.JUnitTestRunner.launch(JUnitTestRunner.java:911)
	at org.apache.tools.ant.taskdefs.optional.junit.JUnitTestRunner.main(JUnitTestRunner.java:768)
Getting All Submission Statuses Try Number: 1
com.topcoder.util.config.UnknownNamespaceException: com.topcoder.util.log is unknown
	at com.topcoder.util.config.DefaultConfigManager.getPropertyObject(DefaultConfigManager.java:429)
	at com.topcoder.util.config.DefaultConfigManager.getString(DefaultConfigManager.java:449)
	at com.topcoder.util.log.LogFactory.getAttribute(LogFactory.java:224)
	at com.topcoder.util.log.basic.BasicLog.log(BasicLog.java:74)
	at com.topcoder.management.deliverable.PersistenceUploadManager.getAllSubmissionStatuses(PersistenceUploadManager.java:818)
	at com.topcoder.management.deliverable.stresstests.StressTestPersistenceUploadManager.testGetAllSubmissionStatuses(StressTestPersistenceUploadManager.java:307)
	at sun.reflect.NativeMethodAccessorImpl.invoke0(Native Method)
	at sun.reflect.NativeMethodAccessorImpl.invoke(NativeMethodAccessorImpl.java:57)
	at sun.reflect.DelegatingMethodAccessorImpl.invoke(DelegatingMethodAccessorImpl.java:43)
	at java.lang.reflect.Method.invoke(Method.java:616)
	at junit.framework.TestCase.runTest(TestCase.java:168)
	at junit.framework.TestCase.runBare(TestCase.java:134)
	at junit.framework.TestResult$1.protect(TestResult.java:110)
	at junit.framework.TestResult.runProtected(TestResult.java:128)
	at junit.framework.TestResult.run(TestResult.java:113)
	at junit.framework.TestCase.run(TestCase.java:124)
	at junit.framework.TestSuite.runTest(TestSuite.java:232)
	at junit.framework.TestSuite.run(TestSuite.java:227)
	at junit.framework.TestSuite.runTest(TestSuite.java:232)
	at junit.framework.TestSuite.run(TestSuite.java:227)
	at junit.framework.TestSuite.runTest(TestSuite.java:232)
	at junit.framework.TestSuite.run(TestSuite.java:227)
	at org.apache.tools.ant.taskdefs.optional.junit.JUnitTestRunner.run(JUnitTestRunner.java:420)
	at org.apache.tools.ant.taskdefs.optional.junit.JUnitTestRunner.launch(JUnitTestRunner.java:911)
	at org.apache.tools.ant.taskdefs.optional.junit.JUnitTestRunner.main(JUnitTestRunner.java:768)
get All submission statuses, delegate to persistence.
com.topcoder.util.config.UnknownNamespaceException: com.topcoder.util.log is unknown
	at com.topcoder.util.config.DefaultConfigManager.getPropertyObject(DefaultConfigManager.java:429)
	at com.topcoder.util.config.DefaultConfigManager.getString(DefaultConfigManager.java:449)
	at com.topcoder.util.log.LogFactory.getAttribute(LogFactory.java:224)
	at com.topcoder.util.log.basic.BasicLog.log(BasicLog.java:74)
	at com.topcoder.management.deliverable.persistence.sql.MyUploadPersistence.loadSubmissionStatuses(MyUploadPersistence.java:1219)
	at com.topcoder.management.deliverable.PersistenceUploadManager.getAllSubmissionStatuses(PersistenceUploadManager.java:820)
	at com.topcoder.management.deliverable.stresstests.StressTestPersistenceUploadManager.testGetAllSubmissionStatuses(StressTestPersistenceUploadManager.java:307)
	at sun.reflect.NativeMethodAccessorImpl.invoke0(Native Method)
	at sun.reflect.NativeMethodAccessorImpl.invoke(NativeMethodAccessorImpl.java:57)
	at sun.reflect.DelegatingMethodAccessorImpl.invoke(DelegatingMethodAccessorImpl.java:43)
	at java.lang.reflect.Method.invoke(Method.java:616)
	at junit.framework.TestCase.runTest(TestCase.java:168)
	at junit.framework.TestCase.runBare(TestCase.java:134)
	at junit.framework.TestResult$1.protect(TestResult.java:110)
	at junit.framework.TestResult.runProtected(TestResult.java:128)
	at junit.framework.TestResult.run(TestResult.java:113)
	at junit.framework.TestCase.run(TestCase.java:124)
	at junit.framework.TestSuite.runTest(TestSuite.java:232)
	at junit.framework.TestSuite.run(TestSuite.java:227)
	at junit.framework.TestSuite.runTest(TestSuite.java:232)
	at junit.framework.TestSuite.run(TestSuite.java:227)
	at junit.framework.TestSuite.runTest(TestSuite.java:232)
	at junit.framework.TestSuite.run(TestSuite.java:227)
	at org.apache.tools.ant.taskdefs.optional.junit.JUnitTestRunner.run(JUnitTestRunner.java:420)
	at org.apache.tools.ant.taskdefs.optional.junit.JUnitTestRunner.launch(JUnitTestRunner.java:911)
	at org.apache.tools.ant.taskdefs.optional.junit.JUnitTestRunner.main(JUnitTestRunner.java:768)
loadSubmissionStatuses - Creating Query: 7
com.topcoder.util.config.UnknownNamespaceException: com.topcoder.util.log is unknown
	at com.topcoder.util.config.DefaultConfigManager.getPropertyObject(DefaultConfigManager.java:429)
	at com.topcoder.util.config.DefaultConfigManager.getString(DefaultConfigManager.java:449)
	at com.topcoder.util.log.LogFactory.getAttribute(LogFactory.java:224)
	at com.topcoder.util.log.basic.BasicLog.log(BasicLog.java:74)
	at com.topcoder.management.deliverable.persistence.sql.MyUploadPersistence.loadSubmissionStatuses(MyUploadPersistence.java:1223)
	at com.topcoder.management.deliverable.PersistenceUploadManager.getAllSubmissionStatuses(PersistenceUploadManager.java:820)
	at com.topcoder.management.deliverable.stresstests.StressTestPersistenceUploadManager.testGetAllSubmissionStatuses(StressTestPersistenceUploadManager.java:307)
	at sun.reflect.NativeMethodAccessorImpl.invoke0(Native Method)
	at sun.reflect.NativeMethodAccessorImpl.invoke(NativeMethodAccessorImpl.java:57)
	at sun.reflect.DelegatingMethodAccessorImpl.invoke(DelegatingMethodAccessorImpl.java:43)
	at java.lang.reflect.Method.invoke(Method.java:616)
	at junit.framework.TestCase.runTest(TestCase.java:168)
	at junit.framework.TestCase.runBare(TestCase.java:134)
	at junit.framework.TestResult$1.protect(TestResult.java:110)
	at junit.framework.TestResult.runProtected(TestResult.java:128)
	at junit.framework.TestResult.run(TestResult.java:113)
	at junit.framework.TestCase.run(TestCase.java:124)
	at junit.framework.TestSuite.runTest(TestSuite.java:232)
	at junit.framework.TestSuite.run(TestSuite.java:227)
	at junit.framework.TestSuite.runTest(TestSuite.java:232)
	at junit.framework.TestSuite.run(TestSuite.java:227)
	at junit.framework.TestSuite.runTest(TestSuite.java:232)
	at junit.framework.TestSuite.run(TestSuite.java:227)
	at org.apache.tools.ant.taskdefs.optional.junit.JUnitTestRunner.run(JUnitTestRunner.java:420)
	at org.apache.tools.ant.taskdefs.optional.junit.JUnitTestRunner.launch(JUnitTestRunner.java:911)
	at org.apache.tools.ant.taskdefs.optional.junit.JUnitTestRunner.main(JUnitTestRunner.java:768)
loadSubmissionStatuses - Processing Query
com.topcoder.util.config.UnknownNamespaceException: com.topcoder.util.log is unknown
	at com.topcoder.util.config.DefaultConfigManager.getPropertyObject(DefaultConfigManager.java:429)
	at com.topcoder.util.config.DefaultConfigManager.getString(DefaultConfigManager.java:449)
	at com.topcoder.util.log.LogFactory.getAttribute(LogFactory.java:224)
	at com.topcoder.util.log.basic.BasicLog.log(BasicLog.java:74)
	at com.topcoder.management.deliverable.persistence.sql.MyUploadPersistence.loadSubmissionStatuses(MyUploadPersistence.java:1227)
	at com.topcoder.management.deliverable.PersistenceUploadManager.getAllSubmissionStatuses(PersistenceUploadManager.java:820)
	at com.topcoder.management.deliverable.stresstests.StressTestPersistenceUploadManager.testGetAllSubmissionStatuses(StressTestPersistenceUploadManager.java:307)
	at sun.reflect.NativeMethodAccessorImpl.invoke0(Native Method)
	at sun.reflect.NativeMethodAccessorImpl.invoke(NativeMethodAccessorImpl.java:57)
	at sun.reflect.DelegatingMethodAccessorImpl.invoke(DelegatingMethodAccessorImpl.java:43)
	at java.lang.reflect.Method.invoke(Method.java:616)
	at junit.framework.TestCase.runTest(TestCase.java:168)
	at junit.framework.TestCase.runBare(TestCase.java:134)
	at junit.framework.TestResult$1.protect(TestResult.java:110)
	at junit.framework.TestResult.runProtected(TestResult.java:128)
	at junit.framework.TestResult.run(TestResult.java:113)
	at junit.framework.TestCase.run(TestCase.java:124)
	at junit.framework.TestSuite.runTest(TestSuite.java:232)
	at junit.framework.TestSuite.run(TestSuite.java:227)
	at junit.framework.TestSuite.runTest(TestSuite.java:232)
	at junit.framework.TestSuite.run(TestSuite.java:227)
	at junit.framework.TestSuite.runTest(TestSuite.java:232)
	at junit.framework.TestSuite.run(TestSuite.java:227)
	at org.apache.tools.ant.taskdefs.optional.junit.JUnitTestRunner.run(JUnitTestRunner.java:420)
	at org.apache.tools.ant.taskdefs.optional.junit.JUnitTestRunner.launch(JUnitTestRunner.java:911)
	at org.apache.tools.ant.taskdefs.optional.junit.JUnitTestRunner.main(JUnitTestRunner.java:768)
loadSubmissionStatuses - Query Processed
com.topcoder.util.config.UnknownNamespaceException: com.topcoder.util.log is unknown
	at com.topcoder.util.config.DefaultConfigManager.getPropertyObject(DefaultConfigManager.java:429)
	at com.topcoder.util.config.DefaultConfigManager.getString(DefaultConfigManager.java:449)
	at com.topcoder.util.log.LogFactory.getAttribute(LogFactory.java:224)
	at com.topcoder.util.log.basic.BasicLog.log(BasicLog.java:74)
	at com.topcoder.management.deliverable.stresstests.StressTestPersistenceUploadManager.testGetAllSubmissionStatuses(StressTestPersistenceUploadManager.java:314)
	at sun.reflect.NativeMethodAccessorImpl.invoke0(Native Method)
	at sun.reflect.NativeMethodAccessorImpl.invoke(NativeMethodAccessorImpl.java:57)
	at sun.reflect.DelegatingMethodAccessorImpl.invoke(DelegatingMethodAccessorImpl.java:43)
	at java.lang.reflect.Method.invoke(Method.java:616)
	at junit.framework.TestCase.runTest(TestCase.java:168)
	at junit.framework.TestCase.runBare(TestCase.java:134)
	at junit.framework.TestResult$1.protect(TestResult.java:110)
	at junit.framework.TestResult.runProtected(TestResult.java:128)
	at junit.framework.TestResult.run(TestResult.java:113)
	at junit.framework.TestCase.run(TestCase.java:124)
	at junit.framework.TestSuite.runTest(TestSuite.java:232)
	at junit.framework.TestSuite.run(TestSuite.java:227)
	at junit.framework.TestSuite.runTest(TestSuite.java:232)
	at junit.framework.TestSuite.run(TestSuite.java:227)
	at junit.framework.TestSuite.runTest(TestSuite.java:232)
	at junit.framework.TestSuite.run(TestSuite.java:227)
	at org.apache.tools.ant.taskdefs.optional.junit.JUnitTestRunner.run(JUnitTestRunner.java:420)
	at org.apache.tools.ant.taskdefs.optional.junit.JUnitTestRunner.launch(JUnitTestRunner.java:911)
	at org.apache.tools.ant.taskdefs.optional.junit.JUnitTestRunner.main(JUnitTestRunner.java:768)
Invoke getAllSubmissionStatus for 10 times cost 0.064 seconds.
com.topcoder.util.config.UnknownNamespaceException: com.topcoder.util.log is unknown
	at com.topcoder.util.config.DefaultConfigManager.getPropertyObject(DefaultConfigManager.java:429)
	at com.topcoder.util.config.DefaultConfigManager.getString(DefaultConfigManager.java:449)
	at com.topcoder.util.log.LogFactory.getAttribute(LogFactory.java:224)
	at com.topcoder.util.log.basic.BasicLog.log(BasicLog.java:74)
	at com.topcoder.management.deliverable.stresstests.StressTestPersistenceUploadManager.tearDown(StressTestPersistenceUploadManager.java:121)
	at junit.framework.TestCase.runBare(TestCase.java:140)
	at junit.framework.TestResult$1.protect(TestResult.java:110)
	at junit.framework.TestResult.runProtected(TestResult.java:128)
	at junit.framework.TestResult.run(TestResult.java:113)
	at junit.framework.TestCase.run(TestCase.java:124)
	at junit.framework.TestSuite.runTest(TestSuite.java:232)
	at junit.framework.TestSuite.run(TestSuite.java:227)
	at junit.framework.TestSuite.runTest(TestSuite.java:232)
	at junit.framework.TestSuite.run(TestSuite.java:227)
	at junit.framework.TestSuite.runTest(TestSuite.java:232)
	at junit.framework.TestSuite.run(TestSuite.java:227)
	at org.apache.tools.ant.taskdefs.optional.junit.JUnitTestRunner.run(JUnitTestRunner.java:420)
	at org.apache.tools.ant.taskdefs.optional.junit.JUnitTestRunner.launch(JUnitTestRunner.java:911)
	at org.apache.tools.ant.taskdefs.optional.junit.JUnitTestRunner.main(JUnitTestRunner.java:768)
StressTestPersistenceUploadManager - tearDown - start
com.topcoder.util.config.UnknownNamespaceException: com.topcoder.util.log is unknown
	at com.topcoder.util.config.DefaultConfigManager.getPropertyObject(DefaultConfigManager.java:429)
	at com.topcoder.util.config.DefaultConfigManager.getString(DefaultConfigManager.java:449)
	at com.topcoder.util.log.LogFactory.getAttribute(LogFactory.java:224)
	at com.topcoder.util.log.basic.BasicLog.log(BasicLog.java:74)
	at com.topcoder.management.deliverable.stresstests.StressTestPersistenceUploadManager.tearDown(StressTestPersistenceUploadManager.java:126)
	at junit.framework.TestCase.runBare(TestCase.java:140)
	at junit.framework.TestResult$1.protect(TestResult.java:110)
	at junit.framework.TestResult.runProtected(TestResult.java:128)
	at junit.framework.TestResult.run(TestResult.java:113)
	at junit.framework.TestCase.run(TestCase.java:124)
	at junit.framework.TestSuite.runTest(TestSuite.java:232)
	at junit.framework.TestSuite.run(TestSuite.java:227)
	at junit.framework.TestSuite.runTest(TestSuite.java:232)
	at junit.framework.TestSuite.run(TestSuite.java:227)
	at junit.framework.TestSuite.runTest(TestSuite.java:232)
	at junit.framework.TestSuite.run(TestSuite.java:227)
	at org.apache.tools.ant.taskdefs.optional.junit.JUnitTestRunner.run(JUnitTestRunner.java:420)
	at org.apache.tools.ant.taskdefs.optional.junit.JUnitTestRunner.launch(JUnitTestRunner.java:911)
	at org.apache.tools.ant.taskdefs.optional.junit.JUnitTestRunner.main(JUnitTestRunner.java:768)
StressTestPersistenceUploadManager - tearDown - end
com.topcoder.util.config.UnknownNamespaceException: com.topcoder.util.log is unknown
	at com.topcoder.util.config.DefaultConfigManager.getPropertyObject(DefaultConfigManager.java:429)
	at com.topcoder.util.config.DefaultConfigManager.getString(DefaultConfigManager.java:449)
	at com.topcoder.util.log.LogFactory.getAttribute(LogFactory.java:224)
	at com.topcoder.util.log.basic.BasicLog.log(BasicLog.java:74)
	at com.topcoder.management.deliverable.stresstests.StressTestPersistenceUploadManager.setUp(StressTestPersistenceUploadManager.java:71)
	at junit.framework.TestCase.runBare(TestCase.java:132)
	at junit.framework.TestResult$1.protect(TestResult.java:110)
	at junit.framework.TestResult.runProtected(TestResult.java:128)
	at junit.framework.TestResult.run(TestResult.java:113)
	at junit.framework.TestCase.run(TestCase.java:124)
	at junit.framework.TestSuite.runTest(TestSuite.java:232)
	at junit.framework.TestSuite.run(TestSuite.java:227)
	at junit.framework.TestSuite.runTest(TestSuite.java:232)
	at junit.framework.TestSuite.run(TestSuite.java:227)
	at junit.framework.TestSuite.runTest(TestSuite.java:232)
	at junit.framework.TestSuite.run(TestSuite.java:227)
	at org.apache.tools.ant.taskdefs.optional.junit.JUnitTestRunner.run(JUnitTestRunner.java:420)
	at org.apache.tools.ant.taskdefs.optional.junit.JUnitTestRunner.launch(JUnitTestRunner.java:911)
	at org.apache.tools.ant.taskdefs.optional.junit.JUnitTestRunner.main(JUnitTestRunner.java:768)
StressTestPersistenceUploadManager - setUp - start
com.topcoder.util.config.UnknownNamespaceException: com.topcoder.util.log is unknown
	at com.topcoder.util.config.DefaultConfigManager.getPropertyObject(DefaultConfigManager.java:429)
	at com.topcoder.util.config.DefaultConfigManager.getString(DefaultConfigManager.java:449)
	at com.topcoder.util.log.LogFactory.getAttribute(LogFactory.java:224)
	at com.topcoder.util.log.basic.BasicLog.log(BasicLog.java:74)
	at com.topcoder.management.deliverable.PersistenceUploadManager.<init>(PersistenceUploadManager.java:260)
	at com.topcoder.management.deliverable.PersistenceUploadManager.<init>(PersistenceUploadManager.java:306)
	at com.topcoder.management.deliverable.stresstests.StressTestPersistenceUploadManager.setUp(StressTestPersistenceUploadManager.java:109)
	at junit.framework.TestCase.runBare(TestCase.java:132)
	at junit.framework.TestResult$1.protect(TestResult.java:110)
	at junit.framework.TestResult.runProtected(TestResult.java:128)
	at junit.framework.TestResult.run(TestResult.java:113)
	at junit.framework.TestCase.run(TestCase.java:124)
	at junit.framework.TestSuite.runTest(TestSuite.java:232)
	at junit.framework.TestSuite.run(TestSuite.java:227)
	at junit.framework.TestSuite.runTest(TestSuite.java:232)
	at junit.framework.TestSuite.run(TestSuite.java:227)
	at junit.framework.TestSuite.runTest(TestSuite.java:232)
	at junit.framework.TestSuite.run(TestSuite.java:227)
	at org.apache.tools.ant.taskdefs.optional.junit.JUnitTestRunner.run(JUnitTestRunner.java:420)
	at org.apache.tools.ant.taskdefs.optional.junit.JUnitTestRunner.launch(JUnitTestRunner.java:911)
	at org.apache.tools.ant.taskdefs.optional.junit.JUnitTestRunner.main(JUnitTestRunner.java:768)
Instantiate PersistenceUploadManager with UploadPersistence, uploadSearchBundle, submissionSearchBundle, uploadIdGenerator, uploadTypeIdGenerator, uploadStatusIdGenerator, submissionIDGenerator and submissionStatusIdGenerator.
com.topcoder.util.config.UnknownNamespaceException: com.topcoder.util.log is unknown
	at com.topcoder.util.config.DefaultConfigManager.getPropertyObject(DefaultConfigManager.java:429)
	at com.topcoder.util.config.DefaultConfigManager.getString(DefaultConfigManager.java:449)
	at com.topcoder.util.log.LogFactory.getAttribute(LogFactory.java:224)
	at com.topcoder.util.log.basic.BasicLog.log(BasicLog.java:74)
	at com.topcoder.management.deliverable.stresstests.StressTestPersistenceUploadManager.setUp(StressTestPersistenceUploadManager.java:111)
	at junit.framework.TestCase.runBare(TestCase.java:132)
	at junit.framework.TestResult$1.protect(TestResult.java:110)
	at junit.framework.TestResult.runProtected(TestResult.java:128)
	at junit.framework.TestResult.run(TestResult.java:113)
	at junit.framework.TestCase.run(TestCase.java:124)
	at junit.framework.TestSuite.runTest(TestSuite.java:232)
	at junit.framework.TestSuite.run(TestSuite.java:227)
	at junit.framework.TestSuite.runTest(TestSuite.java:232)
	at junit.framework.TestSuite.run(TestSuite.java:227)
	at junit.framework.TestSuite.runTest(TestSuite.java:232)
	at junit.framework.TestSuite.run(TestSuite.java:227)
	at org.apache.tools.ant.taskdefs.optional.junit.JUnitTestRunner.run(JUnitTestRunner.java:420)
	at org.apache.tools.ant.taskdefs.optional.junit.JUnitTestRunner.launch(JUnitTestRunner.java:911)
	at org.apache.tools.ant.taskdefs.optional.junit.JUnitTestRunner.main(JUnitTestRunner.java:768)
StressTestPersistenceUploadManager - setUp - end
com.topcoder.util.config.UnknownNamespaceException: com.topcoder.util.log is unknown
	at com.topcoder.util.config.DefaultConfigManager.getPropertyObject(DefaultConfigManager.java:429)
	at com.topcoder.util.config.DefaultConfigManager.getString(DefaultConfigManager.java:449)
	at com.topcoder.util.log.LogFactory.getAttribute(LogFactory.java:224)
	at com.topcoder.util.log.basic.BasicLog.log(BasicLog.java:74)
	at com.topcoder.management.deliverable.PersistenceUploadManager.createSubmissionType(PersistenceUploadManager.java:845)
	at com.topcoder.management.deliverable.stresstests.StressTestPersistenceUploadManager.testCreateSubmissionType(StressTestPersistenceUploadManager.java:501)
	at sun.reflect.NativeMethodAccessorImpl.invoke0(Native Method)
	at sun.reflect.NativeMethodAccessorImpl.invoke(NativeMethodAccessorImpl.java:57)
	at sun.reflect.DelegatingMethodAccessorImpl.invoke(DelegatingMethodAccessorImpl.java:43)
	at java.lang.reflect.Method.invoke(Method.java:616)
	at junit.framework.TestCase.runTest(TestCase.java:168)
	at junit.framework.TestCase.runBare(TestCase.java:134)
	at junit.framework.TestResult$1.protect(TestResult.java:110)
	at junit.framework.TestResult.runProtected(TestResult.java:128)
	at junit.framework.TestResult.run(TestResult.java:113)
	at junit.framework.TestCase.run(TestCase.java:124)
	at junit.framework.TestSuite.runTest(TestSuite.java:232)
	at junit.framework.TestSuite.run(TestSuite.java:227)
	at junit.framework.TestSuite.runTest(TestSuite.java:232)
	at junit.framework.TestSuite.run(TestSuite.java:227)
	at junit.framework.TestSuite.runTest(TestSuite.java:232)
	at junit.framework.TestSuite.run(TestSuite.java:227)
	at org.apache.tools.ant.taskdefs.optional.junit.JUnitTestRunner.run(JUnitTestRunner.java:420)
	at org.apache.tools.ant.taskdefs.optional.junit.JUnitTestRunner.launch(JUnitTestRunner.java:911)
	at org.apache.tools.ant.taskdefs.optional.junit.JUnitTestRunner.main(JUnitTestRunner.java:768)
type: SubmissionType id: Unknown operator:stress - Create new SubmissionType.
com.topcoder.util.config.UnknownNamespaceException: com.topcoder.util.log is unknown
	at com.topcoder.util.config.DefaultConfigManager.getPropertyObject(DefaultConfigManager.java:429)
	at com.topcoder.util.config.DefaultConfigManager.getString(DefaultConfigManager.java:449)
	at com.topcoder.util.log.LogFactory.getAttribute(LogFactory.java:224)
	at com.topcoder.util.log.basic.BasicLog.log(BasicLog.java:74)
	at com.topcoder.management.deliverable.PersistenceUploadManager.persistenceUploadManagerHelper(PersistenceUploadManager.java:966)
	at com.topcoder.management.deliverable.PersistenceUploadManager.createSubmissionType(PersistenceUploadManager.java:847)
	at com.topcoder.management.deliverable.stresstests.StressTestPersistenceUploadManager.testCreateSubmissionType(StressTestPersistenceUploadManager.java:501)
	at sun.reflect.NativeMethodAccessorImpl.invoke0(Native Method)
	at sun.reflect.NativeMethodAccessorImpl.invoke(NativeMethodAccessorImpl.java:57)
	at sun.reflect.DelegatingMethodAccessorImpl.invoke(DelegatingMethodAccessorImpl.java:43)
	at java.lang.reflect.Method.invoke(Method.java:616)
	at junit.framework.TestCase.runTest(TestCase.java:168)
	at junit.framework.TestCase.runBare(TestCase.java:134)
	at junit.framework.TestResult$1.protect(TestResult.java:110)
	at junit.framework.TestResult.runProtected(TestResult.java:128)
	at junit.framework.TestResult.run(TestResult.java:113)
	at junit.framework.TestCase.run(TestCase.java:124)
	at junit.framework.TestSuite.runTest(TestSuite.java:232)
	at junit.framework.TestSuite.run(TestSuite.java:227)
	at junit.framework.TestSuite.runTest(TestSuite.java:232)
	at junit.framework.TestSuite.run(TestSuite.java:227)
	at junit.framework.TestSuite.runTest(TestSuite.java:232)
	at junit.framework.TestSuite.run(TestSuite.java:227)
	at org.apache.tools.ant.taskdefs.optional.junit.JUnitTestRunner.run(JUnitTestRunner.java:420)
	at org.apache.tools.ant.taskdefs.optional.junit.JUnitTestRunner.launch(JUnitTestRunner.java:911)
	at org.apache.tools.ant.taskdefs.optional.junit.JUnitTestRunner.main(JUnitTestRunner.java:768)
generate next id from the idGenerator:submission_type_id_seq
com.topcoder.util.config.UnknownNamespaceException: com.topcoder.util.log is unknown
	at com.topcoder.util.config.DefaultConfigManager.getPropertyObject(DefaultConfigManager.java:429)
	at com.topcoder.util.config.DefaultConfigManager.getString(DefaultConfigManager.java:449)
	at com.topcoder.util.log.LogFactory.getAttribute(LogFactory.java:224)
	at com.topcoder.util.log.basic.BasicLog.log(BasicLog.java:74)
	at com.topcoder.management.deliverable.stresstests.StressTestPersistenceUploadManager.tearDown(StressTestPersistenceUploadManager.java:121)
	at junit.framework.TestCase.runBare(TestCase.java:140)
	at junit.framework.TestResult$1.protect(TestResult.java:110)
	at junit.framework.TestResult.runProtected(TestResult.java:128)
	at junit.framework.TestResult.run(TestResult.java:113)
	at junit.framework.TestCase.run(TestCase.java:124)
	at junit.framework.TestSuite.runTest(TestSuite.java:232)
	at junit.framework.TestSuite.run(TestSuite.java:227)
	at junit.framework.TestSuite.runTest(TestSuite.java:232)
	at junit.framework.TestSuite.run(TestSuite.java:227)
	at junit.framework.TestSuite.runTest(TestSuite.java:232)
	at junit.framework.TestSuite.run(TestSuite.java:227)
	at org.apache.tools.ant.taskdefs.optional.junit.JUnitTestRunner.run(JUnitTestRunner.java:420)
	at org.apache.tools.ant.taskdefs.optional.junit.JUnitTestRunner.launch(JUnitTestRunner.java:911)
	at org.apache.tools.ant.taskdefs.optional.junit.JUnitTestRunner.main(JUnitTestRunner.java:768)
StressTestPersistenceUploadManager - tearDown - start
com.topcoder.util.config.UnknownNamespaceException: com.topcoder.util.log is unknown
	at com.topcoder.util.config.DefaultConfigManager.getPropertyObject(DefaultConfigManager.java:429)
	at com.topcoder.util.config.DefaultConfigManager.getString(DefaultConfigManager.java:449)
	at com.topcoder.util.log.LogFactory.getAttribute(LogFactory.java:224)
	at com.topcoder.util.log.basic.BasicLog.log(BasicLog.java:74)
	at com.topcoder.management.deliverable.stresstests.StressTestPersistenceUploadManager.tearDown(StressTestPersistenceUploadManager.java:126)
	at junit.framework.TestCase.runBare(TestCase.java:140)
	at junit.framework.TestResult$1.protect(TestResult.java:110)
	at junit.framework.TestResult.runProtected(TestResult.java:128)
	at junit.framework.TestResult.run(TestResult.java:113)
	at junit.framework.TestCase.run(TestCase.java:124)
	at junit.framework.TestSuite.runTest(TestSuite.java:232)
	at junit.framework.TestSuite.run(TestSuite.java:227)
	at junit.framework.TestSuite.runTest(TestSuite.java:232)
	at junit.framework.TestSuite.run(TestSuite.java:227)
	at junit.framework.TestSuite.runTest(TestSuite.java:232)
	at junit.framework.TestSuite.run(TestSuite.java:227)
	at org.apache.tools.ant.taskdefs.optional.junit.JUnitTestRunner.run(JUnitTestRunner.java:420)
	at org.apache.tools.ant.taskdefs.optional.junit.JUnitTestRunner.launch(JUnitTestRunner.java:911)
	at org.apache.tools.ant.taskdefs.optional.junit.JUnitTestRunner.main(JUnitTestRunner.java:768)
StressTestPersistenceUploadManager - tearDown - end
com.topcoder.util.config.UnknownNamespaceException: com.topcoder.util.log is unknown
	at com.topcoder.util.config.DefaultConfigManager.getPropertyObject(DefaultConfigManager.java:429)
	at com.topcoder.util.config.DefaultConfigManager.getString(DefaultConfigManager.java:449)
	at com.topcoder.util.log.LogFactory.getAttribute(LogFactory.java:224)
	at com.topcoder.util.log.basic.BasicLog.log(BasicLog.java:74)
	at com.topcoder.management.deliverable.stresstests.StressTestPersistenceUploadManager.setUp(StressTestPersistenceUploadManager.java:71)
	at junit.framework.TestCase.runBare(TestCase.java:132)
	at junit.framework.TestResult$1.protect(TestResult.java:110)
	at junit.framework.TestResult.runProtected(TestResult.java:128)
	at junit.framework.TestResult.run(TestResult.java:113)
	at junit.framework.TestCase.run(TestCase.java:124)
	at junit.framework.TestSuite.runTest(TestSuite.java:232)
	at junit.framework.TestSuite.run(TestSuite.java:227)
	at junit.framework.TestSuite.runTest(TestSuite.java:232)
	at junit.framework.TestSuite.run(TestSuite.java:227)
	at junit.framework.TestSuite.runTest(TestSuite.java:232)
	at junit.framework.TestSuite.run(TestSuite.java:227)
	at org.apache.tools.ant.taskdefs.optional.junit.JUnitTestRunner.run(JUnitTestRunner.java:420)
	at org.apache.tools.ant.taskdefs.optional.junit.JUnitTestRunner.launch(JUnitTestRunner.java:911)
	at org.apache.tools.ant.taskdefs.optional.junit.JUnitTestRunner.main(JUnitTestRunner.java:768)
StressTestPersistenceUploadManager - setUp - start
com.topcoder.util.config.UnknownNamespaceException: com.topcoder.util.log is unknown
	at com.topcoder.util.config.DefaultConfigManager.getPropertyObject(DefaultConfigManager.java:429)
	at com.topcoder.util.config.DefaultConfigManager.getString(DefaultConfigManager.java:449)
	at com.topcoder.util.log.LogFactory.getAttribute(LogFactory.java:224)
	at com.topcoder.util.log.basic.BasicLog.log(BasicLog.java:74)
	at com.topcoder.management.deliverable.PersistenceUploadManager.<init>(PersistenceUploadManager.java:260)
	at com.topcoder.management.deliverable.PersistenceUploadManager.<init>(PersistenceUploadManager.java:306)
	at com.topcoder.management.deliverable.stresstests.StressTestPersistenceUploadManager.setUp(StressTestPersistenceUploadManager.java:109)
	at junit.framework.TestCase.runBare(TestCase.java:132)
	at junit.framework.TestResult$1.protect(TestResult.java:110)
	at junit.framework.TestResult.runProtected(TestResult.java:128)
	at junit.framework.TestResult.run(TestResult.java:113)
	at junit.framework.TestCase.run(TestCase.java:124)
	at junit.framework.TestSuite.runTest(TestSuite.java:232)
	at junit.framework.TestSuite.run(TestSuite.java:227)
	at junit.framework.TestSuite.runTest(TestSuite.java:232)
	at junit.framework.TestSuite.run(TestSuite.java:227)
	at junit.framework.TestSuite.runTest(TestSuite.java:232)
	at junit.framework.TestSuite.run(TestSuite.java:227)
	at org.apache.tools.ant.taskdefs.optional.junit.JUnitTestRunner.run(JUnitTestRunner.java:420)
	at org.apache.tools.ant.taskdefs.optional.junit.JUnitTestRunner.launch(JUnitTestRunner.java:911)
	at org.apache.tools.ant.taskdefs.optional.junit.JUnitTestRunner.main(JUnitTestRunner.java:768)
Instantiate PersistenceUploadManager with UploadPersistence, uploadSearchBundle, submissionSearchBundle, uploadIdGenerator, uploadTypeIdGenerator, uploadStatusIdGenerator, submissionIDGenerator and submissionStatusIdGenerator.
com.topcoder.util.config.UnknownNamespaceException: com.topcoder.util.log is unknown
	at com.topcoder.util.config.DefaultConfigManager.getPropertyObject(DefaultConfigManager.java:429)
	at com.topcoder.util.config.DefaultConfigManager.getString(DefaultConfigManager.java:449)
	at com.topcoder.util.log.LogFactory.getAttribute(LogFactory.java:224)
	at com.topcoder.util.log.basic.BasicLog.log(BasicLog.java:74)
	at com.topcoder.management.deliverable.stresstests.StressTestPersistenceUploadManager.setUp(StressTestPersistenceUploadManager.java:111)
	at junit.framework.TestCase.runBare(TestCase.java:132)
	at junit.framework.TestResult$1.protect(TestResult.java:110)
	at junit.framework.TestResult.runProtected(TestResult.java:128)
	at junit.framework.TestResult.run(TestResult.java:113)
	at junit.framework.TestCase.run(TestCase.java:124)
	at junit.framework.TestSuite.runTest(TestSuite.java:232)
	at junit.framework.TestSuite.run(TestSuite.java:227)
	at junit.framework.TestSuite.runTest(TestSuite.java:232)
	at junit.framework.TestSuite.run(TestSuite.java:227)
	at junit.framework.TestSuite.runTest(TestSuite.java:232)
	at junit.framework.TestSuite.run(TestSuite.java:227)
	at org.apache.tools.ant.taskdefs.optional.junit.JUnitTestRunner.run(JUnitTestRunner.java:420)
	at org.apache.tools.ant.taskdefs.optional.junit.JUnitTestRunner.launch(JUnitTestRunner.java:911)
	at org.apache.tools.ant.taskdefs.optional.junit.JUnitTestRunner.main(JUnitTestRunner.java:768)
StressTestPersistenceUploadManager - setUp - end
com.topcoder.util.config.UnknownNamespaceException: com.topcoder.util.log is unknown
	at com.topcoder.util.config.DefaultConfigManager.getPropertyObject(DefaultConfigManager.java:429)
	at com.topcoder.util.config.DefaultConfigManager.getString(DefaultConfigManager.java:449)
	at com.topcoder.util.log.LogFactory.getAttribute(LogFactory.java:224)
	at com.topcoder.util.log.basic.BasicLog.log(BasicLog.java:74)
	at com.topcoder.management.deliverable.PersistenceUploadManager.createSubmissionType(PersistenceUploadManager.java:845)
	at com.topcoder.management.deliverable.stresstests.StressTestPersistenceUploadManager.testUpdateSubmissionType(StressTestPersistenceUploadManager.java:519)
	at sun.reflect.NativeMethodAccessorImpl.invoke0(Native Method)
	at sun.reflect.NativeMethodAccessorImpl.invoke(NativeMethodAccessorImpl.java:57)
	at sun.reflect.DelegatingMethodAccessorImpl.invoke(DelegatingMethodAccessorImpl.java:43)
	at java.lang.reflect.Method.invoke(Method.java:616)
	at junit.framework.TestCase.runTest(TestCase.java:168)
	at junit.framework.TestCase.runBare(TestCase.java:134)
	at junit.framework.TestResult$1.protect(TestResult.java:110)
	at junit.framework.TestResult.runProtected(TestResult.java:128)
	at junit.framework.TestResult.run(TestResult.java:113)
	at junit.framework.TestCase.run(TestCase.java:124)
	at junit.framework.TestSuite.runTest(TestSuite.java:232)
	at junit.framework.TestSuite.run(TestSuite.java:227)
	at junit.framework.TestSuite.runTest(TestSuite.java:232)
	at junit.framework.TestSuite.run(TestSuite.java:227)
	at junit.framework.TestSuite.runTest(TestSuite.java:232)
	at junit.framework.TestSuite.run(TestSuite.java:227)
	at org.apache.tools.ant.taskdefs.optional.junit.JUnitTestRunner.run(JUnitTestRunner.java:420)
	at org.apache.tools.ant.taskdefs.optional.junit.JUnitTestRunner.launch(JUnitTestRunner.java:911)
	at org.apache.tools.ant.taskdefs.optional.junit.JUnitTestRunner.main(JUnitTestRunner.java:768)
type: SubmissionType id: Unknown operator:created - Create new SubmissionType.
com.topcoder.util.config.UnknownNamespaceException: com.topcoder.util.log is unknown
	at com.topcoder.util.config.DefaultConfigManager.getPropertyObject(DefaultConfigManager.java:429)
	at com.topcoder.util.config.DefaultConfigManager.getString(DefaultConfigManager.java:449)
	at com.topcoder.util.log.LogFactory.getAttribute(LogFactory.java:224)
	at com.topcoder.util.log.basic.BasicLog.log(BasicLog.java:74)
	at com.topcoder.management.deliverable.PersistenceUploadManager.persistenceUploadManagerHelper(PersistenceUploadManager.java:966)
	at com.topcoder.management.deliverable.PersistenceUploadManager.createSubmissionType(PersistenceUploadManager.java:847)
	at com.topcoder.management.deliverable.stresstests.StressTestPersistenceUploadManager.testUpdateSubmissionType(StressTestPersistenceUploadManager.java:519)
	at sun.reflect.NativeMethodAccessorImpl.invoke0(Native Method)
	at sun.reflect.NativeMethodAccessorImpl.invoke(NativeMethodAccessorImpl.java:57)
	at sun.reflect.DelegatingMethodAccessorImpl.invoke(DelegatingMethodAccessorImpl.java:43)
	at java.lang.reflect.Method.invoke(Method.java:616)
	at junit.framework.TestCase.runTest(TestCase.java:168)
	at junit.framework.TestCase.runBare(TestCase.java:134)
	at junit.framework.TestResult$1.protect(TestResult.java:110)
	at junit.framework.TestResult.runProtected(TestResult.java:128)
	at junit.framework.TestResult.run(TestResult.java:113)
	at junit.framework.TestCase.run(TestCase.java:124)
	at junit.framework.TestSuite.runTest(TestSuite.java:232)
	at junit.framework.TestSuite.run(TestSuite.java:227)
	at junit.framework.TestSuite.runTest(TestSuite.java:232)
	at junit.framework.TestSuite.run(TestSuite.java:227)
	at junit.framework.TestSuite.runTest(TestSuite.java:232)
	at junit.framework.TestSuite.run(TestSuite.java:227)
	at org.apache.tools.ant.taskdefs.optional.junit.JUnitTestRunner.run(JUnitTestRunner.java:420)
	at org.apache.tools.ant.taskdefs.optional.junit.JUnitTestRunner.launch(JUnitTestRunner.java:911)
	at org.apache.tools.ant.taskdefs.optional.junit.JUnitTestRunner.main(JUnitTestRunner.java:768)
generate next id from the idGenerator:submission_type_id_seq
com.topcoder.util.config.UnknownNamespaceException: com.topcoder.util.log is unknown
	at com.topcoder.util.config.DefaultConfigManager.getPropertyObject(DefaultConfigManager.java:429)
	at com.topcoder.util.config.DefaultConfigManager.getString(DefaultConfigManager.java:449)
	at com.topcoder.util.log.LogFactory.getAttribute(LogFactory.java:224)
	at com.topcoder.util.log.basic.BasicLog.log(BasicLog.java:74)
	at com.topcoder.management.deliverable.stresstests.StressTestPersistenceUploadManager.tearDown(StressTestPersistenceUploadManager.java:121)
	at junit.framework.TestCase.runBare(TestCase.java:140)
	at junit.framework.TestResult$1.protect(TestResult.java:110)
	at junit.framework.TestResult.runProtected(TestResult.java:128)
	at junit.framework.TestResult.run(TestResult.java:113)
	at junit.framework.TestCase.run(TestCase.java:124)
	at junit.framework.TestSuite.runTest(TestSuite.java:232)
	at junit.framework.TestSuite.run(TestSuite.java:227)
	at junit.framework.TestSuite.runTest(TestSuite.java:232)
	at junit.framework.TestSuite.run(TestSuite.java:227)
	at junit.framework.TestSuite.runTest(TestSuite.java:232)
	at junit.framework.TestSuite.run(TestSuite.java:227)
	at org.apache.tools.ant.taskdefs.optional.junit.JUnitTestRunner.run(JUnitTestRunner.java:420)
	at org.apache.tools.ant.taskdefs.optional.junit.JUnitTestRunner.launch(JUnitTestRunner.java:911)
	at org.apache.tools.ant.taskdefs.optional.junit.JUnitTestRunner.main(JUnitTestRunner.java:768)
StressTestPersistenceUploadManager - tearDown - start
com.topcoder.util.config.UnknownNamespaceException: com.topcoder.util.log is unknown
	at com.topcoder.util.config.DefaultConfigManager.getPropertyObject(DefaultConfigManager.java:429)
	at com.topcoder.util.config.DefaultConfigManager.getString(DefaultConfigManager.java:449)
	at com.topcoder.util.log.LogFactory.getAttribute(LogFactory.java:224)
	at com.topcoder.util.log.basic.BasicLog.log(BasicLog.java:74)
	at com.topcoder.management.deliverable.stresstests.StressTestPersistenceUploadManager.tearDown(StressTestPersistenceUploadManager.java:126)
	at junit.framework.TestCase.runBare(TestCase.java:140)
	at junit.framework.TestResult$1.protect(TestResult.java:110)
	at junit.framework.TestResult.runProtected(TestResult.java:128)
	at junit.framework.TestResult.run(TestResult.java:113)
	at junit.framework.TestCase.run(TestCase.java:124)
	at junit.framework.TestSuite.runTest(TestSuite.java:232)
	at junit.framework.TestSuite.run(TestSuite.java:227)
	at junit.framework.TestSuite.runTest(TestSuite.java:232)
	at junit.framework.TestSuite.run(TestSuite.java:227)
	at junit.framework.TestSuite.runTest(TestSuite.java:232)
	at junit.framework.TestSuite.run(TestSuite.java:227)
	at org.apache.tools.ant.taskdefs.optional.junit.JUnitTestRunner.run(JUnitTestRunner.java:420)
	at org.apache.tools.ant.taskdefs.optional.junit.JUnitTestRunner.launch(JUnitTestRunner.java:911)
	at org.apache.tools.ant.taskdefs.optional.junit.JUnitTestRunner.main(JUnitTestRunner.java:768)
StressTestPersistenceUploadManager - tearDown - end
com.topcoder.util.config.UnknownNamespaceException: com.topcoder.util.log is unknown
	at com.topcoder.util.config.DefaultConfigManager.getPropertyObject(DefaultConfigManager.java:429)
	at com.topcoder.util.config.DefaultConfigManager.getString(DefaultConfigManager.java:449)
	at com.topcoder.util.log.LogFactory.getAttribute(LogFactory.java:224)
	at com.topcoder.util.log.basic.BasicLog.log(BasicLog.java:74)
	at com.topcoder.management.deliverable.stresstests.StressTestPersistenceUploadManager.setUp(StressTestPersistenceUploadManager.java:71)
	at junit.framework.TestCase.runBare(TestCase.java:132)
	at junit.framework.TestResult$1.protect(TestResult.java:110)
	at junit.framework.TestResult.runProtected(TestResult.java:128)
	at junit.framework.TestResult.run(TestResult.java:113)
	at junit.framework.TestCase.run(TestCase.java:124)
	at junit.framework.TestSuite.runTest(TestSuite.java:232)
	at junit.framework.TestSuite.run(TestSuite.java:227)
	at junit.framework.TestSuite.runTest(TestSuite.java:232)
	at junit.framework.TestSuite.run(TestSuite.java:227)
	at junit.framework.TestSuite.runTest(TestSuite.java:232)
	at junit.framework.TestSuite.run(TestSuite.java:227)
	at org.apache.tools.ant.taskdefs.optional.junit.JUnitTestRunner.run(JUnitTestRunner.java:420)
	at org.apache.tools.ant.taskdefs.optional.junit.JUnitTestRunner.launch(JUnitTestRunner.java:911)
	at org.apache.tools.ant.taskdefs.optional.junit.JUnitTestRunner.main(JUnitTestRunner.java:768)
StressTestPersistenceUploadManager - setUp - start
com.topcoder.util.config.UnknownNamespaceException: com.topcoder.util.log is unknown
	at com.topcoder.util.config.DefaultConfigManager.getPropertyObject(DefaultConfigManager.java:429)
	at com.topcoder.util.config.DefaultConfigManager.getString(DefaultConfigManager.java:449)
	at com.topcoder.util.log.LogFactory.getAttribute(LogFactory.java:224)
	at com.topcoder.util.log.basic.BasicLog.log(BasicLog.java:74)
	at com.topcoder.management.deliverable.PersistenceUploadManager.<init>(PersistenceUploadManager.java:260)
	at com.topcoder.management.deliverable.PersistenceUploadManager.<init>(PersistenceUploadManager.java:306)
	at com.topcoder.management.deliverable.stresstests.StressTestPersistenceUploadManager.setUp(StressTestPersistenceUploadManager.java:109)
	at junit.framework.TestCase.runBare(TestCase.java:132)
	at junit.framework.TestResult$1.protect(TestResult.java:110)
	at junit.framework.TestResult.runProtected(TestResult.java:128)
	at junit.framework.TestResult.run(TestResult.java:113)
	at junit.framework.TestCase.run(TestCase.java:124)
	at junit.framework.TestSuite.runTest(TestSuite.java:232)
	at junit.framework.TestSuite.run(TestSuite.java:227)
	at junit.framework.TestSuite.runTest(TestSuite.java:232)
	at junit.framework.TestSuite.run(TestSuite.java:227)
	at junit.framework.TestSuite.runTest(TestSuite.java:232)
	at junit.framework.TestSuite.run(TestSuite.java:227)
	at org.apache.tools.ant.taskdefs.optional.junit.JUnitTestRunner.run(JUnitTestRunner.java:420)
	at org.apache.tools.ant.taskdefs.optional.junit.JUnitTestRunner.launch(JUnitTestRunner.java:911)
	at org.apache.tools.ant.taskdefs.optional.junit.JUnitTestRunner.main(JUnitTestRunner.java:768)
Instantiate PersistenceUploadManager with UploadPersistence, uploadSearchBundle, submissionSearchBundle, uploadIdGenerator, uploadTypeIdGenerator, uploadStatusIdGenerator, submissionIDGenerator and submissionStatusIdGenerator.
com.topcoder.util.config.UnknownNamespaceException: com.topcoder.util.log is unknown
	at com.topcoder.util.config.DefaultConfigManager.getPropertyObject(DefaultConfigManager.java:429)
	at com.topcoder.util.config.DefaultConfigManager.getString(DefaultConfigManager.java:449)
	at com.topcoder.util.log.LogFactory.getAttribute(LogFactory.java:224)
	at com.topcoder.util.log.basic.BasicLog.log(BasicLog.java:74)
	at com.topcoder.management.deliverable.stresstests.StressTestPersistenceUploadManager.setUp(StressTestPersistenceUploadManager.java:111)
	at junit.framework.TestCase.runBare(TestCase.java:132)
	at junit.framework.TestResult$1.protect(TestResult.java:110)
	at junit.framework.TestResult.runProtected(TestResult.java:128)
	at junit.framework.TestResult.run(TestResult.java:113)
	at junit.framework.TestCase.run(TestCase.java:124)
	at junit.framework.TestSuite.runTest(TestSuite.java:232)
	at junit.framework.TestSuite.run(TestSuite.java:227)
	at junit.framework.TestSuite.runTest(TestSuite.java:232)
	at junit.framework.TestSuite.run(TestSuite.java:227)
	at junit.framework.TestSuite.runTest(TestSuite.java:232)
	at junit.framework.TestSuite.run(TestSuite.java:227)
	at org.apache.tools.ant.taskdefs.optional.junit.JUnitTestRunner.run(JUnitTestRunner.java:420)
	at org.apache.tools.ant.taskdefs.optional.junit.JUnitTestRunner.launch(JUnitTestRunner.java:911)
	at org.apache.tools.ant.taskdefs.optional.junit.JUnitTestRunner.main(JUnitTestRunner.java:768)
StressTestPersistenceUploadManager - setUp - end
com.topcoder.util.config.UnknownNamespaceException: com.topcoder.util.log is unknown
	at com.topcoder.util.config.DefaultConfigManager.getPropertyObject(DefaultConfigManager.java:429)
	at com.topcoder.util.config.DefaultConfigManager.getString(DefaultConfigManager.java:449)
	at com.topcoder.util.log.LogFactory.getAttribute(LogFactory.java:224)
	at com.topcoder.util.log.basic.BasicLog.log(BasicLog.java:74)
	at com.topcoder.management.deliverable.PersistenceUploadManager.createSubmissionType(PersistenceUploadManager.java:845)
	at com.topcoder.management.deliverable.stresstests.StressTestPersistenceUploadManager.testRemoveSubmissionType(StressTestPersistenceUploadManager.java:544)
	at sun.reflect.NativeMethodAccessorImpl.invoke0(Native Method)
	at sun.reflect.NativeMethodAccessorImpl.invoke(NativeMethodAccessorImpl.java:57)
	at sun.reflect.DelegatingMethodAccessorImpl.invoke(DelegatingMethodAccessorImpl.java:43)
	at java.lang.reflect.Method.invoke(Method.java:616)
	at junit.framework.TestCase.runTest(TestCase.java:168)
	at junit.framework.TestCase.runBare(TestCase.java:134)
	at junit.framework.TestResult$1.protect(TestResult.java:110)
	at junit.framework.TestResult.runProtected(TestResult.java:128)
	at junit.framework.TestResult.run(TestResult.java:113)
	at junit.framework.TestCase.run(TestCase.java:124)
	at junit.framework.TestSuite.runTest(TestSuite.java:232)
	at junit.framework.TestSuite.run(TestSuite.java:227)
	at junit.framework.TestSuite.runTest(TestSuite.java:232)
	at junit.framework.TestSuite.run(TestSuite.java:227)
	at junit.framework.TestSuite.runTest(TestSuite.java:232)
	at junit.framework.TestSuite.run(TestSuite.java:227)
	at org.apache.tools.ant.taskdefs.optional.junit.JUnitTestRunner.run(JUnitTestRunner.java:420)
	at org.apache.tools.ant.taskdefs.optional.junit.JUnitTestRunner.launch(JUnitTestRunner.java:911)
	at org.apache.tools.ant.taskdefs.optional.junit.JUnitTestRunner.main(JUnitTestRunner.java:768)
type: SubmissionType id: Unknown operator:stress - Create new SubmissionType.
com.topcoder.util.config.UnknownNamespaceException: com.topcoder.util.log is unknown
	at com.topcoder.util.config.DefaultConfigManager.getPropertyObject(DefaultConfigManager.java:429)
	at com.topcoder.util.config.DefaultConfigManager.getString(DefaultConfigManager.java:449)
	at com.topcoder.util.log.LogFactory.getAttribute(LogFactory.java:224)
	at com.topcoder.util.log.basic.BasicLog.log(BasicLog.java:74)
	at com.topcoder.management.deliverable.PersistenceUploadManager.persistenceUploadManagerHelper(PersistenceUploadManager.java:966)
	at com.topcoder.management.deliverable.PersistenceUploadManager.createSubmissionType(PersistenceUploadManager.java:847)
	at com.topcoder.management.deliverable.stresstests.StressTestPersistenceUploadManager.testRemoveSubmissionType(StressTestPersistenceUploadManager.java:544)
	at sun.reflect.NativeMethodAccessorImpl.invoke0(Native Method)
	at sun.reflect.NativeMethodAccessorImpl.invoke(NativeMethodAccessorImpl.java:57)
	at sun.reflect.DelegatingMethodAccessorImpl.invoke(DelegatingMethodAccessorImpl.java:43)
	at java.lang.reflect.Method.invoke(Method.java:616)
	at junit.framework.TestCase.runTest(TestCase.java:168)
	at junit.framework.TestCase.runBare(TestCase.java:134)
	at junit.framework.TestResult$1.protect(TestResult.java:110)
	at junit.framework.TestResult.runProtected(TestResult.java:128)
	at junit.framework.TestResult.run(TestResult.java:113)
	at junit.framework.TestCase.run(TestCase.java:124)
	at junit.framework.TestSuite.runTest(TestSuite.java:232)
	at junit.framework.TestSuite.run(TestSuite.java:227)
	at junit.framework.TestSuite.runTest(TestSuite.java:232)
	at junit.framework.TestSuite.run(TestSuite.java:227)
	at junit.framework.TestSuite.runTest(TestSuite.java:232)
	at junit.framework.TestSuite.run(TestSuite.java:227)
	at org.apache.tools.ant.taskdefs.optional.junit.JUnitTestRunner.run(JUnitTestRunner.java:420)
	at org.apache.tools.ant.taskdefs.optional.junit.JUnitTestRunner.launch(JUnitTestRunner.java:911)
	at org.apache.tools.ant.taskdefs.optional.junit.JUnitTestRunner.main(JUnitTestRunner.java:768)
generate next id from the idGenerator:submission_type_id_seq
com.topcoder.util.config.UnknownNamespaceException: com.topcoder.util.log is unknown
	at com.topcoder.util.config.DefaultConfigManager.getPropertyObject(DefaultConfigManager.java:429)
	at com.topcoder.util.config.DefaultConfigManager.getString(DefaultConfigManager.java:449)
	at com.topcoder.util.log.LogFactory.getAttribute(LogFactory.java:224)
	at com.topcoder.util.log.basic.BasicLog.log(BasicLog.java:74)
	at com.topcoder.management.deliverable.PersistenceUploadManager.removeSubmissionType(PersistenceUploadManager.java:902)
	at com.topcoder.management.deliverable.stresstests.StressTestPersistenceUploadManager.testRemoveSubmissionType(StressTestPersistenceUploadManager.java:546)
	at sun.reflect.NativeMethodAccessorImpl.invoke0(Native Method)
	at sun.reflect.NativeMethodAccessorImpl.invoke(NativeMethodAccessorImpl.java:57)
	at sun.reflect.DelegatingMethodAccessorImpl.invoke(DelegatingMethodAccessorImpl.java:43)
	at java.lang.reflect.Method.invoke(Method.java:616)
	at junit.framework.TestCase.runTest(TestCase.java:168)
	at junit.framework.TestCase.runBare(TestCase.java:134)
	at junit.framework.TestResult$1.protect(TestResult.java:110)
	at junit.framework.TestResult.runProtected(TestResult.java:128)
	at junit.framework.TestResult.run(TestResult.java:113)
	at junit.framework.TestCase.run(TestCase.java:124)
	at junit.framework.TestSuite.runTest(TestSuite.java:232)
	at junit.framework.TestSuite.run(TestSuite.java:227)
	at junit.framework.TestSuite.runTest(TestSuite.java:232)
	at junit.framework.TestSuite.run(TestSuite.java:227)
	at junit.framework.TestSuite.runTest(TestSuite.java:232)
	at junit.framework.TestSuite.run(TestSuite.java:227)
	at org.apache.tools.ant.taskdefs.optional.junit.JUnitTestRunner.run(JUnitTestRunner.java:420)
	at org.apache.tools.ant.taskdefs.optional.junit.JUnitTestRunner.launch(JUnitTestRunner.java:911)
	at org.apache.tools.ant.taskdefs.optional.junit.JUnitTestRunner.main(JUnitTestRunner.java:768)
type: SubmissionType id: 6 operator:stress - Remove SubmissionType.
com.topcoder.util.config.UnknownNamespaceException: com.topcoder.util.log is unknown
	at com.topcoder.util.config.DefaultConfigManager.getPropertyObject(DefaultConfigManager.java:429)
	at com.topcoder.util.config.DefaultConfigManager.getString(DefaultConfigManager.java:449)
	at com.topcoder.util.log.LogFactory.getAttribute(LogFactory.java:224)
	at com.topcoder.util.log.basic.BasicLog.log(BasicLog.java:74)
	at com.topcoder.management.deliverable.stresstests.StressTestPersistenceUploadManager.tearDown(StressTestPersistenceUploadManager.java:121)
	at junit.framework.TestCase.runBare(TestCase.java:140)
	at junit.framework.TestResult$1.protect(TestResult.java:110)
	at junit.framework.TestResult.runProtected(TestResult.java:128)
	at junit.framework.TestResult.run(TestResult.java:113)
	at junit.framework.TestCase.run(TestCase.java:124)
	at junit.framework.TestSuite.runTest(TestSuite.java:232)
	at junit.framework.TestSuite.run(TestSuite.java:227)
	at junit.framework.TestSuite.runTest(TestSuite.java:232)
	at junit.framework.TestSuite.run(TestSuite.java:227)
	at junit.framework.TestSuite.runTest(TestSuite.java:232)
	at junit.framework.TestSuite.run(TestSuite.java:227)
	at org.apache.tools.ant.taskdefs.optional.junit.JUnitTestRunner.run(JUnitTestRunner.java:420)
	at org.apache.tools.ant.taskdefs.optional.junit.JUnitTestRunner.launch(JUnitTestRunner.java:911)
	at org.apache.tools.ant.taskdefs.optional.junit.JUnitTestRunner.main(JUnitTestRunner.java:768)
StressTestPersistenceUploadManager - tearDown - start
com.topcoder.util.config.UnknownNamespaceException: com.topcoder.util.log is unknown
	at com.topcoder.util.config.DefaultConfigManager.getPropertyObject(DefaultConfigManager.java:429)
	at com.topcoder.util.config.DefaultConfigManager.getString(DefaultConfigManager.java:449)
	at com.topcoder.util.log.LogFactory.getAttribute(LogFactory.java:224)
	at com.topcoder.util.log.basic.BasicLog.log(BasicLog.java:74)
	at com.topcoder.management.deliverable.stresstests.StressTestPersistenceUploadManager.tearDown(StressTestPersistenceUploadManager.java:126)
	at junit.framework.TestCase.runBare(TestCase.java:140)
	at junit.framework.TestResult$1.protect(TestResult.java:110)
	at junit.framework.TestResult.runProtected(TestResult.java:128)
	at junit.framework.TestResult.run(TestResult.java:113)
	at junit.framework.TestCase.run(TestCase.java:124)
	at junit.framework.TestSuite.runTest(TestSuite.java:232)
	at junit.framework.TestSuite.run(TestSuite.java:227)
	at junit.framework.TestSuite.runTest(TestSuite.java:232)
	at junit.framework.TestSuite.run(TestSuite.java:227)
	at junit.framework.TestSuite.runTest(TestSuite.java:232)
	at junit.framework.TestSuite.run(TestSuite.java:227)
	at org.apache.tools.ant.taskdefs.optional.junit.JUnitTestRunner.run(JUnitTestRunner.java:420)
	at org.apache.tools.ant.taskdefs.optional.junit.JUnitTestRunner.launch(JUnitTestRunner.java:911)
	at org.apache.tools.ant.taskdefs.optional.junit.JUnitTestRunner.main(JUnitTestRunner.java:768)
StressTestPersistenceUploadManager - tearDown - end
com.topcoder.util.config.UnknownNamespaceException: com.topcoder.util.log is unknown
	at com.topcoder.util.config.DefaultConfigManager.getPropertyObject(DefaultConfigManager.java:429)
	at com.topcoder.util.config.DefaultConfigManager.getString(DefaultConfigManager.java:449)
	at com.topcoder.util.log.LogFactory.getAttribute(LogFactory.java:224)
	at com.topcoder.util.log.basic.BasicLog.log(BasicLog.java:74)
	at com.topcoder.management.deliverable.stresstests.StressTestPersistenceUploadManager.setUp(StressTestPersistenceUploadManager.java:71)
	at junit.framework.TestCase.runBare(TestCase.java:132)
	at junit.framework.TestResult$1.protect(TestResult.java:110)
	at junit.framework.TestResult.runProtected(TestResult.java:128)
	at junit.framework.TestResult.run(TestResult.java:113)
	at junit.framework.TestCase.run(TestCase.java:124)
	at junit.framework.TestSuite.runTest(TestSuite.java:232)
	at junit.framework.TestSuite.run(TestSuite.java:227)
	at junit.framework.TestSuite.runTest(TestSuite.java:232)
	at junit.framework.TestSuite.run(TestSuite.java:227)
	at junit.framework.TestSuite.runTest(TestSuite.java:232)
	at junit.framework.TestSuite.run(TestSuite.java:227)
	at org.apache.tools.ant.taskdefs.optional.junit.JUnitTestRunner.run(JUnitTestRunner.java:420)
	at org.apache.tools.ant.taskdefs.optional.junit.JUnitTestRunner.launch(JUnitTestRunner.java:911)
	at org.apache.tools.ant.taskdefs.optional.junit.JUnitTestRunner.main(JUnitTestRunner.java:768)
StressTestPersistenceUploadManager - setUp - start
com.topcoder.util.config.UnknownNamespaceException: com.topcoder.util.log is unknown
	at com.topcoder.util.config.DefaultConfigManager.getPropertyObject(DefaultConfigManager.java:429)
	at com.topcoder.util.config.DefaultConfigManager.getString(DefaultConfigManager.java:449)
	at com.topcoder.util.log.LogFactory.getAttribute(LogFactory.java:224)
	at com.topcoder.util.log.basic.BasicLog.log(BasicLog.java:74)
	at com.topcoder.management.deliverable.PersistenceUploadManager.<init>(PersistenceUploadManager.java:260)
	at com.topcoder.management.deliverable.PersistenceUploadManager.<init>(PersistenceUploadManager.java:306)
	at com.topcoder.management.deliverable.stresstests.StressTestPersistenceUploadManager.setUp(StressTestPersistenceUploadManager.java:109)
	at junit.framework.TestCase.runBare(TestCase.java:132)
	at junit.framework.TestResult$1.protect(TestResult.java:110)
	at junit.framework.TestResult.runProtected(TestResult.java:128)
	at junit.framework.TestResult.run(TestResult.java:113)
	at junit.framework.TestCase.run(TestCase.java:124)
	at junit.framework.TestSuite.runTest(TestSuite.java:232)
	at junit.framework.TestSuite.run(TestSuite.java:227)
	at junit.framework.TestSuite.runTest(TestSuite.java:232)
	at junit.framework.TestSuite.run(TestSuite.java:227)
	at junit.framework.TestSuite.runTest(TestSuite.java:232)
	at junit.framework.TestSuite.run(TestSuite.java:227)
	at org.apache.tools.ant.taskdefs.optional.junit.JUnitTestRunner.run(JUnitTestRunner.java:420)
	at org.apache.tools.ant.taskdefs.optional.junit.JUnitTestRunner.launch(JUnitTestRunner.java:911)
	at org.apache.tools.ant.taskdefs.optional.junit.JUnitTestRunner.main(JUnitTestRunner.java:768)
Instantiate PersistenceUploadManager with UploadPersistence, uploadSearchBundle, submissionSearchBundle, uploadIdGenerator, uploadTypeIdGenerator, uploadStatusIdGenerator, submissionIDGenerator and submissionStatusIdGenerator.
com.topcoder.util.config.UnknownNamespaceException: com.topcoder.util.log is unknown
	at com.topcoder.util.config.DefaultConfigManager.getPropertyObject(DefaultConfigManager.java:429)
	at com.topcoder.util.config.DefaultConfigManager.getString(DefaultConfigManager.java:449)
	at com.topcoder.util.log.LogFactory.getAttribute(LogFactory.java:224)
	at com.topcoder.util.log.basic.BasicLog.log(BasicLog.java:74)
	at com.topcoder.management.deliverable.stresstests.StressTestPersistenceUploadManager.setUp(StressTestPersistenceUploadManager.java:111)
	at junit.framework.TestCase.runBare(TestCase.java:132)
	at junit.framework.TestResult$1.protect(TestResult.java:110)
	at junit.framework.TestResult.runProtected(TestResult.java:128)
	at junit.framework.TestResult.run(TestResult.java:113)
	at junit.framework.TestCase.run(TestCase.java:124)
	at junit.framework.TestSuite.runTest(TestSuite.java:232)
	at junit.framework.TestSuite.run(TestSuite.java:227)
	at junit.framework.TestSuite.runTest(TestSuite.java:232)
	at junit.framework.TestSuite.run(TestSuite.java:227)
	at junit.framework.TestSuite.runTest(TestSuite.java:232)
	at junit.framework.TestSuite.run(TestSuite.java:227)
	at org.apache.tools.ant.taskdefs.optional.junit.JUnitTestRunner.run(JUnitTestRunner.java:420)
	at org.apache.tools.ant.taskdefs.optional.junit.JUnitTestRunner.launch(JUnitTestRunner.java:911)
	at org.apache.tools.ant.taskdefs.optional.junit.JUnitTestRunner.main(JUnitTestRunner.java:768)
StressTestPersistenceUploadManager - setUp - end
com.topcoder.util.config.UnknownNamespaceException: com.topcoder.util.log is unknown
	at com.topcoder.util.config.DefaultConfigManager.getPropertyObject(DefaultConfigManager.java:429)
	at com.topcoder.util.config.DefaultConfigManager.getString(DefaultConfigManager.java:449)
	at com.topcoder.util.log.LogFactory.getAttribute(LogFactory.java:224)
	at com.topcoder.util.log.basic.BasicLog.log(BasicLog.java:74)
	at com.topcoder.management.deliverable.PersistenceUploadManager.createUploadType(PersistenceUploadManager.java:453)
	at com.topcoder.management.deliverable.stresstests.StressTestPersistenceUploadManager.testCreateUploadType(StressTestPersistenceUploadManager.java:594)
	at com.topcoder.management.deliverable.stresstests.StressTestPersistenceUploadManager.testCreateUpload(StressTestPersistenceUploadManager.java:616)
	at sun.reflect.NativeMethodAccessorImpl.invoke0(Native Method)
	at sun.reflect.NativeMethodAccessorImpl.invoke(NativeMethodAccessorImpl.java:57)
	at sun.reflect.DelegatingMethodAccessorImpl.invoke(DelegatingMethodAccessorImpl.java:43)
	at java.lang.reflect.Method.invoke(Method.java:616)
	at junit.framework.TestCase.runTest(TestCase.java:168)
	at junit.framework.TestCase.runBare(TestCase.java:134)
	at junit.framework.TestResult$1.protect(TestResult.java:110)
	at junit.framework.TestResult.runProtected(TestResult.java:128)
	at junit.framework.TestResult.run(TestResult.java:113)
	at junit.framework.TestCase.run(TestCase.java:124)
	at junit.framework.TestSuite.runTest(TestSuite.java:232)
	at junit.framework.TestSuite.run(TestSuite.java:227)
	at junit.framework.TestSuite.runTest(TestSuite.java:232)
	at junit.framework.TestSuite.run(TestSuite.java:227)
	at junit.framework.TestSuite.runTest(TestSuite.java:232)
	at junit.framework.TestSuite.run(TestSuite.java:227)
	at org.apache.tools.ant.taskdefs.optional.junit.JUnitTestRunner.run(JUnitTestRunner.java:420)
	at org.apache.tools.ant.taskdefs.optional.junit.JUnitTestRunner.launch(JUnitTestRunner.java:911)
	at org.apache.tools.ant.taskdefs.optional.junit.JUnitTestRunner.main(JUnitTestRunner.java:768)
type: UploadType id: Unknown operator:stress - Create new UploadType.
com.topcoder.util.config.UnknownNamespaceException: com.topcoder.util.log is unknown
	at com.topcoder.util.config.DefaultConfigManager.getPropertyObject(DefaultConfigManager.java:429)
	at com.topcoder.util.config.DefaultConfigManager.getString(DefaultConfigManager.java:449)
	at com.topcoder.util.log.LogFactory.getAttribute(LogFactory.java:224)
	at com.topcoder.util.log.basic.BasicLog.log(BasicLog.java:74)
	at com.topcoder.management.deliverable.PersistenceUploadManager.persistenceUploadManagerHelper(PersistenceUploadManager.java:966)
	at com.topcoder.management.deliverable.PersistenceUploadManager.createUploadType(PersistenceUploadManager.java:454)
	at com.topcoder.management.deliverable.stresstests.StressTestPersistenceUploadManager.testCreateUploadType(StressTestPersistenceUploadManager.java:594)
	at com.topcoder.management.deliverable.stresstests.StressTestPersistenceUploadManager.testCreateUpload(StressTestPersistenceUploadManager.java:616)
	at sun.reflect.NativeMethodAccessorImpl.invoke0(Native Method)
	at sun.reflect.NativeMethodAccessorImpl.invoke(NativeMethodAccessorImpl.java:57)
	at sun.reflect.DelegatingMethodAccessorImpl.invoke(DelegatingMethodAccessorImpl.java:43)
	at java.lang.reflect.Method.invoke(Method.java:616)
	at junit.framework.TestCase.runTest(TestCase.java:168)
	at junit.framework.TestCase.runBare(TestCase.java:134)
	at junit.framework.TestResult$1.protect(TestResult.java:110)
	at junit.framework.TestResult.runProtected(TestResult.java:128)
	at junit.framework.TestResult.run(TestResult.java:113)
	at junit.framework.TestCase.run(TestCase.java:124)
	at junit.framework.TestSuite.runTest(TestSuite.java:232)
	at junit.framework.TestSuite.run(TestSuite.java:227)
	at junit.framework.TestSuite.runTest(TestSuite.java:232)
	at junit.framework.TestSuite.run(TestSuite.java:227)
	at junit.framework.TestSuite.runTest(TestSuite.java:232)
	at junit.framework.TestSuite.run(TestSuite.java:227)
	at org.apache.tools.ant.taskdefs.optional.junit.JUnitTestRunner.run(JUnitTestRunner.java:420)
	at org.apache.tools.ant.taskdefs.optional.junit.JUnitTestRunner.launch(JUnitTestRunner.java:911)
	at org.apache.tools.ant.taskdefs.optional.junit.JUnitTestRunner.main(JUnitTestRunner.java:768)
generate next id from the idGenerator:upload_type_id_seq
com.topcoder.util.config.UnknownNamespaceException: com.topcoder.util.log is unknown
	at com.topcoder.util.config.DefaultConfigManager.getPropertyObject(DefaultConfigManager.java:429)
	at com.topcoder.util.config.DefaultConfigManager.getString(DefaultConfigManager.java:449)
	at com.topcoder.util.log.LogFactory.getAttribute(LogFactory.java:224)
	at com.topcoder.util.log.basic.BasicLog.log(BasicLog.java:74)
	at com.topcoder.management.deliverable.PersistenceUploadManager.createUploadType(PersistenceUploadManager.java:453)
	at com.topcoder.management.deliverable.stresstests.StressTestPersistenceUploadManager.testCreateUploadType(StressTestPersistenceUploadManager.java:594)
	at com.topcoder.management.deliverable.stresstests.StressTestPersistenceUploadManager.testCreateUpload(StressTestPersistenceUploadManager.java:616)
	at sun.reflect.NativeMethodAccessorImpl.invoke0(Native Method)
	at sun.reflect.NativeMethodAccessorImpl.invoke(NativeMethodAccessorImpl.java:57)
	at sun.reflect.DelegatingMethodAccessorImpl.invoke(DelegatingMethodAccessorImpl.java:43)
	at java.lang.reflect.Method.invoke(Method.java:616)
	at junit.framework.TestCase.runTest(TestCase.java:168)
	at junit.framework.TestCase.runBare(TestCase.java:134)
	at junit.framework.TestResult$1.protect(TestResult.java:110)
	at junit.framework.TestResult.runProtected(TestResult.java:128)
	at junit.framework.TestResult.run(TestResult.java:113)
	at junit.framework.TestCase.run(TestCase.java:124)
	at junit.framework.TestSuite.runTest(TestSuite.java:232)
	at junit.framework.TestSuite.run(TestSuite.java:227)
	at junit.framework.TestSuite.runTest(TestSuite.java:232)
	at junit.framework.TestSuite.run(TestSuite.java:227)
	at junit.framework.TestSuite.runTest(TestSuite.java:232)
	at junit.framework.TestSuite.run(TestSuite.java:227)
	at org.apache.tools.ant.taskdefs.optional.junit.JUnitTestRunner.run(JUnitTestRunner.java:420)
	at org.apache.tools.ant.taskdefs.optional.junit.JUnitTestRunner.launch(JUnitTestRunner.java:911)
	at org.apache.tools.ant.taskdefs.optional.junit.JUnitTestRunner.main(JUnitTestRunner.java:768)
type: UploadType id: Unknown operator:stress - Create new UploadType.
com.topcoder.util.config.UnknownNamespaceException: com.topcoder.util.log is unknown
	at com.topcoder.util.config.DefaultConfigManager.getPropertyObject(DefaultConfigManager.java:429)
	at com.topcoder.util.config.DefaultConfigManager.getString(DefaultConfigManager.java:449)
	at com.topcoder.util.log.LogFactory.getAttribute(LogFactory.java:224)
	at com.topcoder.util.log.basic.BasicLog.log(BasicLog.java:74)
	at com.topcoder.management.deliverable.PersistenceUploadManager.persistenceUploadManagerHelper(PersistenceUploadManager.java:966)
	at com.topcoder.management.deliverable.PersistenceUploadManager.createUploadType(PersistenceUploadManager.java:454)
	at com.topcoder.management.deliverable.stresstests.StressTestPersistenceUploadManager.testCreateUploadType(StressTestPersistenceUploadManager.java:594)
	at com.topcoder.management.deliverable.stresstests.StressTestPersistenceUploadManager.testCreateUpload(StressTestPersistenceUploadManager.java:616)
	at sun.reflect.NativeMethodAccessorImpl.invoke0(Native Method)
	at sun.reflect.NativeMethodAccessorImpl.invoke(NativeMethodAccessorImpl.java:57)
	at sun.reflect.DelegatingMethodAccessorImpl.invoke(DelegatingMethodAccessorImpl.java:43)
	at java.lang.reflect.Method.invoke(Method.java:616)
	at junit.framework.TestCase.runTest(TestCase.java:168)
	at junit.framework.TestCase.runBare(TestCase.java:134)
	at junit.framework.TestResult$1.protect(TestResult.java:110)
	at junit.framework.TestResult.runProtected(TestResult.java:128)
	at junit.framework.TestResult.run(TestResult.java:113)
	at junit.framework.TestCase.run(TestCase.java:124)
	at junit.framework.TestSuite.runTest(TestSuite.java:232)
	at junit.framework.TestSuite.run(TestSuite.java:227)
	at junit.framework.TestSuite.runTest(TestSuite.java:232)
	at junit.framework.TestSuite.run(TestSuite.java:227)
	at junit.framework.TestSuite.runTest(TestSuite.java:232)
	at junit.framework.TestSuite.run(TestSuite.java:227)
	at org.apache.tools.ant.taskdefs.optional.junit.JUnitTestRunner.run(JUnitTestRunner.java:420)
	at org.apache.tools.ant.taskdefs.optional.junit.JUnitTestRunner.launch(JUnitTestRunner.java:911)
	at org.apache.tools.ant.taskdefs.optional.junit.JUnitTestRunner.main(JUnitTestRunner.java:768)
generate next id from the idGenerator:upload_type_id_seq
com.topcoder.util.config.UnknownNamespaceException: com.topcoder.util.log is unknown
	at com.topcoder.util.config.DefaultConfigManager.getPropertyObject(DefaultConfigManager.java:429)
	at com.topcoder.util.config.DefaultConfigManager.getString(DefaultConfigManager.java:449)
	at com.topcoder.util.log.LogFactory.getAttribute(LogFactory.java:224)
	at com.topcoder.util.log.basic.BasicLog.log(BasicLog.java:74)
	at com.topcoder.management.deliverable.PersistenceUploadManager.createUploadStatus(PersistenceUploadManager.java:541)
	at com.topcoder.management.deliverable.stresstests.StressTestPersistenceUploadManager.testCreateUploadStatus(StressTestPersistenceUploadManager.java:414)
	at com.topcoder.management.deliverable.stresstests.StressTestPersistenceUploadManager.testCreateUpload(StressTestPersistenceUploadManager.java:617)
	at sun.reflect.NativeMethodAccessorImpl.invoke0(Native Method)
	at sun.reflect.NativeMethodAccessorImpl.invoke(NativeMethodAccessorImpl.java:57)
	at sun.reflect.DelegatingMethodAccessorImpl.invoke(DelegatingMethodAccessorImpl.java:43)
	at java.lang.reflect.Method.invoke(Method.java:616)
	at junit.framework.TestCase.runTest(TestCase.java:168)
	at junit.framework.TestCase.runBare(TestCase.java:134)
	at junit.framework.TestResult$1.protect(TestResult.java:110)
	at junit.framework.TestResult.runProtected(TestResult.java:128)
	at junit.framework.TestResult.run(TestResult.java:113)
	at junit.framework.TestCase.run(TestCase.java:124)
	at junit.framework.TestSuite.runTest(TestSuite.java:232)
	at junit.framework.TestSuite.run(TestSuite.java:227)
	at junit.framework.TestSuite.runTest(TestSuite.java:232)
	at junit.framework.TestSuite.run(TestSuite.java:227)
	at junit.framework.TestSuite.runTest(TestSuite.java:232)
	at junit.framework.TestSuite.run(TestSuite.java:227)
	at org.apache.tools.ant.taskdefs.optional.junit.JUnitTestRunner.run(JUnitTestRunner.java:420)
	at org.apache.tools.ant.taskdefs.optional.junit.JUnitTestRunner.launch(JUnitTestRunner.java:911)
	at org.apache.tools.ant.taskdefs.optional.junit.JUnitTestRunner.main(JUnitTestRunner.java:768)
type: UploadStatus id: Unknown operator:stress - create new UploadStatus.
com.topcoder.util.config.UnknownNamespaceException: com.topcoder.util.log is unknown
	at com.topcoder.util.config.DefaultConfigManager.getPropertyObject(DefaultConfigManager.java:429)
	at com.topcoder.util.config.DefaultConfigManager.getString(DefaultConfigManager.java:449)
	at com.topcoder.util.log.LogFactory.getAttribute(LogFactory.java:224)
	at com.topcoder.util.log.basic.BasicLog.log(BasicLog.java:74)
	at com.topcoder.management.deliverable.PersistenceUploadManager.persistenceUploadManagerHelper(PersistenceUploadManager.java:966)
	at com.topcoder.management.deliverable.PersistenceUploadManager.createUploadStatus(PersistenceUploadManager.java:542)
	at com.topcoder.management.deliverable.stresstests.StressTestPersistenceUploadManager.testCreateUploadStatus(StressTestPersistenceUploadManager.java:414)
	at com.topcoder.management.deliverable.stresstests.StressTestPersistenceUploadManager.testCreateUpload(StressTestPersistenceUploadManager.java:617)
	at sun.reflect.NativeMethodAccessorImpl.invoke0(Native Method)
	at sun.reflect.NativeMethodAccessorImpl.invoke(NativeMethodAccessorImpl.java:57)
	at sun.reflect.DelegatingMethodAccessorImpl.invoke(DelegatingMethodAccessorImpl.java:43)
	at java.lang.reflect.Method.invoke(Method.java:616)
	at junit.framework.TestCase.runTest(TestCase.java:168)
	at junit.framework.TestCase.runBare(TestCase.java:134)
	at junit.framework.TestResult$1.protect(TestResult.java:110)
	at junit.framework.TestResult.runProtected(TestResult.java:128)
	at junit.framework.TestResult.run(TestResult.java:113)
	at junit.framework.TestCase.run(TestCase.java:124)
	at junit.framework.TestSuite.runTest(TestSuite.java:232)
	at junit.framework.TestSuite.run(TestSuite.java:227)
	at junit.framework.TestSuite.runTest(TestSuite.java:232)
	at junit.framework.TestSuite.run(TestSuite.java:227)
	at junit.framework.TestSuite.runTest(TestSuite.java:232)
	at junit.framework.TestSuite.run(TestSuite.java:227)
	at org.apache.tools.ant.taskdefs.optional.junit.JUnitTestRunner.run(JUnitTestRunner.java:420)
	at org.apache.tools.ant.taskdefs.optional.junit.JUnitTestRunner.launch(JUnitTestRunner.java:911)
	at org.apache.tools.ant.taskdefs.optional.junit.JUnitTestRunner.main(JUnitTestRunner.java:768)
generate next id from the idGenerator:upload_status_id_seq
com.topcoder.util.config.UnknownNamespaceException: com.topcoder.util.log is unknown
	at com.topcoder.util.config.DefaultConfigManager.getPropertyObject(DefaultConfigManager.java:429)
	at com.topcoder.util.config.DefaultConfigManager.getString(DefaultConfigManager.java:449)
	at com.topcoder.util.log.LogFactory.getAttribute(LogFactory.java:224)
	at com.topcoder.util.log.basic.BasicLog.log(BasicLog.java:74)
	at com.topcoder.management.deliverable.PersistenceUploadManager.createUploadStatus(PersistenceUploadManager.java:541)
	at com.topcoder.management.deliverable.stresstests.StressTestPersistenceUploadManager.testCreateUploadStatus(StressTestPersistenceUploadManager.java:414)
	at com.topcoder.management.deliverable.stresstests.StressTestPersistenceUploadManager.testCreateUpload(StressTestPersistenceUploadManager.java:617)
	at sun.reflect.NativeMethodAccessorImpl.invoke0(Native Method)
	at sun.reflect.NativeMethodAccessorImpl.invoke(NativeMethodAccessorImpl.java:57)
	at sun.reflect.DelegatingMethodAccessorImpl.invoke(DelegatingMethodAccessorImpl.java:43)
	at java.lang.reflect.Method.invoke(Method.java:616)
	at junit.framework.TestCase.runTest(TestCase.java:168)
	at junit.framework.TestCase.runBare(TestCase.java:134)
	at junit.framework.TestResult$1.protect(TestResult.java:110)
	at junit.framework.TestResult.runProtected(TestResult.java:128)
	at junit.framework.TestResult.run(TestResult.java:113)
	at junit.framework.TestCase.run(TestCase.java:124)
	at junit.framework.TestSuite.runTest(TestSuite.java:232)
	at junit.framework.TestSuite.run(TestSuite.java:227)
	at junit.framework.TestSuite.runTest(TestSuite.java:232)
	at junit.framework.TestSuite.run(TestSuite.java:227)
	at junit.framework.TestSuite.runTest(TestSuite.java:232)
	at junit.framework.TestSuite.run(TestSuite.java:227)
	at org.apache.tools.ant.taskdefs.optional.junit.JUnitTestRunner.run(JUnitTestRunner.java:420)
	at org.apache.tools.ant.taskdefs.optional.junit.JUnitTestRunner.launch(JUnitTestRunner.java:911)
	at org.apache.tools.ant.taskdefs.optional.junit.JUnitTestRunner.main(JUnitTestRunner.java:768)
type: UploadStatus id: Unknown operator:stress - create new UploadStatus.
com.topcoder.util.config.UnknownNamespaceException: com.topcoder.util.log is unknown
	at com.topcoder.util.config.DefaultConfigManager.getPropertyObject(DefaultConfigManager.java:429)
	at com.topcoder.util.config.DefaultConfigManager.getString(DefaultConfigManager.java:449)
	at com.topcoder.util.log.LogFactory.getAttribute(LogFactory.java:224)
	at com.topcoder.util.log.basic.BasicLog.log(BasicLog.java:74)
	at com.topcoder.management.deliverable.PersistenceUploadManager.persistenceUploadManagerHelper(PersistenceUploadManager.java:966)
	at com.topcoder.management.deliverable.PersistenceUploadManager.createUploadStatus(PersistenceUploadManager.java:542)
	at com.topcoder.management.deliverable.stresstests.StressTestPersistenceUploadManager.testCreateUploadStatus(StressTestPersistenceUploadManager.java:414)
	at com.topcoder.management.deliverable.stresstests.StressTestPersistenceUploadManager.testCreateUpload(StressTestPersistenceUploadManager.java:617)
	at sun.reflect.NativeMethodAccessorImpl.invoke0(Native Method)
	at sun.reflect.NativeMethodAccessorImpl.invoke(NativeMethodAccessorImpl.java:57)
	at sun.reflect.DelegatingMethodAccessorImpl.invoke(DelegatingMethodAccessorImpl.java:43)
	at java.lang.reflect.Method.invoke(Method.java:616)
	at junit.framework.TestCase.runTest(TestCase.java:168)
	at junit.framework.TestCase.runBare(TestCase.java:134)
	at junit.framework.TestResult$1.protect(TestResult.java:110)
	at junit.framework.TestResult.runProtected(TestResult.java:128)
	at junit.framework.TestResult.run(TestResult.java:113)
	at junit.framework.TestCase.run(TestCase.java:124)
	at junit.framework.TestSuite.runTest(TestSuite.java:232)
	at junit.framework.TestSuite.run(TestSuite.java:227)
	at junit.framework.TestSuite.runTest(TestSuite.java:232)
	at junit.framework.TestSuite.run(TestSuite.java:227)
	at junit.framework.TestSuite.runTest(TestSuite.java:232)
	at junit.framework.TestSuite.run(TestSuite.java:227)
	at org.apache.tools.ant.taskdefs.optional.junit.JUnitTestRunner.run(JUnitTestRunner.java:420)
	at org.apache.tools.ant.taskdefs.optional.junit.JUnitTestRunner.launch(JUnitTestRunner.java:911)
	at org.apache.tools.ant.taskdefs.optional.junit.JUnitTestRunner.main(JUnitTestRunner.java:768)
generate next id from the idGenerator:upload_status_id_seq
com.topcoder.util.config.UnknownNamespaceException: com.topcoder.util.log is unknown
	at com.topcoder.util.config.DefaultConfigManager.getPropertyObject(DefaultConfigManager.java:429)
	at com.topcoder.util.config.DefaultConfigManager.getString(DefaultConfigManager.java:449)
	at com.topcoder.util.log.LogFactory.getAttribute(LogFactory.java:224)
	at com.topcoder.util.log.basic.BasicLog.log(BasicLog.java:74)
	at com.topcoder.management.deliverable.PersistenceUploadManager.createUpload(PersistenceUploadManager.java:335)
	at com.topcoder.management.deliverable.stresstests.StressTestPersistenceUploadManager.testCreateUpload(StressTestPersistenceUploadManager.java:623)
	at sun.reflect.NativeMethodAccessorImpl.invoke0(Native Method)
	at sun.reflect.NativeMethodAccessorImpl.invoke(NativeMethodAccessorImpl.java:57)
	at sun.reflect.DelegatingMethodAccessorImpl.invoke(DelegatingMethodAccessorImpl.java:43)
	at java.lang.reflect.Method.invoke(Method.java:616)
	at junit.framework.TestCase.runTest(TestCase.java:168)
	at junit.framework.TestCase.runBare(TestCase.java:134)
	at junit.framework.TestResult$1.protect(TestResult.java:110)
	at junit.framework.TestResult.runProtected(TestResult.java:128)
	at junit.framework.TestResult.run(TestResult.java:113)
	at junit.framework.TestCase.run(TestCase.java:124)
	at junit.framework.TestSuite.runTest(TestSuite.java:232)
	at junit.framework.TestSuite.run(TestSuite.java:227)
	at junit.framework.TestSuite.runTest(TestSuite.java:232)
	at junit.framework.TestSuite.run(TestSuite.java:227)
	at junit.framework.TestSuite.runTest(TestSuite.java:232)
	at junit.framework.TestSuite.run(TestSuite.java:227)
	at org.apache.tools.ant.taskdefs.optional.junit.JUnitTestRunner.run(JUnitTestRunner.java:420)
	at org.apache.tools.ant.taskdefs.optional.junit.JUnitTestRunner.launch(JUnitTestRunner.java:911)
	at org.apache.tools.ant.taskdefs.optional.junit.JUnitTestRunner.main(JUnitTestRunner.java:768)
type: Upload id: Unknown operator:stress - Create new Upload.
com.topcoder.util.config.UnknownNamespaceException: com.topcoder.util.log is unknown
	at com.topcoder.util.config.DefaultConfigManager.getPropertyObject(DefaultConfigManager.java:429)
	at com.topcoder.util.config.DefaultConfigManager.getString(DefaultConfigManager.java:449)
	at com.topcoder.util.log.LogFactory.getAttribute(LogFactory.java:224)
	at com.topcoder.util.log.basic.BasicLog.log(BasicLog.java:74)
	at com.topcoder.management.deliverable.PersistenceUploadManager.persistenceUploadManagerHelper(PersistenceUploadManager.java:966)
	at com.topcoder.management.deliverable.PersistenceUploadManager.createUpload(PersistenceUploadManager.java:336)
	at com.topcoder.management.deliverable.stresstests.StressTestPersistenceUploadManager.testCreateUpload(StressTestPersistenceUploadManager.java:623)
	at sun.reflect.NativeMethodAccessorImpl.invoke0(Native Method)
	at sun.reflect.NativeMethodAccessorImpl.invoke(NativeMethodAccessorImpl.java:57)
	at sun.reflect.DelegatingMethodAccessorImpl.invoke(DelegatingMethodAccessorImpl.java:43)
	at java.lang.reflect.Method.invoke(Method.java:616)
	at junit.framework.TestCase.runTest(TestCase.java:168)
	at junit.framework.TestCase.runBare(TestCase.java:134)
	at junit.framework.TestResult$1.protect(TestResult.java:110)
	at junit.framework.TestResult.runProtected(TestResult.java:128)
	at junit.framework.TestResult.run(TestResult.java:113)
	at junit.framework.TestCase.run(TestCase.java:124)
	at junit.framework.TestSuite.runTest(TestSuite.java:232)
	at junit.framework.TestSuite.run(TestSuite.java:227)
	at junit.framework.TestSuite.runTest(TestSuite.java:232)
	at junit.framework.TestSuite.run(TestSuite.java:227)
	at junit.framework.TestSuite.runTest(TestSuite.java:232)
	at junit.framework.TestSuite.run(TestSuite.java:227)
	at org.apache.tools.ant.taskdefs.optional.junit.JUnitTestRunner.run(JUnitTestRunner.java:420)
	at org.apache.tools.ant.taskdefs.optional.junit.JUnitTestRunner.launch(JUnitTestRunner.java:911)
	at org.apache.tools.ant.taskdefs.optional.junit.JUnitTestRunner.main(JUnitTestRunner.java:768)
generate next id from the idGenerator:upload_id_seq
com.topcoder.util.config.UnknownNamespaceException: com.topcoder.util.log is unknown
	at com.topcoder.util.config.DefaultConfigManager.getPropertyObject(DefaultConfigManager.java:429)
	at com.topcoder.util.config.DefaultConfigManager.getString(DefaultConfigManager.java:449)
	at com.topcoder.util.log.LogFactory.getAttribute(LogFactory.java:224)
	at com.topcoder.util.log.basic.BasicLog.log(BasicLog.java:74)
	at com.topcoder.management.deliverable.PersistenceUploadManager.createUpload(PersistenceUploadManager.java:335)
	at com.topcoder.management.deliverable.stresstests.StressTestPersistenceUploadManager.testCreateUpload(StressTestPersistenceUploadManager.java:623)
	at sun.reflect.NativeMethodAccessorImpl.invoke0(Native Method)
	at sun.reflect.NativeMethodAccessorImpl.invoke(NativeMethodAccessorImpl.java:57)
	at sun.reflect.DelegatingMethodAccessorImpl.invoke(DelegatingMethodAccessorImpl.java:43)
	at java.lang.reflect.Method.invoke(Method.java:616)
	at junit.framework.TestCase.runTest(TestCase.java:168)
	at junit.framework.TestCase.runBare(TestCase.java:134)
	at junit.framework.TestResult$1.protect(TestResult.java:110)
	at junit.framework.TestResult.runProtected(TestResult.java:128)
	at junit.framework.TestResult.run(TestResult.java:113)
	at junit.framework.TestCase.run(TestCase.java:124)
	at junit.framework.TestSuite.runTest(TestSuite.java:232)
	at junit.framework.TestSuite.run(TestSuite.java:227)
	at junit.framework.TestSuite.runTest(TestSuite.java:232)
	at junit.framework.TestSuite.run(TestSuite.java:227)
	at junit.framework.TestSuite.runTest(TestSuite.java:232)
	at junit.framework.TestSuite.run(TestSuite.java:227)
	at org.apache.tools.ant.taskdefs.optional.junit.JUnitTestRunner.run(JUnitTestRunner.java:420)
	at org.apache.tools.ant.taskdefs.optional.junit.JUnitTestRunner.launch(JUnitTestRunner.java:911)
	at org.apache.tools.ant.taskdefs.optional.junit.JUnitTestRunner.main(JUnitTestRunner.java:768)
type: Upload id: Unknown operator:stress - Create new Upload.
com.topcoder.util.config.UnknownNamespaceException: com.topcoder.util.log is unknown
	at com.topcoder.util.config.DefaultConfigManager.getPropertyObject(DefaultConfigManager.java:429)
	at com.topcoder.util.config.DefaultConfigManager.getString(DefaultConfigManager.java:449)
	at com.topcoder.util.log.LogFactory.getAttribute(LogFactory.java:224)
	at com.topcoder.util.log.basic.BasicLog.log(BasicLog.java:74)
	at com.topcoder.management.deliverable.PersistenceUploadManager.persistenceUploadManagerHelper(PersistenceUploadManager.java:966)
	at com.topcoder.management.deliverable.PersistenceUploadManager.createUpload(PersistenceUploadManager.java:336)
	at com.topcoder.management.deliverable.stresstests.StressTestPersistenceUploadManager.testCreateUpload(StressTestPersistenceUploadManager.java:623)
	at sun.reflect.NativeMethodAccessorImpl.invoke0(Native Method)
	at sun.reflect.NativeMethodAccessorImpl.invoke(NativeMethodAccessorImpl.java:57)
	at sun.reflect.DelegatingMethodAccessorImpl.invoke(DelegatingMethodAccessorImpl.java:43)
	at java.lang.reflect.Method.invoke(Method.java:616)
	at junit.framework.TestCase.runTest(TestCase.java:168)
	at junit.framework.TestCase.runBare(TestCase.java:134)
	at junit.framework.TestResult$1.protect(TestResult.java:110)
	at junit.framework.TestResult.runProtected(TestResult.java:128)
	at junit.framework.TestResult.run(TestResult.java:113)
	at junit.framework.TestCase.run(TestCase.java:124)
	at junit.framework.TestSuite.runTest(TestSuite.java:232)
	at junit.framework.TestSuite.run(TestSuite.java:227)
	at junit.framework.TestSuite.runTest(TestSuite.java:232)
	at junit.framework.TestSuite.run(TestSuite.java:227)
	at junit.framework.TestSuite.runTest(TestSuite.java:232)
	at junit.framework.TestSuite.run(TestSuite.java:227)
	at org.apache.tools.ant.taskdefs.optional.junit.JUnitTestRunner.run(JUnitTestRunner.java:420)
	at org.apache.tools.ant.taskdefs.optional.junit.JUnitTestRunner.launch(JUnitTestRunner.java:911)
	at org.apache.tools.ant.taskdefs.optional.junit.JUnitTestRunner.main(JUnitTestRunner.java:768)
generate next id from the idGenerator:upload_id_seq
com.topcoder.util.config.UnknownNamespaceException: com.topcoder.util.log is unknown
	at com.topcoder.util.config.DefaultConfigManager.getPropertyObject(DefaultConfigManager.java:429)
	at com.topcoder.util.config.DefaultConfigManager.getString(DefaultConfigManager.java:449)
	at com.topcoder.util.log.LogFactory.getAttribute(LogFactory.java:224)
	at com.topcoder.util.log.basic.BasicLog.log(BasicLog.java:74)
	at com.topcoder.management.deliverable.stresstests.StressTestPersistenceUploadManager.tearDown(StressTestPersistenceUploadManager.java:121)
	at junit.framework.TestCase.runBare(TestCase.java:140)
	at junit.framework.TestResult$1.protect(TestResult.java:110)
	at junit.framework.TestResult.runProtected(TestResult.java:128)
	at junit.framework.TestResult.run(TestResult.java:113)
	at junit.framework.TestCase.run(TestCase.java:124)
	at junit.framework.TestSuite.runTest(TestSuite.java:232)
	at junit.framework.TestSuite.run(TestSuite.java:227)
	at junit.framework.TestSuite.runTest(TestSuite.java:232)
	at junit.framework.TestSuite.run(TestSuite.java:227)
	at junit.framework.TestSuite.runTest(TestSuite.java:232)
	at junit.framework.TestSuite.run(TestSuite.java:227)
	at org.apache.tools.ant.taskdefs.optional.junit.JUnitTestRunner.run(JUnitTestRunner.java:420)
	at org.apache.tools.ant.taskdefs.optional.junit.JUnitTestRunner.launch(JUnitTestRunner.java:911)
	at org.apache.tools.ant.taskdefs.optional.junit.JUnitTestRunner.main(JUnitTestRunner.java:768)
StressTestPersistenceUploadManager - tearDown - start
com.topcoder.util.config.UnknownNamespaceException: com.topcoder.util.log is unknown
	at com.topcoder.util.config.DefaultConfigManager.getPropertyObject(DefaultConfigManager.java:429)
	at com.topcoder.util.config.DefaultConfigManager.getString(DefaultConfigManager.java:449)
	at com.topcoder.util.log.LogFactory.getAttribute(LogFactory.java:224)
	at com.topcoder.util.log.basic.BasicLog.log(BasicLog.java:74)
	at com.topcoder.management.deliverable.stresstests.StressTestPersistenceUploadManager.tearDown(StressTestPersistenceUploadManager.java:126)
	at junit.framework.TestCase.runBare(TestCase.java:140)
	at junit.framework.TestResult$1.protect(TestResult.java:110)
	at junit.framework.TestResult.runProtected(TestResult.java:128)
	at junit.framework.TestResult.run(TestResult.java:113)
	at junit.framework.TestCase.run(TestCase.java:124)
	at junit.framework.TestSuite.runTest(TestSuite.java:232)
	at junit.framework.TestSuite.run(TestSuite.java:227)
	at junit.framework.TestSuite.runTest(TestSuite.java:232)
	at junit.framework.TestSuite.run(TestSuite.java:227)
	at junit.framework.TestSuite.runTest(TestSuite.java:232)
	at junit.framework.TestSuite.run(TestSuite.java:227)
	at org.apache.tools.ant.taskdefs.optional.junit.JUnitTestRunner.run(JUnitTestRunner.java:420)
	at org.apache.tools.ant.taskdefs.optional.junit.JUnitTestRunner.launch(JUnitTestRunner.java:911)
	at org.apache.tools.ant.taskdefs.optional.junit.JUnitTestRunner.main(JUnitTestRunner.java:768)
StressTestPersistenceUploadManager - tearDown - end
com.topcoder.util.config.UnknownNamespaceException: com.topcoder.util.log is unknown
	at com.topcoder.util.config.DefaultConfigManager.getPropertyObject(DefaultConfigManager.java:429)
	at com.topcoder.util.config.DefaultConfigManager.getString(DefaultConfigManager.java:449)
	at com.topcoder.util.log.LogFactory.getAttribute(LogFactory.java:224)
	at com.topcoder.util.log.basic.BasicLog.log(BasicLog.java:74)
	at com.topcoder.management.deliverable.stresstests.StressTestPersistenceUploadManager.setUp(StressTestPersistenceUploadManager.java:71)
	at junit.framework.TestCase.runBare(TestCase.java:132)
	at junit.framework.TestResult$1.protect(TestResult.java:110)
	at junit.framework.TestResult.runProtected(TestResult.java:128)
	at junit.framework.TestResult.run(TestResult.java:113)
	at junit.framework.TestCase.run(TestCase.java:124)
	at junit.framework.TestSuite.runTest(TestSuite.java:232)
	at junit.framework.TestSuite.run(TestSuite.java:227)
	at junit.framework.TestSuite.runTest(TestSuite.java:232)
	at junit.framework.TestSuite.run(TestSuite.java:227)
	at junit.framework.TestSuite.runTest(TestSuite.java:232)
	at junit.framework.TestSuite.run(TestSuite.java:227)
	at org.apache.tools.ant.taskdefs.optional.junit.JUnitTestRunner.run(JUnitTestRunner.java:420)
	at org.apache.tools.ant.taskdefs.optional.junit.JUnitTestRunner.launch(JUnitTestRunner.java:911)
	at org.apache.tools.ant.taskdefs.optional.junit.JUnitTestRunner.main(JUnitTestRunner.java:768)
StressTestPersistenceUploadManager - setUp - start
com.topcoder.util.config.UnknownNamespaceException: com.topcoder.util.log is unknown
	at com.topcoder.util.config.DefaultConfigManager.getPropertyObject(DefaultConfigManager.java:429)
	at com.topcoder.util.config.DefaultConfigManager.getString(DefaultConfigManager.java:449)
	at com.topcoder.util.log.LogFactory.getAttribute(LogFactory.java:224)
	at com.topcoder.util.log.basic.BasicLog.log(BasicLog.java:74)
	at com.topcoder.management.deliverable.PersistenceUploadManager.<init>(PersistenceUploadManager.java:260)
	at com.topcoder.management.deliverable.PersistenceUploadManager.<init>(PersistenceUploadManager.java:306)
	at com.topcoder.management.deliverable.stresstests.StressTestPersistenceUploadManager.setUp(StressTestPersistenceUploadManager.java:109)
	at junit.framework.TestCase.runBare(TestCase.java:132)
	at junit.framework.TestResult$1.protect(TestResult.java:110)
	at junit.framework.TestResult.runProtected(TestResult.java:128)
	at junit.framework.TestResult.run(TestResult.java:113)
	at junit.framework.TestCase.run(TestCase.java:124)
	at junit.framework.TestSuite.runTest(TestSuite.java:232)
	at junit.framework.TestSuite.run(TestSuite.java:227)
	at junit.framework.TestSuite.runTest(TestSuite.java:232)
	at junit.framework.TestSuite.run(TestSuite.java:227)
	at junit.framework.TestSuite.runTest(TestSuite.java:232)
	at junit.framework.TestSuite.run(TestSuite.java:227)
	at org.apache.tools.ant.taskdefs.optional.junit.JUnitTestRunner.run(JUnitTestRunner.java:420)
	at org.apache.tools.ant.taskdefs.optional.junit.JUnitTestRunner.launch(JUnitTestRunner.java:911)
	at org.apache.tools.ant.taskdefs.optional.junit.JUnitTestRunner.main(JUnitTestRunner.java:768)
Instantiate PersistenceUploadManager with UploadPersistence, uploadSearchBundle, submissionSearchBundle, uploadIdGenerator, uploadTypeIdGenerator, uploadStatusIdGenerator, submissionIDGenerator and submissionStatusIdGenerator.
com.topcoder.util.config.UnknownNamespaceException: com.topcoder.util.log is unknown
	at com.topcoder.util.config.DefaultConfigManager.getPropertyObject(DefaultConfigManager.java:429)
	at com.topcoder.util.config.DefaultConfigManager.getString(DefaultConfigManager.java:449)
	at com.topcoder.util.log.LogFactory.getAttribute(LogFactory.java:224)
	at com.topcoder.util.log.basic.BasicLog.log(BasicLog.java:74)
	at com.topcoder.management.deliverable.stresstests.StressTestPersistenceUploadManager.setUp(StressTestPersistenceUploadManager.java:111)
	at junit.framework.TestCase.runBare(TestCase.java:132)
	at junit.framework.TestResult$1.protect(TestResult.java:110)
	at junit.framework.TestResult.runProtected(TestResult.java:128)
	at junit.framework.TestResult.run(TestResult.java:113)
	at junit.framework.TestCase.run(TestCase.java:124)
	at junit.framework.TestSuite.runTest(TestSuite.java:232)
	at junit.framework.TestSuite.run(TestSuite.java:227)
	at junit.framework.TestSuite.runTest(TestSuite.java:232)
	at junit.framework.TestSuite.run(TestSuite.java:227)
	at junit.framework.TestSuite.runTest(TestSuite.java:232)
	at junit.framework.TestSuite.run(TestSuite.java:227)
	at org.apache.tools.ant.taskdefs.optional.junit.JUnitTestRunner.run(JUnitTestRunner.java:420)
	at org.apache.tools.ant.taskdefs.optional.junit.JUnitTestRunner.launch(JUnitTestRunner.java:911)
	at org.apache.tools.ant.taskdefs.optional.junit.JUnitTestRunner.main(JUnitTestRunner.java:768)
StressTestPersistenceUploadManager - setUp - end
com.topcoder.util.config.UnknownNamespaceException: com.topcoder.util.log is unknown
	at com.topcoder.util.config.DefaultConfigManager.getPropertyObject(DefaultConfigManager.java:429)
	at com.topcoder.util.config.DefaultConfigManager.getString(DefaultConfigManager.java:449)
	at com.topcoder.util.log.LogFactory.getAttribute(LogFactory.java:224)
	at com.topcoder.util.log.basic.BasicLog.log(BasicLog.java:74)
	at com.topcoder.management.deliverable.PersistenceUploadManager.createUploadType(PersistenceUploadManager.java:453)
	at com.topcoder.management.deliverable.stresstests.StressTestPersistenceUploadManager.testCreateUploadType(StressTestPersistenceUploadManager.java:594)
	at com.topcoder.management.deliverable.stresstests.StressTestPersistenceUploadManager.testUpdateUpload(StressTestPersistenceUploadManager.java:643)
	at sun.reflect.NativeMethodAccessorImpl.invoke0(Native Method)
	at sun.reflect.NativeMethodAccessorImpl.invoke(NativeMethodAccessorImpl.java:57)
	at sun.reflect.DelegatingMethodAccessorImpl.invoke(DelegatingMethodAccessorImpl.java:43)
	at java.lang.reflect.Method.invoke(Method.java:616)
	at junit.framework.TestCase.runTest(TestCase.java:168)
	at junit.framework.TestCase.runBare(TestCase.java:134)
	at junit.framework.TestResult$1.protect(TestResult.java:110)
	at junit.framework.TestResult.runProtected(TestResult.java:128)
	at junit.framework.TestResult.run(TestResult.java:113)
	at junit.framework.TestCase.run(TestCase.java:124)
	at junit.framework.TestSuite.runTest(TestSuite.java:232)
	at junit.framework.TestSuite.run(TestSuite.java:227)
	at junit.framework.TestSuite.runTest(TestSuite.java:232)
	at junit.framework.TestSuite.run(TestSuite.java:227)
	at junit.framework.TestSuite.runTest(TestSuite.java:232)
	at junit.framework.TestSuite.run(TestSuite.java:227)
	at org.apache.tools.ant.taskdefs.optional.junit.JUnitTestRunner.run(JUnitTestRunner.java:420)
	at org.apache.tools.ant.taskdefs.optional.junit.JUnitTestRunner.launch(JUnitTestRunner.java:911)
	at org.apache.tools.ant.taskdefs.optional.junit.JUnitTestRunner.main(JUnitTestRunner.java:768)
type: UploadType id: Unknown operator:stress - Create new UploadType.
com.topcoder.util.config.UnknownNamespaceException: com.topcoder.util.log is unknown
	at com.topcoder.util.config.DefaultConfigManager.getPropertyObject(DefaultConfigManager.java:429)
	at com.topcoder.util.config.DefaultConfigManager.getString(DefaultConfigManager.java:449)
	at com.topcoder.util.log.LogFactory.getAttribute(LogFactory.java:224)
	at com.topcoder.util.log.basic.BasicLog.log(BasicLog.java:74)
	at com.topcoder.management.deliverable.PersistenceUploadManager.persistenceUploadManagerHelper(PersistenceUploadManager.java:966)
	at com.topcoder.management.deliverable.PersistenceUploadManager.createUploadType(PersistenceUploadManager.java:454)
	at com.topcoder.management.deliverable.stresstests.StressTestPersistenceUploadManager.testCreateUploadType(StressTestPersistenceUploadManager.java:594)
	at com.topcoder.management.deliverable.stresstests.StressTestPersistenceUploadManager.testUpdateUpload(StressTestPersistenceUploadManager.java:643)
	at sun.reflect.NativeMethodAccessorImpl.invoke0(Native Method)
	at sun.reflect.NativeMethodAccessorImpl.invoke(NativeMethodAccessorImpl.java:57)
	at sun.reflect.DelegatingMethodAccessorImpl.invoke(DelegatingMethodAccessorImpl.java:43)
	at java.lang.reflect.Method.invoke(Method.java:616)
	at junit.framework.TestCase.runTest(TestCase.java:168)
	at junit.framework.TestCase.runBare(TestCase.java:134)
	at junit.framework.TestResult$1.protect(TestResult.java:110)
	at junit.framework.TestResult.runProtected(TestResult.java:128)
	at junit.framework.TestResult.run(TestResult.java:113)
	at junit.framework.TestCase.run(TestCase.java:124)
	at junit.framework.TestSuite.runTest(TestSuite.java:232)
	at junit.framework.TestSuite.run(TestSuite.java:227)
	at junit.framework.TestSuite.runTest(TestSuite.java:232)
	at junit.framework.TestSuite.run(TestSuite.java:227)
	at junit.framework.TestSuite.runTest(TestSuite.java:232)
	at junit.framework.TestSuite.run(TestSuite.java:227)
	at org.apache.tools.ant.taskdefs.optional.junit.JUnitTestRunner.run(JUnitTestRunner.java:420)
	at org.apache.tools.ant.taskdefs.optional.junit.JUnitTestRunner.launch(JUnitTestRunner.java:911)
	at org.apache.tools.ant.taskdefs.optional.junit.JUnitTestRunner.main(JUnitTestRunner.java:768)
generate next id from the idGenerator:upload_type_id_seq
com.topcoder.util.config.UnknownNamespaceException: com.topcoder.util.log is unknown
	at com.topcoder.util.config.DefaultConfigManager.getPropertyObject(DefaultConfigManager.java:429)
	at com.topcoder.util.config.DefaultConfigManager.getString(DefaultConfigManager.java:449)
	at com.topcoder.util.log.LogFactory.getAttribute(LogFactory.java:224)
	at com.topcoder.util.log.basic.BasicLog.log(BasicLog.java:74)
	at com.topcoder.management.deliverable.PersistenceUploadManager.createUploadType(PersistenceUploadManager.java:453)
	at com.topcoder.management.deliverable.stresstests.StressTestPersistenceUploadManager.testCreateUploadType(StressTestPersistenceUploadManager.java:594)
	at com.topcoder.management.deliverable.stresstests.StressTestPersistenceUploadManager.testUpdateUpload(StressTestPersistenceUploadManager.java:643)
	at sun.reflect.NativeMethodAccessorImpl.invoke0(Native Method)
	at sun.reflect.NativeMethodAccessorImpl.invoke(NativeMethodAccessorImpl.java:57)
	at sun.reflect.DelegatingMethodAccessorImpl.invoke(DelegatingMethodAccessorImpl.java:43)
	at java.lang.reflect.Method.invoke(Method.java:616)
	at junit.framework.TestCase.runTest(TestCase.java:168)
	at junit.framework.TestCase.runBare(TestCase.java:134)
	at junit.framework.TestResult$1.protect(TestResult.java:110)
	at junit.framework.TestResult.runProtected(TestResult.java:128)
	at junit.framework.TestResult.run(TestResult.java:113)
	at junit.framework.TestCase.run(TestCase.java:124)
	at junit.framework.TestSuite.runTest(TestSuite.java:232)
	at junit.framework.TestSuite.run(TestSuite.java:227)
	at junit.framework.TestSuite.runTest(TestSuite.java:232)
	at junit.framework.TestSuite.run(TestSuite.java:227)
	at junit.framework.TestSuite.runTest(TestSuite.java:232)
	at junit.framework.TestSuite.run(TestSuite.java:227)
	at org.apache.tools.ant.taskdefs.optional.junit.JUnitTestRunner.run(JUnitTestRunner.java:420)
	at org.apache.tools.ant.taskdefs.optional.junit.JUnitTestRunner.launch(JUnitTestRunner.java:911)
	at org.apache.tools.ant.taskdefs.optional.junit.JUnitTestRunner.main(JUnitTestRunner.java:768)
type: UploadType id: Unknown operator:stress - Create new UploadType.
com.topcoder.util.config.UnknownNamespaceException: com.topcoder.util.log is unknown
	at com.topcoder.util.config.DefaultConfigManager.getPropertyObject(DefaultConfigManager.java:429)
	at com.topcoder.util.config.DefaultConfigManager.getString(DefaultConfigManager.java:449)
	at com.topcoder.util.log.LogFactory.getAttribute(LogFactory.java:224)
	at com.topcoder.util.log.basic.BasicLog.log(BasicLog.java:74)
	at com.topcoder.management.deliverable.PersistenceUploadManager.persistenceUploadManagerHelper(PersistenceUploadManager.java:966)
	at com.topcoder.management.deliverable.PersistenceUploadManager.createUploadType(PersistenceUploadManager.java:454)
	at com.topcoder.management.deliverable.stresstests.StressTestPersistenceUploadManager.testCreateUploadType(StressTestPersistenceUploadManager.java:594)
	at com.topcoder.management.deliverable.stresstests.StressTestPersistenceUploadManager.testUpdateUpload(StressTestPersistenceUploadManager.java:643)
	at sun.reflect.NativeMethodAccessorImpl.invoke0(Native Method)
	at sun.reflect.NativeMethodAccessorImpl.invoke(NativeMethodAccessorImpl.java:57)
	at sun.reflect.DelegatingMethodAccessorImpl.invoke(DelegatingMethodAccessorImpl.java:43)
	at java.lang.reflect.Method.invoke(Method.java:616)
	at junit.framework.TestCase.runTest(TestCase.java:168)
	at junit.framework.TestCase.runBare(TestCase.java:134)
	at junit.framework.TestResult$1.protect(TestResult.java:110)
	at junit.framework.TestResult.runProtected(TestResult.java:128)
	at junit.framework.TestResult.run(TestResult.java:113)
	at junit.framework.TestCase.run(TestCase.java:124)
	at junit.framework.TestSuite.runTest(TestSuite.java:232)
	at junit.framework.TestSuite.run(TestSuite.java:227)
	at junit.framework.TestSuite.runTest(TestSuite.java:232)
	at junit.framework.TestSuite.run(TestSuite.java:227)
	at junit.framework.TestSuite.runTest(TestSuite.java:232)
	at junit.framework.TestSuite.run(TestSuite.java:227)
	at org.apache.tools.ant.taskdefs.optional.junit.JUnitTestRunner.run(JUnitTestRunner.java:420)
	at org.apache.tools.ant.taskdefs.optional.junit.JUnitTestRunner.launch(JUnitTestRunner.java:911)
	at org.apache.tools.ant.taskdefs.optional.junit.JUnitTestRunner.main(JUnitTestRunner.java:768)
generate next id from the idGenerator:upload_type_id_seq
com.topcoder.util.config.UnknownNamespaceException: com.topcoder.util.log is unknown
	at com.topcoder.util.config.DefaultConfigManager.getPropertyObject(DefaultConfigManager.java:429)
	at com.topcoder.util.config.DefaultConfigManager.getString(DefaultConfigManager.java:449)
	at com.topcoder.util.log.LogFactory.getAttribute(LogFactory.java:224)
	at com.topcoder.util.log.basic.BasicLog.log(BasicLog.java:74)
	at com.topcoder.management.deliverable.PersistenceUploadManager.createUploadStatus(PersistenceUploadManager.java:541)
	at com.topcoder.management.deliverable.stresstests.StressTestPersistenceUploadManager.testCreateUploadStatus(StressTestPersistenceUploadManager.java:414)
	at com.topcoder.management.deliverable.stresstests.StressTestPersistenceUploadManager.testUpdateUpload(StressTestPersistenceUploadManager.java:644)
	at sun.reflect.NativeMethodAccessorImpl.invoke0(Native Method)
	at sun.reflect.NativeMethodAccessorImpl.invoke(NativeMethodAccessorImpl.java:57)
	at sun.reflect.DelegatingMethodAccessorImpl.invoke(DelegatingMethodAccessorImpl.java:43)
	at java.lang.reflect.Method.invoke(Method.java:616)
	at junit.framework.TestCase.runTest(TestCase.java:168)
	at junit.framework.TestCase.runBare(TestCase.java:134)
	at junit.framework.TestResult$1.protect(TestResult.java:110)
	at junit.framework.TestResult.runProtected(TestResult.java:128)
	at junit.framework.TestResult.run(TestResult.java:113)
	at junit.framework.TestCase.run(TestCase.java:124)
	at junit.framework.TestSuite.runTest(TestSuite.java:232)
	at junit.framework.TestSuite.run(TestSuite.java:227)
	at junit.framework.TestSuite.runTest(TestSuite.java:232)
	at junit.framework.TestSuite.run(TestSuite.java:227)
	at junit.framework.TestSuite.runTest(TestSuite.java:232)
	at junit.framework.TestSuite.run(TestSuite.java:227)
	at org.apache.tools.ant.taskdefs.optional.junit.JUnitTestRunner.run(JUnitTestRunner.java:420)
	at org.apache.tools.ant.taskdefs.optional.junit.JUnitTestRunner.launch(JUnitTestRunner.java:911)
	at org.apache.tools.ant.taskdefs.optional.junit.JUnitTestRunner.main(JUnitTestRunner.java:768)
type: UploadStatus id: Unknown operator:stress - create new UploadStatus.
com.topcoder.util.config.UnknownNamespaceException: com.topcoder.util.log is unknown
	at com.topcoder.util.config.DefaultConfigManager.getPropertyObject(DefaultConfigManager.java:429)
	at com.topcoder.util.config.DefaultConfigManager.getString(DefaultConfigManager.java:449)
	at com.topcoder.util.log.LogFactory.getAttribute(LogFactory.java:224)
	at com.topcoder.util.log.basic.BasicLog.log(BasicLog.java:74)
	at com.topcoder.management.deliverable.PersistenceUploadManager.persistenceUploadManagerHelper(PersistenceUploadManager.java:966)
	at com.topcoder.management.deliverable.PersistenceUploadManager.createUploadStatus(PersistenceUploadManager.java:542)
	at com.topcoder.management.deliverable.stresstests.StressTestPersistenceUploadManager.testCreateUploadStatus(StressTestPersistenceUploadManager.java:414)
	at com.topcoder.management.deliverable.stresstests.StressTestPersistenceUploadManager.testUpdateUpload(StressTestPersistenceUploadManager.java:644)
	at sun.reflect.NativeMethodAccessorImpl.invoke0(Native Method)
	at sun.reflect.NativeMethodAccessorImpl.invoke(NativeMethodAccessorImpl.java:57)
	at sun.reflect.DelegatingMethodAccessorImpl.invoke(DelegatingMethodAccessorImpl.java:43)
	at java.lang.reflect.Method.invoke(Method.java:616)
	at junit.framework.TestCase.runTest(TestCase.java:168)
	at junit.framework.TestCase.runBare(TestCase.java:134)
	at junit.framework.TestResult$1.protect(TestResult.java:110)
	at junit.framework.TestResult.runProtected(TestResult.java:128)
	at junit.framework.TestResult.run(TestResult.java:113)
	at junit.framework.TestCase.run(TestCase.java:124)
	at junit.framework.TestSuite.runTest(TestSuite.java:232)
	at junit.framework.TestSuite.run(TestSuite.java:227)
	at junit.framework.TestSuite.runTest(TestSuite.java:232)
	at junit.framework.TestSuite.run(TestSuite.java:227)
	at junit.framework.TestSuite.runTest(TestSuite.java:232)
	at junit.framework.TestSuite.run(TestSuite.java:227)
	at org.apache.tools.ant.taskdefs.optional.junit.JUnitTestRunner.run(JUnitTestRunner.java:420)
	at org.apache.tools.ant.taskdefs.optional.junit.JUnitTestRunner.launch(JUnitTestRunner.java:911)
	at org.apache.tools.ant.taskdefs.optional.junit.JUnitTestRunner.main(JUnitTestRunner.java:768)
generate next id from the idGenerator:upload_status_id_seq
com.topcoder.util.config.UnknownNamespaceException: com.topcoder.util.log is unknown
	at com.topcoder.util.config.DefaultConfigManager.getPropertyObject(DefaultConfigManager.java:429)
	at com.topcoder.util.config.DefaultConfigManager.getString(DefaultConfigManager.java:449)
	at com.topcoder.util.log.LogFactory.getAttribute(LogFactory.java:224)
	at com.topcoder.util.log.basic.BasicLog.log(BasicLog.java:74)
	at com.topcoder.management.deliverable.PersistenceUploadManager.createUploadStatus(PersistenceUploadManager.java:541)
	at com.topcoder.management.deliverable.stresstests.StressTestPersistenceUploadManager.testCreateUploadStatus(StressTestPersistenceUploadManager.java:414)
	at com.topcoder.management.deliverable.stresstests.StressTestPersistenceUploadManager.testUpdateUpload(StressTestPersistenceUploadManager.java:644)
	at sun.reflect.NativeMethodAccessorImpl.invoke0(Native Method)
	at sun.reflect.NativeMethodAccessorImpl.invoke(NativeMethodAccessorImpl.java:57)
	at sun.reflect.DelegatingMethodAccessorImpl.invoke(DelegatingMethodAccessorImpl.java:43)
	at java.lang.reflect.Method.invoke(Method.java:616)
	at junit.framework.TestCase.runTest(TestCase.java:168)
	at junit.framework.TestCase.runBare(TestCase.java:134)
	at junit.framework.TestResult$1.protect(TestResult.java:110)
	at junit.framework.TestResult.runProtected(TestResult.java:128)
	at junit.framework.TestResult.run(TestResult.java:113)
	at junit.framework.TestCase.run(TestCase.java:124)
	at junit.framework.TestSuite.runTest(TestSuite.java:232)
	at junit.framework.TestSuite.run(TestSuite.java:227)
	at junit.framework.TestSuite.runTest(TestSuite.java:232)
	at junit.framework.TestSuite.run(TestSuite.java:227)
	at junit.framework.TestSuite.runTest(TestSuite.java:232)
	at junit.framework.TestSuite.run(TestSuite.java:227)
	at org.apache.tools.ant.taskdefs.optional.junit.JUnitTestRunner.run(JUnitTestRunner.java:420)
	at org.apache.tools.ant.taskdefs.optional.junit.JUnitTestRunner.launch(JUnitTestRunner.java:911)
	at org.apache.tools.ant.taskdefs.optional.junit.JUnitTestRunner.main(JUnitTestRunner.java:768)
type: UploadStatus id: Unknown operator:stress - create new UploadStatus.
com.topcoder.util.config.UnknownNamespaceException: com.topcoder.util.log is unknown
	at com.topcoder.util.config.DefaultConfigManager.getPropertyObject(DefaultConfigManager.java:429)
	at com.topcoder.util.config.DefaultConfigManager.getString(DefaultConfigManager.java:449)
	at com.topcoder.util.log.LogFactory.getAttribute(LogFactory.java:224)
	at com.topcoder.util.log.basic.BasicLog.log(BasicLog.java:74)
	at com.topcoder.management.deliverable.PersistenceUploadManager.persistenceUploadManagerHelper(PersistenceUploadManager.java:966)
	at com.topcoder.management.deliverable.PersistenceUploadManager.createUploadStatus(PersistenceUploadManager.java:542)
	at com.topcoder.management.deliverable.stresstests.StressTestPersistenceUploadManager.testCreateUploadStatus(StressTestPersistenceUploadManager.java:414)
	at com.topcoder.management.deliverable.stresstests.StressTestPersistenceUploadManager.testUpdateUpload(StressTestPersistenceUploadManager.java:644)
	at sun.reflect.NativeMethodAccessorImpl.invoke0(Native Method)
	at sun.reflect.NativeMethodAccessorImpl.invoke(NativeMethodAccessorImpl.java:57)
	at sun.reflect.DelegatingMethodAccessorImpl.invoke(DelegatingMethodAccessorImpl.java:43)
	at java.lang.reflect.Method.invoke(Method.java:616)
	at junit.framework.TestCase.runTest(TestCase.java:168)
	at junit.framework.TestCase.runBare(TestCase.java:134)
	at junit.framework.TestResult$1.protect(TestResult.java:110)
	at junit.framework.TestResult.runProtected(TestResult.java:128)
	at junit.framework.TestResult.run(TestResult.java:113)
	at junit.framework.TestCase.run(TestCase.java:124)
	at junit.framework.TestSuite.runTest(TestSuite.java:232)
	at junit.framework.TestSuite.run(TestSuite.java:227)
	at junit.framework.TestSuite.runTest(TestSuite.java:232)
	at junit.framework.TestSuite.run(TestSuite.java:227)
	at junit.framework.TestSuite.runTest(TestSuite.java:232)
	at junit.framework.TestSuite.run(TestSuite.java:227)
	at org.apache.tools.ant.taskdefs.optional.junit.JUnitTestRunner.run(JUnitTestRunner.java:420)
	at org.apache.tools.ant.taskdefs.optional.junit.JUnitTestRunner.launch(JUnitTestRunner.java:911)
	at org.apache.tools.ant.taskdefs.optional.junit.JUnitTestRunner.main(JUnitTestRunner.java:768)
generate next id from the idGenerator:upload_status_id_seq
com.topcoder.util.config.UnknownNamespaceException: com.topcoder.util.log is unknown
	at com.topcoder.util.config.DefaultConfigManager.getPropertyObject(DefaultConfigManager.java:429)
	at com.topcoder.util.config.DefaultConfigManager.getString(DefaultConfigManager.java:449)
	at com.topcoder.util.log.LogFactory.getAttribute(LogFactory.java:224)
	at com.topcoder.util.log.basic.BasicLog.log(BasicLog.java:74)
	at com.topcoder.management.deliverable.PersistenceUploadManager.updateUpload(PersistenceUploadManager.java:361)
	at com.topcoder.management.deliverable.stresstests.StressTestPersistenceUploadManager.testUpdateUpload(StressTestPersistenceUploadManager.java:657)
	at sun.reflect.NativeMethodAccessorImpl.invoke0(Native Method)
	at sun.reflect.NativeMethodAccessorImpl.invoke(NativeMethodAccessorImpl.java:57)
	at sun.reflect.DelegatingMethodAccessorImpl.invoke(DelegatingMethodAccessorImpl.java:43)
	at java.lang.reflect.Method.invoke(Method.java:616)
	at junit.framework.TestCase.runTest(TestCase.java:168)
	at junit.framework.TestCase.runBare(TestCase.java:134)
	at junit.framework.TestResult$1.protect(TestResult.java:110)
	at junit.framework.TestResult.runProtected(TestResult.java:128)
	at junit.framework.TestResult.run(TestResult.java:113)
	at junit.framework.TestCase.run(TestCase.java:124)
	at junit.framework.TestSuite.runTest(TestSuite.java:232)
	at junit.framework.TestSuite.run(TestSuite.java:227)
	at junit.framework.TestSuite.runTest(TestSuite.java:232)
	at junit.framework.TestSuite.run(TestSuite.java:227)
	at junit.framework.TestSuite.runTest(TestSuite.java:232)
	at junit.framework.TestSuite.run(TestSuite.java:227)
	at org.apache.tools.ant.taskdefs.optional.junit.JUnitTestRunner.run(JUnitTestRunner.java:420)
	at org.apache.tools.ant.taskdefs.optional.junit.JUnitTestRunner.launch(JUnitTestRunner.java:911)
	at org.apache.tools.ant.taskdefs.optional.junit.JUnitTestRunner.main(JUnitTestRunner.java:768)
type: Upload id: 10 operator:stress - Update Upload.
com.topcoder.util.config.UnknownNamespaceException: com.topcoder.util.log is unknown
	at com.topcoder.util.config.DefaultConfigManager.getPropertyObject(DefaultConfigManager.java:429)
	at com.topcoder.util.config.DefaultConfigManager.getString(DefaultConfigManager.java:449)
	at com.topcoder.util.log.LogFactory.getAttribute(LogFactory.java:224)
	at com.topcoder.util.log.basic.BasicLog.log(BasicLog.java:74)
	at com.topcoder.management.deliverable.PersistenceUploadManager.updateUpload(PersistenceUploadManager.java:361)
	at com.topcoder.management.deliverable.stresstests.StressTestPersistenceUploadManager.testUpdateUpload(StressTestPersistenceUploadManager.java:657)
	at sun.reflect.NativeMethodAccessorImpl.invoke0(Native Method)
	at sun.reflect.NativeMethodAccessorImpl.invoke(NativeMethodAccessorImpl.java:57)
	at sun.reflect.DelegatingMethodAccessorImpl.invoke(DelegatingMethodAccessorImpl.java:43)
	at java.lang.reflect.Method.invoke(Method.java:616)
	at junit.framework.TestCase.runTest(TestCase.java:168)
	at junit.framework.TestCase.runBare(TestCase.java:134)
	at junit.framework.TestResult$1.protect(TestResult.java:110)
	at junit.framework.TestResult.runProtected(TestResult.java:128)
	at junit.framework.TestResult.run(TestResult.java:113)
	at junit.framework.TestCase.run(TestCase.java:124)
	at junit.framework.TestSuite.runTest(TestSuite.java:232)
	at junit.framework.TestSuite.run(TestSuite.java:227)
	at junit.framework.TestSuite.runTest(TestSuite.java:232)
	at junit.framework.TestSuite.run(TestSuite.java:227)
	at junit.framework.TestSuite.runTest(TestSuite.java:232)
	at junit.framework.TestSuite.run(TestSuite.java:227)
	at org.apache.tools.ant.taskdefs.optional.junit.JUnitTestRunner.run(JUnitTestRunner.java:420)
	at org.apache.tools.ant.taskdefs.optional.junit.JUnitTestRunner.launch(JUnitTestRunner.java:911)
	at org.apache.tools.ant.taskdefs.optional.junit.JUnitTestRunner.main(JUnitTestRunner.java:768)
type: Upload id: 10 operator:stress - Update Upload.
com.topcoder.util.config.UnknownNamespaceException: com.topcoder.util.log is unknown
	at com.topcoder.util.config.DefaultConfigManager.getPropertyObject(DefaultConfigManager.java:429)
	at com.topcoder.util.config.DefaultConfigManager.getString(DefaultConfigManager.java:449)
	at com.topcoder.util.log.LogFactory.getAttribute(LogFactory.java:224)
	at com.topcoder.util.log.basic.BasicLog.log(BasicLog.java:74)
	at com.topcoder.management.deliverable.stresstests.StressTestPersistenceUploadManager.tearDown(StressTestPersistenceUploadManager.java:121)
	at junit.framework.TestCase.runBare(TestCase.java:140)
	at junit.framework.TestResult$1.protect(TestResult.java:110)
	at junit.framework.TestResult.runProtected(TestResult.java:128)
	at junit.framework.TestResult.run(TestResult.java:113)
	at junit.framework.TestCase.run(TestCase.java:124)
	at junit.framework.TestSuite.runTest(TestSuite.java:232)
	at junit.framework.TestSuite.run(TestSuite.java:227)
	at junit.framework.TestSuite.runTest(TestSuite.java:232)
	at junit.framework.TestSuite.run(TestSuite.java:227)
	at junit.framework.TestSuite.runTest(TestSuite.java:232)
	at junit.framework.TestSuite.run(TestSuite.java:227)
	at org.apache.tools.ant.taskdefs.optional.junit.JUnitTestRunner.run(JUnitTestRunner.java:420)
	at org.apache.tools.ant.taskdefs.optional.junit.JUnitTestRunner.launch(JUnitTestRunner.java:911)
	at org.apache.tools.ant.taskdefs.optional.junit.JUnitTestRunner.main(JUnitTestRunner.java:768)
StressTestPersistenceUploadManager - tearDown - start
com.topcoder.util.config.UnknownNamespaceException: com.topcoder.util.log is unknown
	at com.topcoder.util.config.DefaultConfigManager.getPropertyObject(DefaultConfigManager.java:429)
	at com.topcoder.util.config.DefaultConfigManager.getString(DefaultConfigManager.java:449)
	at com.topcoder.util.log.LogFactory.getAttribute(LogFactory.java:224)
	at com.topcoder.util.log.basic.BasicLog.log(BasicLog.java:74)
	at com.topcoder.management.deliverable.stresstests.StressTestPersistenceUploadManager.tearDown(StressTestPersistenceUploadManager.java:126)
	at junit.framework.TestCase.runBare(TestCase.java:140)
	at junit.framework.TestResult$1.protect(TestResult.java:110)
	at junit.framework.TestResult.runProtected(TestResult.java:128)
	at junit.framework.TestResult.run(TestResult.java:113)
	at junit.framework.TestCase.run(TestCase.java:124)
	at junit.framework.TestSuite.runTest(TestSuite.java:232)
	at junit.framework.TestSuite.run(TestSuite.java:227)
	at junit.framework.TestSuite.runTest(TestSuite.java:232)
	at junit.framework.TestSuite.run(TestSuite.java:227)
	at junit.framework.TestSuite.runTest(TestSuite.java:232)
	at junit.framework.TestSuite.run(TestSuite.java:227)
	at org.apache.tools.ant.taskdefs.optional.junit.JUnitTestRunner.run(JUnitTestRunner.java:420)
	at org.apache.tools.ant.taskdefs.optional.junit.JUnitTestRunner.launch(JUnitTestRunner.java:911)
	at org.apache.tools.ant.taskdefs.optional.junit.JUnitTestRunner.main(JUnitTestRunner.java:768)
StressTestPersistenceUploadManager - tearDown - end
com.topcoder.util.config.UnknownNamespaceException: com.topcoder.util.log is unknown
	at com.topcoder.util.config.DefaultConfigManager.getPropertyObject(DefaultConfigManager.java:429)
	at com.topcoder.util.config.DefaultConfigManager.getString(DefaultConfigManager.java:449)
	at com.topcoder.util.log.LogFactory.getAttribute(LogFactory.java:224)
	at com.topcoder.util.log.basic.BasicLog.log(BasicLog.java:74)
	at com.topcoder.management.deliverable.stresstests.StressTestPersistenceUploadManager.setUp(StressTestPersistenceUploadManager.java:71)
	at junit.framework.TestCase.runBare(TestCase.java:132)
	at junit.framework.TestResult$1.protect(TestResult.java:110)
	at junit.framework.TestResult.runProtected(TestResult.java:128)
	at junit.framework.TestResult.run(TestResult.java:113)
	at junit.framework.TestCase.run(TestCase.java:124)
	at junit.framework.TestSuite.runTest(TestSuite.java:232)
	at junit.framework.TestSuite.run(TestSuite.java:227)
	at junit.framework.TestSuite.runTest(TestSuite.java:232)
	at junit.framework.TestSuite.run(TestSuite.java:227)
	at junit.framework.TestSuite.runTest(TestSuite.java:232)
	at junit.framework.TestSuite.run(TestSuite.java:227)
	at org.apache.tools.ant.taskdefs.optional.junit.JUnitTestRunner.run(JUnitTestRunner.java:420)
	at org.apache.tools.ant.taskdefs.optional.junit.JUnitTestRunner.launch(JUnitTestRunner.java:911)
	at org.apache.tools.ant.taskdefs.optional.junit.JUnitTestRunner.main(JUnitTestRunner.java:768)
StressTestPersistenceUploadManager - setUp - start
com.topcoder.util.config.UnknownNamespaceException: com.topcoder.util.log is unknown
	at com.topcoder.util.config.DefaultConfigManager.getPropertyObject(DefaultConfigManager.java:429)
	at com.topcoder.util.config.DefaultConfigManager.getString(DefaultConfigManager.java:449)
	at com.topcoder.util.log.LogFactory.getAttribute(LogFactory.java:224)
	at com.topcoder.util.log.basic.BasicLog.log(BasicLog.java:74)
	at com.topcoder.management.deliverable.PersistenceUploadManager.<init>(PersistenceUploadManager.java:260)
	at com.topcoder.management.deliverable.PersistenceUploadManager.<init>(PersistenceUploadManager.java:306)
	at com.topcoder.management.deliverable.stresstests.StressTestPersistenceUploadManager.setUp(StressTestPersistenceUploadManager.java:109)
	at junit.framework.TestCase.runBare(TestCase.java:132)
	at junit.framework.TestResult$1.protect(TestResult.java:110)
	at junit.framework.TestResult.runProtected(TestResult.java:128)
	at junit.framework.TestResult.run(TestResult.java:113)
	at junit.framework.TestCase.run(TestCase.java:124)
	at junit.framework.TestSuite.runTest(TestSuite.java:232)
	at junit.framework.TestSuite.run(TestSuite.java:227)
	at junit.framework.TestSuite.runTest(TestSuite.java:232)
	at junit.framework.TestSuite.run(TestSuite.java:227)
	at junit.framework.TestSuite.runTest(TestSuite.java:232)
	at junit.framework.TestSuite.run(TestSuite.java:227)
	at org.apache.tools.ant.taskdefs.optional.junit.JUnitTestRunner.run(JUnitTestRunner.java:420)
	at org.apache.tools.ant.taskdefs.optional.junit.JUnitTestRunner.launch(JUnitTestRunner.java:911)
	at org.apache.tools.ant.taskdefs.optional.junit.JUnitTestRunner.main(JUnitTestRunner.java:768)
Instantiate PersistenceUploadManager with UploadPersistence, uploadSearchBundle, submissionSearchBundle, uploadIdGenerator, uploadTypeIdGenerator, uploadStatusIdGenerator, submissionIDGenerator and submissionStatusIdGenerator.
com.topcoder.util.config.UnknownNamespaceException: com.topcoder.util.log is unknown
	at com.topcoder.util.config.DefaultConfigManager.getPropertyObject(DefaultConfigManager.java:429)
	at com.topcoder.util.config.DefaultConfigManager.getString(DefaultConfigManager.java:449)
	at com.topcoder.util.log.LogFactory.getAttribute(LogFactory.java:224)
	at com.topcoder.util.log.basic.BasicLog.log(BasicLog.java:74)
	at com.topcoder.management.deliverable.stresstests.StressTestPersistenceUploadManager.setUp(StressTestPersistenceUploadManager.java:111)
	at junit.framework.TestCase.runBare(TestCase.java:132)
	at junit.framework.TestResult$1.protect(TestResult.java:110)
	at junit.framework.TestResult.runProtected(TestResult.java:128)
	at junit.framework.TestResult.run(TestResult.java:113)
	at junit.framework.TestCase.run(TestCase.java:124)
	at junit.framework.TestSuite.runTest(TestSuite.java:232)
	at junit.framework.TestSuite.run(TestSuite.java:227)
	at junit.framework.TestSuite.runTest(TestSuite.java:232)
	at junit.framework.TestSuite.run(TestSuite.java:227)
	at junit.framework.TestSuite.runTest(TestSuite.java:232)
	at junit.framework.TestSuite.run(TestSuite.java:227)
	at org.apache.tools.ant.taskdefs.optional.junit.JUnitTestRunner.run(JUnitTestRunner.java:420)
	at org.apache.tools.ant.taskdefs.optional.junit.JUnitTestRunner.launch(JUnitTestRunner.java:911)
	at org.apache.tools.ant.taskdefs.optional.junit.JUnitTestRunner.main(JUnitTestRunner.java:768)
StressTestPersistenceUploadManager - setUp - end
com.topcoder.util.config.UnknownNamespaceException: com.topcoder.util.log is unknown
	at com.topcoder.util.config.DefaultConfigManager.getPropertyObject(DefaultConfigManager.java:429)
	at com.topcoder.util.config.DefaultConfigManager.getString(DefaultConfigManager.java:449)
	at com.topcoder.util.log.LogFactory.getAttribute(LogFactory.java:224)
	at com.topcoder.util.log.basic.BasicLog.log(BasicLog.java:74)
	at com.topcoder.management.deliverable.PersistenceUploadManager.createUploadType(PersistenceUploadManager.java:453)
	at com.topcoder.management.deliverable.stresstests.StressTestPersistenceUploadManager.testCreateUploadType(StressTestPersistenceUploadManager.java:594)
	at com.topcoder.management.deliverable.stresstests.StressTestPersistenceUploadManager.testCreateUpload(StressTestPersistenceUploadManager.java:616)
	at com.topcoder.management.deliverable.stresstests.StressTestPersistenceUploadManager.testRemoveUpload(StressTestPersistenceUploadManager.java:560)
	at sun.reflect.NativeMethodAccessorImpl.invoke0(Native Method)
	at sun.reflect.NativeMethodAccessorImpl.invoke(NativeMethodAccessorImpl.java:57)
	at sun.reflect.DelegatingMethodAccessorImpl.invoke(DelegatingMethodAccessorImpl.java:43)
	at java.lang.reflect.Method.invoke(Method.java:616)
	at junit.framework.TestCase.runTest(TestCase.java:168)
	at junit.framework.TestCase.runBare(TestCase.java:134)
	at junit.framework.TestResult$1.protect(TestResult.java:110)
	at junit.framework.TestResult.runProtected(TestResult.java:128)
	at junit.framework.TestResult.run(TestResult.java:113)
	at junit.framework.TestCase.run(TestCase.java:124)
	at junit.framework.TestSuite.runTest(TestSuite.java:232)
	at junit.framework.TestSuite.run(TestSuite.java:227)
	at junit.framework.TestSuite.runTest(TestSuite.java:232)
	at junit.framework.TestSuite.run(TestSuite.java:227)
	at junit.framework.TestSuite.runTest(TestSuite.java:232)
	at junit.framework.TestSuite.run(TestSuite.java:227)
	at org.apache.tools.ant.taskdefs.optional.junit.JUnitTestRunner.run(JUnitTestRunner.java:420)
	at org.apache.tools.ant.taskdefs.optional.junit.JUnitTestRunner.launch(JUnitTestRunner.java:911)
	at org.apache.tools.ant.taskdefs.optional.junit.JUnitTestRunner.main(JUnitTestRunner.java:768)
type: UploadType id: Unknown operator:stress - Create new UploadType.
com.topcoder.util.config.UnknownNamespaceException: com.topcoder.util.log is unknown
	at com.topcoder.util.config.DefaultConfigManager.getPropertyObject(DefaultConfigManager.java:429)
	at com.topcoder.util.config.DefaultConfigManager.getString(DefaultConfigManager.java:449)
	at com.topcoder.util.log.LogFactory.getAttribute(LogFactory.java:224)
	at com.topcoder.util.log.basic.BasicLog.log(BasicLog.java:74)
	at com.topcoder.management.deliverable.PersistenceUploadManager.persistenceUploadManagerHelper(PersistenceUploadManager.java:966)
	at com.topcoder.management.deliverable.PersistenceUploadManager.createUploadType(PersistenceUploadManager.java:454)
	at com.topcoder.management.deliverable.stresstests.StressTestPersistenceUploadManager.testCreateUploadType(StressTestPersistenceUploadManager.java:594)
	at com.topcoder.management.deliverable.stresstests.StressTestPersistenceUploadManager.testCreateUpload(StressTestPersistenceUploadManager.java:616)
	at com.topcoder.management.deliverable.stresstests.StressTestPersistenceUploadManager.testRemoveUpload(StressTestPersistenceUploadManager.java:560)
	at sun.reflect.NativeMethodAccessorImpl.invoke0(Native Method)
	at sun.reflect.NativeMethodAccessorImpl.invoke(NativeMethodAccessorImpl.java:57)
	at sun.reflect.DelegatingMethodAccessorImpl.invoke(DelegatingMethodAccessorImpl.java:43)
	at java.lang.reflect.Method.invoke(Method.java:616)
	at junit.framework.TestCase.runTest(TestCase.java:168)
	at junit.framework.TestCase.runBare(TestCase.java:134)
	at junit.framework.TestResult$1.protect(TestResult.java:110)
	at junit.framework.TestResult.runProtected(TestResult.java:128)
	at junit.framework.TestResult.run(TestResult.java:113)
	at junit.framework.TestCase.run(TestCase.java:124)
	at junit.framework.TestSuite.runTest(TestSuite.java:232)
	at junit.framework.TestSuite.run(TestSuite.java:227)
	at junit.framework.TestSuite.runTest(TestSuite.java:232)
	at junit.framework.TestSuite.run(TestSuite.java:227)
	at junit.framework.TestSuite.runTest(TestSuite.java:232)
	at junit.framework.TestSuite.run(TestSuite.java:227)
	at org.apache.tools.ant.taskdefs.optional.junit.JUnitTestRunner.run(JUnitTestRunner.java:420)
	at org.apache.tools.ant.taskdefs.optional.junit.JUnitTestRunner.launch(JUnitTestRunner.java:911)
	at org.apache.tools.ant.taskdefs.optional.junit.JUnitTestRunner.main(JUnitTestRunner.java:768)
generate next id from the idGenerator:upload_type_id_seq
com.topcoder.util.config.UnknownNamespaceException: com.topcoder.util.log is unknown
	at com.topcoder.util.config.DefaultConfigManager.getPropertyObject(DefaultConfigManager.java:429)
	at com.topcoder.util.config.DefaultConfigManager.getString(DefaultConfigManager.java:449)
	at com.topcoder.util.log.LogFactory.getAttribute(LogFactory.java:224)
	at com.topcoder.util.log.basic.BasicLog.log(BasicLog.java:74)
	at com.topcoder.management.deliverable.PersistenceUploadManager.createUploadType(PersistenceUploadManager.java:453)
	at com.topcoder.management.deliverable.stresstests.StressTestPersistenceUploadManager.testCreateUploadType(StressTestPersistenceUploadManager.java:594)
	at com.topcoder.management.deliverable.stresstests.StressTestPersistenceUploadManager.testCreateUpload(StressTestPersistenceUploadManager.java:616)
	at com.topcoder.management.deliverable.stresstests.StressTestPersistenceUploadManager.testRemoveUpload(StressTestPersistenceUploadManager.java:560)
	at sun.reflect.NativeMethodAccessorImpl.invoke0(Native Method)
	at sun.reflect.NativeMethodAccessorImpl.invoke(NativeMethodAccessorImpl.java:57)
	at sun.reflect.DelegatingMethodAccessorImpl.invoke(DelegatingMethodAccessorImpl.java:43)
	at java.lang.reflect.Method.invoke(Method.java:616)
	at junit.framework.TestCase.runTest(TestCase.java:168)
	at junit.framework.TestCase.runBare(TestCase.java:134)
	at junit.framework.TestResult$1.protect(TestResult.java:110)
	at junit.framework.TestResult.runProtected(TestResult.java:128)
	at junit.framework.TestResult.run(TestResult.java:113)
	at junit.framework.TestCase.run(TestCase.java:124)
	at junit.framework.TestSuite.runTest(TestSuite.java:232)
	at junit.framework.TestSuite.run(TestSuite.java:227)
	at junit.framework.TestSuite.runTest(TestSuite.java:232)
	at junit.framework.TestSuite.run(TestSuite.java:227)
	at junit.framework.TestSuite.runTest(TestSuite.java:232)
	at junit.framework.TestSuite.run(TestSuite.java:227)
	at org.apache.tools.ant.taskdefs.optional.junit.JUnitTestRunner.run(JUnitTestRunner.java:420)
	at org.apache.tools.ant.taskdefs.optional.junit.JUnitTestRunner.launch(JUnitTestRunner.java:911)
	at org.apache.tools.ant.taskdefs.optional.junit.JUnitTestRunner.main(JUnitTestRunner.java:768)
type: UploadType id: Unknown operator:stress - Create new UploadType.
com.topcoder.util.config.UnknownNamespaceException: com.topcoder.util.log is unknown
	at com.topcoder.util.config.DefaultConfigManager.getPropertyObject(DefaultConfigManager.java:429)
	at com.topcoder.util.config.DefaultConfigManager.getString(DefaultConfigManager.java:449)
	at com.topcoder.util.log.LogFactory.getAttribute(LogFactory.java:224)
	at com.topcoder.util.log.basic.BasicLog.log(BasicLog.java:74)
	at com.topcoder.management.deliverable.PersistenceUploadManager.persistenceUploadManagerHelper(PersistenceUploadManager.java:966)
	at com.topcoder.management.deliverable.PersistenceUploadManager.createUploadType(PersistenceUploadManager.java:454)
	at com.topcoder.management.deliverable.stresstests.StressTestPersistenceUploadManager.testCreateUploadType(StressTestPersistenceUploadManager.java:594)
	at com.topcoder.management.deliverable.stresstests.StressTestPersistenceUploadManager.testCreateUpload(StressTestPersistenceUploadManager.java:616)
	at com.topcoder.management.deliverable.stresstests.StressTestPersistenceUploadManager.testRemoveUpload(StressTestPersistenceUploadManager.java:560)
	at sun.reflect.NativeMethodAccessorImpl.invoke0(Native Method)
	at sun.reflect.NativeMethodAccessorImpl.invoke(NativeMethodAccessorImpl.java:57)
	at sun.reflect.DelegatingMethodAccessorImpl.invoke(DelegatingMethodAccessorImpl.java:43)
	at java.lang.reflect.Method.invoke(Method.java:616)
	at junit.framework.TestCase.runTest(TestCase.java:168)
	at junit.framework.TestCase.runBare(TestCase.java:134)
	at junit.framework.TestResult$1.protect(TestResult.java:110)
	at junit.framework.TestResult.runProtected(TestResult.java:128)
	at junit.framework.TestResult.run(TestResult.java:113)
	at junit.framework.TestCase.run(TestCase.java:124)
	at junit.framework.TestSuite.runTest(TestSuite.java:232)
	at junit.framework.TestSuite.run(TestSuite.java:227)
	at junit.framework.TestSuite.runTest(TestSuite.java:232)
	at junit.framework.TestSuite.run(TestSuite.java:227)
	at junit.framework.TestSuite.runTest(TestSuite.java:232)
	at junit.framework.TestSuite.run(TestSuite.java:227)
	at org.apache.tools.ant.taskdefs.optional.junit.JUnitTestRunner.run(JUnitTestRunner.java:420)
	at org.apache.tools.ant.taskdefs.optional.junit.JUnitTestRunner.launch(JUnitTestRunner.java:911)
	at org.apache.tools.ant.taskdefs.optional.junit.JUnitTestRunner.main(JUnitTestRunner.java:768)
generate next id from the idGenerator:upload_type_id_seq
com.topcoder.util.config.UnknownNamespaceException: com.topcoder.util.log is unknown
	at com.topcoder.util.config.DefaultConfigManager.getPropertyObject(DefaultConfigManager.java:429)
	at com.topcoder.util.config.DefaultConfigManager.getString(DefaultConfigManager.java:449)
	at com.topcoder.util.log.LogFactory.getAttribute(LogFactory.java:224)
	at com.topcoder.util.log.basic.BasicLog.log(BasicLog.java:74)
	at com.topcoder.management.deliverable.PersistenceUploadManager.createUploadStatus(PersistenceUploadManager.java:541)
	at com.topcoder.management.deliverable.stresstests.StressTestPersistenceUploadManager.testCreateUploadStatus(StressTestPersistenceUploadManager.java:414)
	at com.topcoder.management.deliverable.stresstests.StressTestPersistenceUploadManager.testCreateUpload(StressTestPersistenceUploadManager.java:617)
	at com.topcoder.management.deliverable.stresstests.StressTestPersistenceUploadManager.testRemoveUpload(StressTestPersistenceUploadManager.java:560)
	at sun.reflect.NativeMethodAccessorImpl.invoke0(Native Method)
	at sun.reflect.NativeMethodAccessorImpl.invoke(NativeMethodAccessorImpl.java:57)
	at sun.reflect.DelegatingMethodAccessorImpl.invoke(DelegatingMethodAccessorImpl.java:43)
	at java.lang.reflect.Method.invoke(Method.java:616)
	at junit.framework.TestCase.runTest(TestCase.java:168)
	at junit.framework.TestCase.runBare(TestCase.java:134)
	at junit.framework.TestResult$1.protect(TestResult.java:110)
	at junit.framework.TestResult.runProtected(TestResult.java:128)
	at junit.framework.TestResult.run(TestResult.java:113)
	at junit.framework.TestCase.run(TestCase.java:124)
	at junit.framework.TestSuite.runTest(TestSuite.java:232)
	at junit.framework.TestSuite.run(TestSuite.java:227)
	at junit.framework.TestSuite.runTest(TestSuite.java:232)
	at junit.framework.TestSuite.run(TestSuite.java:227)
	at junit.framework.TestSuite.runTest(TestSuite.java:232)
	at junit.framework.TestSuite.run(TestSuite.java:227)
	at org.apache.tools.ant.taskdefs.optional.junit.JUnitTestRunner.run(JUnitTestRunner.java:420)
	at org.apache.tools.ant.taskdefs.optional.junit.JUnitTestRunner.launch(JUnitTestRunner.java:911)
	at org.apache.tools.ant.taskdefs.optional.junit.JUnitTestRunner.main(JUnitTestRunner.java:768)
type: UploadStatus id: Unknown operator:stress - create new UploadStatus.
com.topcoder.util.config.UnknownNamespaceException: com.topcoder.util.log is unknown
	at com.topcoder.util.config.DefaultConfigManager.getPropertyObject(DefaultConfigManager.java:429)
	at com.topcoder.util.config.DefaultConfigManager.getString(DefaultConfigManager.java:449)
	at com.topcoder.util.log.LogFactory.getAttribute(LogFactory.java:224)
	at com.topcoder.util.log.basic.BasicLog.log(BasicLog.java:74)
	at com.topcoder.management.deliverable.PersistenceUploadManager.persistenceUploadManagerHelper(PersistenceUploadManager.java:966)
	at com.topcoder.management.deliverable.PersistenceUploadManager.createUploadStatus(PersistenceUploadManager.java:542)
	at com.topcoder.management.deliverable.stresstests.StressTestPersistenceUploadManager.testCreateUploadStatus(StressTestPersistenceUploadManager.java:414)
	at com.topcoder.management.deliverable.stresstests.StressTestPersistenceUploadManager.testCreateUpload(StressTestPersistenceUploadManager.java:617)
	at com.topcoder.management.deliverable.stresstests.StressTestPersistenceUploadManager.testRemoveUpload(StressTestPersistenceUploadManager.java:560)
	at sun.reflect.NativeMethodAccessorImpl.invoke0(Native Method)
	at sun.reflect.NativeMethodAccessorImpl.invoke(NativeMethodAccessorImpl.java:57)
	at sun.reflect.DelegatingMethodAccessorImpl.invoke(DelegatingMethodAccessorImpl.java:43)
	at java.lang.reflect.Method.invoke(Method.java:616)
	at junit.framework.TestCase.runTest(TestCase.java:168)
	at junit.framework.TestCase.runBare(TestCase.java:134)
	at junit.framework.TestResult$1.protect(TestResult.java:110)
	at junit.framework.TestResult.runProtected(TestResult.java:128)
	at junit.framework.TestResult.run(TestResult.java:113)
	at junit.framework.TestCase.run(TestCase.java:124)
	at junit.framework.TestSuite.runTest(TestSuite.java:232)
	at junit.framework.TestSuite.run(TestSuite.java:227)
	at junit.framework.TestSuite.runTest(TestSuite.java:232)
	at junit.framework.TestSuite.run(TestSuite.java:227)
	at junit.framework.TestSuite.runTest(TestSuite.java:232)
	at junit.framework.TestSuite.run(TestSuite.java:227)
	at org.apache.tools.ant.taskdefs.optional.junit.JUnitTestRunner.run(JUnitTestRunner.java:420)
	at org.apache.tools.ant.taskdefs.optional.junit.JUnitTestRunner.launch(JUnitTestRunner.java:911)
	at org.apache.tools.ant.taskdefs.optional.junit.JUnitTestRunner.main(JUnitTestRunner.java:768)
generate next id from the idGenerator:upload_status_id_seq
com.topcoder.util.config.UnknownNamespaceException: com.topcoder.util.log is unknown
	at com.topcoder.util.config.DefaultConfigManager.getPropertyObject(DefaultConfigManager.java:429)
	at com.topcoder.util.config.DefaultConfigManager.getString(DefaultConfigManager.java:449)
	at com.topcoder.util.log.LogFactory.getAttribute(LogFactory.java:224)
	at com.topcoder.util.log.basic.BasicLog.log(BasicLog.java:74)
	at com.topcoder.management.deliverable.PersistenceUploadManager.createUploadStatus(PersistenceUploadManager.java:541)
	at com.topcoder.management.deliverable.stresstests.StressTestPersistenceUploadManager.testCreateUploadStatus(StressTestPersistenceUploadManager.java:414)
	at com.topcoder.management.deliverable.stresstests.StressTestPersistenceUploadManager.testCreateUpload(StressTestPersistenceUploadManager.java:617)
	at com.topcoder.management.deliverable.stresstests.StressTestPersistenceUploadManager.testRemoveUpload(StressTestPersistenceUploadManager.java:560)
	at sun.reflect.NativeMethodAccessorImpl.invoke0(Native Method)
	at sun.reflect.NativeMethodAccessorImpl.invoke(NativeMethodAccessorImpl.java:57)
	at sun.reflect.DelegatingMethodAccessorImpl.invoke(DelegatingMethodAccessorImpl.java:43)
	at java.lang.reflect.Method.invoke(Method.java:616)
	at junit.framework.TestCase.runTest(TestCase.java:168)
	at junit.framework.TestCase.runBare(TestCase.java:134)
	at junit.framework.TestResult$1.protect(TestResult.java:110)
	at junit.framework.TestResult.runProtected(TestResult.java:128)
	at junit.framework.TestResult.run(TestResult.java:113)
	at junit.framework.TestCase.run(TestCase.java:124)
	at junit.framework.TestSuite.runTest(TestSuite.java:232)
	at junit.framework.TestSuite.run(TestSuite.java:227)
	at junit.framework.TestSuite.runTest(TestSuite.java:232)
	at junit.framework.TestSuite.run(TestSuite.java:227)
	at junit.framework.TestSuite.runTest(TestSuite.java:232)
	at junit.framework.TestSuite.run(TestSuite.java:227)
	at org.apache.tools.ant.taskdefs.optional.junit.JUnitTestRunner.run(JUnitTestRunner.java:420)
	at org.apache.tools.ant.taskdefs.optional.junit.JUnitTestRunner.launch(JUnitTestRunner.java:911)
	at org.apache.tools.ant.taskdefs.optional.junit.JUnitTestRunner.main(JUnitTestRunner.java:768)
type: UploadStatus id: Unknown operator:stress - create new UploadStatus.
com.topcoder.util.config.UnknownNamespaceException: com.topcoder.util.log is unknown
	at com.topcoder.util.config.DefaultConfigManager.getPropertyObject(DefaultConfigManager.java:429)
	at com.topcoder.util.config.DefaultConfigManager.getString(DefaultConfigManager.java:449)
	at com.topcoder.util.log.LogFactory.getAttribute(LogFactory.java:224)
	at com.topcoder.util.log.basic.BasicLog.log(BasicLog.java:74)
	at com.topcoder.management.deliverable.PersistenceUploadManager.persistenceUploadManagerHelper(PersistenceUploadManager.java:966)
	at com.topcoder.management.deliverable.PersistenceUploadManager.createUploadStatus(PersistenceUploadManager.java:542)
	at com.topcoder.management.deliverable.stresstests.StressTestPersistenceUploadManager.testCreateUploadStatus(StressTestPersistenceUploadManager.java:414)
	at com.topcoder.management.deliverable.stresstests.StressTestPersistenceUploadManager.testCreateUpload(StressTestPersistenceUploadManager.java:617)
	at com.topcoder.management.deliverable.stresstests.StressTestPersistenceUploadManager.testRemoveUpload(StressTestPersistenceUploadManager.java:560)
	at sun.reflect.NativeMethodAccessorImpl.invoke0(Native Method)
	at sun.reflect.NativeMethodAccessorImpl.invoke(NativeMethodAccessorImpl.java:57)
	at sun.reflect.DelegatingMethodAccessorImpl.invoke(DelegatingMethodAccessorImpl.java:43)
	at java.lang.reflect.Method.invoke(Method.java:616)
	at junit.framework.TestCase.runTest(TestCase.java:168)
	at junit.framework.TestCase.runBare(TestCase.java:134)
	at junit.framework.TestResult$1.protect(TestResult.java:110)
	at junit.framework.TestResult.runProtected(TestResult.java:128)
	at junit.framework.TestResult.run(TestResult.java:113)
	at junit.framework.TestCase.run(TestCase.java:124)
	at junit.framework.TestSuite.runTest(TestSuite.java:232)
	at junit.framework.TestSuite.run(TestSuite.java:227)
	at junit.framework.TestSuite.runTest(TestSuite.java:232)
	at junit.framework.TestSuite.run(TestSuite.java:227)
	at junit.framework.TestSuite.runTest(TestSuite.java:232)
	at junit.framework.TestSuite.run(TestSuite.java:227)
	at org.apache.tools.ant.taskdefs.optional.junit.JUnitTestRunner.run(JUnitTestRunner.java:420)
	at org.apache.tools.ant.taskdefs.optional.junit.JUnitTestRunner.launch(JUnitTestRunner.java:911)
	at org.apache.tools.ant.taskdefs.optional.junit.JUnitTestRunner.main(JUnitTestRunner.java:768)
generate next id from the idGenerator:upload_status_id_seq
com.topcoder.util.config.UnknownNamespaceException: com.topcoder.util.log is unknown
	at com.topcoder.util.config.DefaultConfigManager.getPropertyObject(DefaultConfigManager.java:429)
	at com.topcoder.util.config.DefaultConfigManager.getString(DefaultConfigManager.java:449)
	at com.topcoder.util.log.LogFactory.getAttribute(LogFactory.java:224)
	at com.topcoder.util.log.basic.BasicLog.log(BasicLog.java:74)
	at com.topcoder.management.deliverable.PersistenceUploadManager.createUpload(PersistenceUploadManager.java:335)
	at com.topcoder.management.deliverable.stresstests.StressTestPersistenceUploadManager.testCreateUpload(StressTestPersistenceUploadManager.java:623)
	at com.topcoder.management.deliverable.stresstests.StressTestPersistenceUploadManager.testRemoveUpload(StressTestPersistenceUploadManager.java:560)
	at sun.reflect.NativeMethodAccessorImpl.invoke0(Native Method)
	at sun.reflect.NativeMethodAccessorImpl.invoke(NativeMethodAccessorImpl.java:57)
	at sun.reflect.DelegatingMethodAccessorImpl.invoke(DelegatingMethodAccessorImpl.java:43)
	at java.lang.reflect.Method.invoke(Method.java:616)
	at junit.framework.TestCase.runTest(TestCase.java:168)
	at junit.framework.TestCase.runBare(TestCase.java:134)
	at junit.framework.TestResult$1.protect(TestResult.java:110)
	at junit.framework.TestResult.runProtected(TestResult.java:128)
	at junit.framework.TestResult.run(TestResult.java:113)
	at junit.framework.TestCase.run(TestCase.java:124)
	at junit.framework.TestSuite.runTest(TestSuite.java:232)
	at junit.framework.TestSuite.run(TestSuite.java:227)
	at junit.framework.TestSuite.runTest(TestSuite.java:232)
	at junit.framework.TestSuite.run(TestSuite.java:227)
	at junit.framework.TestSuite.runTest(TestSuite.java:232)
	at junit.framework.TestSuite.run(TestSuite.java:227)
	at org.apache.tools.ant.taskdefs.optional.junit.JUnitTestRunner.run(JUnitTestRunner.java:420)
	at org.apache.tools.ant.taskdefs.optional.junit.JUnitTestRunner.launch(JUnitTestRunner.java:911)
	at org.apache.tools.ant.taskdefs.optional.junit.JUnitTestRunner.main(JUnitTestRunner.java:768)
type: Upload id: Unknown operator:stress - Create new Upload.
com.topcoder.util.config.UnknownNamespaceException: com.topcoder.util.log is unknown
	at com.topcoder.util.config.DefaultConfigManager.getPropertyObject(DefaultConfigManager.java:429)
	at com.topcoder.util.config.DefaultConfigManager.getString(DefaultConfigManager.java:449)
	at com.topcoder.util.log.LogFactory.getAttribute(LogFactory.java:224)
	at com.topcoder.util.log.basic.BasicLog.log(BasicLog.java:74)
	at com.topcoder.management.deliverable.PersistenceUploadManager.persistenceUploadManagerHelper(PersistenceUploadManager.java:966)
	at com.topcoder.management.deliverable.PersistenceUploadManager.createUpload(PersistenceUploadManager.java:336)
	at com.topcoder.management.deliverable.stresstests.StressTestPersistenceUploadManager.testCreateUpload(StressTestPersistenceUploadManager.java:623)
	at com.topcoder.management.deliverable.stresstests.StressTestPersistenceUploadManager.testRemoveUpload(StressTestPersistenceUploadManager.java:560)
	at sun.reflect.NativeMethodAccessorImpl.invoke0(Native Method)
	at sun.reflect.NativeMethodAccessorImpl.invoke(NativeMethodAccessorImpl.java:57)
	at sun.reflect.DelegatingMethodAccessorImpl.invoke(DelegatingMethodAccessorImpl.java:43)
	at java.lang.reflect.Method.invoke(Method.java:616)
	at junit.framework.TestCase.runTest(TestCase.java:168)
	at junit.framework.TestCase.runBare(TestCase.java:134)
	at junit.framework.TestResult$1.protect(TestResult.java:110)
	at junit.framework.TestResult.runProtected(TestResult.java:128)
	at junit.framework.TestResult.run(TestResult.java:113)
	at junit.framework.TestCase.run(TestCase.java:124)
	at junit.framework.TestSuite.runTest(TestSuite.java:232)
	at junit.framework.TestSuite.run(TestSuite.java:227)
	at junit.framework.TestSuite.runTest(TestSuite.java:232)
	at junit.framework.TestSuite.run(TestSuite.java:227)
	at junit.framework.TestSuite.runTest(TestSuite.java:232)
	at junit.framework.TestSuite.run(TestSuite.java:227)
	at org.apache.tools.ant.taskdefs.optional.junit.JUnitTestRunner.run(JUnitTestRunner.java:420)
	at org.apache.tools.ant.taskdefs.optional.junit.JUnitTestRunner.launch(JUnitTestRunner.java:911)
	at org.apache.tools.ant.taskdefs.optional.junit.JUnitTestRunner.main(JUnitTestRunner.java:768)
generate next id from the idGenerator:upload_id_seq
com.topcoder.util.config.UnknownNamespaceException: com.topcoder.util.log is unknown
	at com.topcoder.util.config.DefaultConfigManager.getPropertyObject(DefaultConfigManager.java:429)
	at com.topcoder.util.config.DefaultConfigManager.getString(DefaultConfigManager.java:449)
	at com.topcoder.util.log.LogFactory.getAttribute(LogFactory.java:224)
	at com.topcoder.util.log.basic.BasicLog.log(BasicLog.java:74)
	at com.topcoder.management.deliverable.PersistenceUploadManager.createUpload(PersistenceUploadManager.java:335)
	at com.topcoder.management.deliverable.stresstests.StressTestPersistenceUploadManager.testCreateUpload(StressTestPersistenceUploadManager.java:623)
	at com.topcoder.management.deliverable.stresstests.StressTestPersistenceUploadManager.testRemoveUpload(StressTestPersistenceUploadManager.java:560)
	at sun.reflect.NativeMethodAccessorImpl.invoke0(Native Method)
	at sun.reflect.NativeMethodAccessorImpl.invoke(NativeMethodAccessorImpl.java:57)
	at sun.reflect.DelegatingMethodAccessorImpl.invoke(DelegatingMethodAccessorImpl.java:43)
	at java.lang.reflect.Method.invoke(Method.java:616)
	at junit.framework.TestCase.runTest(TestCase.java:168)
	at junit.framework.TestCase.runBare(TestCase.java:134)
	at junit.framework.TestResult$1.protect(TestResult.java:110)
	at junit.framework.TestResult.runProtected(TestResult.java:128)
	at junit.framework.TestResult.run(TestResult.java:113)
	at junit.framework.TestCase.run(TestCase.java:124)
	at junit.framework.TestSuite.runTest(TestSuite.java:232)
	at junit.framework.TestSuite.run(TestSuite.java:227)
	at junit.framework.TestSuite.runTest(TestSuite.java:232)
	at junit.framework.TestSuite.run(TestSuite.java:227)
	at junit.framework.TestSuite.runTest(TestSuite.java:232)
	at junit.framework.TestSuite.run(TestSuite.java:227)
	at org.apache.tools.ant.taskdefs.optional.junit.JUnitTestRunner.run(JUnitTestRunner.java:420)
	at org.apache.tools.ant.taskdefs.optional.junit.JUnitTestRunner.launch(JUnitTestRunner.java:911)
	at org.apache.tools.ant.taskdefs.optional.junit.JUnitTestRunner.main(JUnitTestRunner.java:768)
type: Upload id: Unknown operator:stress - Create new Upload.
com.topcoder.util.config.UnknownNamespaceException: com.topcoder.util.log is unknown
	at com.topcoder.util.config.DefaultConfigManager.getPropertyObject(DefaultConfigManager.java:429)
	at com.topcoder.util.config.DefaultConfigManager.getString(DefaultConfigManager.java:449)
	at com.topcoder.util.log.LogFactory.getAttribute(LogFactory.java:224)
	at com.topcoder.util.log.basic.BasicLog.log(BasicLog.java:74)
	at com.topcoder.management.deliverable.PersistenceUploadManager.persistenceUploadManagerHelper(PersistenceUploadManager.java:966)
	at com.topcoder.management.deliverable.PersistenceUploadManager.createUpload(PersistenceUploadManager.java:336)
	at com.topcoder.management.deliverable.stresstests.StressTestPersistenceUploadManager.testCreateUpload(StressTestPersistenceUploadManager.java:623)
	at com.topcoder.management.deliverable.stresstests.StressTestPersistenceUploadManager.testRemoveUpload(StressTestPersistenceUploadManager.java:560)
	at sun.reflect.NativeMethodAccessorImpl.invoke0(Native Method)
	at sun.reflect.NativeMethodAccessorImpl.invoke(NativeMethodAccessorImpl.java:57)
	at sun.reflect.DelegatingMethodAccessorImpl.invoke(DelegatingMethodAccessorImpl.java:43)
	at java.lang.reflect.Method.invoke(Method.java:616)
	at junit.framework.TestCase.runTest(TestCase.java:168)
	at junit.framework.TestCase.runBare(TestCase.java:134)
	at junit.framework.TestResult$1.protect(TestResult.java:110)
	at junit.framework.TestResult.runProtected(TestResult.java:128)
	at junit.framework.TestResult.run(TestResult.java:113)
	at junit.framework.TestCase.run(TestCase.java:124)
	at junit.framework.TestSuite.runTest(TestSuite.java:232)
	at junit.framework.TestSuite.run(TestSuite.java:227)
	at junit.framework.TestSuite.runTest(TestSuite.java:232)
	at junit.framework.TestSuite.run(TestSuite.java:227)
	at junit.framework.TestSuite.runTest(TestSuite.java:232)
	at junit.framework.TestSuite.run(TestSuite.java:227)
	at org.apache.tools.ant.taskdefs.optional.junit.JUnitTestRunner.run(JUnitTestRunner.java:420)
	at org.apache.tools.ant.taskdefs.optional.junit.JUnitTestRunner.launch(JUnitTestRunner.java:911)
	at org.apache.tools.ant.taskdefs.optional.junit.JUnitTestRunner.main(JUnitTestRunner.java:768)
generate next id from the idGenerator:upload_id_seq
com.topcoder.util.config.UnknownNamespaceException: com.topcoder.util.log is unknown
	at com.topcoder.util.config.DefaultConfigManager.getPropertyObject(DefaultConfigManager.java:429)
	at com.topcoder.util.config.DefaultConfigManager.getString(DefaultConfigManager.java:449)
	at com.topcoder.util.log.LogFactory.getAttribute(LogFactory.java:224)
	at com.topcoder.util.log.basic.BasicLog.log(BasicLog.java:74)
	at com.topcoder.management.deliverable.stresstests.StressTestPersistenceUploadManager.tearDown(StressTestPersistenceUploadManager.java:121)
	at junit.framework.TestCase.runBare(TestCase.java:140)
	at junit.framework.TestResult$1.protect(TestResult.java:110)
	at junit.framework.TestResult.runProtected(TestResult.java:128)
	at junit.framework.TestResult.run(TestResult.java:113)
	at junit.framework.TestCase.run(TestCase.java:124)
	at junit.framework.TestSuite.runTest(TestSuite.java:232)
	at junit.framework.TestSuite.run(TestSuite.java:227)
	at junit.framework.TestSuite.runTest(TestSuite.java:232)
	at junit.framework.TestSuite.run(TestSuite.java:227)
	at junit.framework.TestSuite.runTest(TestSuite.java:232)
	at junit.framework.TestSuite.run(TestSuite.java:227)
	at org.apache.tools.ant.taskdefs.optional.junit.JUnitTestRunner.run(JUnitTestRunner.java:420)
	at org.apache.tools.ant.taskdefs.optional.junit.JUnitTestRunner.launch(JUnitTestRunner.java:911)
	at org.apache.tools.ant.taskdefs.optional.junit.JUnitTestRunner.main(JUnitTestRunner.java:768)
StressTestPersistenceUploadManager - tearDown - start
com.topcoder.util.config.UnknownNamespaceException: com.topcoder.util.log is unknown
	at com.topcoder.util.config.DefaultConfigManager.getPropertyObject(DefaultConfigManager.java:429)
	at com.topcoder.util.config.DefaultConfigManager.getString(DefaultConfigManager.java:449)
	at com.topcoder.util.log.LogFactory.getAttribute(LogFactory.java:224)
	at com.topcoder.util.log.basic.BasicLog.log(BasicLog.java:74)
	at com.topcoder.management.deliverable.stresstests.StressTestPersistenceUploadManager.tearDown(StressTestPersistenceUploadManager.java:126)
	at junit.framework.TestCase.runBare(TestCase.java:140)
	at junit.framework.TestResult$1.protect(TestResult.java:110)
	at junit.framework.TestResult.runProtected(TestResult.java:128)
	at junit.framework.TestResult.run(TestResult.java:113)
	at junit.framework.TestCase.run(TestCase.java:124)
	at junit.framework.TestSuite.runTest(TestSuite.java:232)
	at junit.framework.TestSuite.run(TestSuite.java:227)
	at junit.framework.TestSuite.runTest(TestSuite.java:232)
	at junit.framework.TestSuite.run(TestSuite.java:227)
	at junit.framework.TestSuite.runTest(TestSuite.java:232)
	at junit.framework.TestSuite.run(TestSuite.java:227)
	at org.apache.tools.ant.taskdefs.optional.junit.JUnitTestRunner.run(JUnitTestRunner.java:420)
	at org.apache.tools.ant.taskdefs.optional.junit.JUnitTestRunner.launch(JUnitTestRunner.java:911)
	at org.apache.tools.ant.taskdefs.optional.junit.JUnitTestRunner.main(JUnitTestRunner.java:768)
StressTestPersistenceUploadManager - tearDown - end
com.topcoder.util.config.UnknownNamespaceException: com.topcoder.util.log is unknown
	at com.topcoder.util.config.DefaultConfigManager.getPropertyObject(DefaultConfigManager.java:429)
	at com.topcoder.util.config.DefaultConfigManager.getString(DefaultConfigManager.java:449)
	at com.topcoder.util.log.LogFactory.getAttribute(LogFactory.java:224)
	at com.topcoder.util.log.basic.BasicLog.log(BasicLog.java:74)
	at com.topcoder.management.deliverable.stresstests.StressTestPersistenceUploadManager.setUp(StressTestPersistenceUploadManager.java:71)
	at junit.framework.TestCase.runBare(TestCase.java:132)
	at junit.framework.TestResult$1.protect(TestResult.java:110)
	at junit.framework.TestResult.runProtected(TestResult.java:128)
	at junit.framework.TestResult.run(TestResult.java:113)
	at junit.framework.TestCase.run(TestCase.java:124)
	at junit.framework.TestSuite.runTest(TestSuite.java:232)
	at junit.framework.TestSuite.run(TestSuite.java:227)
	at junit.framework.TestSuite.runTest(TestSuite.java:232)
	at junit.framework.TestSuite.run(TestSuite.java:227)
	at junit.framework.TestSuite.runTest(TestSuite.java:232)
	at junit.framework.TestSuite.run(TestSuite.java:227)
	at org.apache.tools.ant.taskdefs.optional.junit.JUnitTestRunner.run(JUnitTestRunner.java:420)
	at org.apache.tools.ant.taskdefs.optional.junit.JUnitTestRunner.launch(JUnitTestRunner.java:911)
	at org.apache.tools.ant.taskdefs.optional.junit.JUnitTestRunner.main(JUnitTestRunner.java:768)
StressTestPersistenceUploadManager - setUp - start
com.topcoder.util.config.UnknownNamespaceException: com.topcoder.util.log is unknown
	at com.topcoder.util.config.DefaultConfigManager.getPropertyObject(DefaultConfigManager.java:429)
	at com.topcoder.util.config.DefaultConfigManager.getString(DefaultConfigManager.java:449)
	at com.topcoder.util.log.LogFactory.getAttribute(LogFactory.java:224)
	at com.topcoder.util.log.basic.BasicLog.log(BasicLog.java:74)
	at com.topcoder.management.deliverable.PersistenceUploadManager.<init>(PersistenceUploadManager.java:260)
	at com.topcoder.management.deliverable.PersistenceUploadManager.<init>(PersistenceUploadManager.java:306)
	at com.topcoder.management.deliverable.stresstests.StressTestPersistenceUploadManager.setUp(StressTestPersistenceUploadManager.java:109)
	at junit.framework.TestCase.runBare(TestCase.java:132)
	at junit.framework.TestResult$1.protect(TestResult.java:110)
	at junit.framework.TestResult.runProtected(TestResult.java:128)
	at junit.framework.TestResult.run(TestResult.java:113)
	at junit.framework.TestCase.run(TestCase.java:124)
	at junit.framework.TestSuite.runTest(TestSuite.java:232)
	at junit.framework.TestSuite.run(TestSuite.java:227)
	at junit.framework.TestSuite.runTest(TestSuite.java:232)
	at junit.framework.TestSuite.run(TestSuite.java:227)
	at junit.framework.TestSuite.runTest(TestSuite.java:232)
	at junit.framework.TestSuite.run(TestSuite.java:227)
	at org.apache.tools.ant.taskdefs.optional.junit.JUnitTestRunner.run(JUnitTestRunner.java:420)
	at org.apache.tools.ant.taskdefs.optional.junit.JUnitTestRunner.launch(JUnitTestRunner.java:911)
	at org.apache.tools.ant.taskdefs.optional.junit.JUnitTestRunner.main(JUnitTestRunner.java:768)
Instantiate PersistenceUploadManager with UploadPersistence, uploadSearchBundle, submissionSearchBundle, uploadIdGenerator, uploadTypeIdGenerator, uploadStatusIdGenerator, submissionIDGenerator and submissionStatusIdGenerator.
com.topcoder.util.config.UnknownNamespaceException: com.topcoder.util.log is unknown
	at com.topcoder.util.config.DefaultConfigManager.getPropertyObject(DefaultConfigManager.java:429)
	at com.topcoder.util.config.DefaultConfigManager.getString(DefaultConfigManager.java:449)
	at com.topcoder.util.log.LogFactory.getAttribute(LogFactory.java:224)
	at com.topcoder.util.log.basic.BasicLog.log(BasicLog.java:74)
	at com.topcoder.management.deliverable.stresstests.StressTestPersistenceUploadManager.setUp(StressTestPersistenceUploadManager.java:111)
	at junit.framework.TestCase.runBare(TestCase.java:132)
	at junit.framework.TestResult$1.protect(TestResult.java:110)
	at junit.framework.TestResult.runProtected(TestResult.java:128)
	at junit.framework.TestResult.run(TestResult.java:113)
	at junit.framework.TestCase.run(TestCase.java:124)
	at junit.framework.TestSuite.runTest(TestSuite.java:232)
	at junit.framework.TestSuite.run(TestSuite.java:227)
	at junit.framework.TestSuite.runTest(TestSuite.java:232)
	at junit.framework.TestSuite.run(TestSuite.java:227)
	at junit.framework.TestSuite.runTest(TestSuite.java:232)
	at junit.framework.TestSuite.run(TestSuite.java:227)
	at org.apache.tools.ant.taskdefs.optional.junit.JUnitTestRunner.run(JUnitTestRunner.java:420)
	at org.apache.tools.ant.taskdefs.optional.junit.JUnitTestRunner.launch(JUnitTestRunner.java:911)
	at org.apache.tools.ant.taskdefs.optional.junit.JUnitTestRunner.main(JUnitTestRunner.java:768)
StressTestPersistenceUploadManager - setUp - end
com.topcoder.util.config.UnknownNamespaceException: com.topcoder.util.log is unknown
	at com.topcoder.util.config.DefaultConfigManager.getPropertyObject(DefaultConfigManager.java:429)
	at com.topcoder.util.config.DefaultConfigManager.getString(DefaultConfigManager.java:449)
	at com.topcoder.util.log.LogFactory.getAttribute(LogFactory.java:224)
	at com.topcoder.util.log.basic.BasicLog.log(BasicLog.java:74)
	at com.topcoder.management.deliverable.PersistenceUploadManager.createUploadType(PersistenceUploadManager.java:453)
	at com.topcoder.management.deliverable.stresstests.StressTestPersistenceUploadManager.testCreateUploadType(StressTestPersistenceUploadManager.java:594)
	at com.topcoder.management.deliverable.stresstests.StressTestPersistenceUploadManager.testCreateUpload(StressTestPersistenceUploadManager.java:616)
	at com.topcoder.management.deliverable.stresstests.StressTestPersistenceUploadManager.testGetUpload(StressTestPersistenceUploadManager.java:674)
	at sun.reflect.NativeMethodAccessorImpl.invoke0(Native Method)
	at sun.reflect.NativeMethodAccessorImpl.invoke(NativeMethodAccessorImpl.java:57)
	at sun.reflect.DelegatingMethodAccessorImpl.invoke(DelegatingMethodAccessorImpl.java:43)
	at java.lang.reflect.Method.invoke(Method.java:616)
	at junit.framework.TestCase.runTest(TestCase.java:168)
	at junit.framework.TestCase.runBare(TestCase.java:134)
	at junit.framework.TestResult$1.protect(TestResult.java:110)
	at junit.framework.TestResult.runProtected(TestResult.java:128)
	at junit.framework.TestResult.run(TestResult.java:113)
	at junit.framework.TestCase.run(TestCase.java:124)
	at junit.framework.TestSuite.runTest(TestSuite.java:232)
	at junit.framework.TestSuite.run(TestSuite.java:227)
	at junit.framework.TestSuite.runTest(TestSuite.java:232)
	at junit.framework.TestSuite.run(TestSuite.java:227)
	at junit.framework.TestSuite.runTest(TestSuite.java:232)
	at junit.framework.TestSuite.run(TestSuite.java:227)
	at org.apache.tools.ant.taskdefs.optional.junit.JUnitTestRunner.run(JUnitTestRunner.java:420)
	at org.apache.tools.ant.taskdefs.optional.junit.JUnitTestRunner.launch(JUnitTestRunner.java:911)
	at org.apache.tools.ant.taskdefs.optional.junit.JUnitTestRunner.main(JUnitTestRunner.java:768)
type: UploadType id: Unknown operator:stress - Create new UploadType.
com.topcoder.util.config.UnknownNamespaceException: com.topcoder.util.log is unknown
	at com.topcoder.util.config.DefaultConfigManager.getPropertyObject(DefaultConfigManager.java:429)
	at com.topcoder.util.config.DefaultConfigManager.getString(DefaultConfigManager.java:449)
	at com.topcoder.util.log.LogFactory.getAttribute(LogFactory.java:224)
	at com.topcoder.util.log.basic.BasicLog.log(BasicLog.java:74)
	at com.topcoder.management.deliverable.PersistenceUploadManager.persistenceUploadManagerHelper(PersistenceUploadManager.java:966)
	at com.topcoder.management.deliverable.PersistenceUploadManager.createUploadType(PersistenceUploadManager.java:454)
	at com.topcoder.management.deliverable.stresstests.StressTestPersistenceUploadManager.testCreateUploadType(StressTestPersistenceUploadManager.java:594)
	at com.topcoder.management.deliverable.stresstests.StressTestPersistenceUploadManager.testCreateUpload(StressTestPersistenceUploadManager.java:616)
	at com.topcoder.management.deliverable.stresstests.StressTestPersistenceUploadManager.testGetUpload(StressTestPersistenceUploadManager.java:674)
	at sun.reflect.NativeMethodAccessorImpl.invoke0(Native Method)
	at sun.reflect.NativeMethodAccessorImpl.invoke(NativeMethodAccessorImpl.java:57)
	at sun.reflect.DelegatingMethodAccessorImpl.invoke(DelegatingMethodAccessorImpl.java:43)
	at java.lang.reflect.Method.invoke(Method.java:616)
	at junit.framework.TestCase.runTest(TestCase.java:168)
	at junit.framework.TestCase.runBare(TestCase.java:134)
	at junit.framework.TestResult$1.protect(TestResult.java:110)
	at junit.framework.TestResult.runProtected(TestResult.java:128)
	at junit.framework.TestResult.run(TestResult.java:113)
	at junit.framework.TestCase.run(TestCase.java:124)
	at junit.framework.TestSuite.runTest(TestSuite.java:232)
	at junit.framework.TestSuite.run(TestSuite.java:227)
	at junit.framework.TestSuite.runTest(TestSuite.java:232)
	at junit.framework.TestSuite.run(TestSuite.java:227)
	at junit.framework.TestSuite.runTest(TestSuite.java:232)
	at junit.framework.TestSuite.run(TestSuite.java:227)
	at org.apache.tools.ant.taskdefs.optional.junit.JUnitTestRunner.run(JUnitTestRunner.java:420)
	at org.apache.tools.ant.taskdefs.optional.junit.JUnitTestRunner.launch(JUnitTestRunner.java:911)
	at org.apache.tools.ant.taskdefs.optional.junit.JUnitTestRunner.main(JUnitTestRunner.java:768)
generate next id from the idGenerator:upload_type_id_seq
com.topcoder.util.config.UnknownNamespaceException: com.topcoder.util.log is unknown
	at com.topcoder.util.config.DefaultConfigManager.getPropertyObject(DefaultConfigManager.java:429)
	at com.topcoder.util.config.DefaultConfigManager.getString(DefaultConfigManager.java:449)
	at com.topcoder.util.log.LogFactory.getAttribute(LogFactory.java:224)
	at com.topcoder.util.log.basic.BasicLog.log(BasicLog.java:74)
	at com.topcoder.management.deliverable.PersistenceUploadManager.createUploadType(PersistenceUploadManager.java:453)
	at com.topcoder.management.deliverable.stresstests.StressTestPersistenceUploadManager.testCreateUploadType(StressTestPersistenceUploadManager.java:594)
	at com.topcoder.management.deliverable.stresstests.StressTestPersistenceUploadManager.testCreateUpload(StressTestPersistenceUploadManager.java:616)
	at com.topcoder.management.deliverable.stresstests.StressTestPersistenceUploadManager.testGetUpload(StressTestPersistenceUploadManager.java:674)
	at sun.reflect.NativeMethodAccessorImpl.invoke0(Native Method)
	at sun.reflect.NativeMethodAccessorImpl.invoke(NativeMethodAccessorImpl.java:57)
	at sun.reflect.DelegatingMethodAccessorImpl.invoke(DelegatingMethodAccessorImpl.java:43)
	at java.lang.reflect.Method.invoke(Method.java:616)
	at junit.framework.TestCase.runTest(TestCase.java:168)
	at junit.framework.TestCase.runBare(TestCase.java:134)
	at junit.framework.TestResult$1.protect(TestResult.java:110)
	at junit.framework.TestResult.runProtected(TestResult.java:128)
	at junit.framework.TestResult.run(TestResult.java:113)
	at junit.framework.TestCase.run(TestCase.java:124)
	at junit.framework.TestSuite.runTest(TestSuite.java:232)
	at junit.framework.TestSuite.run(TestSuite.java:227)
	at junit.framework.TestSuite.runTest(TestSuite.java:232)
	at junit.framework.TestSuite.run(TestSuite.java:227)
	at junit.framework.TestSuite.runTest(TestSuite.java:232)
	at junit.framework.TestSuite.run(TestSuite.java:227)
	at org.apache.tools.ant.taskdefs.optional.junit.JUnitTestRunner.run(JUnitTestRunner.java:420)
	at org.apache.tools.ant.taskdefs.optional.junit.JUnitTestRunner.launch(JUnitTestRunner.java:911)
	at org.apache.tools.ant.taskdefs.optional.junit.JUnitTestRunner.main(JUnitTestRunner.java:768)
type: UploadType id: Unknown operator:stress - Create new UploadType.
com.topcoder.util.config.UnknownNamespaceException: com.topcoder.util.log is unknown
	at com.topcoder.util.config.DefaultConfigManager.getPropertyObject(DefaultConfigManager.java:429)
	at com.topcoder.util.config.DefaultConfigManager.getString(DefaultConfigManager.java:449)
	at com.topcoder.util.log.LogFactory.getAttribute(LogFactory.java:224)
	at com.topcoder.util.log.basic.BasicLog.log(BasicLog.java:74)
	at com.topcoder.management.deliverable.PersistenceUploadManager.persistenceUploadManagerHelper(PersistenceUploadManager.java:966)
	at com.topcoder.management.deliverable.PersistenceUploadManager.createUploadType(PersistenceUploadManager.java:454)
	at com.topcoder.management.deliverable.stresstests.StressTestPersistenceUploadManager.testCreateUploadType(StressTestPersistenceUploadManager.java:594)
	at com.topcoder.management.deliverable.stresstests.StressTestPersistenceUploadManager.testCreateUpload(StressTestPersistenceUploadManager.java:616)
	at com.topcoder.management.deliverable.stresstests.StressTestPersistenceUploadManager.testGetUpload(StressTestPersistenceUploadManager.java:674)
	at sun.reflect.NativeMethodAccessorImpl.invoke0(Native Method)
	at sun.reflect.NativeMethodAccessorImpl.invoke(NativeMethodAccessorImpl.java:57)
	at sun.reflect.DelegatingMethodAccessorImpl.invoke(DelegatingMethodAccessorImpl.java:43)
	at java.lang.reflect.Method.invoke(Method.java:616)
	at junit.framework.TestCase.runTest(TestCase.java:168)
	at junit.framework.TestCase.runBare(TestCase.java:134)
	at junit.framework.TestResult$1.protect(TestResult.java:110)
	at junit.framework.TestResult.runProtected(TestResult.java:128)
	at junit.framework.TestResult.run(TestResult.java:113)
	at junit.framework.TestCase.run(TestCase.java:124)
	at junit.framework.TestSuite.runTest(TestSuite.java:232)
	at junit.framework.TestSuite.run(TestSuite.java:227)
	at junit.framework.TestSuite.runTest(TestSuite.java:232)
	at junit.framework.TestSuite.run(TestSuite.java:227)
	at junit.framework.TestSuite.runTest(TestSuite.java:232)
	at junit.framework.TestSuite.run(TestSuite.java:227)
	at org.apache.tools.ant.taskdefs.optional.junit.JUnitTestRunner.run(JUnitTestRunner.java:420)
	at org.apache.tools.ant.taskdefs.optional.junit.JUnitTestRunner.launch(JUnitTestRunner.java:911)
	at org.apache.tools.ant.taskdefs.optional.junit.JUnitTestRunner.main(JUnitTestRunner.java:768)
generate next id from the idGenerator:upload_type_id_seq
com.topcoder.util.config.UnknownNamespaceException: com.topcoder.util.log is unknown
	at com.topcoder.util.config.DefaultConfigManager.getPropertyObject(DefaultConfigManager.java:429)
	at com.topcoder.util.config.DefaultConfigManager.getString(DefaultConfigManager.java:449)
	at com.topcoder.util.log.LogFactory.getAttribute(LogFactory.java:224)
	at com.topcoder.util.log.basic.BasicLog.log(BasicLog.java:74)
	at com.topcoder.management.deliverable.PersistenceUploadManager.createUploadStatus(PersistenceUploadManager.java:541)
	at com.topcoder.management.deliverable.stresstests.StressTestPersistenceUploadManager.testCreateUploadStatus(StressTestPersistenceUploadManager.java:414)
	at com.topcoder.management.deliverable.stresstests.StressTestPersistenceUploadManager.testCreateUpload(StressTestPersistenceUploadManager.java:617)
	at com.topcoder.management.deliverable.stresstests.StressTestPersistenceUploadManager.testGetUpload(StressTestPersistenceUploadManager.java:674)
	at sun.reflect.NativeMethodAccessorImpl.invoke0(Native Method)
	at sun.reflect.NativeMethodAccessorImpl.invoke(NativeMethodAccessorImpl.java:57)
	at sun.reflect.DelegatingMethodAccessorImpl.invoke(DelegatingMethodAccessorImpl.java:43)
	at java.lang.reflect.Method.invoke(Method.java:616)
	at junit.framework.TestCase.runTest(TestCase.java:168)
	at junit.framework.TestCase.runBare(TestCase.java:134)
	at junit.framework.TestResult$1.protect(TestResult.java:110)
	at junit.framework.TestResult.runProtected(TestResult.java:128)
	at junit.framework.TestResult.run(TestResult.java:113)
	at junit.framework.TestCase.run(TestCase.java:124)
	at junit.framework.TestSuite.runTest(TestSuite.java:232)
	at junit.framework.TestSuite.run(TestSuite.java:227)
	at junit.framework.TestSuite.runTest(TestSuite.java:232)
	at junit.framework.TestSuite.run(TestSuite.java:227)
	at junit.framework.TestSuite.runTest(TestSuite.java:232)
	at junit.framework.TestSuite.run(TestSuite.java:227)
	at org.apache.tools.ant.taskdefs.optional.junit.JUnitTestRunner.run(JUnitTestRunner.java:420)
	at org.apache.tools.ant.taskdefs.optional.junit.JUnitTestRunner.launch(JUnitTestRunner.java:911)
	at org.apache.tools.ant.taskdefs.optional.junit.JUnitTestRunner.main(JUnitTestRunner.java:768)
type: UploadStatus id: Unknown operator:stress - create new UploadStatus.
com.topcoder.util.config.UnknownNamespaceException: com.topcoder.util.log is unknown
	at com.topcoder.util.config.DefaultConfigManager.getPropertyObject(DefaultConfigManager.java:429)
	at com.topcoder.util.config.DefaultConfigManager.getString(DefaultConfigManager.java:449)
	at com.topcoder.util.log.LogFactory.getAttribute(LogFactory.java:224)
	at com.topcoder.util.log.basic.BasicLog.log(BasicLog.java:74)
	at com.topcoder.management.deliverable.PersistenceUploadManager.persistenceUploadManagerHelper(PersistenceUploadManager.java:966)
	at com.topcoder.management.deliverable.PersistenceUploadManager.createUploadStatus(PersistenceUploadManager.java:542)
	at com.topcoder.management.deliverable.stresstests.StressTestPersistenceUploadManager.testCreateUploadStatus(StressTestPersistenceUploadManager.java:414)
	at com.topcoder.management.deliverable.stresstests.StressTestPersistenceUploadManager.testCreateUpload(StressTestPersistenceUploadManager.java:617)
	at com.topcoder.management.deliverable.stresstests.StressTestPersistenceUploadManager.testGetUpload(StressTestPersistenceUploadManager.java:674)
	at sun.reflect.NativeMethodAccessorImpl.invoke0(Native Method)
	at sun.reflect.NativeMethodAccessorImpl.invoke(NativeMethodAccessorImpl.java:57)
	at sun.reflect.DelegatingMethodAccessorImpl.invoke(DelegatingMethodAccessorImpl.java:43)
	at java.lang.reflect.Method.invoke(Method.java:616)
	at junit.framework.TestCase.runTest(TestCase.java:168)
	at junit.framework.TestCase.runBare(TestCase.java:134)
	at junit.framework.TestResult$1.protect(TestResult.java:110)
	at junit.framework.TestResult.runProtected(TestResult.java:128)
	at junit.framework.TestResult.run(TestResult.java:113)
	at junit.framework.TestCase.run(TestCase.java:124)
	at junit.framework.TestSuite.runTest(TestSuite.java:232)
	at junit.framework.TestSuite.run(TestSuite.java:227)
	at junit.framework.TestSuite.runTest(TestSuite.java:232)
	at junit.framework.TestSuite.run(TestSuite.java:227)
	at junit.framework.TestSuite.runTest(TestSuite.java:232)
	at junit.framework.TestSuite.run(TestSuite.java:227)
	at org.apache.tools.ant.taskdefs.optional.junit.JUnitTestRunner.run(JUnitTestRunner.java:420)
	at org.apache.tools.ant.taskdefs.optional.junit.JUnitTestRunner.launch(JUnitTestRunner.java:911)
	at org.apache.tools.ant.taskdefs.optional.junit.JUnitTestRunner.main(JUnitTestRunner.java:768)
generate next id from the idGenerator:upload_status_id_seq
com.topcoder.util.config.UnknownNamespaceException: com.topcoder.util.log is unknown
	at com.topcoder.util.config.DefaultConfigManager.getPropertyObject(DefaultConfigManager.java:429)
	at com.topcoder.util.config.DefaultConfigManager.getString(DefaultConfigManager.java:449)
	at com.topcoder.util.log.LogFactory.getAttribute(LogFactory.java:224)
	at com.topcoder.util.log.basic.BasicLog.log(BasicLog.java:74)
	at com.topcoder.management.deliverable.PersistenceUploadManager.createUploadStatus(PersistenceUploadManager.java:541)
	at com.topcoder.management.deliverable.stresstests.StressTestPersistenceUploadManager.testCreateUploadStatus(StressTestPersistenceUploadManager.java:414)
	at com.topcoder.management.deliverable.stresstests.StressTestPersistenceUploadManager.testCreateUpload(StressTestPersistenceUploadManager.java:617)
	at com.topcoder.management.deliverable.stresstests.StressTestPersistenceUploadManager.testGetUpload(StressTestPersistenceUploadManager.java:674)
	at sun.reflect.NativeMethodAccessorImpl.invoke0(Native Method)
	at sun.reflect.NativeMethodAccessorImpl.invoke(NativeMethodAccessorImpl.java:57)
	at sun.reflect.DelegatingMethodAccessorImpl.invoke(DelegatingMethodAccessorImpl.java:43)
	at java.lang.reflect.Method.invoke(Method.java:616)
	at junit.framework.TestCase.runTest(TestCase.java:168)
	at junit.framework.TestCase.runBare(TestCase.java:134)
	at junit.framework.TestResult$1.protect(TestResult.java:110)
	at junit.framework.TestResult.runProtected(TestResult.java:128)
	at junit.framework.TestResult.run(TestResult.java:113)
	at junit.framework.TestCase.run(TestCase.java:124)
	at junit.framework.TestSuite.runTest(TestSuite.java:232)
	at junit.framework.TestSuite.run(TestSuite.java:227)
	at junit.framework.TestSuite.runTest(TestSuite.java:232)
	at junit.framework.TestSuite.run(TestSuite.java:227)
	at junit.framework.TestSuite.runTest(TestSuite.java:232)
	at junit.framework.TestSuite.run(TestSuite.java:227)
	at org.apache.tools.ant.taskdefs.optional.junit.JUnitTestRunner.run(JUnitTestRunner.java:420)
	at org.apache.tools.ant.taskdefs.optional.junit.JUnitTestRunner.launch(JUnitTestRunner.java:911)
	at org.apache.tools.ant.taskdefs.optional.junit.JUnitTestRunner.main(JUnitTestRunner.java:768)
type: UploadStatus id: Unknown operator:stress - create new UploadStatus.
com.topcoder.util.config.UnknownNamespaceException: com.topcoder.util.log is unknown
	at com.topcoder.util.config.DefaultConfigManager.getPropertyObject(DefaultConfigManager.java:429)
	at com.topcoder.util.config.DefaultConfigManager.getString(DefaultConfigManager.java:449)
	at com.topcoder.util.log.LogFactory.getAttribute(LogFactory.java:224)
	at com.topcoder.util.log.basic.BasicLog.log(BasicLog.java:74)
	at com.topcoder.management.deliverable.PersistenceUploadManager.persistenceUploadManagerHelper(PersistenceUploadManager.java:966)
	at com.topcoder.management.deliverable.PersistenceUploadManager.createUploadStatus(PersistenceUploadManager.java:542)
	at com.topcoder.management.deliverable.stresstests.StressTestPersistenceUploadManager.testCreateUploadStatus(StressTestPersistenceUploadManager.java:414)
	at com.topcoder.management.deliverable.stresstests.StressTestPersistenceUploadManager.testCreateUpload(StressTestPersistenceUploadManager.java:617)
	at com.topcoder.management.deliverable.stresstests.StressTestPersistenceUploadManager.testGetUpload(StressTestPersistenceUploadManager.java:674)
	at sun.reflect.NativeMethodAccessorImpl.invoke0(Native Method)
	at sun.reflect.NativeMethodAccessorImpl.invoke(NativeMethodAccessorImpl.java:57)
	at sun.reflect.DelegatingMethodAccessorImpl.invoke(DelegatingMethodAccessorImpl.java:43)
	at java.lang.reflect.Method.invoke(Method.java:616)
	at junit.framework.TestCase.runTest(TestCase.java:168)
	at junit.framework.TestCase.runBare(TestCase.java:134)
	at junit.framework.TestResult$1.protect(TestResult.java:110)
	at junit.framework.TestResult.runProtected(TestResult.java:128)
	at junit.framework.TestResult.run(TestResult.java:113)
	at junit.framework.TestCase.run(TestCase.java:124)
	at junit.framework.TestSuite.runTest(TestSuite.java:232)
	at junit.framework.TestSuite.run(TestSuite.java:227)
	at junit.framework.TestSuite.runTest(TestSuite.java:232)
	at junit.framework.TestSuite.run(TestSuite.java:227)
	at junit.framework.TestSuite.runTest(TestSuite.java:232)
	at junit.framework.TestSuite.run(TestSuite.java:227)
	at org.apache.tools.ant.taskdefs.optional.junit.JUnitTestRunner.run(JUnitTestRunner.java:420)
	at org.apache.tools.ant.taskdefs.optional.junit.JUnitTestRunner.launch(JUnitTestRunner.java:911)
	at org.apache.tools.ant.taskdefs.optional.junit.JUnitTestRunner.main(JUnitTestRunner.java:768)
generate next id from the idGenerator:upload_status_id_seq
com.topcoder.util.config.UnknownNamespaceException: com.topcoder.util.log is unknown
	at com.topcoder.util.config.DefaultConfigManager.getPropertyObject(DefaultConfigManager.java:429)
	at com.topcoder.util.config.DefaultConfigManager.getString(DefaultConfigManager.java:449)
	at com.topcoder.util.log.LogFactory.getAttribute(LogFactory.java:224)
	at com.topcoder.util.log.basic.BasicLog.log(BasicLog.java:74)
	at com.topcoder.management.deliverable.PersistenceUploadManager.createUpload(PersistenceUploadManager.java:335)
	at com.topcoder.management.deliverable.stresstests.StressTestPersistenceUploadManager.testCreateUpload(StressTestPersistenceUploadManager.java:623)
	at com.topcoder.management.deliverable.stresstests.StressTestPersistenceUploadManager.testGetUpload(StressTestPersistenceUploadManager.java:674)
	at sun.reflect.NativeMethodAccessorImpl.invoke0(Native Method)
	at sun.reflect.NativeMethodAccessorImpl.invoke(NativeMethodAccessorImpl.java:57)
	at sun.reflect.DelegatingMethodAccessorImpl.invoke(DelegatingMethodAccessorImpl.java:43)
	at java.lang.reflect.Method.invoke(Method.java:616)
	at junit.framework.TestCase.runTest(TestCase.java:168)
	at junit.framework.TestCase.runBare(TestCase.java:134)
	at junit.framework.TestResult$1.protect(TestResult.java:110)
	at junit.framework.TestResult.runProtected(TestResult.java:128)
	at junit.framework.TestResult.run(TestResult.java:113)
	at junit.framework.TestCase.run(TestCase.java:124)
	at junit.framework.TestSuite.runTest(TestSuite.java:232)
	at junit.framework.TestSuite.run(TestSuite.java:227)
	at junit.framework.TestSuite.runTest(TestSuite.java:232)
	at junit.framework.TestSuite.run(TestSuite.java:227)
	at junit.framework.TestSuite.runTest(TestSuite.java:232)
	at junit.framework.TestSuite.run(TestSuite.java:227)
	at org.apache.tools.ant.taskdefs.optional.junit.JUnitTestRunner.run(JUnitTestRunner.java:420)
	at org.apache.tools.ant.taskdefs.optional.junit.JUnitTestRunner.launch(JUnitTestRunner.java:911)
	at org.apache.tools.ant.taskdefs.optional.junit.JUnitTestRunner.main(JUnitTestRunner.java:768)
type: Upload id: Unknown operator:stress - Create new Upload.
com.topcoder.util.config.UnknownNamespaceException: com.topcoder.util.log is unknown
	at com.topcoder.util.config.DefaultConfigManager.getPropertyObject(DefaultConfigManager.java:429)
	at com.topcoder.util.config.DefaultConfigManager.getString(DefaultConfigManager.java:449)
	at com.topcoder.util.log.LogFactory.getAttribute(LogFactory.java:224)
	at com.topcoder.util.log.basic.BasicLog.log(BasicLog.java:74)
	at com.topcoder.management.deliverable.PersistenceUploadManager.persistenceUploadManagerHelper(PersistenceUploadManager.java:966)
	at com.topcoder.management.deliverable.PersistenceUploadManager.createUpload(PersistenceUploadManager.java:336)
	at com.topcoder.management.deliverable.stresstests.StressTestPersistenceUploadManager.testCreateUpload(StressTestPersistenceUploadManager.java:623)
	at com.topcoder.management.deliverable.stresstests.StressTestPersistenceUploadManager.testGetUpload(StressTestPersistenceUploadManager.java:674)
	at sun.reflect.NativeMethodAccessorImpl.invoke0(Native Method)
	at sun.reflect.NativeMethodAccessorImpl.invoke(NativeMethodAccessorImpl.java:57)
	at sun.reflect.DelegatingMethodAccessorImpl.invoke(DelegatingMethodAccessorImpl.java:43)
	at java.lang.reflect.Method.invoke(Method.java:616)
	at junit.framework.TestCase.runTest(TestCase.java:168)
	at junit.framework.TestCase.runBare(TestCase.java:134)
	at junit.framework.TestResult$1.protect(TestResult.java:110)
	at junit.framework.TestResult.runProtected(TestResult.java:128)
	at junit.framework.TestResult.run(TestResult.java:113)
	at junit.framework.TestCase.run(TestCase.java:124)
	at junit.framework.TestSuite.runTest(TestSuite.java:232)
	at junit.framework.TestSuite.run(TestSuite.java:227)
	at junit.framework.TestSuite.runTest(TestSuite.java:232)
	at junit.framework.TestSuite.run(TestSuite.java:227)
	at junit.framework.TestSuite.runTest(TestSuite.java:232)
	at junit.framework.TestSuite.run(TestSuite.java:227)
	at org.apache.tools.ant.taskdefs.optional.junit.JUnitTestRunner.run(JUnitTestRunner.java:420)
	at org.apache.tools.ant.taskdefs.optional.junit.JUnitTestRunner.launch(JUnitTestRunner.java:911)
	at org.apache.tools.ant.taskdefs.optional.junit.JUnitTestRunner.main(JUnitTestRunner.java:768)
generate next id from the idGenerator:upload_id_seq
com.topcoder.util.config.UnknownNamespaceException: com.topcoder.util.log is unknown
	at com.topcoder.util.config.DefaultConfigManager.getPropertyObject(DefaultConfigManager.java:429)
	at com.topcoder.util.config.DefaultConfigManager.getString(DefaultConfigManager.java:449)
	at com.topcoder.util.log.LogFactory.getAttribute(LogFactory.java:224)
	at com.topcoder.util.log.basic.BasicLog.log(BasicLog.java:74)
	at com.topcoder.management.deliverable.PersistenceUploadManager.createUpload(PersistenceUploadManager.java:335)
	at com.topcoder.management.deliverable.stresstests.StressTestPersistenceUploadManager.testCreateUpload(StressTestPersistenceUploadManager.java:623)
	at com.topcoder.management.deliverable.stresstests.StressTestPersistenceUploadManager.testGetUpload(StressTestPersistenceUploadManager.java:674)
	at sun.reflect.NativeMethodAccessorImpl.invoke0(Native Method)
	at sun.reflect.NativeMethodAccessorImpl.invoke(NativeMethodAccessorImpl.java:57)
	at sun.reflect.DelegatingMethodAccessorImpl.invoke(DelegatingMethodAccessorImpl.java:43)
	at java.lang.reflect.Method.invoke(Method.java:616)
	at junit.framework.TestCase.runTest(TestCase.java:168)
	at junit.framework.TestCase.runBare(TestCase.java:134)
	at junit.framework.TestResult$1.protect(TestResult.java:110)
	at junit.framework.TestResult.runProtected(TestResult.java:128)
	at junit.framework.TestResult.run(TestResult.java:113)
	at junit.framework.TestCase.run(TestCase.java:124)
	at junit.framework.TestSuite.runTest(TestSuite.java:232)
	at junit.framework.TestSuite.run(TestSuite.java:227)
	at junit.framework.TestSuite.runTest(TestSuite.java:232)
	at junit.framework.TestSuite.run(TestSuite.java:227)
	at junit.framework.TestSuite.runTest(TestSuite.java:232)
	at junit.framework.TestSuite.run(TestSuite.java:227)
	at org.apache.tools.ant.taskdefs.optional.junit.JUnitTestRunner.run(JUnitTestRunner.java:420)
	at org.apache.tools.ant.taskdefs.optional.junit.JUnitTestRunner.launch(JUnitTestRunner.java:911)
	at org.apache.tools.ant.taskdefs.optional.junit.JUnitTestRunner.main(JUnitTestRunner.java:768)
type: Upload id: Unknown operator:stress - Create new Upload.
com.topcoder.util.config.UnknownNamespaceException: com.topcoder.util.log is unknown
	at com.topcoder.util.config.DefaultConfigManager.getPropertyObject(DefaultConfigManager.java:429)
	at com.topcoder.util.config.DefaultConfigManager.getString(DefaultConfigManager.java:449)
	at com.topcoder.util.log.LogFactory.getAttribute(LogFactory.java:224)
	at com.topcoder.util.log.basic.BasicLog.log(BasicLog.java:74)
	at com.topcoder.management.deliverable.PersistenceUploadManager.persistenceUploadManagerHelper(PersistenceUploadManager.java:966)
	at com.topcoder.management.deliverable.PersistenceUploadManager.createUpload(PersistenceUploadManager.java:336)
	at com.topcoder.management.deliverable.stresstests.StressTestPersistenceUploadManager.testCreateUpload(StressTestPersistenceUploadManager.java:623)
	at com.topcoder.management.deliverable.stresstests.StressTestPersistenceUploadManager.testGetUpload(StressTestPersistenceUploadManager.java:674)
	at sun.reflect.NativeMethodAccessorImpl.invoke0(Native Method)
	at sun.reflect.NativeMethodAccessorImpl.invoke(NativeMethodAccessorImpl.java:57)
	at sun.reflect.DelegatingMethodAccessorImpl.invoke(DelegatingMethodAccessorImpl.java:43)
	at java.lang.reflect.Method.invoke(Method.java:616)
	at junit.framework.TestCase.runTest(TestCase.java:168)
	at junit.framework.TestCase.runBare(TestCase.java:134)
	at junit.framework.TestResult$1.protect(TestResult.java:110)
	at junit.framework.TestResult.runProtected(TestResult.java:128)
	at junit.framework.TestResult.run(TestResult.java:113)
	at junit.framework.TestCase.run(TestCase.java:124)
	at junit.framework.TestSuite.runTest(TestSuite.java:232)
	at junit.framework.TestSuite.run(TestSuite.java:227)
	at junit.framework.TestSuite.runTest(TestSuite.java:232)
	at junit.framework.TestSuite.run(TestSuite.java:227)
	at junit.framework.TestSuite.runTest(TestSuite.java:232)
	at junit.framework.TestSuite.run(TestSuite.java:227)
	at org.apache.tools.ant.taskdefs.optional.junit.JUnitTestRunner.run(JUnitTestRunner.java:420)
	at org.apache.tools.ant.taskdefs.optional.junit.JUnitTestRunner.launch(JUnitTestRunner.java:911)
	at org.apache.tools.ant.taskdefs.optional.junit.JUnitTestRunner.main(JUnitTestRunner.java:768)
generate next id from the idGenerator:upload_id_seq
com.topcoder.util.config.UnknownNamespaceException: com.topcoder.util.log is unknown
	at com.topcoder.util.config.DefaultConfigManager.getPropertyObject(DefaultConfigManager.java:429)
	at com.topcoder.util.config.DefaultConfigManager.getString(DefaultConfigManager.java:449)
	at com.topcoder.util.log.LogFactory.getAttribute(LogFactory.java:224)
	at com.topcoder.util.log.basic.BasicLog.log(BasicLog.java:74)
	at com.topcoder.management.deliverable.PersistenceUploadManager.getUpload(PersistenceUploadManager.java:406)
	at com.topcoder.management.deliverable.stresstests.StressTestPersistenceUploadManager.testGetUpload(StressTestPersistenceUploadManager.java:682)
	at sun.reflect.NativeMethodAccessorImpl.invoke0(Native Method)
	at sun.reflect.NativeMethodAccessorImpl.invoke(NativeMethodAccessorImpl.java:57)
	at sun.reflect.DelegatingMethodAccessorImpl.invoke(DelegatingMethodAccessorImpl.java:43)
	at java.lang.reflect.Method.invoke(Method.java:616)
	at junit.framework.TestCase.runTest(TestCase.java:168)
	at junit.framework.TestCase.runBare(TestCase.java:134)
	at junit.framework.TestResult$1.protect(TestResult.java:110)
	at junit.framework.TestResult.runProtected(TestResult.java:128)
	at junit.framework.TestResult.run(TestResult.java:113)
	at junit.framework.TestCase.run(TestCase.java:124)
	at junit.framework.TestSuite.runTest(TestSuite.java:232)
	at junit.framework.TestSuite.run(TestSuite.java:227)
	at junit.framework.TestSuite.runTest(TestSuite.java:232)
	at junit.framework.TestSuite.run(TestSuite.java:227)
	at junit.framework.TestSuite.runTest(TestSuite.java:232)
	at junit.framework.TestSuite.run(TestSuite.java:227)
	at org.apache.tools.ant.taskdefs.optional.junit.JUnitTestRunner.run(JUnitTestRunner.java:420)
	at org.apache.tools.ant.taskdefs.optional.junit.JUnitTestRunner.launch(JUnitTestRunner.java:911)
	at org.apache.tools.ant.taskdefs.optional.junit.JUnitTestRunner.main(JUnitTestRunner.java:768)
type: Upload id: 1 operator:Unknown - Retrieve Upload, delegate to persistence.
com.topcoder.util.config.UnknownNamespaceException: com.topcoder.util.log is unknown
	at com.topcoder.util.config.DefaultConfigManager.getPropertyObject(DefaultConfigManager.java:429)
	at com.topcoder.util.config.DefaultConfigManager.getString(DefaultConfigManager.java:449)
	at com.topcoder.util.log.LogFactory.getAttribute(LogFactory.java:224)
	at com.topcoder.util.log.basic.BasicLog.log(BasicLog.java:74)
	at com.topcoder.management.deliverable.PersistenceUploadManager.getUpload(PersistenceUploadManager.java:406)
	at com.topcoder.management.deliverable.stresstests.StressTestPersistenceUploadManager.testGetUpload(StressTestPersistenceUploadManager.java:682)
	at sun.reflect.NativeMethodAccessorImpl.invoke0(Native Method)
	at sun.reflect.NativeMethodAccessorImpl.invoke(NativeMethodAccessorImpl.java:57)
	at sun.reflect.DelegatingMethodAccessorImpl.invoke(DelegatingMethodAccessorImpl.java:43)
	at java.lang.reflect.Method.invoke(Method.java:616)
	at junit.framework.TestCase.runTest(TestCase.java:168)
	at junit.framework.TestCase.runBare(TestCase.java:134)
	at junit.framework.TestResult$1.protect(TestResult.java:110)
	at junit.framework.TestResult.runProtected(TestResult.java:128)
	at junit.framework.TestResult.run(TestResult.java:113)
	at junit.framework.TestCase.run(TestCase.java:124)
	at junit.framework.TestSuite.runTest(TestSuite.java:232)
	at junit.framework.TestSuite.run(TestSuite.java:227)
	at junit.framework.TestSuite.runTest(TestSuite.java:232)
	at junit.framework.TestSuite.run(TestSuite.java:227)
	at junit.framework.TestSuite.runTest(TestSuite.java:232)
	at junit.framework.TestSuite.run(TestSuite.java:227)
	at org.apache.tools.ant.taskdefs.optional.junit.JUnitTestRunner.run(JUnitTestRunner.java:420)
	at org.apache.tools.ant.taskdefs.optional.junit.JUnitTestRunner.launch(JUnitTestRunner.java:911)
	at org.apache.tools.ant.taskdefs.optional.junit.JUnitTestRunner.main(JUnitTestRunner.java:768)
type: Upload id: 1 operator:Unknown - Retrieve Upload, delegate to persistence.
com.topcoder.util.config.UnknownNamespaceException: com.topcoder.util.log is unknown
	at com.topcoder.util.config.DefaultConfigManager.getPropertyObject(DefaultConfigManager.java:429)
	at com.topcoder.util.config.DefaultConfigManager.getString(DefaultConfigManager.java:449)
	at com.topcoder.util.log.LogFactory.getAttribute(LogFactory.java:224)
	at com.topcoder.util.log.basic.BasicLog.log(BasicLog.java:74)
	at com.topcoder.management.deliverable.stresstests.StressTestPersistenceUploadManager.tearDown(StressTestPersistenceUploadManager.java:121)
	at junit.framework.TestCase.runBare(TestCase.java:140)
	at junit.framework.TestResult$1.protect(TestResult.java:110)
	at junit.framework.TestResult.runProtected(TestResult.java:128)
	at junit.framework.TestResult.run(TestResult.java:113)
	at junit.framework.TestCase.run(TestCase.java:124)
	at junit.framework.TestSuite.runTest(TestSuite.java:232)
	at junit.framework.TestSuite.run(TestSuite.java:227)
	at junit.framework.TestSuite.runTest(TestSuite.java:232)
	at junit.framework.TestSuite.run(TestSuite.java:227)
	at junit.framework.TestSuite.runTest(TestSuite.java:232)
	at junit.framework.TestSuite.run(TestSuite.java:227)
	at org.apache.tools.ant.taskdefs.optional.junit.JUnitTestRunner.run(JUnitTestRunner.java:420)
	at org.apache.tools.ant.taskdefs.optional.junit.JUnitTestRunner.launch(JUnitTestRunner.java:911)
	at org.apache.tools.ant.taskdefs.optional.junit.JUnitTestRunner.main(JUnitTestRunner.java:768)
StressTestPersistenceUploadManager - tearDown - start
com.topcoder.util.config.UnknownNamespaceException: com.topcoder.util.log is unknown
	at com.topcoder.util.config.DefaultConfigManager.getPropertyObject(DefaultConfigManager.java:429)
	at com.topcoder.util.config.DefaultConfigManager.getString(DefaultConfigManager.java:449)
	at com.topcoder.util.log.LogFactory.getAttribute(LogFactory.java:224)
	at com.topcoder.util.log.basic.BasicLog.log(BasicLog.java:74)
	at com.topcoder.management.deliverable.stresstests.StressTestPersistenceUploadManager.tearDown(StressTestPersistenceUploadManager.java:126)
	at junit.framework.TestCase.runBare(TestCase.java:140)
	at junit.framework.TestResult$1.protect(TestResult.java:110)
	at junit.framework.TestResult.runProtected(TestResult.java:128)
	at junit.framework.TestResult.run(TestResult.java:113)
	at junit.framework.TestCase.run(TestCase.java:124)
	at junit.framework.TestSuite.runTest(TestSuite.java:232)
	at junit.framework.TestSuite.run(TestSuite.java:227)
	at junit.framework.TestSuite.runTest(TestSuite.java:232)
	at junit.framework.TestSuite.run(TestSuite.java:227)
	at junit.framework.TestSuite.runTest(TestSuite.java:232)
	at junit.framework.TestSuite.run(TestSuite.java:227)
	at org.apache.tools.ant.taskdefs.optional.junit.JUnitTestRunner.run(JUnitTestRunner.java:420)
	at org.apache.tools.ant.taskdefs.optional.junit.JUnitTestRunner.launch(JUnitTestRunner.java:911)
	at org.apache.tools.ant.taskdefs.optional.junit.JUnitTestRunner.main(JUnitTestRunner.java:768)
StressTestPersistenceUploadManager - tearDown - end
com.topcoder.util.config.UnknownNamespaceException: com.topcoder.util.log is unknown
	at com.topcoder.util.config.DefaultConfigManager.getPropertyObject(DefaultConfigManager.java:429)
	at com.topcoder.util.config.DefaultConfigManager.getString(DefaultConfigManager.java:449)
	at com.topcoder.util.log.LogFactory.getAttribute(LogFactory.java:224)
	at com.topcoder.util.log.basic.BasicLog.log(BasicLog.java:74)
	at com.topcoder.management.deliverable.stresstests.StressTestPersistenceUploadManager.setUp(StressTestPersistenceUploadManager.java:71)
	at junit.framework.TestCase.runBare(TestCase.java:132)
	at junit.framework.TestResult$1.protect(TestResult.java:110)
	at junit.framework.TestResult.runProtected(TestResult.java:128)
	at junit.framework.TestResult.run(TestResult.java:113)
	at junit.framework.TestCase.run(TestCase.java:124)
	at junit.framework.TestSuite.runTest(TestSuite.java:232)
	at junit.framework.TestSuite.run(TestSuite.java:227)
	at junit.framework.TestSuite.runTest(TestSuite.java:232)
	at junit.framework.TestSuite.run(TestSuite.java:227)
	at junit.framework.TestSuite.runTest(TestSuite.java:232)
	at junit.framework.TestSuite.run(TestSuite.java:227)
	at org.apache.tools.ant.taskdefs.optional.junit.JUnitTestRunner.run(JUnitTestRunner.java:420)
	at org.apache.tools.ant.taskdefs.optional.junit.JUnitTestRunner.launch(JUnitTestRunner.java:911)
	at org.apache.tools.ant.taskdefs.optional.junit.JUnitTestRunner.main(JUnitTestRunner.java:768)
StressTestPersistenceUploadManager - setUp - start
com.topcoder.util.config.UnknownNamespaceException: com.topcoder.util.log is unknown
	at com.topcoder.util.config.DefaultConfigManager.getPropertyObject(DefaultConfigManager.java:429)
	at com.topcoder.util.config.DefaultConfigManager.getString(DefaultConfigManager.java:449)
	at com.topcoder.util.log.LogFactory.getAttribute(LogFactory.java:224)
	at com.topcoder.util.log.basic.BasicLog.log(BasicLog.java:74)
	at com.topcoder.management.deliverable.PersistenceUploadManager.<init>(PersistenceUploadManager.java:260)
	at com.topcoder.management.deliverable.PersistenceUploadManager.<init>(PersistenceUploadManager.java:306)
	at com.topcoder.management.deliverable.stresstests.StressTestPersistenceUploadManager.setUp(StressTestPersistenceUploadManager.java:109)
	at junit.framework.TestCase.runBare(TestCase.java:132)
	at junit.framework.TestResult$1.protect(TestResult.java:110)
	at junit.framework.TestResult.runProtected(TestResult.java:128)
	at junit.framework.TestResult.run(TestResult.java:113)
	at junit.framework.TestCase.run(TestCase.java:124)
	at junit.framework.TestSuite.runTest(TestSuite.java:232)
	at junit.framework.TestSuite.run(TestSuite.java:227)
	at junit.framework.TestSuite.runTest(TestSuite.java:232)
	at junit.framework.TestSuite.run(TestSuite.java:227)
	at junit.framework.TestSuite.runTest(TestSuite.java:232)
	at junit.framework.TestSuite.run(TestSuite.java:227)
	at org.apache.tools.ant.taskdefs.optional.junit.JUnitTestRunner.run(JUnitTestRunner.java:420)
	at org.apache.tools.ant.taskdefs.optional.junit.JUnitTestRunner.launch(JUnitTestRunner.java:911)
	at org.apache.tools.ant.taskdefs.optional.junit.JUnitTestRunner.main(JUnitTestRunner.java:768)
Instantiate PersistenceUploadManager with UploadPersistence, uploadSearchBundle, submissionSearchBundle, uploadIdGenerator, uploadTypeIdGenerator, uploadStatusIdGenerator, submissionIDGenerator and submissionStatusIdGenerator.
com.topcoder.util.config.UnknownNamespaceException: com.topcoder.util.log is unknown
	at com.topcoder.util.config.DefaultConfigManager.getPropertyObject(DefaultConfigManager.java:429)
	at com.topcoder.util.config.DefaultConfigManager.getString(DefaultConfigManager.java:449)
	at com.topcoder.util.log.LogFactory.getAttribute(LogFactory.java:224)
	at com.topcoder.util.log.basic.BasicLog.log(BasicLog.java:74)
	at com.topcoder.management.deliverable.stresstests.StressTestPersistenceUploadManager.setUp(StressTestPersistenceUploadManager.java:111)
	at junit.framework.TestCase.runBare(TestCase.java:132)
	at junit.framework.TestResult$1.protect(TestResult.java:110)
	at junit.framework.TestResult.runProtected(TestResult.java:128)
	at junit.framework.TestResult.run(TestResult.java:113)
	at junit.framework.TestCase.run(TestCase.java:124)
	at junit.framework.TestSuite.runTest(TestSuite.java:232)
	at junit.framework.TestSuite.run(TestSuite.java:227)
	at junit.framework.TestSuite.runTest(TestSuite.java:232)
	at junit.framework.TestSuite.run(TestSuite.java:227)
	at junit.framework.TestSuite.runTest(TestSuite.java:232)
	at junit.framework.TestSuite.run(TestSuite.java:227)
	at org.apache.tools.ant.taskdefs.optional.junit.JUnitTestRunner.run(JUnitTestRunner.java:420)
	at org.apache.tools.ant.taskdefs.optional.junit.JUnitTestRunner.launch(JUnitTestRunner.java:911)
	at org.apache.tools.ant.taskdefs.optional.junit.JUnitTestRunner.main(JUnitTestRunner.java:768)
StressTestPersistenceUploadManager - setUp - end
com.topcoder.util.config.UnknownNamespaceException: com.topcoder.util.log is unknown
	at com.topcoder.util.config.DefaultConfigManager.getPropertyObject(DefaultConfigManager.java:429)
	at com.topcoder.util.config.DefaultConfigManager.getString(DefaultConfigManager.java:449)
	at com.topcoder.util.log.LogFactory.getAttribute(LogFactory.java:224)
	at com.topcoder.util.log.basic.BasicLog.log(BasicLog.java:74)
	at com.topcoder.management.deliverable.PersistenceUploadManager.createUploadType(PersistenceUploadManager.java:453)
	at com.topcoder.management.deliverable.stresstests.StressTestPersistenceUploadManager.testCreateUploadType(StressTestPersistenceUploadManager.java:594)
	at com.topcoder.management.deliverable.stresstests.StressTestPersistenceUploadManager.testCreateUpload(StressTestPersistenceUploadManager.java:616)
	at com.topcoder.management.deliverable.stresstests.StressTestPersistenceUploadManager.testCreateSubmission(StressTestPersistenceUploadManager.java:159)
	at sun.reflect.NativeMethodAccessorImpl.invoke0(Native Method)
	at sun.reflect.NativeMethodAccessorImpl.invoke(NativeMethodAccessorImpl.java:57)
	at sun.reflect.DelegatingMethodAccessorImpl.invoke(DelegatingMethodAccessorImpl.java:43)
	at java.lang.reflect.Method.invoke(Method.java:616)
	at junit.framework.TestCase.runTest(TestCase.java:168)
	at junit.framework.TestCase.runBare(TestCase.java:134)
	at junit.framework.TestResult$1.protect(TestResult.java:110)
	at junit.framework.TestResult.runProtected(TestResult.java:128)
	at junit.framework.TestResult.run(TestResult.java:113)
	at junit.framework.TestCase.run(TestCase.java:124)
	at junit.framework.TestSuite.runTest(TestSuite.java:232)
	at junit.framework.TestSuite.run(TestSuite.java:227)
	at junit.framework.TestSuite.runTest(TestSuite.java:232)
	at junit.framework.TestSuite.run(TestSuite.java:227)
	at junit.framework.TestSuite.runTest(TestSuite.java:232)
	at junit.framework.TestSuite.run(TestSuite.java:227)
	at org.apache.tools.ant.taskdefs.optional.junit.JUnitTestRunner.run(JUnitTestRunner.java:420)
	at org.apache.tools.ant.taskdefs.optional.junit.JUnitTestRunner.launch(JUnitTestRunner.java:911)
	at org.apache.tools.ant.taskdefs.optional.junit.JUnitTestRunner.main(JUnitTestRunner.java:768)
type: UploadType id: Unknown operator:stress - Create new UploadType.
com.topcoder.util.config.UnknownNamespaceException: com.topcoder.util.log is unknown
	at com.topcoder.util.config.DefaultConfigManager.getPropertyObject(DefaultConfigManager.java:429)
	at com.topcoder.util.config.DefaultConfigManager.getString(DefaultConfigManager.java:449)
	at com.topcoder.util.log.LogFactory.getAttribute(LogFactory.java:224)
	at com.topcoder.util.log.basic.BasicLog.log(BasicLog.java:74)
	at com.topcoder.management.deliverable.PersistenceUploadManager.persistenceUploadManagerHelper(PersistenceUploadManager.java:966)
	at com.topcoder.management.deliverable.PersistenceUploadManager.createUploadType(PersistenceUploadManager.java:454)
	at com.topcoder.management.deliverable.stresstests.StressTestPersistenceUploadManager.testCreateUploadType(StressTestPersistenceUploadManager.java:594)
	at com.topcoder.management.deliverable.stresstests.StressTestPersistenceUploadManager.testCreateUpload(StressTestPersistenceUploadManager.java:616)
	at com.topcoder.management.deliverable.stresstests.StressTestPersistenceUploadManager.testCreateSubmission(StressTestPersistenceUploadManager.java:159)
	at sun.reflect.NativeMethodAccessorImpl.invoke0(Native Method)
	at sun.reflect.NativeMethodAccessorImpl.invoke(NativeMethodAccessorImpl.java:57)
	at sun.reflect.DelegatingMethodAccessorImpl.invoke(DelegatingMethodAccessorImpl.java:43)
	at java.lang.reflect.Method.invoke(Method.java:616)
	at junit.framework.TestCase.runTest(TestCase.java:168)
	at junit.framework.TestCase.runBare(TestCase.java:134)
	at junit.framework.TestResult$1.protect(TestResult.java:110)
	at junit.framework.TestResult.runProtected(TestResult.java:128)
	at junit.framework.TestResult.run(TestResult.java:113)
	at junit.framework.TestCase.run(TestCase.java:124)
	at junit.framework.TestSuite.runTest(TestSuite.java:232)
	at junit.framework.TestSuite.run(TestSuite.java:227)
	at junit.framework.TestSuite.runTest(TestSuite.java:232)
	at junit.framework.TestSuite.run(TestSuite.java:227)
	at junit.framework.TestSuite.runTest(TestSuite.java:232)
	at junit.framework.TestSuite.run(TestSuite.java:227)
	at org.apache.tools.ant.taskdefs.optional.junit.JUnitTestRunner.run(JUnitTestRunner.java:420)
	at org.apache.tools.ant.taskdefs.optional.junit.JUnitTestRunner.launch(JUnitTestRunner.java:911)
	at org.apache.tools.ant.taskdefs.optional.junit.JUnitTestRunner.main(JUnitTestRunner.java:768)
generate next id from the idGenerator:upload_type_id_seq
com.topcoder.util.config.UnknownNamespaceException: com.topcoder.util.log is unknown
	at com.topcoder.util.config.DefaultConfigManager.getPropertyObject(DefaultConfigManager.java:429)
	at com.topcoder.util.config.DefaultConfigManager.getString(DefaultConfigManager.java:449)
	at com.topcoder.util.log.LogFactory.getAttribute(LogFactory.java:224)
	at com.topcoder.util.log.basic.BasicLog.log(BasicLog.java:74)
	at com.topcoder.management.deliverable.PersistenceUploadManager.createUploadType(PersistenceUploadManager.java:453)
	at com.topcoder.management.deliverable.stresstests.StressTestPersistenceUploadManager.testCreateUploadType(StressTestPersistenceUploadManager.java:594)
	at com.topcoder.management.deliverable.stresstests.StressTestPersistenceUploadManager.testCreateUpload(StressTestPersistenceUploadManager.java:616)
	at com.topcoder.management.deliverable.stresstests.StressTestPersistenceUploadManager.testCreateSubmission(StressTestPersistenceUploadManager.java:159)
	at sun.reflect.NativeMethodAccessorImpl.invoke0(Native Method)
	at sun.reflect.NativeMethodAccessorImpl.invoke(NativeMethodAccessorImpl.java:57)
	at sun.reflect.DelegatingMethodAccessorImpl.invoke(DelegatingMethodAccessorImpl.java:43)
	at java.lang.reflect.Method.invoke(Method.java:616)
	at junit.framework.TestCase.runTest(TestCase.java:168)
	at junit.framework.TestCase.runBare(TestCase.java:134)
	at junit.framework.TestResult$1.protect(TestResult.java:110)
	at junit.framework.TestResult.runProtected(TestResult.java:128)
	at junit.framework.TestResult.run(TestResult.java:113)
	at junit.framework.TestCase.run(TestCase.java:124)
	at junit.framework.TestSuite.runTest(TestSuite.java:232)
	at junit.framework.TestSuite.run(TestSuite.java:227)
	at junit.framework.TestSuite.runTest(TestSuite.java:232)
	at junit.framework.TestSuite.run(TestSuite.java:227)
	at junit.framework.TestSuite.runTest(TestSuite.java:232)
	at junit.framework.TestSuite.run(TestSuite.java:227)
	at org.apache.tools.ant.taskdefs.optional.junit.JUnitTestRunner.run(JUnitTestRunner.java:420)
	at org.apache.tools.ant.taskdefs.optional.junit.JUnitTestRunner.launch(JUnitTestRunner.java:911)
	at org.apache.tools.ant.taskdefs.optional.junit.JUnitTestRunner.main(JUnitTestRunner.java:768)
type: UploadType id: Unknown operator:stress - Create new UploadType.
com.topcoder.util.config.UnknownNamespaceException: com.topcoder.util.log is unknown
	at com.topcoder.util.config.DefaultConfigManager.getPropertyObject(DefaultConfigManager.java:429)
	at com.topcoder.util.config.DefaultConfigManager.getString(DefaultConfigManager.java:449)
	at com.topcoder.util.log.LogFactory.getAttribute(LogFactory.java:224)
	at com.topcoder.util.log.basic.BasicLog.log(BasicLog.java:74)
	at com.topcoder.management.deliverable.PersistenceUploadManager.persistenceUploadManagerHelper(PersistenceUploadManager.java:966)
	at com.topcoder.management.deliverable.PersistenceUploadManager.createUploadType(PersistenceUploadManager.java:454)
	at com.topcoder.management.deliverable.stresstests.StressTestPersistenceUploadManager.testCreateUploadType(StressTestPersistenceUploadManager.java:594)
	at com.topcoder.management.deliverable.stresstests.StressTestPersistenceUploadManager.testCreateUpload(StressTestPersistenceUploadManager.java:616)
	at com.topcoder.management.deliverable.stresstests.StressTestPersistenceUploadManager.testCreateSubmission(StressTestPersistenceUploadManager.java:159)
	at sun.reflect.NativeMethodAccessorImpl.invoke0(Native Method)
	at sun.reflect.NativeMethodAccessorImpl.invoke(NativeMethodAccessorImpl.java:57)
	at sun.reflect.DelegatingMethodAccessorImpl.invoke(DelegatingMethodAccessorImpl.java:43)
	at java.lang.reflect.Method.invoke(Method.java:616)
	at junit.framework.TestCase.runTest(TestCase.java:168)
	at junit.framework.TestCase.runBare(TestCase.java:134)
	at junit.framework.TestResult$1.protect(TestResult.java:110)
	at junit.framework.TestResult.runProtected(TestResult.java:128)
	at junit.framework.TestResult.run(TestResult.java:113)
	at junit.framework.TestCase.run(TestCase.java:124)
	at junit.framework.TestSuite.runTest(TestSuite.java:232)
	at junit.framework.TestSuite.run(TestSuite.java:227)
	at junit.framework.TestSuite.runTest(TestSuite.java:232)
	at junit.framework.TestSuite.run(TestSuite.java:227)
	at junit.framework.TestSuite.runTest(TestSuite.java:232)
	at junit.framework.TestSuite.run(TestSuite.java:227)
	at org.apache.tools.ant.taskdefs.optional.junit.JUnitTestRunner.run(JUnitTestRunner.java:420)
	at org.apache.tools.ant.taskdefs.optional.junit.JUnitTestRunner.launch(JUnitTestRunner.java:911)
	at org.apache.tools.ant.taskdefs.optional.junit.JUnitTestRunner.main(JUnitTestRunner.java:768)
generate next id from the idGenerator:upload_type_id_seq
com.topcoder.util.config.UnknownNamespaceException: com.topcoder.util.log is unknown
	at com.topcoder.util.config.DefaultConfigManager.getPropertyObject(DefaultConfigManager.java:429)
	at com.topcoder.util.config.DefaultConfigManager.getString(DefaultConfigManager.java:449)
	at com.topcoder.util.log.LogFactory.getAttribute(LogFactory.java:224)
	at com.topcoder.util.log.basic.BasicLog.log(BasicLog.java:74)
	at com.topcoder.management.deliverable.PersistenceUploadManager.createUploadStatus(PersistenceUploadManager.java:541)
	at com.topcoder.management.deliverable.stresstests.StressTestPersistenceUploadManager.testCreateUploadStatus(StressTestPersistenceUploadManager.java:414)
	at com.topcoder.management.deliverable.stresstests.StressTestPersistenceUploadManager.testCreateUpload(StressTestPersistenceUploadManager.java:617)
	at com.topcoder.management.deliverable.stresstests.StressTestPersistenceUploadManager.testCreateSubmission(StressTestPersistenceUploadManager.java:159)
	at sun.reflect.NativeMethodAccessorImpl.invoke0(Native Method)
	at sun.reflect.NativeMethodAccessorImpl.invoke(NativeMethodAccessorImpl.java:57)
	at sun.reflect.DelegatingMethodAccessorImpl.invoke(DelegatingMethodAccessorImpl.java:43)
	at java.lang.reflect.Method.invoke(Method.java:616)
	at junit.framework.TestCase.runTest(TestCase.java:168)
	at junit.framework.TestCase.runBare(TestCase.java:134)
	at junit.framework.TestResult$1.protect(TestResult.java:110)
	at junit.framework.TestResult.runProtected(TestResult.java:128)
	at junit.framework.TestResult.run(TestResult.java:113)
	at junit.framework.TestCase.run(TestCase.java:124)
	at junit.framework.TestSuite.runTest(TestSuite.java:232)
	at junit.framework.TestSuite.run(TestSuite.java:227)
	at junit.framework.TestSuite.runTest(TestSuite.java:232)
	at junit.framework.TestSuite.run(TestSuite.java:227)
	at junit.framework.TestSuite.runTest(TestSuite.java:232)
	at junit.framework.TestSuite.run(TestSuite.java:227)
	at org.apache.tools.ant.taskdefs.optional.junit.JUnitTestRunner.run(JUnitTestRunner.java:420)
	at org.apache.tools.ant.taskdefs.optional.junit.JUnitTestRunner.launch(JUnitTestRunner.java:911)
	at org.apache.tools.ant.taskdefs.optional.junit.JUnitTestRunner.main(JUnitTestRunner.java:768)
type: UploadStatus id: Unknown operator:stress - create new UploadStatus.
com.topcoder.util.config.UnknownNamespaceException: com.topcoder.util.log is unknown
	at com.topcoder.util.config.DefaultConfigManager.getPropertyObject(DefaultConfigManager.java:429)
	at com.topcoder.util.config.DefaultConfigManager.getString(DefaultConfigManager.java:449)
	at com.topcoder.util.log.LogFactory.getAttribute(LogFactory.java:224)
	at com.topcoder.util.log.basic.BasicLog.log(BasicLog.java:74)
	at com.topcoder.management.deliverable.PersistenceUploadManager.persistenceUploadManagerHelper(PersistenceUploadManager.java:966)
	at com.topcoder.management.deliverable.PersistenceUploadManager.createUploadStatus(PersistenceUploadManager.java:542)
	at com.topcoder.management.deliverable.stresstests.StressTestPersistenceUploadManager.testCreateUploadStatus(StressTestPersistenceUploadManager.java:414)
	at com.topcoder.management.deliverable.stresstests.StressTestPersistenceUploadManager.testCreateUpload(StressTestPersistenceUploadManager.java:617)
	at com.topcoder.management.deliverable.stresstests.StressTestPersistenceUploadManager.testCreateSubmission(StressTestPersistenceUploadManager.java:159)
	at sun.reflect.NativeMethodAccessorImpl.invoke0(Native Method)
	at sun.reflect.NativeMethodAccessorImpl.invoke(NativeMethodAccessorImpl.java:57)
	at sun.reflect.DelegatingMethodAccessorImpl.invoke(DelegatingMethodAccessorImpl.java:43)
	at java.lang.reflect.Method.invoke(Method.java:616)
	at junit.framework.TestCase.runTest(TestCase.java:168)
	at junit.framework.TestCase.runBare(TestCase.java:134)
	at junit.framework.TestResult$1.protect(TestResult.java:110)
	at junit.framework.TestResult.runProtected(TestResult.java:128)
	at junit.framework.TestResult.run(TestResult.java:113)
	at junit.framework.TestCase.run(TestCase.java:124)
	at junit.framework.TestSuite.runTest(TestSuite.java:232)
	at junit.framework.TestSuite.run(TestSuite.java:227)
	at junit.framework.TestSuite.runTest(TestSuite.java:232)
	at junit.framework.TestSuite.run(TestSuite.java:227)
	at junit.framework.TestSuite.runTest(TestSuite.java:232)
	at junit.framework.TestSuite.run(TestSuite.java:227)
	at org.apache.tools.ant.taskdefs.optional.junit.JUnitTestRunner.run(JUnitTestRunner.java:420)
	at org.apache.tools.ant.taskdefs.optional.junit.JUnitTestRunner.launch(JUnitTestRunner.java:911)
	at org.apache.tools.ant.taskdefs.optional.junit.JUnitTestRunner.main(JUnitTestRunner.java:768)
generate next id from the idGenerator:upload_status_id_seq
com.topcoder.util.config.UnknownNamespaceException: com.topcoder.util.log is unknown
	at com.topcoder.util.config.DefaultConfigManager.getPropertyObject(DefaultConfigManager.java:429)
	at com.topcoder.util.config.DefaultConfigManager.getString(DefaultConfigManager.java:449)
	at com.topcoder.util.log.LogFactory.getAttribute(LogFactory.java:224)
	at com.topcoder.util.log.basic.BasicLog.log(BasicLog.java:74)
	at com.topcoder.management.deliverable.PersistenceUploadManager.createUploadStatus(PersistenceUploadManager.java:541)
	at com.topcoder.management.deliverable.stresstests.StressTestPersistenceUploadManager.testCreateUploadStatus(StressTestPersistenceUploadManager.java:414)
	at com.topcoder.management.deliverable.stresstests.StressTestPersistenceUploadManager.testCreateUpload(StressTestPersistenceUploadManager.java:617)
	at com.topcoder.management.deliverable.stresstests.StressTestPersistenceUploadManager.testCreateSubmission(StressTestPersistenceUploadManager.java:159)
	at sun.reflect.NativeMethodAccessorImpl.invoke0(Native Method)
	at sun.reflect.NativeMethodAccessorImpl.invoke(NativeMethodAccessorImpl.java:57)
	at sun.reflect.DelegatingMethodAccessorImpl.invoke(DelegatingMethodAccessorImpl.java:43)
	at java.lang.reflect.Method.invoke(Method.java:616)
	at junit.framework.TestCase.runTest(TestCase.java:168)
	at junit.framework.TestCase.runBare(TestCase.java:134)
	at junit.framework.TestResult$1.protect(TestResult.java:110)
	at junit.framework.TestResult.runProtected(TestResult.java:128)
	at junit.framework.TestResult.run(TestResult.java:113)
	at junit.framework.TestCase.run(TestCase.java:124)
	at junit.framework.TestSuite.runTest(TestSuite.java:232)
	at junit.framework.TestSuite.run(TestSuite.java:227)
	at junit.framework.TestSuite.runTest(TestSuite.java:232)
	at junit.framework.TestSuite.run(TestSuite.java:227)
	at junit.framework.TestSuite.runTest(TestSuite.java:232)
	at junit.framework.TestSuite.run(TestSuite.java:227)
	at org.apache.tools.ant.taskdefs.optional.junit.JUnitTestRunner.run(JUnitTestRunner.java:420)
	at org.apache.tools.ant.taskdefs.optional.junit.JUnitTestRunner.launch(JUnitTestRunner.java:911)
	at org.apache.tools.ant.taskdefs.optional.junit.JUnitTestRunner.main(JUnitTestRunner.java:768)
type: UploadStatus id: Unknown operator:stress - create new UploadStatus.
com.topcoder.util.config.UnknownNamespaceException: com.topcoder.util.log is unknown
	at com.topcoder.util.config.DefaultConfigManager.getPropertyObject(DefaultConfigManager.java:429)
	at com.topcoder.util.config.DefaultConfigManager.getString(DefaultConfigManager.java:449)
	at com.topcoder.util.log.LogFactory.getAttribute(LogFactory.java:224)
	at com.topcoder.util.log.basic.BasicLog.log(BasicLog.java:74)
	at com.topcoder.management.deliverable.PersistenceUploadManager.persistenceUploadManagerHelper(PersistenceUploadManager.java:966)
	at com.topcoder.management.deliverable.PersistenceUploadManager.createUploadStatus(PersistenceUploadManager.java:542)
	at com.topcoder.management.deliverable.stresstests.StressTestPersistenceUploadManager.testCreateUploadStatus(StressTestPersistenceUploadManager.java:414)
	at com.topcoder.management.deliverable.stresstests.StressTestPersistenceUploadManager.testCreateUpload(StressTestPersistenceUploadManager.java:617)
	at com.topcoder.management.deliverable.stresstests.StressTestPersistenceUploadManager.testCreateSubmission(StressTestPersistenceUploadManager.java:159)
	at sun.reflect.NativeMethodAccessorImpl.invoke0(Native Method)
	at sun.reflect.NativeMethodAccessorImpl.invoke(NativeMethodAccessorImpl.java:57)
	at sun.reflect.DelegatingMethodAccessorImpl.invoke(DelegatingMethodAccessorImpl.java:43)
	at java.lang.reflect.Method.invoke(Method.java:616)
	at junit.framework.TestCase.runTest(TestCase.java:168)
	at junit.framework.TestCase.runBare(TestCase.java:134)
	at junit.framework.TestResult$1.protect(TestResult.java:110)
	at junit.framework.TestResult.runProtected(TestResult.java:128)
	at junit.framework.TestResult.run(TestResult.java:113)
	at junit.framework.TestCase.run(TestCase.java:124)
	at junit.framework.TestSuite.runTest(TestSuite.java:232)
	at junit.framework.TestSuite.run(TestSuite.java:227)
	at junit.framework.TestSuite.runTest(TestSuite.java:232)
	at junit.framework.TestSuite.run(TestSuite.java:227)
	at junit.framework.TestSuite.runTest(TestSuite.java:232)
	at junit.framework.TestSuite.run(TestSuite.java:227)
	at org.apache.tools.ant.taskdefs.optional.junit.JUnitTestRunner.run(JUnitTestRunner.java:420)
	at org.apache.tools.ant.taskdefs.optional.junit.JUnitTestRunner.launch(JUnitTestRunner.java:911)
	at org.apache.tools.ant.taskdefs.optional.junit.JUnitTestRunner.main(JUnitTestRunner.java:768)
generate next id from the idGenerator:upload_status_id_seq
com.topcoder.util.config.UnknownNamespaceException: com.topcoder.util.log is unknown
	at com.topcoder.util.config.DefaultConfigManager.getPropertyObject(DefaultConfigManager.java:429)
	at com.topcoder.util.config.DefaultConfigManager.getString(DefaultConfigManager.java:449)
	at com.topcoder.util.log.LogFactory.getAttribute(LogFactory.java:224)
	at com.topcoder.util.log.basic.BasicLog.log(BasicLog.java:74)
	at com.topcoder.management.deliverable.PersistenceUploadManager.createUpload(PersistenceUploadManager.java:335)
	at com.topcoder.management.deliverable.stresstests.StressTestPersistenceUploadManager.testCreateUpload(StressTestPersistenceUploadManager.java:623)
	at com.topcoder.management.deliverable.stresstests.StressTestPersistenceUploadManager.testCreateSubmission(StressTestPersistenceUploadManager.java:159)
	at sun.reflect.NativeMethodAccessorImpl.invoke0(Native Method)
	at sun.reflect.NativeMethodAccessorImpl.invoke(NativeMethodAccessorImpl.java:57)
	at sun.reflect.DelegatingMethodAccessorImpl.invoke(DelegatingMethodAccessorImpl.java:43)
	at java.lang.reflect.Method.invoke(Method.java:616)
	at junit.framework.TestCase.runTest(TestCase.java:168)
	at junit.framework.TestCase.runBare(TestCase.java:134)
	at junit.framework.TestResult$1.protect(TestResult.java:110)
	at junit.framework.TestResult.runProtected(TestResult.java:128)
	at junit.framework.TestResult.run(TestResult.java:113)
	at junit.framework.TestCase.run(TestCase.java:124)
	at junit.framework.TestSuite.runTest(TestSuite.java:232)
	at junit.framework.TestSuite.run(TestSuite.java:227)
	at junit.framework.TestSuite.runTest(TestSuite.java:232)
	at junit.framework.TestSuite.run(TestSuite.java:227)
	at junit.framework.TestSuite.runTest(TestSuite.java:232)
	at junit.framework.TestSuite.run(TestSuite.java:227)
	at org.apache.tools.ant.taskdefs.optional.junit.JUnitTestRunner.run(JUnitTestRunner.java:420)
	at org.apache.tools.ant.taskdefs.optional.junit.JUnitTestRunner.launch(JUnitTestRunner.java:911)
	at org.apache.tools.ant.taskdefs.optional.junit.JUnitTestRunner.main(JUnitTestRunner.java:768)
type: Upload id: Unknown operator:stress - Create new Upload.
com.topcoder.util.config.UnknownNamespaceException: com.topcoder.util.log is unknown
	at com.topcoder.util.config.DefaultConfigManager.getPropertyObject(DefaultConfigManager.java:429)
	at com.topcoder.util.config.DefaultConfigManager.getString(DefaultConfigManager.java:449)
	at com.topcoder.util.log.LogFactory.getAttribute(LogFactory.java:224)
	at com.topcoder.util.log.basic.BasicLog.log(BasicLog.java:74)
	at com.topcoder.management.deliverable.PersistenceUploadManager.persistenceUploadManagerHelper(PersistenceUploadManager.java:966)
	at com.topcoder.management.deliverable.PersistenceUploadManager.createUpload(PersistenceUploadManager.java:336)
	at com.topcoder.management.deliverable.stresstests.StressTestPersistenceUploadManager.testCreateUpload(StressTestPersistenceUploadManager.java:623)
	at com.topcoder.management.deliverable.stresstests.StressTestPersistenceUploadManager.testCreateSubmission(StressTestPersistenceUploadManager.java:159)
	at sun.reflect.NativeMethodAccessorImpl.invoke0(Native Method)
	at sun.reflect.NativeMethodAccessorImpl.invoke(NativeMethodAccessorImpl.java:57)
	at sun.reflect.DelegatingMethodAccessorImpl.invoke(DelegatingMethodAccessorImpl.java:43)
	at java.lang.reflect.Method.invoke(Method.java:616)
	at junit.framework.TestCase.runTest(TestCase.java:168)
	at junit.framework.TestCase.runBare(TestCase.java:134)
	at junit.framework.TestResult$1.protect(TestResult.java:110)
	at junit.framework.TestResult.runProtected(TestResult.java:128)
	at junit.framework.TestResult.run(TestResult.java:113)
	at junit.framework.TestCase.run(TestCase.java:124)
	at junit.framework.TestSuite.runTest(TestSuite.java:232)
	at junit.framework.TestSuite.run(TestSuite.java:227)
	at junit.framework.TestSuite.runTest(TestSuite.java:232)
	at junit.framework.TestSuite.run(TestSuite.java:227)
	at junit.framework.TestSuite.runTest(TestSuite.java:232)
	at junit.framework.TestSuite.run(TestSuite.java:227)
	at org.apache.tools.ant.taskdefs.optional.junit.JUnitTestRunner.run(JUnitTestRunner.java:420)
	at org.apache.tools.ant.taskdefs.optional.junit.JUnitTestRunner.launch(JUnitTestRunner.java:911)
	at org.apache.tools.ant.taskdefs.optional.junit.JUnitTestRunner.main(JUnitTestRunner.java:768)
generate next id from the idGenerator:upload_id_seq
com.topcoder.util.config.UnknownNamespaceException: com.topcoder.util.log is unknown
	at com.topcoder.util.config.DefaultConfigManager.getPropertyObject(DefaultConfigManager.java:429)
	at com.topcoder.util.config.DefaultConfigManager.getString(DefaultConfigManager.java:449)
	at com.topcoder.util.log.LogFactory.getAttribute(LogFactory.java:224)
	at com.topcoder.util.log.basic.BasicLog.log(BasicLog.java:74)
	at com.topcoder.management.deliverable.PersistenceUploadManager.createUpload(PersistenceUploadManager.java:335)
	at com.topcoder.management.deliverable.stresstests.StressTestPersistenceUploadManager.testCreateUpload(StressTestPersistenceUploadManager.java:623)
	at com.topcoder.management.deliverable.stresstests.StressTestPersistenceUploadManager.testCreateSubmission(StressTestPersistenceUploadManager.java:159)
	at sun.reflect.NativeMethodAccessorImpl.invoke0(Native Method)
	at sun.reflect.NativeMethodAccessorImpl.invoke(NativeMethodAccessorImpl.java:57)
	at sun.reflect.DelegatingMethodAccessorImpl.invoke(DelegatingMethodAccessorImpl.java:43)
	at java.lang.reflect.Method.invoke(Method.java:616)
	at junit.framework.TestCase.runTest(TestCase.java:168)
	at junit.framework.TestCase.runBare(TestCase.java:134)
	at junit.framework.TestResult$1.protect(TestResult.java:110)
	at junit.framework.TestResult.runProtected(TestResult.java:128)
	at junit.framework.TestResult.run(TestResult.java:113)
	at junit.framework.TestCase.run(TestCase.java:124)
	at junit.framework.TestSuite.runTest(TestSuite.java:232)
	at junit.framework.TestSuite.run(TestSuite.java:227)
	at junit.framework.TestSuite.runTest(TestSuite.java:232)
	at junit.framework.TestSuite.run(TestSuite.java:227)
	at junit.framework.TestSuite.runTest(TestSuite.java:232)
	at junit.framework.TestSuite.run(TestSuite.java:227)
	at org.apache.tools.ant.taskdefs.optional.junit.JUnitTestRunner.run(JUnitTestRunner.java:420)
	at org.apache.tools.ant.taskdefs.optional.junit.JUnitTestRunner.launch(JUnitTestRunner.java:911)
	at org.apache.tools.ant.taskdefs.optional.junit.JUnitTestRunner.main(JUnitTestRunner.java:768)
type: Upload id: Unknown operator:stress - Create new Upload.
com.topcoder.util.config.UnknownNamespaceException: com.topcoder.util.log is unknown
	at com.topcoder.util.config.DefaultConfigManager.getPropertyObject(DefaultConfigManager.java:429)
	at com.topcoder.util.config.DefaultConfigManager.getString(DefaultConfigManager.java:449)
	at com.topcoder.util.log.LogFactory.getAttribute(LogFactory.java:224)
	at com.topcoder.util.log.basic.BasicLog.log(BasicLog.java:74)
	at com.topcoder.management.deliverable.PersistenceUploadManager.persistenceUploadManagerHelper(PersistenceUploadManager.java:966)
	at com.topcoder.management.deliverable.PersistenceUploadManager.createUpload(PersistenceUploadManager.java:336)
	at com.topcoder.management.deliverable.stresstests.StressTestPersistenceUploadManager.testCreateUpload(StressTestPersistenceUploadManager.java:623)
	at com.topcoder.management.deliverable.stresstests.StressTestPersistenceUploadManager.testCreateSubmission(StressTestPersistenceUploadManager.java:159)
	at sun.reflect.NativeMethodAccessorImpl.invoke0(Native Method)
	at sun.reflect.NativeMethodAccessorImpl.invoke(NativeMethodAccessorImpl.java:57)
	at sun.reflect.DelegatingMethodAccessorImpl.invoke(DelegatingMethodAccessorImpl.java:43)
	at java.lang.reflect.Method.invoke(Method.java:616)
	at junit.framework.TestCase.runTest(TestCase.java:168)
	at junit.framework.TestCase.runBare(TestCase.java:134)
	at junit.framework.TestResult$1.protect(TestResult.java:110)
	at junit.framework.TestResult.runProtected(TestResult.java:128)
	at junit.framework.TestResult.run(TestResult.java:113)
	at junit.framework.TestCase.run(TestCase.java:124)
	at junit.framework.TestSuite.runTest(TestSuite.java:232)
	at junit.framework.TestSuite.run(TestSuite.java:227)
	at junit.framework.TestSuite.runTest(TestSuite.java:232)
	at junit.framework.TestSuite.run(TestSuite.java:227)
	at junit.framework.TestSuite.runTest(TestSuite.java:232)
	at junit.framework.TestSuite.run(TestSuite.java:227)
	at org.apache.tools.ant.taskdefs.optional.junit.JUnitTestRunner.run(JUnitTestRunner.java:420)
	at org.apache.tools.ant.taskdefs.optional.junit.JUnitTestRunner.launch(JUnitTestRunner.java:911)
	at org.apache.tools.ant.taskdefs.optional.junit.JUnitTestRunner.main(JUnitTestRunner.java:768)
generate next id from the idGenerator:upload_id_seq
com.topcoder.util.config.UnknownNamespaceException: com.topcoder.util.log is unknown
	at com.topcoder.util.config.DefaultConfigManager.getPropertyObject(DefaultConfigManager.java:429)
	at com.topcoder.util.config.DefaultConfigManager.getString(DefaultConfigManager.java:449)
	at com.topcoder.util.log.LogFactory.getAttribute(LogFactory.java:224)
	at com.topcoder.util.log.basic.BasicLog.log(BasicLog.java:74)
	at com.topcoder.management.deliverable.PersistenceUploadManager.createSubmissionStatus(PersistenceUploadManager.java:748)
	at com.topcoder.management.deliverable.stresstests.StressTestPersistenceUploadManager.testCreateSubmissionStatus(StressTestPersistenceUploadManager.java:285)
	at com.topcoder.management.deliverable.stresstests.StressTestPersistenceUploadManager.testCreateSubmission(StressTestPersistenceUploadManager.java:160)
	at sun.reflect.NativeMethodAccessorImpl.invoke0(Native Method)
	at sun.reflect.NativeMethodAccessorImpl.invoke(NativeMethodAccessorImpl.java:57)
	at sun.reflect.DelegatingMethodAccessorImpl.invoke(DelegatingMethodAccessorImpl.java:43)
	at java.lang.reflect.Method.invoke(Method.java:616)
	at junit.framework.TestCase.runTest(TestCase.java:168)
	at junit.framework.TestCase.runBare(TestCase.java:134)
	at junit.framework.TestResult$1.protect(TestResult.java:110)
	at junit.framework.TestResult.runProtected(TestResult.java:128)
	at junit.framework.TestResult.run(TestResult.java:113)
	at junit.framework.TestCase.run(TestCase.java:124)
	at junit.framework.TestSuite.runTest(TestSuite.java:232)
	at junit.framework.TestSuite.run(TestSuite.java:227)
	at junit.framework.TestSuite.runTest(TestSuite.java:232)
	at junit.framework.TestSuite.run(TestSuite.java:227)
	at junit.framework.TestSuite.runTest(TestSuite.java:232)
	at junit.framework.TestSuite.run(TestSuite.java:227)
	at org.apache.tools.ant.taskdefs.optional.junit.JUnitTestRunner.run(JUnitTestRunner.java:420)
	at org.apache.tools.ant.taskdefs.optional.junit.JUnitTestRunner.launch(JUnitTestRunner.java:911)
	at org.apache.tools.ant.taskdefs.optional.junit.JUnitTestRunner.main(JUnitTestRunner.java:768)
type: SubmissionStatus id: Unknown operator:stress - create new SubmissionStatus.
com.topcoder.util.config.UnknownNamespaceException: com.topcoder.util.log is unknown
	at com.topcoder.util.config.DefaultConfigManager.getPropertyObject(DefaultConfigManager.java:429)
	at com.topcoder.util.config.DefaultConfigManager.getString(DefaultConfigManager.java:449)
	at com.topcoder.util.log.LogFactory.getAttribute(LogFactory.java:224)
	at com.topcoder.util.log.basic.BasicLog.log(BasicLog.java:74)
	at com.topcoder.management.deliverable.PersistenceUploadManager.persistenceUploadManagerHelper(PersistenceUploadManager.java:966)
	at com.topcoder.management.deliverable.PersistenceUploadManager.createSubmissionStatus(PersistenceUploadManager.java:749)
	at com.topcoder.management.deliverable.stresstests.StressTestPersistenceUploadManager.testCreateSubmissionStatus(StressTestPersistenceUploadManager.java:285)
	at com.topcoder.management.deliverable.stresstests.StressTestPersistenceUploadManager.testCreateSubmission(StressTestPersistenceUploadManager.java:160)
	at sun.reflect.NativeMethodAccessorImpl.invoke0(Native Method)
	at sun.reflect.NativeMethodAccessorImpl.invoke(NativeMethodAccessorImpl.java:57)
	at sun.reflect.DelegatingMethodAccessorImpl.invoke(DelegatingMethodAccessorImpl.java:43)
	at java.lang.reflect.Method.invoke(Method.java:616)
	at junit.framework.TestCase.runTest(TestCase.java:168)
	at junit.framework.TestCase.runBare(TestCase.java:134)
	at junit.framework.TestResult$1.protect(TestResult.java:110)
	at junit.framework.TestResult.runProtected(TestResult.java:128)
	at junit.framework.TestResult.run(TestResult.java:113)
	at junit.framework.TestCase.run(TestCase.java:124)
	at junit.framework.TestSuite.runTest(TestSuite.java:232)
	at junit.framework.TestSuite.run(TestSuite.java:227)
	at junit.framework.TestSuite.runTest(TestSuite.java:232)
	at junit.framework.TestSuite.run(TestSuite.java:227)
	at junit.framework.TestSuite.runTest(TestSuite.java:232)
	at junit.framework.TestSuite.run(TestSuite.java:227)
	at org.apache.tools.ant.taskdefs.optional.junit.JUnitTestRunner.run(JUnitTestRunner.java:420)
	at org.apache.tools.ant.taskdefs.optional.junit.JUnitTestRunner.launch(JUnitTestRunner.java:911)
	at org.apache.tools.ant.taskdefs.optional.junit.JUnitTestRunner.main(JUnitTestRunner.java:768)
generate next id from the idGenerator:submission_status_id_seq
com.topcoder.util.config.UnknownNamespaceException: com.topcoder.util.log is unknown
	at com.topcoder.util.config.DefaultConfigManager.getPropertyObject(DefaultConfigManager.java:429)
	at com.topcoder.util.config.DefaultConfigManager.getString(DefaultConfigManager.java:449)
	at com.topcoder.util.log.LogFactory.getAttribute(LogFactory.java:224)
	at com.topcoder.util.log.basic.BasicLog.log(BasicLog.java:74)
	at com.topcoder.management.deliverable.PersistenceUploadManager.createSubmissionStatus(PersistenceUploadManager.java:748)
	at com.topcoder.management.deliverable.stresstests.StressTestPersistenceUploadManager.testCreateSubmissionStatus(StressTestPersistenceUploadManager.java:285)
	at com.topcoder.management.deliverable.stresstests.StressTestPersistenceUploadManager.testCreateSubmission(StressTestPersistenceUploadManager.java:160)
	at sun.reflect.NativeMethodAccessorImpl.invoke0(Native Method)
	at sun.reflect.NativeMethodAccessorImpl.invoke(NativeMethodAccessorImpl.java:57)
	at sun.reflect.DelegatingMethodAccessorImpl.invoke(DelegatingMethodAccessorImpl.java:43)
	at java.lang.reflect.Method.invoke(Method.java:616)
	at junit.framework.TestCase.runTest(TestCase.java:168)
	at junit.framework.TestCase.runBare(TestCase.java:134)
	at junit.framework.TestResult$1.protect(TestResult.java:110)
	at junit.framework.TestResult.runProtected(TestResult.java:128)
	at junit.framework.TestResult.run(TestResult.java:113)
	at junit.framework.TestCase.run(TestCase.java:124)
	at junit.framework.TestSuite.runTest(TestSuite.java:232)
	at junit.framework.TestSuite.run(TestSuite.java:227)
	at junit.framework.TestSuite.runTest(TestSuite.java:232)
	at junit.framework.TestSuite.run(TestSuite.java:227)
	at junit.framework.TestSuite.runTest(TestSuite.java:232)
	at junit.framework.TestSuite.run(TestSuite.java:227)
	at org.apache.tools.ant.taskdefs.optional.junit.JUnitTestRunner.run(JUnitTestRunner.java:420)
	at org.apache.tools.ant.taskdefs.optional.junit.JUnitTestRunner.launch(JUnitTestRunner.java:911)
	at org.apache.tools.ant.taskdefs.optional.junit.JUnitTestRunner.main(JUnitTestRunner.java:768)
type: SubmissionStatus id: Unknown operator:stress - create new SubmissionStatus.
com.topcoder.util.config.UnknownNamespaceException: com.topcoder.util.log is unknown
	at com.topcoder.util.config.DefaultConfigManager.getPropertyObject(DefaultConfigManager.java:429)
	at com.topcoder.util.config.DefaultConfigManager.getString(DefaultConfigManager.java:449)
	at com.topcoder.util.log.LogFactory.getAttribute(LogFactory.java:224)
	at com.topcoder.util.log.basic.BasicLog.log(BasicLog.java:74)
	at com.topcoder.management.deliverable.PersistenceUploadManager.persistenceUploadManagerHelper(PersistenceUploadManager.java:966)
	at com.topcoder.management.deliverable.PersistenceUploadManager.createSubmissionStatus(PersistenceUploadManager.java:749)
	at com.topcoder.management.deliverable.stresstests.StressTestPersistenceUploadManager.testCreateSubmissionStatus(StressTestPersistenceUploadManager.java:285)
	at com.topcoder.management.deliverable.stresstests.StressTestPersistenceUploadManager.testCreateSubmission(StressTestPersistenceUploadManager.java:160)
	at sun.reflect.NativeMethodAccessorImpl.invoke0(Native Method)
	at sun.reflect.NativeMethodAccessorImpl.invoke(NativeMethodAccessorImpl.java:57)
	at sun.reflect.DelegatingMethodAccessorImpl.invoke(DelegatingMethodAccessorImpl.java:43)
	at java.lang.reflect.Method.invoke(Method.java:616)
	at junit.framework.TestCase.runTest(TestCase.java:168)
	at junit.framework.TestCase.runBare(TestCase.java:134)
	at junit.framework.TestResult$1.protect(TestResult.java:110)
	at junit.framework.TestResult.runProtected(TestResult.java:128)
	at junit.framework.TestResult.run(TestResult.java:113)
	at junit.framework.TestCase.run(TestCase.java:124)
	at junit.framework.TestSuite.runTest(TestSuite.java:232)
	at junit.framework.TestSuite.run(TestSuite.java:227)
	at junit.framework.TestSuite.runTest(TestSuite.java:232)
	at junit.framework.TestSuite.run(TestSuite.java:227)
	at junit.framework.TestSuite.runTest(TestSuite.java:232)
	at junit.framework.TestSuite.run(TestSuite.java:227)
	at org.apache.tools.ant.taskdefs.optional.junit.JUnitTestRunner.run(JUnitTestRunner.java:420)
	at org.apache.tools.ant.taskdefs.optional.junit.JUnitTestRunner.launch(JUnitTestRunner.java:911)
	at org.apache.tools.ant.taskdefs.optional.junit.JUnitTestRunner.main(JUnitTestRunner.java:768)
generate next id from the idGenerator:submission_status_id_seq
com.topcoder.util.config.UnknownNamespaceException: com.topcoder.util.log is unknown
	at com.topcoder.util.config.DefaultConfigManager.getPropertyObject(DefaultConfigManager.java:429)
	at com.topcoder.util.config.DefaultConfigManager.getString(DefaultConfigManager.java:449)
	at com.topcoder.util.log.LogFactory.getAttribute(LogFactory.java:224)
	at com.topcoder.util.log.basic.BasicLog.log(BasicLog.java:74)
	at com.topcoder.management.deliverable.PersistenceUploadManager.createSubmissionType(PersistenceUploadManager.java:845)
	at com.topcoder.management.deliverable.stresstests.StressTestPersistenceUploadManager.testCreateSubmissionType(StressTestPersistenceUploadManager.java:501)
	at com.topcoder.management.deliverable.stresstests.StressTestPersistenceUploadManager.testCreateSubmission(StressTestPersistenceUploadManager.java:161)
	at sun.reflect.NativeMethodAccessorImpl.invoke0(Native Method)
	at sun.reflect.NativeMethodAccessorImpl.invoke(NativeMethodAccessorImpl.java:57)
	at sun.reflect.DelegatingMethodAccessorImpl.invoke(DelegatingMethodAccessorImpl.java:43)
	at java.lang.reflect.Method.invoke(Method.java:616)
	at junit.framework.TestCase.runTest(TestCase.java:168)
	at junit.framework.TestCase.runBare(TestCase.java:134)
	at junit.framework.TestResult$1.protect(TestResult.java:110)
	at junit.framework.TestResult.runProtected(TestResult.java:128)
	at junit.framework.TestResult.run(TestResult.java:113)
	at junit.framework.TestCase.run(TestCase.java:124)
	at junit.framework.TestSuite.runTest(TestSuite.java:232)
	at junit.framework.TestSuite.run(TestSuite.java:227)
	at junit.framework.TestSuite.runTest(TestSuite.java:232)
	at junit.framework.TestSuite.run(TestSuite.java:227)
	at junit.framework.TestSuite.runTest(TestSuite.java:232)
	at junit.framework.TestSuite.run(TestSuite.java:227)
	at org.apache.tools.ant.taskdefs.optional.junit.JUnitTestRunner.run(JUnitTestRunner.java:420)
	at org.apache.tools.ant.taskdefs.optional.junit.JUnitTestRunner.launch(JUnitTestRunner.java:911)
	at org.apache.tools.ant.taskdefs.optional.junit.JUnitTestRunner.main(JUnitTestRunner.java:768)
type: SubmissionType id: Unknown operator:stress - Create new SubmissionType.
com.topcoder.util.config.UnknownNamespaceException: com.topcoder.util.log is unknown
	at com.topcoder.util.config.DefaultConfigManager.getPropertyObject(DefaultConfigManager.java:429)
	at com.topcoder.util.config.DefaultConfigManager.getString(DefaultConfigManager.java:449)
	at com.topcoder.util.log.LogFactory.getAttribute(LogFactory.java:224)
	at com.topcoder.util.log.basic.BasicLog.log(BasicLog.java:74)
	at com.topcoder.management.deliverable.PersistenceUploadManager.persistenceUploadManagerHelper(PersistenceUploadManager.java:966)
	at com.topcoder.management.deliverable.PersistenceUploadManager.createSubmissionType(PersistenceUploadManager.java:847)
	at com.topcoder.management.deliverable.stresstests.StressTestPersistenceUploadManager.testCreateSubmissionType(StressTestPersistenceUploadManager.java:501)
	at com.topcoder.management.deliverable.stresstests.StressTestPersistenceUploadManager.testCreateSubmission(StressTestPersistenceUploadManager.java:161)
	at sun.reflect.NativeMethodAccessorImpl.invoke0(Native Method)
	at sun.reflect.NativeMethodAccessorImpl.invoke(NativeMethodAccessorImpl.java:57)
	at sun.reflect.DelegatingMethodAccessorImpl.invoke(DelegatingMethodAccessorImpl.java:43)
	at java.lang.reflect.Method.invoke(Method.java:616)
	at junit.framework.TestCase.runTest(TestCase.java:168)
	at junit.framework.TestCase.runBare(TestCase.java:134)
	at junit.framework.TestResult$1.protect(TestResult.java:110)
	at junit.framework.TestResult.runProtected(TestResult.java:128)
	at junit.framework.TestResult.run(TestResult.java:113)
	at junit.framework.TestCase.run(TestCase.java:124)
	at junit.framework.TestSuite.runTest(TestSuite.java:232)
	at junit.framework.TestSuite.run(TestSuite.java:227)
	at junit.framework.TestSuite.runTest(TestSuite.java:232)
	at junit.framework.TestSuite.run(TestSuite.java:227)
	at junit.framework.TestSuite.runTest(TestSuite.java:232)
	at junit.framework.TestSuite.run(TestSuite.java:227)
	at org.apache.tools.ant.taskdefs.optional.junit.JUnitTestRunner.run(JUnitTestRunner.java:420)
	at org.apache.tools.ant.taskdefs.optional.junit.JUnitTestRunner.launch(JUnitTestRunner.java:911)
	at org.apache.tools.ant.taskdefs.optional.junit.JUnitTestRunner.main(JUnitTestRunner.java:768)
generate next id from the idGenerator:submission_type_id_seq
com.topcoder.util.config.UnknownNamespaceException: com.topcoder.util.log is unknown
	at com.topcoder.util.config.DefaultConfigManager.getPropertyObject(DefaultConfigManager.java:429)
	at com.topcoder.util.config.DefaultConfigManager.getString(DefaultConfigManager.java:449)
	at com.topcoder.util.log.LogFactory.getAttribute(LogFactory.java:224)
	at com.topcoder.util.log.basic.BasicLog.log(BasicLog.java:74)
	at com.topcoder.management.deliverable.PersistenceUploadManager.createSubmissionType(PersistenceUploadManager.java:845)
	at com.topcoder.management.deliverable.stresstests.StressTestPersistenceUploadManager.testCreateSubmissionType(StressTestPersistenceUploadManager.java:501)
	at com.topcoder.management.deliverable.stresstests.StressTestPersistenceUploadManager.testCreateSubmission(StressTestPersistenceUploadManager.java:161)
	at sun.reflect.NativeMethodAccessorImpl.invoke0(Native Method)
	at sun.reflect.NativeMethodAccessorImpl.invoke(NativeMethodAccessorImpl.java:57)
	at sun.reflect.DelegatingMethodAccessorImpl.invoke(DelegatingMethodAccessorImpl.java:43)
	at java.lang.reflect.Method.invoke(Method.java:616)
	at junit.framework.TestCase.runTest(TestCase.java:168)
	at junit.framework.TestCase.runBare(TestCase.java:134)
	at junit.framework.TestResult$1.protect(TestResult.java:110)
	at junit.framework.TestResult.runProtected(TestResult.java:128)
	at junit.framework.TestResult.run(TestResult.java:113)
	at junit.framework.TestCase.run(TestCase.java:124)
	at junit.framework.TestSuite.runTest(TestSuite.java:232)
	at junit.framework.TestSuite.run(TestSuite.java:227)
	at junit.framework.TestSuite.runTest(TestSuite.java:232)
	at junit.framework.TestSuite.run(TestSuite.java:227)
	at junit.framework.TestSuite.runTest(TestSuite.java:232)
	at junit.framework.TestSuite.run(TestSuite.java:227)
	at org.apache.tools.ant.taskdefs.optional.junit.JUnitTestRunner.run(JUnitTestRunner.java:420)
	at org.apache.tools.ant.taskdefs.optional.junit.JUnitTestRunner.launch(JUnitTestRunner.java:911)
	at org.apache.tools.ant.taskdefs.optional.junit.JUnitTestRunner.main(JUnitTestRunner.java:768)
type: SubmissionType id: Unknown operator:stress - Create new SubmissionType.
com.topcoder.util.config.UnknownNamespaceException: com.topcoder.util.log is unknown
	at com.topcoder.util.config.DefaultConfigManager.getPropertyObject(DefaultConfigManager.java:429)
	at com.topcoder.util.config.DefaultConfigManager.getString(DefaultConfigManager.java:449)
	at com.topcoder.util.log.LogFactory.getAttribute(LogFactory.java:224)
	at com.topcoder.util.log.basic.BasicLog.log(BasicLog.java:74)
	at com.topcoder.management.deliverable.PersistenceUploadManager.persistenceUploadManagerHelper(PersistenceUploadManager.java:966)
	at com.topcoder.management.deliverable.PersistenceUploadManager.createSubmissionType(PersistenceUploadManager.java:847)
	at com.topcoder.management.deliverable.stresstests.StressTestPersistenceUploadManager.testCreateSubmissionType(StressTestPersistenceUploadManager.java:501)
	at com.topcoder.management.deliverable.stresstests.StressTestPersistenceUploadManager.testCreateSubmission(StressTestPersistenceUploadManager.java:161)
	at sun.reflect.NativeMethodAccessorImpl.invoke0(Native Method)
	at sun.reflect.NativeMethodAccessorImpl.invoke(NativeMethodAccessorImpl.java:57)
	at sun.reflect.DelegatingMethodAccessorImpl.invoke(DelegatingMethodAccessorImpl.java:43)
	at java.lang.reflect.Method.invoke(Method.java:616)
	at junit.framework.TestCase.runTest(TestCase.java:168)
	at junit.framework.TestCase.runBare(TestCase.java:134)
	at junit.framework.TestResult$1.protect(TestResult.java:110)
	at junit.framework.TestResult.runProtected(TestResult.java:128)
	at junit.framework.TestResult.run(TestResult.java:113)
	at junit.framework.TestCase.run(TestCase.java:124)
	at junit.framework.TestSuite.runTest(TestSuite.java:232)
	at junit.framework.TestSuite.run(TestSuite.java:227)
	at junit.framework.TestSuite.runTest(TestSuite.java:232)
	at junit.framework.TestSuite.run(TestSuite.java:227)
	at junit.framework.TestSuite.runTest(TestSuite.java:232)
	at junit.framework.TestSuite.run(TestSuite.java:227)
	at org.apache.tools.ant.taskdefs.optional.junit.JUnitTestRunner.run(JUnitTestRunner.java:420)
	at org.apache.tools.ant.taskdefs.optional.junit.JUnitTestRunner.launch(JUnitTestRunner.java:911)
	at org.apache.tools.ant.taskdefs.optional.junit.JUnitTestRunner.main(JUnitTestRunner.java:768)
generate next id from the idGenerator:submission_type_id_seq
com.topcoder.util.config.UnknownNamespaceException: com.topcoder.util.log is unknown
	at com.topcoder.util.config.DefaultConfigManager.getPropertyObject(DefaultConfigManager.java:429)
	at com.topcoder.util.config.DefaultConfigManager.getString(DefaultConfigManager.java:449)
	at com.topcoder.util.log.LogFactory.getAttribute(LogFactory.java:224)
	at com.topcoder.util.log.basic.BasicLog.log(BasicLog.java:74)
	at com.topcoder.management.deliverable.PersistenceUploadManager.createSubmission(PersistenceUploadManager.java:631)
	at com.topcoder.management.deliverable.stresstests.StressTestPersistenceUploadManager.testCreateSubmission(StressTestPersistenceUploadManager.java:170)
	at sun.reflect.NativeMethodAccessorImpl.invoke0(Native Method)
	at sun.reflect.NativeMethodAccessorImpl.invoke(NativeMethodAccessorImpl.java:57)
	at sun.reflect.DelegatingMethodAccessorImpl.invoke(DelegatingMethodAccessorImpl.java:43)
	at java.lang.reflect.Method.invoke(Method.java:616)
	at junit.framework.TestCase.runTest(TestCase.java:168)
	at junit.framework.TestCase.runBare(TestCase.java:134)
	at junit.framework.TestResult$1.protect(TestResult.java:110)
	at junit.framework.TestResult.runProtected(TestResult.java:128)
	at junit.framework.TestResult.run(TestResult.java:113)
	at junit.framework.TestCase.run(TestCase.java:124)
	at junit.framework.TestSuite.runTest(TestSuite.java:232)
	at junit.framework.TestSuite.run(TestSuite.java:227)
	at junit.framework.TestSuite.runTest(TestSuite.java:232)
	at junit.framework.TestSuite.run(TestSuite.java:227)
	at junit.framework.TestSuite.runTest(TestSuite.java:232)
	at junit.framework.TestSuite.run(TestSuite.java:227)
	at org.apache.tools.ant.taskdefs.optional.junit.JUnitTestRunner.run(JUnitTestRunner.java:420)
	at org.apache.tools.ant.taskdefs.optional.junit.JUnitTestRunner.launch(JUnitTestRunner.java:911)
	at org.apache.tools.ant.taskdefs.optional.junit.JUnitTestRunner.main(JUnitTestRunner.java:768)
type: Submission id: Unknown operator:operator - create new Submission.
com.topcoder.util.config.UnknownNamespaceException: com.topcoder.util.log is unknown
	at com.topcoder.util.config.DefaultConfigManager.getPropertyObject(DefaultConfigManager.java:429)
	at com.topcoder.util.config.DefaultConfigManager.getString(DefaultConfigManager.java:449)
	at com.topcoder.util.log.LogFactory.getAttribute(LogFactory.java:224)
	at com.topcoder.util.log.basic.BasicLog.log(BasicLog.java:74)
	at com.topcoder.management.deliverable.PersistenceUploadManager.persistenceUploadManagerHelper(PersistenceUploadManager.java:966)
	at com.topcoder.management.deliverable.PersistenceUploadManager.createSubmission(PersistenceUploadManager.java:632)
	at com.topcoder.management.deliverable.stresstests.StressTestPersistenceUploadManager.testCreateSubmission(StressTestPersistenceUploadManager.java:170)
	at sun.reflect.NativeMethodAccessorImpl.invoke0(Native Method)
	at sun.reflect.NativeMethodAccessorImpl.invoke(NativeMethodAccessorImpl.java:57)
	at sun.reflect.DelegatingMethodAccessorImpl.invoke(DelegatingMethodAccessorImpl.java:43)
	at java.lang.reflect.Method.invoke(Method.java:616)
	at junit.framework.TestCase.runTest(TestCase.java:168)
	at junit.framework.TestCase.runBare(TestCase.java:134)
	at junit.framework.TestResult$1.protect(TestResult.java:110)
	at junit.framework.TestResult.runProtected(TestResult.java:128)
	at junit.framework.TestResult.run(TestResult.java:113)
	at junit.framework.TestCase.run(TestCase.java:124)
	at junit.framework.TestSuite.runTest(TestSuite.java:232)
	at junit.framework.TestSuite.run(TestSuite.java:227)
	at junit.framework.TestSuite.runTest(TestSuite.java:232)
	at junit.framework.TestSuite.run(TestSuite.java:227)
	at junit.framework.TestSuite.runTest(TestSuite.java:232)
	at junit.framework.TestSuite.run(TestSuite.java:227)
	at org.apache.tools.ant.taskdefs.optional.junit.JUnitTestRunner.run(JUnitTestRunner.java:420)
	at org.apache.tools.ant.taskdefs.optional.junit.JUnitTestRunner.launch(JUnitTestRunner.java:911)
	at org.apache.tools.ant.taskdefs.optional.junit.JUnitTestRunner.main(JUnitTestRunner.java:768)
generate next id from the idGenerator:submission_id_seq
com.topcoder.util.config.UnknownNamespaceException: com.topcoder.util.log is unknown
	at com.topcoder.util.config.DefaultConfigManager.getPropertyObject(DefaultConfigManager.java:429)
	at com.topcoder.util.config.DefaultConfigManager.getString(DefaultConfigManager.java:449)
	at com.topcoder.util.log.LogFactory.getAttribute(LogFactory.java:224)
	at com.topcoder.util.log.basic.BasicLog.log(BasicLog.java:74)
	at com.topcoder.management.deliverable.PersistenceUploadManager.createSubmission(PersistenceUploadManager.java:631)
	at com.topcoder.management.deliverable.stresstests.StressTestPersistenceUploadManager.testCreateSubmission(StressTestPersistenceUploadManager.java:170)
	at sun.reflect.NativeMethodAccessorImpl.invoke0(Native Method)
	at sun.reflect.NativeMethodAccessorImpl.invoke(NativeMethodAccessorImpl.java:57)
	at sun.reflect.DelegatingMethodAccessorImpl.invoke(DelegatingMethodAccessorImpl.java:43)
	at java.lang.reflect.Method.invoke(Method.java:616)
	at junit.framework.TestCase.runTest(TestCase.java:168)
	at junit.framework.TestCase.runBare(TestCase.java:134)
	at junit.framework.TestResult$1.protect(TestResult.java:110)
	at junit.framework.TestResult.runProtected(TestResult.java:128)
	at junit.framework.TestResult.run(TestResult.java:113)
	at junit.framework.TestCase.run(TestCase.java:124)
	at junit.framework.TestSuite.runTest(TestSuite.java:232)
	at junit.framework.TestSuite.run(TestSuite.java:227)
	at junit.framework.TestSuite.runTest(TestSuite.java:232)
	at junit.framework.TestSuite.run(TestSuite.java:227)
	at junit.framework.TestSuite.runTest(TestSuite.java:232)
	at junit.framework.TestSuite.run(TestSuite.java:227)
	at org.apache.tools.ant.taskdefs.optional.junit.JUnitTestRunner.run(JUnitTestRunner.java:420)
	at org.apache.tools.ant.taskdefs.optional.junit.JUnitTestRunner.launch(JUnitTestRunner.java:911)
	at org.apache.tools.ant.taskdefs.optional.junit.JUnitTestRunner.main(JUnitTestRunner.java:768)
type: Submission id: Unknown operator:operator - create new Submission.
com.topcoder.util.config.UnknownNamespaceException: com.topcoder.util.log is unknown
	at com.topcoder.util.config.DefaultConfigManager.getPropertyObject(DefaultConfigManager.java:429)
	at com.topcoder.util.config.DefaultConfigManager.getString(DefaultConfigManager.java:449)
	at com.topcoder.util.log.LogFactory.getAttribute(LogFactory.java:224)
	at com.topcoder.util.log.basic.BasicLog.log(BasicLog.java:74)
	at com.topcoder.management.deliverable.PersistenceUploadManager.persistenceUploadManagerHelper(PersistenceUploadManager.java:966)
	at com.topcoder.management.deliverable.PersistenceUploadManager.createSubmission(PersistenceUploadManager.java:632)
	at com.topcoder.management.deliverable.stresstests.StressTestPersistenceUploadManager.testCreateSubmission(StressTestPersistenceUploadManager.java:170)
	at sun.reflect.NativeMethodAccessorImpl.invoke0(Native Method)
	at sun.reflect.NativeMethodAccessorImpl.invoke(NativeMethodAccessorImpl.java:57)
	at sun.reflect.DelegatingMethodAccessorImpl.invoke(DelegatingMethodAccessorImpl.java:43)
	at java.lang.reflect.Method.invoke(Method.java:616)
	at junit.framework.TestCase.runTest(TestCase.java:168)
	at junit.framework.TestCase.runBare(TestCase.java:134)
	at junit.framework.TestResult$1.protect(TestResult.java:110)
	at junit.framework.TestResult.runProtected(TestResult.java:128)
	at junit.framework.TestResult.run(TestResult.java:113)
	at junit.framework.TestCase.run(TestCase.java:124)
	at junit.framework.TestSuite.runTest(TestSuite.java:232)
	at junit.framework.TestSuite.run(TestSuite.java:227)
	at junit.framework.TestSuite.runTest(TestSuite.java:232)
	at junit.framework.TestSuite.run(TestSuite.java:227)
	at junit.framework.TestSuite.runTest(TestSuite.java:232)
	at junit.framework.TestSuite.run(TestSuite.java:227)
	at org.apache.tools.ant.taskdefs.optional.junit.JUnitTestRunner.run(JUnitTestRunner.java:420)
	at org.apache.tools.ant.taskdefs.optional.junit.JUnitTestRunner.launch(JUnitTestRunner.java:911)
	at org.apache.tools.ant.taskdefs.optional.junit.JUnitTestRunner.main(JUnitTestRunner.java:768)
generate next id from the idGenerator:submission_id_seq
com.topcoder.util.config.UnknownNamespaceException: com.topcoder.util.log is unknown
	at com.topcoder.util.config.DefaultConfigManager.getPropertyObject(DefaultConfigManager.java:429)
	at com.topcoder.util.config.DefaultConfigManager.getString(DefaultConfigManager.java:449)
	at com.topcoder.util.log.LogFactory.getAttribute(LogFactory.java:224)
	at com.topcoder.util.log.basic.BasicLog.log(BasicLog.java:74)
	at com.topcoder.management.deliverable.PersistenceUploadManager.searchSubmissions(PersistenceUploadManager.java:726)
	at com.topcoder.management.deliverable.stresstests.StressTestPersistenceUploadManager.searchSubmissions(StressTestPersistenceUploadManager.java:248)
	at com.topcoder.management.deliverable.stresstests.StressTestPersistenceUploadManager.testCreateSubmission(StressTestPersistenceUploadManager.java:174)
	at sun.reflect.NativeMethodAccessorImpl.invoke0(Native Method)
	at sun.reflect.NativeMethodAccessorImpl.invoke(NativeMethodAccessorImpl.java:57)
	at sun.reflect.DelegatingMethodAccessorImpl.invoke(DelegatingMethodAccessorImpl.java:43)
	at java.lang.reflect.Method.invoke(Method.java:616)
	at junit.framework.TestCase.runTest(TestCase.java:168)
	at junit.framework.TestCase.runBare(TestCase.java:134)
	at junit.framework.TestResult$1.protect(TestResult.java:110)
	at junit.framework.TestResult.runProtected(TestResult.java:128)
	at junit.framework.TestResult.run(TestResult.java:113)
	at junit.framework.TestCase.run(TestCase.java:124)
	at junit.framework.TestSuite.runTest(TestSuite.java:232)
	at junit.framework.TestSuite.run(TestSuite.java:227)
	at junit.framework.TestSuite.runTest(TestSuite.java:232)
	at junit.framework.TestSuite.run(TestSuite.java:227)
	at junit.framework.TestSuite.runTest(TestSuite.java:232)
	at junit.framework.TestSuite.run(TestSuite.java:227)
	at org.apache.tools.ant.taskdefs.optional.junit.JUnitTestRunner.run(JUnitTestRunner.java:420)
	at org.apache.tools.ant.taskdefs.optional.junit.JUnitTestRunner.launch(JUnitTestRunner.java:911)
	at org.apache.tools.ant.taskdefs.optional.junit.JUnitTestRunner.main(JUnitTestRunner.java:768)
type: Upload id: Unknown operator:Unknown - search submissions with filter. found: 4
com.topcoder.util.config.UnknownNamespaceException: com.topcoder.util.log is unknown
	at com.topcoder.util.config.DefaultConfigManager.getPropertyObject(DefaultConfigManager.java:429)
	at com.topcoder.util.config.DefaultConfigManager.getString(DefaultConfigManager.java:449)
	at com.topcoder.util.log.LogFactory.getAttribute(LogFactory.java:224)
	at com.topcoder.util.log.basic.BasicLog.log(BasicLog.java:74)
	at com.topcoder.management.deliverable.persistence.sql.MyUploadPersistence.loadSubmissions(MyUploadPersistence.java:1249)
	at com.topcoder.management.deliverable.PersistenceUploadManager.searchSubmissions(PersistenceUploadManager.java:728)
	at com.topcoder.management.deliverable.stresstests.StressTestPersistenceUploadManager.searchSubmissions(StressTestPersistenceUploadManager.java:248)
	at com.topcoder.management.deliverable.stresstests.StressTestPersistenceUploadManager.testCreateSubmission(StressTestPersistenceUploadManager.java:174)
	at sun.reflect.NativeMethodAccessorImpl.invoke0(Native Method)
	at sun.reflect.NativeMethodAccessorImpl.invoke(NativeMethodAccessorImpl.java:57)
	at sun.reflect.DelegatingMethodAccessorImpl.invoke(DelegatingMethodAccessorImpl.java:43)
	at java.lang.reflect.Method.invoke(Method.java:616)
	at junit.framework.TestCase.runTest(TestCase.java:168)
	at junit.framework.TestCase.runBare(TestCase.java:134)
	at junit.framework.TestResult$1.protect(TestResult.java:110)
	at junit.framework.TestResult.runProtected(TestResult.java:128)
	at junit.framework.TestResult.run(TestResult.java:113)
	at junit.framework.TestCase.run(TestCase.java:124)
	at junit.framework.TestSuite.runTest(TestSuite.java:232)
	at junit.framework.TestSuite.run(TestSuite.java:227)
	at junit.framework.TestSuite.runTest(TestSuite.java:232)
	at junit.framework.TestSuite.run(TestSuite.java:227)
	at junit.framework.TestSuite.runTest(TestSuite.java:232)
	at junit.framework.TestSuite.run(TestSuite.java:227)
	at org.apache.tools.ant.taskdefs.optional.junit.JUnitTestRunner.run(JUnitTestRunner.java:420)
	at org.apache.tools.ant.taskdefs.optional.junit.JUnitTestRunner.launch(JUnitTestRunner.java:911)
	at org.apache.tools.ant.taskdefs.optional.junit.JUnitTestRunner.main(JUnitTestRunner.java:768)
 Loading: 4
com.topcoder.util.config.UnknownNamespaceException: com.topcoder.util.log is unknown
	at com.topcoder.util.config.DefaultConfigManager.getPropertyObject(DefaultConfigManager.java:429)
	at com.topcoder.util.config.DefaultConfigManager.getString(DefaultConfigManager.java:449)
	at com.topcoder.util.log.LogFactory.getAttribute(LogFactory.java:224)
	at com.topcoder.util.log.basic.BasicLog.log(BasicLog.java:74)
	at com.topcoder.management.deliverable.stresstests.StressTestPersistenceUploadManager.tearDown(StressTestPersistenceUploadManager.java:121)
	at junit.framework.TestCase.runBare(TestCase.java:140)
	at junit.framework.TestResult$1.protect(TestResult.java:110)
	at junit.framework.TestResult.runProtected(TestResult.java:128)
	at junit.framework.TestResult.run(TestResult.java:113)
	at junit.framework.TestCase.run(TestCase.java:124)
	at junit.framework.TestSuite.runTest(TestSuite.java:232)
	at junit.framework.TestSuite.run(TestSuite.java:227)
	at junit.framework.TestSuite.runTest(TestSuite.java:232)
	at junit.framework.TestSuite.run(TestSuite.java:227)
	at junit.framework.TestSuite.runTest(TestSuite.java:232)
	at junit.framework.TestSuite.run(TestSuite.java:227)
	at org.apache.tools.ant.taskdefs.optional.junit.JUnitTestRunner.run(JUnitTestRunner.java:420)
	at org.apache.tools.ant.taskdefs.optional.junit.JUnitTestRunner.launch(JUnitTestRunner.java:911)
	at org.apache.tools.ant.taskdefs.optional.junit.JUnitTestRunner.main(JUnitTestRunner.java:768)
StressTestPersistenceUploadManager - tearDown - start
com.topcoder.util.config.UnknownNamespaceException: com.topcoder.util.log is unknown
	at com.topcoder.util.config.DefaultConfigManager.getPropertyObject(DefaultConfigManager.java:429)
	at com.topcoder.util.config.DefaultConfigManager.getString(DefaultConfigManager.java:449)
	at com.topcoder.util.log.LogFactory.getAttribute(LogFactory.java:224)
	at com.topcoder.util.log.basic.BasicLog.log(BasicLog.java:74)
	at com.topcoder.management.deliverable.stresstests.StressTestPersistenceUploadManager.tearDown(StressTestPersistenceUploadManager.java:126)
	at junit.framework.TestCase.runBare(TestCase.java:140)
	at junit.framework.TestResult$1.protect(TestResult.java:110)
	at junit.framework.TestResult.runProtected(TestResult.java:128)
	at junit.framework.TestResult.run(TestResult.java:113)
	at junit.framework.TestCase.run(TestCase.java:124)
	at junit.framework.TestSuite.runTest(TestSuite.java:232)
	at junit.framework.TestSuite.run(TestSuite.java:227)
	at junit.framework.TestSuite.runTest(TestSuite.java:232)
	at junit.framework.TestSuite.run(TestSuite.java:227)
	at junit.framework.TestSuite.runTest(TestSuite.java:232)
	at junit.framework.TestSuite.run(TestSuite.java:227)
	at org.apache.tools.ant.taskdefs.optional.junit.JUnitTestRunner.run(JUnitTestRunner.java:420)
	at org.apache.tools.ant.taskdefs.optional.junit.JUnitTestRunner.launch(JUnitTestRunner.java:911)
	at org.apache.tools.ant.taskdefs.optional.junit.JUnitTestRunner.main(JUnitTestRunner.java:768)
StressTestPersistenceUploadManager - tearDown - end
com.topcoder.util.config.UnknownNamespaceException: com.topcoder.util.log is unknown
	at com.topcoder.util.config.DefaultConfigManager.getPropertyObject(DefaultConfigManager.java:429)
	at com.topcoder.util.config.DefaultConfigManager.getString(DefaultConfigManager.java:449)
	at com.topcoder.util.log.LogFactory.getAttribute(LogFactory.java:224)
	at com.topcoder.util.log.basic.BasicLog.log(BasicLog.java:74)
	at com.topcoder.management.deliverable.stresstests.StressTestPersistenceUploadManager.setUp(StressTestPersistenceUploadManager.java:71)
	at junit.framework.TestCase.runBare(TestCase.java:132)
	at junit.framework.TestResult$1.protect(TestResult.java:110)
	at junit.framework.TestResult.runProtected(TestResult.java:128)
	at junit.framework.TestResult.run(TestResult.java:113)
	at junit.framework.TestCase.run(TestCase.java:124)
	at junit.framework.TestSuite.runTest(TestSuite.java:232)
	at junit.framework.TestSuite.run(TestSuite.java:227)
	at junit.framework.TestSuite.runTest(TestSuite.java:232)
	at junit.framework.TestSuite.run(TestSuite.java:227)
	at junit.framework.TestSuite.runTest(TestSuite.java:232)
	at junit.framework.TestSuite.run(TestSuite.java:227)
	at org.apache.tools.ant.taskdefs.optional.junit.JUnitTestRunner.run(JUnitTestRunner.java:420)
	at org.apache.tools.ant.taskdefs.optional.junit.JUnitTestRunner.launch(JUnitTestRunner.java:911)
	at org.apache.tools.ant.taskdefs.optional.junit.JUnitTestRunner.main(JUnitTestRunner.java:768)
StressTestPersistenceUploadManager - setUp - start
com.topcoder.util.config.UnknownNamespaceException: com.topcoder.util.log is unknown
	at com.topcoder.util.config.DefaultConfigManager.getPropertyObject(DefaultConfigManager.java:429)
	at com.topcoder.util.config.DefaultConfigManager.getString(DefaultConfigManager.java:449)
	at com.topcoder.util.log.LogFactory.getAttribute(LogFactory.java:224)
	at com.topcoder.util.log.basic.BasicLog.log(BasicLog.java:74)
	at com.topcoder.management.deliverable.PersistenceUploadManager.<init>(PersistenceUploadManager.java:260)
	at com.topcoder.management.deliverable.PersistenceUploadManager.<init>(PersistenceUploadManager.java:306)
	at com.topcoder.management.deliverable.stresstests.StressTestPersistenceUploadManager.setUp(StressTestPersistenceUploadManager.java:109)
	at junit.framework.TestCase.runBare(TestCase.java:132)
	at junit.framework.TestResult$1.protect(TestResult.java:110)
	at junit.framework.TestResult.runProtected(TestResult.java:128)
	at junit.framework.TestResult.run(TestResult.java:113)
	at junit.framework.TestCase.run(TestCase.java:124)
	at junit.framework.TestSuite.runTest(TestSuite.java:232)
	at junit.framework.TestSuite.run(TestSuite.java:227)
	at junit.framework.TestSuite.runTest(TestSuite.java:232)
	at junit.framework.TestSuite.run(TestSuite.java:227)
	at junit.framework.TestSuite.runTest(TestSuite.java:232)
	at junit.framework.TestSuite.run(TestSuite.java:227)
	at org.apache.tools.ant.taskdefs.optional.junit.JUnitTestRunner.run(JUnitTestRunner.java:420)
	at org.apache.tools.ant.taskdefs.optional.junit.JUnitTestRunner.launch(JUnitTestRunner.java:911)
	at org.apache.tools.ant.taskdefs.optional.junit.JUnitTestRunner.main(JUnitTestRunner.java:768)
Instantiate PersistenceUploadManager with UploadPersistence, uploadSearchBundle, submissionSearchBundle, uploadIdGenerator, uploadTypeIdGenerator, uploadStatusIdGenerator, submissionIDGenerator and submissionStatusIdGenerator.
com.topcoder.util.config.UnknownNamespaceException: com.topcoder.util.log is unknown
	at com.topcoder.util.config.DefaultConfigManager.getPropertyObject(DefaultConfigManager.java:429)
	at com.topcoder.util.config.DefaultConfigManager.getString(DefaultConfigManager.java:449)
	at com.topcoder.util.log.LogFactory.getAttribute(LogFactory.java:224)
	at com.topcoder.util.log.basic.BasicLog.log(BasicLog.java:74)
	at com.topcoder.management.deliverable.stresstests.StressTestPersistenceUploadManager.setUp(StressTestPersistenceUploadManager.java:111)
	at junit.framework.TestCase.runBare(TestCase.java:132)
	at junit.framework.TestResult$1.protect(TestResult.java:110)
	at junit.framework.TestResult.runProtected(TestResult.java:128)
	at junit.framework.TestResult.run(TestResult.java:113)
	at junit.framework.TestCase.run(TestCase.java:124)
	at junit.framework.TestSuite.runTest(TestSuite.java:232)
	at junit.framework.TestSuite.run(TestSuite.java:227)
	at junit.framework.TestSuite.runTest(TestSuite.java:232)
	at junit.framework.TestSuite.run(TestSuite.java:227)
	at junit.framework.TestSuite.runTest(TestSuite.java:232)
	at junit.framework.TestSuite.run(TestSuite.java:227)
	at org.apache.tools.ant.taskdefs.optional.junit.JUnitTestRunner.run(JUnitTestRunner.java:420)
	at org.apache.tools.ant.taskdefs.optional.junit.JUnitTestRunner.launch(JUnitTestRunner.java:911)
	at org.apache.tools.ant.taskdefs.optional.junit.JUnitTestRunner.main(JUnitTestRunner.java:768)
StressTestPersistenceUploadManager - setUp - end
com.topcoder.util.config.UnknownNamespaceException: com.topcoder.util.log is unknown
	at com.topcoder.util.config.DefaultConfigManager.getPropertyObject(DefaultConfigManager.java:429)
	at com.topcoder.util.config.DefaultConfigManager.getString(DefaultConfigManager.java:449)
	at com.topcoder.util.log.LogFactory.getAttribute(LogFactory.java:224)
	at com.topcoder.util.log.basic.BasicLog.log(BasicLog.java:74)
	at com.topcoder.management.deliverable.PersistenceUploadManager.createUploadType(PersistenceUploadManager.java:453)
	at com.topcoder.management.deliverable.stresstests.StressTestPersistenceUploadManager.testCreateUploadType(StressTestPersistenceUploadManager.java:594)
	at com.topcoder.management.deliverable.stresstests.StressTestPersistenceUploadManager.testCreateUpload(StressTestPersistenceUploadManager.java:616)
	at com.topcoder.management.deliverable.stresstests.StressTestPersistenceUploadManager.testUpdateSubmission(StressTestPersistenceUploadManager.java:184)
	at sun.reflect.NativeMethodAccessorImpl.invoke0(Native Method)
	at sun.reflect.NativeMethodAccessorImpl.invoke(NativeMethodAccessorImpl.java:57)
	at sun.reflect.DelegatingMethodAccessorImpl.invoke(DelegatingMethodAccessorImpl.java:43)
	at java.lang.reflect.Method.invoke(Method.java:616)
	at junit.framework.TestCase.runTest(TestCase.java:168)
	at junit.framework.TestCase.runBare(TestCase.java:134)
	at junit.framework.TestResult$1.protect(TestResult.java:110)
	at junit.framework.TestResult.runProtected(TestResult.java:128)
	at junit.framework.TestResult.run(TestResult.java:113)
	at junit.framework.TestCase.run(TestCase.java:124)
	at junit.framework.TestSuite.runTest(TestSuite.java:232)
	at junit.framework.TestSuite.run(TestSuite.java:227)
	at junit.framework.TestSuite.runTest(TestSuite.java:232)
	at junit.framework.TestSuite.run(TestSuite.java:227)
	at junit.framework.TestSuite.runTest(TestSuite.java:232)
	at junit.framework.TestSuite.run(TestSuite.java:227)
	at org.apache.tools.ant.taskdefs.optional.junit.JUnitTestRunner.run(JUnitTestRunner.java:420)
	at org.apache.tools.ant.taskdefs.optional.junit.JUnitTestRunner.launch(JUnitTestRunner.java:911)
	at org.apache.tools.ant.taskdefs.optional.junit.JUnitTestRunner.main(JUnitTestRunner.java:768)
type: UploadType id: Unknown operator:stress - Create new UploadType.
com.topcoder.util.config.UnknownNamespaceException: com.topcoder.util.log is unknown
	at com.topcoder.util.config.DefaultConfigManager.getPropertyObject(DefaultConfigManager.java:429)
	at com.topcoder.util.config.DefaultConfigManager.getString(DefaultConfigManager.java:449)
	at com.topcoder.util.log.LogFactory.getAttribute(LogFactory.java:224)
	at com.topcoder.util.log.basic.BasicLog.log(BasicLog.java:74)
	at com.topcoder.management.deliverable.PersistenceUploadManager.persistenceUploadManagerHelper(PersistenceUploadManager.java:966)
	at com.topcoder.management.deliverable.PersistenceUploadManager.createUploadType(PersistenceUploadManager.java:454)
	at com.topcoder.management.deliverable.stresstests.StressTestPersistenceUploadManager.testCreateUploadType(StressTestPersistenceUploadManager.java:594)
	at com.topcoder.management.deliverable.stresstests.StressTestPersistenceUploadManager.testCreateUpload(StressTestPersistenceUploadManager.java:616)
	at com.topcoder.management.deliverable.stresstests.StressTestPersistenceUploadManager.testUpdateSubmission(StressTestPersistenceUploadManager.java:184)
	at sun.reflect.NativeMethodAccessorImpl.invoke0(Native Method)
	at sun.reflect.NativeMethodAccessorImpl.invoke(NativeMethodAccessorImpl.java:57)
	at sun.reflect.DelegatingMethodAccessorImpl.invoke(DelegatingMethodAccessorImpl.java:43)
	at java.lang.reflect.Method.invoke(Method.java:616)
	at junit.framework.TestCase.runTest(TestCase.java:168)
	at junit.framework.TestCase.runBare(TestCase.java:134)
	at junit.framework.TestResult$1.protect(TestResult.java:110)
	at junit.framework.TestResult.runProtected(TestResult.java:128)
	at junit.framework.TestResult.run(TestResult.java:113)
	at junit.framework.TestCase.run(TestCase.java:124)
	at junit.framework.TestSuite.runTest(TestSuite.java:232)
	at junit.framework.TestSuite.run(TestSuite.java:227)
	at junit.framework.TestSuite.runTest(TestSuite.java:232)
	at junit.framework.TestSuite.run(TestSuite.java:227)
	at junit.framework.TestSuite.runTest(TestSuite.java:232)
	at junit.framework.TestSuite.run(TestSuite.java:227)
	at org.apache.tools.ant.taskdefs.optional.junit.JUnitTestRunner.run(JUnitTestRunner.java:420)
	at org.apache.tools.ant.taskdefs.optional.junit.JUnitTestRunner.launch(JUnitTestRunner.java:911)
	at org.apache.tools.ant.taskdefs.optional.junit.JUnitTestRunner.main(JUnitTestRunner.java:768)
generate next id from the idGenerator:upload_type_id_seq
com.topcoder.util.config.UnknownNamespaceException: com.topcoder.util.log is unknown
	at com.topcoder.util.config.DefaultConfigManager.getPropertyObject(DefaultConfigManager.java:429)
	at com.topcoder.util.config.DefaultConfigManager.getString(DefaultConfigManager.java:449)
	at com.topcoder.util.log.LogFactory.getAttribute(LogFactory.java:224)
	at com.topcoder.util.log.basic.BasicLog.log(BasicLog.java:74)
	at com.topcoder.management.deliverable.PersistenceUploadManager.createUploadType(PersistenceUploadManager.java:453)
	at com.topcoder.management.deliverable.stresstests.StressTestPersistenceUploadManager.testCreateUploadType(StressTestPersistenceUploadManager.java:594)
	at com.topcoder.management.deliverable.stresstests.StressTestPersistenceUploadManager.testCreateUpload(StressTestPersistenceUploadManager.java:616)
	at com.topcoder.management.deliverable.stresstests.StressTestPersistenceUploadManager.testUpdateSubmission(StressTestPersistenceUploadManager.java:184)
	at sun.reflect.NativeMethodAccessorImpl.invoke0(Native Method)
	at sun.reflect.NativeMethodAccessorImpl.invoke(NativeMethodAccessorImpl.java:57)
	at sun.reflect.DelegatingMethodAccessorImpl.invoke(DelegatingMethodAccessorImpl.java:43)
	at java.lang.reflect.Method.invoke(Method.java:616)
	at junit.framework.TestCase.runTest(TestCase.java:168)
	at junit.framework.TestCase.runBare(TestCase.java:134)
	at junit.framework.TestResult$1.protect(TestResult.java:110)
	at junit.framework.TestResult.runProtected(TestResult.java:128)
	at junit.framework.TestResult.run(TestResult.java:113)
	at junit.framework.TestCase.run(TestCase.java:124)
	at junit.framework.TestSuite.runTest(TestSuite.java:232)
	at junit.framework.TestSuite.run(TestSuite.java:227)
	at junit.framework.TestSuite.runTest(TestSuite.java:232)
	at junit.framework.TestSuite.run(TestSuite.java:227)
	at junit.framework.TestSuite.runTest(TestSuite.java:232)
	at junit.framework.TestSuite.run(TestSuite.java:227)
	at org.apache.tools.ant.taskdefs.optional.junit.JUnitTestRunner.run(JUnitTestRunner.java:420)
	at org.apache.tools.ant.taskdefs.optional.junit.JUnitTestRunner.launch(JUnitTestRunner.java:911)
	at org.apache.tools.ant.taskdefs.optional.junit.JUnitTestRunner.main(JUnitTestRunner.java:768)
type: UploadType id: Unknown operator:stress - Create new UploadType.
com.topcoder.util.config.UnknownNamespaceException: com.topcoder.util.log is unknown
	at com.topcoder.util.config.DefaultConfigManager.getPropertyObject(DefaultConfigManager.java:429)
	at com.topcoder.util.config.DefaultConfigManager.getString(DefaultConfigManager.java:449)
	at com.topcoder.util.log.LogFactory.getAttribute(LogFactory.java:224)
	at com.topcoder.util.log.basic.BasicLog.log(BasicLog.java:74)
	at com.topcoder.management.deliverable.PersistenceUploadManager.persistenceUploadManagerHelper(PersistenceUploadManager.java:966)
	at com.topcoder.management.deliverable.PersistenceUploadManager.createUploadType(PersistenceUploadManager.java:454)
	at com.topcoder.management.deliverable.stresstests.StressTestPersistenceUploadManager.testCreateUploadType(StressTestPersistenceUploadManager.java:594)
	at com.topcoder.management.deliverable.stresstests.StressTestPersistenceUploadManager.testCreateUpload(StressTestPersistenceUploadManager.java:616)
	at com.topcoder.management.deliverable.stresstests.StressTestPersistenceUploadManager.testUpdateSubmission(StressTestPersistenceUploadManager.java:184)
	at sun.reflect.NativeMethodAccessorImpl.invoke0(Native Method)
	at sun.reflect.NativeMethodAccessorImpl.invoke(NativeMethodAccessorImpl.java:57)
	at sun.reflect.DelegatingMethodAccessorImpl.invoke(DelegatingMethodAccessorImpl.java:43)
	at java.lang.reflect.Method.invoke(Method.java:616)
	at junit.framework.TestCase.runTest(TestCase.java:168)
	at junit.framework.TestCase.runBare(TestCase.java:134)
	at junit.framework.TestResult$1.protect(TestResult.java:110)
	at junit.framework.TestResult.runProtected(TestResult.java:128)
	at junit.framework.TestResult.run(TestResult.java:113)
	at junit.framework.TestCase.run(TestCase.java:124)
	at junit.framework.TestSuite.runTest(TestSuite.java:232)
	at junit.framework.TestSuite.run(TestSuite.java:227)
	at junit.framework.TestSuite.runTest(TestSuite.java:232)
	at junit.framework.TestSuite.run(TestSuite.java:227)
	at junit.framework.TestSuite.runTest(TestSuite.java:232)
	at junit.framework.TestSuite.run(TestSuite.java:227)
	at org.apache.tools.ant.taskdefs.optional.junit.JUnitTestRunner.run(JUnitTestRunner.java:420)
	at org.apache.tools.ant.taskdefs.optional.junit.JUnitTestRunner.launch(JUnitTestRunner.java:911)
	at org.apache.tools.ant.taskdefs.optional.junit.JUnitTestRunner.main(JUnitTestRunner.java:768)
generate next id from the idGenerator:upload_type_id_seq
com.topcoder.util.config.UnknownNamespaceException: com.topcoder.util.log is unknown
	at com.topcoder.util.config.DefaultConfigManager.getPropertyObject(DefaultConfigManager.java:429)
	at com.topcoder.util.config.DefaultConfigManager.getString(DefaultConfigManager.java:449)
	at com.topcoder.util.log.LogFactory.getAttribute(LogFactory.java:224)
	at com.topcoder.util.log.basic.BasicLog.log(BasicLog.java:74)
	at com.topcoder.management.deliverable.PersistenceUploadManager.createUploadStatus(PersistenceUploadManager.java:541)
	at com.topcoder.management.deliverable.stresstests.StressTestPersistenceUploadManager.testCreateUploadStatus(StressTestPersistenceUploadManager.java:414)
	at com.topcoder.management.deliverable.stresstests.StressTestPersistenceUploadManager.testCreateUpload(StressTestPersistenceUploadManager.java:617)
	at com.topcoder.management.deliverable.stresstests.StressTestPersistenceUploadManager.testUpdateSubmission(StressTestPersistenceUploadManager.java:184)
	at sun.reflect.NativeMethodAccessorImpl.invoke0(Native Method)
	at sun.reflect.NativeMethodAccessorImpl.invoke(NativeMethodAccessorImpl.java:57)
	at sun.reflect.DelegatingMethodAccessorImpl.invoke(DelegatingMethodAccessorImpl.java:43)
	at java.lang.reflect.Method.invoke(Method.java:616)
	at junit.framework.TestCase.runTest(TestCase.java:168)
	at junit.framework.TestCase.runBare(TestCase.java:134)
	at junit.framework.TestResult$1.protect(TestResult.java:110)
	at junit.framework.TestResult.runProtected(TestResult.java:128)
	at junit.framework.TestResult.run(TestResult.java:113)
	at junit.framework.TestCase.run(TestCase.java:124)
	at junit.framework.TestSuite.runTest(TestSuite.java:232)
	at junit.framework.TestSuite.run(TestSuite.java:227)
	at junit.framework.TestSuite.runTest(TestSuite.java:232)
	at junit.framework.TestSuite.run(TestSuite.java:227)
	at junit.framework.TestSuite.runTest(TestSuite.java:232)
	at junit.framework.TestSuite.run(TestSuite.java:227)
	at org.apache.tools.ant.taskdefs.optional.junit.JUnitTestRunner.run(JUnitTestRunner.java:420)
	at org.apache.tools.ant.taskdefs.optional.junit.JUnitTestRunner.launch(JUnitTestRunner.java:911)
	at org.apache.tools.ant.taskdefs.optional.junit.JUnitTestRunner.main(JUnitTestRunner.java:768)
type: UploadStatus id: Unknown operator:stress - create new UploadStatus.
com.topcoder.util.config.UnknownNamespaceException: com.topcoder.util.log is unknown
	at com.topcoder.util.config.DefaultConfigManager.getPropertyObject(DefaultConfigManager.java:429)
	at com.topcoder.util.config.DefaultConfigManager.getString(DefaultConfigManager.java:449)
	at com.topcoder.util.log.LogFactory.getAttribute(LogFactory.java:224)
	at com.topcoder.util.log.basic.BasicLog.log(BasicLog.java:74)
	at com.topcoder.management.deliverable.PersistenceUploadManager.persistenceUploadManagerHelper(PersistenceUploadManager.java:966)
	at com.topcoder.management.deliverable.PersistenceUploadManager.createUploadStatus(PersistenceUploadManager.java:542)
	at com.topcoder.management.deliverable.stresstests.StressTestPersistenceUploadManager.testCreateUploadStatus(StressTestPersistenceUploadManager.java:414)
	at com.topcoder.management.deliverable.stresstests.StressTestPersistenceUploadManager.testCreateUpload(StressTestPersistenceUploadManager.java:617)
	at com.topcoder.management.deliverable.stresstests.StressTestPersistenceUploadManager.testUpdateSubmission(StressTestPersistenceUploadManager.java:184)
	at sun.reflect.NativeMethodAccessorImpl.invoke0(Native Method)
	at sun.reflect.NativeMethodAccessorImpl.invoke(NativeMethodAccessorImpl.java:57)
	at sun.reflect.DelegatingMethodAccessorImpl.invoke(DelegatingMethodAccessorImpl.java:43)
	at java.lang.reflect.Method.invoke(Method.java:616)
	at junit.framework.TestCase.runTest(TestCase.java:168)
	at junit.framework.TestCase.runBare(TestCase.java:134)
	at junit.framework.TestResult$1.protect(TestResult.java:110)
	at junit.framework.TestResult.runProtected(TestResult.java:128)
	at junit.framework.TestResult.run(TestResult.java:113)
	at junit.framework.TestCase.run(TestCase.java:124)
	at junit.framework.TestSuite.runTest(TestSuite.java:232)
	at junit.framework.TestSuite.run(TestSuite.java:227)
	at junit.framework.TestSuite.runTest(TestSuite.java:232)
	at junit.framework.TestSuite.run(TestSuite.java:227)
	at junit.framework.TestSuite.runTest(TestSuite.java:232)
	at junit.framework.TestSuite.run(TestSuite.java:227)
	at org.apache.tools.ant.taskdefs.optional.junit.JUnitTestRunner.run(JUnitTestRunner.java:420)
	at org.apache.tools.ant.taskdefs.optional.junit.JUnitTestRunner.launch(JUnitTestRunner.java:911)
	at org.apache.tools.ant.taskdefs.optional.junit.JUnitTestRunner.main(JUnitTestRunner.java:768)
generate next id from the idGenerator:upload_status_id_seq
com.topcoder.util.config.UnknownNamespaceException: com.topcoder.util.log is unknown
	at com.topcoder.util.config.DefaultConfigManager.getPropertyObject(DefaultConfigManager.java:429)
	at com.topcoder.util.config.DefaultConfigManager.getString(DefaultConfigManager.java:449)
	at com.topcoder.util.log.LogFactory.getAttribute(LogFactory.java:224)
	at com.topcoder.util.log.basic.BasicLog.log(BasicLog.java:74)
	at com.topcoder.management.deliverable.PersistenceUploadManager.createUploadStatus(PersistenceUploadManager.java:541)
	at com.topcoder.management.deliverable.stresstests.StressTestPersistenceUploadManager.testCreateUploadStatus(StressTestPersistenceUploadManager.java:414)
	at com.topcoder.management.deliverable.stresstests.StressTestPersistenceUploadManager.testCreateUpload(StressTestPersistenceUploadManager.java:617)
	at com.topcoder.management.deliverable.stresstests.StressTestPersistenceUploadManager.testUpdateSubmission(StressTestPersistenceUploadManager.java:184)
	at sun.reflect.NativeMethodAccessorImpl.invoke0(Native Method)
	at sun.reflect.NativeMethodAccessorImpl.invoke(NativeMethodAccessorImpl.java:57)
	at sun.reflect.DelegatingMethodAccessorImpl.invoke(DelegatingMethodAccessorImpl.java:43)
	at java.lang.reflect.Method.invoke(Method.java:616)
	at junit.framework.TestCase.runTest(TestCase.java:168)
	at junit.framework.TestCase.runBare(TestCase.java:134)
	at junit.framework.TestResult$1.protect(TestResult.java:110)
	at junit.framework.TestResult.runProtected(TestResult.java:128)
	at junit.framework.TestResult.run(TestResult.java:113)
	at junit.framework.TestCase.run(TestCase.java:124)
	at junit.framework.TestSuite.runTest(TestSuite.java:232)
	at junit.framework.TestSuite.run(TestSuite.java:227)
	at junit.framework.TestSuite.runTest(TestSuite.java:232)
	at junit.framework.TestSuite.run(TestSuite.java:227)
	at junit.framework.TestSuite.runTest(TestSuite.java:232)
	at junit.framework.TestSuite.run(TestSuite.java:227)
	at org.apache.tools.ant.taskdefs.optional.junit.JUnitTestRunner.run(JUnitTestRunner.java:420)
	at org.apache.tools.ant.taskdefs.optional.junit.JUnitTestRunner.launch(JUnitTestRunner.java:911)
	at org.apache.tools.ant.taskdefs.optional.junit.JUnitTestRunner.main(JUnitTestRunner.java:768)
type: UploadStatus id: Unknown operator:stress - create new UploadStatus.
com.topcoder.util.config.UnknownNamespaceException: com.topcoder.util.log is unknown
	at com.topcoder.util.config.DefaultConfigManager.getPropertyObject(DefaultConfigManager.java:429)
	at com.topcoder.util.config.DefaultConfigManager.getString(DefaultConfigManager.java:449)
	at com.topcoder.util.log.LogFactory.getAttribute(LogFactory.java:224)
	at com.topcoder.util.log.basic.BasicLog.log(BasicLog.java:74)
	at com.topcoder.management.deliverable.PersistenceUploadManager.persistenceUploadManagerHelper(PersistenceUploadManager.java:966)
	at com.topcoder.management.deliverable.PersistenceUploadManager.createUploadStatus(PersistenceUploadManager.java:542)
	at com.topcoder.management.deliverable.stresstests.StressTestPersistenceUploadManager.testCreateUploadStatus(StressTestPersistenceUploadManager.java:414)
	at com.topcoder.management.deliverable.stresstests.StressTestPersistenceUploadManager.testCreateUpload(StressTestPersistenceUploadManager.java:617)
	at com.topcoder.management.deliverable.stresstests.StressTestPersistenceUploadManager.testUpdateSubmission(StressTestPersistenceUploadManager.java:184)
	at sun.reflect.NativeMethodAccessorImpl.invoke0(Native Method)
	at sun.reflect.NativeMethodAccessorImpl.invoke(NativeMethodAccessorImpl.java:57)
	at sun.reflect.DelegatingMethodAccessorImpl.invoke(DelegatingMethodAccessorImpl.java:43)
	at java.lang.reflect.Method.invoke(Method.java:616)
	at junit.framework.TestCase.runTest(TestCase.java:168)
	at junit.framework.TestCase.runBare(TestCase.java:134)
	at junit.framework.TestResult$1.protect(TestResult.java:110)
	at junit.framework.TestResult.runProtected(TestResult.java:128)
	at junit.framework.TestResult.run(TestResult.java:113)
	at junit.framework.TestCase.run(TestCase.java:124)
	at junit.framework.TestSuite.runTest(TestSuite.java:232)
	at junit.framework.TestSuite.run(TestSuite.java:227)
	at junit.framework.TestSuite.runTest(TestSuite.java:232)
	at junit.framework.TestSuite.run(TestSuite.java:227)
	at junit.framework.TestSuite.runTest(TestSuite.java:232)
	at junit.framework.TestSuite.run(TestSuite.java:227)
	at org.apache.tools.ant.taskdefs.optional.junit.JUnitTestRunner.run(JUnitTestRunner.java:420)
	at org.apache.tools.ant.taskdefs.optional.junit.JUnitTestRunner.launch(JUnitTestRunner.java:911)
	at org.apache.tools.ant.taskdefs.optional.junit.JUnitTestRunner.main(JUnitTestRunner.java:768)
generate next id from the idGenerator:upload_status_id_seq
com.topcoder.util.config.UnknownNamespaceException: com.topcoder.util.log is unknown
	at com.topcoder.util.config.DefaultConfigManager.getPropertyObject(DefaultConfigManager.java:429)
	at com.topcoder.util.config.DefaultConfigManager.getString(DefaultConfigManager.java:449)
	at com.topcoder.util.log.LogFactory.getAttribute(LogFactory.java:224)
	at com.topcoder.util.log.basic.BasicLog.log(BasicLog.java:74)
	at com.topcoder.management.deliverable.PersistenceUploadManager.createUpload(PersistenceUploadManager.java:335)
	at com.topcoder.management.deliverable.stresstests.StressTestPersistenceUploadManager.testCreateUpload(StressTestPersistenceUploadManager.java:623)
	at com.topcoder.management.deliverable.stresstests.StressTestPersistenceUploadManager.testUpdateSubmission(StressTestPersistenceUploadManager.java:184)
	at sun.reflect.NativeMethodAccessorImpl.invoke0(Native Method)
	at sun.reflect.NativeMethodAccessorImpl.invoke(NativeMethodAccessorImpl.java:57)
	at sun.reflect.DelegatingMethodAccessorImpl.invoke(DelegatingMethodAccessorImpl.java:43)
	at java.lang.reflect.Method.invoke(Method.java:616)
	at junit.framework.TestCase.runTest(TestCase.java:168)
	at junit.framework.TestCase.runBare(TestCase.java:134)
	at junit.framework.TestResult$1.protect(TestResult.java:110)
	at junit.framework.TestResult.runProtected(TestResult.java:128)
	at junit.framework.TestResult.run(TestResult.java:113)
	at junit.framework.TestCase.run(TestCase.java:124)
	at junit.framework.TestSuite.runTest(TestSuite.java:232)
	at junit.framework.TestSuite.run(TestSuite.java:227)
	at junit.framework.TestSuite.runTest(TestSuite.java:232)
	at junit.framework.TestSuite.run(TestSuite.java:227)
	at junit.framework.TestSuite.runTest(TestSuite.java:232)
	at junit.framework.TestSuite.run(TestSuite.java:227)
	at org.apache.tools.ant.taskdefs.optional.junit.JUnitTestRunner.run(JUnitTestRunner.java:420)
	at org.apache.tools.ant.taskdefs.optional.junit.JUnitTestRunner.launch(JUnitTestRunner.java:911)
	at org.apache.tools.ant.taskdefs.optional.junit.JUnitTestRunner.main(JUnitTestRunner.java:768)
type: Upload id: Unknown operator:stress - Create new Upload.
com.topcoder.util.config.UnknownNamespaceException: com.topcoder.util.log is unknown
	at com.topcoder.util.config.DefaultConfigManager.getPropertyObject(DefaultConfigManager.java:429)
	at com.topcoder.util.config.DefaultConfigManager.getString(DefaultConfigManager.java:449)
	at com.topcoder.util.log.LogFactory.getAttribute(LogFactory.java:224)
	at com.topcoder.util.log.basic.BasicLog.log(BasicLog.java:74)
	at com.topcoder.management.deliverable.PersistenceUploadManager.persistenceUploadManagerHelper(PersistenceUploadManager.java:966)
	at com.topcoder.management.deliverable.PersistenceUploadManager.createUpload(PersistenceUploadManager.java:336)
	at com.topcoder.management.deliverable.stresstests.StressTestPersistenceUploadManager.testCreateUpload(StressTestPersistenceUploadManager.java:623)
	at com.topcoder.management.deliverable.stresstests.StressTestPersistenceUploadManager.testUpdateSubmission(StressTestPersistenceUploadManager.java:184)
	at sun.reflect.NativeMethodAccessorImpl.invoke0(Native Method)
	at sun.reflect.NativeMethodAccessorImpl.invoke(NativeMethodAccessorImpl.java:57)
	at sun.reflect.DelegatingMethodAccessorImpl.invoke(DelegatingMethodAccessorImpl.java:43)
	at java.lang.reflect.Method.invoke(Method.java:616)
	at junit.framework.TestCase.runTest(TestCase.java:168)
	at junit.framework.TestCase.runBare(TestCase.java:134)
	at junit.framework.TestResult$1.protect(TestResult.java:110)
	at junit.framework.TestResult.runProtected(TestResult.java:128)
	at junit.framework.TestResult.run(TestResult.java:113)
	at junit.framework.TestCase.run(TestCase.java:124)
	at junit.framework.TestSuite.runTest(TestSuite.java:232)
	at junit.framework.TestSuite.run(TestSuite.java:227)
	at junit.framework.TestSuite.runTest(TestSuite.java:232)
	at junit.framework.TestSuite.run(TestSuite.java:227)
	at junit.framework.TestSuite.runTest(TestSuite.java:232)
	at junit.framework.TestSuite.run(TestSuite.java:227)
	at org.apache.tools.ant.taskdefs.optional.junit.JUnitTestRunner.run(JUnitTestRunner.java:420)
	at org.apache.tools.ant.taskdefs.optional.junit.JUnitTestRunner.launch(JUnitTestRunner.java:911)
	at org.apache.tools.ant.taskdefs.optional.junit.JUnitTestRunner.main(JUnitTestRunner.java:768)
generate next id from the idGenerator:upload_id_seq
com.topcoder.util.config.UnknownNamespaceException: com.topcoder.util.log is unknown
	at com.topcoder.util.config.DefaultConfigManager.getPropertyObject(DefaultConfigManager.java:429)
	at com.topcoder.util.config.DefaultConfigManager.getString(DefaultConfigManager.java:449)
	at com.topcoder.util.log.LogFactory.getAttribute(LogFactory.java:224)
	at com.topcoder.util.log.basic.BasicLog.log(BasicLog.java:74)
	at com.topcoder.management.deliverable.PersistenceUploadManager.createUpload(PersistenceUploadManager.java:335)
	at com.topcoder.management.deliverable.stresstests.StressTestPersistenceUploadManager.testCreateUpload(StressTestPersistenceUploadManager.java:623)
	at com.topcoder.management.deliverable.stresstests.StressTestPersistenceUploadManager.testUpdateSubmission(StressTestPersistenceUploadManager.java:184)
	at sun.reflect.NativeMethodAccessorImpl.invoke0(Native Method)
	at sun.reflect.NativeMethodAccessorImpl.invoke(NativeMethodAccessorImpl.java:57)
	at sun.reflect.DelegatingMethodAccessorImpl.invoke(DelegatingMethodAccessorImpl.java:43)
	at java.lang.reflect.Method.invoke(Method.java:616)
	at junit.framework.TestCase.runTest(TestCase.java:168)
	at junit.framework.TestCase.runBare(TestCase.java:134)
	at junit.framework.TestResult$1.protect(TestResult.java:110)
	at junit.framework.TestResult.runProtected(TestResult.java:128)
	at junit.framework.TestResult.run(TestResult.java:113)
	at junit.framework.TestCase.run(TestCase.java:124)
	at junit.framework.TestSuite.runTest(TestSuite.java:232)
	at junit.framework.TestSuite.run(TestSuite.java:227)
	at junit.framework.TestSuite.runTest(TestSuite.java:232)
	at junit.framework.TestSuite.run(TestSuite.java:227)
	at junit.framework.TestSuite.runTest(TestSuite.java:232)
	at junit.framework.TestSuite.run(TestSuite.java:227)
	at org.apache.tools.ant.taskdefs.optional.junit.JUnitTestRunner.run(JUnitTestRunner.java:420)
	at org.apache.tools.ant.taskdefs.optional.junit.JUnitTestRunner.launch(JUnitTestRunner.java:911)
	at org.apache.tools.ant.taskdefs.optional.junit.JUnitTestRunner.main(JUnitTestRunner.java:768)
type: Upload id: Unknown operator:stress - Create new Upload.
com.topcoder.util.config.UnknownNamespaceException: com.topcoder.util.log is unknown
	at com.topcoder.util.config.DefaultConfigManager.getPropertyObject(DefaultConfigManager.java:429)
	at com.topcoder.util.config.DefaultConfigManager.getString(DefaultConfigManager.java:449)
	at com.topcoder.util.log.LogFactory.getAttribute(LogFactory.java:224)
	at com.topcoder.util.log.basic.BasicLog.log(BasicLog.java:74)
	at com.topcoder.management.deliverable.PersistenceUploadManager.persistenceUploadManagerHelper(PersistenceUploadManager.java:966)
	at com.topcoder.management.deliverable.PersistenceUploadManager.createUpload(PersistenceUploadManager.java:336)
	at com.topcoder.management.deliverable.stresstests.StressTestPersistenceUploadManager.testCreateUpload(StressTestPersistenceUploadManager.java:623)
	at com.topcoder.management.deliverable.stresstests.StressTestPersistenceUploadManager.testUpdateSubmission(StressTestPersistenceUploadManager.java:184)
	at sun.reflect.NativeMethodAccessorImpl.invoke0(Native Method)
	at sun.reflect.NativeMethodAccessorImpl.invoke(NativeMethodAccessorImpl.java:57)
	at sun.reflect.DelegatingMethodAccessorImpl.invoke(DelegatingMethodAccessorImpl.java:43)
	at java.lang.reflect.Method.invoke(Method.java:616)
	at junit.framework.TestCase.runTest(TestCase.java:168)
	at junit.framework.TestCase.runBare(TestCase.java:134)
	at junit.framework.TestResult$1.protect(TestResult.java:110)
	at junit.framework.TestResult.runProtected(TestResult.java:128)
	at junit.framework.TestResult.run(TestResult.java:113)
	at junit.framework.TestCase.run(TestCase.java:124)
	at junit.framework.TestSuite.runTest(TestSuite.java:232)
	at junit.framework.TestSuite.run(TestSuite.java:227)
	at junit.framework.TestSuite.runTest(TestSuite.java:232)
	at junit.framework.TestSuite.run(TestSuite.java:227)
	at junit.framework.TestSuite.runTest(TestSuite.java:232)
	at junit.framework.TestSuite.run(TestSuite.java:227)
	at org.apache.tools.ant.taskdefs.optional.junit.JUnitTestRunner.run(JUnitTestRunner.java:420)
	at org.apache.tools.ant.taskdefs.optional.junit.JUnitTestRunner.launch(JUnitTestRunner.java:911)
	at org.apache.tools.ant.taskdefs.optional.junit.JUnitTestRunner.main(JUnitTestRunner.java:768)
generate next id from the idGenerator:upload_id_seq
com.topcoder.util.config.UnknownNamespaceException: com.topcoder.util.log is unknown
	at com.topcoder.util.config.DefaultConfigManager.getPropertyObject(DefaultConfigManager.java:429)
	at com.topcoder.util.config.DefaultConfigManager.getString(DefaultConfigManager.java:449)
	at com.topcoder.util.log.LogFactory.getAttribute(LogFactory.java:224)
	at com.topcoder.util.log.basic.BasicLog.log(BasicLog.java:74)
	at com.topcoder.management.deliverable.PersistenceUploadManager.createSubmissionStatus(PersistenceUploadManager.java:748)
	at com.topcoder.management.deliverable.stresstests.StressTestPersistenceUploadManager.testCreateSubmissionStatus(StressTestPersistenceUploadManager.java:285)
	at com.topcoder.management.deliverable.stresstests.StressTestPersistenceUploadManager.testUpdateSubmission(StressTestPersistenceUploadManager.java:185)
	at sun.reflect.NativeMethodAccessorImpl.invoke0(Native Method)
	at sun.reflect.NativeMethodAccessorImpl.invoke(NativeMethodAccessorImpl.java:57)
	at sun.reflect.DelegatingMethodAccessorImpl.invoke(DelegatingMethodAccessorImpl.java:43)
	at java.lang.reflect.Method.invoke(Method.java:616)
	at junit.framework.TestCase.runTest(TestCase.java:168)
	at junit.framework.TestCase.runBare(TestCase.java:134)
	at junit.framework.TestResult$1.protect(TestResult.java:110)
	at junit.framework.TestResult.runProtected(TestResult.java:128)
	at junit.framework.TestResult.run(TestResult.java:113)
	at junit.framework.TestCase.run(TestCase.java:124)
	at junit.framework.TestSuite.runTest(TestSuite.java:232)
	at junit.framework.TestSuite.run(TestSuite.java:227)
	at junit.framework.TestSuite.runTest(TestSuite.java:232)
	at junit.framework.TestSuite.run(TestSuite.java:227)
	at junit.framework.TestSuite.runTest(TestSuite.java:232)
	at junit.framework.TestSuite.run(TestSuite.java:227)
	at org.apache.tools.ant.taskdefs.optional.junit.JUnitTestRunner.run(JUnitTestRunner.java:420)
	at org.apache.tools.ant.taskdefs.optional.junit.JUnitTestRunner.launch(JUnitTestRunner.java:911)
	at org.apache.tools.ant.taskdefs.optional.junit.JUnitTestRunner.main(JUnitTestRunner.java:768)
type: SubmissionStatus id: Unknown operator:stress - create new SubmissionStatus.
com.topcoder.util.config.UnknownNamespaceException: com.topcoder.util.log is unknown
	at com.topcoder.util.config.DefaultConfigManager.getPropertyObject(DefaultConfigManager.java:429)
	at com.topcoder.util.config.DefaultConfigManager.getString(DefaultConfigManager.java:449)
	at com.topcoder.util.log.LogFactory.getAttribute(LogFactory.java:224)
	at com.topcoder.util.log.basic.BasicLog.log(BasicLog.java:74)
	at com.topcoder.management.deliverable.PersistenceUploadManager.persistenceUploadManagerHelper(PersistenceUploadManager.java:966)
	at com.topcoder.management.deliverable.PersistenceUploadManager.createSubmissionStatus(PersistenceUploadManager.java:749)
	at com.topcoder.management.deliverable.stresstests.StressTestPersistenceUploadManager.testCreateSubmissionStatus(StressTestPersistenceUploadManager.java:285)
	at com.topcoder.management.deliverable.stresstests.StressTestPersistenceUploadManager.testUpdateSubmission(StressTestPersistenceUploadManager.java:185)
	at sun.reflect.NativeMethodAccessorImpl.invoke0(Native Method)
	at sun.reflect.NativeMethodAccessorImpl.invoke(NativeMethodAccessorImpl.java:57)
	at sun.reflect.DelegatingMethodAccessorImpl.invoke(DelegatingMethodAccessorImpl.java:43)
	at java.lang.reflect.Method.invoke(Method.java:616)
	at junit.framework.TestCase.runTest(TestCase.java:168)
	at junit.framework.TestCase.runBare(TestCase.java:134)
	at junit.framework.TestResult$1.protect(TestResult.java:110)
	at junit.framework.TestResult.runProtected(TestResult.java:128)
	at junit.framework.TestResult.run(TestResult.java:113)
	at junit.framework.TestCase.run(TestCase.java:124)
	at junit.framework.TestSuite.runTest(TestSuite.java:232)
	at junit.framework.TestSuite.run(TestSuite.java:227)
	at junit.framework.TestSuite.runTest(TestSuite.java:232)
	at junit.framework.TestSuite.run(TestSuite.java:227)
	at junit.framework.TestSuite.runTest(TestSuite.java:232)
	at junit.framework.TestSuite.run(TestSuite.java:227)
	at org.apache.tools.ant.taskdefs.optional.junit.JUnitTestRunner.run(JUnitTestRunner.java:420)
	at org.apache.tools.ant.taskdefs.optional.junit.JUnitTestRunner.launch(JUnitTestRunner.java:911)
	at org.apache.tools.ant.taskdefs.optional.junit.JUnitTestRunner.main(JUnitTestRunner.java:768)
generate next id from the idGenerator:submission_status_id_seq
com.topcoder.util.config.UnknownNamespaceException: com.topcoder.util.log is unknown
	at com.topcoder.util.config.DefaultConfigManager.getPropertyObject(DefaultConfigManager.java:429)
	at com.topcoder.util.config.DefaultConfigManager.getString(DefaultConfigManager.java:449)
	at com.topcoder.util.log.LogFactory.getAttribute(LogFactory.java:224)
	at com.topcoder.util.log.basic.BasicLog.log(BasicLog.java:74)
	at com.topcoder.management.deliverable.PersistenceUploadManager.createSubmissionStatus(PersistenceUploadManager.java:748)
	at com.topcoder.management.deliverable.stresstests.StressTestPersistenceUploadManager.testCreateSubmissionStatus(StressTestPersistenceUploadManager.java:285)
	at com.topcoder.management.deliverable.stresstests.StressTestPersistenceUploadManager.testUpdateSubmission(StressTestPersistenceUploadManager.java:185)
	at sun.reflect.NativeMethodAccessorImpl.invoke0(Native Method)
	at sun.reflect.NativeMethodAccessorImpl.invoke(NativeMethodAccessorImpl.java:57)
	at sun.reflect.DelegatingMethodAccessorImpl.invoke(DelegatingMethodAccessorImpl.java:43)
	at java.lang.reflect.Method.invoke(Method.java:616)
	at junit.framework.TestCase.runTest(TestCase.java:168)
	at junit.framework.TestCase.runBare(TestCase.java:134)
	at junit.framework.TestResult$1.protect(TestResult.java:110)
	at junit.framework.TestResult.runProtected(TestResult.java:128)
	at junit.framework.TestResult.run(TestResult.java:113)
	at junit.framework.TestCase.run(TestCase.java:124)
	at junit.framework.TestSuite.runTest(TestSuite.java:232)
	at junit.framework.TestSuite.run(TestSuite.java:227)
	at junit.framework.TestSuite.runTest(TestSuite.java:232)
	at junit.framework.TestSuite.run(TestSuite.java:227)
	at junit.framework.TestSuite.runTest(TestSuite.java:232)
	at junit.framework.TestSuite.run(TestSuite.java:227)
	at org.apache.tools.ant.taskdefs.optional.junit.JUnitTestRunner.run(JUnitTestRunner.java:420)
	at org.apache.tools.ant.taskdefs.optional.junit.JUnitTestRunner.launch(JUnitTestRunner.java:911)
	at org.apache.tools.ant.taskdefs.optional.junit.JUnitTestRunner.main(JUnitTestRunner.java:768)
type: SubmissionStatus id: Unknown operator:stress - create new SubmissionStatus.
com.topcoder.util.config.UnknownNamespaceException: com.topcoder.util.log is unknown
	at com.topcoder.util.config.DefaultConfigManager.getPropertyObject(DefaultConfigManager.java:429)
	at com.topcoder.util.config.DefaultConfigManager.getString(DefaultConfigManager.java:449)
	at com.topcoder.util.log.LogFactory.getAttribute(LogFactory.java:224)
	at com.topcoder.util.log.basic.BasicLog.log(BasicLog.java:74)
	at com.topcoder.management.deliverable.PersistenceUploadManager.persistenceUploadManagerHelper(PersistenceUploadManager.java:966)
	at com.topcoder.management.deliverable.PersistenceUploadManager.createSubmissionStatus(PersistenceUploadManager.java:749)
	at com.topcoder.management.deliverable.stresstests.StressTestPersistenceUploadManager.testCreateSubmissionStatus(StressTestPersistenceUploadManager.java:285)
	at com.topcoder.management.deliverable.stresstests.StressTestPersistenceUploadManager.testUpdateSubmission(StressTestPersistenceUploadManager.java:185)
	at sun.reflect.NativeMethodAccessorImpl.invoke0(Native Method)
	at sun.reflect.NativeMethodAccessorImpl.invoke(NativeMethodAccessorImpl.java:57)
	at sun.reflect.DelegatingMethodAccessorImpl.invoke(DelegatingMethodAccessorImpl.java:43)
	at java.lang.reflect.Method.invoke(Method.java:616)
	at junit.framework.TestCase.runTest(TestCase.java:168)
	at junit.framework.TestCase.runBare(TestCase.java:134)
	at junit.framework.TestResult$1.protect(TestResult.java:110)
	at junit.framework.TestResult.runProtected(TestResult.java:128)
	at junit.framework.TestResult.run(TestResult.java:113)
	at junit.framework.TestCase.run(TestCase.java:124)
	at junit.framework.TestSuite.runTest(TestSuite.java:232)
	at junit.framework.TestSuite.run(TestSuite.java:227)
	at junit.framework.TestSuite.runTest(TestSuite.java:232)
	at junit.framework.TestSuite.run(TestSuite.java:227)
	at junit.framework.TestSuite.runTest(TestSuite.java:232)
	at junit.framework.TestSuite.run(TestSuite.java:227)
	at org.apache.tools.ant.taskdefs.optional.junit.JUnitTestRunner.run(JUnitTestRunner.java:420)
	at org.apache.tools.ant.taskdefs.optional.junit.JUnitTestRunner.launch(JUnitTestRunner.java:911)
	at org.apache.tools.ant.taskdefs.optional.junit.JUnitTestRunner.main(JUnitTestRunner.java:768)
generate next id from the idGenerator:submission_status_id_seq
com.topcoder.util.config.UnknownNamespaceException: com.topcoder.util.log is unknown
	at com.topcoder.util.config.DefaultConfigManager.getPropertyObject(DefaultConfigManager.java:429)
	at com.topcoder.util.config.DefaultConfigManager.getString(DefaultConfigManager.java:449)
	at com.topcoder.util.log.LogFactory.getAttribute(LogFactory.java:224)
	at com.topcoder.util.log.basic.BasicLog.log(BasicLog.java:74)
	at com.topcoder.management.deliverable.PersistenceUploadManager.createSubmissionType(PersistenceUploadManager.java:845)
	at com.topcoder.management.deliverable.stresstests.StressTestPersistenceUploadManager.testCreateSubmissionType(StressTestPersistenceUploadManager.java:501)
	at com.topcoder.management.deliverable.stresstests.StressTestPersistenceUploadManager.testUpdateSubmission(StressTestPersistenceUploadManager.java:186)
	at sun.reflect.NativeMethodAccessorImpl.invoke0(Native Method)
	at sun.reflect.NativeMethodAccessorImpl.invoke(NativeMethodAccessorImpl.java:57)
	at sun.reflect.DelegatingMethodAccessorImpl.invoke(DelegatingMethodAccessorImpl.java:43)
	at java.lang.reflect.Method.invoke(Method.java:616)
	at junit.framework.TestCase.runTest(TestCase.java:168)
	at junit.framework.TestCase.runBare(TestCase.java:134)
	at junit.framework.TestResult$1.protect(TestResult.java:110)
	at junit.framework.TestResult.runProtected(TestResult.java:128)
	at junit.framework.TestResult.run(TestResult.java:113)
	at junit.framework.TestCase.run(TestCase.java:124)
	at junit.framework.TestSuite.runTest(TestSuite.java:232)
	at junit.framework.TestSuite.run(TestSuite.java:227)
	at junit.framework.TestSuite.runTest(TestSuite.java:232)
	at junit.framework.TestSuite.run(TestSuite.java:227)
	at junit.framework.TestSuite.runTest(TestSuite.java:232)
	at junit.framework.TestSuite.run(TestSuite.java:227)
	at org.apache.tools.ant.taskdefs.optional.junit.JUnitTestRunner.run(JUnitTestRunner.java:420)
	at org.apache.tools.ant.taskdefs.optional.junit.JUnitTestRunner.launch(JUnitTestRunner.java:911)
	at org.apache.tools.ant.taskdefs.optional.junit.JUnitTestRunner.main(JUnitTestRunner.java:768)
type: SubmissionType id: Unknown operator:stress - Create new SubmissionType.
com.topcoder.util.config.UnknownNamespaceException: com.topcoder.util.log is unknown
	at com.topcoder.util.config.DefaultConfigManager.getPropertyObject(DefaultConfigManager.java:429)
	at com.topcoder.util.config.DefaultConfigManager.getString(DefaultConfigManager.java:449)
	at com.topcoder.util.log.LogFactory.getAttribute(LogFactory.java:224)
	at com.topcoder.util.log.basic.BasicLog.log(BasicLog.java:74)
	at com.topcoder.management.deliverable.PersistenceUploadManager.persistenceUploadManagerHelper(PersistenceUploadManager.java:966)
	at com.topcoder.management.deliverable.PersistenceUploadManager.createSubmissionType(PersistenceUploadManager.java:847)
	at com.topcoder.management.deliverable.stresstests.StressTestPersistenceUploadManager.testCreateSubmissionType(StressTestPersistenceUploadManager.java:501)
	at com.topcoder.management.deliverable.stresstests.StressTestPersistenceUploadManager.testUpdateSubmission(StressTestPersistenceUploadManager.java:186)
	at sun.reflect.NativeMethodAccessorImpl.invoke0(Native Method)
	at sun.reflect.NativeMethodAccessorImpl.invoke(NativeMethodAccessorImpl.java:57)
	at sun.reflect.DelegatingMethodAccessorImpl.invoke(DelegatingMethodAccessorImpl.java:43)
	at java.lang.reflect.Method.invoke(Method.java:616)
	at junit.framework.TestCase.runTest(TestCase.java:168)
	at junit.framework.TestCase.runBare(TestCase.java:134)
	at junit.framework.TestResult$1.protect(TestResult.java:110)
	at junit.framework.TestResult.runProtected(TestResult.java:128)
	at junit.framework.TestResult.run(TestResult.java:113)
	at junit.framework.TestCase.run(TestCase.java:124)
	at junit.framework.TestSuite.runTest(TestSuite.java:232)
	at junit.framework.TestSuite.run(TestSuite.java:227)
	at junit.framework.TestSuite.runTest(TestSuite.java:232)
	at junit.framework.TestSuite.run(TestSuite.java:227)
	at junit.framework.TestSuite.runTest(TestSuite.java:232)
	at junit.framework.TestSuite.run(TestSuite.java:227)
	at org.apache.tools.ant.taskdefs.optional.junit.JUnitTestRunner.run(JUnitTestRunner.java:420)
	at org.apache.tools.ant.taskdefs.optional.junit.JUnitTestRunner.launch(JUnitTestRunner.java:911)
	at org.apache.tools.ant.taskdefs.optional.junit.JUnitTestRunner.main(JUnitTestRunner.java:768)
generate next id from the idGenerator:submission_type_id_seq
com.topcoder.util.config.UnknownNamespaceException: com.topcoder.util.log is unknown
	at com.topcoder.util.config.DefaultConfigManager.getPropertyObject(DefaultConfigManager.java:429)
	at com.topcoder.util.config.DefaultConfigManager.getString(DefaultConfigManager.java:449)
	at com.topcoder.util.log.LogFactory.getAttribute(LogFactory.java:224)
	at com.topcoder.util.log.basic.BasicLog.log(BasicLog.java:74)
	at com.topcoder.management.deliverable.PersistenceUploadManager.createSubmissionType(PersistenceUploadManager.java:845)
	at com.topcoder.management.deliverable.stresstests.StressTestPersistenceUploadManager.testCreateSubmissionType(StressTestPersistenceUploadManager.java:501)
	at com.topcoder.management.deliverable.stresstests.StressTestPersistenceUploadManager.testUpdateSubmission(StressTestPersistenceUploadManager.java:186)
	at sun.reflect.NativeMethodAccessorImpl.invoke0(Native Method)
	at sun.reflect.NativeMethodAccessorImpl.invoke(NativeMethodAccessorImpl.java:57)
	at sun.reflect.DelegatingMethodAccessorImpl.invoke(DelegatingMethodAccessorImpl.java:43)
	at java.lang.reflect.Method.invoke(Method.java:616)
	at junit.framework.TestCase.runTest(TestCase.java:168)
	at junit.framework.TestCase.runBare(TestCase.java:134)
	at junit.framework.TestResult$1.protect(TestResult.java:110)
	at junit.framework.TestResult.runProtected(TestResult.java:128)
	at junit.framework.TestResult.run(TestResult.java:113)
	at junit.framework.TestCase.run(TestCase.java:124)
	at junit.framework.TestSuite.runTest(TestSuite.java:232)
	at junit.framework.TestSuite.run(TestSuite.java:227)
	at junit.framework.TestSuite.runTest(TestSuite.java:232)
	at junit.framework.TestSuite.run(TestSuite.java:227)
	at junit.framework.TestSuite.runTest(TestSuite.java:232)
	at junit.framework.TestSuite.run(TestSuite.java:227)
	at org.apache.tools.ant.taskdefs.optional.junit.JUnitTestRunner.run(JUnitTestRunner.java:420)
	at org.apache.tools.ant.taskdefs.optional.junit.JUnitTestRunner.launch(JUnitTestRunner.java:911)
	at org.apache.tools.ant.taskdefs.optional.junit.JUnitTestRunner.main(JUnitTestRunner.java:768)
type: SubmissionType id: Unknown operator:stress - Create new SubmissionType.
com.topcoder.util.config.UnknownNamespaceException: com.topcoder.util.log is unknown
	at com.topcoder.util.config.DefaultConfigManager.getPropertyObject(DefaultConfigManager.java:429)
	at com.topcoder.util.config.DefaultConfigManager.getString(DefaultConfigManager.java:449)
	at com.topcoder.util.log.LogFactory.getAttribute(LogFactory.java:224)
	at com.topcoder.util.log.basic.BasicLog.log(BasicLog.java:74)
	at com.topcoder.management.deliverable.PersistenceUploadManager.persistenceUploadManagerHelper(PersistenceUploadManager.java:966)
	at com.topcoder.management.deliverable.PersistenceUploadManager.createSubmissionType(PersistenceUploadManager.java:847)
	at com.topcoder.management.deliverable.stresstests.StressTestPersistenceUploadManager.testCreateSubmissionType(StressTestPersistenceUploadManager.java:501)
	at com.topcoder.management.deliverable.stresstests.StressTestPersistenceUploadManager.testUpdateSubmission(StressTestPersistenceUploadManager.java:186)
	at sun.reflect.NativeMethodAccessorImpl.invoke0(Native Method)
	at sun.reflect.NativeMethodAccessorImpl.invoke(NativeMethodAccessorImpl.java:57)
	at sun.reflect.DelegatingMethodAccessorImpl.invoke(DelegatingMethodAccessorImpl.java:43)
	at java.lang.reflect.Method.invoke(Method.java:616)
	at junit.framework.TestCase.runTest(TestCase.java:168)
	at junit.framework.TestCase.runBare(TestCase.java:134)
	at junit.framework.TestResult$1.protect(TestResult.java:110)
	at junit.framework.TestResult.runProtected(TestResult.java:128)
	at junit.framework.TestResult.run(TestResult.java:113)
	at junit.framework.TestCase.run(TestCase.java:124)
	at junit.framework.TestSuite.runTest(TestSuite.java:232)
	at junit.framework.TestSuite.run(TestSuite.java:227)
	at junit.framework.TestSuite.runTest(TestSuite.java:232)
	at junit.framework.TestSuite.run(TestSuite.java:227)
	at junit.framework.TestSuite.runTest(TestSuite.java:232)
	at junit.framework.TestSuite.run(TestSuite.java:227)
	at org.apache.tools.ant.taskdefs.optional.junit.JUnitTestRunner.run(JUnitTestRunner.java:420)
	at org.apache.tools.ant.taskdefs.optional.junit.JUnitTestRunner.launch(JUnitTestRunner.java:911)
	at org.apache.tools.ant.taskdefs.optional.junit.JUnitTestRunner.main(JUnitTestRunner.java:768)
generate next id from the idGenerator:submission_type_id_seq
com.topcoder.util.config.UnknownNamespaceException: com.topcoder.util.log is unknown
	at com.topcoder.util.config.DefaultConfigManager.getPropertyObject(DefaultConfigManager.java:429)
	at com.topcoder.util.config.DefaultConfigManager.getString(DefaultConfigManager.java:449)
	at com.topcoder.util.log.LogFactory.getAttribute(LogFactory.java:224)
	at com.topcoder.util.log.basic.BasicLog.log(BasicLog.java:74)
	at com.topcoder.management.deliverable.PersistenceUploadManager.createSubmission(PersistenceUploadManager.java:631)
	at com.topcoder.management.deliverable.stresstests.StressTestPersistenceUploadManager.testUpdateSubmission(StressTestPersistenceUploadManager.java:189)
	at sun.reflect.NativeMethodAccessorImpl.invoke0(Native Method)
	at sun.reflect.NativeMethodAccessorImpl.invoke(NativeMethodAccessorImpl.java:57)
	at sun.reflect.DelegatingMethodAccessorImpl.invoke(DelegatingMethodAccessorImpl.java:43)
	at java.lang.reflect.Method.invoke(Method.java:616)
	at junit.framework.TestCase.runTest(TestCase.java:168)
	at junit.framework.TestCase.runBare(TestCase.java:134)
	at junit.framework.TestResult$1.protect(TestResult.java:110)
	at junit.framework.TestResult.runProtected(TestResult.java:128)
	at junit.framework.TestResult.run(TestResult.java:113)
	at junit.framework.TestCase.run(TestCase.java:124)
	at junit.framework.TestSuite.runTest(TestSuite.java:232)
	at junit.framework.TestSuite.run(TestSuite.java:227)
	at junit.framework.TestSuite.runTest(TestSuite.java:232)
	at junit.framework.TestSuite.run(TestSuite.java:227)
	at junit.framework.TestSuite.runTest(TestSuite.java:232)
	at junit.framework.TestSuite.run(TestSuite.java:227)
	at org.apache.tools.ant.taskdefs.optional.junit.JUnitTestRunner.run(JUnitTestRunner.java:420)
	at org.apache.tools.ant.taskdefs.optional.junit.JUnitTestRunner.launch(JUnitTestRunner.java:911)
	at org.apache.tools.ant.taskdefs.optional.junit.JUnitTestRunner.main(JUnitTestRunner.java:768)
type: Submission id: Unknown operator:create - create new Submission.
com.topcoder.util.config.UnknownNamespaceException: com.topcoder.util.log is unknown
	at com.topcoder.util.config.DefaultConfigManager.getPropertyObject(DefaultConfigManager.java:429)
	at com.topcoder.util.config.DefaultConfigManager.getString(DefaultConfigManager.java:449)
	at com.topcoder.util.log.LogFactory.getAttribute(LogFactory.java:224)
	at com.topcoder.util.log.basic.BasicLog.log(BasicLog.java:74)
	at com.topcoder.management.deliverable.PersistenceUploadManager.persistenceUploadManagerHelper(PersistenceUploadManager.java:966)
	at com.topcoder.management.deliverable.PersistenceUploadManager.createSubmission(PersistenceUploadManager.java:632)
	at com.topcoder.management.deliverable.stresstests.StressTestPersistenceUploadManager.testUpdateSubmission(StressTestPersistenceUploadManager.java:189)
	at sun.reflect.NativeMethodAccessorImpl.invoke0(Native Method)
	at sun.reflect.NativeMethodAccessorImpl.invoke(NativeMethodAccessorImpl.java:57)
	at sun.reflect.DelegatingMethodAccessorImpl.invoke(DelegatingMethodAccessorImpl.java:43)
	at java.lang.reflect.Method.invoke(Method.java:616)
	at junit.framework.TestCase.runTest(TestCase.java:168)
	at junit.framework.TestCase.runBare(TestCase.java:134)
	at junit.framework.TestResult$1.protect(TestResult.java:110)
	at junit.framework.TestResult.runProtected(TestResult.java:128)
	at junit.framework.TestResult.run(TestResult.java:113)
	at junit.framework.TestCase.run(TestCase.java:124)
	at junit.framework.TestSuite.runTest(TestSuite.java:232)
	at junit.framework.TestSuite.run(TestSuite.java:227)
	at junit.framework.TestSuite.runTest(TestSuite.java:232)
	at junit.framework.TestSuite.run(TestSuite.java:227)
	at junit.framework.TestSuite.runTest(TestSuite.java:232)
	at junit.framework.TestSuite.run(TestSuite.java:227)
	at org.apache.tools.ant.taskdefs.optional.junit.JUnitTestRunner.run(JUnitTestRunner.java:420)
	at org.apache.tools.ant.taskdefs.optional.junit.JUnitTestRunner.launch(JUnitTestRunner.java:911)
	at org.apache.tools.ant.taskdefs.optional.junit.JUnitTestRunner.main(JUnitTestRunner.java:768)
generate next id from the idGenerator:submission_id_seq
com.topcoder.util.config.UnknownNamespaceException: com.topcoder.util.log is unknown
	at com.topcoder.util.config.DefaultConfigManager.getPropertyObject(DefaultConfigManager.java:429)
	at com.topcoder.util.config.DefaultConfigManager.getString(DefaultConfigManager.java:449)
	at com.topcoder.util.log.LogFactory.getAttribute(LogFactory.java:224)
	at com.topcoder.util.log.basic.BasicLog.log(BasicLog.java:74)
	at com.topcoder.management.deliverable.PersistenceUploadManager.updateSubmission(PersistenceUploadManager.java:657)
	at com.topcoder.management.deliverable.stresstests.StressTestPersistenceUploadManager.testUpdateSubmission(StressTestPersistenceUploadManager.java:194)
	at sun.reflect.NativeMethodAccessorImpl.invoke0(Native Method)
	at sun.reflect.NativeMethodAccessorImpl.invoke(NativeMethodAccessorImpl.java:57)
	at sun.reflect.DelegatingMethodAccessorImpl.invoke(DelegatingMethodAccessorImpl.java:43)
	at java.lang.reflect.Method.invoke(Method.java:616)
	at junit.framework.TestCase.runTest(TestCase.java:168)
	at junit.framework.TestCase.runBare(TestCase.java:134)
	at junit.framework.TestResult$1.protect(TestResult.java:110)
	at junit.framework.TestResult.runProtected(TestResult.java:128)
	at junit.framework.TestResult.run(TestResult.java:113)
	at junit.framework.TestCase.run(TestCase.java:124)
	at junit.framework.TestSuite.runTest(TestSuite.java:232)
	at junit.framework.TestSuite.run(TestSuite.java:227)
	at junit.framework.TestSuite.runTest(TestSuite.java:232)
	at junit.framework.TestSuite.run(TestSuite.java:227)
	at junit.framework.TestSuite.runTest(TestSuite.java:232)
	at junit.framework.TestSuite.run(TestSuite.java:227)
	at org.apache.tools.ant.taskdefs.optional.junit.JUnitTestRunner.run(JUnitTestRunner.java:420)
	at org.apache.tools.ant.taskdefs.optional.junit.JUnitTestRunner.launch(JUnitTestRunner.java:911)
	at org.apache.tools.ant.taskdefs.optional.junit.JUnitTestRunner.main(JUnitTestRunner.java:768)
type: Submission id: 8 operator:stress - update Submission.
com.topcoder.util.config.UnknownNamespaceException: com.topcoder.util.log is unknown
	at com.topcoder.util.config.DefaultConfigManager.getPropertyObject(DefaultConfigManager.java:429)
	at com.topcoder.util.config.DefaultConfigManager.getString(DefaultConfigManager.java:449)
	at com.topcoder.util.log.LogFactory.getAttribute(LogFactory.java:224)
	at com.topcoder.util.log.basic.BasicLog.log(BasicLog.java:74)
	at com.topcoder.management.deliverable.PersistenceUploadManager.updateSubmission(PersistenceUploadManager.java:657)
	at com.topcoder.management.deliverable.stresstests.StressTestPersistenceUploadManager.testUpdateSubmission(StressTestPersistenceUploadManager.java:194)
	at sun.reflect.NativeMethodAccessorImpl.invoke0(Native Method)
	at sun.reflect.NativeMethodAccessorImpl.invoke(NativeMethodAccessorImpl.java:57)
	at sun.reflect.DelegatingMethodAccessorImpl.invoke(DelegatingMethodAccessorImpl.java:43)
	at java.lang.reflect.Method.invoke(Method.java:616)
	at junit.framework.TestCase.runTest(TestCase.java:168)
	at junit.framework.TestCase.runBare(TestCase.java:134)
	at junit.framework.TestResult$1.protect(TestResult.java:110)
	at junit.framework.TestResult.runProtected(TestResult.java:128)
	at junit.framework.TestResult.run(TestResult.java:113)
	at junit.framework.TestCase.run(TestCase.java:124)
	at junit.framework.TestSuite.runTest(TestSuite.java:232)
	at junit.framework.TestSuite.run(TestSuite.java:227)
	at junit.framework.TestSuite.runTest(TestSuite.java:232)
	at junit.framework.TestSuite.run(TestSuite.java:227)
	at junit.framework.TestSuite.runTest(TestSuite.java:232)
	at junit.framework.TestSuite.run(TestSuite.java:227)
	at org.apache.tools.ant.taskdefs.optional.junit.JUnitTestRunner.run(JUnitTestRunner.java:420)
	at org.apache.tools.ant.taskdefs.optional.junit.JUnitTestRunner.launch(JUnitTestRunner.java:911)
	at org.apache.tools.ant.taskdefs.optional.junit.JUnitTestRunner.main(JUnitTestRunner.java:768)
type: Submission id: 8 operator:stress - update Submission.
com.topcoder.util.config.UnknownNamespaceException: com.topcoder.util.log is unknown
	at com.topcoder.util.config.DefaultConfigManager.getPropertyObject(DefaultConfigManager.java:429)
	at com.topcoder.util.config.DefaultConfigManager.getString(DefaultConfigManager.java:449)
	at com.topcoder.util.log.LogFactory.getAttribute(LogFactory.java:224)
	at com.topcoder.util.log.basic.BasicLog.log(BasicLog.java:74)
	at com.topcoder.management.deliverable.stresstests.StressTestPersistenceUploadManager.tearDown(StressTestPersistenceUploadManager.java:121)
	at junit.framework.TestCase.runBare(TestCase.java:140)
	at junit.framework.TestResult$1.protect(TestResult.java:110)
	at junit.framework.TestResult.runProtected(TestResult.java:128)
	at junit.framework.TestResult.run(TestResult.java:113)
	at junit.framework.TestCase.run(TestCase.java:124)
	at junit.framework.TestSuite.runTest(TestSuite.java:232)
	at junit.framework.TestSuite.run(TestSuite.java:227)
	at junit.framework.TestSuite.runTest(TestSuite.java:232)
	at junit.framework.TestSuite.run(TestSuite.java:227)
	at junit.framework.TestSuite.runTest(TestSuite.java:232)
	at junit.framework.TestSuite.run(TestSuite.java:227)
	at org.apache.tools.ant.taskdefs.optional.junit.JUnitTestRunner.run(JUnitTestRunner.java:420)
	at org.apache.tools.ant.taskdefs.optional.junit.JUnitTestRunner.launch(JUnitTestRunner.java:911)
	at org.apache.tools.ant.taskdefs.optional.junit.JUnitTestRunner.main(JUnitTestRunner.java:768)
StressTestPersistenceUploadManager - tearDown - start
com.topcoder.util.config.UnknownNamespaceException: com.topcoder.util.log is unknown
	at com.topcoder.util.config.DefaultConfigManager.getPropertyObject(DefaultConfigManager.java:429)
	at com.topcoder.util.config.DefaultConfigManager.getString(DefaultConfigManager.java:449)
	at com.topcoder.util.log.LogFactory.getAttribute(LogFactory.java:224)
	at com.topcoder.util.log.basic.BasicLog.log(BasicLog.java:74)
	at com.topcoder.management.deliverable.stresstests.StressTestPersistenceUploadManager.tearDown(StressTestPersistenceUploadManager.java:126)
	at junit.framework.TestCase.runBare(TestCase.java:140)
	at junit.framework.TestResult$1.protect(TestResult.java:110)
	at junit.framework.TestResult.runProtected(TestResult.java:128)
	at junit.framework.TestResult.run(TestResult.java:113)
	at junit.framework.TestCase.run(TestCase.java:124)
	at junit.framework.TestSuite.runTest(TestSuite.java:232)
	at junit.framework.TestSuite.run(TestSuite.java:227)
	at junit.framework.TestSuite.runTest(TestSuite.java:232)
	at junit.framework.TestSuite.run(TestSuite.java:227)
	at junit.framework.TestSuite.runTest(TestSuite.java:232)
	at junit.framework.TestSuite.run(TestSuite.java:227)
	at org.apache.tools.ant.taskdefs.optional.junit.JUnitTestRunner.run(JUnitTestRunner.java:420)
	at org.apache.tools.ant.taskdefs.optional.junit.JUnitTestRunner.launch(JUnitTestRunner.java:911)
	at org.apache.tools.ant.taskdefs.optional.junit.JUnitTestRunner.main(JUnitTestRunner.java:768)
StressTestPersistenceUploadManager - tearDown - end
com.topcoder.util.config.UnknownNamespaceException: com.topcoder.util.log is unknown
	at com.topcoder.util.config.DefaultConfigManager.getPropertyObject(DefaultConfigManager.java:429)
	at com.topcoder.util.config.DefaultConfigManager.getString(DefaultConfigManager.java:449)
	at com.topcoder.util.log.LogFactory.getAttribute(LogFactory.java:224)
	at com.topcoder.util.log.basic.BasicLog.log(BasicLog.java:74)
	at com.topcoder.management.deliverable.stresstests.StressTestPersistenceUploadManager.setUp(StressTestPersistenceUploadManager.java:71)
	at junit.framework.TestCase.runBare(TestCase.java:132)
	at junit.framework.TestResult$1.protect(TestResult.java:110)
	at junit.framework.TestResult.runProtected(TestResult.java:128)
	at junit.framework.TestResult.run(TestResult.java:113)
	at junit.framework.TestCase.run(TestCase.java:124)
	at junit.framework.TestSuite.runTest(TestSuite.java:232)
	at junit.framework.TestSuite.run(TestSuite.java:227)
	at junit.framework.TestSuite.runTest(TestSuite.java:232)
	at junit.framework.TestSuite.run(TestSuite.java:227)
	at junit.framework.TestSuite.runTest(TestSuite.java:232)
	at junit.framework.TestSuite.run(TestSuite.java:227)
	at org.apache.tools.ant.taskdefs.optional.junit.JUnitTestRunner.run(JUnitTestRunner.java:420)
	at org.apache.tools.ant.taskdefs.optional.junit.JUnitTestRunner.launch(JUnitTestRunner.java:911)
	at org.apache.tools.ant.taskdefs.optional.junit.JUnitTestRunner.main(JUnitTestRunner.java:768)
StressTestPersistenceUploadManager - setUp - start
com.topcoder.util.config.UnknownNamespaceException: com.topcoder.util.log is unknown
	at com.topcoder.util.config.DefaultConfigManager.getPropertyObject(DefaultConfigManager.java:429)
	at com.topcoder.util.config.DefaultConfigManager.getString(DefaultConfigManager.java:449)
	at com.topcoder.util.log.LogFactory.getAttribute(LogFactory.java:224)
	at com.topcoder.util.log.basic.BasicLog.log(BasicLog.java:74)
	at com.topcoder.management.deliverable.PersistenceUploadManager.<init>(PersistenceUploadManager.java:260)
	at com.topcoder.management.deliverable.PersistenceUploadManager.<init>(PersistenceUploadManager.java:306)
	at com.topcoder.management.deliverable.stresstests.StressTestPersistenceUploadManager.setUp(StressTestPersistenceUploadManager.java:109)
	at junit.framework.TestCase.runBare(TestCase.java:132)
	at junit.framework.TestResult$1.protect(TestResult.java:110)
	at junit.framework.TestResult.runProtected(TestResult.java:128)
	at junit.framework.TestResult.run(TestResult.java:113)
	at junit.framework.TestCase.run(TestCase.java:124)
	at junit.framework.TestSuite.runTest(TestSuite.java:232)
	at junit.framework.TestSuite.run(TestSuite.java:227)
	at junit.framework.TestSuite.runTest(TestSuite.java:232)
	at junit.framework.TestSuite.run(TestSuite.java:227)
	at junit.framework.TestSuite.runTest(TestSuite.java:232)
	at junit.framework.TestSuite.run(TestSuite.java:227)
	at org.apache.tools.ant.taskdefs.optional.junit.JUnitTestRunner.run(JUnitTestRunner.java:420)
	at org.apache.tools.ant.taskdefs.optional.junit.JUnitTestRunner.launch(JUnitTestRunner.java:911)
	at org.apache.tools.ant.taskdefs.optional.junit.JUnitTestRunner.main(JUnitTestRunner.java:768)
Instantiate PersistenceUploadManager with UploadPersistence, uploadSearchBundle, submissionSearchBundle, uploadIdGenerator, uploadTypeIdGenerator, uploadStatusIdGenerator, submissionIDGenerator and submissionStatusIdGenerator.
com.topcoder.util.config.UnknownNamespaceException: com.topcoder.util.log is unknown
	at com.topcoder.util.config.DefaultConfigManager.getPropertyObject(DefaultConfigManager.java:429)
	at com.topcoder.util.config.DefaultConfigManager.getString(DefaultConfigManager.java:449)
	at com.topcoder.util.log.LogFactory.getAttribute(LogFactory.java:224)
	at com.topcoder.util.log.basic.BasicLog.log(BasicLog.java:74)
	at com.topcoder.management.deliverable.stresstests.StressTestPersistenceUploadManager.setUp(StressTestPersistenceUploadManager.java:111)
	at junit.framework.TestCase.runBare(TestCase.java:132)
	at junit.framework.TestResult$1.protect(TestResult.java:110)
	at junit.framework.TestResult.runProtected(TestResult.java:128)
	at junit.framework.TestResult.run(TestResult.java:113)
	at junit.framework.TestCase.run(TestCase.java:124)
	at junit.framework.TestSuite.runTest(TestSuite.java:232)
	at junit.framework.TestSuite.run(TestSuite.java:227)
	at junit.framework.TestSuite.runTest(TestSuite.java:232)
	at junit.framework.TestSuite.run(TestSuite.java:227)
	at junit.framework.TestSuite.runTest(TestSuite.java:232)
	at junit.framework.TestSuite.run(TestSuite.java:227)
	at org.apache.tools.ant.taskdefs.optional.junit.JUnitTestRunner.run(JUnitTestRunner.java:420)
	at org.apache.tools.ant.taskdefs.optional.junit.JUnitTestRunner.launch(JUnitTestRunner.java:911)
	at org.apache.tools.ant.taskdefs.optional.junit.JUnitTestRunner.main(JUnitTestRunner.java:768)
StressTestPersistenceUploadManager - setUp - end
com.topcoder.util.config.UnknownNamespaceException: com.topcoder.util.log is unknown
	at com.topcoder.util.config.DefaultConfigManager.getPropertyObject(DefaultConfigManager.java:429)
	at com.topcoder.util.config.DefaultConfigManager.getString(DefaultConfigManager.java:449)
	at com.topcoder.util.log.LogFactory.getAttribute(LogFactory.java:224)
	at com.topcoder.util.log.basic.BasicLog.log(BasicLog.java:74)
	at com.topcoder.management.deliverable.PersistenceUploadManager.createUploadType(PersistenceUploadManager.java:453)
	at com.topcoder.management.deliverable.stresstests.StressTestPersistenceUploadManager.testCreateUploadType(StressTestPersistenceUploadManager.java:594)
	at com.topcoder.management.deliverable.stresstests.StressTestPersistenceUploadManager.testCreateUpload(StressTestPersistenceUploadManager.java:616)
	at com.topcoder.management.deliverable.stresstests.StressTestPersistenceUploadManager.testCreateSubmission(StressTestPersistenceUploadManager.java:159)
	at com.topcoder.management.deliverable.stresstests.StressTestPersistenceUploadManager.testRemoveSubmission(StressTestPersistenceUploadManager.java:207)
	at sun.reflect.NativeMethodAccessorImpl.invoke0(Native Method)
	at sun.reflect.NativeMethodAccessorImpl.invoke(NativeMethodAccessorImpl.java:57)
	at sun.reflect.DelegatingMethodAccessorImpl.invoke(DelegatingMethodAccessorImpl.java:43)
	at java.lang.reflect.Method.invoke(Method.java:616)
	at junit.framework.TestCase.runTest(TestCase.java:168)
	at junit.framework.TestCase.runBare(TestCase.java:134)
	at junit.framework.TestResult$1.protect(TestResult.java:110)
	at junit.framework.TestResult.runProtected(TestResult.java:128)
	at junit.framework.TestResult.run(TestResult.java:113)
	at junit.framework.TestCase.run(TestCase.java:124)
	at junit.framework.TestSuite.runTest(TestSuite.java:232)
	at junit.framework.TestSuite.run(TestSuite.java:227)
	at junit.framework.TestSuite.runTest(TestSuite.java:232)
	at junit.framework.TestSuite.run(TestSuite.java:227)
	at junit.framework.TestSuite.runTest(TestSuite.java:232)
	at junit.framework.TestSuite.run(TestSuite.java:227)
	at org.apache.tools.ant.taskdefs.optional.junit.JUnitTestRunner.run(JUnitTestRunner.java:420)
	at org.apache.tools.ant.taskdefs.optional.junit.JUnitTestRunner.launch(JUnitTestRunner.java:911)
	at org.apache.tools.ant.taskdefs.optional.junit.JUnitTestRunner.main(JUnitTestRunner.java:768)
type: UploadType id: Unknown operator:stress - Create new UploadType.
com.topcoder.util.config.UnknownNamespaceException: com.topcoder.util.log is unknown
	at com.topcoder.util.config.DefaultConfigManager.getPropertyObject(DefaultConfigManager.java:429)
	at com.topcoder.util.config.DefaultConfigManager.getString(DefaultConfigManager.java:449)
	at com.topcoder.util.log.LogFactory.getAttribute(LogFactory.java:224)
	at com.topcoder.util.log.basic.BasicLog.log(BasicLog.java:74)
	at com.topcoder.management.deliverable.PersistenceUploadManager.persistenceUploadManagerHelper(PersistenceUploadManager.java:966)
	at com.topcoder.management.deliverable.PersistenceUploadManager.createUploadType(PersistenceUploadManager.java:454)
	at com.topcoder.management.deliverable.stresstests.StressTestPersistenceUploadManager.testCreateUploadType(StressTestPersistenceUploadManager.java:594)
	at com.topcoder.management.deliverable.stresstests.StressTestPersistenceUploadManager.testCreateUpload(StressTestPersistenceUploadManager.java:616)
	at com.topcoder.management.deliverable.stresstests.StressTestPersistenceUploadManager.testCreateSubmission(StressTestPersistenceUploadManager.java:159)
	at com.topcoder.management.deliverable.stresstests.StressTestPersistenceUploadManager.testRemoveSubmission(StressTestPersistenceUploadManager.java:207)
	at sun.reflect.NativeMethodAccessorImpl.invoke0(Native Method)
	at sun.reflect.NativeMethodAccessorImpl.invoke(NativeMethodAccessorImpl.java:57)
	at sun.reflect.DelegatingMethodAccessorImpl.invoke(DelegatingMethodAccessorImpl.java:43)
	at java.lang.reflect.Method.invoke(Method.java:616)
	at junit.framework.TestCase.runTest(TestCase.java:168)
	at junit.framework.TestCase.runBare(TestCase.java:134)
	at junit.framework.TestResult$1.protect(TestResult.java:110)
	at junit.framework.TestResult.runProtected(TestResult.java:128)
	at junit.framework.TestResult.run(TestResult.java:113)
	at junit.framework.TestCase.run(TestCase.java:124)
	at junit.framework.TestSuite.runTest(TestSuite.java:232)
	at junit.framework.TestSuite.run(TestSuite.java:227)
	at junit.framework.TestSuite.runTest(TestSuite.java:232)
	at junit.framework.TestSuite.run(TestSuite.java:227)
	at junit.framework.TestSuite.runTest(TestSuite.java:232)
	at junit.framework.TestSuite.run(TestSuite.java:227)
	at org.apache.tools.ant.taskdefs.optional.junit.JUnitTestRunner.run(JUnitTestRunner.java:420)
	at org.apache.tools.ant.taskdefs.optional.junit.JUnitTestRunner.launch(JUnitTestRunner.java:911)
	at org.apache.tools.ant.taskdefs.optional.junit.JUnitTestRunner.main(JUnitTestRunner.java:768)
generate next id from the idGenerator:upload_type_id_seq
com.topcoder.util.config.UnknownNamespaceException: com.topcoder.util.log is unknown
	at com.topcoder.util.config.DefaultConfigManager.getPropertyObject(DefaultConfigManager.java:429)
	at com.topcoder.util.config.DefaultConfigManager.getString(DefaultConfigManager.java:449)
	at com.topcoder.util.log.LogFactory.getAttribute(LogFactory.java:224)
	at com.topcoder.util.log.basic.BasicLog.log(BasicLog.java:74)
	at com.topcoder.management.deliverable.PersistenceUploadManager.createUploadType(PersistenceUploadManager.java:453)
	at com.topcoder.management.deliverable.stresstests.StressTestPersistenceUploadManager.testCreateUploadType(StressTestPersistenceUploadManager.java:594)
	at com.topcoder.management.deliverable.stresstests.StressTestPersistenceUploadManager.testCreateUpload(StressTestPersistenceUploadManager.java:616)
	at com.topcoder.management.deliverable.stresstests.StressTestPersistenceUploadManager.testCreateSubmission(StressTestPersistenceUploadManager.java:159)
	at com.topcoder.management.deliverable.stresstests.StressTestPersistenceUploadManager.testRemoveSubmission(StressTestPersistenceUploadManager.java:207)
	at sun.reflect.NativeMethodAccessorImpl.invoke0(Native Method)
	at sun.reflect.NativeMethodAccessorImpl.invoke(NativeMethodAccessorImpl.java:57)
	at sun.reflect.DelegatingMethodAccessorImpl.invoke(DelegatingMethodAccessorImpl.java:43)
	at java.lang.reflect.Method.invoke(Method.java:616)
	at junit.framework.TestCase.runTest(TestCase.java:168)
	at junit.framework.TestCase.runBare(TestCase.java:134)
	at junit.framework.TestResult$1.protect(TestResult.java:110)
	at junit.framework.TestResult.runProtected(TestResult.java:128)
	at junit.framework.TestResult.run(TestResult.java:113)
	at junit.framework.TestCase.run(TestCase.java:124)
	at junit.framework.TestSuite.runTest(TestSuite.java:232)
	at junit.framework.TestSuite.run(TestSuite.java:227)
	at junit.framework.TestSuite.runTest(TestSuite.java:232)
	at junit.framework.TestSuite.run(TestSuite.java:227)
	at junit.framework.TestSuite.runTest(TestSuite.java:232)
	at junit.framework.TestSuite.run(TestSuite.java:227)
	at org.apache.tools.ant.taskdefs.optional.junit.JUnitTestRunner.run(JUnitTestRunner.java:420)
	at org.apache.tools.ant.taskdefs.optional.junit.JUnitTestRunner.launch(JUnitTestRunner.java:911)
	at org.apache.tools.ant.taskdefs.optional.junit.JUnitTestRunner.main(JUnitTestRunner.java:768)
type: UploadType id: Unknown operator:stress - Create new UploadType.
com.topcoder.util.config.UnknownNamespaceException: com.topcoder.util.log is unknown
	at com.topcoder.util.config.DefaultConfigManager.getPropertyObject(DefaultConfigManager.java:429)
	at com.topcoder.util.config.DefaultConfigManager.getString(DefaultConfigManager.java:449)
	at com.topcoder.util.log.LogFactory.getAttribute(LogFactory.java:224)
	at com.topcoder.util.log.basic.BasicLog.log(BasicLog.java:74)
	at com.topcoder.management.deliverable.PersistenceUploadManager.persistenceUploadManagerHelper(PersistenceUploadManager.java:966)
	at com.topcoder.management.deliverable.PersistenceUploadManager.createUploadType(PersistenceUploadManager.java:454)
	at com.topcoder.management.deliverable.stresstests.StressTestPersistenceUploadManager.testCreateUploadType(StressTestPersistenceUploadManager.java:594)
	at com.topcoder.management.deliverable.stresstests.StressTestPersistenceUploadManager.testCreateUpload(StressTestPersistenceUploadManager.java:616)
	at com.topcoder.management.deliverable.stresstests.StressTestPersistenceUploadManager.testCreateSubmission(StressTestPersistenceUploadManager.java:159)
	at com.topcoder.management.deliverable.stresstests.StressTestPersistenceUploadManager.testRemoveSubmission(StressTestPersistenceUploadManager.java:207)
	at sun.reflect.NativeMethodAccessorImpl.invoke0(Native Method)
	at sun.reflect.NativeMethodAccessorImpl.invoke(NativeMethodAccessorImpl.java:57)
	at sun.reflect.DelegatingMethodAccessorImpl.invoke(DelegatingMethodAccessorImpl.java:43)
	at java.lang.reflect.Method.invoke(Method.java:616)
	at junit.framework.TestCase.runTest(TestCase.java:168)
	at junit.framework.TestCase.runBare(TestCase.java:134)
	at junit.framework.TestResult$1.protect(TestResult.java:110)
	at junit.framework.TestResult.runProtected(TestResult.java:128)
	at junit.framework.TestResult.run(TestResult.java:113)
	at junit.framework.TestCase.run(TestCase.java:124)
	at junit.framework.TestSuite.runTest(TestSuite.java:232)
	at junit.framework.TestSuite.run(TestSuite.java:227)
	at junit.framework.TestSuite.runTest(TestSuite.java:232)
	at junit.framework.TestSuite.run(TestSuite.java:227)
	at junit.framework.TestSuite.runTest(TestSuite.java:232)
	at junit.framework.TestSuite.run(TestSuite.java:227)
	at org.apache.tools.ant.taskdefs.optional.junit.JUnitTestRunner.run(JUnitTestRunner.java:420)
	at org.apache.tools.ant.taskdefs.optional.junit.JUnitTestRunner.launch(JUnitTestRunner.java:911)
	at org.apache.tools.ant.taskdefs.optional.junit.JUnitTestRunner.main(JUnitTestRunner.java:768)
generate next id from the idGenerator:upload_type_id_seq
com.topcoder.util.config.UnknownNamespaceException: com.topcoder.util.log is unknown
	at com.topcoder.util.config.DefaultConfigManager.getPropertyObject(DefaultConfigManager.java:429)
	at com.topcoder.util.config.DefaultConfigManager.getString(DefaultConfigManager.java:449)
	at com.topcoder.util.log.LogFactory.getAttribute(LogFactory.java:224)
	at com.topcoder.util.log.basic.BasicLog.log(BasicLog.java:74)
	at com.topcoder.management.deliverable.PersistenceUploadManager.createUploadStatus(PersistenceUploadManager.java:541)
	at com.topcoder.management.deliverable.stresstests.StressTestPersistenceUploadManager.testCreateUploadStatus(StressTestPersistenceUploadManager.java:414)
	at com.topcoder.management.deliverable.stresstests.StressTestPersistenceUploadManager.testCreateUpload(StressTestPersistenceUploadManager.java:617)
	at com.topcoder.management.deliverable.stresstests.StressTestPersistenceUploadManager.testCreateSubmission(StressTestPersistenceUploadManager.java:159)
	at com.topcoder.management.deliverable.stresstests.StressTestPersistenceUploadManager.testRemoveSubmission(StressTestPersistenceUploadManager.java:207)
	at sun.reflect.NativeMethodAccessorImpl.invoke0(Native Method)
	at sun.reflect.NativeMethodAccessorImpl.invoke(NativeMethodAccessorImpl.java:57)
	at sun.reflect.DelegatingMethodAccessorImpl.invoke(DelegatingMethodAccessorImpl.java:43)
	at java.lang.reflect.Method.invoke(Method.java:616)
	at junit.framework.TestCase.runTest(TestCase.java:168)
	at junit.framework.TestCase.runBare(TestCase.java:134)
	at junit.framework.TestResult$1.protect(TestResult.java:110)
	at junit.framework.TestResult.runProtected(TestResult.java:128)
	at junit.framework.TestResult.run(TestResult.java:113)
	at junit.framework.TestCase.run(TestCase.java:124)
	at junit.framework.TestSuite.runTest(TestSuite.java:232)
	at junit.framework.TestSuite.run(TestSuite.java:227)
	at junit.framework.TestSuite.runTest(TestSuite.java:232)
	at junit.framework.TestSuite.run(TestSuite.java:227)
	at junit.framework.TestSuite.runTest(TestSuite.java:232)
	at junit.framework.TestSuite.run(TestSuite.java:227)
	at org.apache.tools.ant.taskdefs.optional.junit.JUnitTestRunner.run(JUnitTestRunner.java:420)
	at org.apache.tools.ant.taskdefs.optional.junit.JUnitTestRunner.launch(JUnitTestRunner.java:911)
	at org.apache.tools.ant.taskdefs.optional.junit.JUnitTestRunner.main(JUnitTestRunner.java:768)
type: UploadStatus id: Unknown operator:stress - create new UploadStatus.
com.topcoder.util.config.UnknownNamespaceException: com.topcoder.util.log is unknown
	at com.topcoder.util.config.DefaultConfigManager.getPropertyObject(DefaultConfigManager.java:429)
	at com.topcoder.util.config.DefaultConfigManager.getString(DefaultConfigManager.java:449)
	at com.topcoder.util.log.LogFactory.getAttribute(LogFactory.java:224)
	at com.topcoder.util.log.basic.BasicLog.log(BasicLog.java:74)
	at com.topcoder.management.deliverable.PersistenceUploadManager.persistenceUploadManagerHelper(PersistenceUploadManager.java:966)
	at com.topcoder.management.deliverable.PersistenceUploadManager.createUploadStatus(PersistenceUploadManager.java:542)
	at com.topcoder.management.deliverable.stresstests.StressTestPersistenceUploadManager.testCreateUploadStatus(StressTestPersistenceUploadManager.java:414)
	at com.topcoder.management.deliverable.stresstests.StressTestPersistenceUploadManager.testCreateUpload(StressTestPersistenceUploadManager.java:617)
	at com.topcoder.management.deliverable.stresstests.StressTestPersistenceUploadManager.testCreateSubmission(StressTestPersistenceUploadManager.java:159)
	at com.topcoder.management.deliverable.stresstests.StressTestPersistenceUploadManager.testRemoveSubmission(StressTestPersistenceUploadManager.java:207)
	at sun.reflect.NativeMethodAccessorImpl.invoke0(Native Method)
	at sun.reflect.NativeMethodAccessorImpl.invoke(NativeMethodAccessorImpl.java:57)
	at sun.reflect.DelegatingMethodAccessorImpl.invoke(DelegatingMethodAccessorImpl.java:43)
	at java.lang.reflect.Method.invoke(Method.java:616)
	at junit.framework.TestCase.runTest(TestCase.java:168)
	at junit.framework.TestCase.runBare(TestCase.java:134)
	at junit.framework.TestResult$1.protect(TestResult.java:110)
	at junit.framework.TestResult.runProtected(TestResult.java:128)
	at junit.framework.TestResult.run(TestResult.java:113)
	at junit.framework.TestCase.run(TestCase.java:124)
	at junit.framework.TestSuite.runTest(TestSuite.java:232)
	at junit.framework.TestSuite.run(TestSuite.java:227)
	at junit.framework.TestSuite.runTest(TestSuite.java:232)
	at junit.framework.TestSuite.run(TestSuite.java:227)
	at junit.framework.TestSuite.runTest(TestSuite.java:232)
	at junit.framework.TestSuite.run(TestSuite.java:227)
	at org.apache.tools.ant.taskdefs.optional.junit.JUnitTestRunner.run(JUnitTestRunner.java:420)
	at org.apache.tools.ant.taskdefs.optional.junit.JUnitTestRunner.launch(JUnitTestRunner.java:911)
	at org.apache.tools.ant.taskdefs.optional.junit.JUnitTestRunner.main(JUnitTestRunner.java:768)
generate next id from the idGenerator:upload_status_id_seq
com.topcoder.util.config.UnknownNamespaceException: com.topcoder.util.log is unknown
	at com.topcoder.util.config.DefaultConfigManager.getPropertyObject(DefaultConfigManager.java:429)
	at com.topcoder.util.config.DefaultConfigManager.getString(DefaultConfigManager.java:449)
	at com.topcoder.util.log.LogFactory.getAttribute(LogFactory.java:224)
	at com.topcoder.util.log.basic.BasicLog.log(BasicLog.java:74)
	at com.topcoder.management.deliverable.PersistenceUploadManager.createUploadStatus(PersistenceUploadManager.java:541)
	at com.topcoder.management.deliverable.stresstests.StressTestPersistenceUploadManager.testCreateUploadStatus(StressTestPersistenceUploadManager.java:414)
	at com.topcoder.management.deliverable.stresstests.StressTestPersistenceUploadManager.testCreateUpload(StressTestPersistenceUploadManager.java:617)
	at com.topcoder.management.deliverable.stresstests.StressTestPersistenceUploadManager.testCreateSubmission(StressTestPersistenceUploadManager.java:159)
	at com.topcoder.management.deliverable.stresstests.StressTestPersistenceUploadManager.testRemoveSubmission(StressTestPersistenceUploadManager.java:207)
	at sun.reflect.NativeMethodAccessorImpl.invoke0(Native Method)
	at sun.reflect.NativeMethodAccessorImpl.invoke(NativeMethodAccessorImpl.java:57)
	at sun.reflect.DelegatingMethodAccessorImpl.invoke(DelegatingMethodAccessorImpl.java:43)
	at java.lang.reflect.Method.invoke(Method.java:616)
	at junit.framework.TestCase.runTest(TestCase.java:168)
	at junit.framework.TestCase.runBare(TestCase.java:134)
	at junit.framework.TestResult$1.protect(TestResult.java:110)
	at junit.framework.TestResult.runProtected(TestResult.java:128)
	at junit.framework.TestResult.run(TestResult.java:113)
	at junit.framework.TestCase.run(TestCase.java:124)
	at junit.framework.TestSuite.runTest(TestSuite.java:232)
	at junit.framework.TestSuite.run(TestSuite.java:227)
	at junit.framework.TestSuite.runTest(TestSuite.java:232)
	at junit.framework.TestSuite.run(TestSuite.java:227)
	at junit.framework.TestSuite.runTest(TestSuite.java:232)
	at junit.framework.TestSuite.run(TestSuite.java:227)
	at org.apache.tools.ant.taskdefs.optional.junit.JUnitTestRunner.run(JUnitTestRunner.java:420)
	at org.apache.tools.ant.taskdefs.optional.junit.JUnitTestRunner.launch(JUnitTestRunner.java:911)
	at org.apache.tools.ant.taskdefs.optional.junit.JUnitTestRunner.main(JUnitTestRunner.java:768)
type: UploadStatus id: Unknown operator:stress - create new UploadStatus.
com.topcoder.util.config.UnknownNamespaceException: com.topcoder.util.log is unknown
	at com.topcoder.util.config.DefaultConfigManager.getPropertyObject(DefaultConfigManager.java:429)
	at com.topcoder.util.config.DefaultConfigManager.getString(DefaultConfigManager.java:449)
	at com.topcoder.util.log.LogFactory.getAttribute(LogFactory.java:224)
	at com.topcoder.util.log.basic.BasicLog.log(BasicLog.java:74)
	at com.topcoder.management.deliverable.PersistenceUploadManager.persistenceUploadManagerHelper(PersistenceUploadManager.java:966)
	at com.topcoder.management.deliverable.PersistenceUploadManager.createUploadStatus(PersistenceUploadManager.java:542)
	at com.topcoder.management.deliverable.stresstests.StressTestPersistenceUploadManager.testCreateUploadStatus(StressTestPersistenceUploadManager.java:414)
	at com.topcoder.management.deliverable.stresstests.StressTestPersistenceUploadManager.testCreateUpload(StressTestPersistenceUploadManager.java:617)
	at com.topcoder.management.deliverable.stresstests.StressTestPersistenceUploadManager.testCreateSubmission(StressTestPersistenceUploadManager.java:159)
	at com.topcoder.management.deliverable.stresstests.StressTestPersistenceUploadManager.testRemoveSubmission(StressTestPersistenceUploadManager.java:207)
	at sun.reflect.NativeMethodAccessorImpl.invoke0(Native Method)
	at sun.reflect.NativeMethodAccessorImpl.invoke(NativeMethodAccessorImpl.java:57)
	at sun.reflect.DelegatingMethodAccessorImpl.invoke(DelegatingMethodAccessorImpl.java:43)
	at java.lang.reflect.Method.invoke(Method.java:616)
	at junit.framework.TestCase.runTest(TestCase.java:168)
	at junit.framework.TestCase.runBare(TestCase.java:134)
	at junit.framework.TestResult$1.protect(TestResult.java:110)
	at junit.framework.TestResult.runProtected(TestResult.java:128)
	at junit.framework.TestResult.run(TestResult.java:113)
	at junit.framework.TestCase.run(TestCase.java:124)
	at junit.framework.TestSuite.runTest(TestSuite.java:232)
	at junit.framework.TestSuite.run(TestSuite.java:227)
	at junit.framework.TestSuite.runTest(TestSuite.java:232)
	at junit.framework.TestSuite.run(TestSuite.java:227)
	at junit.framework.TestSuite.runTest(TestSuite.java:232)
	at junit.framework.TestSuite.run(TestSuite.java:227)
	at org.apache.tools.ant.taskdefs.optional.junit.JUnitTestRunner.run(JUnitTestRunner.java:420)
	at org.apache.tools.ant.taskdefs.optional.junit.JUnitTestRunner.launch(JUnitTestRunner.java:911)
	at org.apache.tools.ant.taskdefs.optional.junit.JUnitTestRunner.main(JUnitTestRunner.java:768)
generate next id from the idGenerator:upload_status_id_seq
com.topcoder.util.config.UnknownNamespaceException: com.topcoder.util.log is unknown
	at com.topcoder.util.config.DefaultConfigManager.getPropertyObject(DefaultConfigManager.java:429)
	at com.topcoder.util.config.DefaultConfigManager.getString(DefaultConfigManager.java:449)
	at com.topcoder.util.log.LogFactory.getAttribute(LogFactory.java:224)
	at com.topcoder.util.log.basic.BasicLog.log(BasicLog.java:74)
	at com.topcoder.management.deliverable.PersistenceUploadManager.createUpload(PersistenceUploadManager.java:335)
	at com.topcoder.management.deliverable.stresstests.StressTestPersistenceUploadManager.testCreateUpload(StressTestPersistenceUploadManager.java:623)
	at com.topcoder.management.deliverable.stresstests.StressTestPersistenceUploadManager.testCreateSubmission(StressTestPersistenceUploadManager.java:159)
	at com.topcoder.management.deliverable.stresstests.StressTestPersistenceUploadManager.testRemoveSubmission(StressTestPersistenceUploadManager.java:207)
	at sun.reflect.NativeMethodAccessorImpl.invoke0(Native Method)
	at sun.reflect.NativeMethodAccessorImpl.invoke(NativeMethodAccessorImpl.java:57)
	at sun.reflect.DelegatingMethodAccessorImpl.invoke(DelegatingMethodAccessorImpl.java:43)
	at java.lang.reflect.Method.invoke(Method.java:616)
	at junit.framework.TestCase.runTest(TestCase.java:168)
	at junit.framework.TestCase.runBare(TestCase.java:134)
	at junit.framework.TestResult$1.protect(TestResult.java:110)
	at junit.framework.TestResult.runProtected(TestResult.java:128)
	at junit.framework.TestResult.run(TestResult.java:113)
	at junit.framework.TestCase.run(TestCase.java:124)
	at junit.framework.TestSuite.runTest(TestSuite.java:232)
	at junit.framework.TestSuite.run(TestSuite.java:227)
	at junit.framework.TestSuite.runTest(TestSuite.java:232)
	at junit.framework.TestSuite.run(TestSuite.java:227)
	at junit.framework.TestSuite.runTest(TestSuite.java:232)
	at junit.framework.TestSuite.run(TestSuite.java:227)
	at org.apache.tools.ant.taskdefs.optional.junit.JUnitTestRunner.run(JUnitTestRunner.java:420)
	at org.apache.tools.ant.taskdefs.optional.junit.JUnitTestRunner.launch(JUnitTestRunner.java:911)
	at org.apache.tools.ant.taskdefs.optional.junit.JUnitTestRunner.main(JUnitTestRunner.java:768)
type: Upload id: Unknown operator:stress - Create new Upload.
com.topcoder.util.config.UnknownNamespaceException: com.topcoder.util.log is unknown
	at com.topcoder.util.config.DefaultConfigManager.getPropertyObject(DefaultConfigManager.java:429)
	at com.topcoder.util.config.DefaultConfigManager.getString(DefaultConfigManager.java:449)
	at com.topcoder.util.log.LogFactory.getAttribute(LogFactory.java:224)
	at com.topcoder.util.log.basic.BasicLog.log(BasicLog.java:74)
	at com.topcoder.management.deliverable.PersistenceUploadManager.persistenceUploadManagerHelper(PersistenceUploadManager.java:966)
	at com.topcoder.management.deliverable.PersistenceUploadManager.createUpload(PersistenceUploadManager.java:336)
	at com.topcoder.management.deliverable.stresstests.StressTestPersistenceUploadManager.testCreateUpload(StressTestPersistenceUploadManager.java:623)
	at com.topcoder.management.deliverable.stresstests.StressTestPersistenceUploadManager.testCreateSubmission(StressTestPersistenceUploadManager.java:159)
	at com.topcoder.management.deliverable.stresstests.StressTestPersistenceUploadManager.testRemoveSubmission(StressTestPersistenceUploadManager.java:207)
	at sun.reflect.NativeMethodAccessorImpl.invoke0(Native Method)
	at sun.reflect.NativeMethodAccessorImpl.invoke(NativeMethodAccessorImpl.java:57)
	at sun.reflect.DelegatingMethodAccessorImpl.invoke(DelegatingMethodAccessorImpl.java:43)
	at java.lang.reflect.Method.invoke(Method.java:616)
	at junit.framework.TestCase.runTest(TestCase.java:168)
	at junit.framework.TestCase.runBare(TestCase.java:134)
	at junit.framework.TestResult$1.protect(TestResult.java:110)
	at junit.framework.TestResult.runProtected(TestResult.java:128)
	at junit.framework.TestResult.run(TestResult.java:113)
	at junit.framework.TestCase.run(TestCase.java:124)
	at junit.framework.TestSuite.runTest(TestSuite.java:232)
	at junit.framework.TestSuite.run(TestSuite.java:227)
	at junit.framework.TestSuite.runTest(TestSuite.java:232)
	at junit.framework.TestSuite.run(TestSuite.java:227)
	at junit.framework.TestSuite.runTest(TestSuite.java:232)
	at junit.framework.TestSuite.run(TestSuite.java:227)
	at org.apache.tools.ant.taskdefs.optional.junit.JUnitTestRunner.run(JUnitTestRunner.java:420)
	at org.apache.tools.ant.taskdefs.optional.junit.JUnitTestRunner.launch(JUnitTestRunner.java:911)
	at org.apache.tools.ant.taskdefs.optional.junit.JUnitTestRunner.main(JUnitTestRunner.java:768)
generate next id from the idGenerator:upload_id_seq
com.topcoder.util.config.UnknownNamespaceException: com.topcoder.util.log is unknown
	at com.topcoder.util.config.DefaultConfigManager.getPropertyObject(DefaultConfigManager.java:429)
	at com.topcoder.util.config.DefaultConfigManager.getString(DefaultConfigManager.java:449)
	at com.topcoder.util.log.LogFactory.getAttribute(LogFactory.java:224)
	at com.topcoder.util.log.basic.BasicLog.log(BasicLog.java:74)
	at com.topcoder.management.deliverable.PersistenceUploadManager.createUpload(PersistenceUploadManager.java:335)
	at com.topcoder.management.deliverable.stresstests.StressTestPersistenceUploadManager.testCreateUpload(StressTestPersistenceUploadManager.java:623)
	at com.topcoder.management.deliverable.stresstests.StressTestPersistenceUploadManager.testCreateSubmission(StressTestPersistenceUploadManager.java:159)
	at com.topcoder.management.deliverable.stresstests.StressTestPersistenceUploadManager.testRemoveSubmission(StressTestPersistenceUploadManager.java:207)
	at sun.reflect.NativeMethodAccessorImpl.invoke0(Native Method)
	at sun.reflect.NativeMethodAccessorImpl.invoke(NativeMethodAccessorImpl.java:57)
	at sun.reflect.DelegatingMethodAccessorImpl.invoke(DelegatingMethodAccessorImpl.java:43)
	at java.lang.reflect.Method.invoke(Method.java:616)
	at junit.framework.TestCase.runTest(TestCase.java:168)
	at junit.framework.TestCase.runBare(TestCase.java:134)
	at junit.framework.TestResult$1.protect(TestResult.java:110)
	at junit.framework.TestResult.runProtected(TestResult.java:128)
	at junit.framework.TestResult.run(TestResult.java:113)
	at junit.framework.TestCase.run(TestCase.java:124)
	at junit.framework.TestSuite.runTest(TestSuite.java:232)
	at junit.framework.TestSuite.run(TestSuite.java:227)
	at junit.framework.TestSuite.runTest(TestSuite.java:232)
	at junit.framework.TestSuite.run(TestSuite.java:227)
	at junit.framework.TestSuite.runTest(TestSuite.java:232)
	at junit.framework.TestSuite.run(TestSuite.java:227)
	at org.apache.tools.ant.taskdefs.optional.junit.JUnitTestRunner.run(JUnitTestRunner.java:420)
	at org.apache.tools.ant.taskdefs.optional.junit.JUnitTestRunner.launch(JUnitTestRunner.java:911)
	at org.apache.tools.ant.taskdefs.optional.junit.JUnitTestRunner.main(JUnitTestRunner.java:768)
type: Upload id: Unknown operator:stress - Create new Upload.
com.topcoder.util.config.UnknownNamespaceException: com.topcoder.util.log is unknown
	at com.topcoder.util.config.DefaultConfigManager.getPropertyObject(DefaultConfigManager.java:429)
	at com.topcoder.util.config.DefaultConfigManager.getString(DefaultConfigManager.java:449)
	at com.topcoder.util.log.LogFactory.getAttribute(LogFactory.java:224)
	at com.topcoder.util.log.basic.BasicLog.log(BasicLog.java:74)
	at com.topcoder.management.deliverable.PersistenceUploadManager.persistenceUploadManagerHelper(PersistenceUploadManager.java:966)
	at com.topcoder.management.deliverable.PersistenceUploadManager.createUpload(PersistenceUploadManager.java:336)
	at com.topcoder.management.deliverable.stresstests.StressTestPersistenceUploadManager.testCreateUpload(StressTestPersistenceUploadManager.java:623)
	at com.topcoder.management.deliverable.stresstests.StressTestPersistenceUploadManager.testCreateSubmission(StressTestPersistenceUploadManager.java:159)
	at com.topcoder.management.deliverable.stresstests.StressTestPersistenceUploadManager.testRemoveSubmission(StressTestPersistenceUploadManager.java:207)
	at sun.reflect.NativeMethodAccessorImpl.invoke0(Native Method)
	at sun.reflect.NativeMethodAccessorImpl.invoke(NativeMethodAccessorImpl.java:57)
	at sun.reflect.DelegatingMethodAccessorImpl.invoke(DelegatingMethodAccessorImpl.java:43)
	at java.lang.reflect.Method.invoke(Method.java:616)
	at junit.framework.TestCase.runTest(TestCase.java:168)
	at junit.framework.TestCase.runBare(TestCase.java:134)
	at junit.framework.TestResult$1.protect(TestResult.java:110)
	at junit.framework.TestResult.runProtected(TestResult.java:128)
	at junit.framework.TestResult.run(TestResult.java:113)
	at junit.framework.TestCase.run(TestCase.java:124)
	at junit.framework.TestSuite.runTest(TestSuite.java:232)
	at junit.framework.TestSuite.run(TestSuite.java:227)
	at junit.framework.TestSuite.runTest(TestSuite.java:232)
	at junit.framework.TestSuite.run(TestSuite.java:227)
	at junit.framework.TestSuite.runTest(TestSuite.java:232)
	at junit.framework.TestSuite.run(TestSuite.java:227)
	at org.apache.tools.ant.taskdefs.optional.junit.JUnitTestRunner.run(JUnitTestRunner.java:420)
	at org.apache.tools.ant.taskdefs.optional.junit.JUnitTestRunner.launch(JUnitTestRunner.java:911)
	at org.apache.tools.ant.taskdefs.optional.junit.JUnitTestRunner.main(JUnitTestRunner.java:768)
generate next id from the idGenerator:upload_id_seq
com.topcoder.util.config.UnknownNamespaceException: com.topcoder.util.log is unknown
	at com.topcoder.util.config.DefaultConfigManager.getPropertyObject(DefaultConfigManager.java:429)
	at com.topcoder.util.config.DefaultConfigManager.getString(DefaultConfigManager.java:449)
	at com.topcoder.util.log.LogFactory.getAttribute(LogFactory.java:224)
	at com.topcoder.util.log.basic.BasicLog.log(BasicLog.java:74)
	at com.topcoder.management.deliverable.PersistenceUploadManager.createSubmissionStatus(PersistenceUploadManager.java:748)
	at com.topcoder.management.deliverable.stresstests.StressTestPersistenceUploadManager.testCreateSubmissionStatus(StressTestPersistenceUploadManager.java:285)
	at com.topcoder.management.deliverable.stresstests.StressTestPersistenceUploadManager.testCreateSubmission(StressTestPersistenceUploadManager.java:160)
	at com.topcoder.management.deliverable.stresstests.StressTestPersistenceUploadManager.testRemoveSubmission(StressTestPersistenceUploadManager.java:207)
	at sun.reflect.NativeMethodAccessorImpl.invoke0(Native Method)
	at sun.reflect.NativeMethodAccessorImpl.invoke(NativeMethodAccessorImpl.java:57)
	at sun.reflect.DelegatingMethodAccessorImpl.invoke(DelegatingMethodAccessorImpl.java:43)
	at java.lang.reflect.Method.invoke(Method.java:616)
	at junit.framework.TestCase.runTest(TestCase.java:168)
	at junit.framework.TestCase.runBare(TestCase.java:134)
	at junit.framework.TestResult$1.protect(TestResult.java:110)
	at junit.framework.TestResult.runProtected(TestResult.java:128)
	at junit.framework.TestResult.run(TestResult.java:113)
	at junit.framework.TestCase.run(TestCase.java:124)
	at junit.framework.TestSuite.runTest(TestSuite.java:232)
	at junit.framework.TestSuite.run(TestSuite.java:227)
	at junit.framework.TestSuite.runTest(TestSuite.java:232)
	at junit.framework.TestSuite.run(TestSuite.java:227)
	at junit.framework.TestSuite.runTest(TestSuite.java:232)
	at junit.framework.TestSuite.run(TestSuite.java:227)
	at org.apache.tools.ant.taskdefs.optional.junit.JUnitTestRunner.run(JUnitTestRunner.java:420)
	at org.apache.tools.ant.taskdefs.optional.junit.JUnitTestRunner.launch(JUnitTestRunner.java:911)
	at org.apache.tools.ant.taskdefs.optional.junit.JUnitTestRunner.main(JUnitTestRunner.java:768)
type: SubmissionStatus id: Unknown operator:stress - create new SubmissionStatus.
com.topcoder.util.config.UnknownNamespaceException: com.topcoder.util.log is unknown
	at com.topcoder.util.config.DefaultConfigManager.getPropertyObject(DefaultConfigManager.java:429)
	at com.topcoder.util.config.DefaultConfigManager.getString(DefaultConfigManager.java:449)
	at com.topcoder.util.log.LogFactory.getAttribute(LogFactory.java:224)
	at com.topcoder.util.log.basic.BasicLog.log(BasicLog.java:74)
	at com.topcoder.management.deliverable.PersistenceUploadManager.persistenceUploadManagerHelper(PersistenceUploadManager.java:966)
	at com.topcoder.management.deliverable.PersistenceUploadManager.createSubmissionStatus(PersistenceUploadManager.java:749)
	at com.topcoder.management.deliverable.stresstests.StressTestPersistenceUploadManager.testCreateSubmissionStatus(StressTestPersistenceUploadManager.java:285)
	at com.topcoder.management.deliverable.stresstests.StressTestPersistenceUploadManager.testCreateSubmission(StressTestPersistenceUploadManager.java:160)
	at com.topcoder.management.deliverable.stresstests.StressTestPersistenceUploadManager.testRemoveSubmission(StressTestPersistenceUploadManager.java:207)
	at sun.reflect.NativeMethodAccessorImpl.invoke0(Native Method)
	at sun.reflect.NativeMethodAccessorImpl.invoke(NativeMethodAccessorImpl.java:57)
	at sun.reflect.DelegatingMethodAccessorImpl.invoke(DelegatingMethodAccessorImpl.java:43)
	at java.lang.reflect.Method.invoke(Method.java:616)
	at junit.framework.TestCase.runTest(TestCase.java:168)
	at junit.framework.TestCase.runBare(TestCase.java:134)
	at junit.framework.TestResult$1.protect(TestResult.java:110)
	at junit.framework.TestResult.runProtected(TestResult.java:128)
	at junit.framework.TestResult.run(TestResult.java:113)
	at junit.framework.TestCase.run(TestCase.java:124)
	at junit.framework.TestSuite.runTest(TestSuite.java:232)
	at junit.framework.TestSuite.run(TestSuite.java:227)
	at junit.framework.TestSuite.runTest(TestSuite.java:232)
	at junit.framework.TestSuite.run(TestSuite.java:227)
	at junit.framework.TestSuite.runTest(TestSuite.java:232)
	at junit.framework.TestSuite.run(TestSuite.java:227)
	at org.apache.tools.ant.taskdefs.optional.junit.JUnitTestRunner.run(JUnitTestRunner.java:420)
	at org.apache.tools.ant.taskdefs.optional.junit.JUnitTestRunner.launch(JUnitTestRunner.java:911)
	at org.apache.tools.ant.taskdefs.optional.junit.JUnitTestRunner.main(JUnitTestRunner.java:768)
generate next id from the idGenerator:submission_status_id_seq
com.topcoder.util.config.UnknownNamespaceException: com.topcoder.util.log is unknown
	at com.topcoder.util.config.DefaultConfigManager.getPropertyObject(DefaultConfigManager.java:429)
	at com.topcoder.util.config.DefaultConfigManager.getString(DefaultConfigManager.java:449)
	at com.topcoder.util.log.LogFactory.getAttribute(LogFactory.java:224)
	at com.topcoder.util.log.basic.BasicLog.log(BasicLog.java:74)
	at com.topcoder.management.deliverable.PersistenceUploadManager.createSubmissionStatus(PersistenceUploadManager.java:748)
	at com.topcoder.management.deliverable.stresstests.StressTestPersistenceUploadManager.testCreateSubmissionStatus(StressTestPersistenceUploadManager.java:285)
	at com.topcoder.management.deliverable.stresstests.StressTestPersistenceUploadManager.testCreateSubmission(StressTestPersistenceUploadManager.java:160)
	at com.topcoder.management.deliverable.stresstests.StressTestPersistenceUploadManager.testRemoveSubmission(StressTestPersistenceUploadManager.java:207)
	at sun.reflect.NativeMethodAccessorImpl.invoke0(Native Method)
	at sun.reflect.NativeMethodAccessorImpl.invoke(NativeMethodAccessorImpl.java:57)
	at sun.reflect.DelegatingMethodAccessorImpl.invoke(DelegatingMethodAccessorImpl.java:43)
	at java.lang.reflect.Method.invoke(Method.java:616)
	at junit.framework.TestCase.runTest(TestCase.java:168)
	at junit.framework.TestCase.runBare(TestCase.java:134)
	at junit.framework.TestResult$1.protect(TestResult.java:110)
	at junit.framework.TestResult.runProtected(TestResult.java:128)
	at junit.framework.TestResult.run(TestResult.java:113)
	at junit.framework.TestCase.run(TestCase.java:124)
	at junit.framework.TestSuite.runTest(TestSuite.java:232)
	at junit.framework.TestSuite.run(TestSuite.java:227)
	at junit.framework.TestSuite.runTest(TestSuite.java:232)
	at junit.framework.TestSuite.run(TestSuite.java:227)
	at junit.framework.TestSuite.runTest(TestSuite.java:232)
	at junit.framework.TestSuite.run(TestSuite.java:227)
	at org.apache.tools.ant.taskdefs.optional.junit.JUnitTestRunner.run(JUnitTestRunner.java:420)
	at org.apache.tools.ant.taskdefs.optional.junit.JUnitTestRunner.launch(JUnitTestRunner.java:911)
	at org.apache.tools.ant.taskdefs.optional.junit.JUnitTestRunner.main(JUnitTestRunner.java:768)
type: SubmissionStatus id: Unknown operator:stress - create new SubmissionStatus.
com.topcoder.util.config.UnknownNamespaceException: com.topcoder.util.log is unknown
	at com.topcoder.util.config.DefaultConfigManager.getPropertyObject(DefaultConfigManager.java:429)
	at com.topcoder.util.config.DefaultConfigManager.getString(DefaultConfigManager.java:449)
	at com.topcoder.util.log.LogFactory.getAttribute(LogFactory.java:224)
	at com.topcoder.util.log.basic.BasicLog.log(BasicLog.java:74)
	at com.topcoder.management.deliverable.PersistenceUploadManager.persistenceUploadManagerHelper(PersistenceUploadManager.java:966)
	at com.topcoder.management.deliverable.PersistenceUploadManager.createSubmissionStatus(PersistenceUploadManager.java:749)
	at com.topcoder.management.deliverable.stresstests.StressTestPersistenceUploadManager.testCreateSubmissionStatus(StressTestPersistenceUploadManager.java:285)
	at com.topcoder.management.deliverable.stresstests.StressTestPersistenceUploadManager.testCreateSubmission(StressTestPersistenceUploadManager.java:160)
	at com.topcoder.management.deliverable.stresstests.StressTestPersistenceUploadManager.testRemoveSubmission(StressTestPersistenceUploadManager.java:207)
	at sun.reflect.NativeMethodAccessorImpl.invoke0(Native Method)
	at sun.reflect.NativeMethodAccessorImpl.invoke(NativeMethodAccessorImpl.java:57)
	at sun.reflect.DelegatingMethodAccessorImpl.invoke(DelegatingMethodAccessorImpl.java:43)
	at java.lang.reflect.Method.invoke(Method.java:616)
	at junit.framework.TestCase.runTest(TestCase.java:168)
	at junit.framework.TestCase.runBare(TestCase.java:134)
	at junit.framework.TestResult$1.protect(TestResult.java:110)
	at junit.framework.TestResult.runProtected(TestResult.java:128)
	at junit.framework.TestResult.run(TestResult.java:113)
	at junit.framework.TestCase.run(TestCase.java:124)
	at junit.framework.TestSuite.runTest(TestSuite.java:232)
	at junit.framework.TestSuite.run(TestSuite.java:227)
	at junit.framework.TestSuite.runTest(TestSuite.java:232)
	at junit.framework.TestSuite.run(TestSuite.java:227)
	at junit.framework.TestSuite.runTest(TestSuite.java:232)
	at junit.framework.TestSuite.run(TestSuite.java:227)
	at org.apache.tools.ant.taskdefs.optional.junit.JUnitTestRunner.run(JUnitTestRunner.java:420)
	at org.apache.tools.ant.taskdefs.optional.junit.JUnitTestRunner.launch(JUnitTestRunner.java:911)
	at org.apache.tools.ant.taskdefs.optional.junit.JUnitTestRunner.main(JUnitTestRunner.java:768)
generate next id from the idGenerator:submission_status_id_seq
com.topcoder.util.config.UnknownNamespaceException: com.topcoder.util.log is unknown
	at com.topcoder.util.config.DefaultConfigManager.getPropertyObject(DefaultConfigManager.java:429)
	at com.topcoder.util.config.DefaultConfigManager.getString(DefaultConfigManager.java:449)
	at com.topcoder.util.log.LogFactory.getAttribute(LogFactory.java:224)
	at com.topcoder.util.log.basic.BasicLog.log(BasicLog.java:74)
	at com.topcoder.management.deliverable.PersistenceUploadManager.createSubmissionType(PersistenceUploadManager.java:845)
	at com.topcoder.management.deliverable.stresstests.StressTestPersistenceUploadManager.testCreateSubmissionType(StressTestPersistenceUploadManager.java:501)
	at com.topcoder.management.deliverable.stresstests.StressTestPersistenceUploadManager.testCreateSubmission(StressTestPersistenceUploadManager.java:161)
	at com.topcoder.management.deliverable.stresstests.StressTestPersistenceUploadManager.testRemoveSubmission(StressTestPersistenceUploadManager.java:207)
	at sun.reflect.NativeMethodAccessorImpl.invoke0(Native Method)
	at sun.reflect.NativeMethodAccessorImpl.invoke(NativeMethodAccessorImpl.java:57)
	at sun.reflect.DelegatingMethodAccessorImpl.invoke(DelegatingMethodAccessorImpl.java:43)
	at java.lang.reflect.Method.invoke(Method.java:616)
	at junit.framework.TestCase.runTest(TestCase.java:168)
	at junit.framework.TestCase.runBare(TestCase.java:134)
	at junit.framework.TestResult$1.protect(TestResult.java:110)
	at junit.framework.TestResult.runProtected(TestResult.java:128)
	at junit.framework.TestResult.run(TestResult.java:113)
	at junit.framework.TestCase.run(TestCase.java:124)
	at junit.framework.TestSuite.runTest(TestSuite.java:232)
	at junit.framework.TestSuite.run(TestSuite.java:227)
	at junit.framework.TestSuite.runTest(TestSuite.java:232)
	at junit.framework.TestSuite.run(TestSuite.java:227)
	at junit.framework.TestSuite.runTest(TestSuite.java:232)
	at junit.framework.TestSuite.run(TestSuite.java:227)
	at org.apache.tools.ant.taskdefs.optional.junit.JUnitTestRunner.run(JUnitTestRunner.java:420)
	at org.apache.tools.ant.taskdefs.optional.junit.JUnitTestRunner.launch(JUnitTestRunner.java:911)
	at org.apache.tools.ant.taskdefs.optional.junit.JUnitTestRunner.main(JUnitTestRunner.java:768)
type: SubmissionType id: Unknown operator:stress - Create new SubmissionType.
com.topcoder.util.config.UnknownNamespaceException: com.topcoder.util.log is unknown
	at com.topcoder.util.config.DefaultConfigManager.getPropertyObject(DefaultConfigManager.java:429)
	at com.topcoder.util.config.DefaultConfigManager.getString(DefaultConfigManager.java:449)
	at com.topcoder.util.log.LogFactory.getAttribute(LogFactory.java:224)
	at com.topcoder.util.log.basic.BasicLog.log(BasicLog.java:74)
	at com.topcoder.management.deliverable.PersistenceUploadManager.persistenceUploadManagerHelper(PersistenceUploadManager.java:966)
	at com.topcoder.management.deliverable.PersistenceUploadManager.createSubmissionType(PersistenceUploadManager.java:847)
	at com.topcoder.management.deliverable.stresstests.StressTestPersistenceUploadManager.testCreateSubmissionType(StressTestPersistenceUploadManager.java:501)
	at com.topcoder.management.deliverable.stresstests.StressTestPersistenceUploadManager.testCreateSubmission(StressTestPersistenceUploadManager.java:161)
	at com.topcoder.management.deliverable.stresstests.StressTestPersistenceUploadManager.testRemoveSubmission(StressTestPersistenceUploadManager.java:207)
	at sun.reflect.NativeMethodAccessorImpl.invoke0(Native Method)
	at sun.reflect.NativeMethodAccessorImpl.invoke(NativeMethodAccessorImpl.java:57)
	at sun.reflect.DelegatingMethodAccessorImpl.invoke(DelegatingMethodAccessorImpl.java:43)
	at java.lang.reflect.Method.invoke(Method.java:616)
	at junit.framework.TestCase.runTest(TestCase.java:168)
	at junit.framework.TestCase.runBare(TestCase.java:134)
	at junit.framework.TestResult$1.protect(TestResult.java:110)
	at junit.framework.TestResult.runProtected(TestResult.java:128)
	at junit.framework.TestResult.run(TestResult.java:113)
	at junit.framework.TestCase.run(TestCase.java:124)
	at junit.framework.TestSuite.runTest(TestSuite.java:232)
	at junit.framework.TestSuite.run(TestSuite.java:227)
	at junit.framework.TestSuite.runTest(TestSuite.java:232)
	at junit.framework.TestSuite.run(TestSuite.java:227)
	at junit.framework.TestSuite.runTest(TestSuite.java:232)
	at junit.framework.TestSuite.run(TestSuite.java:227)
	at org.apache.tools.ant.taskdefs.optional.junit.JUnitTestRunner.run(JUnitTestRunner.java:420)
	at org.apache.tools.ant.taskdefs.optional.junit.JUnitTestRunner.launch(JUnitTestRunner.java:911)
	at org.apache.tools.ant.taskdefs.optional.junit.JUnitTestRunner.main(JUnitTestRunner.java:768)
generate next id from the idGenerator:submission_type_id_seq
com.topcoder.util.config.UnknownNamespaceException: com.topcoder.util.log is unknown
	at com.topcoder.util.config.DefaultConfigManager.getPropertyObject(DefaultConfigManager.java:429)
	at com.topcoder.util.config.DefaultConfigManager.getString(DefaultConfigManager.java:449)
	at com.topcoder.util.log.LogFactory.getAttribute(LogFactory.java:224)
	at com.topcoder.util.log.basic.BasicLog.log(BasicLog.java:74)
	at com.topcoder.management.deliverable.PersistenceUploadManager.createSubmissionType(PersistenceUploadManager.java:845)
	at com.topcoder.management.deliverable.stresstests.StressTestPersistenceUploadManager.testCreateSubmissionType(StressTestPersistenceUploadManager.java:501)
	at com.topcoder.management.deliverable.stresstests.StressTestPersistenceUploadManager.testCreateSubmission(StressTestPersistenceUploadManager.java:161)
	at com.topcoder.management.deliverable.stresstests.StressTestPersistenceUploadManager.testRemoveSubmission(StressTestPersistenceUploadManager.java:207)
	at sun.reflect.NativeMethodAccessorImpl.invoke0(Native Method)
	at sun.reflect.NativeMethodAccessorImpl.invoke(NativeMethodAccessorImpl.java:57)
	at sun.reflect.DelegatingMethodAccessorImpl.invoke(DelegatingMethodAccessorImpl.java:43)
	at java.lang.reflect.Method.invoke(Method.java:616)
	at junit.framework.TestCase.runTest(TestCase.java:168)
	at junit.framework.TestCase.runBare(TestCase.java:134)
	at junit.framework.TestResult$1.protect(TestResult.java:110)
	at junit.framework.TestResult.runProtected(TestResult.java:128)
	at junit.framework.TestResult.run(TestResult.java:113)
	at junit.framework.TestCase.run(TestCase.java:124)
	at junit.framework.TestSuite.runTest(TestSuite.java:232)
	at junit.framework.TestSuite.run(TestSuite.java:227)
	at junit.framework.TestSuite.runTest(TestSuite.java:232)
	at junit.framework.TestSuite.run(TestSuite.java:227)
	at junit.framework.TestSuite.runTest(TestSuite.java:232)
	at junit.framework.TestSuite.run(TestSuite.java:227)
	at org.apache.tools.ant.taskdefs.optional.junit.JUnitTestRunner.run(JUnitTestRunner.java:420)
	at org.apache.tools.ant.taskdefs.optional.junit.JUnitTestRunner.launch(JUnitTestRunner.java:911)
	at org.apache.tools.ant.taskdefs.optional.junit.JUnitTestRunner.main(JUnitTestRunner.java:768)
type: SubmissionType id: Unknown operator:stress - Create new SubmissionType.
com.topcoder.util.config.UnknownNamespaceException: com.topcoder.util.log is unknown
	at com.topcoder.util.config.DefaultConfigManager.getPropertyObject(DefaultConfigManager.java:429)
	at com.topcoder.util.config.DefaultConfigManager.getString(DefaultConfigManager.java:449)
	at com.topcoder.util.log.LogFactory.getAttribute(LogFactory.java:224)
	at com.topcoder.util.log.basic.BasicLog.log(BasicLog.java:74)
	at com.topcoder.management.deliverable.PersistenceUploadManager.persistenceUploadManagerHelper(PersistenceUploadManager.java:966)
	at com.topcoder.management.deliverable.PersistenceUploadManager.createSubmissionType(PersistenceUploadManager.java:847)
	at com.topcoder.management.deliverable.stresstests.StressTestPersistenceUploadManager.testCreateSubmissionType(StressTestPersistenceUploadManager.java:501)
	at com.topcoder.management.deliverable.stresstests.StressTestPersistenceUploadManager.testCreateSubmission(StressTestPersistenceUploadManager.java:161)
	at com.topcoder.management.deliverable.stresstests.StressTestPersistenceUploadManager.testRemoveSubmission(StressTestPersistenceUploadManager.java:207)
	at sun.reflect.NativeMethodAccessorImpl.invoke0(Native Method)
	at sun.reflect.NativeMethodAccessorImpl.invoke(NativeMethodAccessorImpl.java:57)
	at sun.reflect.DelegatingMethodAccessorImpl.invoke(DelegatingMethodAccessorImpl.java:43)
	at java.lang.reflect.Method.invoke(Method.java:616)
	at junit.framework.TestCase.runTest(TestCase.java:168)
	at junit.framework.TestCase.runBare(TestCase.java:134)
	at junit.framework.TestResult$1.protect(TestResult.java:110)
	at junit.framework.TestResult.runProtected(TestResult.java:128)
	at junit.framework.TestResult.run(TestResult.java:113)
	at junit.framework.TestCase.run(TestCase.java:124)
	at junit.framework.TestSuite.runTest(TestSuite.java:232)
	at junit.framework.TestSuite.run(TestSuite.java:227)
	at junit.framework.TestSuite.runTest(TestSuite.java:232)
	at junit.framework.TestSuite.run(TestSuite.java:227)
	at junit.framework.TestSuite.runTest(TestSuite.java:232)
	at junit.framework.TestSuite.run(TestSuite.java:227)
	at org.apache.tools.ant.taskdefs.optional.junit.JUnitTestRunner.run(JUnitTestRunner.java:420)
	at org.apache.tools.ant.taskdefs.optional.junit.JUnitTestRunner.launch(JUnitTestRunner.java:911)
	at org.apache.tools.ant.taskdefs.optional.junit.JUnitTestRunner.main(JUnitTestRunner.java:768)
generate next id from the idGenerator:submission_type_id_seq
com.topcoder.util.config.UnknownNamespaceException: com.topcoder.util.log is unknown
	at com.topcoder.util.config.DefaultConfigManager.getPropertyObject(DefaultConfigManager.java:429)
	at com.topcoder.util.config.DefaultConfigManager.getString(DefaultConfigManager.java:449)
	at com.topcoder.util.log.LogFactory.getAttribute(LogFactory.java:224)
	at com.topcoder.util.log.basic.BasicLog.log(BasicLog.java:74)
	at com.topcoder.management.deliverable.PersistenceUploadManager.createSubmission(PersistenceUploadManager.java:631)
	at com.topcoder.management.deliverable.stresstests.StressTestPersistenceUploadManager.testCreateSubmission(StressTestPersistenceUploadManager.java:170)
	at com.topcoder.management.deliverable.stresstests.StressTestPersistenceUploadManager.testRemoveSubmission(StressTestPersistenceUploadManager.java:207)
	at sun.reflect.NativeMethodAccessorImpl.invoke0(Native Method)
	at sun.reflect.NativeMethodAccessorImpl.invoke(NativeMethodAccessorImpl.java:57)
	at sun.reflect.DelegatingMethodAccessorImpl.invoke(DelegatingMethodAccessorImpl.java:43)
	at java.lang.reflect.Method.invoke(Method.java:616)
	at junit.framework.TestCase.runTest(TestCase.java:168)
	at junit.framework.TestCase.runBare(TestCase.java:134)
	at junit.framework.TestResult$1.protect(TestResult.java:110)
	at junit.framework.TestResult.runProtected(TestResult.java:128)
	at junit.framework.TestResult.run(TestResult.java:113)
	at junit.framework.TestCase.run(TestCase.java:124)
	at junit.framework.TestSuite.runTest(TestSuite.java:232)
	at junit.framework.TestSuite.run(TestSuite.java:227)
	at junit.framework.TestSuite.runTest(TestSuite.java:232)
	at junit.framework.TestSuite.run(TestSuite.java:227)
	at junit.framework.TestSuite.runTest(TestSuite.java:232)
	at junit.framework.TestSuite.run(TestSuite.java:227)
	at org.apache.tools.ant.taskdefs.optional.junit.JUnitTestRunner.run(JUnitTestRunner.java:420)
	at org.apache.tools.ant.taskdefs.optional.junit.JUnitTestRunner.launch(JUnitTestRunner.java:911)
	at org.apache.tools.ant.taskdefs.optional.junit.JUnitTestRunner.main(JUnitTestRunner.java:768)
type: Submission id: Unknown operator:operator - create new Submission.
com.topcoder.util.config.UnknownNamespaceException: com.topcoder.util.log is unknown
	at com.topcoder.util.config.DefaultConfigManager.getPropertyObject(DefaultConfigManager.java:429)
	at com.topcoder.util.config.DefaultConfigManager.getString(DefaultConfigManager.java:449)
	at com.topcoder.util.log.LogFactory.getAttribute(LogFactory.java:224)
	at com.topcoder.util.log.basic.BasicLog.log(BasicLog.java:74)
	at com.topcoder.management.deliverable.PersistenceUploadManager.persistenceUploadManagerHelper(PersistenceUploadManager.java:966)
	at com.topcoder.management.deliverable.PersistenceUploadManager.createSubmission(PersistenceUploadManager.java:632)
	at com.topcoder.management.deliverable.stresstests.StressTestPersistenceUploadManager.testCreateSubmission(StressTestPersistenceUploadManager.java:170)
	at com.topcoder.management.deliverable.stresstests.StressTestPersistenceUploadManager.testRemoveSubmission(StressTestPersistenceUploadManager.java:207)
	at sun.reflect.NativeMethodAccessorImpl.invoke0(Native Method)
	at sun.reflect.NativeMethodAccessorImpl.invoke(NativeMethodAccessorImpl.java:57)
	at sun.reflect.DelegatingMethodAccessorImpl.invoke(DelegatingMethodAccessorImpl.java:43)
	at java.lang.reflect.Method.invoke(Method.java:616)
	at junit.framework.TestCase.runTest(TestCase.java:168)
	at junit.framework.TestCase.runBare(TestCase.java:134)
	at junit.framework.TestResult$1.protect(TestResult.java:110)
	at junit.framework.TestResult.runProtected(TestResult.java:128)
	at junit.framework.TestResult.run(TestResult.java:113)
	at junit.framework.TestCase.run(TestCase.java:124)
	at junit.framework.TestSuite.runTest(TestSuite.java:232)
	at junit.framework.TestSuite.run(TestSuite.java:227)
	at junit.framework.TestSuite.runTest(TestSuite.java:232)
	at junit.framework.TestSuite.run(TestSuite.java:227)
	at junit.framework.TestSuite.runTest(TestSuite.java:232)
	at junit.framework.TestSuite.run(TestSuite.java:227)
	at org.apache.tools.ant.taskdefs.optional.junit.JUnitTestRunner.run(JUnitTestRunner.java:420)
	at org.apache.tools.ant.taskdefs.optional.junit.JUnitTestRunner.launch(JUnitTestRunner.java:911)
	at org.apache.tools.ant.taskdefs.optional.junit.JUnitTestRunner.main(JUnitTestRunner.java:768)
generate next id from the idGenerator:submission_id_seq
com.topcoder.util.config.UnknownNamespaceException: com.topcoder.util.log is unknown
	at com.topcoder.util.config.DefaultConfigManager.getPropertyObject(DefaultConfigManager.java:429)
	at com.topcoder.util.config.DefaultConfigManager.getString(DefaultConfigManager.java:449)
	at com.topcoder.util.log.LogFactory.getAttribute(LogFactory.java:224)
	at com.topcoder.util.log.basic.BasicLog.log(BasicLog.java:74)
	at com.topcoder.management.deliverable.PersistenceUploadManager.createSubmission(PersistenceUploadManager.java:631)
	at com.topcoder.management.deliverable.stresstests.StressTestPersistenceUploadManager.testCreateSubmission(StressTestPersistenceUploadManager.java:170)
	at com.topcoder.management.deliverable.stresstests.StressTestPersistenceUploadManager.testRemoveSubmission(StressTestPersistenceUploadManager.java:207)
	at sun.reflect.NativeMethodAccessorImpl.invoke0(Native Method)
	at sun.reflect.NativeMethodAccessorImpl.invoke(NativeMethodAccessorImpl.java:57)
	at sun.reflect.DelegatingMethodAccessorImpl.invoke(DelegatingMethodAccessorImpl.java:43)
	at java.lang.reflect.Method.invoke(Method.java:616)
	at junit.framework.TestCase.runTest(TestCase.java:168)
	at junit.framework.TestCase.runBare(TestCase.java:134)
	at junit.framework.TestResult$1.protect(TestResult.java:110)
	at junit.framework.TestResult.runProtected(TestResult.java:128)
	at junit.framework.TestResult.run(TestResult.java:113)
	at junit.framework.TestCase.run(TestCase.java:124)
	at junit.framework.TestSuite.runTest(TestSuite.java:232)
	at junit.framework.TestSuite.run(TestSuite.java:227)
	at junit.framework.TestSuite.runTest(TestSuite.java:232)
	at junit.framework.TestSuite.run(TestSuite.java:227)
	at junit.framework.TestSuite.runTest(TestSuite.java:232)
	at junit.framework.TestSuite.run(TestSuite.java:227)
	at org.apache.tools.ant.taskdefs.optional.junit.JUnitTestRunner.run(JUnitTestRunner.java:420)
	at org.apache.tools.ant.taskdefs.optional.junit.JUnitTestRunner.launch(JUnitTestRunner.java:911)
	at org.apache.tools.ant.taskdefs.optional.junit.JUnitTestRunner.main(JUnitTestRunner.java:768)
type: Submission id: Unknown operator:operator - create new Submission.
com.topcoder.util.config.UnknownNamespaceException: com.topcoder.util.log is unknown
	at com.topcoder.util.config.DefaultConfigManager.getPropertyObject(DefaultConfigManager.java:429)
	at com.topcoder.util.config.DefaultConfigManager.getString(DefaultConfigManager.java:449)
	at com.topcoder.util.log.LogFactory.getAttribute(LogFactory.java:224)
	at com.topcoder.util.log.basic.BasicLog.log(BasicLog.java:74)
	at com.topcoder.management.deliverable.PersistenceUploadManager.persistenceUploadManagerHelper(PersistenceUploadManager.java:966)
	at com.topcoder.management.deliverable.PersistenceUploadManager.createSubmission(PersistenceUploadManager.java:632)
	at com.topcoder.management.deliverable.stresstests.StressTestPersistenceUploadManager.testCreateSubmission(StressTestPersistenceUploadManager.java:170)
	at com.topcoder.management.deliverable.stresstests.StressTestPersistenceUploadManager.testRemoveSubmission(StressTestPersistenceUploadManager.java:207)
	at sun.reflect.NativeMethodAccessorImpl.invoke0(Native Method)
	at sun.reflect.NativeMethodAccessorImpl.invoke(NativeMethodAccessorImpl.java:57)
	at sun.reflect.DelegatingMethodAccessorImpl.invoke(DelegatingMethodAccessorImpl.java:43)
	at java.lang.reflect.Method.invoke(Method.java:616)
	at junit.framework.TestCase.runTest(TestCase.java:168)
	at junit.framework.TestCase.runBare(TestCase.java:134)
	at junit.framework.TestResult$1.protect(TestResult.java:110)
	at junit.framework.TestResult.runProtected(TestResult.java:128)
	at junit.framework.TestResult.run(TestResult.java:113)
	at junit.framework.TestCase.run(TestCase.java:124)
	at junit.framework.TestSuite.runTest(TestSuite.java:232)
	at junit.framework.TestSuite.run(TestSuite.java:227)
	at junit.framework.TestSuite.runTest(TestSuite.java:232)
	at junit.framework.TestSuite.run(TestSuite.java:227)
	at junit.framework.TestSuite.runTest(TestSuite.java:232)
	at junit.framework.TestSuite.run(TestSuite.java:227)
	at org.apache.tools.ant.taskdefs.optional.junit.JUnitTestRunner.run(JUnitTestRunner.java:420)
	at org.apache.tools.ant.taskdefs.optional.junit.JUnitTestRunner.launch(JUnitTestRunner.java:911)
	at org.apache.tools.ant.taskdefs.optional.junit.JUnitTestRunner.main(JUnitTestRunner.java:768)
generate next id from the idGenerator:submission_id_seq
com.topcoder.util.config.UnknownNamespaceException: com.topcoder.util.log is unknown
	at com.topcoder.util.config.DefaultConfigManager.getPropertyObject(DefaultConfigManager.java:429)
	at com.topcoder.util.config.DefaultConfigManager.getString(DefaultConfigManager.java:449)
	at com.topcoder.util.log.LogFactory.getAttribute(LogFactory.java:224)
	at com.topcoder.util.log.basic.BasicLog.log(BasicLog.java:74)
	at com.topcoder.management.deliverable.PersistenceUploadManager.searchSubmissions(PersistenceUploadManager.java:726)
	at com.topcoder.management.deliverable.stresstests.StressTestPersistenceUploadManager.searchSubmissions(StressTestPersistenceUploadManager.java:248)
	at com.topcoder.management.deliverable.stresstests.StressTestPersistenceUploadManager.testCreateSubmission(StressTestPersistenceUploadManager.java:174)
	at com.topcoder.management.deliverable.stresstests.StressTestPersistenceUploadManager.testRemoveSubmission(StressTestPersistenceUploadManager.java:207)
	at sun.reflect.NativeMethodAccessorImpl.invoke0(Native Method)
	at sun.reflect.NativeMethodAccessorImpl.invoke(NativeMethodAccessorImpl.java:57)
	at sun.reflect.DelegatingMethodAccessorImpl.invoke(DelegatingMethodAccessorImpl.java:43)
	at java.lang.reflect.Method.invoke(Method.java:616)
	at junit.framework.TestCase.runTest(TestCase.java:168)
	at junit.framework.TestCase.runBare(TestCase.java:134)
	at junit.framework.TestResult$1.protect(TestResult.java:110)
	at junit.framework.TestResult.runProtected(TestResult.java:128)
	at junit.framework.TestResult.run(TestResult.java:113)
	at junit.framework.TestCase.run(TestCase.java:124)
	at junit.framework.TestSuite.runTest(TestSuite.java:232)
	at junit.framework.TestSuite.run(TestSuite.java:227)
	at junit.framework.TestSuite.runTest(TestSuite.java:232)
	at junit.framework.TestSuite.run(TestSuite.java:227)
	at junit.framework.TestSuite.runTest(TestSuite.java:232)
	at junit.framework.TestSuite.run(TestSuite.java:227)
	at org.apache.tools.ant.taskdefs.optional.junit.JUnitTestRunner.run(JUnitTestRunner.java:420)
	at org.apache.tools.ant.taskdefs.optional.junit.JUnitTestRunner.launch(JUnitTestRunner.java:911)
	at org.apache.tools.ant.taskdefs.optional.junit.JUnitTestRunner.main(JUnitTestRunner.java:768)
type: Upload id: Unknown operator:Unknown - search submissions with filter. found: 4
com.topcoder.util.config.UnknownNamespaceException: com.topcoder.util.log is unknown
	at com.topcoder.util.config.DefaultConfigManager.getPropertyObject(DefaultConfigManager.java:429)
	at com.topcoder.util.config.DefaultConfigManager.getString(DefaultConfigManager.java:449)
	at com.topcoder.util.log.LogFactory.getAttribute(LogFactory.java:224)
	at com.topcoder.util.log.basic.BasicLog.log(BasicLog.java:74)
	at com.topcoder.management.deliverable.persistence.sql.MyUploadPersistence.loadSubmissions(MyUploadPersistence.java:1249)
	at com.topcoder.management.deliverable.PersistenceUploadManager.searchSubmissions(PersistenceUploadManager.java:728)
	at com.topcoder.management.deliverable.stresstests.StressTestPersistenceUploadManager.searchSubmissions(StressTestPersistenceUploadManager.java:248)
	at com.topcoder.management.deliverable.stresstests.StressTestPersistenceUploadManager.testCreateSubmission(StressTestPersistenceUploadManager.java:174)
	at com.topcoder.management.deliverable.stresstests.StressTestPersistenceUploadManager.testRemoveSubmission(StressTestPersistenceUploadManager.java:207)
	at sun.reflect.NativeMethodAccessorImpl.invoke0(Native Method)
	at sun.reflect.NativeMethodAccessorImpl.invoke(NativeMethodAccessorImpl.java:57)
	at sun.reflect.DelegatingMethodAccessorImpl.invoke(DelegatingMethodAccessorImpl.java:43)
	at java.lang.reflect.Method.invoke(Method.java:616)
	at junit.framework.TestCase.runTest(TestCase.java:168)
	at junit.framework.TestCase.runBare(TestCase.java:134)
	at junit.framework.TestResult$1.protect(TestResult.java:110)
	at junit.framework.TestResult.runProtected(TestResult.java:128)
	at junit.framework.TestResult.run(TestResult.java:113)
	at junit.framework.TestCase.run(TestCase.java:124)
	at junit.framework.TestSuite.runTest(TestSuite.java:232)
	at junit.framework.TestSuite.run(TestSuite.java:227)
	at junit.framework.TestSuite.runTest(TestSuite.java:232)
	at junit.framework.TestSuite.run(TestSuite.java:227)
	at junit.framework.TestSuite.runTest(TestSuite.java:232)
	at junit.framework.TestSuite.run(TestSuite.java:227)
	at org.apache.tools.ant.taskdefs.optional.junit.JUnitTestRunner.run(JUnitTestRunner.java:420)
	at org.apache.tools.ant.taskdefs.optional.junit.JUnitTestRunner.launch(JUnitTestRunner.java:911)
	at org.apache.tools.ant.taskdefs.optional.junit.JUnitTestRunner.main(JUnitTestRunner.java:768)
 Loading: 4
com.topcoder.util.config.UnknownNamespaceException: com.topcoder.util.log is unknown
	at com.topcoder.util.config.DefaultConfigManager.getPropertyObject(DefaultConfigManager.java:429)
	at com.topcoder.util.config.DefaultConfigManager.getString(DefaultConfigManager.java:449)
	at com.topcoder.util.log.LogFactory.getAttribute(LogFactory.java:224)
	at com.topcoder.util.log.basic.BasicLog.log(BasicLog.java:74)
	at com.topcoder.management.deliverable.PersistenceUploadManager.removeSubmission(PersistenceUploadManager.java:684)
	at com.topcoder.management.deliverable.stresstests.StressTestPersistenceUploadManager.testRemoveSubmission(StressTestPersistenceUploadManager.java:216)
	at sun.reflect.NativeMethodAccessorImpl.invoke0(Native Method)
	at sun.reflect.NativeMethodAccessorImpl.invoke(NativeMethodAccessorImpl.java:57)
	at sun.reflect.DelegatingMethodAccessorImpl.invoke(DelegatingMethodAccessorImpl.java:43)
	at java.lang.reflect.Method.invoke(Method.java:616)
	at junit.framework.TestCase.runTest(TestCase.java:168)
	at junit.framework.TestCase.runBare(TestCase.java:134)
	at junit.framework.TestResult$1.protect(TestResult.java:110)
	at junit.framework.TestResult.runProtected(TestResult.java:128)
	at junit.framework.TestResult.run(TestResult.java:113)
	at junit.framework.TestCase.run(TestCase.java:124)
	at junit.framework.TestSuite.runTest(TestSuite.java:232)
	at junit.framework.TestSuite.run(TestSuite.java:227)
	at junit.framework.TestSuite.runTest(TestSuite.java:232)
	at junit.framework.TestSuite.run(TestSuite.java:227)
	at junit.framework.TestSuite.runTest(TestSuite.java:232)
	at junit.framework.TestSuite.run(TestSuite.java:227)
	at org.apache.tools.ant.taskdefs.optional.junit.JUnitTestRunner.run(JUnitTestRunner.java:420)
	at org.apache.tools.ant.taskdefs.optional.junit.JUnitTestRunner.launch(JUnitTestRunner.java:911)
	at org.apache.tools.ant.taskdefs.optional.junit.JUnitTestRunner.main(JUnitTestRunner.java:768)
type: Submission id: 1 operator:stress - remove Submission.
com.topcoder.util.config.UnknownNamespaceException: com.topcoder.util.log is unknown
	at com.topcoder.util.config.DefaultConfigManager.getPropertyObject(DefaultConfigManager.java:429)
	at com.topcoder.util.config.DefaultConfigManager.getString(DefaultConfigManager.java:449)
	at com.topcoder.util.log.LogFactory.getAttribute(LogFactory.java:224)
	at com.topcoder.util.log.basic.BasicLog.log(BasicLog.java:74)
	at com.topcoder.management.deliverable.stresstests.StressTestPersistenceUploadManager.tearDown(StressTestPersistenceUploadManager.java:121)
	at junit.framework.TestCase.runBare(TestCase.java:140)
	at junit.framework.TestResult$1.protect(TestResult.java:110)
	at junit.framework.TestResult.runProtected(TestResult.java:128)
	at junit.framework.TestResult.run(TestResult.java:113)
	at junit.framework.TestCase.run(TestCase.java:124)
	at junit.framework.TestSuite.runTest(TestSuite.java:232)
	at junit.framework.TestSuite.run(TestSuite.java:227)
	at junit.framework.TestSuite.runTest(TestSuite.java:232)
	at junit.framework.TestSuite.run(TestSuite.java:227)
	at junit.framework.TestSuite.runTest(TestSuite.java:232)
	at junit.framework.TestSuite.run(TestSuite.java:227)
	at org.apache.tools.ant.taskdefs.optional.junit.JUnitTestRunner.run(JUnitTestRunner.java:420)
	at org.apache.tools.ant.taskdefs.optional.junit.JUnitTestRunner.launch(JUnitTestRunner.java:911)
	at org.apache.tools.ant.taskdefs.optional.junit.JUnitTestRunner.main(JUnitTestRunner.java:768)
StressTestPersistenceUploadManager - tearDown - start
com.topcoder.util.config.UnknownNamespaceException: com.topcoder.util.log is unknown
	at com.topcoder.util.config.DefaultConfigManager.getPropertyObject(DefaultConfigManager.java:429)
	at com.topcoder.util.config.DefaultConfigManager.getString(DefaultConfigManager.java:449)
	at com.topcoder.util.log.LogFactory.getAttribute(LogFactory.java:224)
	at com.topcoder.util.log.basic.BasicLog.log(BasicLog.java:74)
	at com.topcoder.management.deliverable.stresstests.StressTestPersistenceUploadManager.tearDown(StressTestPersistenceUploadManager.java:126)
	at junit.framework.TestCase.runBare(TestCase.java:140)
	at junit.framework.TestResult$1.protect(TestResult.java:110)
	at junit.framework.TestResult.runProtected(TestResult.java:128)
	at junit.framework.TestResult.run(TestResult.java:113)
	at junit.framework.TestCase.run(TestCase.java:124)
	at junit.framework.TestSuite.runTest(TestSuite.java:232)
	at junit.framework.TestSuite.run(TestSuite.java:227)
	at junit.framework.TestSuite.runTest(TestSuite.java:232)
	at junit.framework.TestSuite.run(TestSuite.java:227)
	at junit.framework.TestSuite.runTest(TestSuite.java:232)
	at junit.framework.TestSuite.run(TestSuite.java:227)
	at org.apache.tools.ant.taskdefs.optional.junit.JUnitTestRunner.run(JUnitTestRunner.java:420)
	at org.apache.tools.ant.taskdefs.optional.junit.JUnitTestRunner.launch(JUnitTestRunner.java:911)
	at org.apache.tools.ant.taskdefs.optional.junit.JUnitTestRunner.main(JUnitTestRunner.java:768)
StressTestPersistenceUploadManager - tearDown - end
com.topcoder.util.config.UnknownNamespaceException: com.topcoder.util.log is unknown
	at com.topcoder.util.config.DefaultConfigManager.getPropertyObject(DefaultConfigManager.java:429)
	at com.topcoder.util.config.DefaultConfigManager.getString(DefaultConfigManager.java:449)
	at com.topcoder.util.log.LogFactory.getAttribute(LogFactory.java:224)
	at com.topcoder.util.log.basic.BasicLog.log(BasicLog.java:74)
	at com.topcoder.management.deliverable.stresstests.StressTestPersistenceUploadManager.setUp(StressTestPersistenceUploadManager.java:71)
	at junit.framework.TestCase.runBare(TestCase.java:132)
	at junit.framework.TestResult$1.protect(TestResult.java:110)
	at junit.framework.TestResult.runProtected(TestResult.java:128)
	at junit.framework.TestResult.run(TestResult.java:113)
	at junit.framework.TestCase.run(TestCase.java:124)
	at junit.framework.TestSuite.runTest(TestSuite.java:232)
	at junit.framework.TestSuite.run(TestSuite.java:227)
	at junit.framework.TestSuite.runTest(TestSuite.java:232)
	at junit.framework.TestSuite.run(TestSuite.java:227)
	at junit.framework.TestSuite.runTest(TestSuite.java:232)
	at junit.framework.TestSuite.run(TestSuite.java:227)
	at org.apache.tools.ant.taskdefs.optional.junit.JUnitTestRunner.run(JUnitTestRunner.java:420)
	at org.apache.tools.ant.taskdefs.optional.junit.JUnitTestRunner.launch(JUnitTestRunner.java:911)
	at org.apache.tools.ant.taskdefs.optional.junit.JUnitTestRunner.main(JUnitTestRunner.java:768)
StressTestPersistenceUploadManager - setUp - start
com.topcoder.util.config.UnknownNamespaceException: com.topcoder.util.log is unknown
	at com.topcoder.util.config.DefaultConfigManager.getPropertyObject(DefaultConfigManager.java:429)
	at com.topcoder.util.config.DefaultConfigManager.getString(DefaultConfigManager.java:449)
	at com.topcoder.util.log.LogFactory.getAttribute(LogFactory.java:224)
	at com.topcoder.util.log.basic.BasicLog.log(BasicLog.java:74)
	at com.topcoder.management.deliverable.PersistenceUploadManager.<init>(PersistenceUploadManager.java:260)
	at com.topcoder.management.deliverable.PersistenceUploadManager.<init>(PersistenceUploadManager.java:306)
	at com.topcoder.management.deliverable.stresstests.StressTestPersistenceUploadManager.setUp(StressTestPersistenceUploadManager.java:109)
	at junit.framework.TestCase.runBare(TestCase.java:132)
	at junit.framework.TestResult$1.protect(TestResult.java:110)
	at junit.framework.TestResult.runProtected(TestResult.java:128)
	at junit.framework.TestResult.run(TestResult.java:113)
	at junit.framework.TestCase.run(TestCase.java:124)
	at junit.framework.TestSuite.runTest(TestSuite.java:232)
	at junit.framework.TestSuite.run(TestSuite.java:227)
	at junit.framework.TestSuite.runTest(TestSuite.java:232)
	at junit.framework.TestSuite.run(TestSuite.java:227)
	at junit.framework.TestSuite.runTest(TestSuite.java:232)
	at junit.framework.TestSuite.run(TestSuite.java:227)
	at org.apache.tools.ant.taskdefs.optional.junit.JUnitTestRunner.run(JUnitTestRunner.java:420)
	at org.apache.tools.ant.taskdefs.optional.junit.JUnitTestRunner.launch(JUnitTestRunner.java:911)
	at org.apache.tools.ant.taskdefs.optional.junit.JUnitTestRunner.main(JUnitTestRunner.java:768)
Instantiate PersistenceUploadManager with UploadPersistence, uploadSearchBundle, submissionSearchBundle, uploadIdGenerator, uploadTypeIdGenerator, uploadStatusIdGenerator, submissionIDGenerator and submissionStatusIdGenerator.
com.topcoder.util.config.UnknownNamespaceException: com.topcoder.util.log is unknown
	at com.topcoder.util.config.DefaultConfigManager.getPropertyObject(DefaultConfigManager.java:429)
	at com.topcoder.util.config.DefaultConfigManager.getString(DefaultConfigManager.java:449)
	at com.topcoder.util.log.LogFactory.getAttribute(LogFactory.java:224)
	at com.topcoder.util.log.basic.BasicLog.log(BasicLog.java:74)
	at com.topcoder.management.deliverable.stresstests.StressTestPersistenceUploadManager.setUp(StressTestPersistenceUploadManager.java:111)
	at junit.framework.TestCase.runBare(TestCase.java:132)
	at junit.framework.TestResult$1.protect(TestResult.java:110)
	at junit.framework.TestResult.runProtected(TestResult.java:128)
	at junit.framework.TestResult.run(TestResult.java:113)
	at junit.framework.TestCase.run(TestCase.java:124)
	at junit.framework.TestSuite.runTest(TestSuite.java:232)
	at junit.framework.TestSuite.run(TestSuite.java:227)
	at junit.framework.TestSuite.runTest(TestSuite.java:232)
	at junit.framework.TestSuite.run(TestSuite.java:227)
	at junit.framework.TestSuite.runTest(TestSuite.java:232)
	at junit.framework.TestSuite.run(TestSuite.java:227)
	at org.apache.tools.ant.taskdefs.optional.junit.JUnitTestRunner.run(JUnitTestRunner.java:420)
	at org.apache.tools.ant.taskdefs.optional.junit.JUnitTestRunner.launch(JUnitTestRunner.java:911)
	at org.apache.tools.ant.taskdefs.optional.junit.JUnitTestRunner.main(JUnitTestRunner.java:768)
StressTestPersistenceUploadManager - setUp - end
com.topcoder.util.config.UnknownNamespaceException: com.topcoder.util.log is unknown
	at com.topcoder.util.config.DefaultConfigManager.getPropertyObject(DefaultConfigManager.java:429)
	at com.topcoder.util.config.DefaultConfigManager.getString(DefaultConfigManager.java:449)
	at com.topcoder.util.log.LogFactory.getAttribute(LogFactory.java:224)
	at com.topcoder.util.log.basic.BasicLog.log(BasicLog.java:74)
	at com.topcoder.management.deliverable.PersistenceUploadManager.createUploadType(PersistenceUploadManager.java:453)
	at com.topcoder.management.deliverable.stresstests.StressTestPersistenceUploadManager.testCreateUploadType(StressTestPersistenceUploadManager.java:594)
	at com.topcoder.management.deliverable.stresstests.StressTestPersistenceUploadManager.testCreateUpload(StressTestPersistenceUploadManager.java:616)
	at com.topcoder.management.deliverable.stresstests.StressTestPersistenceUploadManager.testCreateSubmission(StressTestPersistenceUploadManager.java:159)
	at com.topcoder.management.deliverable.stresstests.StressTestPersistenceUploadManager.testGetSubmission(StressTestPersistenceUploadManager.java:229)
	at sun.reflect.NativeMethodAccessorImpl.invoke0(Native Method)
	at sun.reflect.NativeMethodAccessorImpl.invoke(NativeMethodAccessorImpl.java:57)
	at sun.reflect.DelegatingMethodAccessorImpl.invoke(DelegatingMethodAccessorImpl.java:43)
	at java.lang.reflect.Method.invoke(Method.java:616)
	at junit.framework.TestCase.runTest(TestCase.java:168)
	at junit.framework.TestCase.runBare(TestCase.java:134)
	at junit.framework.TestResult$1.protect(TestResult.java:110)
	at junit.framework.TestResult.runProtected(TestResult.java:128)
	at junit.framework.TestResult.run(TestResult.java:113)
	at junit.framework.TestCase.run(TestCase.java:124)
	at junit.framework.TestSuite.runTest(TestSuite.java:232)
	at junit.framework.TestSuite.run(TestSuite.java:227)
	at junit.framework.TestSuite.runTest(TestSuite.java:232)
	at junit.framework.TestSuite.run(TestSuite.java:227)
	at junit.framework.TestSuite.runTest(TestSuite.java:232)
	at junit.framework.TestSuite.run(TestSuite.java:227)
	at org.apache.tools.ant.taskdefs.optional.junit.JUnitTestRunner.run(JUnitTestRunner.java:420)
	at org.apache.tools.ant.taskdefs.optional.junit.JUnitTestRunner.launch(JUnitTestRunner.java:911)
	at org.apache.tools.ant.taskdefs.optional.junit.JUnitTestRunner.main(JUnitTestRunner.java:768)
type: UploadType id: Unknown operator:stress - Create new UploadType.
com.topcoder.util.config.UnknownNamespaceException: com.topcoder.util.log is unknown
	at com.topcoder.util.config.DefaultConfigManager.getPropertyObject(DefaultConfigManager.java:429)
	at com.topcoder.util.config.DefaultConfigManager.getString(DefaultConfigManager.java:449)
	at com.topcoder.util.log.LogFactory.getAttribute(LogFactory.java:224)
	at com.topcoder.util.log.basic.BasicLog.log(BasicLog.java:74)
	at com.topcoder.management.deliverable.PersistenceUploadManager.persistenceUploadManagerHelper(PersistenceUploadManager.java:966)
	at com.topcoder.management.deliverable.PersistenceUploadManager.createUploadType(PersistenceUploadManager.java:454)
	at com.topcoder.management.deliverable.stresstests.StressTestPersistenceUploadManager.testCreateUploadType(StressTestPersistenceUploadManager.java:594)
	at com.topcoder.management.deliverable.stresstests.StressTestPersistenceUploadManager.testCreateUpload(StressTestPersistenceUploadManager.java:616)
	at com.topcoder.management.deliverable.stresstests.StressTestPersistenceUploadManager.testCreateSubmission(StressTestPersistenceUploadManager.java:159)
	at com.topcoder.management.deliverable.stresstests.StressTestPersistenceUploadManager.testGetSubmission(StressTestPersistenceUploadManager.java:229)
	at sun.reflect.NativeMethodAccessorImpl.invoke0(Native Method)
	at sun.reflect.NativeMethodAccessorImpl.invoke(NativeMethodAccessorImpl.java:57)
	at sun.reflect.DelegatingMethodAccessorImpl.invoke(DelegatingMethodAccessorImpl.java:43)
	at java.lang.reflect.Method.invoke(Method.java:616)
	at junit.framework.TestCase.runTest(TestCase.java:168)
	at junit.framework.TestCase.runBare(TestCase.java:134)
	at junit.framework.TestResult$1.protect(TestResult.java:110)
	at junit.framework.TestResult.runProtected(TestResult.java:128)
	at junit.framework.TestResult.run(TestResult.java:113)
	at junit.framework.TestCase.run(TestCase.java:124)
	at junit.framework.TestSuite.runTest(TestSuite.java:232)
	at junit.framework.TestSuite.run(TestSuite.java:227)
	at junit.framework.TestSuite.runTest(TestSuite.java:232)
	at junit.framework.TestSuite.run(TestSuite.java:227)
	at junit.framework.TestSuite.runTest(TestSuite.java:232)
	at junit.framework.TestSuite.run(TestSuite.java:227)
	at org.apache.tools.ant.taskdefs.optional.junit.JUnitTestRunner.run(JUnitTestRunner.java:420)
	at org.apache.tools.ant.taskdefs.optional.junit.JUnitTestRunner.launch(JUnitTestRunner.java:911)
	at org.apache.tools.ant.taskdefs.optional.junit.JUnitTestRunner.main(JUnitTestRunner.java:768)
generate next id from the idGenerator:upload_type_id_seq
com.topcoder.util.config.UnknownNamespaceException: com.topcoder.util.log is unknown
	at com.topcoder.util.config.DefaultConfigManager.getPropertyObject(DefaultConfigManager.java:429)
	at com.topcoder.util.config.DefaultConfigManager.getString(DefaultConfigManager.java:449)
	at com.topcoder.util.log.LogFactory.getAttribute(LogFactory.java:224)
	at com.topcoder.util.log.basic.BasicLog.log(BasicLog.java:74)
	at com.topcoder.management.deliverable.PersistenceUploadManager.createUploadType(PersistenceUploadManager.java:453)
	at com.topcoder.management.deliverable.stresstests.StressTestPersistenceUploadManager.testCreateUploadType(StressTestPersistenceUploadManager.java:594)
	at com.topcoder.management.deliverable.stresstests.StressTestPersistenceUploadManager.testCreateUpload(StressTestPersistenceUploadManager.java:616)
	at com.topcoder.management.deliverable.stresstests.StressTestPersistenceUploadManager.testCreateSubmission(StressTestPersistenceUploadManager.java:159)
	at com.topcoder.management.deliverable.stresstests.StressTestPersistenceUploadManager.testGetSubmission(StressTestPersistenceUploadManager.java:229)
	at sun.reflect.NativeMethodAccessorImpl.invoke0(Native Method)
	at sun.reflect.NativeMethodAccessorImpl.invoke(NativeMethodAccessorImpl.java:57)
	at sun.reflect.DelegatingMethodAccessorImpl.invoke(DelegatingMethodAccessorImpl.java:43)
	at java.lang.reflect.Method.invoke(Method.java:616)
	at junit.framework.TestCase.runTest(TestCase.java:168)
	at junit.framework.TestCase.runBare(TestCase.java:134)
	at junit.framework.TestResult$1.protect(TestResult.java:110)
	at junit.framework.TestResult.runProtected(TestResult.java:128)
	at junit.framework.TestResult.run(TestResult.java:113)
	at junit.framework.TestCase.run(TestCase.java:124)
	at junit.framework.TestSuite.runTest(TestSuite.java:232)
	at junit.framework.TestSuite.run(TestSuite.java:227)
	at junit.framework.TestSuite.runTest(TestSuite.java:232)
	at junit.framework.TestSuite.run(TestSuite.java:227)
	at junit.framework.TestSuite.runTest(TestSuite.java:232)
	at junit.framework.TestSuite.run(TestSuite.java:227)
	at org.apache.tools.ant.taskdefs.optional.junit.JUnitTestRunner.run(JUnitTestRunner.java:420)
	at org.apache.tools.ant.taskdefs.optional.junit.JUnitTestRunner.launch(JUnitTestRunner.java:911)
	at org.apache.tools.ant.taskdefs.optional.junit.JUnitTestRunner.main(JUnitTestRunner.java:768)
type: UploadType id: Unknown operator:stress - Create new UploadType.
com.topcoder.util.config.UnknownNamespaceException: com.topcoder.util.log is unknown
	at com.topcoder.util.config.DefaultConfigManager.getPropertyObject(DefaultConfigManager.java:429)
	at com.topcoder.util.config.DefaultConfigManager.getString(DefaultConfigManager.java:449)
	at com.topcoder.util.log.LogFactory.getAttribute(LogFactory.java:224)
	at com.topcoder.util.log.basic.BasicLog.log(BasicLog.java:74)
	at com.topcoder.management.deliverable.PersistenceUploadManager.persistenceUploadManagerHelper(PersistenceUploadManager.java:966)
	at com.topcoder.management.deliverable.PersistenceUploadManager.createUploadType(PersistenceUploadManager.java:454)
	at com.topcoder.management.deliverable.stresstests.StressTestPersistenceUploadManager.testCreateUploadType(StressTestPersistenceUploadManager.java:594)
	at com.topcoder.management.deliverable.stresstests.StressTestPersistenceUploadManager.testCreateUpload(StressTestPersistenceUploadManager.java:616)
	at com.topcoder.management.deliverable.stresstests.StressTestPersistenceUploadManager.testCreateSubmission(StressTestPersistenceUploadManager.java:159)
	at com.topcoder.management.deliverable.stresstests.StressTestPersistenceUploadManager.testGetSubmission(StressTestPersistenceUploadManager.java:229)
	at sun.reflect.NativeMethodAccessorImpl.invoke0(Native Method)
	at sun.reflect.NativeMethodAccessorImpl.invoke(NativeMethodAccessorImpl.java:57)
	at sun.reflect.DelegatingMethodAccessorImpl.invoke(DelegatingMethodAccessorImpl.java:43)
	at java.lang.reflect.Method.invoke(Method.java:616)
	at junit.framework.TestCase.runTest(TestCase.java:168)
	at junit.framework.TestCase.runBare(TestCase.java:134)
	at junit.framework.TestResult$1.protect(TestResult.java:110)
	at junit.framework.TestResult.runProtected(TestResult.java:128)
	at junit.framework.TestResult.run(TestResult.java:113)
	at junit.framework.TestCase.run(TestCase.java:124)
	at junit.framework.TestSuite.runTest(TestSuite.java:232)
	at junit.framework.TestSuite.run(TestSuite.java:227)
	at junit.framework.TestSuite.runTest(TestSuite.java:232)
	at junit.framework.TestSuite.run(TestSuite.java:227)
	at junit.framework.TestSuite.runTest(TestSuite.java:232)
	at junit.framework.TestSuite.run(TestSuite.java:227)
	at org.apache.tools.ant.taskdefs.optional.junit.JUnitTestRunner.run(JUnitTestRunner.java:420)
	at org.apache.tools.ant.taskdefs.optional.junit.JUnitTestRunner.launch(JUnitTestRunner.java:911)
	at org.apache.tools.ant.taskdefs.optional.junit.JUnitTestRunner.main(JUnitTestRunner.java:768)
generate next id from the idGenerator:upload_type_id_seq
com.topcoder.util.config.UnknownNamespaceException: com.topcoder.util.log is unknown
	at com.topcoder.util.config.DefaultConfigManager.getPropertyObject(DefaultConfigManager.java:429)
	at com.topcoder.util.config.DefaultConfigManager.getString(DefaultConfigManager.java:449)
	at com.topcoder.util.log.LogFactory.getAttribute(LogFactory.java:224)
	at com.topcoder.util.log.basic.BasicLog.log(BasicLog.java:74)
	at com.topcoder.management.deliverable.PersistenceUploadManager.createUploadStatus(PersistenceUploadManager.java:541)
	at com.topcoder.management.deliverable.stresstests.StressTestPersistenceUploadManager.testCreateUploadStatus(StressTestPersistenceUploadManager.java:414)
	at com.topcoder.management.deliverable.stresstests.StressTestPersistenceUploadManager.testCreateUpload(StressTestPersistenceUploadManager.java:617)
	at com.topcoder.management.deliverable.stresstests.StressTestPersistenceUploadManager.testCreateSubmission(StressTestPersistenceUploadManager.java:159)
	at com.topcoder.management.deliverable.stresstests.StressTestPersistenceUploadManager.testGetSubmission(StressTestPersistenceUploadManager.java:229)
	at sun.reflect.NativeMethodAccessorImpl.invoke0(Native Method)
	at sun.reflect.NativeMethodAccessorImpl.invoke(NativeMethodAccessorImpl.java:57)
	at sun.reflect.DelegatingMethodAccessorImpl.invoke(DelegatingMethodAccessorImpl.java:43)
	at java.lang.reflect.Method.invoke(Method.java:616)
	at junit.framework.TestCase.runTest(TestCase.java:168)
	at junit.framework.TestCase.runBare(TestCase.java:134)
	at junit.framework.TestResult$1.protect(TestResult.java:110)
	at junit.framework.TestResult.runProtected(TestResult.java:128)
	at junit.framework.TestResult.run(TestResult.java:113)
	at junit.framework.TestCase.run(TestCase.java:124)
	at junit.framework.TestSuite.runTest(TestSuite.java:232)
	at junit.framework.TestSuite.run(TestSuite.java:227)
	at junit.framework.TestSuite.runTest(TestSuite.java:232)
	at junit.framework.TestSuite.run(TestSuite.java:227)
	at junit.framework.TestSuite.runTest(TestSuite.java:232)
	at junit.framework.TestSuite.run(TestSuite.java:227)
	at org.apache.tools.ant.taskdefs.optional.junit.JUnitTestRunner.run(JUnitTestRunner.java:420)
	at org.apache.tools.ant.taskdefs.optional.junit.JUnitTestRunner.launch(JUnitTestRunner.java:911)
	at org.apache.tools.ant.taskdefs.optional.junit.JUnitTestRunner.main(JUnitTestRunner.java:768)
type: UploadStatus id: Unknown operator:stress - create new UploadStatus.
com.topcoder.util.config.UnknownNamespaceException: com.topcoder.util.log is unknown
	at com.topcoder.util.config.DefaultConfigManager.getPropertyObject(DefaultConfigManager.java:429)
	at com.topcoder.util.config.DefaultConfigManager.getString(DefaultConfigManager.java:449)
	at com.topcoder.util.log.LogFactory.getAttribute(LogFactory.java:224)
	at com.topcoder.util.log.basic.BasicLog.log(BasicLog.java:74)
	at com.topcoder.management.deliverable.PersistenceUploadManager.persistenceUploadManagerHelper(PersistenceUploadManager.java:966)
	at com.topcoder.management.deliverable.PersistenceUploadManager.createUploadStatus(PersistenceUploadManager.java:542)
	at com.topcoder.management.deliverable.stresstests.StressTestPersistenceUploadManager.testCreateUploadStatus(StressTestPersistenceUploadManager.java:414)
	at com.topcoder.management.deliverable.stresstests.StressTestPersistenceUploadManager.testCreateUpload(StressTestPersistenceUploadManager.java:617)
	at com.topcoder.management.deliverable.stresstests.StressTestPersistenceUploadManager.testCreateSubmission(StressTestPersistenceUploadManager.java:159)
	at com.topcoder.management.deliverable.stresstests.StressTestPersistenceUploadManager.testGetSubmission(StressTestPersistenceUploadManager.java:229)
	at sun.reflect.NativeMethodAccessorImpl.invoke0(Native Method)
	at sun.reflect.NativeMethodAccessorImpl.invoke(NativeMethodAccessorImpl.java:57)
	at sun.reflect.DelegatingMethodAccessorImpl.invoke(DelegatingMethodAccessorImpl.java:43)
	at java.lang.reflect.Method.invoke(Method.java:616)
	at junit.framework.TestCase.runTest(TestCase.java:168)
	at junit.framework.TestCase.runBare(TestCase.java:134)
	at junit.framework.TestResult$1.protect(TestResult.java:110)
	at junit.framework.TestResult.runProtected(TestResult.java:128)
	at junit.framework.TestResult.run(TestResult.java:113)
	at junit.framework.TestCase.run(TestCase.java:124)
	at junit.framework.TestSuite.runTest(TestSuite.java:232)
	at junit.framework.TestSuite.run(TestSuite.java:227)
	at junit.framework.TestSuite.runTest(TestSuite.java:232)
	at junit.framework.TestSuite.run(TestSuite.java:227)
	at junit.framework.TestSuite.runTest(TestSuite.java:232)
	at junit.framework.TestSuite.run(TestSuite.java:227)
	at org.apache.tools.ant.taskdefs.optional.junit.JUnitTestRunner.run(JUnitTestRunner.java:420)
	at org.apache.tools.ant.taskdefs.optional.junit.JUnitTestRunner.launch(JUnitTestRunner.java:911)
	at org.apache.tools.ant.taskdefs.optional.junit.JUnitTestRunner.main(JUnitTestRunner.java:768)
generate next id from the idGenerator:upload_status_id_seq
com.topcoder.util.config.UnknownNamespaceException: com.topcoder.util.log is unknown
	at com.topcoder.util.config.DefaultConfigManager.getPropertyObject(DefaultConfigManager.java:429)
	at com.topcoder.util.config.DefaultConfigManager.getString(DefaultConfigManager.java:449)
	at com.topcoder.util.log.LogFactory.getAttribute(LogFactory.java:224)
	at com.topcoder.util.log.basic.BasicLog.log(BasicLog.java:74)
	at com.topcoder.management.deliverable.PersistenceUploadManager.createUploadStatus(PersistenceUploadManager.java:541)
	at com.topcoder.management.deliverable.stresstests.StressTestPersistenceUploadManager.testCreateUploadStatus(StressTestPersistenceUploadManager.java:414)
	at com.topcoder.management.deliverable.stresstests.StressTestPersistenceUploadManager.testCreateUpload(StressTestPersistenceUploadManager.java:617)
	at com.topcoder.management.deliverable.stresstests.StressTestPersistenceUploadManager.testCreateSubmission(StressTestPersistenceUploadManager.java:159)
	at com.topcoder.management.deliverable.stresstests.StressTestPersistenceUploadManager.testGetSubmission(StressTestPersistenceUploadManager.java:229)
	at sun.reflect.NativeMethodAccessorImpl.invoke0(Native Method)
	at sun.reflect.NativeMethodAccessorImpl.invoke(NativeMethodAccessorImpl.java:57)
	at sun.reflect.DelegatingMethodAccessorImpl.invoke(DelegatingMethodAccessorImpl.java:43)
	at java.lang.reflect.Method.invoke(Method.java:616)
	at junit.framework.TestCase.runTest(TestCase.java:168)
	at junit.framework.TestCase.runBare(TestCase.java:134)
	at junit.framework.TestResult$1.protect(TestResult.java:110)
	at junit.framework.TestResult.runProtected(TestResult.java:128)
	at junit.framework.TestResult.run(TestResult.java:113)
	at junit.framework.TestCase.run(TestCase.java:124)
	at junit.framework.TestSuite.runTest(TestSuite.java:232)
	at junit.framework.TestSuite.run(TestSuite.java:227)
	at junit.framework.TestSuite.runTest(TestSuite.java:232)
	at junit.framework.TestSuite.run(TestSuite.java:227)
	at junit.framework.TestSuite.runTest(TestSuite.java:232)
	at junit.framework.TestSuite.run(TestSuite.java:227)
	at org.apache.tools.ant.taskdefs.optional.junit.JUnitTestRunner.run(JUnitTestRunner.java:420)
	at org.apache.tools.ant.taskdefs.optional.junit.JUnitTestRunner.launch(JUnitTestRunner.java:911)
	at org.apache.tools.ant.taskdefs.optional.junit.JUnitTestRunner.main(JUnitTestRunner.java:768)
type: UploadStatus id: Unknown operator:stress - create new UploadStatus.
com.topcoder.util.config.UnknownNamespaceException: com.topcoder.util.log is unknown
	at com.topcoder.util.config.DefaultConfigManager.getPropertyObject(DefaultConfigManager.java:429)
	at com.topcoder.util.config.DefaultConfigManager.getString(DefaultConfigManager.java:449)
	at com.topcoder.util.log.LogFactory.getAttribute(LogFactory.java:224)
	at com.topcoder.util.log.basic.BasicLog.log(BasicLog.java:74)
	at com.topcoder.management.deliverable.PersistenceUploadManager.persistenceUploadManagerHelper(PersistenceUploadManager.java:966)
	at com.topcoder.management.deliverable.PersistenceUploadManager.createUploadStatus(PersistenceUploadManager.java:542)
	at com.topcoder.management.deliverable.stresstests.StressTestPersistenceUploadManager.testCreateUploadStatus(StressTestPersistenceUploadManager.java:414)
	at com.topcoder.management.deliverable.stresstests.StressTestPersistenceUploadManager.testCreateUpload(StressTestPersistenceUploadManager.java:617)
	at com.topcoder.management.deliverable.stresstests.StressTestPersistenceUploadManager.testCreateSubmission(StressTestPersistenceUploadManager.java:159)
	at com.topcoder.management.deliverable.stresstests.StressTestPersistenceUploadManager.testGetSubmission(StressTestPersistenceUploadManager.java:229)
	at sun.reflect.NativeMethodAccessorImpl.invoke0(Native Method)
	at sun.reflect.NativeMethodAccessorImpl.invoke(NativeMethodAccessorImpl.java:57)
	at sun.reflect.DelegatingMethodAccessorImpl.invoke(DelegatingMethodAccessorImpl.java:43)
	at java.lang.reflect.Method.invoke(Method.java:616)
	at junit.framework.TestCase.runTest(TestCase.java:168)
	at junit.framework.TestCase.runBare(TestCase.java:134)
	at junit.framework.TestResult$1.protect(TestResult.java:110)
	at junit.framework.TestResult.runProtected(TestResult.java:128)
	at junit.framework.TestResult.run(TestResult.java:113)
	at junit.framework.TestCase.run(TestCase.java:124)
	at junit.framework.TestSuite.runTest(TestSuite.java:232)
	at junit.framework.TestSuite.run(TestSuite.java:227)
	at junit.framework.TestSuite.runTest(TestSuite.java:232)
	at junit.framework.TestSuite.run(TestSuite.java:227)
	at junit.framework.TestSuite.runTest(TestSuite.java:232)
	at junit.framework.TestSuite.run(TestSuite.java:227)
	at org.apache.tools.ant.taskdefs.optional.junit.JUnitTestRunner.run(JUnitTestRunner.java:420)
	at org.apache.tools.ant.taskdefs.optional.junit.JUnitTestRunner.launch(JUnitTestRunner.java:911)
	at org.apache.tools.ant.taskdefs.optional.junit.JUnitTestRunner.main(JUnitTestRunner.java:768)
generate next id from the idGenerator:upload_status_id_seq
com.topcoder.util.config.UnknownNamespaceException: com.topcoder.util.log is unknown
	at com.topcoder.util.config.DefaultConfigManager.getPropertyObject(DefaultConfigManager.java:429)
	at com.topcoder.util.config.DefaultConfigManager.getString(DefaultConfigManager.java:449)
	at com.topcoder.util.log.LogFactory.getAttribute(LogFactory.java:224)
	at com.topcoder.util.log.basic.BasicLog.log(BasicLog.java:74)
	at com.topcoder.management.deliverable.PersistenceUploadManager.createUpload(PersistenceUploadManager.java:335)
	at com.topcoder.management.deliverable.stresstests.StressTestPersistenceUploadManager.testCreateUpload(StressTestPersistenceUploadManager.java:623)
	at com.topcoder.management.deliverable.stresstests.StressTestPersistenceUploadManager.testCreateSubmission(StressTestPersistenceUploadManager.java:159)
	at com.topcoder.management.deliverable.stresstests.StressTestPersistenceUploadManager.testGetSubmission(StressTestPersistenceUploadManager.java:229)
	at sun.reflect.NativeMethodAccessorImpl.invoke0(Native Method)
	at sun.reflect.NativeMethodAccessorImpl.invoke(NativeMethodAccessorImpl.java:57)
	at sun.reflect.DelegatingMethodAccessorImpl.invoke(DelegatingMethodAccessorImpl.java:43)
	at java.lang.reflect.Method.invoke(Method.java:616)
	at junit.framework.TestCase.runTest(TestCase.java:168)
	at junit.framework.TestCase.runBare(TestCase.java:134)
	at junit.framework.TestResult$1.protect(TestResult.java:110)
	at junit.framework.TestResult.runProtected(TestResult.java:128)
	at junit.framework.TestResult.run(TestResult.java:113)
	at junit.framework.TestCase.run(TestCase.java:124)
	at junit.framework.TestSuite.runTest(TestSuite.java:232)
	at junit.framework.TestSuite.run(TestSuite.java:227)
	at junit.framework.TestSuite.runTest(TestSuite.java:232)
	at junit.framework.TestSuite.run(TestSuite.java:227)
	at junit.framework.TestSuite.runTest(TestSuite.java:232)
	at junit.framework.TestSuite.run(TestSuite.java:227)
	at org.apache.tools.ant.taskdefs.optional.junit.JUnitTestRunner.run(JUnitTestRunner.java:420)
	at org.apache.tools.ant.taskdefs.optional.junit.JUnitTestRunner.launch(JUnitTestRunner.java:911)
	at org.apache.tools.ant.taskdefs.optional.junit.JUnitTestRunner.main(JUnitTestRunner.java:768)
type: Upload id: Unknown operator:stress - Create new Upload.
com.topcoder.util.config.UnknownNamespaceException: com.topcoder.util.log is unknown
	at com.topcoder.util.config.DefaultConfigManager.getPropertyObject(DefaultConfigManager.java:429)
	at com.topcoder.util.config.DefaultConfigManager.getString(DefaultConfigManager.java:449)
	at com.topcoder.util.log.LogFactory.getAttribute(LogFactory.java:224)
	at com.topcoder.util.log.basic.BasicLog.log(BasicLog.java:74)
	at com.topcoder.management.deliverable.PersistenceUploadManager.persistenceUploadManagerHelper(PersistenceUploadManager.java:966)
	at com.topcoder.management.deliverable.PersistenceUploadManager.createUpload(PersistenceUploadManager.java:336)
	at com.topcoder.management.deliverable.stresstests.StressTestPersistenceUploadManager.testCreateUpload(StressTestPersistenceUploadManager.java:623)
	at com.topcoder.management.deliverable.stresstests.StressTestPersistenceUploadManager.testCreateSubmission(StressTestPersistenceUploadManager.java:159)
	at com.topcoder.management.deliverable.stresstests.StressTestPersistenceUploadManager.testGetSubmission(StressTestPersistenceUploadManager.java:229)
	at sun.reflect.NativeMethodAccessorImpl.invoke0(Native Method)
	at sun.reflect.NativeMethodAccessorImpl.invoke(NativeMethodAccessorImpl.java:57)
	at sun.reflect.DelegatingMethodAccessorImpl.invoke(DelegatingMethodAccessorImpl.java:43)
	at java.lang.reflect.Method.invoke(Method.java:616)
	at junit.framework.TestCase.runTest(TestCase.java:168)
	at junit.framework.TestCase.runBare(TestCase.java:134)
	at junit.framework.TestResult$1.protect(TestResult.java:110)
	at junit.framework.TestResult.runProtected(TestResult.java:128)
	at junit.framework.TestResult.run(TestResult.java:113)
	at junit.framework.TestCase.run(TestCase.java:124)
	at junit.framework.TestSuite.runTest(TestSuite.java:232)
	at junit.framework.TestSuite.run(TestSuite.java:227)
	at junit.framework.TestSuite.runTest(TestSuite.java:232)
	at junit.framework.TestSuite.run(TestSuite.java:227)
	at junit.framework.TestSuite.runTest(TestSuite.java:232)
	at junit.framework.TestSuite.run(TestSuite.java:227)
	at org.apache.tools.ant.taskdefs.optional.junit.JUnitTestRunner.run(JUnitTestRunner.java:420)
	at org.apache.tools.ant.taskdefs.optional.junit.JUnitTestRunner.launch(JUnitTestRunner.java:911)
	at org.apache.tools.ant.taskdefs.optional.junit.JUnitTestRunner.main(JUnitTestRunner.java:768)
generate next id from the idGenerator:upload_id_seq
com.topcoder.util.config.UnknownNamespaceException: com.topcoder.util.log is unknown
	at com.topcoder.util.config.DefaultConfigManager.getPropertyObject(DefaultConfigManager.java:429)
	at com.topcoder.util.config.DefaultConfigManager.getString(DefaultConfigManager.java:449)
	at com.topcoder.util.log.LogFactory.getAttribute(LogFactory.java:224)
	at com.topcoder.util.log.basic.BasicLog.log(BasicLog.java:74)
	at com.topcoder.management.deliverable.PersistenceUploadManager.createUpload(PersistenceUploadManager.java:335)
	at com.topcoder.management.deliverable.stresstests.StressTestPersistenceUploadManager.testCreateUpload(StressTestPersistenceUploadManager.java:623)
	at com.topcoder.management.deliverable.stresstests.StressTestPersistenceUploadManager.testCreateSubmission(StressTestPersistenceUploadManager.java:159)
	at com.topcoder.management.deliverable.stresstests.StressTestPersistenceUploadManager.testGetSubmission(StressTestPersistenceUploadManager.java:229)
	at sun.reflect.NativeMethodAccessorImpl.invoke0(Native Method)
	at sun.reflect.NativeMethodAccessorImpl.invoke(NativeMethodAccessorImpl.java:57)
	at sun.reflect.DelegatingMethodAccessorImpl.invoke(DelegatingMethodAccessorImpl.java:43)
	at java.lang.reflect.Method.invoke(Method.java:616)
	at junit.framework.TestCase.runTest(TestCase.java:168)
	at junit.framework.TestCase.runBare(TestCase.java:134)
	at junit.framework.TestResult$1.protect(TestResult.java:110)
	at junit.framework.TestResult.runProtected(TestResult.java:128)
	at junit.framework.TestResult.run(TestResult.java:113)
	at junit.framework.TestCase.run(TestCase.java:124)
	at junit.framework.TestSuite.runTest(TestSuite.java:232)
	at junit.framework.TestSuite.run(TestSuite.java:227)
	at junit.framework.TestSuite.runTest(TestSuite.java:232)
	at junit.framework.TestSuite.run(TestSuite.java:227)
	at junit.framework.TestSuite.runTest(TestSuite.java:232)
	at junit.framework.TestSuite.run(TestSuite.java:227)
	at org.apache.tools.ant.taskdefs.optional.junit.JUnitTestRunner.run(JUnitTestRunner.java:420)
	at org.apache.tools.ant.taskdefs.optional.junit.JUnitTestRunner.launch(JUnitTestRunner.java:911)
	at org.apache.tools.ant.taskdefs.optional.junit.JUnitTestRunner.main(JUnitTestRunner.java:768)
type: Upload id: Unknown operator:stress - Create new Upload.
com.topcoder.util.config.UnknownNamespaceException: com.topcoder.util.log is unknown
	at com.topcoder.util.config.DefaultConfigManager.getPropertyObject(DefaultConfigManager.java:429)
	at com.topcoder.util.config.DefaultConfigManager.getString(DefaultConfigManager.java:449)
	at com.topcoder.util.log.LogFactory.getAttribute(LogFactory.java:224)
	at com.topcoder.util.log.basic.BasicLog.log(BasicLog.java:74)
	at com.topcoder.management.deliverable.PersistenceUploadManager.persistenceUploadManagerHelper(PersistenceUploadManager.java:966)
	at com.topcoder.management.deliverable.PersistenceUploadManager.createUpload(PersistenceUploadManager.java:336)
	at com.topcoder.management.deliverable.stresstests.StressTestPersistenceUploadManager.testCreateUpload(StressTestPersistenceUploadManager.java:623)
	at com.topcoder.management.deliverable.stresstests.StressTestPersistenceUploadManager.testCreateSubmission(StressTestPersistenceUploadManager.java:159)
	at com.topcoder.management.deliverable.stresstests.StressTestPersistenceUploadManager.testGetSubmission(StressTestPersistenceUploadManager.java:229)
	at sun.reflect.NativeMethodAccessorImpl.invoke0(Native Method)
	at sun.reflect.NativeMethodAccessorImpl.invoke(NativeMethodAccessorImpl.java:57)
	at sun.reflect.DelegatingMethodAccessorImpl.invoke(DelegatingMethodAccessorImpl.java:43)
	at java.lang.reflect.Method.invoke(Method.java:616)
	at junit.framework.TestCase.runTest(TestCase.java:168)
	at junit.framework.TestCase.runBare(TestCase.java:134)
	at junit.framework.TestResult$1.protect(TestResult.java:110)
	at junit.framework.TestResult.runProtected(TestResult.java:128)
	at junit.framework.TestResult.run(TestResult.java:113)
	at junit.framework.TestCase.run(TestCase.java:124)
	at junit.framework.TestSuite.runTest(TestSuite.java:232)
	at junit.framework.TestSuite.run(TestSuite.java:227)
	at junit.framework.TestSuite.runTest(TestSuite.java:232)
	at junit.framework.TestSuite.run(TestSuite.java:227)
	at junit.framework.TestSuite.runTest(TestSuite.java:232)
	at junit.framework.TestSuite.run(TestSuite.java:227)
	at org.apache.tools.ant.taskdefs.optional.junit.JUnitTestRunner.run(JUnitTestRunner.java:420)
	at org.apache.tools.ant.taskdefs.optional.junit.JUnitTestRunner.launch(JUnitTestRunner.java:911)
	at org.apache.tools.ant.taskdefs.optional.junit.JUnitTestRunner.main(JUnitTestRunner.java:768)
generate next id from the idGenerator:upload_id_seq
com.topcoder.util.config.UnknownNamespaceException: com.topcoder.util.log is unknown
	at com.topcoder.util.config.DefaultConfigManager.getPropertyObject(DefaultConfigManager.java:429)
	at com.topcoder.util.config.DefaultConfigManager.getString(DefaultConfigManager.java:449)
	at com.topcoder.util.log.LogFactory.getAttribute(LogFactory.java:224)
	at com.topcoder.util.log.basic.BasicLog.log(BasicLog.java:74)
	at com.topcoder.management.deliverable.PersistenceUploadManager.createSubmissionStatus(PersistenceUploadManager.java:748)
	at com.topcoder.management.deliverable.stresstests.StressTestPersistenceUploadManager.testCreateSubmissionStatus(StressTestPersistenceUploadManager.java:285)
	at com.topcoder.management.deliverable.stresstests.StressTestPersistenceUploadManager.testCreateSubmission(StressTestPersistenceUploadManager.java:160)
	at com.topcoder.management.deliverable.stresstests.StressTestPersistenceUploadManager.testGetSubmission(StressTestPersistenceUploadManager.java:229)
	at sun.reflect.NativeMethodAccessorImpl.invoke0(Native Method)
	at sun.reflect.NativeMethodAccessorImpl.invoke(NativeMethodAccessorImpl.java:57)
	at sun.reflect.DelegatingMethodAccessorImpl.invoke(DelegatingMethodAccessorImpl.java:43)
	at java.lang.reflect.Method.invoke(Method.java:616)
	at junit.framework.TestCase.runTest(TestCase.java:168)
	at junit.framework.TestCase.runBare(TestCase.java:134)
	at junit.framework.TestResult$1.protect(TestResult.java:110)
	at junit.framework.TestResult.runProtected(TestResult.java:128)
	at junit.framework.TestResult.run(TestResult.java:113)
	at junit.framework.TestCase.run(TestCase.java:124)
	at junit.framework.TestSuite.runTest(TestSuite.java:232)
	at junit.framework.TestSuite.run(TestSuite.java:227)
	at junit.framework.TestSuite.runTest(TestSuite.java:232)
	at junit.framework.TestSuite.run(TestSuite.java:227)
	at junit.framework.TestSuite.runTest(TestSuite.java:232)
	at junit.framework.TestSuite.run(TestSuite.java:227)
	at org.apache.tools.ant.taskdefs.optional.junit.JUnitTestRunner.run(JUnitTestRunner.java:420)
	at org.apache.tools.ant.taskdefs.optional.junit.JUnitTestRunner.launch(JUnitTestRunner.java:911)
	at org.apache.tools.ant.taskdefs.optional.junit.JUnitTestRunner.main(JUnitTestRunner.java:768)
type: SubmissionStatus id: Unknown operator:stress - create new SubmissionStatus.
com.topcoder.util.config.UnknownNamespaceException: com.topcoder.util.log is unknown
	at com.topcoder.util.config.DefaultConfigManager.getPropertyObject(DefaultConfigManager.java:429)
	at com.topcoder.util.config.DefaultConfigManager.getString(DefaultConfigManager.java:449)
	at com.topcoder.util.log.LogFactory.getAttribute(LogFactory.java:224)
	at com.topcoder.util.log.basic.BasicLog.log(BasicLog.java:74)
	at com.topcoder.management.deliverable.PersistenceUploadManager.persistenceUploadManagerHelper(PersistenceUploadManager.java:966)
	at com.topcoder.management.deliverable.PersistenceUploadManager.createSubmissionStatus(PersistenceUploadManager.java:749)
	at com.topcoder.management.deliverable.stresstests.StressTestPersistenceUploadManager.testCreateSubmissionStatus(StressTestPersistenceUploadManager.java:285)
	at com.topcoder.management.deliverable.stresstests.StressTestPersistenceUploadManager.testCreateSubmission(StressTestPersistenceUploadManager.java:160)
	at com.topcoder.management.deliverable.stresstests.StressTestPersistenceUploadManager.testGetSubmission(StressTestPersistenceUploadManager.java:229)
	at sun.reflect.NativeMethodAccessorImpl.invoke0(Native Method)
	at sun.reflect.NativeMethodAccessorImpl.invoke(NativeMethodAccessorImpl.java:57)
	at sun.reflect.DelegatingMethodAccessorImpl.invoke(DelegatingMethodAccessorImpl.java:43)
	at java.lang.reflect.Method.invoke(Method.java:616)
	at junit.framework.TestCase.runTest(TestCase.java:168)
	at junit.framework.TestCase.runBare(TestCase.java:134)
	at junit.framework.TestResult$1.protect(TestResult.java:110)
	at junit.framework.TestResult.runProtected(TestResult.java:128)
	at junit.framework.TestResult.run(TestResult.java:113)
	at junit.framework.TestCase.run(TestCase.java:124)
	at junit.framework.TestSuite.runTest(TestSuite.java:232)
	at junit.framework.TestSuite.run(TestSuite.java:227)
	at junit.framework.TestSuite.runTest(TestSuite.java:232)
	at junit.framework.TestSuite.run(TestSuite.java:227)
	at junit.framework.TestSuite.runTest(TestSuite.java:232)
	at junit.framework.TestSuite.run(TestSuite.java:227)
	at org.apache.tools.ant.taskdefs.optional.junit.JUnitTestRunner.run(JUnitTestRunner.java:420)
	at org.apache.tools.ant.taskdefs.optional.junit.JUnitTestRunner.launch(JUnitTestRunner.java:911)
	at org.apache.tools.ant.taskdefs.optional.junit.JUnitTestRunner.main(JUnitTestRunner.java:768)
generate next id from the idGenerator:submission_status_id_seq
com.topcoder.util.config.UnknownNamespaceException: com.topcoder.util.log is unknown
	at com.topcoder.util.config.DefaultConfigManager.getPropertyObject(DefaultConfigManager.java:429)
	at com.topcoder.util.config.DefaultConfigManager.getString(DefaultConfigManager.java:449)
	at com.topcoder.util.log.LogFactory.getAttribute(LogFactory.java:224)
	at com.topcoder.util.log.basic.BasicLog.log(BasicLog.java:74)
	at com.topcoder.management.deliverable.PersistenceUploadManager.createSubmissionStatus(PersistenceUploadManager.java:748)
	at com.topcoder.management.deliverable.stresstests.StressTestPersistenceUploadManager.testCreateSubmissionStatus(StressTestPersistenceUploadManager.java:285)
	at com.topcoder.management.deliverable.stresstests.StressTestPersistenceUploadManager.testCreateSubmission(StressTestPersistenceUploadManager.java:160)
	at com.topcoder.management.deliverable.stresstests.StressTestPersistenceUploadManager.testGetSubmission(StressTestPersistenceUploadManager.java:229)
	at sun.reflect.NativeMethodAccessorImpl.invoke0(Native Method)
	at sun.reflect.NativeMethodAccessorImpl.invoke(NativeMethodAccessorImpl.java:57)
	at sun.reflect.DelegatingMethodAccessorImpl.invoke(DelegatingMethodAccessorImpl.java:43)
	at java.lang.reflect.Method.invoke(Method.java:616)
	at junit.framework.TestCase.runTest(TestCase.java:168)
	at junit.framework.TestCase.runBare(TestCase.java:134)
	at junit.framework.TestResult$1.protect(TestResult.java:110)
	at junit.framework.TestResult.runProtected(TestResult.java:128)
	at junit.framework.TestResult.run(TestResult.java:113)
	at junit.framework.TestCase.run(TestCase.java:124)
	at junit.framework.TestSuite.runTest(TestSuite.java:232)
	at junit.framework.TestSuite.run(TestSuite.java:227)
	at junit.framework.TestSuite.runTest(TestSuite.java:232)
	at junit.framework.TestSuite.run(TestSuite.java:227)
	at junit.framework.TestSuite.runTest(TestSuite.java:232)
	at junit.framework.TestSuite.run(TestSuite.java:227)
	at org.apache.tools.ant.taskdefs.optional.junit.JUnitTestRunner.run(JUnitTestRunner.java:420)
	at org.apache.tools.ant.taskdefs.optional.junit.JUnitTestRunner.launch(JUnitTestRunner.java:911)
	at org.apache.tools.ant.taskdefs.optional.junit.JUnitTestRunner.main(JUnitTestRunner.java:768)
type: SubmissionStatus id: Unknown operator:stress - create new SubmissionStatus.
com.topcoder.util.config.UnknownNamespaceException: com.topcoder.util.log is unknown
	at com.topcoder.util.config.DefaultConfigManager.getPropertyObject(DefaultConfigManager.java:429)
	at com.topcoder.util.config.DefaultConfigManager.getString(DefaultConfigManager.java:449)
	at com.topcoder.util.log.LogFactory.getAttribute(LogFactory.java:224)
	at com.topcoder.util.log.basic.BasicLog.log(BasicLog.java:74)
	at com.topcoder.management.deliverable.PersistenceUploadManager.persistenceUploadManagerHelper(PersistenceUploadManager.java:966)
	at com.topcoder.management.deliverable.PersistenceUploadManager.createSubmissionStatus(PersistenceUploadManager.java:749)
	at com.topcoder.management.deliverable.stresstests.StressTestPersistenceUploadManager.testCreateSubmissionStatus(StressTestPersistenceUploadManager.java:285)
	at com.topcoder.management.deliverable.stresstests.StressTestPersistenceUploadManager.testCreateSubmission(StressTestPersistenceUploadManager.java:160)
	at com.topcoder.management.deliverable.stresstests.StressTestPersistenceUploadManager.testGetSubmission(StressTestPersistenceUploadManager.java:229)
	at sun.reflect.NativeMethodAccessorImpl.invoke0(Native Method)
	at sun.reflect.NativeMethodAccessorImpl.invoke(NativeMethodAccessorImpl.java:57)
	at sun.reflect.DelegatingMethodAccessorImpl.invoke(DelegatingMethodAccessorImpl.java:43)
	at java.lang.reflect.Method.invoke(Method.java:616)
	at junit.framework.TestCase.runTest(TestCase.java:168)
	at junit.framework.TestCase.runBare(TestCase.java:134)
	at junit.framework.TestResult$1.protect(TestResult.java:110)
	at junit.framework.TestResult.runProtected(TestResult.java:128)
	at junit.framework.TestResult.run(TestResult.java:113)
	at junit.framework.TestCase.run(TestCase.java:124)
	at junit.framework.TestSuite.runTest(TestSuite.java:232)
	at junit.framework.TestSuite.run(TestSuite.java:227)
	at junit.framework.TestSuite.runTest(TestSuite.java:232)
	at junit.framework.TestSuite.run(TestSuite.java:227)
	at junit.framework.TestSuite.runTest(TestSuite.java:232)
	at junit.framework.TestSuite.run(TestSuite.java:227)
	at org.apache.tools.ant.taskdefs.optional.junit.JUnitTestRunner.run(JUnitTestRunner.java:420)
	at org.apache.tools.ant.taskdefs.optional.junit.JUnitTestRunner.launch(JUnitTestRunner.java:911)
	at org.apache.tools.ant.taskdefs.optional.junit.JUnitTestRunner.main(JUnitTestRunner.java:768)
generate next id from the idGenerator:submission_status_id_seq
com.topcoder.util.config.UnknownNamespaceException: com.topcoder.util.log is unknown
	at com.topcoder.util.config.DefaultConfigManager.getPropertyObject(DefaultConfigManager.java:429)
	at com.topcoder.util.config.DefaultConfigManager.getString(DefaultConfigManager.java:449)
	at com.topcoder.util.log.LogFactory.getAttribute(LogFactory.java:224)
	at com.topcoder.util.log.basic.BasicLog.log(BasicLog.java:74)
	at com.topcoder.management.deliverable.PersistenceUploadManager.createSubmissionType(PersistenceUploadManager.java:845)
	at com.topcoder.management.deliverable.stresstests.StressTestPersistenceUploadManager.testCreateSubmissionType(StressTestPersistenceUploadManager.java:501)
	at com.topcoder.management.deliverable.stresstests.StressTestPersistenceUploadManager.testCreateSubmission(StressTestPersistenceUploadManager.java:161)
	at com.topcoder.management.deliverable.stresstests.StressTestPersistenceUploadManager.testGetSubmission(StressTestPersistenceUploadManager.java:229)
	at sun.reflect.NativeMethodAccessorImpl.invoke0(Native Method)
	at sun.reflect.NativeMethodAccessorImpl.invoke(NativeMethodAccessorImpl.java:57)
	at sun.reflect.DelegatingMethodAccessorImpl.invoke(DelegatingMethodAccessorImpl.java:43)
	at java.lang.reflect.Method.invoke(Method.java:616)
	at junit.framework.TestCase.runTest(TestCase.java:168)
	at junit.framework.TestCase.runBare(TestCase.java:134)
	at junit.framework.TestResult$1.protect(TestResult.java:110)
	at junit.framework.TestResult.runProtected(TestResult.java:128)
	at junit.framework.TestResult.run(TestResult.java:113)
	at junit.framework.TestCase.run(TestCase.java:124)
	at junit.framework.TestSuite.runTest(TestSuite.java:232)
	at junit.framework.TestSuite.run(TestSuite.java:227)
	at junit.framework.TestSuite.runTest(TestSuite.java:232)
	at junit.framework.TestSuite.run(TestSuite.java:227)
	at junit.framework.TestSuite.runTest(TestSuite.java:232)
	at junit.framework.TestSuite.run(TestSuite.java:227)
	at org.apache.tools.ant.taskdefs.optional.junit.JUnitTestRunner.run(JUnitTestRunner.java:420)
	at org.apache.tools.ant.taskdefs.optional.junit.JUnitTestRunner.launch(JUnitTestRunner.java:911)
	at org.apache.tools.ant.taskdefs.optional.junit.JUnitTestRunner.main(JUnitTestRunner.java:768)
type: SubmissionType id: Unknown operator:stress - Create new SubmissionType.
com.topcoder.util.config.UnknownNamespaceException: com.topcoder.util.log is unknown
	at com.topcoder.util.config.DefaultConfigManager.getPropertyObject(DefaultConfigManager.java:429)
	at com.topcoder.util.config.DefaultConfigManager.getString(DefaultConfigManager.java:449)
	at com.topcoder.util.log.LogFactory.getAttribute(LogFactory.java:224)
	at com.topcoder.util.log.basic.BasicLog.log(BasicLog.java:74)
	at com.topcoder.management.deliverable.PersistenceUploadManager.persistenceUploadManagerHelper(PersistenceUploadManager.java:966)
	at com.topcoder.management.deliverable.PersistenceUploadManager.createSubmissionType(PersistenceUploadManager.java:847)
	at com.topcoder.management.deliverable.stresstests.StressTestPersistenceUploadManager.testCreateSubmissionType(StressTestPersistenceUploadManager.java:501)
	at com.topcoder.management.deliverable.stresstests.StressTestPersistenceUploadManager.testCreateSubmission(StressTestPersistenceUploadManager.java:161)
	at com.topcoder.management.deliverable.stresstests.StressTestPersistenceUploadManager.testGetSubmission(StressTestPersistenceUploadManager.java:229)
	at sun.reflect.NativeMethodAccessorImpl.invoke0(Native Method)
	at sun.reflect.NativeMethodAccessorImpl.invoke(NativeMethodAccessorImpl.java:57)
	at sun.reflect.DelegatingMethodAccessorImpl.invoke(DelegatingMethodAccessorImpl.java:43)
	at java.lang.reflect.Method.invoke(Method.java:616)
	at junit.framework.TestCase.runTest(TestCase.java:168)
	at junit.framework.TestCase.runBare(TestCase.java:134)
	at junit.framework.TestResult$1.protect(TestResult.java:110)
	at junit.framework.TestResult.runProtected(TestResult.java:128)
	at junit.framework.TestResult.run(TestResult.java:113)
	at junit.framework.TestCase.run(TestCase.java:124)
	at junit.framework.TestSuite.runTest(TestSuite.java:232)
	at junit.framework.TestSuite.run(TestSuite.java:227)
	at junit.framework.TestSuite.runTest(TestSuite.java:232)
	at junit.framework.TestSuite.run(TestSuite.java:227)
	at junit.framework.TestSuite.runTest(TestSuite.java:232)
	at junit.framework.TestSuite.run(TestSuite.java:227)
	at org.apache.tools.ant.taskdefs.optional.junit.JUnitTestRunner.run(JUnitTestRunner.java:420)
	at org.apache.tools.ant.taskdefs.optional.junit.JUnitTestRunner.launch(JUnitTestRunner.java:911)
	at org.apache.tools.ant.taskdefs.optional.junit.JUnitTestRunner.main(JUnitTestRunner.java:768)
generate next id from the idGenerator:submission_type_id_seq
com.topcoder.util.config.UnknownNamespaceException: com.topcoder.util.log is unknown
	at com.topcoder.util.config.DefaultConfigManager.getPropertyObject(DefaultConfigManager.java:429)
	at com.topcoder.util.config.DefaultConfigManager.getString(DefaultConfigManager.java:449)
	at com.topcoder.util.log.LogFactory.getAttribute(LogFactory.java:224)
	at com.topcoder.util.log.basic.BasicLog.log(BasicLog.java:74)
	at com.topcoder.management.deliverable.PersistenceUploadManager.createSubmissionType(PersistenceUploadManager.java:845)
	at com.topcoder.management.deliverable.stresstests.StressTestPersistenceUploadManager.testCreateSubmissionType(StressTestPersistenceUploadManager.java:501)
	at com.topcoder.management.deliverable.stresstests.StressTestPersistenceUploadManager.testCreateSubmission(StressTestPersistenceUploadManager.java:161)
	at com.topcoder.management.deliverable.stresstests.StressTestPersistenceUploadManager.testGetSubmission(StressTestPersistenceUploadManager.java:229)
	at sun.reflect.NativeMethodAccessorImpl.invoke0(Native Method)
	at sun.reflect.NativeMethodAccessorImpl.invoke(NativeMethodAccessorImpl.java:57)
	at sun.reflect.DelegatingMethodAccessorImpl.invoke(DelegatingMethodAccessorImpl.java:43)
	at java.lang.reflect.Method.invoke(Method.java:616)
	at junit.framework.TestCase.runTest(TestCase.java:168)
	at junit.framework.TestCase.runBare(TestCase.java:134)
	at junit.framework.TestResult$1.protect(TestResult.java:110)
	at junit.framework.TestResult.runProtected(TestResult.java:128)
	at junit.framework.TestResult.run(TestResult.java:113)
	at junit.framework.TestCase.run(TestCase.java:124)
	at junit.framework.TestSuite.runTest(TestSuite.java:232)
	at junit.framework.TestSuite.run(TestSuite.java:227)
	at junit.framework.TestSuite.runTest(TestSuite.java:232)
	at junit.framework.TestSuite.run(TestSuite.java:227)
	at junit.framework.TestSuite.runTest(TestSuite.java:232)
	at junit.framework.TestSuite.run(TestSuite.java:227)
	at org.apache.tools.ant.taskdefs.optional.junit.JUnitTestRunner.run(JUnitTestRunner.java:420)
	at org.apache.tools.ant.taskdefs.optional.junit.JUnitTestRunner.launch(JUnitTestRunner.java:911)
	at org.apache.tools.ant.taskdefs.optional.junit.JUnitTestRunner.main(JUnitTestRunner.java:768)
type: SubmissionType id: Unknown operator:stress - Create new SubmissionType.
com.topcoder.util.config.UnknownNamespaceException: com.topcoder.util.log is unknown
	at com.topcoder.util.config.DefaultConfigManager.getPropertyObject(DefaultConfigManager.java:429)
	at com.topcoder.util.config.DefaultConfigManager.getString(DefaultConfigManager.java:449)
	at com.topcoder.util.log.LogFactory.getAttribute(LogFactory.java:224)
	at com.topcoder.util.log.basic.BasicLog.log(BasicLog.java:74)
	at com.topcoder.management.deliverable.PersistenceUploadManager.persistenceUploadManagerHelper(PersistenceUploadManager.java:966)
	at com.topcoder.management.deliverable.PersistenceUploadManager.createSubmissionType(PersistenceUploadManager.java:847)
	at com.topcoder.management.deliverable.stresstests.StressTestPersistenceUploadManager.testCreateSubmissionType(StressTestPersistenceUploadManager.java:501)
	at com.topcoder.management.deliverable.stresstests.StressTestPersistenceUploadManager.testCreateSubmission(StressTestPersistenceUploadManager.java:161)
	at com.topcoder.management.deliverable.stresstests.StressTestPersistenceUploadManager.testGetSubmission(StressTestPersistenceUploadManager.java:229)
	at sun.reflect.NativeMethodAccessorImpl.invoke0(Native Method)
	at sun.reflect.NativeMethodAccessorImpl.invoke(NativeMethodAccessorImpl.java:57)
	at sun.reflect.DelegatingMethodAccessorImpl.invoke(DelegatingMethodAccessorImpl.java:43)
	at java.lang.reflect.Method.invoke(Method.java:616)
	at junit.framework.TestCase.runTest(TestCase.java:168)
	at junit.framework.TestCase.runBare(TestCase.java:134)
	at junit.framework.TestResult$1.protect(TestResult.java:110)
	at junit.framework.TestResult.runProtected(TestResult.java:128)
	at junit.framework.TestResult.run(TestResult.java:113)
	at junit.framework.TestCase.run(TestCase.java:124)
	at junit.framework.TestSuite.runTest(TestSuite.java:232)
	at junit.framework.TestSuite.run(TestSuite.java:227)
	at junit.framework.TestSuite.runTest(TestSuite.java:232)
	at junit.framework.TestSuite.run(TestSuite.java:227)
	at junit.framework.TestSuite.runTest(TestSuite.java:232)
	at junit.framework.TestSuite.run(TestSuite.java:227)
	at org.apache.tools.ant.taskdefs.optional.junit.JUnitTestRunner.run(JUnitTestRunner.java:420)
	at org.apache.tools.ant.taskdefs.optional.junit.JUnitTestRunner.launch(JUnitTestRunner.java:911)
	at org.apache.tools.ant.taskdefs.optional.junit.JUnitTestRunner.main(JUnitTestRunner.java:768)
generate next id from the idGenerator:submission_type_id_seq
com.topcoder.util.config.UnknownNamespaceException: com.topcoder.util.log is unknown
	at com.topcoder.util.config.DefaultConfigManager.getPropertyObject(DefaultConfigManager.java:429)
	at com.topcoder.util.config.DefaultConfigManager.getString(DefaultConfigManager.java:449)
	at com.topcoder.util.log.LogFactory.getAttribute(LogFactory.java:224)
	at com.topcoder.util.log.basic.BasicLog.log(BasicLog.java:74)
	at com.topcoder.management.deliverable.PersistenceUploadManager.createSubmission(PersistenceUploadManager.java:631)
	at com.topcoder.management.deliverable.stresstests.StressTestPersistenceUploadManager.testCreateSubmission(StressTestPersistenceUploadManager.java:170)
	at com.topcoder.management.deliverable.stresstests.StressTestPersistenceUploadManager.testGetSubmission(StressTestPersistenceUploadManager.java:229)
	at sun.reflect.NativeMethodAccessorImpl.invoke0(Native Method)
	at sun.reflect.NativeMethodAccessorImpl.invoke(NativeMethodAccessorImpl.java:57)
	at sun.reflect.DelegatingMethodAccessorImpl.invoke(DelegatingMethodAccessorImpl.java:43)
	at java.lang.reflect.Method.invoke(Method.java:616)
	at junit.framework.TestCase.runTest(TestCase.java:168)
	at junit.framework.TestCase.runBare(TestCase.java:134)
	at junit.framework.TestResult$1.protect(TestResult.java:110)
	at junit.framework.TestResult.runProtected(TestResult.java:128)
	at junit.framework.TestResult.run(TestResult.java:113)
	at junit.framework.TestCase.run(TestCase.java:124)
	at junit.framework.TestSuite.runTest(TestSuite.java:232)
	at junit.framework.TestSuite.run(TestSuite.java:227)
	at junit.framework.TestSuite.runTest(TestSuite.java:232)
	at junit.framework.TestSuite.run(TestSuite.java:227)
	at junit.framework.TestSuite.runTest(TestSuite.java:232)
	at junit.framework.TestSuite.run(TestSuite.java:227)
	at org.apache.tools.ant.taskdefs.optional.junit.JUnitTestRunner.run(JUnitTestRunner.java:420)
	at org.apache.tools.ant.taskdefs.optional.junit.JUnitTestRunner.launch(JUnitTestRunner.java:911)
	at org.apache.tools.ant.taskdefs.optional.junit.JUnitTestRunner.main(JUnitTestRunner.java:768)
type: Submission id: Unknown operator:operator - create new Submission.
com.topcoder.util.config.UnknownNamespaceException: com.topcoder.util.log is unknown
	at com.topcoder.util.config.DefaultConfigManager.getPropertyObject(DefaultConfigManager.java:429)
	at com.topcoder.util.config.DefaultConfigManager.getString(DefaultConfigManager.java:449)
	at com.topcoder.util.log.LogFactory.getAttribute(LogFactory.java:224)
	at com.topcoder.util.log.basic.BasicLog.log(BasicLog.java:74)
	at com.topcoder.management.deliverable.PersistenceUploadManager.persistenceUploadManagerHelper(PersistenceUploadManager.java:966)
	at com.topcoder.management.deliverable.PersistenceUploadManager.createSubmission(PersistenceUploadManager.java:632)
	at com.topcoder.management.deliverable.stresstests.StressTestPersistenceUploadManager.testCreateSubmission(StressTestPersistenceUploadManager.java:170)
	at com.topcoder.management.deliverable.stresstests.StressTestPersistenceUploadManager.testGetSubmission(StressTestPersistenceUploadManager.java:229)
	at sun.reflect.NativeMethodAccessorImpl.invoke0(Native Method)
	at sun.reflect.NativeMethodAccessorImpl.invoke(NativeMethodAccessorImpl.java:57)
	at sun.reflect.DelegatingMethodAccessorImpl.invoke(DelegatingMethodAccessorImpl.java:43)
	at java.lang.reflect.Method.invoke(Method.java:616)
	at junit.framework.TestCase.runTest(TestCase.java:168)
	at junit.framework.TestCase.runBare(TestCase.java:134)
	at junit.framework.TestResult$1.protect(TestResult.java:110)
	at junit.framework.TestResult.runProtected(TestResult.java:128)
	at junit.framework.TestResult.run(TestResult.java:113)
	at junit.framework.TestCase.run(TestCase.java:124)
	at junit.framework.TestSuite.runTest(TestSuite.java:232)
	at junit.framework.TestSuite.run(TestSuite.java:227)
	at junit.framework.TestSuite.runTest(TestSuite.java:232)
	at junit.framework.TestSuite.run(TestSuite.java:227)
	at junit.framework.TestSuite.runTest(TestSuite.java:232)
	at junit.framework.TestSuite.run(TestSuite.java:227)
	at org.apache.tools.ant.taskdefs.optional.junit.JUnitTestRunner.run(JUnitTestRunner.java:420)
	at org.apache.tools.ant.taskdefs.optional.junit.JUnitTestRunner.launch(JUnitTestRunner.java:911)
	at org.apache.tools.ant.taskdefs.optional.junit.JUnitTestRunner.main(JUnitTestRunner.java:768)
generate next id from the idGenerator:submission_id_seq
com.topcoder.util.config.UnknownNamespaceException: com.topcoder.util.log is unknown
	at com.topcoder.util.config.DefaultConfigManager.getPropertyObject(DefaultConfigManager.java:429)
	at com.topcoder.util.config.DefaultConfigManager.getString(DefaultConfigManager.java:449)
	at com.topcoder.util.log.LogFactory.getAttribute(LogFactory.java:224)
	at com.topcoder.util.log.basic.BasicLog.log(BasicLog.java:74)
	at com.topcoder.management.deliverable.PersistenceUploadManager.createSubmission(PersistenceUploadManager.java:631)
	at com.topcoder.management.deliverable.stresstests.StressTestPersistenceUploadManager.testCreateSubmission(StressTestPersistenceUploadManager.java:170)
	at com.topcoder.management.deliverable.stresstests.StressTestPersistenceUploadManager.testGetSubmission(StressTestPersistenceUploadManager.java:229)
	at sun.reflect.NativeMethodAccessorImpl.invoke0(Native Method)
	at sun.reflect.NativeMethodAccessorImpl.invoke(NativeMethodAccessorImpl.java:57)
	at sun.reflect.DelegatingMethodAccessorImpl.invoke(DelegatingMethodAccessorImpl.java:43)
	at java.lang.reflect.Method.invoke(Method.java:616)
	at junit.framework.TestCase.runTest(TestCase.java:168)
	at junit.framework.TestCase.runBare(TestCase.java:134)
	at junit.framework.TestResult$1.protect(TestResult.java:110)
	at junit.framework.TestResult.runProtected(TestResult.java:128)
	at junit.framework.TestResult.run(TestResult.java:113)
	at junit.framework.TestCase.run(TestCase.java:124)
	at junit.framework.TestSuite.runTest(TestSuite.java:232)
	at junit.framework.TestSuite.run(TestSuite.java:227)
	at junit.framework.TestSuite.runTest(TestSuite.java:232)
	at junit.framework.TestSuite.run(TestSuite.java:227)
	at junit.framework.TestSuite.runTest(TestSuite.java:232)
	at junit.framework.TestSuite.run(TestSuite.java:227)
	at org.apache.tools.ant.taskdefs.optional.junit.JUnitTestRunner.run(JUnitTestRunner.java:420)
	at org.apache.tools.ant.taskdefs.optional.junit.JUnitTestRunner.launch(JUnitTestRunner.java:911)
	at org.apache.tools.ant.taskdefs.optional.junit.JUnitTestRunner.main(JUnitTestRunner.java:768)
type: Submission id: Unknown operator:operator - create new Submission.
com.topcoder.util.config.UnknownNamespaceException: com.topcoder.util.log is unknown
	at com.topcoder.util.config.DefaultConfigManager.getPropertyObject(DefaultConfigManager.java:429)
	at com.topcoder.util.config.DefaultConfigManager.getString(DefaultConfigManager.java:449)
	at com.topcoder.util.log.LogFactory.getAttribute(LogFactory.java:224)
	at com.topcoder.util.log.basic.BasicLog.log(BasicLog.java:74)
	at com.topcoder.management.deliverable.PersistenceUploadManager.persistenceUploadManagerHelper(PersistenceUploadManager.java:966)
	at com.topcoder.management.deliverable.PersistenceUploadManager.createSubmission(PersistenceUploadManager.java:632)
	at com.topcoder.management.deliverable.stresstests.StressTestPersistenceUploadManager.testCreateSubmission(StressTestPersistenceUploadManager.java:170)
	at com.topcoder.management.deliverable.stresstests.StressTestPersistenceUploadManager.testGetSubmission(StressTestPersistenceUploadManager.java:229)
	at sun.reflect.NativeMethodAccessorImpl.invoke0(Native Method)
	at sun.reflect.NativeMethodAccessorImpl.invoke(NativeMethodAccessorImpl.java:57)
	at sun.reflect.DelegatingMethodAccessorImpl.invoke(DelegatingMethodAccessorImpl.java:43)
	at java.lang.reflect.Method.invoke(Method.java:616)
	at junit.framework.TestCase.runTest(TestCase.java:168)
	at junit.framework.TestCase.runBare(TestCase.java:134)
	at junit.framework.TestResult$1.protect(TestResult.java:110)
	at junit.framework.TestResult.runProtected(TestResult.java:128)
	at junit.framework.TestResult.run(TestResult.java:113)
	at junit.framework.TestCase.run(TestCase.java:124)
	at junit.framework.TestSuite.runTest(TestSuite.java:232)
	at junit.framework.TestSuite.run(TestSuite.java:227)
	at junit.framework.TestSuite.runTest(TestSuite.java:232)
	at junit.framework.TestSuite.run(TestSuite.java:227)
	at junit.framework.TestSuite.runTest(TestSuite.java:232)
	at junit.framework.TestSuite.run(TestSuite.java:227)
	at org.apache.tools.ant.taskdefs.optional.junit.JUnitTestRunner.run(JUnitTestRunner.java:420)
	at org.apache.tools.ant.taskdefs.optional.junit.JUnitTestRunner.launch(JUnitTestRunner.java:911)
	at org.apache.tools.ant.taskdefs.optional.junit.JUnitTestRunner.main(JUnitTestRunner.java:768)
generate next id from the idGenerator:submission_id_seq
com.topcoder.util.config.UnknownNamespaceException: com.topcoder.util.log is unknown
	at com.topcoder.util.config.DefaultConfigManager.getPropertyObject(DefaultConfigManager.java:429)
	at com.topcoder.util.config.DefaultConfigManager.getString(DefaultConfigManager.java:449)
	at com.topcoder.util.log.LogFactory.getAttribute(LogFactory.java:224)
	at com.topcoder.util.log.basic.BasicLog.log(BasicLog.java:74)
	at com.topcoder.management.deliverable.PersistenceUploadManager.searchSubmissions(PersistenceUploadManager.java:726)
	at com.topcoder.management.deliverable.stresstests.StressTestPersistenceUploadManager.searchSubmissions(StressTestPersistenceUploadManager.java:248)
	at com.topcoder.management.deliverable.stresstests.StressTestPersistenceUploadManager.testCreateSubmission(StressTestPersistenceUploadManager.java:174)
	at com.topcoder.management.deliverable.stresstests.StressTestPersistenceUploadManager.testGetSubmission(StressTestPersistenceUploadManager.java:229)
	at sun.reflect.NativeMethodAccessorImpl.invoke0(Native Method)
	at sun.reflect.NativeMethodAccessorImpl.invoke(NativeMethodAccessorImpl.java:57)
	at sun.reflect.DelegatingMethodAccessorImpl.invoke(DelegatingMethodAccessorImpl.java:43)
	at java.lang.reflect.Method.invoke(Method.java:616)
	at junit.framework.TestCase.runTest(TestCase.java:168)
	at junit.framework.TestCase.runBare(TestCase.java:134)
	at junit.framework.TestResult$1.protect(TestResult.java:110)
	at junit.framework.TestResult.runProtected(TestResult.java:128)
	at junit.framework.TestResult.run(TestResult.java:113)
	at junit.framework.TestCase.run(TestCase.java:124)
	at junit.framework.TestSuite.runTest(TestSuite.java:232)
	at junit.framework.TestSuite.run(TestSuite.java:227)
	at junit.framework.TestSuite.runTest(TestSuite.java:232)
	at junit.framework.TestSuite.run(TestSuite.java:227)
	at junit.framework.TestSuite.runTest(TestSuite.java:232)
	at junit.framework.TestSuite.run(TestSuite.java:227)
	at org.apache.tools.ant.taskdefs.optional.junit.JUnitTestRunner.run(JUnitTestRunner.java:420)
	at org.apache.tools.ant.taskdefs.optional.junit.JUnitTestRunner.launch(JUnitTestRunner.java:911)
	at org.apache.tools.ant.taskdefs.optional.junit.JUnitTestRunner.main(JUnitTestRunner.java:768)
type: Upload id: Unknown operator:Unknown - search submissions with filter. found: 4
com.topcoder.util.config.UnknownNamespaceException: com.topcoder.util.log is unknown
	at com.topcoder.util.config.DefaultConfigManager.getPropertyObject(DefaultConfigManager.java:429)
	at com.topcoder.util.config.DefaultConfigManager.getString(DefaultConfigManager.java:449)
	at com.topcoder.util.log.LogFactory.getAttribute(LogFactory.java:224)
	at com.topcoder.util.log.basic.BasicLog.log(BasicLog.java:74)
	at com.topcoder.management.deliverable.persistence.sql.MyUploadPersistence.loadSubmissions(MyUploadPersistence.java:1249)
	at com.topcoder.management.deliverable.PersistenceUploadManager.searchSubmissions(PersistenceUploadManager.java:728)
	at com.topcoder.management.deliverable.stresstests.StressTestPersistenceUploadManager.searchSubmissions(StressTestPersistenceUploadManager.java:248)
	at com.topcoder.management.deliverable.stresstests.StressTestPersistenceUploadManager.testCreateSubmission(StressTestPersistenceUploadManager.java:174)
	at com.topcoder.management.deliverable.stresstests.StressTestPersistenceUploadManager.testGetSubmission(StressTestPersistenceUploadManager.java:229)
	at sun.reflect.NativeMethodAccessorImpl.invoke0(Native Method)
	at sun.reflect.NativeMethodAccessorImpl.invoke(NativeMethodAccessorImpl.java:57)
	at sun.reflect.DelegatingMethodAccessorImpl.invoke(DelegatingMethodAccessorImpl.java:43)
	at java.lang.reflect.Method.invoke(Method.java:616)
	at junit.framework.TestCase.runTest(TestCase.java:168)
	at junit.framework.TestCase.runBare(TestCase.java:134)
	at junit.framework.TestResult$1.protect(TestResult.java:110)
	at junit.framework.TestResult.runProtected(TestResult.java:128)
	at junit.framework.TestResult.run(TestResult.java:113)
	at junit.framework.TestCase.run(TestCase.java:124)
	at junit.framework.TestSuite.runTest(TestSuite.java:232)
	at junit.framework.TestSuite.run(TestSuite.java:227)
	at junit.framework.TestSuite.runTest(TestSuite.java:232)
	at junit.framework.TestSuite.run(TestSuite.java:227)
	at junit.framework.TestSuite.runTest(TestSuite.java:232)
	at junit.framework.TestSuite.run(TestSuite.java:227)
	at org.apache.tools.ant.taskdefs.optional.junit.JUnitTestRunner.run(JUnitTestRunner.java:420)
	at org.apache.tools.ant.taskdefs.optional.junit.JUnitTestRunner.launch(JUnitTestRunner.java:911)
	at org.apache.tools.ant.taskdefs.optional.junit.JUnitTestRunner.main(JUnitTestRunner.java:768)
 Loading: 4
com.topcoder.util.config.UnknownNamespaceException: com.topcoder.util.log is unknown
	at com.topcoder.util.config.DefaultConfigManager.getPropertyObject(DefaultConfigManager.java:429)
	at com.topcoder.util.config.DefaultConfigManager.getString(DefaultConfigManager.java:449)
	at com.topcoder.util.log.LogFactory.getAttribute(LogFactory.java:224)
	at com.topcoder.util.log.basic.BasicLog.log(BasicLog.java:74)
	at com.topcoder.management.deliverable.PersistenceUploadManager.getSubmission(PersistenceUploadManager.java:702)
	at com.topcoder.management.deliverable.stresstests.StressTestPersistenceUploadManager.testGetSubmission(StressTestPersistenceUploadManager.java:234)
	at sun.reflect.NativeMethodAccessorImpl.invoke0(Native Method)
	at sun.reflect.NativeMethodAccessorImpl.invoke(NativeMethodAccessorImpl.java:57)
	at sun.reflect.DelegatingMethodAccessorImpl.invoke(DelegatingMethodAccessorImpl.java:43)
	at java.lang.reflect.Method.invoke(Method.java:616)
	at junit.framework.TestCase.runTest(TestCase.java:168)
	at junit.framework.TestCase.runBare(TestCase.java:134)
	at junit.framework.TestResult$1.protect(TestResult.java:110)
	at junit.framework.TestResult.runProtected(TestResult.java:128)
	at junit.framework.TestResult.run(TestResult.java:113)
	at junit.framework.TestCase.run(TestCase.java:124)
	at junit.framework.TestSuite.runTest(TestSuite.java:232)
	at junit.framework.TestSuite.run(TestSuite.java:227)
	at junit.framework.TestSuite.runTest(TestSuite.java:232)
	at junit.framework.TestSuite.run(TestSuite.java:227)
	at junit.framework.TestSuite.runTest(TestSuite.java:232)
	at junit.framework.TestSuite.run(TestSuite.java:227)
	at org.apache.tools.ant.taskdefs.optional.junit.JUnitTestRunner.run(JUnitTestRunner.java:420)
	at org.apache.tools.ant.taskdefs.optional.junit.JUnitTestRunner.launch(JUnitTestRunner.java:911)
	at org.apache.tools.ant.taskdefs.optional.junit.JUnitTestRunner.main(JUnitTestRunner.java:768)
type: Submission id: 1 operator:Unknown - Retrieve Submission, delegate to persistence.
com.topcoder.util.config.UnknownNamespaceException: com.topcoder.util.log is unknown
	at com.topcoder.util.config.DefaultConfigManager.getPropertyObject(DefaultConfigManager.java:429)
	at com.topcoder.util.config.DefaultConfigManager.getString(DefaultConfigManager.java:449)
	at com.topcoder.util.log.LogFactory.getAttribute(LogFactory.java:224)
	at com.topcoder.util.log.basic.BasicLog.log(BasicLog.java:74)
	at com.topcoder.management.deliverable.persistence.sql.MyUploadPersistence.loadSubmissions(MyUploadPersistence.java:1044)
	at com.topcoder.management.deliverable.persistence.sql.MyUploadPersistence.loadSubmission(MyUploadPersistence.java:965)
	at com.topcoder.management.deliverable.PersistenceUploadManager.getSubmission(PersistenceUploadManager.java:704)
	at com.topcoder.management.deliverable.stresstests.StressTestPersistenceUploadManager.testGetSubmission(StressTestPersistenceUploadManager.java:234)
	at sun.reflect.NativeMethodAccessorImpl.invoke0(Native Method)
	at sun.reflect.NativeMethodAccessorImpl.invoke(NativeMethodAccessorImpl.java:57)
	at sun.reflect.DelegatingMethodAccessorImpl.invoke(DelegatingMethodAccessorImpl.java:43)
	at java.lang.reflect.Method.invoke(Method.java:616)
	at junit.framework.TestCase.runTest(TestCase.java:168)
	at junit.framework.TestCase.runBare(TestCase.java:134)
	at junit.framework.TestResult$1.protect(TestResult.java:110)
	at junit.framework.TestResult.runProtected(TestResult.java:128)
	at junit.framework.TestResult.run(TestResult.java:113)
	at junit.framework.TestCase.run(TestCase.java:124)
	at junit.framework.TestSuite.runTest(TestSuite.java:232)
	at junit.framework.TestSuite.run(TestSuite.java:227)
	at junit.framework.TestSuite.runTest(TestSuite.java:232)
	at junit.framework.TestSuite.run(TestSuite.java:227)
	at junit.framework.TestSuite.runTest(TestSuite.java:232)
	at junit.framework.TestSuite.run(TestSuite.java:227)
	at org.apache.tools.ant.taskdefs.optional.junit.JUnitTestRunner.run(JUnitTestRunner.java:420)
	at org.apache.tools.ant.taskdefs.optional.junit.JUnitTestRunner.launch(JUnitTestRunner.java:911)
	at org.apache.tools.ant.taskdefs.optional.junit.JUnitTestRunner.main(JUnitTestRunner.java:768)
com.topcoder.management.deliverable.persistence.sql.MyUploadPersistence loadSubmissions - index: 0
com.topcoder.util.config.UnknownNamespaceException: com.topcoder.util.log is unknown
	at com.topcoder.util.config.DefaultConfigManager.getPropertyObject(DefaultConfigManager.java:429)
	at com.topcoder.util.config.DefaultConfigManager.getString(DefaultConfigManager.java:449)
	at com.topcoder.util.log.LogFactory.getAttribute(LogFactory.java:224)
	at com.topcoder.util.log.basic.BasicLog.log(BasicLog.java:74)
	at com.topcoder.management.deliverable.PersistenceUploadManager.getSubmission(PersistenceUploadManager.java:702)
	at com.topcoder.management.deliverable.stresstests.StressTestPersistenceUploadManager.testGetSubmission(StressTestPersistenceUploadManager.java:234)
	at sun.reflect.NativeMethodAccessorImpl.invoke0(Native Method)
	at sun.reflect.NativeMethodAccessorImpl.invoke(NativeMethodAccessorImpl.java:57)
	at sun.reflect.DelegatingMethodAccessorImpl.invoke(DelegatingMethodAccessorImpl.java:43)
	at java.lang.reflect.Method.invoke(Method.java:616)
	at junit.framework.TestCase.runTest(TestCase.java:168)
	at junit.framework.TestCase.runBare(TestCase.java:134)
	at junit.framework.TestResult$1.protect(TestResult.java:110)
	at junit.framework.TestResult.runProtected(TestResult.java:128)
	at junit.framework.TestResult.run(TestResult.java:113)
	at junit.framework.TestCase.run(TestCase.java:124)
	at junit.framework.TestSuite.runTest(TestSuite.java:232)
	at junit.framework.TestSuite.run(TestSuite.java:227)
	at junit.framework.TestSuite.runTest(TestSuite.java:232)
	at junit.framework.TestSuite.run(TestSuite.java:227)
	at junit.framework.TestSuite.runTest(TestSuite.java:232)
	at junit.framework.TestSuite.run(TestSuite.java:227)
	at org.apache.tools.ant.taskdefs.optional.junit.JUnitTestRunner.run(JUnitTestRunner.java:420)
	at org.apache.tools.ant.taskdefs.optional.junit.JUnitTestRunner.launch(JUnitTestRunner.java:911)
	at org.apache.tools.ant.taskdefs.optional.junit.JUnitTestRunner.main(JUnitTestRunner.java:768)
type: Submission id: 1 operator:Unknown - Retrieve Submission, delegate to persistence.
com.topcoder.util.config.UnknownNamespaceException: com.topcoder.util.log is unknown
	at com.topcoder.util.config.DefaultConfigManager.getPropertyObject(DefaultConfigManager.java:429)
	at com.topcoder.util.config.DefaultConfigManager.getString(DefaultConfigManager.java:449)
	at com.topcoder.util.log.LogFactory.getAttribute(LogFactory.java:224)
	at com.topcoder.util.log.basic.BasicLog.log(BasicLog.java:74)
	at com.topcoder.management.deliverable.persistence.sql.MyUploadPersistence.loadSubmissions(MyUploadPersistence.java:1044)
	at com.topcoder.management.deliverable.persistence.sql.MyUploadPersistence.loadSubmission(MyUploadPersistence.java:965)
	at com.topcoder.management.deliverable.PersistenceUploadManager.getSubmission(PersistenceUploadManager.java:704)
	at com.topcoder.management.deliverable.stresstests.StressTestPersistenceUploadManager.testGetSubmission(StressTestPersistenceUploadManager.java:234)
	at sun.reflect.NativeMethodAccessorImpl.invoke0(Native Method)
	at sun.reflect.NativeMethodAccessorImpl.invoke(NativeMethodAccessorImpl.java:57)
	at sun.reflect.DelegatingMethodAccessorImpl.invoke(DelegatingMethodAccessorImpl.java:43)
	at java.lang.reflect.Method.invoke(Method.java:616)
	at junit.framework.TestCase.runTest(TestCase.java:168)
	at junit.framework.TestCase.runBare(TestCase.java:134)
	at junit.framework.TestResult$1.protect(TestResult.java:110)
	at junit.framework.TestResult.runProtected(TestResult.java:128)
	at junit.framework.TestResult.run(TestResult.java:113)
	at junit.framework.TestCase.run(TestCase.java:124)
	at junit.framework.TestSuite.runTest(TestSuite.java:232)
	at junit.framework.TestSuite.run(TestSuite.java:227)
	at junit.framework.TestSuite.runTest(TestSuite.java:232)
	at junit.framework.TestSuite.run(TestSuite.java:227)
	at junit.framework.TestSuite.runTest(TestSuite.java:232)
	at junit.framework.TestSuite.run(TestSuite.java:227)
	at org.apache.tools.ant.taskdefs.optional.junit.JUnitTestRunner.run(JUnitTestRunner.java:420)
	at org.apache.tools.ant.taskdefs.optional.junit.JUnitTestRunner.launch(JUnitTestRunner.java:911)
	at org.apache.tools.ant.taskdefs.optional.junit.JUnitTestRunner.main(JUnitTestRunner.java:768)
com.topcoder.management.deliverable.persistence.sql.MyUploadPersistence loadSubmissions - index: 0
com.topcoder.util.config.UnknownNamespaceException: com.topcoder.util.log is unknown
	at com.topcoder.util.config.DefaultConfigManager.getPropertyObject(DefaultConfigManager.java:429)
	at com.topcoder.util.config.DefaultConfigManager.getString(DefaultConfigManager.java:449)
	at com.topcoder.util.log.LogFactory.getAttribute(LogFactory.java:224)
	at com.topcoder.util.log.basic.BasicLog.log(BasicLog.java:74)
	at com.topcoder.management.deliverable.stresstests.StressTestPersistenceUploadManager.tearDown(StressTestPersistenceUploadManager.java:121)
	at junit.framework.TestCase.runBare(TestCase.java:140)
	at junit.framework.TestResult$1.protect(TestResult.java:110)
	at junit.framework.TestResult.runProtected(TestResult.java:128)
	at junit.framework.TestResult.run(TestResult.java:113)
	at junit.framework.TestCase.run(TestCase.java:124)
	at junit.framework.TestSuite.runTest(TestSuite.java:232)
	at junit.framework.TestSuite.run(TestSuite.java:227)
	at junit.framework.TestSuite.runTest(TestSuite.java:232)
	at junit.framework.TestSuite.run(TestSuite.java:227)
	at junit.framework.TestSuite.runTest(TestSuite.java:232)
	at junit.framework.TestSuite.run(TestSuite.java:227)
	at org.apache.tools.ant.taskdefs.optional.junit.JUnitTestRunner.run(JUnitTestRunner.java:420)
	at org.apache.tools.ant.taskdefs.optional.junit.JUnitTestRunner.launch(JUnitTestRunner.java:911)
	at org.apache.tools.ant.taskdefs.optional.junit.JUnitTestRunner.main(JUnitTestRunner.java:768)
StressTestPersistenceUploadManager - tearDown - start
com.topcoder.util.config.UnknownNamespaceException: com.topcoder.util.log is unknown
	at com.topcoder.util.config.DefaultConfigManager.getPropertyObject(DefaultConfigManager.java:429)
	at com.topcoder.util.config.DefaultConfigManager.getString(DefaultConfigManager.java:449)
	at com.topcoder.util.log.LogFactory.getAttribute(LogFactory.java:224)
	at com.topcoder.util.log.basic.BasicLog.log(BasicLog.java:74)
	at com.topcoder.management.deliverable.stresstests.StressTestPersistenceUploadManager.tearDown(StressTestPersistenceUploadManager.java:126)
	at junit.framework.TestCase.runBare(TestCase.java:140)
	at junit.framework.TestResult$1.protect(TestResult.java:110)
	at junit.framework.TestResult.runProtected(TestResult.java:128)
	at junit.framework.TestResult.run(TestResult.java:113)
	at junit.framework.TestCase.run(TestCase.java:124)
	at junit.framework.TestSuite.runTest(TestSuite.java:232)
	at junit.framework.TestSuite.run(TestSuite.java:227)
	at junit.framework.TestSuite.runTest(TestSuite.java:232)
	at junit.framework.TestSuite.run(TestSuite.java:227)
	at junit.framework.TestSuite.runTest(TestSuite.java:232)
	at junit.framework.TestSuite.run(TestSuite.java:227)
	at org.apache.tools.ant.taskdefs.optional.junit.JUnitTestRunner.run(JUnitTestRunner.java:420)
	at org.apache.tools.ant.taskdefs.optional.junit.JUnitTestRunner.launch(JUnitTestRunner.java:911)
	at org.apache.tools.ant.taskdefs.optional.junit.JUnitTestRunner.main(JUnitTestRunner.java:768)
StressTestPersistenceUploadManager - tearDown - end
com.topcoder.util.config.UnknownNamespaceException: com.topcoder.util.log is unknown
	at com.topcoder.util.config.DefaultConfigManager.getPropertyObject(DefaultConfigManager.java:429)
	at com.topcoder.util.config.DefaultConfigManager.getString(DefaultConfigManager.java:449)
	at com.topcoder.util.log.LogFactory.getAttribute(LogFactory.java:224)
	at com.topcoder.util.log.basic.BasicLog.log(BasicLog.java:74)
	at com.topcoder.management.deliverable.stresstests.StressTestPersistenceUploadManager.setUp(StressTestPersistenceUploadManager.java:71)
	at junit.framework.TestCase.runBare(TestCase.java:132)
	at junit.framework.TestResult$1.protect(TestResult.java:110)
	at junit.framework.TestResult.runProtected(TestResult.java:128)
	at junit.framework.TestResult.run(TestResult.java:113)
	at junit.framework.TestCase.run(TestCase.java:124)
	at junit.framework.TestSuite.runTest(TestSuite.java:232)
	at junit.framework.TestSuite.run(TestSuite.java:227)
	at junit.framework.TestSuite.runTest(TestSuite.java:232)
	at junit.framework.TestSuite.run(TestSuite.java:227)
	at junit.framework.TestSuite.runTest(TestSuite.java:232)
	at junit.framework.TestSuite.run(TestSuite.java:227)
	at org.apache.tools.ant.taskdefs.optional.junit.JUnitTestRunner.run(JUnitTestRunner.java:420)
	at org.apache.tools.ant.taskdefs.optional.junit.JUnitTestRunner.launch(JUnitTestRunner.java:911)
	at org.apache.tools.ant.taskdefs.optional.junit.JUnitTestRunner.main(JUnitTestRunner.java:768)
StressTestPersistenceUploadManager - setUp - start
com.topcoder.util.config.UnknownNamespaceException: com.topcoder.util.log is unknown
	at com.topcoder.util.config.DefaultConfigManager.getPropertyObject(DefaultConfigManager.java:429)
	at com.topcoder.util.config.DefaultConfigManager.getString(DefaultConfigManager.java:449)
	at com.topcoder.util.log.LogFactory.getAttribute(LogFactory.java:224)
	at com.topcoder.util.log.basic.BasicLog.log(BasicLog.java:74)
	at com.topcoder.management.deliverable.PersistenceUploadManager.<init>(PersistenceUploadManager.java:260)
	at com.topcoder.management.deliverable.PersistenceUploadManager.<init>(PersistenceUploadManager.java:306)
	at com.topcoder.management.deliverable.stresstests.StressTestPersistenceUploadManager.setUp(StressTestPersistenceUploadManager.java:109)
	at junit.framework.TestCase.runBare(TestCase.java:132)
	at junit.framework.TestResult$1.protect(TestResult.java:110)
	at junit.framework.TestResult.runProtected(TestResult.java:128)
	at junit.framework.TestResult.run(TestResult.java:113)
	at junit.framework.TestCase.run(TestCase.java:124)
	at junit.framework.TestSuite.runTest(TestSuite.java:232)
	at junit.framework.TestSuite.run(TestSuite.java:227)
	at junit.framework.TestSuite.runTest(TestSuite.java:232)
	at junit.framework.TestSuite.run(TestSuite.java:227)
	at junit.framework.TestSuite.runTest(TestSuite.java:232)
	at junit.framework.TestSuite.run(TestSuite.java:227)
	at org.apache.tools.ant.taskdefs.optional.junit.JUnitTestRunner.run(JUnitTestRunner.java:420)
	at org.apache.tools.ant.taskdefs.optional.junit.JUnitTestRunner.launch(JUnitTestRunner.java:911)
	at org.apache.tools.ant.taskdefs.optional.junit.JUnitTestRunner.main(JUnitTestRunner.java:768)
Instantiate PersistenceUploadManager with UploadPersistence, uploadSearchBundle, submissionSearchBundle, uploadIdGenerator, uploadTypeIdGenerator, uploadStatusIdGenerator, submissionIDGenerator and submissionStatusIdGenerator.
com.topcoder.util.config.UnknownNamespaceException: com.topcoder.util.log is unknown
	at com.topcoder.util.config.DefaultConfigManager.getPropertyObject(DefaultConfigManager.java:429)
	at com.topcoder.util.config.DefaultConfigManager.getString(DefaultConfigManager.java:449)
	at com.topcoder.util.log.LogFactory.getAttribute(LogFactory.java:224)
	at com.topcoder.util.log.basic.BasicLog.log(BasicLog.java:74)
	at com.topcoder.management.deliverable.stresstests.StressTestPersistenceUploadManager.setUp(StressTestPersistenceUploadManager.java:111)
	at junit.framework.TestCase.runBare(TestCase.java:132)
	at junit.framework.TestResult$1.protect(TestResult.java:110)
	at junit.framework.TestResult.runProtected(TestResult.java:128)
	at junit.framework.TestResult.run(TestResult.java:113)
	at junit.framework.TestCase.run(TestCase.java:124)
	at junit.framework.TestSuite.runTest(TestSuite.java:232)
	at junit.framework.TestSuite.run(TestSuite.java:227)
	at junit.framework.TestSuite.runTest(TestSuite.java:232)
	at junit.framework.TestSuite.run(TestSuite.java:227)
	at junit.framework.TestSuite.runTest(TestSuite.java:232)
	at junit.framework.TestSuite.run(TestSuite.java:227)
	at org.apache.tools.ant.taskdefs.optional.junit.JUnitTestRunner.run(JUnitTestRunner.java:420)
	at org.apache.tools.ant.taskdefs.optional.junit.JUnitTestRunner.launch(JUnitTestRunner.java:911)
	at org.apache.tools.ant.taskdefs.optional.junit.JUnitTestRunner.main(JUnitTestRunner.java:768)
StressTestPersistenceUploadManager - setUp - end
com.topcoder.util.config.UnknownNamespaceException: com.topcoder.util.log is unknown
	at com.topcoder.util.config.DefaultConfigManager.getPropertyObject(DefaultConfigManager.java:429)
	at com.topcoder.util.config.DefaultConfigManager.getString(DefaultConfigManager.java:449)
	at com.topcoder.util.log.LogFactory.getAttribute(LogFactory.java:224)
	at com.topcoder.util.log.basic.BasicLog.log(BasicLog.java:74)
	at com.topcoder.management.deliverable.PersistenceUploadManager.createSubmissionType(PersistenceUploadManager.java:845)
	at com.topcoder.management.deliverable.stresstests.StressTestPersistenceUploadManager.testCreateSubmissionType(StressTestPersistenceUploadManager.java:501)
	at com.topcoder.management.deliverable.stresstests.StressTestPersistenceUploadManager.testGetAllSubmissionTypees(StressTestPersistenceUploadManager.java:134)
	at sun.reflect.NativeMethodAccessorImpl.invoke0(Native Method)
	at sun.reflect.NativeMethodAccessorImpl.invoke(NativeMethodAccessorImpl.java:57)
	at sun.reflect.DelegatingMethodAccessorImpl.invoke(DelegatingMethodAccessorImpl.java:43)
	at java.lang.reflect.Method.invoke(Method.java:616)
	at junit.framework.TestCase.runTest(TestCase.java:168)
	at junit.framework.TestCase.runBare(TestCase.java:134)
	at junit.framework.TestResult$1.protect(TestResult.java:110)
	at junit.framework.TestResult.runProtected(TestResult.java:128)
	at junit.framework.TestResult.run(TestResult.java:113)
	at junit.framework.TestCase.run(TestCase.java:124)
	at junit.framework.TestSuite.runTest(TestSuite.java:232)
	at junit.framework.TestSuite.run(TestSuite.java:227)
	at junit.framework.TestSuite.runTest(TestSuite.java:232)
	at junit.framework.TestSuite.run(TestSuite.java:227)
	at junit.framework.TestSuite.runTest(TestSuite.java:232)
	at junit.framework.TestSuite.run(TestSuite.java:227)
	at org.apache.tools.ant.taskdefs.optional.junit.JUnitTestRunner.run(JUnitTestRunner.java:420)
	at org.apache.tools.ant.taskdefs.optional.junit.JUnitTestRunner.launch(JUnitTestRunner.java:911)
	at org.apache.tools.ant.taskdefs.optional.junit.JUnitTestRunner.main(JUnitTestRunner.java:768)
type: SubmissionType id: Unknown operator:stress - Create new SubmissionType.
com.topcoder.util.config.UnknownNamespaceException: com.topcoder.util.log is unknown
	at com.topcoder.util.config.DefaultConfigManager.getPropertyObject(DefaultConfigManager.java:429)
	at com.topcoder.util.config.DefaultConfigManager.getString(DefaultConfigManager.java:449)
	at com.topcoder.util.log.LogFactory.getAttribute(LogFactory.java:224)
	at com.topcoder.util.log.basic.BasicLog.log(BasicLog.java:74)
	at com.topcoder.management.deliverable.PersistenceUploadManager.persistenceUploadManagerHelper(PersistenceUploadManager.java:966)
	at com.topcoder.management.deliverable.PersistenceUploadManager.createSubmissionType(PersistenceUploadManager.java:847)
	at com.topcoder.management.deliverable.stresstests.StressTestPersistenceUploadManager.testCreateSubmissionType(StressTestPersistenceUploadManager.java:501)
	at com.topcoder.management.deliverable.stresstests.StressTestPersistenceUploadManager.testGetAllSubmissionTypees(StressTestPersistenceUploadManager.java:134)
	at sun.reflect.NativeMethodAccessorImpl.invoke0(Native Method)
	at sun.reflect.NativeMethodAccessorImpl.invoke(NativeMethodAccessorImpl.java:57)
	at sun.reflect.DelegatingMethodAccessorImpl.invoke(DelegatingMethodAccessorImpl.java:43)
	at java.lang.reflect.Method.invoke(Method.java:616)
	at junit.framework.TestCase.runTest(TestCase.java:168)
	at junit.framework.TestCase.runBare(TestCase.java:134)
	at junit.framework.TestResult$1.protect(TestResult.java:110)
	at junit.framework.TestResult.runProtected(TestResult.java:128)
	at junit.framework.TestResult.run(TestResult.java:113)
	at junit.framework.TestCase.run(TestCase.java:124)
	at junit.framework.TestSuite.runTest(TestSuite.java:232)
	at junit.framework.TestSuite.run(TestSuite.java:227)
	at junit.framework.TestSuite.runTest(TestSuite.java:232)
	at junit.framework.TestSuite.run(TestSuite.java:227)
	at junit.framework.TestSuite.runTest(TestSuite.java:232)
	at junit.framework.TestSuite.run(TestSuite.java:227)
	at org.apache.tools.ant.taskdefs.optional.junit.JUnitTestRunner.run(JUnitTestRunner.java:420)
	at org.apache.tools.ant.taskdefs.optional.junit.JUnitTestRunner.launch(JUnitTestRunner.java:911)
	at org.apache.tools.ant.taskdefs.optional.junit.JUnitTestRunner.main(JUnitTestRunner.java:768)
generate next id from the idGenerator:submission_type_id_seq
com.topcoder.util.config.UnknownNamespaceException: com.topcoder.util.log is unknown
	at com.topcoder.util.config.DefaultConfigManager.getPropertyObject(DefaultConfigManager.java:429)
	at com.topcoder.util.config.DefaultConfigManager.getString(DefaultConfigManager.java:449)
	at com.topcoder.util.log.LogFactory.getAttribute(LogFactory.java:224)
	at com.topcoder.util.log.basic.BasicLog.log(BasicLog.java:74)
	at com.topcoder.management.deliverable.PersistenceUploadManager.createSubmissionType(PersistenceUploadManager.java:845)
	at com.topcoder.management.deliverable.stresstests.StressTestPersistenceUploadManager.testCreateSubmissionType(StressTestPersistenceUploadManager.java:501)
	at com.topcoder.management.deliverable.stresstests.StressTestPersistenceUploadManager.testGetAllSubmissionTypees(StressTestPersistenceUploadManager.java:134)
	at sun.reflect.NativeMethodAccessorImpl.invoke0(Native Method)
	at sun.reflect.NativeMethodAccessorImpl.invoke(NativeMethodAccessorImpl.java:57)
	at sun.reflect.DelegatingMethodAccessorImpl.invoke(DelegatingMethodAccessorImpl.java:43)
	at java.lang.reflect.Method.invoke(Method.java:616)
	at junit.framework.TestCase.runTest(TestCase.java:168)
	at junit.framework.TestCase.runBare(TestCase.java:134)
	at junit.framework.TestResult$1.protect(TestResult.java:110)
	at junit.framework.TestResult.runProtected(TestResult.java:128)
	at junit.framework.TestResult.run(TestResult.java:113)
	at junit.framework.TestCase.run(TestCase.java:124)
	at junit.framework.TestSuite.runTest(TestSuite.java:232)
	at junit.framework.TestSuite.run(TestSuite.java:227)
	at junit.framework.TestSuite.runTest(TestSuite.java:232)
	at junit.framework.TestSuite.run(TestSuite.java:227)
	at junit.framework.TestSuite.runTest(TestSuite.java:232)
	at junit.framework.TestSuite.run(TestSuite.java:227)
	at org.apache.tools.ant.taskdefs.optional.junit.JUnitTestRunner.run(JUnitTestRunner.java:420)
	at org.apache.tools.ant.taskdefs.optional.junit.JUnitTestRunner.launch(JUnitTestRunner.java:911)
	at org.apache.tools.ant.taskdefs.optional.junit.JUnitTestRunner.main(JUnitTestRunner.java:768)
type: SubmissionType id: Unknown operator:stress - Create new SubmissionType.
com.topcoder.util.config.UnknownNamespaceException: com.topcoder.util.log is unknown
	at com.topcoder.util.config.DefaultConfigManager.getPropertyObject(DefaultConfigManager.java:429)
	at com.topcoder.util.config.DefaultConfigManager.getString(DefaultConfigManager.java:449)
	at com.topcoder.util.log.LogFactory.getAttribute(LogFactory.java:224)
	at com.topcoder.util.log.basic.BasicLog.log(BasicLog.java:74)
	at com.topcoder.management.deliverable.PersistenceUploadManager.persistenceUploadManagerHelper(PersistenceUploadManager.java:966)
	at com.topcoder.management.deliverable.PersistenceUploadManager.createSubmissionType(PersistenceUploadManager.java:847)
	at com.topcoder.management.deliverable.stresstests.StressTestPersistenceUploadManager.testCreateSubmissionType(StressTestPersistenceUploadManager.java:501)
	at com.topcoder.management.deliverable.stresstests.StressTestPersistenceUploadManager.testGetAllSubmissionTypees(StressTestPersistenceUploadManager.java:134)
	at sun.reflect.NativeMethodAccessorImpl.invoke0(Native Method)
	at sun.reflect.NativeMethodAccessorImpl.invoke(NativeMethodAccessorImpl.java:57)
	at sun.reflect.DelegatingMethodAccessorImpl.invoke(DelegatingMethodAccessorImpl.java:43)
	at java.lang.reflect.Method.invoke(Method.java:616)
	at junit.framework.TestCase.runTest(TestCase.java:168)
	at junit.framework.TestCase.runBare(TestCase.java:134)
	at junit.framework.TestResult$1.protect(TestResult.java:110)
	at junit.framework.TestResult.runProtected(TestResult.java:128)
	at junit.framework.TestResult.run(TestResult.java:113)
	at junit.framework.TestCase.run(TestCase.java:124)
	at junit.framework.TestSuite.runTest(TestSuite.java:232)
	at junit.framework.TestSuite.run(TestSuite.java:227)
	at junit.framework.TestSuite.runTest(TestSuite.java:232)
	at junit.framework.TestSuite.run(TestSuite.java:227)
	at junit.framework.TestSuite.runTest(TestSuite.java:232)
	at junit.framework.TestSuite.run(TestSuite.java:227)
	at org.apache.tools.ant.taskdefs.optional.junit.JUnitTestRunner.run(JUnitTestRunner.java:420)
	at org.apache.tools.ant.taskdefs.optional.junit.JUnitTestRunner.launch(JUnitTestRunner.java:911)
	at org.apache.tools.ant.taskdefs.optional.junit.JUnitTestRunner.main(JUnitTestRunner.java:768)
generate next id from the idGenerator:submission_type_id_seq
com.topcoder.util.config.UnknownNamespaceException: com.topcoder.util.log is unknown
	at com.topcoder.util.config.DefaultConfigManager.getPropertyObject(DefaultConfigManager.java:429)
	at com.topcoder.util.config.DefaultConfigManager.getString(DefaultConfigManager.java:449)
	at com.topcoder.util.log.LogFactory.getAttribute(LogFactory.java:224)
	at com.topcoder.util.log.basic.BasicLog.log(BasicLog.java:74)
	at com.topcoder.management.deliverable.stresstests.StressTestPersistenceUploadManager.testGetAllSubmissionTypees(StressTestPersistenceUploadManager.java:139)
	at sun.reflect.NativeMethodAccessorImpl.invoke0(Native Method)
	at sun.reflect.NativeMethodAccessorImpl.invoke(NativeMethodAccessorImpl.java:57)
	at sun.reflect.DelegatingMethodAccessorImpl.invoke(DelegatingMethodAccessorImpl.java:43)
	at java.lang.reflect.Method.invoke(Method.java:616)
	at junit.framework.TestCase.runTest(TestCase.java:168)
	at junit.framework.TestCase.runBare(TestCase.java:134)
	at junit.framework.TestResult$1.protect(TestResult.java:110)
	at junit.framework.TestResult.runProtected(TestResult.java:128)
	at junit.framework.TestResult.run(TestResult.java:113)
	at junit.framework.TestCase.run(TestCase.java:124)
	at junit.framework.TestSuite.runTest(TestSuite.java:232)
	at junit.framework.TestSuite.run(TestSuite.java:227)
	at junit.framework.TestSuite.runTest(TestSuite.java:232)
	at junit.framework.TestSuite.run(TestSuite.java:227)
	at junit.framework.TestSuite.runTest(TestSuite.java:232)
	at junit.framework.TestSuite.run(TestSuite.java:227)
	at org.apache.tools.ant.taskdefs.optional.junit.JUnitTestRunner.run(JUnitTestRunner.java:420)
	at org.apache.tools.ant.taskdefs.optional.junit.JUnitTestRunner.launch(JUnitTestRunner.java:911)
	at org.apache.tools.ant.taskdefs.optional.junit.JUnitTestRunner.main(JUnitTestRunner.java:768)
Getting All Submission Typees Try Number: 0
com.topcoder.util.config.UnknownNamespaceException: com.topcoder.util.log is unknown
	at com.topcoder.util.config.DefaultConfigManager.getPropertyObject(DefaultConfigManager.java:429)
	at com.topcoder.util.config.DefaultConfigManager.getString(DefaultConfigManager.java:449)
	at com.topcoder.util.log.LogFactory.getAttribute(LogFactory.java:224)
	at com.topcoder.util.log.basic.BasicLog.log(BasicLog.java:74)
	at com.topcoder.management.deliverable.PersistenceUploadManager.getAllSubmissionTypes(PersistenceUploadManager.java:920)
	at com.topcoder.management.deliverable.stresstests.StressTestPersistenceUploadManager.testGetAllSubmissionTypees(StressTestPersistenceUploadManager.java:143)
	at sun.reflect.NativeMethodAccessorImpl.invoke0(Native Method)
	at sun.reflect.NativeMethodAccessorImpl.invoke(NativeMethodAccessorImpl.java:57)
	at sun.reflect.DelegatingMethodAccessorImpl.invoke(DelegatingMethodAccessorImpl.java:43)
	at java.lang.reflect.Method.invoke(Method.java:616)
	at junit.framework.TestCase.runTest(TestCase.java:168)
	at junit.framework.TestCase.runBare(TestCase.java:134)
	at junit.framework.TestResult$1.protect(TestResult.java:110)
	at junit.framework.TestResult.runProtected(TestResult.java:128)
	at junit.framework.TestResult.run(TestResult.java:113)
	at junit.framework.TestCase.run(TestCase.java:124)
	at junit.framework.TestSuite.runTest(TestSuite.java:232)
	at junit.framework.TestSuite.run(TestSuite.java:227)
	at junit.framework.TestSuite.runTest(TestSuite.java:232)
	at junit.framework.TestSuite.run(TestSuite.java:227)
	at junit.framework.TestSuite.runTest(TestSuite.java:232)
	at junit.framework.TestSuite.run(TestSuite.java:227)
	at org.apache.tools.ant.taskdefs.optional.junit.JUnitTestRunner.run(JUnitTestRunner.java:420)
	at org.apache.tools.ant.taskdefs.optional.junit.JUnitTestRunner.launch(JUnitTestRunner.java:911)
	at org.apache.tools.ant.taskdefs.optional.junit.JUnitTestRunner.main(JUnitTestRunner.java:768)
Get all submission types, delegate to persistence.
com.topcoder.util.config.UnknownNamespaceException: com.topcoder.util.log is unknown
	at com.topcoder.util.config.DefaultConfigManager.getPropertyObject(DefaultConfigManager.java:429)
	at com.topcoder.util.config.DefaultConfigManager.getString(DefaultConfigManager.java:449)
	at com.topcoder.util.log.LogFactory.getAttribute(LogFactory.java:224)
	at com.topcoder.util.log.basic.BasicLog.log(BasicLog.java:74)
	at com.topcoder.management.deliverable.persistence.sql.MyUploadPersistence.loadSubmissionTypes(MyUploadPersistence.java:1332)
	at com.topcoder.management.deliverable.PersistenceUploadManager.getAllSubmissionTypes(PersistenceUploadManager.java:922)
	at com.topcoder.management.deliverable.stresstests.StressTestPersistenceUploadManager.testGetAllSubmissionTypees(StressTestPersistenceUploadManager.java:143)
	at sun.reflect.NativeMethodAccessorImpl.invoke0(Native Method)
	at sun.reflect.NativeMethodAccessorImpl.invoke(NativeMethodAccessorImpl.java:57)
	at sun.reflect.DelegatingMethodAccessorImpl.invoke(DelegatingMethodAccessorImpl.java:43)
	at java.lang.reflect.Method.invoke(Method.java:616)
	at junit.framework.TestCase.runTest(TestCase.java:168)
	at junit.framework.TestCase.runBare(TestCase.java:134)
	at junit.framework.TestResult$1.protect(TestResult.java:110)
	at junit.framework.TestResult.runProtected(TestResult.java:128)
	at junit.framework.TestResult.run(TestResult.java:113)
	at junit.framework.TestCase.run(TestCase.java:124)
	at junit.framework.TestSuite.runTest(TestSuite.java:232)
	at junit.framework.TestSuite.run(TestSuite.java:227)
	at junit.framework.TestSuite.runTest(TestSuite.java:232)
	at junit.framework.TestSuite.run(TestSuite.java:227)
	at junit.framework.TestSuite.runTest(TestSuite.java:232)
	at junit.framework.TestSuite.run(TestSuite.java:227)
	at org.apache.tools.ant.taskdefs.optional.junit.JUnitTestRunner.run(JUnitTestRunner.java:420)
	at org.apache.tools.ant.taskdefs.optional.junit.JUnitTestRunner.launch(JUnitTestRunner.java:911)
	at org.apache.tools.ant.taskdefs.optional.junit.JUnitTestRunner.main(JUnitTestRunner.java:768)
loadSubmissionTypes - Creating Query: 7
com.topcoder.util.config.UnknownNamespaceException: com.topcoder.util.log is unknown
	at com.topcoder.util.config.DefaultConfigManager.getPropertyObject(DefaultConfigManager.java:429)
	at com.topcoder.util.config.DefaultConfigManager.getString(DefaultConfigManager.java:449)
	at com.topcoder.util.log.LogFactory.getAttribute(LogFactory.java:224)
	at com.topcoder.util.log.basic.BasicLog.log(BasicLog.java:74)
	at com.topcoder.management.deliverable.persistence.sql.MyUploadPersistence.loadSubmissionTypes(MyUploadPersistence.java:1336)
	at com.topcoder.management.deliverable.PersistenceUploadManager.getAllSubmissionTypes(PersistenceUploadManager.java:922)
	at com.topcoder.management.deliverable.stresstests.StressTestPersistenceUploadManager.testGetAllSubmissionTypees(StressTestPersistenceUploadManager.java:143)
	at sun.reflect.NativeMethodAccessorImpl.invoke0(Native Method)
	at sun.reflect.NativeMethodAccessorImpl.invoke(NativeMethodAccessorImpl.java:57)
	at sun.reflect.DelegatingMethodAccessorImpl.invoke(DelegatingMethodAccessorImpl.java:43)
	at java.lang.reflect.Method.invoke(Method.java:616)
	at junit.framework.TestCase.runTest(TestCase.java:168)
	at junit.framework.TestCase.runBare(TestCase.java:134)
	at junit.framework.TestResult$1.protect(TestResult.java:110)
	at junit.framework.TestResult.runProtected(TestResult.java:128)
	at junit.framework.TestResult.run(TestResult.java:113)
	at junit.framework.TestCase.run(TestCase.java:124)
	at junit.framework.TestSuite.runTest(TestSuite.java:232)
	at junit.framework.TestSuite.run(TestSuite.java:227)
	at junit.framework.TestSuite.runTest(TestSuite.java:232)
	at junit.framework.TestSuite.run(TestSuite.java:227)
	at junit.framework.TestSuite.runTest(TestSuite.java:232)
	at junit.framework.TestSuite.run(TestSuite.java:227)
	at org.apache.tools.ant.taskdefs.optional.junit.JUnitTestRunner.run(JUnitTestRunner.java:420)
	at org.apache.tools.ant.taskdefs.optional.junit.JUnitTestRunner.launch(JUnitTestRunner.java:911)
	at org.apache.tools.ant.taskdefs.optional.junit.JUnitTestRunner.main(JUnitTestRunner.java:768)
loadSubmissionStatuses - Processing Query
com.topcoder.util.config.UnknownNamespaceException: com.topcoder.util.log is unknown
	at com.topcoder.util.config.DefaultConfigManager.getPropertyObject(DefaultConfigManager.java:429)
	at com.topcoder.util.config.DefaultConfigManager.getString(DefaultConfigManager.java:449)
	at com.topcoder.util.log.LogFactory.getAttribute(LogFactory.java:224)
	at com.topcoder.util.log.basic.BasicLog.log(BasicLog.java:74)
	at com.topcoder.management.deliverable.persistence.sql.MyUploadPersistence.loadSubmissionTypes(MyUploadPersistence.java:1340)
	at com.topcoder.management.deliverable.PersistenceUploadManager.getAllSubmissionTypes(PersistenceUploadManager.java:922)
	at com.topcoder.management.deliverable.stresstests.StressTestPersistenceUploadManager.testGetAllSubmissionTypees(StressTestPersistenceUploadManager.java:143)
	at sun.reflect.NativeMethodAccessorImpl.invoke0(Native Method)
	at sun.reflect.NativeMethodAccessorImpl.invoke(NativeMethodAccessorImpl.java:57)
	at sun.reflect.DelegatingMethodAccessorImpl.invoke(DelegatingMethodAccessorImpl.java:43)
	at java.lang.reflect.Method.invoke(Method.java:616)
	at junit.framework.TestCase.runTest(TestCase.java:168)
	at junit.framework.TestCase.runBare(TestCase.java:134)
	at junit.framework.TestResult$1.protect(TestResult.java:110)
	at junit.framework.TestResult.runProtected(TestResult.java:128)
	at junit.framework.TestResult.run(TestResult.java:113)
	at junit.framework.TestCase.run(TestCase.java:124)
	at junit.framework.TestSuite.runTest(TestSuite.java:232)
	at junit.framework.TestSuite.run(TestSuite.java:227)
	at junit.framework.TestSuite.runTest(TestSuite.java:232)
	at junit.framework.TestSuite.run(TestSuite.java:227)
	at junit.framework.TestSuite.runTest(TestSuite.java:232)
	at junit.framework.TestSuite.run(TestSuite.java:227)
	at org.apache.tools.ant.taskdefs.optional.junit.JUnitTestRunner.run(JUnitTestRunner.java:420)
	at org.apache.tools.ant.taskdefs.optional.junit.JUnitTestRunner.launch(JUnitTestRunner.java:911)
	at org.apache.tools.ant.taskdefs.optional.junit.JUnitTestRunner.main(JUnitTestRunner.java:768)
loadSubmissionStatuses - Query Processed
com.topcoder.util.config.UnknownNamespaceException: com.topcoder.util.log is unknown
	at com.topcoder.util.config.DefaultConfigManager.getPropertyObject(DefaultConfigManager.java:429)
	at com.topcoder.util.config.DefaultConfigManager.getString(DefaultConfigManager.java:449)
	at com.topcoder.util.log.LogFactory.getAttribute(LogFactory.java:224)
	at com.topcoder.util.log.basic.BasicLog.log(BasicLog.java:74)
	at com.topcoder.management.deliverable.stresstests.StressTestPersistenceUploadManager.testGetAllSubmissionTypees(StressTestPersistenceUploadManager.java:139)
	at sun.reflect.NativeMethodAccessorImpl.invoke0(Native Method)
	at sun.reflect.NativeMethodAccessorImpl.invoke(NativeMethodAccessorImpl.java:57)
	at sun.reflect.DelegatingMethodAccessorImpl.invoke(DelegatingMethodAccessorImpl.java:43)
	at java.lang.reflect.Method.invoke(Method.java:616)
	at junit.framework.TestCase.runTest(TestCase.java:168)
	at junit.framework.TestCase.runBare(TestCase.java:134)
	at junit.framework.TestResult$1.protect(TestResult.java:110)
	at junit.framework.TestResult.runProtected(TestResult.java:128)
	at junit.framework.TestResult.run(TestResult.java:113)
	at junit.framework.TestCase.run(TestCase.java:124)
	at junit.framework.TestSuite.runTest(TestSuite.java:232)
	at junit.framework.TestSuite.run(TestSuite.java:227)
	at junit.framework.TestSuite.runTest(TestSuite.java:232)
	at junit.framework.TestSuite.run(TestSuite.java:227)
	at junit.framework.TestSuite.runTest(TestSuite.java:232)
	at junit.framework.TestSuite.run(TestSuite.java:227)
	at org.apache.tools.ant.taskdefs.optional.junit.JUnitTestRunner.run(JUnitTestRunner.java:420)
	at org.apache.tools.ant.taskdefs.optional.junit.JUnitTestRunner.launch(JUnitTestRunner.java:911)
	at org.apache.tools.ant.taskdefs.optional.junit.JUnitTestRunner.main(JUnitTestRunner.java:768)
Getting All Submission Typees Try Number: 1
com.topcoder.util.config.UnknownNamespaceException: com.topcoder.util.log is unknown
	at com.topcoder.util.config.DefaultConfigManager.getPropertyObject(DefaultConfigManager.java:429)
	at com.topcoder.util.config.DefaultConfigManager.getString(DefaultConfigManager.java:449)
	at com.topcoder.util.log.LogFactory.getAttribute(LogFactory.java:224)
	at com.topcoder.util.log.basic.BasicLog.log(BasicLog.java:74)
	at com.topcoder.management.deliverable.PersistenceUploadManager.getAllSubmissionTypes(PersistenceUploadManager.java:920)
	at com.topcoder.management.deliverable.stresstests.StressTestPersistenceUploadManager.testGetAllSubmissionTypees(StressTestPersistenceUploadManager.java:143)
	at sun.reflect.NativeMethodAccessorImpl.invoke0(Native Method)
	at sun.reflect.NativeMethodAccessorImpl.invoke(NativeMethodAccessorImpl.java:57)
	at sun.reflect.DelegatingMethodAccessorImpl.invoke(DelegatingMethodAccessorImpl.java:43)
	at java.lang.reflect.Method.invoke(Method.java:616)
	at junit.framework.TestCase.runTest(TestCase.java:168)
	at junit.framework.TestCase.runBare(TestCase.java:134)
	at junit.framework.TestResult$1.protect(TestResult.java:110)
	at junit.framework.TestResult.runProtected(TestResult.java:128)
	at junit.framework.TestResult.run(TestResult.java:113)
	at junit.framework.TestCase.run(TestCase.java:124)
	at junit.framework.TestSuite.runTest(TestSuite.java:232)
	at junit.framework.TestSuite.run(TestSuite.java:227)
	at junit.framework.TestSuite.runTest(TestSuite.java:232)
	at junit.framework.TestSuite.run(TestSuite.java:227)
	at junit.framework.TestSuite.runTest(TestSuite.java:232)
	at junit.framework.TestSuite.run(TestSuite.java:227)
	at org.apache.tools.ant.taskdefs.optional.junit.JUnitTestRunner.run(JUnitTestRunner.java:420)
	at org.apache.tools.ant.taskdefs.optional.junit.JUnitTestRunner.launch(JUnitTestRunner.java:911)
	at org.apache.tools.ant.taskdefs.optional.junit.JUnitTestRunner.main(JUnitTestRunner.java:768)
Get all submission types, delegate to persistence.
com.topcoder.util.config.UnknownNamespaceException: com.topcoder.util.log is unknown
	at com.topcoder.util.config.DefaultConfigManager.getPropertyObject(DefaultConfigManager.java:429)
	at com.topcoder.util.config.DefaultConfigManager.getString(DefaultConfigManager.java:449)
	at com.topcoder.util.log.LogFactory.getAttribute(LogFactory.java:224)
	at com.topcoder.util.log.basic.BasicLog.log(BasicLog.java:74)
	at com.topcoder.management.deliverable.persistence.sql.MyUploadPersistence.loadSubmissionTypes(MyUploadPersistence.java:1332)
	at com.topcoder.management.deliverable.PersistenceUploadManager.getAllSubmissionTypes(PersistenceUploadManager.java:922)
	at com.topcoder.management.deliverable.stresstests.StressTestPersistenceUploadManager.testGetAllSubmissionTypees(StressTestPersistenceUploadManager.java:143)
	at sun.reflect.NativeMethodAccessorImpl.invoke0(Native Method)
	at sun.reflect.NativeMethodAccessorImpl.invoke(NativeMethodAccessorImpl.java:57)
	at sun.reflect.DelegatingMethodAccessorImpl.invoke(DelegatingMethodAccessorImpl.java:43)
	at java.lang.reflect.Method.invoke(Method.java:616)
	at junit.framework.TestCase.runTest(TestCase.java:168)
	at junit.framework.TestCase.runBare(TestCase.java:134)
	at junit.framework.TestResult$1.protect(TestResult.java:110)
	at junit.framework.TestResult.runProtected(TestResult.java:128)
	at junit.framework.TestResult.run(TestResult.java:113)
	at junit.framework.TestCase.run(TestCase.java:124)
	at junit.framework.TestSuite.runTest(TestSuite.java:232)
	at junit.framework.TestSuite.run(TestSuite.java:227)
	at junit.framework.TestSuite.runTest(TestSuite.java:232)
	at junit.framework.TestSuite.run(TestSuite.java:227)
	at junit.framework.TestSuite.runTest(TestSuite.java:232)
	at junit.framework.TestSuite.run(TestSuite.java:227)
	at org.apache.tools.ant.taskdefs.optional.junit.JUnitTestRunner.run(JUnitTestRunner.java:420)
	at org.apache.tools.ant.taskdefs.optional.junit.JUnitTestRunner.launch(JUnitTestRunner.java:911)
	at org.apache.tools.ant.taskdefs.optional.junit.JUnitTestRunner.main(JUnitTestRunner.java:768)
loadSubmissionTypes - Creating Query: 7
com.topcoder.util.config.UnknownNamespaceException: com.topcoder.util.log is unknown
	at com.topcoder.util.config.DefaultConfigManager.getPropertyObject(DefaultConfigManager.java:429)
	at com.topcoder.util.config.DefaultConfigManager.getString(DefaultConfigManager.java:449)
	at com.topcoder.util.log.LogFactory.getAttribute(LogFactory.java:224)
	at com.topcoder.util.log.basic.BasicLog.log(BasicLog.java:74)
	at com.topcoder.management.deliverable.persistence.sql.MyUploadPersistence.loadSubmissionTypes(MyUploadPersistence.java:1336)
	at com.topcoder.management.deliverable.PersistenceUploadManager.getAllSubmissionTypes(PersistenceUploadManager.java:922)
	at com.topcoder.management.deliverable.stresstests.StressTestPersistenceUploadManager.testGetAllSubmissionTypees(StressTestPersistenceUploadManager.java:143)
	at sun.reflect.NativeMethodAccessorImpl.invoke0(Native Method)
	at sun.reflect.NativeMethodAccessorImpl.invoke(NativeMethodAccessorImpl.java:57)
	at sun.reflect.DelegatingMethodAccessorImpl.invoke(DelegatingMethodAccessorImpl.java:43)
	at java.lang.reflect.Method.invoke(Method.java:616)
	at junit.framework.TestCase.runTest(TestCase.java:168)
	at junit.framework.TestCase.runBare(TestCase.java:134)
	at junit.framework.TestResult$1.protect(TestResult.java:110)
	at junit.framework.TestResult.runProtected(TestResult.java:128)
	at junit.framework.TestResult.run(TestResult.java:113)
	at junit.framework.TestCase.run(TestCase.java:124)
	at junit.framework.TestSuite.runTest(TestSuite.java:232)
	at junit.framework.TestSuite.run(TestSuite.java:227)
	at junit.framework.TestSuite.runTest(TestSuite.java:232)
	at junit.framework.TestSuite.run(TestSuite.java:227)
	at junit.framework.TestSuite.runTest(TestSuite.java:232)
	at junit.framework.TestSuite.run(TestSuite.java:227)
	at org.apache.tools.ant.taskdefs.optional.junit.JUnitTestRunner.run(JUnitTestRunner.java:420)
	at org.apache.tools.ant.taskdefs.optional.junit.JUnitTestRunner.launch(JUnitTestRunner.java:911)
	at org.apache.tools.ant.taskdefs.optional.junit.JUnitTestRunner.main(JUnitTestRunner.java:768)
loadSubmissionStatuses - Processing Query
com.topcoder.util.config.UnknownNamespaceException: com.topcoder.util.log is unknown
	at com.topcoder.util.config.DefaultConfigManager.getPropertyObject(DefaultConfigManager.java:429)
	at com.topcoder.util.config.DefaultConfigManager.getString(DefaultConfigManager.java:449)
	at com.topcoder.util.log.LogFactory.getAttribute(LogFactory.java:224)
	at com.topcoder.util.log.basic.BasicLog.log(BasicLog.java:74)
	at com.topcoder.management.deliverable.persistence.sql.MyUploadPersistence.loadSubmissionTypes(MyUploadPersistence.java:1340)
	at com.topcoder.management.deliverable.PersistenceUploadManager.getAllSubmissionTypes(PersistenceUploadManager.java:922)
	at com.topcoder.management.deliverable.stresstests.StressTestPersistenceUploadManager.testGetAllSubmissionTypees(StressTestPersistenceUploadManager.java:143)
	at sun.reflect.NativeMethodAccessorImpl.invoke0(Native Method)
	at sun.reflect.NativeMethodAccessorImpl.invoke(NativeMethodAccessorImpl.java:57)
	at sun.reflect.DelegatingMethodAccessorImpl.invoke(DelegatingMethodAccessorImpl.java:43)
	at java.lang.reflect.Method.invoke(Method.java:616)
	at junit.framework.TestCase.runTest(TestCase.java:168)
	at junit.framework.TestCase.runBare(TestCase.java:134)
	at junit.framework.TestResult$1.protect(TestResult.java:110)
	at junit.framework.TestResult.runProtected(TestResult.java:128)
	at junit.framework.TestResult.run(TestResult.java:113)
	at junit.framework.TestCase.run(TestCase.java:124)
	at junit.framework.TestSuite.runTest(TestSuite.java:232)
	at junit.framework.TestSuite.run(TestSuite.java:227)
	at junit.framework.TestSuite.runTest(TestSuite.java:232)
	at junit.framework.TestSuite.run(TestSuite.java:227)
	at junit.framework.TestSuite.runTest(TestSuite.java:232)
	at junit.framework.TestSuite.run(TestSuite.java:227)
	at org.apache.tools.ant.taskdefs.optional.junit.JUnitTestRunner.run(JUnitTestRunner.java:420)
	at org.apache.tools.ant.taskdefs.optional.junit.JUnitTestRunner.launch(JUnitTestRunner.java:911)
	at org.apache.tools.ant.taskdefs.optional.junit.JUnitTestRunner.main(JUnitTestRunner.java:768)
loadSubmissionStatuses - Query Processed
com.topcoder.util.config.UnknownNamespaceException: com.topcoder.util.log is unknown
	at com.topcoder.util.config.DefaultConfigManager.getPropertyObject(DefaultConfigManager.java:429)
	at com.topcoder.util.config.DefaultConfigManager.getString(DefaultConfigManager.java:449)
	at com.topcoder.util.log.LogFactory.getAttribute(LogFactory.java:224)
	at com.topcoder.util.log.basic.BasicLog.log(BasicLog.java:74)
	at com.topcoder.management.deliverable.stresstests.StressTestPersistenceUploadManager.testGetAllSubmissionTypees(StressTestPersistenceUploadManager.java:150)
	at sun.reflect.NativeMethodAccessorImpl.invoke0(Native Method)
	at sun.reflect.NativeMethodAccessorImpl.invoke(NativeMethodAccessorImpl.java:57)
	at sun.reflect.DelegatingMethodAccessorImpl.invoke(DelegatingMethodAccessorImpl.java:43)
	at java.lang.reflect.Method.invoke(Method.java:616)
	at junit.framework.TestCase.runTest(TestCase.java:168)
	at junit.framework.TestCase.runBare(TestCase.java:134)
	at junit.framework.TestResult$1.protect(TestResult.java:110)
	at junit.framework.TestResult.runProtected(TestResult.java:128)
	at junit.framework.TestResult.run(TestResult.java:113)
	at junit.framework.TestCase.run(TestCase.java:124)
	at junit.framework.TestSuite.runTest(TestSuite.java:232)
	at junit.framework.TestSuite.run(TestSuite.java:227)
	at junit.framework.TestSuite.runTest(TestSuite.java:232)
	at junit.framework.TestSuite.run(TestSuite.java:227)
	at junit.framework.TestSuite.runTest(TestSuite.java:232)
	at junit.framework.TestSuite.run(TestSuite.java:227)
	at org.apache.tools.ant.taskdefs.optional.junit.JUnitTestRunner.run(JUnitTestRunner.java:420)
	at org.apache.tools.ant.taskdefs.optional.junit.JUnitTestRunner.launch(JUnitTestRunner.java:911)
	at org.apache.tools.ant.taskdefs.optional.junit.JUnitTestRunner.main(JUnitTestRunner.java:768)
Invoke getAllSubmissionType for 10 times cost 0.064 seconds.
com.topcoder.util.config.UnknownNamespaceException: com.topcoder.util.log is unknown
	at com.topcoder.util.config.DefaultConfigManager.getPropertyObject(DefaultConfigManager.java:429)
	at com.topcoder.util.config.DefaultConfigManager.getString(DefaultConfigManager.java:449)
	at com.topcoder.util.log.LogFactory.getAttribute(LogFactory.java:224)
	at com.topcoder.util.log.basic.BasicLog.log(BasicLog.java:74)
	at com.topcoder.management.deliverable.stresstests.StressTestPersistenceUploadManager.tearDown(StressTestPersistenceUploadManager.java:121)
	at junit.framework.TestCase.runBare(TestCase.java:140)
	at junit.framework.TestResult$1.protect(TestResult.java:110)
	at junit.framework.TestResult.runProtected(TestResult.java:128)
	at junit.framework.TestResult.run(TestResult.java:113)
	at junit.framework.TestCase.run(TestCase.java:124)
	at junit.framework.TestSuite.runTest(TestSuite.java:232)
	at junit.framework.TestSuite.run(TestSuite.java:227)
	at junit.framework.TestSuite.runTest(TestSuite.java:232)
	at junit.framework.TestSuite.run(TestSuite.java:227)
	at junit.framework.TestSuite.runTest(TestSuite.java:232)
	at junit.framework.TestSuite.run(TestSuite.java:227)
	at org.apache.tools.ant.taskdefs.optional.junit.JUnitTestRunner.run(JUnitTestRunner.java:420)
	at org.apache.tools.ant.taskdefs.optional.junit.JUnitTestRunner.launch(JUnitTestRunner.java:911)
	at org.apache.tools.ant.taskdefs.optional.junit.JUnitTestRunner.main(JUnitTestRunner.java:768)
StressTestPersistenceUploadManager - tearDown - start
com.topcoder.util.config.UnknownNamespaceException: com.topcoder.util.log is unknown
	at com.topcoder.util.config.DefaultConfigManager.getPropertyObject(DefaultConfigManager.java:429)
	at com.topcoder.util.config.DefaultConfigManager.getString(DefaultConfigManager.java:449)
	at com.topcoder.util.log.LogFactory.getAttribute(LogFactory.java:224)
	at com.topcoder.util.log.basic.BasicLog.log(BasicLog.java:74)
	at com.topcoder.management.deliverable.stresstests.StressTestPersistenceUploadManager.tearDown(StressTestPersistenceUploadManager.java:126)
	at junit.framework.TestCase.runBare(TestCase.java:140)
	at junit.framework.TestResult$1.protect(TestResult.java:110)
	at junit.framework.TestResult.runProtected(TestResult.java:128)
	at junit.framework.TestResult.run(TestResult.java:113)
	at junit.framework.TestCase.run(TestCase.java:124)
	at junit.framework.TestSuite.runTest(TestSuite.java:232)
	at junit.framework.TestSuite.run(TestSuite.java:227)
	at junit.framework.TestSuite.runTest(TestSuite.java:232)
	at junit.framework.TestSuite.run(TestSuite.java:227)
	at junit.framework.TestSuite.runTest(TestSuite.java:232)
	at junit.framework.TestSuite.run(TestSuite.java:227)
	at org.apache.tools.ant.taskdefs.optional.junit.JUnitTestRunner.run(JUnitTestRunner.java:420)
	at org.apache.tools.ant.taskdefs.optional.junit.JUnitTestRunner.launch(JUnitTestRunner.java:911)
	at org.apache.tools.ant.taskdefs.optional.junit.JUnitTestRunner.main(JUnitTestRunner.java:768)
StressTestPersistenceUploadManager - tearDown - end
com.topcoder.util.config.UnknownNamespaceException: com.topcoder.util.log is unknown
	at com.topcoder.util.config.DefaultConfigManager.getPropertyObject(DefaultConfigManager.java:429)
	at com.topcoder.util.config.DefaultConfigManager.getString(DefaultConfigManager.java:449)
	at com.topcoder.util.log.LogFactory.getAttribute(LogFactory.java:224)
	at com.topcoder.util.log.basic.BasicLog.log(BasicLog.java:74)
	at com.topcoder.management.deliverable.stresstests.StressTestPersistenceUploadManager.setUp(StressTestPersistenceUploadManager.java:71)
	at junit.framework.TestCase.runBare(TestCase.java:132)
	at junit.framework.TestResult$1.protect(TestResult.java:110)
	at junit.framework.TestResult.runProtected(TestResult.java:128)
	at junit.framework.TestResult.run(TestResult.java:113)
	at junit.framework.TestCase.run(TestCase.java:124)
	at junit.framework.TestSuite.runTest(TestSuite.java:232)
	at junit.framework.TestSuite.run(TestSuite.java:227)
	at junit.framework.TestSuite.runTest(TestSuite.java:232)
	at junit.framework.TestSuite.run(TestSuite.java:227)
	at junit.framework.TestSuite.runTest(TestSuite.java:232)
	at junit.framework.TestSuite.run(TestSuite.java:227)
	at org.apache.tools.ant.taskdefs.optional.junit.JUnitTestRunner.run(JUnitTestRunner.java:420)
	at org.apache.tools.ant.taskdefs.optional.junit.JUnitTestRunner.launch(JUnitTestRunner.java:911)
	at org.apache.tools.ant.taskdefs.optional.junit.JUnitTestRunner.main(JUnitTestRunner.java:768)
StressTestPersistenceUploadManager - setUp - start
com.topcoder.util.config.UnknownNamespaceException: com.topcoder.util.log is unknown
	at com.topcoder.util.config.DefaultConfigManager.getPropertyObject(DefaultConfigManager.java:429)
	at com.topcoder.util.config.DefaultConfigManager.getString(DefaultConfigManager.java:449)
	at com.topcoder.util.log.LogFactory.getAttribute(LogFactory.java:224)
	at com.topcoder.util.log.basic.BasicLog.log(BasicLog.java:74)
	at com.topcoder.management.deliverable.PersistenceUploadManager.<init>(PersistenceUploadManager.java:260)
	at com.topcoder.management.deliverable.PersistenceUploadManager.<init>(PersistenceUploadManager.java:306)
	at com.topcoder.management.deliverable.stresstests.StressTestPersistenceUploadManager.setUp(StressTestPersistenceUploadManager.java:109)
	at junit.framework.TestCase.runBare(TestCase.java:132)
	at junit.framework.TestResult$1.protect(TestResult.java:110)
	at junit.framework.TestResult.runProtected(TestResult.java:128)
	at junit.framework.TestResult.run(TestResult.java:113)
	at junit.framework.TestCase.run(TestCase.java:124)
	at junit.framework.TestSuite.runTest(TestSuite.java:232)
	at junit.framework.TestSuite.run(TestSuite.java:227)
	at junit.framework.TestSuite.runTest(TestSuite.java:232)
	at junit.framework.TestSuite.run(TestSuite.java:227)
	at junit.framework.TestSuite.runTest(TestSuite.java:232)
	at junit.framework.TestSuite.run(TestSuite.java:227)
	at org.apache.tools.ant.taskdefs.optional.junit.JUnitTestRunner.run(JUnitTestRunner.java:420)
	at org.apache.tools.ant.taskdefs.optional.junit.JUnitTestRunner.launch(JUnitTestRunner.java:911)
	at org.apache.tools.ant.taskdefs.optional.junit.JUnitTestRunner.main(JUnitTestRunner.java:768)
Instantiate PersistenceUploadManager with UploadPersistence, uploadSearchBundle, submissionSearchBundle, uploadIdGenerator, uploadTypeIdGenerator, uploadStatusIdGenerator, submissionIDGenerator and submissionStatusIdGenerator.
com.topcoder.util.config.UnknownNamespaceException: com.topcoder.util.log is unknown
	at com.topcoder.util.config.DefaultConfigManager.getPropertyObject(DefaultConfigManager.java:429)
	at com.topcoder.util.config.DefaultConfigManager.getString(DefaultConfigManager.java:449)
	at com.topcoder.util.log.LogFactory.getAttribute(LogFactory.java:224)
	at com.topcoder.util.log.basic.BasicLog.log(BasicLog.java:74)
	at com.topcoder.management.deliverable.stresstests.StressTestPersistenceUploadManager.setUp(StressTestPersistenceUploadManager.java:111)
	at junit.framework.TestCase.runBare(TestCase.java:132)
	at junit.framework.TestResult$1.protect(TestResult.java:110)
	at junit.framework.TestResult.runProtected(TestResult.java:128)
	at junit.framework.TestResult.run(TestResult.java:113)
	at junit.framework.TestCase.run(TestCase.java:124)
	at junit.framework.TestSuite.runTest(TestSuite.java:232)
	at junit.framework.TestSuite.run(TestSuite.java:227)
	at junit.framework.TestSuite.runTest(TestSuite.java:232)
	at junit.framework.TestSuite.run(TestSuite.java:227)
	at junit.framework.TestSuite.runTest(TestSuite.java:232)
	at junit.framework.TestSuite.run(TestSuite.java:227)
	at org.apache.tools.ant.taskdefs.optional.junit.JUnitTestRunner.run(JUnitTestRunner.java:420)
	at org.apache.tools.ant.taskdefs.optional.junit.JUnitTestRunner.launch(JUnitTestRunner.java:911)
	at org.apache.tools.ant.taskdefs.optional.junit.JUnitTestRunner.main(JUnitTestRunner.java:768)
StressTestPersistenceUploadManager - setUp - end
com.topcoder.util.config.UnknownNamespaceException: com.topcoder.util.log is unknown
	at com.topcoder.util.config.DefaultConfigManager.getPropertyObject(DefaultConfigManager.java:429)
	at com.topcoder.util.config.DefaultConfigManager.getString(DefaultConfigManager.java:449)
	at com.topcoder.util.log.LogFactory.getAttribute(LogFactory.java:224)
	at com.topcoder.util.log.basic.BasicLog.log(BasicLog.java:74)
	at com.topcoder.management.deliverable.PersistenceUploadManager.createUploadType(PersistenceUploadManager.java:453)
	at com.topcoder.management.deliverable.stresstests.StressTestPersistenceUploadManager.testCreateUploadType(StressTestPersistenceUploadManager.java:594)
	at com.topcoder.management.deliverable.stresstests.StressTestPersistenceUploadManager.testCreateUpload(StressTestPersistenceUploadManager.java:616)
	at com.topcoder.management.deliverable.stresstests.StressTestPersistenceUploadManager.testCreateSubmission(StressTestPersistenceUploadManager.java:159)
	at com.topcoder.management.deliverable.stresstests.StressTestPersistenceUploadManager.testSearchSubmissions(StressTestPersistenceUploadManager.java:264)
	at sun.reflect.NativeMethodAccessorImpl.invoke0(Native Method)
	at sun.reflect.NativeMethodAccessorImpl.invoke(NativeMethodAccessorImpl.java:57)
	at sun.reflect.DelegatingMethodAccessorImpl.invoke(DelegatingMethodAccessorImpl.java:43)
	at java.lang.reflect.Method.invoke(Method.java:616)
	at junit.framework.TestCase.runTest(TestCase.java:168)
	at junit.framework.TestCase.runBare(TestCase.java:134)
	at junit.framework.TestResult$1.protect(TestResult.java:110)
	at junit.framework.TestResult.runProtected(TestResult.java:128)
	at junit.framework.TestResult.run(TestResult.java:113)
	at junit.framework.TestCase.run(TestCase.java:124)
	at junit.framework.TestSuite.runTest(TestSuite.java:232)
	at junit.framework.TestSuite.run(TestSuite.java:227)
	at junit.framework.TestSuite.runTest(TestSuite.java:232)
	at junit.framework.TestSuite.run(TestSuite.java:227)
	at junit.framework.TestSuite.runTest(TestSuite.java:232)
	at junit.framework.TestSuite.run(TestSuite.java:227)
	at org.apache.tools.ant.taskdefs.optional.junit.JUnitTestRunner.run(JUnitTestRunner.java:420)
	at org.apache.tools.ant.taskdefs.optional.junit.JUnitTestRunner.launch(JUnitTestRunner.java:911)
	at org.apache.tools.ant.taskdefs.optional.junit.JUnitTestRunner.main(JUnitTestRunner.java:768)
type: UploadType id: Unknown operator:stress - Create new UploadType.
com.topcoder.util.config.UnknownNamespaceException: com.topcoder.util.log is unknown
	at com.topcoder.util.config.DefaultConfigManager.getPropertyObject(DefaultConfigManager.java:429)
	at com.topcoder.util.config.DefaultConfigManager.getString(DefaultConfigManager.java:449)
	at com.topcoder.util.log.LogFactory.getAttribute(LogFactory.java:224)
	at com.topcoder.util.log.basic.BasicLog.log(BasicLog.java:74)
	at com.topcoder.management.deliverable.PersistenceUploadManager.persistenceUploadManagerHelper(PersistenceUploadManager.java:966)
	at com.topcoder.management.deliverable.PersistenceUploadManager.createUploadType(PersistenceUploadManager.java:454)
	at com.topcoder.management.deliverable.stresstests.StressTestPersistenceUploadManager.testCreateUploadType(StressTestPersistenceUploadManager.java:594)
	at com.topcoder.management.deliverable.stresstests.StressTestPersistenceUploadManager.testCreateUpload(StressTestPersistenceUploadManager.java:616)
	at com.topcoder.management.deliverable.stresstests.StressTestPersistenceUploadManager.testCreateSubmission(StressTestPersistenceUploadManager.java:159)
	at com.topcoder.management.deliverable.stresstests.StressTestPersistenceUploadManager.testSearchSubmissions(StressTestPersistenceUploadManager.java:264)
	at sun.reflect.NativeMethodAccessorImpl.invoke0(Native Method)
	at sun.reflect.NativeMethodAccessorImpl.invoke(NativeMethodAccessorImpl.java:57)
	at sun.reflect.DelegatingMethodAccessorImpl.invoke(DelegatingMethodAccessorImpl.java:43)
	at java.lang.reflect.Method.invoke(Method.java:616)
	at junit.framework.TestCase.runTest(TestCase.java:168)
	at junit.framework.TestCase.runBare(TestCase.java:134)
	at junit.framework.TestResult$1.protect(TestResult.java:110)
	at junit.framework.TestResult.runProtected(TestResult.java:128)
	at junit.framework.TestResult.run(TestResult.java:113)
	at junit.framework.TestCase.run(TestCase.java:124)
	at junit.framework.TestSuite.runTest(TestSuite.java:232)
	at junit.framework.TestSuite.run(TestSuite.java:227)
	at junit.framework.TestSuite.runTest(TestSuite.java:232)
	at junit.framework.TestSuite.run(TestSuite.java:227)
	at junit.framework.TestSuite.runTest(TestSuite.java:232)
	at junit.framework.TestSuite.run(TestSuite.java:227)
	at org.apache.tools.ant.taskdefs.optional.junit.JUnitTestRunner.run(JUnitTestRunner.java:420)
	at org.apache.tools.ant.taskdefs.optional.junit.JUnitTestRunner.launch(JUnitTestRunner.java:911)
	at org.apache.tools.ant.taskdefs.optional.junit.JUnitTestRunner.main(JUnitTestRunner.java:768)
generate next id from the idGenerator:upload_type_id_seq
com.topcoder.util.config.UnknownNamespaceException: com.topcoder.util.log is unknown
	at com.topcoder.util.config.DefaultConfigManager.getPropertyObject(DefaultConfigManager.java:429)
	at com.topcoder.util.config.DefaultConfigManager.getString(DefaultConfigManager.java:449)
	at com.topcoder.util.log.LogFactory.getAttribute(LogFactory.java:224)
	at com.topcoder.util.log.basic.BasicLog.log(BasicLog.java:74)
	at com.topcoder.management.deliverable.PersistenceUploadManager.createUploadType(PersistenceUploadManager.java:453)
	at com.topcoder.management.deliverable.stresstests.StressTestPersistenceUploadManager.testCreateUploadType(StressTestPersistenceUploadManager.java:594)
	at com.topcoder.management.deliverable.stresstests.StressTestPersistenceUploadManager.testCreateUpload(StressTestPersistenceUploadManager.java:616)
	at com.topcoder.management.deliverable.stresstests.StressTestPersistenceUploadManager.testCreateSubmission(StressTestPersistenceUploadManager.java:159)
	at com.topcoder.management.deliverable.stresstests.StressTestPersistenceUploadManager.testSearchSubmissions(StressTestPersistenceUploadManager.java:264)
	at sun.reflect.NativeMethodAccessorImpl.invoke0(Native Method)
	at sun.reflect.NativeMethodAccessorImpl.invoke(NativeMethodAccessorImpl.java:57)
	at sun.reflect.DelegatingMethodAccessorImpl.invoke(DelegatingMethodAccessorImpl.java:43)
	at java.lang.reflect.Method.invoke(Method.java:616)
	at junit.framework.TestCase.runTest(TestCase.java:168)
	at junit.framework.TestCase.runBare(TestCase.java:134)
	at junit.framework.TestResult$1.protect(TestResult.java:110)
	at junit.framework.TestResult.runProtected(TestResult.java:128)
	at junit.framework.TestResult.run(TestResult.java:113)
	at junit.framework.TestCase.run(TestCase.java:124)
	at junit.framework.TestSuite.runTest(TestSuite.java:232)
	at junit.framework.TestSuite.run(TestSuite.java:227)
	at junit.framework.TestSuite.runTest(TestSuite.java:232)
	at junit.framework.TestSuite.run(TestSuite.java:227)
	at junit.framework.TestSuite.runTest(TestSuite.java:232)
	at junit.framework.TestSuite.run(TestSuite.java:227)
	at org.apache.tools.ant.taskdefs.optional.junit.JUnitTestRunner.run(JUnitTestRunner.java:420)
	at org.apache.tools.ant.taskdefs.optional.junit.JUnitTestRunner.launch(JUnitTestRunner.java:911)
	at org.apache.tools.ant.taskdefs.optional.junit.JUnitTestRunner.main(JUnitTestRunner.java:768)
type: UploadType id: Unknown operator:stress - Create new UploadType.
com.topcoder.util.config.UnknownNamespaceException: com.topcoder.util.log is unknown
	at com.topcoder.util.config.DefaultConfigManager.getPropertyObject(DefaultConfigManager.java:429)
	at com.topcoder.util.config.DefaultConfigManager.getString(DefaultConfigManager.java:449)
	at com.topcoder.util.log.LogFactory.getAttribute(LogFactory.java:224)
	at com.topcoder.util.log.basic.BasicLog.log(BasicLog.java:74)
	at com.topcoder.management.deliverable.PersistenceUploadManager.persistenceUploadManagerHelper(PersistenceUploadManager.java:966)
	at com.topcoder.management.deliverable.PersistenceUploadManager.createUploadType(PersistenceUploadManager.java:454)
	at com.topcoder.management.deliverable.stresstests.StressTestPersistenceUploadManager.testCreateUploadType(StressTestPersistenceUploadManager.java:594)
	at com.topcoder.management.deliverable.stresstests.StressTestPersistenceUploadManager.testCreateUpload(StressTestPersistenceUploadManager.java:616)
	at com.topcoder.management.deliverable.stresstests.StressTestPersistenceUploadManager.testCreateSubmission(StressTestPersistenceUploadManager.java:159)
	at com.topcoder.management.deliverable.stresstests.StressTestPersistenceUploadManager.testSearchSubmissions(StressTestPersistenceUploadManager.java:264)
	at sun.reflect.NativeMethodAccessorImpl.invoke0(Native Method)
	at sun.reflect.NativeMethodAccessorImpl.invoke(NativeMethodAccessorImpl.java:57)
	at sun.reflect.DelegatingMethodAccessorImpl.invoke(DelegatingMethodAccessorImpl.java:43)
	at java.lang.reflect.Method.invoke(Method.java:616)
	at junit.framework.TestCase.runTest(TestCase.java:168)
	at junit.framework.TestCase.runBare(TestCase.java:134)
	at junit.framework.TestResult$1.protect(TestResult.java:110)
	at junit.framework.TestResult.runProtected(TestResult.java:128)
	at junit.framework.TestResult.run(TestResult.java:113)
	at junit.framework.TestCase.run(TestCase.java:124)
	at junit.framework.TestSuite.runTest(TestSuite.java:232)
	at junit.framework.TestSuite.run(TestSuite.java:227)
	at junit.framework.TestSuite.runTest(TestSuite.java:232)
	at junit.framework.TestSuite.run(TestSuite.java:227)
	at junit.framework.TestSuite.runTest(TestSuite.java:232)
	at junit.framework.TestSuite.run(TestSuite.java:227)
	at org.apache.tools.ant.taskdefs.optional.junit.JUnitTestRunner.run(JUnitTestRunner.java:420)
	at org.apache.tools.ant.taskdefs.optional.junit.JUnitTestRunner.launch(JUnitTestRunner.java:911)
	at org.apache.tools.ant.taskdefs.optional.junit.JUnitTestRunner.main(JUnitTestRunner.java:768)
generate next id from the idGenerator:upload_type_id_seq
com.topcoder.util.config.UnknownNamespaceException: com.topcoder.util.log is unknown
	at com.topcoder.util.config.DefaultConfigManager.getPropertyObject(DefaultConfigManager.java:429)
	at com.topcoder.util.config.DefaultConfigManager.getString(DefaultConfigManager.java:449)
	at com.topcoder.util.log.LogFactory.getAttribute(LogFactory.java:224)
	at com.topcoder.util.log.basic.BasicLog.log(BasicLog.java:74)
	at com.topcoder.management.deliverable.PersistenceUploadManager.createUploadStatus(PersistenceUploadManager.java:541)
	at com.topcoder.management.deliverable.stresstests.StressTestPersistenceUploadManager.testCreateUploadStatus(StressTestPersistenceUploadManager.java:414)
	at com.topcoder.management.deliverable.stresstests.StressTestPersistenceUploadManager.testCreateUpload(StressTestPersistenceUploadManager.java:617)
	at com.topcoder.management.deliverable.stresstests.StressTestPersistenceUploadManager.testCreateSubmission(StressTestPersistenceUploadManager.java:159)
	at com.topcoder.management.deliverable.stresstests.StressTestPersistenceUploadManager.testSearchSubmissions(StressTestPersistenceUploadManager.java:264)
	at sun.reflect.NativeMethodAccessorImpl.invoke0(Native Method)
	at sun.reflect.NativeMethodAccessorImpl.invoke(NativeMethodAccessorImpl.java:57)
	at sun.reflect.DelegatingMethodAccessorImpl.invoke(DelegatingMethodAccessorImpl.java:43)
	at java.lang.reflect.Method.invoke(Method.java:616)
	at junit.framework.TestCase.runTest(TestCase.java:168)
	at junit.framework.TestCase.runBare(TestCase.java:134)
	at junit.framework.TestResult$1.protect(TestResult.java:110)
	at junit.framework.TestResult.runProtected(TestResult.java:128)
	at junit.framework.TestResult.run(TestResult.java:113)
	at junit.framework.TestCase.run(TestCase.java:124)
	at junit.framework.TestSuite.runTest(TestSuite.java:232)
	at junit.framework.TestSuite.run(TestSuite.java:227)
	at junit.framework.TestSuite.runTest(TestSuite.java:232)
	at junit.framework.TestSuite.run(TestSuite.java:227)
	at junit.framework.TestSuite.runTest(TestSuite.java:232)
	at junit.framework.TestSuite.run(TestSuite.java:227)
	at org.apache.tools.ant.taskdefs.optional.junit.JUnitTestRunner.run(JUnitTestRunner.java:420)
	at org.apache.tools.ant.taskdefs.optional.junit.JUnitTestRunner.launch(JUnitTestRunner.java:911)
	at org.apache.tools.ant.taskdefs.optional.junit.JUnitTestRunner.main(JUnitTestRunner.java:768)
type: UploadStatus id: Unknown operator:stress - create new UploadStatus.
com.topcoder.util.config.UnknownNamespaceException: com.topcoder.util.log is unknown
	at com.topcoder.util.config.DefaultConfigManager.getPropertyObject(DefaultConfigManager.java:429)
	at com.topcoder.util.config.DefaultConfigManager.getString(DefaultConfigManager.java:449)
	at com.topcoder.util.log.LogFactory.getAttribute(LogFactory.java:224)
	at com.topcoder.util.log.basic.BasicLog.log(BasicLog.java:74)
	at com.topcoder.management.deliverable.PersistenceUploadManager.persistenceUploadManagerHelper(PersistenceUploadManager.java:966)
	at com.topcoder.management.deliverable.PersistenceUploadManager.createUploadStatus(PersistenceUploadManager.java:542)
	at com.topcoder.management.deliverable.stresstests.StressTestPersistenceUploadManager.testCreateUploadStatus(StressTestPersistenceUploadManager.java:414)
	at com.topcoder.management.deliverable.stresstests.StressTestPersistenceUploadManager.testCreateUpload(StressTestPersistenceUploadManager.java:617)
	at com.topcoder.management.deliverable.stresstests.StressTestPersistenceUploadManager.testCreateSubmission(StressTestPersistenceUploadManager.java:159)
	at com.topcoder.management.deliverable.stresstests.StressTestPersistenceUploadManager.testSearchSubmissions(StressTestPersistenceUploadManager.java:264)
	at sun.reflect.NativeMethodAccessorImpl.invoke0(Native Method)
	at sun.reflect.NativeMethodAccessorImpl.invoke(NativeMethodAccessorImpl.java:57)
	at sun.reflect.DelegatingMethodAccessorImpl.invoke(DelegatingMethodAccessorImpl.java:43)
	at java.lang.reflect.Method.invoke(Method.java:616)
	at junit.framework.TestCase.runTest(TestCase.java:168)
	at junit.framework.TestCase.runBare(TestCase.java:134)
	at junit.framework.TestResult$1.protect(TestResult.java:110)
	at junit.framework.TestResult.runProtected(TestResult.java:128)
	at junit.framework.TestResult.run(TestResult.java:113)
	at junit.framework.TestCase.run(TestCase.java:124)
	at junit.framework.TestSuite.runTest(TestSuite.java:232)
	at junit.framework.TestSuite.run(TestSuite.java:227)
	at junit.framework.TestSuite.runTest(TestSuite.java:232)
	at junit.framework.TestSuite.run(TestSuite.java:227)
	at junit.framework.TestSuite.runTest(TestSuite.java:232)
	at junit.framework.TestSuite.run(TestSuite.java:227)
	at org.apache.tools.ant.taskdefs.optional.junit.JUnitTestRunner.run(JUnitTestRunner.java:420)
	at org.apache.tools.ant.taskdefs.optional.junit.JUnitTestRunner.launch(JUnitTestRunner.java:911)
	at org.apache.tools.ant.taskdefs.optional.junit.JUnitTestRunner.main(JUnitTestRunner.java:768)
generate next id from the idGenerator:upload_status_id_seq
com.topcoder.util.config.UnknownNamespaceException: com.topcoder.util.log is unknown
	at com.topcoder.util.config.DefaultConfigManager.getPropertyObject(DefaultConfigManager.java:429)
	at com.topcoder.util.config.DefaultConfigManager.getString(DefaultConfigManager.java:449)
	at com.topcoder.util.log.LogFactory.getAttribute(LogFactory.java:224)
	at com.topcoder.util.log.basic.BasicLog.log(BasicLog.java:74)
	at com.topcoder.management.deliverable.PersistenceUploadManager.createUploadStatus(PersistenceUploadManager.java:541)
	at com.topcoder.management.deliverable.stresstests.StressTestPersistenceUploadManager.testCreateUploadStatus(StressTestPersistenceUploadManager.java:414)
	at com.topcoder.management.deliverable.stresstests.StressTestPersistenceUploadManager.testCreateUpload(StressTestPersistenceUploadManager.java:617)
	at com.topcoder.management.deliverable.stresstests.StressTestPersistenceUploadManager.testCreateSubmission(StressTestPersistenceUploadManager.java:159)
	at com.topcoder.management.deliverable.stresstests.StressTestPersistenceUploadManager.testSearchSubmissions(StressTestPersistenceUploadManager.java:264)
	at sun.reflect.NativeMethodAccessorImpl.invoke0(Native Method)
	at sun.reflect.NativeMethodAccessorImpl.invoke(NativeMethodAccessorImpl.java:57)
	at sun.reflect.DelegatingMethodAccessorImpl.invoke(DelegatingMethodAccessorImpl.java:43)
	at java.lang.reflect.Method.invoke(Method.java:616)
	at junit.framework.TestCase.runTest(TestCase.java:168)
	at junit.framework.TestCase.runBare(TestCase.java:134)
	at junit.framework.TestResult$1.protect(TestResult.java:110)
	at junit.framework.TestResult.runProtected(TestResult.java:128)
	at junit.framework.TestResult.run(TestResult.java:113)
	at junit.framework.TestCase.run(TestCase.java:124)
	at junit.framework.TestSuite.runTest(TestSuite.java:232)
	at junit.framework.TestSuite.run(TestSuite.java:227)
	at junit.framework.TestSuite.runTest(TestSuite.java:232)
	at junit.framework.TestSuite.run(TestSuite.java:227)
	at junit.framework.TestSuite.runTest(TestSuite.java:232)
	at junit.framework.TestSuite.run(TestSuite.java:227)
	at org.apache.tools.ant.taskdefs.optional.junit.JUnitTestRunner.run(JUnitTestRunner.java:420)
	at org.apache.tools.ant.taskdefs.optional.junit.JUnitTestRunner.launch(JUnitTestRunner.java:911)
	at org.apache.tools.ant.taskdefs.optional.junit.JUnitTestRunner.main(JUnitTestRunner.java:768)
type: UploadStatus id: Unknown operator:stress - create new UploadStatus.
com.topcoder.util.config.UnknownNamespaceException: com.topcoder.util.log is unknown
	at com.topcoder.util.config.DefaultConfigManager.getPropertyObject(DefaultConfigManager.java:429)
	at com.topcoder.util.config.DefaultConfigManager.getString(DefaultConfigManager.java:449)
	at com.topcoder.util.log.LogFactory.getAttribute(LogFactory.java:224)
	at com.topcoder.util.log.basic.BasicLog.log(BasicLog.java:74)
	at com.topcoder.management.deliverable.PersistenceUploadManager.persistenceUploadManagerHelper(PersistenceUploadManager.java:966)
	at com.topcoder.management.deliverable.PersistenceUploadManager.createUploadStatus(PersistenceUploadManager.java:542)
	at com.topcoder.management.deliverable.stresstests.StressTestPersistenceUploadManager.testCreateUploadStatus(StressTestPersistenceUploadManager.java:414)
	at com.topcoder.management.deliverable.stresstests.StressTestPersistenceUploadManager.testCreateUpload(StressTestPersistenceUploadManager.java:617)
	at com.topcoder.management.deliverable.stresstests.StressTestPersistenceUploadManager.testCreateSubmission(StressTestPersistenceUploadManager.java:159)
	at com.topcoder.management.deliverable.stresstests.StressTestPersistenceUploadManager.testSearchSubmissions(StressTestPersistenceUploadManager.java:264)
	at sun.reflect.NativeMethodAccessorImpl.invoke0(Native Method)
	at sun.reflect.NativeMethodAccessorImpl.invoke(NativeMethodAccessorImpl.java:57)
	at sun.reflect.DelegatingMethodAccessorImpl.invoke(DelegatingMethodAccessorImpl.java:43)
	at java.lang.reflect.Method.invoke(Method.java:616)
	at junit.framework.TestCase.runTest(TestCase.java:168)
	at junit.framework.TestCase.runBare(TestCase.java:134)
	at junit.framework.TestResult$1.protect(TestResult.java:110)
	at junit.framework.TestResult.runProtected(TestResult.java:128)
	at junit.framework.TestResult.run(TestResult.java:113)
	at junit.framework.TestCase.run(TestCase.java:124)
	at junit.framework.TestSuite.runTest(TestSuite.java:232)
	at junit.framework.TestSuite.run(TestSuite.java:227)
	at junit.framework.TestSuite.runTest(TestSuite.java:232)
	at junit.framework.TestSuite.run(TestSuite.java:227)
	at junit.framework.TestSuite.runTest(TestSuite.java:232)
	at junit.framework.TestSuite.run(TestSuite.java:227)
	at org.apache.tools.ant.taskdefs.optional.junit.JUnitTestRunner.run(JUnitTestRunner.java:420)
	at org.apache.tools.ant.taskdefs.optional.junit.JUnitTestRunner.launch(JUnitTestRunner.java:911)
	at org.apache.tools.ant.taskdefs.optional.junit.JUnitTestRunner.main(JUnitTestRunner.java:768)
generate next id from the idGenerator:upload_status_id_seq
com.topcoder.util.config.UnknownNamespaceException: com.topcoder.util.log is unknown
	at com.topcoder.util.config.DefaultConfigManager.getPropertyObject(DefaultConfigManager.java:429)
	at com.topcoder.util.config.DefaultConfigManager.getString(DefaultConfigManager.java:449)
	at com.topcoder.util.log.LogFactory.getAttribute(LogFactory.java:224)
	at com.topcoder.util.log.basic.BasicLog.log(BasicLog.java:74)
	at com.topcoder.management.deliverable.PersistenceUploadManager.createUpload(PersistenceUploadManager.java:335)
	at com.topcoder.management.deliverable.stresstests.StressTestPersistenceUploadManager.testCreateUpload(StressTestPersistenceUploadManager.java:623)
	at com.topcoder.management.deliverable.stresstests.StressTestPersistenceUploadManager.testCreateSubmission(StressTestPersistenceUploadManager.java:159)
	at com.topcoder.management.deliverable.stresstests.StressTestPersistenceUploadManager.testSearchSubmissions(StressTestPersistenceUploadManager.java:264)
	at sun.reflect.NativeMethodAccessorImpl.invoke0(Native Method)
	at sun.reflect.NativeMethodAccessorImpl.invoke(NativeMethodAccessorImpl.java:57)
	at sun.reflect.DelegatingMethodAccessorImpl.invoke(DelegatingMethodAccessorImpl.java:43)
	at java.lang.reflect.Method.invoke(Method.java:616)
	at junit.framework.TestCase.runTest(TestCase.java:168)
	at junit.framework.TestCase.runBare(TestCase.java:134)
	at junit.framework.TestResult$1.protect(TestResult.java:110)
	at junit.framework.TestResult.runProtected(TestResult.java:128)
	at junit.framework.TestResult.run(TestResult.java:113)
	at junit.framework.TestCase.run(TestCase.java:124)
	at junit.framework.TestSuite.runTest(TestSuite.java:232)
	at junit.framework.TestSuite.run(TestSuite.java:227)
	at junit.framework.TestSuite.runTest(TestSuite.java:232)
	at junit.framework.TestSuite.run(TestSuite.java:227)
	at junit.framework.TestSuite.runTest(TestSuite.java:232)
	at junit.framework.TestSuite.run(TestSuite.java:227)
	at org.apache.tools.ant.taskdefs.optional.junit.JUnitTestRunner.run(JUnitTestRunner.java:420)
	at org.apache.tools.ant.taskdefs.optional.junit.JUnitTestRunner.launch(JUnitTestRunner.java:911)
	at org.apache.tools.ant.taskdefs.optional.junit.JUnitTestRunner.main(JUnitTestRunner.java:768)
type: Upload id: Unknown operator:stress - Create new Upload.
com.topcoder.util.config.UnknownNamespaceException: com.topcoder.util.log is unknown
	at com.topcoder.util.config.DefaultConfigManager.getPropertyObject(DefaultConfigManager.java:429)
	at com.topcoder.util.config.DefaultConfigManager.getString(DefaultConfigManager.java:449)
	at com.topcoder.util.log.LogFactory.getAttribute(LogFactory.java:224)
	at com.topcoder.util.log.basic.BasicLog.log(BasicLog.java:74)
	at com.topcoder.management.deliverable.PersistenceUploadManager.persistenceUploadManagerHelper(PersistenceUploadManager.java:966)
	at com.topcoder.management.deliverable.PersistenceUploadManager.createUpload(PersistenceUploadManager.java:336)
	at com.topcoder.management.deliverable.stresstests.StressTestPersistenceUploadManager.testCreateUpload(StressTestPersistenceUploadManager.java:623)
	at com.topcoder.management.deliverable.stresstests.StressTestPersistenceUploadManager.testCreateSubmission(StressTestPersistenceUploadManager.java:159)
	at com.topcoder.management.deliverable.stresstests.StressTestPersistenceUploadManager.testSearchSubmissions(StressTestPersistenceUploadManager.java:264)
	at sun.reflect.NativeMethodAccessorImpl.invoke0(Native Method)
	at sun.reflect.NativeMethodAccessorImpl.invoke(NativeMethodAccessorImpl.java:57)
	at sun.reflect.DelegatingMethodAccessorImpl.invoke(DelegatingMethodAccessorImpl.java:43)
	at java.lang.reflect.Method.invoke(Method.java:616)
	at junit.framework.TestCase.runTest(TestCase.java:168)
	at junit.framework.TestCase.runBare(TestCase.java:134)
	at junit.framework.TestResult$1.protect(TestResult.java:110)
	at junit.framework.TestResult.runProtected(TestResult.java:128)
	at junit.framework.TestResult.run(TestResult.java:113)
	at junit.framework.TestCase.run(TestCase.java:124)
	at junit.framework.TestSuite.runTest(TestSuite.java:232)
	at junit.framework.TestSuite.run(TestSuite.java:227)
	at junit.framework.TestSuite.runTest(TestSuite.java:232)
	at junit.framework.TestSuite.run(TestSuite.java:227)
	at junit.framework.TestSuite.runTest(TestSuite.java:232)
	at junit.framework.TestSuite.run(TestSuite.java:227)
	at org.apache.tools.ant.taskdefs.optional.junit.JUnitTestRunner.run(JUnitTestRunner.java:420)
	at org.apache.tools.ant.taskdefs.optional.junit.JUnitTestRunner.launch(JUnitTestRunner.java:911)
	at org.apache.tools.ant.taskdefs.optional.junit.JUnitTestRunner.main(JUnitTestRunner.java:768)
generate next id from the idGenerator:upload_id_seq
com.topcoder.util.config.UnknownNamespaceException: com.topcoder.util.log is unknown
	at com.topcoder.util.config.DefaultConfigManager.getPropertyObject(DefaultConfigManager.java:429)
	at com.topcoder.util.config.DefaultConfigManager.getString(DefaultConfigManager.java:449)
	at com.topcoder.util.log.LogFactory.getAttribute(LogFactory.java:224)
	at com.topcoder.util.log.basic.BasicLog.log(BasicLog.java:74)
	at com.topcoder.management.deliverable.PersistenceUploadManager.createUpload(PersistenceUploadManager.java:335)
	at com.topcoder.management.deliverable.stresstests.StressTestPersistenceUploadManager.testCreateUpload(StressTestPersistenceUploadManager.java:623)
	at com.topcoder.management.deliverable.stresstests.StressTestPersistenceUploadManager.testCreateSubmission(StressTestPersistenceUploadManager.java:159)
	at com.topcoder.management.deliverable.stresstests.StressTestPersistenceUploadManager.testSearchSubmissions(StressTestPersistenceUploadManager.java:264)
	at sun.reflect.NativeMethodAccessorImpl.invoke0(Native Method)
	at sun.reflect.NativeMethodAccessorImpl.invoke(NativeMethodAccessorImpl.java:57)
	at sun.reflect.DelegatingMethodAccessorImpl.invoke(DelegatingMethodAccessorImpl.java:43)
	at java.lang.reflect.Method.invoke(Method.java:616)
	at junit.framework.TestCase.runTest(TestCase.java:168)
	at junit.framework.TestCase.runBare(TestCase.java:134)
	at junit.framework.TestResult$1.protect(TestResult.java:110)
	at junit.framework.TestResult.runProtected(TestResult.java:128)
	at junit.framework.TestResult.run(TestResult.java:113)
	at junit.framework.TestCase.run(TestCase.java:124)
	at junit.framework.TestSuite.runTest(TestSuite.java:232)
	at junit.framework.TestSuite.run(TestSuite.java:227)
	at junit.framework.TestSuite.runTest(TestSuite.java:232)
	at junit.framework.TestSuite.run(TestSuite.java:227)
	at junit.framework.TestSuite.runTest(TestSuite.java:232)
	at junit.framework.TestSuite.run(TestSuite.java:227)
	at org.apache.tools.ant.taskdefs.optional.junit.JUnitTestRunner.run(JUnitTestRunner.java:420)
	at org.apache.tools.ant.taskdefs.optional.junit.JUnitTestRunner.launch(JUnitTestRunner.java:911)
	at org.apache.tools.ant.taskdefs.optional.junit.JUnitTestRunner.main(JUnitTestRunner.java:768)
type: Upload id: Unknown operator:stress - Create new Upload.
com.topcoder.util.config.UnknownNamespaceException: com.topcoder.util.log is unknown
	at com.topcoder.util.config.DefaultConfigManager.getPropertyObject(DefaultConfigManager.java:429)
	at com.topcoder.util.config.DefaultConfigManager.getString(DefaultConfigManager.java:449)
	at com.topcoder.util.log.LogFactory.getAttribute(LogFactory.java:224)
	at com.topcoder.util.log.basic.BasicLog.log(BasicLog.java:74)
	at com.topcoder.management.deliverable.PersistenceUploadManager.persistenceUploadManagerHelper(PersistenceUploadManager.java:966)
	at com.topcoder.management.deliverable.PersistenceUploadManager.createUpload(PersistenceUploadManager.java:336)
	at com.topcoder.management.deliverable.stresstests.StressTestPersistenceUploadManager.testCreateUpload(StressTestPersistenceUploadManager.java:623)
	at com.topcoder.management.deliverable.stresstests.StressTestPersistenceUploadManager.testCreateSubmission(StressTestPersistenceUploadManager.java:159)
	at com.topcoder.management.deliverable.stresstests.StressTestPersistenceUploadManager.testSearchSubmissions(StressTestPersistenceUploadManager.java:264)
	at sun.reflect.NativeMethodAccessorImpl.invoke0(Native Method)
	at sun.reflect.NativeMethodAccessorImpl.invoke(NativeMethodAccessorImpl.java:57)
	at sun.reflect.DelegatingMethodAccessorImpl.invoke(DelegatingMethodAccessorImpl.java:43)
	at java.lang.reflect.Method.invoke(Method.java:616)
	at junit.framework.TestCase.runTest(TestCase.java:168)
	at junit.framework.TestCase.runBare(TestCase.java:134)
	at junit.framework.TestResult$1.protect(TestResult.java:110)
	at junit.framework.TestResult.runProtected(TestResult.java:128)
	at junit.framework.TestResult.run(TestResult.java:113)
	at junit.framework.TestCase.run(TestCase.java:124)
	at junit.framework.TestSuite.runTest(TestSuite.java:232)
	at junit.framework.TestSuite.run(TestSuite.java:227)
	at junit.framework.TestSuite.runTest(TestSuite.java:232)
	at junit.framework.TestSuite.run(TestSuite.java:227)
	at junit.framework.TestSuite.runTest(TestSuite.java:232)
	at junit.framework.TestSuite.run(TestSuite.java:227)
	at org.apache.tools.ant.taskdefs.optional.junit.JUnitTestRunner.run(JUnitTestRunner.java:420)
	at org.apache.tools.ant.taskdefs.optional.junit.JUnitTestRunner.launch(JUnitTestRunner.java:911)
	at org.apache.tools.ant.taskdefs.optional.junit.JUnitTestRunner.main(JUnitTestRunner.java:768)
generate next id from the idGenerator:upload_id_seq
com.topcoder.util.config.UnknownNamespaceException: com.topcoder.util.log is unknown
	at com.topcoder.util.config.DefaultConfigManager.getPropertyObject(DefaultConfigManager.java:429)
	at com.topcoder.util.config.DefaultConfigManager.getString(DefaultConfigManager.java:449)
	at com.topcoder.util.log.LogFactory.getAttribute(LogFactory.java:224)
	at com.topcoder.util.log.basic.BasicLog.log(BasicLog.java:74)
	at com.topcoder.management.deliverable.PersistenceUploadManager.createSubmissionStatus(PersistenceUploadManager.java:748)
	at com.topcoder.management.deliverable.stresstests.StressTestPersistenceUploadManager.testCreateSubmissionStatus(StressTestPersistenceUploadManager.java:285)
	at com.topcoder.management.deliverable.stresstests.StressTestPersistenceUploadManager.testCreateSubmission(StressTestPersistenceUploadManager.java:160)
	at com.topcoder.management.deliverable.stresstests.StressTestPersistenceUploadManager.testSearchSubmissions(StressTestPersistenceUploadManager.java:264)
	at sun.reflect.NativeMethodAccessorImpl.invoke0(Native Method)
	at sun.reflect.NativeMethodAccessorImpl.invoke(NativeMethodAccessorImpl.java:57)
	at sun.reflect.DelegatingMethodAccessorImpl.invoke(DelegatingMethodAccessorImpl.java:43)
	at java.lang.reflect.Method.invoke(Method.java:616)
	at junit.framework.TestCase.runTest(TestCase.java:168)
	at junit.framework.TestCase.runBare(TestCase.java:134)
	at junit.framework.TestResult$1.protect(TestResult.java:110)
	at junit.framework.TestResult.runProtected(TestResult.java:128)
	at junit.framework.TestResult.run(TestResult.java:113)
	at junit.framework.TestCase.run(TestCase.java:124)
	at junit.framework.TestSuite.runTest(TestSuite.java:232)
	at junit.framework.TestSuite.run(TestSuite.java:227)
	at junit.framework.TestSuite.runTest(TestSuite.java:232)
	at junit.framework.TestSuite.run(TestSuite.java:227)
	at junit.framework.TestSuite.runTest(TestSuite.java:232)
	at junit.framework.TestSuite.run(TestSuite.java:227)
	at org.apache.tools.ant.taskdefs.optional.junit.JUnitTestRunner.run(JUnitTestRunner.java:420)
	at org.apache.tools.ant.taskdefs.optional.junit.JUnitTestRunner.launch(JUnitTestRunner.java:911)
	at org.apache.tools.ant.taskdefs.optional.junit.JUnitTestRunner.main(JUnitTestRunner.java:768)
type: SubmissionStatus id: Unknown operator:stress - create new SubmissionStatus.
com.topcoder.util.config.UnknownNamespaceException: com.topcoder.util.log is unknown
	at com.topcoder.util.config.DefaultConfigManager.getPropertyObject(DefaultConfigManager.java:429)
	at com.topcoder.util.config.DefaultConfigManager.getString(DefaultConfigManager.java:449)
	at com.topcoder.util.log.LogFactory.getAttribute(LogFactory.java:224)
	at com.topcoder.util.log.basic.BasicLog.log(BasicLog.java:74)
	at com.topcoder.management.deliverable.PersistenceUploadManager.persistenceUploadManagerHelper(PersistenceUploadManager.java:966)
	at com.topcoder.management.deliverable.PersistenceUploadManager.createSubmissionStatus(PersistenceUploadManager.java:749)
	at com.topcoder.management.deliverable.stresstests.StressTestPersistenceUploadManager.testCreateSubmissionStatus(StressTestPersistenceUploadManager.java:285)
	at com.topcoder.management.deliverable.stresstests.StressTestPersistenceUploadManager.testCreateSubmission(StressTestPersistenceUploadManager.java:160)
	at com.topcoder.management.deliverable.stresstests.StressTestPersistenceUploadManager.testSearchSubmissions(StressTestPersistenceUploadManager.java:264)
	at sun.reflect.NativeMethodAccessorImpl.invoke0(Native Method)
	at sun.reflect.NativeMethodAccessorImpl.invoke(NativeMethodAccessorImpl.java:57)
	at sun.reflect.DelegatingMethodAccessorImpl.invoke(DelegatingMethodAccessorImpl.java:43)
	at java.lang.reflect.Method.invoke(Method.java:616)
	at junit.framework.TestCase.runTest(TestCase.java:168)
	at junit.framework.TestCase.runBare(TestCase.java:134)
	at junit.framework.TestResult$1.protect(TestResult.java:110)
	at junit.framework.TestResult.runProtected(TestResult.java:128)
	at junit.framework.TestResult.run(TestResult.java:113)
	at junit.framework.TestCase.run(TestCase.java:124)
	at junit.framework.TestSuite.runTest(TestSuite.java:232)
	at junit.framework.TestSuite.run(TestSuite.java:227)
	at junit.framework.TestSuite.runTest(TestSuite.java:232)
	at junit.framework.TestSuite.run(TestSuite.java:227)
	at junit.framework.TestSuite.runTest(TestSuite.java:232)
	at junit.framework.TestSuite.run(TestSuite.java:227)
	at org.apache.tools.ant.taskdefs.optional.junit.JUnitTestRunner.run(JUnitTestRunner.java:420)
	at org.apache.tools.ant.taskdefs.optional.junit.JUnitTestRunner.launch(JUnitTestRunner.java:911)
	at org.apache.tools.ant.taskdefs.optional.junit.JUnitTestRunner.main(JUnitTestRunner.java:768)
generate next id from the idGenerator:submission_status_id_seq
com.topcoder.util.config.UnknownNamespaceException: com.topcoder.util.log is unknown
	at com.topcoder.util.config.DefaultConfigManager.getPropertyObject(DefaultConfigManager.java:429)
	at com.topcoder.util.config.DefaultConfigManager.getString(DefaultConfigManager.java:449)
	at com.topcoder.util.log.LogFactory.getAttribute(LogFactory.java:224)
	at com.topcoder.util.log.basic.BasicLog.log(BasicLog.java:74)
	at com.topcoder.management.deliverable.PersistenceUploadManager.createSubmissionStatus(PersistenceUploadManager.java:748)
	at com.topcoder.management.deliverable.stresstests.StressTestPersistenceUploadManager.testCreateSubmissionStatus(StressTestPersistenceUploadManager.java:285)
	at com.topcoder.management.deliverable.stresstests.StressTestPersistenceUploadManager.testCreateSubmission(StressTestPersistenceUploadManager.java:160)
	at com.topcoder.management.deliverable.stresstests.StressTestPersistenceUploadManager.testSearchSubmissions(StressTestPersistenceUploadManager.java:264)
	at sun.reflect.NativeMethodAccessorImpl.invoke0(Native Method)
	at sun.reflect.NativeMethodAccessorImpl.invoke(NativeMethodAccessorImpl.java:57)
	at sun.reflect.DelegatingMethodAccessorImpl.invoke(DelegatingMethodAccessorImpl.java:43)
	at java.lang.reflect.Method.invoke(Method.java:616)
	at junit.framework.TestCase.runTest(TestCase.java:168)
	at junit.framework.TestCase.runBare(TestCase.java:134)
	at junit.framework.TestResult$1.protect(TestResult.java:110)
	at junit.framework.TestResult.runProtected(TestResult.java:128)
	at junit.framework.TestResult.run(TestResult.java:113)
	at junit.framework.TestCase.run(TestCase.java:124)
	at junit.framework.TestSuite.runTest(TestSuite.java:232)
	at junit.framework.TestSuite.run(TestSuite.java:227)
	at junit.framework.TestSuite.runTest(TestSuite.java:232)
	at junit.framework.TestSuite.run(TestSuite.java:227)
	at junit.framework.TestSuite.runTest(TestSuite.java:232)
	at junit.framework.TestSuite.run(TestSuite.java:227)
	at org.apache.tools.ant.taskdefs.optional.junit.JUnitTestRunner.run(JUnitTestRunner.java:420)
	at org.apache.tools.ant.taskdefs.optional.junit.JUnitTestRunner.launch(JUnitTestRunner.java:911)
	at org.apache.tools.ant.taskdefs.optional.junit.JUnitTestRunner.main(JUnitTestRunner.java:768)
type: SubmissionStatus id: Unknown operator:stress - create new SubmissionStatus.
com.topcoder.util.config.UnknownNamespaceException: com.topcoder.util.log is unknown
	at com.topcoder.util.config.DefaultConfigManager.getPropertyObject(DefaultConfigManager.java:429)
	at com.topcoder.util.config.DefaultConfigManager.getString(DefaultConfigManager.java:449)
	at com.topcoder.util.log.LogFactory.getAttribute(LogFactory.java:224)
	at com.topcoder.util.log.basic.BasicLog.log(BasicLog.java:74)
	at com.topcoder.management.deliverable.PersistenceUploadManager.persistenceUploadManagerHelper(PersistenceUploadManager.java:966)
	at com.topcoder.management.deliverable.PersistenceUploadManager.createSubmissionStatus(PersistenceUploadManager.java:749)
	at com.topcoder.management.deliverable.stresstests.StressTestPersistenceUploadManager.testCreateSubmissionStatus(StressTestPersistenceUploadManager.java:285)
	at com.topcoder.management.deliverable.stresstests.StressTestPersistenceUploadManager.testCreateSubmission(StressTestPersistenceUploadManager.java:160)
	at com.topcoder.management.deliverable.stresstests.StressTestPersistenceUploadManager.testSearchSubmissions(StressTestPersistenceUploadManager.java:264)
	at sun.reflect.NativeMethodAccessorImpl.invoke0(Native Method)
	at sun.reflect.NativeMethodAccessorImpl.invoke(NativeMethodAccessorImpl.java:57)
	at sun.reflect.DelegatingMethodAccessorImpl.invoke(DelegatingMethodAccessorImpl.java:43)
	at java.lang.reflect.Method.invoke(Method.java:616)
	at junit.framework.TestCase.runTest(TestCase.java:168)
	at junit.framework.TestCase.runBare(TestCase.java:134)
	at junit.framework.TestResult$1.protect(TestResult.java:110)
	at junit.framework.TestResult.runProtected(TestResult.java:128)
	at junit.framework.TestResult.run(TestResult.java:113)
	at junit.framework.TestCase.run(TestCase.java:124)
	at junit.framework.TestSuite.runTest(TestSuite.java:232)
	at junit.framework.TestSuite.run(TestSuite.java:227)
	at junit.framework.TestSuite.runTest(TestSuite.java:232)
	at junit.framework.TestSuite.run(TestSuite.java:227)
	at junit.framework.TestSuite.runTest(TestSuite.java:232)
	at junit.framework.TestSuite.run(TestSuite.java:227)
	at org.apache.tools.ant.taskdefs.optional.junit.JUnitTestRunner.run(JUnitTestRunner.java:420)
	at org.apache.tools.ant.taskdefs.optional.junit.JUnitTestRunner.launch(JUnitTestRunner.java:911)
	at org.apache.tools.ant.taskdefs.optional.junit.JUnitTestRunner.main(JUnitTestRunner.java:768)
generate next id from the idGenerator:submission_status_id_seq
com.topcoder.util.config.UnknownNamespaceException: com.topcoder.util.log is unknown
	at com.topcoder.util.config.DefaultConfigManager.getPropertyObject(DefaultConfigManager.java:429)
	at com.topcoder.util.config.DefaultConfigManager.getString(DefaultConfigManager.java:449)
	at com.topcoder.util.log.LogFactory.getAttribute(LogFactory.java:224)
	at com.topcoder.util.log.basic.BasicLog.log(BasicLog.java:74)
	at com.topcoder.management.deliverable.PersistenceUploadManager.createSubmissionType(PersistenceUploadManager.java:845)
	at com.topcoder.management.deliverable.stresstests.StressTestPersistenceUploadManager.testCreateSubmissionType(StressTestPersistenceUploadManager.java:501)
	at com.topcoder.management.deliverable.stresstests.StressTestPersistenceUploadManager.testCreateSubmission(StressTestPersistenceUploadManager.java:161)
	at com.topcoder.management.deliverable.stresstests.StressTestPersistenceUploadManager.testSearchSubmissions(StressTestPersistenceUploadManager.java:264)
	at sun.reflect.NativeMethodAccessorImpl.invoke0(Native Method)
	at sun.reflect.NativeMethodAccessorImpl.invoke(NativeMethodAccessorImpl.java:57)
	at sun.reflect.DelegatingMethodAccessorImpl.invoke(DelegatingMethodAccessorImpl.java:43)
	at java.lang.reflect.Method.invoke(Method.java:616)
	at junit.framework.TestCase.runTest(TestCase.java:168)
	at junit.framework.TestCase.runBare(TestCase.java:134)
	at junit.framework.TestResult$1.protect(TestResult.java:110)
	at junit.framework.TestResult.runProtected(TestResult.java:128)
	at junit.framework.TestResult.run(TestResult.java:113)
	at junit.framework.TestCase.run(TestCase.java:124)
	at junit.framework.TestSuite.runTest(TestSuite.java:232)
	at junit.framework.TestSuite.run(TestSuite.java:227)
	at junit.framework.TestSuite.runTest(TestSuite.java:232)
	at junit.framework.TestSuite.run(TestSuite.java:227)
	at junit.framework.TestSuite.runTest(TestSuite.java:232)
	at junit.framework.TestSuite.run(TestSuite.java:227)
	at org.apache.tools.ant.taskdefs.optional.junit.JUnitTestRunner.run(JUnitTestRunner.java:420)
	at org.apache.tools.ant.taskdefs.optional.junit.JUnitTestRunner.launch(JUnitTestRunner.java:911)
	at org.apache.tools.ant.taskdefs.optional.junit.JUnitTestRunner.main(JUnitTestRunner.java:768)
type: SubmissionType id: Unknown operator:stress - Create new SubmissionType.
com.topcoder.util.config.UnknownNamespaceException: com.topcoder.util.log is unknown
	at com.topcoder.util.config.DefaultConfigManager.getPropertyObject(DefaultConfigManager.java:429)
	at com.topcoder.util.config.DefaultConfigManager.getString(DefaultConfigManager.java:449)
	at com.topcoder.util.log.LogFactory.getAttribute(LogFactory.java:224)
	at com.topcoder.util.log.basic.BasicLog.log(BasicLog.java:74)
	at com.topcoder.management.deliverable.PersistenceUploadManager.persistenceUploadManagerHelper(PersistenceUploadManager.java:966)
	at com.topcoder.management.deliverable.PersistenceUploadManager.createSubmissionType(PersistenceUploadManager.java:847)
	at com.topcoder.management.deliverable.stresstests.StressTestPersistenceUploadManager.testCreateSubmissionType(StressTestPersistenceUploadManager.java:501)
	at com.topcoder.management.deliverable.stresstests.StressTestPersistenceUploadManager.testCreateSubmission(StressTestPersistenceUploadManager.java:161)
	at com.topcoder.management.deliverable.stresstests.StressTestPersistenceUploadManager.testSearchSubmissions(StressTestPersistenceUploadManager.java:264)
	at sun.reflect.NativeMethodAccessorImpl.invoke0(Native Method)
	at sun.reflect.NativeMethodAccessorImpl.invoke(NativeMethodAccessorImpl.java:57)
	at sun.reflect.DelegatingMethodAccessorImpl.invoke(DelegatingMethodAccessorImpl.java:43)
	at java.lang.reflect.Method.invoke(Method.java:616)
	at junit.framework.TestCase.runTest(TestCase.java:168)
	at junit.framework.TestCase.runBare(TestCase.java:134)
	at junit.framework.TestResult$1.protect(TestResult.java:110)
	at junit.framework.TestResult.runProtected(TestResult.java:128)
	at junit.framework.TestResult.run(TestResult.java:113)
	at junit.framework.TestCase.run(TestCase.java:124)
	at junit.framework.TestSuite.runTest(TestSuite.java:232)
	at junit.framework.TestSuite.run(TestSuite.java:227)
	at junit.framework.TestSuite.runTest(TestSuite.java:232)
	at junit.framework.TestSuite.run(TestSuite.java:227)
	at junit.framework.TestSuite.runTest(TestSuite.java:232)
	at junit.framework.TestSuite.run(TestSuite.java:227)
	at org.apache.tools.ant.taskdefs.optional.junit.JUnitTestRunner.run(JUnitTestRunner.java:420)
	at org.apache.tools.ant.taskdefs.optional.junit.JUnitTestRunner.launch(JUnitTestRunner.java:911)
	at org.apache.tools.ant.taskdefs.optional.junit.JUnitTestRunner.main(JUnitTestRunner.java:768)
generate next id from the idGenerator:submission_type_id_seq
com.topcoder.util.config.UnknownNamespaceException: com.topcoder.util.log is unknown
	at com.topcoder.util.config.DefaultConfigManager.getPropertyObject(DefaultConfigManager.java:429)
	at com.topcoder.util.config.DefaultConfigManager.getString(DefaultConfigManager.java:449)
	at com.topcoder.util.log.LogFactory.getAttribute(LogFactory.java:224)
	at com.topcoder.util.log.basic.BasicLog.log(BasicLog.java:74)
	at com.topcoder.management.deliverable.PersistenceUploadManager.createSubmissionType(PersistenceUploadManager.java:845)
	at com.topcoder.management.deliverable.stresstests.StressTestPersistenceUploadManager.testCreateSubmissionType(StressTestPersistenceUploadManager.java:501)
	at com.topcoder.management.deliverable.stresstests.StressTestPersistenceUploadManager.testCreateSubmission(StressTestPersistenceUploadManager.java:161)
	at com.topcoder.management.deliverable.stresstests.StressTestPersistenceUploadManager.testSearchSubmissions(StressTestPersistenceUploadManager.java:264)
	at sun.reflect.NativeMethodAccessorImpl.invoke0(Native Method)
	at sun.reflect.NativeMethodAccessorImpl.invoke(NativeMethodAccessorImpl.java:57)
	at sun.reflect.DelegatingMethodAccessorImpl.invoke(DelegatingMethodAccessorImpl.java:43)
	at java.lang.reflect.Method.invoke(Method.java:616)
	at junit.framework.TestCase.runTest(TestCase.java:168)
	at junit.framework.TestCase.runBare(TestCase.java:134)
	at junit.framework.TestResult$1.protect(TestResult.java:110)
	at junit.framework.TestResult.runProtected(TestResult.java:128)
	at junit.framework.TestResult.run(TestResult.java:113)
	at junit.framework.TestCase.run(TestCase.java:124)
	at junit.framework.TestSuite.runTest(TestSuite.java:232)
	at junit.framework.TestSuite.run(TestSuite.java:227)
	at junit.framework.TestSuite.runTest(TestSuite.java:232)
	at junit.framework.TestSuite.run(TestSuite.java:227)
	at junit.framework.TestSuite.runTest(TestSuite.java:232)
	at junit.framework.TestSuite.run(TestSuite.java:227)
	at org.apache.tools.ant.taskdefs.optional.junit.JUnitTestRunner.run(JUnitTestRunner.java:420)
	at org.apache.tools.ant.taskdefs.optional.junit.JUnitTestRunner.launch(JUnitTestRunner.java:911)
	at org.apache.tools.ant.taskdefs.optional.junit.JUnitTestRunner.main(JUnitTestRunner.java:768)
type: SubmissionType id: Unknown operator:stress - Create new SubmissionType.
com.topcoder.util.config.UnknownNamespaceException: com.topcoder.util.log is unknown
	at com.topcoder.util.config.DefaultConfigManager.getPropertyObject(DefaultConfigManager.java:429)
	at com.topcoder.util.config.DefaultConfigManager.getString(DefaultConfigManager.java:449)
	at com.topcoder.util.log.LogFactory.getAttribute(LogFactory.java:224)
	at com.topcoder.util.log.basic.BasicLog.log(BasicLog.java:74)
	at com.topcoder.management.deliverable.PersistenceUploadManager.persistenceUploadManagerHelper(PersistenceUploadManager.java:966)
	at com.topcoder.management.deliverable.PersistenceUploadManager.createSubmissionType(PersistenceUploadManager.java:847)
	at com.topcoder.management.deliverable.stresstests.StressTestPersistenceUploadManager.testCreateSubmissionType(StressTestPersistenceUploadManager.java:501)
	at com.topcoder.management.deliverable.stresstests.StressTestPersistenceUploadManager.testCreateSubmission(StressTestPersistenceUploadManager.java:161)
	at com.topcoder.management.deliverable.stresstests.StressTestPersistenceUploadManager.testSearchSubmissions(StressTestPersistenceUploadManager.java:264)
	at sun.reflect.NativeMethodAccessorImpl.invoke0(Native Method)
	at sun.reflect.NativeMethodAccessorImpl.invoke(NativeMethodAccessorImpl.java:57)
	at sun.reflect.DelegatingMethodAccessorImpl.invoke(DelegatingMethodAccessorImpl.java:43)
	at java.lang.reflect.Method.invoke(Method.java:616)
	at junit.framework.TestCase.runTest(TestCase.java:168)
	at junit.framework.TestCase.runBare(TestCase.java:134)
	at junit.framework.TestResult$1.protect(TestResult.java:110)
	at junit.framework.TestResult.runProtected(TestResult.java:128)
	at junit.framework.TestResult.run(TestResult.java:113)
	at junit.framework.TestCase.run(TestCase.java:124)
	at junit.framework.TestSuite.runTest(TestSuite.java:232)
	at junit.framework.TestSuite.run(TestSuite.java:227)
	at junit.framework.TestSuite.runTest(TestSuite.java:232)
	at junit.framework.TestSuite.run(TestSuite.java:227)
	at junit.framework.TestSuite.runTest(TestSuite.java:232)
	at junit.framework.TestSuite.run(TestSuite.java:227)
	at org.apache.tools.ant.taskdefs.optional.junit.JUnitTestRunner.run(JUnitTestRunner.java:420)
	at org.apache.tools.ant.taskdefs.optional.junit.JUnitTestRunner.launch(JUnitTestRunner.java:911)
	at org.apache.tools.ant.taskdefs.optional.junit.JUnitTestRunner.main(JUnitTestRunner.java:768)
generate next id from the idGenerator:submission_type_id_seq
com.topcoder.util.config.UnknownNamespaceException: com.topcoder.util.log is unknown
	at com.topcoder.util.config.DefaultConfigManager.getPropertyObject(DefaultConfigManager.java:429)
	at com.topcoder.util.config.DefaultConfigManager.getString(DefaultConfigManager.java:449)
	at com.topcoder.util.log.LogFactory.getAttribute(LogFactory.java:224)
	at com.topcoder.util.log.basic.BasicLog.log(BasicLog.java:74)
	at com.topcoder.management.deliverable.PersistenceUploadManager.createSubmission(PersistenceUploadManager.java:631)
	at com.topcoder.management.deliverable.stresstests.StressTestPersistenceUploadManager.testCreateSubmission(StressTestPersistenceUploadManager.java:170)
	at com.topcoder.management.deliverable.stresstests.StressTestPersistenceUploadManager.testSearchSubmissions(StressTestPersistenceUploadManager.java:264)
	at sun.reflect.NativeMethodAccessorImpl.invoke0(Native Method)
	at sun.reflect.NativeMethodAccessorImpl.invoke(NativeMethodAccessorImpl.java:57)
	at sun.reflect.DelegatingMethodAccessorImpl.invoke(DelegatingMethodAccessorImpl.java:43)
	at java.lang.reflect.Method.invoke(Method.java:616)
	at junit.framework.TestCase.runTest(TestCase.java:168)
	at junit.framework.TestCase.runBare(TestCase.java:134)
	at junit.framework.TestResult$1.protect(TestResult.java:110)
	at junit.framework.TestResult.runProtected(TestResult.java:128)
	at junit.framework.TestResult.run(TestResult.java:113)
	at junit.framework.TestCase.run(TestCase.java:124)
	at junit.framework.TestSuite.runTest(TestSuite.java:232)
	at junit.framework.TestSuite.run(TestSuite.java:227)
	at junit.framework.TestSuite.runTest(TestSuite.java:232)
	at junit.framework.TestSuite.run(TestSuite.java:227)
	at junit.framework.TestSuite.runTest(TestSuite.java:232)
	at junit.framework.TestSuite.run(TestSuite.java:227)
	at org.apache.tools.ant.taskdefs.optional.junit.JUnitTestRunner.run(JUnitTestRunner.java:420)
	at org.apache.tools.ant.taskdefs.optional.junit.JUnitTestRunner.launch(JUnitTestRunner.java:911)
	at org.apache.tools.ant.taskdefs.optional.junit.JUnitTestRunner.main(JUnitTestRunner.java:768)
type: Submission id: Unknown operator:operator - create new Submission.
com.topcoder.util.config.UnknownNamespaceException: com.topcoder.util.log is unknown
	at com.topcoder.util.config.DefaultConfigManager.getPropertyObject(DefaultConfigManager.java:429)
	at com.topcoder.util.config.DefaultConfigManager.getString(DefaultConfigManager.java:449)
	at com.topcoder.util.log.LogFactory.getAttribute(LogFactory.java:224)
	at com.topcoder.util.log.basic.BasicLog.log(BasicLog.java:74)
	at com.topcoder.management.deliverable.PersistenceUploadManager.persistenceUploadManagerHelper(PersistenceUploadManager.java:966)
	at com.topcoder.management.deliverable.PersistenceUploadManager.createSubmission(PersistenceUploadManager.java:632)
	at com.topcoder.management.deliverable.stresstests.StressTestPersistenceUploadManager.testCreateSubmission(StressTestPersistenceUploadManager.java:170)
	at com.topcoder.management.deliverable.stresstests.StressTestPersistenceUploadManager.testSearchSubmissions(StressTestPersistenceUploadManager.java:264)
	at sun.reflect.NativeMethodAccessorImpl.invoke0(Native Method)
	at sun.reflect.NativeMethodAccessorImpl.invoke(NativeMethodAccessorImpl.java:57)
	at sun.reflect.DelegatingMethodAccessorImpl.invoke(DelegatingMethodAccessorImpl.java:43)
	at java.lang.reflect.Method.invoke(Method.java:616)
	at junit.framework.TestCase.runTest(TestCase.java:168)
	at junit.framework.TestCase.runBare(TestCase.java:134)
	at junit.framework.TestResult$1.protect(TestResult.java:110)
	at junit.framework.TestResult.runProtected(TestResult.java:128)
	at junit.framework.TestResult.run(TestResult.java:113)
	at junit.framework.TestCase.run(TestCase.java:124)
	at junit.framework.TestSuite.runTest(TestSuite.java:232)
	at junit.framework.TestSuite.run(TestSuite.java:227)
	at junit.framework.TestSuite.runTest(TestSuite.java:232)
	at junit.framework.TestSuite.run(TestSuite.java:227)
	at junit.framework.TestSuite.runTest(TestSuite.java:232)
	at junit.framework.TestSuite.run(TestSuite.java:227)
	at org.apache.tools.ant.taskdefs.optional.junit.JUnitTestRunner.run(JUnitTestRunner.java:420)
	at org.apache.tools.ant.taskdefs.optional.junit.JUnitTestRunner.launch(JUnitTestRunner.java:911)
	at org.apache.tools.ant.taskdefs.optional.junit.JUnitTestRunner.main(JUnitTestRunner.java:768)
generate next id from the idGenerator:submission_id_seq
com.topcoder.util.config.UnknownNamespaceException: com.topcoder.util.log is unknown
	at com.topcoder.util.config.DefaultConfigManager.getPropertyObject(DefaultConfigManager.java:429)
	at com.topcoder.util.config.DefaultConfigManager.getString(DefaultConfigManager.java:449)
	at com.topcoder.util.log.LogFactory.getAttribute(LogFactory.java:224)
	at com.topcoder.util.log.basic.BasicLog.log(BasicLog.java:74)
	at com.topcoder.management.deliverable.PersistenceUploadManager.createSubmission(PersistenceUploadManager.java:631)
	at com.topcoder.management.deliverable.stresstests.StressTestPersistenceUploadManager.testCreateSubmission(StressTestPersistenceUploadManager.java:170)
	at com.topcoder.management.deliverable.stresstests.StressTestPersistenceUploadManager.testSearchSubmissions(StressTestPersistenceUploadManager.java:264)
	at sun.reflect.NativeMethodAccessorImpl.invoke0(Native Method)
	at sun.reflect.NativeMethodAccessorImpl.invoke(NativeMethodAccessorImpl.java:57)
	at sun.reflect.DelegatingMethodAccessorImpl.invoke(DelegatingMethodAccessorImpl.java:43)
	at java.lang.reflect.Method.invoke(Method.java:616)
	at junit.framework.TestCase.runTest(TestCase.java:168)
	at junit.framework.TestCase.runBare(TestCase.java:134)
	at junit.framework.TestResult$1.protect(TestResult.java:110)
	at junit.framework.TestResult.runProtected(TestResult.java:128)
	at junit.framework.TestResult.run(TestResult.java:113)
	at junit.framework.TestCase.run(TestCase.java:124)
	at junit.framework.TestSuite.runTest(TestSuite.java:232)
	at junit.framework.TestSuite.run(TestSuite.java:227)
	at junit.framework.TestSuite.runTest(TestSuite.java:232)
	at junit.framework.TestSuite.run(TestSuite.java:227)
	at junit.framework.TestSuite.runTest(TestSuite.java:232)
	at junit.framework.TestSuite.run(TestSuite.java:227)
	at org.apache.tools.ant.taskdefs.optional.junit.JUnitTestRunner.run(JUnitTestRunner.java:420)
	at org.apache.tools.ant.taskdefs.optional.junit.JUnitTestRunner.launch(JUnitTestRunner.java:911)
	at org.apache.tools.ant.taskdefs.optional.junit.JUnitTestRunner.main(JUnitTestRunner.java:768)
type: Submission id: Unknown operator:operator - create new Submission.
com.topcoder.util.config.UnknownNamespaceException: com.topcoder.util.log is unknown
	at com.topcoder.util.config.DefaultConfigManager.getPropertyObject(DefaultConfigManager.java:429)
	at com.topcoder.util.config.DefaultConfigManager.getString(DefaultConfigManager.java:449)
	at com.topcoder.util.log.LogFactory.getAttribute(LogFactory.java:224)
	at com.topcoder.util.log.basic.BasicLog.log(BasicLog.java:74)
	at com.topcoder.management.deliverable.PersistenceUploadManager.persistenceUploadManagerHelper(PersistenceUploadManager.java:966)
	at com.topcoder.management.deliverable.PersistenceUploadManager.createSubmission(PersistenceUploadManager.java:632)
	at com.topcoder.management.deliverable.stresstests.StressTestPersistenceUploadManager.testCreateSubmission(StressTestPersistenceUploadManager.java:170)
	at com.topcoder.management.deliverable.stresstests.StressTestPersistenceUploadManager.testSearchSubmissions(StressTestPersistenceUploadManager.java:264)
	at sun.reflect.NativeMethodAccessorImpl.invoke0(Native Method)
	at sun.reflect.NativeMethodAccessorImpl.invoke(NativeMethodAccessorImpl.java:57)
	at sun.reflect.DelegatingMethodAccessorImpl.invoke(DelegatingMethodAccessorImpl.java:43)
	at java.lang.reflect.Method.invoke(Method.java:616)
	at junit.framework.TestCase.runTest(TestCase.java:168)
	at junit.framework.TestCase.runBare(TestCase.java:134)
	at junit.framework.TestResult$1.protect(TestResult.java:110)
	at junit.framework.TestResult.runProtected(TestResult.java:128)
	at junit.framework.TestResult.run(TestResult.java:113)
	at junit.framework.TestCase.run(TestCase.java:124)
	at junit.framework.TestSuite.runTest(TestSuite.java:232)
	at junit.framework.TestSuite.run(TestSuite.java:227)
	at junit.framework.TestSuite.runTest(TestSuite.java:232)
	at junit.framework.TestSuite.run(TestSuite.java:227)
	at junit.framework.TestSuite.runTest(TestSuite.java:232)
	at junit.framework.TestSuite.run(TestSuite.java:227)
	at org.apache.tools.ant.taskdefs.optional.junit.JUnitTestRunner.run(JUnitTestRunner.java:420)
	at org.apache.tools.ant.taskdefs.optional.junit.JUnitTestRunner.launch(JUnitTestRunner.java:911)
	at org.apache.tools.ant.taskdefs.optional.junit.JUnitTestRunner.main(JUnitTestRunner.java:768)
generate next id from the idGenerator:submission_id_seq
com.topcoder.util.config.UnknownNamespaceException: com.topcoder.util.log is unknown
	at com.topcoder.util.config.DefaultConfigManager.getPropertyObject(DefaultConfigManager.java:429)
	at com.topcoder.util.config.DefaultConfigManager.getString(DefaultConfigManager.java:449)
	at com.topcoder.util.log.LogFactory.getAttribute(LogFactory.java:224)
	at com.topcoder.util.log.basic.BasicLog.log(BasicLog.java:74)
	at com.topcoder.management.deliverable.PersistenceUploadManager.searchSubmissions(PersistenceUploadManager.java:726)
	at com.topcoder.management.deliverable.stresstests.StressTestPersistenceUploadManager.searchSubmissions(StressTestPersistenceUploadManager.java:248)
	at com.topcoder.management.deliverable.stresstests.StressTestPersistenceUploadManager.testCreateSubmission(StressTestPersistenceUploadManager.java:174)
	at com.topcoder.management.deliverable.stresstests.StressTestPersistenceUploadManager.testSearchSubmissions(StressTestPersistenceUploadManager.java:264)
	at sun.reflect.NativeMethodAccessorImpl.invoke0(Native Method)
	at sun.reflect.NativeMethodAccessorImpl.invoke(NativeMethodAccessorImpl.java:57)
	at sun.reflect.DelegatingMethodAccessorImpl.invoke(DelegatingMethodAccessorImpl.java:43)
	at java.lang.reflect.Method.invoke(Method.java:616)
	at junit.framework.TestCase.runTest(TestCase.java:168)
	at junit.framework.TestCase.runBare(TestCase.java:134)
	at junit.framework.TestResult$1.protect(TestResult.java:110)
	at junit.framework.TestResult.runProtected(TestResult.java:128)
	at junit.framework.TestResult.run(TestResult.java:113)
	at junit.framework.TestCase.run(TestCase.java:124)
	at junit.framework.TestSuite.runTest(TestSuite.java:232)
	at junit.framework.TestSuite.run(TestSuite.java:227)
	at junit.framework.TestSuite.runTest(TestSuite.java:232)
	at junit.framework.TestSuite.run(TestSuite.java:227)
	at junit.framework.TestSuite.runTest(TestSuite.java:232)
	at junit.framework.TestSuite.run(TestSuite.java:227)
	at org.apache.tools.ant.taskdefs.optional.junit.JUnitTestRunner.run(JUnitTestRunner.java:420)
	at org.apache.tools.ant.taskdefs.optional.junit.JUnitTestRunner.launch(JUnitTestRunner.java:911)
	at org.apache.tools.ant.taskdefs.optional.junit.JUnitTestRunner.main(JUnitTestRunner.java:768)
type: Upload id: Unknown operator:Unknown - search submissions with filter. found: 4
com.topcoder.util.config.UnknownNamespaceException: com.topcoder.util.log is unknown
	at com.topcoder.util.config.DefaultConfigManager.getPropertyObject(DefaultConfigManager.java:429)
	at com.topcoder.util.config.DefaultConfigManager.getString(DefaultConfigManager.java:449)
	at com.topcoder.util.log.LogFactory.getAttribute(LogFactory.java:224)
	at com.topcoder.util.log.basic.BasicLog.log(BasicLog.java:74)
	at com.topcoder.management.deliverable.persistence.sql.MyUploadPersistence.loadSubmissions(MyUploadPersistence.java:1249)
	at com.topcoder.management.deliverable.PersistenceUploadManager.searchSubmissions(PersistenceUploadManager.java:728)
	at com.topcoder.management.deliverable.stresstests.StressTestPersistenceUploadManager.searchSubmissions(StressTestPersistenceUploadManager.java:248)
	at com.topcoder.management.deliverable.stresstests.StressTestPersistenceUploadManager.testCreateSubmission(StressTestPersistenceUploadManager.java:174)
	at com.topcoder.management.deliverable.stresstests.StressTestPersistenceUploadManager.testSearchSubmissions(StressTestPersistenceUploadManager.java:264)
	at sun.reflect.NativeMethodAccessorImpl.invoke0(Native Method)
	at sun.reflect.NativeMethodAccessorImpl.invoke(NativeMethodAccessorImpl.java:57)
	at sun.reflect.DelegatingMethodAccessorImpl.invoke(DelegatingMethodAccessorImpl.java:43)
	at java.lang.reflect.Method.invoke(Method.java:616)
	at junit.framework.TestCase.runTest(TestCase.java:168)
	at junit.framework.TestCase.runBare(TestCase.java:134)
	at junit.framework.TestResult$1.protect(TestResult.java:110)
	at junit.framework.TestResult.runProtected(TestResult.java:128)
	at junit.framework.TestResult.run(TestResult.java:113)
	at junit.framework.TestCase.run(TestCase.java:124)
	at junit.framework.TestSuite.runTest(TestSuite.java:232)
	at junit.framework.TestSuite.run(TestSuite.java:227)
	at junit.framework.TestSuite.runTest(TestSuite.java:232)
	at junit.framework.TestSuite.run(TestSuite.java:227)
	at junit.framework.TestSuite.runTest(TestSuite.java:232)
	at junit.framework.TestSuite.run(TestSuite.java:227)
	at org.apache.tools.ant.taskdefs.optional.junit.JUnitTestRunner.run(JUnitTestRunner.java:420)
	at org.apache.tools.ant.taskdefs.optional.junit.JUnitTestRunner.launch(JUnitTestRunner.java:911)
	at org.apache.tools.ant.taskdefs.optional.junit.JUnitTestRunner.main(JUnitTestRunner.java:768)
 Loading: 4
com.topcoder.util.config.UnknownNamespaceException: com.topcoder.util.log is unknown
	at com.topcoder.util.config.DefaultConfigManager.getPropertyObject(DefaultConfigManager.java:429)
	at com.topcoder.util.config.DefaultConfigManager.getString(DefaultConfigManager.java:449)
	at com.topcoder.util.log.LogFactory.getAttribute(LogFactory.java:224)
	at com.topcoder.util.log.basic.BasicLog.log(BasicLog.java:74)
	at com.topcoder.management.deliverable.PersistenceUploadManager.searchSubmissions(PersistenceUploadManager.java:726)
	at com.topcoder.management.deliverable.stresstests.StressTestPersistenceUploadManager.searchSubmissions(StressTestPersistenceUploadManager.java:248)
	at com.topcoder.management.deliverable.stresstests.StressTestPersistenceUploadManager.testSearchSubmissions(StressTestPersistenceUploadManager.java:267)
	at sun.reflect.NativeMethodAccessorImpl.invoke0(Native Method)
	at sun.reflect.NativeMethodAccessorImpl.invoke(NativeMethodAccessorImpl.java:57)
	at sun.reflect.DelegatingMethodAccessorImpl.invoke(DelegatingMethodAccessorImpl.java:43)
	at java.lang.reflect.Method.invoke(Method.java:616)
	at junit.framework.TestCase.runTest(TestCase.java:168)
	at junit.framework.TestCase.runBare(TestCase.java:134)
	at junit.framework.TestResult$1.protect(TestResult.java:110)
	at junit.framework.TestResult.runProtected(TestResult.java:128)
	at junit.framework.TestResult.run(TestResult.java:113)
	at junit.framework.TestCase.run(TestCase.java:124)
	at junit.framework.TestSuite.runTest(TestSuite.java:232)
	at junit.framework.TestSuite.run(TestSuite.java:227)
	at junit.framework.TestSuite.runTest(TestSuite.java:232)
	at junit.framework.TestSuite.run(TestSuite.java:227)
	at junit.framework.TestSuite.runTest(TestSuite.java:232)
	at junit.framework.TestSuite.run(TestSuite.java:227)
	at org.apache.tools.ant.taskdefs.optional.junit.JUnitTestRunner.run(JUnitTestRunner.java:420)
	at org.apache.tools.ant.taskdefs.optional.junit.JUnitTestRunner.launch(JUnitTestRunner.java:911)
	at org.apache.tools.ant.taskdefs.optional.junit.JUnitTestRunner.main(JUnitTestRunner.java:768)
type: Upload id: Unknown operator:Unknown - search submissions with filter. found: 4
com.topcoder.util.config.UnknownNamespaceException: com.topcoder.util.log is unknown
	at com.topcoder.util.config.DefaultConfigManager.getPropertyObject(DefaultConfigManager.java:429)
	at com.topcoder.util.config.DefaultConfigManager.getString(DefaultConfigManager.java:449)
	at com.topcoder.util.log.LogFactory.getAttribute(LogFactory.java:224)
	at com.topcoder.util.log.basic.BasicLog.log(BasicLog.java:74)
	at com.topcoder.management.deliverable.persistence.sql.MyUploadPersistence.loadSubmissions(MyUploadPersistence.java:1249)
	at com.topcoder.management.deliverable.PersistenceUploadManager.searchSubmissions(PersistenceUploadManager.java:728)
	at com.topcoder.management.deliverable.stresstests.StressTestPersistenceUploadManager.searchSubmissions(StressTestPersistenceUploadManager.java:248)
	at com.topcoder.management.deliverable.stresstests.StressTestPersistenceUploadManager.testSearchSubmissions(StressTestPersistenceUploadManager.java:267)
	at sun.reflect.NativeMethodAccessorImpl.invoke0(Native Method)
	at sun.reflect.NativeMethodAccessorImpl.invoke(NativeMethodAccessorImpl.java:57)
	at sun.reflect.DelegatingMethodAccessorImpl.invoke(DelegatingMethodAccessorImpl.java:43)
	at java.lang.reflect.Method.invoke(Method.java:616)
	at junit.framework.TestCase.runTest(TestCase.java:168)
	at junit.framework.TestCase.runBare(TestCase.java:134)
	at junit.framework.TestResult$1.protect(TestResult.java:110)
	at junit.framework.TestResult.runProtected(TestResult.java:128)
	at junit.framework.TestResult.run(TestResult.java:113)
	at junit.framework.TestCase.run(TestCase.java:124)
	at junit.framework.TestSuite.runTest(TestSuite.java:232)
	at junit.framework.TestSuite.run(TestSuite.java:227)
	at junit.framework.TestSuite.runTest(TestSuite.java:232)
	at junit.framework.TestSuite.run(TestSuite.java:227)
	at junit.framework.TestSuite.runTest(TestSuite.java:232)
	at junit.framework.TestSuite.run(TestSuite.java:227)
	at org.apache.tools.ant.taskdefs.optional.junit.JUnitTestRunner.run(JUnitTestRunner.java:420)
	at org.apache.tools.ant.taskdefs.optional.junit.JUnitTestRunner.launch(JUnitTestRunner.java:911)
	at org.apache.tools.ant.taskdefs.optional.junit.JUnitTestRunner.main(JUnitTestRunner.java:768)
 Loading: 4
com.topcoder.util.config.UnknownNamespaceException: com.topcoder.util.log is unknown
	at com.topcoder.util.config.DefaultConfigManager.getPropertyObject(DefaultConfigManager.java:429)
	at com.topcoder.util.config.DefaultConfigManager.getString(DefaultConfigManager.java:449)
	at com.topcoder.util.log.LogFactory.getAttribute(LogFactory.java:224)
	at com.topcoder.util.log.basic.BasicLog.log(BasicLog.java:74)
	at com.topcoder.management.deliverable.PersistenceUploadManager.searchSubmissions(PersistenceUploadManager.java:726)
	at com.topcoder.management.deliverable.stresstests.StressTestPersistenceUploadManager.searchSubmissions(StressTestPersistenceUploadManager.java:248)
	at com.topcoder.management.deliverable.stresstests.StressTestPersistenceUploadManager.testSearchSubmissions(StressTestPersistenceUploadManager.java:267)
	at sun.reflect.NativeMethodAccessorImpl.invoke0(Native Method)
	at sun.reflect.NativeMethodAccessorImpl.invoke(NativeMethodAccessorImpl.java:57)
	at sun.reflect.DelegatingMethodAccessorImpl.invoke(DelegatingMethodAccessorImpl.java:43)
	at java.lang.reflect.Method.invoke(Method.java:616)
	at junit.framework.TestCase.runTest(TestCase.java:168)
	at junit.framework.TestCase.runBare(TestCase.java:134)
	at junit.framework.TestResult$1.protect(TestResult.java:110)
	at junit.framework.TestResult.runProtected(TestResult.java:128)
	at junit.framework.TestResult.run(TestResult.java:113)
	at junit.framework.TestCase.run(TestCase.java:124)
	at junit.framework.TestSuite.runTest(TestSuite.java:232)
	at junit.framework.TestSuite.run(TestSuite.java:227)
	at junit.framework.TestSuite.runTest(TestSuite.java:232)
	at junit.framework.TestSuite.run(TestSuite.java:227)
	at junit.framework.TestSuite.runTest(TestSuite.java:232)
	at junit.framework.TestSuite.run(TestSuite.java:227)
	at org.apache.tools.ant.taskdefs.optional.junit.JUnitTestRunner.run(JUnitTestRunner.java:420)
	at org.apache.tools.ant.taskdefs.optional.junit.JUnitTestRunner.launch(JUnitTestRunner.java:911)
	at org.apache.tools.ant.taskdefs.optional.junit.JUnitTestRunner.main(JUnitTestRunner.java:768)
type: Upload id: Unknown operator:Unknown - search submissions with filter. found: 4
com.topcoder.util.config.UnknownNamespaceException: com.topcoder.util.log is unknown
	at com.topcoder.util.config.DefaultConfigManager.getPropertyObject(DefaultConfigManager.java:429)
	at com.topcoder.util.config.DefaultConfigManager.getString(DefaultConfigManager.java:449)
	at com.topcoder.util.log.LogFactory.getAttribute(LogFactory.java:224)
	at com.topcoder.util.log.basic.BasicLog.log(BasicLog.java:74)
	at com.topcoder.management.deliverable.persistence.sql.MyUploadPersistence.loadSubmissions(MyUploadPersistence.java:1249)
	at com.topcoder.management.deliverable.PersistenceUploadManager.searchSubmissions(PersistenceUploadManager.java:728)
	at com.topcoder.management.deliverable.stresstests.StressTestPersistenceUploadManager.searchSubmissions(StressTestPersistenceUploadManager.java:248)
	at com.topcoder.management.deliverable.stresstests.StressTestPersistenceUploadManager.testSearchSubmissions(StressTestPersistenceUploadManager.java:267)
	at sun.reflect.NativeMethodAccessorImpl.invoke0(Native Method)
	at sun.reflect.NativeMethodAccessorImpl.invoke(NativeMethodAccessorImpl.java:57)
	at sun.reflect.DelegatingMethodAccessorImpl.invoke(DelegatingMethodAccessorImpl.java:43)
	at java.lang.reflect.Method.invoke(Method.java:616)
	at junit.framework.TestCase.runTest(TestCase.java:168)
	at junit.framework.TestCase.runBare(TestCase.java:134)
	at junit.framework.TestResult$1.protect(TestResult.java:110)
	at junit.framework.TestResult.runProtected(TestResult.java:128)
	at junit.framework.TestResult.run(TestResult.java:113)
	at junit.framework.TestCase.run(TestCase.java:124)
	at junit.framework.TestSuite.runTest(TestSuite.java:232)
	at junit.framework.TestSuite.run(TestSuite.java:227)
	at junit.framework.TestSuite.runTest(TestSuite.java:232)
	at junit.framework.TestSuite.run(TestSuite.java:227)
	at junit.framework.TestSuite.runTest(TestSuite.java:232)
	at junit.framework.TestSuite.run(TestSuite.java:227)
	at org.apache.tools.ant.taskdefs.optional.junit.JUnitTestRunner.run(JUnitTestRunner.java:420)
	at org.apache.tools.ant.taskdefs.optional.junit.JUnitTestRunner.launch(JUnitTestRunner.java:911)
	at org.apache.tools.ant.taskdefs.optional.junit.JUnitTestRunner.main(JUnitTestRunner.java:768)
 Loading: 4
com.topcoder.util.config.UnknownNamespaceException: com.topcoder.util.log is unknown
	at com.topcoder.util.config.DefaultConfigManager.getPropertyObject(DefaultConfigManager.java:429)
	at com.topcoder.util.config.DefaultConfigManager.getString(DefaultConfigManager.java:449)
	at com.topcoder.util.log.LogFactory.getAttribute(LogFactory.java:224)
	at com.topcoder.util.log.basic.BasicLog.log(BasicLog.java:74)
	at com.topcoder.management.deliverable.stresstests.StressTestPersistenceUploadManager.tearDown(StressTestPersistenceUploadManager.java:121)
	at junit.framework.TestCase.runBare(TestCase.java:140)
	at junit.framework.TestResult$1.protect(TestResult.java:110)
	at junit.framework.TestResult.runProtected(TestResult.java:128)
	at junit.framework.TestResult.run(TestResult.java:113)
	at junit.framework.TestCase.run(TestCase.java:124)
	at junit.framework.TestSuite.runTest(TestSuite.java:232)
	at junit.framework.TestSuite.run(TestSuite.java:227)
	at junit.framework.TestSuite.runTest(TestSuite.java:232)
	at junit.framework.TestSuite.run(TestSuite.java:227)
	at junit.framework.TestSuite.runTest(TestSuite.java:232)
	at junit.framework.TestSuite.run(TestSuite.java:227)
	at org.apache.tools.ant.taskdefs.optional.junit.JUnitTestRunner.run(JUnitTestRunner.java:420)
	at org.apache.tools.ant.taskdefs.optional.junit.JUnitTestRunner.launch(JUnitTestRunner.java:911)
	at org.apache.tools.ant.taskdefs.optional.junit.JUnitTestRunner.main(JUnitTestRunner.java:768)
StressTestPersistenceUploadManager - tearDown - start
com.topcoder.util.config.UnknownNamespaceException: com.topcoder.util.log is unknown
	at com.topcoder.util.config.DefaultConfigManager.getPropertyObject(DefaultConfigManager.java:429)
	at com.topcoder.util.config.DefaultConfigManager.getString(DefaultConfigManager.java:449)
	at com.topcoder.util.log.LogFactory.getAttribute(LogFactory.java:224)
	at com.topcoder.util.log.basic.BasicLog.log(BasicLog.java:74)
	at com.topcoder.management.deliverable.stresstests.StressTestPersistenceUploadManager.tearDown(StressTestPersistenceUploadManager.java:126)
	at junit.framework.TestCase.runBare(TestCase.java:140)
	at junit.framework.TestResult$1.protect(TestResult.java:110)
	at junit.framework.TestResult.runProtected(TestResult.java:128)
	at junit.framework.TestResult.run(TestResult.java:113)
	at junit.framework.TestCase.run(TestCase.java:124)
	at junit.framework.TestSuite.runTest(TestSuite.java:232)
	at junit.framework.TestSuite.run(TestSuite.java:227)
	at junit.framework.TestSuite.runTest(TestSuite.java:232)
	at junit.framework.TestSuite.run(TestSuite.java:227)
	at junit.framework.TestSuite.runTest(TestSuite.java:232)
	at junit.framework.TestSuite.run(TestSuite.java:227)
	at org.apache.tools.ant.taskdefs.optional.junit.JUnitTestRunner.run(JUnitTestRunner.java:420)
	at org.apache.tools.ant.taskdefs.optional.junit.JUnitTestRunner.launch(JUnitTestRunner.java:911)
	at org.apache.tools.ant.taskdefs.optional.junit.JUnitTestRunner.main(JUnitTestRunner.java:768)
StressTestPersistenceUploadManager - tearDown - end
com.topcoder.util.config.UnknownNamespaceException: com.topcoder.util.log is unknown
	at com.topcoder.util.config.DefaultConfigManager.getPropertyObject(DefaultConfigManager.java:429)
	at com.topcoder.util.config.DefaultConfigManager.getString(DefaultConfigManager.java:449)
	at com.topcoder.util.log.LogFactory.getAttribute(LogFactory.java:224)
	at com.topcoder.util.log.basic.BasicLog.log(BasicLog.java:74)
	at com.topcoder.management.deliverable.stresstests.StressTestPersistenceUploadManager.setUp(StressTestPersistenceUploadManager.java:71)
	at junit.framework.TestCase.runBare(TestCase.java:132)
	at junit.framework.TestResult$1.protect(TestResult.java:110)
	at junit.framework.TestResult.runProtected(TestResult.java:128)
	at junit.framework.TestResult.run(TestResult.java:113)
	at junit.framework.TestCase.run(TestCase.java:124)
	at junit.framework.TestSuite.runTest(TestSuite.java:232)
	at junit.framework.TestSuite.run(TestSuite.java:227)
	at junit.framework.TestSuite.runTest(TestSuite.java:232)
	at junit.framework.TestSuite.run(TestSuite.java:227)
	at junit.framework.TestSuite.runTest(TestSuite.java:232)
	at junit.framework.TestSuite.run(TestSuite.java:227)
	at org.apache.tools.ant.taskdefs.optional.junit.JUnitTestRunner.run(JUnitTestRunner.java:420)
	at org.apache.tools.ant.taskdefs.optional.junit.JUnitTestRunner.launch(JUnitTestRunner.java:911)
	at org.apache.tools.ant.taskdefs.optional.junit.JUnitTestRunner.main(JUnitTestRunner.java:768)
StressTestPersistenceUploadManager - setUp - start
com.topcoder.util.config.UnknownNamespaceException: com.topcoder.util.log is unknown
	at com.topcoder.util.config.DefaultConfigManager.getPropertyObject(DefaultConfigManager.java:429)
	at com.topcoder.util.config.DefaultConfigManager.getString(DefaultConfigManager.java:449)
	at com.topcoder.util.log.LogFactory.getAttribute(LogFactory.java:224)
	at com.topcoder.util.log.basic.BasicLog.log(BasicLog.java:74)
	at com.topcoder.management.deliverable.PersistenceUploadManager.<init>(PersistenceUploadManager.java:260)
	at com.topcoder.management.deliverable.PersistenceUploadManager.<init>(PersistenceUploadManager.java:306)
	at com.topcoder.management.deliverable.stresstests.StressTestPersistenceUploadManager.setUp(StressTestPersistenceUploadManager.java:109)
	at junit.framework.TestCase.runBare(TestCase.java:132)
	at junit.framework.TestResult$1.protect(TestResult.java:110)
	at junit.framework.TestResult.runProtected(TestResult.java:128)
	at junit.framework.TestResult.run(TestResult.java:113)
	at junit.framework.TestCase.run(TestCase.java:124)
	at junit.framework.TestSuite.runTest(TestSuite.java:232)
	at junit.framework.TestSuite.run(TestSuite.java:227)
	at junit.framework.TestSuite.runTest(TestSuite.java:232)
	at junit.framework.TestSuite.run(TestSuite.java:227)
	at junit.framework.TestSuite.runTest(TestSuite.java:232)
	at junit.framework.TestSuite.run(TestSuite.java:227)
	at org.apache.tools.ant.taskdefs.optional.junit.JUnitTestRunner.run(JUnitTestRunner.java:420)
	at org.apache.tools.ant.taskdefs.optional.junit.JUnitTestRunner.launch(JUnitTestRunner.java:911)
	at org.apache.tools.ant.taskdefs.optional.junit.JUnitTestRunner.main(JUnitTestRunner.java:768)
Instantiate PersistenceUploadManager with UploadPersistence, uploadSearchBundle, submissionSearchBundle, uploadIdGenerator, uploadTypeIdGenerator, uploadStatusIdGenerator, submissionIDGenerator and submissionStatusIdGenerator.
com.topcoder.util.config.UnknownNamespaceException: com.topcoder.util.log is unknown
	at com.topcoder.util.config.DefaultConfigManager.getPropertyObject(DefaultConfigManager.java:429)
	at com.topcoder.util.config.DefaultConfigManager.getString(DefaultConfigManager.java:449)
	at com.topcoder.util.log.LogFactory.getAttribute(LogFactory.java:224)
	at com.topcoder.util.log.basic.BasicLog.log(BasicLog.java:74)
	at com.topcoder.management.deliverable.stresstests.StressTestPersistenceUploadManager.setUp(StressTestPersistenceUploadManager.java:111)
	at junit.framework.TestCase.runBare(TestCase.java:132)
	at junit.framework.TestResult$1.protect(TestResult.java:110)
	at junit.framework.TestResult.runProtected(TestResult.java:128)
	at junit.framework.TestResult.run(TestResult.java:113)
	at junit.framework.TestCase.run(TestCase.java:124)
	at junit.framework.TestSuite.runTest(TestSuite.java:232)
	at junit.framework.TestSuite.run(TestSuite.java:227)
	at junit.framework.TestSuite.runTest(TestSuite.java:232)
	at junit.framework.TestSuite.run(TestSuite.java:227)
	at junit.framework.TestSuite.runTest(TestSuite.java:232)
	at junit.framework.TestSuite.run(TestSuite.java:227)
	at org.apache.tools.ant.taskdefs.optional.junit.JUnitTestRunner.run(JUnitTestRunner.java:420)
	at org.apache.tools.ant.taskdefs.optional.junit.JUnitTestRunner.launch(JUnitTestRunner.java:911)
	at org.apache.tools.ant.taskdefs.optional.junit.JUnitTestRunner.main(JUnitTestRunner.java:768)
StressTestPersistenceUploadManager - setUp - end
com.topcoder.util.config.UnknownNamespaceException: com.topcoder.util.log is unknown
	at com.topcoder.util.config.DefaultConfigManager.getPropertyObject(DefaultConfigManager.java:429)
	at com.topcoder.util.config.DefaultConfigManager.getString(DefaultConfigManager.java:449)
	at com.topcoder.util.log.LogFactory.getAttribute(LogFactory.java:224)
	at com.topcoder.util.log.basic.BasicLog.log(BasicLog.java:74)
	at com.topcoder.management.deliverable.PersistenceUploadManager.createUploadType(PersistenceUploadManager.java:453)
	at com.topcoder.management.deliverable.stresstests.StressTestPersistenceUploadManager.testCreateUploadType(StressTestPersistenceUploadManager.java:594)
	at com.topcoder.management.deliverable.stresstests.StressTestPersistenceUploadManager.testCreateUpload(StressTestPersistenceUploadManager.java:616)
	at com.topcoder.management.deliverable.stresstests.StressTestPersistenceUploadManager.testSearchUploads(StressTestPersistenceUploadManager.java:703)
	at sun.reflect.NativeMethodAccessorImpl.invoke0(Native Method)
	at sun.reflect.NativeMethodAccessorImpl.invoke(NativeMethodAccessorImpl.java:57)
	at sun.reflect.DelegatingMethodAccessorImpl.invoke(DelegatingMethodAccessorImpl.java:43)
	at java.lang.reflect.Method.invoke(Method.java:616)
	at junit.framework.TestCase.runTest(TestCase.java:168)
	at junit.framework.TestCase.runBare(TestCase.java:134)
	at junit.framework.TestResult$1.protect(TestResult.java:110)
	at junit.framework.TestResult.runProtected(TestResult.java:128)
	at junit.framework.TestResult.run(TestResult.java:113)
	at junit.framework.TestCase.run(TestCase.java:124)
	at junit.framework.TestSuite.runTest(TestSuite.java:232)
	at junit.framework.TestSuite.run(TestSuite.java:227)
	at junit.framework.TestSuite.runTest(TestSuite.java:232)
	at junit.framework.TestSuite.run(TestSuite.java:227)
	at junit.framework.TestSuite.runTest(TestSuite.java:232)
	at junit.framework.TestSuite.run(TestSuite.java:227)
	at org.apache.tools.ant.taskdefs.optional.junit.JUnitTestRunner.run(JUnitTestRunner.java:420)
	at org.apache.tools.ant.taskdefs.optional.junit.JUnitTestRunner.launch(JUnitTestRunner.java:911)
	at org.apache.tools.ant.taskdefs.optional.junit.JUnitTestRunner.main(JUnitTestRunner.java:768)
type: UploadType id: Unknown operator:stress - Create new UploadType.
com.topcoder.util.config.UnknownNamespaceException: com.topcoder.util.log is unknown
	at com.topcoder.util.config.DefaultConfigManager.getPropertyObject(DefaultConfigManager.java:429)
	at com.topcoder.util.config.DefaultConfigManager.getString(DefaultConfigManager.java:449)
	at com.topcoder.util.log.LogFactory.getAttribute(LogFactory.java:224)
	at com.topcoder.util.log.basic.BasicLog.log(BasicLog.java:74)
	at com.topcoder.management.deliverable.PersistenceUploadManager.persistenceUploadManagerHelper(PersistenceUploadManager.java:966)
	at com.topcoder.management.deliverable.PersistenceUploadManager.createUploadType(PersistenceUploadManager.java:454)
	at com.topcoder.management.deliverable.stresstests.StressTestPersistenceUploadManager.testCreateUploadType(StressTestPersistenceUploadManager.java:594)
	at com.topcoder.management.deliverable.stresstests.StressTestPersistenceUploadManager.testCreateUpload(StressTestPersistenceUploadManager.java:616)
	at com.topcoder.management.deliverable.stresstests.StressTestPersistenceUploadManager.testSearchUploads(StressTestPersistenceUploadManager.java:703)
	at sun.reflect.NativeMethodAccessorImpl.invoke0(Native Method)
	at sun.reflect.NativeMethodAccessorImpl.invoke(NativeMethodAccessorImpl.java:57)
	at sun.reflect.DelegatingMethodAccessorImpl.invoke(DelegatingMethodAccessorImpl.java:43)
	at java.lang.reflect.Method.invoke(Method.java:616)
	at junit.framework.TestCase.runTest(TestCase.java:168)
	at junit.framework.TestCase.runBare(TestCase.java:134)
	at junit.framework.TestResult$1.protect(TestResult.java:110)
	at junit.framework.TestResult.runProtected(TestResult.java:128)
	at junit.framework.TestResult.run(TestResult.java:113)
	at junit.framework.TestCase.run(TestCase.java:124)
	at junit.framework.TestSuite.runTest(TestSuite.java:232)
	at junit.framework.TestSuite.run(TestSuite.java:227)
	at junit.framework.TestSuite.runTest(TestSuite.java:232)
	at junit.framework.TestSuite.run(TestSuite.java:227)
	at junit.framework.TestSuite.runTest(TestSuite.java:232)
	at junit.framework.TestSuite.run(TestSuite.java:227)
	at org.apache.tools.ant.taskdefs.optional.junit.JUnitTestRunner.run(JUnitTestRunner.java:420)
	at org.apache.tools.ant.taskdefs.optional.junit.JUnitTestRunner.launch(JUnitTestRunner.java:911)
	at org.apache.tools.ant.taskdefs.optional.junit.JUnitTestRunner.main(JUnitTestRunner.java:768)
generate next id from the idGenerator:upload_type_id_seq
com.topcoder.util.config.UnknownNamespaceException: com.topcoder.util.log is unknown
	at com.topcoder.util.config.DefaultConfigManager.getPropertyObject(DefaultConfigManager.java:429)
	at com.topcoder.util.config.DefaultConfigManager.getString(DefaultConfigManager.java:449)
	at com.topcoder.util.log.LogFactory.getAttribute(LogFactory.java:224)
	at com.topcoder.util.log.basic.BasicLog.log(BasicLog.java:74)
	at com.topcoder.management.deliverable.PersistenceUploadManager.createUploadType(PersistenceUploadManager.java:453)
	at com.topcoder.management.deliverable.stresstests.StressTestPersistenceUploadManager.testCreateUploadType(StressTestPersistenceUploadManager.java:594)
	at com.topcoder.management.deliverable.stresstests.StressTestPersistenceUploadManager.testCreateUpload(StressTestPersistenceUploadManager.java:616)
	at com.topcoder.management.deliverable.stresstests.StressTestPersistenceUploadManager.testSearchUploads(StressTestPersistenceUploadManager.java:703)
	at sun.reflect.NativeMethodAccessorImpl.invoke0(Native Method)
	at sun.reflect.NativeMethodAccessorImpl.invoke(NativeMethodAccessorImpl.java:57)
	at sun.reflect.DelegatingMethodAccessorImpl.invoke(DelegatingMethodAccessorImpl.java:43)
	at java.lang.reflect.Method.invoke(Method.java:616)
	at junit.framework.TestCase.runTest(TestCase.java:168)
	at junit.framework.TestCase.runBare(TestCase.java:134)
	at junit.framework.TestResult$1.protect(TestResult.java:110)
	at junit.framework.TestResult.runProtected(TestResult.java:128)
	at junit.framework.TestResult.run(TestResult.java:113)
	at junit.framework.TestCase.run(TestCase.java:124)
	at junit.framework.TestSuite.runTest(TestSuite.java:232)
	at junit.framework.TestSuite.run(TestSuite.java:227)
	at junit.framework.TestSuite.runTest(TestSuite.java:232)
	at junit.framework.TestSuite.run(TestSuite.java:227)
	at junit.framework.TestSuite.runTest(TestSuite.java:232)
	at junit.framework.TestSuite.run(TestSuite.java:227)
	at org.apache.tools.ant.taskdefs.optional.junit.JUnitTestRunner.run(JUnitTestRunner.java:420)
	at org.apache.tools.ant.taskdefs.optional.junit.JUnitTestRunner.launch(JUnitTestRunner.java:911)
	at org.apache.tools.ant.taskdefs.optional.junit.JUnitTestRunner.main(JUnitTestRunner.java:768)
type: UploadType id: Unknown operator:stress - Create new UploadType.
com.topcoder.util.config.UnknownNamespaceException: com.topcoder.util.log is unknown
	at com.topcoder.util.config.DefaultConfigManager.getPropertyObject(DefaultConfigManager.java:429)
	at com.topcoder.util.config.DefaultConfigManager.getString(DefaultConfigManager.java:449)
	at com.topcoder.util.log.LogFactory.getAttribute(LogFactory.java:224)
	at com.topcoder.util.log.basic.BasicLog.log(BasicLog.java:74)
	at com.topcoder.management.deliverable.PersistenceUploadManager.persistenceUploadManagerHelper(PersistenceUploadManager.java:966)
	at com.topcoder.management.deliverable.PersistenceUploadManager.createUploadType(PersistenceUploadManager.java:454)
	at com.topcoder.management.deliverable.stresstests.StressTestPersistenceUploadManager.testCreateUploadType(StressTestPersistenceUploadManager.java:594)
	at com.topcoder.management.deliverable.stresstests.StressTestPersistenceUploadManager.testCreateUpload(StressTestPersistenceUploadManager.java:616)
	at com.topcoder.management.deliverable.stresstests.StressTestPersistenceUploadManager.testSearchUploads(StressTestPersistenceUploadManager.java:703)
	at sun.reflect.NativeMethodAccessorImpl.invoke0(Native Method)
	at sun.reflect.NativeMethodAccessorImpl.invoke(NativeMethodAccessorImpl.java:57)
	at sun.reflect.DelegatingMethodAccessorImpl.invoke(DelegatingMethodAccessorImpl.java:43)
	at java.lang.reflect.Method.invoke(Method.java:616)
	at junit.framework.TestCase.runTest(TestCase.java:168)
	at junit.framework.TestCase.runBare(TestCase.java:134)
	at junit.framework.TestResult$1.protect(TestResult.java:110)
	at junit.framework.TestResult.runProtected(TestResult.java:128)
	at junit.framework.TestResult.run(TestResult.java:113)
	at junit.framework.TestCase.run(TestCase.java:124)
	at junit.framework.TestSuite.runTest(TestSuite.java:232)
	at junit.framework.TestSuite.run(TestSuite.java:227)
	at junit.framework.TestSuite.runTest(TestSuite.java:232)
	at junit.framework.TestSuite.run(TestSuite.java:227)
	at junit.framework.TestSuite.runTest(TestSuite.java:232)
	at junit.framework.TestSuite.run(TestSuite.java:227)
	at org.apache.tools.ant.taskdefs.optional.junit.JUnitTestRunner.run(JUnitTestRunner.java:420)
	at org.apache.tools.ant.taskdefs.optional.junit.JUnitTestRunner.launch(JUnitTestRunner.java:911)
	at org.apache.tools.ant.taskdefs.optional.junit.JUnitTestRunner.main(JUnitTestRunner.java:768)
generate next id from the idGenerator:upload_type_id_seq
com.topcoder.util.config.UnknownNamespaceException: com.topcoder.util.log is unknown
	at com.topcoder.util.config.DefaultConfigManager.getPropertyObject(DefaultConfigManager.java:429)
	at com.topcoder.util.config.DefaultConfigManager.getString(DefaultConfigManager.java:449)
	at com.topcoder.util.log.LogFactory.getAttribute(LogFactory.java:224)
	at com.topcoder.util.log.basic.BasicLog.log(BasicLog.java:74)
	at com.topcoder.management.deliverable.PersistenceUploadManager.createUploadStatus(PersistenceUploadManager.java:541)
	at com.topcoder.management.deliverable.stresstests.StressTestPersistenceUploadManager.testCreateUploadStatus(StressTestPersistenceUploadManager.java:414)
	at com.topcoder.management.deliverable.stresstests.StressTestPersistenceUploadManager.testCreateUpload(StressTestPersistenceUploadManager.java:617)
	at com.topcoder.management.deliverable.stresstests.StressTestPersistenceUploadManager.testSearchUploads(StressTestPersistenceUploadManager.java:703)
	at sun.reflect.NativeMethodAccessorImpl.invoke0(Native Method)
	at sun.reflect.NativeMethodAccessorImpl.invoke(NativeMethodAccessorImpl.java:57)
	at sun.reflect.DelegatingMethodAccessorImpl.invoke(DelegatingMethodAccessorImpl.java:43)
	at java.lang.reflect.Method.invoke(Method.java:616)
	at junit.framework.TestCase.runTest(TestCase.java:168)
	at junit.framework.TestCase.runBare(TestCase.java:134)
	at junit.framework.TestResult$1.protect(TestResult.java:110)
	at junit.framework.TestResult.runProtected(TestResult.java:128)
	at junit.framework.TestResult.run(TestResult.java:113)
	at junit.framework.TestCase.run(TestCase.java:124)
	at junit.framework.TestSuite.runTest(TestSuite.java:232)
	at junit.framework.TestSuite.run(TestSuite.java:227)
	at junit.framework.TestSuite.runTest(TestSuite.java:232)
	at junit.framework.TestSuite.run(TestSuite.java:227)
	at junit.framework.TestSuite.runTest(TestSuite.java:232)
	at junit.framework.TestSuite.run(TestSuite.java:227)
	at org.apache.tools.ant.taskdefs.optional.junit.JUnitTestRunner.run(JUnitTestRunner.java:420)
	at org.apache.tools.ant.taskdefs.optional.junit.JUnitTestRunner.launch(JUnitTestRunner.java:911)
	at org.apache.tools.ant.taskdefs.optional.junit.JUnitTestRunner.main(JUnitTestRunner.java:768)
type: UploadStatus id: Unknown operator:stress - create new UploadStatus.
com.topcoder.util.config.UnknownNamespaceException: com.topcoder.util.log is unknown
	at com.topcoder.util.config.DefaultConfigManager.getPropertyObject(DefaultConfigManager.java:429)
	at com.topcoder.util.config.DefaultConfigManager.getString(DefaultConfigManager.java:449)
	at com.topcoder.util.log.LogFactory.getAttribute(LogFactory.java:224)
	at com.topcoder.util.log.basic.BasicLog.log(BasicLog.java:74)
	at com.topcoder.management.deliverable.PersistenceUploadManager.persistenceUploadManagerHelper(PersistenceUploadManager.java:966)
	at com.topcoder.management.deliverable.PersistenceUploadManager.createUploadStatus(PersistenceUploadManager.java:542)
	at com.topcoder.management.deliverable.stresstests.StressTestPersistenceUploadManager.testCreateUploadStatus(StressTestPersistenceUploadManager.java:414)
	at com.topcoder.management.deliverable.stresstests.StressTestPersistenceUploadManager.testCreateUpload(StressTestPersistenceUploadManager.java:617)
	at com.topcoder.management.deliverable.stresstests.StressTestPersistenceUploadManager.testSearchUploads(StressTestPersistenceUploadManager.java:703)
	at sun.reflect.NativeMethodAccessorImpl.invoke0(Native Method)
	at sun.reflect.NativeMethodAccessorImpl.invoke(NativeMethodAccessorImpl.java:57)
	at sun.reflect.DelegatingMethodAccessorImpl.invoke(DelegatingMethodAccessorImpl.java:43)
	at java.lang.reflect.Method.invoke(Method.java:616)
	at junit.framework.TestCase.runTest(TestCase.java:168)
	at junit.framework.TestCase.runBare(TestCase.java:134)
	at junit.framework.TestResult$1.protect(TestResult.java:110)
	at junit.framework.TestResult.runProtected(TestResult.java:128)
	at junit.framework.TestResult.run(TestResult.java:113)
	at junit.framework.TestCase.run(TestCase.java:124)
	at junit.framework.TestSuite.runTest(TestSuite.java:232)
	at junit.framework.TestSuite.run(TestSuite.java:227)
	at junit.framework.TestSuite.runTest(TestSuite.java:232)
	at junit.framework.TestSuite.run(TestSuite.java:227)
	at junit.framework.TestSuite.runTest(TestSuite.java:232)
	at junit.framework.TestSuite.run(TestSuite.java:227)
	at org.apache.tools.ant.taskdefs.optional.junit.JUnitTestRunner.run(JUnitTestRunner.java:420)
	at org.apache.tools.ant.taskdefs.optional.junit.JUnitTestRunner.launch(JUnitTestRunner.java:911)
	at org.apache.tools.ant.taskdefs.optional.junit.JUnitTestRunner.main(JUnitTestRunner.java:768)
generate next id from the idGenerator:upload_status_id_seq
com.topcoder.util.config.UnknownNamespaceException: com.topcoder.util.log is unknown
	at com.topcoder.util.config.DefaultConfigManager.getPropertyObject(DefaultConfigManager.java:429)
	at com.topcoder.util.config.DefaultConfigManager.getString(DefaultConfigManager.java:449)
	at com.topcoder.util.log.LogFactory.getAttribute(LogFactory.java:224)
	at com.topcoder.util.log.basic.BasicLog.log(BasicLog.java:74)
	at com.topcoder.management.deliverable.PersistenceUploadManager.createUploadStatus(PersistenceUploadManager.java:541)
	at com.topcoder.management.deliverable.stresstests.StressTestPersistenceUploadManager.testCreateUploadStatus(StressTestPersistenceUploadManager.java:414)
	at com.topcoder.management.deliverable.stresstests.StressTestPersistenceUploadManager.testCreateUpload(StressTestPersistenceUploadManager.java:617)
	at com.topcoder.management.deliverable.stresstests.StressTestPersistenceUploadManager.testSearchUploads(StressTestPersistenceUploadManager.java:703)
	at sun.reflect.NativeMethodAccessorImpl.invoke0(Native Method)
	at sun.reflect.NativeMethodAccessorImpl.invoke(NativeMethodAccessorImpl.java:57)
	at sun.reflect.DelegatingMethodAccessorImpl.invoke(DelegatingMethodAccessorImpl.java:43)
	at java.lang.reflect.Method.invoke(Method.java:616)
	at junit.framework.TestCase.runTest(TestCase.java:168)
	at junit.framework.TestCase.runBare(TestCase.java:134)
	at junit.framework.TestResult$1.protect(TestResult.java:110)
	at junit.framework.TestResult.runProtected(TestResult.java:128)
	at junit.framework.TestResult.run(TestResult.java:113)
	at junit.framework.TestCase.run(TestCase.java:124)
	at junit.framework.TestSuite.runTest(TestSuite.java:232)
	at junit.framework.TestSuite.run(TestSuite.java:227)
	at junit.framework.TestSuite.runTest(TestSuite.java:232)
	at junit.framework.TestSuite.run(TestSuite.java:227)
	at junit.framework.TestSuite.runTest(TestSuite.java:232)
	at junit.framework.TestSuite.run(TestSuite.java:227)
	at org.apache.tools.ant.taskdefs.optional.junit.JUnitTestRunner.run(JUnitTestRunner.java:420)
	at org.apache.tools.ant.taskdefs.optional.junit.JUnitTestRunner.launch(JUnitTestRunner.java:911)
	at org.apache.tools.ant.taskdefs.optional.junit.JUnitTestRunner.main(JUnitTestRunner.java:768)
type: UploadStatus id: Unknown operator:stress - create new UploadStatus.
com.topcoder.util.config.UnknownNamespaceException: com.topcoder.util.log is unknown
	at com.topcoder.util.config.DefaultConfigManager.getPropertyObject(DefaultConfigManager.java:429)
	at com.topcoder.util.config.DefaultConfigManager.getString(DefaultConfigManager.java:449)
	at com.topcoder.util.log.LogFactory.getAttribute(LogFactory.java:224)
	at com.topcoder.util.log.basic.BasicLog.log(BasicLog.java:74)
	at com.topcoder.management.deliverable.PersistenceUploadManager.persistenceUploadManagerHelper(PersistenceUploadManager.java:966)
	at com.topcoder.management.deliverable.PersistenceUploadManager.createUploadStatus(PersistenceUploadManager.java:542)
	at com.topcoder.management.deliverable.stresstests.StressTestPersistenceUploadManager.testCreateUploadStatus(StressTestPersistenceUploadManager.java:414)
	at com.topcoder.management.deliverable.stresstests.StressTestPersistenceUploadManager.testCreateUpload(StressTestPersistenceUploadManager.java:617)
	at com.topcoder.management.deliverable.stresstests.StressTestPersistenceUploadManager.testSearchUploads(StressTestPersistenceUploadManager.java:703)
	at sun.reflect.NativeMethodAccessorImpl.invoke0(Native Method)
	at sun.reflect.NativeMethodAccessorImpl.invoke(NativeMethodAccessorImpl.java:57)
	at sun.reflect.DelegatingMethodAccessorImpl.invoke(DelegatingMethodAccessorImpl.java:43)
	at java.lang.reflect.Method.invoke(Method.java:616)
	at junit.framework.TestCase.runTest(TestCase.java:168)
	at junit.framework.TestCase.runBare(TestCase.java:134)
	at junit.framework.TestResult$1.protect(TestResult.java:110)
	at junit.framework.TestResult.runProtected(TestResult.java:128)
	at junit.framework.TestResult.run(TestResult.java:113)
	at junit.framework.TestCase.run(TestCase.java:124)
	at junit.framework.TestSuite.runTest(TestSuite.java:232)
	at junit.framework.TestSuite.run(TestSuite.java:227)
	at junit.framework.TestSuite.runTest(TestSuite.java:232)
	at junit.framework.TestSuite.run(TestSuite.java:227)
	at junit.framework.TestSuite.runTest(TestSuite.java:232)
	at junit.framework.TestSuite.run(TestSuite.java:227)
	at org.apache.tools.ant.taskdefs.optional.junit.JUnitTestRunner.run(JUnitTestRunner.java:420)
	at org.apache.tools.ant.taskdefs.optional.junit.JUnitTestRunner.launch(JUnitTestRunner.java:911)
	at org.apache.tools.ant.taskdefs.optional.junit.JUnitTestRunner.main(JUnitTestRunner.java:768)
generate next id from the idGenerator:upload_status_id_seq
com.topcoder.util.config.UnknownNamespaceException: com.topcoder.util.log is unknown
	at com.topcoder.util.config.DefaultConfigManager.getPropertyObject(DefaultConfigManager.java:429)
	at com.topcoder.util.config.DefaultConfigManager.getString(DefaultConfigManager.java:449)
	at com.topcoder.util.log.LogFactory.getAttribute(LogFactory.java:224)
	at com.topcoder.util.log.basic.BasicLog.log(BasicLog.java:74)
	at com.topcoder.management.deliverable.PersistenceUploadManager.createUpload(PersistenceUploadManager.java:335)
	at com.topcoder.management.deliverable.stresstests.StressTestPersistenceUploadManager.testCreateUpload(StressTestPersistenceUploadManager.java:623)
	at com.topcoder.management.deliverable.stresstests.StressTestPersistenceUploadManager.testSearchUploads(StressTestPersistenceUploadManager.java:703)
	at sun.reflect.NativeMethodAccessorImpl.invoke0(Native Method)
	at sun.reflect.NativeMethodAccessorImpl.invoke(NativeMethodAccessorImpl.java:57)
	at sun.reflect.DelegatingMethodAccessorImpl.invoke(DelegatingMethodAccessorImpl.java:43)
	at java.lang.reflect.Method.invoke(Method.java:616)
	at junit.framework.TestCase.runTest(TestCase.java:168)
	at junit.framework.TestCase.runBare(TestCase.java:134)
	at junit.framework.TestResult$1.protect(TestResult.java:110)
	at junit.framework.TestResult.runProtected(TestResult.java:128)
	at junit.framework.TestResult.run(TestResult.java:113)
	at junit.framework.TestCase.run(TestCase.java:124)
	at junit.framework.TestSuite.runTest(TestSuite.java:232)
	at junit.framework.TestSuite.run(TestSuite.java:227)
	at junit.framework.TestSuite.runTest(TestSuite.java:232)
	at junit.framework.TestSuite.run(TestSuite.java:227)
	at junit.framework.TestSuite.runTest(TestSuite.java:232)
	at junit.framework.TestSuite.run(TestSuite.java:227)
	at org.apache.tools.ant.taskdefs.optional.junit.JUnitTestRunner.run(JUnitTestRunner.java:420)
	at org.apache.tools.ant.taskdefs.optional.junit.JUnitTestRunner.launch(JUnitTestRunner.java:911)
	at org.apache.tools.ant.taskdefs.optional.junit.JUnitTestRunner.main(JUnitTestRunner.java:768)
type: Upload id: Unknown operator:stress - Create new Upload.
com.topcoder.util.config.UnknownNamespaceException: com.topcoder.util.log is unknown
	at com.topcoder.util.config.DefaultConfigManager.getPropertyObject(DefaultConfigManager.java:429)
	at com.topcoder.util.config.DefaultConfigManager.getString(DefaultConfigManager.java:449)
	at com.topcoder.util.log.LogFactory.getAttribute(LogFactory.java:224)
	at com.topcoder.util.log.basic.BasicLog.log(BasicLog.java:74)
	at com.topcoder.management.deliverable.PersistenceUploadManager.persistenceUploadManagerHelper(PersistenceUploadManager.java:966)
	at com.topcoder.management.deliverable.PersistenceUploadManager.createUpload(PersistenceUploadManager.java:336)
	at com.topcoder.management.deliverable.stresstests.StressTestPersistenceUploadManager.testCreateUpload(StressTestPersistenceUploadManager.java:623)
	at com.topcoder.management.deliverable.stresstests.StressTestPersistenceUploadManager.testSearchUploads(StressTestPersistenceUploadManager.java:703)
	at sun.reflect.NativeMethodAccessorImpl.invoke0(Native Method)
	at sun.reflect.NativeMethodAccessorImpl.invoke(NativeMethodAccessorImpl.java:57)
	at sun.reflect.DelegatingMethodAccessorImpl.invoke(DelegatingMethodAccessorImpl.java:43)
	at java.lang.reflect.Method.invoke(Method.java:616)
	at junit.framework.TestCase.runTest(TestCase.java:168)
	at junit.framework.TestCase.runBare(TestCase.java:134)
	at junit.framework.TestResult$1.protect(TestResult.java:110)
	at junit.framework.TestResult.runProtected(TestResult.java:128)
	at junit.framework.TestResult.run(TestResult.java:113)
	at junit.framework.TestCase.run(TestCase.java:124)
	at junit.framework.TestSuite.runTest(TestSuite.java:232)
	at junit.framework.TestSuite.run(TestSuite.java:227)
	at junit.framework.TestSuite.runTest(TestSuite.java:232)
	at junit.framework.TestSuite.run(TestSuite.java:227)
	at junit.framework.TestSuite.runTest(TestSuite.java:232)
	at junit.framework.TestSuite.run(TestSuite.java:227)
	at org.apache.tools.ant.taskdefs.optional.junit.JUnitTestRunner.run(JUnitTestRunner.java:420)
	at org.apache.tools.ant.taskdefs.optional.junit.JUnitTestRunner.launch(JUnitTestRunner.java:911)
	at org.apache.tools.ant.taskdefs.optional.junit.JUnitTestRunner.main(JUnitTestRunner.java:768)
generate next id from the idGenerator:upload_id_seq
com.topcoder.util.config.UnknownNamespaceException: com.topcoder.util.log is unknown
	at com.topcoder.util.config.DefaultConfigManager.getPropertyObject(DefaultConfigManager.java:429)
	at com.topcoder.util.config.DefaultConfigManager.getString(DefaultConfigManager.java:449)
	at com.topcoder.util.log.LogFactory.getAttribute(LogFactory.java:224)
	at com.topcoder.util.log.basic.BasicLog.log(BasicLog.java:74)
	at com.topcoder.management.deliverable.PersistenceUploadManager.createUpload(PersistenceUploadManager.java:335)
	at com.topcoder.management.deliverable.stresstests.StressTestPersistenceUploadManager.testCreateUpload(StressTestPersistenceUploadManager.java:623)
	at com.topcoder.management.deliverable.stresstests.StressTestPersistenceUploadManager.testSearchUploads(StressTestPersistenceUploadManager.java:703)
	at sun.reflect.NativeMethodAccessorImpl.invoke0(Native Method)
	at sun.reflect.NativeMethodAccessorImpl.invoke(NativeMethodAccessorImpl.java:57)
	at sun.reflect.DelegatingMethodAccessorImpl.invoke(DelegatingMethodAccessorImpl.java:43)
	at java.lang.reflect.Method.invoke(Method.java:616)
	at junit.framework.TestCase.runTest(TestCase.java:168)
	at junit.framework.TestCase.runBare(TestCase.java:134)
	at junit.framework.TestResult$1.protect(TestResult.java:110)
	at junit.framework.TestResult.runProtected(TestResult.java:128)
	at junit.framework.TestResult.run(TestResult.java:113)
	at junit.framework.TestCase.run(TestCase.java:124)
	at junit.framework.TestSuite.runTest(TestSuite.java:232)
	at junit.framework.TestSuite.run(TestSuite.java:227)
	at junit.framework.TestSuite.runTest(TestSuite.java:232)
	at junit.framework.TestSuite.run(TestSuite.java:227)
	at junit.framework.TestSuite.runTest(TestSuite.java:232)
	at junit.framework.TestSuite.run(TestSuite.java:227)
	at org.apache.tools.ant.taskdefs.optional.junit.JUnitTestRunner.run(JUnitTestRunner.java:420)
	at org.apache.tools.ant.taskdefs.optional.junit.JUnitTestRunner.launch(JUnitTestRunner.java:911)
	at org.apache.tools.ant.taskdefs.optional.junit.JUnitTestRunner.main(JUnitTestRunner.java:768)
type: Upload id: Unknown operator:stress - Create new Upload.
com.topcoder.util.config.UnknownNamespaceException: com.topcoder.util.log is unknown
	at com.topcoder.util.config.DefaultConfigManager.getPropertyObject(DefaultConfigManager.java:429)
	at com.topcoder.util.config.DefaultConfigManager.getString(DefaultConfigManager.java:449)
	at com.topcoder.util.log.LogFactory.getAttribute(LogFactory.java:224)
	at com.topcoder.util.log.basic.BasicLog.log(BasicLog.java:74)
	at com.topcoder.management.deliverable.PersistenceUploadManager.persistenceUploadManagerHelper(PersistenceUploadManager.java:966)
	at com.topcoder.management.deliverable.PersistenceUploadManager.createUpload(PersistenceUploadManager.java:336)
	at com.topcoder.management.deliverable.stresstests.StressTestPersistenceUploadManager.testCreateUpload(StressTestPersistenceUploadManager.java:623)
	at com.topcoder.management.deliverable.stresstests.StressTestPersistenceUploadManager.testSearchUploads(StressTestPersistenceUploadManager.java:703)
	at sun.reflect.NativeMethodAccessorImpl.invoke0(Native Method)
	at sun.reflect.NativeMethodAccessorImpl.invoke(NativeMethodAccessorImpl.java:57)
	at sun.reflect.DelegatingMethodAccessorImpl.invoke(DelegatingMethodAccessorImpl.java:43)
	at java.lang.reflect.Method.invoke(Method.java:616)
	at junit.framework.TestCase.runTest(TestCase.java:168)
	at junit.framework.TestCase.runBare(TestCase.java:134)
	at junit.framework.TestResult$1.protect(TestResult.java:110)
	at junit.framework.TestResult.runProtected(TestResult.java:128)
	at junit.framework.TestResult.run(TestResult.java:113)
	at junit.framework.TestCase.run(TestCase.java:124)
	at junit.framework.TestSuite.runTest(TestSuite.java:232)
	at junit.framework.TestSuite.run(TestSuite.java:227)
	at junit.framework.TestSuite.runTest(TestSuite.java:232)
	at junit.framework.TestSuite.run(TestSuite.java:227)
	at junit.framework.TestSuite.runTest(TestSuite.java:232)
	at junit.framework.TestSuite.run(TestSuite.java:227)
	at org.apache.tools.ant.taskdefs.optional.junit.JUnitTestRunner.run(JUnitTestRunner.java:420)
	at org.apache.tools.ant.taskdefs.optional.junit.JUnitTestRunner.launch(JUnitTestRunner.java:911)
	at org.apache.tools.ant.taskdefs.optional.junit.JUnitTestRunner.main(JUnitTestRunner.java:768)
generate next id from the idGenerator:upload_id_seq
com.topcoder.util.config.UnknownNamespaceException: com.topcoder.util.log is unknown
	at com.topcoder.util.config.DefaultConfigManager.getPropertyObject(DefaultConfigManager.java:429)
	at com.topcoder.util.config.DefaultConfigManager.getString(DefaultConfigManager.java:449)
	at com.topcoder.util.log.LogFactory.getAttribute(LogFactory.java:224)
	at com.topcoder.util.log.basic.BasicLog.log(BasicLog.java:74)
	at com.topcoder.management.deliverable.PersistenceUploadManager.searchUploads(PersistenceUploadManager.java:429)
	at com.topcoder.management.deliverable.stresstests.StressTestPersistenceUploadManager.testSearchUploads(StressTestPersistenceUploadManager.java:712)
	at sun.reflect.NativeMethodAccessorImpl.invoke0(Native Method)
	at sun.reflect.NativeMethodAccessorImpl.invoke(NativeMethodAccessorImpl.java:57)
	at sun.reflect.DelegatingMethodAccessorImpl.invoke(DelegatingMethodAccessorImpl.java:43)
	at java.lang.reflect.Method.invoke(Method.java:616)
	at junit.framework.TestCase.runTest(TestCase.java:168)
	at junit.framework.TestCase.runBare(TestCase.java:134)
	at junit.framework.TestResult$1.protect(TestResult.java:110)
	at junit.framework.TestResult.runProtected(TestResult.java:128)
	at junit.framework.TestResult.run(TestResult.java:113)
	at junit.framework.TestCase.run(TestCase.java:124)
	at junit.framework.TestSuite.runTest(TestSuite.java:232)
	at junit.framework.TestSuite.run(TestSuite.java:227)
	at junit.framework.TestSuite.runTest(TestSuite.java:232)
	at junit.framework.TestSuite.run(TestSuite.java:227)
	at junit.framework.TestSuite.runTest(TestSuite.java:232)
	at junit.framework.TestSuite.run(TestSuite.java:227)
	at org.apache.tools.ant.taskdefs.optional.junit.JUnitTestRunner.run(JUnitTestRunner.java:420)
	at org.apache.tools.ant.taskdefs.optional.junit.JUnitTestRunner.launch(JUnitTestRunner.java:911)
	at org.apache.tools.ant.taskdefs.optional.junit.JUnitTestRunner.main(JUnitTestRunner.java:768)
type: Upload id: Unknown operator:Unknown - search uploads with filter. found: 4
com.topcoder.util.config.UnknownNamespaceException: com.topcoder.util.log is unknown
	at com.topcoder.util.config.DefaultConfigManager.getPropertyObject(DefaultConfigManager.java:429)
	at com.topcoder.util.config.DefaultConfigManager.getString(DefaultConfigManager.java:449)
	at com.topcoder.util.log.LogFactory.getAttribute(LogFactory.java:224)
	at com.topcoder.util.log.basic.BasicLog.log(BasicLog.java:74)
	at com.topcoder.management.deliverable.PersistenceUploadManager.searchUploads(PersistenceUploadManager.java:429)
	at com.topcoder.management.deliverable.stresstests.StressTestPersistenceUploadManager.testSearchUploads(StressTestPersistenceUploadManager.java:712)
	at sun.reflect.NativeMethodAccessorImpl.invoke0(Native Method)
	at sun.reflect.NativeMethodAccessorImpl.invoke(NativeMethodAccessorImpl.java:57)
	at sun.reflect.DelegatingMethodAccessorImpl.invoke(DelegatingMethodAccessorImpl.java:43)
	at java.lang.reflect.Method.invoke(Method.java:616)
	at junit.framework.TestCase.runTest(TestCase.java:168)
	at junit.framework.TestCase.runBare(TestCase.java:134)
	at junit.framework.TestResult$1.protect(TestResult.java:110)
	at junit.framework.TestResult.runProtected(TestResult.java:128)
	at junit.framework.TestResult.run(TestResult.java:113)
	at junit.framework.TestCase.run(TestCase.java:124)
	at junit.framework.TestSuite.runTest(TestSuite.java:232)
	at junit.framework.TestSuite.run(TestSuite.java:227)
	at junit.framework.TestSuite.runTest(TestSuite.java:232)
	at junit.framework.TestSuite.run(TestSuite.java:227)
	at junit.framework.TestSuite.runTest(TestSuite.java:232)
	at junit.framework.TestSuite.run(TestSuite.java:227)
	at org.apache.tools.ant.taskdefs.optional.junit.JUnitTestRunner.run(JUnitTestRunner.java:420)
	at org.apache.tools.ant.taskdefs.optional.junit.JUnitTestRunner.launch(JUnitTestRunner.java:911)
	at org.apache.tools.ant.taskdefs.optional.junit.JUnitTestRunner.main(JUnitTestRunner.java:768)
type: Upload id: Unknown operator:Unknown - search uploads with filter. found: 4
com.topcoder.util.config.UnknownNamespaceException: com.topcoder.util.log is unknown
	at com.topcoder.util.config.DefaultConfigManager.getPropertyObject(DefaultConfigManager.java:429)
	at com.topcoder.util.config.DefaultConfigManager.getString(DefaultConfigManager.java:449)
	at com.topcoder.util.log.LogFactory.getAttribute(LogFactory.java:224)
	at com.topcoder.util.log.basic.BasicLog.log(BasicLog.java:74)
	at com.topcoder.management.deliverable.stresstests.StressTestPersistenceUploadManager.tearDown(StressTestPersistenceUploadManager.java:121)
	at junit.framework.TestCase.runBare(TestCase.java:140)
	at junit.framework.TestResult$1.protect(TestResult.java:110)
	at junit.framework.TestResult.runProtected(TestResult.java:128)
	at junit.framework.TestResult.run(TestResult.java:113)
	at junit.framework.TestCase.run(TestCase.java:124)
	at junit.framework.TestSuite.runTest(TestSuite.java:232)
	at junit.framework.TestSuite.run(TestSuite.java:227)
	at junit.framework.TestSuite.runTest(TestSuite.java:232)
	at junit.framework.TestSuite.run(TestSuite.java:227)
	at junit.framework.TestSuite.runTest(TestSuite.java:232)
	at junit.framework.TestSuite.run(TestSuite.java:227)
	at org.apache.tools.ant.taskdefs.optional.junit.JUnitTestRunner.run(JUnitTestRunner.java:420)
	at org.apache.tools.ant.taskdefs.optional.junit.JUnitTestRunner.launch(JUnitTestRunner.java:911)
	at org.apache.tools.ant.taskdefs.optional.junit.JUnitTestRunner.main(JUnitTestRunner.java:768)
StressTestPersistenceUploadManager - tearDown - start
com.topcoder.util.config.UnknownNamespaceException: com.topcoder.util.log is unknown
	at com.topcoder.util.config.DefaultConfigManager.getPropertyObject(DefaultConfigManager.java:429)
	at com.topcoder.util.config.DefaultConfigManager.getString(DefaultConfigManager.java:449)
	at com.topcoder.util.log.LogFactory.getAttribute(LogFactory.java:224)
	at com.topcoder.util.log.basic.BasicLog.log(BasicLog.java:74)
	at com.topcoder.management.deliverable.stresstests.StressTestPersistenceUploadManager.tearDown(StressTestPersistenceUploadManager.java:126)
	at junit.framework.TestCase.runBare(TestCase.java:140)
	at junit.framework.TestResult$1.protect(TestResult.java:110)
	at junit.framework.TestResult.runProtected(TestResult.java:128)
	at junit.framework.TestResult.run(TestResult.java:113)
	at junit.framework.TestCase.run(TestCase.java:124)
	at junit.framework.TestSuite.runTest(TestSuite.java:232)
	at junit.framework.TestSuite.run(TestSuite.java:227)
	at junit.framework.TestSuite.runTest(TestSuite.java:232)
	at junit.framework.TestSuite.run(TestSuite.java:227)
	at junit.framework.TestSuite.runTest(TestSuite.java:232)
	at junit.framework.TestSuite.run(TestSuite.java:227)
	at org.apache.tools.ant.taskdefs.optional.junit.JUnitTestRunner.run(JUnitTestRunner.java:420)
	at org.apache.tools.ant.taskdefs.optional.junit.JUnitTestRunner.launch(JUnitTestRunner.java:911)
	at org.apache.tools.ant.taskdefs.optional.junit.JUnitTestRunner.main(JUnitTestRunner.java:768)
StressTestPersistenceUploadManager - tearDown - end
com.topcoder.util.config.UnknownNamespaceException: com.topcoder.util.log is unknown
	at com.topcoder.util.config.DefaultConfigManager.getPropertyObject(DefaultConfigManager.java:429)
	at com.topcoder.util.config.DefaultConfigManager.getString(DefaultConfigManager.java:449)
	at com.topcoder.util.log.LogFactory.getAttribute(LogFactory.java:224)
	at com.topcoder.util.log.basic.BasicLog.log(BasicLog.java:74)
	at com.topcoder.management.deliverable.PersistenceDeliverableManager.<init>(PersistenceDeliverableManager.java:157)
	at com.topcoder.management.deliverable.PersistenceDeliverableManager.<init>(PersistenceDeliverableManager.java:183)
	at com.topcoder.management.deliverable.stresstests.StressTestPersistenceDeliverableManager.setUp(StressTestPersistenceDeliverableManager.java:99)
	at junit.framework.TestCase.runBare(TestCase.java:132)
	at junit.framework.TestResult$1.protect(TestResult.java:110)
	at junit.framework.TestResult.runProtected(TestResult.java:128)
	at junit.framework.TestResult.run(TestResult.java:113)
	at junit.framework.TestCase.run(TestCase.java:124)
	at junit.framework.TestSuite.runTest(TestSuite.java:232)
	at junit.framework.TestSuite.run(TestSuite.java:227)
	at junit.framework.TestSuite.runTest(TestSuite.java:232)
	at junit.framework.TestSuite.run(TestSuite.java:227)
	at junit.framework.TestSuite.runTest(TestSuite.java:232)
	at junit.framework.TestSuite.run(TestSuite.java:227)
	at org.apache.tools.ant.taskdefs.optional.junit.JUnitTestRunner.run(JUnitTestRunner.java:420)
	at org.apache.tools.ant.taskdefs.optional.junit.JUnitTestRunner.launch(JUnitTestRunner.java:911)
	at org.apache.tools.ant.taskdefs.optional.junit.JUnitTestRunner.main(JUnitTestRunner.java:768)
Instantiate PersistenceDeliverableManager with DeliverablePersistence, deliverableCheckers map,deliverableSearchBundle and submissionSearchBundle.
com.topcoder.util.config.UnknownNamespaceException: com.topcoder.util.log is unknown
	at com.topcoder.util.config.DefaultConfigManager.getPropertyObject(DefaultConfigManager.java:429)
	at com.topcoder.util.config.DefaultConfigManager.getString(DefaultConfigManager.java:449)
	at com.topcoder.util.log.LogFactory.getAttribute(LogFactory.java:224)
	at com.topcoder.util.log.basic.BasicLog.log(BasicLog.java:74)
	at com.topcoder.management.deliverable.PersistenceDeliverableManager.searchDeliverablesWithSubmissionFilter(PersistenceDeliverableManager.java:216)
	at com.topcoder.management.deliverable.stresstests.StressTestPersistenceDeliverableManager.testSearchDeliverablesWithSubmissions(StressTestPersistenceDeliverableManager.java:141)
	at sun.reflect.NativeMethodAccessorImpl.invoke0(Native Method)
	at sun.reflect.NativeMethodAccessorImpl.invoke(NativeMethodAccessorImpl.java:57)
	at sun.reflect.DelegatingMethodAccessorImpl.invoke(DelegatingMethodAccessorImpl.java:43)
	at java.lang.reflect.Method.invoke(Method.java:616)
	at junit.framework.TestCase.runTest(TestCase.java:168)
	at junit.framework.TestCase.runBare(TestCase.java:134)
	at junit.framework.TestResult$1.protect(TestResult.java:110)
	at junit.framework.TestResult.runProtected(TestResult.java:128)
	at junit.framework.TestResult.run(TestResult.java:113)
	at junit.framework.TestCase.run(TestCase.java:124)
	at junit.framework.TestSuite.runTest(TestSuite.java:232)
	at junit.framework.TestSuite.run(TestSuite.java:227)
	at junit.framework.TestSuite.runTest(TestSuite.java:232)
	at junit.framework.TestSuite.run(TestSuite.java:227)
	at junit.framework.TestSuite.runTest(TestSuite.java:232)
	at junit.framework.TestSuite.run(TestSuite.java:227)
	at org.apache.tools.ant.taskdefs.optional.junit.JUnitTestRunner.run(JUnitTestRunner.java:420)
	at org.apache.tools.ant.taskdefs.optional.junit.JUnitTestRunner.launch(JUnitTestRunner.java:911)
	at org.apache.tools.ant.taskdefs.optional.junit.JUnitTestRunner.main(JUnitTestRunner.java:768)
search deliverables with submission filter.
com.topcoder.util.config.UnknownNamespaceException: com.topcoder.util.log is unknown
	at com.topcoder.util.config.DefaultConfigManager.getPropertyObject(DefaultConfigManager.java:429)
	at com.topcoder.util.config.DefaultConfigManager.getString(DefaultConfigManager.java:449)
	at com.topcoder.util.log.LogFactory.getAttribute(LogFactory.java:224)
	at com.topcoder.util.log.basic.BasicLog.log(BasicLog.java:74)
	at com.topcoder.management.deliverable.DeliverableHelper.checkAndGetCustomResultSetValidDeliverable(DeliverableHelper.java:156)
	at com.topcoder.management.deliverable.PersistenceDeliverableManager.searchDeliverablesHelper(PersistenceDeliverableManager.java:284)
	at com.topcoder.management.deliverable.PersistenceDeliverableManager.searchDeliverablesWithSubmissionFilter(PersistenceDeliverableManager.java:217)
	at com.topcoder.management.deliverable.stresstests.StressTestPersistenceDeliverableManager.testSearchDeliverablesWithSubmissions(StressTestPersistenceDeliverableManager.java:141)
	at sun.reflect.NativeMethodAccessorImpl.invoke0(Native Method)
	at sun.reflect.NativeMethodAccessorImpl.invoke(NativeMethodAccessorImpl.java:57)
	at sun.reflect.DelegatingMethodAccessorImpl.invoke(DelegatingMethodAccessorImpl.java:43)
	at java.lang.reflect.Method.invoke(Method.java:616)
	at junit.framework.TestCase.runTest(TestCase.java:168)
	at junit.framework.TestCase.runBare(TestCase.java:134)
	at junit.framework.TestResult$1.protect(TestResult.java:110)
	at junit.framework.TestResult.runProtected(TestResult.java:128)
	at junit.framework.TestResult.run(TestResult.java:113)
	at junit.framework.TestCase.run(TestCase.java:124)
	at junit.framework.TestSuite.runTest(TestSuite.java:232)
	at junit.framework.TestSuite.run(TestSuite.java:227)
	at junit.framework.TestSuite.runTest(TestSuite.java:232)
	at junit.framework.TestSuite.run(TestSuite.java:227)
	at junit.framework.TestSuite.runTest(TestSuite.java:232)
	at junit.framework.TestSuite.run(TestSuite.java:227)
	at org.apache.tools.ant.taskdefs.optional.junit.JUnitTestRunner.run(JUnitTestRunner.java:420)
	at org.apache.tools.ant.taskdefs.optional.junit.JUnitTestRunner.launch(JUnitTestRunner.java:911)
	at org.apache.tools.ant.taskdefs.optional.junit.JUnitTestRunner.main(JUnitTestRunner.java:768)
CustomResultSet Records: 0
com.topcoder.util.config.UnknownNamespaceException: com.topcoder.util.log is unknown
	at com.topcoder.util.config.DefaultConfigManager.getPropertyObject(DefaultConfigManager.java:429)
	at com.topcoder.util.config.DefaultConfigManager.getString(DefaultConfigManager.java:449)
	at com.topcoder.util.log.LogFactory.getAttribute(LogFactory.java:224)
	at com.topcoder.util.log.basic.BasicLog.log(BasicLog.java:74)
	at com.topcoder.management.deliverable.PersistenceDeliverableManager.searchDeliverablesHelper(PersistenceDeliverableManager.java:289)
	at com.topcoder.management.deliverable.PersistenceDeliverableManager.searchDeliverablesWithSubmissionFilter(PersistenceDeliverableManager.java:217)
	at com.topcoder.management.deliverable.stresstests.StressTestPersistenceDeliverableManager.testSearchDeliverablesWithSubmissions(StressTestPersistenceDeliverableManager.java:141)
	at sun.reflect.NativeMethodAccessorImpl.invoke0(Native Method)
	at sun.reflect.NativeMethodAccessorImpl.invoke(NativeMethodAccessorImpl.java:57)
	at sun.reflect.DelegatingMethodAccessorImpl.invoke(DelegatingMethodAccessorImpl.java:43)
	at java.lang.reflect.Method.invoke(Method.java:616)
	at junit.framework.TestCase.runTest(TestCase.java:168)
	at junit.framework.TestCase.runBare(TestCase.java:134)
	at junit.framework.TestResult$1.protect(TestResult.java:110)
	at junit.framework.TestResult.runProtected(TestResult.java:128)
	at junit.framework.TestResult.run(TestResult.java:113)
	at junit.framework.TestCase.run(TestCase.java:124)
	at junit.framework.TestSuite.runTest(TestSuite.java:232)
	at junit.framework.TestSuite.run(TestSuite.java:227)
	at junit.framework.TestSuite.runTest(TestSuite.java:232)
	at junit.framework.TestSuite.run(TestSuite.java:227)
	at junit.framework.TestSuite.runTest(TestSuite.java:232)
	at junit.framework.TestSuite.run(TestSuite.java:227)
	at org.apache.tools.ant.taskdefs.optional.junit.JUnitTestRunner.run(JUnitTestRunner.java:420)
	at org.apache.tools.ant.taskdefs.optional.junit.JUnitTestRunner.launch(JUnitTestRunner.java:911)
	at org.apache.tools.ant.taskdefs.optional.junit.JUnitTestRunner.main(JUnitTestRunner.java:768)
Deliverable Id Array: 4, 0
com.topcoder.util.config.UnknownNamespaceException: com.topcoder.util.log is unknown
	at com.topcoder.util.config.DefaultConfigManager.getPropertyObject(DefaultConfigManager.java:429)
	at com.topcoder.util.config.DefaultConfigManager.getString(DefaultConfigManager.java:449)
	at com.topcoder.util.log.LogFactory.getAttribute(LogFactory.java:224)
	at com.topcoder.util.log.basic.BasicLog.log(BasicLog.java:74)
	at com.topcoder.management.deliverable.PersistenceDeliverableManager.searchDeliverablesWithSubmissionFilter(PersistenceDeliverableManager.java:216)
	at com.topcoder.management.deliverable.stresstests.StressTestPersistenceDeliverableManager.testSearchDeliverablesWithSubmissions(StressTestPersistenceDeliverableManager.java:141)
	at sun.reflect.NativeMethodAccessorImpl.invoke0(Native Method)
	at sun.reflect.NativeMethodAccessorImpl.invoke(NativeMethodAccessorImpl.java:57)
	at sun.reflect.DelegatingMethodAccessorImpl.invoke(DelegatingMethodAccessorImpl.java:43)
	at java.lang.reflect.Method.invoke(Method.java:616)
	at junit.framework.TestCase.runTest(TestCase.java:168)
	at junit.framework.TestCase.runBare(TestCase.java:134)
	at junit.framework.TestResult$1.protect(TestResult.java:110)
	at junit.framework.TestResult.runProtected(TestResult.java:128)
	at junit.framework.TestResult.run(TestResult.java:113)
	at junit.framework.TestCase.run(TestCase.java:124)
	at junit.framework.TestSuite.runTest(TestSuite.java:232)
	at junit.framework.TestSuite.run(TestSuite.java:227)
	at junit.framework.TestSuite.runTest(TestSuite.java:232)
	at junit.framework.TestSuite.run(TestSuite.java:227)
	at junit.framework.TestSuite.runTest(TestSuite.java:232)
	at junit.framework.TestSuite.run(TestSuite.java:227)
	at org.apache.tools.ant.taskdefs.optional.junit.JUnitTestRunner.run(JUnitTestRunner.java:420)
	at org.apache.tools.ant.taskdefs.optional.junit.JUnitTestRunner.launch(JUnitTestRunner.java:911)
	at org.apache.tools.ant.taskdefs.optional.junit.JUnitTestRunner.main(JUnitTestRunner.java:768)
search deliverables with submission filter.
com.topcoder.util.config.UnknownNamespaceException: com.topcoder.util.log is unknown
	at com.topcoder.util.config.DefaultConfigManager.getPropertyObject(DefaultConfigManager.java:429)
	at com.topcoder.util.config.DefaultConfigManager.getString(DefaultConfigManager.java:449)
	at com.topcoder.util.log.LogFactory.getAttribute(LogFactory.java:224)
	at com.topcoder.util.log.basic.BasicLog.log(BasicLog.java:74)
	at com.topcoder.management.deliverable.DeliverableHelper.checkAndGetCustomResultSetValidDeliverable(DeliverableHelper.java:156)
	at com.topcoder.management.deliverable.PersistenceDeliverableManager.searchDeliverablesHelper(PersistenceDeliverableManager.java:284)
	at com.topcoder.management.deliverable.PersistenceDeliverableManager.searchDeliverablesWithSubmissionFilter(PersistenceDeliverableManager.java:217)
	at com.topcoder.management.deliverable.stresstests.StressTestPersistenceDeliverableManager.testSearchDeliverablesWithSubmissions(StressTestPersistenceDeliverableManager.java:141)
	at sun.reflect.NativeMethodAccessorImpl.invoke0(Native Method)
	at sun.reflect.NativeMethodAccessorImpl.invoke(NativeMethodAccessorImpl.java:57)
	at sun.reflect.DelegatingMethodAccessorImpl.invoke(DelegatingMethodAccessorImpl.java:43)
	at java.lang.reflect.Method.invoke(Method.java:616)
	at junit.framework.TestCase.runTest(TestCase.java:168)
	at junit.framework.TestCase.runBare(TestCase.java:134)
	at junit.framework.TestResult$1.protect(TestResult.java:110)
	at junit.framework.TestResult.runProtected(TestResult.java:128)
	at junit.framework.TestResult.run(TestResult.java:113)
	at junit.framework.TestCase.run(TestCase.java:124)
	at junit.framework.TestSuite.runTest(TestSuite.java:232)
	at junit.framework.TestSuite.run(TestSuite.java:227)
	at junit.framework.TestSuite.runTest(TestSuite.java:232)
	at junit.framework.TestSuite.run(TestSuite.java:227)
	at junit.framework.TestSuite.runTest(TestSuite.java:232)
	at junit.framework.TestSuite.run(TestSuite.java:227)
	at org.apache.tools.ant.taskdefs.optional.junit.JUnitTestRunner.run(JUnitTestRunner.java:420)
	at org.apache.tools.ant.taskdefs.optional.junit.JUnitTestRunner.launch(JUnitTestRunner.java:911)
	at org.apache.tools.ant.taskdefs.optional.junit.JUnitTestRunner.main(JUnitTestRunner.java:768)
CustomResultSet Records: 0
com.topcoder.util.config.UnknownNamespaceException: com.topcoder.util.log is unknown
	at com.topcoder.util.config.DefaultConfigManager.getPropertyObject(DefaultConfigManager.java:429)
	at com.topcoder.util.config.DefaultConfigManager.getString(DefaultConfigManager.java:449)
	at com.topcoder.util.log.LogFactory.getAttribute(LogFactory.java:224)
	at com.topcoder.util.log.basic.BasicLog.log(BasicLog.java:74)
	at com.topcoder.management.deliverable.PersistenceDeliverableManager.searchDeliverablesHelper(PersistenceDeliverableManager.java:289)
	at com.topcoder.management.deliverable.PersistenceDeliverableManager.searchDeliverablesWithSubmissionFilter(PersistenceDeliverableManager.java:217)
	at com.topcoder.management.deliverable.stresstests.StressTestPersistenceDeliverableManager.testSearchDeliverablesWithSubmissions(StressTestPersistenceDeliverableManager.java:141)
	at sun.reflect.NativeMethodAccessorImpl.invoke0(Native Method)
	at sun.reflect.NativeMethodAccessorImpl.invoke(NativeMethodAccessorImpl.java:57)
	at sun.reflect.DelegatingMethodAccessorImpl.invoke(DelegatingMethodAccessorImpl.java:43)
	at java.lang.reflect.Method.invoke(Method.java:616)
	at junit.framework.TestCase.runTest(TestCase.java:168)
	at junit.framework.TestCase.runBare(TestCase.java:134)
	at junit.framework.TestResult$1.protect(TestResult.java:110)
	at junit.framework.TestResult.runProtected(TestResult.java:128)
	at junit.framework.TestResult.run(TestResult.java:113)
	at junit.framework.TestCase.run(TestCase.java:124)
	at junit.framework.TestSuite.runTest(TestSuite.java:232)
	at junit.framework.TestSuite.run(TestSuite.java:227)
	at junit.framework.TestSuite.runTest(TestSuite.java:232)
	at junit.framework.TestSuite.run(TestSuite.java:227)
	at junit.framework.TestSuite.runTest(TestSuite.java:232)
	at junit.framework.TestSuite.run(TestSuite.java:227)
	at org.apache.tools.ant.taskdefs.optional.junit.JUnitTestRunner.run(JUnitTestRunner.java:420)
	at org.apache.tools.ant.taskdefs.optional.junit.JUnitTestRunner.launch(JUnitTestRunner.java:911)
	at org.apache.tools.ant.taskdefs.optional.junit.JUnitTestRunner.main(JUnitTestRunner.java:768)
Deliverable Id Array: 4, 0
com.topcoder.util.config.UnknownNamespaceException: com.topcoder.util.log is unknown
	at com.topcoder.util.config.DefaultConfigManager.getPropertyObject(DefaultConfigManager.java:429)
	at com.topcoder.util.config.DefaultConfigManager.getString(DefaultConfigManager.java:449)
	at com.topcoder.util.log.LogFactory.getAttribute(LogFactory.java:224)
	at com.topcoder.util.log.basic.BasicLog.log(BasicLog.java:74)
	at com.topcoder.management.deliverable.PersistenceDeliverableManager.searchDeliverablesWithSubmissionFilter(PersistenceDeliverableManager.java:216)
	at com.topcoder.management.deliverable.stresstests.StressTestPersistenceDeliverableManager.testSearchDeliverablesWithSubmissions(StressTestPersistenceDeliverableManager.java:141)
	at sun.reflect.NativeMethodAccessorImpl.invoke0(Native Method)
	at sun.reflect.NativeMethodAccessorImpl.invoke(NativeMethodAccessorImpl.java:57)
	at sun.reflect.DelegatingMethodAccessorImpl.invoke(DelegatingMethodAccessorImpl.java:43)
	at java.lang.reflect.Method.invoke(Method.java:616)
	at junit.framework.TestCase.runTest(TestCase.java:168)
	at junit.framework.TestCase.runBare(TestCase.java:134)
	at junit.framework.TestResult$1.protect(TestResult.java:110)
	at junit.framework.TestResult.runProtected(TestResult.java:128)
	at junit.framework.TestResult.run(TestResult.java:113)
	at junit.framework.TestCase.run(TestCase.java:124)
	at junit.framework.TestSuite.runTest(TestSuite.java:232)
	at junit.framework.TestSuite.run(TestSuite.java:227)
	at junit.framework.TestSuite.runTest(TestSuite.java:232)
	at junit.framework.TestSuite.run(TestSuite.java:227)
	at junit.framework.TestSuite.runTest(TestSuite.java:232)
	at junit.framework.TestSuite.run(TestSuite.java:227)
	at org.apache.tools.ant.taskdefs.optional.junit.JUnitTestRunner.run(JUnitTestRunner.java:420)
	at org.apache.tools.ant.taskdefs.optional.junit.JUnitTestRunner.launch(JUnitTestRunner.java:911)
	at org.apache.tools.ant.taskdefs.optional.junit.JUnitTestRunner.main(JUnitTestRunner.java:768)
search deliverables with submission filter.
com.topcoder.util.config.UnknownNamespaceException: com.topcoder.util.log is unknown
	at com.topcoder.util.config.DefaultConfigManager.getPropertyObject(DefaultConfigManager.java:429)
	at com.topcoder.util.config.DefaultConfigManager.getString(DefaultConfigManager.java:449)
	at com.topcoder.util.log.LogFactory.getAttribute(LogFactory.java:224)
	at com.topcoder.util.log.basic.BasicLog.log(BasicLog.java:74)
	at com.topcoder.management.deliverable.DeliverableHelper.checkAndGetCustomResultSetValidDeliverable(DeliverableHelper.java:156)
	at com.topcoder.management.deliverable.PersistenceDeliverableManager.searchDeliverablesHelper(PersistenceDeliverableManager.java:284)
	at com.topcoder.management.deliverable.PersistenceDeliverableManager.searchDeliverablesWithSubmissionFilter(PersistenceDeliverableManager.java:217)
	at com.topcoder.management.deliverable.stresstests.StressTestPersistenceDeliverableManager.testSearchDeliverablesWithSubmissions(StressTestPersistenceDeliverableManager.java:141)
	at sun.reflect.NativeMethodAccessorImpl.invoke0(Native Method)
	at sun.reflect.NativeMethodAccessorImpl.invoke(NativeMethodAccessorImpl.java:57)
	at sun.reflect.DelegatingMethodAccessorImpl.invoke(DelegatingMethodAccessorImpl.java:43)
	at java.lang.reflect.Method.invoke(Method.java:616)
	at junit.framework.TestCase.runTest(TestCase.java:168)
	at junit.framework.TestCase.runBare(TestCase.java:134)
	at junit.framework.TestResult$1.protect(TestResult.java:110)
	at junit.framework.TestResult.runProtected(TestResult.java:128)
	at junit.framework.TestResult.run(TestResult.java:113)
	at junit.framework.TestCase.run(TestCase.java:124)
	at junit.framework.TestSuite.runTest(TestSuite.java:232)
	at junit.framework.TestSuite.run(TestSuite.java:227)
	at junit.framework.TestSuite.runTest(TestSuite.java:232)
	at junit.framework.TestSuite.run(TestSuite.java:227)
	at junit.framework.TestSuite.runTest(TestSuite.java:232)
	at junit.framework.TestSuite.run(TestSuite.java:227)
	at org.apache.tools.ant.taskdefs.optional.junit.JUnitTestRunner.run(JUnitTestRunner.java:420)
	at org.apache.tools.ant.taskdefs.optional.junit.JUnitTestRunner.launch(JUnitTestRunner.java:911)
	at org.apache.tools.ant.taskdefs.optional.junit.JUnitTestRunner.main(JUnitTestRunner.java:768)
CustomResultSet Records: 0
com.topcoder.util.config.UnknownNamespaceException: com.topcoder.util.log is unknown
	at com.topcoder.util.config.DefaultConfigManager.getPropertyObject(DefaultConfigManager.java:429)
	at com.topcoder.util.config.DefaultConfigManager.getString(DefaultConfigManager.java:449)
	at com.topcoder.util.log.LogFactory.getAttribute(LogFactory.java:224)
	at com.topcoder.util.log.basic.BasicLog.log(BasicLog.java:74)
	at com.topcoder.management.deliverable.PersistenceDeliverableManager.searchDeliverablesHelper(PersistenceDeliverableManager.java:289)
	at com.topcoder.management.deliverable.PersistenceDeliverableManager.searchDeliverablesWithSubmissionFilter(PersistenceDeliverableManager.java:217)
	at com.topcoder.management.deliverable.stresstests.StressTestPersistenceDeliverableManager.testSearchDeliverablesWithSubmissions(StressTestPersistenceDeliverableManager.java:141)
	at sun.reflect.NativeMethodAccessorImpl.invoke0(Native Method)
	at sun.reflect.NativeMethodAccessorImpl.invoke(NativeMethodAccessorImpl.java:57)
	at sun.reflect.DelegatingMethodAccessorImpl.invoke(DelegatingMethodAccessorImpl.java:43)
	at java.lang.reflect.Method.invoke(Method.java:616)
	at junit.framework.TestCase.runTest(TestCase.java:168)
	at junit.framework.TestCase.runBare(TestCase.java:134)
	at junit.framework.TestResult$1.protect(TestResult.java:110)
	at junit.framework.TestResult.runProtected(TestResult.java:128)
	at junit.framework.TestResult.run(TestResult.java:113)
	at junit.framework.TestCase.run(TestCase.java:124)
	at junit.framework.TestSuite.runTest(TestSuite.java:232)
	at junit.framework.TestSuite.run(TestSuite.java:227)
	at junit.framework.TestSuite.runTest(TestSuite.java:232)
	at junit.framework.TestSuite.run(TestSuite.java:227)
	at junit.framework.TestSuite.runTest(TestSuite.java:232)
	at junit.framework.TestSuite.run(TestSuite.java:227)
	at org.apache.tools.ant.taskdefs.optional.junit.JUnitTestRunner.run(JUnitTestRunner.java:420)
	at org.apache.tools.ant.taskdefs.optional.junit.JUnitTestRunner.launch(JUnitTestRunner.java:911)
	at org.apache.tools.ant.taskdefs.optional.junit.JUnitTestRunner.main(JUnitTestRunner.java:768)
Deliverable Id Array: 4, 0
com.topcoder.util.config.UnknownNamespaceException: com.topcoder.util.log is unknown
	at com.topcoder.util.config.DefaultConfigManager.getPropertyObject(DefaultConfigManager.java:429)
	at com.topcoder.util.config.DefaultConfigManager.getString(DefaultConfigManager.java:449)
	at com.topcoder.util.log.LogFactory.getAttribute(LogFactory.java:224)
	at com.topcoder.util.log.basic.BasicLog.log(BasicLog.java:74)
	at com.topcoder.management.deliverable.PersistenceDeliverableManager.searchDeliverablesWithSubmissionFilter(PersistenceDeliverableManager.java:216)
	at com.topcoder.management.deliverable.stresstests.StressTestPersistenceDeliverableManager.testSearchDeliverablesWithSubmissions(StressTestPersistenceDeliverableManager.java:141)
	at sun.reflect.NativeMethodAccessorImpl.invoke0(Native Method)
	at sun.reflect.NativeMethodAccessorImpl.invoke(NativeMethodAccessorImpl.java:57)
	at sun.reflect.DelegatingMethodAccessorImpl.invoke(DelegatingMethodAccessorImpl.java:43)
	at java.lang.reflect.Method.invoke(Method.java:616)
	at junit.framework.TestCase.runTest(TestCase.java:168)
	at junit.framework.TestCase.runBare(TestCase.java:134)
	at junit.framework.TestResult$1.protect(TestResult.java:110)
	at junit.framework.TestResult.runProtected(TestResult.java:128)
	at junit.framework.TestResult.run(TestResult.java:113)
	at junit.framework.TestCase.run(TestCase.java:124)
	at junit.framework.TestSuite.runTest(TestSuite.java:232)
	at junit.framework.TestSuite.run(TestSuite.java:227)
	at junit.framework.TestSuite.runTest(TestSuite.java:232)
	at junit.framework.TestSuite.run(TestSuite.java:227)
	at junit.framework.TestSuite.runTest(TestSuite.java:232)
	at junit.framework.TestSuite.run(TestSuite.java:227)
	at org.apache.tools.ant.taskdefs.optional.junit.JUnitTestRunner.run(JUnitTestRunner.java:420)
	at org.apache.tools.ant.taskdefs.optional.junit.JUnitTestRunner.launch(JUnitTestRunner.java:911)
	at org.apache.tools.ant.taskdefs.optional.junit.JUnitTestRunner.main(JUnitTestRunner.java:768)
search deliverables with submission filter.
com.topcoder.util.config.UnknownNamespaceException: com.topcoder.util.log is unknown
	at com.topcoder.util.config.DefaultConfigManager.getPropertyObject(DefaultConfigManager.java:429)
	at com.topcoder.util.config.DefaultConfigManager.getString(DefaultConfigManager.java:449)
	at com.topcoder.util.log.LogFactory.getAttribute(LogFactory.java:224)
	at com.topcoder.util.log.basic.BasicLog.log(BasicLog.java:74)
	at com.topcoder.management.deliverable.DeliverableHelper.checkAndGetCustomResultSetValidDeliverable(DeliverableHelper.java:156)
	at com.topcoder.management.deliverable.PersistenceDeliverableManager.searchDeliverablesHelper(PersistenceDeliverableManager.java:284)
	at com.topcoder.management.deliverable.PersistenceDeliverableManager.searchDeliverablesWithSubmissionFilter(PersistenceDeliverableManager.java:217)
	at com.topcoder.management.deliverable.stresstests.StressTestPersistenceDeliverableManager.testSearchDeliverablesWithSubmissions(StressTestPersistenceDeliverableManager.java:141)
	at sun.reflect.NativeMethodAccessorImpl.invoke0(Native Method)
	at sun.reflect.NativeMethodAccessorImpl.invoke(NativeMethodAccessorImpl.java:57)
	at sun.reflect.DelegatingMethodAccessorImpl.invoke(DelegatingMethodAccessorImpl.java:43)
	at java.lang.reflect.Method.invoke(Method.java:616)
	at junit.framework.TestCase.runTest(TestCase.java:168)
	at junit.framework.TestCase.runBare(TestCase.java:134)
	at junit.framework.TestResult$1.protect(TestResult.java:110)
	at junit.framework.TestResult.runProtected(TestResult.java:128)
	at junit.framework.TestResult.run(TestResult.java:113)
	at junit.framework.TestCase.run(TestCase.java:124)
	at junit.framework.TestSuite.runTest(TestSuite.java:232)
	at junit.framework.TestSuite.run(TestSuite.java:227)
	at junit.framework.TestSuite.runTest(TestSuite.java:232)
	at junit.framework.TestSuite.run(TestSuite.java:227)
	at junit.framework.TestSuite.runTest(TestSuite.java:232)
	at junit.framework.TestSuite.run(TestSuite.java:227)
	at org.apache.tools.ant.taskdefs.optional.junit.JUnitTestRunner.run(JUnitTestRunner.java:420)
	at org.apache.tools.ant.taskdefs.optional.junit.JUnitTestRunner.launch(JUnitTestRunner.java:911)
	at org.apache.tools.ant.taskdefs.optional.junit.JUnitTestRunner.main(JUnitTestRunner.java:768)
CustomResultSet Records: 0
com.topcoder.util.config.UnknownNamespaceException: com.topcoder.util.log is unknown
	at com.topcoder.util.config.DefaultConfigManager.getPropertyObject(DefaultConfigManager.java:429)
	at com.topcoder.util.config.DefaultConfigManager.getString(DefaultConfigManager.java:449)
	at com.topcoder.util.log.LogFactory.getAttribute(LogFactory.java:224)
	at com.topcoder.util.log.basic.BasicLog.log(BasicLog.java:74)
	at com.topcoder.management.deliverable.PersistenceDeliverableManager.searchDeliverablesHelper(PersistenceDeliverableManager.java:289)
	at com.topcoder.management.deliverable.PersistenceDeliverableManager.searchDeliverablesWithSubmissionFilter(PersistenceDeliverableManager.java:217)
	at com.topcoder.management.deliverable.stresstests.StressTestPersistenceDeliverableManager.testSearchDeliverablesWithSubmissions(StressTestPersistenceDeliverableManager.java:141)
	at sun.reflect.NativeMethodAccessorImpl.invoke0(Native Method)
	at sun.reflect.NativeMethodAccessorImpl.invoke(NativeMethodAccessorImpl.java:57)
	at sun.reflect.DelegatingMethodAccessorImpl.invoke(DelegatingMethodAccessorImpl.java:43)
	at java.lang.reflect.Method.invoke(Method.java:616)
	at junit.framework.TestCase.runTest(TestCase.java:168)
	at junit.framework.TestCase.runBare(TestCase.java:134)
	at junit.framework.TestResult$1.protect(TestResult.java:110)
	at junit.framework.TestResult.runProtected(TestResult.java:128)
	at junit.framework.TestResult.run(TestResult.java:113)
	at junit.framework.TestCase.run(TestCase.java:124)
	at junit.framework.TestSuite.runTest(TestSuite.java:232)
	at junit.framework.TestSuite.run(TestSuite.java:227)
	at junit.framework.TestSuite.runTest(TestSuite.java:232)
	at junit.framework.TestSuite.run(TestSuite.java:227)
	at junit.framework.TestSuite.runTest(TestSuite.java:232)
	at junit.framework.TestSuite.run(TestSuite.java:227)
	at org.apache.tools.ant.taskdefs.optional.junit.JUnitTestRunner.run(JUnitTestRunner.java:420)
	at org.apache.tools.ant.taskdefs.optional.junit.JUnitTestRunner.launch(JUnitTestRunner.java:911)
	at org.apache.tools.ant.taskdefs.optional.junit.JUnitTestRunner.main(JUnitTestRunner.java:768)
Deliverable Id Array: 4, 0
com.topcoder.util.config.UnknownNamespaceException: com.topcoder.util.log is unknown
	at com.topcoder.util.config.DefaultConfigManager.getPropertyObject(DefaultConfigManager.java:429)
	at com.topcoder.util.config.DefaultConfigManager.getString(DefaultConfigManager.java:449)
	at com.topcoder.util.log.LogFactory.getAttribute(LogFactory.java:224)
	at com.topcoder.util.log.basic.BasicLog.log(BasicLog.java:74)
	at com.topcoder.management.deliverable.PersistenceDeliverableManager.searchDeliverablesWithSubmissionFilter(PersistenceDeliverableManager.java:216)
	at com.topcoder.management.deliverable.stresstests.StressTestPersistenceDeliverableManager.testSearchDeliverablesWithSubmissions(StressTestPersistenceDeliverableManager.java:141)
	at sun.reflect.NativeMethodAccessorImpl.invoke0(Native Method)
	at sun.reflect.NativeMethodAccessorImpl.invoke(NativeMethodAccessorImpl.java:57)
	at sun.reflect.DelegatingMethodAccessorImpl.invoke(DelegatingMethodAccessorImpl.java:43)
	at java.lang.reflect.Method.invoke(Method.java:616)
	at junit.framework.TestCase.runTest(TestCase.java:168)
	at junit.framework.TestCase.runBare(TestCase.java:134)
	at junit.framework.TestResult$1.protect(TestResult.java:110)
	at junit.framework.TestResult.runProtected(TestResult.java:128)
	at junit.framework.TestResult.run(TestResult.java:113)
	at junit.framework.TestCase.run(TestCase.java:124)
	at junit.framework.TestSuite.runTest(TestSuite.java:232)
	at junit.framework.TestSuite.run(TestSuite.java:227)
	at junit.framework.TestSuite.runTest(TestSuite.java:232)
	at junit.framework.TestSuite.run(TestSuite.java:227)
	at junit.framework.TestSuite.runTest(TestSuite.java:232)
	at junit.framework.TestSuite.run(TestSuite.java:227)
	at org.apache.tools.ant.taskdefs.optional.junit.JUnitTestRunner.run(JUnitTestRunner.java:420)
	at org.apache.tools.ant.taskdefs.optional.junit.JUnitTestRunner.launch(JUnitTestRunner.java:911)
	at org.apache.tools.ant.taskdefs.optional.junit.JUnitTestRunner.main(JUnitTestRunner.java:768)
search deliverables with submission filter.
com.topcoder.util.config.UnknownNamespaceException: com.topcoder.util.log is unknown
	at com.topcoder.util.config.DefaultConfigManager.getPropertyObject(DefaultConfigManager.java:429)
	at com.topcoder.util.config.DefaultConfigManager.getString(DefaultConfigManager.java:449)
	at com.topcoder.util.log.LogFactory.getAttribute(LogFactory.java:224)
	at com.topcoder.util.log.basic.BasicLog.log(BasicLog.java:74)
	at com.topcoder.management.deliverable.DeliverableHelper.checkAndGetCustomResultSetValidDeliverable(DeliverableHelper.java:156)
	at com.topcoder.management.deliverable.PersistenceDeliverableManager.searchDeliverablesHelper(PersistenceDeliverableManager.java:284)
	at com.topcoder.management.deliverable.PersistenceDeliverableManager.searchDeliverablesWithSubmissionFilter(PersistenceDeliverableManager.java:217)
	at com.topcoder.management.deliverable.stresstests.StressTestPersistenceDeliverableManager.testSearchDeliverablesWithSubmissions(StressTestPersistenceDeliverableManager.java:141)
	at sun.reflect.NativeMethodAccessorImpl.invoke0(Native Method)
	at sun.reflect.NativeMethodAccessorImpl.invoke(NativeMethodAccessorImpl.java:57)
	at sun.reflect.DelegatingMethodAccessorImpl.invoke(DelegatingMethodAccessorImpl.java:43)
	at java.lang.reflect.Method.invoke(Method.java:616)
	at junit.framework.TestCase.runTest(TestCase.java:168)
	at junit.framework.TestCase.runBare(TestCase.java:134)
	at junit.framework.TestResult$1.protect(TestResult.java:110)
	at junit.framework.TestResult.runProtected(TestResult.java:128)
	at junit.framework.TestResult.run(TestResult.java:113)
	at junit.framework.TestCase.run(TestCase.java:124)
	at junit.framework.TestSuite.runTest(TestSuite.java:232)
	at junit.framework.TestSuite.run(TestSuite.java:227)
	at junit.framework.TestSuite.runTest(TestSuite.java:232)
	at junit.framework.TestSuite.run(TestSuite.java:227)
	at junit.framework.TestSuite.runTest(TestSuite.java:232)
	at junit.framework.TestSuite.run(TestSuite.java:227)
	at org.apache.tools.ant.taskdefs.optional.junit.JUnitTestRunner.run(JUnitTestRunner.java:420)
	at org.apache.tools.ant.taskdefs.optional.junit.JUnitTestRunner.launch(JUnitTestRunner.java:911)
	at org.apache.tools.ant.taskdefs.optional.junit.JUnitTestRunner.main(JUnitTestRunner.java:768)
CustomResultSet Records: 0
com.topcoder.util.config.UnknownNamespaceException: com.topcoder.util.log is unknown
	at com.topcoder.util.config.DefaultConfigManager.getPropertyObject(DefaultConfigManager.java:429)
	at com.topcoder.util.config.DefaultConfigManager.getString(DefaultConfigManager.java:449)
	at com.topcoder.util.log.LogFactory.getAttribute(LogFactory.java:224)
	at com.topcoder.util.log.basic.BasicLog.log(BasicLog.java:74)
	at com.topcoder.management.deliverable.PersistenceDeliverableManager.searchDeliverablesHelper(PersistenceDeliverableManager.java:289)
	at com.topcoder.management.deliverable.PersistenceDeliverableManager.searchDeliverablesWithSubmissionFilter(PersistenceDeliverableManager.java:217)
	at com.topcoder.management.deliverable.stresstests.StressTestPersistenceDeliverableManager.testSearchDeliverablesWithSubmissions(StressTestPersistenceDeliverableManager.java:141)
	at sun.reflect.NativeMethodAccessorImpl.invoke0(Native Method)
	at sun.reflect.NativeMethodAccessorImpl.invoke(NativeMethodAccessorImpl.java:57)
	at sun.reflect.DelegatingMethodAccessorImpl.invoke(DelegatingMethodAccessorImpl.java:43)
	at java.lang.reflect.Method.invoke(Method.java:616)
	at junit.framework.TestCase.runTest(TestCase.java:168)
	at junit.framework.TestCase.runBare(TestCase.java:134)
	at junit.framework.TestResult$1.protect(TestResult.java:110)
	at junit.framework.TestResult.runProtected(TestResult.java:128)
	at junit.framework.TestResult.run(TestResult.java:113)
	at junit.framework.TestCase.run(TestCase.java:124)
	at junit.framework.TestSuite.runTest(TestSuite.java:232)
	at junit.framework.TestSuite.run(TestSuite.java:227)
	at junit.framework.TestSuite.runTest(TestSuite.java:232)
	at junit.framework.TestSuite.run(TestSuite.java:227)
	at junit.framework.TestSuite.runTest(TestSuite.java:232)
	at junit.framework.TestSuite.run(TestSuite.java:227)
	at org.apache.tools.ant.taskdefs.optional.junit.JUnitTestRunner.run(JUnitTestRunner.java:420)
	at org.apache.tools.ant.taskdefs.optional.junit.JUnitTestRunner.launch(JUnitTestRunner.java:911)
	at org.apache.tools.ant.taskdefs.optional.junit.JUnitTestRunner.main(JUnitTestRunner.java:768)
Deliverable Id Array: 4, 0
com.topcoder.util.config.UnknownNamespaceException: com.topcoder.util.log is unknown
	at com.topcoder.util.config.DefaultConfigManager.getPropertyObject(DefaultConfigManager.java:429)
	at com.topcoder.util.config.DefaultConfigManager.getString(DefaultConfigManager.java:449)
	at com.topcoder.util.log.LogFactory.getAttribute(LogFactory.java:224)
	at com.topcoder.util.log.basic.BasicLog.log(BasicLog.java:74)
	at com.topcoder.management.deliverable.PersistenceDeliverableManager.searchDeliverablesWithSubmissionFilter(PersistenceDeliverableManager.java:216)
	at com.topcoder.management.deliverable.stresstests.StressTestPersistenceDeliverableManager.testSearchDeliverablesWithSubmissions(StressTestPersistenceDeliverableManager.java:141)
	at sun.reflect.NativeMethodAccessorImpl.invoke0(Native Method)
	at sun.reflect.NativeMethodAccessorImpl.invoke(NativeMethodAccessorImpl.java:57)
	at sun.reflect.DelegatingMethodAccessorImpl.invoke(DelegatingMethodAccessorImpl.java:43)
	at java.lang.reflect.Method.invoke(Method.java:616)
	at junit.framework.TestCase.runTest(TestCase.java:168)
	at junit.framework.TestCase.runBare(TestCase.java:134)
	at junit.framework.TestResult$1.protect(TestResult.java:110)
	at junit.framework.TestResult.runProtected(TestResult.java:128)
	at junit.framework.TestResult.run(TestResult.java:113)
	at junit.framework.TestCase.run(TestCase.java:124)
	at junit.framework.TestSuite.runTest(TestSuite.java:232)
	at junit.framework.TestSuite.run(TestSuite.java:227)
	at junit.framework.TestSuite.runTest(TestSuite.java:232)
	at junit.framework.TestSuite.run(TestSuite.java:227)
	at junit.framework.TestSuite.runTest(TestSuite.java:232)
	at junit.framework.TestSuite.run(TestSuite.java:227)
	at org.apache.tools.ant.taskdefs.optional.junit.JUnitTestRunner.run(JUnitTestRunner.java:420)
	at org.apache.tools.ant.taskdefs.optional.junit.JUnitTestRunner.launch(JUnitTestRunner.java:911)
	at org.apache.tools.ant.taskdefs.optional.junit.JUnitTestRunner.main(JUnitTestRunner.java:768)
search deliverables with submission filter.
com.topcoder.util.config.UnknownNamespaceException: com.topcoder.util.log is unknown
	at com.topcoder.util.config.DefaultConfigManager.getPropertyObject(DefaultConfigManager.java:429)
	at com.topcoder.util.config.DefaultConfigManager.getString(DefaultConfigManager.java:449)
	at com.topcoder.util.log.LogFactory.getAttribute(LogFactory.java:224)
	at com.topcoder.util.log.basic.BasicLog.log(BasicLog.java:74)
	at com.topcoder.management.deliverable.DeliverableHelper.checkAndGetCustomResultSetValidDeliverable(DeliverableHelper.java:156)
	at com.topcoder.management.deliverable.PersistenceDeliverableManager.searchDeliverablesHelper(PersistenceDeliverableManager.java:284)
	at com.topcoder.management.deliverable.PersistenceDeliverableManager.searchDeliverablesWithSubmissionFilter(PersistenceDeliverableManager.java:217)
	at com.topcoder.management.deliverable.stresstests.StressTestPersistenceDeliverableManager.testSearchDeliverablesWithSubmissions(StressTestPersistenceDeliverableManager.java:141)
	at sun.reflect.NativeMethodAccessorImpl.invoke0(Native Method)
	at sun.reflect.NativeMethodAccessorImpl.invoke(NativeMethodAccessorImpl.java:57)
	at sun.reflect.DelegatingMethodAccessorImpl.invoke(DelegatingMethodAccessorImpl.java:43)
	at java.lang.reflect.Method.invoke(Method.java:616)
	at junit.framework.TestCase.runTest(TestCase.java:168)
	at junit.framework.TestCase.runBare(TestCase.java:134)
	at junit.framework.TestResult$1.protect(TestResult.java:110)
	at junit.framework.TestResult.runProtected(TestResult.java:128)
	at junit.framework.TestResult.run(TestResult.java:113)
	at junit.framework.TestCase.run(TestCase.java:124)
	at junit.framework.TestSuite.runTest(TestSuite.java:232)
	at junit.framework.TestSuite.run(TestSuite.java:227)
	at junit.framework.TestSuite.runTest(TestSuite.java:232)
	at junit.framework.TestSuite.run(TestSuite.java:227)
	at junit.framework.TestSuite.runTest(TestSuite.java:232)
	at junit.framework.TestSuite.run(TestSuite.java:227)
	at org.apache.tools.ant.taskdefs.optional.junit.JUnitTestRunner.run(JUnitTestRunner.java:420)
	at org.apache.tools.ant.taskdefs.optional.junit.JUnitTestRunner.launch(JUnitTestRunner.java:911)
	at org.apache.tools.ant.taskdefs.optional.junit.JUnitTestRunner.main(JUnitTestRunner.java:768)
CustomResultSet Records: 0
com.topcoder.util.config.UnknownNamespaceException: com.topcoder.util.log is unknown
	at com.topcoder.util.config.DefaultConfigManager.getPropertyObject(DefaultConfigManager.java:429)
	at com.topcoder.util.config.DefaultConfigManager.getString(DefaultConfigManager.java:449)
	at com.topcoder.util.log.LogFactory.getAttribute(LogFactory.java:224)
	at com.topcoder.util.log.basic.BasicLog.log(BasicLog.java:74)
	at com.topcoder.management.deliverable.PersistenceDeliverableManager.searchDeliverablesHelper(PersistenceDeliverableManager.java:289)
	at com.topcoder.management.deliverable.PersistenceDeliverableManager.searchDeliverablesWithSubmissionFilter(PersistenceDeliverableManager.java:217)
	at com.topcoder.management.deliverable.stresstests.StressTestPersistenceDeliverableManager.testSearchDeliverablesWithSubmissions(StressTestPersistenceDeliverableManager.java:141)
	at sun.reflect.NativeMethodAccessorImpl.invoke0(Native Method)
	at sun.reflect.NativeMethodAccessorImpl.invoke(NativeMethodAccessorImpl.java:57)
	at sun.reflect.DelegatingMethodAccessorImpl.invoke(DelegatingMethodAccessorImpl.java:43)
	at java.lang.reflect.Method.invoke(Method.java:616)
	at junit.framework.TestCase.runTest(TestCase.java:168)
	at junit.framework.TestCase.runBare(TestCase.java:134)
	at junit.framework.TestResult$1.protect(TestResult.java:110)
	at junit.framework.TestResult.runProtected(TestResult.java:128)
	at junit.framework.TestResult.run(TestResult.java:113)
	at junit.framework.TestCase.run(TestCase.java:124)
	at junit.framework.TestSuite.runTest(TestSuite.java:232)
	at junit.framework.TestSuite.run(TestSuite.java:227)
	at junit.framework.TestSuite.runTest(TestSuite.java:232)
	at junit.framework.TestSuite.run(TestSuite.java:227)
	at junit.framework.TestSuite.runTest(TestSuite.java:232)
	at junit.framework.TestSuite.run(TestSuite.java:227)
	at org.apache.tools.ant.taskdefs.optional.junit.JUnitTestRunner.run(JUnitTestRunner.java:420)
	at org.apache.tools.ant.taskdefs.optional.junit.JUnitTestRunner.launch(JUnitTestRunner.java:911)
	at org.apache.tools.ant.taskdefs.optional.junit.JUnitTestRunner.main(JUnitTestRunner.java:768)
Deliverable Id Array: 4, 0
com.topcoder.util.config.UnknownNamespaceException: com.topcoder.util.log is unknown
	at com.topcoder.util.config.DefaultConfigManager.getPropertyObject(DefaultConfigManager.java:429)
	at com.topcoder.util.config.DefaultConfigManager.getString(DefaultConfigManager.java:449)
	at com.topcoder.util.log.LogFactory.getAttribute(LogFactory.java:224)
	at com.topcoder.util.log.basic.BasicLog.log(BasicLog.java:74)
	at com.topcoder.management.deliverable.PersistenceDeliverableManager.searchDeliverablesWithSubmissionFilter(PersistenceDeliverableManager.java:216)
	at com.topcoder.management.deliverable.stresstests.StressTestPersistenceDeliverableManager.testSearchDeliverablesWithSubmissions(StressTestPersistenceDeliverableManager.java:141)
	at sun.reflect.NativeMethodAccessorImpl.invoke0(Native Method)
	at sun.reflect.NativeMethodAccessorImpl.invoke(NativeMethodAccessorImpl.java:57)
	at sun.reflect.DelegatingMethodAccessorImpl.invoke(DelegatingMethodAccessorImpl.java:43)
	at java.lang.reflect.Method.invoke(Method.java:616)
	at junit.framework.TestCase.runTest(TestCase.java:168)
	at junit.framework.TestCase.runBare(TestCase.java:134)
	at junit.framework.TestResult$1.protect(TestResult.java:110)
	at junit.framework.TestResult.runProtected(TestResult.java:128)
	at junit.framework.TestResult.run(TestResult.java:113)
	at junit.framework.TestCase.run(TestCase.java:124)
	at junit.framework.TestSuite.runTest(TestSuite.java:232)
	at junit.framework.TestSuite.run(TestSuite.java:227)
	at junit.framework.TestSuite.runTest(TestSuite.java:232)
	at junit.framework.TestSuite.run(TestSuite.java:227)
	at junit.framework.TestSuite.runTest(TestSuite.java:232)
	at junit.framework.TestSuite.run(TestSuite.java:227)
	at org.apache.tools.ant.taskdefs.optional.junit.JUnitTestRunner.run(JUnitTestRunner.java:420)
	at org.apache.tools.ant.taskdefs.optional.junit.JUnitTestRunner.launch(JUnitTestRunner.java:911)
	at org.apache.tools.ant.taskdefs.optional.junit.JUnitTestRunner.main(JUnitTestRunner.java:768)
search deliverables with submission filter.
com.topcoder.util.config.UnknownNamespaceException: com.topcoder.util.log is unknown
	at com.topcoder.util.config.DefaultConfigManager.getPropertyObject(DefaultConfigManager.java:429)
	at com.topcoder.util.config.DefaultConfigManager.getString(DefaultConfigManager.java:449)
	at com.topcoder.util.log.LogFactory.getAttribute(LogFactory.java:224)
	at com.topcoder.util.log.basic.BasicLog.log(BasicLog.java:74)
	at com.topcoder.management.deliverable.DeliverableHelper.checkAndGetCustomResultSetValidDeliverable(DeliverableHelper.java:156)
	at com.topcoder.management.deliverable.PersistenceDeliverableManager.searchDeliverablesHelper(PersistenceDeliverableManager.java:284)
	at com.topcoder.management.deliverable.PersistenceDeliverableManager.searchDeliverablesWithSubmissionFilter(PersistenceDeliverableManager.java:217)
	at com.topcoder.management.deliverable.stresstests.StressTestPersistenceDeliverableManager.testSearchDeliverablesWithSubmissions(StressTestPersistenceDeliverableManager.java:141)
	at sun.reflect.NativeMethodAccessorImpl.invoke0(Native Method)
	at sun.reflect.NativeMethodAccessorImpl.invoke(NativeMethodAccessorImpl.java:57)
	at sun.reflect.DelegatingMethodAccessorImpl.invoke(DelegatingMethodAccessorImpl.java:43)
	at java.lang.reflect.Method.invoke(Method.java:616)
	at junit.framework.TestCase.runTest(TestCase.java:168)
	at junit.framework.TestCase.runBare(TestCase.java:134)
	at junit.framework.TestResult$1.protect(TestResult.java:110)
	at junit.framework.TestResult.runProtected(TestResult.java:128)
	at junit.framework.TestResult.run(TestResult.java:113)
	at junit.framework.TestCase.run(TestCase.java:124)
	at junit.framework.TestSuite.runTest(TestSuite.java:232)
	at junit.framework.TestSuite.run(TestSuite.java:227)
	at junit.framework.TestSuite.runTest(TestSuite.java:232)
	at junit.framework.TestSuite.run(TestSuite.java:227)
	at junit.framework.TestSuite.runTest(TestSuite.java:232)
	at junit.framework.TestSuite.run(TestSuite.java:227)
	at org.apache.tools.ant.taskdefs.optional.junit.JUnitTestRunner.run(JUnitTestRunner.java:420)
	at org.apache.tools.ant.taskdefs.optional.junit.JUnitTestRunner.launch(JUnitTestRunner.java:911)
	at org.apache.tools.ant.taskdefs.optional.junit.JUnitTestRunner.main(JUnitTestRunner.java:768)
CustomResultSet Records: 0
com.topcoder.util.config.UnknownNamespaceException: com.topcoder.util.log is unknown
	at com.topcoder.util.config.DefaultConfigManager.getPropertyObject(DefaultConfigManager.java:429)
	at com.topcoder.util.config.DefaultConfigManager.getString(DefaultConfigManager.java:449)
	at com.topcoder.util.log.LogFactory.getAttribute(LogFactory.java:224)
	at com.topcoder.util.log.basic.BasicLog.log(BasicLog.java:74)
	at com.topcoder.management.deliverable.PersistenceDeliverableManager.searchDeliverablesHelper(PersistenceDeliverableManager.java:289)
	at com.topcoder.management.deliverable.PersistenceDeliverableManager.searchDeliverablesWithSubmissionFilter(PersistenceDeliverableManager.java:217)
	at com.topcoder.management.deliverable.stresstests.StressTestPersistenceDeliverableManager.testSearchDeliverablesWithSubmissions(StressTestPersistenceDeliverableManager.java:141)
	at sun.reflect.NativeMethodAccessorImpl.invoke0(Native Method)
	at sun.reflect.NativeMethodAccessorImpl.invoke(NativeMethodAccessorImpl.java:57)
	at sun.reflect.DelegatingMethodAccessorImpl.invoke(DelegatingMethodAccessorImpl.java:43)
	at java.lang.reflect.Method.invoke(Method.java:616)
	at junit.framework.TestCase.runTest(TestCase.java:168)
	at junit.framework.TestCase.runBare(TestCase.java:134)
	at junit.framework.TestResult$1.protect(TestResult.java:110)
	at junit.framework.TestResult.runProtected(TestResult.java:128)
	at junit.framework.TestResult.run(TestResult.java:113)
	at junit.framework.TestCase.run(TestCase.java:124)
	at junit.framework.TestSuite.runTest(TestSuite.java:232)
	at junit.framework.TestSuite.run(TestSuite.java:227)
	at junit.framework.TestSuite.runTest(TestSuite.java:232)
	at junit.framework.TestSuite.run(TestSuite.java:227)
	at junit.framework.TestSuite.runTest(TestSuite.java:232)
	at junit.framework.TestSuite.run(TestSuite.java:227)
	at org.apache.tools.ant.taskdefs.optional.junit.JUnitTestRunner.run(JUnitTestRunner.java:420)
	at org.apache.tools.ant.taskdefs.optional.junit.JUnitTestRunner.launch(JUnitTestRunner.java:911)
	at org.apache.tools.ant.taskdefs.optional.junit.JUnitTestRunner.main(JUnitTestRunner.java:768)
Deliverable Id Array: 4, 0
com.topcoder.util.config.UnknownNamespaceException: com.topcoder.util.log is unknown
	at com.topcoder.util.config.DefaultConfigManager.getPropertyObject(DefaultConfigManager.java:429)
	at com.topcoder.util.config.DefaultConfigManager.getString(DefaultConfigManager.java:449)
	at com.topcoder.util.log.LogFactory.getAttribute(LogFactory.java:224)
	at com.topcoder.util.log.basic.BasicLog.log(BasicLog.java:74)
	at com.topcoder.management.deliverable.PersistenceDeliverableManager.searchDeliverablesWithSubmissionFilter(PersistenceDeliverableManager.java:216)
	at com.topcoder.management.deliverable.stresstests.StressTestPersistenceDeliverableManager.testSearchDeliverablesWithSubmissions(StressTestPersistenceDeliverableManager.java:141)
	at sun.reflect.NativeMethodAccessorImpl.invoke0(Native Method)
	at sun.reflect.NativeMethodAccessorImpl.invoke(NativeMethodAccessorImpl.java:57)
	at sun.reflect.DelegatingMethodAccessorImpl.invoke(DelegatingMethodAccessorImpl.java:43)
	at java.lang.reflect.Method.invoke(Method.java:616)
	at junit.framework.TestCase.runTest(TestCase.java:168)
	at junit.framework.TestCase.runBare(TestCase.java:134)
	at junit.framework.TestResult$1.protect(TestResult.java:110)
	at junit.framework.TestResult.runProtected(TestResult.java:128)
	at junit.framework.TestResult.run(TestResult.java:113)
	at junit.framework.TestCase.run(TestCase.java:124)
	at junit.framework.TestSuite.runTest(TestSuite.java:232)
	at junit.framework.TestSuite.run(TestSuite.java:227)
	at junit.framework.TestSuite.runTest(TestSuite.java:232)
	at junit.framework.TestSuite.run(TestSuite.java:227)
	at junit.framework.TestSuite.runTest(TestSuite.java:232)
	at junit.framework.TestSuite.run(TestSuite.java:227)
	at org.apache.tools.ant.taskdefs.optional.junit.JUnitTestRunner.run(JUnitTestRunner.java:420)
	at org.apache.tools.ant.taskdefs.optional.junit.JUnitTestRunner.launch(JUnitTestRunner.java:911)
	at org.apache.tools.ant.taskdefs.optional.junit.JUnitTestRunner.main(JUnitTestRunner.java:768)
search deliverables with submission filter.
com.topcoder.util.config.UnknownNamespaceException: com.topcoder.util.log is unknown
	at com.topcoder.util.config.DefaultConfigManager.getPropertyObject(DefaultConfigManager.java:429)
	at com.topcoder.util.config.DefaultConfigManager.getString(DefaultConfigManager.java:449)
	at com.topcoder.util.log.LogFactory.getAttribute(LogFactory.java:224)
	at com.topcoder.util.log.basic.BasicLog.log(BasicLog.java:74)
	at com.topcoder.management.deliverable.DeliverableHelper.checkAndGetCustomResultSetValidDeliverable(DeliverableHelper.java:156)
	at com.topcoder.management.deliverable.PersistenceDeliverableManager.searchDeliverablesHelper(PersistenceDeliverableManager.java:284)
	at com.topcoder.management.deliverable.PersistenceDeliverableManager.searchDeliverablesWithSubmissionFilter(PersistenceDeliverableManager.java:217)
	at com.topcoder.management.deliverable.stresstests.StressTestPersistenceDeliverableManager.testSearchDeliverablesWithSubmissions(StressTestPersistenceDeliverableManager.java:141)
	at sun.reflect.NativeMethodAccessorImpl.invoke0(Native Method)
	at sun.reflect.NativeMethodAccessorImpl.invoke(NativeMethodAccessorImpl.java:57)
	at sun.reflect.DelegatingMethodAccessorImpl.invoke(DelegatingMethodAccessorImpl.java:43)
	at java.lang.reflect.Method.invoke(Method.java:616)
	at junit.framework.TestCase.runTest(TestCase.java:168)
	at junit.framework.TestCase.runBare(TestCase.java:134)
	at junit.framework.TestResult$1.protect(TestResult.java:110)
	at junit.framework.TestResult.runProtected(TestResult.java:128)
	at junit.framework.TestResult.run(TestResult.java:113)
	at junit.framework.TestCase.run(TestCase.java:124)
	at junit.framework.TestSuite.runTest(TestSuite.java:232)
	at junit.framework.TestSuite.run(TestSuite.java:227)
	at junit.framework.TestSuite.runTest(TestSuite.java:232)
	at junit.framework.TestSuite.run(TestSuite.java:227)
	at junit.framework.TestSuite.runTest(TestSuite.java:232)
	at junit.framework.TestSuite.run(TestSuite.java:227)
	at org.apache.tools.ant.taskdefs.optional.junit.JUnitTestRunner.run(JUnitTestRunner.java:420)
	at org.apache.tools.ant.taskdefs.optional.junit.JUnitTestRunner.launch(JUnitTestRunner.java:911)
	at org.apache.tools.ant.taskdefs.optional.junit.JUnitTestRunner.main(JUnitTestRunner.java:768)
CustomResultSet Records: 0
com.topcoder.util.config.UnknownNamespaceException: com.topcoder.util.log is unknown
	at com.topcoder.util.config.DefaultConfigManager.getPropertyObject(DefaultConfigManager.java:429)
	at com.topcoder.util.config.DefaultConfigManager.getString(DefaultConfigManager.java:449)
	at com.topcoder.util.log.LogFactory.getAttribute(LogFactory.java:224)
	at com.topcoder.util.log.basic.BasicLog.log(BasicLog.java:74)
	at com.topcoder.management.deliverable.PersistenceDeliverableManager.searchDeliverablesHelper(PersistenceDeliverableManager.java:289)
	at com.topcoder.management.deliverable.PersistenceDeliverableManager.searchDeliverablesWithSubmissionFilter(PersistenceDeliverableManager.java:217)
	at com.topcoder.management.deliverable.stresstests.StressTestPersistenceDeliverableManager.testSearchDeliverablesWithSubmissions(StressTestPersistenceDeliverableManager.java:141)
	at sun.reflect.NativeMethodAccessorImpl.invoke0(Native Method)
	at sun.reflect.NativeMethodAccessorImpl.invoke(NativeMethodAccessorImpl.java:57)
	at sun.reflect.DelegatingMethodAccessorImpl.invoke(DelegatingMethodAccessorImpl.java:43)
	at java.lang.reflect.Method.invoke(Method.java:616)
	at junit.framework.TestCase.runTest(TestCase.java:168)
	at junit.framework.TestCase.runBare(TestCase.java:134)
	at junit.framework.TestResult$1.protect(TestResult.java:110)
	at junit.framework.TestResult.runProtected(TestResult.java:128)
	at junit.framework.TestResult.run(TestResult.java:113)
	at junit.framework.TestCase.run(TestCase.java:124)
	at junit.framework.TestSuite.runTest(TestSuite.java:232)
	at junit.framework.TestSuite.run(TestSuite.java:227)
	at junit.framework.TestSuite.runTest(TestSuite.java:232)
	at junit.framework.TestSuite.run(TestSuite.java:227)
	at junit.framework.TestSuite.runTest(TestSuite.java:232)
	at junit.framework.TestSuite.run(TestSuite.java:227)
	at org.apache.tools.ant.taskdefs.optional.junit.JUnitTestRunner.run(JUnitTestRunner.java:420)
	at org.apache.tools.ant.taskdefs.optional.junit.JUnitTestRunner.launch(JUnitTestRunner.java:911)
	at org.apache.tools.ant.taskdefs.optional.junit.JUnitTestRunner.main(JUnitTestRunner.java:768)
Deliverable Id Array: 4, 0
com.topcoder.util.config.UnknownNamespaceException: com.topcoder.util.log is unknown
	at com.topcoder.util.config.DefaultConfigManager.getPropertyObject(DefaultConfigManager.java:429)
	at com.topcoder.util.config.DefaultConfigManager.getString(DefaultConfigManager.java:449)
	at com.topcoder.util.log.LogFactory.getAttribute(LogFactory.java:224)
	at com.topcoder.util.log.basic.BasicLog.log(BasicLog.java:74)
	at com.topcoder.management.deliverable.PersistenceDeliverableManager.searchDeliverablesWithSubmissionFilter(PersistenceDeliverableManager.java:216)
	at com.topcoder.management.deliverable.stresstests.StressTestPersistenceDeliverableManager.testSearchDeliverablesWithSubmissions(StressTestPersistenceDeliverableManager.java:141)
	at sun.reflect.NativeMethodAccessorImpl.invoke0(Native Method)
	at sun.reflect.NativeMethodAccessorImpl.invoke(NativeMethodAccessorImpl.java:57)
	at sun.reflect.DelegatingMethodAccessorImpl.invoke(DelegatingMethodAccessorImpl.java:43)
	at java.lang.reflect.Method.invoke(Method.java:616)
	at junit.framework.TestCase.runTest(TestCase.java:168)
	at junit.framework.TestCase.runBare(TestCase.java:134)
	at junit.framework.TestResult$1.protect(TestResult.java:110)
	at junit.framework.TestResult.runProtected(TestResult.java:128)
	at junit.framework.TestResult.run(TestResult.java:113)
	at junit.framework.TestCase.run(TestCase.java:124)
	at junit.framework.TestSuite.runTest(TestSuite.java:232)
	at junit.framework.TestSuite.run(TestSuite.java:227)
	at junit.framework.TestSuite.runTest(TestSuite.java:232)
	at junit.framework.TestSuite.run(TestSuite.java:227)
	at junit.framework.TestSuite.runTest(TestSuite.java:232)
	at junit.framework.TestSuite.run(TestSuite.java:227)
	at org.apache.tools.ant.taskdefs.optional.junit.JUnitTestRunner.run(JUnitTestRunner.java:420)
	at org.apache.tools.ant.taskdefs.optional.junit.JUnitTestRunner.launch(JUnitTestRunner.java:911)
	at org.apache.tools.ant.taskdefs.optional.junit.JUnitTestRunner.main(JUnitTestRunner.java:768)
search deliverables with submission filter.
com.topcoder.util.config.UnknownNamespaceException: com.topcoder.util.log is unknown
	at com.topcoder.util.config.DefaultConfigManager.getPropertyObject(DefaultConfigManager.java:429)
	at com.topcoder.util.config.DefaultConfigManager.getString(DefaultConfigManager.java:449)
	at com.topcoder.util.log.LogFactory.getAttribute(LogFactory.java:224)
	at com.topcoder.util.log.basic.BasicLog.log(BasicLog.java:74)
	at com.topcoder.management.deliverable.DeliverableHelper.checkAndGetCustomResultSetValidDeliverable(DeliverableHelper.java:156)
	at com.topcoder.management.deliverable.PersistenceDeliverableManager.searchDeliverablesHelper(PersistenceDeliverableManager.java:284)
	at com.topcoder.management.deliverable.PersistenceDeliverableManager.searchDeliverablesWithSubmissionFilter(PersistenceDeliverableManager.java:217)
	at com.topcoder.management.deliverable.stresstests.StressTestPersistenceDeliverableManager.testSearchDeliverablesWithSubmissions(StressTestPersistenceDeliverableManager.java:141)
	at sun.reflect.NativeMethodAccessorImpl.invoke0(Native Method)
	at sun.reflect.NativeMethodAccessorImpl.invoke(NativeMethodAccessorImpl.java:57)
	at sun.reflect.DelegatingMethodAccessorImpl.invoke(DelegatingMethodAccessorImpl.java:43)
	at java.lang.reflect.Method.invoke(Method.java:616)
	at junit.framework.TestCase.runTest(TestCase.java:168)
	at junit.framework.TestCase.runBare(TestCase.java:134)
	at junit.framework.TestResult$1.protect(TestResult.java:110)
	at junit.framework.TestResult.runProtected(TestResult.java:128)
	at junit.framework.TestResult.run(TestResult.java:113)
	at junit.framework.TestCase.run(TestCase.java:124)
	at junit.framework.TestSuite.runTest(TestSuite.java:232)
	at junit.framework.TestSuite.run(TestSuite.java:227)
	at junit.framework.TestSuite.runTest(TestSuite.java:232)
	at junit.framework.TestSuite.run(TestSuite.java:227)
	at junit.framework.TestSuite.runTest(TestSuite.java:232)
	at junit.framework.TestSuite.run(TestSuite.java:227)
	at org.apache.tools.ant.taskdefs.optional.junit.JUnitTestRunner.run(JUnitTestRunner.java:420)
	at org.apache.tools.ant.taskdefs.optional.junit.JUnitTestRunner.launch(JUnitTestRunner.java:911)
	at org.apache.tools.ant.taskdefs.optional.junit.JUnitTestRunner.main(JUnitTestRunner.java:768)
CustomResultSet Records: 0
com.topcoder.util.config.UnknownNamespaceException: com.topcoder.util.log is unknown
	at com.topcoder.util.config.DefaultConfigManager.getPropertyObject(DefaultConfigManager.java:429)
	at com.topcoder.util.config.DefaultConfigManager.getString(DefaultConfigManager.java:449)
	at com.topcoder.util.log.LogFactory.getAttribute(LogFactory.java:224)
	at com.topcoder.util.log.basic.BasicLog.log(BasicLog.java:74)
	at com.topcoder.management.deliverable.PersistenceDeliverableManager.searchDeliverablesHelper(PersistenceDeliverableManager.java:289)
	at com.topcoder.management.deliverable.PersistenceDeliverableManager.searchDeliverablesWithSubmissionFilter(PersistenceDeliverableManager.java:217)
	at com.topcoder.management.deliverable.stresstests.StressTestPersistenceDeliverableManager.testSearchDeliverablesWithSubmissions(StressTestPersistenceDeliverableManager.java:141)
	at sun.reflect.NativeMethodAccessorImpl.invoke0(Native Method)
	at sun.reflect.NativeMethodAccessorImpl.invoke(NativeMethodAccessorImpl.java:57)
	at sun.reflect.DelegatingMethodAccessorImpl.invoke(DelegatingMethodAccessorImpl.java:43)
	at java.lang.reflect.Method.invoke(Method.java:616)
	at junit.framework.TestCase.runTest(TestCase.java:168)
	at junit.framework.TestCase.runBare(TestCase.java:134)
	at junit.framework.TestResult$1.protect(TestResult.java:110)
	at junit.framework.TestResult.runProtected(TestResult.java:128)
	at junit.framework.TestResult.run(TestResult.java:113)
	at junit.framework.TestCase.run(TestCase.java:124)
	at junit.framework.TestSuite.runTest(TestSuite.java:232)
	at junit.framework.TestSuite.run(TestSuite.java:227)
	at junit.framework.TestSuite.runTest(TestSuite.java:232)
	at junit.framework.TestSuite.run(TestSuite.java:227)
	at junit.framework.TestSuite.runTest(TestSuite.java:232)
	at junit.framework.TestSuite.run(TestSuite.java:227)
	at org.apache.tools.ant.taskdefs.optional.junit.JUnitTestRunner.run(JUnitTestRunner.java:420)
	at org.apache.tools.ant.taskdefs.optional.junit.JUnitTestRunner.launch(JUnitTestRunner.java:911)
	at org.apache.tools.ant.taskdefs.optional.junit.JUnitTestRunner.main(JUnitTestRunner.java:768)
Deliverable Id Array: 4, 0
com.topcoder.util.config.UnknownNamespaceException: com.topcoder.util.log is unknown
	at com.topcoder.util.config.DefaultConfigManager.getPropertyObject(DefaultConfigManager.java:429)
	at com.topcoder.util.config.DefaultConfigManager.getString(DefaultConfigManager.java:449)
	at com.topcoder.util.log.LogFactory.getAttribute(LogFactory.java:224)
	at com.topcoder.util.log.basic.BasicLog.log(BasicLog.java:74)
	at com.topcoder.management.deliverable.PersistenceDeliverableManager.searchDeliverablesWithSubmissionFilter(PersistenceDeliverableManager.java:216)
	at com.topcoder.management.deliverable.stresstests.StressTestPersistenceDeliverableManager.testSearchDeliverablesWithSubmissions(StressTestPersistenceDeliverableManager.java:141)
	at sun.reflect.NativeMethodAccessorImpl.invoke0(Native Method)
	at sun.reflect.NativeMethodAccessorImpl.invoke(NativeMethodAccessorImpl.java:57)
	at sun.reflect.DelegatingMethodAccessorImpl.invoke(DelegatingMethodAccessorImpl.java:43)
	at java.lang.reflect.Method.invoke(Method.java:616)
	at junit.framework.TestCase.runTest(TestCase.java:168)
	at junit.framework.TestCase.runBare(TestCase.java:134)
	at junit.framework.TestResult$1.protect(TestResult.java:110)
	at junit.framework.TestResult.runProtected(TestResult.java:128)
	at junit.framework.TestResult.run(TestResult.java:113)
	at junit.framework.TestCase.run(TestCase.java:124)
	at junit.framework.TestSuite.runTest(TestSuite.java:232)
	at junit.framework.TestSuite.run(TestSuite.java:227)
	at junit.framework.TestSuite.runTest(TestSuite.java:232)
	at junit.framework.TestSuite.run(TestSuite.java:227)
	at junit.framework.TestSuite.runTest(TestSuite.java:232)
	at junit.framework.TestSuite.run(TestSuite.java:227)
	at org.apache.tools.ant.taskdefs.optional.junit.JUnitTestRunner.run(JUnitTestRunner.java:420)
	at org.apache.tools.ant.taskdefs.optional.junit.JUnitTestRunner.launch(JUnitTestRunner.java:911)
	at org.apache.tools.ant.taskdefs.optional.junit.JUnitTestRunner.main(JUnitTestRunner.java:768)
search deliverables with submission filter.
com.topcoder.util.config.UnknownNamespaceException: com.topcoder.util.log is unknown
	at com.topcoder.util.config.DefaultConfigManager.getPropertyObject(DefaultConfigManager.java:429)
	at com.topcoder.util.config.DefaultConfigManager.getString(DefaultConfigManager.java:449)
	at com.topcoder.util.log.LogFactory.getAttribute(LogFactory.java:224)
	at com.topcoder.util.log.basic.BasicLog.log(BasicLog.java:74)
	at com.topcoder.management.deliverable.DeliverableHelper.checkAndGetCustomResultSetValidDeliverable(DeliverableHelper.java:156)
	at com.topcoder.management.deliverable.PersistenceDeliverableManager.searchDeliverablesHelper(PersistenceDeliverableManager.java:284)
	at com.topcoder.management.deliverable.PersistenceDeliverableManager.searchDeliverablesWithSubmissionFilter(PersistenceDeliverableManager.java:217)
	at com.topcoder.management.deliverable.stresstests.StressTestPersistenceDeliverableManager.testSearchDeliverablesWithSubmissions(StressTestPersistenceDeliverableManager.java:141)
	at sun.reflect.NativeMethodAccessorImpl.invoke0(Native Method)
	at sun.reflect.NativeMethodAccessorImpl.invoke(NativeMethodAccessorImpl.java:57)
	at sun.reflect.DelegatingMethodAccessorImpl.invoke(DelegatingMethodAccessorImpl.java:43)
	at java.lang.reflect.Method.invoke(Method.java:616)
	at junit.framework.TestCase.runTest(TestCase.java:168)
	at junit.framework.TestCase.runBare(TestCase.java:134)
	at junit.framework.TestResult$1.protect(TestResult.java:110)
	at junit.framework.TestResult.runProtected(TestResult.java:128)
	at junit.framework.TestResult.run(TestResult.java:113)
	at junit.framework.TestCase.run(TestCase.java:124)
	at junit.framework.TestSuite.runTest(TestSuite.java:232)
	at junit.framework.TestSuite.run(TestSuite.java:227)
	at junit.framework.TestSuite.runTest(TestSuite.java:232)
	at junit.framework.TestSuite.run(TestSuite.java:227)
	at junit.framework.TestSuite.runTest(TestSuite.java:232)
	at junit.framework.TestSuite.run(TestSuite.java:227)
	at org.apache.tools.ant.taskdefs.optional.junit.JUnitTestRunner.run(JUnitTestRunner.java:420)
	at org.apache.tools.ant.taskdefs.optional.junit.JUnitTestRunner.launch(JUnitTestRunner.java:911)
	at org.apache.tools.ant.taskdefs.optional.junit.JUnitTestRunner.main(JUnitTestRunner.java:768)
CustomResultSet Records: 0
com.topcoder.util.config.UnknownNamespaceException: com.topcoder.util.log is unknown
	at com.topcoder.util.config.DefaultConfigManager.getPropertyObject(DefaultConfigManager.java:429)
	at com.topcoder.util.config.DefaultConfigManager.getString(DefaultConfigManager.java:449)
	at com.topcoder.util.log.LogFactory.getAttribute(LogFactory.java:224)
	at com.topcoder.util.log.basic.BasicLog.log(BasicLog.java:74)
	at com.topcoder.management.deliverable.PersistenceDeliverableManager.searchDeliverablesHelper(PersistenceDeliverableManager.java:289)
	at com.topcoder.management.deliverable.PersistenceDeliverableManager.searchDeliverablesWithSubmissionFilter(PersistenceDeliverableManager.java:217)
	at com.topcoder.management.deliverable.stresstests.StressTestPersistenceDeliverableManager.testSearchDeliverablesWithSubmissions(StressTestPersistenceDeliverableManager.java:141)
	at sun.reflect.NativeMethodAccessorImpl.invoke0(Native Method)
	at sun.reflect.NativeMethodAccessorImpl.invoke(NativeMethodAccessorImpl.java:57)
	at sun.reflect.DelegatingMethodAccessorImpl.invoke(DelegatingMethodAccessorImpl.java:43)
	at java.lang.reflect.Method.invoke(Method.java:616)
	at junit.framework.TestCase.runTest(TestCase.java:168)
	at junit.framework.TestCase.runBare(TestCase.java:134)
	at junit.framework.TestResult$1.protect(TestResult.java:110)
	at junit.framework.TestResult.runProtected(TestResult.java:128)
	at junit.framework.TestResult.run(TestResult.java:113)
	at junit.framework.TestCase.run(TestCase.java:124)
	at junit.framework.TestSuite.runTest(TestSuite.java:232)
	at junit.framework.TestSuite.run(TestSuite.java:227)
	at junit.framework.TestSuite.runTest(TestSuite.java:232)
	at junit.framework.TestSuite.run(TestSuite.java:227)
	at junit.framework.TestSuite.runTest(TestSuite.java:232)
	at junit.framework.TestSuite.run(TestSuite.java:227)
	at org.apache.tools.ant.taskdefs.optional.junit.JUnitTestRunner.run(JUnitTestRunner.java:420)
	at org.apache.tools.ant.taskdefs.optional.junit.JUnitTestRunner.launch(JUnitTestRunner.java:911)
	at org.apache.tools.ant.taskdefs.optional.junit.JUnitTestRunner.main(JUnitTestRunner.java:768)
Deliverable Id Array: 4, 0
com.topcoder.util.config.UnknownNamespaceException: com.topcoder.util.log is unknown
	at com.topcoder.util.config.DefaultConfigManager.getPropertyObject(DefaultConfigManager.java:429)
	at com.topcoder.util.config.DefaultConfigManager.getString(DefaultConfigManager.java:449)
	at com.topcoder.util.log.LogFactory.getAttribute(LogFactory.java:224)
	at com.topcoder.util.log.basic.BasicLog.log(BasicLog.java:74)
	at com.topcoder.management.deliverable.PersistenceDeliverableManager.searchDeliverablesWithSubmissionFilter(PersistenceDeliverableManager.java:216)
	at com.topcoder.management.deliverable.stresstests.StressTestPersistenceDeliverableManager.testSearchDeliverablesWithSubmissions(StressTestPersistenceDeliverableManager.java:141)
	at sun.reflect.NativeMethodAccessorImpl.invoke0(Native Method)
	at sun.reflect.NativeMethodAccessorImpl.invoke(NativeMethodAccessorImpl.java:57)
	at sun.reflect.DelegatingMethodAccessorImpl.invoke(DelegatingMethodAccessorImpl.java:43)
	at java.lang.reflect.Method.invoke(Method.java:616)
	at junit.framework.TestCase.runTest(TestCase.java:168)
	at junit.framework.TestCase.runBare(TestCase.java:134)
	at junit.framework.TestResult$1.protect(TestResult.java:110)
	at junit.framework.TestResult.runProtected(TestResult.java:128)
	at junit.framework.TestResult.run(TestResult.java:113)
	at junit.framework.TestCase.run(TestCase.java:124)
	at junit.framework.TestSuite.runTest(TestSuite.java:232)
	at junit.framework.TestSuite.run(TestSuite.java:227)
	at junit.framework.TestSuite.runTest(TestSuite.java:232)
	at junit.framework.TestSuite.run(TestSuite.java:227)
	at junit.framework.TestSuite.runTest(TestSuite.java:232)
	at junit.framework.TestSuite.run(TestSuite.java:227)
	at org.apache.tools.ant.taskdefs.optional.junit.JUnitTestRunner.run(JUnitTestRunner.java:420)
	at org.apache.tools.ant.taskdefs.optional.junit.JUnitTestRunner.launch(JUnitTestRunner.java:911)
	at org.apache.tools.ant.taskdefs.optional.junit.JUnitTestRunner.main(JUnitTestRunner.java:768)
search deliverables with submission filter.
com.topcoder.util.config.UnknownNamespaceException: com.topcoder.util.log is unknown
	at com.topcoder.util.config.DefaultConfigManager.getPropertyObject(DefaultConfigManager.java:429)
	at com.topcoder.util.config.DefaultConfigManager.getString(DefaultConfigManager.java:449)
	at com.topcoder.util.log.LogFactory.getAttribute(LogFactory.java:224)
	at com.topcoder.util.log.basic.BasicLog.log(BasicLog.java:74)
	at com.topcoder.management.deliverable.DeliverableHelper.checkAndGetCustomResultSetValidDeliverable(DeliverableHelper.java:156)
	at com.topcoder.management.deliverable.PersistenceDeliverableManager.searchDeliverablesHelper(PersistenceDeliverableManager.java:284)
	at com.topcoder.management.deliverable.PersistenceDeliverableManager.searchDeliverablesWithSubmissionFilter(PersistenceDeliverableManager.java:217)
	at com.topcoder.management.deliverable.stresstests.StressTestPersistenceDeliverableManager.testSearchDeliverablesWithSubmissions(StressTestPersistenceDeliverableManager.java:141)
	at sun.reflect.NativeMethodAccessorImpl.invoke0(Native Method)
	at sun.reflect.NativeMethodAccessorImpl.invoke(NativeMethodAccessorImpl.java:57)
	at sun.reflect.DelegatingMethodAccessorImpl.invoke(DelegatingMethodAccessorImpl.java:43)
	at java.lang.reflect.Method.invoke(Method.java:616)
	at junit.framework.TestCase.runTest(TestCase.java:168)
	at junit.framework.TestCase.runBare(TestCase.java:134)
	at junit.framework.TestResult$1.protect(TestResult.java:110)
	at junit.framework.TestResult.runProtected(TestResult.java:128)
	at junit.framework.TestResult.run(TestResult.java:113)
	at junit.framework.TestCase.run(TestCase.java:124)
	at junit.framework.TestSuite.runTest(TestSuite.java:232)
	at junit.framework.TestSuite.run(TestSuite.java:227)
	at junit.framework.TestSuite.runTest(TestSuite.java:232)
	at junit.framework.TestSuite.run(TestSuite.java:227)
	at junit.framework.TestSuite.runTest(TestSuite.java:232)
	at junit.framework.TestSuite.run(TestSuite.java:227)
	at org.apache.tools.ant.taskdefs.optional.junit.JUnitTestRunner.run(JUnitTestRunner.java:420)
	at org.apache.tools.ant.taskdefs.optional.junit.JUnitTestRunner.launch(JUnitTestRunner.java:911)
	at org.apache.tools.ant.taskdefs.optional.junit.JUnitTestRunner.main(JUnitTestRunner.java:768)
CustomResultSet Records: 0
com.topcoder.util.config.UnknownNamespaceException: com.topcoder.util.log is unknown
	at com.topcoder.util.config.DefaultConfigManager.getPropertyObject(DefaultConfigManager.java:429)
	at com.topcoder.util.config.DefaultConfigManager.getString(DefaultConfigManager.java:449)
	at com.topcoder.util.log.LogFactory.getAttribute(LogFactory.java:224)
	at com.topcoder.util.log.basic.BasicLog.log(BasicLog.java:74)
	at com.topcoder.management.deliverable.PersistenceDeliverableManager.searchDeliverablesHelper(PersistenceDeliverableManager.java:289)
	at com.topcoder.management.deliverable.PersistenceDeliverableManager.searchDeliverablesWithSubmissionFilter(PersistenceDeliverableManager.java:217)
	at com.topcoder.management.deliverable.stresstests.StressTestPersistenceDeliverableManager.testSearchDeliverablesWithSubmissions(StressTestPersistenceDeliverableManager.java:141)
	at sun.reflect.NativeMethodAccessorImpl.invoke0(Native Method)
	at sun.reflect.NativeMethodAccessorImpl.invoke(NativeMethodAccessorImpl.java:57)
	at sun.reflect.DelegatingMethodAccessorImpl.invoke(DelegatingMethodAccessorImpl.java:43)
	at java.lang.reflect.Method.invoke(Method.java:616)
	at junit.framework.TestCase.runTest(TestCase.java:168)
	at junit.framework.TestCase.runBare(TestCase.java:134)
	at junit.framework.TestResult$1.protect(TestResult.java:110)
	at junit.framework.TestResult.runProtected(TestResult.java:128)
	at junit.framework.TestResult.run(TestResult.java:113)
	at junit.framework.TestCase.run(TestCase.java:124)
	at junit.framework.TestSuite.runTest(TestSuite.java:232)
	at junit.framework.TestSuite.run(TestSuite.java:227)
	at junit.framework.TestSuite.runTest(TestSuite.java:232)
	at junit.framework.TestSuite.run(TestSuite.java:227)
	at junit.framework.TestSuite.runTest(TestSuite.java:232)
	at junit.framework.TestSuite.run(TestSuite.java:227)
	at org.apache.tools.ant.taskdefs.optional.junit.JUnitTestRunner.run(JUnitTestRunner.java:420)
	at org.apache.tools.ant.taskdefs.optional.junit.JUnitTestRunner.launch(JUnitTestRunner.java:911)
	at org.apache.tools.ant.taskdefs.optional.junit.JUnitTestRunner.main(JUnitTestRunner.java:768)
Deliverable Id Array: 4, 0
com.topcoder.util.config.UnknownNamespaceException: com.topcoder.util.log is unknown
	at com.topcoder.util.config.DefaultConfigManager.getPropertyObject(DefaultConfigManager.java:429)
	at com.topcoder.util.config.DefaultConfigManager.getString(DefaultConfigManager.java:449)
	at com.topcoder.util.log.LogFactory.getAttribute(LogFactory.java:224)
	at com.topcoder.util.log.basic.BasicLog.log(BasicLog.java:74)
	at com.topcoder.management.deliverable.PersistenceDeliverableManager.searchDeliverablesWithSubmissionFilter(PersistenceDeliverableManager.java:216)
	at com.topcoder.management.deliverable.stresstests.StressTestPersistenceDeliverableManager.testSearchDeliverablesWithSubmissions(StressTestPersistenceDeliverableManager.java:141)
	at sun.reflect.NativeMethodAccessorImpl.invoke0(Native Method)
	at sun.reflect.NativeMethodAccessorImpl.invoke(NativeMethodAccessorImpl.java:57)
	at sun.reflect.DelegatingMethodAccessorImpl.invoke(DelegatingMethodAccessorImpl.java:43)
	at java.lang.reflect.Method.invoke(Method.java:616)
	at junit.framework.TestCase.runTest(TestCase.java:168)
	at junit.framework.TestCase.runBare(TestCase.java:134)
	at junit.framework.TestResult$1.protect(TestResult.java:110)
	at junit.framework.TestResult.runProtected(TestResult.java:128)
	at junit.framework.TestResult.run(TestResult.java:113)
	at junit.framework.TestCase.run(TestCase.java:124)
	at junit.framework.TestSuite.runTest(TestSuite.java:232)
	at junit.framework.TestSuite.run(TestSuite.java:227)
	at junit.framework.TestSuite.runTest(TestSuite.java:232)
	at junit.framework.TestSuite.run(TestSuite.java:227)
	at junit.framework.TestSuite.runTest(TestSuite.java:232)
	at junit.framework.TestSuite.run(TestSuite.java:227)
	at org.apache.tools.ant.taskdefs.optional.junit.JUnitTestRunner.run(JUnitTestRunner.java:420)
	at org.apache.tools.ant.taskdefs.optional.junit.JUnitTestRunner.launch(JUnitTestRunner.java:911)
	at org.apache.tools.ant.taskdefs.optional.junit.JUnitTestRunner.main(JUnitTestRunner.java:768)
search deliverables with submission filter.
com.topcoder.util.config.UnknownNamespaceException: com.topcoder.util.log is unknown
	at com.topcoder.util.config.DefaultConfigManager.getPropertyObject(DefaultConfigManager.java:429)
	at com.topcoder.util.config.DefaultConfigManager.getString(DefaultConfigManager.java:449)
	at com.topcoder.util.log.LogFactory.getAttribute(LogFactory.java:224)
	at com.topcoder.util.log.basic.BasicLog.log(BasicLog.java:74)
	at com.topcoder.management.deliverable.DeliverableHelper.checkAndGetCustomResultSetValidDeliverable(DeliverableHelper.java:156)
	at com.topcoder.management.deliverable.PersistenceDeliverableManager.searchDeliverablesHelper(PersistenceDeliverableManager.java:284)
	at com.topcoder.management.deliverable.PersistenceDeliverableManager.searchDeliverablesWithSubmissionFilter(PersistenceDeliverableManager.java:217)
	at com.topcoder.management.deliverable.stresstests.StressTestPersistenceDeliverableManager.testSearchDeliverablesWithSubmissions(StressTestPersistenceDeliverableManager.java:141)
	at sun.reflect.NativeMethodAccessorImpl.invoke0(Native Method)
	at sun.reflect.NativeMethodAccessorImpl.invoke(NativeMethodAccessorImpl.java:57)
	at sun.reflect.DelegatingMethodAccessorImpl.invoke(DelegatingMethodAccessorImpl.java:43)
	at java.lang.reflect.Method.invoke(Method.java:616)
	at junit.framework.TestCase.runTest(TestCase.java:168)
	at junit.framework.TestCase.runBare(TestCase.java:134)
	at junit.framework.TestResult$1.protect(TestResult.java:110)
	at junit.framework.TestResult.runProtected(TestResult.java:128)
	at junit.framework.TestResult.run(TestResult.java:113)
	at junit.framework.TestCase.run(TestCase.java:124)
	at junit.framework.TestSuite.runTest(TestSuite.java:232)
	at junit.framework.TestSuite.run(TestSuite.java:227)
	at junit.framework.TestSuite.runTest(TestSuite.java:232)
	at junit.framework.TestSuite.run(TestSuite.java:227)
	at junit.framework.TestSuite.runTest(TestSuite.java:232)
	at junit.framework.TestSuite.run(TestSuite.java:227)
	at org.apache.tools.ant.taskdefs.optional.junit.JUnitTestRunner.run(JUnitTestRunner.java:420)
	at org.apache.tools.ant.taskdefs.optional.junit.JUnitTestRunner.launch(JUnitTestRunner.java:911)
	at org.apache.tools.ant.taskdefs.optional.junit.JUnitTestRunner.main(JUnitTestRunner.java:768)
CustomResultSet Records: 0
com.topcoder.util.config.UnknownNamespaceException: com.topcoder.util.log is unknown
	at com.topcoder.util.config.DefaultConfigManager.getPropertyObject(DefaultConfigManager.java:429)
	at com.topcoder.util.config.DefaultConfigManager.getString(DefaultConfigManager.java:449)
	at com.topcoder.util.log.LogFactory.getAttribute(LogFactory.java:224)
	at com.topcoder.util.log.basic.BasicLog.log(BasicLog.java:74)
	at com.topcoder.management.deliverable.PersistenceDeliverableManager.searchDeliverablesHelper(PersistenceDeliverableManager.java:289)
	at com.topcoder.management.deliverable.PersistenceDeliverableManager.searchDeliverablesWithSubmissionFilter(PersistenceDeliverableManager.java:217)
	at com.topcoder.management.deliverable.stresstests.StressTestPersistenceDeliverableManager.testSearchDeliverablesWithSubmissions(StressTestPersistenceDeliverableManager.java:141)
	at sun.reflect.NativeMethodAccessorImpl.invoke0(Native Method)
	at sun.reflect.NativeMethodAccessorImpl.invoke(NativeMethodAccessorImpl.java:57)
	at sun.reflect.DelegatingMethodAccessorImpl.invoke(DelegatingMethodAccessorImpl.java:43)
	at java.lang.reflect.Method.invoke(Method.java:616)
	at junit.framework.TestCase.runTest(TestCase.java:168)
	at junit.framework.TestCase.runBare(TestCase.java:134)
	at junit.framework.TestResult$1.protect(TestResult.java:110)
	at junit.framework.TestResult.runProtected(TestResult.java:128)
	at junit.framework.TestResult.run(TestResult.java:113)
	at junit.framework.TestCase.run(TestCase.java:124)
	at junit.framework.TestSuite.runTest(TestSuite.java:232)
	at junit.framework.TestSuite.run(TestSuite.java:227)
	at junit.framework.TestSuite.runTest(TestSuite.java:232)
	at junit.framework.TestSuite.run(TestSuite.java:227)
	at junit.framework.TestSuite.runTest(TestSuite.java:232)
	at junit.framework.TestSuite.run(TestSuite.java:227)
	at org.apache.tools.ant.taskdefs.optional.junit.JUnitTestRunner.run(JUnitTestRunner.java:420)
	at org.apache.tools.ant.taskdefs.optional.junit.JUnitTestRunner.launch(JUnitTestRunner.java:911)
	at org.apache.tools.ant.taskdefs.optional.junit.JUnitTestRunner.main(JUnitTestRunner.java:768)
Deliverable Id Array: 4, 0
com.topcoder.util.config.UnknownNamespaceException: com.topcoder.util.log is unknown
	at com.topcoder.util.config.DefaultConfigManager.getPropertyObject(DefaultConfigManager.java:429)
	at com.topcoder.util.config.DefaultConfigManager.getString(DefaultConfigManager.java:449)
	at com.topcoder.util.log.LogFactory.getAttribute(LogFactory.java:224)
	at com.topcoder.util.log.basic.BasicLog.log(BasicLog.java:74)
	at com.topcoder.management.deliverable.PersistenceDeliverableManager.searchDeliverablesWithSubmissionFilter(PersistenceDeliverableManager.java:216)
	at com.topcoder.management.deliverable.stresstests.StressTestPersistenceDeliverableManager.testSearchDeliverablesWithSubmissions(StressTestPersistenceDeliverableManager.java:141)
	at sun.reflect.NativeMethodAccessorImpl.invoke0(Native Method)
	at sun.reflect.NativeMethodAccessorImpl.invoke(NativeMethodAccessorImpl.java:57)
	at sun.reflect.DelegatingMethodAccessorImpl.invoke(DelegatingMethodAccessorImpl.java:43)
	at java.lang.reflect.Method.invoke(Method.java:616)
	at junit.framework.TestCase.runTest(TestCase.java:168)
	at junit.framework.TestCase.runBare(TestCase.java:134)
	at junit.framework.TestResult$1.protect(TestResult.java:110)
	at junit.framework.TestResult.runProtected(TestResult.java:128)
	at junit.framework.TestResult.run(TestResult.java:113)
	at junit.framework.TestCase.run(TestCase.java:124)
	at junit.framework.TestSuite.runTest(TestSuite.java:232)
	at junit.framework.TestSuite.run(TestSuite.java:227)
	at junit.framework.TestSuite.runTest(TestSuite.java:232)
	at junit.framework.TestSuite.run(TestSuite.java:227)
	at junit.framework.TestSuite.runTest(TestSuite.java:232)
	at junit.framework.TestSuite.run(TestSuite.java:227)
	at org.apache.tools.ant.taskdefs.optional.junit.JUnitTestRunner.run(JUnitTestRunner.java:420)
	at org.apache.tools.ant.taskdefs.optional.junit.JUnitTestRunner.launch(JUnitTestRunner.java:911)
	at org.apache.tools.ant.taskdefs.optional.junit.JUnitTestRunner.main(JUnitTestRunner.java:768)
search deliverables with submission filter.
com.topcoder.util.config.UnknownNamespaceException: com.topcoder.util.log is unknown
	at com.topcoder.util.config.DefaultConfigManager.getPropertyObject(DefaultConfigManager.java:429)
	at com.topcoder.util.config.DefaultConfigManager.getString(DefaultConfigManager.java:449)
	at com.topcoder.util.log.LogFactory.getAttribute(LogFactory.java:224)
	at com.topcoder.util.log.basic.BasicLog.log(BasicLog.java:74)
	at com.topcoder.management.deliverable.DeliverableHelper.checkAndGetCustomResultSetValidDeliverable(DeliverableHelper.java:156)
	at com.topcoder.management.deliverable.PersistenceDeliverableManager.searchDeliverablesHelper(PersistenceDeliverableManager.java:284)
	at com.topcoder.management.deliverable.PersistenceDeliverableManager.searchDeliverablesWithSubmissionFilter(PersistenceDeliverableManager.java:217)
	at com.topcoder.management.deliverable.stresstests.StressTestPersistenceDeliverableManager.testSearchDeliverablesWithSubmissions(StressTestPersistenceDeliverableManager.java:141)
	at sun.reflect.NativeMethodAccessorImpl.invoke0(Native Method)
	at sun.reflect.NativeMethodAccessorImpl.invoke(NativeMethodAccessorImpl.java:57)
	at sun.reflect.DelegatingMethodAccessorImpl.invoke(DelegatingMethodAccessorImpl.java:43)
	at java.lang.reflect.Method.invoke(Method.java:616)
	at junit.framework.TestCase.runTest(TestCase.java:168)
	at junit.framework.TestCase.runBare(TestCase.java:134)
	at junit.framework.TestResult$1.protect(TestResult.java:110)
	at junit.framework.TestResult.runProtected(TestResult.java:128)
	at junit.framework.TestResult.run(TestResult.java:113)
	at junit.framework.TestCase.run(TestCase.java:124)
	at junit.framework.TestSuite.runTest(TestSuite.java:232)
	at junit.framework.TestSuite.run(TestSuite.java:227)
	at junit.framework.TestSuite.runTest(TestSuite.java:232)
	at junit.framework.TestSuite.run(TestSuite.java:227)
	at junit.framework.TestSuite.runTest(TestSuite.java:232)
	at junit.framework.TestSuite.run(TestSuite.java:227)
	at org.apache.tools.ant.taskdefs.optional.junit.JUnitTestRunner.run(JUnitTestRunner.java:420)
	at org.apache.tools.ant.taskdefs.optional.junit.JUnitTestRunner.launch(JUnitTestRunner.java:911)
	at org.apache.tools.ant.taskdefs.optional.junit.JUnitTestRunner.main(JUnitTestRunner.java:768)
CustomResultSet Records: 0
com.topcoder.util.config.UnknownNamespaceException: com.topcoder.util.log is unknown
	at com.topcoder.util.config.DefaultConfigManager.getPropertyObject(DefaultConfigManager.java:429)
	at com.topcoder.util.config.DefaultConfigManager.getString(DefaultConfigManager.java:449)
	at com.topcoder.util.log.LogFactory.getAttribute(LogFactory.java:224)
	at com.topcoder.util.log.basic.BasicLog.log(BasicLog.java:74)
	at com.topcoder.management.deliverable.PersistenceDeliverableManager.searchDeliverablesHelper(PersistenceDeliverableManager.java:289)
	at com.topcoder.management.deliverable.PersistenceDeliverableManager.searchDeliverablesWithSubmissionFilter(PersistenceDeliverableManager.java:217)
	at com.topcoder.management.deliverable.stresstests.StressTestPersistenceDeliverableManager.testSearchDeliverablesWithSubmissions(StressTestPersistenceDeliverableManager.java:141)
	at sun.reflect.NativeMethodAccessorImpl.invoke0(Native Method)
	at sun.reflect.NativeMethodAccessorImpl.invoke(NativeMethodAccessorImpl.java:57)
	at sun.reflect.DelegatingMethodAccessorImpl.invoke(DelegatingMethodAccessorImpl.java:43)
	at java.lang.reflect.Method.invoke(Method.java:616)
	at junit.framework.TestCase.runTest(TestCase.java:168)
	at junit.framework.TestCase.runBare(TestCase.java:134)
	at junit.framework.TestResult$1.protect(TestResult.java:110)
	at junit.framework.TestResult.runProtected(TestResult.java:128)
	at junit.framework.TestResult.run(TestResult.java:113)
	at junit.framework.TestCase.run(TestCase.java:124)
	at junit.framework.TestSuite.runTest(TestSuite.java:232)
	at junit.framework.TestSuite.run(TestSuite.java:227)
	at junit.framework.TestSuite.runTest(TestSuite.java:232)
	at junit.framework.TestSuite.run(TestSuite.java:227)
	at junit.framework.TestSuite.runTest(TestSuite.java:232)
	at junit.framework.TestSuite.run(TestSuite.java:227)
	at org.apache.tools.ant.taskdefs.optional.junit.JUnitTestRunner.run(JUnitTestRunner.java:420)
	at org.apache.tools.ant.taskdefs.optional.junit.JUnitTestRunner.launch(JUnitTestRunner.java:911)
	at org.apache.tools.ant.taskdefs.optional.junit.JUnitTestRunner.main(JUnitTestRunner.java:768)
Deliverable Id Array: 4, 0
com.topcoder.util.config.UnknownNamespaceException: com.topcoder.util.log is unknown
	at com.topcoder.util.config.DefaultConfigManager.getPropertyObject(DefaultConfigManager.java:429)
	at com.topcoder.util.config.DefaultConfigManager.getString(DefaultConfigManager.java:449)
	at com.topcoder.util.log.LogFactory.getAttribute(LogFactory.java:224)
	at com.topcoder.util.log.basic.BasicLog.log(BasicLog.java:74)
	at com.topcoder.management.deliverable.PersistenceDeliverableManager.searchDeliverablesWithSubmissionFilter(PersistenceDeliverableManager.java:216)
	at com.topcoder.management.deliverable.stresstests.StressTestPersistenceDeliverableManager.testSearchDeliverablesWithSubmissions(StressTestPersistenceDeliverableManager.java:141)
	at sun.reflect.NativeMethodAccessorImpl.invoke0(Native Method)
	at sun.reflect.NativeMethodAccessorImpl.invoke(NativeMethodAccessorImpl.java:57)
	at sun.reflect.DelegatingMethodAccessorImpl.invoke(DelegatingMethodAccessorImpl.java:43)
	at java.lang.reflect.Method.invoke(Method.java:616)
	at junit.framework.TestCase.runTest(TestCase.java:168)
	at junit.framework.TestCase.runBare(TestCase.java:134)
	at junit.framework.TestResult$1.protect(TestResult.java:110)
	at junit.framework.TestResult.runProtected(TestResult.java:128)
	at junit.framework.TestResult.run(TestResult.java:113)
	at junit.framework.TestCase.run(TestCase.java:124)
	at junit.framework.TestSuite.runTest(TestSuite.java:232)
	at junit.framework.TestSuite.run(TestSuite.java:227)
	at junit.framework.TestSuite.runTest(TestSuite.java:232)
	at junit.framework.TestSuite.run(TestSuite.java:227)
	at junit.framework.TestSuite.runTest(TestSuite.java:232)
	at junit.framework.TestSuite.run(TestSuite.java:227)
	at org.apache.tools.ant.taskdefs.optional.junit.JUnitTestRunner.run(JUnitTestRunner.java:420)
	at org.apache.tools.ant.taskdefs.optional.junit.JUnitTestRunner.launch(JUnitTestRunner.java:911)
	at org.apache.tools.ant.taskdefs.optional.junit.JUnitTestRunner.main(JUnitTestRunner.java:768)
search deliverables with submission filter.
com.topcoder.util.config.UnknownNamespaceException: com.topcoder.util.log is unknown
	at com.topcoder.util.config.DefaultConfigManager.getPropertyObject(DefaultConfigManager.java:429)
	at com.topcoder.util.config.DefaultConfigManager.getString(DefaultConfigManager.java:449)
	at com.topcoder.util.log.LogFactory.getAttribute(LogFactory.java:224)
	at com.topcoder.util.log.basic.BasicLog.log(BasicLog.java:74)
	at com.topcoder.management.deliverable.DeliverableHelper.checkAndGetCustomResultSetValidDeliverable(DeliverableHelper.java:156)
	at com.topcoder.management.deliverable.PersistenceDeliverableManager.searchDeliverablesHelper(PersistenceDeliverableManager.java:284)
	at com.topcoder.management.deliverable.PersistenceDeliverableManager.searchDeliverablesWithSubmissionFilter(PersistenceDeliverableManager.java:217)
	at com.topcoder.management.deliverable.stresstests.StressTestPersistenceDeliverableManager.testSearchDeliverablesWithSubmissions(StressTestPersistenceDeliverableManager.java:141)
	at sun.reflect.NativeMethodAccessorImpl.invoke0(Native Method)
	at sun.reflect.NativeMethodAccessorImpl.invoke(NativeMethodAccessorImpl.java:57)
	at sun.reflect.DelegatingMethodAccessorImpl.invoke(DelegatingMethodAccessorImpl.java:43)
	at java.lang.reflect.Method.invoke(Method.java:616)
	at junit.framework.TestCase.runTest(TestCase.java:168)
	at junit.framework.TestCase.runBare(TestCase.java:134)
	at junit.framework.TestResult$1.protect(TestResult.java:110)
	at junit.framework.TestResult.runProtected(TestResult.java:128)
	at junit.framework.TestResult.run(TestResult.java:113)
	at junit.framework.TestCase.run(TestCase.java:124)
	at junit.framework.TestSuite.runTest(TestSuite.java:232)
	at junit.framework.TestSuite.run(TestSuite.java:227)
	at junit.framework.TestSuite.runTest(TestSuite.java:232)
	at junit.framework.TestSuite.run(TestSuite.java:227)
	at junit.framework.TestSuite.runTest(TestSuite.java:232)
	at junit.framework.TestSuite.run(TestSuite.java:227)
	at org.apache.tools.ant.taskdefs.optional.junit.JUnitTestRunner.run(JUnitTestRunner.java:420)
	at org.apache.tools.ant.taskdefs.optional.junit.JUnitTestRunner.launch(JUnitTestRunner.java:911)
	at org.apache.tools.ant.taskdefs.optional.junit.JUnitTestRunner.main(JUnitTestRunner.java:768)
CustomResultSet Records: 0
com.topcoder.util.config.UnknownNamespaceException: com.topcoder.util.log is unknown
	at com.topcoder.util.config.DefaultConfigManager.getPropertyObject(DefaultConfigManager.java:429)
	at com.topcoder.util.config.DefaultConfigManager.getString(DefaultConfigManager.java:449)
	at com.topcoder.util.log.LogFactory.getAttribute(LogFactory.java:224)
	at com.topcoder.util.log.basic.BasicLog.log(BasicLog.java:74)
	at com.topcoder.management.deliverable.PersistenceDeliverableManager.searchDeliverablesHelper(PersistenceDeliverableManager.java:289)
	at com.topcoder.management.deliverable.PersistenceDeliverableManager.searchDeliverablesWithSubmissionFilter(PersistenceDeliverableManager.java:217)
	at com.topcoder.management.deliverable.stresstests.StressTestPersistenceDeliverableManager.testSearchDeliverablesWithSubmissions(StressTestPersistenceDeliverableManager.java:141)
	at sun.reflect.NativeMethodAccessorImpl.invoke0(Native Method)
	at sun.reflect.NativeMethodAccessorImpl.invoke(NativeMethodAccessorImpl.java:57)
	at sun.reflect.DelegatingMethodAccessorImpl.invoke(DelegatingMethodAccessorImpl.java:43)
	at java.lang.reflect.Method.invoke(Method.java:616)
	at junit.framework.TestCase.runTest(TestCase.java:168)
	at junit.framework.TestCase.runBare(TestCase.java:134)
	at junit.framework.TestResult$1.protect(TestResult.java:110)
	at junit.framework.TestResult.runProtected(TestResult.java:128)
	at junit.framework.TestResult.run(TestResult.java:113)
	at junit.framework.TestCase.run(TestCase.java:124)
	at junit.framework.TestSuite.runTest(TestSuite.java:232)
	at junit.framework.TestSuite.run(TestSuite.java:227)
	at junit.framework.TestSuite.runTest(TestSuite.java:232)
	at junit.framework.TestSuite.run(TestSuite.java:227)
	at junit.framework.TestSuite.runTest(TestSuite.java:232)
	at junit.framework.TestSuite.run(TestSuite.java:227)
	at org.apache.tools.ant.taskdefs.optional.junit.JUnitTestRunner.run(JUnitTestRunner.java:420)
	at org.apache.tools.ant.taskdefs.optional.junit.JUnitTestRunner.launch(JUnitTestRunner.java:911)
	at org.apache.tools.ant.taskdefs.optional.junit.JUnitTestRunner.main(JUnitTestRunner.java:768)
Deliverable Id Array: 4, 0
com.topcoder.util.config.UnknownNamespaceException: com.topcoder.util.log is unknown
	at com.topcoder.util.config.DefaultConfigManager.getPropertyObject(DefaultConfigManager.java:429)
	at com.topcoder.util.config.DefaultConfigManager.getString(DefaultConfigManager.java:449)
	at com.topcoder.util.log.LogFactory.getAttribute(LogFactory.java:224)
	at com.topcoder.util.log.basic.BasicLog.log(BasicLog.java:74)
	at com.topcoder.management.deliverable.PersistenceDeliverableManager.searchDeliverablesWithSubmissionFilter(PersistenceDeliverableManager.java:216)
	at com.topcoder.management.deliverable.stresstests.StressTestPersistenceDeliverableManager.testSearchDeliverablesWithSubmissions(StressTestPersistenceDeliverableManager.java:141)
	at sun.reflect.NativeMethodAccessorImpl.invoke0(Native Method)
	at sun.reflect.NativeMethodAccessorImpl.invoke(NativeMethodAccessorImpl.java:57)
	at sun.reflect.DelegatingMethodAccessorImpl.invoke(DelegatingMethodAccessorImpl.java:43)
	at java.lang.reflect.Method.invoke(Method.java:616)
	at junit.framework.TestCase.runTest(TestCase.java:168)
	at junit.framework.TestCase.runBare(TestCase.java:134)
	at junit.framework.TestResult$1.protect(TestResult.java:110)
	at junit.framework.TestResult.runProtected(TestResult.java:128)
	at junit.framework.TestResult.run(TestResult.java:113)
	at junit.framework.TestCase.run(TestCase.java:124)
	at junit.framework.TestSuite.runTest(TestSuite.java:232)
	at junit.framework.TestSuite.run(TestSuite.java:227)
	at junit.framework.TestSuite.runTest(TestSuite.java:232)
	at junit.framework.TestSuite.run(TestSuite.java:227)
	at junit.framework.TestSuite.runTest(TestSuite.java:232)
	at junit.framework.TestSuite.run(TestSuite.java:227)
	at org.apache.tools.ant.taskdefs.optional.junit.JUnitTestRunner.run(JUnitTestRunner.java:420)
	at org.apache.tools.ant.taskdefs.optional.junit.JUnitTestRunner.launch(JUnitTestRunner.java:911)
	at org.apache.tools.ant.taskdefs.optional.junit.JUnitTestRunner.main(JUnitTestRunner.java:768)
search deliverables with submission filter.
com.topcoder.util.config.UnknownNamespaceException: com.topcoder.util.log is unknown
	at com.topcoder.util.config.DefaultConfigManager.getPropertyObject(DefaultConfigManager.java:429)
	at com.topcoder.util.config.DefaultConfigManager.getString(DefaultConfigManager.java:449)
	at com.topcoder.util.log.LogFactory.getAttribute(LogFactory.java:224)
	at com.topcoder.util.log.basic.BasicLog.log(BasicLog.java:74)
	at com.topcoder.management.deliverable.DeliverableHelper.checkAndGetCustomResultSetValidDeliverable(DeliverableHelper.java:156)
	at com.topcoder.management.deliverable.PersistenceDeliverableManager.searchDeliverablesHelper(PersistenceDeliverableManager.java:284)
	at com.topcoder.management.deliverable.PersistenceDeliverableManager.searchDeliverablesWithSubmissionFilter(PersistenceDeliverableManager.java:217)
	at com.topcoder.management.deliverable.stresstests.StressTestPersistenceDeliverableManager.testSearchDeliverablesWithSubmissions(StressTestPersistenceDeliverableManager.java:141)
	at sun.reflect.NativeMethodAccessorImpl.invoke0(Native Method)
	at sun.reflect.NativeMethodAccessorImpl.invoke(NativeMethodAccessorImpl.java:57)
	at sun.reflect.DelegatingMethodAccessorImpl.invoke(DelegatingMethodAccessorImpl.java:43)
	at java.lang.reflect.Method.invoke(Method.java:616)
	at junit.framework.TestCase.runTest(TestCase.java:168)
	at junit.framework.TestCase.runBare(TestCase.java:134)
	at junit.framework.TestResult$1.protect(TestResult.java:110)
	at junit.framework.TestResult.runProtected(TestResult.java:128)
	at junit.framework.TestResult.run(TestResult.java:113)
	at junit.framework.TestCase.run(TestCase.java:124)
	at junit.framework.TestSuite.runTest(TestSuite.java:232)
	at junit.framework.TestSuite.run(TestSuite.java:227)
	at junit.framework.TestSuite.runTest(TestSuite.java:232)
	at junit.framework.TestSuite.run(TestSuite.java:227)
	at junit.framework.TestSuite.runTest(TestSuite.java:232)
	at junit.framework.TestSuite.run(TestSuite.java:227)
	at org.apache.tools.ant.taskdefs.optional.junit.JUnitTestRunner.run(JUnitTestRunner.java:420)
	at org.apache.tools.ant.taskdefs.optional.junit.JUnitTestRunner.launch(JUnitTestRunner.java:911)
	at org.apache.tools.ant.taskdefs.optional.junit.JUnitTestRunner.main(JUnitTestRunner.java:768)
CustomResultSet Records: 0
com.topcoder.util.config.UnknownNamespaceException: com.topcoder.util.log is unknown
	at com.topcoder.util.config.DefaultConfigManager.getPropertyObject(DefaultConfigManager.java:429)
	at com.topcoder.util.config.DefaultConfigManager.getString(DefaultConfigManager.java:449)
	at com.topcoder.util.log.LogFactory.getAttribute(LogFactory.java:224)
	at com.topcoder.util.log.basic.BasicLog.log(BasicLog.java:74)
	at com.topcoder.management.deliverable.PersistenceDeliverableManager.searchDeliverablesHelper(PersistenceDeliverableManager.java:289)
	at com.topcoder.management.deliverable.PersistenceDeliverableManager.searchDeliverablesWithSubmissionFilter(PersistenceDeliverableManager.java:217)
	at com.topcoder.management.deliverable.stresstests.StressTestPersistenceDeliverableManager.testSearchDeliverablesWithSubmissions(StressTestPersistenceDeliverableManager.java:141)
	at sun.reflect.NativeMethodAccessorImpl.invoke0(Native Method)
	at sun.reflect.NativeMethodAccessorImpl.invoke(NativeMethodAccessorImpl.java:57)
	at sun.reflect.DelegatingMethodAccessorImpl.invoke(DelegatingMethodAccessorImpl.java:43)
	at java.lang.reflect.Method.invoke(Method.java:616)
	at junit.framework.TestCase.runTest(TestCase.java:168)
	at junit.framework.TestCase.runBare(TestCase.java:134)
	at junit.framework.TestResult$1.protect(TestResult.java:110)
	at junit.framework.TestResult.runProtected(TestResult.java:128)
	at junit.framework.TestResult.run(TestResult.java:113)
	at junit.framework.TestCase.run(TestCase.java:124)
	at junit.framework.TestSuite.runTest(TestSuite.java:232)
	at junit.framework.TestSuite.run(TestSuite.java:227)
	at junit.framework.TestSuite.runTest(TestSuite.java:232)
	at junit.framework.TestSuite.run(TestSuite.java:227)
	at junit.framework.TestSuite.runTest(TestSuite.java:232)
	at junit.framework.TestSuite.run(TestSuite.java:227)
	at org.apache.tools.ant.taskdefs.optional.junit.JUnitTestRunner.run(JUnitTestRunner.java:420)
	at org.apache.tools.ant.taskdefs.optional.junit.JUnitTestRunner.launch(JUnitTestRunner.java:911)
	at org.apache.tools.ant.taskdefs.optional.junit.JUnitTestRunner.main(JUnitTestRunner.java:768)
Deliverable Id Array: 4, 0
com.topcoder.util.config.UnknownNamespaceException: com.topcoder.util.log is unknown
	at com.topcoder.util.config.DefaultConfigManager.getPropertyObject(DefaultConfigManager.java:429)
	at com.topcoder.util.config.DefaultConfigManager.getString(DefaultConfigManager.java:449)
	at com.topcoder.util.log.LogFactory.getAttribute(LogFactory.java:224)
	at com.topcoder.util.log.basic.BasicLog.log(BasicLog.java:74)
	at com.topcoder.management.deliverable.PersistenceDeliverableManager.searchDeliverablesWithSubmissionFilter(PersistenceDeliverableManager.java:216)
	at com.topcoder.management.deliverable.stresstests.StressTestPersistenceDeliverableManager.testSearchDeliverablesWithSubmissions(StressTestPersistenceDeliverableManager.java:141)
	at sun.reflect.NativeMethodAccessorImpl.invoke0(Native Method)
	at sun.reflect.NativeMethodAccessorImpl.invoke(NativeMethodAccessorImpl.java:57)
	at sun.reflect.DelegatingMethodAccessorImpl.invoke(DelegatingMethodAccessorImpl.java:43)
	at java.lang.reflect.Method.invoke(Method.java:616)
	at junit.framework.TestCase.runTest(TestCase.java:168)
	at junit.framework.TestCase.runBare(TestCase.java:134)
	at junit.framework.TestResult$1.protect(TestResult.java:110)
	at junit.framework.TestResult.runProtected(TestResult.java:128)
	at junit.framework.TestResult.run(TestResult.java:113)
	at junit.framework.TestCase.run(TestCase.java:124)
	at junit.framework.TestSuite.runTest(TestSuite.java:232)
	at junit.framework.TestSuite.run(TestSuite.java:227)
	at junit.framework.TestSuite.runTest(TestSuite.java:232)
	at junit.framework.TestSuite.run(TestSuite.java:227)
	at junit.framework.TestSuite.runTest(TestSuite.java:232)
	at junit.framework.TestSuite.run(TestSuite.java:227)
	at org.apache.tools.ant.taskdefs.optional.junit.JUnitTestRunner.run(JUnitTestRunner.java:420)
	at org.apache.tools.ant.taskdefs.optional.junit.JUnitTestRunner.launch(JUnitTestRunner.java:911)
	at org.apache.tools.ant.taskdefs.optional.junit.JUnitTestRunner.main(JUnitTestRunner.java:768)
search deliverables with submission filter.
com.topcoder.util.config.UnknownNamespaceException: com.topcoder.util.log is unknown
	at com.topcoder.util.config.DefaultConfigManager.getPropertyObject(DefaultConfigManager.java:429)
	at com.topcoder.util.config.DefaultConfigManager.getString(DefaultConfigManager.java:449)
	at com.topcoder.util.log.LogFactory.getAttribute(LogFactory.java:224)
	at com.topcoder.util.log.basic.BasicLog.log(BasicLog.java:74)
	at com.topcoder.management.deliverable.DeliverableHelper.checkAndGetCustomResultSetValidDeliverable(DeliverableHelper.java:156)
	at com.topcoder.management.deliverable.PersistenceDeliverableManager.searchDeliverablesHelper(PersistenceDeliverableManager.java:284)
	at com.topcoder.management.deliverable.PersistenceDeliverableManager.searchDeliverablesWithSubmissionFilter(PersistenceDeliverableManager.java:217)
	at com.topcoder.management.deliverable.stresstests.StressTestPersistenceDeliverableManager.testSearchDeliverablesWithSubmissions(StressTestPersistenceDeliverableManager.java:141)
	at sun.reflect.NativeMethodAccessorImpl.invoke0(Native Method)
	at sun.reflect.NativeMethodAccessorImpl.invoke(NativeMethodAccessorImpl.java:57)
	at sun.reflect.DelegatingMethodAccessorImpl.invoke(DelegatingMethodAccessorImpl.java:43)
	at java.lang.reflect.Method.invoke(Method.java:616)
	at junit.framework.TestCase.runTest(TestCase.java:168)
	at junit.framework.TestCase.runBare(TestCase.java:134)
	at junit.framework.TestResult$1.protect(TestResult.java:110)
	at junit.framework.TestResult.runProtected(TestResult.java:128)
	at junit.framework.TestResult.run(TestResult.java:113)
	at junit.framework.TestCase.run(TestCase.java:124)
	at junit.framework.TestSuite.runTest(TestSuite.java:232)
	at junit.framework.TestSuite.run(TestSuite.java:227)
	at junit.framework.TestSuite.runTest(TestSuite.java:232)
	at junit.framework.TestSuite.run(TestSuite.java:227)
	at junit.framework.TestSuite.runTest(TestSuite.java:232)
	at junit.framework.TestSuite.run(TestSuite.java:227)
	at org.apache.tools.ant.taskdefs.optional.junit.JUnitTestRunner.run(JUnitTestRunner.java:420)
	at org.apache.tools.ant.taskdefs.optional.junit.JUnitTestRunner.launch(JUnitTestRunner.java:911)
	at org.apache.tools.ant.taskdefs.optional.junit.JUnitTestRunner.main(JUnitTestRunner.java:768)
CustomResultSet Records: 0
com.topcoder.util.config.UnknownNamespaceException: com.topcoder.util.log is unknown
	at com.topcoder.util.config.DefaultConfigManager.getPropertyObject(DefaultConfigManager.java:429)
	at com.topcoder.util.config.DefaultConfigManager.getString(DefaultConfigManager.java:449)
	at com.topcoder.util.log.LogFactory.getAttribute(LogFactory.java:224)
	at com.topcoder.util.log.basic.BasicLog.log(BasicLog.java:74)
	at com.topcoder.management.deliverable.PersistenceDeliverableManager.searchDeliverablesHelper(PersistenceDeliverableManager.java:289)
	at com.topcoder.management.deliverable.PersistenceDeliverableManager.searchDeliverablesWithSubmissionFilter(PersistenceDeliverableManager.java:217)
	at com.topcoder.management.deliverable.stresstests.StressTestPersistenceDeliverableManager.testSearchDeliverablesWithSubmissions(StressTestPersistenceDeliverableManager.java:141)
	at sun.reflect.NativeMethodAccessorImpl.invoke0(Native Method)
	at sun.reflect.NativeMethodAccessorImpl.invoke(NativeMethodAccessorImpl.java:57)
	at sun.reflect.DelegatingMethodAccessorImpl.invoke(DelegatingMethodAccessorImpl.java:43)
	at java.lang.reflect.Method.invoke(Method.java:616)
	at junit.framework.TestCase.runTest(TestCase.java:168)
	at junit.framework.TestCase.runBare(TestCase.java:134)
	at junit.framework.TestResult$1.protect(TestResult.java:110)
	at junit.framework.TestResult.runProtected(TestResult.java:128)
	at junit.framework.TestResult.run(TestResult.java:113)
	at junit.framework.TestCase.run(TestCase.java:124)
	at junit.framework.TestSuite.runTest(TestSuite.java:232)
	at junit.framework.TestSuite.run(TestSuite.java:227)
	at junit.framework.TestSuite.runTest(TestSuite.java:232)
	at junit.framework.TestSuite.run(TestSuite.java:227)
	at junit.framework.TestSuite.runTest(TestSuite.java:232)
	at junit.framework.TestSuite.run(TestSuite.java:227)
	at org.apache.tools.ant.taskdefs.optional.junit.JUnitTestRunner.run(JUnitTestRunner.java:420)
	at org.apache.tools.ant.taskdefs.optional.junit.JUnitTestRunner.launch(JUnitTestRunner.java:911)
	at org.apache.tools.ant.taskdefs.optional.junit.JUnitTestRunner.main(JUnitTestRunner.java:768)
Deliverable Id Array: 4, 0
com.topcoder.util.config.UnknownNamespaceException: com.topcoder.util.log is unknown
	at com.topcoder.util.config.DefaultConfigManager.getPropertyObject(DefaultConfigManager.java:429)
	at com.topcoder.util.config.DefaultConfigManager.getString(DefaultConfigManager.java:449)
	at com.topcoder.util.log.LogFactory.getAttribute(LogFactory.java:224)
	at com.topcoder.util.log.basic.BasicLog.log(BasicLog.java:74)
	at com.topcoder.management.deliverable.PersistenceDeliverableManager.searchDeliverablesWithSubmissionFilter(PersistenceDeliverableManager.java:216)
	at com.topcoder.management.deliverable.stresstests.StressTestPersistenceDeliverableManager.testSearchDeliverablesWithSubmissions(StressTestPersistenceDeliverableManager.java:141)
	at sun.reflect.NativeMethodAccessorImpl.invoke0(Native Method)
	at sun.reflect.NativeMethodAccessorImpl.invoke(NativeMethodAccessorImpl.java:57)
	at sun.reflect.DelegatingMethodAccessorImpl.invoke(DelegatingMethodAccessorImpl.java:43)
	at java.lang.reflect.Method.invoke(Method.java:616)
	at junit.framework.TestCase.runTest(TestCase.java:168)
	at junit.framework.TestCase.runBare(TestCase.java:134)
	at junit.framework.TestResult$1.protect(TestResult.java:110)
	at junit.framework.TestResult.runProtected(TestResult.java:128)
	at junit.framework.TestResult.run(TestResult.java:113)
	at junit.framework.TestCase.run(TestCase.java:124)
	at junit.framework.TestSuite.runTest(TestSuite.java:232)
	at junit.framework.TestSuite.run(TestSuite.java:227)
	at junit.framework.TestSuite.runTest(TestSuite.java:232)
	at junit.framework.TestSuite.run(TestSuite.java:227)
	at junit.framework.TestSuite.runTest(TestSuite.java:232)
	at junit.framework.TestSuite.run(TestSuite.java:227)
	at org.apache.tools.ant.taskdefs.optional.junit.JUnitTestRunner.run(JUnitTestRunner.java:420)
	at org.apache.tools.ant.taskdefs.optional.junit.JUnitTestRunner.launch(JUnitTestRunner.java:911)
	at org.apache.tools.ant.taskdefs.optional.junit.JUnitTestRunner.main(JUnitTestRunner.java:768)
search deliverables with submission filter.
com.topcoder.util.config.UnknownNamespaceException: com.topcoder.util.log is unknown
	at com.topcoder.util.config.DefaultConfigManager.getPropertyObject(DefaultConfigManager.java:429)
	at com.topcoder.util.config.DefaultConfigManager.getString(DefaultConfigManager.java:449)
	at com.topcoder.util.log.LogFactory.getAttribute(LogFactory.java:224)
	at com.topcoder.util.log.basic.BasicLog.log(BasicLog.java:74)
	at com.topcoder.management.deliverable.DeliverableHelper.checkAndGetCustomResultSetValidDeliverable(DeliverableHelper.java:156)
	at com.topcoder.management.deliverable.PersistenceDeliverableManager.searchDeliverablesHelper(PersistenceDeliverableManager.java:284)
	at com.topcoder.management.deliverable.PersistenceDeliverableManager.searchDeliverablesWithSubmissionFilter(PersistenceDeliverableManager.java:217)
	at com.topcoder.management.deliverable.stresstests.StressTestPersistenceDeliverableManager.testSearchDeliverablesWithSubmissions(StressTestPersistenceDeliverableManager.java:141)
	at sun.reflect.NativeMethodAccessorImpl.invoke0(Native Method)
	at sun.reflect.NativeMethodAccessorImpl.invoke(NativeMethodAccessorImpl.java:57)
	at sun.reflect.DelegatingMethodAccessorImpl.invoke(DelegatingMethodAccessorImpl.java:43)
	at java.lang.reflect.Method.invoke(Method.java:616)
	at junit.framework.TestCase.runTest(TestCase.java:168)
	at junit.framework.TestCase.runBare(TestCase.java:134)
	at junit.framework.TestResult$1.protect(TestResult.java:110)
	at junit.framework.TestResult.runProtected(TestResult.java:128)
	at junit.framework.TestResult.run(TestResult.java:113)
	at junit.framework.TestCase.run(TestCase.java:124)
	at junit.framework.TestSuite.runTest(TestSuite.java:232)
	at junit.framework.TestSuite.run(TestSuite.java:227)
	at junit.framework.TestSuite.runTest(TestSuite.java:232)
	at junit.framework.TestSuite.run(TestSuite.java:227)
	at junit.framework.TestSuite.runTest(TestSuite.java:232)
	at junit.framework.TestSuite.run(TestSuite.java:227)
	at org.apache.tools.ant.taskdefs.optional.junit.JUnitTestRunner.run(JUnitTestRunner.java:420)
	at org.apache.tools.ant.taskdefs.optional.junit.JUnitTestRunner.launch(JUnitTestRunner.java:911)
	at org.apache.tools.ant.taskdefs.optional.junit.JUnitTestRunner.main(JUnitTestRunner.java:768)
CustomResultSet Records: 0
com.topcoder.util.config.UnknownNamespaceException: com.topcoder.util.log is unknown
	at com.topcoder.util.config.DefaultConfigManager.getPropertyObject(DefaultConfigManager.java:429)
	at com.topcoder.util.config.DefaultConfigManager.getString(DefaultConfigManager.java:449)
	at com.topcoder.util.log.LogFactory.getAttribute(LogFactory.java:224)
	at com.topcoder.util.log.basic.BasicLog.log(BasicLog.java:74)
	at com.topcoder.management.deliverable.PersistenceDeliverableManager.searchDeliverablesHelper(PersistenceDeliverableManager.java:289)
	at com.topcoder.management.deliverable.PersistenceDeliverableManager.searchDeliverablesWithSubmissionFilter(PersistenceDeliverableManager.java:217)
	at com.topcoder.management.deliverable.stresstests.StressTestPersistenceDeliverableManager.testSearchDeliverablesWithSubmissions(StressTestPersistenceDeliverableManager.java:141)
	at sun.reflect.NativeMethodAccessorImpl.invoke0(Native Method)
	at sun.reflect.NativeMethodAccessorImpl.invoke(NativeMethodAccessorImpl.java:57)
	at sun.reflect.DelegatingMethodAccessorImpl.invoke(DelegatingMethodAccessorImpl.java:43)
	at java.lang.reflect.Method.invoke(Method.java:616)
	at junit.framework.TestCase.runTest(TestCase.java:168)
	at junit.framework.TestCase.runBare(TestCase.java:134)
	at junit.framework.TestResult$1.protect(TestResult.java:110)
	at junit.framework.TestResult.runProtected(TestResult.java:128)
	at junit.framework.TestResult.run(TestResult.java:113)
	at junit.framework.TestCase.run(TestCase.java:124)
	at junit.framework.TestSuite.runTest(TestSuite.java:232)
	at junit.framework.TestSuite.run(TestSuite.java:227)
	at junit.framework.TestSuite.runTest(TestSuite.java:232)
	at junit.framework.TestSuite.run(TestSuite.java:227)
	at junit.framework.TestSuite.runTest(TestSuite.java:232)
	at junit.framework.TestSuite.run(TestSuite.java:227)
	at org.apache.tools.ant.taskdefs.optional.junit.JUnitTestRunner.run(JUnitTestRunner.java:420)
	at org.apache.tools.ant.taskdefs.optional.junit.JUnitTestRunner.launch(JUnitTestRunner.java:911)
	at org.apache.tools.ant.taskdefs.optional.junit.JUnitTestRunner.main(JUnitTestRunner.java:768)
Deliverable Id Array: 4, 0
com.topcoder.util.config.UnknownNamespaceException: com.topcoder.util.log is unknown
	at com.topcoder.util.config.DefaultConfigManager.getPropertyObject(DefaultConfigManager.java:429)
	at com.topcoder.util.config.DefaultConfigManager.getString(DefaultConfigManager.java:449)
	at com.topcoder.util.log.LogFactory.getAttribute(LogFactory.java:224)
	at com.topcoder.util.log.basic.BasicLog.log(BasicLog.java:74)
	at com.topcoder.management.deliverable.PersistenceDeliverableManager.searchDeliverablesWithSubmissionFilter(PersistenceDeliverableManager.java:216)
	at com.topcoder.management.deliverable.stresstests.StressTestPersistenceDeliverableManager.testSearchDeliverablesWithSubmissions(StressTestPersistenceDeliverableManager.java:141)
	at sun.reflect.NativeMethodAccessorImpl.invoke0(Native Method)
	at sun.reflect.NativeMethodAccessorImpl.invoke(NativeMethodAccessorImpl.java:57)
	at sun.reflect.DelegatingMethodAccessorImpl.invoke(DelegatingMethodAccessorImpl.java:43)
	at java.lang.reflect.Method.invoke(Method.java:616)
	at junit.framework.TestCase.runTest(TestCase.java:168)
	at junit.framework.TestCase.runBare(TestCase.java:134)
	at junit.framework.TestResult$1.protect(TestResult.java:110)
	at junit.framework.TestResult.runProtected(TestResult.java:128)
	at junit.framework.TestResult.run(TestResult.java:113)
	at junit.framework.TestCase.run(TestCase.java:124)
	at junit.framework.TestSuite.runTest(TestSuite.java:232)
	at junit.framework.TestSuite.run(TestSuite.java:227)
	at junit.framework.TestSuite.runTest(TestSuite.java:232)
	at junit.framework.TestSuite.run(TestSuite.java:227)
	at junit.framework.TestSuite.runTest(TestSuite.java:232)
	at junit.framework.TestSuite.run(TestSuite.java:227)
	at org.apache.tools.ant.taskdefs.optional.junit.JUnitTestRunner.run(JUnitTestRunner.java:420)
	at org.apache.tools.ant.taskdefs.optional.junit.JUnitTestRunner.launch(JUnitTestRunner.java:911)
	at org.apache.tools.ant.taskdefs.optional.junit.JUnitTestRunner.main(JUnitTestRunner.java:768)
search deliverables with submission filter.
com.topcoder.util.config.UnknownNamespaceException: com.topcoder.util.log is unknown
	at com.topcoder.util.config.DefaultConfigManager.getPropertyObject(DefaultConfigManager.java:429)
	at com.topcoder.util.config.DefaultConfigManager.getString(DefaultConfigManager.java:449)
	at com.topcoder.util.log.LogFactory.getAttribute(LogFactory.java:224)
	at com.topcoder.util.log.basic.BasicLog.log(BasicLog.java:74)
	at com.topcoder.management.deliverable.DeliverableHelper.checkAndGetCustomResultSetValidDeliverable(DeliverableHelper.java:156)
	at com.topcoder.management.deliverable.PersistenceDeliverableManager.searchDeliverablesHelper(PersistenceDeliverableManager.java:284)
	at com.topcoder.management.deliverable.PersistenceDeliverableManager.searchDeliverablesWithSubmissionFilter(PersistenceDeliverableManager.java:217)
	at com.topcoder.management.deliverable.stresstests.StressTestPersistenceDeliverableManager.testSearchDeliverablesWithSubmissions(StressTestPersistenceDeliverableManager.java:141)
	at sun.reflect.NativeMethodAccessorImpl.invoke0(Native Method)
	at sun.reflect.NativeMethodAccessorImpl.invoke(NativeMethodAccessorImpl.java:57)
	at sun.reflect.DelegatingMethodAccessorImpl.invoke(DelegatingMethodAccessorImpl.java:43)
	at java.lang.reflect.Method.invoke(Method.java:616)
	at junit.framework.TestCase.runTest(TestCase.java:168)
	at junit.framework.TestCase.runBare(TestCase.java:134)
	at junit.framework.TestResult$1.protect(TestResult.java:110)
	at junit.framework.TestResult.runProtected(TestResult.java:128)
	at junit.framework.TestResult.run(TestResult.java:113)
	at junit.framework.TestCase.run(TestCase.java:124)
	at junit.framework.TestSuite.runTest(TestSuite.java:232)
	at junit.framework.TestSuite.run(TestSuite.java:227)
	at junit.framework.TestSuite.runTest(TestSuite.java:232)
	at junit.framework.TestSuite.run(TestSuite.java:227)
	at junit.framework.TestSuite.runTest(TestSuite.java:232)
	at junit.framework.TestSuite.run(TestSuite.java:227)
	at org.apache.tools.ant.taskdefs.optional.junit.JUnitTestRunner.run(JUnitTestRunner.java:420)
	at org.apache.tools.ant.taskdefs.optional.junit.JUnitTestRunner.launch(JUnitTestRunner.java:911)
	at org.apache.tools.ant.taskdefs.optional.junit.JUnitTestRunner.main(JUnitTestRunner.java:768)
CustomResultSet Records: 0
com.topcoder.util.config.UnknownNamespaceException: com.topcoder.util.log is unknown
	at com.topcoder.util.config.DefaultConfigManager.getPropertyObject(DefaultConfigManager.java:429)
	at com.topcoder.util.config.DefaultConfigManager.getString(DefaultConfigManager.java:449)
	at com.topcoder.util.log.LogFactory.getAttribute(LogFactory.java:224)
	at com.topcoder.util.log.basic.BasicLog.log(BasicLog.java:74)
	at com.topcoder.management.deliverable.PersistenceDeliverableManager.searchDeliverablesHelper(PersistenceDeliverableManager.java:289)
	at com.topcoder.management.deliverable.PersistenceDeliverableManager.searchDeliverablesWithSubmissionFilter(PersistenceDeliverableManager.java:217)
	at com.topcoder.management.deliverable.stresstests.StressTestPersistenceDeliverableManager.testSearchDeliverablesWithSubmissions(StressTestPersistenceDeliverableManager.java:141)
	at sun.reflect.NativeMethodAccessorImpl.invoke0(Native Method)
	at sun.reflect.NativeMethodAccessorImpl.invoke(NativeMethodAccessorImpl.java:57)
	at sun.reflect.DelegatingMethodAccessorImpl.invoke(DelegatingMethodAccessorImpl.java:43)
	at java.lang.reflect.Method.invoke(Method.java:616)
	at junit.framework.TestCase.runTest(TestCase.java:168)
	at junit.framework.TestCase.runBare(TestCase.java:134)
	at junit.framework.TestResult$1.protect(TestResult.java:110)
	at junit.framework.TestResult.runProtected(TestResult.java:128)
	at junit.framework.TestResult.run(TestResult.java:113)
	at junit.framework.TestCase.run(TestCase.java:124)
	at junit.framework.TestSuite.runTest(TestSuite.java:232)
	at junit.framework.TestSuite.run(TestSuite.java:227)
	at junit.framework.TestSuite.runTest(TestSuite.java:232)
	at junit.framework.TestSuite.run(TestSuite.java:227)
	at junit.framework.TestSuite.runTest(TestSuite.java:232)
	at junit.framework.TestSuite.run(TestSuite.java:227)
	at org.apache.tools.ant.taskdefs.optional.junit.JUnitTestRunner.run(JUnitTestRunner.java:420)
	at org.apache.tools.ant.taskdefs.optional.junit.JUnitTestRunner.launch(JUnitTestRunner.java:911)
	at org.apache.tools.ant.taskdefs.optional.junit.JUnitTestRunner.main(JUnitTestRunner.java:768)
Deliverable Id Array: 4, 0
com.topcoder.util.config.UnknownNamespaceException: com.topcoder.util.log is unknown
	at com.topcoder.util.config.DefaultConfigManager.getPropertyObject(DefaultConfigManager.java:429)
	at com.topcoder.util.config.DefaultConfigManager.getString(DefaultConfigManager.java:449)
	at com.topcoder.util.log.LogFactory.getAttribute(LogFactory.java:224)
	at com.topcoder.util.log.basic.BasicLog.log(BasicLog.java:74)
	at com.topcoder.management.deliverable.PersistenceDeliverableManager.searchDeliverablesWithSubmissionFilter(PersistenceDeliverableManager.java:216)
	at com.topcoder.management.deliverable.stresstests.StressTestPersistenceDeliverableManager.testSearchDeliverablesWithSubmissions(StressTestPersistenceDeliverableManager.java:141)
	at sun.reflect.NativeMethodAccessorImpl.invoke0(Native Method)
	at sun.reflect.NativeMethodAccessorImpl.invoke(NativeMethodAccessorImpl.java:57)
	at sun.reflect.DelegatingMethodAccessorImpl.invoke(DelegatingMethodAccessorImpl.java:43)
	at java.lang.reflect.Method.invoke(Method.java:616)
	at junit.framework.TestCase.runTest(TestCase.java:168)
	at junit.framework.TestCase.runBare(TestCase.java:134)
	at junit.framework.TestResult$1.protect(TestResult.java:110)
	at junit.framework.TestResult.runProtected(TestResult.java:128)
	at junit.framework.TestResult.run(TestResult.java:113)
	at junit.framework.TestCase.run(TestCase.java:124)
	at junit.framework.TestSuite.runTest(TestSuite.java:232)
	at junit.framework.TestSuite.run(TestSuite.java:227)
	at junit.framework.TestSuite.runTest(TestSuite.java:232)
	at junit.framework.TestSuite.run(TestSuite.java:227)
	at junit.framework.TestSuite.runTest(TestSuite.java:232)
	at junit.framework.TestSuite.run(TestSuite.java:227)
	at org.apache.tools.ant.taskdefs.optional.junit.JUnitTestRunner.run(JUnitTestRunner.java:420)
	at org.apache.tools.ant.taskdefs.optional.junit.JUnitTestRunner.launch(JUnitTestRunner.java:911)
	at org.apache.tools.ant.taskdefs.optional.junit.JUnitTestRunner.main(JUnitTestRunner.java:768)
search deliverables with submission filter.
com.topcoder.util.config.UnknownNamespaceException: com.topcoder.util.log is unknown
	at com.topcoder.util.config.DefaultConfigManager.getPropertyObject(DefaultConfigManager.java:429)
	at com.topcoder.util.config.DefaultConfigManager.getString(DefaultConfigManager.java:449)
	at com.topcoder.util.log.LogFactory.getAttribute(LogFactory.java:224)
	at com.topcoder.util.log.basic.BasicLog.log(BasicLog.java:74)
	at com.topcoder.management.deliverable.DeliverableHelper.checkAndGetCustomResultSetValidDeliverable(DeliverableHelper.java:156)
	at com.topcoder.management.deliverable.PersistenceDeliverableManager.searchDeliverablesHelper(PersistenceDeliverableManager.java:284)
	at com.topcoder.management.deliverable.PersistenceDeliverableManager.searchDeliverablesWithSubmissionFilter(PersistenceDeliverableManager.java:217)
	at com.topcoder.management.deliverable.stresstests.StressTestPersistenceDeliverableManager.testSearchDeliverablesWithSubmissions(StressTestPersistenceDeliverableManager.java:141)
	at sun.reflect.NativeMethodAccessorImpl.invoke0(Native Method)
	at sun.reflect.NativeMethodAccessorImpl.invoke(NativeMethodAccessorImpl.java:57)
	at sun.reflect.DelegatingMethodAccessorImpl.invoke(DelegatingMethodAccessorImpl.java:43)
	at java.lang.reflect.Method.invoke(Method.java:616)
	at junit.framework.TestCase.runTest(TestCase.java:168)
	at junit.framework.TestCase.runBare(TestCase.java:134)
	at junit.framework.TestResult$1.protect(TestResult.java:110)
	at junit.framework.TestResult.runProtected(TestResult.java:128)
	at junit.framework.TestResult.run(TestResult.java:113)
	at junit.framework.TestCase.run(TestCase.java:124)
	at junit.framework.TestSuite.runTest(TestSuite.java:232)
	at junit.framework.TestSuite.run(TestSuite.java:227)
	at junit.framework.TestSuite.runTest(TestSuite.java:232)
	at junit.framework.TestSuite.run(TestSuite.java:227)
	at junit.framework.TestSuite.runTest(TestSuite.java:232)
	at junit.framework.TestSuite.run(TestSuite.java:227)
	at org.apache.tools.ant.taskdefs.optional.junit.JUnitTestRunner.run(JUnitTestRunner.java:420)
	at org.apache.tools.ant.taskdefs.optional.junit.JUnitTestRunner.launch(JUnitTestRunner.java:911)
	at org.apache.tools.ant.taskdefs.optional.junit.JUnitTestRunner.main(JUnitTestRunner.java:768)
CustomResultSet Records: 0
com.topcoder.util.config.UnknownNamespaceException: com.topcoder.util.log is unknown
	at com.topcoder.util.config.DefaultConfigManager.getPropertyObject(DefaultConfigManager.java:429)
	at com.topcoder.util.config.DefaultConfigManager.getString(DefaultConfigManager.java:449)
	at com.topcoder.util.log.LogFactory.getAttribute(LogFactory.java:224)
	at com.topcoder.util.log.basic.BasicLog.log(BasicLog.java:74)
	at com.topcoder.management.deliverable.PersistenceDeliverableManager.searchDeliverablesHelper(PersistenceDeliverableManager.java:289)
	at com.topcoder.management.deliverable.PersistenceDeliverableManager.searchDeliverablesWithSubmissionFilter(PersistenceDeliverableManager.java:217)
	at com.topcoder.management.deliverable.stresstests.StressTestPersistenceDeliverableManager.testSearchDeliverablesWithSubmissions(StressTestPersistenceDeliverableManager.java:141)
	at sun.reflect.NativeMethodAccessorImpl.invoke0(Native Method)
	at sun.reflect.NativeMethodAccessorImpl.invoke(NativeMethodAccessorImpl.java:57)
	at sun.reflect.DelegatingMethodAccessorImpl.invoke(DelegatingMethodAccessorImpl.java:43)
	at java.lang.reflect.Method.invoke(Method.java:616)
	at junit.framework.TestCase.runTest(TestCase.java:168)
	at junit.framework.TestCase.runBare(TestCase.java:134)
	at junit.framework.TestResult$1.protect(TestResult.java:110)
	at junit.framework.TestResult.runProtected(TestResult.java:128)
	at junit.framework.TestResult.run(TestResult.java:113)
	at junit.framework.TestCase.run(TestCase.java:124)
	at junit.framework.TestSuite.runTest(TestSuite.java:232)
	at junit.framework.TestSuite.run(TestSuite.java:227)
	at junit.framework.TestSuite.runTest(TestSuite.java:232)
	at junit.framework.TestSuite.run(TestSuite.java:227)
	at junit.framework.TestSuite.runTest(TestSuite.java:232)
	at junit.framework.TestSuite.run(TestSuite.java:227)
	at org.apache.tools.ant.taskdefs.optional.junit.JUnitTestRunner.run(JUnitTestRunner.java:420)
	at org.apache.tools.ant.taskdefs.optional.junit.JUnitTestRunner.launch(JUnitTestRunner.java:911)
	at org.apache.tools.ant.taskdefs.optional.junit.JUnitTestRunner.main(JUnitTestRunner.java:768)
Deliverable Id Array: 4, 0
com.topcoder.util.config.UnknownNamespaceException: com.topcoder.util.log is unknown
	at com.topcoder.util.config.DefaultConfigManager.getPropertyObject(DefaultConfigManager.java:429)
	at com.topcoder.util.config.DefaultConfigManager.getString(DefaultConfigManager.java:449)
	at com.topcoder.util.log.LogFactory.getAttribute(LogFactory.java:224)
	at com.topcoder.util.log.basic.BasicLog.log(BasicLog.java:74)
	at com.topcoder.management.deliverable.PersistenceDeliverableManager.searchDeliverablesWithSubmissionFilter(PersistenceDeliverableManager.java:216)
	at com.topcoder.management.deliverable.stresstests.StressTestPersistenceDeliverableManager.testSearchDeliverablesWithSubmissions(StressTestPersistenceDeliverableManager.java:141)
	at sun.reflect.NativeMethodAccessorImpl.invoke0(Native Method)
	at sun.reflect.NativeMethodAccessorImpl.invoke(NativeMethodAccessorImpl.java:57)
	at sun.reflect.DelegatingMethodAccessorImpl.invoke(DelegatingMethodAccessorImpl.java:43)
	at java.lang.reflect.Method.invoke(Method.java:616)
	at junit.framework.TestCase.runTest(TestCase.java:168)
	at junit.framework.TestCase.runBare(TestCase.java:134)
	at junit.framework.TestResult$1.protect(TestResult.java:110)
	at junit.framework.TestResult.runProtected(TestResult.java:128)
	at junit.framework.TestResult.run(TestResult.java:113)
	at junit.framework.TestCase.run(TestCase.java:124)
	at junit.framework.TestSuite.runTest(TestSuite.java:232)
	at junit.framework.TestSuite.run(TestSuite.java:227)
	at junit.framework.TestSuite.runTest(TestSuite.java:232)
	at junit.framework.TestSuite.run(TestSuite.java:227)
	at junit.framework.TestSuite.runTest(TestSuite.java:232)
	at junit.framework.TestSuite.run(TestSuite.java:227)
	at org.apache.tools.ant.taskdefs.optional.junit.JUnitTestRunner.run(JUnitTestRunner.java:420)
	at org.apache.tools.ant.taskdefs.optional.junit.JUnitTestRunner.launch(JUnitTestRunner.java:911)
	at org.apache.tools.ant.taskdefs.optional.junit.JUnitTestRunner.main(JUnitTestRunner.java:768)
search deliverables with submission filter.
com.topcoder.util.config.UnknownNamespaceException: com.topcoder.util.log is unknown
	at com.topcoder.util.config.DefaultConfigManager.getPropertyObject(DefaultConfigManager.java:429)
	at com.topcoder.util.config.DefaultConfigManager.getString(DefaultConfigManager.java:449)
	at com.topcoder.util.log.LogFactory.getAttribute(LogFactory.java:224)
	at com.topcoder.util.log.basic.BasicLog.log(BasicLog.java:74)
	at com.topcoder.management.deliverable.DeliverableHelper.checkAndGetCustomResultSetValidDeliverable(DeliverableHelper.java:156)
	at com.topcoder.management.deliverable.PersistenceDeliverableManager.searchDeliverablesHelper(PersistenceDeliverableManager.java:284)
	at com.topcoder.management.deliverable.PersistenceDeliverableManager.searchDeliverablesWithSubmissionFilter(PersistenceDeliverableManager.java:217)
	at com.topcoder.management.deliverable.stresstests.StressTestPersistenceDeliverableManager.testSearchDeliverablesWithSubmissions(StressTestPersistenceDeliverableManager.java:141)
	at sun.reflect.NativeMethodAccessorImpl.invoke0(Native Method)
	at sun.reflect.NativeMethodAccessorImpl.invoke(NativeMethodAccessorImpl.java:57)
	at sun.reflect.DelegatingMethodAccessorImpl.invoke(DelegatingMethodAccessorImpl.java:43)
	at java.lang.reflect.Method.invoke(Method.java:616)
	at junit.framework.TestCase.runTest(TestCase.java:168)
	at junit.framework.TestCase.runBare(TestCase.java:134)
	at junit.framework.TestResult$1.protect(TestResult.java:110)
	at junit.framework.TestResult.runProtected(TestResult.java:128)
	at junit.framework.TestResult.run(TestResult.java:113)
	at junit.framework.TestCase.run(TestCase.java:124)
	at junit.framework.TestSuite.runTest(TestSuite.java:232)
	at junit.framework.TestSuite.run(TestSuite.java:227)
	at junit.framework.TestSuite.runTest(TestSuite.java:232)
	at junit.framework.TestSuite.run(TestSuite.java:227)
	at junit.framework.TestSuite.runTest(TestSuite.java:232)
	at junit.framework.TestSuite.run(TestSuite.java:227)
	at org.apache.tools.ant.taskdefs.optional.junit.JUnitTestRunner.run(JUnitTestRunner.java:420)
	at org.apache.tools.ant.taskdefs.optional.junit.JUnitTestRunner.launch(JUnitTestRunner.java:911)
	at org.apache.tools.ant.taskdefs.optional.junit.JUnitTestRunner.main(JUnitTestRunner.java:768)
CustomResultSet Records: 0
com.topcoder.util.config.UnknownNamespaceException: com.topcoder.util.log is unknown
	at com.topcoder.util.config.DefaultConfigManager.getPropertyObject(DefaultConfigManager.java:429)
	at com.topcoder.util.config.DefaultConfigManager.getString(DefaultConfigManager.java:449)
	at com.topcoder.util.log.LogFactory.getAttribute(LogFactory.java:224)
	at com.topcoder.util.log.basic.BasicLog.log(BasicLog.java:74)
	at com.topcoder.management.deliverable.PersistenceDeliverableManager.searchDeliverablesHelper(PersistenceDeliverableManager.java:289)
	at com.topcoder.management.deliverable.PersistenceDeliverableManager.searchDeliverablesWithSubmissionFilter(PersistenceDeliverableManager.java:217)
	at com.topcoder.management.deliverable.stresstests.StressTestPersistenceDeliverableManager.testSearchDeliverablesWithSubmissions(StressTestPersistenceDeliverableManager.java:141)
	at sun.reflect.NativeMethodAccessorImpl.invoke0(Native Method)
	at sun.reflect.NativeMethodAccessorImpl.invoke(NativeMethodAccessorImpl.java:57)
	at sun.reflect.DelegatingMethodAccessorImpl.invoke(DelegatingMethodAccessorImpl.java:43)
	at java.lang.reflect.Method.invoke(Method.java:616)
	at junit.framework.TestCase.runTest(TestCase.java:168)
	at junit.framework.TestCase.runBare(TestCase.java:134)
	at junit.framework.TestResult$1.protect(TestResult.java:110)
	at junit.framework.TestResult.runProtected(TestResult.java:128)
	at junit.framework.TestResult.run(TestResult.java:113)
	at junit.framework.TestCase.run(TestCase.java:124)
	at junit.framework.TestSuite.runTest(TestSuite.java:232)
	at junit.framework.TestSuite.run(TestSuite.java:227)
	at junit.framework.TestSuite.runTest(TestSuite.java:232)
	at junit.framework.TestSuite.run(TestSuite.java:227)
	at junit.framework.TestSuite.runTest(TestSuite.java:232)
	at junit.framework.TestSuite.run(TestSuite.java:227)
	at org.apache.tools.ant.taskdefs.optional.junit.JUnitTestRunner.run(JUnitTestRunner.java:420)
	at org.apache.tools.ant.taskdefs.optional.junit.JUnitTestRunner.launch(JUnitTestRunner.java:911)
	at org.apache.tools.ant.taskdefs.optional.junit.JUnitTestRunner.main(JUnitTestRunner.java:768)
Deliverable Id Array: 4, 0
com.topcoder.util.config.UnknownNamespaceException: com.topcoder.util.log is unknown
	at com.topcoder.util.config.DefaultConfigManager.getPropertyObject(DefaultConfigManager.java:429)
	at com.topcoder.util.config.DefaultConfigManager.getString(DefaultConfigManager.java:449)
	at com.topcoder.util.log.LogFactory.getAttribute(LogFactory.java:224)
	at com.topcoder.util.log.basic.BasicLog.log(BasicLog.java:74)
	at com.topcoder.management.deliverable.PersistenceDeliverableManager.<init>(PersistenceDeliverableManager.java:157)
	at com.topcoder.management.deliverable.PersistenceDeliverableManager.<init>(PersistenceDeliverableManager.java:183)
	at com.topcoder.management.deliverable.stresstests.StressTestPersistenceDeliverableManager.setUp(StressTestPersistenceDeliverableManager.java:99)
	at junit.framework.TestCase.runBare(TestCase.java:132)
	at junit.framework.TestResult$1.protect(TestResult.java:110)
	at junit.framework.TestResult.runProtected(TestResult.java:128)
	at junit.framework.TestResult.run(TestResult.java:113)
	at junit.framework.TestCase.run(TestCase.java:124)
	at junit.framework.TestSuite.runTest(TestSuite.java:232)
	at junit.framework.TestSuite.run(TestSuite.java:227)
	at junit.framework.TestSuite.runTest(TestSuite.java:232)
	at junit.framework.TestSuite.run(TestSuite.java:227)
	at junit.framework.TestSuite.runTest(TestSuite.java:232)
	at junit.framework.TestSuite.run(TestSuite.java:227)
	at org.apache.tools.ant.taskdefs.optional.junit.JUnitTestRunner.run(JUnitTestRunner.java:420)
	at org.apache.tools.ant.taskdefs.optional.junit.JUnitTestRunner.launch(JUnitTestRunner.java:911)
	at org.apache.tools.ant.taskdefs.optional.junit.JUnitTestRunner.main(JUnitTestRunner.java:768)
Instantiate PersistenceDeliverableManager with DeliverablePersistence, deliverableCheckers map,deliverableSearchBundle and submissionSearchBundle.
com.topcoder.util.config.UnknownNamespaceException: com.topcoder.util.log is unknown
	at com.topcoder.util.config.DefaultConfigManager.getPropertyObject(DefaultConfigManager.java:429)
	at com.topcoder.util.config.DefaultConfigManager.getString(DefaultConfigManager.java:449)
	at com.topcoder.util.log.LogFactory.getAttribute(LogFactory.java:224)
	at com.topcoder.util.log.basic.BasicLog.log(BasicLog.java:74)
	at com.topcoder.management.deliverable.PersistenceDeliverableManager.searchDeliverables(PersistenceDeliverableManager.java:245)
	at com.topcoder.management.deliverable.stresstests.StressTestPersistenceDeliverableManager.testSearchDeliverables(StressTestPersistenceDeliverableManager.java:170)
	at sun.reflect.NativeMethodAccessorImpl.invoke0(Native Method)
	at sun.reflect.NativeMethodAccessorImpl.invoke(NativeMethodAccessorImpl.java:57)
	at sun.reflect.DelegatingMethodAccessorImpl.invoke(DelegatingMethodAccessorImpl.java:43)
	at java.lang.reflect.Method.invoke(Method.java:616)
	at junit.framework.TestCase.runTest(TestCase.java:168)
	at junit.framework.TestCase.runBare(TestCase.java:134)
	at junit.framework.TestResult$1.protect(TestResult.java:110)
	at junit.framework.TestResult.runProtected(TestResult.java:128)
	at junit.framework.TestResult.run(TestResult.java:113)
	at junit.framework.TestCase.run(TestCase.java:124)
	at junit.framework.TestSuite.runTest(TestSuite.java:232)
	at junit.framework.TestSuite.run(TestSuite.java:227)
	at junit.framework.TestSuite.runTest(TestSuite.java:232)
	at junit.framework.TestSuite.run(TestSuite.java:227)
	at junit.framework.TestSuite.runTest(TestSuite.java:232)
	at junit.framework.TestSuite.run(TestSuite.java:227)
	at org.apache.tools.ant.taskdefs.optional.junit.JUnitTestRunner.run(JUnitTestRunner.java:420)
	at org.apache.tools.ant.taskdefs.optional.junit.JUnitTestRunner.launch(JUnitTestRunner.java:911)
	at org.apache.tools.ant.taskdefs.optional.junit.JUnitTestRunner.main(JUnitTestRunner.java:768)
Search deliverables filter.
com.topcoder.util.config.UnknownNamespaceException: com.topcoder.util.log is unknown
	at com.topcoder.util.config.DefaultConfigManager.getPropertyObject(DefaultConfigManager.java:429)
	at com.topcoder.util.config.DefaultConfigManager.getString(DefaultConfigManager.java:449)
	at com.topcoder.util.log.LogFactory.getAttribute(LogFactory.java:224)
	at com.topcoder.util.log.basic.BasicLog.log(BasicLog.java:74)
	at com.topcoder.management.deliverable.DeliverableHelper.checkAndGetCustomResultSetValidDeliverable(DeliverableHelper.java:156)
	at com.topcoder.management.deliverable.PersistenceDeliverableManager.searchDeliverablesHelper(PersistenceDeliverableManager.java:284)
	at com.topcoder.management.deliverable.PersistenceDeliverableManager.searchDeliverables(PersistenceDeliverableManager.java:246)
	at com.topcoder.management.deliverable.stresstests.StressTestPersistenceDeliverableManager.testSearchDeliverables(StressTestPersistenceDeliverableManager.java:170)
	at sun.reflect.NativeMethodAccessorImpl.invoke0(Native Method)
	at sun.reflect.NativeMethodAccessorImpl.invoke(NativeMethodAccessorImpl.java:57)
	at sun.reflect.DelegatingMethodAccessorImpl.invoke(DelegatingMethodAccessorImpl.java:43)
	at java.lang.reflect.Method.invoke(Method.java:616)
	at junit.framework.TestCase.runTest(TestCase.java:168)
	at junit.framework.TestCase.runBare(TestCase.java:134)
	at junit.framework.TestResult$1.protect(TestResult.java:110)
	at junit.framework.TestResult.runProtected(TestResult.java:128)
	at junit.framework.TestResult.run(TestResult.java:113)
	at junit.framework.TestCase.run(TestCase.java:124)
	at junit.framework.TestSuite.runTest(TestSuite.java:232)
	at junit.framework.TestSuite.run(TestSuite.java:227)
	at junit.framework.TestSuite.runTest(TestSuite.java:232)
	at junit.framework.TestSuite.run(TestSuite.java:227)
	at junit.framework.TestSuite.runTest(TestSuite.java:232)
	at junit.framework.TestSuite.run(TestSuite.java:227)
	at org.apache.tools.ant.taskdefs.optional.junit.JUnitTestRunner.run(JUnitTestRunner.java:420)
	at org.apache.tools.ant.taskdefs.optional.junit.JUnitTestRunner.launch(JUnitTestRunner.java:911)
	at org.apache.tools.ant.taskdefs.optional.junit.JUnitTestRunner.main(JUnitTestRunner.java:768)
CustomResultSet Records: 2
com.topcoder.util.config.UnknownNamespaceException: com.topcoder.util.log is unknown
	at com.topcoder.util.config.DefaultConfigManager.getPropertyObject(DefaultConfigManager.java:429)
	at com.topcoder.util.config.DefaultConfigManager.getString(DefaultConfigManager.java:449)
	at com.topcoder.util.log.LogFactory.getAttribute(LogFactory.java:224)
	at com.topcoder.util.log.basic.BasicLog.log(BasicLog.java:74)
	at com.topcoder.management.deliverable.PersistenceDeliverableManager.searchDeliverablesHelper(PersistenceDeliverableManager.java:289)
	at com.topcoder.management.deliverable.PersistenceDeliverableManager.searchDeliverables(PersistenceDeliverableManager.java:246)
	at com.topcoder.management.deliverable.stresstests.StressTestPersistenceDeliverableManager.testSearchDeliverables(StressTestPersistenceDeliverableManager.java:170)
	at sun.reflect.NativeMethodAccessorImpl.invoke0(Native Method)
	at sun.reflect.NativeMethodAccessorImpl.invoke(NativeMethodAccessorImpl.java:57)
	at sun.reflect.DelegatingMethodAccessorImpl.invoke(DelegatingMethodAccessorImpl.java:43)
	at java.lang.reflect.Method.invoke(Method.java:616)
	at junit.framework.TestCase.runTest(TestCase.java:168)
	at junit.framework.TestCase.runBare(TestCase.java:134)
	at junit.framework.TestResult$1.protect(TestResult.java:110)
	at junit.framework.TestResult.runProtected(TestResult.java:128)
	at junit.framework.TestResult.run(TestResult.java:113)
	at junit.framework.TestCase.run(TestCase.java:124)
	at junit.framework.TestSuite.runTest(TestSuite.java:232)
	at junit.framework.TestSuite.run(TestSuite.java:227)
	at junit.framework.TestSuite.runTest(TestSuite.java:232)
	at junit.framework.TestSuite.run(TestSuite.java:227)
	at junit.framework.TestSuite.runTest(TestSuite.java:232)
	at junit.framework.TestSuite.run(TestSuite.java:227)
	at org.apache.tools.ant.taskdefs.optional.junit.JUnitTestRunner.run(JUnitTestRunner.java:420)
	at org.apache.tools.ant.taskdefs.optional.junit.JUnitTestRunner.launch(JUnitTestRunner.java:911)
	at org.apache.tools.ant.taskdefs.optional.junit.JUnitTestRunner.main(JUnitTestRunner.java:768)
Deliverable Id Array: 3, 2
com.topcoder.util.config.UnknownNamespaceException: com.topcoder.util.log is unknown
	at com.topcoder.util.config.DefaultConfigManager.getPropertyObject(DefaultConfigManager.java:429)
	at com.topcoder.util.config.DefaultConfigManager.getString(DefaultConfigManager.java:449)
	at com.topcoder.util.log.LogFactory.getAttribute(LogFactory.java:224)
	at com.topcoder.util.log.basic.BasicLog.log(BasicLog.java:74)
	at com.topcoder.management.deliverable.PersistenceDeliverableManager.searchDeliverablesHelper(PersistenceDeliverableManager.java:302)
	at com.topcoder.management.deliverable.PersistenceDeliverableManager.searchDeliverables(PersistenceDeliverableManager.java:246)
	at com.topcoder.management.deliverable.stresstests.StressTestPersistenceDeliverableManager.testSearchDeliverables(StressTestPersistenceDeliverableManager.java:170)
	at sun.reflect.NativeMethodAccessorImpl.invoke0(Native Method)
	at sun.reflect.NativeMethodAccessorImpl.invoke(NativeMethodAccessorImpl.java:57)
	at sun.reflect.DelegatingMethodAccessorImpl.invoke(DelegatingMethodAccessorImpl.java:43)
	at java.lang.reflect.Method.invoke(Method.java:616)
	at junit.framework.TestCase.runTest(TestCase.java:168)
	at junit.framework.TestCase.runBare(TestCase.java:134)
	at junit.framework.TestResult$1.protect(TestResult.java:110)
	at junit.framework.TestResult.runProtected(TestResult.java:128)
	at junit.framework.TestResult.run(TestResult.java:113)
	at junit.framework.TestCase.run(TestCase.java:124)
	at junit.framework.TestSuite.runTest(TestSuite.java:232)
	at junit.framework.TestSuite.run(TestSuite.java:227)
	at junit.framework.TestSuite.runTest(TestSuite.java:232)
	at junit.framework.TestSuite.run(TestSuite.java:227)
	at junit.framework.TestSuite.runTest(TestSuite.java:232)
	at junit.framework.TestSuite.run(TestSuite.java:227)
	at org.apache.tools.ant.taskdefs.optional.junit.JUnitTestRunner.run(JUnitTestRunner.java:420)
	at org.apache.tools.ant.taskdefs.optional.junit.JUnitTestRunner.launch(JUnitTestRunner.java:911)
	at org.apache.tools.ant.taskdefs.optional.junit.JUnitTestRunner.main(JUnitTestRunner.java:768)
Loading Deliverable Array
com.topcoder.util.config.UnknownNamespaceException: com.topcoder.util.log is unknown
	at com.topcoder.util.config.DefaultConfigManager.getPropertyObject(DefaultConfigManager.java:429)
	at com.topcoder.util.config.DefaultConfigManager.getString(DefaultConfigManager.java:449)
	at com.topcoder.util.log.LogFactory.getAttribute(LogFactory.java:224)
	at com.topcoder.util.log.basic.BasicLog.log(BasicLog.java:74)
	at com.topcoder.management.deliverable.PersistenceDeliverableManager.searchDeliverablesHelper(PersistenceDeliverableManager.java:325)
	at com.topcoder.management.deliverable.PersistenceDeliverableManager.searchDeliverables(PersistenceDeliverableManager.java:246)
	at com.topcoder.management.deliverable.stresstests.StressTestPersistenceDeliverableManager.testSearchDeliverables(StressTestPersistenceDeliverableManager.java:170)
	at sun.reflect.NativeMethodAccessorImpl.invoke0(Native Method)
	at sun.reflect.NativeMethodAccessorImpl.invoke(NativeMethodAccessorImpl.java:57)
	at sun.reflect.DelegatingMethodAccessorImpl.invoke(DelegatingMethodAccessorImpl.java:43)
	at java.lang.reflect.Method.invoke(Method.java:616)
	at junit.framework.TestCase.runTest(TestCase.java:168)
	at junit.framework.TestCase.runBare(TestCase.java:134)
	at junit.framework.TestResult$1.protect(TestResult.java:110)
	at junit.framework.TestResult.runProtected(TestResult.java:128)
	at junit.framework.TestResult.run(TestResult.java:113)
	at junit.framework.TestCase.run(TestCase.java:124)
	at junit.framework.TestSuite.runTest(TestSuite.java:232)
	at junit.framework.TestSuite.run(TestSuite.java:227)
	at junit.framework.TestSuite.runTest(TestSuite.java:232)
	at junit.framework.TestSuite.run(TestSuite.java:227)
	at junit.framework.TestSuite.runTest(TestSuite.java:232)
	at junit.framework.TestSuite.run(TestSuite.java:227)
	at org.apache.tools.ant.taskdefs.optional.junit.JUnitTestRunner.run(JUnitTestRunner.java:420)
	at org.apache.tools.ant.taskdefs.optional.junit.JUnitTestRunner.launch(JUnitTestRunner.java:911)
	at org.apache.tools.ant.taskdefs.optional.junit.JUnitTestRunner.main(JUnitTestRunner.java:768)
Adding Deliverable To List
com.topcoder.util.config.UnknownNamespaceException: com.topcoder.util.log is unknown
	at com.topcoder.util.config.DefaultConfigManager.getPropertyObject(DefaultConfigManager.java:429)
	at com.topcoder.util.config.DefaultConfigManager.getString(DefaultConfigManager.java:449)
	at com.topcoder.util.log.LogFactory.getAttribute(LogFactory.java:224)
	at com.topcoder.util.log.basic.BasicLog.log(BasicLog.java:74)
	at com.topcoder.management.deliverable.PersistenceDeliverableManager.searchDeliverablesHelper(PersistenceDeliverableManager.java:302)
	at com.topcoder.management.deliverable.PersistenceDeliverableManager.searchDeliverables(PersistenceDeliverableManager.java:246)
	at com.topcoder.management.deliverable.stresstests.StressTestPersistenceDeliverableManager.testSearchDeliverables(StressTestPersistenceDeliverableManager.java:170)
	at sun.reflect.NativeMethodAccessorImpl.invoke0(Native Method)
	at sun.reflect.NativeMethodAccessorImpl.invoke(NativeMethodAccessorImpl.java:57)
	at sun.reflect.DelegatingMethodAccessorImpl.invoke(DelegatingMethodAccessorImpl.java:43)
	at java.lang.reflect.Method.invoke(Method.java:616)
	at junit.framework.TestCase.runTest(TestCase.java:168)
	at junit.framework.TestCase.runBare(TestCase.java:134)
	at junit.framework.TestResult$1.protect(TestResult.java:110)
	at junit.framework.TestResult.runProtected(TestResult.java:128)
	at junit.framework.TestResult.run(TestResult.java:113)
	at junit.framework.TestCase.run(TestCase.java:124)
	at junit.framework.TestSuite.runTest(TestSuite.java:232)
	at junit.framework.TestSuite.run(TestSuite.java:227)
	at junit.framework.TestSuite.runTest(TestSuite.java:232)
	at junit.framework.TestSuite.run(TestSuite.java:227)
	at junit.framework.TestSuite.runTest(TestSuite.java:232)
	at junit.framework.TestSuite.run(TestSuite.java:227)
	at org.apache.tools.ant.taskdefs.optional.junit.JUnitTestRunner.run(JUnitTestRunner.java:420)
	at org.apache.tools.ant.taskdefs.optional.junit.JUnitTestRunner.launch(JUnitTestRunner.java:911)
	at org.apache.tools.ant.taskdefs.optional.junit.JUnitTestRunner.main(JUnitTestRunner.java:768)
Loading Deliverable Array
com.topcoder.util.config.UnknownNamespaceException: com.topcoder.util.log is unknown
	at com.topcoder.util.config.DefaultConfigManager.getPropertyObject(DefaultConfigManager.java:429)
	at com.topcoder.util.config.DefaultConfigManager.getString(DefaultConfigManager.java:449)
	at com.topcoder.util.log.LogFactory.getAttribute(LogFactory.java:224)
	at com.topcoder.util.log.basic.BasicLog.log(BasicLog.java:74)
	at com.topcoder.management.deliverable.PersistenceDeliverableManager.searchDeliverablesHelper(PersistenceDeliverableManager.java:325)
	at com.topcoder.management.deliverable.PersistenceDeliverableManager.searchDeliverables(PersistenceDeliverableManager.java:246)
	at com.topcoder.management.deliverable.stresstests.StressTestPersistenceDeliverableManager.testSearchDeliverables(StressTestPersistenceDeliverableManager.java:170)
	at sun.reflect.NativeMethodAccessorImpl.invoke0(Native Method)
	at sun.reflect.NativeMethodAccessorImpl.invoke(NativeMethodAccessorImpl.java:57)
	at sun.reflect.DelegatingMethodAccessorImpl.invoke(DelegatingMethodAccessorImpl.java:43)
	at java.lang.reflect.Method.invoke(Method.java:616)
	at junit.framework.TestCase.runTest(TestCase.java:168)
	at junit.framework.TestCase.runBare(TestCase.java:134)
	at junit.framework.TestResult$1.protect(TestResult.java:110)
	at junit.framework.TestResult.runProtected(TestResult.java:128)
	at junit.framework.TestResult.run(TestResult.java:113)
	at junit.framework.TestCase.run(TestCase.java:124)
	at junit.framework.TestSuite.runTest(TestSuite.java:232)
	at junit.framework.TestSuite.run(TestSuite.java:227)
	at junit.framework.TestSuite.runTest(TestSuite.java:232)
	at junit.framework.TestSuite.run(TestSuite.java:227)
	at junit.framework.TestSuite.runTest(TestSuite.java:232)
	at junit.framework.TestSuite.run(TestSuite.java:227)
	at org.apache.tools.ant.taskdefs.optional.junit.JUnitTestRunner.run(JUnitTestRunner.java:420)
	at org.apache.tools.ant.taskdefs.optional.junit.JUnitTestRunner.launch(JUnitTestRunner.java:911)
	at org.apache.tools.ant.taskdefs.optional.junit.JUnitTestRunner.main(JUnitTestRunner.java:768)
Adding Deliverable To List
com.topcoder.util.config.UnknownNamespaceException: com.topcoder.util.log is unknown
	at com.topcoder.util.config.DefaultConfigManager.getPropertyObject(DefaultConfigManager.java:429)
	at com.topcoder.util.config.DefaultConfigManager.getString(DefaultConfigManager.java:449)
	at com.topcoder.util.log.LogFactory.getAttribute(LogFactory.java:224)
	at com.topcoder.util.log.basic.BasicLog.log(BasicLog.java:74)
	at com.topcoder.management.deliverable.PersistenceDeliverableManager.searchDeliverables(PersistenceDeliverableManager.java:245)
	at com.topcoder.management.deliverable.stresstests.StressTestPersistenceDeliverableManager.testSearchDeliverables(StressTestPersistenceDeliverableManager.java:170)
	at sun.reflect.NativeMethodAccessorImpl.invoke0(Native Method)
	at sun.reflect.NativeMethodAccessorImpl.invoke(NativeMethodAccessorImpl.java:57)
	at sun.reflect.DelegatingMethodAccessorImpl.invoke(DelegatingMethodAccessorImpl.java:43)
	at java.lang.reflect.Method.invoke(Method.java:616)
	at junit.framework.TestCase.runTest(TestCase.java:168)
	at junit.framework.TestCase.runBare(TestCase.java:134)
	at junit.framework.TestResult$1.protect(TestResult.java:110)
	at junit.framework.TestResult.runProtected(TestResult.java:128)
	at junit.framework.TestResult.run(TestResult.java:113)
	at junit.framework.TestCase.run(TestCase.java:124)
	at junit.framework.TestSuite.runTest(TestSuite.java:232)
	at junit.framework.TestSuite.run(TestSuite.java:227)
	at junit.framework.TestSuite.runTest(TestSuite.java:232)
	at junit.framework.TestSuite.run(TestSuite.java:227)
	at junit.framework.TestSuite.runTest(TestSuite.java:232)
	at junit.framework.TestSuite.run(TestSuite.java:227)
	at org.apache.tools.ant.taskdefs.optional.junit.JUnitTestRunner.run(JUnitTestRunner.java:420)
	at org.apache.tools.ant.taskdefs.optional.junit.JUnitTestRunner.launch(JUnitTestRunner.java:911)
	at org.apache.tools.ant.taskdefs.optional.junit.JUnitTestRunner.main(JUnitTestRunner.java:768)
Search deliverables filter.
com.topcoder.util.config.UnknownNamespaceException: com.topcoder.util.log is unknown
	at com.topcoder.util.config.DefaultConfigManager.getPropertyObject(DefaultConfigManager.java:429)
	at com.topcoder.util.config.DefaultConfigManager.getString(DefaultConfigManager.java:449)
	at com.topcoder.util.log.LogFactory.getAttribute(LogFactory.java:224)
	at com.topcoder.util.log.basic.BasicLog.log(BasicLog.java:74)
	at com.topcoder.management.deliverable.DeliverableHelper.checkAndGetCustomResultSetValidDeliverable(DeliverableHelper.java:156)
	at com.topcoder.management.deliverable.PersistenceDeliverableManager.searchDeliverablesHelper(PersistenceDeliverableManager.java:284)
	at com.topcoder.management.deliverable.PersistenceDeliverableManager.searchDeliverables(PersistenceDeliverableManager.java:246)
	at com.topcoder.management.deliverable.stresstests.StressTestPersistenceDeliverableManager.testSearchDeliverables(StressTestPersistenceDeliverableManager.java:170)
	at sun.reflect.NativeMethodAccessorImpl.invoke0(Native Method)
	at sun.reflect.NativeMethodAccessorImpl.invoke(NativeMethodAccessorImpl.java:57)
	at sun.reflect.DelegatingMethodAccessorImpl.invoke(DelegatingMethodAccessorImpl.java:43)
	at java.lang.reflect.Method.invoke(Method.java:616)
	at junit.framework.TestCase.runTest(TestCase.java:168)
	at junit.framework.TestCase.runBare(TestCase.java:134)
	at junit.framework.TestResult$1.protect(TestResult.java:110)
	at junit.framework.TestResult.runProtected(TestResult.java:128)
	at junit.framework.TestResult.run(TestResult.java:113)
	at junit.framework.TestCase.run(TestCase.java:124)
	at junit.framework.TestSuite.runTest(TestSuite.java:232)
	at junit.framework.TestSuite.run(TestSuite.java:227)
	at junit.framework.TestSuite.runTest(TestSuite.java:232)
	at junit.framework.TestSuite.run(TestSuite.java:227)
	at junit.framework.TestSuite.runTest(TestSuite.java:232)
	at junit.framework.TestSuite.run(TestSuite.java:227)
	at org.apache.tools.ant.taskdefs.optional.junit.JUnitTestRunner.run(JUnitTestRunner.java:420)
	at org.apache.tools.ant.taskdefs.optional.junit.JUnitTestRunner.launch(JUnitTestRunner.java:911)
	at org.apache.tools.ant.taskdefs.optional.junit.JUnitTestRunner.main(JUnitTestRunner.java:768)
CustomResultSet Records: 2
com.topcoder.util.config.UnknownNamespaceException: com.topcoder.util.log is unknown
	at com.topcoder.util.config.DefaultConfigManager.getPropertyObject(DefaultConfigManager.java:429)
	at com.topcoder.util.config.DefaultConfigManager.getString(DefaultConfigManager.java:449)
	at com.topcoder.util.log.LogFactory.getAttribute(LogFactory.java:224)
	at com.topcoder.util.log.basic.BasicLog.log(BasicLog.java:74)
	at com.topcoder.management.deliverable.PersistenceDeliverableManager.searchDeliverablesHelper(PersistenceDeliverableManager.java:289)
	at com.topcoder.management.deliverable.PersistenceDeliverableManager.searchDeliverables(PersistenceDeliverableManager.java:246)
	at com.topcoder.management.deliverable.stresstests.StressTestPersistenceDeliverableManager.testSearchDeliverables(StressTestPersistenceDeliverableManager.java:170)
	at sun.reflect.NativeMethodAccessorImpl.invoke0(Native Method)
	at sun.reflect.NativeMethodAccessorImpl.invoke(NativeMethodAccessorImpl.java:57)
	at sun.reflect.DelegatingMethodAccessorImpl.invoke(DelegatingMethodAccessorImpl.java:43)
	at java.lang.reflect.Method.invoke(Method.java:616)
	at junit.framework.TestCase.runTest(TestCase.java:168)
	at junit.framework.TestCase.runBare(TestCase.java:134)
	at junit.framework.TestResult$1.protect(TestResult.java:110)
	at junit.framework.TestResult.runProtected(TestResult.java:128)
	at junit.framework.TestResult.run(TestResult.java:113)
	at junit.framework.TestCase.run(TestCase.java:124)
	at junit.framework.TestSuite.runTest(TestSuite.java:232)
	at junit.framework.TestSuite.run(TestSuite.java:227)
	at junit.framework.TestSuite.runTest(TestSuite.java:232)
	at junit.framework.TestSuite.run(TestSuite.java:227)
	at junit.framework.TestSuite.runTest(TestSuite.java:232)
	at junit.framework.TestSuite.run(TestSuite.java:227)
	at org.apache.tools.ant.taskdefs.optional.junit.JUnitTestRunner.run(JUnitTestRunner.java:420)
	at org.apache.tools.ant.taskdefs.optional.junit.JUnitTestRunner.launch(JUnitTestRunner.java:911)
	at org.apache.tools.ant.taskdefs.optional.junit.JUnitTestRunner.main(JUnitTestRunner.java:768)
Deliverable Id Array: 3, 2
com.topcoder.util.config.UnknownNamespaceException: com.topcoder.util.log is unknown
	at com.topcoder.util.config.DefaultConfigManager.getPropertyObject(DefaultConfigManager.java:429)
	at com.topcoder.util.config.DefaultConfigManager.getString(DefaultConfigManager.java:449)
	at com.topcoder.util.log.LogFactory.getAttribute(LogFactory.java:224)
	at com.topcoder.util.log.basic.BasicLog.log(BasicLog.java:74)
	at com.topcoder.management.deliverable.PersistenceDeliverableManager.searchDeliverablesHelper(PersistenceDeliverableManager.java:302)
	at com.topcoder.management.deliverable.PersistenceDeliverableManager.searchDeliverables(PersistenceDeliverableManager.java:246)
	at com.topcoder.management.deliverable.stresstests.StressTestPersistenceDeliverableManager.testSearchDeliverables(StressTestPersistenceDeliverableManager.java:170)
	at sun.reflect.NativeMethodAccessorImpl.invoke0(Native Method)
	at sun.reflect.NativeMethodAccessorImpl.invoke(NativeMethodAccessorImpl.java:57)
	at sun.reflect.DelegatingMethodAccessorImpl.invoke(DelegatingMethodAccessorImpl.java:43)
	at java.lang.reflect.Method.invoke(Method.java:616)
	at junit.framework.TestCase.runTest(TestCase.java:168)
	at junit.framework.TestCase.runBare(TestCase.java:134)
	at junit.framework.TestResult$1.protect(TestResult.java:110)
	at junit.framework.TestResult.runProtected(TestResult.java:128)
	at junit.framework.TestResult.run(TestResult.java:113)
	at junit.framework.TestCase.run(TestCase.java:124)
	at junit.framework.TestSuite.runTest(TestSuite.java:232)
	at junit.framework.TestSuite.run(TestSuite.java:227)
	at junit.framework.TestSuite.runTest(TestSuite.java:232)
	at junit.framework.TestSuite.run(TestSuite.java:227)
	at junit.framework.TestSuite.runTest(TestSuite.java:232)
	at junit.framework.TestSuite.run(TestSuite.java:227)
	at org.apache.tools.ant.taskdefs.optional.junit.JUnitTestRunner.run(JUnitTestRunner.java:420)
	at org.apache.tools.ant.taskdefs.optional.junit.JUnitTestRunner.launch(JUnitTestRunner.java:911)
	at org.apache.tools.ant.taskdefs.optional.junit.JUnitTestRunner.main(JUnitTestRunner.java:768)
Loading Deliverable Array
com.topcoder.util.config.UnknownNamespaceException: com.topcoder.util.log is unknown
	at com.topcoder.util.config.DefaultConfigManager.getPropertyObject(DefaultConfigManager.java:429)
	at com.topcoder.util.config.DefaultConfigManager.getString(DefaultConfigManager.java:449)
	at com.topcoder.util.log.LogFactory.getAttribute(LogFactory.java:224)
	at com.topcoder.util.log.basic.BasicLog.log(BasicLog.java:74)
	at com.topcoder.management.deliverable.PersistenceDeliverableManager.searchDeliverablesHelper(PersistenceDeliverableManager.java:325)
	at com.topcoder.management.deliverable.PersistenceDeliverableManager.searchDeliverables(PersistenceDeliverableManager.java:246)
	at com.topcoder.management.deliverable.stresstests.StressTestPersistenceDeliverableManager.testSearchDeliverables(StressTestPersistenceDeliverableManager.java:170)
	at sun.reflect.NativeMethodAccessorImpl.invoke0(Native Method)
	at sun.reflect.NativeMethodAccessorImpl.invoke(NativeMethodAccessorImpl.java:57)
	at sun.reflect.DelegatingMethodAccessorImpl.invoke(DelegatingMethodAccessorImpl.java:43)
	at java.lang.reflect.Method.invoke(Method.java:616)
	at junit.framework.TestCase.runTest(TestCase.java:168)
	at junit.framework.TestCase.runBare(TestCase.java:134)
	at junit.framework.TestResult$1.protect(TestResult.java:110)
	at junit.framework.TestResult.runProtected(TestResult.java:128)
	at junit.framework.TestResult.run(TestResult.java:113)
	at junit.framework.TestCase.run(TestCase.java:124)
	at junit.framework.TestSuite.runTest(TestSuite.java:232)
	at junit.framework.TestSuite.run(TestSuite.java:227)
	at junit.framework.TestSuite.runTest(TestSuite.java:232)
	at junit.framework.TestSuite.run(TestSuite.java:227)
	at junit.framework.TestSuite.runTest(TestSuite.java:232)
	at junit.framework.TestSuite.run(TestSuite.java:227)
	at org.apache.tools.ant.taskdefs.optional.junit.JUnitTestRunner.run(JUnitTestRunner.java:420)
	at org.apache.tools.ant.taskdefs.optional.junit.JUnitTestRunner.launch(JUnitTestRunner.java:911)
	at org.apache.tools.ant.taskdefs.optional.junit.JUnitTestRunner.main(JUnitTestRunner.java:768)
Adding Deliverable To List
com.topcoder.util.config.UnknownNamespaceException: com.topcoder.util.log is unknown
	at com.topcoder.util.config.DefaultConfigManager.getPropertyObject(DefaultConfigManager.java:429)
	at com.topcoder.util.config.DefaultConfigManager.getString(DefaultConfigManager.java:449)
	at com.topcoder.util.log.LogFactory.getAttribute(LogFactory.java:224)
	at com.topcoder.util.log.basic.BasicLog.log(BasicLog.java:74)
	at com.topcoder.management.deliverable.PersistenceDeliverableManager.searchDeliverablesHelper(PersistenceDeliverableManager.java:302)
	at com.topcoder.management.deliverable.PersistenceDeliverableManager.searchDeliverables(PersistenceDeliverableManager.java:246)
	at com.topcoder.management.deliverable.stresstests.StressTestPersistenceDeliverableManager.testSearchDeliverables(StressTestPersistenceDeliverableManager.java:170)
	at sun.reflect.NativeMethodAccessorImpl.invoke0(Native Method)
	at sun.reflect.NativeMethodAccessorImpl.invoke(NativeMethodAccessorImpl.java:57)
	at sun.reflect.DelegatingMethodAccessorImpl.invoke(DelegatingMethodAccessorImpl.java:43)
	at java.lang.reflect.Method.invoke(Method.java:616)
	at junit.framework.TestCase.runTest(TestCase.java:168)
	at junit.framework.TestCase.runBare(TestCase.java:134)
	at junit.framework.TestResult$1.protect(TestResult.java:110)
	at junit.framework.TestResult.runProtected(TestResult.java:128)
	at junit.framework.TestResult.run(TestResult.java:113)
	at junit.framework.TestCase.run(TestCase.java:124)
	at junit.framework.TestSuite.runTest(TestSuite.java:232)
	at junit.framework.TestSuite.run(TestSuite.java:227)
	at junit.framework.TestSuite.runTest(TestSuite.java:232)
	at junit.framework.TestSuite.run(TestSuite.java:227)
	at junit.framework.TestSuite.runTest(TestSuite.java:232)
	at junit.framework.TestSuite.run(TestSuite.java:227)
	at org.apache.tools.ant.taskdefs.optional.junit.JUnitTestRunner.run(JUnitTestRunner.java:420)
	at org.apache.tools.ant.taskdefs.optional.junit.JUnitTestRunner.launch(JUnitTestRunner.java:911)
	at org.apache.tools.ant.taskdefs.optional.junit.JUnitTestRunner.main(JUnitTestRunner.java:768)
Loading Deliverable Array
com.topcoder.util.config.UnknownNamespaceException: com.topcoder.util.log is unknown
	at com.topcoder.util.config.DefaultConfigManager.getPropertyObject(DefaultConfigManager.java:429)
	at com.topcoder.util.config.DefaultConfigManager.getString(DefaultConfigManager.java:449)
	at com.topcoder.util.log.LogFactory.getAttribute(LogFactory.java:224)
	at com.topcoder.util.log.basic.BasicLog.log(BasicLog.java:74)
	at com.topcoder.management.deliverable.PersistenceDeliverableManager.searchDeliverablesHelper(PersistenceDeliverableManager.java:325)
	at com.topcoder.management.deliverable.PersistenceDeliverableManager.searchDeliverables(PersistenceDeliverableManager.java:246)
	at com.topcoder.management.deliverable.stresstests.StressTestPersistenceDeliverableManager.testSearchDeliverables(StressTestPersistenceDeliverableManager.java:170)
	at sun.reflect.NativeMethodAccessorImpl.invoke0(Native Method)
	at sun.reflect.NativeMethodAccessorImpl.invoke(NativeMethodAccessorImpl.java:57)
	at sun.reflect.DelegatingMethodAccessorImpl.invoke(DelegatingMethodAccessorImpl.java:43)
	at java.lang.reflect.Method.invoke(Method.java:616)
	at junit.framework.TestCase.runTest(TestCase.java:168)
	at junit.framework.TestCase.runBare(TestCase.java:134)
	at junit.framework.TestResult$1.protect(TestResult.java:110)
	at junit.framework.TestResult.runProtected(TestResult.java:128)
	at junit.framework.TestResult.run(TestResult.java:113)
	at junit.framework.TestCase.run(TestCase.java:124)
	at junit.framework.TestSuite.runTest(TestSuite.java:232)
	at junit.framework.TestSuite.run(TestSuite.java:227)
	at junit.framework.TestSuite.runTest(TestSuite.java:232)
	at junit.framework.TestSuite.run(TestSuite.java:227)
	at junit.framework.TestSuite.runTest(TestSuite.java:232)
	at junit.framework.TestSuite.run(TestSuite.java:227)
	at org.apache.tools.ant.taskdefs.optional.junit.JUnitTestRunner.run(JUnitTestRunner.java:420)
	at org.apache.tools.ant.taskdefs.optional.junit.JUnitTestRunner.launch(JUnitTestRunner.java:911)
	at org.apache.tools.ant.taskdefs.optional.junit.JUnitTestRunner.main(JUnitTestRunner.java:768)
Adding Deliverable To List
com.topcoder.util.config.UnknownNamespaceException: com.topcoder.util.log is unknown
	at com.topcoder.util.config.DefaultConfigManager.getPropertyObject(DefaultConfigManager.java:429)
	at com.topcoder.util.config.DefaultConfigManager.getString(DefaultConfigManager.java:449)
	at com.topcoder.util.log.LogFactory.getAttribute(LogFactory.java:224)
	at com.topcoder.util.log.basic.BasicLog.log(BasicLog.java:74)
	at com.topcoder.management.deliverable.PersistenceDeliverableManager.searchDeliverables(PersistenceDeliverableManager.java:245)
	at com.topcoder.management.deliverable.stresstests.StressTestPersistenceDeliverableManager.testSearchDeliverables(StressTestPersistenceDeliverableManager.java:170)
	at sun.reflect.NativeMethodAccessorImpl.invoke0(Native Method)
	at sun.reflect.NativeMethodAccessorImpl.invoke(NativeMethodAccessorImpl.java:57)
	at sun.reflect.DelegatingMethodAccessorImpl.invoke(DelegatingMethodAccessorImpl.java:43)
	at java.lang.reflect.Method.invoke(Method.java:616)
	at junit.framework.TestCase.runTest(TestCase.java:168)
	at junit.framework.TestCase.runBare(TestCase.java:134)
	at junit.framework.TestResult$1.protect(TestResult.java:110)
	at junit.framework.TestResult.runProtected(TestResult.java:128)
	at junit.framework.TestResult.run(TestResult.java:113)
	at junit.framework.TestCase.run(TestCase.java:124)
	at junit.framework.TestSuite.runTest(TestSuite.java:232)
	at junit.framework.TestSuite.run(TestSuite.java:227)
	at junit.framework.TestSuite.runTest(TestSuite.java:232)
	at junit.framework.TestSuite.run(TestSuite.java:227)
	at junit.framework.TestSuite.runTest(TestSuite.java:232)
	at junit.framework.TestSuite.run(TestSuite.java:227)
	at org.apache.tools.ant.taskdefs.optional.junit.JUnitTestRunner.run(JUnitTestRunner.java:420)
	at org.apache.tools.ant.taskdefs.optional.junit.JUnitTestRunner.launch(JUnitTestRunner.java:911)
	at org.apache.tools.ant.taskdefs.optional.junit.JUnitTestRunner.main(JUnitTestRunner.java:768)
Search deliverables filter.
com.topcoder.util.config.UnknownNamespaceException: com.topcoder.util.log is unknown
	at com.topcoder.util.config.DefaultConfigManager.getPropertyObject(DefaultConfigManager.java:429)
	at com.topcoder.util.config.DefaultConfigManager.getString(DefaultConfigManager.java:449)
	at com.topcoder.util.log.LogFactory.getAttribute(LogFactory.java:224)
	at com.topcoder.util.log.basic.BasicLog.log(BasicLog.java:74)
	at com.topcoder.management.deliverable.DeliverableHelper.checkAndGetCustomResultSetValidDeliverable(DeliverableHelper.java:156)
	at com.topcoder.management.deliverable.PersistenceDeliverableManager.searchDeliverablesHelper(PersistenceDeliverableManager.java:284)
	at com.topcoder.management.deliverable.PersistenceDeliverableManager.searchDeliverables(PersistenceDeliverableManager.java:246)
	at com.topcoder.management.deliverable.stresstests.StressTestPersistenceDeliverableManager.testSearchDeliverables(StressTestPersistenceDeliverableManager.java:170)
	at sun.reflect.NativeMethodAccessorImpl.invoke0(Native Method)
	at sun.reflect.NativeMethodAccessorImpl.invoke(NativeMethodAccessorImpl.java:57)
	at sun.reflect.DelegatingMethodAccessorImpl.invoke(DelegatingMethodAccessorImpl.java:43)
	at java.lang.reflect.Method.invoke(Method.java:616)
	at junit.framework.TestCase.runTest(TestCase.java:168)
	at junit.framework.TestCase.runBare(TestCase.java:134)
	at junit.framework.TestResult$1.protect(TestResult.java:110)
	at junit.framework.TestResult.runProtected(TestResult.java:128)
	at junit.framework.TestResult.run(TestResult.java:113)
	at junit.framework.TestCase.run(TestCase.java:124)
	at junit.framework.TestSuite.runTest(TestSuite.java:232)
	at junit.framework.TestSuite.run(TestSuite.java:227)
	at junit.framework.TestSuite.runTest(TestSuite.java:232)
	at junit.framework.TestSuite.run(TestSuite.java:227)
	at junit.framework.TestSuite.runTest(TestSuite.java:232)
	at junit.framework.TestSuite.run(TestSuite.java:227)
	at org.apache.tools.ant.taskdefs.optional.junit.JUnitTestRunner.run(JUnitTestRunner.java:420)
	at org.apache.tools.ant.taskdefs.optional.junit.JUnitTestRunner.launch(JUnitTestRunner.java:911)
	at org.apache.tools.ant.taskdefs.optional.junit.JUnitTestRunner.main(JUnitTestRunner.java:768)
CustomResultSet Records: 2
com.topcoder.util.config.UnknownNamespaceException: com.topcoder.util.log is unknown
	at com.topcoder.util.config.DefaultConfigManager.getPropertyObject(DefaultConfigManager.java:429)
	at com.topcoder.util.config.DefaultConfigManager.getString(DefaultConfigManager.java:449)
	at com.topcoder.util.log.LogFactory.getAttribute(LogFactory.java:224)
	at com.topcoder.util.log.basic.BasicLog.log(BasicLog.java:74)
	at com.topcoder.management.deliverable.PersistenceDeliverableManager.searchDeliverablesHelper(PersistenceDeliverableManager.java:289)
	at com.topcoder.management.deliverable.PersistenceDeliverableManager.searchDeliverables(PersistenceDeliverableManager.java:246)
	at com.topcoder.management.deliverable.stresstests.StressTestPersistenceDeliverableManager.testSearchDeliverables(StressTestPersistenceDeliverableManager.java:170)
	at sun.reflect.NativeMethodAccessorImpl.invoke0(Native Method)
	at sun.reflect.NativeMethodAccessorImpl.invoke(NativeMethodAccessorImpl.java:57)
	at sun.reflect.DelegatingMethodAccessorImpl.invoke(DelegatingMethodAccessorImpl.java:43)
	at java.lang.reflect.Method.invoke(Method.java:616)
	at junit.framework.TestCase.runTest(TestCase.java:168)
	at junit.framework.TestCase.runBare(TestCase.java:134)
	at junit.framework.TestResult$1.protect(TestResult.java:110)
	at junit.framework.TestResult.runProtected(TestResult.java:128)
	at junit.framework.TestResult.run(TestResult.java:113)
	at junit.framework.TestCase.run(TestCase.java:124)
	at junit.framework.TestSuite.runTest(TestSuite.java:232)
	at junit.framework.TestSuite.run(TestSuite.java:227)
	at junit.framework.TestSuite.runTest(TestSuite.java:232)
	at junit.framework.TestSuite.run(TestSuite.java:227)
	at junit.framework.TestSuite.runTest(TestSuite.java:232)
	at junit.framework.TestSuite.run(TestSuite.java:227)
	at org.apache.tools.ant.taskdefs.optional.junit.JUnitTestRunner.run(JUnitTestRunner.java:420)
	at org.apache.tools.ant.taskdefs.optional.junit.JUnitTestRunner.launch(JUnitTestRunner.java:911)
	at org.apache.tools.ant.taskdefs.optional.junit.JUnitTestRunner.main(JUnitTestRunner.java:768)
Deliverable Id Array: 3, 2
com.topcoder.util.config.UnknownNamespaceException: com.topcoder.util.log is unknown
	at com.topcoder.util.config.DefaultConfigManager.getPropertyObject(DefaultConfigManager.java:429)
	at com.topcoder.util.config.DefaultConfigManager.getString(DefaultConfigManager.java:449)
	at com.topcoder.util.log.LogFactory.getAttribute(LogFactory.java:224)
	at com.topcoder.util.log.basic.BasicLog.log(BasicLog.java:74)
	at com.topcoder.management.deliverable.PersistenceDeliverableManager.searchDeliverablesHelper(PersistenceDeliverableManager.java:302)
	at com.topcoder.management.deliverable.PersistenceDeliverableManager.searchDeliverables(PersistenceDeliverableManager.java:246)
	at com.topcoder.management.deliverable.stresstests.StressTestPersistenceDeliverableManager.testSearchDeliverables(StressTestPersistenceDeliverableManager.java:170)
	at sun.reflect.NativeMethodAccessorImpl.invoke0(Native Method)
	at sun.reflect.NativeMethodAccessorImpl.invoke(NativeMethodAccessorImpl.java:57)
	at sun.reflect.DelegatingMethodAccessorImpl.invoke(DelegatingMethodAccessorImpl.java:43)
	at java.lang.reflect.Method.invoke(Method.java:616)
	at junit.framework.TestCase.runTest(TestCase.java:168)
	at junit.framework.TestCase.runBare(TestCase.java:134)
	at junit.framework.TestResult$1.protect(TestResult.java:110)
	at junit.framework.TestResult.runProtected(TestResult.java:128)
	at junit.framework.TestResult.run(TestResult.java:113)
	at junit.framework.TestCase.run(TestCase.java:124)
	at junit.framework.TestSuite.runTest(TestSuite.java:232)
	at junit.framework.TestSuite.run(TestSuite.java:227)
	at junit.framework.TestSuite.runTest(TestSuite.java:232)
	at junit.framework.TestSuite.run(TestSuite.java:227)
	at junit.framework.TestSuite.runTest(TestSuite.java:232)
	at junit.framework.TestSuite.run(TestSuite.java:227)
	at org.apache.tools.ant.taskdefs.optional.junit.JUnitTestRunner.run(JUnitTestRunner.java:420)
	at org.apache.tools.ant.taskdefs.optional.junit.JUnitTestRunner.launch(JUnitTestRunner.java:911)
	at org.apache.tools.ant.taskdefs.optional.junit.JUnitTestRunner.main(JUnitTestRunner.java:768)
Loading Deliverable Array
com.topcoder.util.config.UnknownNamespaceException: com.topcoder.util.log is unknown
	at com.topcoder.util.config.DefaultConfigManager.getPropertyObject(DefaultConfigManager.java:429)
	at com.topcoder.util.config.DefaultConfigManager.getString(DefaultConfigManager.java:449)
	at com.topcoder.util.log.LogFactory.getAttribute(LogFactory.java:224)
	at com.topcoder.util.log.basic.BasicLog.log(BasicLog.java:74)
	at com.topcoder.management.deliverable.PersistenceDeliverableManager.searchDeliverablesHelper(PersistenceDeliverableManager.java:325)
	at com.topcoder.management.deliverable.PersistenceDeliverableManager.searchDeliverables(PersistenceDeliverableManager.java:246)
	at com.topcoder.management.deliverable.stresstests.StressTestPersistenceDeliverableManager.testSearchDeliverables(StressTestPersistenceDeliverableManager.java:170)
	at sun.reflect.NativeMethodAccessorImpl.invoke0(Native Method)
	at sun.reflect.NativeMethodAccessorImpl.invoke(NativeMethodAccessorImpl.java:57)
	at sun.reflect.DelegatingMethodAccessorImpl.invoke(DelegatingMethodAccessorImpl.java:43)
	at java.lang.reflect.Method.invoke(Method.java:616)
	at junit.framework.TestCase.runTest(TestCase.java:168)
	at junit.framework.TestCase.runBare(TestCase.java:134)
	at junit.framework.TestResult$1.protect(TestResult.java:110)
	at junit.framework.TestResult.runProtected(TestResult.java:128)
	at junit.framework.TestResult.run(TestResult.java:113)
	at junit.framework.TestCase.run(TestCase.java:124)
	at junit.framework.TestSuite.runTest(TestSuite.java:232)
	at junit.framework.TestSuite.run(TestSuite.java:227)
	at junit.framework.TestSuite.runTest(TestSuite.java:232)
	at junit.framework.TestSuite.run(TestSuite.java:227)
	at junit.framework.TestSuite.runTest(TestSuite.java:232)
	at junit.framework.TestSuite.run(TestSuite.java:227)
	at org.apache.tools.ant.taskdefs.optional.junit.JUnitTestRunner.run(JUnitTestRunner.java:420)
	at org.apache.tools.ant.taskdefs.optional.junit.JUnitTestRunner.launch(JUnitTestRunner.java:911)
	at org.apache.tools.ant.taskdefs.optional.junit.JUnitTestRunner.main(JUnitTestRunner.java:768)
Adding Deliverable To List
com.topcoder.util.config.UnknownNamespaceException: com.topcoder.util.log is unknown
	at com.topcoder.util.config.DefaultConfigManager.getPropertyObject(DefaultConfigManager.java:429)
	at com.topcoder.util.config.DefaultConfigManager.getString(DefaultConfigManager.java:449)
	at com.topcoder.util.log.LogFactory.getAttribute(LogFactory.java:224)
	at com.topcoder.util.log.basic.BasicLog.log(BasicLog.java:74)
	at com.topcoder.management.deliverable.PersistenceDeliverableManager.searchDeliverablesHelper(PersistenceDeliverableManager.java:302)
	at com.topcoder.management.deliverable.PersistenceDeliverableManager.searchDeliverables(PersistenceDeliverableManager.java:246)
	at com.topcoder.management.deliverable.stresstests.StressTestPersistenceDeliverableManager.testSearchDeliverables(StressTestPersistenceDeliverableManager.java:170)
	at sun.reflect.NativeMethodAccessorImpl.invoke0(Native Method)
	at sun.reflect.NativeMethodAccessorImpl.invoke(NativeMethodAccessorImpl.java:57)
	at sun.reflect.DelegatingMethodAccessorImpl.invoke(DelegatingMethodAccessorImpl.java:43)
	at java.lang.reflect.Method.invoke(Method.java:616)
	at junit.framework.TestCase.runTest(TestCase.java:168)
	at junit.framework.TestCase.runBare(TestCase.java:134)
	at junit.framework.TestResult$1.protect(TestResult.java:110)
	at junit.framework.TestResult.runProtected(TestResult.java:128)
	at junit.framework.TestResult.run(TestResult.java:113)
	at junit.framework.TestCase.run(TestCase.java:124)
	at junit.framework.TestSuite.runTest(TestSuite.java:232)
	at junit.framework.TestSuite.run(TestSuite.java:227)
	at junit.framework.TestSuite.runTest(TestSuite.java:232)
	at junit.framework.TestSuite.run(TestSuite.java:227)
	at junit.framework.TestSuite.runTest(TestSuite.java:232)
	at junit.framework.TestSuite.run(TestSuite.java:227)
	at org.apache.tools.ant.taskdefs.optional.junit.JUnitTestRunner.run(JUnitTestRunner.java:420)
	at org.apache.tools.ant.taskdefs.optional.junit.JUnitTestRunner.launch(JUnitTestRunner.java:911)
	at org.apache.tools.ant.taskdefs.optional.junit.JUnitTestRunner.main(JUnitTestRunner.java:768)
Loading Deliverable Array
com.topcoder.util.config.UnknownNamespaceException: com.topcoder.util.log is unknown
	at com.topcoder.util.config.DefaultConfigManager.getPropertyObject(DefaultConfigManager.java:429)
	at com.topcoder.util.config.DefaultConfigManager.getString(DefaultConfigManager.java:449)
	at com.topcoder.util.log.LogFactory.getAttribute(LogFactory.java:224)
	at com.topcoder.util.log.basic.BasicLog.log(BasicLog.java:74)
	at com.topcoder.management.deliverable.PersistenceDeliverableManager.searchDeliverablesHelper(PersistenceDeliverableManager.java:325)
	at com.topcoder.management.deliverable.PersistenceDeliverableManager.searchDeliverables(PersistenceDeliverableManager.java:246)
	at com.topcoder.management.deliverable.stresstests.StressTestPersistenceDeliverableManager.testSearchDeliverables(StressTestPersistenceDeliverableManager.java:170)
	at sun.reflect.NativeMethodAccessorImpl.invoke0(Native Method)
	at sun.reflect.NativeMethodAccessorImpl.invoke(NativeMethodAccessorImpl.java:57)
	at sun.reflect.DelegatingMethodAccessorImpl.invoke(DelegatingMethodAccessorImpl.java:43)
	at java.lang.reflect.Method.invoke(Method.java:616)
	at junit.framework.TestCase.runTest(TestCase.java:168)
	at junit.framework.TestCase.runBare(TestCase.java:134)
	at junit.framework.TestResult$1.protect(TestResult.java:110)
	at junit.framework.TestResult.runProtected(TestResult.java:128)
	at junit.framework.TestResult.run(TestResult.java:113)
	at junit.framework.TestCase.run(TestCase.java:124)
	at junit.framework.TestSuite.runTest(TestSuite.java:232)
	at junit.framework.TestSuite.run(TestSuite.java:227)
	at junit.framework.TestSuite.runTest(TestSuite.java:232)
	at junit.framework.TestSuite.run(TestSuite.java:227)
	at junit.framework.TestSuite.runTest(TestSuite.java:232)
	at junit.framework.TestSuite.run(TestSuite.java:227)
	at org.apache.tools.ant.taskdefs.optional.junit.JUnitTestRunner.run(JUnitTestRunner.java:420)
	at org.apache.tools.ant.taskdefs.optional.junit.JUnitTestRunner.launch(JUnitTestRunner.java:911)
	at org.apache.tools.ant.taskdefs.optional.junit.JUnitTestRunner.main(JUnitTestRunner.java:768)
Adding Deliverable To List
com.topcoder.util.config.UnknownNamespaceException: com.topcoder.util.log is unknown
	at com.topcoder.util.config.DefaultConfigManager.getPropertyObject(DefaultConfigManager.java:429)
	at com.topcoder.util.config.DefaultConfigManager.getString(DefaultConfigManager.java:449)
	at com.topcoder.util.log.LogFactory.getAttribute(LogFactory.java:224)
	at com.topcoder.util.log.basic.BasicLog.log(BasicLog.java:74)
	at com.topcoder.management.deliverable.PersistenceDeliverableManager.searchDeliverables(PersistenceDeliverableManager.java:245)
	at com.topcoder.management.deliverable.stresstests.StressTestPersistenceDeliverableManager.testSearchDeliverables(StressTestPersistenceDeliverableManager.java:170)
	at sun.reflect.NativeMethodAccessorImpl.invoke0(Native Method)
	at sun.reflect.NativeMethodAccessorImpl.invoke(NativeMethodAccessorImpl.java:57)
	at sun.reflect.DelegatingMethodAccessorImpl.invoke(DelegatingMethodAccessorImpl.java:43)
	at java.lang.reflect.Method.invoke(Method.java:616)
	at junit.framework.TestCase.runTest(TestCase.java:168)
	at junit.framework.TestCase.runBare(TestCase.java:134)
	at junit.framework.TestResult$1.protect(TestResult.java:110)
	at junit.framework.TestResult.runProtected(TestResult.java:128)
	at junit.framework.TestResult.run(TestResult.java:113)
	at junit.framework.TestCase.run(TestCase.java:124)
	at junit.framework.TestSuite.runTest(TestSuite.java:232)
	at junit.framework.TestSuite.run(TestSuite.java:227)
	at junit.framework.TestSuite.runTest(TestSuite.java:232)
	at junit.framework.TestSuite.run(TestSuite.java:227)
	at junit.framework.TestSuite.runTest(TestSuite.java:232)
	at junit.framework.TestSuite.run(TestSuite.java:227)
	at org.apache.tools.ant.taskdefs.optional.junit.JUnitTestRunner.run(JUnitTestRunner.java:420)
	at org.apache.tools.ant.taskdefs.optional.junit.JUnitTestRunner.launch(JUnitTestRunner.java:911)
	at org.apache.tools.ant.taskdefs.optional.junit.JUnitTestRunner.main(JUnitTestRunner.java:768)
Search deliverables filter.
com.topcoder.util.config.UnknownNamespaceException: com.topcoder.util.log is unknown
	at com.topcoder.util.config.DefaultConfigManager.getPropertyObject(DefaultConfigManager.java:429)
	at com.topcoder.util.config.DefaultConfigManager.getString(DefaultConfigManager.java:449)
	at com.topcoder.util.log.LogFactory.getAttribute(LogFactory.java:224)
	at com.topcoder.util.log.basic.BasicLog.log(BasicLog.java:74)
	at com.topcoder.management.deliverable.DeliverableHelper.checkAndGetCustomResultSetValidDeliverable(DeliverableHelper.java:156)
	at com.topcoder.management.deliverable.PersistenceDeliverableManager.searchDeliverablesHelper(PersistenceDeliverableManager.java:284)
	at com.topcoder.management.deliverable.PersistenceDeliverableManager.searchDeliverables(PersistenceDeliverableManager.java:246)
	at com.topcoder.management.deliverable.stresstests.StressTestPersistenceDeliverableManager.testSearchDeliverables(StressTestPersistenceDeliverableManager.java:170)
	at sun.reflect.NativeMethodAccessorImpl.invoke0(Native Method)
	at sun.reflect.NativeMethodAccessorImpl.invoke(NativeMethodAccessorImpl.java:57)
	at sun.reflect.DelegatingMethodAccessorImpl.invoke(DelegatingMethodAccessorImpl.java:43)
	at java.lang.reflect.Method.invoke(Method.java:616)
	at junit.framework.TestCase.runTest(TestCase.java:168)
	at junit.framework.TestCase.runBare(TestCase.java:134)
	at junit.framework.TestResult$1.protect(TestResult.java:110)
	at junit.framework.TestResult.runProtected(TestResult.java:128)
	at junit.framework.TestResult.run(TestResult.java:113)
	at junit.framework.TestCase.run(TestCase.java:124)
	at junit.framework.TestSuite.runTest(TestSuite.java:232)
	at junit.framework.TestSuite.run(TestSuite.java:227)
	at junit.framework.TestSuite.runTest(TestSuite.java:232)
	at junit.framework.TestSuite.run(TestSuite.java:227)
	at junit.framework.TestSuite.runTest(TestSuite.java:232)
	at junit.framework.TestSuite.run(TestSuite.java:227)
	at org.apache.tools.ant.taskdefs.optional.junit.JUnitTestRunner.run(JUnitTestRunner.java:420)
	at org.apache.tools.ant.taskdefs.optional.junit.JUnitTestRunner.launch(JUnitTestRunner.java:911)
	at org.apache.tools.ant.taskdefs.optional.junit.JUnitTestRunner.main(JUnitTestRunner.java:768)
CustomResultSet Records: 2
com.topcoder.util.config.UnknownNamespaceException: com.topcoder.util.log is unknown
	at com.topcoder.util.config.DefaultConfigManager.getPropertyObject(DefaultConfigManager.java:429)
	at com.topcoder.util.config.DefaultConfigManager.getString(DefaultConfigManager.java:449)
	at com.topcoder.util.log.LogFactory.getAttribute(LogFactory.java:224)
	at com.topcoder.util.log.basic.BasicLog.log(BasicLog.java:74)
	at com.topcoder.management.deliverable.PersistenceDeliverableManager.searchDeliverablesHelper(PersistenceDeliverableManager.java:289)
	at com.topcoder.management.deliverable.PersistenceDeliverableManager.searchDeliverables(PersistenceDeliverableManager.java:246)
	at com.topcoder.management.deliverable.stresstests.StressTestPersistenceDeliverableManager.testSearchDeliverables(StressTestPersistenceDeliverableManager.java:170)
	at sun.reflect.NativeMethodAccessorImpl.invoke0(Native Method)
	at sun.reflect.NativeMethodAccessorImpl.invoke(NativeMethodAccessorImpl.java:57)
	at sun.reflect.DelegatingMethodAccessorImpl.invoke(DelegatingMethodAccessorImpl.java:43)
	at java.lang.reflect.Method.invoke(Method.java:616)
	at junit.framework.TestCase.runTest(TestCase.java:168)
	at junit.framework.TestCase.runBare(TestCase.java:134)
	at junit.framework.TestResult$1.protect(TestResult.java:110)
	at junit.framework.TestResult.runProtected(TestResult.java:128)
	at junit.framework.TestResult.run(TestResult.java:113)
	at junit.framework.TestCase.run(TestCase.java:124)
	at junit.framework.TestSuite.runTest(TestSuite.java:232)
	at junit.framework.TestSuite.run(TestSuite.java:227)
	at junit.framework.TestSuite.runTest(TestSuite.java:232)
	at junit.framework.TestSuite.run(TestSuite.java:227)
	at junit.framework.TestSuite.runTest(TestSuite.java:232)
	at junit.framework.TestSuite.run(TestSuite.java:227)
	at org.apache.tools.ant.taskdefs.optional.junit.JUnitTestRunner.run(JUnitTestRunner.java:420)
	at org.apache.tools.ant.taskdefs.optional.junit.JUnitTestRunner.launch(JUnitTestRunner.java:911)
	at org.apache.tools.ant.taskdefs.optional.junit.JUnitTestRunner.main(JUnitTestRunner.java:768)
Deliverable Id Array: 3, 2
com.topcoder.util.config.UnknownNamespaceException: com.topcoder.util.log is unknown
	at com.topcoder.util.config.DefaultConfigManager.getPropertyObject(DefaultConfigManager.java:429)
	at com.topcoder.util.config.DefaultConfigManager.getString(DefaultConfigManager.java:449)
	at com.topcoder.util.log.LogFactory.getAttribute(LogFactory.java:224)
	at com.topcoder.util.log.basic.BasicLog.log(BasicLog.java:74)
	at com.topcoder.management.deliverable.PersistenceDeliverableManager.searchDeliverablesHelper(PersistenceDeliverableManager.java:302)
	at com.topcoder.management.deliverable.PersistenceDeliverableManager.searchDeliverables(PersistenceDeliverableManager.java:246)
	at com.topcoder.management.deliverable.stresstests.StressTestPersistenceDeliverableManager.testSearchDeliverables(StressTestPersistenceDeliverableManager.java:170)
	at sun.reflect.NativeMethodAccessorImpl.invoke0(Native Method)
	at sun.reflect.NativeMethodAccessorImpl.invoke(NativeMethodAccessorImpl.java:57)
	at sun.reflect.DelegatingMethodAccessorImpl.invoke(DelegatingMethodAccessorImpl.java:43)
	at java.lang.reflect.Method.invoke(Method.java:616)
	at junit.framework.TestCase.runTest(TestCase.java:168)
	at junit.framework.TestCase.runBare(TestCase.java:134)
	at junit.framework.TestResult$1.protect(TestResult.java:110)
	at junit.framework.TestResult.runProtected(TestResult.java:128)
	at junit.framework.TestResult.run(TestResult.java:113)
	at junit.framework.TestCase.run(TestCase.java:124)
	at junit.framework.TestSuite.runTest(TestSuite.java:232)
	at junit.framework.TestSuite.run(TestSuite.java:227)
	at junit.framework.TestSuite.runTest(TestSuite.java:232)
	at junit.framework.TestSuite.run(TestSuite.java:227)
	at junit.framework.TestSuite.runTest(TestSuite.java:232)
	at junit.framework.TestSuite.run(TestSuite.java:227)
	at org.apache.tools.ant.taskdefs.optional.junit.JUnitTestRunner.run(JUnitTestRunner.java:420)
	at org.apache.tools.ant.taskdefs.optional.junit.JUnitTestRunner.launch(JUnitTestRunner.java:911)
	at org.apache.tools.ant.taskdefs.optional.junit.JUnitTestRunner.main(JUnitTestRunner.java:768)
Loading Deliverable Array
com.topcoder.util.config.UnknownNamespaceException: com.topcoder.util.log is unknown
	at com.topcoder.util.config.DefaultConfigManager.getPropertyObject(DefaultConfigManager.java:429)
	at com.topcoder.util.config.DefaultConfigManager.getString(DefaultConfigManager.java:449)
	at com.topcoder.util.log.LogFactory.getAttribute(LogFactory.java:224)
	at com.topcoder.util.log.basic.BasicLog.log(BasicLog.java:74)
	at com.topcoder.management.deliverable.PersistenceDeliverableManager.searchDeliverablesHelper(PersistenceDeliverableManager.java:325)
	at com.topcoder.management.deliverable.PersistenceDeliverableManager.searchDeliverables(PersistenceDeliverableManager.java:246)
	at com.topcoder.management.deliverable.stresstests.StressTestPersistenceDeliverableManager.testSearchDeliverables(StressTestPersistenceDeliverableManager.java:170)
	at sun.reflect.NativeMethodAccessorImpl.invoke0(Native Method)
	at sun.reflect.NativeMethodAccessorImpl.invoke(NativeMethodAccessorImpl.java:57)
	at sun.reflect.DelegatingMethodAccessorImpl.invoke(DelegatingMethodAccessorImpl.java:43)
	at java.lang.reflect.Method.invoke(Method.java:616)
	at junit.framework.TestCase.runTest(TestCase.java:168)
	at junit.framework.TestCase.runBare(TestCase.java:134)
	at junit.framework.TestResult$1.protect(TestResult.java:110)
	at junit.framework.TestResult.runProtected(TestResult.java:128)
	at junit.framework.TestResult.run(TestResult.java:113)
	at junit.framework.TestCase.run(TestCase.java:124)
	at junit.framework.TestSuite.runTest(TestSuite.java:232)
	at junit.framework.TestSuite.run(TestSuite.java:227)
	at junit.framework.TestSuite.runTest(TestSuite.java:232)
	at junit.framework.TestSuite.run(TestSuite.java:227)
	at junit.framework.TestSuite.runTest(TestSuite.java:232)
	at junit.framework.TestSuite.run(TestSuite.java:227)
	at org.apache.tools.ant.taskdefs.optional.junit.JUnitTestRunner.run(JUnitTestRunner.java:420)
	at org.apache.tools.ant.taskdefs.optional.junit.JUnitTestRunner.launch(JUnitTestRunner.java:911)
	at org.apache.tools.ant.taskdefs.optional.junit.JUnitTestRunner.main(JUnitTestRunner.java:768)
Adding Deliverable To List
com.topcoder.util.config.UnknownNamespaceException: com.topcoder.util.log is unknown
	at com.topcoder.util.config.DefaultConfigManager.getPropertyObject(DefaultConfigManager.java:429)
	at com.topcoder.util.config.DefaultConfigManager.getString(DefaultConfigManager.java:449)
	at com.topcoder.util.log.LogFactory.getAttribute(LogFactory.java:224)
	at com.topcoder.util.log.basic.BasicLog.log(BasicLog.java:74)
	at com.topcoder.management.deliverable.PersistenceDeliverableManager.searchDeliverablesHelper(PersistenceDeliverableManager.java:302)
	at com.topcoder.management.deliverable.PersistenceDeliverableManager.searchDeliverables(PersistenceDeliverableManager.java:246)
	at com.topcoder.management.deliverable.stresstests.StressTestPersistenceDeliverableManager.testSearchDeliverables(StressTestPersistenceDeliverableManager.java:170)
	at sun.reflect.NativeMethodAccessorImpl.invoke0(Native Method)
	at sun.reflect.NativeMethodAccessorImpl.invoke(NativeMethodAccessorImpl.java:57)
	at sun.reflect.DelegatingMethodAccessorImpl.invoke(DelegatingMethodAccessorImpl.java:43)
	at java.lang.reflect.Method.invoke(Method.java:616)
	at junit.framework.TestCase.runTest(TestCase.java:168)
	at junit.framework.TestCase.runBare(TestCase.java:134)
	at junit.framework.TestResult$1.protect(TestResult.java:110)
	at junit.framework.TestResult.runProtected(TestResult.java:128)
	at junit.framework.TestResult.run(TestResult.java:113)
	at junit.framework.TestCase.run(TestCase.java:124)
	at junit.framework.TestSuite.runTest(TestSuite.java:232)
	at junit.framework.TestSuite.run(TestSuite.java:227)
	at junit.framework.TestSuite.runTest(TestSuite.java:232)
	at junit.framework.TestSuite.run(TestSuite.java:227)
	at junit.framework.TestSuite.runTest(TestSuite.java:232)
	at junit.framework.TestSuite.run(TestSuite.java:227)
	at org.apache.tools.ant.taskdefs.optional.junit.JUnitTestRunner.run(JUnitTestRunner.java:420)
	at org.apache.tools.ant.taskdefs.optional.junit.JUnitTestRunner.launch(JUnitTestRunner.java:911)
	at org.apache.tools.ant.taskdefs.optional.junit.JUnitTestRunner.main(JUnitTestRunner.java:768)
Loading Deliverable Array
com.topcoder.util.config.UnknownNamespaceException: com.topcoder.util.log is unknown
	at com.topcoder.util.config.DefaultConfigManager.getPropertyObject(DefaultConfigManager.java:429)
	at com.topcoder.util.config.DefaultConfigManager.getString(DefaultConfigManager.java:449)
	at com.topcoder.util.log.LogFactory.getAttribute(LogFactory.java:224)
	at com.topcoder.util.log.basic.BasicLog.log(BasicLog.java:74)
	at com.topcoder.management.deliverable.PersistenceDeliverableManager.searchDeliverablesHelper(PersistenceDeliverableManager.java:325)
	at com.topcoder.management.deliverable.PersistenceDeliverableManager.searchDeliverables(PersistenceDeliverableManager.java:246)
	at com.topcoder.management.deliverable.stresstests.StressTestPersistenceDeliverableManager.testSearchDeliverables(StressTestPersistenceDeliverableManager.java:170)
	at sun.reflect.NativeMethodAccessorImpl.invoke0(Native Method)
	at sun.reflect.NativeMethodAccessorImpl.invoke(NativeMethodAccessorImpl.java:57)
	at sun.reflect.DelegatingMethodAccessorImpl.invoke(DelegatingMethodAccessorImpl.java:43)
	at java.lang.reflect.Method.invoke(Method.java:616)
	at junit.framework.TestCase.runTest(TestCase.java:168)
	at junit.framework.TestCase.runBare(TestCase.java:134)
	at junit.framework.TestResult$1.protect(TestResult.java:110)
	at junit.framework.TestResult.runProtected(TestResult.java:128)
	at junit.framework.TestResult.run(TestResult.java:113)
	at junit.framework.TestCase.run(TestCase.java:124)
	at junit.framework.TestSuite.runTest(TestSuite.java:232)
	at junit.framework.TestSuite.run(TestSuite.java:227)
	at junit.framework.TestSuite.runTest(TestSuite.java:232)
	at junit.framework.TestSuite.run(TestSuite.java:227)
	at junit.framework.TestSuite.runTest(TestSuite.java:232)
	at junit.framework.TestSuite.run(TestSuite.java:227)
	at org.apache.tools.ant.taskdefs.optional.junit.JUnitTestRunner.run(JUnitTestRunner.java:420)
	at org.apache.tools.ant.taskdefs.optional.junit.JUnitTestRunner.launch(JUnitTestRunner.java:911)
	at org.apache.tools.ant.taskdefs.optional.junit.JUnitTestRunner.main(JUnitTestRunner.java:768)
Adding Deliverable To List
com.topcoder.util.config.UnknownNamespaceException: com.topcoder.util.log is unknown
	at com.topcoder.util.config.DefaultConfigManager.getPropertyObject(DefaultConfigManager.java:429)
	at com.topcoder.util.config.DefaultConfigManager.getString(DefaultConfigManager.java:449)
	at com.topcoder.util.log.LogFactory.getAttribute(LogFactory.java:224)
	at com.topcoder.util.log.basic.BasicLog.log(BasicLog.java:74)
	at com.topcoder.management.deliverable.PersistenceDeliverableManager.searchDeliverables(PersistenceDeliverableManager.java:245)
	at com.topcoder.management.deliverable.stresstests.StressTestPersistenceDeliverableManager.testSearchDeliverables(StressTestPersistenceDeliverableManager.java:170)
	at sun.reflect.NativeMethodAccessorImpl.invoke0(Native Method)
	at sun.reflect.NativeMethodAccessorImpl.invoke(NativeMethodAccessorImpl.java:57)
	at sun.reflect.DelegatingMethodAccessorImpl.invoke(DelegatingMethodAccessorImpl.java:43)
	at java.lang.reflect.Method.invoke(Method.java:616)
	at junit.framework.TestCase.runTest(TestCase.java:168)
	at junit.framework.TestCase.runBare(TestCase.java:134)
	at junit.framework.TestResult$1.protect(TestResult.java:110)
	at junit.framework.TestResult.runProtected(TestResult.java:128)
	at junit.framework.TestResult.run(TestResult.java:113)
	at junit.framework.TestCase.run(TestCase.java:124)
	at junit.framework.TestSuite.runTest(TestSuite.java:232)
	at junit.framework.TestSuite.run(TestSuite.java:227)
	at junit.framework.TestSuite.runTest(TestSuite.java:232)
	at junit.framework.TestSuite.run(TestSuite.java:227)
	at junit.framework.TestSuite.runTest(TestSuite.java:232)
	at junit.framework.TestSuite.run(TestSuite.java:227)
	at org.apache.tools.ant.taskdefs.optional.junit.JUnitTestRunner.run(JUnitTestRunner.java:420)
	at org.apache.tools.ant.taskdefs.optional.junit.JUnitTestRunner.launch(JUnitTestRunner.java:911)
	at org.apache.tools.ant.taskdefs.optional.junit.JUnitTestRunner.main(JUnitTestRunner.java:768)
Search deliverables filter.
com.topcoder.util.config.UnknownNamespaceException: com.topcoder.util.log is unknown
	at com.topcoder.util.config.DefaultConfigManager.getPropertyObject(DefaultConfigManager.java:429)
	at com.topcoder.util.config.DefaultConfigManager.getString(DefaultConfigManager.java:449)
	at com.topcoder.util.log.LogFactory.getAttribute(LogFactory.java:224)
	at com.topcoder.util.log.basic.BasicLog.log(BasicLog.java:74)
	at com.topcoder.management.deliverable.DeliverableHelper.checkAndGetCustomResultSetValidDeliverable(DeliverableHelper.java:156)
	at com.topcoder.management.deliverable.PersistenceDeliverableManager.searchDeliverablesHelper(PersistenceDeliverableManager.java:284)
	at com.topcoder.management.deliverable.PersistenceDeliverableManager.searchDeliverables(PersistenceDeliverableManager.java:246)
	at com.topcoder.management.deliverable.stresstests.StressTestPersistenceDeliverableManager.testSearchDeliverables(StressTestPersistenceDeliverableManager.java:170)
	at sun.reflect.NativeMethodAccessorImpl.invoke0(Native Method)
	at sun.reflect.NativeMethodAccessorImpl.invoke(NativeMethodAccessorImpl.java:57)
	at sun.reflect.DelegatingMethodAccessorImpl.invoke(DelegatingMethodAccessorImpl.java:43)
	at java.lang.reflect.Method.invoke(Method.java:616)
	at junit.framework.TestCase.runTest(TestCase.java:168)
	at junit.framework.TestCase.runBare(TestCase.java:134)
	at junit.framework.TestResult$1.protect(TestResult.java:110)
	at junit.framework.TestResult.runProtected(TestResult.java:128)
	at junit.framework.TestResult.run(TestResult.java:113)
	at junit.framework.TestCase.run(TestCase.java:124)
	at junit.framework.TestSuite.runTest(TestSuite.java:232)
	at junit.framework.TestSuite.run(TestSuite.java:227)
	at junit.framework.TestSuite.runTest(TestSuite.java:232)
	at junit.framework.TestSuite.run(TestSuite.java:227)
	at junit.framework.TestSuite.runTest(TestSuite.java:232)
	at junit.framework.TestSuite.run(TestSuite.java:227)
	at org.apache.tools.ant.taskdefs.optional.junit.JUnitTestRunner.run(JUnitTestRunner.java:420)
	at org.apache.tools.ant.taskdefs.optional.junit.JUnitTestRunner.launch(JUnitTestRunner.java:911)
	at org.apache.tools.ant.taskdefs.optional.junit.JUnitTestRunner.main(JUnitTestRunner.java:768)
CustomResultSet Records: 2
com.topcoder.util.config.UnknownNamespaceException: com.topcoder.util.log is unknown
	at com.topcoder.util.config.DefaultConfigManager.getPropertyObject(DefaultConfigManager.java:429)
	at com.topcoder.util.config.DefaultConfigManager.getString(DefaultConfigManager.java:449)
	at com.topcoder.util.log.LogFactory.getAttribute(LogFactory.java:224)
	at com.topcoder.util.log.basic.BasicLog.log(BasicLog.java:74)
	at com.topcoder.management.deliverable.PersistenceDeliverableManager.searchDeliverablesHelper(PersistenceDeliverableManager.java:289)
	at com.topcoder.management.deliverable.PersistenceDeliverableManager.searchDeliverables(PersistenceDeliverableManager.java:246)
	at com.topcoder.management.deliverable.stresstests.StressTestPersistenceDeliverableManager.testSearchDeliverables(StressTestPersistenceDeliverableManager.java:170)
	at sun.reflect.NativeMethodAccessorImpl.invoke0(Native Method)
	at sun.reflect.NativeMethodAccessorImpl.invoke(NativeMethodAccessorImpl.java:57)
	at sun.reflect.DelegatingMethodAccessorImpl.invoke(DelegatingMethodAccessorImpl.java:43)
	at java.lang.reflect.Method.invoke(Method.java:616)
	at junit.framework.TestCase.runTest(TestCase.java:168)
	at junit.framework.TestCase.runBare(TestCase.java:134)
	at junit.framework.TestResult$1.protect(TestResult.java:110)
	at junit.framework.TestResult.runProtected(TestResult.java:128)
	at junit.framework.TestResult.run(TestResult.java:113)
	at junit.framework.TestCase.run(TestCase.java:124)
	at junit.framework.TestSuite.runTest(TestSuite.java:232)
	at junit.framework.TestSuite.run(TestSuite.java:227)
	at junit.framework.TestSuite.runTest(TestSuite.java:232)
	at junit.framework.TestSuite.run(TestSuite.java:227)
	at junit.framework.TestSuite.runTest(TestSuite.java:232)
	at junit.framework.TestSuite.run(TestSuite.java:227)
	at org.apache.tools.ant.taskdefs.optional.junit.JUnitTestRunner.run(JUnitTestRunner.java:420)
	at org.apache.tools.ant.taskdefs.optional.junit.JUnitTestRunner.launch(JUnitTestRunner.java:911)
	at org.apache.tools.ant.taskdefs.optional.junit.JUnitTestRunner.main(JUnitTestRunner.java:768)
Deliverable Id Array: 3, 2
com.topcoder.util.config.UnknownNamespaceException: com.topcoder.util.log is unknown
	at com.topcoder.util.config.DefaultConfigManager.getPropertyObject(DefaultConfigManager.java:429)
	at com.topcoder.util.config.DefaultConfigManager.getString(DefaultConfigManager.java:449)
	at com.topcoder.util.log.LogFactory.getAttribute(LogFactory.java:224)
	at com.topcoder.util.log.basic.BasicLog.log(BasicLog.java:74)
	at com.topcoder.management.deliverable.PersistenceDeliverableManager.searchDeliverablesHelper(PersistenceDeliverableManager.java:302)
	at com.topcoder.management.deliverable.PersistenceDeliverableManager.searchDeliverables(PersistenceDeliverableManager.java:246)
	at com.topcoder.management.deliverable.stresstests.StressTestPersistenceDeliverableManager.testSearchDeliverables(StressTestPersistenceDeliverableManager.java:170)
	at sun.reflect.NativeMethodAccessorImpl.invoke0(Native Method)
	at sun.reflect.NativeMethodAccessorImpl.invoke(NativeMethodAccessorImpl.java:57)
	at sun.reflect.DelegatingMethodAccessorImpl.invoke(DelegatingMethodAccessorImpl.java:43)
	at java.lang.reflect.Method.invoke(Method.java:616)
	at junit.framework.TestCase.runTest(TestCase.java:168)
	at junit.framework.TestCase.runBare(TestCase.java:134)
	at junit.framework.TestResult$1.protect(TestResult.java:110)
	at junit.framework.TestResult.runProtected(TestResult.java:128)
	at junit.framework.TestResult.run(TestResult.java:113)
	at junit.framework.TestCase.run(TestCase.java:124)
	at junit.framework.TestSuite.runTest(TestSuite.java:232)
	at junit.framework.TestSuite.run(TestSuite.java:227)
	at junit.framework.TestSuite.runTest(TestSuite.java:232)
	at junit.framework.TestSuite.run(TestSuite.java:227)
	at junit.framework.TestSuite.runTest(TestSuite.java:232)
	at junit.framework.TestSuite.run(TestSuite.java:227)
	at org.apache.tools.ant.taskdefs.optional.junit.JUnitTestRunner.run(JUnitTestRunner.java:420)
	at org.apache.tools.ant.taskdefs.optional.junit.JUnitTestRunner.launch(JUnitTestRunner.java:911)
	at org.apache.tools.ant.taskdefs.optional.junit.JUnitTestRunner.main(JUnitTestRunner.java:768)
Loading Deliverable Array
com.topcoder.util.config.UnknownNamespaceException: com.topcoder.util.log is unknown
	at com.topcoder.util.config.DefaultConfigManager.getPropertyObject(DefaultConfigManager.java:429)
	at com.topcoder.util.config.DefaultConfigManager.getString(DefaultConfigManager.java:449)
	at com.topcoder.util.log.LogFactory.getAttribute(LogFactory.java:224)
	at com.topcoder.util.log.basic.BasicLog.log(BasicLog.java:74)
	at com.topcoder.management.deliverable.PersistenceDeliverableManager.searchDeliverablesHelper(PersistenceDeliverableManager.java:325)
	at com.topcoder.management.deliverable.PersistenceDeliverableManager.searchDeliverables(PersistenceDeliverableManager.java:246)
	at com.topcoder.management.deliverable.stresstests.StressTestPersistenceDeliverableManager.testSearchDeliverables(StressTestPersistenceDeliverableManager.java:170)
	at sun.reflect.NativeMethodAccessorImpl.invoke0(Native Method)
	at sun.reflect.NativeMethodAccessorImpl.invoke(NativeMethodAccessorImpl.java:57)
	at sun.reflect.DelegatingMethodAccessorImpl.invoke(DelegatingMethodAccessorImpl.java:43)
	at java.lang.reflect.Method.invoke(Method.java:616)
	at junit.framework.TestCase.runTest(TestCase.java:168)
	at junit.framework.TestCase.runBare(TestCase.java:134)
	at junit.framework.TestResult$1.protect(TestResult.java:110)
	at junit.framework.TestResult.runProtected(TestResult.java:128)
	at junit.framework.TestResult.run(TestResult.java:113)
	at junit.framework.TestCase.run(TestCase.java:124)
	at junit.framework.TestSuite.runTest(TestSuite.java:232)
	at junit.framework.TestSuite.run(TestSuite.java:227)
	at junit.framework.TestSuite.runTest(TestSuite.java:232)
	at junit.framework.TestSuite.run(TestSuite.java:227)
	at junit.framework.TestSuite.runTest(TestSuite.java:232)
	at junit.framework.TestSuite.run(TestSuite.java:227)
	at org.apache.tools.ant.taskdefs.optional.junit.JUnitTestRunner.run(JUnitTestRunner.java:420)
	at org.apache.tools.ant.taskdefs.optional.junit.JUnitTestRunner.launch(JUnitTestRunner.java:911)
	at org.apache.tools.ant.taskdefs.optional.junit.JUnitTestRunner.main(JUnitTestRunner.java:768)
Adding Deliverable To List
com.topcoder.util.config.UnknownNamespaceException: com.topcoder.util.log is unknown
	at com.topcoder.util.config.DefaultConfigManager.getPropertyObject(DefaultConfigManager.java:429)
	at com.topcoder.util.config.DefaultConfigManager.getString(DefaultConfigManager.java:449)
	at com.topcoder.util.log.LogFactory.getAttribute(LogFactory.java:224)
	at com.topcoder.util.log.basic.BasicLog.log(BasicLog.java:74)
	at com.topcoder.management.deliverable.PersistenceDeliverableManager.searchDeliverablesHelper(PersistenceDeliverableManager.java:302)
	at com.topcoder.management.deliverable.PersistenceDeliverableManager.searchDeliverables(PersistenceDeliverableManager.java:246)
	at com.topcoder.management.deliverable.stresstests.StressTestPersistenceDeliverableManager.testSearchDeliverables(StressTestPersistenceDeliverableManager.java:170)
	at sun.reflect.NativeMethodAccessorImpl.invoke0(Native Method)
	at sun.reflect.NativeMethodAccessorImpl.invoke(NativeMethodAccessorImpl.java:57)
	at sun.reflect.DelegatingMethodAccessorImpl.invoke(DelegatingMethodAccessorImpl.java:43)
	at java.lang.reflect.Method.invoke(Method.java:616)
	at junit.framework.TestCase.runTest(TestCase.java:168)
	at junit.framework.TestCase.runBare(TestCase.java:134)
	at junit.framework.TestResult$1.protect(TestResult.java:110)
	at junit.framework.TestResult.runProtected(TestResult.java:128)
	at junit.framework.TestResult.run(TestResult.java:113)
	at junit.framework.TestCase.run(TestCase.java:124)
	at junit.framework.TestSuite.runTest(TestSuite.java:232)
	at junit.framework.TestSuite.run(TestSuite.java:227)
	at junit.framework.TestSuite.runTest(TestSuite.java:232)
	at junit.framework.TestSuite.run(TestSuite.java:227)
	at junit.framework.TestSuite.runTest(TestSuite.java:232)
	at junit.framework.TestSuite.run(TestSuite.java:227)
	at org.apache.tools.ant.taskdefs.optional.junit.JUnitTestRunner.run(JUnitTestRunner.java:420)
	at org.apache.tools.ant.taskdefs.optional.junit.JUnitTestRunner.launch(JUnitTestRunner.java:911)
	at org.apache.tools.ant.taskdefs.optional.junit.JUnitTestRunner.main(JUnitTestRunner.java:768)
Loading Deliverable Array
com.topcoder.util.config.UnknownNamespaceException: com.topcoder.util.log is unknown
	at com.topcoder.util.config.DefaultConfigManager.getPropertyObject(DefaultConfigManager.java:429)
	at com.topcoder.util.config.DefaultConfigManager.getString(DefaultConfigManager.java:449)
	at com.topcoder.util.log.LogFactory.getAttribute(LogFactory.java:224)
	at com.topcoder.util.log.basic.BasicLog.log(BasicLog.java:74)
	at com.topcoder.management.deliverable.PersistenceDeliverableManager.searchDeliverablesHelper(PersistenceDeliverableManager.java:325)
	at com.topcoder.management.deliverable.PersistenceDeliverableManager.searchDeliverables(PersistenceDeliverableManager.java:246)
	at com.topcoder.management.deliverable.stresstests.StressTestPersistenceDeliverableManager.testSearchDeliverables(StressTestPersistenceDeliverableManager.java:170)
	at sun.reflect.NativeMethodAccessorImpl.invoke0(Native Method)
	at sun.reflect.NativeMethodAccessorImpl.invoke(NativeMethodAccessorImpl.java:57)
	at sun.reflect.DelegatingMethodAccessorImpl.invoke(DelegatingMethodAccessorImpl.java:43)
	at java.lang.reflect.Method.invoke(Method.java:616)
	at junit.framework.TestCase.runTest(TestCase.java:168)
	at junit.framework.TestCase.runBare(TestCase.java:134)
	at junit.framework.TestResult$1.protect(TestResult.java:110)
	at junit.framework.TestResult.runProtected(TestResult.java:128)
	at junit.framework.TestResult.run(TestResult.java:113)
	at junit.framework.TestCase.run(TestCase.java:124)
	at junit.framework.TestSuite.runTest(TestSuite.java:232)
	at junit.framework.TestSuite.run(TestSuite.java:227)
	at junit.framework.TestSuite.runTest(TestSuite.java:232)
	at junit.framework.TestSuite.run(TestSuite.java:227)
	at junit.framework.TestSuite.runTest(TestSuite.java:232)
	at junit.framework.TestSuite.run(TestSuite.java:227)
	at org.apache.tools.ant.taskdefs.optional.junit.JUnitTestRunner.run(JUnitTestRunner.java:420)
	at org.apache.tools.ant.taskdefs.optional.junit.JUnitTestRunner.launch(JUnitTestRunner.java:911)
	at org.apache.tools.ant.taskdefs.optional.junit.JUnitTestRunner.main(JUnitTestRunner.java:768)
Adding Deliverable To List
com.topcoder.util.config.UnknownNamespaceException: com.topcoder.util.log is unknown
	at com.topcoder.util.config.DefaultConfigManager.getPropertyObject(DefaultConfigManager.java:429)
	at com.topcoder.util.config.DefaultConfigManager.getString(DefaultConfigManager.java:449)
	at com.topcoder.util.log.LogFactory.getAttribute(LogFactory.java:224)
	at com.topcoder.util.log.basic.BasicLog.log(BasicLog.java:74)
	at com.topcoder.management.deliverable.PersistenceDeliverableManager.searchDeliverables(PersistenceDeliverableManager.java:245)
	at com.topcoder.management.deliverable.stresstests.StressTestPersistenceDeliverableManager.testSearchDeliverables(StressTestPersistenceDeliverableManager.java:170)
	at sun.reflect.NativeMethodAccessorImpl.invoke0(Native Method)
	at sun.reflect.NativeMethodAccessorImpl.invoke(NativeMethodAccessorImpl.java:57)
	at sun.reflect.DelegatingMethodAccessorImpl.invoke(DelegatingMethodAccessorImpl.java:43)
	at java.lang.reflect.Method.invoke(Method.java:616)
	at junit.framework.TestCase.runTest(TestCase.java:168)
	at junit.framework.TestCase.runBare(TestCase.java:134)
	at junit.framework.TestResult$1.protect(TestResult.java:110)
	at junit.framework.TestResult.runProtected(TestResult.java:128)
	at junit.framework.TestResult.run(TestResult.java:113)
	at junit.framework.TestCase.run(TestCase.java:124)
	at junit.framework.TestSuite.runTest(TestSuite.java:232)
	at junit.framework.TestSuite.run(TestSuite.java:227)
	at junit.framework.TestSuite.runTest(TestSuite.java:232)
	at junit.framework.TestSuite.run(TestSuite.java:227)
	at junit.framework.TestSuite.runTest(TestSuite.java:232)
	at junit.framework.TestSuite.run(TestSuite.java:227)
	at org.apache.tools.ant.taskdefs.optional.junit.JUnitTestRunner.run(JUnitTestRunner.java:420)
	at org.apache.tools.ant.taskdefs.optional.junit.JUnitTestRunner.launch(JUnitTestRunner.java:911)
	at org.apache.tools.ant.taskdefs.optional.junit.JUnitTestRunner.main(JUnitTestRunner.java:768)
Search deliverables filter.
com.topcoder.util.config.UnknownNamespaceException: com.topcoder.util.log is unknown
	at com.topcoder.util.config.DefaultConfigManager.getPropertyObject(DefaultConfigManager.java:429)
	at com.topcoder.util.config.DefaultConfigManager.getString(DefaultConfigManager.java:449)
	at com.topcoder.util.log.LogFactory.getAttribute(LogFactory.java:224)
	at com.topcoder.util.log.basic.BasicLog.log(BasicLog.java:74)
	at com.topcoder.management.deliverable.DeliverableHelper.checkAndGetCustomResultSetValidDeliverable(DeliverableHelper.java:156)
	at com.topcoder.management.deliverable.PersistenceDeliverableManager.searchDeliverablesHelper(PersistenceDeliverableManager.java:284)
	at com.topcoder.management.deliverable.PersistenceDeliverableManager.searchDeliverables(PersistenceDeliverableManager.java:246)
	at com.topcoder.management.deliverable.stresstests.StressTestPersistenceDeliverableManager.testSearchDeliverables(StressTestPersistenceDeliverableManager.java:170)
	at sun.reflect.NativeMethodAccessorImpl.invoke0(Native Method)
	at sun.reflect.NativeMethodAccessorImpl.invoke(NativeMethodAccessorImpl.java:57)
	at sun.reflect.DelegatingMethodAccessorImpl.invoke(DelegatingMethodAccessorImpl.java:43)
	at java.lang.reflect.Method.invoke(Method.java:616)
	at junit.framework.TestCase.runTest(TestCase.java:168)
	at junit.framework.TestCase.runBare(TestCase.java:134)
	at junit.framework.TestResult$1.protect(TestResult.java:110)
	at junit.framework.TestResult.runProtected(TestResult.java:128)
	at junit.framework.TestResult.run(TestResult.java:113)
	at junit.framework.TestCase.run(TestCase.java:124)
	at junit.framework.TestSuite.runTest(TestSuite.java:232)
	at junit.framework.TestSuite.run(TestSuite.java:227)
	at junit.framework.TestSuite.runTest(TestSuite.java:232)
	at junit.framework.TestSuite.run(TestSuite.java:227)
	at junit.framework.TestSuite.runTest(TestSuite.java:232)
	at junit.framework.TestSuite.run(TestSuite.java:227)
	at org.apache.tools.ant.taskdefs.optional.junit.JUnitTestRunner.run(JUnitTestRunner.java:420)
	at org.apache.tools.ant.taskdefs.optional.junit.JUnitTestRunner.launch(JUnitTestRunner.java:911)
	at org.apache.tools.ant.taskdefs.optional.junit.JUnitTestRunner.main(JUnitTestRunner.java:768)
CustomResultSet Records: 2
com.topcoder.util.config.UnknownNamespaceException: com.topcoder.util.log is unknown
	at com.topcoder.util.config.DefaultConfigManager.getPropertyObject(DefaultConfigManager.java:429)
	at com.topcoder.util.config.DefaultConfigManager.getString(DefaultConfigManager.java:449)
	at com.topcoder.util.log.LogFactory.getAttribute(LogFactory.java:224)
	at com.topcoder.util.log.basic.BasicLog.log(BasicLog.java:74)
	at com.topcoder.management.deliverable.PersistenceDeliverableManager.searchDeliverablesHelper(PersistenceDeliverableManager.java:289)
	at com.topcoder.management.deliverable.PersistenceDeliverableManager.searchDeliverables(PersistenceDeliverableManager.java:246)
	at com.topcoder.management.deliverable.stresstests.StressTestPersistenceDeliverableManager.testSearchDeliverables(StressTestPersistenceDeliverableManager.java:170)
	at sun.reflect.NativeMethodAccessorImpl.invoke0(Native Method)
	at sun.reflect.NativeMethodAccessorImpl.invoke(NativeMethodAccessorImpl.java:57)
	at sun.reflect.DelegatingMethodAccessorImpl.invoke(DelegatingMethodAccessorImpl.java:43)
	at java.lang.reflect.Method.invoke(Method.java:616)
	at junit.framework.TestCase.runTest(TestCase.java:168)
	at junit.framework.TestCase.runBare(TestCase.java:134)
	at junit.framework.TestResult$1.protect(TestResult.java:110)
	at junit.framework.TestResult.runProtected(TestResult.java:128)
	at junit.framework.TestResult.run(TestResult.java:113)
	at junit.framework.TestCase.run(TestCase.java:124)
	at junit.framework.TestSuite.runTest(TestSuite.java:232)
	at junit.framework.TestSuite.run(TestSuite.java:227)
	at junit.framework.TestSuite.runTest(TestSuite.java:232)
	at junit.framework.TestSuite.run(TestSuite.java:227)
	at junit.framework.TestSuite.runTest(TestSuite.java:232)
	at junit.framework.TestSuite.run(TestSuite.java:227)
	at org.apache.tools.ant.taskdefs.optional.junit.JUnitTestRunner.run(JUnitTestRunner.java:420)
	at org.apache.tools.ant.taskdefs.optional.junit.JUnitTestRunner.launch(JUnitTestRunner.java:911)
	at org.apache.tools.ant.taskdefs.optional.junit.JUnitTestRunner.main(JUnitTestRunner.java:768)
Deliverable Id Array: 3, 2
com.topcoder.util.config.UnknownNamespaceException: com.topcoder.util.log is unknown
	at com.topcoder.util.config.DefaultConfigManager.getPropertyObject(DefaultConfigManager.java:429)
	at com.topcoder.util.config.DefaultConfigManager.getString(DefaultConfigManager.java:449)
	at com.topcoder.util.log.LogFactory.getAttribute(LogFactory.java:224)
	at com.topcoder.util.log.basic.BasicLog.log(BasicLog.java:74)
	at com.topcoder.management.deliverable.PersistenceDeliverableManager.searchDeliverablesHelper(PersistenceDeliverableManager.java:302)
	at com.topcoder.management.deliverable.PersistenceDeliverableManager.searchDeliverables(PersistenceDeliverableManager.java:246)
	at com.topcoder.management.deliverable.stresstests.StressTestPersistenceDeliverableManager.testSearchDeliverables(StressTestPersistenceDeliverableManager.java:170)
	at sun.reflect.NativeMethodAccessorImpl.invoke0(Native Method)
	at sun.reflect.NativeMethodAccessorImpl.invoke(NativeMethodAccessorImpl.java:57)
	at sun.reflect.DelegatingMethodAccessorImpl.invoke(DelegatingMethodAccessorImpl.java:43)
	at java.lang.reflect.Method.invoke(Method.java:616)
	at junit.framework.TestCase.runTest(TestCase.java:168)
	at junit.framework.TestCase.runBare(TestCase.java:134)
	at junit.framework.TestResult$1.protect(TestResult.java:110)
	at junit.framework.TestResult.runProtected(TestResult.java:128)
	at junit.framework.TestResult.run(TestResult.java:113)
	at junit.framework.TestCase.run(TestCase.java:124)
	at junit.framework.TestSuite.runTest(TestSuite.java:232)
	at junit.framework.TestSuite.run(TestSuite.java:227)
	at junit.framework.TestSuite.runTest(TestSuite.java:232)
	at junit.framework.TestSuite.run(TestSuite.java:227)
	at junit.framework.TestSuite.runTest(TestSuite.java:232)
	at junit.framework.TestSuite.run(TestSuite.java:227)
	at org.apache.tools.ant.taskdefs.optional.junit.JUnitTestRunner.run(JUnitTestRunner.java:420)
	at org.apache.tools.ant.taskdefs.optional.junit.JUnitTestRunner.launch(JUnitTestRunner.java:911)
	at org.apache.tools.ant.taskdefs.optional.junit.JUnitTestRunner.main(JUnitTestRunner.java:768)
Loading Deliverable Array
com.topcoder.util.config.UnknownNamespaceException: com.topcoder.util.log is unknown
	at com.topcoder.util.config.DefaultConfigManager.getPropertyObject(DefaultConfigManager.java:429)
	at com.topcoder.util.config.DefaultConfigManager.getString(DefaultConfigManager.java:449)
	at com.topcoder.util.log.LogFactory.getAttribute(LogFactory.java:224)
	at com.topcoder.util.log.basic.BasicLog.log(BasicLog.java:74)
	at com.topcoder.management.deliverable.PersistenceDeliverableManager.searchDeliverablesHelper(PersistenceDeliverableManager.java:325)
	at com.topcoder.management.deliverable.PersistenceDeliverableManager.searchDeliverables(PersistenceDeliverableManager.java:246)
	at com.topcoder.management.deliverable.stresstests.StressTestPersistenceDeliverableManager.testSearchDeliverables(StressTestPersistenceDeliverableManager.java:170)
	at sun.reflect.NativeMethodAccessorImpl.invoke0(Native Method)
	at sun.reflect.NativeMethodAccessorImpl.invoke(NativeMethodAccessorImpl.java:57)
	at sun.reflect.DelegatingMethodAccessorImpl.invoke(DelegatingMethodAccessorImpl.java:43)
	at java.lang.reflect.Method.invoke(Method.java:616)
	at junit.framework.TestCase.runTest(TestCase.java:168)
	at junit.framework.TestCase.runBare(TestCase.java:134)
	at junit.framework.TestResult$1.protect(TestResult.java:110)
	at junit.framework.TestResult.runProtected(TestResult.java:128)
	at junit.framework.TestResult.run(TestResult.java:113)
	at junit.framework.TestCase.run(TestCase.java:124)
	at junit.framework.TestSuite.runTest(TestSuite.java:232)
	at junit.framework.TestSuite.run(TestSuite.java:227)
	at junit.framework.TestSuite.runTest(TestSuite.java:232)
	at junit.framework.TestSuite.run(TestSuite.java:227)
	at junit.framework.TestSuite.runTest(TestSuite.java:232)
	at junit.framework.TestSuite.run(TestSuite.java:227)
	at org.apache.tools.ant.taskdefs.optional.junit.JUnitTestRunner.run(JUnitTestRunner.java:420)
	at org.apache.tools.ant.taskdefs.optional.junit.JUnitTestRunner.launch(JUnitTestRunner.java:911)
	at org.apache.tools.ant.taskdefs.optional.junit.JUnitTestRunner.main(JUnitTestRunner.java:768)
Adding Deliverable To List
com.topcoder.util.config.UnknownNamespaceException: com.topcoder.util.log is unknown
	at com.topcoder.util.config.DefaultConfigManager.getPropertyObject(DefaultConfigManager.java:429)
	at com.topcoder.util.config.DefaultConfigManager.getString(DefaultConfigManager.java:449)
	at com.topcoder.util.log.LogFactory.getAttribute(LogFactory.java:224)
	at com.topcoder.util.log.basic.BasicLog.log(BasicLog.java:74)
	at com.topcoder.management.deliverable.PersistenceDeliverableManager.searchDeliverablesHelper(PersistenceDeliverableManager.java:302)
	at com.topcoder.management.deliverable.PersistenceDeliverableManager.searchDeliverables(PersistenceDeliverableManager.java:246)
	at com.topcoder.management.deliverable.stresstests.StressTestPersistenceDeliverableManager.testSearchDeliverables(StressTestPersistenceDeliverableManager.java:170)
	at sun.reflect.NativeMethodAccessorImpl.invoke0(Native Method)
	at sun.reflect.NativeMethodAccessorImpl.invoke(NativeMethodAccessorImpl.java:57)
	at sun.reflect.DelegatingMethodAccessorImpl.invoke(DelegatingMethodAccessorImpl.java:43)
	at java.lang.reflect.Method.invoke(Method.java:616)
	at junit.framework.TestCase.runTest(TestCase.java:168)
	at junit.framework.TestCase.runBare(TestCase.java:134)
	at junit.framework.TestResult$1.protect(TestResult.java:110)
	at junit.framework.TestResult.runProtected(TestResult.java:128)
	at junit.framework.TestResult.run(TestResult.java:113)
	at junit.framework.TestCase.run(TestCase.java:124)
	at junit.framework.TestSuite.runTest(TestSuite.java:232)
	at junit.framework.TestSuite.run(TestSuite.java:227)
	at junit.framework.TestSuite.runTest(TestSuite.java:232)
	at junit.framework.TestSuite.run(TestSuite.java:227)
	at junit.framework.TestSuite.runTest(TestSuite.java:232)
	at junit.framework.TestSuite.run(TestSuite.java:227)
	at org.apache.tools.ant.taskdefs.optional.junit.JUnitTestRunner.run(JUnitTestRunner.java:420)
	at org.apache.tools.ant.taskdefs.optional.junit.JUnitTestRunner.launch(JUnitTestRunner.java:911)
	at org.apache.tools.ant.taskdefs.optional.junit.JUnitTestRunner.main(JUnitTestRunner.java:768)
Loading Deliverable Array
com.topcoder.util.config.UnknownNamespaceException: com.topcoder.util.log is unknown
	at com.topcoder.util.config.DefaultConfigManager.getPropertyObject(DefaultConfigManager.java:429)
	at com.topcoder.util.config.DefaultConfigManager.getString(DefaultConfigManager.java:449)
	at com.topcoder.util.log.LogFactory.getAttribute(LogFactory.java:224)
	at com.topcoder.util.log.basic.BasicLog.log(BasicLog.java:74)
	at com.topcoder.management.deliverable.PersistenceDeliverableManager.searchDeliverablesHelper(PersistenceDeliverableManager.java:325)
	at com.topcoder.management.deliverable.PersistenceDeliverableManager.searchDeliverables(PersistenceDeliverableManager.java:246)
	at com.topcoder.management.deliverable.stresstests.StressTestPersistenceDeliverableManager.testSearchDeliverables(StressTestPersistenceDeliverableManager.java:170)
	at sun.reflect.NativeMethodAccessorImpl.invoke0(Native Method)
	at sun.reflect.NativeMethodAccessorImpl.invoke(NativeMethodAccessorImpl.java:57)
	at sun.reflect.DelegatingMethodAccessorImpl.invoke(DelegatingMethodAccessorImpl.java:43)
	at java.lang.reflect.Method.invoke(Method.java:616)
	at junit.framework.TestCase.runTest(TestCase.java:168)
	at junit.framework.TestCase.runBare(TestCase.java:134)
	at junit.framework.TestResult$1.protect(TestResult.java:110)
	at junit.framework.TestResult.runProtected(TestResult.java:128)
	at junit.framework.TestResult.run(TestResult.java:113)
	at junit.framework.TestCase.run(TestCase.java:124)
	at junit.framework.TestSuite.runTest(TestSuite.java:232)
	at junit.framework.TestSuite.run(TestSuite.java:227)
	at junit.framework.TestSuite.runTest(TestSuite.java:232)
	at junit.framework.TestSuite.run(TestSuite.java:227)
	at junit.framework.TestSuite.runTest(TestSuite.java:232)
	at junit.framework.TestSuite.run(TestSuite.java:227)
	at org.apache.tools.ant.taskdefs.optional.junit.JUnitTestRunner.run(JUnitTestRunner.java:420)
	at org.apache.tools.ant.taskdefs.optional.junit.JUnitTestRunner.launch(JUnitTestRunner.java:911)
	at org.apache.tools.ant.taskdefs.optional.junit.JUnitTestRunner.main(JUnitTestRunner.java:768)
Adding Deliverable To List
com.topcoder.util.config.UnknownNamespaceException: com.topcoder.util.log is unknown
	at com.topcoder.util.config.DefaultConfigManager.getPropertyObject(DefaultConfigManager.java:429)
	at com.topcoder.util.config.DefaultConfigManager.getString(DefaultConfigManager.java:449)
	at com.topcoder.util.log.LogFactory.getAttribute(LogFactory.java:224)
	at com.topcoder.util.log.basic.BasicLog.log(BasicLog.java:74)
	at com.topcoder.management.deliverable.PersistenceDeliverableManager.searchDeliverables(PersistenceDeliverableManager.java:245)
	at com.topcoder.management.deliverable.stresstests.StressTestPersistenceDeliverableManager.testSearchDeliverables(StressTestPersistenceDeliverableManager.java:170)
	at sun.reflect.NativeMethodAccessorImpl.invoke0(Native Method)
	at sun.reflect.NativeMethodAccessorImpl.invoke(NativeMethodAccessorImpl.java:57)
	at sun.reflect.DelegatingMethodAccessorImpl.invoke(DelegatingMethodAccessorImpl.java:43)
	at java.lang.reflect.Method.invoke(Method.java:616)
	at junit.framework.TestCase.runTest(TestCase.java:168)
	at junit.framework.TestCase.runBare(TestCase.java:134)
	at junit.framework.TestResult$1.protect(TestResult.java:110)
	at junit.framework.TestResult.runProtected(TestResult.java:128)
	at junit.framework.TestResult.run(TestResult.java:113)
	at junit.framework.TestCase.run(TestCase.java:124)
	at junit.framework.TestSuite.runTest(TestSuite.java:232)
	at junit.framework.TestSuite.run(TestSuite.java:227)
	at junit.framework.TestSuite.runTest(TestSuite.java:232)
	at junit.framework.TestSuite.run(TestSuite.java:227)
	at junit.framework.TestSuite.runTest(TestSuite.java:232)
	at junit.framework.TestSuite.run(TestSuite.java:227)
	at org.apache.tools.ant.taskdefs.optional.junit.JUnitTestRunner.run(JUnitTestRunner.java:420)
	at org.apache.tools.ant.taskdefs.optional.junit.JUnitTestRunner.launch(JUnitTestRunner.java:911)
	at org.apache.tools.ant.taskdefs.optional.junit.JUnitTestRunner.main(JUnitTestRunner.java:768)
Search deliverables filter.
com.topcoder.util.config.UnknownNamespaceException: com.topcoder.util.log is unknown
	at com.topcoder.util.config.DefaultConfigManager.getPropertyObject(DefaultConfigManager.java:429)
	at com.topcoder.util.config.DefaultConfigManager.getString(DefaultConfigManager.java:449)
	at com.topcoder.util.log.LogFactory.getAttribute(LogFactory.java:224)
	at com.topcoder.util.log.basic.BasicLog.log(BasicLog.java:74)
	at com.topcoder.management.deliverable.DeliverableHelper.checkAndGetCustomResultSetValidDeliverable(DeliverableHelper.java:156)
	at com.topcoder.management.deliverable.PersistenceDeliverableManager.searchDeliverablesHelper(PersistenceDeliverableManager.java:284)
	at com.topcoder.management.deliverable.PersistenceDeliverableManager.searchDeliverables(PersistenceDeliverableManager.java:246)
	at com.topcoder.management.deliverable.stresstests.StressTestPersistenceDeliverableManager.testSearchDeliverables(StressTestPersistenceDeliverableManager.java:170)
	at sun.reflect.NativeMethodAccessorImpl.invoke0(Native Method)
	at sun.reflect.NativeMethodAccessorImpl.invoke(NativeMethodAccessorImpl.java:57)
	at sun.reflect.DelegatingMethodAccessorImpl.invoke(DelegatingMethodAccessorImpl.java:43)
	at java.lang.reflect.Method.invoke(Method.java:616)
	at junit.framework.TestCase.runTest(TestCase.java:168)
	at junit.framework.TestCase.runBare(TestCase.java:134)
	at junit.framework.TestResult$1.protect(TestResult.java:110)
	at junit.framework.TestResult.runProtected(TestResult.java:128)
	at junit.framework.TestResult.run(TestResult.java:113)
	at junit.framework.TestCase.run(TestCase.java:124)
	at junit.framework.TestSuite.runTest(TestSuite.java:232)
	at junit.framework.TestSuite.run(TestSuite.java:227)
	at junit.framework.TestSuite.runTest(TestSuite.java:232)
	at junit.framework.TestSuite.run(TestSuite.java:227)
	at junit.framework.TestSuite.runTest(TestSuite.java:232)
	at junit.framework.TestSuite.run(TestSuite.java:227)
	at org.apache.tools.ant.taskdefs.optional.junit.JUnitTestRunner.run(JUnitTestRunner.java:420)
	at org.apache.tools.ant.taskdefs.optional.junit.JUnitTestRunner.launch(JUnitTestRunner.java:911)
	at org.apache.tools.ant.taskdefs.optional.junit.JUnitTestRunner.main(JUnitTestRunner.java:768)
CustomResultSet Records: 2
com.topcoder.util.config.UnknownNamespaceException: com.topcoder.util.log is unknown
	at com.topcoder.util.config.DefaultConfigManager.getPropertyObject(DefaultConfigManager.java:429)
	at com.topcoder.util.config.DefaultConfigManager.getString(DefaultConfigManager.java:449)
	at com.topcoder.util.log.LogFactory.getAttribute(LogFactory.java:224)
	at com.topcoder.util.log.basic.BasicLog.log(BasicLog.java:74)
	at com.topcoder.management.deliverable.PersistenceDeliverableManager.searchDeliverablesHelper(PersistenceDeliverableManager.java:289)
	at com.topcoder.management.deliverable.PersistenceDeliverableManager.searchDeliverables(PersistenceDeliverableManager.java:246)
	at com.topcoder.management.deliverable.stresstests.StressTestPersistenceDeliverableManager.testSearchDeliverables(StressTestPersistenceDeliverableManager.java:170)
	at sun.reflect.NativeMethodAccessorImpl.invoke0(Native Method)
	at sun.reflect.NativeMethodAccessorImpl.invoke(NativeMethodAccessorImpl.java:57)
	at sun.reflect.DelegatingMethodAccessorImpl.invoke(DelegatingMethodAccessorImpl.java:43)
	at java.lang.reflect.Method.invoke(Method.java:616)
	at junit.framework.TestCase.runTest(TestCase.java:168)
	at junit.framework.TestCase.runBare(TestCase.java:134)
	at junit.framework.TestResult$1.protect(TestResult.java:110)
	at junit.framework.TestResult.runProtected(TestResult.java:128)
	at junit.framework.TestResult.run(TestResult.java:113)
	at junit.framework.TestCase.run(TestCase.java:124)
	at junit.framework.TestSuite.runTest(TestSuite.java:232)
	at junit.framework.TestSuite.run(TestSuite.java:227)
	at junit.framework.TestSuite.runTest(TestSuite.java:232)
	at junit.framework.TestSuite.run(TestSuite.java:227)
	at junit.framework.TestSuite.runTest(TestSuite.java:232)
	at junit.framework.TestSuite.run(TestSuite.java:227)
	at org.apache.tools.ant.taskdefs.optional.junit.JUnitTestRunner.run(JUnitTestRunner.java:420)
	at org.apache.tools.ant.taskdefs.optional.junit.JUnitTestRunner.launch(JUnitTestRunner.java:911)
	at org.apache.tools.ant.taskdefs.optional.junit.JUnitTestRunner.main(JUnitTestRunner.java:768)
Deliverable Id Array: 3, 2
com.topcoder.util.config.UnknownNamespaceException: com.topcoder.util.log is unknown
	at com.topcoder.util.config.DefaultConfigManager.getPropertyObject(DefaultConfigManager.java:429)
	at com.topcoder.util.config.DefaultConfigManager.getString(DefaultConfigManager.java:449)
	at com.topcoder.util.log.LogFactory.getAttribute(LogFactory.java:224)
	at com.topcoder.util.log.basic.BasicLog.log(BasicLog.java:74)
	at com.topcoder.management.deliverable.PersistenceDeliverableManager.searchDeliverablesHelper(PersistenceDeliverableManager.java:302)
	at com.topcoder.management.deliverable.PersistenceDeliverableManager.searchDeliverables(PersistenceDeliverableManager.java:246)
	at com.topcoder.management.deliverable.stresstests.StressTestPersistenceDeliverableManager.testSearchDeliverables(StressTestPersistenceDeliverableManager.java:170)
	at sun.reflect.NativeMethodAccessorImpl.invoke0(Native Method)
	at sun.reflect.NativeMethodAccessorImpl.invoke(NativeMethodAccessorImpl.java:57)
	at sun.reflect.DelegatingMethodAccessorImpl.invoke(DelegatingMethodAccessorImpl.java:43)
	at java.lang.reflect.Method.invoke(Method.java:616)
	at junit.framework.TestCase.runTest(TestCase.java:168)
	at junit.framework.TestCase.runBare(TestCase.java:134)
	at junit.framework.TestResult$1.protect(TestResult.java:110)
	at junit.framework.TestResult.runProtected(TestResult.java:128)
	at junit.framework.TestResult.run(TestResult.java:113)
	at junit.framework.TestCase.run(TestCase.java:124)
	at junit.framework.TestSuite.runTest(TestSuite.java:232)
	at junit.framework.TestSuite.run(TestSuite.java:227)
	at junit.framework.TestSuite.runTest(TestSuite.java:232)
	at junit.framework.TestSuite.run(TestSuite.java:227)
	at junit.framework.TestSuite.runTest(TestSuite.java:232)
	at junit.framework.TestSuite.run(TestSuite.java:227)
	at org.apache.tools.ant.taskdefs.optional.junit.JUnitTestRunner.run(JUnitTestRunner.java:420)
	at org.apache.tools.ant.taskdefs.optional.junit.JUnitTestRunner.launch(JUnitTestRunner.java:911)
	at org.apache.tools.ant.taskdefs.optional.junit.JUnitTestRunner.main(JUnitTestRunner.java:768)
Loading Deliverable Array
com.topcoder.util.config.UnknownNamespaceException: com.topcoder.util.log is unknown
	at com.topcoder.util.config.DefaultConfigManager.getPropertyObject(DefaultConfigManager.java:429)
	at com.topcoder.util.config.DefaultConfigManager.getString(DefaultConfigManager.java:449)
	at com.topcoder.util.log.LogFactory.getAttribute(LogFactory.java:224)
	at com.topcoder.util.log.basic.BasicLog.log(BasicLog.java:74)
	at com.topcoder.management.deliverable.PersistenceDeliverableManager.searchDeliverablesHelper(PersistenceDeliverableManager.java:325)
	at com.topcoder.management.deliverable.PersistenceDeliverableManager.searchDeliverables(PersistenceDeliverableManager.java:246)
	at com.topcoder.management.deliverable.stresstests.StressTestPersistenceDeliverableManager.testSearchDeliverables(StressTestPersistenceDeliverableManager.java:170)
	at sun.reflect.NativeMethodAccessorImpl.invoke0(Native Method)
	at sun.reflect.NativeMethodAccessorImpl.invoke(NativeMethodAccessorImpl.java:57)
	at sun.reflect.DelegatingMethodAccessorImpl.invoke(DelegatingMethodAccessorImpl.java:43)
	at java.lang.reflect.Method.invoke(Method.java:616)
	at junit.framework.TestCase.runTest(TestCase.java:168)
	at junit.framework.TestCase.runBare(TestCase.java:134)
	at junit.framework.TestResult$1.protect(TestResult.java:110)
	at junit.framework.TestResult.runProtected(TestResult.java:128)
	at junit.framework.TestResult.run(TestResult.java:113)
	at junit.framework.TestCase.run(TestCase.java:124)
	at junit.framework.TestSuite.runTest(TestSuite.java:232)
	at junit.framework.TestSuite.run(TestSuite.java:227)
	at junit.framework.TestSuite.runTest(TestSuite.java:232)
	at junit.framework.TestSuite.run(TestSuite.java:227)
	at junit.framework.TestSuite.runTest(TestSuite.java:232)
	at junit.framework.TestSuite.run(TestSuite.java:227)
	at org.apache.tools.ant.taskdefs.optional.junit.JUnitTestRunner.run(JUnitTestRunner.java:420)
	at org.apache.tools.ant.taskdefs.optional.junit.JUnitTestRunner.launch(JUnitTestRunner.java:911)
	at org.apache.tools.ant.taskdefs.optional.junit.JUnitTestRunner.main(JUnitTestRunner.java:768)
Adding Deliverable To List
com.topcoder.util.config.UnknownNamespaceException: com.topcoder.util.log is unknown
	at com.topcoder.util.config.DefaultConfigManager.getPropertyObject(DefaultConfigManager.java:429)
	at com.topcoder.util.config.DefaultConfigManager.getString(DefaultConfigManager.java:449)
	at com.topcoder.util.log.LogFactory.getAttribute(LogFactory.java:224)
	at com.topcoder.util.log.basic.BasicLog.log(BasicLog.java:74)
	at com.topcoder.management.deliverable.PersistenceDeliverableManager.searchDeliverablesHelper(PersistenceDeliverableManager.java:302)
	at com.topcoder.management.deliverable.PersistenceDeliverableManager.searchDeliverables(PersistenceDeliverableManager.java:246)
	at com.topcoder.management.deliverable.stresstests.StressTestPersistenceDeliverableManager.testSearchDeliverables(StressTestPersistenceDeliverableManager.java:170)
	at sun.reflect.NativeMethodAccessorImpl.invoke0(Native Method)
	at sun.reflect.NativeMethodAccessorImpl.invoke(NativeMethodAccessorImpl.java:57)
	at sun.reflect.DelegatingMethodAccessorImpl.invoke(DelegatingMethodAccessorImpl.java:43)
	at java.lang.reflect.Method.invoke(Method.java:616)
	at junit.framework.TestCase.runTest(TestCase.java:168)
	at junit.framework.TestCase.runBare(TestCase.java:134)
	at junit.framework.TestResult$1.protect(TestResult.java:110)
	at junit.framework.TestResult.runProtected(TestResult.java:128)
	at junit.framework.TestResult.run(TestResult.java:113)
	at junit.framework.TestCase.run(TestCase.java:124)
	at junit.framework.TestSuite.runTest(TestSuite.java:232)
	at junit.framework.TestSuite.run(TestSuite.java:227)
	at junit.framework.TestSuite.runTest(TestSuite.java:232)
	at junit.framework.TestSuite.run(TestSuite.java:227)
	at junit.framework.TestSuite.runTest(TestSuite.java:232)
	at junit.framework.TestSuite.run(TestSuite.java:227)
	at org.apache.tools.ant.taskdefs.optional.junit.JUnitTestRunner.run(JUnitTestRunner.java:420)
	at org.apache.tools.ant.taskdefs.optional.junit.JUnitTestRunner.launch(JUnitTestRunner.java:911)
	at org.apache.tools.ant.taskdefs.optional.junit.JUnitTestRunner.main(JUnitTestRunner.java:768)
Loading Deliverable Array
com.topcoder.util.config.UnknownNamespaceException: com.topcoder.util.log is unknown
	at com.topcoder.util.config.DefaultConfigManager.getPropertyObject(DefaultConfigManager.java:429)
	at com.topcoder.util.config.DefaultConfigManager.getString(DefaultConfigManager.java:449)
	at com.topcoder.util.log.LogFactory.getAttribute(LogFactory.java:224)
	at com.topcoder.util.log.basic.BasicLog.log(BasicLog.java:74)
	at com.topcoder.management.deliverable.PersistenceDeliverableManager.searchDeliverablesHelper(PersistenceDeliverableManager.java:325)
	at com.topcoder.management.deliverable.PersistenceDeliverableManager.searchDeliverables(PersistenceDeliverableManager.java:246)
	at com.topcoder.management.deliverable.stresstests.StressTestPersistenceDeliverableManager.testSearchDeliverables(StressTestPersistenceDeliverableManager.java:170)
	at sun.reflect.NativeMethodAccessorImpl.invoke0(Native Method)
	at sun.reflect.NativeMethodAccessorImpl.invoke(NativeMethodAccessorImpl.java:57)
	at sun.reflect.DelegatingMethodAccessorImpl.invoke(DelegatingMethodAccessorImpl.java:43)
	at java.lang.reflect.Method.invoke(Method.java:616)
	at junit.framework.TestCase.runTest(TestCase.java:168)
	at junit.framework.TestCase.runBare(TestCase.java:134)
	at junit.framework.TestResult$1.protect(TestResult.java:110)
	at junit.framework.TestResult.runProtected(TestResult.java:128)
	at junit.framework.TestResult.run(TestResult.java:113)
	at junit.framework.TestCase.run(TestCase.java:124)
	at junit.framework.TestSuite.runTest(TestSuite.java:232)
	at junit.framework.TestSuite.run(TestSuite.java:227)
	at junit.framework.TestSuite.runTest(TestSuite.java:232)
	at junit.framework.TestSuite.run(TestSuite.java:227)
	at junit.framework.TestSuite.runTest(TestSuite.java:232)
	at junit.framework.TestSuite.run(TestSuite.java:227)
	at org.apache.tools.ant.taskdefs.optional.junit.JUnitTestRunner.run(JUnitTestRunner.java:420)
	at org.apache.tools.ant.taskdefs.optional.junit.JUnitTestRunner.launch(JUnitTestRunner.java:911)
	at org.apache.tools.ant.taskdefs.optional.junit.JUnitTestRunner.main(JUnitTestRunner.java:768)
Adding Deliverable To List
com.topcoder.util.config.UnknownNamespaceException: com.topcoder.util.log is unknown
	at com.topcoder.util.config.DefaultConfigManager.getPropertyObject(DefaultConfigManager.java:429)
	at com.topcoder.util.config.DefaultConfigManager.getString(DefaultConfigManager.java:449)
	at com.topcoder.util.log.LogFactory.getAttribute(LogFactory.java:224)
	at com.topcoder.util.log.basic.BasicLog.log(BasicLog.java:74)
	at com.topcoder.management.deliverable.PersistenceDeliverableManager.searchDeliverables(PersistenceDeliverableManager.java:245)
	at com.topcoder.management.deliverable.stresstests.StressTestPersistenceDeliverableManager.testSearchDeliverables(StressTestPersistenceDeliverableManager.java:170)
	at sun.reflect.NativeMethodAccessorImpl.invoke0(Native Method)
	at sun.reflect.NativeMethodAccessorImpl.invoke(NativeMethodAccessorImpl.java:57)
	at sun.reflect.DelegatingMethodAccessorImpl.invoke(DelegatingMethodAccessorImpl.java:43)
	at java.lang.reflect.Method.invoke(Method.java:616)
	at junit.framework.TestCase.runTest(TestCase.java:168)
	at junit.framework.TestCase.runBare(TestCase.java:134)
	at junit.framework.TestResult$1.protect(TestResult.java:110)
	at junit.framework.TestResult.runProtected(TestResult.java:128)
	at junit.framework.TestResult.run(TestResult.java:113)
	at junit.framework.TestCase.run(TestCase.java:124)
	at junit.framework.TestSuite.runTest(TestSuite.java:232)
	at junit.framework.TestSuite.run(TestSuite.java:227)
	at junit.framework.TestSuite.runTest(TestSuite.java:232)
	at junit.framework.TestSuite.run(TestSuite.java:227)
	at junit.framework.TestSuite.runTest(TestSuite.java:232)
	at junit.framework.TestSuite.run(TestSuite.java:227)
	at org.apache.tools.ant.taskdefs.optional.junit.JUnitTestRunner.run(JUnitTestRunner.java:420)
	at org.apache.tools.ant.taskdefs.optional.junit.JUnitTestRunner.launch(JUnitTestRunner.java:911)
	at org.apache.tools.ant.taskdefs.optional.junit.JUnitTestRunner.main(JUnitTestRunner.java:768)
Search deliverables filter.
com.topcoder.util.config.UnknownNamespaceException: com.topcoder.util.log is unknown
	at com.topcoder.util.config.DefaultConfigManager.getPropertyObject(DefaultConfigManager.java:429)
	at com.topcoder.util.config.DefaultConfigManager.getString(DefaultConfigManager.java:449)
	at com.topcoder.util.log.LogFactory.getAttribute(LogFactory.java:224)
	at com.topcoder.util.log.basic.BasicLog.log(BasicLog.java:74)
	at com.topcoder.management.deliverable.DeliverableHelper.checkAndGetCustomResultSetValidDeliverable(DeliverableHelper.java:156)
	at com.topcoder.management.deliverable.PersistenceDeliverableManager.searchDeliverablesHelper(PersistenceDeliverableManager.java:284)
	at com.topcoder.management.deliverable.PersistenceDeliverableManager.searchDeliverables(PersistenceDeliverableManager.java:246)
	at com.topcoder.management.deliverable.stresstests.StressTestPersistenceDeliverableManager.testSearchDeliverables(StressTestPersistenceDeliverableManager.java:170)
	at sun.reflect.NativeMethodAccessorImpl.invoke0(Native Method)
	at sun.reflect.NativeMethodAccessorImpl.invoke(NativeMethodAccessorImpl.java:57)
	at sun.reflect.DelegatingMethodAccessorImpl.invoke(DelegatingMethodAccessorImpl.java:43)
	at java.lang.reflect.Method.invoke(Method.java:616)
	at junit.framework.TestCase.runTest(TestCase.java:168)
	at junit.framework.TestCase.runBare(TestCase.java:134)
	at junit.framework.TestResult$1.protect(TestResult.java:110)
	at junit.framework.TestResult.runProtected(TestResult.java:128)
	at junit.framework.TestResult.run(TestResult.java:113)
	at junit.framework.TestCase.run(TestCase.java:124)
	at junit.framework.TestSuite.runTest(TestSuite.java:232)
	at junit.framework.TestSuite.run(TestSuite.java:227)
	at junit.framework.TestSuite.runTest(TestSuite.java:232)
	at junit.framework.TestSuite.run(TestSuite.java:227)
	at junit.framework.TestSuite.runTest(TestSuite.java:232)
	at junit.framework.TestSuite.run(TestSuite.java:227)
	at org.apache.tools.ant.taskdefs.optional.junit.JUnitTestRunner.run(JUnitTestRunner.java:420)
	at org.apache.tools.ant.taskdefs.optional.junit.JUnitTestRunner.launch(JUnitTestRunner.java:911)
	at org.apache.tools.ant.taskdefs.optional.junit.JUnitTestRunner.main(JUnitTestRunner.java:768)
CustomResultSet Records: 2
com.topcoder.util.config.UnknownNamespaceException: com.topcoder.util.log is unknown
	at com.topcoder.util.config.DefaultConfigManager.getPropertyObject(DefaultConfigManager.java:429)
	at com.topcoder.util.config.DefaultConfigManager.getString(DefaultConfigManager.java:449)
	at com.topcoder.util.log.LogFactory.getAttribute(LogFactory.java:224)
	at com.topcoder.util.log.basic.BasicLog.log(BasicLog.java:74)
	at com.topcoder.management.deliverable.PersistenceDeliverableManager.searchDeliverablesHelper(PersistenceDeliverableManager.java:289)
	at com.topcoder.management.deliverable.PersistenceDeliverableManager.searchDeliverables(PersistenceDeliverableManager.java:246)
	at com.topcoder.management.deliverable.stresstests.StressTestPersistenceDeliverableManager.testSearchDeliverables(StressTestPersistenceDeliverableManager.java:170)
	at sun.reflect.NativeMethodAccessorImpl.invoke0(Native Method)
	at sun.reflect.NativeMethodAccessorImpl.invoke(NativeMethodAccessorImpl.java:57)
	at sun.reflect.DelegatingMethodAccessorImpl.invoke(DelegatingMethodAccessorImpl.java:43)
	at java.lang.reflect.Method.invoke(Method.java:616)
	at junit.framework.TestCase.runTest(TestCase.java:168)
	at junit.framework.TestCase.runBare(TestCase.java:134)
	at junit.framework.TestResult$1.protect(TestResult.java:110)
	at junit.framework.TestResult.runProtected(TestResult.java:128)
	at junit.framework.TestResult.run(TestResult.java:113)
	at junit.framework.TestCase.run(TestCase.java:124)
	at junit.framework.TestSuite.runTest(TestSuite.java:232)
	at junit.framework.TestSuite.run(TestSuite.java:227)
	at junit.framework.TestSuite.runTest(TestSuite.java:232)
	at junit.framework.TestSuite.run(TestSuite.java:227)
	at junit.framework.TestSuite.runTest(TestSuite.java:232)
	at junit.framework.TestSuite.run(TestSuite.java:227)
	at org.apache.tools.ant.taskdefs.optional.junit.JUnitTestRunner.run(JUnitTestRunner.java:420)
	at org.apache.tools.ant.taskdefs.optional.junit.JUnitTestRunner.launch(JUnitTestRunner.java:911)
	at org.apache.tools.ant.taskdefs.optional.junit.JUnitTestRunner.main(JUnitTestRunner.java:768)
Deliverable Id Array: 3, 2
com.topcoder.util.config.UnknownNamespaceException: com.topcoder.util.log is unknown
	at com.topcoder.util.config.DefaultConfigManager.getPropertyObject(DefaultConfigManager.java:429)
	at com.topcoder.util.config.DefaultConfigManager.getString(DefaultConfigManager.java:449)
	at com.topcoder.util.log.LogFactory.getAttribute(LogFactory.java:224)
	at com.topcoder.util.log.basic.BasicLog.log(BasicLog.java:74)
	at com.topcoder.management.deliverable.PersistenceDeliverableManager.searchDeliverablesHelper(PersistenceDeliverableManager.java:302)
	at com.topcoder.management.deliverable.PersistenceDeliverableManager.searchDeliverables(PersistenceDeliverableManager.java:246)
	at com.topcoder.management.deliverable.stresstests.StressTestPersistenceDeliverableManager.testSearchDeliverables(StressTestPersistenceDeliverableManager.java:170)
	at sun.reflect.NativeMethodAccessorImpl.invoke0(Native Method)
	at sun.reflect.NativeMethodAccessorImpl.invoke(NativeMethodAccessorImpl.java:57)
	at sun.reflect.DelegatingMethodAccessorImpl.invoke(DelegatingMethodAccessorImpl.java:43)
	at java.lang.reflect.Method.invoke(Method.java:616)
	at junit.framework.TestCase.runTest(TestCase.java:168)
	at junit.framework.TestCase.runBare(TestCase.java:134)
	at junit.framework.TestResult$1.protect(TestResult.java:110)
	at junit.framework.TestResult.runProtected(TestResult.java:128)
	at junit.framework.TestResult.run(TestResult.java:113)
	at junit.framework.TestCase.run(TestCase.java:124)
	at junit.framework.TestSuite.runTest(TestSuite.java:232)
	at junit.framework.TestSuite.run(TestSuite.java:227)
	at junit.framework.TestSuite.runTest(TestSuite.java:232)
	at junit.framework.TestSuite.run(TestSuite.java:227)
	at junit.framework.TestSuite.runTest(TestSuite.java:232)
	at junit.framework.TestSuite.run(TestSuite.java:227)
	at org.apache.tools.ant.taskdefs.optional.junit.JUnitTestRunner.run(JUnitTestRunner.java:420)
	at org.apache.tools.ant.taskdefs.optional.junit.JUnitTestRunner.launch(JUnitTestRunner.java:911)
	at org.apache.tools.ant.taskdefs.optional.junit.JUnitTestRunner.main(JUnitTestRunner.java:768)
Loading Deliverable Array
com.topcoder.util.config.UnknownNamespaceException: com.topcoder.util.log is unknown
	at com.topcoder.util.config.DefaultConfigManager.getPropertyObject(DefaultConfigManager.java:429)
	at com.topcoder.util.config.DefaultConfigManager.getString(DefaultConfigManager.java:449)
	at com.topcoder.util.log.LogFactory.getAttribute(LogFactory.java:224)
	at com.topcoder.util.log.basic.BasicLog.log(BasicLog.java:74)
	at com.topcoder.management.deliverable.PersistenceDeliverableManager.searchDeliverablesHelper(PersistenceDeliverableManager.java:325)
	at com.topcoder.management.deliverable.PersistenceDeliverableManager.searchDeliverables(PersistenceDeliverableManager.java:246)
	at com.topcoder.management.deliverable.stresstests.StressTestPersistenceDeliverableManager.testSearchDeliverables(StressTestPersistenceDeliverableManager.java:170)
	at sun.reflect.NativeMethodAccessorImpl.invoke0(Native Method)
	at sun.reflect.NativeMethodAccessorImpl.invoke(NativeMethodAccessorImpl.java:57)
	at sun.reflect.DelegatingMethodAccessorImpl.invoke(DelegatingMethodAccessorImpl.java:43)
	at java.lang.reflect.Method.invoke(Method.java:616)
	at junit.framework.TestCase.runTest(TestCase.java:168)
	at junit.framework.TestCase.runBare(TestCase.java:134)
	at junit.framework.TestResult$1.protect(TestResult.java:110)
	at junit.framework.TestResult.runProtected(TestResult.java:128)
	at junit.framework.TestResult.run(TestResult.java:113)
	at junit.framework.TestCase.run(TestCase.java:124)
	at junit.framework.TestSuite.runTest(TestSuite.java:232)
	at junit.framework.TestSuite.run(TestSuite.java:227)
	at junit.framework.TestSuite.runTest(TestSuite.java:232)
	at junit.framework.TestSuite.run(TestSuite.java:227)
	at junit.framework.TestSuite.runTest(TestSuite.java:232)
	at junit.framework.TestSuite.run(TestSuite.java:227)
	at org.apache.tools.ant.taskdefs.optional.junit.JUnitTestRunner.run(JUnitTestRunner.java:420)
	at org.apache.tools.ant.taskdefs.optional.junit.JUnitTestRunner.launch(JUnitTestRunner.java:911)
	at org.apache.tools.ant.taskdefs.optional.junit.JUnitTestRunner.main(JUnitTestRunner.java:768)
Adding Deliverable To List
com.topcoder.util.config.UnknownNamespaceException: com.topcoder.util.log is unknown
	at com.topcoder.util.config.DefaultConfigManager.getPropertyObject(DefaultConfigManager.java:429)
	at com.topcoder.util.config.DefaultConfigManager.getString(DefaultConfigManager.java:449)
	at com.topcoder.util.log.LogFactory.getAttribute(LogFactory.java:224)
	at com.topcoder.util.log.basic.BasicLog.log(BasicLog.java:74)
	at com.topcoder.management.deliverable.PersistenceDeliverableManager.searchDeliverablesHelper(PersistenceDeliverableManager.java:302)
	at com.topcoder.management.deliverable.PersistenceDeliverableManager.searchDeliverables(PersistenceDeliverableManager.java:246)
	at com.topcoder.management.deliverable.stresstests.StressTestPersistenceDeliverableManager.testSearchDeliverables(StressTestPersistenceDeliverableManager.java:170)
	at sun.reflect.NativeMethodAccessorImpl.invoke0(Native Method)
	at sun.reflect.NativeMethodAccessorImpl.invoke(NativeMethodAccessorImpl.java:57)
	at sun.reflect.DelegatingMethodAccessorImpl.invoke(DelegatingMethodAccessorImpl.java:43)
	at java.lang.reflect.Method.invoke(Method.java:616)
	at junit.framework.TestCase.runTest(TestCase.java:168)
	at junit.framework.TestCase.runBare(TestCase.java:134)
	at junit.framework.TestResult$1.protect(TestResult.java:110)
	at junit.framework.TestResult.runProtected(TestResult.java:128)
	at junit.framework.TestResult.run(TestResult.java:113)
	at junit.framework.TestCase.run(TestCase.java:124)
	at junit.framework.TestSuite.runTest(TestSuite.java:232)
	at junit.framework.TestSuite.run(TestSuite.java:227)
	at junit.framework.TestSuite.runTest(TestSuite.java:232)
	at junit.framework.TestSuite.run(TestSuite.java:227)
	at junit.framework.TestSuite.runTest(TestSuite.java:232)
	at junit.framework.TestSuite.run(TestSuite.java:227)
	at org.apache.tools.ant.taskdefs.optional.junit.JUnitTestRunner.run(JUnitTestRunner.java:420)
	at org.apache.tools.ant.taskdefs.optional.junit.JUnitTestRunner.launch(JUnitTestRunner.java:911)
	at org.apache.tools.ant.taskdefs.optional.junit.JUnitTestRunner.main(JUnitTestRunner.java:768)
Loading Deliverable Array
com.topcoder.util.config.UnknownNamespaceException: com.topcoder.util.log is unknown
	at com.topcoder.util.config.DefaultConfigManager.getPropertyObject(DefaultConfigManager.java:429)
	at com.topcoder.util.config.DefaultConfigManager.getString(DefaultConfigManager.java:449)
	at com.topcoder.util.log.LogFactory.getAttribute(LogFactory.java:224)
	at com.topcoder.util.log.basic.BasicLog.log(BasicLog.java:74)
	at com.topcoder.management.deliverable.PersistenceDeliverableManager.searchDeliverablesHelper(PersistenceDeliverableManager.java:325)
	at com.topcoder.management.deliverable.PersistenceDeliverableManager.searchDeliverables(PersistenceDeliverableManager.java:246)
	at com.topcoder.management.deliverable.stresstests.StressTestPersistenceDeliverableManager.testSearchDeliverables(StressTestPersistenceDeliverableManager.java:170)
	at sun.reflect.NativeMethodAccessorImpl.invoke0(Native Method)
	at sun.reflect.NativeMethodAccessorImpl.invoke(NativeMethodAccessorImpl.java:57)
	at sun.reflect.DelegatingMethodAccessorImpl.invoke(DelegatingMethodAccessorImpl.java:43)
	at java.lang.reflect.Method.invoke(Method.java:616)
	at junit.framework.TestCase.runTest(TestCase.java:168)
	at junit.framework.TestCase.runBare(TestCase.java:134)
	at junit.framework.TestResult$1.protect(TestResult.java:110)
	at junit.framework.TestResult.runProtected(TestResult.java:128)
	at junit.framework.TestResult.run(TestResult.java:113)
	at junit.framework.TestCase.run(TestCase.java:124)
	at junit.framework.TestSuite.runTest(TestSuite.java:232)
	at junit.framework.TestSuite.run(TestSuite.java:227)
	at junit.framework.TestSuite.runTest(TestSuite.java:232)
	at junit.framework.TestSuite.run(TestSuite.java:227)
	at junit.framework.TestSuite.runTest(TestSuite.java:232)
	at junit.framework.TestSuite.run(TestSuite.java:227)
	at org.apache.tools.ant.taskdefs.optional.junit.JUnitTestRunner.run(JUnitTestRunner.java:420)
	at org.apache.tools.ant.taskdefs.optional.junit.JUnitTestRunner.launch(JUnitTestRunner.java:911)
	at org.apache.tools.ant.taskdefs.optional.junit.JUnitTestRunner.main(JUnitTestRunner.java:768)
Adding Deliverable To List
com.topcoder.util.config.UnknownNamespaceException: com.topcoder.util.log is unknown
	at com.topcoder.util.config.DefaultConfigManager.getPropertyObject(DefaultConfigManager.java:429)
	at com.topcoder.util.config.DefaultConfigManager.getString(DefaultConfigManager.java:449)
	at com.topcoder.util.log.LogFactory.getAttribute(LogFactory.java:224)
	at com.topcoder.util.log.basic.BasicLog.log(BasicLog.java:74)
	at com.topcoder.management.deliverable.PersistenceDeliverableManager.searchDeliverables(PersistenceDeliverableManager.java:245)
	at com.topcoder.management.deliverable.stresstests.StressTestPersistenceDeliverableManager.testSearchDeliverables(StressTestPersistenceDeliverableManager.java:170)
	at sun.reflect.NativeMethodAccessorImpl.invoke0(Native Method)
	at sun.reflect.NativeMethodAccessorImpl.invoke(NativeMethodAccessorImpl.java:57)
	at sun.reflect.DelegatingMethodAccessorImpl.invoke(DelegatingMethodAccessorImpl.java:43)
	at java.lang.reflect.Method.invoke(Method.java:616)
	at junit.framework.TestCase.runTest(TestCase.java:168)
	at junit.framework.TestCase.runBare(TestCase.java:134)
	at junit.framework.TestResult$1.protect(TestResult.java:110)
	at junit.framework.TestResult.runProtected(TestResult.java:128)
	at junit.framework.TestResult.run(TestResult.java:113)
	at junit.framework.TestCase.run(TestCase.java:124)
	at junit.framework.TestSuite.runTest(TestSuite.java:232)
	at junit.framework.TestSuite.run(TestSuite.java:227)
	at junit.framework.TestSuite.runTest(TestSuite.java:232)
	at junit.framework.TestSuite.run(TestSuite.java:227)
	at junit.framework.TestSuite.runTest(TestSuite.java:232)
	at junit.framework.TestSuite.run(TestSuite.java:227)
	at org.apache.tools.ant.taskdefs.optional.junit.JUnitTestRunner.run(JUnitTestRunner.java:420)
	at org.apache.tools.ant.taskdefs.optional.junit.JUnitTestRunner.launch(JUnitTestRunner.java:911)
	at org.apache.tools.ant.taskdefs.optional.junit.JUnitTestRunner.main(JUnitTestRunner.java:768)
Search deliverables filter.
com.topcoder.util.config.UnknownNamespaceException: com.topcoder.util.log is unknown
	at com.topcoder.util.config.DefaultConfigManager.getPropertyObject(DefaultConfigManager.java:429)
	at com.topcoder.util.config.DefaultConfigManager.getString(DefaultConfigManager.java:449)
	at com.topcoder.util.log.LogFactory.getAttribute(LogFactory.java:224)
	at com.topcoder.util.log.basic.BasicLog.log(BasicLog.java:74)
	at com.topcoder.management.deliverable.DeliverableHelper.checkAndGetCustomResultSetValidDeliverable(DeliverableHelper.java:156)
	at com.topcoder.management.deliverable.PersistenceDeliverableManager.searchDeliverablesHelper(PersistenceDeliverableManager.java:284)
	at com.topcoder.management.deliverable.PersistenceDeliverableManager.searchDeliverables(PersistenceDeliverableManager.java:246)
	at com.topcoder.management.deliverable.stresstests.StressTestPersistenceDeliverableManager.testSearchDeliverables(StressTestPersistenceDeliverableManager.java:170)
	at sun.reflect.NativeMethodAccessorImpl.invoke0(Native Method)
	at sun.reflect.NativeMethodAccessorImpl.invoke(NativeMethodAccessorImpl.java:57)
	at sun.reflect.DelegatingMethodAccessorImpl.invoke(DelegatingMethodAccessorImpl.java:43)
	at java.lang.reflect.Method.invoke(Method.java:616)
	at junit.framework.TestCase.runTest(TestCase.java:168)
	at junit.framework.TestCase.runBare(TestCase.java:134)
	at junit.framework.TestResult$1.protect(TestResult.java:110)
	at junit.framework.TestResult.runProtected(TestResult.java:128)
	at junit.framework.TestResult.run(TestResult.java:113)
	at junit.framework.TestCase.run(TestCase.java:124)
	at junit.framework.TestSuite.runTest(TestSuite.java:232)
	at junit.framework.TestSuite.run(TestSuite.java:227)
	at junit.framework.TestSuite.runTest(TestSuite.java:232)
	at junit.framework.TestSuite.run(TestSuite.java:227)
	at junit.framework.TestSuite.runTest(TestSuite.java:232)
	at junit.framework.TestSuite.run(TestSuite.java:227)
	at org.apache.tools.ant.taskdefs.optional.junit.JUnitTestRunner.run(JUnitTestRunner.java:420)
	at org.apache.tools.ant.taskdefs.optional.junit.JUnitTestRunner.launch(JUnitTestRunner.java:911)
	at org.apache.tools.ant.taskdefs.optional.junit.JUnitTestRunner.main(JUnitTestRunner.java:768)
CustomResultSet Records: 2
com.topcoder.util.config.UnknownNamespaceException: com.topcoder.util.log is unknown
	at com.topcoder.util.config.DefaultConfigManager.getPropertyObject(DefaultConfigManager.java:429)
	at com.topcoder.util.config.DefaultConfigManager.getString(DefaultConfigManager.java:449)
	at com.topcoder.util.log.LogFactory.getAttribute(LogFactory.java:224)
	at com.topcoder.util.log.basic.BasicLog.log(BasicLog.java:74)
	at com.topcoder.management.deliverable.PersistenceDeliverableManager.searchDeliverablesHelper(PersistenceDeliverableManager.java:289)
	at com.topcoder.management.deliverable.PersistenceDeliverableManager.searchDeliverables(PersistenceDeliverableManager.java:246)
	at com.topcoder.management.deliverable.stresstests.StressTestPersistenceDeliverableManager.testSearchDeliverables(StressTestPersistenceDeliverableManager.java:170)
	at sun.reflect.NativeMethodAccessorImpl.invoke0(Native Method)
	at sun.reflect.NativeMethodAccessorImpl.invoke(NativeMethodAccessorImpl.java:57)
	at sun.reflect.DelegatingMethodAccessorImpl.invoke(DelegatingMethodAccessorImpl.java:43)
	at java.lang.reflect.Method.invoke(Method.java:616)
	at junit.framework.TestCase.runTest(TestCase.java:168)
	at junit.framework.TestCase.runBare(TestCase.java:134)
	at junit.framework.TestResult$1.protect(TestResult.java:110)
	at junit.framework.TestResult.runProtected(TestResult.java:128)
	at junit.framework.TestResult.run(TestResult.java:113)
	at junit.framework.TestCase.run(TestCase.java:124)
	at junit.framework.TestSuite.runTest(TestSuite.java:232)
	at junit.framework.TestSuite.run(TestSuite.java:227)
	at junit.framework.TestSuite.runTest(TestSuite.java:232)
	at junit.framework.TestSuite.run(TestSuite.java:227)
	at junit.framework.TestSuite.runTest(TestSuite.java:232)
	at junit.framework.TestSuite.run(TestSuite.java:227)
	at org.apache.tools.ant.taskdefs.optional.junit.JUnitTestRunner.run(JUnitTestRunner.java:420)
	at org.apache.tools.ant.taskdefs.optional.junit.JUnitTestRunner.launch(JUnitTestRunner.java:911)
	at org.apache.tools.ant.taskdefs.optional.junit.JUnitTestRunner.main(JUnitTestRunner.java:768)
Deliverable Id Array: 3, 2
com.topcoder.util.config.UnknownNamespaceException: com.topcoder.util.log is unknown
	at com.topcoder.util.config.DefaultConfigManager.getPropertyObject(DefaultConfigManager.java:429)
	at com.topcoder.util.config.DefaultConfigManager.getString(DefaultConfigManager.java:449)
	at com.topcoder.util.log.LogFactory.getAttribute(LogFactory.java:224)
	at com.topcoder.util.log.basic.BasicLog.log(BasicLog.java:74)
	at com.topcoder.management.deliverable.PersistenceDeliverableManager.searchDeliverablesHelper(PersistenceDeliverableManager.java:302)
	at com.topcoder.management.deliverable.PersistenceDeliverableManager.searchDeliverables(PersistenceDeliverableManager.java:246)
	at com.topcoder.management.deliverable.stresstests.StressTestPersistenceDeliverableManager.testSearchDeliverables(StressTestPersistenceDeliverableManager.java:170)
	at sun.reflect.NativeMethodAccessorImpl.invoke0(Native Method)
	at sun.reflect.NativeMethodAccessorImpl.invoke(NativeMethodAccessorImpl.java:57)
	at sun.reflect.DelegatingMethodAccessorImpl.invoke(DelegatingMethodAccessorImpl.java:43)
	at java.lang.reflect.Method.invoke(Method.java:616)
	at junit.framework.TestCase.runTest(TestCase.java:168)
	at junit.framework.TestCase.runBare(TestCase.java:134)
	at junit.framework.TestResult$1.protect(TestResult.java:110)
	at junit.framework.TestResult.runProtected(TestResult.java:128)
	at junit.framework.TestResult.run(TestResult.java:113)
	at junit.framework.TestCase.run(TestCase.java:124)
	at junit.framework.TestSuite.runTest(TestSuite.java:232)
	at junit.framework.TestSuite.run(TestSuite.java:227)
	at junit.framework.TestSuite.runTest(TestSuite.java:232)
	at junit.framework.TestSuite.run(TestSuite.java:227)
	at junit.framework.TestSuite.runTest(TestSuite.java:232)
	at junit.framework.TestSuite.run(TestSuite.java:227)
	at org.apache.tools.ant.taskdefs.optional.junit.JUnitTestRunner.run(JUnitTestRunner.java:420)
	at org.apache.tools.ant.taskdefs.optional.junit.JUnitTestRunner.launch(JUnitTestRunner.java:911)
	at org.apache.tools.ant.taskdefs.optional.junit.JUnitTestRunner.main(JUnitTestRunner.java:768)
Loading Deliverable Array
com.topcoder.util.config.UnknownNamespaceException: com.topcoder.util.log is unknown
	at com.topcoder.util.config.DefaultConfigManager.getPropertyObject(DefaultConfigManager.java:429)
	at com.topcoder.util.config.DefaultConfigManager.getString(DefaultConfigManager.java:449)
	at com.topcoder.util.log.LogFactory.getAttribute(LogFactory.java:224)
	at com.topcoder.util.log.basic.BasicLog.log(BasicLog.java:74)
	at com.topcoder.management.deliverable.PersistenceDeliverableManager.searchDeliverablesHelper(PersistenceDeliverableManager.java:325)
	at com.topcoder.management.deliverable.PersistenceDeliverableManager.searchDeliverables(PersistenceDeliverableManager.java:246)
	at com.topcoder.management.deliverable.stresstests.StressTestPersistenceDeliverableManager.testSearchDeliverables(StressTestPersistenceDeliverableManager.java:170)
	at sun.reflect.NativeMethodAccessorImpl.invoke0(Native Method)
	at sun.reflect.NativeMethodAccessorImpl.invoke(NativeMethodAccessorImpl.java:57)
	at sun.reflect.DelegatingMethodAccessorImpl.invoke(DelegatingMethodAccessorImpl.java:43)
	at java.lang.reflect.Method.invoke(Method.java:616)
	at junit.framework.TestCase.runTest(TestCase.java:168)
	at junit.framework.TestCase.runBare(TestCase.java:134)
	at junit.framework.TestResult$1.protect(TestResult.java:110)
	at junit.framework.TestResult.runProtected(TestResult.java:128)
	at junit.framework.TestResult.run(TestResult.java:113)
	at junit.framework.TestCase.run(TestCase.java:124)
	at junit.framework.TestSuite.runTest(TestSuite.java:232)
	at junit.framework.TestSuite.run(TestSuite.java:227)
	at junit.framework.TestSuite.runTest(TestSuite.java:232)
	at junit.framework.TestSuite.run(TestSuite.java:227)
	at junit.framework.TestSuite.runTest(TestSuite.java:232)
	at junit.framework.TestSuite.run(TestSuite.java:227)
	at org.apache.tools.ant.taskdefs.optional.junit.JUnitTestRunner.run(JUnitTestRunner.java:420)
	at org.apache.tools.ant.taskdefs.optional.junit.JUnitTestRunner.launch(JUnitTestRunner.java:911)
	at org.apache.tools.ant.taskdefs.optional.junit.JUnitTestRunner.main(JUnitTestRunner.java:768)
Adding Deliverable To List
com.topcoder.util.config.UnknownNamespaceException: com.topcoder.util.log is unknown
	at com.topcoder.util.config.DefaultConfigManager.getPropertyObject(DefaultConfigManager.java:429)
	at com.topcoder.util.config.DefaultConfigManager.getString(DefaultConfigManager.java:449)
	at com.topcoder.util.log.LogFactory.getAttribute(LogFactory.java:224)
	at com.topcoder.util.log.basic.BasicLog.log(BasicLog.java:74)
	at com.topcoder.management.deliverable.PersistenceDeliverableManager.searchDeliverablesHelper(PersistenceDeliverableManager.java:302)
	at com.topcoder.management.deliverable.PersistenceDeliverableManager.searchDeliverables(PersistenceDeliverableManager.java:246)
	at com.topcoder.management.deliverable.stresstests.StressTestPersistenceDeliverableManager.testSearchDeliverables(StressTestPersistenceDeliverableManager.java:170)
	at sun.reflect.NativeMethodAccessorImpl.invoke0(Native Method)
	at sun.reflect.NativeMethodAccessorImpl.invoke(NativeMethodAccessorImpl.java:57)
	at sun.reflect.DelegatingMethodAccessorImpl.invoke(DelegatingMethodAccessorImpl.java:43)
	at java.lang.reflect.Method.invoke(Method.java:616)
	at junit.framework.TestCase.runTest(TestCase.java:168)
	at junit.framework.TestCase.runBare(TestCase.java:134)
	at junit.framework.TestResult$1.protect(TestResult.java:110)
	at junit.framework.TestResult.runProtected(TestResult.java:128)
	at junit.framework.TestResult.run(TestResult.java:113)
	at junit.framework.TestCase.run(TestCase.java:124)
	at junit.framework.TestSuite.runTest(TestSuite.java:232)
	at junit.framework.TestSuite.run(TestSuite.java:227)
	at junit.framework.TestSuite.runTest(TestSuite.java:232)
	at junit.framework.TestSuite.run(TestSuite.java:227)
	at junit.framework.TestSuite.runTest(TestSuite.java:232)
	at junit.framework.TestSuite.run(TestSuite.java:227)
	at org.apache.tools.ant.taskdefs.optional.junit.JUnitTestRunner.run(JUnitTestRunner.java:420)
	at org.apache.tools.ant.taskdefs.optional.junit.JUnitTestRunner.launch(JUnitTestRunner.java:911)
	at org.apache.tools.ant.taskdefs.optional.junit.JUnitTestRunner.main(JUnitTestRunner.java:768)
Loading Deliverable Array
com.topcoder.util.config.UnknownNamespaceException: com.topcoder.util.log is unknown
	at com.topcoder.util.config.DefaultConfigManager.getPropertyObject(DefaultConfigManager.java:429)
	at com.topcoder.util.config.DefaultConfigManager.getString(DefaultConfigManager.java:449)
	at com.topcoder.util.log.LogFactory.getAttribute(LogFactory.java:224)
	at com.topcoder.util.log.basic.BasicLog.log(BasicLog.java:74)
	at com.topcoder.management.deliverable.PersistenceDeliverableManager.searchDeliverablesHelper(PersistenceDeliverableManager.java:325)
	at com.topcoder.management.deliverable.PersistenceDeliverableManager.searchDeliverables(PersistenceDeliverableManager.java:246)
	at com.topcoder.management.deliverable.stresstests.StressTestPersistenceDeliverableManager.testSearchDeliverables(StressTestPersistenceDeliverableManager.java:170)
	at sun.reflect.NativeMethodAccessorImpl.invoke0(Native Method)
	at sun.reflect.NativeMethodAccessorImpl.invoke(NativeMethodAccessorImpl.java:57)
	at sun.reflect.DelegatingMethodAccessorImpl.invoke(DelegatingMethodAccessorImpl.java:43)
	at java.lang.reflect.Method.invoke(Method.java:616)
	at junit.framework.TestCase.runTest(TestCase.java:168)
	at junit.framework.TestCase.runBare(TestCase.java:134)
	at junit.framework.TestResult$1.protect(TestResult.java:110)
	at junit.framework.TestResult.runProtected(TestResult.java:128)
	at junit.framework.TestResult.run(TestResult.java:113)
	at junit.framework.TestCase.run(TestCase.java:124)
	at junit.framework.TestSuite.runTest(TestSuite.java:232)
	at junit.framework.TestSuite.run(TestSuite.java:227)
	at junit.framework.TestSuite.runTest(TestSuite.java:232)
	at junit.framework.TestSuite.run(TestSuite.java:227)
	at junit.framework.TestSuite.runTest(TestSuite.java:232)
	at junit.framework.TestSuite.run(TestSuite.java:227)
	at org.apache.tools.ant.taskdefs.optional.junit.JUnitTestRunner.run(JUnitTestRunner.java:420)
	at org.apache.tools.ant.taskdefs.optional.junit.JUnitTestRunner.launch(JUnitTestRunner.java:911)
	at org.apache.tools.ant.taskdefs.optional.junit.JUnitTestRunner.main(JUnitTestRunner.java:768)
Adding Deliverable To List
com.topcoder.util.config.UnknownNamespaceException: com.topcoder.util.log is unknown
	at com.topcoder.util.config.DefaultConfigManager.getPropertyObject(DefaultConfigManager.java:429)
	at com.topcoder.util.config.DefaultConfigManager.getString(DefaultConfigManager.java:449)
	at com.topcoder.util.log.LogFactory.getAttribute(LogFactory.java:224)
	at com.topcoder.util.log.basic.BasicLog.log(BasicLog.java:74)
	at com.topcoder.management.deliverable.PersistenceDeliverableManager.searchDeliverables(PersistenceDeliverableManager.java:245)
	at com.topcoder.management.deliverable.stresstests.StressTestPersistenceDeliverableManager.testSearchDeliverables(StressTestPersistenceDeliverableManager.java:170)
	at sun.reflect.NativeMethodAccessorImpl.invoke0(Native Method)
	at sun.reflect.NativeMethodAccessorImpl.invoke(NativeMethodAccessorImpl.java:57)
	at sun.reflect.DelegatingMethodAccessorImpl.invoke(DelegatingMethodAccessorImpl.java:43)
	at java.lang.reflect.Method.invoke(Method.java:616)
	at junit.framework.TestCase.runTest(TestCase.java:168)
	at junit.framework.TestCase.runBare(TestCase.java:134)
	at junit.framework.TestResult$1.protect(TestResult.java:110)
	at junit.framework.TestResult.runProtected(TestResult.java:128)
	at junit.framework.TestResult.run(TestResult.java:113)
	at junit.framework.TestCase.run(TestCase.java:124)
	at junit.framework.TestSuite.runTest(TestSuite.java:232)
	at junit.framework.TestSuite.run(TestSuite.java:227)
	at junit.framework.TestSuite.runTest(TestSuite.java:232)
	at junit.framework.TestSuite.run(TestSuite.java:227)
	at junit.framework.TestSuite.runTest(TestSuite.java:232)
	at junit.framework.TestSuite.run(TestSuite.java:227)
	at org.apache.tools.ant.taskdefs.optional.junit.JUnitTestRunner.run(JUnitTestRunner.java:420)
	at org.apache.tools.ant.taskdefs.optional.junit.JUnitTestRunner.launch(JUnitTestRunner.java:911)
	at org.apache.tools.ant.taskdefs.optional.junit.JUnitTestRunner.main(JUnitTestRunner.java:768)
Search deliverables filter.
com.topcoder.util.config.UnknownNamespaceException: com.topcoder.util.log is unknown
	at com.topcoder.util.config.DefaultConfigManager.getPropertyObject(DefaultConfigManager.java:429)
	at com.topcoder.util.config.DefaultConfigManager.getString(DefaultConfigManager.java:449)
	at com.topcoder.util.log.LogFactory.getAttribute(LogFactory.java:224)
	at com.topcoder.util.log.basic.BasicLog.log(BasicLog.java:74)
	at com.topcoder.management.deliverable.DeliverableHelper.checkAndGetCustomResultSetValidDeliverable(DeliverableHelper.java:156)
	at com.topcoder.management.deliverable.PersistenceDeliverableManager.searchDeliverablesHelper(PersistenceDeliverableManager.java:284)
	at com.topcoder.management.deliverable.PersistenceDeliverableManager.searchDeliverables(PersistenceDeliverableManager.java:246)
	at com.topcoder.management.deliverable.stresstests.StressTestPersistenceDeliverableManager.testSearchDeliverables(StressTestPersistenceDeliverableManager.java:170)
	at sun.reflect.NativeMethodAccessorImpl.invoke0(Native Method)
	at sun.reflect.NativeMethodAccessorImpl.invoke(NativeMethodAccessorImpl.java:57)
	at sun.reflect.DelegatingMethodAccessorImpl.invoke(DelegatingMethodAccessorImpl.java:43)
	at java.lang.reflect.Method.invoke(Method.java:616)
	at junit.framework.TestCase.runTest(TestCase.java:168)
	at junit.framework.TestCase.runBare(TestCase.java:134)
	at junit.framework.TestResult$1.protect(TestResult.java:110)
	at junit.framework.TestResult.runProtected(TestResult.java:128)
	at junit.framework.TestResult.run(TestResult.java:113)
	at junit.framework.TestCase.run(TestCase.java:124)
	at junit.framework.TestSuite.runTest(TestSuite.java:232)
	at junit.framework.TestSuite.run(TestSuite.java:227)
	at junit.framework.TestSuite.runTest(TestSuite.java:232)
	at junit.framework.TestSuite.run(TestSuite.java:227)
	at junit.framework.TestSuite.runTest(TestSuite.java:232)
	at junit.framework.TestSuite.run(TestSuite.java:227)
	at org.apache.tools.ant.taskdefs.optional.junit.JUnitTestRunner.run(JUnitTestRunner.java:420)
	at org.apache.tools.ant.taskdefs.optional.junit.JUnitTestRunner.launch(JUnitTestRunner.java:911)
	at org.apache.tools.ant.taskdefs.optional.junit.JUnitTestRunner.main(JUnitTestRunner.java:768)
CustomResultSet Records: 2
com.topcoder.util.config.UnknownNamespaceException: com.topcoder.util.log is unknown
	at com.topcoder.util.config.DefaultConfigManager.getPropertyObject(DefaultConfigManager.java:429)
	at com.topcoder.util.config.DefaultConfigManager.getString(DefaultConfigManager.java:449)
	at com.topcoder.util.log.LogFactory.getAttribute(LogFactory.java:224)
	at com.topcoder.util.log.basic.BasicLog.log(BasicLog.java:74)
	at com.topcoder.management.deliverable.PersistenceDeliverableManager.searchDeliverablesHelper(PersistenceDeliverableManager.java:289)
	at com.topcoder.management.deliverable.PersistenceDeliverableManager.searchDeliverables(PersistenceDeliverableManager.java:246)
	at com.topcoder.management.deliverable.stresstests.StressTestPersistenceDeliverableManager.testSearchDeliverables(StressTestPersistenceDeliverableManager.java:170)
	at sun.reflect.NativeMethodAccessorImpl.invoke0(Native Method)
	at sun.reflect.NativeMethodAccessorImpl.invoke(NativeMethodAccessorImpl.java:57)
	at sun.reflect.DelegatingMethodAccessorImpl.invoke(DelegatingMethodAccessorImpl.java:43)
	at java.lang.reflect.Method.invoke(Method.java:616)
	at junit.framework.TestCase.runTest(TestCase.java:168)
	at junit.framework.TestCase.runBare(TestCase.java:134)
	at junit.framework.TestResult$1.protect(TestResult.java:110)
	at junit.framework.TestResult.runProtected(TestResult.java:128)
	at junit.framework.TestResult.run(TestResult.java:113)
	at junit.framework.TestCase.run(TestCase.java:124)
	at junit.framework.TestSuite.runTest(TestSuite.java:232)
	at junit.framework.TestSuite.run(TestSuite.java:227)
	at junit.framework.TestSuite.runTest(TestSuite.java:232)
	at junit.framework.TestSuite.run(TestSuite.java:227)
	at junit.framework.TestSuite.runTest(TestSuite.java:232)
	at junit.framework.TestSuite.run(TestSuite.java:227)
	at org.apache.tools.ant.taskdefs.optional.junit.JUnitTestRunner.run(JUnitTestRunner.java:420)
	at org.apache.tools.ant.taskdefs.optional.junit.JUnitTestRunner.launch(JUnitTestRunner.java:911)
	at org.apache.tools.ant.taskdefs.optional.junit.JUnitTestRunner.main(JUnitTestRunner.java:768)
Deliverable Id Array: 3, 2
com.topcoder.util.config.UnknownNamespaceException: com.topcoder.util.log is unknown
	at com.topcoder.util.config.DefaultConfigManager.getPropertyObject(DefaultConfigManager.java:429)
	at com.topcoder.util.config.DefaultConfigManager.getString(DefaultConfigManager.java:449)
	at com.topcoder.util.log.LogFactory.getAttribute(LogFactory.java:224)
	at com.topcoder.util.log.basic.BasicLog.log(BasicLog.java:74)
	at com.topcoder.management.deliverable.PersistenceDeliverableManager.searchDeliverablesHelper(PersistenceDeliverableManager.java:302)
	at com.topcoder.management.deliverable.PersistenceDeliverableManager.searchDeliverables(PersistenceDeliverableManager.java:246)
	at com.topcoder.management.deliverable.stresstests.StressTestPersistenceDeliverableManager.testSearchDeliverables(StressTestPersistenceDeliverableManager.java:170)
	at sun.reflect.NativeMethodAccessorImpl.invoke0(Native Method)
	at sun.reflect.NativeMethodAccessorImpl.invoke(NativeMethodAccessorImpl.java:57)
	at sun.reflect.DelegatingMethodAccessorImpl.invoke(DelegatingMethodAccessorImpl.java:43)
	at java.lang.reflect.Method.invoke(Method.java:616)
	at junit.framework.TestCase.runTest(TestCase.java:168)
	at junit.framework.TestCase.runBare(TestCase.java:134)
	at junit.framework.TestResult$1.protect(TestResult.java:110)
	at junit.framework.TestResult.runProtected(TestResult.java:128)
	at junit.framework.TestResult.run(TestResult.java:113)
	at junit.framework.TestCase.run(TestCase.java:124)
	at junit.framework.TestSuite.runTest(TestSuite.java:232)
	at junit.framework.TestSuite.run(TestSuite.java:227)
	at junit.framework.TestSuite.runTest(TestSuite.java:232)
	at junit.framework.TestSuite.run(TestSuite.java:227)
	at junit.framework.TestSuite.runTest(TestSuite.java:232)
	at junit.framework.TestSuite.run(TestSuite.java:227)
	at org.apache.tools.ant.taskdefs.optional.junit.JUnitTestRunner.run(JUnitTestRunner.java:420)
	at org.apache.tools.ant.taskdefs.optional.junit.JUnitTestRunner.launch(JUnitTestRunner.java:911)
	at org.apache.tools.ant.taskdefs.optional.junit.JUnitTestRunner.main(JUnitTestRunner.java:768)
Loading Deliverable Array
com.topcoder.util.config.UnknownNamespaceException: com.topcoder.util.log is unknown
	at com.topcoder.util.config.DefaultConfigManager.getPropertyObject(DefaultConfigManager.java:429)
	at com.topcoder.util.config.DefaultConfigManager.getString(DefaultConfigManager.java:449)
	at com.topcoder.util.log.LogFactory.getAttribute(LogFactory.java:224)
	at com.topcoder.util.log.basic.BasicLog.log(BasicLog.java:74)
	at com.topcoder.management.deliverable.PersistenceDeliverableManager.searchDeliverablesHelper(PersistenceDeliverableManager.java:325)
	at com.topcoder.management.deliverable.PersistenceDeliverableManager.searchDeliverables(PersistenceDeliverableManager.java:246)
	at com.topcoder.management.deliverable.stresstests.StressTestPersistenceDeliverableManager.testSearchDeliverables(StressTestPersistenceDeliverableManager.java:170)
	at sun.reflect.NativeMethodAccessorImpl.invoke0(Native Method)
	at sun.reflect.NativeMethodAccessorImpl.invoke(NativeMethodAccessorImpl.java:57)
	at sun.reflect.DelegatingMethodAccessorImpl.invoke(DelegatingMethodAccessorImpl.java:43)
	at java.lang.reflect.Method.invoke(Method.java:616)
	at junit.framework.TestCase.runTest(TestCase.java:168)
	at junit.framework.TestCase.runBare(TestCase.java:134)
	at junit.framework.TestResult$1.protect(TestResult.java:110)
	at junit.framework.TestResult.runProtected(TestResult.java:128)
	at junit.framework.TestResult.run(TestResult.java:113)
	at junit.framework.TestCase.run(TestCase.java:124)
	at junit.framework.TestSuite.runTest(TestSuite.java:232)
	at junit.framework.TestSuite.run(TestSuite.java:227)
	at junit.framework.TestSuite.runTest(TestSuite.java:232)
	at junit.framework.TestSuite.run(TestSuite.java:227)
	at junit.framework.TestSuite.runTest(TestSuite.java:232)
	at junit.framework.TestSuite.run(TestSuite.java:227)
	at org.apache.tools.ant.taskdefs.optional.junit.JUnitTestRunner.run(JUnitTestRunner.java:420)
	at org.apache.tools.ant.taskdefs.optional.junit.JUnitTestRunner.launch(JUnitTestRunner.java:911)
	at org.apache.tools.ant.taskdefs.optional.junit.JUnitTestRunner.main(JUnitTestRunner.java:768)
Adding Deliverable To List
com.topcoder.util.config.UnknownNamespaceException: com.topcoder.util.log is unknown
	at com.topcoder.util.config.DefaultConfigManager.getPropertyObject(DefaultConfigManager.java:429)
	at com.topcoder.util.config.DefaultConfigManager.getString(DefaultConfigManager.java:449)
	at com.topcoder.util.log.LogFactory.getAttribute(LogFactory.java:224)
	at com.topcoder.util.log.basic.BasicLog.log(BasicLog.java:74)
	at com.topcoder.management.deliverable.PersistenceDeliverableManager.searchDeliverablesHelper(PersistenceDeliverableManager.java:302)
	at com.topcoder.management.deliverable.PersistenceDeliverableManager.searchDeliverables(PersistenceDeliverableManager.java:246)
	at com.topcoder.management.deliverable.stresstests.StressTestPersistenceDeliverableManager.testSearchDeliverables(StressTestPersistenceDeliverableManager.java:170)
	at sun.reflect.NativeMethodAccessorImpl.invoke0(Native Method)
	at sun.reflect.NativeMethodAccessorImpl.invoke(NativeMethodAccessorImpl.java:57)
	at sun.reflect.DelegatingMethodAccessorImpl.invoke(DelegatingMethodAccessorImpl.java:43)
	at java.lang.reflect.Method.invoke(Method.java:616)
	at junit.framework.TestCase.runTest(TestCase.java:168)
	at junit.framework.TestCase.runBare(TestCase.java:134)
	at junit.framework.TestResult$1.protect(TestResult.java:110)
	at junit.framework.TestResult.runProtected(TestResult.java:128)
	at junit.framework.TestResult.run(TestResult.java:113)
	at junit.framework.TestCase.run(TestCase.java:124)
	at junit.framework.TestSuite.runTest(TestSuite.java:232)
	at junit.framework.TestSuite.run(TestSuite.java:227)
	at junit.framework.TestSuite.runTest(TestSuite.java:232)
	at junit.framework.TestSuite.run(TestSuite.java:227)
	at junit.framework.TestSuite.runTest(TestSuite.java:232)
	at junit.framework.TestSuite.run(TestSuite.java:227)
	at org.apache.tools.ant.taskdefs.optional.junit.JUnitTestRunner.run(JUnitTestRunner.java:420)
	at org.apache.tools.ant.taskdefs.optional.junit.JUnitTestRunner.launch(JUnitTestRunner.java:911)
	at org.apache.tools.ant.taskdefs.optional.junit.JUnitTestRunner.main(JUnitTestRunner.java:768)
Loading Deliverable Array
com.topcoder.util.config.UnknownNamespaceException: com.topcoder.util.log is unknown
	at com.topcoder.util.config.DefaultConfigManager.getPropertyObject(DefaultConfigManager.java:429)
	at com.topcoder.util.config.DefaultConfigManager.getString(DefaultConfigManager.java:449)
	at com.topcoder.util.log.LogFactory.getAttribute(LogFactory.java:224)
	at com.topcoder.util.log.basic.BasicLog.log(BasicLog.java:74)
	at com.topcoder.management.deliverable.PersistenceDeliverableManager.searchDeliverablesHelper(PersistenceDeliverableManager.java:325)
	at com.topcoder.management.deliverable.PersistenceDeliverableManager.searchDeliverables(PersistenceDeliverableManager.java:246)
	at com.topcoder.management.deliverable.stresstests.StressTestPersistenceDeliverableManager.testSearchDeliverables(StressTestPersistenceDeliverableManager.java:170)
	at sun.reflect.NativeMethodAccessorImpl.invoke0(Native Method)
	at sun.reflect.NativeMethodAccessorImpl.invoke(NativeMethodAccessorImpl.java:57)
	at sun.reflect.DelegatingMethodAccessorImpl.invoke(DelegatingMethodAccessorImpl.java:43)
	at java.lang.reflect.Method.invoke(Method.java:616)
	at junit.framework.TestCase.runTest(TestCase.java:168)
	at junit.framework.TestCase.runBare(TestCase.java:134)
	at junit.framework.TestResult$1.protect(TestResult.java:110)
	at junit.framework.TestResult.runProtected(TestResult.java:128)
	at junit.framework.TestResult.run(TestResult.java:113)
	at junit.framework.TestCase.run(TestCase.java:124)
	at junit.framework.TestSuite.runTest(TestSuite.java:232)
	at junit.framework.TestSuite.run(TestSuite.java:227)
	at junit.framework.TestSuite.runTest(TestSuite.java:232)
	at junit.framework.TestSuite.run(TestSuite.java:227)
	at junit.framework.TestSuite.runTest(TestSuite.java:232)
	at junit.framework.TestSuite.run(TestSuite.java:227)
	at org.apache.tools.ant.taskdefs.optional.junit.JUnitTestRunner.run(JUnitTestRunner.java:420)
	at org.apache.tools.ant.taskdefs.optional.junit.JUnitTestRunner.launch(JUnitTestRunner.java:911)
	at org.apache.tools.ant.taskdefs.optional.junit.JUnitTestRunner.main(JUnitTestRunner.java:768)
Adding Deliverable To List
com.topcoder.util.config.UnknownNamespaceException: com.topcoder.util.log is unknown
	at com.topcoder.util.config.DefaultConfigManager.getPropertyObject(DefaultConfigManager.java:429)
	at com.topcoder.util.config.DefaultConfigManager.getString(DefaultConfigManager.java:449)
	at com.topcoder.util.log.LogFactory.getAttribute(LogFactory.java:224)
	at com.topcoder.util.log.basic.BasicLog.log(BasicLog.java:74)
	at com.topcoder.management.deliverable.PersistenceDeliverableManager.searchDeliverables(PersistenceDeliverableManager.java:245)
	at com.topcoder.management.deliverable.stresstests.StressTestPersistenceDeliverableManager.testSearchDeliverables(StressTestPersistenceDeliverableManager.java:170)
	at sun.reflect.NativeMethodAccessorImpl.invoke0(Native Method)
	at sun.reflect.NativeMethodAccessorImpl.invoke(NativeMethodAccessorImpl.java:57)
	at sun.reflect.DelegatingMethodAccessorImpl.invoke(DelegatingMethodAccessorImpl.java:43)
	at java.lang.reflect.Method.invoke(Method.java:616)
	at junit.framework.TestCase.runTest(TestCase.java:168)
	at junit.framework.TestCase.runBare(TestCase.java:134)
	at junit.framework.TestResult$1.protect(TestResult.java:110)
	at junit.framework.TestResult.runProtected(TestResult.java:128)
	at junit.framework.TestResult.run(TestResult.java:113)
	at junit.framework.TestCase.run(TestCase.java:124)
	at junit.framework.TestSuite.runTest(TestSuite.java:232)
	at junit.framework.TestSuite.run(TestSuite.java:227)
	at junit.framework.TestSuite.runTest(TestSuite.java:232)
	at junit.framework.TestSuite.run(TestSuite.java:227)
	at junit.framework.TestSuite.runTest(TestSuite.java:232)
	at junit.framework.TestSuite.run(TestSuite.java:227)
	at org.apache.tools.ant.taskdefs.optional.junit.JUnitTestRunner.run(JUnitTestRunner.java:420)
	at org.apache.tools.ant.taskdefs.optional.junit.JUnitTestRunner.launch(JUnitTestRunner.java:911)
	at org.apache.tools.ant.taskdefs.optional.junit.JUnitTestRunner.main(JUnitTestRunner.java:768)
Search deliverables filter.
com.topcoder.util.config.UnknownNamespaceException: com.topcoder.util.log is unknown
	at com.topcoder.util.config.DefaultConfigManager.getPropertyObject(DefaultConfigManager.java:429)
	at com.topcoder.util.config.DefaultConfigManager.getString(DefaultConfigManager.java:449)
	at com.topcoder.util.log.LogFactory.getAttribute(LogFactory.java:224)
	at com.topcoder.util.log.basic.BasicLog.log(BasicLog.java:74)
	at com.topcoder.management.deliverable.DeliverableHelper.checkAndGetCustomResultSetValidDeliverable(DeliverableHelper.java:156)
	at com.topcoder.management.deliverable.PersistenceDeliverableManager.searchDeliverablesHelper(PersistenceDeliverableManager.java:284)
	at com.topcoder.management.deliverable.PersistenceDeliverableManager.searchDeliverables(PersistenceDeliverableManager.java:246)
	at com.topcoder.management.deliverable.stresstests.StressTestPersistenceDeliverableManager.testSearchDeliverables(StressTestPersistenceDeliverableManager.java:170)
	at sun.reflect.NativeMethodAccessorImpl.invoke0(Native Method)
	at sun.reflect.NativeMethodAccessorImpl.invoke(NativeMethodAccessorImpl.java:57)
	at sun.reflect.DelegatingMethodAccessorImpl.invoke(DelegatingMethodAccessorImpl.java:43)
	at java.lang.reflect.Method.invoke(Method.java:616)
	at junit.framework.TestCase.runTest(TestCase.java:168)
	at junit.framework.TestCase.runBare(TestCase.java:134)
	at junit.framework.TestResult$1.protect(TestResult.java:110)
	at junit.framework.TestResult.runProtected(TestResult.java:128)
	at junit.framework.TestResult.run(TestResult.java:113)
	at junit.framework.TestCase.run(TestCase.java:124)
	at junit.framework.TestSuite.runTest(TestSuite.java:232)
	at junit.framework.TestSuite.run(TestSuite.java:227)
	at junit.framework.TestSuite.runTest(TestSuite.java:232)
	at junit.framework.TestSuite.run(TestSuite.java:227)
	at junit.framework.TestSuite.runTest(TestSuite.java:232)
	at junit.framework.TestSuite.run(TestSuite.java:227)
	at org.apache.tools.ant.taskdefs.optional.junit.JUnitTestRunner.run(JUnitTestRunner.java:420)
	at org.apache.tools.ant.taskdefs.optional.junit.JUnitTestRunner.launch(JUnitTestRunner.java:911)
	at org.apache.tools.ant.taskdefs.optional.junit.JUnitTestRunner.main(JUnitTestRunner.java:768)
CustomResultSet Records: 2
com.topcoder.util.config.UnknownNamespaceException: com.topcoder.util.log is unknown
	at com.topcoder.util.config.DefaultConfigManager.getPropertyObject(DefaultConfigManager.java:429)
	at com.topcoder.util.config.DefaultConfigManager.getString(DefaultConfigManager.java:449)
	at com.topcoder.util.log.LogFactory.getAttribute(LogFactory.java:224)
	at com.topcoder.util.log.basic.BasicLog.log(BasicLog.java:74)
	at com.topcoder.management.deliverable.PersistenceDeliverableManager.searchDeliverablesHelper(PersistenceDeliverableManager.java:289)
	at com.topcoder.management.deliverable.PersistenceDeliverableManager.searchDeliverables(PersistenceDeliverableManager.java:246)
	at com.topcoder.management.deliverable.stresstests.StressTestPersistenceDeliverableManager.testSearchDeliverables(StressTestPersistenceDeliverableManager.java:170)
	at sun.reflect.NativeMethodAccessorImpl.invoke0(Native Method)
	at sun.reflect.NativeMethodAccessorImpl.invoke(NativeMethodAccessorImpl.java:57)
	at sun.reflect.DelegatingMethodAccessorImpl.invoke(DelegatingMethodAccessorImpl.java:43)
	at java.lang.reflect.Method.invoke(Method.java:616)
	at junit.framework.TestCase.runTest(TestCase.java:168)
	at junit.framework.TestCase.runBare(TestCase.java:134)
	at junit.framework.TestResult$1.protect(TestResult.java:110)
	at junit.framework.TestResult.runProtected(TestResult.java:128)
	at junit.framework.TestResult.run(TestResult.java:113)
	at junit.framework.TestCase.run(TestCase.java:124)
	at junit.framework.TestSuite.runTest(TestSuite.java:232)
	at junit.framework.TestSuite.run(TestSuite.java:227)
	at junit.framework.TestSuite.runTest(TestSuite.java:232)
	at junit.framework.TestSuite.run(TestSuite.java:227)
	at junit.framework.TestSuite.runTest(TestSuite.java:232)
	at junit.framework.TestSuite.run(TestSuite.java:227)
	at org.apache.tools.ant.taskdefs.optional.junit.JUnitTestRunner.run(JUnitTestRunner.java:420)
	at org.apache.tools.ant.taskdefs.optional.junit.JUnitTestRunner.launch(JUnitTestRunner.java:911)
	at org.apache.tools.ant.taskdefs.optional.junit.JUnitTestRunner.main(JUnitTestRunner.java:768)
Deliverable Id Array: 3, 2
com.topcoder.util.config.UnknownNamespaceException: com.topcoder.util.log is unknown
	at com.topcoder.util.config.DefaultConfigManager.getPropertyObject(DefaultConfigManager.java:429)
	at com.topcoder.util.config.DefaultConfigManager.getString(DefaultConfigManager.java:449)
	at com.topcoder.util.log.LogFactory.getAttribute(LogFactory.java:224)
	at com.topcoder.util.log.basic.BasicLog.log(BasicLog.java:74)
	at com.topcoder.management.deliverable.PersistenceDeliverableManager.searchDeliverablesHelper(PersistenceDeliverableManager.java:302)
	at com.topcoder.management.deliverable.PersistenceDeliverableManager.searchDeliverables(PersistenceDeliverableManager.java:246)
	at com.topcoder.management.deliverable.stresstests.StressTestPersistenceDeliverableManager.testSearchDeliverables(StressTestPersistenceDeliverableManager.java:170)
	at sun.reflect.NativeMethodAccessorImpl.invoke0(Native Method)
	at sun.reflect.NativeMethodAccessorImpl.invoke(NativeMethodAccessorImpl.java:57)
	at sun.reflect.DelegatingMethodAccessorImpl.invoke(DelegatingMethodAccessorImpl.java:43)
	at java.lang.reflect.Method.invoke(Method.java:616)
	at junit.framework.TestCase.runTest(TestCase.java:168)
	at junit.framework.TestCase.runBare(TestCase.java:134)
	at junit.framework.TestResult$1.protect(TestResult.java:110)
	at junit.framework.TestResult.runProtected(TestResult.java:128)
	at junit.framework.TestResult.run(TestResult.java:113)
	at junit.framework.TestCase.run(TestCase.java:124)
	at junit.framework.TestSuite.runTest(TestSuite.java:232)
	at junit.framework.TestSuite.run(TestSuite.java:227)
	at junit.framework.TestSuite.runTest(TestSuite.java:232)
	at junit.framework.TestSuite.run(TestSuite.java:227)
	at junit.framework.TestSuite.runTest(TestSuite.java:232)
	at junit.framework.TestSuite.run(TestSuite.java:227)
	at org.apache.tools.ant.taskdefs.optional.junit.JUnitTestRunner.run(JUnitTestRunner.java:420)
	at org.apache.tools.ant.taskdefs.optional.junit.JUnitTestRunner.launch(JUnitTestRunner.java:911)
	at org.apache.tools.ant.taskdefs.optional.junit.JUnitTestRunner.main(JUnitTestRunner.java:768)
Loading Deliverable Array
com.topcoder.util.config.UnknownNamespaceException: com.topcoder.util.log is unknown
	at com.topcoder.util.config.DefaultConfigManager.getPropertyObject(DefaultConfigManager.java:429)
	at com.topcoder.util.config.DefaultConfigManager.getString(DefaultConfigManager.java:449)
	at com.topcoder.util.log.LogFactory.getAttribute(LogFactory.java:224)
	at com.topcoder.util.log.basic.BasicLog.log(BasicLog.java:74)
	at com.topcoder.management.deliverable.PersistenceDeliverableManager.searchDeliverablesHelper(PersistenceDeliverableManager.java:325)
	at com.topcoder.management.deliverable.PersistenceDeliverableManager.searchDeliverables(PersistenceDeliverableManager.java:246)
	at com.topcoder.management.deliverable.stresstests.StressTestPersistenceDeliverableManager.testSearchDeliverables(StressTestPersistenceDeliverableManager.java:170)
	at sun.reflect.NativeMethodAccessorImpl.invoke0(Native Method)
	at sun.reflect.NativeMethodAccessorImpl.invoke(NativeMethodAccessorImpl.java:57)
	at sun.reflect.DelegatingMethodAccessorImpl.invoke(DelegatingMethodAccessorImpl.java:43)
	at java.lang.reflect.Method.invoke(Method.java:616)
	at junit.framework.TestCase.runTest(TestCase.java:168)
	at junit.framework.TestCase.runBare(TestCase.java:134)
	at junit.framework.TestResult$1.protect(TestResult.java:110)
	at junit.framework.TestResult.runProtected(TestResult.java:128)
	at junit.framework.TestResult.run(TestResult.java:113)
	at junit.framework.TestCase.run(TestCase.java:124)
	at junit.framework.TestSuite.runTest(TestSuite.java:232)
	at junit.framework.TestSuite.run(TestSuite.java:227)
	at junit.framework.TestSuite.runTest(TestSuite.java:232)
	at junit.framework.TestSuite.run(TestSuite.java:227)
	at junit.framework.TestSuite.runTest(TestSuite.java:232)
	at junit.framework.TestSuite.run(TestSuite.java:227)
	at org.apache.tools.ant.taskdefs.optional.junit.JUnitTestRunner.run(JUnitTestRunner.java:420)
	at org.apache.tools.ant.taskdefs.optional.junit.JUnitTestRunner.launch(JUnitTestRunner.java:911)
	at org.apache.tools.ant.taskdefs.optional.junit.JUnitTestRunner.main(JUnitTestRunner.java:768)
Adding Deliverable To List
com.topcoder.util.config.UnknownNamespaceException: com.topcoder.util.log is unknown
	at com.topcoder.util.config.DefaultConfigManager.getPropertyObject(DefaultConfigManager.java:429)
	at com.topcoder.util.config.DefaultConfigManager.getString(DefaultConfigManager.java:449)
	at com.topcoder.util.log.LogFactory.getAttribute(LogFactory.java:224)
	at com.topcoder.util.log.basic.BasicLog.log(BasicLog.java:74)
	at com.topcoder.management.deliverable.PersistenceDeliverableManager.searchDeliverablesHelper(PersistenceDeliverableManager.java:302)
	at com.topcoder.management.deliverable.PersistenceDeliverableManager.searchDeliverables(PersistenceDeliverableManager.java:246)
	at com.topcoder.management.deliverable.stresstests.StressTestPersistenceDeliverableManager.testSearchDeliverables(StressTestPersistenceDeliverableManager.java:170)
	at sun.reflect.NativeMethodAccessorImpl.invoke0(Native Method)
	at sun.reflect.NativeMethodAccessorImpl.invoke(NativeMethodAccessorImpl.java:57)
	at sun.reflect.DelegatingMethodAccessorImpl.invoke(DelegatingMethodAccessorImpl.java:43)
	at java.lang.reflect.Method.invoke(Method.java:616)
	at junit.framework.TestCase.runTest(TestCase.java:168)
	at junit.framework.TestCase.runBare(TestCase.java:134)
	at junit.framework.TestResult$1.protect(TestResult.java:110)
	at junit.framework.TestResult.runProtected(TestResult.java:128)
	at junit.framework.TestResult.run(TestResult.java:113)
	at junit.framework.TestCase.run(TestCase.java:124)
	at junit.framework.TestSuite.runTest(TestSuite.java:232)
	at junit.framework.TestSuite.run(TestSuite.java:227)
	at junit.framework.TestSuite.runTest(TestSuite.java:232)
	at junit.framework.TestSuite.run(TestSuite.java:227)
	at junit.framework.TestSuite.runTest(TestSuite.java:232)
	at junit.framework.TestSuite.run(TestSuite.java:227)
	at org.apache.tools.ant.taskdefs.optional.junit.JUnitTestRunner.run(JUnitTestRunner.java:420)
	at org.apache.tools.ant.taskdefs.optional.junit.JUnitTestRunner.launch(JUnitTestRunner.java:911)
	at org.apache.tools.ant.taskdefs.optional.junit.JUnitTestRunner.main(JUnitTestRunner.java:768)
Loading Deliverable Array
com.topcoder.util.config.UnknownNamespaceException: com.topcoder.util.log is unknown
	at com.topcoder.util.config.DefaultConfigManager.getPropertyObject(DefaultConfigManager.java:429)
	at com.topcoder.util.config.DefaultConfigManager.getString(DefaultConfigManager.java:449)
	at com.topcoder.util.log.LogFactory.getAttribute(LogFactory.java:224)
	at com.topcoder.util.log.basic.BasicLog.log(BasicLog.java:74)
	at com.topcoder.management.deliverable.PersistenceDeliverableManager.searchDeliverablesHelper(PersistenceDeliverableManager.java:325)
	at com.topcoder.management.deliverable.PersistenceDeliverableManager.searchDeliverables(PersistenceDeliverableManager.java:246)
	at com.topcoder.management.deliverable.stresstests.StressTestPersistenceDeliverableManager.testSearchDeliverables(StressTestPersistenceDeliverableManager.java:170)
	at sun.reflect.NativeMethodAccessorImpl.invoke0(Native Method)
	at sun.reflect.NativeMethodAccessorImpl.invoke(NativeMethodAccessorImpl.java:57)
	at sun.reflect.DelegatingMethodAccessorImpl.invoke(DelegatingMethodAccessorImpl.java:43)
	at java.lang.reflect.Method.invoke(Method.java:616)
	at junit.framework.TestCase.runTest(TestCase.java:168)
	at junit.framework.TestCase.runBare(TestCase.java:134)
	at junit.framework.TestResult$1.protect(TestResult.java:110)
	at junit.framework.TestResult.runProtected(TestResult.java:128)
	at junit.framework.TestResult.run(TestResult.java:113)
	at junit.framework.TestCase.run(TestCase.java:124)
	at junit.framework.TestSuite.runTest(TestSuite.java:232)
	at junit.framework.TestSuite.run(TestSuite.java:227)
	at junit.framework.TestSuite.runTest(TestSuite.java:232)
	at junit.framework.TestSuite.run(TestSuite.java:227)
	at junit.framework.TestSuite.runTest(TestSuite.java:232)
	at junit.framework.TestSuite.run(TestSuite.java:227)
	at org.apache.tools.ant.taskdefs.optional.junit.JUnitTestRunner.run(JUnitTestRunner.java:420)
	at org.apache.tools.ant.taskdefs.optional.junit.JUnitTestRunner.launch(JUnitTestRunner.java:911)
	at org.apache.tools.ant.taskdefs.optional.junit.JUnitTestRunner.main(JUnitTestRunner.java:768)
Adding Deliverable To List
com.topcoder.util.config.UnknownNamespaceException: com.topcoder.util.log is unknown
	at com.topcoder.util.config.DefaultConfigManager.getPropertyObject(DefaultConfigManager.java:429)
	at com.topcoder.util.config.DefaultConfigManager.getString(DefaultConfigManager.java:449)
	at com.topcoder.util.log.LogFactory.getAttribute(LogFactory.java:224)
	at com.topcoder.util.log.basic.BasicLog.log(BasicLog.java:74)
	at com.topcoder.management.deliverable.PersistenceDeliverableManager.searchDeliverables(PersistenceDeliverableManager.java:245)
	at com.topcoder.management.deliverable.stresstests.StressTestPersistenceDeliverableManager.testSearchDeliverables(StressTestPersistenceDeliverableManager.java:170)
	at sun.reflect.NativeMethodAccessorImpl.invoke0(Native Method)
	at sun.reflect.NativeMethodAccessorImpl.invoke(NativeMethodAccessorImpl.java:57)
	at sun.reflect.DelegatingMethodAccessorImpl.invoke(DelegatingMethodAccessorImpl.java:43)
	at java.lang.reflect.Method.invoke(Method.java:616)
	at junit.framework.TestCase.runTest(TestCase.java:168)
	at junit.framework.TestCase.runBare(TestCase.java:134)
	at junit.framework.TestResult$1.protect(TestResult.java:110)
	at junit.framework.TestResult.runProtected(TestResult.java:128)
	at junit.framework.TestResult.run(TestResult.java:113)
	at junit.framework.TestCase.run(TestCase.java:124)
	at junit.framework.TestSuite.runTest(TestSuite.java:232)
	at junit.framework.TestSuite.run(TestSuite.java:227)
	at junit.framework.TestSuite.runTest(TestSuite.java:232)
	at junit.framework.TestSuite.run(TestSuite.java:227)
	at junit.framework.TestSuite.runTest(TestSuite.java:232)
	at junit.framework.TestSuite.run(TestSuite.java:227)
	at org.apache.tools.ant.taskdefs.optional.junit.JUnitTestRunner.run(JUnitTestRunner.java:420)
	at org.apache.tools.ant.taskdefs.optional.junit.JUnitTestRunner.launch(JUnitTestRunner.java:911)
	at org.apache.tools.ant.taskdefs.optional.junit.JUnitTestRunner.main(JUnitTestRunner.java:768)
Search deliverables filter.
com.topcoder.util.config.UnknownNamespaceException: com.topcoder.util.log is unknown
	at com.topcoder.util.config.DefaultConfigManager.getPropertyObject(DefaultConfigManager.java:429)
	at com.topcoder.util.config.DefaultConfigManager.getString(DefaultConfigManager.java:449)
	at com.topcoder.util.log.LogFactory.getAttribute(LogFactory.java:224)
	at com.topcoder.util.log.basic.BasicLog.log(BasicLog.java:74)
	at com.topcoder.management.deliverable.DeliverableHelper.checkAndGetCustomResultSetValidDeliverable(DeliverableHelper.java:156)
	at com.topcoder.management.deliverable.PersistenceDeliverableManager.searchDeliverablesHelper(PersistenceDeliverableManager.java:284)
	at com.topcoder.management.deliverable.PersistenceDeliverableManager.searchDeliverables(PersistenceDeliverableManager.java:246)
	at com.topcoder.management.deliverable.stresstests.StressTestPersistenceDeliverableManager.testSearchDeliverables(StressTestPersistenceDeliverableManager.java:170)
	at sun.reflect.NativeMethodAccessorImpl.invoke0(Native Method)
	at sun.reflect.NativeMethodAccessorImpl.invoke(NativeMethodAccessorImpl.java:57)
	at sun.reflect.DelegatingMethodAccessorImpl.invoke(DelegatingMethodAccessorImpl.java:43)
	at java.lang.reflect.Method.invoke(Method.java:616)
	at junit.framework.TestCase.runTest(TestCase.java:168)
	at junit.framework.TestCase.runBare(TestCase.java:134)
	at junit.framework.TestResult$1.protect(TestResult.java:110)
	at junit.framework.TestResult.runProtected(TestResult.java:128)
	at junit.framework.TestResult.run(TestResult.java:113)
	at junit.framework.TestCase.run(TestCase.java:124)
	at junit.framework.TestSuite.runTest(TestSuite.java:232)
	at junit.framework.TestSuite.run(TestSuite.java:227)
	at junit.framework.TestSuite.runTest(TestSuite.java:232)
	at junit.framework.TestSuite.run(TestSuite.java:227)
	at junit.framework.TestSuite.runTest(TestSuite.java:232)
	at junit.framework.TestSuite.run(TestSuite.java:227)
	at org.apache.tools.ant.taskdefs.optional.junit.JUnitTestRunner.run(JUnitTestRunner.java:420)
	at org.apache.tools.ant.taskdefs.optional.junit.JUnitTestRunner.launch(JUnitTestRunner.java:911)
	at org.apache.tools.ant.taskdefs.optional.junit.JUnitTestRunner.main(JUnitTestRunner.java:768)
CustomResultSet Records: 2
com.topcoder.util.config.UnknownNamespaceException: com.topcoder.util.log is unknown
	at com.topcoder.util.config.DefaultConfigManager.getPropertyObject(DefaultConfigManager.java:429)
	at com.topcoder.util.config.DefaultConfigManager.getString(DefaultConfigManager.java:449)
	at com.topcoder.util.log.LogFactory.getAttribute(LogFactory.java:224)
	at com.topcoder.util.log.basic.BasicLog.log(BasicLog.java:74)
	at com.topcoder.management.deliverable.PersistenceDeliverableManager.searchDeliverablesHelper(PersistenceDeliverableManager.java:289)
	at com.topcoder.management.deliverable.PersistenceDeliverableManager.searchDeliverables(PersistenceDeliverableManager.java:246)
	at com.topcoder.management.deliverable.stresstests.StressTestPersistenceDeliverableManager.testSearchDeliverables(StressTestPersistenceDeliverableManager.java:170)
	at sun.reflect.NativeMethodAccessorImpl.invoke0(Native Method)
	at sun.reflect.NativeMethodAccessorImpl.invoke(NativeMethodAccessorImpl.java:57)
	at sun.reflect.DelegatingMethodAccessorImpl.invoke(DelegatingMethodAccessorImpl.java:43)
	at java.lang.reflect.Method.invoke(Method.java:616)
	at junit.framework.TestCase.runTest(TestCase.java:168)
	at junit.framework.TestCase.runBare(TestCase.java:134)
	at junit.framework.TestResult$1.protect(TestResult.java:110)
	at junit.framework.TestResult.runProtected(TestResult.java:128)
	at junit.framework.TestResult.run(TestResult.java:113)
	at junit.framework.TestCase.run(TestCase.java:124)
	at junit.framework.TestSuite.runTest(TestSuite.java:232)
	at junit.framework.TestSuite.run(TestSuite.java:227)
	at junit.framework.TestSuite.runTest(TestSuite.java:232)
	at junit.framework.TestSuite.run(TestSuite.java:227)
	at junit.framework.TestSuite.runTest(TestSuite.java:232)
	at junit.framework.TestSuite.run(TestSuite.java:227)
	at org.apache.tools.ant.taskdefs.optional.junit.JUnitTestRunner.run(JUnitTestRunner.java:420)
	at org.apache.tools.ant.taskdefs.optional.junit.JUnitTestRunner.launch(JUnitTestRunner.java:911)
	at org.apache.tools.ant.taskdefs.optional.junit.JUnitTestRunner.main(JUnitTestRunner.java:768)
Deliverable Id Array: 3, 2
com.topcoder.util.config.UnknownNamespaceException: com.topcoder.util.log is unknown
	at com.topcoder.util.config.DefaultConfigManager.getPropertyObject(DefaultConfigManager.java:429)
	at com.topcoder.util.config.DefaultConfigManager.getString(DefaultConfigManager.java:449)
	at com.topcoder.util.log.LogFactory.getAttribute(LogFactory.java:224)
	at com.topcoder.util.log.basic.BasicLog.log(BasicLog.java:74)
	at com.topcoder.management.deliverable.PersistenceDeliverableManager.searchDeliverablesHelper(PersistenceDeliverableManager.java:302)
	at com.topcoder.management.deliverable.PersistenceDeliverableManager.searchDeliverables(PersistenceDeliverableManager.java:246)
	at com.topcoder.management.deliverable.stresstests.StressTestPersistenceDeliverableManager.testSearchDeliverables(StressTestPersistenceDeliverableManager.java:170)
	at sun.reflect.NativeMethodAccessorImpl.invoke0(Native Method)
	at sun.reflect.NativeMethodAccessorImpl.invoke(NativeMethodAccessorImpl.java:57)
	at sun.reflect.DelegatingMethodAccessorImpl.invoke(DelegatingMethodAccessorImpl.java:43)
	at java.lang.reflect.Method.invoke(Method.java:616)
	at junit.framework.TestCase.runTest(TestCase.java:168)
	at junit.framework.TestCase.runBare(TestCase.java:134)
	at junit.framework.TestResult$1.protect(TestResult.java:110)
	at junit.framework.TestResult.runProtected(TestResult.java:128)
	at junit.framework.TestResult.run(TestResult.java:113)
	at junit.framework.TestCase.run(TestCase.java:124)
	at junit.framework.TestSuite.runTest(TestSuite.java:232)
	at junit.framework.TestSuite.run(TestSuite.java:227)
	at junit.framework.TestSuite.runTest(TestSuite.java:232)
	at junit.framework.TestSuite.run(TestSuite.java:227)
	at junit.framework.TestSuite.runTest(TestSuite.java:232)
	at junit.framework.TestSuite.run(TestSuite.java:227)
	at org.apache.tools.ant.taskdefs.optional.junit.JUnitTestRunner.run(JUnitTestRunner.java:420)
	at org.apache.tools.ant.taskdefs.optional.junit.JUnitTestRunner.launch(JUnitTestRunner.java:911)
	at org.apache.tools.ant.taskdefs.optional.junit.JUnitTestRunner.main(JUnitTestRunner.java:768)
Loading Deliverable Array
com.topcoder.util.config.UnknownNamespaceException: com.topcoder.util.log is unknown
	at com.topcoder.util.config.DefaultConfigManager.getPropertyObject(DefaultConfigManager.java:429)
	at com.topcoder.util.config.DefaultConfigManager.getString(DefaultConfigManager.java:449)
	at com.topcoder.util.log.LogFactory.getAttribute(LogFactory.java:224)
	at com.topcoder.util.log.basic.BasicLog.log(BasicLog.java:74)
	at com.topcoder.management.deliverable.PersistenceDeliverableManager.searchDeliverablesHelper(PersistenceDeliverableManager.java:325)
	at com.topcoder.management.deliverable.PersistenceDeliverableManager.searchDeliverables(PersistenceDeliverableManager.java:246)
	at com.topcoder.management.deliverable.stresstests.StressTestPersistenceDeliverableManager.testSearchDeliverables(StressTestPersistenceDeliverableManager.java:170)
	at sun.reflect.NativeMethodAccessorImpl.invoke0(Native Method)
	at sun.reflect.NativeMethodAccessorImpl.invoke(NativeMethodAccessorImpl.java:57)
	at sun.reflect.DelegatingMethodAccessorImpl.invoke(DelegatingMethodAccessorImpl.java:43)
	at java.lang.reflect.Method.invoke(Method.java:616)
	at junit.framework.TestCase.runTest(TestCase.java:168)
	at junit.framework.TestCase.runBare(TestCase.java:134)
	at junit.framework.TestResult$1.protect(TestResult.java:110)
	at junit.framework.TestResult.runProtected(TestResult.java:128)
	at junit.framework.TestResult.run(TestResult.java:113)
	at junit.framework.TestCase.run(TestCase.java:124)
	at junit.framework.TestSuite.runTest(TestSuite.java:232)
	at junit.framework.TestSuite.run(TestSuite.java:227)
	at junit.framework.TestSuite.runTest(TestSuite.java:232)
	at junit.framework.TestSuite.run(TestSuite.java:227)
	at junit.framework.TestSuite.runTest(TestSuite.java:232)
	at junit.framework.TestSuite.run(TestSuite.java:227)
	at org.apache.tools.ant.taskdefs.optional.junit.JUnitTestRunner.run(JUnitTestRunner.java:420)
	at org.apache.tools.ant.taskdefs.optional.junit.JUnitTestRunner.launch(JUnitTestRunner.java:911)
	at org.apache.tools.ant.taskdefs.optional.junit.JUnitTestRunner.main(JUnitTestRunner.java:768)
Adding Deliverable To List
com.topcoder.util.config.UnknownNamespaceException: com.topcoder.util.log is unknown
	at com.topcoder.util.config.DefaultConfigManager.getPropertyObject(DefaultConfigManager.java:429)
	at com.topcoder.util.config.DefaultConfigManager.getString(DefaultConfigManager.java:449)
	at com.topcoder.util.log.LogFactory.getAttribute(LogFactory.java:224)
	at com.topcoder.util.log.basic.BasicLog.log(BasicLog.java:74)
	at com.topcoder.management.deliverable.PersistenceDeliverableManager.searchDeliverablesHelper(PersistenceDeliverableManager.java:302)
	at com.topcoder.management.deliverable.PersistenceDeliverableManager.searchDeliverables(PersistenceDeliverableManager.java:246)
	at com.topcoder.management.deliverable.stresstests.StressTestPersistenceDeliverableManager.testSearchDeliverables(StressTestPersistenceDeliverableManager.java:170)
	at sun.reflect.NativeMethodAccessorImpl.invoke0(Native Method)
	at sun.reflect.NativeMethodAccessorImpl.invoke(NativeMethodAccessorImpl.java:57)
	at sun.reflect.DelegatingMethodAccessorImpl.invoke(DelegatingMethodAccessorImpl.java:43)
	at java.lang.reflect.Method.invoke(Method.java:616)
	at junit.framework.TestCase.runTest(TestCase.java:168)
	at junit.framework.TestCase.runBare(TestCase.java:134)
	at junit.framework.TestResult$1.protect(TestResult.java:110)
	at junit.framework.TestResult.runProtected(TestResult.java:128)
	at junit.framework.TestResult.run(TestResult.java:113)
	at junit.framework.TestCase.run(TestCase.java:124)
	at junit.framework.TestSuite.runTest(TestSuite.java:232)
	at junit.framework.TestSuite.run(TestSuite.java:227)
	at junit.framework.TestSuite.runTest(TestSuite.java:232)
	at junit.framework.TestSuite.run(TestSuite.java:227)
	at junit.framework.TestSuite.runTest(TestSuite.java:232)
	at junit.framework.TestSuite.run(TestSuite.java:227)
	at org.apache.tools.ant.taskdefs.optional.junit.JUnitTestRunner.run(JUnitTestRunner.java:420)
	at org.apache.tools.ant.taskdefs.optional.junit.JUnitTestRunner.launch(JUnitTestRunner.java:911)
	at org.apache.tools.ant.taskdefs.optional.junit.JUnitTestRunner.main(JUnitTestRunner.java:768)
Loading Deliverable Array
com.topcoder.util.config.UnknownNamespaceException: com.topcoder.util.log is unknown
	at com.topcoder.util.config.DefaultConfigManager.getPropertyObject(DefaultConfigManager.java:429)
	at com.topcoder.util.config.DefaultConfigManager.getString(DefaultConfigManager.java:449)
	at com.topcoder.util.log.LogFactory.getAttribute(LogFactory.java:224)
	at com.topcoder.util.log.basic.BasicLog.log(BasicLog.java:74)
	at com.topcoder.management.deliverable.PersistenceDeliverableManager.searchDeliverablesHelper(PersistenceDeliverableManager.java:325)
	at com.topcoder.management.deliverable.PersistenceDeliverableManager.searchDeliverables(PersistenceDeliverableManager.java:246)
	at com.topcoder.management.deliverable.stresstests.StressTestPersistenceDeliverableManager.testSearchDeliverables(StressTestPersistenceDeliverableManager.java:170)
	at sun.reflect.NativeMethodAccessorImpl.invoke0(Native Method)
	at sun.reflect.NativeMethodAccessorImpl.invoke(NativeMethodAccessorImpl.java:57)
	at sun.reflect.DelegatingMethodAccessorImpl.invoke(DelegatingMethodAccessorImpl.java:43)
	at java.lang.reflect.Method.invoke(Method.java:616)
	at junit.framework.TestCase.runTest(TestCase.java:168)
	at junit.framework.TestCase.runBare(TestCase.java:134)
	at junit.framework.TestResult$1.protect(TestResult.java:110)
	at junit.framework.TestResult.runProtected(TestResult.java:128)
	at junit.framework.TestResult.run(TestResult.java:113)
	at junit.framework.TestCase.run(TestCase.java:124)
	at junit.framework.TestSuite.runTest(TestSuite.java:232)
	at junit.framework.TestSuite.run(TestSuite.java:227)
	at junit.framework.TestSuite.runTest(TestSuite.java:232)
	at junit.framework.TestSuite.run(TestSuite.java:227)
	at junit.framework.TestSuite.runTest(TestSuite.java:232)
	at junit.framework.TestSuite.run(TestSuite.java:227)
	at org.apache.tools.ant.taskdefs.optional.junit.JUnitTestRunner.run(JUnitTestRunner.java:420)
	at org.apache.tools.ant.taskdefs.optional.junit.JUnitTestRunner.launch(JUnitTestRunner.java:911)
	at org.apache.tools.ant.taskdefs.optional.junit.JUnitTestRunner.main(JUnitTestRunner.java:768)
Adding Deliverable To List
com.topcoder.util.config.UnknownNamespaceException: com.topcoder.util.log is unknown
	at com.topcoder.util.config.DefaultConfigManager.getPropertyObject(DefaultConfigManager.java:429)
	at com.topcoder.util.config.DefaultConfigManager.getString(DefaultConfigManager.java:449)
	at com.topcoder.util.log.LogFactory.getAttribute(LogFactory.java:224)
	at com.topcoder.util.log.basic.BasicLog.log(BasicLog.java:74)
	at com.topcoder.management.deliverable.PersistenceDeliverableManager.searchDeliverables(PersistenceDeliverableManager.java:245)
	at com.topcoder.management.deliverable.stresstests.StressTestPersistenceDeliverableManager.testSearchDeliverables(StressTestPersistenceDeliverableManager.java:170)
	at sun.reflect.NativeMethodAccessorImpl.invoke0(Native Method)
	at sun.reflect.NativeMethodAccessorImpl.invoke(NativeMethodAccessorImpl.java:57)
	at sun.reflect.DelegatingMethodAccessorImpl.invoke(DelegatingMethodAccessorImpl.java:43)
	at java.lang.reflect.Method.invoke(Method.java:616)
	at junit.framework.TestCase.runTest(TestCase.java:168)
	at junit.framework.TestCase.runBare(TestCase.java:134)
	at junit.framework.TestResult$1.protect(TestResult.java:110)
	at junit.framework.TestResult.runProtected(TestResult.java:128)
	at junit.framework.TestResult.run(TestResult.java:113)
	at junit.framework.TestCase.run(TestCase.java:124)
	at junit.framework.TestSuite.runTest(TestSuite.java:232)
	at junit.framework.TestSuite.run(TestSuite.java:227)
	at junit.framework.TestSuite.runTest(TestSuite.java:232)
	at junit.framework.TestSuite.run(TestSuite.java:227)
	at junit.framework.TestSuite.runTest(TestSuite.java:232)
	at junit.framework.TestSuite.run(TestSuite.java:227)
	at org.apache.tools.ant.taskdefs.optional.junit.JUnitTestRunner.run(JUnitTestRunner.java:420)
	at org.apache.tools.ant.taskdefs.optional.junit.JUnitTestRunner.launch(JUnitTestRunner.java:911)
	at org.apache.tools.ant.taskdefs.optional.junit.JUnitTestRunner.main(JUnitTestRunner.java:768)
Search deliverables filter.
com.topcoder.util.config.UnknownNamespaceException: com.topcoder.util.log is unknown
	at com.topcoder.util.config.DefaultConfigManager.getPropertyObject(DefaultConfigManager.java:429)
	at com.topcoder.util.config.DefaultConfigManager.getString(DefaultConfigManager.java:449)
	at com.topcoder.util.log.LogFactory.getAttribute(LogFactory.java:224)
	at com.topcoder.util.log.basic.BasicLog.log(BasicLog.java:74)
	at com.topcoder.management.deliverable.DeliverableHelper.checkAndGetCustomResultSetValidDeliverable(DeliverableHelper.java:156)
	at com.topcoder.management.deliverable.PersistenceDeliverableManager.searchDeliverablesHelper(PersistenceDeliverableManager.java:284)
	at com.topcoder.management.deliverable.PersistenceDeliverableManager.searchDeliverables(PersistenceDeliverableManager.java:246)
	at com.topcoder.management.deliverable.stresstests.StressTestPersistenceDeliverableManager.testSearchDeliverables(StressTestPersistenceDeliverableManager.java:170)
	at sun.reflect.NativeMethodAccessorImpl.invoke0(Native Method)
	at sun.reflect.NativeMethodAccessorImpl.invoke(NativeMethodAccessorImpl.java:57)
	at sun.reflect.DelegatingMethodAccessorImpl.invoke(DelegatingMethodAccessorImpl.java:43)
	at java.lang.reflect.Method.invoke(Method.java:616)
	at junit.framework.TestCase.runTest(TestCase.java:168)
	at junit.framework.TestCase.runBare(TestCase.java:134)
	at junit.framework.TestResult$1.protect(TestResult.java:110)
	at junit.framework.TestResult.runProtected(TestResult.java:128)
	at junit.framework.TestResult.run(TestResult.java:113)
	at junit.framework.TestCase.run(TestCase.java:124)
	at junit.framework.TestSuite.runTest(TestSuite.java:232)
	at junit.framework.TestSuite.run(TestSuite.java:227)
	at junit.framework.TestSuite.runTest(TestSuite.java:232)
	at junit.framework.TestSuite.run(TestSuite.java:227)
	at junit.framework.TestSuite.runTest(TestSuite.java:232)
	at junit.framework.TestSuite.run(TestSuite.java:227)
	at org.apache.tools.ant.taskdefs.optional.junit.JUnitTestRunner.run(JUnitTestRunner.java:420)
	at org.apache.tools.ant.taskdefs.optional.junit.JUnitTestRunner.launch(JUnitTestRunner.java:911)
	at org.apache.tools.ant.taskdefs.optional.junit.JUnitTestRunner.main(JUnitTestRunner.java:768)
CustomResultSet Records: 2
com.topcoder.util.config.UnknownNamespaceException: com.topcoder.util.log is unknown
	at com.topcoder.util.config.DefaultConfigManager.getPropertyObject(DefaultConfigManager.java:429)
	at com.topcoder.util.config.DefaultConfigManager.getString(DefaultConfigManager.java:449)
	at com.topcoder.util.log.LogFactory.getAttribute(LogFactory.java:224)
	at com.topcoder.util.log.basic.BasicLog.log(BasicLog.java:74)
	at com.topcoder.management.deliverable.PersistenceDeliverableManager.searchDeliverablesHelper(PersistenceDeliverableManager.java:289)
	at com.topcoder.management.deliverable.PersistenceDeliverableManager.searchDeliverables(PersistenceDeliverableManager.java:246)
	at com.topcoder.management.deliverable.stresstests.StressTestPersistenceDeliverableManager.testSearchDeliverables(StressTestPersistenceDeliverableManager.java:170)
	at sun.reflect.NativeMethodAccessorImpl.invoke0(Native Method)
	at sun.reflect.NativeMethodAccessorImpl.invoke(NativeMethodAccessorImpl.java:57)
	at sun.reflect.DelegatingMethodAccessorImpl.invoke(DelegatingMethodAccessorImpl.java:43)
	at java.lang.reflect.Method.invoke(Method.java:616)
	at junit.framework.TestCase.runTest(TestCase.java:168)
	at junit.framework.TestCase.runBare(TestCase.java:134)
	at junit.framework.TestResult$1.protect(TestResult.java:110)
	at junit.framework.TestResult.runProtected(TestResult.java:128)
	at junit.framework.TestResult.run(TestResult.java:113)
	at junit.framework.TestCase.run(TestCase.java:124)
	at junit.framework.TestSuite.runTest(TestSuite.java:232)
	at junit.framework.TestSuite.run(TestSuite.java:227)
	at junit.framework.TestSuite.runTest(TestSuite.java:232)
	at junit.framework.TestSuite.run(TestSuite.java:227)
	at junit.framework.TestSuite.runTest(TestSuite.java:232)
	at junit.framework.TestSuite.run(TestSuite.java:227)
	at org.apache.tools.ant.taskdefs.optional.junit.JUnitTestRunner.run(JUnitTestRunner.java:420)
	at org.apache.tools.ant.taskdefs.optional.junit.JUnitTestRunner.launch(JUnitTestRunner.java:911)
	at org.apache.tools.ant.taskdefs.optional.junit.JUnitTestRunner.main(JUnitTestRunner.java:768)
Deliverable Id Array: 3, 2
com.topcoder.util.config.UnknownNamespaceException: com.topcoder.util.log is unknown
	at com.topcoder.util.config.DefaultConfigManager.getPropertyObject(DefaultConfigManager.java:429)
	at com.topcoder.util.config.DefaultConfigManager.getString(DefaultConfigManager.java:449)
	at com.topcoder.util.log.LogFactory.getAttribute(LogFactory.java:224)
	at com.topcoder.util.log.basic.BasicLog.log(BasicLog.java:74)
	at com.topcoder.management.deliverable.PersistenceDeliverableManager.searchDeliverablesHelper(PersistenceDeliverableManager.java:302)
	at com.topcoder.management.deliverable.PersistenceDeliverableManager.searchDeliverables(PersistenceDeliverableManager.java:246)
	at com.topcoder.management.deliverable.stresstests.StressTestPersistenceDeliverableManager.testSearchDeliverables(StressTestPersistenceDeliverableManager.java:170)
	at sun.reflect.NativeMethodAccessorImpl.invoke0(Native Method)
	at sun.reflect.NativeMethodAccessorImpl.invoke(NativeMethodAccessorImpl.java:57)
	at sun.reflect.DelegatingMethodAccessorImpl.invoke(DelegatingMethodAccessorImpl.java:43)
	at java.lang.reflect.Method.invoke(Method.java:616)
	at junit.framework.TestCase.runTest(TestCase.java:168)
	at junit.framework.TestCase.runBare(TestCase.java:134)
	at junit.framework.TestResult$1.protect(TestResult.java:110)
	at junit.framework.TestResult.runProtected(TestResult.java:128)
	at junit.framework.TestResult.run(TestResult.java:113)
	at junit.framework.TestCase.run(TestCase.java:124)
	at junit.framework.TestSuite.runTest(TestSuite.java:232)
	at junit.framework.TestSuite.run(TestSuite.java:227)
	at junit.framework.TestSuite.runTest(TestSuite.java:232)
	at junit.framework.TestSuite.run(TestSuite.java:227)
	at junit.framework.TestSuite.runTest(TestSuite.java:232)
	at junit.framework.TestSuite.run(TestSuite.java:227)
	at org.apache.tools.ant.taskdefs.optional.junit.JUnitTestRunner.run(JUnitTestRunner.java:420)
	at org.apache.tools.ant.taskdefs.optional.junit.JUnitTestRunner.launch(JUnitTestRunner.java:911)
	at org.apache.tools.ant.taskdefs.optional.junit.JUnitTestRunner.main(JUnitTestRunner.java:768)
Loading Deliverable Array
com.topcoder.util.config.UnknownNamespaceException: com.topcoder.util.log is unknown
	at com.topcoder.util.config.DefaultConfigManager.getPropertyObject(DefaultConfigManager.java:429)
	at com.topcoder.util.config.DefaultConfigManager.getString(DefaultConfigManager.java:449)
	at com.topcoder.util.log.LogFactory.getAttribute(LogFactory.java:224)
	at com.topcoder.util.log.basic.BasicLog.log(BasicLog.java:74)
	at com.topcoder.management.deliverable.PersistenceDeliverableManager.searchDeliverablesHelper(PersistenceDeliverableManager.java:325)
	at com.topcoder.management.deliverable.PersistenceDeliverableManager.searchDeliverables(PersistenceDeliverableManager.java:246)
	at com.topcoder.management.deliverable.stresstests.StressTestPersistenceDeliverableManager.testSearchDeliverables(StressTestPersistenceDeliverableManager.java:170)
	at sun.reflect.NativeMethodAccessorImpl.invoke0(Native Method)
	at sun.reflect.NativeMethodAccessorImpl.invoke(NativeMethodAccessorImpl.java:57)
	at sun.reflect.DelegatingMethodAccessorImpl.invoke(DelegatingMethodAccessorImpl.java:43)
	at java.lang.reflect.Method.invoke(Method.java:616)
	at junit.framework.TestCase.runTest(TestCase.java:168)
	at junit.framework.TestCase.runBare(TestCase.java:134)
	at junit.framework.TestResult$1.protect(TestResult.java:110)
	at junit.framework.TestResult.runProtected(TestResult.java:128)
	at junit.framework.TestResult.run(TestResult.java:113)
	at junit.framework.TestCase.run(TestCase.java:124)
	at junit.framework.TestSuite.runTest(TestSuite.java:232)
	at junit.framework.TestSuite.run(TestSuite.java:227)
	at junit.framework.TestSuite.runTest(TestSuite.java:232)
	at junit.framework.TestSuite.run(TestSuite.java:227)
	at junit.framework.TestSuite.runTest(TestSuite.java:232)
	at junit.framework.TestSuite.run(TestSuite.java:227)
	at org.apache.tools.ant.taskdefs.optional.junit.JUnitTestRunner.run(JUnitTestRunner.java:420)
	at org.apache.tools.ant.taskdefs.optional.junit.JUnitTestRunner.launch(JUnitTestRunner.java:911)
	at org.apache.tools.ant.taskdefs.optional.junit.JUnitTestRunner.main(JUnitTestRunner.java:768)
Adding Deliverable To List
com.topcoder.util.config.UnknownNamespaceException: com.topcoder.util.log is unknown
	at com.topcoder.util.config.DefaultConfigManager.getPropertyObject(DefaultConfigManager.java:429)
	at com.topcoder.util.config.DefaultConfigManager.getString(DefaultConfigManager.java:449)
	at com.topcoder.util.log.LogFactory.getAttribute(LogFactory.java:224)
	at com.topcoder.util.log.basic.BasicLog.log(BasicLog.java:74)
	at com.topcoder.management.deliverable.PersistenceDeliverableManager.searchDeliverablesHelper(PersistenceDeliverableManager.java:302)
	at com.topcoder.management.deliverable.PersistenceDeliverableManager.searchDeliverables(PersistenceDeliverableManager.java:246)
	at com.topcoder.management.deliverable.stresstests.StressTestPersistenceDeliverableManager.testSearchDeliverables(StressTestPersistenceDeliverableManager.java:170)
	at sun.reflect.NativeMethodAccessorImpl.invoke0(Native Method)
	at sun.reflect.NativeMethodAccessorImpl.invoke(NativeMethodAccessorImpl.java:57)
	at sun.reflect.DelegatingMethodAccessorImpl.invoke(DelegatingMethodAccessorImpl.java:43)
	at java.lang.reflect.Method.invoke(Method.java:616)
	at junit.framework.TestCase.runTest(TestCase.java:168)
	at junit.framework.TestCase.runBare(TestCase.java:134)
	at junit.framework.TestResult$1.protect(TestResult.java:110)
	at junit.framework.TestResult.runProtected(TestResult.java:128)
	at junit.framework.TestResult.run(TestResult.java:113)
	at junit.framework.TestCase.run(TestCase.java:124)
	at junit.framework.TestSuite.runTest(TestSuite.java:232)
	at junit.framework.TestSuite.run(TestSuite.java:227)
	at junit.framework.TestSuite.runTest(TestSuite.java:232)
	at junit.framework.TestSuite.run(TestSuite.java:227)
	at junit.framework.TestSuite.runTest(TestSuite.java:232)
	at junit.framework.TestSuite.run(TestSuite.java:227)
	at org.apache.tools.ant.taskdefs.optional.junit.JUnitTestRunner.run(JUnitTestRunner.java:420)
	at org.apache.tools.ant.taskdefs.optional.junit.JUnitTestRunner.launch(JUnitTestRunner.java:911)
	at org.apache.tools.ant.taskdefs.optional.junit.JUnitTestRunner.main(JUnitTestRunner.java:768)
Loading Deliverable Array
com.topcoder.util.config.UnknownNamespaceException: com.topcoder.util.log is unknown
	at com.topcoder.util.config.DefaultConfigManager.getPropertyObject(DefaultConfigManager.java:429)
	at com.topcoder.util.config.DefaultConfigManager.getString(DefaultConfigManager.java:449)
	at com.topcoder.util.log.LogFactory.getAttribute(LogFactory.java:224)
	at com.topcoder.util.log.basic.BasicLog.log(BasicLog.java:74)
	at com.topcoder.management.deliverable.PersistenceDeliverableManager.searchDeliverablesHelper(PersistenceDeliverableManager.java:325)
	at com.topcoder.management.deliverable.PersistenceDeliverableManager.searchDeliverables(PersistenceDeliverableManager.java:246)
	at com.topcoder.management.deliverable.stresstests.StressTestPersistenceDeliverableManager.testSearchDeliverables(StressTestPersistenceDeliverableManager.java:170)
	at sun.reflect.NativeMethodAccessorImpl.invoke0(Native Method)
	at sun.reflect.NativeMethodAccessorImpl.invoke(NativeMethodAccessorImpl.java:57)
	at sun.reflect.DelegatingMethodAccessorImpl.invoke(DelegatingMethodAccessorImpl.java:43)
	at java.lang.reflect.Method.invoke(Method.java:616)
	at junit.framework.TestCase.runTest(TestCase.java:168)
	at junit.framework.TestCase.runBare(TestCase.java:134)
	at junit.framework.TestResult$1.protect(TestResult.java:110)
	at junit.framework.TestResult.runProtected(TestResult.java:128)
	at junit.framework.TestResult.run(TestResult.java:113)
	at junit.framework.TestCase.run(TestCase.java:124)
	at junit.framework.TestSuite.runTest(TestSuite.java:232)
	at junit.framework.TestSuite.run(TestSuite.java:227)
	at junit.framework.TestSuite.runTest(TestSuite.java:232)
	at junit.framework.TestSuite.run(TestSuite.java:227)
	at junit.framework.TestSuite.runTest(TestSuite.java:232)
	at junit.framework.TestSuite.run(TestSuite.java:227)
	at org.apache.tools.ant.taskdefs.optional.junit.JUnitTestRunner.run(JUnitTestRunner.java:420)
	at org.apache.tools.ant.taskdefs.optional.junit.JUnitTestRunner.launch(JUnitTestRunner.java:911)
	at org.apache.tools.ant.taskdefs.optional.junit.JUnitTestRunner.main(JUnitTestRunner.java:768)
Adding Deliverable To List
com.topcoder.util.config.UnknownNamespaceException: com.topcoder.util.log is unknown
	at com.topcoder.util.config.DefaultConfigManager.getPropertyObject(DefaultConfigManager.java:429)
	at com.topcoder.util.config.DefaultConfigManager.getString(DefaultConfigManager.java:449)
	at com.topcoder.util.log.LogFactory.getAttribute(LogFactory.java:224)
	at com.topcoder.util.log.basic.BasicLog.log(BasicLog.java:74)
	at com.topcoder.management.deliverable.PersistenceDeliverableManager.searchDeliverables(PersistenceDeliverableManager.java:245)
	at com.topcoder.management.deliverable.stresstests.StressTestPersistenceDeliverableManager.testSearchDeliverables(StressTestPersistenceDeliverableManager.java:170)
	at sun.reflect.NativeMethodAccessorImpl.invoke0(Native Method)
	at sun.reflect.NativeMethodAccessorImpl.invoke(NativeMethodAccessorImpl.java:57)
	at sun.reflect.DelegatingMethodAccessorImpl.invoke(DelegatingMethodAccessorImpl.java:43)
	at java.lang.reflect.Method.invoke(Method.java:616)
	at junit.framework.TestCase.runTest(TestCase.java:168)
	at junit.framework.TestCase.runBare(TestCase.java:134)
	at junit.framework.TestResult$1.protect(TestResult.java:110)
	at junit.framework.TestResult.runProtected(TestResult.java:128)
	at junit.framework.TestResult.run(TestResult.java:113)
	at junit.framework.TestCase.run(TestCase.java:124)
	at junit.framework.TestSuite.runTest(TestSuite.java:232)
	at junit.framework.TestSuite.run(TestSuite.java:227)
	at junit.framework.TestSuite.runTest(TestSuite.java:232)
	at junit.framework.TestSuite.run(TestSuite.java:227)
	at junit.framework.TestSuite.runTest(TestSuite.java:232)
	at junit.framework.TestSuite.run(TestSuite.java:227)
	at org.apache.tools.ant.taskdefs.optional.junit.JUnitTestRunner.run(JUnitTestRunner.java:420)
	at org.apache.tools.ant.taskdefs.optional.junit.JUnitTestRunner.launch(JUnitTestRunner.java:911)
	at org.apache.tools.ant.taskdefs.optional.junit.JUnitTestRunner.main(JUnitTestRunner.java:768)
Search deliverables filter.
com.topcoder.util.config.UnknownNamespaceException: com.topcoder.util.log is unknown
	at com.topcoder.util.config.DefaultConfigManager.getPropertyObject(DefaultConfigManager.java:429)
	at com.topcoder.util.config.DefaultConfigManager.getString(DefaultConfigManager.java:449)
	at com.topcoder.util.log.LogFactory.getAttribute(LogFactory.java:224)
	at com.topcoder.util.log.basic.BasicLog.log(BasicLog.java:74)
	at com.topcoder.management.deliverable.DeliverableHelper.checkAndGetCustomResultSetValidDeliverable(DeliverableHelper.java:156)
	at com.topcoder.management.deliverable.PersistenceDeliverableManager.searchDeliverablesHelper(PersistenceDeliverableManager.java:284)
	at com.topcoder.management.deliverable.PersistenceDeliverableManager.searchDeliverables(PersistenceDeliverableManager.java:246)
	at com.topcoder.management.deliverable.stresstests.StressTestPersistenceDeliverableManager.testSearchDeliverables(StressTestPersistenceDeliverableManager.java:170)
	at sun.reflect.NativeMethodAccessorImpl.invoke0(Native Method)
	at sun.reflect.NativeMethodAccessorImpl.invoke(NativeMethodAccessorImpl.java:57)
	at sun.reflect.DelegatingMethodAccessorImpl.invoke(DelegatingMethodAccessorImpl.java:43)
	at java.lang.reflect.Method.invoke(Method.java:616)
	at junit.framework.TestCase.runTest(TestCase.java:168)
	at junit.framework.TestCase.runBare(TestCase.java:134)
	at junit.framework.TestResult$1.protect(TestResult.java:110)
	at junit.framework.TestResult.runProtected(TestResult.java:128)
	at junit.framework.TestResult.run(TestResult.java:113)
	at junit.framework.TestCase.run(TestCase.java:124)
	at junit.framework.TestSuite.runTest(TestSuite.java:232)
	at junit.framework.TestSuite.run(TestSuite.java:227)
	at junit.framework.TestSuite.runTest(TestSuite.java:232)
	at junit.framework.TestSuite.run(TestSuite.java:227)
	at junit.framework.TestSuite.runTest(TestSuite.java:232)
	at junit.framework.TestSuite.run(TestSuite.java:227)
	at org.apache.tools.ant.taskdefs.optional.junit.JUnitTestRunner.run(JUnitTestRunner.java:420)
	at org.apache.tools.ant.taskdefs.optional.junit.JUnitTestRunner.launch(JUnitTestRunner.java:911)
	at org.apache.tools.ant.taskdefs.optional.junit.JUnitTestRunner.main(JUnitTestRunner.java:768)
CustomResultSet Records: 2
com.topcoder.util.config.UnknownNamespaceException: com.topcoder.util.log is unknown
	at com.topcoder.util.config.DefaultConfigManager.getPropertyObject(DefaultConfigManager.java:429)
	at com.topcoder.util.config.DefaultConfigManager.getString(DefaultConfigManager.java:449)
	at com.topcoder.util.log.LogFactory.getAttribute(LogFactory.java:224)
	at com.topcoder.util.log.basic.BasicLog.log(BasicLog.java:74)
	at com.topcoder.management.deliverable.PersistenceDeliverableManager.searchDeliverablesHelper(PersistenceDeliverableManager.java:289)
	at com.topcoder.management.deliverable.PersistenceDeliverableManager.searchDeliverables(PersistenceDeliverableManager.java:246)
	at com.topcoder.management.deliverable.stresstests.StressTestPersistenceDeliverableManager.testSearchDeliverables(StressTestPersistenceDeliverableManager.java:170)
	at sun.reflect.NativeMethodAccessorImpl.invoke0(Native Method)
	at sun.reflect.NativeMethodAccessorImpl.invoke(NativeMethodAccessorImpl.java:57)
	at sun.reflect.DelegatingMethodAccessorImpl.invoke(DelegatingMethodAccessorImpl.java:43)
	at java.lang.reflect.Method.invoke(Method.java:616)
	at junit.framework.TestCase.runTest(TestCase.java:168)
	at junit.framework.TestCase.runBare(TestCase.java:134)
	at junit.framework.TestResult$1.protect(TestResult.java:110)
	at junit.framework.TestResult.runProtected(TestResult.java:128)
	at junit.framework.TestResult.run(TestResult.java:113)
	at junit.framework.TestCase.run(TestCase.java:124)
	at junit.framework.TestSuite.runTest(TestSuite.java:232)
	at junit.framework.TestSuite.run(TestSuite.java:227)
	at junit.framework.TestSuite.runTest(TestSuite.java:232)
	at junit.framework.TestSuite.run(TestSuite.java:227)
	at junit.framework.TestSuite.runTest(TestSuite.java:232)
	at junit.framework.TestSuite.run(TestSuite.java:227)
	at org.apache.tools.ant.taskdefs.optional.junit.JUnitTestRunner.run(JUnitTestRunner.java:420)
	at org.apache.tools.ant.taskdefs.optional.junit.JUnitTestRunner.launch(JUnitTestRunner.java:911)
	at org.apache.tools.ant.taskdefs.optional.junit.JUnitTestRunner.main(JUnitTestRunner.java:768)
Deliverable Id Array: 3, 2
com.topcoder.util.config.UnknownNamespaceException: com.topcoder.util.log is unknown
	at com.topcoder.util.config.DefaultConfigManager.getPropertyObject(DefaultConfigManager.java:429)
	at com.topcoder.util.config.DefaultConfigManager.getString(DefaultConfigManager.java:449)
	at com.topcoder.util.log.LogFactory.getAttribute(LogFactory.java:224)
	at com.topcoder.util.log.basic.BasicLog.log(BasicLog.java:74)
	at com.topcoder.management.deliverable.PersistenceDeliverableManager.searchDeliverablesHelper(PersistenceDeliverableManager.java:302)
	at com.topcoder.management.deliverable.PersistenceDeliverableManager.searchDeliverables(PersistenceDeliverableManager.java:246)
	at com.topcoder.management.deliverable.stresstests.StressTestPersistenceDeliverableManager.testSearchDeliverables(StressTestPersistenceDeliverableManager.java:170)
	at sun.reflect.NativeMethodAccessorImpl.invoke0(Native Method)
	at sun.reflect.NativeMethodAccessorImpl.invoke(NativeMethodAccessorImpl.java:57)
	at sun.reflect.DelegatingMethodAccessorImpl.invoke(DelegatingMethodAccessorImpl.java:43)
	at java.lang.reflect.Method.invoke(Method.java:616)
	at junit.framework.TestCase.runTest(TestCase.java:168)
	at junit.framework.TestCase.runBare(TestCase.java:134)
	at junit.framework.TestResult$1.protect(TestResult.java:110)
	at junit.framework.TestResult.runProtected(TestResult.java:128)
	at junit.framework.TestResult.run(TestResult.java:113)
	at junit.framework.TestCase.run(TestCase.java:124)
	at junit.framework.TestSuite.runTest(TestSuite.java:232)
	at junit.framework.TestSuite.run(TestSuite.java:227)
	at junit.framework.TestSuite.runTest(TestSuite.java:232)
	at junit.framework.TestSuite.run(TestSuite.java:227)
	at junit.framework.TestSuite.runTest(TestSuite.java:232)
	at junit.framework.TestSuite.run(TestSuite.java:227)
	at org.apache.tools.ant.taskdefs.optional.junit.JUnitTestRunner.run(JUnitTestRunner.java:420)
	at org.apache.tools.ant.taskdefs.optional.junit.JUnitTestRunner.launch(JUnitTestRunner.java:911)
	at org.apache.tools.ant.taskdefs.optional.junit.JUnitTestRunner.main(JUnitTestRunner.java:768)
Loading Deliverable Array
com.topcoder.util.config.UnknownNamespaceException: com.topcoder.util.log is unknown
	at com.topcoder.util.config.DefaultConfigManager.getPropertyObject(DefaultConfigManager.java:429)
	at com.topcoder.util.config.DefaultConfigManager.getString(DefaultConfigManager.java:449)
	at com.topcoder.util.log.LogFactory.getAttribute(LogFactory.java:224)
	at com.topcoder.util.log.basic.BasicLog.log(BasicLog.java:74)
	at com.topcoder.management.deliverable.PersistenceDeliverableManager.searchDeliverablesHelper(PersistenceDeliverableManager.java:325)
	at com.topcoder.management.deliverable.PersistenceDeliverableManager.searchDeliverables(PersistenceDeliverableManager.java:246)
	at com.topcoder.management.deliverable.stresstests.StressTestPersistenceDeliverableManager.testSearchDeliverables(StressTestPersistenceDeliverableManager.java:170)
	at sun.reflect.NativeMethodAccessorImpl.invoke0(Native Method)
	at sun.reflect.NativeMethodAccessorImpl.invoke(NativeMethodAccessorImpl.java:57)
	at sun.reflect.DelegatingMethodAccessorImpl.invoke(DelegatingMethodAccessorImpl.java:43)
	at java.lang.reflect.Method.invoke(Method.java:616)
	at junit.framework.TestCase.runTest(TestCase.java:168)
	at junit.framework.TestCase.runBare(TestCase.java:134)
	at junit.framework.TestResult$1.protect(TestResult.java:110)
	at junit.framework.TestResult.runProtected(TestResult.java:128)
	at junit.framework.TestResult.run(TestResult.java:113)
	at junit.framework.TestCase.run(TestCase.java:124)
	at junit.framework.TestSuite.runTest(TestSuite.java:232)
	at junit.framework.TestSuite.run(TestSuite.java:227)
	at junit.framework.TestSuite.runTest(TestSuite.java:232)
	at junit.framework.TestSuite.run(TestSuite.java:227)
	at junit.framework.TestSuite.runTest(TestSuite.java:232)
	at junit.framework.TestSuite.run(TestSuite.java:227)
	at org.apache.tools.ant.taskdefs.optional.junit.JUnitTestRunner.run(JUnitTestRunner.java:420)
	at org.apache.tools.ant.taskdefs.optional.junit.JUnitTestRunner.launch(JUnitTestRunner.java:911)
	at org.apache.tools.ant.taskdefs.optional.junit.JUnitTestRunner.main(JUnitTestRunner.java:768)
Adding Deliverable To List
com.topcoder.util.config.UnknownNamespaceException: com.topcoder.util.log is unknown
	at com.topcoder.util.config.DefaultConfigManager.getPropertyObject(DefaultConfigManager.java:429)
	at com.topcoder.util.config.DefaultConfigManager.getString(DefaultConfigManager.java:449)
	at com.topcoder.util.log.LogFactory.getAttribute(LogFactory.java:224)
	at com.topcoder.util.log.basic.BasicLog.log(BasicLog.java:74)
	at com.topcoder.management.deliverable.PersistenceDeliverableManager.searchDeliverablesHelper(PersistenceDeliverableManager.java:302)
	at com.topcoder.management.deliverable.PersistenceDeliverableManager.searchDeliverables(PersistenceDeliverableManager.java:246)
	at com.topcoder.management.deliverable.stresstests.StressTestPersistenceDeliverableManager.testSearchDeliverables(StressTestPersistenceDeliverableManager.java:170)
	at sun.reflect.NativeMethodAccessorImpl.invoke0(Native Method)
	at sun.reflect.NativeMethodAccessorImpl.invoke(NativeMethodAccessorImpl.java:57)
	at sun.reflect.DelegatingMethodAccessorImpl.invoke(DelegatingMethodAccessorImpl.java:43)
	at java.lang.reflect.Method.invoke(Method.java:616)
	at junit.framework.TestCase.runTest(TestCase.java:168)
	at junit.framework.TestCase.runBare(TestCase.java:134)
	at junit.framework.TestResult$1.protect(TestResult.java:110)
	at junit.framework.TestResult.runProtected(TestResult.java:128)
	at junit.framework.TestResult.run(TestResult.java:113)
	at junit.framework.TestCase.run(TestCase.java:124)
	at junit.framework.TestSuite.runTest(TestSuite.java:232)
	at junit.framework.TestSuite.run(TestSuite.java:227)
	at junit.framework.TestSuite.runTest(TestSuite.java:232)
	at junit.framework.TestSuite.run(TestSuite.java:227)
	at junit.framework.TestSuite.runTest(TestSuite.java:232)
	at junit.framework.TestSuite.run(TestSuite.java:227)
	at org.apache.tools.ant.taskdefs.optional.junit.JUnitTestRunner.run(JUnitTestRunner.java:420)
	at org.apache.tools.ant.taskdefs.optional.junit.JUnitTestRunner.launch(JUnitTestRunner.java:911)
	at org.apache.tools.ant.taskdefs.optional.junit.JUnitTestRunner.main(JUnitTestRunner.java:768)
Loading Deliverable Array
com.topcoder.util.config.UnknownNamespaceException: com.topcoder.util.log is unknown
	at com.topcoder.util.config.DefaultConfigManager.getPropertyObject(DefaultConfigManager.java:429)
	at com.topcoder.util.config.DefaultConfigManager.getString(DefaultConfigManager.java:449)
	at com.topcoder.util.log.LogFactory.getAttribute(LogFactory.java:224)
	at com.topcoder.util.log.basic.BasicLog.log(BasicLog.java:74)
	at com.topcoder.management.deliverable.PersistenceDeliverableManager.searchDeliverablesHelper(PersistenceDeliverableManager.java:325)
	at com.topcoder.management.deliverable.PersistenceDeliverableManager.searchDeliverables(PersistenceDeliverableManager.java:246)
	at com.topcoder.management.deliverable.stresstests.StressTestPersistenceDeliverableManager.testSearchDeliverables(StressTestPersistenceDeliverableManager.java:170)
	at sun.reflect.NativeMethodAccessorImpl.invoke0(Native Method)
	at sun.reflect.NativeMethodAccessorImpl.invoke(NativeMethodAccessorImpl.java:57)
	at sun.reflect.DelegatingMethodAccessorImpl.invoke(DelegatingMethodAccessorImpl.java:43)
	at java.lang.reflect.Method.invoke(Method.java:616)
	at junit.framework.TestCase.runTest(TestCase.java:168)
	at junit.framework.TestCase.runBare(TestCase.java:134)
	at junit.framework.TestResult$1.protect(TestResult.java:110)
	at junit.framework.TestResult.runProtected(TestResult.java:128)
	at junit.framework.TestResult.run(TestResult.java:113)
	at junit.framework.TestCase.run(TestCase.java:124)
	at junit.framework.TestSuite.runTest(TestSuite.java:232)
	at junit.framework.TestSuite.run(TestSuite.java:227)
	at junit.framework.TestSuite.runTest(TestSuite.java:232)
	at junit.framework.TestSuite.run(TestSuite.java:227)
	at junit.framework.TestSuite.runTest(TestSuite.java:232)
	at junit.framework.TestSuite.run(TestSuite.java:227)
	at org.apache.tools.ant.taskdefs.optional.junit.JUnitTestRunner.run(JUnitTestRunner.java:420)
	at org.apache.tools.ant.taskdefs.optional.junit.JUnitTestRunner.launch(JUnitTestRunner.java:911)
	at org.apache.tools.ant.taskdefs.optional.junit.JUnitTestRunner.main(JUnitTestRunner.java:768)
Adding Deliverable To List
com.topcoder.util.config.UnknownNamespaceException: com.topcoder.util.log is unknown
	at com.topcoder.util.config.DefaultConfigManager.getPropertyObject(DefaultConfigManager.java:429)
	at com.topcoder.util.config.DefaultConfigManager.getString(DefaultConfigManager.java:449)
	at com.topcoder.util.log.LogFactory.getAttribute(LogFactory.java:224)
	at com.topcoder.util.log.basic.BasicLog.log(BasicLog.java:74)
	at com.topcoder.management.deliverable.PersistenceDeliverableManager.searchDeliverables(PersistenceDeliverableManager.java:245)
	at com.topcoder.management.deliverable.stresstests.StressTestPersistenceDeliverableManager.testSearchDeliverables(StressTestPersistenceDeliverableManager.java:170)
	at sun.reflect.NativeMethodAccessorImpl.invoke0(Native Method)
	at sun.reflect.NativeMethodAccessorImpl.invoke(NativeMethodAccessorImpl.java:57)
	at sun.reflect.DelegatingMethodAccessorImpl.invoke(DelegatingMethodAccessorImpl.java:43)
	at java.lang.reflect.Method.invoke(Method.java:616)
	at junit.framework.TestCase.runTest(TestCase.java:168)
	at junit.framework.TestCase.runBare(TestCase.java:134)
	at junit.framework.TestResult$1.protect(TestResult.java:110)
	at junit.framework.TestResult.runProtected(TestResult.java:128)
	at junit.framework.TestResult.run(TestResult.java:113)
	at junit.framework.TestCase.run(TestCase.java:124)
	at junit.framework.TestSuite.runTest(TestSuite.java:232)
	at junit.framework.TestSuite.run(TestSuite.java:227)
	at junit.framework.TestSuite.runTest(TestSuite.java:232)
	at junit.framework.TestSuite.run(TestSuite.java:227)
	at junit.framework.TestSuite.runTest(TestSuite.java:232)
	at junit.framework.TestSuite.run(TestSuite.java:227)
	at org.apache.tools.ant.taskdefs.optional.junit.JUnitTestRunner.run(JUnitTestRunner.java:420)
	at org.apache.tools.ant.taskdefs.optional.junit.JUnitTestRunner.launch(JUnitTestRunner.java:911)
	at org.apache.tools.ant.taskdefs.optional.junit.JUnitTestRunner.main(JUnitTestRunner.java:768)
Search deliverables filter.
com.topcoder.util.config.UnknownNamespaceException: com.topcoder.util.log is unknown
	at com.topcoder.util.config.DefaultConfigManager.getPropertyObject(DefaultConfigManager.java:429)
	at com.topcoder.util.config.DefaultConfigManager.getString(DefaultConfigManager.java:449)
	at com.topcoder.util.log.LogFactory.getAttribute(LogFactory.java:224)
	at com.topcoder.util.log.basic.BasicLog.log(BasicLog.java:74)
	at com.topcoder.management.deliverable.DeliverableHelper.checkAndGetCustomResultSetValidDeliverable(DeliverableHelper.java:156)
	at com.topcoder.management.deliverable.PersistenceDeliverableManager.searchDeliverablesHelper(PersistenceDeliverableManager.java:284)
	at com.topcoder.management.deliverable.PersistenceDeliverableManager.searchDeliverables(PersistenceDeliverableManager.java:246)
	at com.topcoder.management.deliverable.stresstests.StressTestPersistenceDeliverableManager.testSearchDeliverables(StressTestPersistenceDeliverableManager.java:170)
	at sun.reflect.NativeMethodAccessorImpl.invoke0(Native Method)
	at sun.reflect.NativeMethodAccessorImpl.invoke(NativeMethodAccessorImpl.java:57)
	at sun.reflect.DelegatingMethodAccessorImpl.invoke(DelegatingMethodAccessorImpl.java:43)
	at java.lang.reflect.Method.invoke(Method.java:616)
	at junit.framework.TestCase.runTest(TestCase.java:168)
	at junit.framework.TestCase.runBare(TestCase.java:134)
	at junit.framework.TestResult$1.protect(TestResult.java:110)
	at junit.framework.TestResult.runProtected(TestResult.java:128)
	at junit.framework.TestResult.run(TestResult.java:113)
	at junit.framework.TestCase.run(TestCase.java:124)
	at junit.framework.TestSuite.runTest(TestSuite.java:232)
	at junit.framework.TestSuite.run(TestSuite.java:227)
	at junit.framework.TestSuite.runTest(TestSuite.java:232)
	at junit.framework.TestSuite.run(TestSuite.java:227)
	at junit.framework.TestSuite.runTest(TestSuite.java:232)
	at junit.framework.TestSuite.run(TestSuite.java:227)
	at org.apache.tools.ant.taskdefs.optional.junit.JUnitTestRunner.run(JUnitTestRunner.java:420)
	at org.apache.tools.ant.taskdefs.optional.junit.JUnitTestRunner.launch(JUnitTestRunner.java:911)
	at org.apache.tools.ant.taskdefs.optional.junit.JUnitTestRunner.main(JUnitTestRunner.java:768)
CustomResultSet Records: 2
com.topcoder.util.config.UnknownNamespaceException: com.topcoder.util.log is unknown
	at com.topcoder.util.config.DefaultConfigManager.getPropertyObject(DefaultConfigManager.java:429)
	at com.topcoder.util.config.DefaultConfigManager.getString(DefaultConfigManager.java:449)
	at com.topcoder.util.log.LogFactory.getAttribute(LogFactory.java:224)
	at com.topcoder.util.log.basic.BasicLog.log(BasicLog.java:74)
	at com.topcoder.management.deliverable.PersistenceDeliverableManager.searchDeliverablesHelper(PersistenceDeliverableManager.java:289)
	at com.topcoder.management.deliverable.PersistenceDeliverableManager.searchDeliverables(PersistenceDeliverableManager.java:246)
	at com.topcoder.management.deliverable.stresstests.StressTestPersistenceDeliverableManager.testSearchDeliverables(StressTestPersistenceDeliverableManager.java:170)
	at sun.reflect.NativeMethodAccessorImpl.invoke0(Native Method)
	at sun.reflect.NativeMethodAccessorImpl.invoke(NativeMethodAccessorImpl.java:57)
	at sun.reflect.DelegatingMethodAccessorImpl.invoke(DelegatingMethodAccessorImpl.java:43)
	at java.lang.reflect.Method.invoke(Method.java:616)
	at junit.framework.TestCase.runTest(TestCase.java:168)
	at junit.framework.TestCase.runBare(TestCase.java:134)
	at junit.framework.TestResult$1.protect(TestResult.java:110)
	at junit.framework.TestResult.runProtected(TestResult.java:128)
	at junit.framework.TestResult.run(TestResult.java:113)
	at junit.framework.TestCase.run(TestCase.java:124)
	at junit.framework.TestSuite.runTest(TestSuite.java:232)
	at junit.framework.TestSuite.run(TestSuite.java:227)
	at junit.framework.TestSuite.runTest(TestSuite.java:232)
	at junit.framework.TestSuite.run(TestSuite.java:227)
	at junit.framework.TestSuite.runTest(TestSuite.java:232)
	at junit.framework.TestSuite.run(TestSuite.java:227)
	at org.apache.tools.ant.taskdefs.optional.junit.JUnitTestRunner.run(JUnitTestRunner.java:420)
	at org.apache.tools.ant.taskdefs.optional.junit.JUnitTestRunner.launch(JUnitTestRunner.java:911)
	at org.apache.tools.ant.taskdefs.optional.junit.JUnitTestRunner.main(JUnitTestRunner.java:768)
Deliverable Id Array: 3, 2
com.topcoder.util.config.UnknownNamespaceException: com.topcoder.util.log is unknown
	at com.topcoder.util.config.DefaultConfigManager.getPropertyObject(DefaultConfigManager.java:429)
	at com.topcoder.util.config.DefaultConfigManager.getString(DefaultConfigManager.java:449)
	at com.topcoder.util.log.LogFactory.getAttribute(LogFactory.java:224)
	at com.topcoder.util.log.basic.BasicLog.log(BasicLog.java:74)
	at com.topcoder.management.deliverable.PersistenceDeliverableManager.searchDeliverablesHelper(PersistenceDeliverableManager.java:302)
	at com.topcoder.management.deliverable.PersistenceDeliverableManager.searchDeliverables(PersistenceDeliverableManager.java:246)
	at com.topcoder.management.deliverable.stresstests.StressTestPersistenceDeliverableManager.testSearchDeliverables(StressTestPersistenceDeliverableManager.java:170)
	at sun.reflect.NativeMethodAccessorImpl.invoke0(Native Method)
	at sun.reflect.NativeMethodAccessorImpl.invoke(NativeMethodAccessorImpl.java:57)
	at sun.reflect.DelegatingMethodAccessorImpl.invoke(DelegatingMethodAccessorImpl.java:43)
	at java.lang.reflect.Method.invoke(Method.java:616)
	at junit.framework.TestCase.runTest(TestCase.java:168)
	at junit.framework.TestCase.runBare(TestCase.java:134)
	at junit.framework.TestResult$1.protect(TestResult.java:110)
	at junit.framework.TestResult.runProtected(TestResult.java:128)
	at junit.framework.TestResult.run(TestResult.java:113)
	at junit.framework.TestCase.run(TestCase.java:124)
	at junit.framework.TestSuite.runTest(TestSuite.java:232)
	at junit.framework.TestSuite.run(TestSuite.java:227)
	at junit.framework.TestSuite.runTest(TestSuite.java:232)
	at junit.framework.TestSuite.run(TestSuite.java:227)
	at junit.framework.TestSuite.runTest(TestSuite.java:232)
	at junit.framework.TestSuite.run(TestSuite.java:227)
	at org.apache.tools.ant.taskdefs.optional.junit.JUnitTestRunner.run(JUnitTestRunner.java:420)
	at org.apache.tools.ant.taskdefs.optional.junit.JUnitTestRunner.launch(JUnitTestRunner.java:911)
	at org.apache.tools.ant.taskdefs.optional.junit.JUnitTestRunner.main(JUnitTestRunner.java:768)
Loading Deliverable Array
com.topcoder.util.config.UnknownNamespaceException: com.topcoder.util.log is unknown
	at com.topcoder.util.config.DefaultConfigManager.getPropertyObject(DefaultConfigManager.java:429)
	at com.topcoder.util.config.DefaultConfigManager.getString(DefaultConfigManager.java:449)
	at com.topcoder.util.log.LogFactory.getAttribute(LogFactory.java:224)
	at com.topcoder.util.log.basic.BasicLog.log(BasicLog.java:74)
	at com.topcoder.management.deliverable.PersistenceDeliverableManager.searchDeliverablesHelper(PersistenceDeliverableManager.java:325)
	at com.topcoder.management.deliverable.PersistenceDeliverableManager.searchDeliverables(PersistenceDeliverableManager.java:246)
	at com.topcoder.management.deliverable.stresstests.StressTestPersistenceDeliverableManager.testSearchDeliverables(StressTestPersistenceDeliverableManager.java:170)
	at sun.reflect.NativeMethodAccessorImpl.invoke0(Native Method)
	at sun.reflect.NativeMethodAccessorImpl.invoke(NativeMethodAccessorImpl.java:57)
	at sun.reflect.DelegatingMethodAccessorImpl.invoke(DelegatingMethodAccessorImpl.java:43)
	at java.lang.reflect.Method.invoke(Method.java:616)
	at junit.framework.TestCase.runTest(TestCase.java:168)
	at junit.framework.TestCase.runBare(TestCase.java:134)
	at junit.framework.TestResult$1.protect(TestResult.java:110)
	at junit.framework.TestResult.runProtected(TestResult.java:128)
	at junit.framework.TestResult.run(TestResult.java:113)
	at junit.framework.TestCase.run(TestCase.java:124)
	at junit.framework.TestSuite.runTest(TestSuite.java:232)
	at junit.framework.TestSuite.run(TestSuite.java:227)
	at junit.framework.TestSuite.runTest(TestSuite.java:232)
	at junit.framework.TestSuite.run(TestSuite.java:227)
	at junit.framework.TestSuite.runTest(TestSuite.java:232)
	at junit.framework.TestSuite.run(TestSuite.java:227)
	at org.apache.tools.ant.taskdefs.optional.junit.JUnitTestRunner.run(JUnitTestRunner.java:420)
	at org.apache.tools.ant.taskdefs.optional.junit.JUnitTestRunner.launch(JUnitTestRunner.java:911)
	at org.apache.tools.ant.taskdefs.optional.junit.JUnitTestRunner.main(JUnitTestRunner.java:768)
Adding Deliverable To List
com.topcoder.util.config.UnknownNamespaceException: com.topcoder.util.log is unknown
	at com.topcoder.util.config.DefaultConfigManager.getPropertyObject(DefaultConfigManager.java:429)
	at com.topcoder.util.config.DefaultConfigManager.getString(DefaultConfigManager.java:449)
	at com.topcoder.util.log.LogFactory.getAttribute(LogFactory.java:224)
	at com.topcoder.util.log.basic.BasicLog.log(BasicLog.java:74)
	at com.topcoder.management.deliverable.PersistenceDeliverableManager.searchDeliverablesHelper(PersistenceDeliverableManager.java:302)
	at com.topcoder.management.deliverable.PersistenceDeliverableManager.searchDeliverables(PersistenceDeliverableManager.java:246)
	at com.topcoder.management.deliverable.stresstests.StressTestPersistenceDeliverableManager.testSearchDeliverables(StressTestPersistenceDeliverableManager.java:170)
	at sun.reflect.NativeMethodAccessorImpl.invoke0(Native Method)
	at sun.reflect.NativeMethodAccessorImpl.invoke(NativeMethodAccessorImpl.java:57)
	at sun.reflect.DelegatingMethodAccessorImpl.invoke(DelegatingMethodAccessorImpl.java:43)
	at java.lang.reflect.Method.invoke(Method.java:616)
	at junit.framework.TestCase.runTest(TestCase.java:168)
	at junit.framework.TestCase.runBare(TestCase.java:134)
	at junit.framework.TestResult$1.protect(TestResult.java:110)
	at junit.framework.TestResult.runProtected(TestResult.java:128)
	at junit.framework.TestResult.run(TestResult.java:113)
	at junit.framework.TestCase.run(TestCase.java:124)
	at junit.framework.TestSuite.runTest(TestSuite.java:232)
	at junit.framework.TestSuite.run(TestSuite.java:227)
	at junit.framework.TestSuite.runTest(TestSuite.java:232)
	at junit.framework.TestSuite.run(TestSuite.java:227)
	at junit.framework.TestSuite.runTest(TestSuite.java:232)
	at junit.framework.TestSuite.run(TestSuite.java:227)
	at org.apache.tools.ant.taskdefs.optional.junit.JUnitTestRunner.run(JUnitTestRunner.java:420)
	at org.apache.tools.ant.taskdefs.optional.junit.JUnitTestRunner.launch(JUnitTestRunner.java:911)
	at org.apache.tools.ant.taskdefs.optional.junit.JUnitTestRunner.main(JUnitTestRunner.java:768)
Loading Deliverable Array
com.topcoder.util.config.UnknownNamespaceException: com.topcoder.util.log is unknown
	at com.topcoder.util.config.DefaultConfigManager.getPropertyObject(DefaultConfigManager.java:429)
	at com.topcoder.util.config.DefaultConfigManager.getString(DefaultConfigManager.java:449)
	at com.topcoder.util.log.LogFactory.getAttribute(LogFactory.java:224)
	at com.topcoder.util.log.basic.BasicLog.log(BasicLog.java:74)
	at com.topcoder.management.deliverable.PersistenceDeliverableManager.searchDeliverablesHelper(PersistenceDeliverableManager.java:325)
	at com.topcoder.management.deliverable.PersistenceDeliverableManager.searchDeliverables(PersistenceDeliverableManager.java:246)
	at com.topcoder.management.deliverable.stresstests.StressTestPersistenceDeliverableManager.testSearchDeliverables(StressTestPersistenceDeliverableManager.java:170)
	at sun.reflect.NativeMethodAccessorImpl.invoke0(Native Method)
	at sun.reflect.NativeMethodAccessorImpl.invoke(NativeMethodAccessorImpl.java:57)
	at sun.reflect.DelegatingMethodAccessorImpl.invoke(DelegatingMethodAccessorImpl.java:43)
	at java.lang.reflect.Method.invoke(Method.java:616)
	at junit.framework.TestCase.runTest(TestCase.java:168)
	at junit.framework.TestCase.runBare(TestCase.java:134)
	at junit.framework.TestResult$1.protect(TestResult.java:110)
	at junit.framework.TestResult.runProtected(TestResult.java:128)
	at junit.framework.TestResult.run(TestResult.java:113)
	at junit.framework.TestCase.run(TestCase.java:124)
	at junit.framework.TestSuite.runTest(TestSuite.java:232)
	at junit.framework.TestSuite.run(TestSuite.java:227)
	at junit.framework.TestSuite.runTest(TestSuite.java:232)
	at junit.framework.TestSuite.run(TestSuite.java:227)
	at junit.framework.TestSuite.runTest(TestSuite.java:232)
	at junit.framework.TestSuite.run(TestSuite.java:227)
	at org.apache.tools.ant.taskdefs.optional.junit.JUnitTestRunner.run(JUnitTestRunner.java:420)
	at org.apache.tools.ant.taskdefs.optional.junit.JUnitTestRunner.launch(JUnitTestRunner.java:911)
	at org.apache.tools.ant.taskdefs.optional.junit.JUnitTestRunner.main(JUnitTestRunner.java:768)
Adding Deliverable To List
com.topcoder.util.config.UnknownNamespaceException: com.topcoder.util.log is unknown
	at com.topcoder.util.config.DefaultConfigManager.getPropertyObject(DefaultConfigManager.java:429)
	at com.topcoder.util.config.DefaultConfigManager.getString(DefaultConfigManager.java:449)
	at com.topcoder.util.log.LogFactory.getAttribute(LogFactory.java:224)
	at com.topcoder.util.log.basic.BasicLog.log(BasicLog.java:74)
	at com.topcoder.management.deliverable.PersistenceDeliverableManager.searchDeliverables(PersistenceDeliverableManager.java:245)
	at com.topcoder.management.deliverable.stresstests.StressTestPersistenceDeliverableManager.testSearchDeliverables(StressTestPersistenceDeliverableManager.java:170)
	at sun.reflect.NativeMethodAccessorImpl.invoke0(Native Method)
	at sun.reflect.NativeMethodAccessorImpl.invoke(NativeMethodAccessorImpl.java:57)
	at sun.reflect.DelegatingMethodAccessorImpl.invoke(DelegatingMethodAccessorImpl.java:43)
	at java.lang.reflect.Method.invoke(Method.java:616)
	at junit.framework.TestCase.runTest(TestCase.java:168)
	at junit.framework.TestCase.runBare(TestCase.java:134)
	at junit.framework.TestResult$1.protect(TestResult.java:110)
	at junit.framework.TestResult.runProtected(TestResult.java:128)
	at junit.framework.TestResult.run(TestResult.java:113)
	at junit.framework.TestCase.run(TestCase.java:124)
	at junit.framework.TestSuite.runTest(TestSuite.java:232)
	at junit.framework.TestSuite.run(TestSuite.java:227)
	at junit.framework.TestSuite.runTest(TestSuite.java:232)
	at junit.framework.TestSuite.run(TestSuite.java:227)
	at junit.framework.TestSuite.runTest(TestSuite.java:232)
	at junit.framework.TestSuite.run(TestSuite.java:227)
	at org.apache.tools.ant.taskdefs.optional.junit.JUnitTestRunner.run(JUnitTestRunner.java:420)
	at org.apache.tools.ant.taskdefs.optional.junit.JUnitTestRunner.launch(JUnitTestRunner.java:911)
	at org.apache.tools.ant.taskdefs.optional.junit.JUnitTestRunner.main(JUnitTestRunner.java:768)
Search deliverables filter.
com.topcoder.util.config.UnknownNamespaceException: com.topcoder.util.log is unknown
	at com.topcoder.util.config.DefaultConfigManager.getPropertyObject(DefaultConfigManager.java:429)
	at com.topcoder.util.config.DefaultConfigManager.getString(DefaultConfigManager.java:449)
	at com.topcoder.util.log.LogFactory.getAttribute(LogFactory.java:224)
	at com.topcoder.util.log.basic.BasicLog.log(BasicLog.java:74)
	at com.topcoder.management.deliverable.DeliverableHelper.checkAndGetCustomResultSetValidDeliverable(DeliverableHelper.java:156)
	at com.topcoder.management.deliverable.PersistenceDeliverableManager.searchDeliverablesHelper(PersistenceDeliverableManager.java:284)
	at com.topcoder.management.deliverable.PersistenceDeliverableManager.searchDeliverables(PersistenceDeliverableManager.java:246)
	at com.topcoder.management.deliverable.stresstests.StressTestPersistenceDeliverableManager.testSearchDeliverables(StressTestPersistenceDeliverableManager.java:170)
	at sun.reflect.NativeMethodAccessorImpl.invoke0(Native Method)
	at sun.reflect.NativeMethodAccessorImpl.invoke(NativeMethodAccessorImpl.java:57)
	at sun.reflect.DelegatingMethodAccessorImpl.invoke(DelegatingMethodAccessorImpl.java:43)
	at java.lang.reflect.Method.invoke(Method.java:616)
	at junit.framework.TestCase.runTest(TestCase.java:168)
	at junit.framework.TestCase.runBare(TestCase.java:134)
	at junit.framework.TestResult$1.protect(TestResult.java:110)
	at junit.framework.TestResult.runProtected(TestResult.java:128)
	at junit.framework.TestResult.run(TestResult.java:113)
	at junit.framework.TestCase.run(TestCase.java:124)
	at junit.framework.TestSuite.runTest(TestSuite.java:232)
	at junit.framework.TestSuite.run(TestSuite.java:227)
	at junit.framework.TestSuite.runTest(TestSuite.java:232)
	at junit.framework.TestSuite.run(TestSuite.java:227)
	at junit.framework.TestSuite.runTest(TestSuite.java:232)
	at junit.framework.TestSuite.run(TestSuite.java:227)
	at org.apache.tools.ant.taskdefs.optional.junit.JUnitTestRunner.run(JUnitTestRunner.java:420)
	at org.apache.tools.ant.taskdefs.optional.junit.JUnitTestRunner.launch(JUnitTestRunner.java:911)
	at org.apache.tools.ant.taskdefs.optional.junit.JUnitTestRunner.main(JUnitTestRunner.java:768)
CustomResultSet Records: 2
com.topcoder.util.config.UnknownNamespaceException: com.topcoder.util.log is unknown
	at com.topcoder.util.config.DefaultConfigManager.getPropertyObject(DefaultConfigManager.java:429)
	at com.topcoder.util.config.DefaultConfigManager.getString(DefaultConfigManager.java:449)
	at com.topcoder.util.log.LogFactory.getAttribute(LogFactory.java:224)
	at com.topcoder.util.log.basic.BasicLog.log(BasicLog.java:74)
	at com.topcoder.management.deliverable.PersistenceDeliverableManager.searchDeliverablesHelper(PersistenceDeliverableManager.java:289)
	at com.topcoder.management.deliverable.PersistenceDeliverableManager.searchDeliverables(PersistenceDeliverableManager.java:246)
	at com.topcoder.management.deliverable.stresstests.StressTestPersistenceDeliverableManager.testSearchDeliverables(StressTestPersistenceDeliverableManager.java:170)
	at sun.reflect.NativeMethodAccessorImpl.invoke0(Native Method)
	at sun.reflect.NativeMethodAccessorImpl.invoke(NativeMethodAccessorImpl.java:57)
	at sun.reflect.DelegatingMethodAccessorImpl.invoke(DelegatingMethodAccessorImpl.java:43)
	at java.lang.reflect.Method.invoke(Method.java:616)
	at junit.framework.TestCase.runTest(TestCase.java:168)
	at junit.framework.TestCase.runBare(TestCase.java:134)
	at junit.framework.TestResult$1.protect(TestResult.java:110)
	at junit.framework.TestResult.runProtected(TestResult.java:128)
	at junit.framework.TestResult.run(TestResult.java:113)
	at junit.framework.TestCase.run(TestCase.java:124)
	at junit.framework.TestSuite.runTest(TestSuite.java:232)
	at junit.framework.TestSuite.run(TestSuite.java:227)
	at junit.framework.TestSuite.runTest(TestSuite.java:232)
	at junit.framework.TestSuite.run(TestSuite.java:227)
	at junit.framework.TestSuite.runTest(TestSuite.java:232)
	at junit.framework.TestSuite.run(TestSuite.java:227)
	at org.apache.tools.ant.taskdefs.optional.junit.JUnitTestRunner.run(JUnitTestRunner.java:420)
	at org.apache.tools.ant.taskdefs.optional.junit.JUnitTestRunner.launch(JUnitTestRunner.java:911)
	at org.apache.tools.ant.taskdefs.optional.junit.JUnitTestRunner.main(JUnitTestRunner.java:768)
Deliverable Id Array: 3, 2
com.topcoder.util.config.UnknownNamespaceException: com.topcoder.util.log is unknown
	at com.topcoder.util.config.DefaultConfigManager.getPropertyObject(DefaultConfigManager.java:429)
	at com.topcoder.util.config.DefaultConfigManager.getString(DefaultConfigManager.java:449)
	at com.topcoder.util.log.LogFactory.getAttribute(LogFactory.java:224)
	at com.topcoder.util.log.basic.BasicLog.log(BasicLog.java:74)
	at com.topcoder.management.deliverable.PersistenceDeliverableManager.searchDeliverablesHelper(PersistenceDeliverableManager.java:302)
	at com.topcoder.management.deliverable.PersistenceDeliverableManager.searchDeliverables(PersistenceDeliverableManager.java:246)
	at com.topcoder.management.deliverable.stresstests.StressTestPersistenceDeliverableManager.testSearchDeliverables(StressTestPersistenceDeliverableManager.java:170)
	at sun.reflect.NativeMethodAccessorImpl.invoke0(Native Method)
	at sun.reflect.NativeMethodAccessorImpl.invoke(NativeMethodAccessorImpl.java:57)
	at sun.reflect.DelegatingMethodAccessorImpl.invoke(DelegatingMethodAccessorImpl.java:43)
	at java.lang.reflect.Method.invoke(Method.java:616)
	at junit.framework.TestCase.runTest(TestCase.java:168)
	at junit.framework.TestCase.runBare(TestCase.java:134)
	at junit.framework.TestResult$1.protect(TestResult.java:110)
	at junit.framework.TestResult.runProtected(TestResult.java:128)
	at junit.framework.TestResult.run(TestResult.java:113)
	at junit.framework.TestCase.run(TestCase.java:124)
	at junit.framework.TestSuite.runTest(TestSuite.java:232)
	at junit.framework.TestSuite.run(TestSuite.java:227)
	at junit.framework.TestSuite.runTest(TestSuite.java:232)
	at junit.framework.TestSuite.run(TestSuite.java:227)
	at junit.framework.TestSuite.runTest(TestSuite.java:232)
	at junit.framework.TestSuite.run(TestSuite.java:227)
	at org.apache.tools.ant.taskdefs.optional.junit.JUnitTestRunner.run(JUnitTestRunner.java:420)
	at org.apache.tools.ant.taskdefs.optional.junit.JUnitTestRunner.launch(JUnitTestRunner.java:911)
	at org.apache.tools.ant.taskdefs.optional.junit.JUnitTestRunner.main(JUnitTestRunner.java:768)
Loading Deliverable Array
com.topcoder.util.config.UnknownNamespaceException: com.topcoder.util.log is unknown
	at com.topcoder.util.config.DefaultConfigManager.getPropertyObject(DefaultConfigManager.java:429)
	at com.topcoder.util.config.DefaultConfigManager.getString(DefaultConfigManager.java:449)
	at com.topcoder.util.log.LogFactory.getAttribute(LogFactory.java:224)
	at com.topcoder.util.log.basic.BasicLog.log(BasicLog.java:74)
	at com.topcoder.management.deliverable.PersistenceDeliverableManager.searchDeliverablesHelper(PersistenceDeliverableManager.java:325)
	at com.topcoder.management.deliverable.PersistenceDeliverableManager.searchDeliverables(PersistenceDeliverableManager.java:246)
	at com.topcoder.management.deliverable.stresstests.StressTestPersistenceDeliverableManager.testSearchDeliverables(StressTestPersistenceDeliverableManager.java:170)
	at sun.reflect.NativeMethodAccessorImpl.invoke0(Native Method)
	at sun.reflect.NativeMethodAccessorImpl.invoke(NativeMethodAccessorImpl.java:57)
	at sun.reflect.DelegatingMethodAccessorImpl.invoke(DelegatingMethodAccessorImpl.java:43)
	at java.lang.reflect.Method.invoke(Method.java:616)
	at junit.framework.TestCase.runTest(TestCase.java:168)
	at junit.framework.TestCase.runBare(TestCase.java:134)
	at junit.framework.TestResult$1.protect(TestResult.java:110)
	at junit.framework.TestResult.runProtected(TestResult.java:128)
	at junit.framework.TestResult.run(TestResult.java:113)
	at junit.framework.TestCase.run(TestCase.java:124)
	at junit.framework.TestSuite.runTest(TestSuite.java:232)
	at junit.framework.TestSuite.run(TestSuite.java:227)
	at junit.framework.TestSuite.runTest(TestSuite.java:232)
	at junit.framework.TestSuite.run(TestSuite.java:227)
	at junit.framework.TestSuite.runTest(TestSuite.java:232)
	at junit.framework.TestSuite.run(TestSuite.java:227)
	at org.apache.tools.ant.taskdefs.optional.junit.JUnitTestRunner.run(JUnitTestRunner.java:420)
	at org.apache.tools.ant.taskdefs.optional.junit.JUnitTestRunner.launch(JUnitTestRunner.java:911)
	at org.apache.tools.ant.taskdefs.optional.junit.JUnitTestRunner.main(JUnitTestRunner.java:768)
Adding Deliverable To List
com.topcoder.util.config.UnknownNamespaceException: com.topcoder.util.log is unknown
	at com.topcoder.util.config.DefaultConfigManager.getPropertyObject(DefaultConfigManager.java:429)
	at com.topcoder.util.config.DefaultConfigManager.getString(DefaultConfigManager.java:449)
	at com.topcoder.util.log.LogFactory.getAttribute(LogFactory.java:224)
	at com.topcoder.util.log.basic.BasicLog.log(BasicLog.java:74)
	at com.topcoder.management.deliverable.PersistenceDeliverableManager.searchDeliverablesHelper(PersistenceDeliverableManager.java:302)
	at com.topcoder.management.deliverable.PersistenceDeliverableManager.searchDeliverables(PersistenceDeliverableManager.java:246)
	at com.topcoder.management.deliverable.stresstests.StressTestPersistenceDeliverableManager.testSearchDeliverables(StressTestPersistenceDeliverableManager.java:170)
	at sun.reflect.NativeMethodAccessorImpl.invoke0(Native Method)
	at sun.reflect.NativeMethodAccessorImpl.invoke(NativeMethodAccessorImpl.java:57)
	at sun.reflect.DelegatingMethodAccessorImpl.invoke(DelegatingMethodAccessorImpl.java:43)
	at java.lang.reflect.Method.invoke(Method.java:616)
	at junit.framework.TestCase.runTest(TestCase.java:168)
	at junit.framework.TestCase.runBare(TestCase.java:134)
	at junit.framework.TestResult$1.protect(TestResult.java:110)
	at junit.framework.TestResult.runProtected(TestResult.java:128)
	at junit.framework.TestResult.run(TestResult.java:113)
	at junit.framework.TestCase.run(TestCase.java:124)
	at junit.framework.TestSuite.runTest(TestSuite.java:232)
	at junit.framework.TestSuite.run(TestSuite.java:227)
	at junit.framework.TestSuite.runTest(TestSuite.java:232)
	at junit.framework.TestSuite.run(TestSuite.java:227)
	at junit.framework.TestSuite.runTest(TestSuite.java:232)
	at junit.framework.TestSuite.run(TestSuite.java:227)
	at org.apache.tools.ant.taskdefs.optional.junit.JUnitTestRunner.run(JUnitTestRunner.java:420)
	at org.apache.tools.ant.taskdefs.optional.junit.JUnitTestRunner.launch(JUnitTestRunner.java:911)
	at org.apache.tools.ant.taskdefs.optional.junit.JUnitTestRunner.main(JUnitTestRunner.java:768)
Loading Deliverable Array
com.topcoder.util.config.UnknownNamespaceException: com.topcoder.util.log is unknown
	at com.topcoder.util.config.DefaultConfigManager.getPropertyObject(DefaultConfigManager.java:429)
	at com.topcoder.util.config.DefaultConfigManager.getString(DefaultConfigManager.java:449)
	at com.topcoder.util.log.LogFactory.getAttribute(LogFactory.java:224)
	at com.topcoder.util.log.basic.BasicLog.log(BasicLog.java:74)
	at com.topcoder.management.deliverable.PersistenceDeliverableManager.searchDeliverablesHelper(PersistenceDeliverableManager.java:325)
	at com.topcoder.management.deliverable.PersistenceDeliverableManager.searchDeliverables(PersistenceDeliverableManager.java:246)
	at com.topcoder.management.deliverable.stresstests.StressTestPersistenceDeliverableManager.testSearchDeliverables(StressTestPersistenceDeliverableManager.java:170)
	at sun.reflect.NativeMethodAccessorImpl.invoke0(Native Method)
	at sun.reflect.NativeMethodAccessorImpl.invoke(NativeMethodAccessorImpl.java:57)
	at sun.reflect.DelegatingMethodAccessorImpl.invoke(DelegatingMethodAccessorImpl.java:43)
	at java.lang.reflect.Method.invoke(Method.java:616)
	at junit.framework.TestCase.runTest(TestCase.java:168)
	at junit.framework.TestCase.runBare(TestCase.java:134)
	at junit.framework.TestResult$1.protect(TestResult.java:110)
	at junit.framework.TestResult.runProtected(TestResult.java:128)
	at junit.framework.TestResult.run(TestResult.java:113)
	at junit.framework.TestCase.run(TestCase.java:124)
	at junit.framework.TestSuite.runTest(TestSuite.java:232)
	at junit.framework.TestSuite.run(TestSuite.java:227)
	at junit.framework.TestSuite.runTest(TestSuite.java:232)
	at junit.framework.TestSuite.run(TestSuite.java:227)
	at junit.framework.TestSuite.runTest(TestSuite.java:232)
	at junit.framework.TestSuite.run(TestSuite.java:227)
	at org.apache.tools.ant.taskdefs.optional.junit.JUnitTestRunner.run(JUnitTestRunner.java:420)
	at org.apache.tools.ant.taskdefs.optional.junit.JUnitTestRunner.launch(JUnitTestRunner.java:911)
	at org.apache.tools.ant.taskdefs.optional.junit.JUnitTestRunner.main(JUnitTestRunner.java:768)
Adding Deliverable To List
com.topcoder.util.config.UnknownNamespaceException: com.topcoder.util.log is unknown
	at com.topcoder.util.config.DefaultConfigManager.getPropertyObject(DefaultConfigManager.java:429)
	at com.topcoder.util.config.DefaultConfigManager.getString(DefaultConfigManager.java:449)
	at com.topcoder.util.log.LogFactory.getAttribute(LogFactory.java:224)
	at com.topcoder.util.log.basic.BasicLog.log(BasicLog.java:74)
	at com.topcoder.management.deliverable.PersistenceDeliverableManager.searchDeliverables(PersistenceDeliverableManager.java:245)
	at com.topcoder.management.deliverable.stresstests.StressTestPersistenceDeliverableManager.testSearchDeliverables(StressTestPersistenceDeliverableManager.java:170)
	at sun.reflect.NativeMethodAccessorImpl.invoke0(Native Method)
	at sun.reflect.NativeMethodAccessorImpl.invoke(NativeMethodAccessorImpl.java:57)
	at sun.reflect.DelegatingMethodAccessorImpl.invoke(DelegatingMethodAccessorImpl.java:43)
	at java.lang.reflect.Method.invoke(Method.java:616)
	at junit.framework.TestCase.runTest(TestCase.java:168)
	at junit.framework.TestCase.runBare(TestCase.java:134)
	at junit.framework.TestResult$1.protect(TestResult.java:110)
	at junit.framework.TestResult.runProtected(TestResult.java:128)
	at junit.framework.TestResult.run(TestResult.java:113)
	at junit.framework.TestCase.run(TestCase.java:124)
	at junit.framework.TestSuite.runTest(TestSuite.java:232)
	at junit.framework.TestSuite.run(TestSuite.java:227)
	at junit.framework.TestSuite.runTest(TestSuite.java:232)
	at junit.framework.TestSuite.run(TestSuite.java:227)
	at junit.framework.TestSuite.runTest(TestSuite.java:232)
	at junit.framework.TestSuite.run(TestSuite.java:227)
	at org.apache.tools.ant.taskdefs.optional.junit.JUnitTestRunner.run(JUnitTestRunner.java:420)
	at org.apache.tools.ant.taskdefs.optional.junit.JUnitTestRunner.launch(JUnitTestRunner.java:911)
	at org.apache.tools.ant.taskdefs.optional.junit.JUnitTestRunner.main(JUnitTestRunner.java:768)
Search deliverables filter.
com.topcoder.util.config.UnknownNamespaceException: com.topcoder.util.log is unknown
	at com.topcoder.util.config.DefaultConfigManager.getPropertyObject(DefaultConfigManager.java:429)
	at com.topcoder.util.config.DefaultConfigManager.getString(DefaultConfigManager.java:449)
	at com.topcoder.util.log.LogFactory.getAttribute(LogFactory.java:224)
	at com.topcoder.util.log.basic.BasicLog.log(BasicLog.java:74)
	at com.topcoder.management.deliverable.DeliverableHelper.checkAndGetCustomResultSetValidDeliverable(DeliverableHelper.java:156)
	at com.topcoder.management.deliverable.PersistenceDeliverableManager.searchDeliverablesHelper(PersistenceDeliverableManager.java:284)
	at com.topcoder.management.deliverable.PersistenceDeliverableManager.searchDeliverables(PersistenceDeliverableManager.java:246)
	at com.topcoder.management.deliverable.stresstests.StressTestPersistenceDeliverableManager.testSearchDeliverables(StressTestPersistenceDeliverableManager.java:170)
	at sun.reflect.NativeMethodAccessorImpl.invoke0(Native Method)
	at sun.reflect.NativeMethodAccessorImpl.invoke(NativeMethodAccessorImpl.java:57)
	at sun.reflect.DelegatingMethodAccessorImpl.invoke(DelegatingMethodAccessorImpl.java:43)
	at java.lang.reflect.Method.invoke(Method.java:616)
	at junit.framework.TestCase.runTest(TestCase.java:168)
	at junit.framework.TestCase.runBare(TestCase.java:134)
	at junit.framework.TestResult$1.protect(TestResult.java:110)
	at junit.framework.TestResult.runProtected(TestResult.java:128)
	at junit.framework.TestResult.run(TestResult.java:113)
	at junit.framework.TestCase.run(TestCase.java:124)
	at junit.framework.TestSuite.runTest(TestSuite.java:232)
	at junit.framework.TestSuite.run(TestSuite.java:227)
	at junit.framework.TestSuite.runTest(TestSuite.java:232)
	at junit.framework.TestSuite.run(TestSuite.java:227)
	at junit.framework.TestSuite.runTest(TestSuite.java:232)
	at junit.framework.TestSuite.run(TestSuite.java:227)
	at org.apache.tools.ant.taskdefs.optional.junit.JUnitTestRunner.run(JUnitTestRunner.java:420)
	at org.apache.tools.ant.taskdefs.optional.junit.JUnitTestRunner.launch(JUnitTestRunner.java:911)
	at org.apache.tools.ant.taskdefs.optional.junit.JUnitTestRunner.main(JUnitTestRunner.java:768)
CustomResultSet Records: 2
com.topcoder.util.config.UnknownNamespaceException: com.topcoder.util.log is unknown
	at com.topcoder.util.config.DefaultConfigManager.getPropertyObject(DefaultConfigManager.java:429)
	at com.topcoder.util.config.DefaultConfigManager.getString(DefaultConfigManager.java:449)
	at com.topcoder.util.log.LogFactory.getAttribute(LogFactory.java:224)
	at com.topcoder.util.log.basic.BasicLog.log(BasicLog.java:74)
	at com.topcoder.management.deliverable.PersistenceDeliverableManager.searchDeliverablesHelper(PersistenceDeliverableManager.java:289)
	at com.topcoder.management.deliverable.PersistenceDeliverableManager.searchDeliverables(PersistenceDeliverableManager.java:246)
	at com.topcoder.management.deliverable.stresstests.StressTestPersistenceDeliverableManager.testSearchDeliverables(StressTestPersistenceDeliverableManager.java:170)
	at sun.reflect.NativeMethodAccessorImpl.invoke0(Native Method)
	at sun.reflect.NativeMethodAccessorImpl.invoke(NativeMethodAccessorImpl.java:57)
	at sun.reflect.DelegatingMethodAccessorImpl.invoke(DelegatingMethodAccessorImpl.java:43)
	at java.lang.reflect.Method.invoke(Method.java:616)
	at junit.framework.TestCase.runTest(TestCase.java:168)
	at junit.framework.TestCase.runBare(TestCase.java:134)
	at junit.framework.TestResult$1.protect(TestResult.java:110)
	at junit.framework.TestResult.runProtected(TestResult.java:128)
	at junit.framework.TestResult.run(TestResult.java:113)
	at junit.framework.TestCase.run(TestCase.java:124)
	at junit.framework.TestSuite.runTest(TestSuite.java:232)
	at junit.framework.TestSuite.run(TestSuite.java:227)
	at junit.framework.TestSuite.runTest(TestSuite.java:232)
	at junit.framework.TestSuite.run(TestSuite.java:227)
	at junit.framework.TestSuite.runTest(TestSuite.java:232)
	at junit.framework.TestSuite.run(TestSuite.java:227)
	at org.apache.tools.ant.taskdefs.optional.junit.JUnitTestRunner.run(JUnitTestRunner.java:420)
	at org.apache.tools.ant.taskdefs.optional.junit.JUnitTestRunner.launch(JUnitTestRunner.java:911)
	at org.apache.tools.ant.taskdefs.optional.junit.JUnitTestRunner.main(JUnitTestRunner.java:768)
Deliverable Id Array: 3, 2
com.topcoder.util.config.UnknownNamespaceException: com.topcoder.util.log is unknown
	at com.topcoder.util.config.DefaultConfigManager.getPropertyObject(DefaultConfigManager.java:429)
	at com.topcoder.util.config.DefaultConfigManager.getString(DefaultConfigManager.java:449)
	at com.topcoder.util.log.LogFactory.getAttribute(LogFactory.java:224)
	at com.topcoder.util.log.basic.BasicLog.log(BasicLog.java:74)
	at com.topcoder.management.deliverable.PersistenceDeliverableManager.searchDeliverablesHelper(PersistenceDeliverableManager.java:302)
	at com.topcoder.management.deliverable.PersistenceDeliverableManager.searchDeliverables(PersistenceDeliverableManager.java:246)
	at com.topcoder.management.deliverable.stresstests.StressTestPersistenceDeliverableManager.testSearchDeliverables(StressTestPersistenceDeliverableManager.java:170)
	at sun.reflect.NativeMethodAccessorImpl.invoke0(Native Method)
	at sun.reflect.NativeMethodAccessorImpl.invoke(NativeMethodAccessorImpl.java:57)
	at sun.reflect.DelegatingMethodAccessorImpl.invoke(DelegatingMethodAccessorImpl.java:43)
	at java.lang.reflect.Method.invoke(Method.java:616)
	at junit.framework.TestCase.runTest(TestCase.java:168)
	at junit.framework.TestCase.runBare(TestCase.java:134)
	at junit.framework.TestResult$1.protect(TestResult.java:110)
	at junit.framework.TestResult.runProtected(TestResult.java:128)
	at junit.framework.TestResult.run(TestResult.java:113)
	at junit.framework.TestCase.run(TestCase.java:124)
	at junit.framework.TestSuite.runTest(TestSuite.java:232)
	at junit.framework.TestSuite.run(TestSuite.java:227)
	at junit.framework.TestSuite.runTest(TestSuite.java:232)
	at junit.framework.TestSuite.run(TestSuite.java:227)
	at junit.framework.TestSuite.runTest(TestSuite.java:232)
	at junit.framework.TestSuite.run(TestSuite.java:227)
	at org.apache.tools.ant.taskdefs.optional.junit.JUnitTestRunner.run(JUnitTestRunner.java:420)
	at org.apache.tools.ant.taskdefs.optional.junit.JUnitTestRunner.launch(JUnitTestRunner.java:911)
	at org.apache.tools.ant.taskdefs.optional.junit.JUnitTestRunner.main(JUnitTestRunner.java:768)
Loading Deliverable Array
com.topcoder.util.config.UnknownNamespaceException: com.topcoder.util.log is unknown
	at com.topcoder.util.config.DefaultConfigManager.getPropertyObject(DefaultConfigManager.java:429)
	at com.topcoder.util.config.DefaultConfigManager.getString(DefaultConfigManager.java:449)
	at com.topcoder.util.log.LogFactory.getAttribute(LogFactory.java:224)
	at com.topcoder.util.log.basic.BasicLog.log(BasicLog.java:74)
	at com.topcoder.management.deliverable.PersistenceDeliverableManager.searchDeliverablesHelper(PersistenceDeliverableManager.java:325)
	at com.topcoder.management.deliverable.PersistenceDeliverableManager.searchDeliverables(PersistenceDeliverableManager.java:246)
	at com.topcoder.management.deliverable.stresstests.StressTestPersistenceDeliverableManager.testSearchDeliverables(StressTestPersistenceDeliverableManager.java:170)
	at sun.reflect.NativeMethodAccessorImpl.invoke0(Native Method)
	at sun.reflect.NativeMethodAccessorImpl.invoke(NativeMethodAccessorImpl.java:57)
	at sun.reflect.DelegatingMethodAccessorImpl.invoke(DelegatingMethodAccessorImpl.java:43)
	at java.lang.reflect.Method.invoke(Method.java:616)
	at junit.framework.TestCase.runTest(TestCase.java:168)
	at junit.framework.TestCase.runBare(TestCase.java:134)
	at junit.framework.TestResult$1.protect(TestResult.java:110)
	at junit.framework.TestResult.runProtected(TestResult.java:128)
	at junit.framework.TestResult.run(TestResult.java:113)
	at junit.framework.TestCase.run(TestCase.java:124)
	at junit.framework.TestSuite.runTest(TestSuite.java:232)
	at junit.framework.TestSuite.run(TestSuite.java:227)
	at junit.framework.TestSuite.runTest(TestSuite.java:232)
	at junit.framework.TestSuite.run(TestSuite.java:227)
	at junit.framework.TestSuite.runTest(TestSuite.java:232)
	at junit.framework.TestSuite.run(TestSuite.java:227)
	at org.apache.tools.ant.taskdefs.optional.junit.JUnitTestRunner.run(JUnitTestRunner.java:420)
	at org.apache.tools.ant.taskdefs.optional.junit.JUnitTestRunner.launch(JUnitTestRunner.java:911)
	at org.apache.tools.ant.taskdefs.optional.junit.JUnitTestRunner.main(JUnitTestRunner.java:768)
Adding Deliverable To List
com.topcoder.util.config.UnknownNamespaceException: com.topcoder.util.log is unknown
	at com.topcoder.util.config.DefaultConfigManager.getPropertyObject(DefaultConfigManager.java:429)
	at com.topcoder.util.config.DefaultConfigManager.getString(DefaultConfigManager.java:449)
	at com.topcoder.util.log.LogFactory.getAttribute(LogFactory.java:224)
	at com.topcoder.util.log.basic.BasicLog.log(BasicLog.java:74)
	at com.topcoder.management.deliverable.PersistenceDeliverableManager.searchDeliverablesHelper(PersistenceDeliverableManager.java:302)
	at com.topcoder.management.deliverable.PersistenceDeliverableManager.searchDeliverables(PersistenceDeliverableManager.java:246)
	at com.topcoder.management.deliverable.stresstests.StressTestPersistenceDeliverableManager.testSearchDeliverables(StressTestPersistenceDeliverableManager.java:170)
	at sun.reflect.NativeMethodAccessorImpl.invoke0(Native Method)
	at sun.reflect.NativeMethodAccessorImpl.invoke(NativeMethodAccessorImpl.java:57)
	at sun.reflect.DelegatingMethodAccessorImpl.invoke(DelegatingMethodAccessorImpl.java:43)
	at java.lang.reflect.Method.invoke(Method.java:616)
	at junit.framework.TestCase.runTest(TestCase.java:168)
	at junit.framework.TestCase.runBare(TestCase.java:134)
	at junit.framework.TestResult$1.protect(TestResult.java:110)
	at junit.framework.TestResult.runProtected(TestResult.java:128)
	at junit.framework.TestResult.run(TestResult.java:113)
	at junit.framework.TestCase.run(TestCase.java:124)
	at junit.framework.TestSuite.runTest(TestSuite.java:232)
	at junit.framework.TestSuite.run(TestSuite.java:227)
	at junit.framework.TestSuite.runTest(TestSuite.java:232)
	at junit.framework.TestSuite.run(TestSuite.java:227)
	at junit.framework.TestSuite.runTest(TestSuite.java:232)
	at junit.framework.TestSuite.run(TestSuite.java:227)
	at org.apache.tools.ant.taskdefs.optional.junit.JUnitTestRunner.run(JUnitTestRunner.java:420)
	at org.apache.tools.ant.taskdefs.optional.junit.JUnitTestRunner.launch(JUnitTestRunner.java:911)
	at org.apache.tools.ant.taskdefs.optional.junit.JUnitTestRunner.main(JUnitTestRunner.java:768)
Loading Deliverable Array
com.topcoder.util.config.UnknownNamespaceException: com.topcoder.util.log is unknown
	at com.topcoder.util.config.DefaultConfigManager.getPropertyObject(DefaultConfigManager.java:429)
	at com.topcoder.util.config.DefaultConfigManager.getString(DefaultConfigManager.java:449)
	at com.topcoder.util.log.LogFactory.getAttribute(LogFactory.java:224)
	at com.topcoder.util.log.basic.BasicLog.log(BasicLog.java:74)
	at com.topcoder.management.deliverable.PersistenceDeliverableManager.searchDeliverablesHelper(PersistenceDeliverableManager.java:325)
	at com.topcoder.management.deliverable.PersistenceDeliverableManager.searchDeliverables(PersistenceDeliverableManager.java:246)
	at com.topcoder.management.deliverable.stresstests.StressTestPersistenceDeliverableManager.testSearchDeliverables(StressTestPersistenceDeliverableManager.java:170)
	at sun.reflect.NativeMethodAccessorImpl.invoke0(Native Method)
	at sun.reflect.NativeMethodAccessorImpl.invoke(NativeMethodAccessorImpl.java:57)
	at sun.reflect.DelegatingMethodAccessorImpl.invoke(DelegatingMethodAccessorImpl.java:43)
	at java.lang.reflect.Method.invoke(Method.java:616)
	at junit.framework.TestCase.runTest(TestCase.java:168)
	at junit.framework.TestCase.runBare(TestCase.java:134)
	at junit.framework.TestResult$1.protect(TestResult.java:110)
	at junit.framework.TestResult.runProtected(TestResult.java:128)
	at junit.framework.TestResult.run(TestResult.java:113)
	at junit.framework.TestCase.run(TestCase.java:124)
	at junit.framework.TestSuite.runTest(TestSuite.java:232)
	at junit.framework.TestSuite.run(TestSuite.java:227)
	at junit.framework.TestSuite.runTest(TestSuite.java:232)
	at junit.framework.TestSuite.run(TestSuite.java:227)
	at junit.framework.TestSuite.runTest(TestSuite.java:232)
	at junit.framework.TestSuite.run(TestSuite.java:227)
	at org.apache.tools.ant.taskdefs.optional.junit.JUnitTestRunner.run(JUnitTestRunner.java:420)
	at org.apache.tools.ant.taskdefs.optional.junit.JUnitTestRunner.launch(JUnitTestRunner.java:911)
	at org.apache.tools.ant.taskdefs.optional.junit.JUnitTestRunner.main(JUnitTestRunner.java:768)
Adding Deliverable To List
com.topcoder.util.config.UnknownNamespaceException: com.topcoder.util.log is unknown
	at com.topcoder.util.config.DefaultConfigManager.getPropertyObject(DefaultConfigManager.java:429)
	at com.topcoder.util.config.DefaultConfigManager.getString(DefaultConfigManager.java:449)
	at com.topcoder.util.log.LogFactory.getAttribute(LogFactory.java:224)
	at com.topcoder.util.log.basic.BasicLog.log(BasicLog.java:74)
	at com.topcoder.management.deliverable.PersistenceDeliverableManager.searchDeliverables(PersistenceDeliverableManager.java:245)
	at com.topcoder.management.deliverable.stresstests.StressTestPersistenceDeliverableManager.testSearchDeliverables(StressTestPersistenceDeliverableManager.java:170)
	at sun.reflect.NativeMethodAccessorImpl.invoke0(Native Method)
	at sun.reflect.NativeMethodAccessorImpl.invoke(NativeMethodAccessorImpl.java:57)
	at sun.reflect.DelegatingMethodAccessorImpl.invoke(DelegatingMethodAccessorImpl.java:43)
	at java.lang.reflect.Method.invoke(Method.java:616)
	at junit.framework.TestCase.runTest(TestCase.java:168)
	at junit.framework.TestCase.runBare(TestCase.java:134)
	at junit.framework.TestResult$1.protect(TestResult.java:110)
	at junit.framework.TestResult.runProtected(TestResult.java:128)
	at junit.framework.TestResult.run(TestResult.java:113)
	at junit.framework.TestCase.run(TestCase.java:124)
	at junit.framework.TestSuite.runTest(TestSuite.java:232)
	at junit.framework.TestSuite.run(TestSuite.java:227)
	at junit.framework.TestSuite.runTest(TestSuite.java:232)
	at junit.framework.TestSuite.run(TestSuite.java:227)
	at junit.framework.TestSuite.runTest(TestSuite.java:232)
	at junit.framework.TestSuite.run(TestSuite.java:227)
	at org.apache.tools.ant.taskdefs.optional.junit.JUnitTestRunner.run(JUnitTestRunner.java:420)
	at org.apache.tools.ant.taskdefs.optional.junit.JUnitTestRunner.launch(JUnitTestRunner.java:911)
	at org.apache.tools.ant.taskdefs.optional.junit.JUnitTestRunner.main(JUnitTestRunner.java:768)
Search deliverables filter.
com.topcoder.util.config.UnknownNamespaceException: com.topcoder.util.log is unknown
	at com.topcoder.util.config.DefaultConfigManager.getPropertyObject(DefaultConfigManager.java:429)
	at com.topcoder.util.config.DefaultConfigManager.getString(DefaultConfigManager.java:449)
	at com.topcoder.util.log.LogFactory.getAttribute(LogFactory.java:224)
	at com.topcoder.util.log.basic.BasicLog.log(BasicLog.java:74)
	at com.topcoder.management.deliverable.DeliverableHelper.checkAndGetCustomResultSetValidDeliverable(DeliverableHelper.java:156)
	at com.topcoder.management.deliverable.PersistenceDeliverableManager.searchDeliverablesHelper(PersistenceDeliverableManager.java:284)
	at com.topcoder.management.deliverable.PersistenceDeliverableManager.searchDeliverables(PersistenceDeliverableManager.java:246)
	at com.topcoder.management.deliverable.stresstests.StressTestPersistenceDeliverableManager.testSearchDeliverables(StressTestPersistenceDeliverableManager.java:170)
	at sun.reflect.NativeMethodAccessorImpl.invoke0(Native Method)
	at sun.reflect.NativeMethodAccessorImpl.invoke(NativeMethodAccessorImpl.java:57)
	at sun.reflect.DelegatingMethodAccessorImpl.invoke(DelegatingMethodAccessorImpl.java:43)
	at java.lang.reflect.Method.invoke(Method.java:616)
	at junit.framework.TestCase.runTest(TestCase.java:168)
	at junit.framework.TestCase.runBare(TestCase.java:134)
	at junit.framework.TestResult$1.protect(TestResult.java:110)
	at junit.framework.TestResult.runProtected(TestResult.java:128)
	at junit.framework.TestResult.run(TestResult.java:113)
	at junit.framework.TestCase.run(TestCase.java:124)
	at junit.framework.TestSuite.runTest(TestSuite.java:232)
	at junit.framework.TestSuite.run(TestSuite.java:227)
	at junit.framework.TestSuite.runTest(TestSuite.java:232)
	at junit.framework.TestSuite.run(TestSuite.java:227)
	at junit.framework.TestSuite.runTest(TestSuite.java:232)
	at junit.framework.TestSuite.run(TestSuite.java:227)
	at org.apache.tools.ant.taskdefs.optional.junit.JUnitTestRunner.run(JUnitTestRunner.java:420)
	at org.apache.tools.ant.taskdefs.optional.junit.JUnitTestRunner.launch(JUnitTestRunner.java:911)
	at org.apache.tools.ant.taskdefs.optional.junit.JUnitTestRunner.main(JUnitTestRunner.java:768)
CustomResultSet Records: 2
com.topcoder.util.config.UnknownNamespaceException: com.topcoder.util.log is unknown
	at com.topcoder.util.config.DefaultConfigManager.getPropertyObject(DefaultConfigManager.java:429)
	at com.topcoder.util.config.DefaultConfigManager.getString(DefaultConfigManager.java:449)
	at com.topcoder.util.log.LogFactory.getAttribute(LogFactory.java:224)
	at com.topcoder.util.log.basic.BasicLog.log(BasicLog.java:74)
	at com.topcoder.management.deliverable.PersistenceDeliverableManager.searchDeliverablesHelper(PersistenceDeliverableManager.java:289)
	at com.topcoder.management.deliverable.PersistenceDeliverableManager.searchDeliverables(PersistenceDeliverableManager.java:246)
	at com.topcoder.management.deliverable.stresstests.StressTestPersistenceDeliverableManager.testSearchDeliverables(StressTestPersistenceDeliverableManager.java:170)
	at sun.reflect.NativeMethodAccessorImpl.invoke0(Native Method)
	at sun.reflect.NativeMethodAccessorImpl.invoke(NativeMethodAccessorImpl.java:57)
	at sun.reflect.DelegatingMethodAccessorImpl.invoke(DelegatingMethodAccessorImpl.java:43)
	at java.lang.reflect.Method.invoke(Method.java:616)
	at junit.framework.TestCase.runTest(TestCase.java:168)
	at junit.framework.TestCase.runBare(TestCase.java:134)
	at junit.framework.TestResult$1.protect(TestResult.java:110)
	at junit.framework.TestResult.runProtected(TestResult.java:128)
	at junit.framework.TestResult.run(TestResult.java:113)
	at junit.framework.TestCase.run(TestCase.java:124)
	at junit.framework.TestSuite.runTest(TestSuite.java:232)
	at junit.framework.TestSuite.run(TestSuite.java:227)
	at junit.framework.TestSuite.runTest(TestSuite.java:232)
	at junit.framework.TestSuite.run(TestSuite.java:227)
	at junit.framework.TestSuite.runTest(TestSuite.java:232)
	at junit.framework.TestSuite.run(TestSuite.java:227)
	at org.apache.tools.ant.taskdefs.optional.junit.JUnitTestRunner.run(JUnitTestRunner.java:420)
	at org.apache.tools.ant.taskdefs.optional.junit.JUnitTestRunner.launch(JUnitTestRunner.java:911)
	at org.apache.tools.ant.taskdefs.optional.junit.JUnitTestRunner.main(JUnitTestRunner.java:768)
Deliverable Id Array: 3, 2
com.topcoder.util.config.UnknownNamespaceException: com.topcoder.util.log is unknown
	at com.topcoder.util.config.DefaultConfigManager.getPropertyObject(DefaultConfigManager.java:429)
	at com.topcoder.util.config.DefaultConfigManager.getString(DefaultConfigManager.java:449)
	at com.topcoder.util.log.LogFactory.getAttribute(LogFactory.java:224)
	at com.topcoder.util.log.basic.BasicLog.log(BasicLog.java:74)
	at com.topcoder.management.deliverable.PersistenceDeliverableManager.searchDeliverablesHelper(PersistenceDeliverableManager.java:302)
	at com.topcoder.management.deliverable.PersistenceDeliverableManager.searchDeliverables(PersistenceDeliverableManager.java:246)
	at com.topcoder.management.deliverable.stresstests.StressTestPersistenceDeliverableManager.testSearchDeliverables(StressTestPersistenceDeliverableManager.java:170)
	at sun.reflect.NativeMethodAccessorImpl.invoke0(Native Method)
	at sun.reflect.NativeMethodAccessorImpl.invoke(NativeMethodAccessorImpl.java:57)
	at sun.reflect.DelegatingMethodAccessorImpl.invoke(DelegatingMethodAccessorImpl.java:43)
	at java.lang.reflect.Method.invoke(Method.java:616)
	at junit.framework.TestCase.runTest(TestCase.java:168)
	at junit.framework.TestCase.runBare(TestCase.java:134)
	at junit.framework.TestResult$1.protect(TestResult.java:110)
	at junit.framework.TestResult.runProtected(TestResult.java:128)
	at junit.framework.TestResult.run(TestResult.java:113)
	at junit.framework.TestCase.run(TestCase.java:124)
	at junit.framework.TestSuite.runTest(TestSuite.java:232)
	at junit.framework.TestSuite.run(TestSuite.java:227)
	at junit.framework.TestSuite.runTest(TestSuite.java:232)
	at junit.framework.TestSuite.run(TestSuite.java:227)
	at junit.framework.TestSuite.runTest(TestSuite.java:232)
	at junit.framework.TestSuite.run(TestSuite.java:227)
	at org.apache.tools.ant.taskdefs.optional.junit.JUnitTestRunner.run(JUnitTestRunner.java:420)
	at org.apache.tools.ant.taskdefs.optional.junit.JUnitTestRunner.launch(JUnitTestRunner.java:911)
	at org.apache.tools.ant.taskdefs.optional.junit.JUnitTestRunner.main(JUnitTestRunner.java:768)
Loading Deliverable Array
com.topcoder.util.config.UnknownNamespaceException: com.topcoder.util.log is unknown
	at com.topcoder.util.config.DefaultConfigManager.getPropertyObject(DefaultConfigManager.java:429)
	at com.topcoder.util.config.DefaultConfigManager.getString(DefaultConfigManager.java:449)
	at com.topcoder.util.log.LogFactory.getAttribute(LogFactory.java:224)
	at com.topcoder.util.log.basic.BasicLog.log(BasicLog.java:74)
	at com.topcoder.management.deliverable.PersistenceDeliverableManager.searchDeliverablesHelper(PersistenceDeliverableManager.java:325)
	at com.topcoder.management.deliverable.PersistenceDeliverableManager.searchDeliverables(PersistenceDeliverableManager.java:246)
	at com.topcoder.management.deliverable.stresstests.StressTestPersistenceDeliverableManager.testSearchDeliverables(StressTestPersistenceDeliverableManager.java:170)
	at sun.reflect.NativeMethodAccessorImpl.invoke0(Native Method)
	at sun.reflect.NativeMethodAccessorImpl.invoke(NativeMethodAccessorImpl.java:57)
	at sun.reflect.DelegatingMethodAccessorImpl.invoke(DelegatingMethodAccessorImpl.java:43)
	at java.lang.reflect.Method.invoke(Method.java:616)
	at junit.framework.TestCase.runTest(TestCase.java:168)
	at junit.framework.TestCase.runBare(TestCase.java:134)
	at junit.framework.TestResult$1.protect(TestResult.java:110)
	at junit.framework.TestResult.runProtected(TestResult.java:128)
	at junit.framework.TestResult.run(TestResult.java:113)
	at junit.framework.TestCase.run(TestCase.java:124)
	at junit.framework.TestSuite.runTest(TestSuite.java:232)
	at junit.framework.TestSuite.run(TestSuite.java:227)
	at junit.framework.TestSuite.runTest(TestSuite.java:232)
	at junit.framework.TestSuite.run(TestSuite.java:227)
	at junit.framework.TestSuite.runTest(TestSuite.java:232)
	at junit.framework.TestSuite.run(TestSuite.java:227)
	at org.apache.tools.ant.taskdefs.optional.junit.JUnitTestRunner.run(JUnitTestRunner.java:420)
	at org.apache.tools.ant.taskdefs.optional.junit.JUnitTestRunner.launch(JUnitTestRunner.java:911)
	at org.apache.tools.ant.taskdefs.optional.junit.JUnitTestRunner.main(JUnitTestRunner.java:768)
Adding Deliverable To List
com.topcoder.util.config.UnknownNamespaceException: com.topcoder.util.log is unknown
	at com.topcoder.util.config.DefaultConfigManager.getPropertyObject(DefaultConfigManager.java:429)
	at com.topcoder.util.config.DefaultConfigManager.getString(DefaultConfigManager.java:449)
	at com.topcoder.util.log.LogFactory.getAttribute(LogFactory.java:224)
	at com.topcoder.util.log.basic.BasicLog.log(BasicLog.java:74)
	at com.topcoder.management.deliverable.PersistenceDeliverableManager.searchDeliverablesHelper(PersistenceDeliverableManager.java:302)
	at com.topcoder.management.deliverable.PersistenceDeliverableManager.searchDeliverables(PersistenceDeliverableManager.java:246)
	at com.topcoder.management.deliverable.stresstests.StressTestPersistenceDeliverableManager.testSearchDeliverables(StressTestPersistenceDeliverableManager.java:170)
	at sun.reflect.NativeMethodAccessorImpl.invoke0(Native Method)
	at sun.reflect.NativeMethodAccessorImpl.invoke(NativeMethodAccessorImpl.java:57)
	at sun.reflect.DelegatingMethodAccessorImpl.invoke(DelegatingMethodAccessorImpl.java:43)
	at java.lang.reflect.Method.invoke(Method.java:616)
	at junit.framework.TestCase.runTest(TestCase.java:168)
	at junit.framework.TestCase.runBare(TestCase.java:134)
	at junit.framework.TestResult$1.protect(TestResult.java:110)
	at junit.framework.TestResult.runProtected(TestResult.java:128)
	at junit.framework.TestResult.run(TestResult.java:113)
	at junit.framework.TestCase.run(TestCase.java:124)
	at junit.framework.TestSuite.runTest(TestSuite.java:232)
	at junit.framework.TestSuite.run(TestSuite.java:227)
	at junit.framework.TestSuite.runTest(TestSuite.java:232)
	at junit.framework.TestSuite.run(TestSuite.java:227)
	at junit.framework.TestSuite.runTest(TestSuite.java:232)
	at junit.framework.TestSuite.run(TestSuite.java:227)
	at org.apache.tools.ant.taskdefs.optional.junit.JUnitTestRunner.run(JUnitTestRunner.java:420)
	at org.apache.tools.ant.taskdefs.optional.junit.JUnitTestRunner.launch(JUnitTestRunner.java:911)
	at org.apache.tools.ant.taskdefs.optional.junit.JUnitTestRunner.main(JUnitTestRunner.java:768)
Loading Deliverable Array
com.topcoder.util.config.UnknownNamespaceException: com.topcoder.util.log is unknown
	at com.topcoder.util.config.DefaultConfigManager.getPropertyObject(DefaultConfigManager.java:429)
	at com.topcoder.util.config.DefaultConfigManager.getString(DefaultConfigManager.java:449)
	at com.topcoder.util.log.LogFactory.getAttribute(LogFactory.java:224)
	at com.topcoder.util.log.basic.BasicLog.log(BasicLog.java:74)
	at com.topcoder.management.deliverable.PersistenceDeliverableManager.searchDeliverablesHelper(PersistenceDeliverableManager.java:325)
	at com.topcoder.management.deliverable.PersistenceDeliverableManager.searchDeliverables(PersistenceDeliverableManager.java:246)
	at com.topcoder.management.deliverable.stresstests.StressTestPersistenceDeliverableManager.testSearchDeliverables(StressTestPersistenceDeliverableManager.java:170)
	at sun.reflect.NativeMethodAccessorImpl.invoke0(Native Method)
	at sun.reflect.NativeMethodAccessorImpl.invoke(NativeMethodAccessorImpl.java:57)
	at sun.reflect.DelegatingMethodAccessorImpl.invoke(DelegatingMethodAccessorImpl.java:43)
	at java.lang.reflect.Method.invoke(Method.java:616)
	at junit.framework.TestCase.runTest(TestCase.java:168)
	at junit.framework.TestCase.runBare(TestCase.java:134)
	at junit.framework.TestResult$1.protect(TestResult.java:110)
	at junit.framework.TestResult.runProtected(TestResult.java:128)
	at junit.framework.TestResult.run(TestResult.java:113)
	at junit.framework.TestCase.run(TestCase.java:124)
	at junit.framework.TestSuite.runTest(TestSuite.java:232)
	at junit.framework.TestSuite.run(TestSuite.java:227)
	at junit.framework.TestSuite.runTest(TestSuite.java:232)
	at junit.framework.TestSuite.run(TestSuite.java:227)
	at junit.framework.TestSuite.runTest(TestSuite.java:232)
	at junit.framework.TestSuite.run(TestSuite.java:227)
	at org.apache.tools.ant.taskdefs.optional.junit.JUnitTestRunner.run(JUnitTestRunner.java:420)
	at org.apache.tools.ant.taskdefs.optional.junit.JUnitTestRunner.launch(JUnitTestRunner.java:911)
	at org.apache.tools.ant.taskdefs.optional.junit.JUnitTestRunner.main(JUnitTestRunner.java:768)
Adding Deliverable To List
com.topcoder.util.config.UnknownNamespaceException: com.topcoder.util.log is unknown
	at com.topcoder.util.config.DefaultConfigManager.getPropertyObject(DefaultConfigManager.java:429)
	at com.topcoder.util.config.DefaultConfigManager.getString(DefaultConfigManager.java:449)
	at com.topcoder.util.log.LogFactory.getAttribute(LogFactory.java:224)
	at com.topcoder.util.log.basic.BasicLog.log(BasicLog.java:74)
	at com.topcoder.management.deliverable.PersistenceDeliverableManager.searchDeliverables(PersistenceDeliverableManager.java:245)
	at com.topcoder.management.deliverable.stresstests.StressTestPersistenceDeliverableManager.testSearchDeliverables(StressTestPersistenceDeliverableManager.java:170)
	at sun.reflect.NativeMethodAccessorImpl.invoke0(Native Method)
	at sun.reflect.NativeMethodAccessorImpl.invoke(NativeMethodAccessorImpl.java:57)
	at sun.reflect.DelegatingMethodAccessorImpl.invoke(DelegatingMethodAccessorImpl.java:43)
	at java.lang.reflect.Method.invoke(Method.java:616)
	at junit.framework.TestCase.runTest(TestCase.java:168)
	at junit.framework.TestCase.runBare(TestCase.java:134)
	at junit.framework.TestResult$1.protect(TestResult.java:110)
	at junit.framework.TestResult.runProtected(TestResult.java:128)
	at junit.framework.TestResult.run(TestResult.java:113)
	at junit.framework.TestCase.run(TestCase.java:124)
	at junit.framework.TestSuite.runTest(TestSuite.java:232)
	at junit.framework.TestSuite.run(TestSuite.java:227)
	at junit.framework.TestSuite.runTest(TestSuite.java:232)
	at junit.framework.TestSuite.run(TestSuite.java:227)
	at junit.framework.TestSuite.runTest(TestSuite.java:232)
	at junit.framework.TestSuite.run(TestSuite.java:227)
	at org.apache.tools.ant.taskdefs.optional.junit.JUnitTestRunner.run(JUnitTestRunner.java:420)
	at org.apache.tools.ant.taskdefs.optional.junit.JUnitTestRunner.launch(JUnitTestRunner.java:911)
	at org.apache.tools.ant.taskdefs.optional.junit.JUnitTestRunner.main(JUnitTestRunner.java:768)
Search deliverables filter.
com.topcoder.util.config.UnknownNamespaceException: com.topcoder.util.log is unknown
	at com.topcoder.util.config.DefaultConfigManager.getPropertyObject(DefaultConfigManager.java:429)
	at com.topcoder.util.config.DefaultConfigManager.getString(DefaultConfigManager.java:449)
	at com.topcoder.util.log.LogFactory.getAttribute(LogFactory.java:224)
	at com.topcoder.util.log.basic.BasicLog.log(BasicLog.java:74)
	at com.topcoder.management.deliverable.DeliverableHelper.checkAndGetCustomResultSetValidDeliverable(DeliverableHelper.java:156)
	at com.topcoder.management.deliverable.PersistenceDeliverableManager.searchDeliverablesHelper(PersistenceDeliverableManager.java:284)
	at com.topcoder.management.deliverable.PersistenceDeliverableManager.searchDeliverables(PersistenceDeliverableManager.java:246)
	at com.topcoder.management.deliverable.stresstests.StressTestPersistenceDeliverableManager.testSearchDeliverables(StressTestPersistenceDeliverableManager.java:170)
	at sun.reflect.NativeMethodAccessorImpl.invoke0(Native Method)
	at sun.reflect.NativeMethodAccessorImpl.invoke(NativeMethodAccessorImpl.java:57)
	at sun.reflect.DelegatingMethodAccessorImpl.invoke(DelegatingMethodAccessorImpl.java:43)
	at java.lang.reflect.Method.invoke(Method.java:616)
	at junit.framework.TestCase.runTest(TestCase.java:168)
	at junit.framework.TestCase.runBare(TestCase.java:134)
	at junit.framework.TestResult$1.protect(TestResult.java:110)
	at junit.framework.TestResult.runProtected(TestResult.java:128)
	at junit.framework.TestResult.run(TestResult.java:113)
	at junit.framework.TestCase.run(TestCase.java:124)
	at junit.framework.TestSuite.runTest(TestSuite.java:232)
	at junit.framework.TestSuite.run(TestSuite.java:227)
	at junit.framework.TestSuite.runTest(TestSuite.java:232)
	at junit.framework.TestSuite.run(TestSuite.java:227)
	at junit.framework.TestSuite.runTest(TestSuite.java:232)
	at junit.framework.TestSuite.run(TestSuite.java:227)
	at org.apache.tools.ant.taskdefs.optional.junit.JUnitTestRunner.run(JUnitTestRunner.java:420)
	at org.apache.tools.ant.taskdefs.optional.junit.JUnitTestRunner.launch(JUnitTestRunner.java:911)
	at org.apache.tools.ant.taskdefs.optional.junit.JUnitTestRunner.main(JUnitTestRunner.java:768)
CustomResultSet Records: 2
com.topcoder.util.config.UnknownNamespaceException: com.topcoder.util.log is unknown
	at com.topcoder.util.config.DefaultConfigManager.getPropertyObject(DefaultConfigManager.java:429)
	at com.topcoder.util.config.DefaultConfigManager.getString(DefaultConfigManager.java:449)
	at com.topcoder.util.log.LogFactory.getAttribute(LogFactory.java:224)
	at com.topcoder.util.log.basic.BasicLog.log(BasicLog.java:74)
	at com.topcoder.management.deliverable.PersistenceDeliverableManager.searchDeliverablesHelper(PersistenceDeliverableManager.java:289)
	at com.topcoder.management.deliverable.PersistenceDeliverableManager.searchDeliverables(PersistenceDeliverableManager.java:246)
	at com.topcoder.management.deliverable.stresstests.StressTestPersistenceDeliverableManager.testSearchDeliverables(StressTestPersistenceDeliverableManager.java:170)
	at sun.reflect.NativeMethodAccessorImpl.invoke0(Native Method)
	at sun.reflect.NativeMethodAccessorImpl.invoke(NativeMethodAccessorImpl.java:57)
	at sun.reflect.DelegatingMethodAccessorImpl.invoke(DelegatingMethodAccessorImpl.java:43)
	at java.lang.reflect.Method.invoke(Method.java:616)
	at junit.framework.TestCase.runTest(TestCase.java:168)
	at junit.framework.TestCase.runBare(TestCase.java:134)
	at junit.framework.TestResult$1.protect(TestResult.java:110)
	at junit.framework.TestResult.runProtected(TestResult.java:128)
	at junit.framework.TestResult.run(TestResult.java:113)
	at junit.framework.TestCase.run(TestCase.java:124)
	at junit.framework.TestSuite.runTest(TestSuite.java:232)
	at junit.framework.TestSuite.run(TestSuite.java:227)
	at junit.framework.TestSuite.runTest(TestSuite.java:232)
	at junit.framework.TestSuite.run(TestSuite.java:227)
	at junit.framework.TestSuite.runTest(TestSuite.java:232)
	at junit.framework.TestSuite.run(TestSuite.java:227)
	at org.apache.tools.ant.taskdefs.optional.junit.JUnitTestRunner.run(JUnitTestRunner.java:420)
	at org.apache.tools.ant.taskdefs.optional.junit.JUnitTestRunner.launch(JUnitTestRunner.java:911)
	at org.apache.tools.ant.taskdefs.optional.junit.JUnitTestRunner.main(JUnitTestRunner.java:768)
Deliverable Id Array: 3, 2
com.topcoder.util.config.UnknownNamespaceException: com.topcoder.util.log is unknown
	at com.topcoder.util.config.DefaultConfigManager.getPropertyObject(DefaultConfigManager.java:429)
	at com.topcoder.util.config.DefaultConfigManager.getString(DefaultConfigManager.java:449)
	at com.topcoder.util.log.LogFactory.getAttribute(LogFactory.java:224)
	at com.topcoder.util.log.basic.BasicLog.log(BasicLog.java:74)
	at com.topcoder.management.deliverable.PersistenceDeliverableManager.searchDeliverablesHelper(PersistenceDeliverableManager.java:302)
	at com.topcoder.management.deliverable.PersistenceDeliverableManager.searchDeliverables(PersistenceDeliverableManager.java:246)
	at com.topcoder.management.deliverable.stresstests.StressTestPersistenceDeliverableManager.testSearchDeliverables(StressTestPersistenceDeliverableManager.java:170)
	at sun.reflect.NativeMethodAccessorImpl.invoke0(Native Method)
	at sun.reflect.NativeMethodAccessorImpl.invoke(NativeMethodAccessorImpl.java:57)
	at sun.reflect.DelegatingMethodAccessorImpl.invoke(DelegatingMethodAccessorImpl.java:43)
	at java.lang.reflect.Method.invoke(Method.java:616)
	at junit.framework.TestCase.runTest(TestCase.java:168)
	at junit.framework.TestCase.runBare(TestCase.java:134)
	at junit.framework.TestResult$1.protect(TestResult.java:110)
	at junit.framework.TestResult.runProtected(TestResult.java:128)
	at junit.framework.TestResult.run(TestResult.java:113)
	at junit.framework.TestCase.run(TestCase.java:124)
	at junit.framework.TestSuite.runTest(TestSuite.java:232)
	at junit.framework.TestSuite.run(TestSuite.java:227)
	at junit.framework.TestSuite.runTest(TestSuite.java:232)
	at junit.framework.TestSuite.run(TestSuite.java:227)
	at junit.framework.TestSuite.runTest(TestSuite.java:232)
	at junit.framework.TestSuite.run(TestSuite.java:227)
	at org.apache.tools.ant.taskdefs.optional.junit.JUnitTestRunner.run(JUnitTestRunner.java:420)
	at org.apache.tools.ant.taskdefs.optional.junit.JUnitTestRunner.launch(JUnitTestRunner.java:911)
	at org.apache.tools.ant.taskdefs.optional.junit.JUnitTestRunner.main(JUnitTestRunner.java:768)
Loading Deliverable Array
com.topcoder.util.config.UnknownNamespaceException: com.topcoder.util.log is unknown
	at com.topcoder.util.config.DefaultConfigManager.getPropertyObject(DefaultConfigManager.java:429)
	at com.topcoder.util.config.DefaultConfigManager.getString(DefaultConfigManager.java:449)
	at com.topcoder.util.log.LogFactory.getAttribute(LogFactory.java:224)
	at com.topcoder.util.log.basic.BasicLog.log(BasicLog.java:74)
	at com.topcoder.management.deliverable.PersistenceDeliverableManager.searchDeliverablesHelper(PersistenceDeliverableManager.java:325)
	at com.topcoder.management.deliverable.PersistenceDeliverableManager.searchDeliverables(PersistenceDeliverableManager.java:246)
	at com.topcoder.management.deliverable.stresstests.StressTestPersistenceDeliverableManager.testSearchDeliverables(StressTestPersistenceDeliverableManager.java:170)
	at sun.reflect.NativeMethodAccessorImpl.invoke0(Native Method)
	at sun.reflect.NativeMethodAccessorImpl.invoke(NativeMethodAccessorImpl.java:57)
	at sun.reflect.DelegatingMethodAccessorImpl.invoke(DelegatingMethodAccessorImpl.java:43)
	at java.lang.reflect.Method.invoke(Method.java:616)
	at junit.framework.TestCase.runTest(TestCase.java:168)
	at junit.framework.TestCase.runBare(TestCase.java:134)
	at junit.framework.TestResult$1.protect(TestResult.java:110)
	at junit.framework.TestResult.runProtected(TestResult.java:128)
	at junit.framework.TestResult.run(TestResult.java:113)
	at junit.framework.TestCase.run(TestCase.java:124)
	at junit.framework.TestSuite.runTest(TestSuite.java:232)
	at junit.framework.TestSuite.run(TestSuite.java:227)
	at junit.framework.TestSuite.runTest(TestSuite.java:232)
	at junit.framework.TestSuite.run(TestSuite.java:227)
	at junit.framework.TestSuite.runTest(TestSuite.java:232)
	at junit.framework.TestSuite.run(TestSuite.java:227)
	at org.apache.tools.ant.taskdefs.optional.junit.JUnitTestRunner.run(JUnitTestRunner.java:420)
	at org.apache.tools.ant.taskdefs.optional.junit.JUnitTestRunner.launch(JUnitTestRunner.java:911)
	at org.apache.tools.ant.taskdefs.optional.junit.JUnitTestRunner.main(JUnitTestRunner.java:768)
Adding Deliverable To List
com.topcoder.util.config.UnknownNamespaceException: com.topcoder.util.log is unknown
	at com.topcoder.util.config.DefaultConfigManager.getPropertyObject(DefaultConfigManager.java:429)
	at com.topcoder.util.config.DefaultConfigManager.getString(DefaultConfigManager.java:449)
	at com.topcoder.util.log.LogFactory.getAttribute(LogFactory.java:224)
	at com.topcoder.util.log.basic.BasicLog.log(BasicLog.java:74)
	at com.topcoder.management.deliverable.PersistenceDeliverableManager.searchDeliverablesHelper(PersistenceDeliverableManager.java:302)
	at com.topcoder.management.deliverable.PersistenceDeliverableManager.searchDeliverables(PersistenceDeliverableManager.java:246)
	at com.topcoder.management.deliverable.stresstests.StressTestPersistenceDeliverableManager.testSearchDeliverables(StressTestPersistenceDeliverableManager.java:170)
	at sun.reflect.NativeMethodAccessorImpl.invoke0(Native Method)
	at sun.reflect.NativeMethodAccessorImpl.invoke(NativeMethodAccessorImpl.java:57)
	at sun.reflect.DelegatingMethodAccessorImpl.invoke(DelegatingMethodAccessorImpl.java:43)
	at java.lang.reflect.Method.invoke(Method.java:616)
	at junit.framework.TestCase.runTest(TestCase.java:168)
	at junit.framework.TestCase.runBare(TestCase.java:134)
	at junit.framework.TestResult$1.protect(TestResult.java:110)
	at junit.framework.TestResult.runProtected(TestResult.java:128)
	at junit.framework.TestResult.run(TestResult.java:113)
	at junit.framework.TestCase.run(TestCase.java:124)
	at junit.framework.TestSuite.runTest(TestSuite.java:232)
	at junit.framework.TestSuite.run(TestSuite.java:227)
	at junit.framework.TestSuite.runTest(TestSuite.java:232)
	at junit.framework.TestSuite.run(TestSuite.java:227)
	at junit.framework.TestSuite.runTest(TestSuite.java:232)
	at junit.framework.TestSuite.run(TestSuite.java:227)
	at org.apache.tools.ant.taskdefs.optional.junit.JUnitTestRunner.run(JUnitTestRunner.java:420)
	at org.apache.tools.ant.taskdefs.optional.junit.JUnitTestRunner.launch(JUnitTestRunner.java:911)
	at org.apache.tools.ant.taskdefs.optional.junit.JUnitTestRunner.main(JUnitTestRunner.java:768)
Loading Deliverable Array
com.topcoder.util.config.UnknownNamespaceException: com.topcoder.util.log is unknown
	at com.topcoder.util.config.DefaultConfigManager.getPropertyObject(DefaultConfigManager.java:429)
	at com.topcoder.util.config.DefaultConfigManager.getString(DefaultConfigManager.java:449)
	at com.topcoder.util.log.LogFactory.getAttribute(LogFactory.java:224)
	at com.topcoder.util.log.basic.BasicLog.log(BasicLog.java:74)
	at com.topcoder.management.deliverable.PersistenceDeliverableManager.searchDeliverablesHelper(PersistenceDeliverableManager.java:325)
	at com.topcoder.management.deliverable.PersistenceDeliverableManager.searchDeliverables(PersistenceDeliverableManager.java:246)
	at com.topcoder.management.deliverable.stresstests.StressTestPersistenceDeliverableManager.testSearchDeliverables(StressTestPersistenceDeliverableManager.java:170)
	at sun.reflect.NativeMethodAccessorImpl.invoke0(Native Method)
	at sun.reflect.NativeMethodAccessorImpl.invoke(NativeMethodAccessorImpl.java:57)
	at sun.reflect.DelegatingMethodAccessorImpl.invoke(DelegatingMethodAccessorImpl.java:43)
	at java.lang.reflect.Method.invoke(Method.java:616)
	at junit.framework.TestCase.runTest(TestCase.java:168)
	at junit.framework.TestCase.runBare(TestCase.java:134)
	at junit.framework.TestResult$1.protect(TestResult.java:110)
	at junit.framework.TestResult.runProtected(TestResult.java:128)
	at junit.framework.TestResult.run(TestResult.java:113)
	at junit.framework.TestCase.run(TestCase.java:124)
	at junit.framework.TestSuite.runTest(TestSuite.java:232)
	at junit.framework.TestSuite.run(TestSuite.java:227)
	at junit.framework.TestSuite.runTest(TestSuite.java:232)
	at junit.framework.TestSuite.run(TestSuite.java:227)
	at junit.framework.TestSuite.runTest(TestSuite.java:232)
	at junit.framework.TestSuite.run(TestSuite.java:227)
	at org.apache.tools.ant.taskdefs.optional.junit.JUnitTestRunner.run(JUnitTestRunner.java:420)
	at org.apache.tools.ant.taskdefs.optional.junit.JUnitTestRunner.launch(JUnitTestRunner.java:911)
	at org.apache.tools.ant.taskdefs.optional.junit.JUnitTestRunner.main(JUnitTestRunner.java:768)
Adding Deliverable To List
com.topcoder.util.config.UnknownNamespaceException: com.topcoder.util.log is unknown
	at com.topcoder.util.config.DefaultConfigManager.getPropertyObject(DefaultConfigManager.java:429)
	at com.topcoder.util.config.DefaultConfigManager.getString(DefaultConfigManager.java:449)
	at com.topcoder.util.log.LogFactory.getAttribute(LogFactory.java:224)
	at com.topcoder.util.log.basic.BasicLog.log(BasicLog.java:74)
	at com.topcoder.management.deliverable.PersistenceDeliverableManager.searchDeliverables(PersistenceDeliverableManager.java:245)
	at com.topcoder.management.deliverable.stresstests.StressTestPersistenceDeliverableManager.testSearchDeliverables(StressTestPersistenceDeliverableManager.java:170)
	at sun.reflect.NativeMethodAccessorImpl.invoke0(Native Method)
	at sun.reflect.NativeMethodAccessorImpl.invoke(NativeMethodAccessorImpl.java:57)
	at sun.reflect.DelegatingMethodAccessorImpl.invoke(DelegatingMethodAccessorImpl.java:43)
	at java.lang.reflect.Method.invoke(Method.java:616)
	at junit.framework.TestCase.runTest(TestCase.java:168)
	at junit.framework.TestCase.runBare(TestCase.java:134)
	at junit.framework.TestResult$1.protect(TestResult.java:110)
	at junit.framework.TestResult.runProtected(TestResult.java:128)
	at junit.framework.TestResult.run(TestResult.java:113)
	at junit.framework.TestCase.run(TestCase.java:124)
	at junit.framework.TestSuite.runTest(TestSuite.java:232)
	at junit.framework.TestSuite.run(TestSuite.java:227)
	at junit.framework.TestSuite.runTest(TestSuite.java:232)
	at junit.framework.TestSuite.run(TestSuite.java:227)
	at junit.framework.TestSuite.runTest(TestSuite.java:232)
	at junit.framework.TestSuite.run(TestSuite.java:227)
	at org.apache.tools.ant.taskdefs.optional.junit.JUnitTestRunner.run(JUnitTestRunner.java:420)
	at org.apache.tools.ant.taskdefs.optional.junit.JUnitTestRunner.launch(JUnitTestRunner.java:911)
	at org.apache.tools.ant.taskdefs.optional.junit.JUnitTestRunner.main(JUnitTestRunner.java:768)
Search deliverables filter.
com.topcoder.util.config.UnknownNamespaceException: com.topcoder.util.log is unknown
	at com.topcoder.util.config.DefaultConfigManager.getPropertyObject(DefaultConfigManager.java:429)
	at com.topcoder.util.config.DefaultConfigManager.getString(DefaultConfigManager.java:449)
	at com.topcoder.util.log.LogFactory.getAttribute(LogFactory.java:224)
	at com.topcoder.util.log.basic.BasicLog.log(BasicLog.java:74)
	at com.topcoder.management.deliverable.DeliverableHelper.checkAndGetCustomResultSetValidDeliverable(DeliverableHelper.java:156)
	at com.topcoder.management.deliverable.PersistenceDeliverableManager.searchDeliverablesHelper(PersistenceDeliverableManager.java:284)
	at com.topcoder.management.deliverable.PersistenceDeliverableManager.searchDeliverables(PersistenceDeliverableManager.java:246)
	at com.topcoder.management.deliverable.stresstests.StressTestPersistenceDeliverableManager.testSearchDeliverables(StressTestPersistenceDeliverableManager.java:170)
	at sun.reflect.NativeMethodAccessorImpl.invoke0(Native Method)
	at sun.reflect.NativeMethodAccessorImpl.invoke(NativeMethodAccessorImpl.java:57)
	at sun.reflect.DelegatingMethodAccessorImpl.invoke(DelegatingMethodAccessorImpl.java:43)
	at java.lang.reflect.Method.invoke(Method.java:616)
	at junit.framework.TestCase.runTest(TestCase.java:168)
	at junit.framework.TestCase.runBare(TestCase.java:134)
	at junit.framework.TestResult$1.protect(TestResult.java:110)
	at junit.framework.TestResult.runProtected(TestResult.java:128)
	at junit.framework.TestResult.run(TestResult.java:113)
	at junit.framework.TestCase.run(TestCase.java:124)
	at junit.framework.TestSuite.runTest(TestSuite.java:232)
	at junit.framework.TestSuite.run(TestSuite.java:227)
	at junit.framework.TestSuite.runTest(TestSuite.java:232)
	at junit.framework.TestSuite.run(TestSuite.java:227)
	at junit.framework.TestSuite.runTest(TestSuite.java:232)
	at junit.framework.TestSuite.run(TestSuite.java:227)
	at org.apache.tools.ant.taskdefs.optional.junit.JUnitTestRunner.run(JUnitTestRunner.java:420)
	at org.apache.tools.ant.taskdefs.optional.junit.JUnitTestRunner.launch(JUnitTestRunner.java:911)
	at org.apache.tools.ant.taskdefs.optional.junit.JUnitTestRunner.main(JUnitTestRunner.java:768)
CustomResultSet Records: 2
com.topcoder.util.config.UnknownNamespaceException: com.topcoder.util.log is unknown
	at com.topcoder.util.config.DefaultConfigManager.getPropertyObject(DefaultConfigManager.java:429)
	at com.topcoder.util.config.DefaultConfigManager.getString(DefaultConfigManager.java:449)
	at com.topcoder.util.log.LogFactory.getAttribute(LogFactory.java:224)
	at com.topcoder.util.log.basic.BasicLog.log(BasicLog.java:74)
	at com.topcoder.management.deliverable.PersistenceDeliverableManager.searchDeliverablesHelper(PersistenceDeliverableManager.java:289)
	at com.topcoder.management.deliverable.PersistenceDeliverableManager.searchDeliverables(PersistenceDeliverableManager.java:246)
	at com.topcoder.management.deliverable.stresstests.StressTestPersistenceDeliverableManager.testSearchDeliverables(StressTestPersistenceDeliverableManager.java:170)
	at sun.reflect.NativeMethodAccessorImpl.invoke0(Native Method)
	at sun.reflect.NativeMethodAccessorImpl.invoke(NativeMethodAccessorImpl.java:57)
	at sun.reflect.DelegatingMethodAccessorImpl.invoke(DelegatingMethodAccessorImpl.java:43)
	at java.lang.reflect.Method.invoke(Method.java:616)
	at junit.framework.TestCase.runTest(TestCase.java:168)
	at junit.framework.TestCase.runBare(TestCase.java:134)
	at junit.framework.TestResult$1.protect(TestResult.java:110)
	at junit.framework.TestResult.runProtected(TestResult.java:128)
	at junit.framework.TestResult.run(TestResult.java:113)
	at junit.framework.TestCase.run(TestCase.java:124)
	at junit.framework.TestSuite.runTest(TestSuite.java:232)
	at junit.framework.TestSuite.run(TestSuite.java:227)
	at junit.framework.TestSuite.runTest(TestSuite.java:232)
	at junit.framework.TestSuite.run(TestSuite.java:227)
	at junit.framework.TestSuite.runTest(TestSuite.java:232)
	at junit.framework.TestSuite.run(TestSuite.java:227)
	at org.apache.tools.ant.taskdefs.optional.junit.JUnitTestRunner.run(JUnitTestRunner.java:420)
	at org.apache.tools.ant.taskdefs.optional.junit.JUnitTestRunner.launch(JUnitTestRunner.java:911)
	at org.apache.tools.ant.taskdefs.optional.junit.JUnitTestRunner.main(JUnitTestRunner.java:768)
Deliverable Id Array: 3, 2
com.topcoder.util.config.UnknownNamespaceException: com.topcoder.util.log is unknown
	at com.topcoder.util.config.DefaultConfigManager.getPropertyObject(DefaultConfigManager.java:429)
	at com.topcoder.util.config.DefaultConfigManager.getString(DefaultConfigManager.java:449)
	at com.topcoder.util.log.LogFactory.getAttribute(LogFactory.java:224)
	at com.topcoder.util.log.basic.BasicLog.log(BasicLog.java:74)
	at com.topcoder.management.deliverable.PersistenceDeliverableManager.searchDeliverablesHelper(PersistenceDeliverableManager.java:302)
	at com.topcoder.management.deliverable.PersistenceDeliverableManager.searchDeliverables(PersistenceDeliverableManager.java:246)
	at com.topcoder.management.deliverable.stresstests.StressTestPersistenceDeliverableManager.testSearchDeliverables(StressTestPersistenceDeliverableManager.java:170)
	at sun.reflect.NativeMethodAccessorImpl.invoke0(Native Method)
	at sun.reflect.NativeMethodAccessorImpl.invoke(NativeMethodAccessorImpl.java:57)
	at sun.reflect.DelegatingMethodAccessorImpl.invoke(DelegatingMethodAccessorImpl.java:43)
	at java.lang.reflect.Method.invoke(Method.java:616)
	at junit.framework.TestCase.runTest(TestCase.java:168)
	at junit.framework.TestCase.runBare(TestCase.java:134)
	at junit.framework.TestResult$1.protect(TestResult.java:110)
	at junit.framework.TestResult.runProtected(TestResult.java:128)
	at junit.framework.TestResult.run(TestResult.java:113)
	at junit.framework.TestCase.run(TestCase.java:124)
	at junit.framework.TestSuite.runTest(TestSuite.java:232)
	at junit.framework.TestSuite.run(TestSuite.java:227)
	at junit.framework.TestSuite.runTest(TestSuite.java:232)
	at junit.framework.TestSuite.run(TestSuite.java:227)
	at junit.framework.TestSuite.runTest(TestSuite.java:232)
	at junit.framework.TestSuite.run(TestSuite.java:227)
	at org.apache.tools.ant.taskdefs.optional.junit.JUnitTestRunner.run(JUnitTestRunner.java:420)
	at org.apache.tools.ant.taskdefs.optional.junit.JUnitTestRunner.launch(JUnitTestRunner.java:911)
	at org.apache.tools.ant.taskdefs.optional.junit.JUnitTestRunner.main(JUnitTestRunner.java:768)
Loading Deliverable Array
com.topcoder.util.config.UnknownNamespaceException: com.topcoder.util.log is unknown
	at com.topcoder.util.config.DefaultConfigManager.getPropertyObject(DefaultConfigManager.java:429)
	at com.topcoder.util.config.DefaultConfigManager.getString(DefaultConfigManager.java:449)
	at com.topcoder.util.log.LogFactory.getAttribute(LogFactory.java:224)
	at com.topcoder.util.log.basic.BasicLog.log(BasicLog.java:74)
	at com.topcoder.management.deliverable.PersistenceDeliverableManager.searchDeliverablesHelper(PersistenceDeliverableManager.java:325)
	at com.topcoder.management.deliverable.PersistenceDeliverableManager.searchDeliverables(PersistenceDeliverableManager.java:246)
	at com.topcoder.management.deliverable.stresstests.StressTestPersistenceDeliverableManager.testSearchDeliverables(StressTestPersistenceDeliverableManager.java:170)
	at sun.reflect.NativeMethodAccessorImpl.invoke0(Native Method)
	at sun.reflect.NativeMethodAccessorImpl.invoke(NativeMethodAccessorImpl.java:57)
	at sun.reflect.DelegatingMethodAccessorImpl.invoke(DelegatingMethodAccessorImpl.java:43)
	at java.lang.reflect.Method.invoke(Method.java:616)
	at junit.framework.TestCase.runTest(TestCase.java:168)
	at junit.framework.TestCase.runBare(TestCase.java:134)
	at junit.framework.TestResult$1.protect(TestResult.java:110)
	at junit.framework.TestResult.runProtected(TestResult.java:128)
	at junit.framework.TestResult.run(TestResult.java:113)
	at junit.framework.TestCase.run(TestCase.java:124)
	at junit.framework.TestSuite.runTest(TestSuite.java:232)
	at junit.framework.TestSuite.run(TestSuite.java:227)
	at junit.framework.TestSuite.runTest(TestSuite.java:232)
	at junit.framework.TestSuite.run(TestSuite.java:227)
	at junit.framework.TestSuite.runTest(TestSuite.java:232)
	at junit.framework.TestSuite.run(TestSuite.java:227)
	at org.apache.tools.ant.taskdefs.optional.junit.JUnitTestRunner.run(JUnitTestRunner.java:420)
	at org.apache.tools.ant.taskdefs.optional.junit.JUnitTestRunner.launch(JUnitTestRunner.java:911)
	at org.apache.tools.ant.taskdefs.optional.junit.JUnitTestRunner.main(JUnitTestRunner.java:768)
Adding Deliverable To List
com.topcoder.util.config.UnknownNamespaceException: com.topcoder.util.log is unknown
	at com.topcoder.util.config.DefaultConfigManager.getPropertyObject(DefaultConfigManager.java:429)
	at com.topcoder.util.config.DefaultConfigManager.getString(DefaultConfigManager.java:449)
	at com.topcoder.util.log.LogFactory.getAttribute(LogFactory.java:224)
	at com.topcoder.util.log.basic.BasicLog.log(BasicLog.java:74)
	at com.topcoder.management.deliverable.PersistenceDeliverableManager.searchDeliverablesHelper(PersistenceDeliverableManager.java:302)
	at com.topcoder.management.deliverable.PersistenceDeliverableManager.searchDeliverables(PersistenceDeliverableManager.java:246)
	at com.topcoder.management.deliverable.stresstests.StressTestPersistenceDeliverableManager.testSearchDeliverables(StressTestPersistenceDeliverableManager.java:170)
	at sun.reflect.NativeMethodAccessorImpl.invoke0(Native Method)
	at sun.reflect.NativeMethodAccessorImpl.invoke(NativeMethodAccessorImpl.java:57)
	at sun.reflect.DelegatingMethodAccessorImpl.invoke(DelegatingMethodAccessorImpl.java:43)
	at java.lang.reflect.Method.invoke(Method.java:616)
	at junit.framework.TestCase.runTest(TestCase.java:168)
	at junit.framework.TestCase.runBare(TestCase.java:134)
	at junit.framework.TestResult$1.protect(TestResult.java:110)
	at junit.framework.TestResult.runProtected(TestResult.java:128)
	at junit.framework.TestResult.run(TestResult.java:113)
	at junit.framework.TestCase.run(TestCase.java:124)
	at junit.framework.TestSuite.runTest(TestSuite.java:232)
	at junit.framework.TestSuite.run(TestSuite.java:227)
	at junit.framework.TestSuite.runTest(TestSuite.java:232)
	at junit.framework.TestSuite.run(TestSuite.java:227)
	at junit.framework.TestSuite.runTest(TestSuite.java:232)
	at junit.framework.TestSuite.run(TestSuite.java:227)
	at org.apache.tools.ant.taskdefs.optional.junit.JUnitTestRunner.run(JUnitTestRunner.java:420)
	at org.apache.tools.ant.taskdefs.optional.junit.JUnitTestRunner.launch(JUnitTestRunner.java:911)
	at org.apache.tools.ant.taskdefs.optional.junit.JUnitTestRunner.main(JUnitTestRunner.java:768)
Loading Deliverable Array
com.topcoder.util.config.UnknownNamespaceException: com.topcoder.util.log is unknown
	at com.topcoder.util.config.DefaultConfigManager.getPropertyObject(DefaultConfigManager.java:429)
	at com.topcoder.util.config.DefaultConfigManager.getString(DefaultConfigManager.java:449)
	at com.topcoder.util.log.LogFactory.getAttribute(LogFactory.java:224)
	at com.topcoder.util.log.basic.BasicLog.log(BasicLog.java:74)
	at com.topcoder.management.deliverable.PersistenceDeliverableManager.searchDeliverablesHelper(PersistenceDeliverableManager.java:325)
	at com.topcoder.management.deliverable.PersistenceDeliverableManager.searchDeliverables(PersistenceDeliverableManager.java:246)
	at com.topcoder.management.deliverable.stresstests.StressTestPersistenceDeliverableManager.testSearchDeliverables(StressTestPersistenceDeliverableManager.java:170)
	at sun.reflect.NativeMethodAccessorImpl.invoke0(Native Method)
	at sun.reflect.NativeMethodAccessorImpl.invoke(NativeMethodAccessorImpl.java:57)
	at sun.reflect.DelegatingMethodAccessorImpl.invoke(DelegatingMethodAccessorImpl.java:43)
	at java.lang.reflect.Method.invoke(Method.java:616)
	at junit.framework.TestCase.runTest(TestCase.java:168)
	at junit.framework.TestCase.runBare(TestCase.java:134)
	at junit.framework.TestResult$1.protect(TestResult.java:110)
	at junit.framework.TestResult.runProtected(TestResult.java:128)
	at junit.framework.TestResult.run(TestResult.java:113)
	at junit.framework.TestCase.run(TestCase.java:124)
	at junit.framework.TestSuite.runTest(TestSuite.java:232)
	at junit.framework.TestSuite.run(TestSuite.java:227)
	at junit.framework.TestSuite.runTest(TestSuite.java:232)
	at junit.framework.TestSuite.run(TestSuite.java:227)
	at junit.framework.TestSuite.runTest(TestSuite.java:232)
	at junit.framework.TestSuite.run(TestSuite.java:227)
	at org.apache.tools.ant.taskdefs.optional.junit.JUnitTestRunner.run(JUnitTestRunner.java:420)
	at org.apache.tools.ant.taskdefs.optional.junit.JUnitTestRunner.launch(JUnitTestRunner.java:911)
	at org.apache.tools.ant.taskdefs.optional.junit.JUnitTestRunner.main(JUnitTestRunner.java:768)
Adding Deliverable To List
com.topcoder.util.config.UnknownNamespaceException: com.topcoder.util.log is unknown
	at com.topcoder.util.config.DefaultConfigManager.getPropertyObject(DefaultConfigManager.java:429)
	at com.topcoder.util.config.DefaultConfigManager.getString(DefaultConfigManager.java:449)
	at com.topcoder.util.log.LogFactory.getAttribute(LogFactory.java:224)
	at com.topcoder.util.log.basic.BasicLog.log(BasicLog.java:74)
	at com.topcoder.management.deliverable.PersistenceDeliverableManager.<init>(PersistenceDeliverableManager.java:157)
	at com.topcoder.management.deliverable.PersistenceDeliverableManager.<init>(PersistenceDeliverableManager.java:183)
	at com.topcoder.management.deliverable.stresstests.StressTestPersistenceDeliverableManager.setUp(StressTestPersistenceDeliverableManager.java:99)
	at junit.framework.TestCase.runBare(TestCase.java:132)
	at junit.framework.TestResult$1.protect(TestResult.java:110)
	at junit.framework.TestResult.runProtected(TestResult.java:128)
	at junit.framework.TestResult.run(TestResult.java:113)
	at junit.framework.TestCase.run(TestCase.java:124)
	at junit.framework.TestSuite.runTest(TestSuite.java:232)
	at junit.framework.TestSuite.run(TestSuite.java:227)
	at junit.framework.TestSuite.runTest(TestSuite.java:232)
	at junit.framework.TestSuite.run(TestSuite.java:227)
	at junit.framework.TestSuite.runTest(TestSuite.java:232)
	at junit.framework.TestSuite.run(TestSuite.java:227)
	at org.apache.tools.ant.taskdefs.optional.junit.JUnitTestRunner.run(JUnitTestRunner.java:420)
	at org.apache.tools.ant.taskdefs.optional.junit.JUnitTestRunner.launch(JUnitTestRunner.java:911)
	at org.apache.tools.ant.taskdefs.optional.junit.JUnitTestRunner.main(JUnitTestRunner.java:768)
Instantiate PersistenceDeliverableManager with DeliverablePersistence, deliverableCheckers map,deliverableSearchBundle and submissionSearchBundle.
]]></system-err>
</testsuite>
