<?xml version="1.0" encoding="UTF-8" ?>
<testsuite errors="279" failures="0" hostname="ysera" name="com.topcoder.management.deliverable.AllTests" tests="665" time="3.938" timestamp="2010-11-16T23:35:11">
  <properties>
    <property name="java.vendor" value="Sun Microsystems Inc." />
    <property name="package" value="com.topcoder.management.deliverable" />
    <property name="docpackage.jar" value="deliverable_management_docs.jar" />
    <property name="sun.java.launcher" value="SUN_STANDARD" />
    <property name="sun.management.compiler" value="HotSpot 64-Bit Server Compiler" />
    <property name="manifest_file_path" value="build/dist/deliverable_management-1.2.0/META-INF/" />
    <property name="verbose" value="no" />
    <property name="os.name" value="Linux" />
    <property name="sun.boot.class.path" value="/usr/lib/jvm/java-1.6.0-openjdk-1.6.0.0.x86_64/jre/lib/resources.jar:/usr/lib/jvm/java-1.6.0-openjdk-1.6.0.0.x86_64/jre/lib/rt.jar:/usr/lib/jvm/java-1.6.0-openjdk-1.6.0.0.x86_64/jre/lib/sunrsasign.jar:/usr/lib/jvm/java-1.6.0-openjdk-1.6.0.0.x86_64/jre/lib/jsse.jar:/usr/lib/jvm/java-1.6.0-openjdk-1.6.0.0.x86_64/jre/lib/jce.jar:/usr/lib/jvm/java-1.6.0-openjdk-1.6.0.0.x86_64/jre/lib/charsets.jar:/usr/lib/jvm/java-1.6.0-openjdk-1.6.0.0.x86_64/jre/lib/netx.jar:/usr/lib/jvm/java-1.6.0-openjdk-1.6.0.0.x86_64/jre/lib/plugin.jar:/usr/lib/jvm/java-1.6.0-openjdk-1.6.0.0.x86_64/jre/lib/rhino.jar:/usr/lib/jvm/java-1.6.0-openjdk-1.6.0.0.x86_64/jre/lib/modules/jdk.boot.jar:/usr/lib/jvm/java-1.6.0-openjdk-1.6.0.0.x86_64/jre/classes" />
    <property name="docsdir" value="docs" />
    <property name="javadoc.jar" value="javadocs.jar" />
    <property name="design_submission.jar" value="deliverable_management_1.2.0_design_submission.jar" />
    <property name="sun.desktop" value="gnome" />
    <property name="component.tests.jar" value="build/dist/lib/tcs/deliverable_management_tests.jar" />
    <property name="object_formatter.jar" value="../tcs/lib/tcs/object_formatter/1.0.0/object_formatter.jar" />
    <property name="java.vm.specification.vendor" value="Sun Microsystems Inc." />
    <property name="ant.home" value="/usr/share/ant" />
    <property name="java.runtime.version" value="1.6.0_20-b20" />
    <property name="component_path" value="deliverable_management/1.2.0" />
    <property name="cobertura.dir" value="../tcs/lib/third_party/cobertura/1.8" />
    <property name="component.version.micro" value="0" />
    <property name="user.name" value="edemairy" />
    <property name="manifest_file" value="build/dist/deliverable_management-1.2.0/META-INF//MANIFEST.MF" />
    <property name="logging_wrapper.jar" value="../tcs/lib/tcs/logging_wrapper/1.2/logging_wrapper.jar" />
    <property name="debug" value="off" />
    <property name="reports" value="log/reports" />
    <property name="testfiles" value="test_files" />
    <property name="component.version.major" value="1" />
    <property name="component_version" value="1.2.0" />
    <property name="dist_coverage" value="build/dist/deliverable_management-1.2.0/docs/coverage" />
    <property name="component.packagedir" value="com/topcoder/management/deliverable" />
    <property name="user.language" value="en" />
    <property name="cobertura.datafile" value="log/cobertura.ser" />
    <property name="javadoc.locale" value="en_US" />
    <property name="sun.boot.library.path" value="/usr/lib/jvm/java-1.6.0-openjdk-1.6.0.0.x86_64/jre/lib/amd64" />
    <property name="tcs_libdir" value="../tcs/lib/tcs" />
    <property name="search_builder.jar" value="../tcs/lib/tcs/search_builder/1.4.1/search_builder.jar" />
    <property name="srcdir" value="src" />
    <property name="ant.project.name" value="TopCoder Java Generic Build" />
    <property name="component.bootclasspath" value="${java_1_5_bootclasspath}" />
    <property name="component.version.minor" value="2" />
    <property name="java.version" value="1.6.0_20" />
    <property name="user.timezone" value="" />
    <property name="dev_dist.jar" value="deliverable_management_1.2.0_dev_dist.jar" />
    <property name="sun.arch.data.model" value="64" />
    <property name="java.endorsed.dirs" value="/usr/lib/jvm/java-1.6.0-openjdk-1.6.0.0.x86_64/jre/lib/endorsed" />
    <property name="sun.cpu.isalist" value="" />
    <property name="packagedir" value="com/topcoder/management/deliverable" />
    <property name="sun.jnu.encoding" value="UTF-8" />
    <property name="file.encoding.pkg" value="sun.io" />
    <property name="file.separator" value="/" />
    <property name="java.specification.name" value="Java Platform API Specification" />
    <property name="build_docsdir" value="build/docs" />
    <property name="dev_submission.jar" value="deliverable_management_1.2.0_dev_submission.jar" />
    <property name="java.class.version" value="50.0" />
    <property name="db_connection_factory.jar" value="../tcs/lib/tcs/db_connection_factory/1.1/db_connection_factory.jar" />
    <property name="build_testclassdir" value="build/testClasses" />
    <property name="user.country" value="US" />
    <property name="java.home" value="/usr/lib/jvm/java-1.6.0-openjdk-1.6.0.0.x86_64/jre" />
    <property name="component.distfilename" value="deliverable_management" />
    <property name="component.version.build" value="1" />
    <property name="java.vm.info" value="mixed mode" />
    <property name="ant.file" value="/home/edemairy/Personnel/TC/Development/DeliverableManagement/build.xml" />
    <property name="os.version" value="2.6.35.6-48.fc14.x86_64" />
    <property name="build_distdir" value="build/dist" />
    <property name="dist_docpackage" value="build/doc_package" />
    <property name="ifxjdbc.jar" value="../tcs/lib/third_party/Informix/1.4.1/ifxjdbc.jar" />
    <property name="build_tcsdistdir" value="build/dist/deliverable_management-1.2.0" />
    <property name="path.separator" value=":" />
    <property name="java.vm.version" value="19.0-b06" />
    <property name="testlogdir" value="log" />
    <property name="database_abstraction.jar" value="../tcs/lib/tcs/database_abstraction/1.1/database_abstraction.jar" />
    <property name="ant.library.dir" value="/usr/share/ant/lib" />
    <property name="component.name" value="Deliverable Management" />
    <property name="javamain" value="src/java/main" />
    <property name="base_exception.jar" value="../tcs/lib/tcs/base_exception/2.0.0/base_exception.jar" />
    <property name="dist_lib" value="build/dist/lib/tcs" />
    <property name="dist_javadocs" value="build/dist/deliverable_management-1.2.0/docs/javadocs" />
    <property name="java.awt.printerjob" value="sun.print.PSPrinterJob" />
    <property name="sun.io.unicode.encoding" value="UnicodeLittle" />
    <property name="component" value="Deliverable Management" />
    <property name="user.home" value="/user/edemairy/home" />
    <property name="java.specification.vendor" value="Sun Microsystems Inc." />
    <property name="object_factory.jar" value="../tcs/lib/tcs/object_factory/2.0.1/object_factory.jar" />
    <property name="data_validation.jar" value="../tcs/lib/tcs/data_validation/1.1.1/data_validation.jar" />
    <property name="java.vendor.url" value="http://java.sun.com/" />
    <property name="java.library.path" value="/usr/lib/jvm/java-1.6.0-openjdk-1.6.0.0.x86_64/jre/lib/amd64/server:/usr/lib/jvm/java-1.6.0-openjdk-1.6.0.0.x86_64/jre/lib/amd64:/usr/lib/jvm/java-1.6.0-openjdk-1.6.0.0.x86_64/jre/../lib/amd64:/usr/local/cuda/lib64:/usr/lib64/alliance/lib:/usr/java/packages/lib/amd64:/usr/lib64:/lib64:/lib:/usr/lib" />
    <property name="build_javadocsdir" value="build/docs/javadocs" />
    <property name="configdir" value="conf" />
    <property name="java.vm.vendor" value="Sun Microsystems Inc." />
    <property name="ant.file.TopCoder Java Generic Build" value="/home/edemairy/Personnel/TC/Development/DeliverableManagement/build.xml" />
    <property name="java.runtime.name" value="OpenJDK Runtime Environment" />
    <property name="ant.version" value="Apache Ant version 1.7.1 compiled on April 16 2010" />
    <property name="java.class.path" value="/home/edemairy/Personnel/TC/Development/DeliverableManagement/build/testClasses:/home/edemairy/Personnel/TC/Development/tcs/lib/third_party/junit/4.6/junit-4.6.jar:/home/edemairy/Personnel/TC/Development/tcs/lib/tcs/base_exception/2.0.0/base_exception.jar:/home/edemairy/Personnel/TC/Development/tcs/lib/tcs/logging_wrapper/1.2/logging_wrapper.jar:/home/edemairy/Personnel/TC/Development/tcs/lib/tcs/configuration_manager/2.1.5/configuration_manager.jar:/home/edemairy/Personnel/TC/Development/tcs/lib/tcs/database_abstraction/1.1/database_abstraction.jar:/home/edemairy/Personnel/TC/Development/tcs/lib/tcs/db_connection_factory/1.1/db_connection_factory.jar:/home/edemairy/Personnel/TC/Development/tcs/lib/tcs/data_validation/1.1.1/data_validation.jar:/home/edemairy/Personnel/TC/Development/tcs/lib/tcs/id_generator/3.0.0/id_generator.jar:/home/edemairy/Personnel/TC/Development/tcs/lib/tcs/search_builder/1.4.1/search_builder.jar:/home/edemairy/Personnel/TC/Development/tcs/lib/tcs/configuration_api/1.0.0/configuration_api.jar:/home/edemairy/Personnel/TC/Development/DeliverableManagement/build/classes:/home/edemairy/Personnel/TC/Development/DeliverableManagement/test_files:/usr/share/java/junit-3.8.2.jar:/usr/share/java/ant-launcher-1.7.1.jar:/usr/share/java/ant-1.7.1.jar:/usr/share/java/ant/ant-junit-1.7.1.jar" />
    <property name="configuration_manager.jar" value="../tcs/lib/tcs/configuration_manager/2.1.5/configuration_manager.jar" />
    <property name="java.vm.specification.name" value="Java Virtual Machine Specification" />
    <property name="ext_libdir" value="../tcs/lib/third_party" />
    <property name="builddir" value="build" />
    <property name="java.vm.specification.version" value="1.0" />
    <property name="junit.jar" value="../tcs/lib/third_party/junit/4.6/junit-4.6.jar" />
    <property name="component.dist.jar" value="build/dist/deliverable_management-1.2.0.jar" />
    <property name="sun.os.patch.level" value="unknown" />
    <property name="sun.cpu.endian" value="little" />
    <property name="java.io.tmpdir" value="/tmp" />
    <property name="component.target" value="1.5" />
    <property name="java.vendor.url.bug" value="http://java.sun.com/cgi-bin/bugreport.cgi" />
    <property name="build_targetclassdir" value="build/targetclasses" />
    <property name="javac.encoding" value="UTF-8" />
    <property name="build_classdir" value="build/classes" />
    <property name="javatests" value="src/java/tests" />
    <property name="javadocsdir" value="docs/javadocs" />
    <property name="id_generator.jar" value="../tcs/lib/tcs/id_generator/3.0.0/id_generator.jar" />
    <property name="instrumented.dir" value="build/instrumented" />
    <property name="os.arch" value="amd64" />
    <property name="java.awt.graphicsenv" value="sun.awt.X11GraphicsEnvironment" />
    <property name="test_reflib" value="test_reflib" />
    <property name="java.ext.dirs" value="/usr/lib/jvm/java-1.6.0-openjdk-1.6.0.0.x86_64/jre/lib/ext:/usr/java/packages/lib/ext" />
    <property name="typesafe_enum.jar" value="../tcs/lib/tcs/typesafe_enum/1.1.0/typesafe_enum.jar" />
    <property name="test_files.dir" value="./test_files/" />
    <property name="user.dir" value="/home/edemairy/Personnel/TC/Development/DeliverableManagement" />
    <property name="design_dist.jar" value="deliverable_management_1.2.0_design_dist.jar" />
    <property name="libdir" value="../tcs/lib" />
    <property name="javasrc" value="src/java" />
    <property name="line.separator" value="
" />
    <property name="java.vm.name" value="OpenJDK 64-Bit Server VM" />
    <property name="distfilename" value="deliverable_management" />
    <property name="basedir" value="/home/edemairy/Personnel/TC/Development/DeliverableManagement" />
    <property name="ant.java.version" value="1.6" />
    <property name="configuration_api.jar" value="../tcs/lib/tcs/configuration_api/1.0.0/configuration_api.jar" />
    <property name="ant.core.lib" value="/usr/share/java/ant-1.7.1.jar" />
    <property name="file.encoding" value="UTF-8" />
    <property name="dist_docs" value="build/dist/deliverable_management-1.2.0/docs" />
    <property name="component.jar" value="build/dist/lib/tcs/deliverable_management/1.2.0/deliverable_management.jar" />
    <property name="java.specification.version" value="1.6" />
    <property name="target_libdir" value="../tcs/lib/tcs" />
    <property name="component.package" value="com.topcoder.management.deliverable" />
    <property name="ant.file.Dependency Import" value="/home/edemairy/Personnel/TC/Development/DeliverableManagement/build-dependencies.xml" />
    <property name="class_associations.jar" value="../tcs/lib/tcs/class_associations/1.0/class_associations.jar" />
  </properties>
  <testcase classname="com.topcoder.management.deliverable.AuditedDeliverableStructureTests" name="testConstructor1_Accuracy" time="0.002" />
  <testcase classname="com.topcoder.management.deliverable.AuditedDeliverableStructureTests" name="testConstructor2_InvalidLong1" time="0.002" />
  <testcase classname="com.topcoder.management.deliverable.AuditedDeliverableStructureTests" name="testConstructor2_InvalidLong2" time="0.0" />
  <testcase classname="com.topcoder.management.deliverable.AuditedDeliverableStructureTests" name="testConstructor2_Accuracy1" time="0.0" />
  <testcase classname="com.topcoder.management.deliverable.AuditedDeliverableStructureTests" name="testSetId_Invalid1" time="0.0" />
  <testcase classname="com.topcoder.management.deliverable.AuditedDeliverableStructureTests" name="testSetId_Invalid2" time="0.0" />
  <testcase classname="com.topcoder.management.deliverable.AuditedDeliverableStructureTests" name="testSetId_Accuracy1" time="0.0" />
  <testcase classname="com.topcoder.management.deliverable.AuditedDeliverableStructureTests" name="testGetId_Accuracy1" time="0.001" />
  <testcase classname="com.topcoder.management.deliverable.AuditedDeliverableStructureTests" name="testSetCreationUser_Accuracy1" time="0.0" />
  <testcase classname="com.topcoder.management.deliverable.AuditedDeliverableStructureTests" name="testGetCreationUser_Accuracy1" time="0.0" />
  <testcase classname="com.topcoder.management.deliverable.AuditedDeliverableStructureTests" name="testSetCreationTimestamp_Accuracy1" time="0.0" />
  <testcase classname="com.topcoder.management.deliverable.AuditedDeliverableStructureTests" name="testGetCreationTimestamp_Accuracy1" time="0.001" />
  <testcase classname="com.topcoder.management.deliverable.AuditedDeliverableStructureTests" name="testSetModificationUser_Accuracy1" time="0.0" />
  <testcase classname="com.topcoder.management.deliverable.AuditedDeliverableStructureTests" name="testGetModificationUser_Accuracy1" time="0.0" />
  <testcase classname="com.topcoder.management.deliverable.AuditedDeliverableStructureTests" name="testSetModificationTimestamp_Accuracy1" time="0.0" />
  <testcase classname="com.topcoder.management.deliverable.AuditedDeliverableStructureTests" name="testGetModificationTimestamp_Accuracy1" time="0.001" />
  <testcase classname="com.topcoder.management.deliverable.AuditedDeliverableStructureTests" name="testIsValidToPersist_Accuracy1" time="0.0" />
  <testcase classname="com.topcoder.management.deliverable.AuditedDeliverableStructureTests" name="testIsValidToPersist_Accuracy2" time="0.0" />
  <testcase classname="com.topcoder.management.deliverable.AuditedDeliverableStructureTests" name="testIsValidToPersist_Accuracy3" time="0.0" />
  <testcase classname="com.topcoder.management.deliverable.AuditedDeliverableStructureTests" name="testIsValidToPersist_Accuracy4" time="0.0" />
  <testcase classname="com.topcoder.management.deliverable.AuditedDeliverableStructureTests" name="testIsValidToPersist_Accuracy5" time="0.0" />
  <testcase classname="com.topcoder.management.deliverable.AuditedDeliverableStructureTests" name="testIsValidToPersist_Accuracy6" time="0.0" />
  <testcase classname="com.topcoder.management.deliverable.DeliverableTests" name="testConstructor1_InvalidLong1" time="0.001" />
  <testcase classname="com.topcoder.management.deliverable.DeliverableTests" name="testConstructor1_InvalidLong2" time="0.0" />
  <testcase classname="com.topcoder.management.deliverable.DeliverableTests" name="testConstructor1_InvalidLong3" time="0.001" />
  <testcase classname="com.topcoder.management.deliverable.DeliverableTests" name="testConstructor1_InvalidLong4" time="0.0" />
  <testcase classname="com.topcoder.management.deliverable.DeliverableTests" name="testConstructor1_InvalidLong5" time="0.0" />
  <testcase classname="com.topcoder.management.deliverable.DeliverableTests" name="testConstructor1_InvalidLong6" time="0.0" />
  <testcase classname="com.topcoder.management.deliverable.DeliverableTests" name="testConstructor1_InvalidLong7" time="0.0" />
  <testcase classname="com.topcoder.management.deliverable.DeliverableTests" name="testConstructor1_InvalidLong8" time="0.0" />
  <testcase classname="com.topcoder.management.deliverable.DeliverableTests" name="testConstructor1_Valid1" time="0.0" />
  <testcase classname="com.topcoder.management.deliverable.DeliverableTests" name="testConstructor1_Valid2" time="0.0" />
  <testcase classname="com.topcoder.management.deliverable.DeliverableTests" name="testConstructor1_Accuracy1" time="0.0" />
  <testcase classname="com.topcoder.management.deliverable.DeliverableTests" name="testConstructor1_Accuracy2" time="0.0" />
  <testcase classname="com.topcoder.management.deliverable.DeliverableTests" name="testGetProject_Accuracy1" time="0.0" />
  <testcase classname="com.topcoder.management.deliverable.DeliverableTests" name="testGetProject_Accuracy2" time="0.0" />
  <testcase classname="com.topcoder.management.deliverable.DeliverableTests" name="testGetPhase_Accuracy1" time="0.0" />
  <testcase classname="com.topcoder.management.deliverable.DeliverableTests" name="testGetPhase_Accuracy2" time="0.0" />
  <testcase classname="com.topcoder.management.deliverable.DeliverableTests" name="testGetResource_Accuracy1" time="0.0" />
  <testcase classname="com.topcoder.management.deliverable.DeliverableTests" name="testGetResource_Accuracy2" time="0.0" />
  <testcase classname="com.topcoder.management.deliverable.DeliverableTests" name="testGetSubmission_Accuracy1" time="0.0" />
  <testcase classname="com.topcoder.management.deliverable.DeliverableTests" name="testGetSubmission_Accuracy2" time="0.0" />
  <testcase classname="com.topcoder.management.deliverable.DeliverableTests" name="testIsRequired_Accuracy1" time="0.0" />
  <testcase classname="com.topcoder.management.deliverable.DeliverableTests" name="testIsRequired_Accuracy2" time="0.0" />
  <testcase classname="com.topcoder.management.deliverable.DeliverableTests" name="testSetCompletionDate_Null" time="0.0" />
  <testcase classname="com.topcoder.management.deliverable.DeliverableTests" name="testSetCompletionDate_Accuracy1" time="0.0" />
  <testcase classname="com.topcoder.management.deliverable.DeliverableTests" name="testGetCompletionDate_Accuracy2" time="0.0" />
  <testcase classname="com.topcoder.management.deliverable.DeliverableTests" name="testIsComplete_Accuracy1" time="0.001" />
  <testcase classname="com.topcoder.management.deliverable.DeliverableTests" name="testIsComplete_Accuracy2" time="0.0" />
  <testcase classname="com.topcoder.management.deliverable.DeliverableTests" name="testIsPerSubmission_Accuracy1" time="0.0" />
  <testcase classname="com.topcoder.management.deliverable.DeliverableTests" name="testIsPerSubmission_Accuracy2" time="0.0" />
  <testcase classname="com.topcoder.management.deliverable.IdAlreadySetExceptionTests" name="testConstructor1" time="0.001" />
  <testcase classname="com.topcoder.management.deliverable.NamedDeliverableStructureTests" name="testConstructor2_InvalidLong1" time="0.0" />
  <testcase classname="com.topcoder.management.deliverable.NamedDeliverableStructureTests" name="testConstructor2_InvalidLong2" time="0.0" />
  <testcase classname="com.topcoder.management.deliverable.NamedDeliverableStructureTests" name="testConstructor2_Accuracy1" time="0.0" />
  <testcase classname="com.topcoder.management.deliverable.NamedDeliverableStructureTests" name="testIsValidToPersist_Accuracy1" time="0.0" />
  <testcase classname="com.topcoder.management.deliverable.NamedDeliverableStructureTests" name="testIsValidToPersist_Accuracy2" time="0.0" />
  <testcase classname="com.topcoder.management.deliverable.NamedDeliverableStructureTests" name="testIsValidToPersist_Accuracy3" time="0.0" />
  <testcase classname="com.topcoder.management.deliverable.NamedDeliverableStructureTests" name="testIsValidToPersist_Accuracy4" time="0.0" />
  <testcase classname="com.topcoder.management.deliverable.NamedDeliverableStructureTests" name="testIsValidToPersist_Accuracy5" time="0.0" />
  <testcase classname="com.topcoder.management.deliverable.NamedDeliverableStructureTests" name="testConstructor1_Accuracy1" time="0.0" />
  <testcase classname="com.topcoder.management.deliverable.NamedDeliverableStructureTests" name="testConstructor1_Accuracy2" time="0.001" />
  <testcase classname="com.topcoder.management.deliverable.NamedDeliverableStructureTests" name="testConstructor3_InvalidLong1" time="0.0" />
  <testcase classname="com.topcoder.management.deliverable.NamedDeliverableStructureTests" name="testConstructor3_InvalidLong2" time="0.0" />
  <testcase classname="com.topcoder.management.deliverable.NamedDeliverableStructureTests" name="testConstructor3_Accuracy1" time="0.001" />
  <testcase classname="com.topcoder.management.deliverable.NamedDeliverableStructureTests" name="testSetName_Accuracy1" time="0.0" />
  <testcase classname="com.topcoder.management.deliverable.NamedDeliverableStructureTests" name="testGetName_Accuracy1" time="0.0" />
  <testcase classname="com.topcoder.management.deliverable.NamedDeliverableStructureTests" name="testSetDescription_Accuracy1" time="0.0" />
  <testcase classname="com.topcoder.management.deliverable.NamedDeliverableStructureTests" name="testGetDescription_Accuracy1" time="0.001" />
  <testcase classname="com.topcoder.management.deliverable.PersistenceDeliverableManagerTests" name="testConstructor1_Null1" time="0.122">
    <error message="com/topcoder/util/objectfactory/InvalidClassSpecificationException" type="java.lang.NoClassDefFoundError">java.lang.NoClassDefFoundError: com/topcoder/util/objectfactory/InvalidClassSpecificationException
	at com.topcoder.management.deliverable.PersistenceDeliverableManagerTests.setUp(PersistenceDeliverableManagerTests.java:90)
Caused by: java.lang.ClassNotFoundException: com.topcoder.util.objectfactory.InvalidClassSpecificationException
	at java.net.URLClassLoader$1.run(URLClassLoader.java:217)
	at java.security.AccessController.doPrivileged(Native Method)
	at java.net.URLClassLoader.findClass(URLClassLoader.java:205)
	at java.lang.ClassLoader.loadClass(ClassLoader.java:321)
	at sun.misc.Launcher$AppClassLoader.loadClass(Launcher.java:294)
	at java.lang.ClassLoader.loadClass(ClassLoader.java:266)
</error>
  </testcase>
  <testcase classname="com.topcoder.management.deliverable.PersistenceDeliverableManagerTests" name="testConstructor1_Null2" time="0.101">
    <error message="com/topcoder/util/objectfactory/InvalidClassSpecificationException" type="java.lang.NoClassDefFoundError">java.lang.NoClassDefFoundError: com/topcoder/util/objectfactory/InvalidClassSpecificationException
	at com.topcoder.management.deliverable.PersistenceDeliverableManagerTests.setUp(PersistenceDeliverableManagerTests.java:90)
Caused by: java.lang.ClassNotFoundException: com.topcoder.util.objectfactory.InvalidClassSpecificationException
	at java.net.URLClassLoader$1.run(URLClassLoader.java:217)
	at java.security.AccessController.doPrivileged(Native Method)
	at java.net.URLClassLoader.findClass(URLClassLoader.java:205)
	at java.lang.ClassLoader.loadClass(ClassLoader.java:321)
	at sun.misc.Launcher$AppClassLoader.loadClass(Launcher.java:294)
	at java.lang.ClassLoader.loadClass(ClassLoader.java:266)
</error>
  </testcase>
  <testcase classname="com.topcoder.management.deliverable.PersistenceDeliverableManagerTests" name="testConstructor1_Null3" time="0.073">
    <error message="com/topcoder/util/objectfactory/InvalidClassSpecificationException" type="java.lang.NoClassDefFoundError">java.lang.NoClassDefFoundError: com/topcoder/util/objectfactory/InvalidClassSpecificationException
	at com.topcoder.management.deliverable.PersistenceDeliverableManagerTests.setUp(PersistenceDeliverableManagerTests.java:90)
Caused by: java.lang.ClassNotFoundException: com.topcoder.util.objectfactory.InvalidClassSpecificationException
	at java.net.URLClassLoader$1.run(URLClassLoader.java:217)
	at java.security.AccessController.doPrivileged(Native Method)
	at java.net.URLClassLoader.findClass(URLClassLoader.java:205)
	at java.lang.ClassLoader.loadClass(ClassLoader.java:321)
	at sun.misc.Launcher$AppClassLoader.loadClass(Launcher.java:294)
	at java.lang.ClassLoader.loadClass(ClassLoader.java:266)
</error>
  </testcase>
  <testcase classname="com.topcoder.management.deliverable.PersistenceDeliverableManagerTests" name="testConstructor1_Null4" time="0.092">
    <error message="com/topcoder/util/objectfactory/InvalidClassSpecificationException" type="java.lang.NoClassDefFoundError">java.lang.NoClassDefFoundError: com/topcoder/util/objectfactory/InvalidClassSpecificationException
	at com.topcoder.management.deliverable.PersistenceDeliverableManagerTests.setUp(PersistenceDeliverableManagerTests.java:90)
Caused by: java.lang.ClassNotFoundException: com.topcoder.util.objectfactory.InvalidClassSpecificationException
	at java.net.URLClassLoader$1.run(URLClassLoader.java:217)
	at java.security.AccessController.doPrivileged(Native Method)
	at java.net.URLClassLoader.findClass(URLClassLoader.java:205)
	at java.lang.ClassLoader.loadClass(ClassLoader.java:321)
	at sun.misc.Launcher$AppClassLoader.loadClass(Launcher.java:294)
	at java.lang.ClassLoader.loadClass(ClassLoader.java:266)
</error>
  </testcase>
  <testcase classname="com.topcoder.management.deliverable.PersistenceDeliverableManagerTests" name="testConstructor1_Valid" time="0.038">
    <error message="com/topcoder/util/objectfactory/InvalidClassSpecificationException" type="java.lang.NoClassDefFoundError">java.lang.NoClassDefFoundError: com/topcoder/util/objectfactory/InvalidClassSpecificationException
	at com.topcoder.management.deliverable.PersistenceDeliverableManagerTests.setUp(PersistenceDeliverableManagerTests.java:90)
Caused by: java.lang.ClassNotFoundException: com.topcoder.util.objectfactory.InvalidClassSpecificationException
	at java.net.URLClassLoader$1.run(URLClassLoader.java:217)
	at java.security.AccessController.doPrivileged(Native Method)
	at java.net.URLClassLoader.findClass(URLClassLoader.java:205)
	at java.lang.ClassLoader.loadClass(ClassLoader.java:321)
	at sun.misc.Launcher$AppClassLoader.loadClass(Launcher.java:294)
	at java.lang.ClassLoader.loadClass(ClassLoader.java:266)
</error>
  </testcase>
  <testcase classname="com.topcoder.management.deliverable.PersistenceDeliverableManagerTests" name="testConstructor1_InvalidDeliverableCheckers1" time="0.037">
    <error message="com/topcoder/util/objectfactory/InvalidClassSpecificationException" type="java.lang.NoClassDefFoundError">java.lang.NoClassDefFoundError: com/topcoder/util/objectfactory/InvalidClassSpecificationException
	at com.topcoder.management.deliverable.PersistenceDeliverableManagerTests.setUp(PersistenceDeliverableManagerTests.java:90)
Caused by: java.lang.ClassNotFoundException: com.topcoder.util.objectfactory.InvalidClassSpecificationException
	at java.net.URLClassLoader$1.run(URLClassLoader.java:217)
	at java.security.AccessController.doPrivileged(Native Method)
	at java.net.URLClassLoader.findClass(URLClassLoader.java:205)
	at java.lang.ClassLoader.loadClass(ClassLoader.java:321)
	at sun.misc.Launcher$AppClassLoader.loadClass(Launcher.java:294)
	at java.lang.ClassLoader.loadClass(ClassLoader.java:266)
</error>
  </testcase>
  <testcase classname="com.topcoder.management.deliverable.PersistenceDeliverableManagerTests" name="testConstructor1_InvalidDeliverableCheckers2" time="0.04">
    <error message="com/topcoder/util/objectfactory/InvalidClassSpecificationException" type="java.lang.NoClassDefFoundError">java.lang.NoClassDefFoundError: com/topcoder/util/objectfactory/InvalidClassSpecificationException
	at com.topcoder.management.deliverable.PersistenceDeliverableManagerTests.setUp(PersistenceDeliverableManagerTests.java:90)
Caused by: java.lang.ClassNotFoundException: com.topcoder.util.objectfactory.InvalidClassSpecificationException
	at java.net.URLClassLoader$1.run(URLClassLoader.java:217)
	at java.security.AccessController.doPrivileged(Native Method)
	at java.net.URLClassLoader.findClass(URLClassLoader.java:205)
	at java.lang.ClassLoader.loadClass(ClassLoader.java:321)
	at sun.misc.Launcher$AppClassLoader.loadClass(Launcher.java:294)
	at java.lang.ClassLoader.loadClass(ClassLoader.java:266)
</error>
  </testcase>
  <testcase classname="com.topcoder.management.deliverable.PersistenceDeliverableManagerTests" name="testConstructor1_InvalidDeliverableCheckers3" time="0.027">
    <error message="com/topcoder/util/objectfactory/InvalidClassSpecificationException" type="java.lang.NoClassDefFoundError">java.lang.NoClassDefFoundError: com/topcoder/util/objectfactory/InvalidClassSpecificationException
	at com.topcoder.management.deliverable.PersistenceDeliverableManagerTests.setUp(PersistenceDeliverableManagerTests.java:90)
Caused by: java.lang.ClassNotFoundException: com.topcoder.util.objectfactory.InvalidClassSpecificationException
	at java.net.URLClassLoader$1.run(URLClassLoader.java:217)
	at java.security.AccessController.doPrivileged(Native Method)
	at java.net.URLClassLoader.findClass(URLClassLoader.java:205)
	at java.lang.ClassLoader.loadClass(ClassLoader.java:321)
	at sun.misc.Launcher$AppClassLoader.loadClass(Launcher.java:294)
	at java.lang.ClassLoader.loadClass(ClassLoader.java:266)
</error>
  </testcase>
  <testcase classname="com.topcoder.management.deliverable.PersistenceDeliverableManagerTests" name="testConstructor2_Null1" time="0.017">
    <error message="com/topcoder/util/objectfactory/InvalidClassSpecificationException" type="java.lang.NoClassDefFoundError">java.lang.NoClassDefFoundError: com/topcoder/util/objectfactory/InvalidClassSpecificationException
	at com.topcoder.management.deliverable.PersistenceDeliverableManagerTests.setUp(PersistenceDeliverableManagerTests.java:90)
Caused by: java.lang.ClassNotFoundException: com.topcoder.util.objectfactory.InvalidClassSpecificationException
	at java.net.URLClassLoader$1.run(URLClassLoader.java:217)
	at java.security.AccessController.doPrivileged(Native Method)
	at java.net.URLClassLoader.findClass(URLClassLoader.java:205)
	at java.lang.ClassLoader.loadClass(ClassLoader.java:321)
	at sun.misc.Launcher$AppClassLoader.loadClass(Launcher.java:294)
	at java.lang.ClassLoader.loadClass(ClassLoader.java:266)
</error>
  </testcase>
  <testcase classname="com.topcoder.management.deliverable.PersistenceDeliverableManagerTests" name="testConstructor2_Null2" time="0.018">
    <error message="com/topcoder/util/objectfactory/InvalidClassSpecificationException" type="java.lang.NoClassDefFoundError">java.lang.NoClassDefFoundError: com/topcoder/util/objectfactory/InvalidClassSpecificationException
	at com.topcoder.management.deliverable.PersistenceDeliverableManagerTests.setUp(PersistenceDeliverableManagerTests.java:90)
Caused by: java.lang.ClassNotFoundException: com.topcoder.util.objectfactory.InvalidClassSpecificationException
	at java.net.URLClassLoader$1.run(URLClassLoader.java:217)
	at java.security.AccessController.doPrivileged(Native Method)
	at java.net.URLClassLoader.findClass(URLClassLoader.java:205)
	at java.lang.ClassLoader.loadClass(ClassLoader.java:321)
	at sun.misc.Launcher$AppClassLoader.loadClass(Launcher.java:294)
	at java.lang.ClassLoader.loadClass(ClassLoader.java:266)
</error>
  </testcase>
  <testcase classname="com.topcoder.management.deliverable.PersistenceDeliverableManagerTests" name="testConstructor2_Null3" time="0.019">
    <error message="com/topcoder/util/objectfactory/InvalidClassSpecificationException" type="java.lang.NoClassDefFoundError">java.lang.NoClassDefFoundError: com/topcoder/util/objectfactory/InvalidClassSpecificationException
	at com.topcoder.management.deliverable.PersistenceDeliverableManagerTests.setUp(PersistenceDeliverableManagerTests.java:90)
Caused by: java.lang.ClassNotFoundException: com.topcoder.util.objectfactory.InvalidClassSpecificationException
	at java.net.URLClassLoader$1.run(URLClassLoader.java:217)
	at java.security.AccessController.doPrivileged(Native Method)
	at java.net.URLClassLoader.findClass(URLClassLoader.java:205)
	at java.lang.ClassLoader.loadClass(ClassLoader.java:321)
	at sun.misc.Launcher$AppClassLoader.loadClass(Launcher.java:294)
	at java.lang.ClassLoader.loadClass(ClassLoader.java:266)
</error>
  </testcase>
  <testcase classname="com.topcoder.management.deliverable.PersistenceDeliverableManagerTests" name="testConstructor2_searchBundleManagerEmpty1" time="0.019">
    <error message="com/topcoder/util/objectfactory/InvalidClassSpecificationException" type="java.lang.NoClassDefFoundError">java.lang.NoClassDefFoundError: com/topcoder/util/objectfactory/InvalidClassSpecificationException
	at com.topcoder.management.deliverable.PersistenceDeliverableManagerTests.setUp(PersistenceDeliverableManagerTests.java:90)
Caused by: java.lang.ClassNotFoundException: com.topcoder.util.objectfactory.InvalidClassSpecificationException
	at java.net.URLClassLoader$1.run(URLClassLoader.java:217)
	at java.security.AccessController.doPrivileged(Native Method)
	at java.net.URLClassLoader.findClass(URLClassLoader.java:205)
	at java.lang.ClassLoader.loadClass(ClassLoader.java:321)
	at sun.misc.Launcher$AppClassLoader.loadClass(Launcher.java:294)
	at java.lang.ClassLoader.loadClass(ClassLoader.java:266)
</error>
  </testcase>
  <testcase classname="com.topcoder.management.deliverable.PersistenceDeliverableManagerTests" name="testConstructor2_searchBundleManagerEmpty2" time="0.02">
    <error message="com/topcoder/util/objectfactory/InvalidClassSpecificationException" type="java.lang.NoClassDefFoundError">java.lang.NoClassDefFoundError: com/topcoder/util/objectfactory/InvalidClassSpecificationException
	at com.topcoder.management.deliverable.PersistenceDeliverableManagerTests.setUp(PersistenceDeliverableManagerTests.java:90)
Caused by: java.lang.ClassNotFoundException: com.topcoder.util.objectfactory.InvalidClassSpecificationException
	at java.net.URLClassLoader$1.run(URLClassLoader.java:217)
	at java.security.AccessController.doPrivileged(Native Method)
	at java.net.URLClassLoader.findClass(URLClassLoader.java:205)
	at java.lang.ClassLoader.loadClass(ClassLoader.java:321)
	at sun.misc.Launcher$AppClassLoader.loadClass(Launcher.java:294)
	at java.lang.ClassLoader.loadClass(ClassLoader.java:266)
</error>
  </testcase>
  <testcase classname="com.topcoder.management.deliverable.PersistenceDeliverableManagerTests" name="testSearchDeliverablesWithSubmissionFilter_Null1" time="0.018">
    <error message="com/topcoder/util/objectfactory/InvalidClassSpecificationException" type="java.lang.NoClassDefFoundError">java.lang.NoClassDefFoundError: com/topcoder/util/objectfactory/InvalidClassSpecificationException
	at com.topcoder.management.deliverable.PersistenceDeliverableManagerTests.setUp(PersistenceDeliverableManagerTests.java:90)
Caused by: java.lang.ClassNotFoundException: com.topcoder.util.objectfactory.InvalidClassSpecificationException
	at java.net.URLClassLoader$1.run(URLClassLoader.java:217)
	at java.security.AccessController.doPrivileged(Native Method)
	at java.net.URLClassLoader.findClass(URLClassLoader.java:205)
	at java.lang.ClassLoader.loadClass(ClassLoader.java:321)
	at sun.misc.Launcher$AppClassLoader.loadClass(Launcher.java:294)
	at java.lang.ClassLoader.loadClass(ClassLoader.java:266)
</error>
  </testcase>
  <testcase classname="com.topcoder.management.deliverable.PersistenceDeliverableManagerTests" name="testSearchDeliverablesWithSubmissionFilter_Accuracy" time="0.021">
    <error message="com/topcoder/util/objectfactory/InvalidClassSpecificationException" type="java.lang.NoClassDefFoundError">java.lang.NoClassDefFoundError: com/topcoder/util/objectfactory/InvalidClassSpecificationException
	at com.topcoder.management.deliverable.PersistenceDeliverableManagerTests.setUp(PersistenceDeliverableManagerTests.java:90)
Caused by: java.lang.ClassNotFoundException: com.topcoder.util.objectfactory.InvalidClassSpecificationException
	at java.net.URLClassLoader$1.run(URLClassLoader.java:217)
	at java.security.AccessController.doPrivileged(Native Method)
	at java.net.URLClassLoader.findClass(URLClassLoader.java:205)
	at java.lang.ClassLoader.loadClass(ClassLoader.java:321)
	at sun.misc.Launcher$AppClassLoader.loadClass(Launcher.java:294)
	at java.lang.ClassLoader.loadClass(ClassLoader.java:266)
</error>
  </testcase>
  <testcase classname="com.topcoder.management.deliverable.PersistenceDeliverableManagerTests" name="testSearchDeliverablesFilter_Null1" time="0.038">
    <error message="com/topcoder/util/objectfactory/InvalidClassSpecificationException" type="java.lang.NoClassDefFoundError">java.lang.NoClassDefFoundError: com/topcoder/util/objectfactory/InvalidClassSpecificationException
	at com.topcoder.management.deliverable.PersistenceDeliverableManagerTests.setUp(PersistenceDeliverableManagerTests.java:90)
Caused by: java.lang.ClassNotFoundException: com.topcoder.util.objectfactory.InvalidClassSpecificationException
	at java.net.URLClassLoader$1.run(URLClassLoader.java:217)
	at java.security.AccessController.doPrivileged(Native Method)
	at java.net.URLClassLoader.findClass(URLClassLoader.java:205)
	at java.lang.ClassLoader.loadClass(ClassLoader.java:321)
	at sun.misc.Launcher$AppClassLoader.loadClass(Launcher.java:294)
	at java.lang.ClassLoader.loadClass(ClassLoader.java:266)
</error>
  </testcase>
  <testcase classname="com.topcoder.management.deliverable.PersistenceDeliverableManagerTests" name="testSearchDeliverablesByDeliverableId" time="0.029">
    <error message="com/topcoder/util/objectfactory/InvalidClassSpecificationException" type="java.lang.NoClassDefFoundError">java.lang.NoClassDefFoundError: com/topcoder/util/objectfactory/InvalidClassSpecificationException
	at com.topcoder.management.deliverable.PersistenceDeliverableManagerTests.setUp(PersistenceDeliverableManagerTests.java:90)
Caused by: java.lang.ClassNotFoundException: com.topcoder.util.objectfactory.InvalidClassSpecificationException
	at java.net.URLClassLoader$1.run(URLClassLoader.java:217)
	at java.security.AccessController.doPrivileged(Native Method)
	at java.net.URLClassLoader.findClass(URLClassLoader.java:205)
	at java.lang.ClassLoader.loadClass(ClassLoader.java:321)
	at sun.misc.Launcher$AppClassLoader.loadClass(Launcher.java:294)
	at java.lang.ClassLoader.loadClass(ClassLoader.java:266)
</error>
  </testcase>
  <testcase classname="com.topcoder.management.deliverable.PersistenceDeliverableManagerTests" name="testSearchDeliverablesByName" time="0.033">
    <error message="com/topcoder/util/objectfactory/InvalidClassSpecificationException" type="java.lang.NoClassDefFoundError">java.lang.NoClassDefFoundError: com/topcoder/util/objectfactory/InvalidClassSpecificationException
	at com.topcoder.management.deliverable.PersistenceDeliverableManagerTests.setUp(PersistenceDeliverableManagerTests.java:90)
Caused by: java.lang.ClassNotFoundException: com.topcoder.util.objectfactory.InvalidClassSpecificationException
	at java.net.URLClassLoader$1.run(URLClassLoader.java:217)
	at java.security.AccessController.doPrivileged(Native Method)
	at java.net.URLClassLoader.findClass(URLClassLoader.java:205)
	at java.lang.ClassLoader.loadClass(ClassLoader.java:321)
	at sun.misc.Launcher$AppClassLoader.loadClass(Launcher.java:294)
	at java.lang.ClassLoader.loadClass(ClassLoader.java:266)
</error>
  </testcase>
  <testcase classname="com.topcoder.management.deliverable.PersistenceDeliverableManagerTests" name="testSearchDeliverablesByProjectId" time="0.016">
    <error message="com/topcoder/util/objectfactory/InvalidClassSpecificationException" type="java.lang.NoClassDefFoundError">java.lang.NoClassDefFoundError: com/topcoder/util/objectfactory/InvalidClassSpecificationException
	at com.topcoder.management.deliverable.PersistenceDeliverableManagerTests.setUp(PersistenceDeliverableManagerTests.java:90)
Caused by: java.lang.ClassNotFoundException: com.topcoder.util.objectfactory.InvalidClassSpecificationException
	at java.net.URLClassLoader$1.run(URLClassLoader.java:217)
	at java.security.AccessController.doPrivileged(Native Method)
	at java.net.URLClassLoader.findClass(URLClassLoader.java:205)
	at java.lang.ClassLoader.loadClass(ClassLoader.java:321)
	at sun.misc.Launcher$AppClassLoader.loadClass(Launcher.java:294)
	at java.lang.ClassLoader.loadClass(ClassLoader.java:266)
</error>
  </testcase>
  <testcase classname="com.topcoder.management.deliverable.PersistenceDeliverableManagerTests" name="testSearchDeliverablesByPhaseId" time="0.016">
    <error message="com/topcoder/util/objectfactory/InvalidClassSpecificationException" type="java.lang.NoClassDefFoundError">java.lang.NoClassDefFoundError: com/topcoder/util/objectfactory/InvalidClassSpecificationException
	at com.topcoder.management.deliverable.PersistenceDeliverableManagerTests.setUp(PersistenceDeliverableManagerTests.java:90)
Caused by: java.lang.ClassNotFoundException: com.topcoder.util.objectfactory.InvalidClassSpecificationException
	at java.net.URLClassLoader$1.run(URLClassLoader.java:217)
	at java.security.AccessController.doPrivileged(Native Method)
	at java.net.URLClassLoader.findClass(URLClassLoader.java:205)
	at java.lang.ClassLoader.loadClass(ClassLoader.java:321)
	at sun.misc.Launcher$AppClassLoader.loadClass(Launcher.java:294)
	at java.lang.ClassLoader.loadClass(ClassLoader.java:266)
</error>
  </testcase>
  <testcase classname="com.topcoder.management.deliverable.PersistenceDeliverableManagerTests" name="testSearchDeliverablesByResourceRoleId" time="0.016">
    <error message="com/topcoder/util/objectfactory/InvalidClassSpecificationException" type="java.lang.NoClassDefFoundError">java.lang.NoClassDefFoundError: com/topcoder/util/objectfactory/InvalidClassSpecificationException
	at com.topcoder.management.deliverable.PersistenceDeliverableManagerTests.setUp(PersistenceDeliverableManagerTests.java:90)
Caused by: java.lang.ClassNotFoundException: com.topcoder.util.objectfactory.InvalidClassSpecificationException
	at java.net.URLClassLoader$1.run(URLClassLoader.java:217)
	at java.security.AccessController.doPrivileged(Native Method)
	at java.net.URLClassLoader.findClass(URLClassLoader.java:205)
	at java.lang.ClassLoader.loadClass(ClassLoader.java:321)
	at sun.misc.Launcher$AppClassLoader.loadClass(Launcher.java:294)
	at java.lang.ClassLoader.loadClass(ClassLoader.java:266)
</error>
  </testcase>
  <testcase classname="com.topcoder.management.deliverable.PersistenceDeliverableManagerTests" name="testSearchDeliverablesByRequired" time="0.016">
    <error message="com/topcoder/util/objectfactory/InvalidClassSpecificationException" type="java.lang.NoClassDefFoundError">java.lang.NoClassDefFoundError: com/topcoder/util/objectfactory/InvalidClassSpecificationException
	at com.topcoder.management.deliverable.PersistenceDeliverableManagerTests.setUp(PersistenceDeliverableManagerTests.java:90)
Caused by: java.lang.ClassNotFoundException: com.topcoder.util.objectfactory.InvalidClassSpecificationException
	at java.net.URLClassLoader$1.run(URLClassLoader.java:217)
	at java.security.AccessController.doPrivileged(Native Method)
	at java.net.URLClassLoader.findClass(URLClassLoader.java:205)
	at java.lang.ClassLoader.loadClass(ClassLoader.java:321)
	at sun.misc.Launcher$AppClassLoader.loadClass(Launcher.java:294)
	at java.lang.ClassLoader.loadClass(ClassLoader.java:266)
</error>
  </testcase>
  <testcase classname="com.topcoder.management.deliverable.PersistenceDeliverableManagerTests" name="testSearchDeliverablesWithSubmissionFilterByDeliverableId" time="0.021">
    <error message="com/topcoder/util/objectfactory/InvalidClassSpecificationException" type="java.lang.NoClassDefFoundError">java.lang.NoClassDefFoundError: com/topcoder/util/objectfactory/InvalidClassSpecificationException
	at com.topcoder.management.deliverable.PersistenceDeliverableManagerTests.setUp(PersistenceDeliverableManagerTests.java:90)
Caused by: java.lang.ClassNotFoundException: com.topcoder.util.objectfactory.InvalidClassSpecificationException
	at java.net.URLClassLoader$1.run(URLClassLoader.java:217)
	at java.security.AccessController.doPrivileged(Native Method)
	at java.net.URLClassLoader.findClass(URLClassLoader.java:205)
	at java.lang.ClassLoader.loadClass(ClassLoader.java:321)
	at sun.misc.Launcher$AppClassLoader.loadClass(Launcher.java:294)
	at java.lang.ClassLoader.loadClass(ClassLoader.java:266)
</error>
  </testcase>
  <testcase classname="com.topcoder.management.deliverable.PersistenceDeliverableManagerTests" name="testSearchDeliverablesWithSubmissionFilterByName" time="0.016">
    <error message="com/topcoder/util/objectfactory/InvalidClassSpecificationException" type="java.lang.NoClassDefFoundError">java.lang.NoClassDefFoundError: com/topcoder/util/objectfactory/InvalidClassSpecificationException
	at com.topcoder.management.deliverable.PersistenceDeliverableManagerTests.setUp(PersistenceDeliverableManagerTests.java:90)
Caused by: java.lang.ClassNotFoundException: com.topcoder.util.objectfactory.InvalidClassSpecificationException
	at java.net.URLClassLoader$1.run(URLClassLoader.java:217)
	at java.security.AccessController.doPrivileged(Native Method)
	at java.net.URLClassLoader.findClass(URLClassLoader.java:205)
	at java.lang.ClassLoader.loadClass(ClassLoader.java:321)
	at sun.misc.Launcher$AppClassLoader.loadClass(Launcher.java:294)
	at java.lang.ClassLoader.loadClass(ClassLoader.java:266)
</error>
  </testcase>
  <testcase classname="com.topcoder.management.deliverable.PersistenceDeliverableManagerTests" name="testSearchDeliverablesWithSubmissionFilterByProjectId" time="0.016">
    <error message="com/topcoder/util/objectfactory/InvalidClassSpecificationException" type="java.lang.NoClassDefFoundError">java.lang.NoClassDefFoundError: com/topcoder/util/objectfactory/InvalidClassSpecificationException
	at com.topcoder.management.deliverable.PersistenceDeliverableManagerTests.setUp(PersistenceDeliverableManagerTests.java:90)
Caused by: java.lang.ClassNotFoundException: com.topcoder.util.objectfactory.InvalidClassSpecificationException
	at java.net.URLClassLoader$1.run(URLClassLoader.java:217)
	at java.security.AccessController.doPrivileged(Native Method)
	at java.net.URLClassLoader.findClass(URLClassLoader.java:205)
	at java.lang.ClassLoader.loadClass(ClassLoader.java:321)
	at sun.misc.Launcher$AppClassLoader.loadClass(Launcher.java:294)
	at java.lang.ClassLoader.loadClass(ClassLoader.java:266)
</error>
  </testcase>
  <testcase classname="com.topcoder.management.deliverable.PersistenceDeliverableManagerTests" name="testSearchDeliverablesWithSubmissionFilterByPhaseId" time="0.016">
    <error message="com/topcoder/util/objectfactory/InvalidClassSpecificationException" type="java.lang.NoClassDefFoundError">java.lang.NoClassDefFoundError: com/topcoder/util/objectfactory/InvalidClassSpecificationException
	at com.topcoder.management.deliverable.PersistenceDeliverableManagerTests.setUp(PersistenceDeliverableManagerTests.java:90)
Caused by: java.lang.ClassNotFoundException: com.topcoder.util.objectfactory.InvalidClassSpecificationException
	at java.net.URLClassLoader$1.run(URLClassLoader.java:217)
	at java.security.AccessController.doPrivileged(Native Method)
	at java.net.URLClassLoader.findClass(URLClassLoader.java:205)
	at java.lang.ClassLoader.loadClass(ClassLoader.java:321)
	at sun.misc.Launcher$AppClassLoader.loadClass(Launcher.java:294)
	at java.lang.ClassLoader.loadClass(ClassLoader.java:266)
</error>
  </testcase>
  <testcase classname="com.topcoder.management.deliverable.PersistenceDeliverableManagerTests" name="testSearchDeliverablesWithSubmissionFilterByResourceRoleId" time="0.017">
    <error message="com/topcoder/util/objectfactory/InvalidClassSpecificationException" type="java.lang.NoClassDefFoundError">java.lang.NoClassDefFoundError: com/topcoder/util/objectfactory/InvalidClassSpecificationException
	at com.topcoder.management.deliverable.PersistenceDeliverableManagerTests.setUp(PersistenceDeliverableManagerTests.java:90)
Caused by: java.lang.ClassNotFoundException: com.topcoder.util.objectfactory.InvalidClassSpecificationException
	at java.net.URLClassLoader$1.run(URLClassLoader.java:217)
	at java.security.AccessController.doPrivileged(Native Method)
	at java.net.URLClassLoader.findClass(URLClassLoader.java:205)
	at java.lang.ClassLoader.loadClass(ClassLoader.java:321)
	at sun.misc.Launcher$AppClassLoader.loadClass(Launcher.java:294)
	at java.lang.ClassLoader.loadClass(ClassLoader.java:266)
</error>
  </testcase>
  <testcase classname="com.topcoder.management.deliverable.PersistenceDeliverableManagerTests" name="testSearchDeliverablesWithSubmissionFilterBySubmissionId" time="0.017">
    <error message="com/topcoder/util/objectfactory/InvalidClassSpecificationException" type="java.lang.NoClassDefFoundError">java.lang.NoClassDefFoundError: com/topcoder/util/objectfactory/InvalidClassSpecificationException
	at com.topcoder.management.deliverable.PersistenceDeliverableManagerTests.setUp(PersistenceDeliverableManagerTests.java:90)
Caused by: java.lang.ClassNotFoundException: com.topcoder.util.objectfactory.InvalidClassSpecificationException
	at java.net.URLClassLoader$1.run(URLClassLoader.java:217)
	at java.security.AccessController.doPrivileged(Native Method)
	at java.net.URLClassLoader.findClass(URLClassLoader.java:205)
	at java.lang.ClassLoader.loadClass(ClassLoader.java:321)
	at sun.misc.Launcher$AppClassLoader.loadClass(Launcher.java:294)
	at java.lang.ClassLoader.loadClass(ClassLoader.java:266)
</error>
  </testcase>
  <testcase classname="com.topcoder.management.deliverable.PersistenceUploadManagerTests" name="testConstructor1_Null1" time="0.017">
    <error message="com/topcoder/util/objectfactory/InvalidClassSpecificationException" type="java.lang.NoClassDefFoundError">java.lang.NoClassDefFoundError: com/topcoder/util/objectfactory/InvalidClassSpecificationException
	at com.topcoder.management.deliverable.PersistenceUploadManagerTests.setUp(PersistenceUploadManagerTests.java:141)
Caused by: java.lang.ClassNotFoundException: com.topcoder.util.objectfactory.InvalidClassSpecificationException
	at java.net.URLClassLoader$1.run(URLClassLoader.java:217)
	at java.security.AccessController.doPrivileged(Native Method)
	at java.net.URLClassLoader.findClass(URLClassLoader.java:205)
	at java.lang.ClassLoader.loadClass(ClassLoader.java:321)
	at sun.misc.Launcher$AppClassLoader.loadClass(Launcher.java:294)
	at java.lang.ClassLoader.loadClass(ClassLoader.java:266)
</error>
  </testcase>
  <testcase classname="com.topcoder.management.deliverable.PersistenceUploadManagerTests" name="testConstructor1_Null2" time="0.017">
    <error message="com/topcoder/util/objectfactory/InvalidClassSpecificationException" type="java.lang.NoClassDefFoundError">java.lang.NoClassDefFoundError: com/topcoder/util/objectfactory/InvalidClassSpecificationException
	at com.topcoder.management.deliverable.PersistenceUploadManagerTests.setUp(PersistenceUploadManagerTests.java:141)
Caused by: java.lang.ClassNotFoundException: com.topcoder.util.objectfactory.InvalidClassSpecificationException
	at java.net.URLClassLoader$1.run(URLClassLoader.java:217)
	at java.security.AccessController.doPrivileged(Native Method)
	at java.net.URLClassLoader.findClass(URLClassLoader.java:205)
	at java.lang.ClassLoader.loadClass(ClassLoader.java:321)
	at sun.misc.Launcher$AppClassLoader.loadClass(Launcher.java:294)
	at java.lang.ClassLoader.loadClass(ClassLoader.java:266)
</error>
  </testcase>
  <testcase classname="com.topcoder.management.deliverable.PersistenceUploadManagerTests" name="testConstructor1_Null3" time="0.017">
    <error message="com/topcoder/util/objectfactory/InvalidClassSpecificationException" type="java.lang.NoClassDefFoundError">java.lang.NoClassDefFoundError: com/topcoder/util/objectfactory/InvalidClassSpecificationException
	at com.topcoder.management.deliverable.PersistenceUploadManagerTests.setUp(PersistenceUploadManagerTests.java:141)
Caused by: java.lang.ClassNotFoundException: com.topcoder.util.objectfactory.InvalidClassSpecificationException
	at java.net.URLClassLoader$1.run(URLClassLoader.java:217)
	at java.security.AccessController.doPrivileged(Native Method)
	at java.net.URLClassLoader.findClass(URLClassLoader.java:205)
	at java.lang.ClassLoader.loadClass(ClassLoader.java:321)
	at sun.misc.Launcher$AppClassLoader.loadClass(Launcher.java:294)
	at java.lang.ClassLoader.loadClass(ClassLoader.java:266)
</error>
  </testcase>
  <testcase classname="com.topcoder.management.deliverable.PersistenceUploadManagerTests" name="testConstructor1_Null4" time="0.017">
    <error message="com/topcoder/util/objectfactory/InvalidClassSpecificationException" type="java.lang.NoClassDefFoundError">java.lang.NoClassDefFoundError: com/topcoder/util/objectfactory/InvalidClassSpecificationException
	at com.topcoder.management.deliverable.PersistenceUploadManagerTests.setUp(PersistenceUploadManagerTests.java:141)
Caused by: java.lang.ClassNotFoundException: com.topcoder.util.objectfactory.InvalidClassSpecificationException
	at java.net.URLClassLoader$1.run(URLClassLoader.java:217)
	at java.security.AccessController.doPrivileged(Native Method)
	at java.net.URLClassLoader.findClass(URLClassLoader.java:205)
	at java.lang.ClassLoader.loadClass(ClassLoader.java:321)
	at sun.misc.Launcher$AppClassLoader.loadClass(Launcher.java:294)
	at java.lang.ClassLoader.loadClass(ClassLoader.java:266)
</error>
  </testcase>
  <testcase classname="com.topcoder.management.deliverable.PersistenceUploadManagerTests" name="testConstructor1_Valid" time="0.018">
    <error message="com/topcoder/util/objectfactory/InvalidClassSpecificationException" type="java.lang.NoClassDefFoundError">java.lang.NoClassDefFoundError: com/topcoder/util/objectfactory/InvalidClassSpecificationException
	at com.topcoder.management.deliverable.PersistenceUploadManagerTests.setUp(PersistenceUploadManagerTests.java:141)
Caused by: java.lang.ClassNotFoundException: com.topcoder.util.objectfactory.InvalidClassSpecificationException
	at java.net.URLClassLoader$1.run(URLClassLoader.java:217)
	at java.security.AccessController.doPrivileged(Native Method)
	at java.net.URLClassLoader.findClass(URLClassLoader.java:205)
	at java.lang.ClassLoader.loadClass(ClassLoader.java:321)
	at sun.misc.Launcher$AppClassLoader.loadClass(Launcher.java:294)
	at java.lang.ClassLoader.loadClass(ClassLoader.java:266)
</error>
  </testcase>
  <testcase classname="com.topcoder.management.deliverable.PersistenceUploadManagerTests" name="testConstructor2_Null1" time="0.02">
    <error message="com/topcoder/util/objectfactory/InvalidClassSpecificationException" type="java.lang.NoClassDefFoundError">java.lang.NoClassDefFoundError: com/topcoder/util/objectfactory/InvalidClassSpecificationException
	at com.topcoder.management.deliverable.PersistenceUploadManagerTests.setUp(PersistenceUploadManagerTests.java:141)
Caused by: java.lang.ClassNotFoundException: com.topcoder.util.objectfactory.InvalidClassSpecificationException
	at java.net.URLClassLoader$1.run(URLClassLoader.java:217)
	at java.security.AccessController.doPrivileged(Native Method)
	at java.net.URLClassLoader.findClass(URLClassLoader.java:205)
	at java.lang.ClassLoader.loadClass(ClassLoader.java:321)
	at sun.misc.Launcher$AppClassLoader.loadClass(Launcher.java:294)
	at java.lang.ClassLoader.loadClass(ClassLoader.java:266)
</error>
  </testcase>
  <testcase classname="com.topcoder.management.deliverable.PersistenceUploadManagerTests" name="testConstructor2_Null2" time="0.018">
    <error message="com/topcoder/util/objectfactory/InvalidClassSpecificationException" type="java.lang.NoClassDefFoundError">java.lang.NoClassDefFoundError: com/topcoder/util/objectfactory/InvalidClassSpecificationException
	at com.topcoder.management.deliverable.PersistenceUploadManagerTests.setUp(PersistenceUploadManagerTests.java:141)
Caused by: java.lang.ClassNotFoundException: com.topcoder.util.objectfactory.InvalidClassSpecificationException
	at java.net.URLClassLoader$1.run(URLClassLoader.java:217)
	at java.security.AccessController.doPrivileged(Native Method)
	at java.net.URLClassLoader.findClass(URLClassLoader.java:205)
	at java.lang.ClassLoader.loadClass(ClassLoader.java:321)
	at sun.misc.Launcher$AppClassLoader.loadClass(Launcher.java:294)
	at java.lang.ClassLoader.loadClass(ClassLoader.java:266)
</error>
  </testcase>
  <testcase classname="com.topcoder.management.deliverable.PersistenceUploadManagerTests" name="testConstructor1_Null5" time="0.015">
    <error message="com/topcoder/util/objectfactory/InvalidClassSpecificationException" type="java.lang.NoClassDefFoundError">java.lang.NoClassDefFoundError: com/topcoder/util/objectfactory/InvalidClassSpecificationException
	at com.topcoder.management.deliverable.PersistenceUploadManagerTests.setUp(PersistenceUploadManagerTests.java:141)
Caused by: java.lang.ClassNotFoundException: com.topcoder.util.objectfactory.InvalidClassSpecificationException
	at java.net.URLClassLoader$1.run(URLClassLoader.java:217)
	at java.security.AccessController.doPrivileged(Native Method)
	at java.net.URLClassLoader.findClass(URLClassLoader.java:205)
	at java.lang.ClassLoader.loadClass(ClassLoader.java:321)
	at sun.misc.Launcher$AppClassLoader.loadClass(Launcher.java:294)
	at java.lang.ClassLoader.loadClass(ClassLoader.java:266)
</error>
  </testcase>
  <testcase classname="com.topcoder.management.deliverable.PersistenceUploadManagerTests" name="testConstructor1_Null6" time="0.014">
    <error message="com/topcoder/util/objectfactory/InvalidClassSpecificationException" type="java.lang.NoClassDefFoundError">java.lang.NoClassDefFoundError: com/topcoder/util/objectfactory/InvalidClassSpecificationException
	at com.topcoder.management.deliverable.PersistenceUploadManagerTests.setUp(PersistenceUploadManagerTests.java:141)
Caused by: java.lang.ClassNotFoundException: com.topcoder.util.objectfactory.InvalidClassSpecificationException
	at java.net.URLClassLoader$1.run(URLClassLoader.java:217)
	at java.security.AccessController.doPrivileged(Native Method)
	at java.net.URLClassLoader.findClass(URLClassLoader.java:205)
	at java.lang.ClassLoader.loadClass(ClassLoader.java:321)
	at sun.misc.Launcher$AppClassLoader.loadClass(Launcher.java:294)
	at java.lang.ClassLoader.loadClass(ClassLoader.java:266)
</error>
  </testcase>
  <testcase classname="com.topcoder.management.deliverable.PersistenceUploadManagerTests" name="testConstructor1_Null7" time="0.018">
    <error message="com/topcoder/util/objectfactory/InvalidClassSpecificationException" type="java.lang.NoClassDefFoundError">java.lang.NoClassDefFoundError: com/topcoder/util/objectfactory/InvalidClassSpecificationException
	at com.topcoder.management.deliverable.PersistenceUploadManagerTests.setUp(PersistenceUploadManagerTests.java:141)
Caused by: java.lang.ClassNotFoundException: com.topcoder.util.objectfactory.InvalidClassSpecificationException
	at java.net.URLClassLoader$1.run(URLClassLoader.java:217)
	at java.security.AccessController.doPrivileged(Native Method)
	at java.net.URLClassLoader.findClass(URLClassLoader.java:205)
	at java.lang.ClassLoader.loadClass(ClassLoader.java:321)
	at sun.misc.Launcher$AppClassLoader.loadClass(Launcher.java:294)
	at java.lang.ClassLoader.loadClass(ClassLoader.java:266)
</error>
  </testcase>
  <testcase classname="com.topcoder.management.deliverable.PersistenceUploadManagerTests" name="testConstructor1_Null8" time="0.015">
    <error message="com/topcoder/util/objectfactory/InvalidClassSpecificationException" type="java.lang.NoClassDefFoundError">java.lang.NoClassDefFoundError: com/topcoder/util/objectfactory/InvalidClassSpecificationException
	at com.topcoder.management.deliverable.PersistenceUploadManagerTests.setUp(PersistenceUploadManagerTests.java:141)
Caused by: java.lang.ClassNotFoundException: com.topcoder.util.objectfactory.InvalidClassSpecificationException
	at java.net.URLClassLoader$1.run(URLClassLoader.java:217)
	at java.security.AccessController.doPrivileged(Native Method)
	at java.net.URLClassLoader.findClass(URLClassLoader.java:205)
	at java.lang.ClassLoader.loadClass(ClassLoader.java:321)
	at sun.misc.Launcher$AppClassLoader.loadClass(Launcher.java:294)
	at java.lang.ClassLoader.loadClass(ClassLoader.java:266)
</error>
  </testcase>
  <testcase classname="com.topcoder.management.deliverable.PersistenceUploadManagerTests" name="testCreateUpload_Null1" time="0.015">
    <error message="com/topcoder/util/objectfactory/InvalidClassSpecificationException" type="java.lang.NoClassDefFoundError">java.lang.NoClassDefFoundError: com/topcoder/util/objectfactory/InvalidClassSpecificationException
	at com.topcoder.management.deliverable.PersistenceUploadManagerTests.setUp(PersistenceUploadManagerTests.java:141)
Caused by: java.lang.ClassNotFoundException: com.topcoder.util.objectfactory.InvalidClassSpecificationException
	at java.net.URLClassLoader$1.run(URLClassLoader.java:217)
	at java.security.AccessController.doPrivileged(Native Method)
	at java.net.URLClassLoader.findClass(URLClassLoader.java:205)
	at java.lang.ClassLoader.loadClass(ClassLoader.java:321)
	at sun.misc.Launcher$AppClassLoader.loadClass(Launcher.java:294)
	at java.lang.ClassLoader.loadClass(ClassLoader.java:266)
</error>
  </testcase>
  <testcase classname="com.topcoder.management.deliverable.PersistenceUploadManagerTests" name="testCreateUpload_Null2" time="0.015">
    <error message="com/topcoder/util/objectfactory/InvalidClassSpecificationException" type="java.lang.NoClassDefFoundError">java.lang.NoClassDefFoundError: com/topcoder/util/objectfactory/InvalidClassSpecificationException
	at com.topcoder.management.deliverable.PersistenceUploadManagerTests.setUp(PersistenceUploadManagerTests.java:141)
Caused by: java.lang.ClassNotFoundException: com.topcoder.util.objectfactory.InvalidClassSpecificationException
	at java.net.URLClassLoader$1.run(URLClassLoader.java:217)
	at java.security.AccessController.doPrivileged(Native Method)
	at java.net.URLClassLoader.findClass(URLClassLoader.java:205)
	at java.lang.ClassLoader.loadClass(ClassLoader.java:321)
	at sun.misc.Launcher$AppClassLoader.loadClass(Launcher.java:294)
	at java.lang.ClassLoader.loadClass(ClassLoader.java:266)
</error>
  </testcase>
  <testcase classname="com.topcoder.management.deliverable.PersistenceUploadManagerTests" name="testCreateUpload_Invalid1" time="0.016">
    <error message="com/topcoder/util/objectfactory/InvalidClassSpecificationException" type="java.lang.NoClassDefFoundError">java.lang.NoClassDefFoundError: com/topcoder/util/objectfactory/InvalidClassSpecificationException
	at com.topcoder.management.deliverable.PersistenceUploadManagerTests.setUp(PersistenceUploadManagerTests.java:141)
Caused by: java.lang.ClassNotFoundException: com.topcoder.util.objectfactory.InvalidClassSpecificationException
	at java.net.URLClassLoader$1.run(URLClassLoader.java:217)
	at java.security.AccessController.doPrivileged(Native Method)
	at java.net.URLClassLoader.findClass(URLClassLoader.java:205)
	at java.lang.ClassLoader.loadClass(ClassLoader.java:321)
	at sun.misc.Launcher$AppClassLoader.loadClass(Launcher.java:294)
	at java.lang.ClassLoader.loadClass(ClassLoader.java:266)
</error>
  </testcase>
  <testcase classname="com.topcoder.management.deliverable.PersistenceUploadManagerTests" name="testCreateUpload_Accuracy1" time="0.015">
    <error message="com/topcoder/util/objectfactory/InvalidClassSpecificationException" type="java.lang.NoClassDefFoundError">java.lang.NoClassDefFoundError: com/topcoder/util/objectfactory/InvalidClassSpecificationException
	at com.topcoder.management.deliverable.PersistenceUploadManagerTests.setUp(PersistenceUploadManagerTests.java:141)
Caused by: java.lang.ClassNotFoundException: com.topcoder.util.objectfactory.InvalidClassSpecificationException
	at java.net.URLClassLoader$1.run(URLClassLoader.java:217)
	at java.security.AccessController.doPrivileged(Native Method)
	at java.net.URLClassLoader.findClass(URLClassLoader.java:205)
	at java.lang.ClassLoader.loadClass(ClassLoader.java:321)
	at sun.misc.Launcher$AppClassLoader.loadClass(Launcher.java:294)
	at java.lang.ClassLoader.loadClass(ClassLoader.java:266)
</error>
  </testcase>
  <testcase classname="com.topcoder.management.deliverable.PersistenceUploadManagerTests" name="testUpdateUpload_Null1" time="0.014">
    <error message="com/topcoder/util/objectfactory/InvalidClassSpecificationException" type="java.lang.NoClassDefFoundError">java.lang.NoClassDefFoundError: com/topcoder/util/objectfactory/InvalidClassSpecificationException
	at com.topcoder.management.deliverable.PersistenceUploadManagerTests.setUp(PersistenceUploadManagerTests.java:141)
Caused by: java.lang.ClassNotFoundException: com.topcoder.util.objectfactory.InvalidClassSpecificationException
	at java.net.URLClassLoader$1.run(URLClassLoader.java:217)
	at java.security.AccessController.doPrivileged(Native Method)
	at java.net.URLClassLoader.findClass(URLClassLoader.java:205)
	at java.lang.ClassLoader.loadClass(ClassLoader.java:321)
	at sun.misc.Launcher$AppClassLoader.loadClass(Launcher.java:294)
	at java.lang.ClassLoader.loadClass(ClassLoader.java:266)
</error>
  </testcase>
  <testcase classname="com.topcoder.management.deliverable.PersistenceUploadManagerTests" name="testUpdateUpload_Null2" time="0.032">
    <error message="com/topcoder/util/objectfactory/InvalidClassSpecificationException" type="java.lang.NoClassDefFoundError">java.lang.NoClassDefFoundError: com/topcoder/util/objectfactory/InvalidClassSpecificationException
	at com.topcoder.management.deliverable.PersistenceUploadManagerTests.setUp(PersistenceUploadManagerTests.java:141)
Caused by: java.lang.ClassNotFoundException: com.topcoder.util.objectfactory.InvalidClassSpecificationException
	at java.net.URLClassLoader$1.run(URLClassLoader.java:217)
	at java.security.AccessController.doPrivileged(Native Method)
	at java.net.URLClassLoader.findClass(URLClassLoader.java:205)
	at java.lang.ClassLoader.loadClass(ClassLoader.java:321)
	at sun.misc.Launcher$AppClassLoader.loadClass(Launcher.java:294)
	at java.lang.ClassLoader.loadClass(ClassLoader.java:266)
</error>
  </testcase>
  <testcase classname="com.topcoder.management.deliverable.PersistenceUploadManagerTests" name="testUpdateUpload_Invalid1" time="0.031">
    <error message="com/topcoder/util/objectfactory/InvalidClassSpecificationException" type="java.lang.NoClassDefFoundError">java.lang.NoClassDefFoundError: com/topcoder/util/objectfactory/InvalidClassSpecificationException
	at com.topcoder.management.deliverable.PersistenceUploadManagerTests.setUp(PersistenceUploadManagerTests.java:141)
Caused by: java.lang.ClassNotFoundException: com.topcoder.util.objectfactory.InvalidClassSpecificationException
	at java.net.URLClassLoader$1.run(URLClassLoader.java:217)
	at java.security.AccessController.doPrivileged(Native Method)
	at java.net.URLClassLoader.findClass(URLClassLoader.java:205)
	at java.lang.ClassLoader.loadClass(ClassLoader.java:321)
	at sun.misc.Launcher$AppClassLoader.loadClass(Launcher.java:294)
	at java.lang.ClassLoader.loadClass(ClassLoader.java:266)
</error>
  </testcase>
  <testcase classname="com.topcoder.management.deliverable.PersistenceUploadManagerTests" name="testUpdateUpload_Accuracy1" time="0.013">
    <error message="com/topcoder/util/objectfactory/InvalidClassSpecificationException" type="java.lang.NoClassDefFoundError">java.lang.NoClassDefFoundError: com/topcoder/util/objectfactory/InvalidClassSpecificationException
	at com.topcoder.management.deliverable.PersistenceUploadManagerTests.setUp(PersistenceUploadManagerTests.java:141)
Caused by: java.lang.ClassNotFoundException: com.topcoder.util.objectfactory.InvalidClassSpecificationException
	at java.net.URLClassLoader$1.run(URLClassLoader.java:217)
	at java.security.AccessController.doPrivileged(Native Method)
	at java.net.URLClassLoader.findClass(URLClassLoader.java:205)
	at java.lang.ClassLoader.loadClass(ClassLoader.java:321)
	at sun.misc.Launcher$AppClassLoader.loadClass(Launcher.java:294)
	at java.lang.ClassLoader.loadClass(ClassLoader.java:266)
</error>
  </testcase>
  <testcase classname="com.topcoder.management.deliverable.PersistenceUploadManagerTests" name="testRemoveUpload_Null1" time="0.012">
    <error message="com/topcoder/util/objectfactory/InvalidClassSpecificationException" type="java.lang.NoClassDefFoundError">java.lang.NoClassDefFoundError: com/topcoder/util/objectfactory/InvalidClassSpecificationException
	at com.topcoder.management.deliverable.PersistenceUploadManagerTests.setUp(PersistenceUploadManagerTests.java:141)
Caused by: java.lang.ClassNotFoundException: com.topcoder.util.objectfactory.InvalidClassSpecificationException
	at java.net.URLClassLoader$1.run(URLClassLoader.java:217)
	at java.security.AccessController.doPrivileged(Native Method)
	at java.net.URLClassLoader.findClass(URLClassLoader.java:205)
	at java.lang.ClassLoader.loadClass(ClassLoader.java:321)
	at sun.misc.Launcher$AppClassLoader.loadClass(Launcher.java:294)
	at java.lang.ClassLoader.loadClass(ClassLoader.java:266)
</error>
  </testcase>
  <testcase classname="com.topcoder.management.deliverable.PersistenceUploadManagerTests" name="testRemoveUpload_Null2" time="0.013">
    <error message="com/topcoder/util/objectfactory/InvalidClassSpecificationException" type="java.lang.NoClassDefFoundError">java.lang.NoClassDefFoundError: com/topcoder/util/objectfactory/InvalidClassSpecificationException
	at com.topcoder.management.deliverable.PersistenceUploadManagerTests.setUp(PersistenceUploadManagerTests.java:141)
Caused by: java.lang.ClassNotFoundException: com.topcoder.util.objectfactory.InvalidClassSpecificationException
	at java.net.URLClassLoader$1.run(URLClassLoader.java:217)
	at java.security.AccessController.doPrivileged(Native Method)
	at java.net.URLClassLoader.findClass(URLClassLoader.java:205)
	at java.lang.ClassLoader.loadClass(ClassLoader.java:321)
	at sun.misc.Launcher$AppClassLoader.loadClass(Launcher.java:294)
	at java.lang.ClassLoader.loadClass(ClassLoader.java:266)
</error>
  </testcase>
  <testcase classname="com.topcoder.management.deliverable.PersistenceUploadManagerTests" name="testRemoveUpload_Invalid1" time="0.014">
    <error message="com/topcoder/util/objectfactory/InvalidClassSpecificationException" type="java.lang.NoClassDefFoundError">java.lang.NoClassDefFoundError: com/topcoder/util/objectfactory/InvalidClassSpecificationException
	at com.topcoder.management.deliverable.PersistenceUploadManagerTests.setUp(PersistenceUploadManagerTests.java:141)
Caused by: java.lang.ClassNotFoundException: com.topcoder.util.objectfactory.InvalidClassSpecificationException
	at java.net.URLClassLoader$1.run(URLClassLoader.java:217)
	at java.security.AccessController.doPrivileged(Native Method)
	at java.net.URLClassLoader.findClass(URLClassLoader.java:205)
	at java.lang.ClassLoader.loadClass(ClassLoader.java:321)
	at sun.misc.Launcher$AppClassLoader.loadClass(Launcher.java:294)
	at java.lang.ClassLoader.loadClass(ClassLoader.java:266)
</error>
  </testcase>
  <testcase classname="com.topcoder.management.deliverable.PersistenceUploadManagerTests" name="testRemoveUpload_Accuracy1" time="0.012">
    <error message="com/topcoder/util/objectfactory/InvalidClassSpecificationException" type="java.lang.NoClassDefFoundError">java.lang.NoClassDefFoundError: com/topcoder/util/objectfactory/InvalidClassSpecificationException
	at com.topcoder.management.deliverable.PersistenceUploadManagerTests.setUp(PersistenceUploadManagerTests.java:141)
Caused by: java.lang.ClassNotFoundException: com.topcoder.util.objectfactory.InvalidClassSpecificationException
	at java.net.URLClassLoader$1.run(URLClassLoader.java:217)
	at java.security.AccessController.doPrivileged(Native Method)
	at java.net.URLClassLoader.findClass(URLClassLoader.java:205)
	at java.lang.ClassLoader.loadClass(ClassLoader.java:321)
	at sun.misc.Launcher$AppClassLoader.loadClass(Launcher.java:294)
	at java.lang.ClassLoader.loadClass(ClassLoader.java:266)
</error>
  </testcase>
  <testcase classname="com.topcoder.management.deliverable.PersistenceUploadManagerTests" name="testGetUpload_Invalid" time="0.035">
    <error message="com/topcoder/util/objectfactory/InvalidClassSpecificationException" type="java.lang.NoClassDefFoundError">java.lang.NoClassDefFoundError: com/topcoder/util/objectfactory/InvalidClassSpecificationException
	at com.topcoder.management.deliverable.PersistenceUploadManagerTests.setUp(PersistenceUploadManagerTests.java:141)
Caused by: java.lang.ClassNotFoundException: com.topcoder.util.objectfactory.InvalidClassSpecificationException
	at java.net.URLClassLoader$1.run(URLClassLoader.java:217)
	at java.security.AccessController.doPrivileged(Native Method)
	at java.net.URLClassLoader.findClass(URLClassLoader.java:205)
	at java.lang.ClassLoader.loadClass(ClassLoader.java:321)
	at sun.misc.Launcher$AppClassLoader.loadClass(Launcher.java:294)
	at java.lang.ClassLoader.loadClass(ClassLoader.java:266)
</error>
  </testcase>
  <testcase classname="com.topcoder.management.deliverable.PersistenceUploadManagerTests" name="testGetUpload_Accuracy" time="0.035">
    <error message="com/topcoder/util/objectfactory/InvalidClassSpecificationException" type="java.lang.NoClassDefFoundError">java.lang.NoClassDefFoundError: com/topcoder/util/objectfactory/InvalidClassSpecificationException
	at com.topcoder.management.deliverable.PersistenceUploadManagerTests.setUp(PersistenceUploadManagerTests.java:141)
Caused by: java.lang.ClassNotFoundException: com.topcoder.util.objectfactory.InvalidClassSpecificationException
	at java.net.URLClassLoader$1.run(URLClassLoader.java:217)
	at java.security.AccessController.doPrivileged(Native Method)
	at java.net.URLClassLoader.findClass(URLClassLoader.java:205)
	at java.lang.ClassLoader.loadClass(ClassLoader.java:321)
	at sun.misc.Launcher$AppClassLoader.loadClass(Launcher.java:294)
	at java.lang.ClassLoader.loadClass(ClassLoader.java:266)
</error>
  </testcase>
  <testcase classname="com.topcoder.management.deliverable.PersistenceUploadManagerTests" name="testSearchUpload_Null" time="0.024">
    <error message="com/topcoder/util/objectfactory/InvalidClassSpecificationException" type="java.lang.NoClassDefFoundError">java.lang.NoClassDefFoundError: com/topcoder/util/objectfactory/InvalidClassSpecificationException
	at com.topcoder.management.deliverable.PersistenceUploadManagerTests.setUp(PersistenceUploadManagerTests.java:141)
Caused by: java.lang.ClassNotFoundException: com.topcoder.util.objectfactory.InvalidClassSpecificationException
	at java.net.URLClassLoader$1.run(URLClassLoader.java:217)
	at java.security.AccessController.doPrivileged(Native Method)
	at java.net.URLClassLoader.findClass(URLClassLoader.java:205)
	at java.lang.ClassLoader.loadClass(ClassLoader.java:321)
	at sun.misc.Launcher$AppClassLoader.loadClass(Launcher.java:294)
	at java.lang.ClassLoader.loadClass(ClassLoader.java:266)
</error>
  </testcase>
  <testcase classname="com.topcoder.management.deliverable.PersistenceUploadManagerTests" name="testCreateUploadType_Null1" time="0.013">
    <error message="com/topcoder/util/objectfactory/InvalidClassSpecificationException" type="java.lang.NoClassDefFoundError">java.lang.NoClassDefFoundError: com/topcoder/util/objectfactory/InvalidClassSpecificationException
	at com.topcoder.management.deliverable.PersistenceUploadManagerTests.setUp(PersistenceUploadManagerTests.java:141)
Caused by: java.lang.ClassNotFoundException: com.topcoder.util.objectfactory.InvalidClassSpecificationException
	at java.net.URLClassLoader$1.run(URLClassLoader.java:217)
	at java.security.AccessController.doPrivileged(Native Method)
	at java.net.URLClassLoader.findClass(URLClassLoader.java:205)
	at java.lang.ClassLoader.loadClass(ClassLoader.java:321)
	at sun.misc.Launcher$AppClassLoader.loadClass(Launcher.java:294)
	at java.lang.ClassLoader.loadClass(ClassLoader.java:266)
</error>
  </testcase>
  <testcase classname="com.topcoder.management.deliverable.PersistenceUploadManagerTests" name="testCreateUploadType_Null2" time="0.011">
    <error message="com/topcoder/util/objectfactory/InvalidClassSpecificationException" type="java.lang.NoClassDefFoundError">java.lang.NoClassDefFoundError: com/topcoder/util/objectfactory/InvalidClassSpecificationException
	at com.topcoder.management.deliverable.PersistenceUploadManagerTests.setUp(PersistenceUploadManagerTests.java:141)
Caused by: java.lang.ClassNotFoundException: com.topcoder.util.objectfactory.InvalidClassSpecificationException
	at java.net.URLClassLoader$1.run(URLClassLoader.java:217)
	at java.security.AccessController.doPrivileged(Native Method)
	at java.net.URLClassLoader.findClass(URLClassLoader.java:205)
	at java.lang.ClassLoader.loadClass(ClassLoader.java:321)
	at sun.misc.Launcher$AppClassLoader.loadClass(Launcher.java:294)
	at java.lang.ClassLoader.loadClass(ClassLoader.java:266)
</error>
  </testcase>
  <testcase classname="com.topcoder.management.deliverable.PersistenceUploadManagerTests" name="testCreateUploadType_Invalid1" time="0.01">
    <error message="com/topcoder/util/objectfactory/InvalidClassSpecificationException" type="java.lang.NoClassDefFoundError">java.lang.NoClassDefFoundError: com/topcoder/util/objectfactory/InvalidClassSpecificationException
	at com.topcoder.management.deliverable.PersistenceUploadManagerTests.setUp(PersistenceUploadManagerTests.java:141)
Caused by: java.lang.ClassNotFoundException: com.topcoder.util.objectfactory.InvalidClassSpecificationException
	at java.net.URLClassLoader$1.run(URLClassLoader.java:217)
	at java.security.AccessController.doPrivileged(Native Method)
	at java.net.URLClassLoader.findClass(URLClassLoader.java:205)
	at java.lang.ClassLoader.loadClass(ClassLoader.java:321)
	at sun.misc.Launcher$AppClassLoader.loadClass(Launcher.java:294)
	at java.lang.ClassLoader.loadClass(ClassLoader.java:266)
</error>
  </testcase>
  <testcase classname="com.topcoder.management.deliverable.PersistenceUploadManagerTests" name="testCreateUploadType_Accuracy1" time="0.011">
    <error message="com/topcoder/util/objectfactory/InvalidClassSpecificationException" type="java.lang.NoClassDefFoundError">java.lang.NoClassDefFoundError: com/topcoder/util/objectfactory/InvalidClassSpecificationException
	at com.topcoder.management.deliverable.PersistenceUploadManagerTests.setUp(PersistenceUploadManagerTests.java:141)
Caused by: java.lang.ClassNotFoundException: com.topcoder.util.objectfactory.InvalidClassSpecificationException
	at java.net.URLClassLoader$1.run(URLClassLoader.java:217)
	at java.security.AccessController.doPrivileged(Native Method)
	at java.net.URLClassLoader.findClass(URLClassLoader.java:205)
	at java.lang.ClassLoader.loadClass(ClassLoader.java:321)
	at sun.misc.Launcher$AppClassLoader.loadClass(Launcher.java:294)
	at java.lang.ClassLoader.loadClass(ClassLoader.java:266)
</error>
  </testcase>
  <testcase classname="com.topcoder.management.deliverable.PersistenceUploadManagerTests" name="testUpdateUploadType_Null1" time="0.01">
    <error message="com/topcoder/util/objectfactory/InvalidClassSpecificationException" type="java.lang.NoClassDefFoundError">java.lang.NoClassDefFoundError: com/topcoder/util/objectfactory/InvalidClassSpecificationException
	at com.topcoder.management.deliverable.PersistenceUploadManagerTests.setUp(PersistenceUploadManagerTests.java:141)
Caused by: java.lang.ClassNotFoundException: com.topcoder.util.objectfactory.InvalidClassSpecificationException
	at java.net.URLClassLoader$1.run(URLClassLoader.java:217)
	at java.security.AccessController.doPrivileged(Native Method)
	at java.net.URLClassLoader.findClass(URLClassLoader.java:205)
	at java.lang.ClassLoader.loadClass(ClassLoader.java:321)
	at sun.misc.Launcher$AppClassLoader.loadClass(Launcher.java:294)
	at java.lang.ClassLoader.loadClass(ClassLoader.java:266)
</error>
  </testcase>
  <testcase classname="com.topcoder.management.deliverable.PersistenceUploadManagerTests" name="testUpdateUploadType_Null2" time="0.01">
    <error message="com/topcoder/util/objectfactory/InvalidClassSpecificationException" type="java.lang.NoClassDefFoundError">java.lang.NoClassDefFoundError: com/topcoder/util/objectfactory/InvalidClassSpecificationException
	at com.topcoder.management.deliverable.PersistenceUploadManagerTests.setUp(PersistenceUploadManagerTests.java:141)
Caused by: java.lang.ClassNotFoundException: com.topcoder.util.objectfactory.InvalidClassSpecificationException
	at java.net.URLClassLoader$1.run(URLClassLoader.java:217)
	at java.security.AccessController.doPrivileged(Native Method)
	at java.net.URLClassLoader.findClass(URLClassLoader.java:205)
	at java.lang.ClassLoader.loadClass(ClassLoader.java:321)
	at sun.misc.Launcher$AppClassLoader.loadClass(Launcher.java:294)
	at java.lang.ClassLoader.loadClass(ClassLoader.java:266)
</error>
  </testcase>
  <testcase classname="com.topcoder.management.deliverable.PersistenceUploadManagerTests" name="testUpdateUploadType_Invalid1" time="0.011">
    <error message="com/topcoder/util/objectfactory/InvalidClassSpecificationException" type="java.lang.NoClassDefFoundError">java.lang.NoClassDefFoundError: com/topcoder/util/objectfactory/InvalidClassSpecificationException
	at com.topcoder.management.deliverable.PersistenceUploadManagerTests.setUp(PersistenceUploadManagerTests.java:141)
Caused by: java.lang.ClassNotFoundException: com.topcoder.util.objectfactory.InvalidClassSpecificationException
	at java.net.URLClassLoader$1.run(URLClassLoader.java:217)
	at java.security.AccessController.doPrivileged(Native Method)
	at java.net.URLClassLoader.findClass(URLClassLoader.java:205)
	at java.lang.ClassLoader.loadClass(ClassLoader.java:321)
	at sun.misc.Launcher$AppClassLoader.loadClass(Launcher.java:294)
	at java.lang.ClassLoader.loadClass(ClassLoader.java:266)
</error>
  </testcase>
  <testcase classname="com.topcoder.management.deliverable.PersistenceUploadManagerTests" name="testUpdateUploadType_Accuracy1" time="0.01">
    <error message="com/topcoder/util/objectfactory/InvalidClassSpecificationException" type="java.lang.NoClassDefFoundError">java.lang.NoClassDefFoundError: com/topcoder/util/objectfactory/InvalidClassSpecificationException
	at com.topcoder.management.deliverable.PersistenceUploadManagerTests.setUp(PersistenceUploadManagerTests.java:141)
Caused by: java.lang.ClassNotFoundException: com.topcoder.util.objectfactory.InvalidClassSpecificationException
	at java.net.URLClassLoader$1.run(URLClassLoader.java:217)
	at java.security.AccessController.doPrivileged(Native Method)
	at java.net.URLClassLoader.findClass(URLClassLoader.java:205)
	at java.lang.ClassLoader.loadClass(ClassLoader.java:321)
	at sun.misc.Launcher$AppClassLoader.loadClass(Launcher.java:294)
	at java.lang.ClassLoader.loadClass(ClassLoader.java:266)
</error>
  </testcase>
  <testcase classname="com.topcoder.management.deliverable.PersistenceUploadManagerTests" name="testRemoveUploadType_Null1" time="0.01">
    <error message="com/topcoder/util/objectfactory/InvalidClassSpecificationException" type="java.lang.NoClassDefFoundError">java.lang.NoClassDefFoundError: com/topcoder/util/objectfactory/InvalidClassSpecificationException
	at com.topcoder.management.deliverable.PersistenceUploadManagerTests.setUp(PersistenceUploadManagerTests.java:141)
Caused by: java.lang.ClassNotFoundException: com.topcoder.util.objectfactory.InvalidClassSpecificationException
	at java.net.URLClassLoader$1.run(URLClassLoader.java:217)
	at java.security.AccessController.doPrivileged(Native Method)
	at java.net.URLClassLoader.findClass(URLClassLoader.java:205)
	at java.lang.ClassLoader.loadClass(ClassLoader.java:321)
	at sun.misc.Launcher$AppClassLoader.loadClass(Launcher.java:294)
	at java.lang.ClassLoader.loadClass(ClassLoader.java:266)
</error>
  </testcase>
  <testcase classname="com.topcoder.management.deliverable.PersistenceUploadManagerTests" name="testRemoveUploadType_Null2" time="0.011">
    <error message="com/topcoder/util/objectfactory/InvalidClassSpecificationException" type="java.lang.NoClassDefFoundError">java.lang.NoClassDefFoundError: com/topcoder/util/objectfactory/InvalidClassSpecificationException
	at com.topcoder.management.deliverable.PersistenceUploadManagerTests.setUp(PersistenceUploadManagerTests.java:141)
Caused by: java.lang.ClassNotFoundException: com.topcoder.util.objectfactory.InvalidClassSpecificationException
	at java.net.URLClassLoader$1.run(URLClassLoader.java:217)
	at java.security.AccessController.doPrivileged(Native Method)
	at java.net.URLClassLoader.findClass(URLClassLoader.java:205)
	at java.lang.ClassLoader.loadClass(ClassLoader.java:321)
	at sun.misc.Launcher$AppClassLoader.loadClass(Launcher.java:294)
	at java.lang.ClassLoader.loadClass(ClassLoader.java:266)
</error>
  </testcase>
  <testcase classname="com.topcoder.management.deliverable.PersistenceUploadManagerTests" name="testRemoveUploadType_Invalid1" time="0.01">
    <error message="com/topcoder/util/objectfactory/InvalidClassSpecificationException" type="java.lang.NoClassDefFoundError">java.lang.NoClassDefFoundError: com/topcoder/util/objectfactory/InvalidClassSpecificationException
	at com.topcoder.management.deliverable.PersistenceUploadManagerTests.setUp(PersistenceUploadManagerTests.java:141)
Caused by: java.lang.ClassNotFoundException: com.topcoder.util.objectfactory.InvalidClassSpecificationException
	at java.net.URLClassLoader$1.run(URLClassLoader.java:217)
	at java.security.AccessController.doPrivileged(Native Method)
	at java.net.URLClassLoader.findClass(URLClassLoader.java:205)
	at java.lang.ClassLoader.loadClass(ClassLoader.java:321)
	at sun.misc.Launcher$AppClassLoader.loadClass(Launcher.java:294)
	at java.lang.ClassLoader.loadClass(ClassLoader.java:266)
</error>
  </testcase>
  <testcase classname="com.topcoder.management.deliverable.PersistenceUploadManagerTests" name="testRemoveUploadType_Accuracy1" time="0.01">
    <error message="com/topcoder/util/objectfactory/InvalidClassSpecificationException" type="java.lang.NoClassDefFoundError">java.lang.NoClassDefFoundError: com/topcoder/util/objectfactory/InvalidClassSpecificationException
	at com.topcoder.management.deliverable.PersistenceUploadManagerTests.setUp(PersistenceUploadManagerTests.java:141)
Caused by: java.lang.ClassNotFoundException: com.topcoder.util.objectfactory.InvalidClassSpecificationException
	at java.net.URLClassLoader$1.run(URLClassLoader.java:217)
	at java.security.AccessController.doPrivileged(Native Method)
	at java.net.URLClassLoader.findClass(URLClassLoader.java:205)
	at java.lang.ClassLoader.loadClass(ClassLoader.java:321)
	at sun.misc.Launcher$AppClassLoader.loadClass(Launcher.java:294)
	at java.lang.ClassLoader.loadClass(ClassLoader.java:266)
</error>
  </testcase>
  <testcase classname="com.topcoder.management.deliverable.PersistenceUploadManagerTests" name="testGetAllUploadTypes_Accuracy" time="0.01">
    <error message="com/topcoder/util/objectfactory/InvalidClassSpecificationException" type="java.lang.NoClassDefFoundError">java.lang.NoClassDefFoundError: com/topcoder/util/objectfactory/InvalidClassSpecificationException
	at com.topcoder.management.deliverable.PersistenceUploadManagerTests.setUp(PersistenceUploadManagerTests.java:141)
Caused by: java.lang.ClassNotFoundException: com.topcoder.util.objectfactory.InvalidClassSpecificationException
	at java.net.URLClassLoader$1.run(URLClassLoader.java:217)
	at java.security.AccessController.doPrivileged(Native Method)
	at java.net.URLClassLoader.findClass(URLClassLoader.java:205)
	at java.lang.ClassLoader.loadClass(ClassLoader.java:321)
	at sun.misc.Launcher$AppClassLoader.loadClass(Launcher.java:294)
	at java.lang.ClassLoader.loadClass(ClassLoader.java:266)
</error>
  </testcase>
  <testcase classname="com.topcoder.management.deliverable.PersistenceUploadManagerTests" name="testCreateUploadStatus_Null1" time="0.01">
    <error message="com/topcoder/util/objectfactory/InvalidClassSpecificationException" type="java.lang.NoClassDefFoundError">java.lang.NoClassDefFoundError: com/topcoder/util/objectfactory/InvalidClassSpecificationException
	at com.topcoder.management.deliverable.PersistenceUploadManagerTests.setUp(PersistenceUploadManagerTests.java:141)
Caused by: java.lang.ClassNotFoundException: com.topcoder.util.objectfactory.InvalidClassSpecificationException
	at java.net.URLClassLoader$1.run(URLClassLoader.java:217)
	at java.security.AccessController.doPrivileged(Native Method)
	at java.net.URLClassLoader.findClass(URLClassLoader.java:205)
	at java.lang.ClassLoader.loadClass(ClassLoader.java:321)
	at sun.misc.Launcher$AppClassLoader.loadClass(Launcher.java:294)
	at java.lang.ClassLoader.loadClass(ClassLoader.java:266)
</error>
  </testcase>
  <testcase classname="com.topcoder.management.deliverable.PersistenceUploadManagerTests" name="testCreateUploadStatus_Null2" time="0.01">
    <error message="com/topcoder/util/objectfactory/InvalidClassSpecificationException" type="java.lang.NoClassDefFoundError">java.lang.NoClassDefFoundError: com/topcoder/util/objectfactory/InvalidClassSpecificationException
	at com.topcoder.management.deliverable.PersistenceUploadManagerTests.setUp(PersistenceUploadManagerTests.java:141)
Caused by: java.lang.ClassNotFoundException: com.topcoder.util.objectfactory.InvalidClassSpecificationException
	at java.net.URLClassLoader$1.run(URLClassLoader.java:217)
	at java.security.AccessController.doPrivileged(Native Method)
	at java.net.URLClassLoader.findClass(URLClassLoader.java:205)
	at java.lang.ClassLoader.loadClass(ClassLoader.java:321)
	at sun.misc.Launcher$AppClassLoader.loadClass(Launcher.java:294)
	at java.lang.ClassLoader.loadClass(ClassLoader.java:266)
</error>
  </testcase>
  <testcase classname="com.topcoder.management.deliverable.PersistenceUploadManagerTests" name="testCreateUploadStatus_Invalid1" time="0.019">
    <error message="com/topcoder/util/objectfactory/InvalidClassSpecificationException" type="java.lang.NoClassDefFoundError">java.lang.NoClassDefFoundError: com/topcoder/util/objectfactory/InvalidClassSpecificationException
	at com.topcoder.management.deliverable.PersistenceUploadManagerTests.setUp(PersistenceUploadManagerTests.java:141)
Caused by: java.lang.ClassNotFoundException: com.topcoder.util.objectfactory.InvalidClassSpecificationException
	at java.net.URLClassLoader$1.run(URLClassLoader.java:217)
	at java.security.AccessController.doPrivileged(Native Method)
	at java.net.URLClassLoader.findClass(URLClassLoader.java:205)
	at java.lang.ClassLoader.loadClass(ClassLoader.java:321)
	at sun.misc.Launcher$AppClassLoader.loadClass(Launcher.java:294)
	at java.lang.ClassLoader.loadClass(ClassLoader.java:266)
</error>
  </testcase>
  <testcase classname="com.topcoder.management.deliverable.PersistenceUploadManagerTests" name="testCreateUploadStatus_Accuracy1" time="0.021">
    <error message="com/topcoder/util/objectfactory/InvalidClassSpecificationException" type="java.lang.NoClassDefFoundError">java.lang.NoClassDefFoundError: com/topcoder/util/objectfactory/InvalidClassSpecificationException
	at com.topcoder.management.deliverable.PersistenceUploadManagerTests.setUp(PersistenceUploadManagerTests.java:141)
Caused by: java.lang.ClassNotFoundException: com.topcoder.util.objectfactory.InvalidClassSpecificationException
	at java.net.URLClassLoader$1.run(URLClassLoader.java:217)
	at java.security.AccessController.doPrivileged(Native Method)
	at java.net.URLClassLoader.findClass(URLClassLoader.java:205)
	at java.lang.ClassLoader.loadClass(ClassLoader.java:321)
	at sun.misc.Launcher$AppClassLoader.loadClass(Launcher.java:294)
	at java.lang.ClassLoader.loadClass(ClassLoader.java:266)
</error>
  </testcase>
  <testcase classname="com.topcoder.management.deliverable.PersistenceUploadManagerTests" name="testUpdateUploadStatus_Null1" time="0.025">
    <error message="com/topcoder/util/objectfactory/InvalidClassSpecificationException" type="java.lang.NoClassDefFoundError">java.lang.NoClassDefFoundError: com/topcoder/util/objectfactory/InvalidClassSpecificationException
	at com.topcoder.management.deliverable.PersistenceUploadManagerTests.setUp(PersistenceUploadManagerTests.java:141)
Caused by: java.lang.ClassNotFoundException: com.topcoder.util.objectfactory.InvalidClassSpecificationException
	at java.net.URLClassLoader$1.run(URLClassLoader.java:217)
	at java.security.AccessController.doPrivileged(Native Method)
	at java.net.URLClassLoader.findClass(URLClassLoader.java:205)
	at java.lang.ClassLoader.loadClass(ClassLoader.java:321)
	at sun.misc.Launcher$AppClassLoader.loadClass(Launcher.java:294)
	at java.lang.ClassLoader.loadClass(ClassLoader.java:266)
</error>
  </testcase>
  <testcase classname="com.topcoder.management.deliverable.PersistenceUploadManagerTests" name="testUpdateUploadStatus_Null2" time="0.01">
    <error message="com/topcoder/util/objectfactory/InvalidClassSpecificationException" type="java.lang.NoClassDefFoundError">java.lang.NoClassDefFoundError: com/topcoder/util/objectfactory/InvalidClassSpecificationException
	at com.topcoder.management.deliverable.PersistenceUploadManagerTests.setUp(PersistenceUploadManagerTests.java:141)
Caused by: java.lang.ClassNotFoundException: com.topcoder.util.objectfactory.InvalidClassSpecificationException
	at java.net.URLClassLoader$1.run(URLClassLoader.java:217)
	at java.security.AccessController.doPrivileged(Native Method)
	at java.net.URLClassLoader.findClass(URLClassLoader.java:205)
	at java.lang.ClassLoader.loadClass(ClassLoader.java:321)
	at sun.misc.Launcher$AppClassLoader.loadClass(Launcher.java:294)
	at java.lang.ClassLoader.loadClass(ClassLoader.java:266)
</error>
  </testcase>
  <testcase classname="com.topcoder.management.deliverable.PersistenceUploadManagerTests" name="testUpdateUploadStatus_Invalid1" time="0.009">
    <error message="com/topcoder/util/objectfactory/InvalidClassSpecificationException" type="java.lang.NoClassDefFoundError">java.lang.NoClassDefFoundError: com/topcoder/util/objectfactory/InvalidClassSpecificationException
	at com.topcoder.management.deliverable.PersistenceUploadManagerTests.setUp(PersistenceUploadManagerTests.java:141)
Caused by: java.lang.ClassNotFoundException: com.topcoder.util.objectfactory.InvalidClassSpecificationException
	at java.net.URLClassLoader$1.run(URLClassLoader.java:217)
	at java.security.AccessController.doPrivileged(Native Method)
	at java.net.URLClassLoader.findClass(URLClassLoader.java:205)
	at java.lang.ClassLoader.loadClass(ClassLoader.java:321)
	at sun.misc.Launcher$AppClassLoader.loadClass(Launcher.java:294)
	at java.lang.ClassLoader.loadClass(ClassLoader.java:266)
</error>
  </testcase>
  <testcase classname="com.topcoder.management.deliverable.PersistenceUploadManagerTests" name="testUpdateUploadStatus_Accuracy1" time="0.009">
    <error message="com/topcoder/util/objectfactory/InvalidClassSpecificationException" type="java.lang.NoClassDefFoundError">java.lang.NoClassDefFoundError: com/topcoder/util/objectfactory/InvalidClassSpecificationException
	at com.topcoder.management.deliverable.PersistenceUploadManagerTests.setUp(PersistenceUploadManagerTests.java:141)
Caused by: java.lang.ClassNotFoundException: com.topcoder.util.objectfactory.InvalidClassSpecificationException
	at java.net.URLClassLoader$1.run(URLClassLoader.java:217)
	at java.security.AccessController.doPrivileged(Native Method)
	at java.net.URLClassLoader.findClass(URLClassLoader.java:205)
	at java.lang.ClassLoader.loadClass(ClassLoader.java:321)
	at sun.misc.Launcher$AppClassLoader.loadClass(Launcher.java:294)
	at java.lang.ClassLoader.loadClass(ClassLoader.java:266)
</error>
  </testcase>
  <testcase classname="com.topcoder.management.deliverable.PersistenceUploadManagerTests" name="testRemoveUploadStatus_Null1" time="0.009">
    <error message="com/topcoder/util/objectfactory/InvalidClassSpecificationException" type="java.lang.NoClassDefFoundError">java.lang.NoClassDefFoundError: com/topcoder/util/objectfactory/InvalidClassSpecificationException
	at com.topcoder.management.deliverable.PersistenceUploadManagerTests.setUp(PersistenceUploadManagerTests.java:141)
Caused by: java.lang.ClassNotFoundException: com.topcoder.util.objectfactory.InvalidClassSpecificationException
	at java.net.URLClassLoader$1.run(URLClassLoader.java:217)
	at java.security.AccessController.doPrivileged(Native Method)
	at java.net.URLClassLoader.findClass(URLClassLoader.java:205)
	at java.lang.ClassLoader.loadClass(ClassLoader.java:321)
	at sun.misc.Launcher$AppClassLoader.loadClass(Launcher.java:294)
	at java.lang.ClassLoader.loadClass(ClassLoader.java:266)
</error>
  </testcase>
  <testcase classname="com.topcoder.management.deliverable.PersistenceUploadManagerTests" name="testRemoveUploadStatus_Null2" time="0.009">
    <error message="com/topcoder/util/objectfactory/InvalidClassSpecificationException" type="java.lang.NoClassDefFoundError">java.lang.NoClassDefFoundError: com/topcoder/util/objectfactory/InvalidClassSpecificationException
	at com.topcoder.management.deliverable.PersistenceUploadManagerTests.setUp(PersistenceUploadManagerTests.java:141)
Caused by: java.lang.ClassNotFoundException: com.topcoder.util.objectfactory.InvalidClassSpecificationException
	at java.net.URLClassLoader$1.run(URLClassLoader.java:217)
	at java.security.AccessController.doPrivileged(Native Method)
	at java.net.URLClassLoader.findClass(URLClassLoader.java:205)
	at java.lang.ClassLoader.loadClass(ClassLoader.java:321)
	at sun.misc.Launcher$AppClassLoader.loadClass(Launcher.java:294)
	at java.lang.ClassLoader.loadClass(ClassLoader.java:266)
</error>
  </testcase>
  <testcase classname="com.topcoder.management.deliverable.PersistenceUploadManagerTests" name="testRemoveUploadStatus_Invalid1" time="0.008">
    <error message="com/topcoder/util/objectfactory/InvalidClassSpecificationException" type="java.lang.NoClassDefFoundError">java.lang.NoClassDefFoundError: com/topcoder/util/objectfactory/InvalidClassSpecificationException
	at com.topcoder.management.deliverable.PersistenceUploadManagerTests.setUp(PersistenceUploadManagerTests.java:141)
Caused by: java.lang.ClassNotFoundException: com.topcoder.util.objectfactory.InvalidClassSpecificationException
	at java.net.URLClassLoader$1.run(URLClassLoader.java:217)
	at java.security.AccessController.doPrivileged(Native Method)
	at java.net.URLClassLoader.findClass(URLClassLoader.java:205)
	at java.lang.ClassLoader.loadClass(ClassLoader.java:321)
	at sun.misc.Launcher$AppClassLoader.loadClass(Launcher.java:294)
	at java.lang.ClassLoader.loadClass(ClassLoader.java:266)
</error>
  </testcase>
  <testcase classname="com.topcoder.management.deliverable.PersistenceUploadManagerTests" name="testRemoveUploadStatus_Accuracy1" time="0.009">
    <error message="com/topcoder/util/objectfactory/InvalidClassSpecificationException" type="java.lang.NoClassDefFoundError">java.lang.NoClassDefFoundError: com/topcoder/util/objectfactory/InvalidClassSpecificationException
	at com.topcoder.management.deliverable.PersistenceUploadManagerTests.setUp(PersistenceUploadManagerTests.java:141)
Caused by: java.lang.ClassNotFoundException: com.topcoder.util.objectfactory.InvalidClassSpecificationException
	at java.net.URLClassLoader$1.run(URLClassLoader.java:217)
	at java.security.AccessController.doPrivileged(Native Method)
	at java.net.URLClassLoader.findClass(URLClassLoader.java:205)
	at java.lang.ClassLoader.loadClass(ClassLoader.java:321)
	at sun.misc.Launcher$AppClassLoader.loadClass(Launcher.java:294)
	at java.lang.ClassLoader.loadClass(ClassLoader.java:266)
</error>
  </testcase>
  <testcase classname="com.topcoder.management.deliverable.PersistenceUploadManagerTests" name="testGetAllUploadStatuses_Accuracy" time="0.009">
    <error message="com/topcoder/util/objectfactory/InvalidClassSpecificationException" type="java.lang.NoClassDefFoundError">java.lang.NoClassDefFoundError: com/topcoder/util/objectfactory/InvalidClassSpecificationException
	at com.topcoder.management.deliverable.PersistenceUploadManagerTests.setUp(PersistenceUploadManagerTests.java:141)
Caused by: java.lang.ClassNotFoundException: com.topcoder.util.objectfactory.InvalidClassSpecificationException
	at java.net.URLClassLoader$1.run(URLClassLoader.java:217)
	at java.security.AccessController.doPrivileged(Native Method)
	at java.net.URLClassLoader.findClass(URLClassLoader.java:205)
	at java.lang.ClassLoader.loadClass(ClassLoader.java:321)
	at sun.misc.Launcher$AppClassLoader.loadClass(Launcher.java:294)
	at java.lang.ClassLoader.loadClass(ClassLoader.java:266)
</error>
  </testcase>
  <testcase classname="com.topcoder.management.deliverable.PersistenceUploadManagerTests" name="testCreateSubmission_Null1" time="0.008">
    <error message="com/topcoder/util/objectfactory/InvalidClassSpecificationException" type="java.lang.NoClassDefFoundError">java.lang.NoClassDefFoundError: com/topcoder/util/objectfactory/InvalidClassSpecificationException
	at com.topcoder.management.deliverable.PersistenceUploadManagerTests.setUp(PersistenceUploadManagerTests.java:141)
Caused by: java.lang.ClassNotFoundException: com.topcoder.util.objectfactory.InvalidClassSpecificationException
	at java.net.URLClassLoader$1.run(URLClassLoader.java:217)
	at java.security.AccessController.doPrivileged(Native Method)
	at java.net.URLClassLoader.findClass(URLClassLoader.java:205)
	at java.lang.ClassLoader.loadClass(ClassLoader.java:321)
	at sun.misc.Launcher$AppClassLoader.loadClass(Launcher.java:294)
	at java.lang.ClassLoader.loadClass(ClassLoader.java:266)
</error>
  </testcase>
  <testcase classname="com.topcoder.management.deliverable.PersistenceUploadManagerTests" name="testCreateSubmission_Null2" time="0.008">
    <error message="com/topcoder/util/objectfactory/InvalidClassSpecificationException" type="java.lang.NoClassDefFoundError">java.lang.NoClassDefFoundError: com/topcoder/util/objectfactory/InvalidClassSpecificationException
	at com.topcoder.management.deliverable.PersistenceUploadManagerTests.setUp(PersistenceUploadManagerTests.java:141)
Caused by: java.lang.ClassNotFoundException: com.topcoder.util.objectfactory.InvalidClassSpecificationException
	at java.net.URLClassLoader$1.run(URLClassLoader.java:217)
	at java.security.AccessController.doPrivileged(Native Method)
	at java.net.URLClassLoader.findClass(URLClassLoader.java:205)
	at java.lang.ClassLoader.loadClass(ClassLoader.java:321)
	at sun.misc.Launcher$AppClassLoader.loadClass(Launcher.java:294)
	at java.lang.ClassLoader.loadClass(ClassLoader.java:266)
</error>
  </testcase>
  <testcase classname="com.topcoder.management.deliverable.PersistenceUploadManagerTests" name="testCreateSubmission_Invalid1" time="0.008">
    <error message="com/topcoder/util/objectfactory/InvalidClassSpecificationException" type="java.lang.NoClassDefFoundError">java.lang.NoClassDefFoundError: com/topcoder/util/objectfactory/InvalidClassSpecificationException
	at com.topcoder.management.deliverable.PersistenceUploadManagerTests.setUp(PersistenceUploadManagerTests.java:141)
Caused by: java.lang.ClassNotFoundException: com.topcoder.util.objectfactory.InvalidClassSpecificationException
	at java.net.URLClassLoader$1.run(URLClassLoader.java:217)
	at java.security.AccessController.doPrivileged(Native Method)
	at java.net.URLClassLoader.findClass(URLClassLoader.java:205)
	at java.lang.ClassLoader.loadClass(ClassLoader.java:321)
	at sun.misc.Launcher$AppClassLoader.loadClass(Launcher.java:294)
	at java.lang.ClassLoader.loadClass(ClassLoader.java:266)
</error>
  </testcase>
  <testcase classname="com.topcoder.management.deliverable.PersistenceUploadManagerTests" name="testCreateSubmission_Accuracy1" time="0.008">
    <error message="com/topcoder/util/objectfactory/InvalidClassSpecificationException" type="java.lang.NoClassDefFoundError">java.lang.NoClassDefFoundError: com/topcoder/util/objectfactory/InvalidClassSpecificationException
	at com.topcoder.management.deliverable.PersistenceUploadManagerTests.setUp(PersistenceUploadManagerTests.java:141)
Caused by: java.lang.ClassNotFoundException: com.topcoder.util.objectfactory.InvalidClassSpecificationException
	at java.net.URLClassLoader$1.run(URLClassLoader.java:217)
	at java.security.AccessController.doPrivileged(Native Method)
	at java.net.URLClassLoader.findClass(URLClassLoader.java:205)
	at java.lang.ClassLoader.loadClass(ClassLoader.java:321)
	at sun.misc.Launcher$AppClassLoader.loadClass(Launcher.java:294)
	at java.lang.ClassLoader.loadClass(ClassLoader.java:266)
</error>
  </testcase>
  <testcase classname="com.topcoder.management.deliverable.PersistenceUploadManagerTests" name="testUpdateSubmission_Null1" time="0.008">
    <error message="com/topcoder/util/objectfactory/InvalidClassSpecificationException" type="java.lang.NoClassDefFoundError">java.lang.NoClassDefFoundError: com/topcoder/util/objectfactory/InvalidClassSpecificationException
	at com.topcoder.management.deliverable.PersistenceUploadManagerTests.setUp(PersistenceUploadManagerTests.java:141)
Caused by: java.lang.ClassNotFoundException: com.topcoder.util.objectfactory.InvalidClassSpecificationException
	at java.net.URLClassLoader$1.run(URLClassLoader.java:217)
	at java.security.AccessController.doPrivileged(Native Method)
	at java.net.URLClassLoader.findClass(URLClassLoader.java:205)
	at java.lang.ClassLoader.loadClass(ClassLoader.java:321)
	at sun.misc.Launcher$AppClassLoader.loadClass(Launcher.java:294)
	at java.lang.ClassLoader.loadClass(ClassLoader.java:266)
</error>
  </testcase>
  <testcase classname="com.topcoder.management.deliverable.PersistenceUploadManagerTests" name="testUpdateSubmission_Null2" time="0.008">
    <error message="com/topcoder/util/objectfactory/InvalidClassSpecificationException" type="java.lang.NoClassDefFoundError">java.lang.NoClassDefFoundError: com/topcoder/util/objectfactory/InvalidClassSpecificationException
	at com.topcoder.management.deliverable.PersistenceUploadManagerTests.setUp(PersistenceUploadManagerTests.java:141)
Caused by: java.lang.ClassNotFoundException: com.topcoder.util.objectfactory.InvalidClassSpecificationException
	at java.net.URLClassLoader$1.run(URLClassLoader.java:217)
	at java.security.AccessController.doPrivileged(Native Method)
	at java.net.URLClassLoader.findClass(URLClassLoader.java:205)
	at java.lang.ClassLoader.loadClass(ClassLoader.java:321)
	at sun.misc.Launcher$AppClassLoader.loadClass(Launcher.java:294)
	at java.lang.ClassLoader.loadClass(ClassLoader.java:266)
</error>
  </testcase>
  <testcase classname="com.topcoder.management.deliverable.PersistenceUploadManagerTests" name="testUpdateSubmission_Invalid1" time="0.008">
    <error message="com/topcoder/util/objectfactory/InvalidClassSpecificationException" type="java.lang.NoClassDefFoundError">java.lang.NoClassDefFoundError: com/topcoder/util/objectfactory/InvalidClassSpecificationException
	at com.topcoder.management.deliverable.PersistenceUploadManagerTests.setUp(PersistenceUploadManagerTests.java:141)
Caused by: java.lang.ClassNotFoundException: com.topcoder.util.objectfactory.InvalidClassSpecificationException
	at java.net.URLClassLoader$1.run(URLClassLoader.java:217)
	at java.security.AccessController.doPrivileged(Native Method)
	at java.net.URLClassLoader.findClass(URLClassLoader.java:205)
	at java.lang.ClassLoader.loadClass(ClassLoader.java:321)
	at sun.misc.Launcher$AppClassLoader.loadClass(Launcher.java:294)
	at java.lang.ClassLoader.loadClass(ClassLoader.java:266)
</error>
  </testcase>
  <testcase classname="com.topcoder.management.deliverable.PersistenceUploadManagerTests" name="testUpdateSubmission_Accuracy1" time="0.009">
    <error message="com/topcoder/util/objectfactory/InvalidClassSpecificationException" type="java.lang.NoClassDefFoundError">java.lang.NoClassDefFoundError: com/topcoder/util/objectfactory/InvalidClassSpecificationException
	at com.topcoder.management.deliverable.PersistenceUploadManagerTests.setUp(PersistenceUploadManagerTests.java:141)
Caused by: java.lang.ClassNotFoundException: com.topcoder.util.objectfactory.InvalidClassSpecificationException
	at java.net.URLClassLoader$1.run(URLClassLoader.java:217)
	at java.security.AccessController.doPrivileged(Native Method)
	at java.net.URLClassLoader.findClass(URLClassLoader.java:205)
	at java.lang.ClassLoader.loadClass(ClassLoader.java:321)
	at sun.misc.Launcher$AppClassLoader.loadClass(Launcher.java:294)
	at java.lang.ClassLoader.loadClass(ClassLoader.java:266)
</error>
  </testcase>
  <testcase classname="com.topcoder.management.deliverable.PersistenceUploadManagerTests" name="testRemoveSubmission_Null1" time="0.008">
    <error message="com/topcoder/util/objectfactory/InvalidClassSpecificationException" type="java.lang.NoClassDefFoundError">java.lang.NoClassDefFoundError: com/topcoder/util/objectfactory/InvalidClassSpecificationException
	at com.topcoder.management.deliverable.PersistenceUploadManagerTests.setUp(PersistenceUploadManagerTests.java:141)
Caused by: java.lang.ClassNotFoundException: com.topcoder.util.objectfactory.InvalidClassSpecificationException
	at java.net.URLClassLoader$1.run(URLClassLoader.java:217)
	at java.security.AccessController.doPrivileged(Native Method)
	at java.net.URLClassLoader.findClass(URLClassLoader.java:205)
	at java.lang.ClassLoader.loadClass(ClassLoader.java:321)
	at sun.misc.Launcher$AppClassLoader.loadClass(Launcher.java:294)
	at java.lang.ClassLoader.loadClass(ClassLoader.java:266)
</error>
  </testcase>
  <testcase classname="com.topcoder.management.deliverable.PersistenceUploadManagerTests" name="testRemoveSubmission_Null2" time="0.007">
    <error message="com/topcoder/util/objectfactory/InvalidClassSpecificationException" type="java.lang.NoClassDefFoundError">java.lang.NoClassDefFoundError: com/topcoder/util/objectfactory/InvalidClassSpecificationException
	at com.topcoder.management.deliverable.PersistenceUploadManagerTests.setUp(PersistenceUploadManagerTests.java:141)
Caused by: java.lang.ClassNotFoundException: com.topcoder.util.objectfactory.InvalidClassSpecificationException
	at java.net.URLClassLoader$1.run(URLClassLoader.java:217)
	at java.security.AccessController.doPrivileged(Native Method)
	at java.net.URLClassLoader.findClass(URLClassLoader.java:205)
	at java.lang.ClassLoader.loadClass(ClassLoader.java:321)
	at sun.misc.Launcher$AppClassLoader.loadClass(Launcher.java:294)
	at java.lang.ClassLoader.loadClass(ClassLoader.java:266)
</error>
  </testcase>
  <testcase classname="com.topcoder.management.deliverable.PersistenceUploadManagerTests" name="testRemoveSubmission_Invalid1" time="0.011">
    <error message="com/topcoder/util/objectfactory/InvalidClassSpecificationException" type="java.lang.NoClassDefFoundError">java.lang.NoClassDefFoundError: com/topcoder/util/objectfactory/InvalidClassSpecificationException
	at com.topcoder.management.deliverable.PersistenceUploadManagerTests.setUp(PersistenceUploadManagerTests.java:141)
Caused by: java.lang.ClassNotFoundException: com.topcoder.util.objectfactory.InvalidClassSpecificationException
	at java.net.URLClassLoader$1.run(URLClassLoader.java:217)
	at java.security.AccessController.doPrivileged(Native Method)
	at java.net.URLClassLoader.findClass(URLClassLoader.java:205)
	at java.lang.ClassLoader.loadClass(ClassLoader.java:321)
	at sun.misc.Launcher$AppClassLoader.loadClass(Launcher.java:294)
	at java.lang.ClassLoader.loadClass(ClassLoader.java:266)
</error>
  </testcase>
  <testcase classname="com.topcoder.management.deliverable.PersistenceUploadManagerTests" name="testRemoveSubmission_Accuracy1" time="0.007">
    <error message="com/topcoder/util/objectfactory/InvalidClassSpecificationException" type="java.lang.NoClassDefFoundError">java.lang.NoClassDefFoundError: com/topcoder/util/objectfactory/InvalidClassSpecificationException
	at com.topcoder.management.deliverable.PersistenceUploadManagerTests.setUp(PersistenceUploadManagerTests.java:141)
Caused by: java.lang.ClassNotFoundException: com.topcoder.util.objectfactory.InvalidClassSpecificationException
	at java.net.URLClassLoader$1.run(URLClassLoader.java:217)
	at java.security.AccessController.doPrivileged(Native Method)
	at java.net.URLClassLoader.findClass(URLClassLoader.java:205)
	at java.lang.ClassLoader.loadClass(ClassLoader.java:321)
	at sun.misc.Launcher$AppClassLoader.loadClass(Launcher.java:294)
	at java.lang.ClassLoader.loadClass(ClassLoader.java:266)
</error>
  </testcase>
  <testcase classname="com.topcoder.management.deliverable.PersistenceUploadManagerTests" name="testGetSubmission_Invalid" time="0.007">
    <error message="com/topcoder/util/objectfactory/InvalidClassSpecificationException" type="java.lang.NoClassDefFoundError">java.lang.NoClassDefFoundError: com/topcoder/util/objectfactory/InvalidClassSpecificationException
	at com.topcoder.management.deliverable.PersistenceUploadManagerTests.setUp(PersistenceUploadManagerTests.java:141)
Caused by: java.lang.ClassNotFoundException: com.topcoder.util.objectfactory.InvalidClassSpecificationException
	at java.net.URLClassLoader$1.run(URLClassLoader.java:217)
	at java.security.AccessController.doPrivileged(Native Method)
	at java.net.URLClassLoader.findClass(URLClassLoader.java:205)
	at java.lang.ClassLoader.loadClass(ClassLoader.java:321)
	at sun.misc.Launcher$AppClassLoader.loadClass(Launcher.java:294)
	at java.lang.ClassLoader.loadClass(ClassLoader.java:266)
</error>
  </testcase>
  <testcase classname="com.topcoder.management.deliverable.PersistenceUploadManagerTests" name="testGetSubmission_Accuracy" time="0.007">
    <error message="com/topcoder/util/objectfactory/InvalidClassSpecificationException" type="java.lang.NoClassDefFoundError">java.lang.NoClassDefFoundError: com/topcoder/util/objectfactory/InvalidClassSpecificationException
	at com.topcoder.management.deliverable.PersistenceUploadManagerTests.setUp(PersistenceUploadManagerTests.java:141)
Caused by: java.lang.ClassNotFoundException: com.topcoder.util.objectfactory.InvalidClassSpecificationException
	at java.net.URLClassLoader$1.run(URLClassLoader.java:217)
	at java.security.AccessController.doPrivileged(Native Method)
	at java.net.URLClassLoader.findClass(URLClassLoader.java:205)
	at java.lang.ClassLoader.loadClass(ClassLoader.java:321)
	at sun.misc.Launcher$AppClassLoader.loadClass(Launcher.java:294)
	at java.lang.ClassLoader.loadClass(ClassLoader.java:266)
</error>
  </testcase>
  <testcase classname="com.topcoder.management.deliverable.PersistenceUploadManagerTests" name="testSearchSubmission_Null" time="0.007">
    <error message="com/topcoder/util/objectfactory/InvalidClassSpecificationException" type="java.lang.NoClassDefFoundError">java.lang.NoClassDefFoundError: com/topcoder/util/objectfactory/InvalidClassSpecificationException
	at com.topcoder.management.deliverable.PersistenceUploadManagerTests.setUp(PersistenceUploadManagerTests.java:141)
Caused by: java.lang.ClassNotFoundException: com.topcoder.util.objectfactory.InvalidClassSpecificationException
	at java.net.URLClassLoader$1.run(URLClassLoader.java:217)
	at java.security.AccessController.doPrivileged(Native Method)
	at java.net.URLClassLoader.findClass(URLClassLoader.java:205)
	at java.lang.ClassLoader.loadClass(ClassLoader.java:321)
	at sun.misc.Launcher$AppClassLoader.loadClass(Launcher.java:294)
	at java.lang.ClassLoader.loadClass(ClassLoader.java:266)
</error>
  </testcase>
  <testcase classname="com.topcoder.management.deliverable.PersistenceUploadManagerTests" name="testCreateSubmissionStatus_Null1" time="0.008">
    <error message="com/topcoder/util/objectfactory/InvalidClassSpecificationException" type="java.lang.NoClassDefFoundError">java.lang.NoClassDefFoundError: com/topcoder/util/objectfactory/InvalidClassSpecificationException
	at com.topcoder.management.deliverable.PersistenceUploadManagerTests.setUp(PersistenceUploadManagerTests.java:141)
Caused by: java.lang.ClassNotFoundException: com.topcoder.util.objectfactory.InvalidClassSpecificationException
	at java.net.URLClassLoader$1.run(URLClassLoader.java:217)
	at java.security.AccessController.doPrivileged(Native Method)
	at java.net.URLClassLoader.findClass(URLClassLoader.java:205)
	at java.lang.ClassLoader.loadClass(ClassLoader.java:321)
	at sun.misc.Launcher$AppClassLoader.loadClass(Launcher.java:294)
	at java.lang.ClassLoader.loadClass(ClassLoader.java:266)
</error>
  </testcase>
  <testcase classname="com.topcoder.management.deliverable.PersistenceUploadManagerTests" name="testCreateSubmissionStatus_Null2" time="0.007">
    <error message="com/topcoder/util/objectfactory/InvalidClassSpecificationException" type="java.lang.NoClassDefFoundError">java.lang.NoClassDefFoundError: com/topcoder/util/objectfactory/InvalidClassSpecificationException
	at com.topcoder.management.deliverable.PersistenceUploadManagerTests.setUp(PersistenceUploadManagerTests.java:141)
Caused by: java.lang.ClassNotFoundException: com.topcoder.util.objectfactory.InvalidClassSpecificationException
	at java.net.URLClassLoader$1.run(URLClassLoader.java:217)
	at java.security.AccessController.doPrivileged(Native Method)
	at java.net.URLClassLoader.findClass(URLClassLoader.java:205)
	at java.lang.ClassLoader.loadClass(ClassLoader.java:321)
	at sun.misc.Launcher$AppClassLoader.loadClass(Launcher.java:294)
	at java.lang.ClassLoader.loadClass(ClassLoader.java:266)
</error>
  </testcase>
  <testcase classname="com.topcoder.management.deliverable.PersistenceUploadManagerTests" name="testCreateSubmissionStatus_Invalid1" time="0.008">
    <error message="com/topcoder/util/objectfactory/InvalidClassSpecificationException" type="java.lang.NoClassDefFoundError">java.lang.NoClassDefFoundError: com/topcoder/util/objectfactory/InvalidClassSpecificationException
	at com.topcoder.management.deliverable.PersistenceUploadManagerTests.setUp(PersistenceUploadManagerTests.java:141)
Caused by: java.lang.ClassNotFoundException: com.topcoder.util.objectfactory.InvalidClassSpecificationException
	at java.net.URLClassLoader$1.run(URLClassLoader.java:217)
	at java.security.AccessController.doPrivileged(Native Method)
	at java.net.URLClassLoader.findClass(URLClassLoader.java:205)
	at java.lang.ClassLoader.loadClass(ClassLoader.java:321)
	at sun.misc.Launcher$AppClassLoader.loadClass(Launcher.java:294)
	at java.lang.ClassLoader.loadClass(ClassLoader.java:266)
</error>
  </testcase>
  <testcase classname="com.topcoder.management.deliverable.PersistenceUploadManagerTests" name="testCreateSubmissionStatus_Accuracy1" time="0.016">
    <error message="com/topcoder/util/objectfactory/InvalidClassSpecificationException" type="java.lang.NoClassDefFoundError">java.lang.NoClassDefFoundError: com/topcoder/util/objectfactory/InvalidClassSpecificationException
	at com.topcoder.management.deliverable.PersistenceUploadManagerTests.setUp(PersistenceUploadManagerTests.java:141)
Caused by: java.lang.ClassNotFoundException: com.topcoder.util.objectfactory.InvalidClassSpecificationException
	at java.net.URLClassLoader$1.run(URLClassLoader.java:217)
	at java.security.AccessController.doPrivileged(Native Method)
	at java.net.URLClassLoader.findClass(URLClassLoader.java:205)
	at java.lang.ClassLoader.loadClass(ClassLoader.java:321)
	at sun.misc.Launcher$AppClassLoader.loadClass(Launcher.java:294)
	at java.lang.ClassLoader.loadClass(ClassLoader.java:266)
</error>
  </testcase>
  <testcase classname="com.topcoder.management.deliverable.PersistenceUploadManagerTests" name="testUpdateSubmissionStatus_Null1" time="0.009">
    <error message="com/topcoder/util/objectfactory/InvalidClassSpecificationException" type="java.lang.NoClassDefFoundError">java.lang.NoClassDefFoundError: com/topcoder/util/objectfactory/InvalidClassSpecificationException
	at com.topcoder.management.deliverable.PersistenceUploadManagerTests.setUp(PersistenceUploadManagerTests.java:141)
Caused by: java.lang.ClassNotFoundException: com.topcoder.util.objectfactory.InvalidClassSpecificationException
	at java.net.URLClassLoader$1.run(URLClassLoader.java:217)
	at java.security.AccessController.doPrivileged(Native Method)
	at java.net.URLClassLoader.findClass(URLClassLoader.java:205)
	at java.lang.ClassLoader.loadClass(ClassLoader.java:321)
	at sun.misc.Launcher$AppClassLoader.loadClass(Launcher.java:294)
	at java.lang.ClassLoader.loadClass(ClassLoader.java:266)
</error>
  </testcase>
  <testcase classname="com.topcoder.management.deliverable.PersistenceUploadManagerTests" name="testUpdateSubmissionStatus_Null2" time="0.008">
    <error message="com/topcoder/util/objectfactory/InvalidClassSpecificationException" type="java.lang.NoClassDefFoundError">java.lang.NoClassDefFoundError: com/topcoder/util/objectfactory/InvalidClassSpecificationException
	at com.topcoder.management.deliverable.PersistenceUploadManagerTests.setUp(PersistenceUploadManagerTests.java:141)
Caused by: java.lang.ClassNotFoundException: com.topcoder.util.objectfactory.InvalidClassSpecificationException
	at java.net.URLClassLoader$1.run(URLClassLoader.java:217)
	at java.security.AccessController.doPrivileged(Native Method)
	at java.net.URLClassLoader.findClass(URLClassLoader.java:205)
	at java.lang.ClassLoader.loadClass(ClassLoader.java:321)
	at sun.misc.Launcher$AppClassLoader.loadClass(Launcher.java:294)
	at java.lang.ClassLoader.loadClass(ClassLoader.java:266)
</error>
  </testcase>
  <testcase classname="com.topcoder.management.deliverable.PersistenceUploadManagerTests" name="testUpdateSubmissionStatus_Invalid1" time="0.017">
    <error message="com/topcoder/util/objectfactory/InvalidClassSpecificationException" type="java.lang.NoClassDefFoundError">java.lang.NoClassDefFoundError: com/topcoder/util/objectfactory/InvalidClassSpecificationException
	at com.topcoder.management.deliverable.PersistenceUploadManagerTests.setUp(PersistenceUploadManagerTests.java:141)
Caused by: java.lang.ClassNotFoundException: com.topcoder.util.objectfactory.InvalidClassSpecificationException
	at java.net.URLClassLoader$1.run(URLClassLoader.java:217)
	at java.security.AccessController.doPrivileged(Native Method)
	at java.net.URLClassLoader.findClass(URLClassLoader.java:205)
	at java.lang.ClassLoader.loadClass(ClassLoader.java:321)
	at sun.misc.Launcher$AppClassLoader.loadClass(Launcher.java:294)
	at java.lang.ClassLoader.loadClass(ClassLoader.java:266)
</error>
  </testcase>
  <testcase classname="com.topcoder.management.deliverable.PersistenceUploadManagerTests" name="testUpdateSubmissionStatus_Accuracy1" time="0.017">
    <error message="com/topcoder/util/objectfactory/InvalidClassSpecificationException" type="java.lang.NoClassDefFoundError">java.lang.NoClassDefFoundError: com/topcoder/util/objectfactory/InvalidClassSpecificationException
	at com.topcoder.management.deliverable.PersistenceUploadManagerTests.setUp(PersistenceUploadManagerTests.java:141)
Caused by: java.lang.ClassNotFoundException: com.topcoder.util.objectfactory.InvalidClassSpecificationException
	at java.net.URLClassLoader$1.run(URLClassLoader.java:217)
	at java.security.AccessController.doPrivileged(Native Method)
	at java.net.URLClassLoader.findClass(URLClassLoader.java:205)
	at java.lang.ClassLoader.loadClass(ClassLoader.java:321)
	at sun.misc.Launcher$AppClassLoader.loadClass(Launcher.java:294)
	at java.lang.ClassLoader.loadClass(ClassLoader.java:266)
</error>
  </testcase>
  <testcase classname="com.topcoder.management.deliverable.PersistenceUploadManagerTests" name="testRemoveSubmissionStatus_Null1" time="0.008">
    <error message="com/topcoder/util/objectfactory/InvalidClassSpecificationException" type="java.lang.NoClassDefFoundError">java.lang.NoClassDefFoundError: com/topcoder/util/objectfactory/InvalidClassSpecificationException
	at com.topcoder.management.deliverable.PersistenceUploadManagerTests.setUp(PersistenceUploadManagerTests.java:141)
Caused by: java.lang.ClassNotFoundException: com.topcoder.util.objectfactory.InvalidClassSpecificationException
	at java.net.URLClassLoader$1.run(URLClassLoader.java:217)
	at java.security.AccessController.doPrivileged(Native Method)
	at java.net.URLClassLoader.findClass(URLClassLoader.java:205)
	at java.lang.ClassLoader.loadClass(ClassLoader.java:321)
	at sun.misc.Launcher$AppClassLoader.loadClass(Launcher.java:294)
	at java.lang.ClassLoader.loadClass(ClassLoader.java:266)
</error>
  </testcase>
  <testcase classname="com.topcoder.management.deliverable.PersistenceUploadManagerTests" name="testRemoveSubmissionStatus_Null2" time="0.007">
    <error message="com/topcoder/util/objectfactory/InvalidClassSpecificationException" type="java.lang.NoClassDefFoundError">java.lang.NoClassDefFoundError: com/topcoder/util/objectfactory/InvalidClassSpecificationException
	at com.topcoder.management.deliverable.PersistenceUploadManagerTests.setUp(PersistenceUploadManagerTests.java:141)
Caused by: java.lang.ClassNotFoundException: com.topcoder.util.objectfactory.InvalidClassSpecificationException
	at java.net.URLClassLoader$1.run(URLClassLoader.java:217)
	at java.security.AccessController.doPrivileged(Native Method)
	at java.net.URLClassLoader.findClass(URLClassLoader.java:205)
	at java.lang.ClassLoader.loadClass(ClassLoader.java:321)
	at sun.misc.Launcher$AppClassLoader.loadClass(Launcher.java:294)
	at java.lang.ClassLoader.loadClass(ClassLoader.java:266)
</error>
  </testcase>
  <testcase classname="com.topcoder.management.deliverable.PersistenceUploadManagerTests" name="testRemoveSubmissionStatus_Invalid1" time="0.007">
    <error message="com/topcoder/util/objectfactory/InvalidClassSpecificationException" type="java.lang.NoClassDefFoundError">java.lang.NoClassDefFoundError: com/topcoder/util/objectfactory/InvalidClassSpecificationException
	at com.topcoder.management.deliverable.PersistenceUploadManagerTests.setUp(PersistenceUploadManagerTests.java:141)
Caused by: java.lang.ClassNotFoundException: com.topcoder.util.objectfactory.InvalidClassSpecificationException
	at java.net.URLClassLoader$1.run(URLClassLoader.java:217)
	at java.security.AccessController.doPrivileged(Native Method)
	at java.net.URLClassLoader.findClass(URLClassLoader.java:205)
	at java.lang.ClassLoader.loadClass(ClassLoader.java:321)
	at sun.misc.Launcher$AppClassLoader.loadClass(Launcher.java:294)
	at java.lang.ClassLoader.loadClass(ClassLoader.java:266)
</error>
  </testcase>
  <testcase classname="com.topcoder.management.deliverable.PersistenceUploadManagerTests" name="testRemoveSubmissionStatus_Accuracy1" time="0.007">
    <error message="com/topcoder/util/objectfactory/InvalidClassSpecificationException" type="java.lang.NoClassDefFoundError">java.lang.NoClassDefFoundError: com/topcoder/util/objectfactory/InvalidClassSpecificationException
	at com.topcoder.management.deliverable.PersistenceUploadManagerTests.setUp(PersistenceUploadManagerTests.java:141)
Caused by: java.lang.ClassNotFoundException: com.topcoder.util.objectfactory.InvalidClassSpecificationException
	at java.net.URLClassLoader$1.run(URLClassLoader.java:217)
	at java.security.AccessController.doPrivileged(Native Method)
	at java.net.URLClassLoader.findClass(URLClassLoader.java:205)
	at java.lang.ClassLoader.loadClass(ClassLoader.java:321)
	at sun.misc.Launcher$AppClassLoader.loadClass(Launcher.java:294)
	at java.lang.ClassLoader.loadClass(ClassLoader.java:266)
</error>
  </testcase>
  <testcase classname="com.topcoder.management.deliverable.PersistenceUploadManagerTests" name="testGetAllSubmissionStatuses_Accuracy" time="0.007">
    <error message="com/topcoder/util/objectfactory/InvalidClassSpecificationException" type="java.lang.NoClassDefFoundError">java.lang.NoClassDefFoundError: com/topcoder/util/objectfactory/InvalidClassSpecificationException
	at com.topcoder.management.deliverable.PersistenceUploadManagerTests.setUp(PersistenceUploadManagerTests.java:141)
Caused by: java.lang.ClassNotFoundException: com.topcoder.util.objectfactory.InvalidClassSpecificationException
	at java.net.URLClassLoader$1.run(URLClassLoader.java:217)
	at java.security.AccessController.doPrivileged(Native Method)
	at java.net.URLClassLoader.findClass(URLClassLoader.java:205)
	at java.lang.ClassLoader.loadClass(ClassLoader.java:321)
	at sun.misc.Launcher$AppClassLoader.loadClass(Launcher.java:294)
	at java.lang.ClassLoader.loadClass(ClassLoader.java:266)
</error>
  </testcase>
  <testcase classname="com.topcoder.management.deliverable.PersistenceUploadManagerTests" name="testSearchUploadsByUploadId" time="0.006">
    <error message="com/topcoder/util/objectfactory/InvalidClassSpecificationException" type="java.lang.NoClassDefFoundError">java.lang.NoClassDefFoundError: com/topcoder/util/objectfactory/InvalidClassSpecificationException
	at com.topcoder.management.deliverable.PersistenceUploadManagerTests.setUp(PersistenceUploadManagerTests.java:141)
Caused by: java.lang.ClassNotFoundException: com.topcoder.util.objectfactory.InvalidClassSpecificationException
	at java.net.URLClassLoader$1.run(URLClassLoader.java:217)
	at java.security.AccessController.doPrivileged(Native Method)
	at java.net.URLClassLoader.findClass(URLClassLoader.java:205)
	at java.lang.ClassLoader.loadClass(ClassLoader.java:321)
	at sun.misc.Launcher$AppClassLoader.loadClass(Launcher.java:294)
	at java.lang.ClassLoader.loadClass(ClassLoader.java:266)
</error>
  </testcase>
  <testcase classname="com.topcoder.management.deliverable.PersistenceUploadManagerTests" name="testSearchUploadsByUploadTypeId" time="0.01">
    <error message="com/topcoder/util/objectfactory/InvalidClassSpecificationException" type="java.lang.NoClassDefFoundError">java.lang.NoClassDefFoundError: com/topcoder/util/objectfactory/InvalidClassSpecificationException
	at com.topcoder.management.deliverable.PersistenceUploadManagerTests.setUp(PersistenceUploadManagerTests.java:141)
Caused by: java.lang.ClassNotFoundException: com.topcoder.util.objectfactory.InvalidClassSpecificationException
	at java.net.URLClassLoader$1.run(URLClassLoader.java:217)
	at java.security.AccessController.doPrivileged(Native Method)
	at java.net.URLClassLoader.findClass(URLClassLoader.java:205)
	at java.lang.ClassLoader.loadClass(ClassLoader.java:321)
	at sun.misc.Launcher$AppClassLoader.loadClass(Launcher.java:294)
	at java.lang.ClassLoader.loadClass(ClassLoader.java:266)
</error>
  </testcase>
  <testcase classname="com.topcoder.management.deliverable.PersistenceUploadManagerTests" name="testSearchUploadsByUploadStatusId" time="0.007">
    <error message="com/topcoder/util/objectfactory/InvalidClassSpecificationException" type="java.lang.NoClassDefFoundError">java.lang.NoClassDefFoundError: com/topcoder/util/objectfactory/InvalidClassSpecificationException
	at com.topcoder.management.deliverable.PersistenceUploadManagerTests.setUp(PersistenceUploadManagerTests.java:141)
Caused by: java.lang.ClassNotFoundException: com.topcoder.util.objectfactory.InvalidClassSpecificationException
	at java.net.URLClassLoader$1.run(URLClassLoader.java:217)
	at java.security.AccessController.doPrivileged(Native Method)
	at java.net.URLClassLoader.findClass(URLClassLoader.java:205)
	at java.lang.ClassLoader.loadClass(ClassLoader.java:321)
	at sun.misc.Launcher$AppClassLoader.loadClass(Launcher.java:294)
	at java.lang.ClassLoader.loadClass(ClassLoader.java:266)
</error>
  </testcase>
  <testcase classname="com.topcoder.management.deliverable.PersistenceUploadManagerTests" name="testSearchUploadsByProjectId" time="0.007">
    <error message="com/topcoder/util/objectfactory/InvalidClassSpecificationException" type="java.lang.NoClassDefFoundError">java.lang.NoClassDefFoundError: com/topcoder/util/objectfactory/InvalidClassSpecificationException
	at com.topcoder.management.deliverable.PersistenceUploadManagerTests.setUp(PersistenceUploadManagerTests.java:141)
Caused by: java.lang.ClassNotFoundException: com.topcoder.util.objectfactory.InvalidClassSpecificationException
	at java.net.URLClassLoader$1.run(URLClassLoader.java:217)
	at java.security.AccessController.doPrivileged(Native Method)
	at java.net.URLClassLoader.findClass(URLClassLoader.java:205)
	at java.lang.ClassLoader.loadClass(ClassLoader.java:321)
	at sun.misc.Launcher$AppClassLoader.loadClass(Launcher.java:294)
	at java.lang.ClassLoader.loadClass(ClassLoader.java:266)
</error>
  </testcase>
  <testcase classname="com.topcoder.management.deliverable.PersistenceUploadManagerTests" name="testSearchUploadsByResourceId" time="0.007">
    <error message="com/topcoder/util/objectfactory/InvalidClassSpecificationException" type="java.lang.NoClassDefFoundError">java.lang.NoClassDefFoundError: com/topcoder/util/objectfactory/InvalidClassSpecificationException
	at com.topcoder.management.deliverable.PersistenceUploadManagerTests.setUp(PersistenceUploadManagerTests.java:141)
Caused by: java.lang.ClassNotFoundException: com.topcoder.util.objectfactory.InvalidClassSpecificationException
	at java.net.URLClassLoader$1.run(URLClassLoader.java:217)
	at java.security.AccessController.doPrivileged(Native Method)
	at java.net.URLClassLoader.findClass(URLClassLoader.java:205)
	at java.lang.ClassLoader.loadClass(ClassLoader.java:321)
	at sun.misc.Launcher$AppClassLoader.loadClass(Launcher.java:294)
	at java.lang.ClassLoader.loadClass(ClassLoader.java:266)
</error>
  </testcase>
  <testcase classname="com.topcoder.management.deliverable.PersistenceUploadManagerTests" name="testSearchSubmissionsBySubmissionId" time="0.007">
    <error message="com/topcoder/util/objectfactory/InvalidClassSpecificationException" type="java.lang.NoClassDefFoundError">java.lang.NoClassDefFoundError: com/topcoder/util/objectfactory/InvalidClassSpecificationException
	at com.topcoder.management.deliverable.PersistenceUploadManagerTests.setUp(PersistenceUploadManagerTests.java:141)
Caused by: java.lang.ClassNotFoundException: com.topcoder.util.objectfactory.InvalidClassSpecificationException
	at java.net.URLClassLoader$1.run(URLClassLoader.java:217)
	at java.security.AccessController.doPrivileged(Native Method)
	at java.net.URLClassLoader.findClass(URLClassLoader.java:205)
	at java.lang.ClassLoader.loadClass(ClassLoader.java:321)
	at sun.misc.Launcher$AppClassLoader.loadClass(Launcher.java:294)
	at java.lang.ClassLoader.loadClass(ClassLoader.java:266)
</error>
  </testcase>
  <testcase classname="com.topcoder.management.deliverable.PersistenceUploadManagerTests" name="testSearchSubmissionsByUploadId" time="0.007">
    <error message="com/topcoder/util/objectfactory/InvalidClassSpecificationException" type="java.lang.NoClassDefFoundError">java.lang.NoClassDefFoundError: com/topcoder/util/objectfactory/InvalidClassSpecificationException
	at com.topcoder.management.deliverable.PersistenceUploadManagerTests.setUp(PersistenceUploadManagerTests.java:141)
Caused by: java.lang.ClassNotFoundException: com.topcoder.util.objectfactory.InvalidClassSpecificationException
	at java.net.URLClassLoader$1.run(URLClassLoader.java:217)
	at java.security.AccessController.doPrivileged(Native Method)
	at java.net.URLClassLoader.findClass(URLClassLoader.java:205)
	at java.lang.ClassLoader.loadClass(ClassLoader.java:321)
	at sun.misc.Launcher$AppClassLoader.loadClass(Launcher.java:294)
	at java.lang.ClassLoader.loadClass(ClassLoader.java:266)
</error>
  </testcase>
  <testcase classname="com.topcoder.management.deliverable.PersistenceUploadManagerTests" name="testSearchSubmissionsBySubmissionStatusId" time="0.007">
    <error message="com/topcoder/util/objectfactory/InvalidClassSpecificationException" type="java.lang.NoClassDefFoundError">java.lang.NoClassDefFoundError: com/topcoder/util/objectfactory/InvalidClassSpecificationException
	at com.topcoder.management.deliverable.PersistenceUploadManagerTests.setUp(PersistenceUploadManagerTests.java:141)
Caused by: java.lang.ClassNotFoundException: com.topcoder.util.objectfactory.InvalidClassSpecificationException
	at java.net.URLClassLoader$1.run(URLClassLoader.java:217)
	at java.security.AccessController.doPrivileged(Native Method)
	at java.net.URLClassLoader.findClass(URLClassLoader.java:205)
	at java.lang.ClassLoader.loadClass(ClassLoader.java:321)
	at sun.misc.Launcher$AppClassLoader.loadClass(Launcher.java:294)
	at java.lang.ClassLoader.loadClass(ClassLoader.java:266)
</error>
  </testcase>
  <testcase classname="com.topcoder.management.deliverable.PersistenceUploadManagerTests" name="testSearchSubmissionsByProjectId" time="0.007">
    <error message="com/topcoder/util/objectfactory/InvalidClassSpecificationException" type="java.lang.NoClassDefFoundError">java.lang.NoClassDefFoundError: com/topcoder/util/objectfactory/InvalidClassSpecificationException
	at com.topcoder.management.deliverable.PersistenceUploadManagerTests.setUp(PersistenceUploadManagerTests.java:141)
Caused by: java.lang.ClassNotFoundException: com.topcoder.util.objectfactory.InvalidClassSpecificationException
	at java.net.URLClassLoader$1.run(URLClassLoader.java:217)
	at java.security.AccessController.doPrivileged(Native Method)
	at java.net.URLClassLoader.findClass(URLClassLoader.java:205)
	at java.lang.ClassLoader.loadClass(ClassLoader.java:321)
	at sun.misc.Launcher$AppClassLoader.loadClass(Launcher.java:294)
	at java.lang.ClassLoader.loadClass(ClassLoader.java:266)
</error>
  </testcase>
  <testcase classname="com.topcoder.management.deliverable.PersistenceUploadManagerTests" name="testSearchSubmissionsByResourceId" time="0.009">
    <error message="com/topcoder/util/objectfactory/InvalidClassSpecificationException" type="java.lang.NoClassDefFoundError">java.lang.NoClassDefFoundError: com/topcoder/util/objectfactory/InvalidClassSpecificationException
	at com.topcoder.management.deliverable.PersistenceUploadManagerTests.setUp(PersistenceUploadManagerTests.java:141)
Caused by: java.lang.ClassNotFoundException: com.topcoder.util.objectfactory.InvalidClassSpecificationException
	at java.net.URLClassLoader$1.run(URLClassLoader.java:217)
	at java.security.AccessController.doPrivileged(Native Method)
	at java.net.URLClassLoader.findClass(URLClassLoader.java:205)
	at java.lang.ClassLoader.loadClass(ClassLoader.java:321)
	at sun.misc.Launcher$AppClassLoader.loadClass(Launcher.java:294)
	at java.lang.ClassLoader.loadClass(ClassLoader.java:266)
</error>
  </testcase>
  <testcase classname="com.topcoder.management.deliverable.PersistenceUploadManagerTests" name="test_createSubmissionType" time="0.007">
    <error message="com/topcoder/util/objectfactory/InvalidClassSpecificationException" type="java.lang.NoClassDefFoundError">java.lang.NoClassDefFoundError: com/topcoder/util/objectfactory/InvalidClassSpecificationException
	at com.topcoder.management.deliverable.PersistenceUploadManagerTests.setUp(PersistenceUploadManagerTests.java:141)
Caused by: java.lang.ClassNotFoundException: com.topcoder.util.objectfactory.InvalidClassSpecificationException
	at java.net.URLClassLoader$1.run(URLClassLoader.java:217)
	at java.security.AccessController.doPrivileged(Native Method)
	at java.net.URLClassLoader.findClass(URLClassLoader.java:205)
	at java.lang.ClassLoader.loadClass(ClassLoader.java:321)
	at sun.misc.Launcher$AppClassLoader.loadClass(Launcher.java:294)
	at java.lang.ClassLoader.loadClass(ClassLoader.java:266)
</error>
  </testcase>
  <testcase classname="com.topcoder.management.deliverable.PersistenceUploadManagerTests" name="test_createSubmissionType_submissionTypeIdNull" time="0.007">
    <error message="com/topcoder/util/objectfactory/InvalidClassSpecificationException" type="java.lang.NoClassDefFoundError">java.lang.NoClassDefFoundError: com/topcoder/util/objectfactory/InvalidClassSpecificationException
	at com.topcoder.management.deliverable.PersistenceUploadManagerTests.setUp(PersistenceUploadManagerTests.java:141)
Caused by: java.lang.ClassNotFoundException: com.topcoder.util.objectfactory.InvalidClassSpecificationException
	at java.net.URLClassLoader$1.run(URLClassLoader.java:217)
	at java.security.AccessController.doPrivileged(Native Method)
	at java.net.URLClassLoader.findClass(URLClassLoader.java:205)
	at java.lang.ClassLoader.loadClass(ClassLoader.java:321)
	at sun.misc.Launcher$AppClassLoader.loadClass(Launcher.java:294)
	at java.lang.ClassLoader.loadClass(ClassLoader.java:266)
</error>
  </testcase>
  <testcase classname="com.topcoder.management.deliverable.PersistenceUploadManagerTests" name="test_createSubmissionType_submissionTypeIdInvalid" time="0.007">
    <error message="com/topcoder/util/objectfactory/InvalidClassSpecificationException" type="java.lang.NoClassDefFoundError">java.lang.NoClassDefFoundError: com/topcoder/util/objectfactory/InvalidClassSpecificationException
	at com.topcoder.management.deliverable.PersistenceUploadManagerTests.setUp(PersistenceUploadManagerTests.java:141)
Caused by: java.lang.ClassNotFoundException: com.topcoder.util.objectfactory.InvalidClassSpecificationException
	at java.net.URLClassLoader$1.run(URLClassLoader.java:217)
	at java.security.AccessController.doPrivileged(Native Method)
	at java.net.URLClassLoader.findClass(URLClassLoader.java:205)
	at java.lang.ClassLoader.loadClass(ClassLoader.java:321)
	at sun.misc.Launcher$AppClassLoader.loadClass(Launcher.java:294)
	at java.lang.ClassLoader.loadClass(ClassLoader.java:266)
</error>
  </testcase>
  <testcase classname="com.topcoder.management.deliverable.PersistenceUploadManagerTests" name="test_createSubmissionType_operatorNull" time="0.007">
    <error message="com/topcoder/util/objectfactory/InvalidClassSpecificationException" type="java.lang.NoClassDefFoundError">java.lang.NoClassDefFoundError: com/topcoder/util/objectfactory/InvalidClassSpecificationException
	at com.topcoder.management.deliverable.PersistenceUploadManagerTests.setUp(PersistenceUploadManagerTests.java:141)
Caused by: java.lang.ClassNotFoundException: com.topcoder.util.objectfactory.InvalidClassSpecificationException
	at java.net.URLClassLoader$1.run(URLClassLoader.java:217)
	at java.security.AccessController.doPrivileged(Native Method)
	at java.net.URLClassLoader.findClass(URLClassLoader.java:205)
	at java.lang.ClassLoader.loadClass(ClassLoader.java:321)
	at sun.misc.Launcher$AppClassLoader.loadClass(Launcher.java:294)
	at java.lang.ClassLoader.loadClass(ClassLoader.java:266)
</error>
  </testcase>
  <testcase classname="com.topcoder.management.deliverable.PersistenceUploadManagerTests" name="test_updateSubmissionType" time="0.009">
    <error message="com/topcoder/util/objectfactory/InvalidClassSpecificationException" type="java.lang.NoClassDefFoundError">java.lang.NoClassDefFoundError: com/topcoder/util/objectfactory/InvalidClassSpecificationException
	at com.topcoder.management.deliverable.PersistenceUploadManagerTests.setUp(PersistenceUploadManagerTests.java:141)
Caused by: java.lang.ClassNotFoundException: com.topcoder.util.objectfactory.InvalidClassSpecificationException
	at java.net.URLClassLoader$1.run(URLClassLoader.java:217)
	at java.security.AccessController.doPrivileged(Native Method)
	at java.net.URLClassLoader.findClass(URLClassLoader.java:205)
	at java.lang.ClassLoader.loadClass(ClassLoader.java:321)
	at sun.misc.Launcher$AppClassLoader.loadClass(Launcher.java:294)
	at java.lang.ClassLoader.loadClass(ClassLoader.java:266)
</error>
  </testcase>
  <testcase classname="com.topcoder.management.deliverable.PersistenceUploadManagerTests" name="test_updateSubmissionType_submissionTypeIdNull" time="0.007">
    <error message="com/topcoder/util/objectfactory/InvalidClassSpecificationException" type="java.lang.NoClassDefFoundError">java.lang.NoClassDefFoundError: com/topcoder/util/objectfactory/InvalidClassSpecificationException
	at com.topcoder.management.deliverable.PersistenceUploadManagerTests.setUp(PersistenceUploadManagerTests.java:141)
Caused by: java.lang.ClassNotFoundException: com.topcoder.util.objectfactory.InvalidClassSpecificationException
	at java.net.URLClassLoader$1.run(URLClassLoader.java:217)
	at java.security.AccessController.doPrivileged(Native Method)
	at java.net.URLClassLoader.findClass(URLClassLoader.java:205)
	at java.lang.ClassLoader.loadClass(ClassLoader.java:321)
	at sun.misc.Launcher$AppClassLoader.loadClass(Launcher.java:294)
	at java.lang.ClassLoader.loadClass(ClassLoader.java:266)
</error>
  </testcase>
  <testcase classname="com.topcoder.management.deliverable.PersistenceUploadManagerTests" name="test_updateSubmissionType_submissionTypeIdInvalid" time="0.007">
    <error message="com/topcoder/util/objectfactory/InvalidClassSpecificationException" type="java.lang.NoClassDefFoundError">java.lang.NoClassDefFoundError: com/topcoder/util/objectfactory/InvalidClassSpecificationException
	at com.topcoder.management.deliverable.PersistenceUploadManagerTests.setUp(PersistenceUploadManagerTests.java:141)
Caused by: java.lang.ClassNotFoundException: com.topcoder.util.objectfactory.InvalidClassSpecificationException
	at java.net.URLClassLoader$1.run(URLClassLoader.java:217)
	at java.security.AccessController.doPrivileged(Native Method)
	at java.net.URLClassLoader.findClass(URLClassLoader.java:205)
	at java.lang.ClassLoader.loadClass(ClassLoader.java:321)
	at sun.misc.Launcher$AppClassLoader.loadClass(Launcher.java:294)
	at java.lang.ClassLoader.loadClass(ClassLoader.java:266)
</error>
  </testcase>
  <testcase classname="com.topcoder.management.deliverable.PersistenceUploadManagerTests" name="test_updateSubmissionType_operatorNull" time="0.007">
    <error message="com/topcoder/util/objectfactory/InvalidClassSpecificationException" type="java.lang.NoClassDefFoundError">java.lang.NoClassDefFoundError: com/topcoder/util/objectfactory/InvalidClassSpecificationException
	at com.topcoder.management.deliverable.PersistenceUploadManagerTests.setUp(PersistenceUploadManagerTests.java:141)
Caused by: java.lang.ClassNotFoundException: com.topcoder.util.objectfactory.InvalidClassSpecificationException
	at java.net.URLClassLoader$1.run(URLClassLoader.java:217)
	at java.security.AccessController.doPrivileged(Native Method)
	at java.net.URLClassLoader.findClass(URLClassLoader.java:205)
	at java.lang.ClassLoader.loadClass(ClassLoader.java:321)
	at sun.misc.Launcher$AppClassLoader.loadClass(Launcher.java:294)
	at java.lang.ClassLoader.loadClass(ClassLoader.java:266)
</error>
  </testcase>
  <testcase classname="com.topcoder.management.deliverable.PersistenceUploadManagerTests" name="test_removeSubmissionType" time="0.007">
    <error message="com/topcoder/util/objectfactory/InvalidClassSpecificationException" type="java.lang.NoClassDefFoundError">java.lang.NoClassDefFoundError: com/topcoder/util/objectfactory/InvalidClassSpecificationException
	at com.topcoder.management.deliverable.PersistenceUploadManagerTests.setUp(PersistenceUploadManagerTests.java:141)
Caused by: java.lang.ClassNotFoundException: com.topcoder.util.objectfactory.InvalidClassSpecificationException
	at java.net.URLClassLoader$1.run(URLClassLoader.java:217)
	at java.security.AccessController.doPrivileged(Native Method)
	at java.net.URLClassLoader.findClass(URLClassLoader.java:205)
	at java.lang.ClassLoader.loadClass(ClassLoader.java:321)
	at sun.misc.Launcher$AppClassLoader.loadClass(Launcher.java:294)
	at java.lang.ClassLoader.loadClass(ClassLoader.java:266)
</error>
  </testcase>
  <testcase classname="com.topcoder.management.deliverable.PersistenceUploadManagerTests" name="test_removeSubmissionType_submissionTypeIdNull" time="0.01">
    <error message="com/topcoder/util/objectfactory/InvalidClassSpecificationException" type="java.lang.NoClassDefFoundError">java.lang.NoClassDefFoundError: com/topcoder/util/objectfactory/InvalidClassSpecificationException
	at com.topcoder.management.deliverable.PersistenceUploadManagerTests.setUp(PersistenceUploadManagerTests.java:141)
Caused by: java.lang.ClassNotFoundException: com.topcoder.util.objectfactory.InvalidClassSpecificationException
	at java.net.URLClassLoader$1.run(URLClassLoader.java:217)
	at java.security.AccessController.doPrivileged(Native Method)
	at java.net.URLClassLoader.findClass(URLClassLoader.java:205)
	at java.lang.ClassLoader.loadClass(ClassLoader.java:321)
	at sun.misc.Launcher$AppClassLoader.loadClass(Launcher.java:294)
	at java.lang.ClassLoader.loadClass(ClassLoader.java:266)
</error>
  </testcase>
  <testcase classname="com.topcoder.management.deliverable.PersistenceUploadManagerTests" name="test_removeSubmissionType_submissionTypeIdInvalid" time="0.007">
    <error message="com/topcoder/util/objectfactory/InvalidClassSpecificationException" type="java.lang.NoClassDefFoundError">java.lang.NoClassDefFoundError: com/topcoder/util/objectfactory/InvalidClassSpecificationException
	at com.topcoder.management.deliverable.PersistenceUploadManagerTests.setUp(PersistenceUploadManagerTests.java:141)
Caused by: java.lang.ClassNotFoundException: com.topcoder.util.objectfactory.InvalidClassSpecificationException
	at java.net.URLClassLoader$1.run(URLClassLoader.java:217)
	at java.security.AccessController.doPrivileged(Native Method)
	at java.net.URLClassLoader.findClass(URLClassLoader.java:205)
	at java.lang.ClassLoader.loadClass(ClassLoader.java:321)
	at sun.misc.Launcher$AppClassLoader.loadClass(Launcher.java:294)
	at java.lang.ClassLoader.loadClass(ClassLoader.java:266)
</error>
  </testcase>
  <testcase classname="com.topcoder.management.deliverable.PersistenceUploadManagerTests" name="test_removeSubmissionType_operatorNull" time="0.006">
    <error message="com/topcoder/util/objectfactory/InvalidClassSpecificationException" type="java.lang.NoClassDefFoundError">java.lang.NoClassDefFoundError: com/topcoder/util/objectfactory/InvalidClassSpecificationException
	at com.topcoder.management.deliverable.PersistenceUploadManagerTests.setUp(PersistenceUploadManagerTests.java:141)
Caused by: java.lang.ClassNotFoundException: com.topcoder.util.objectfactory.InvalidClassSpecificationException
	at java.net.URLClassLoader$1.run(URLClassLoader.java:217)
	at java.security.AccessController.doPrivileged(Native Method)
	at java.net.URLClassLoader.findClass(URLClassLoader.java:205)
	at java.lang.ClassLoader.loadClass(ClassLoader.java:321)
	at sun.misc.Launcher$AppClassLoader.loadClass(Launcher.java:294)
	at java.lang.ClassLoader.loadClass(ClassLoader.java:266)
</error>
  </testcase>
  <testcase classname="com.topcoder.management.deliverable.PersistenceUploadManagerTests" name="test_getAllSubmissionTypes" time="0.007">
    <error message="com/topcoder/util/objectfactory/InvalidClassSpecificationException" type="java.lang.NoClassDefFoundError">java.lang.NoClassDefFoundError: com/topcoder/util/objectfactory/InvalidClassSpecificationException
	at com.topcoder.management.deliverable.PersistenceUploadManagerTests.setUp(PersistenceUploadManagerTests.java:141)
Caused by: java.lang.ClassNotFoundException: com.topcoder.util.objectfactory.InvalidClassSpecificationException
	at java.net.URLClassLoader$1.run(URLClassLoader.java:217)
	at java.security.AccessController.doPrivileged(Native Method)
	at java.net.URLClassLoader.findClass(URLClassLoader.java:205)
	at java.lang.ClassLoader.loadClass(ClassLoader.java:321)
	at sun.misc.Launcher$AppClassLoader.loadClass(Launcher.java:294)
	at java.lang.ClassLoader.loadClass(ClassLoader.java:266)
</error>
  </testcase>
  <testcase classname="com.topcoder.management.deliverable.SubmissionStatusTests" name="testConstructor2_InvalidLong1" time="0.0" />
  <testcase classname="com.topcoder.management.deliverable.SubmissionStatusTests" name="testConstructor2_InvalidLong2" time="0.0" />
  <testcase classname="com.topcoder.management.deliverable.SubmissionStatusTests" name="testConstructor2_Accuracy1" time="0.0" />
  <testcase classname="com.topcoder.management.deliverable.SubmissionStatusTests" name="testConstructor1_Accuracy1" time="0.0" />
  <testcase classname="com.topcoder.management.deliverable.SubmissionStatusTests" name="testConstructor1_Accuracy2" time="0.0" />
  <testcase classname="com.topcoder.management.deliverable.SubmissionStatusTests" name="testConstructor3_InvalidLong1" time="0.0" />
  <testcase classname="com.topcoder.management.deliverable.SubmissionStatusTests" name="testConstructor3_InvalidLong2" time="0.0" />
  <testcase classname="com.topcoder.management.deliverable.SubmissionStatusTests" name="testConstructor3_Accuracy1" time="0.0" />
  <testcase classname="com.topcoder.management.deliverable.SubmissionTests" name="testConstructor2_InvalidLong1" time="0.001" />
  <testcase classname="com.topcoder.management.deliverable.SubmissionTests" name="testConstructor2_InvalidLong2" time="0.0" />
  <testcase classname="com.topcoder.management.deliverable.SubmissionTests" name="testConstructor2_Accuracy1" time="0.0" />
  <testcase classname="com.topcoder.management.deliverable.SubmissionTests" name="testIsValidToPersist_Accuracy1" time="0.001" />
  <testcase classname="com.topcoder.management.deliverable.SubmissionTests" name="testIsValidToPersist_Accuracy2" time="0.0" />
  <testcase classname="com.topcoder.management.deliverable.SubmissionTests" name="testIsValidToPersist_Accuracy3" time="0.0" />
  <testcase classname="com.topcoder.management.deliverable.SubmissionTests" name="testIsValidToPersist_Accuracy4" time="0.0" />
  <testcase classname="com.topcoder.management.deliverable.SubmissionTests" name="testIsValidToPersist_Accuracy5" time="0.0" />
  <testcase classname="com.topcoder.management.deliverable.SubmissionTests" name="testIsValidToPersist_Accuracy6" time="0.001" />
  <testcase classname="com.topcoder.management.deliverable.SubmissionTests" name="testConstructor1_Accuracy1" time="0.0" />
  <testcase classname="com.topcoder.management.deliverable.SubmissionTests" name="testSetUpload_Accuracy1" time="0.0" />
  <testcase classname="com.topcoder.management.deliverable.SubmissionTests" name="testGetUpload_Accuracy1" time="0.0" />
  <testcase classname="com.topcoder.management.deliverable.SubmissionTests" name="testSetSubmissionStatus_Accuracy1" time="0.0" />
  <testcase classname="com.topcoder.management.deliverable.SubmissionTests" name="testGetSubmissionStatus_Accuracy1" time="0.0" />
  <testcase classname="com.topcoder.management.deliverable.SubmissionTests" name="test_getSubmissionType" time="0.0" />
  <testcase classname="com.topcoder.management.deliverable.SubmissionTests" name="test_setSubmissionType" time="0.0" />
  <testcase classname="com.topcoder.management.deliverable.SubmissionTypeTests" name="testCtor1" time="0.001" />
  <testcase classname="com.topcoder.management.deliverable.SubmissionTypeTests" name="testCtor2" time="0.0" />
  <testcase classname="com.topcoder.management.deliverable.SubmissionTypeTests" name="testCtor2_idZero" time="0.0" />
  <testcase classname="com.topcoder.management.deliverable.SubmissionTypeTests" name="testCtor2_idNegative" time="0.0" />
  <testcase classname="com.topcoder.management.deliverable.SubmissionTypeTests" name="testCtor3" time="0.0" />
  <testcase classname="com.topcoder.management.deliverable.SubmissionTypeTests" name="testCtor3_idZero" time="0.0" />
  <testcase classname="com.topcoder.management.deliverable.SubmissionTypeTests" name="testCtor3_idNegative" time="0.0" />
  <testcase classname="com.topcoder.management.deliverable.UploadStatusTests" name="testConstructor2_InvalidLong1" time="0.0" />
  <testcase classname="com.topcoder.management.deliverable.UploadStatusTests" name="testConstructor2_InvalidLong2" time="0.0" />
  <testcase classname="com.topcoder.management.deliverable.UploadStatusTests" name="testConstructor2_Accuracy1" time="0.0" />
  <testcase classname="com.topcoder.management.deliverable.UploadStatusTests" name="testConstructor1_Accuracy1" time="0.0" />
  <testcase classname="com.topcoder.management.deliverable.UploadStatusTests" name="testConstructor1_Accuracy2" time="0.0" />
  <testcase classname="com.topcoder.management.deliverable.UploadStatusTests" name="testConstructor3_InvalidLong1" time="0.0" />
  <testcase classname="com.topcoder.management.deliverable.UploadStatusTests" name="testConstructor3_InvalidLong2" time="0.001" />
  <testcase classname="com.topcoder.management.deliverable.UploadStatusTests" name="testConstructor3_Accuracy1" time="0.0" />
  <testcase classname="com.topcoder.management.deliverable.UploadTests" name="testConstructor2_InvalidLong1" time="0.0" />
  <testcase classname="com.topcoder.management.deliverable.UploadTests" name="testConstructor2_InvalidLong2" time="0.0" />
  <testcase classname="com.topcoder.management.deliverable.UploadTests" name="testConstructor2_Accuracy1" time="0.0" />
  <testcase classname="com.topcoder.management.deliverable.UploadTests" name="testIsValidToPersist_Accuracy1" time="0.001" />
  <testcase classname="com.topcoder.management.deliverable.UploadTests" name="testIsValidToPersist_Accuracy2" time="0.0" />
  <testcase classname="com.topcoder.management.deliverable.UploadTests" name="testIsValidToPersist_Accuracy3" time="0.0" />
  <testcase classname="com.topcoder.management.deliverable.UploadTests" name="testIsValidToPersist_Accuracy4" time="0.0" />
  <testcase classname="com.topcoder.management.deliverable.UploadTests" name="testIsValidToPersist_Accuracy5" time="0.0" />
  <testcase classname="com.topcoder.management.deliverable.UploadTests" name="testIsValidToPersist_Accuracy6" time="0.0" />
  <testcase classname="com.topcoder.management.deliverable.UploadTests" name="testConstructor1_Accuracy1" time="0.0" />
  <testcase classname="com.topcoder.management.deliverable.UploadTests" name="testGetProject_Accuracy1" time="0.0" />
  <testcase classname="com.topcoder.management.deliverable.UploadTests" name="testSetUploadStatus_Accuracy1" time="0.0" />
  <testcase classname="com.topcoder.management.deliverable.UploadTests" name="testGetUploadStatus_Accuracy1" time="0.0" />
  <testcase classname="com.topcoder.management.deliverable.UploadTests" name="testSetUploadType_Accuracy1" time="0.0" />
  <testcase classname="com.topcoder.management.deliverable.UploadTests" name="testGetUploadType_Accuracy1" time="0.0" />
  <testcase classname="com.topcoder.management.deliverable.UploadTests" name="testSetOwner_Invalid1" time="0.0" />
  <testcase classname="com.topcoder.management.deliverable.UploadTests" name="testSetOwner_Accuracy1" time="0.0" />
  <testcase classname="com.topcoder.management.deliverable.UploadTests" name="testGetOwner_Accuracy1" time="0.0" />
  <testcase classname="com.topcoder.management.deliverable.UploadTests" name="testSetProject_Invalid1" time="0.0" />
  <testcase classname="com.topcoder.management.deliverable.UploadTests" name="testSetProject_Accuracy1" time="0.0" />
  <testcase classname="com.topcoder.management.deliverable.UploadTests" name="testSetParameter_Accuracy1" time="0.0" />
  <testcase classname="com.topcoder.management.deliverable.UploadTests" name="testGetParameter_Accuracy1" time="0.001" />
  <testcase classname="com.topcoder.management.deliverable.UploadTests" name="testIsValidToPersist_Accuracy7" time="0.0" />
  <testcase classname="com.topcoder.management.deliverable.UploadTests" name="testIsValidToPersist_Accuracy8" time="0.0" />
  <testcase classname="com.topcoder.management.deliverable.UploadTests" name="testIsValidToPersist_Accuracy9" time="0.0" />
  <testcase classname="com.topcoder.management.deliverable.UploadTests" name="testIsValidToPersist_Accuracy10" time="0.0" />
  <testcase classname="com.topcoder.management.deliverable.UploadTypeTests" name="testConstructor2_InvalidLong1" time="0.0" />
  <testcase classname="com.topcoder.management.deliverable.UploadTypeTests" name="testConstructor2_InvalidLong2" time="0.0" />
  <testcase classname="com.topcoder.management.deliverable.UploadTypeTests" name="testConstructor2_Accuracy1" time="0.001" />
  <testcase classname="com.topcoder.management.deliverable.UploadTypeTests" name="testConstructor1_Accuracy1" time="0.0" />
  <testcase classname="com.topcoder.management.deliverable.UploadTypeTests" name="testConstructor1_Accuracy2" time="0.0" />
  <testcase classname="com.topcoder.management.deliverable.UploadTypeTests" name="testConstructor3_InvalidLong1" time="0.0" />
  <testcase classname="com.topcoder.management.deliverable.UploadTypeTests" name="testConstructor3_InvalidLong2" time="0.001" />
  <testcase classname="com.topcoder.management.deliverable.UploadTypeTests" name="testConstructor3_Accuracy1" time="0.0" />
  <testcase classname="com.topcoder.management.deliverable.logging.LogMessageTests" name="testCtor1" time="0.001" />
  <testcase classname="com.topcoder.management.deliverable.logging.LogMessageTests" name="testCtor2" time="0.0" />
  <testcase classname="com.topcoder.management.deliverable.logging.LogMessageTests" name="test_getType" time="0.0" />
  <testcase classname="com.topcoder.management.deliverable.logging.LogMessageTests" name="test_getId" time="0.0" />
  <testcase classname="com.topcoder.management.deliverable.logging.LogMessageTests" name="test_getMessage" time="0.0" />
  <testcase classname="com.topcoder.management.deliverable.logging.LogMessageTests" name="test_getError" time="0.0" />
  <testcase classname="com.topcoder.management.deliverable.logging.LogMessageTests" name="test_getLogMessage_1" time="0.001" />
  <testcase classname="com.topcoder.management.deliverable.logging.LogMessageTests" name="test_getLogMessage_2" time="0.0" />
  <testcase classname="com.topcoder.management.deliverable.logging.LogMessageTests" name="test_toString" time="0.001" />
  <testcase classname="com.topcoder.management.deliverable.logging.LogMessageTests" name="test_getExceptionStackTrace" time="0.0" />
  <testcase classname="com.topcoder.management.deliverable.logging.LogMessageTests" name="test_getExceptionStackTrace_causeNull" time="0.001" />
  <testcase classname="com.topcoder.management.deliverable.persistence.DeliverableCheckingExceptionTest" name="testConstructor1" time="0.001" />
  <testcase classname="com.topcoder.management.deliverable.persistence.DeliverableCheckingExceptionTest" name="testConstructor2" time="0.0" />
  <testcase classname="com.topcoder.management.deliverable.persistence.DeliverablePersistenceExceptionTest" name="testConstructor1" time="0.0" />
  <testcase classname="com.topcoder.management.deliverable.persistence.DeliverablePersistenceExceptionTest" name="testConstructor2" time="0.0" />
  <testcase classname="com.topcoder.management.deliverable.persistence.UploadPersistenceExceptionTest" name="testConstructor1" time="0.0" />
  <testcase classname="com.topcoder.management.deliverable.persistence.UploadPersistenceExceptionTest" name="testConstructor2" time="0.0" />
  <testcase classname="com.topcoder.management.deliverable.search.DeliverableFilterBuilderTests" name="testCreateDeliverableIdFilter_Invalid1" time="0.001" />
  <testcase classname="com.topcoder.management.deliverable.search.DeliverableFilterBuilderTests" name="testCreateDeliverableIdFilter_Accuracy1" time="0.001" />
  <testcase classname="com.topcoder.management.deliverable.search.DeliverableFilterBuilderTests" name="testCreateNameFilter_Invalid1" time="0.0" />
  <testcase classname="com.topcoder.management.deliverable.search.DeliverableFilterBuilderTests" name="testCreateNameFilter_Accuracy1" time="0.0" />
  <testcase classname="com.topcoder.management.deliverable.search.DeliverableFilterBuilderTests" name="testCreateProjectIdFilter_Invalid1" time="0.0" />
  <testcase classname="com.topcoder.management.deliverable.search.DeliverableFilterBuilderTests" name="testCreateProjectIdFilter_Accuracy1" time="0.0" />
  <testcase classname="com.topcoder.management.deliverable.search.DeliverableFilterBuilderTests" name="testCreatePhaseIdFilter_Invalid1" time="0.0" />
  <testcase classname="com.topcoder.management.deliverable.search.DeliverableFilterBuilderTests" name="testCreatePhaseIdFilter_Accuracy1" time="0.0" />
  <testcase classname="com.topcoder.management.deliverable.search.DeliverableFilterBuilderTests" name="testCreateSubmissionIdFilter_Invalid1" time="0.0" />
  <testcase classname="com.topcoder.management.deliverable.search.DeliverableFilterBuilderTests" name="testCreateSubmissionIdFilter_Accuracy1" time="0.0" />
  <testcase classname="com.topcoder.management.deliverable.search.DeliverableFilterBuilderTests" name="testCreateResourceIdFilter_Invalid1" time="0.001" />
  <testcase classname="com.topcoder.management.deliverable.search.DeliverableFilterBuilderTests" name="testCreateResourceIdFilter_Accuracy1" time="0.0" />
  <testcase classname="com.topcoder.management.deliverable.search.DeliverableFilterBuilderTests" name="testCreateRequiredFilter_Accuracy1" time="0.0" />
  <testcase classname="com.topcoder.management.deliverable.search.DeliverableFilterBuilderTests" name="testCreateRequiredFilter_Accuracy2" time="0.0" />
  <testcase classname="com.topcoder.management.deliverable.search.DeliverableFilterBuilderTests" name="testCreateDeliverableIdResourceIdFilter_Accuracy1" time="0.001" />
  <testcase classname="com.topcoder.management.deliverable.search.DeliverableFilterBuilderTests" name="testCreateDeliverableIdResourceIdFilter_Invalid1" time="0.0" />
  <testcase classname="com.topcoder.management.deliverable.search.DeliverableFilterBuilderTests" name="testCreateDeliverableIdResourceIdFilter_Invalid2" time="0.0" />
  <testcase classname="com.topcoder.management.deliverable.search.SubmissionFilterBuilderTests" name="testCreateProjectIdFilter_Invalid1" time="0.001" />
  <testcase classname="com.topcoder.management.deliverable.search.SubmissionFilterBuilderTests" name="testCreateProjectIdFilter_Accuracy1" time="0.0" />
  <testcase classname="com.topcoder.management.deliverable.search.SubmissionFilterBuilderTests" name="testCreateSubmissionIdFilter_Invalid1" time="0.0" />
  <testcase classname="com.topcoder.management.deliverable.search.SubmissionFilterBuilderTests" name="testCreateSubmissionIdFilter_Accuracy1" time="0.001" />
  <testcase classname="com.topcoder.management.deliverable.search.SubmissionFilterBuilderTests" name="testCreateResourceIdFilter_Invalid1" time="0.0" />
  <testcase classname="com.topcoder.management.deliverable.search.SubmissionFilterBuilderTests" name="testCreateResourceIdFilter_Accuracy1" time="0.0" />
  <testcase classname="com.topcoder.management.deliverable.search.SubmissionFilterBuilderTests" name="testCreateUploadIdFilter_Invalid1" time="0.0" />
  <testcase classname="com.topcoder.management.deliverable.search.SubmissionFilterBuilderTests" name="testCreateUploadIdFilter_Accuracy1" time="0.0" />
  <testcase classname="com.topcoder.management.deliverable.search.SubmissionFilterBuilderTests" name="testCreateSubmissionStatusIdFilter_Invalid1" time="0.001" />
  <testcase classname="com.topcoder.management.deliverable.search.SubmissionFilterBuilderTests" name="testCreateSubmissionStatusIdFilter_Accuracy1" time="0.0" />
  <testcase classname="com.topcoder.management.deliverable.search.SubmissionFilterBuilderTests" name="test_createSubmissionTypeIdFilter" time="0.0" />
  <testcase classname="com.topcoder.management.deliverable.search.SubmissionFilterBuilderTests" name="test_createSubmissionTypeIdFilter_submissionTypeIdZero" time="0.0" />
  <testcase classname="com.topcoder.management.deliverable.search.SubmissionFilterBuilderTests" name="test_createSubmissionTypeIdFilter_submissionTypeIdNegative" time="0.0" />
  <testcase classname="com.topcoder.management.deliverable.search.UploadFilterBuilderTests" name="testCreateProjectIdFilter_Invalid1" time="0.001" />
  <testcase classname="com.topcoder.management.deliverable.search.UploadFilterBuilderTests" name="testCreateProjectIdFilter_Accuracy1" time="0.0" />
  <testcase classname="com.topcoder.management.deliverable.search.UploadFilterBuilderTests" name="testCreateResourceIdFilter_Invalid1" time="0.0" />
  <testcase classname="com.topcoder.management.deliverable.search.UploadFilterBuilderTests" name="testCreateResourceIdFilter_Accuracy1" time="0.0" />
  <testcase classname="com.topcoder.management.deliverable.search.UploadFilterBuilderTests" name="testCreateUploadIdFilter_Invalid1" time="0.0" />
  <testcase classname="com.topcoder.management.deliverable.search.UploadFilterBuilderTests" name="testCreateUploadIdFilter_Accuracy1" time="0.0" />
  <testcase classname="com.topcoder.management.deliverable.search.UploadFilterBuilderTests" name="testCreateUploadTypeIdFilter_Invalid1" time="0.0" />
  <testcase classname="com.topcoder.management.deliverable.search.UploadFilterBuilderTests" name="testCreateUploadTypeIdFilter_Accuracy1" time="0.0" />
  <testcase classname="com.topcoder.management.deliverable.search.UploadFilterBuilderTests" name="testCreateUploadStatusIdFilter_Invalid1" time="0.0" />
  <testcase classname="com.topcoder.management.deliverable.search.UploadFilterBuilderTests" name="testCreateUploadStatusIdFilter_Accuracy1" time="0.0" />
  <testcase classname="com.topcoder.management.deliverable.Demo" name="testDemo" time="0.032">
    <error message="Unexpected errors- " type="com.topcoder.db.connectionfactory.ConfigurationException">com.topcoder.db.connectionfactory.ConfigurationException: Unexpected errors- 
	at com.topcoder.db.connectionfactory.DBConnectionFactoryImpl.&lt;init&gt;(DBConnectionFactoryImpl.java:278)
	at com.topcoder.management.deliverable.DeliverableTestHelper.executeBatch(DeliverableTestHelper.java:70)
	at com.topcoder.management.deliverable.Demo.setUp(Demo.java:71)
Caused by: java.lang.reflect.InvocationTargetException
	at java.lang.reflect.Constructor.newInstance(Constructor.java:532)
	at com.topcoder.db.connectionfactory.DBConnectionFactoryImpl.createObject(DBConnectionFactoryImpl.java:453)
	at com.topcoder.db.connectionfactory.DBConnectionFactoryImpl.&lt;init&gt;(DBConnectionFactoryImpl.java:262)
Caused by: java.lang.ClassNotFoundException: The class name com.informix.jdbc.IfxDriver is invalid.
	at com.topcoder.db.connectionfactory.producers.JDBCConnectionProducer.&lt;init&gt;(JDBCConnectionProducer.java:317)
Caused by: java.lang.ClassNotFoundException: com.informix.jdbc.IfxDriver
	at java.net.URLClassLoader$1.run(URLClassLoader.java:217)
	at java.security.AccessController.doPrivileged(Native Method)
	at java.net.URLClassLoader.findClass(URLClassLoader.java:205)
	at java.lang.ClassLoader.loadClass(ClassLoader.java:321)
	at sun.misc.Launcher$AppClassLoader.loadClass(Launcher.java:294)
	at java.lang.ClassLoader.loadClass(ClassLoader.java:266)
	at java.lang.Class.forName0(Native Method)
	at java.lang.Class.forName(Class.java:186)
	at com.topcoder.db.connectionfactory.producers.JDBCConnectionProducer.&lt;init&gt;(JDBCConnectionProducer.java:315)
</error>
  </testcase>
  <testcase classname="com.topcoder.management.deliverable.failuretests.AuditedDeliverableStructureTest" name="testAuditedDeliverableStructureZeroId" time="0.0" />
  <testcase classname="com.topcoder.management.deliverable.failuretests.AuditedDeliverableStructureTest" name="testAuditedDeliverableStructureNegativeId" time="0.0" />
  <testcase classname="com.topcoder.management.deliverable.failuretests.AuditedDeliverableStructureTest" name="testSetIdZeroId" time="0.0" />
  <testcase classname="com.topcoder.management.deliverable.failuretests.AuditedDeliverableStructureTest" name="testSetIdNegativeId" time="0.0" />
  <testcase classname="com.topcoder.management.deliverable.failuretests.AuditedDeliverableStructureTest" name="testSetCreationUser" time="0.0" />
  <testcase classname="com.topcoder.management.deliverable.failuretests.AuditedDeliverableStructureTest" name="testSetCreationTimestamp" time="0.0" />
  <testcase classname="com.topcoder.management.deliverable.failuretests.AuditedDeliverableStructureTest" name="testSetModificationUser" time="0.001" />
  <testcase classname="com.topcoder.management.deliverable.failuretests.AuditedDeliverableStructureTest" name="testSetModificationTimestamp" time="0.0" />
  <testcase classname="com.topcoder.management.deliverable.failuretests.DeliverableFilterBuilderTest" name="testCreateDeliverableIdFilterZeroId" time="0.0" />
  <testcase classname="com.topcoder.management.deliverable.failuretests.DeliverableFilterBuilderTest" name="testCreateDeliverableIdFilterNegativeId" time="0.0" />
  <testcase classname="com.topcoder.management.deliverable.failuretests.DeliverableFilterBuilderTest" name="testCreateNameFilter" time="0.0" />
  <testcase classname="com.topcoder.management.deliverable.failuretests.DeliverableFilterBuilderTest" name="testCreateProjectIdFilter" time="0.0" />
  <testcase classname="com.topcoder.management.deliverable.failuretests.DeliverableFilterBuilderTest" name="testCreateProjectIdFilterNegativeId" time="0.0" />
  <testcase classname="com.topcoder.management.deliverable.failuretests.DeliverableFilterBuilderTest" name="testCreatePhaseIdFilterZeroId" time="0.0" />
  <testcase classname="com.topcoder.management.deliverable.failuretests.DeliverableFilterBuilderTest" name="testCreatePhaseIdFilterNegativeId" time="0.0" />
  <testcase classname="com.topcoder.management.deliverable.failuretests.DeliverableFilterBuilderTest" name="testCreateSubmissionIdFilterZeroId" time="0.0" />
  <testcase classname="com.topcoder.management.deliverable.failuretests.DeliverableFilterBuilderTest" name="testCreateSubmissionIdFilterNegativeId" time="0.0" />
  <testcase classname="com.topcoder.management.deliverable.failuretests.DeliverableFilterBuilderTest" name="testCreateResourceIdFilterZeroId" time="0.001" />
  <testcase classname="com.topcoder.management.deliverable.failuretests.DeliverableFilterBuilderTest" name="testCreateResourceIdFilterNegativeId" time="0.0" />
  <testcase classname="com.topcoder.management.deliverable.failuretests.DeliverableTest" name="testDeliverableZeroProject" time="0.0" />
  <testcase classname="com.topcoder.management.deliverable.failuretests.DeliverableTest" name="testDeliverableNegativeProject" time="0.0" />
  <testcase classname="com.topcoder.management.deliverable.failuretests.DeliverableTest" name="testDeliverableZeroPhase" time="0.0" />
  <testcase classname="com.topcoder.management.deliverable.failuretests.DeliverableTest" name="testDeliverableNegativePhase" time="0.0" />
  <testcase classname="com.topcoder.management.deliverable.failuretests.DeliverableTest" name="testDeliverableZeroResource" time="0.0" />
  <testcase classname="com.topcoder.management.deliverable.failuretests.DeliverableTest" name="testDeliverableNegativeResource" time="0.0" />
  <testcase classname="com.topcoder.management.deliverable.failuretests.DeliverableTest" name="testDeliverableNullSubmission" time="0.0" />
  <testcase classname="com.topcoder.management.deliverable.failuretests.DeliverableTest" name="testDeliverableZeroSubmission" time="0.0" />
  <testcase classname="com.topcoder.management.deliverable.failuretests.DeliverableTest" name="testDeliverableNegativeSubmission" time="0.0" />
  <testcase classname="com.topcoder.management.deliverable.failuretests.DeliverableTest" name="testSetCompletionDate" time="0.001" />
  <testcase classname="com.topcoder.management.deliverable.failuretests.NamedDeliverableStructureTest" name="testNamedDeliverableStructureLongZeroId" time="0.0" />
  <testcase classname="com.topcoder.management.deliverable.failuretests.NamedDeliverableStructureTest" name="testNamedDeliverableStructureLongNegativeId" time="0.0" />
  <testcase classname="com.topcoder.management.deliverable.failuretests.NamedDeliverableStructureTest" name="testNamedDeliverableStructureLongStringZeroId" time="0.0" />
  <testcase classname="com.topcoder.management.deliverable.failuretests.NamedDeliverableStructureTest" name="testNamedDeliverableStructureLongStringNegativeId" time="0.0" />
  <testcase classname="com.topcoder.management.deliverable.failuretests.NamedDeliverableStructureTest" name="testSetName" time="0.0" />
  <testcase classname="com.topcoder.management.deliverable.failuretests.NamedDeliverableStructureTest" name="testSetDescription" time="0.0" />
  <testcase classname="com.topcoder.management.deliverable.failuretests.PersistenceDeliverableManagerTest" name="testPersistenceDeliverableManager1NullPersistence" time="0.004">
    <error message="Unexpected errors- " type="com.topcoder.db.connectionfactory.ConfigurationException">com.topcoder.db.connectionfactory.ConfigurationException: Unexpected errors- 
	at com.topcoder.db.connectionfactory.DBConnectionFactoryImpl.&lt;init&gt;(DBConnectionFactoryImpl.java:278)
	at com.topcoder.management.deliverable.failuretests.PersistenceDeliverableManagerTest.setUp(PersistenceDeliverableManagerTest.java:48)
Caused by: java.lang.reflect.InvocationTargetException
	at java.lang.reflect.Constructor.newInstance(Constructor.java:532)
	at com.topcoder.db.connectionfactory.DBConnectionFactoryImpl.createObject(DBConnectionFactoryImpl.java:453)
	at com.topcoder.db.connectionfactory.DBConnectionFactoryImpl.&lt;init&gt;(DBConnectionFactoryImpl.java:262)
Caused by: java.lang.ClassNotFoundException: The class name com.informix.jdbc.IfxDriver is invalid.
	at com.topcoder.db.connectionfactory.producers.JDBCConnectionProducer.&lt;init&gt;(JDBCConnectionProducer.java:317)
Caused by: java.lang.ClassNotFoundException: com.informix.jdbc.IfxDriver
	at java.net.URLClassLoader$1.run(URLClassLoader.java:217)
	at java.security.AccessController.doPrivileged(Native Method)
	at java.net.URLClassLoader.findClass(URLClassLoader.java:205)
	at java.lang.ClassLoader.loadClass(ClassLoader.java:321)
	at sun.misc.Launcher$AppClassLoader.loadClass(Launcher.java:294)
	at java.lang.ClassLoader.loadClass(ClassLoader.java:266)
	at java.lang.Class.forName0(Native Method)
	at java.lang.Class.forName(Class.java:186)
	at com.topcoder.db.connectionfactory.producers.JDBCConnectionProducer.&lt;init&gt;(JDBCConnectionProducer.java:315)
</error>
  </testcase>
  <testcase classname="com.topcoder.management.deliverable.failuretests.PersistenceDeliverableManagerTest" name="testPersistenceDeliverableManager1NullMap" time="0.002">
    <error message="Unexpected errors- " type="com.topcoder.db.connectionfactory.ConfigurationException">com.topcoder.db.connectionfactory.ConfigurationException: Unexpected errors- 
	at com.topcoder.db.connectionfactory.DBConnectionFactoryImpl.&lt;init&gt;(DBConnectionFactoryImpl.java:278)
	at com.topcoder.management.deliverable.failuretests.PersistenceDeliverableManagerTest.setUp(PersistenceDeliverableManagerTest.java:48)
Caused by: java.lang.reflect.InvocationTargetException
	at java.lang.reflect.Constructor.newInstance(Constructor.java:532)
	at com.topcoder.db.connectionfactory.DBConnectionFactoryImpl.createObject(DBConnectionFactoryImpl.java:453)
	at com.topcoder.db.connectionfactory.DBConnectionFactoryImpl.&lt;init&gt;(DBConnectionFactoryImpl.java:262)
Caused by: java.lang.ClassNotFoundException: The class name com.informix.jdbc.IfxDriver is invalid.
	at com.topcoder.db.connectionfactory.producers.JDBCConnectionProducer.&lt;init&gt;(JDBCConnectionProducer.java:317)
Caused by: java.lang.ClassNotFoundException: com.informix.jdbc.IfxDriver
	at java.net.URLClassLoader$1.run(URLClassLoader.java:217)
	at java.security.AccessController.doPrivileged(Native Method)
	at java.net.URLClassLoader.findClass(URLClassLoader.java:205)
	at java.lang.ClassLoader.loadClass(ClassLoader.java:321)
	at sun.misc.Launcher$AppClassLoader.loadClass(Launcher.java:294)
	at java.lang.ClassLoader.loadClass(ClassLoader.java:266)
	at java.lang.Class.forName0(Native Method)
	at java.lang.Class.forName(Class.java:186)
	at com.topcoder.db.connectionfactory.producers.JDBCConnectionProducer.&lt;init&gt;(JDBCConnectionProducer.java:315)
</error>
  </testcase>
  <testcase classname="com.topcoder.management.deliverable.failuretests.PersistenceDeliverableManagerTest" name="testPersistenceDeliverableManager1NonStringKeyInMap" time="0.003">
    <error message="Unexpected errors- " type="com.topcoder.db.connectionfactory.ConfigurationException">com.topcoder.db.connectionfactory.ConfigurationException: Unexpected errors- 
	at com.topcoder.db.connectionfactory.DBConnectionFactoryImpl.&lt;init&gt;(DBConnectionFactoryImpl.java:278)
	at com.topcoder.management.deliverable.failuretests.PersistenceDeliverableManagerTest.setUp(PersistenceDeliverableManagerTest.java:48)
Caused by: java.lang.reflect.InvocationTargetException
	at java.lang.reflect.Constructor.newInstance(Constructor.java:532)
	at com.topcoder.db.connectionfactory.DBConnectionFactoryImpl.createObject(DBConnectionFactoryImpl.java:453)
	at com.topcoder.db.connectionfactory.DBConnectionFactoryImpl.&lt;init&gt;(DBConnectionFactoryImpl.java:262)
Caused by: java.lang.ClassNotFoundException: The class name com.informix.jdbc.IfxDriver is invalid.
	at com.topcoder.db.connectionfactory.producers.JDBCConnectionProducer.&lt;init&gt;(JDBCConnectionProducer.java:317)
Caused by: java.lang.ClassNotFoundException: com.informix.jdbc.IfxDriver
	at java.net.URLClassLoader$1.run(URLClassLoader.java:217)
	at java.security.AccessController.doPrivileged(Native Method)
	at java.net.URLClassLoader.findClass(URLClassLoader.java:205)
	at java.lang.ClassLoader.loadClass(ClassLoader.java:321)
	at sun.misc.Launcher$AppClassLoader.loadClass(Launcher.java:294)
	at java.lang.ClassLoader.loadClass(ClassLoader.java:266)
	at java.lang.Class.forName0(Native Method)
	at java.lang.Class.forName(Class.java:186)
	at com.topcoder.db.connectionfactory.producers.JDBCConnectionProducer.&lt;init&gt;(JDBCConnectionProducer.java:315)
</error>
  </testcase>
  <testcase classname="com.topcoder.management.deliverable.failuretests.PersistenceDeliverableManagerTest" name="testPersistenceDeliverableManager1NonCheckerInMap" time="0.002">
    <error message="Unexpected errors- " type="com.topcoder.db.connectionfactory.ConfigurationException">com.topcoder.db.connectionfactory.ConfigurationException: Unexpected errors- 
	at com.topcoder.db.connectionfactory.DBConnectionFactoryImpl.&lt;init&gt;(DBConnectionFactoryImpl.java:278)
	at com.topcoder.management.deliverable.failuretests.PersistenceDeliverableManagerTest.setUp(PersistenceDeliverableManagerTest.java:48)
Caused by: java.lang.reflect.InvocationTargetException
	at java.lang.reflect.Constructor.newInstance(Constructor.java:532)
	at com.topcoder.db.connectionfactory.DBConnectionFactoryImpl.createObject(DBConnectionFactoryImpl.java:453)
	at com.topcoder.db.connectionfactory.DBConnectionFactoryImpl.&lt;init&gt;(DBConnectionFactoryImpl.java:262)
Caused by: java.lang.ClassNotFoundException: The class name com.informix.jdbc.IfxDriver is invalid.
	at com.topcoder.db.connectionfactory.producers.JDBCConnectionProducer.&lt;init&gt;(JDBCConnectionProducer.java:317)
Caused by: java.lang.ClassNotFoundException: com.informix.jdbc.IfxDriver
	at java.net.URLClassLoader$1.run(URLClassLoader.java:217)
	at java.security.AccessController.doPrivileged(Native Method)
	at java.net.URLClassLoader.findClass(URLClassLoader.java:205)
	at java.lang.ClassLoader.loadClass(ClassLoader.java:321)
	at sun.misc.Launcher$AppClassLoader.loadClass(Launcher.java:294)
	at java.lang.ClassLoader.loadClass(ClassLoader.java:266)
	at java.lang.Class.forName0(Native Method)
	at java.lang.Class.forName(Class.java:186)
	at com.topcoder.db.connectionfactory.producers.JDBCConnectionProducer.&lt;init&gt;(JDBCConnectionProducer.java:315)
</error>
  </testcase>
  <testcase classname="com.topcoder.management.deliverable.failuretests.PersistenceDeliverableManagerTest" name="testPersistenceDeliverableManager1NullBundle1" time="0.002">
    <error message="Unexpected errors- " type="com.topcoder.db.connectionfactory.ConfigurationException">com.topcoder.db.connectionfactory.ConfigurationException: Unexpected errors- 
	at com.topcoder.db.connectionfactory.DBConnectionFactoryImpl.&lt;init&gt;(DBConnectionFactoryImpl.java:278)
	at com.topcoder.management.deliverable.failuretests.PersistenceDeliverableManagerTest.setUp(PersistenceDeliverableManagerTest.java:48)
Caused by: java.lang.reflect.InvocationTargetException
	at java.lang.reflect.Constructor.newInstance(Constructor.java:532)
	at com.topcoder.db.connectionfactory.DBConnectionFactoryImpl.createObject(DBConnectionFactoryImpl.java:453)
	at com.topcoder.db.connectionfactory.DBConnectionFactoryImpl.&lt;init&gt;(DBConnectionFactoryImpl.java:262)
Caused by: java.lang.ClassNotFoundException: The class name com.informix.jdbc.IfxDriver is invalid.
	at com.topcoder.db.connectionfactory.producers.JDBCConnectionProducer.&lt;init&gt;(JDBCConnectionProducer.java:317)
Caused by: java.lang.ClassNotFoundException: com.informix.jdbc.IfxDriver
	at java.net.URLClassLoader$1.run(URLClassLoader.java:217)
	at java.security.AccessController.doPrivileged(Native Method)
	at java.net.URLClassLoader.findClass(URLClassLoader.java:205)
	at java.lang.ClassLoader.loadClass(ClassLoader.java:321)
	at sun.misc.Launcher$AppClassLoader.loadClass(Launcher.java:294)
	at java.lang.ClassLoader.loadClass(ClassLoader.java:266)
	at java.lang.Class.forName0(Native Method)
	at java.lang.Class.forName(Class.java:186)
	at com.topcoder.db.connectionfactory.producers.JDBCConnectionProducer.&lt;init&gt;(JDBCConnectionProducer.java:315)
</error>
  </testcase>
  <testcase classname="com.topcoder.management.deliverable.failuretests.PersistenceDeliverableManagerTest" name="testPersistenceDeliverableManager1NullBundle2" time="0.002">
    <error message="Unexpected errors- " type="com.topcoder.db.connectionfactory.ConfigurationException">com.topcoder.db.connectionfactory.ConfigurationException: Unexpected errors- 
	at com.topcoder.db.connectionfactory.DBConnectionFactoryImpl.&lt;init&gt;(DBConnectionFactoryImpl.java:278)
	at com.topcoder.management.deliverable.failuretests.PersistenceDeliverableManagerTest.setUp(PersistenceDeliverableManagerTest.java:48)
Caused by: java.lang.reflect.InvocationTargetException
	at java.lang.reflect.Constructor.newInstance(Constructor.java:532)
	at com.topcoder.db.connectionfactory.DBConnectionFactoryImpl.createObject(DBConnectionFactoryImpl.java:453)
	at com.topcoder.db.connectionfactory.DBConnectionFactoryImpl.&lt;init&gt;(DBConnectionFactoryImpl.java:262)
Caused by: java.lang.ClassNotFoundException: The class name com.informix.jdbc.IfxDriver is invalid.
	at com.topcoder.db.connectionfactory.producers.JDBCConnectionProducer.&lt;init&gt;(JDBCConnectionProducer.java:317)
Caused by: java.lang.ClassNotFoundException: com.informix.jdbc.IfxDriver
	at java.net.URLClassLoader$1.run(URLClassLoader.java:217)
	at java.security.AccessController.doPrivileged(Native Method)
	at java.net.URLClassLoader.findClass(URLClassLoader.java:205)
	at java.lang.ClassLoader.loadClass(ClassLoader.java:321)
	at sun.misc.Launcher$AppClassLoader.loadClass(Launcher.java:294)
	at java.lang.ClassLoader.loadClass(ClassLoader.java:266)
	at java.lang.Class.forName0(Native Method)
	at java.lang.Class.forName(Class.java:186)
	at com.topcoder.db.connectionfactory.producers.JDBCConnectionProducer.&lt;init&gt;(JDBCConnectionProducer.java:315)
</error>
  </testcase>
  <testcase classname="com.topcoder.management.deliverable.failuretests.PersistenceDeliverableManagerTest" name="testSearchDeliverablesWithSubmissions" time="0.002">
    <error message="Unexpected errors- " type="com.topcoder.db.connectionfactory.ConfigurationException">com.topcoder.db.connectionfactory.ConfigurationException: Unexpected errors- 
	at com.topcoder.db.connectionfactory.DBConnectionFactoryImpl.&lt;init&gt;(DBConnectionFactoryImpl.java:278)
	at com.topcoder.management.deliverable.failuretests.PersistenceDeliverableManagerTest.setUp(PersistenceDeliverableManagerTest.java:48)
Caused by: java.lang.reflect.InvocationTargetException
	at java.lang.reflect.Constructor.newInstance(Constructor.java:532)
	at com.topcoder.db.connectionfactory.DBConnectionFactoryImpl.createObject(DBConnectionFactoryImpl.java:453)
	at com.topcoder.db.connectionfactory.DBConnectionFactoryImpl.&lt;init&gt;(DBConnectionFactoryImpl.java:262)
Caused by: java.lang.ClassNotFoundException: The class name com.informix.jdbc.IfxDriver is invalid.
	at com.topcoder.db.connectionfactory.producers.JDBCConnectionProducer.&lt;init&gt;(JDBCConnectionProducer.java:317)
Caused by: java.lang.ClassNotFoundException: com.informix.jdbc.IfxDriver
	at java.net.URLClassLoader$1.run(URLClassLoader.java:217)
	at java.security.AccessController.doPrivileged(Native Method)
	at java.net.URLClassLoader.findClass(URLClassLoader.java:205)
	at java.lang.ClassLoader.loadClass(ClassLoader.java:321)
	at sun.misc.Launcher$AppClassLoader.loadClass(Launcher.java:294)
	at java.lang.ClassLoader.loadClass(ClassLoader.java:266)
	at java.lang.Class.forName0(Native Method)
	at java.lang.Class.forName(Class.java:186)
	at com.topcoder.db.connectionfactory.producers.JDBCConnectionProducer.&lt;init&gt;(JDBCConnectionProducer.java:315)
</error>
  </testcase>
  <testcase classname="com.topcoder.management.deliverable.failuretests.PersistenceDeliverableManagerTest" name="testSearchDeliverables" time="0.002">
    <error message="Unexpected errors- " type="com.topcoder.db.connectionfactory.ConfigurationException">com.topcoder.db.connectionfactory.ConfigurationException: Unexpected errors- 
	at com.topcoder.db.connectionfactory.DBConnectionFactoryImpl.&lt;init&gt;(DBConnectionFactoryImpl.java:278)
	at com.topcoder.management.deliverable.failuretests.PersistenceDeliverableManagerTest.setUp(PersistenceDeliverableManagerTest.java:48)
Caused by: java.lang.reflect.InvocationTargetException
	at java.lang.reflect.Constructor.newInstance(Constructor.java:532)
	at com.topcoder.db.connectionfactory.DBConnectionFactoryImpl.createObject(DBConnectionFactoryImpl.java:453)
	at com.topcoder.db.connectionfactory.DBConnectionFactoryImpl.&lt;init&gt;(DBConnectionFactoryImpl.java:262)
Caused by: java.lang.ClassNotFoundException: The class name com.informix.jdbc.IfxDriver is invalid.
	at com.topcoder.db.connectionfactory.producers.JDBCConnectionProducer.&lt;init&gt;(JDBCConnectionProducer.java:317)
Caused by: java.lang.ClassNotFoundException: com.informix.jdbc.IfxDriver
	at java.net.URLClassLoader$1.run(URLClassLoader.java:217)
	at java.security.AccessController.doPrivileged(Native Method)
	at java.net.URLClassLoader.findClass(URLClassLoader.java:205)
	at java.lang.ClassLoader.loadClass(ClassLoader.java:321)
	at sun.misc.Launcher$AppClassLoader.loadClass(Launcher.java:294)
	at java.lang.ClassLoader.loadClass(ClassLoader.java:266)
	at java.lang.Class.forName0(Native Method)
	at java.lang.Class.forName(Class.java:186)
	at com.topcoder.db.connectionfactory.producers.JDBCConnectionProducer.&lt;init&gt;(JDBCConnectionProducer.java:315)
</error>
  </testcase>
  <testcase classname="com.topcoder.management.deliverable.failuretests.PersistenceUploadManagerTest" name="testPersistenceUploadManager1NullPersistence" time="0.002">
    <error message="Unexpected errors- " type="com.topcoder.db.connectionfactory.ConfigurationException">com.topcoder.db.connectionfactory.ConfigurationException: Unexpected errors- 
	at com.topcoder.db.connectionfactory.DBConnectionFactoryImpl.&lt;init&gt;(DBConnectionFactoryImpl.java:278)
	at com.topcoder.management.deliverable.DeliverableTestHelper.executeBatch(DeliverableTestHelper.java:70)
	at com.topcoder.management.deliverable.failuretests.PersistenceUploadManagerTest.setUp(PersistenceUploadManagerTest.java:64)
Caused by: java.lang.reflect.InvocationTargetException
	at java.lang.reflect.Constructor.newInstance(Constructor.java:532)
	at com.topcoder.db.connectionfactory.DBConnectionFactoryImpl.createObject(DBConnectionFactoryImpl.java:453)
	at com.topcoder.db.connectionfactory.DBConnectionFactoryImpl.&lt;init&gt;(DBConnectionFactoryImpl.java:262)
Caused by: java.lang.ClassNotFoundException: The class name com.informix.jdbc.IfxDriver is invalid.
	at com.topcoder.db.connectionfactory.producers.JDBCConnectionProducer.&lt;init&gt;(JDBCConnectionProducer.java:317)
Caused by: java.lang.ClassNotFoundException: com.informix.jdbc.IfxDriver
	at java.net.URLClassLoader$1.run(URLClassLoader.java:217)
	at java.security.AccessController.doPrivileged(Native Method)
	at java.net.URLClassLoader.findClass(URLClassLoader.java:205)
	at java.lang.ClassLoader.loadClass(ClassLoader.java:321)
	at sun.misc.Launcher$AppClassLoader.loadClass(Launcher.java:294)
	at java.lang.ClassLoader.loadClass(ClassLoader.java:266)
	at java.lang.Class.forName0(Native Method)
	at java.lang.Class.forName(Class.java:186)
	at com.topcoder.db.connectionfactory.producers.JDBCConnectionProducer.&lt;init&gt;(JDBCConnectionProducer.java:315)
</error>
  </testcase>
  <testcase classname="com.topcoder.management.deliverable.failuretests.PersistenceUploadManagerTest" name="testPersistenceUploadManager1NullUploadBundle" time="0.003">
    <error message="Unexpected errors- " type="com.topcoder.db.connectionfactory.ConfigurationException">com.topcoder.db.connectionfactory.ConfigurationException: Unexpected errors- 
	at com.topcoder.db.connectionfactory.DBConnectionFactoryImpl.&lt;init&gt;(DBConnectionFactoryImpl.java:278)
	at com.topcoder.management.deliverable.DeliverableTestHelper.executeBatch(DeliverableTestHelper.java:70)
	at com.topcoder.management.deliverable.failuretests.PersistenceUploadManagerTest.setUp(PersistenceUploadManagerTest.java:64)
Caused by: java.lang.reflect.InvocationTargetException
	at java.lang.reflect.Constructor.newInstance(Constructor.java:532)
	at com.topcoder.db.connectionfactory.DBConnectionFactoryImpl.createObject(DBConnectionFactoryImpl.java:453)
	at com.topcoder.db.connectionfactory.DBConnectionFactoryImpl.&lt;init&gt;(DBConnectionFactoryImpl.java:262)
Caused by: java.lang.ClassNotFoundException: The class name com.informix.jdbc.IfxDriver is invalid.
	at com.topcoder.db.connectionfactory.producers.JDBCConnectionProducer.&lt;init&gt;(JDBCConnectionProducer.java:317)
Caused by: java.lang.ClassNotFoundException: com.informix.jdbc.IfxDriver
	at java.net.URLClassLoader$1.run(URLClassLoader.java:217)
	at java.security.AccessController.doPrivileged(Native Method)
	at java.net.URLClassLoader.findClass(URLClassLoader.java:205)
	at java.lang.ClassLoader.loadClass(ClassLoader.java:321)
	at sun.misc.Launcher$AppClassLoader.loadClass(Launcher.java:294)
	at java.lang.ClassLoader.loadClass(ClassLoader.java:266)
	at java.lang.Class.forName0(Native Method)
	at java.lang.Class.forName(Class.java:186)
	at com.topcoder.db.connectionfactory.producers.JDBCConnectionProducer.&lt;init&gt;(JDBCConnectionProducer.java:315)
</error>
  </testcase>
  <testcase classname="com.topcoder.management.deliverable.failuretests.PersistenceUploadManagerTest" name="testPersistenceUploadManager1NullSubmissionBundle" time="0.002">
    <error message="Unexpected errors- " type="com.topcoder.db.connectionfactory.ConfigurationException">com.topcoder.db.connectionfactory.ConfigurationException: Unexpected errors- 
	at com.topcoder.db.connectionfactory.DBConnectionFactoryImpl.&lt;init&gt;(DBConnectionFactoryImpl.java:278)
	at com.topcoder.management.deliverable.DeliverableTestHelper.executeBatch(DeliverableTestHelper.java:70)
	at com.topcoder.management.deliverable.failuretests.PersistenceUploadManagerTest.setUp(PersistenceUploadManagerTest.java:64)
Caused by: java.lang.reflect.InvocationTargetException
	at java.lang.reflect.Constructor.newInstance(Constructor.java:532)
	at com.topcoder.db.connectionfactory.DBConnectionFactoryImpl.createObject(DBConnectionFactoryImpl.java:453)
	at com.topcoder.db.connectionfactory.DBConnectionFactoryImpl.&lt;init&gt;(DBConnectionFactoryImpl.java:262)
Caused by: java.lang.ClassNotFoundException: The class name com.informix.jdbc.IfxDriver is invalid.
	at com.topcoder.db.connectionfactory.producers.JDBCConnectionProducer.&lt;init&gt;(JDBCConnectionProducer.java:317)
Caused by: java.lang.ClassNotFoundException: com.informix.jdbc.IfxDriver
	at java.net.URLClassLoader$1.run(URLClassLoader.java:217)
	at java.security.AccessController.doPrivileged(Native Method)
	at java.net.URLClassLoader.findClass(URLClassLoader.java:205)
	at java.lang.ClassLoader.loadClass(ClassLoader.java:321)
	at sun.misc.Launcher$AppClassLoader.loadClass(Launcher.java:294)
	at java.lang.ClassLoader.loadClass(ClassLoader.java:266)
	at java.lang.Class.forName0(Native Method)
	at java.lang.Class.forName(Class.java:186)
	at com.topcoder.db.connectionfactory.producers.JDBCConnectionProducer.&lt;init&gt;(JDBCConnectionProducer.java:315)
</error>
  </testcase>
  <testcase classname="com.topcoder.management.deliverable.failuretests.PersistenceUploadManagerTest" name="testPersistenceUploadManager1NullUploadIdGen" time="0.002">
    <error message="Unexpected errors- " type="com.topcoder.db.connectionfactory.ConfigurationException">com.topcoder.db.connectionfactory.ConfigurationException: Unexpected errors- 
	at com.topcoder.db.connectionfactory.DBConnectionFactoryImpl.&lt;init&gt;(DBConnectionFactoryImpl.java:278)
	at com.topcoder.management.deliverable.DeliverableTestHelper.executeBatch(DeliverableTestHelper.java:70)
	at com.topcoder.management.deliverable.failuretests.PersistenceUploadManagerTest.setUp(PersistenceUploadManagerTest.java:64)
Caused by: java.lang.reflect.InvocationTargetException
	at java.lang.reflect.Constructor.newInstance(Constructor.java:532)
	at com.topcoder.db.connectionfactory.DBConnectionFactoryImpl.createObject(DBConnectionFactoryImpl.java:453)
	at com.topcoder.db.connectionfactory.DBConnectionFactoryImpl.&lt;init&gt;(DBConnectionFactoryImpl.java:262)
Caused by: java.lang.ClassNotFoundException: The class name com.informix.jdbc.IfxDriver is invalid.
	at com.topcoder.db.connectionfactory.producers.JDBCConnectionProducer.&lt;init&gt;(JDBCConnectionProducer.java:317)
Caused by: java.lang.ClassNotFoundException: com.informix.jdbc.IfxDriver
	at java.net.URLClassLoader$1.run(URLClassLoader.java:217)
	at java.security.AccessController.doPrivileged(Native Method)
	at java.net.URLClassLoader.findClass(URLClassLoader.java:205)
	at java.lang.ClassLoader.loadClass(ClassLoader.java:321)
	at sun.misc.Launcher$AppClassLoader.loadClass(Launcher.java:294)
	at java.lang.ClassLoader.loadClass(ClassLoader.java:266)
	at java.lang.Class.forName0(Native Method)
	at java.lang.Class.forName(Class.java:186)
	at com.topcoder.db.connectionfactory.producers.JDBCConnectionProducer.&lt;init&gt;(JDBCConnectionProducer.java:315)
</error>
  </testcase>
  <testcase classname="com.topcoder.management.deliverable.failuretests.PersistenceUploadManagerTest" name="testPersistenceUploadManager1NullUploadTypeIdGen" time="0.002">
    <error message="Unexpected errors- " type="com.topcoder.db.connectionfactory.ConfigurationException">com.topcoder.db.connectionfactory.ConfigurationException: Unexpected errors- 
	at com.topcoder.db.connectionfactory.DBConnectionFactoryImpl.&lt;init&gt;(DBConnectionFactoryImpl.java:278)
	at com.topcoder.management.deliverable.DeliverableTestHelper.executeBatch(DeliverableTestHelper.java:70)
	at com.topcoder.management.deliverable.failuretests.PersistenceUploadManagerTest.setUp(PersistenceUploadManagerTest.java:64)
Caused by: java.lang.reflect.InvocationTargetException
	at java.lang.reflect.Constructor.newInstance(Constructor.java:532)
	at com.topcoder.db.connectionfactory.DBConnectionFactoryImpl.createObject(DBConnectionFactoryImpl.java:453)
	at com.topcoder.db.connectionfactory.DBConnectionFactoryImpl.&lt;init&gt;(DBConnectionFactoryImpl.java:262)
Caused by: java.lang.ClassNotFoundException: The class name com.informix.jdbc.IfxDriver is invalid.
	at com.topcoder.db.connectionfactory.producers.JDBCConnectionProducer.&lt;init&gt;(JDBCConnectionProducer.java:317)
Caused by: java.lang.ClassNotFoundException: com.informix.jdbc.IfxDriver
	at java.net.URLClassLoader$1.run(URLClassLoader.java:217)
	at java.security.AccessController.doPrivileged(Native Method)
	at java.net.URLClassLoader.findClass(URLClassLoader.java:205)
	at java.lang.ClassLoader.loadClass(ClassLoader.java:321)
	at sun.misc.Launcher$AppClassLoader.loadClass(Launcher.java:294)
	at java.lang.ClassLoader.loadClass(ClassLoader.java:266)
	at java.lang.Class.forName0(Native Method)
	at java.lang.Class.forName(Class.java:186)
	at com.topcoder.db.connectionfactory.producers.JDBCConnectionProducer.&lt;init&gt;(JDBCConnectionProducer.java:315)
</error>
  </testcase>
  <testcase classname="com.topcoder.management.deliverable.failuretests.PersistenceUploadManagerTest" name="testPersistenceUploadManager1NullUploadStatusIdGen" time="0.002">
    <error message="Unexpected errors- " type="com.topcoder.db.connectionfactory.ConfigurationException">com.topcoder.db.connectionfactory.ConfigurationException: Unexpected errors- 
	at com.topcoder.db.connectionfactory.DBConnectionFactoryImpl.&lt;init&gt;(DBConnectionFactoryImpl.java:278)
	at com.topcoder.management.deliverable.DeliverableTestHelper.executeBatch(DeliverableTestHelper.java:70)
	at com.topcoder.management.deliverable.failuretests.PersistenceUploadManagerTest.setUp(PersistenceUploadManagerTest.java:64)
Caused by: java.lang.reflect.InvocationTargetException
	at java.lang.reflect.Constructor.newInstance(Constructor.java:532)
	at com.topcoder.db.connectionfactory.DBConnectionFactoryImpl.createObject(DBConnectionFactoryImpl.java:453)
	at com.topcoder.db.connectionfactory.DBConnectionFactoryImpl.&lt;init&gt;(DBConnectionFactoryImpl.java:262)
Caused by: java.lang.ClassNotFoundException: The class name com.informix.jdbc.IfxDriver is invalid.
	at com.topcoder.db.connectionfactory.producers.JDBCConnectionProducer.&lt;init&gt;(JDBCConnectionProducer.java:317)
Caused by: java.lang.ClassNotFoundException: com.informix.jdbc.IfxDriver
	at java.net.URLClassLoader$1.run(URLClassLoader.java:217)
	at java.security.AccessController.doPrivileged(Native Method)
	at java.net.URLClassLoader.findClass(URLClassLoader.java:205)
	at java.lang.ClassLoader.loadClass(ClassLoader.java:321)
	at sun.misc.Launcher$AppClassLoader.loadClass(Launcher.java:294)
	at java.lang.ClassLoader.loadClass(ClassLoader.java:266)
	at java.lang.Class.forName0(Native Method)
	at java.lang.Class.forName(Class.java:186)
	at com.topcoder.db.connectionfactory.producers.JDBCConnectionProducer.&lt;init&gt;(JDBCConnectionProducer.java:315)
</error>
  </testcase>
  <testcase classname="com.topcoder.management.deliverable.failuretests.PersistenceUploadManagerTest" name="testPersistenceUploadManager1NullSubmissionIdGen" time="0.002">
    <error message="Unexpected errors- " type="com.topcoder.db.connectionfactory.ConfigurationException">com.topcoder.db.connectionfactory.ConfigurationException: Unexpected errors- 
	at com.topcoder.db.connectionfactory.DBConnectionFactoryImpl.&lt;init&gt;(DBConnectionFactoryImpl.java:278)
	at com.topcoder.management.deliverable.DeliverableTestHelper.executeBatch(DeliverableTestHelper.java:70)
	at com.topcoder.management.deliverable.failuretests.PersistenceUploadManagerTest.setUp(PersistenceUploadManagerTest.java:64)
Caused by: java.lang.reflect.InvocationTargetException
	at java.lang.reflect.Constructor.newInstance(Constructor.java:532)
	at com.topcoder.db.connectionfactory.DBConnectionFactoryImpl.createObject(DBConnectionFactoryImpl.java:453)
	at com.topcoder.db.connectionfactory.DBConnectionFactoryImpl.&lt;init&gt;(DBConnectionFactoryImpl.java:262)
Caused by: java.lang.ClassNotFoundException: The class name com.informix.jdbc.IfxDriver is invalid.
	at com.topcoder.db.connectionfactory.producers.JDBCConnectionProducer.&lt;init&gt;(JDBCConnectionProducer.java:317)
Caused by: java.lang.ClassNotFoundException: com.informix.jdbc.IfxDriver
	at java.net.URLClassLoader$1.run(URLClassLoader.java:217)
	at java.security.AccessController.doPrivileged(Native Method)
	at java.net.URLClassLoader.findClass(URLClassLoader.java:205)
	at java.lang.ClassLoader.loadClass(ClassLoader.java:321)
	at sun.misc.Launcher$AppClassLoader.loadClass(Launcher.java:294)
	at java.lang.ClassLoader.loadClass(ClassLoader.java:266)
	at java.lang.Class.forName0(Native Method)
	at java.lang.Class.forName(Class.java:186)
	at com.topcoder.db.connectionfactory.producers.JDBCConnectionProducer.&lt;init&gt;(JDBCConnectionProducer.java:315)
</error>
  </testcase>
  <testcase classname="com.topcoder.management.deliverable.failuretests.PersistenceUploadManagerTest" name="testPersistenceUploadManager1NullSubmissionStatusIdGen" time="0.002">
    <error message="Unexpected errors- " type="com.topcoder.db.connectionfactory.ConfigurationException">com.topcoder.db.connectionfactory.ConfigurationException: Unexpected errors- 
	at com.topcoder.db.connectionfactory.DBConnectionFactoryImpl.&lt;init&gt;(DBConnectionFactoryImpl.java:278)
	at com.topcoder.management.deliverable.DeliverableTestHelper.executeBatch(DeliverableTestHelper.java:70)
	at com.topcoder.management.deliverable.failuretests.PersistenceUploadManagerTest.setUp(PersistenceUploadManagerTest.java:64)
Caused by: java.lang.reflect.InvocationTargetException
	at java.lang.reflect.Constructor.newInstance(Constructor.java:532)
	at com.topcoder.db.connectionfactory.DBConnectionFactoryImpl.createObject(DBConnectionFactoryImpl.java:453)
	at com.topcoder.db.connectionfactory.DBConnectionFactoryImpl.&lt;init&gt;(DBConnectionFactoryImpl.java:262)
Caused by: java.lang.ClassNotFoundException: The class name com.informix.jdbc.IfxDriver is invalid.
	at com.topcoder.db.connectionfactory.producers.JDBCConnectionProducer.&lt;init&gt;(JDBCConnectionProducer.java:317)
Caused by: java.lang.ClassNotFoundException: com.informix.jdbc.IfxDriver
	at java.net.URLClassLoader$1.run(URLClassLoader.java:217)
	at java.security.AccessController.doPrivileged(Native Method)
	at java.net.URLClassLoader.findClass(URLClassLoader.java:205)
	at java.lang.ClassLoader.loadClass(ClassLoader.java:321)
	at sun.misc.Launcher$AppClassLoader.loadClass(Launcher.java:294)
	at java.lang.ClassLoader.loadClass(ClassLoader.java:266)
	at java.lang.Class.forName0(Native Method)
	at java.lang.Class.forName(Class.java:186)
	at com.topcoder.db.connectionfactory.producers.JDBCConnectionProducer.&lt;init&gt;(JDBCConnectionProducer.java:315)
</error>
  </testcase>
  <testcase classname="com.topcoder.management.deliverable.failuretests.PersistenceUploadManagerTest" name="testPersistenceUploadManager1NullSubmissionTypeIdGenerator" time="0.002">
    <error message="Unexpected errors- " type="com.topcoder.db.connectionfactory.ConfigurationException">com.topcoder.db.connectionfactory.ConfigurationException: Unexpected errors- 
	at com.topcoder.db.connectionfactory.DBConnectionFactoryImpl.&lt;init&gt;(DBConnectionFactoryImpl.java:278)
	at com.topcoder.management.deliverable.DeliverableTestHelper.executeBatch(DeliverableTestHelper.java:70)
	at com.topcoder.management.deliverable.failuretests.PersistenceUploadManagerTest.setUp(PersistenceUploadManagerTest.java:64)
Caused by: java.lang.reflect.InvocationTargetException
	at java.lang.reflect.Constructor.newInstance(Constructor.java:532)
	at com.topcoder.db.connectionfactory.DBConnectionFactoryImpl.createObject(DBConnectionFactoryImpl.java:453)
	at com.topcoder.db.connectionfactory.DBConnectionFactoryImpl.&lt;init&gt;(DBConnectionFactoryImpl.java:262)
Caused by: java.lang.ClassNotFoundException: The class name com.informix.jdbc.IfxDriver is invalid.
	at com.topcoder.db.connectionfactory.producers.JDBCConnectionProducer.&lt;init&gt;(JDBCConnectionProducer.java:317)
Caused by: java.lang.ClassNotFoundException: com.informix.jdbc.IfxDriver
	at java.net.URLClassLoader$1.run(URLClassLoader.java:217)
	at java.security.AccessController.doPrivileged(Native Method)
	at java.net.URLClassLoader.findClass(URLClassLoader.java:205)
	at java.lang.ClassLoader.loadClass(ClassLoader.java:321)
	at sun.misc.Launcher$AppClassLoader.loadClass(Launcher.java:294)
	at java.lang.ClassLoader.loadClass(ClassLoader.java:266)
	at java.lang.Class.forName0(Native Method)
	at java.lang.Class.forName(Class.java:186)
	at com.topcoder.db.connectionfactory.producers.JDBCConnectionProducer.&lt;init&gt;(JDBCConnectionProducer.java:315)
</error>
  </testcase>
  <testcase classname="com.topcoder.management.deliverable.failuretests.PersistenceUploadManagerTest" name="testPersistenceUploadManager2NullPersistence" time="0.003">
    <error message="Unexpected errors- " type="com.topcoder.db.connectionfactory.ConfigurationException">com.topcoder.db.connectionfactory.ConfigurationException: Unexpected errors- 
	at com.topcoder.db.connectionfactory.DBConnectionFactoryImpl.&lt;init&gt;(DBConnectionFactoryImpl.java:278)
	at com.topcoder.management.deliverable.DeliverableTestHelper.executeBatch(DeliverableTestHelper.java:70)
	at com.topcoder.management.deliverable.failuretests.PersistenceUploadManagerTest.setUp(PersistenceUploadManagerTest.java:64)
Caused by: java.lang.reflect.InvocationTargetException
	at java.lang.reflect.Constructor.newInstance(Constructor.java:532)
	at com.topcoder.db.connectionfactory.DBConnectionFactoryImpl.createObject(DBConnectionFactoryImpl.java:453)
	at com.topcoder.db.connectionfactory.DBConnectionFactoryImpl.&lt;init&gt;(DBConnectionFactoryImpl.java:262)
Caused by: java.lang.ClassNotFoundException: The class name com.informix.jdbc.IfxDriver is invalid.
	at com.topcoder.db.connectionfactory.producers.JDBCConnectionProducer.&lt;init&gt;(JDBCConnectionProducer.java:317)
Caused by: java.lang.ClassNotFoundException: com.informix.jdbc.IfxDriver
	at java.net.URLClassLoader$1.run(URLClassLoader.java:217)
	at java.security.AccessController.doPrivileged(Native Method)
	at java.net.URLClassLoader.findClass(URLClassLoader.java:205)
	at java.lang.ClassLoader.loadClass(ClassLoader.java:321)
	at sun.misc.Launcher$AppClassLoader.loadClass(Launcher.java:294)
	at java.lang.ClassLoader.loadClass(ClassLoader.java:266)
	at java.lang.Class.forName0(Native Method)
	at java.lang.Class.forName(Class.java:186)
	at com.topcoder.db.connectionfactory.producers.JDBCConnectionProducer.&lt;init&gt;(JDBCConnectionProducer.java:315)
</error>
  </testcase>
  <testcase classname="com.topcoder.management.deliverable.failuretests.PersistenceUploadManagerTest" name="testPersistenceUploadManager2NullBundleManager" time="0.002">
    <error message="Unexpected errors- " type="com.topcoder.db.connectionfactory.ConfigurationException">com.topcoder.db.connectionfactory.ConfigurationException: Unexpected errors- 
	at com.topcoder.db.connectionfactory.DBConnectionFactoryImpl.&lt;init&gt;(DBConnectionFactoryImpl.java:278)
	at com.topcoder.management.deliverable.DeliverableTestHelper.executeBatch(DeliverableTestHelper.java:70)
	at com.topcoder.management.deliverable.failuretests.PersistenceUploadManagerTest.setUp(PersistenceUploadManagerTest.java:64)
Caused by: java.lang.reflect.InvocationTargetException
	at java.lang.reflect.Constructor.newInstance(Constructor.java:532)
	at com.topcoder.db.connectionfactory.DBConnectionFactoryImpl.createObject(DBConnectionFactoryImpl.java:453)
	at com.topcoder.db.connectionfactory.DBConnectionFactoryImpl.&lt;init&gt;(DBConnectionFactoryImpl.java:262)
Caused by: java.lang.ClassNotFoundException: The class name com.informix.jdbc.IfxDriver is invalid.
	at com.topcoder.db.connectionfactory.producers.JDBCConnectionProducer.&lt;init&gt;(JDBCConnectionProducer.java:317)
Caused by: java.lang.ClassNotFoundException: com.informix.jdbc.IfxDriver
	at java.net.URLClassLoader$1.run(URLClassLoader.java:217)
	at java.security.AccessController.doPrivileged(Native Method)
	at java.net.URLClassLoader.findClass(URLClassLoader.java:205)
	at java.lang.ClassLoader.loadClass(ClassLoader.java:321)
	at sun.misc.Launcher$AppClassLoader.loadClass(Launcher.java:294)
	at java.lang.ClassLoader.loadClass(ClassLoader.java:266)
	at java.lang.Class.forName0(Native Method)
	at java.lang.Class.forName(Class.java:186)
	at com.topcoder.db.connectionfactory.producers.JDBCConnectionProducer.&lt;init&gt;(JDBCConnectionProducer.java:315)
</error>
  </testcase>
  <testcase classname="com.topcoder.management.deliverable.failuretests.PersistenceUploadManagerTest" name="testCreateSubmissionNullSubmission" time="0.002">
    <error message="Unexpected errors- " type="com.topcoder.db.connectionfactory.ConfigurationException">com.topcoder.db.connectionfactory.ConfigurationException: Unexpected errors- 
	at com.topcoder.db.connectionfactory.DBConnectionFactoryImpl.&lt;init&gt;(DBConnectionFactoryImpl.java:278)
	at com.topcoder.management.deliverable.DeliverableTestHelper.executeBatch(DeliverableTestHelper.java:70)
	at com.topcoder.management.deliverable.failuretests.PersistenceUploadManagerTest.setUp(PersistenceUploadManagerTest.java:64)
Caused by: java.lang.reflect.InvocationTargetException
	at java.lang.reflect.Constructor.newInstance(Constructor.java:532)
	at com.topcoder.db.connectionfactory.DBConnectionFactoryImpl.createObject(DBConnectionFactoryImpl.java:453)
	at com.topcoder.db.connectionfactory.DBConnectionFactoryImpl.&lt;init&gt;(DBConnectionFactoryImpl.java:262)
Caused by: java.lang.ClassNotFoundException: The class name com.informix.jdbc.IfxDriver is invalid.
	at com.topcoder.db.connectionfactory.producers.JDBCConnectionProducer.&lt;init&gt;(JDBCConnectionProducer.java:317)
Caused by: java.lang.ClassNotFoundException: com.informix.jdbc.IfxDriver
	at java.net.URLClassLoader$1.run(URLClassLoader.java:217)
	at java.security.AccessController.doPrivileged(Native Method)
	at java.net.URLClassLoader.findClass(URLClassLoader.java:205)
	at java.lang.ClassLoader.loadClass(ClassLoader.java:321)
	at sun.misc.Launcher$AppClassLoader.loadClass(Launcher.java:294)
	at java.lang.ClassLoader.loadClass(ClassLoader.java:266)
	at java.lang.Class.forName0(Native Method)
	at java.lang.Class.forName(Class.java:186)
	at com.topcoder.db.connectionfactory.producers.JDBCConnectionProducer.&lt;init&gt;(JDBCConnectionProducer.java:315)
</error>
  </testcase>
  <testcase classname="com.topcoder.management.deliverable.failuretests.PersistenceUploadManagerTest" name="testCreateSubmissionNotUnset" time="0.002">
    <error message="Unexpected errors- " type="com.topcoder.db.connectionfactory.ConfigurationException">com.topcoder.db.connectionfactory.ConfigurationException: Unexpected errors- 
	at com.topcoder.db.connectionfactory.DBConnectionFactoryImpl.&lt;init&gt;(DBConnectionFactoryImpl.java:278)
	at com.topcoder.management.deliverable.DeliverableTestHelper.executeBatch(DeliverableTestHelper.java:70)
	at com.topcoder.management.deliverable.failuretests.PersistenceUploadManagerTest.setUp(PersistenceUploadManagerTest.java:64)
Caused by: java.lang.reflect.InvocationTargetException
	at java.lang.reflect.Constructor.newInstance(Constructor.java:532)
	at com.topcoder.db.connectionfactory.DBConnectionFactoryImpl.createObject(DBConnectionFactoryImpl.java:453)
	at com.topcoder.db.connectionfactory.DBConnectionFactoryImpl.&lt;init&gt;(DBConnectionFactoryImpl.java:262)
Caused by: java.lang.ClassNotFoundException: The class name com.informix.jdbc.IfxDriver is invalid.
	at com.topcoder.db.connectionfactory.producers.JDBCConnectionProducer.&lt;init&gt;(JDBCConnectionProducer.java:317)
Caused by: java.lang.ClassNotFoundException: com.informix.jdbc.IfxDriver
	at java.net.URLClassLoader$1.run(URLClassLoader.java:217)
	at java.security.AccessController.doPrivileged(Native Method)
	at java.net.URLClassLoader.findClass(URLClassLoader.java:205)
	at java.lang.ClassLoader.loadClass(ClassLoader.java:321)
	at sun.misc.Launcher$AppClassLoader.loadClass(Launcher.java:294)
	at java.lang.ClassLoader.loadClass(ClassLoader.java:266)
	at java.lang.Class.forName0(Native Method)
	at java.lang.Class.forName(Class.java:186)
	at com.topcoder.db.connectionfactory.producers.JDBCConnectionProducer.&lt;init&gt;(JDBCConnectionProducer.java:315)
</error>
  </testcase>
  <testcase classname="com.topcoder.management.deliverable.failuretests.PersistenceUploadManagerTest" name="testCreateSubmissionBadStatus" time="0.002">
    <error message="Unexpected errors- " type="com.topcoder.db.connectionfactory.ConfigurationException">com.topcoder.db.connectionfactory.ConfigurationException: Unexpected errors- 
	at com.topcoder.db.connectionfactory.DBConnectionFactoryImpl.&lt;init&gt;(DBConnectionFactoryImpl.java:278)
	at com.topcoder.management.deliverable.DeliverableTestHelper.executeBatch(DeliverableTestHelper.java:70)
	at com.topcoder.management.deliverable.failuretests.PersistenceUploadManagerTest.setUp(PersistenceUploadManagerTest.java:64)
Caused by: java.lang.reflect.InvocationTargetException
	at java.lang.reflect.Constructor.newInstance(Constructor.java:532)
	at com.topcoder.db.connectionfactory.DBConnectionFactoryImpl.createObject(DBConnectionFactoryImpl.java:453)
	at com.topcoder.db.connectionfactory.DBConnectionFactoryImpl.&lt;init&gt;(DBConnectionFactoryImpl.java:262)
Caused by: java.lang.ClassNotFoundException: The class name com.informix.jdbc.IfxDriver is invalid.
	at com.topcoder.db.connectionfactory.producers.JDBCConnectionProducer.&lt;init&gt;(JDBCConnectionProducer.java:317)
Caused by: java.lang.ClassNotFoundException: com.informix.jdbc.IfxDriver
	at java.net.URLClassLoader$1.run(URLClassLoader.java:217)
	at java.security.AccessController.doPrivileged(Native Method)
	at java.net.URLClassLoader.findClass(URLClassLoader.java:205)
	at java.lang.ClassLoader.loadClass(ClassLoader.java:321)
	at sun.misc.Launcher$AppClassLoader.loadClass(Launcher.java:294)
	at java.lang.ClassLoader.loadClass(ClassLoader.java:266)
	at java.lang.Class.forName0(Native Method)
	at java.lang.Class.forName(Class.java:186)
	at com.topcoder.db.connectionfactory.producers.JDBCConnectionProducer.&lt;init&gt;(JDBCConnectionProducer.java:315)
</error>
  </testcase>
  <testcase classname="com.topcoder.management.deliverable.failuretests.PersistenceUploadManagerTest" name="testCreateSubmissionStatusNullSubmissionStatus" time="0.002">
    <error message="Unexpected errors- " type="com.topcoder.db.connectionfactory.ConfigurationException">com.topcoder.db.connectionfactory.ConfigurationException: Unexpected errors- 
	at com.topcoder.db.connectionfactory.DBConnectionFactoryImpl.&lt;init&gt;(DBConnectionFactoryImpl.java:278)
	at com.topcoder.management.deliverable.DeliverableTestHelper.executeBatch(DeliverableTestHelper.java:70)
	at com.topcoder.management.deliverable.failuretests.PersistenceUploadManagerTest.setUp(PersistenceUploadManagerTest.java:64)
Caused by: java.lang.reflect.InvocationTargetException
	at java.lang.reflect.Constructor.newInstance(Constructor.java:532)
	at com.topcoder.db.connectionfactory.DBConnectionFactoryImpl.createObject(DBConnectionFactoryImpl.java:453)
	at com.topcoder.db.connectionfactory.DBConnectionFactoryImpl.&lt;init&gt;(DBConnectionFactoryImpl.java:262)
Caused by: java.lang.ClassNotFoundException: The class name com.informix.jdbc.IfxDriver is invalid.
	at com.topcoder.db.connectionfactory.producers.JDBCConnectionProducer.&lt;init&gt;(JDBCConnectionProducer.java:317)
Caused by: java.lang.ClassNotFoundException: com.informix.jdbc.IfxDriver
	at java.net.URLClassLoader$1.run(URLClassLoader.java:217)
	at java.security.AccessController.doPrivileged(Native Method)
	at java.net.URLClassLoader.findClass(URLClassLoader.java:205)
	at java.lang.ClassLoader.loadClass(ClassLoader.java:321)
	at sun.misc.Launcher$AppClassLoader.loadClass(Launcher.java:294)
	at java.lang.ClassLoader.loadClass(ClassLoader.java:266)
	at java.lang.Class.forName0(Native Method)
	at java.lang.Class.forName(Class.java:186)
	at com.topcoder.db.connectionfactory.producers.JDBCConnectionProducer.&lt;init&gt;(JDBCConnectionProducer.java:315)
</error>
  </testcase>
  <testcase classname="com.topcoder.management.deliverable.failuretests.PersistenceUploadManagerTest" name="testCreateSubmissionStatusNullSubmissionNotUnset" time="0.002">
    <error message="Unexpected errors- " type="com.topcoder.db.connectionfactory.ConfigurationException">com.topcoder.db.connectionfactory.ConfigurationException: Unexpected errors- 
	at com.topcoder.db.connectionfactory.DBConnectionFactoryImpl.&lt;init&gt;(DBConnectionFactoryImpl.java:278)
	at com.topcoder.management.deliverable.DeliverableTestHelper.executeBatch(DeliverableTestHelper.java:70)
	at com.topcoder.management.deliverable.failuretests.PersistenceUploadManagerTest.setUp(PersistenceUploadManagerTest.java:64)
Caused by: java.lang.reflect.InvocationTargetException
	at java.lang.reflect.Constructor.newInstance(Constructor.java:532)
	at com.topcoder.db.connectionfactory.DBConnectionFactoryImpl.createObject(DBConnectionFactoryImpl.java:453)
	at com.topcoder.db.connectionfactory.DBConnectionFactoryImpl.&lt;init&gt;(DBConnectionFactoryImpl.java:262)
Caused by: java.lang.ClassNotFoundException: The class name com.informix.jdbc.IfxDriver is invalid.
	at com.topcoder.db.connectionfactory.producers.JDBCConnectionProducer.&lt;init&gt;(JDBCConnectionProducer.java:317)
Caused by: java.lang.ClassNotFoundException: com.informix.jdbc.IfxDriver
	at java.net.URLClassLoader$1.run(URLClassLoader.java:217)
	at java.security.AccessController.doPrivileged(Native Method)
	at java.net.URLClassLoader.findClass(URLClassLoader.java:205)
	at java.lang.ClassLoader.loadClass(ClassLoader.java:321)
	at sun.misc.Launcher$AppClassLoader.loadClass(Launcher.java:294)
	at java.lang.ClassLoader.loadClass(ClassLoader.java:266)
	at java.lang.Class.forName0(Native Method)
	at java.lang.Class.forName(Class.java:186)
	at com.topcoder.db.connectionfactory.producers.JDBCConnectionProducer.&lt;init&gt;(JDBCConnectionProducer.java:315)
</error>
  </testcase>
  <testcase classname="com.topcoder.management.deliverable.failuretests.PersistenceUploadManagerTest" name="testCreateSubmissionStatusNullSubmissionStatusBadStatus" time="0.002">
    <error message="Unexpected errors- " type="com.topcoder.db.connectionfactory.ConfigurationException">com.topcoder.db.connectionfactory.ConfigurationException: Unexpected errors- 
	at com.topcoder.db.connectionfactory.DBConnectionFactoryImpl.&lt;init&gt;(DBConnectionFactoryImpl.java:278)
	at com.topcoder.management.deliverable.DeliverableTestHelper.executeBatch(DeliverableTestHelper.java:70)
	at com.topcoder.management.deliverable.failuretests.PersistenceUploadManagerTest.setUp(PersistenceUploadManagerTest.java:64)
Caused by: java.lang.reflect.InvocationTargetException
	at java.lang.reflect.Constructor.newInstance(Constructor.java:532)
	at com.topcoder.db.connectionfactory.DBConnectionFactoryImpl.createObject(DBConnectionFactoryImpl.java:453)
	at com.topcoder.db.connectionfactory.DBConnectionFactoryImpl.&lt;init&gt;(DBConnectionFactoryImpl.java:262)
Caused by: java.lang.ClassNotFoundException: The class name com.informix.jdbc.IfxDriver is invalid.
	at com.topcoder.db.connectionfactory.producers.JDBCConnectionProducer.&lt;init&gt;(JDBCConnectionProducer.java:317)
Caused by: java.lang.ClassNotFoundException: com.informix.jdbc.IfxDriver
	at java.net.URLClassLoader$1.run(URLClassLoader.java:217)
	at java.security.AccessController.doPrivileged(Native Method)
	at java.net.URLClassLoader.findClass(URLClassLoader.java:205)
	at java.lang.ClassLoader.loadClass(ClassLoader.java:321)
	at sun.misc.Launcher$AppClassLoader.loadClass(Launcher.java:294)
	at java.lang.ClassLoader.loadClass(ClassLoader.java:266)
	at java.lang.Class.forName0(Native Method)
	at java.lang.Class.forName(Class.java:186)
	at com.topcoder.db.connectionfactory.producers.JDBCConnectionProducer.&lt;init&gt;(JDBCConnectionProducer.java:315)
</error>
  </testcase>
  <testcase classname="com.topcoder.management.deliverable.failuretests.PersistenceUploadManagerTest" name="testCreateUploadNullUpload" time="0.002">
    <error message="Unexpected errors- " type="com.topcoder.db.connectionfactory.ConfigurationException">com.topcoder.db.connectionfactory.ConfigurationException: Unexpected errors- 
	at com.topcoder.db.connectionfactory.DBConnectionFactoryImpl.&lt;init&gt;(DBConnectionFactoryImpl.java:278)
	at com.topcoder.management.deliverable.DeliverableTestHelper.executeBatch(DeliverableTestHelper.java:70)
	at com.topcoder.management.deliverable.failuretests.PersistenceUploadManagerTest.setUp(PersistenceUploadManagerTest.java:64)
Caused by: java.lang.reflect.InvocationTargetException
	at java.lang.reflect.Constructor.newInstance(Constructor.java:532)
	at com.topcoder.db.connectionfactory.DBConnectionFactoryImpl.createObject(DBConnectionFactoryImpl.java:453)
	at com.topcoder.db.connectionfactory.DBConnectionFactoryImpl.&lt;init&gt;(DBConnectionFactoryImpl.java:262)
Caused by: java.lang.ClassNotFoundException: The class name com.informix.jdbc.IfxDriver is invalid.
	at com.topcoder.db.connectionfactory.producers.JDBCConnectionProducer.&lt;init&gt;(JDBCConnectionProducer.java:317)
Caused by: java.lang.ClassNotFoundException: com.informix.jdbc.IfxDriver
	at java.net.URLClassLoader$1.run(URLClassLoader.java:217)
	at java.security.AccessController.doPrivileged(Native Method)
	at java.net.URLClassLoader.findClass(URLClassLoader.java:205)
	at java.lang.ClassLoader.loadClass(ClassLoader.java:321)
	at sun.misc.Launcher$AppClassLoader.loadClass(Launcher.java:294)
	at java.lang.ClassLoader.loadClass(ClassLoader.java:266)
	at java.lang.Class.forName0(Native Method)
	at java.lang.Class.forName(Class.java:186)
	at com.topcoder.db.connectionfactory.producers.JDBCConnectionProducer.&lt;init&gt;(JDBCConnectionProducer.java:315)
</error>
  </testcase>
  <testcase classname="com.topcoder.management.deliverable.failuretests.PersistenceUploadManagerTest" name="testCreateUploadNotUnset" time="0.002">
    <error message="Unexpected errors- " type="com.topcoder.db.connectionfactory.ConfigurationException">com.topcoder.db.connectionfactory.ConfigurationException: Unexpected errors- 
	at com.topcoder.db.connectionfactory.DBConnectionFactoryImpl.&lt;init&gt;(DBConnectionFactoryImpl.java:278)
	at com.topcoder.management.deliverable.DeliverableTestHelper.executeBatch(DeliverableTestHelper.java:70)
	at com.topcoder.management.deliverable.failuretests.PersistenceUploadManagerTest.setUp(PersistenceUploadManagerTest.java:64)
Caused by: java.lang.reflect.InvocationTargetException
	at java.lang.reflect.Constructor.newInstance(Constructor.java:532)
	at com.topcoder.db.connectionfactory.DBConnectionFactoryImpl.createObject(DBConnectionFactoryImpl.java:453)
	at com.topcoder.db.connectionfactory.DBConnectionFactoryImpl.&lt;init&gt;(DBConnectionFactoryImpl.java:262)
Caused by: java.lang.ClassNotFoundException: The class name com.informix.jdbc.IfxDriver is invalid.
	at com.topcoder.db.connectionfactory.producers.JDBCConnectionProducer.&lt;init&gt;(JDBCConnectionProducer.java:317)
Caused by: java.lang.ClassNotFoundException: com.informix.jdbc.IfxDriver
	at java.net.URLClassLoader$1.run(URLClassLoader.java:217)
	at java.security.AccessController.doPrivileged(Native Method)
	at java.net.URLClassLoader.findClass(URLClassLoader.java:205)
	at java.lang.ClassLoader.loadClass(ClassLoader.java:321)
	at sun.misc.Launcher$AppClassLoader.loadClass(Launcher.java:294)
	at java.lang.ClassLoader.loadClass(ClassLoader.java:266)
	at java.lang.Class.forName0(Native Method)
	at java.lang.Class.forName(Class.java:186)
	at com.topcoder.db.connectionfactory.producers.JDBCConnectionProducer.&lt;init&gt;(JDBCConnectionProducer.java:315)
</error>
  </testcase>
  <testcase classname="com.topcoder.management.deliverable.failuretests.PersistenceUploadManagerTest" name="testCreateUploadBadStatus" time="0.002">
    <error message="Unexpected errors- " type="com.topcoder.db.connectionfactory.ConfigurationException">com.topcoder.db.connectionfactory.ConfigurationException: Unexpected errors- 
	at com.topcoder.db.connectionfactory.DBConnectionFactoryImpl.&lt;init&gt;(DBConnectionFactoryImpl.java:278)
	at com.topcoder.management.deliverable.DeliverableTestHelper.executeBatch(DeliverableTestHelper.java:70)
	at com.topcoder.management.deliverable.failuretests.PersistenceUploadManagerTest.setUp(PersistenceUploadManagerTest.java:64)
Caused by: java.lang.reflect.InvocationTargetException
	at java.lang.reflect.Constructor.newInstance(Constructor.java:532)
	at com.topcoder.db.connectionfactory.DBConnectionFactoryImpl.createObject(DBConnectionFactoryImpl.java:453)
	at com.topcoder.db.connectionfactory.DBConnectionFactoryImpl.&lt;init&gt;(DBConnectionFactoryImpl.java:262)
Caused by: java.lang.ClassNotFoundException: The class name com.informix.jdbc.IfxDriver is invalid.
	at com.topcoder.db.connectionfactory.producers.JDBCConnectionProducer.&lt;init&gt;(JDBCConnectionProducer.java:317)
Caused by: java.lang.ClassNotFoundException: com.informix.jdbc.IfxDriver
	at java.net.URLClassLoader$1.run(URLClassLoader.java:217)
	at java.security.AccessController.doPrivileged(Native Method)
	at java.net.URLClassLoader.findClass(URLClassLoader.java:205)
	at java.lang.ClassLoader.loadClass(ClassLoader.java:321)
	at sun.misc.Launcher$AppClassLoader.loadClass(Launcher.java:294)
	at java.lang.ClassLoader.loadClass(ClassLoader.java:266)
	at java.lang.Class.forName0(Native Method)
	at java.lang.Class.forName(Class.java:186)
	at com.topcoder.db.connectionfactory.producers.JDBCConnectionProducer.&lt;init&gt;(JDBCConnectionProducer.java:315)
</error>
  </testcase>
  <testcase classname="com.topcoder.management.deliverable.failuretests.PersistenceUploadManagerTest" name="testCreateUploadStatusNullUploadStatus" time="0.002">
    <error message="Unexpected errors- " type="com.topcoder.db.connectionfactory.ConfigurationException">com.topcoder.db.connectionfactory.ConfigurationException: Unexpected errors- 
	at com.topcoder.db.connectionfactory.DBConnectionFactoryImpl.&lt;init&gt;(DBConnectionFactoryImpl.java:278)
	at com.topcoder.management.deliverable.DeliverableTestHelper.executeBatch(DeliverableTestHelper.java:70)
	at com.topcoder.management.deliverable.failuretests.PersistenceUploadManagerTest.setUp(PersistenceUploadManagerTest.java:64)
Caused by: java.lang.reflect.InvocationTargetException
	at java.lang.reflect.Constructor.newInstance(Constructor.java:532)
	at com.topcoder.db.connectionfactory.DBConnectionFactoryImpl.createObject(DBConnectionFactoryImpl.java:453)
	at com.topcoder.db.connectionfactory.DBConnectionFactoryImpl.&lt;init&gt;(DBConnectionFactoryImpl.java:262)
Caused by: java.lang.ClassNotFoundException: The class name com.informix.jdbc.IfxDriver is invalid.
	at com.topcoder.db.connectionfactory.producers.JDBCConnectionProducer.&lt;init&gt;(JDBCConnectionProducer.java:317)
Caused by: java.lang.ClassNotFoundException: com.informix.jdbc.IfxDriver
	at java.net.URLClassLoader$1.run(URLClassLoader.java:217)
	at java.security.AccessController.doPrivileged(Native Method)
	at java.net.URLClassLoader.findClass(URLClassLoader.java:205)
	at java.lang.ClassLoader.loadClass(ClassLoader.java:321)
	at sun.misc.Launcher$AppClassLoader.loadClass(Launcher.java:294)
	at java.lang.ClassLoader.loadClass(ClassLoader.java:266)
	at java.lang.Class.forName0(Native Method)
	at java.lang.Class.forName(Class.java:186)
	at com.topcoder.db.connectionfactory.producers.JDBCConnectionProducer.&lt;init&gt;(JDBCConnectionProducer.java:315)
</error>
  </testcase>
  <testcase classname="com.topcoder.management.deliverable.failuretests.PersistenceUploadManagerTest" name="testCreateUploadStatusNotUnset" time="0.001">
    <error message="Unexpected errors- " type="com.topcoder.db.connectionfactory.ConfigurationException">com.topcoder.db.connectionfactory.ConfigurationException: Unexpected errors- 
	at com.topcoder.db.connectionfactory.DBConnectionFactoryImpl.&lt;init&gt;(DBConnectionFactoryImpl.java:278)
	at com.topcoder.management.deliverable.DeliverableTestHelper.executeBatch(DeliverableTestHelper.java:70)
	at com.topcoder.management.deliverable.failuretests.PersistenceUploadManagerTest.setUp(PersistenceUploadManagerTest.java:64)
Caused by: java.lang.reflect.InvocationTargetException
	at java.lang.reflect.Constructor.newInstance(Constructor.java:532)
	at com.topcoder.db.connectionfactory.DBConnectionFactoryImpl.createObject(DBConnectionFactoryImpl.java:453)
	at com.topcoder.db.connectionfactory.DBConnectionFactoryImpl.&lt;init&gt;(DBConnectionFactoryImpl.java:262)
Caused by: java.lang.ClassNotFoundException: The class name com.informix.jdbc.IfxDriver is invalid.
	at com.topcoder.db.connectionfactory.producers.JDBCConnectionProducer.&lt;init&gt;(JDBCConnectionProducer.java:317)
Caused by: java.lang.ClassNotFoundException: com.informix.jdbc.IfxDriver
	at java.net.URLClassLoader$1.run(URLClassLoader.java:217)
	at java.security.AccessController.doPrivileged(Native Method)
	at java.net.URLClassLoader.findClass(URLClassLoader.java:205)
	at java.lang.ClassLoader.loadClass(ClassLoader.java:321)
	at sun.misc.Launcher$AppClassLoader.loadClass(Launcher.java:294)
	at java.lang.ClassLoader.loadClass(ClassLoader.java:266)
	at java.lang.Class.forName0(Native Method)
	at java.lang.Class.forName(Class.java:186)
	at com.topcoder.db.connectionfactory.producers.JDBCConnectionProducer.&lt;init&gt;(JDBCConnectionProducer.java:315)
</error>
  </testcase>
  <testcase classname="com.topcoder.management.deliverable.failuretests.PersistenceUploadManagerTest" name="testCreateUploadStatusBadStatus" time="0.002">
    <error message="Unexpected errors- " type="com.topcoder.db.connectionfactory.ConfigurationException">com.topcoder.db.connectionfactory.ConfigurationException: Unexpected errors- 
	at com.topcoder.db.connectionfactory.DBConnectionFactoryImpl.&lt;init&gt;(DBConnectionFactoryImpl.java:278)
	at com.topcoder.management.deliverable.DeliverableTestHelper.executeBatch(DeliverableTestHelper.java:70)
	at com.topcoder.management.deliverable.failuretests.PersistenceUploadManagerTest.setUp(PersistenceUploadManagerTest.java:64)
Caused by: java.lang.reflect.InvocationTargetException
	at java.lang.reflect.Constructor.newInstance(Constructor.java:532)
	at com.topcoder.db.connectionfactory.DBConnectionFactoryImpl.createObject(DBConnectionFactoryImpl.java:453)
	at com.topcoder.db.connectionfactory.DBConnectionFactoryImpl.&lt;init&gt;(DBConnectionFactoryImpl.java:262)
Caused by: java.lang.ClassNotFoundException: The class name com.informix.jdbc.IfxDriver is invalid.
	at com.topcoder.db.connectionfactory.producers.JDBCConnectionProducer.&lt;init&gt;(JDBCConnectionProducer.java:317)
Caused by: java.lang.ClassNotFoundException: com.informix.jdbc.IfxDriver
	at java.net.URLClassLoader$1.run(URLClassLoader.java:217)
	at java.security.AccessController.doPrivileged(Native Method)
	at java.net.URLClassLoader.findClass(URLClassLoader.java:205)
	at java.lang.ClassLoader.loadClass(ClassLoader.java:321)
	at sun.misc.Launcher$AppClassLoader.loadClass(Launcher.java:294)
	at java.lang.ClassLoader.loadClass(ClassLoader.java:266)
	at java.lang.Class.forName0(Native Method)
	at java.lang.Class.forName(Class.java:186)
	at com.topcoder.db.connectionfactory.producers.JDBCConnectionProducer.&lt;init&gt;(JDBCConnectionProducer.java:315)
</error>
  </testcase>
  <testcase classname="com.topcoder.management.deliverable.failuretests.PersistenceUploadManagerTest" name="testCreateUploadNullUploadType" time="0.002">
    <error message="Unexpected errors- " type="com.topcoder.db.connectionfactory.ConfigurationException">com.topcoder.db.connectionfactory.ConfigurationException: Unexpected errors- 
	at com.topcoder.db.connectionfactory.DBConnectionFactoryImpl.&lt;init&gt;(DBConnectionFactoryImpl.java:278)
	at com.topcoder.management.deliverable.DeliverableTestHelper.executeBatch(DeliverableTestHelper.java:70)
	at com.topcoder.management.deliverable.failuretests.PersistenceUploadManagerTest.setUp(PersistenceUploadManagerTest.java:64)
Caused by: java.lang.reflect.InvocationTargetException
	at java.lang.reflect.Constructor.newInstance(Constructor.java:532)
	at com.topcoder.db.connectionfactory.DBConnectionFactoryImpl.createObject(DBConnectionFactoryImpl.java:453)
	at com.topcoder.db.connectionfactory.DBConnectionFactoryImpl.&lt;init&gt;(DBConnectionFactoryImpl.java:262)
Caused by: java.lang.ClassNotFoundException: The class name com.informix.jdbc.IfxDriver is invalid.
	at com.topcoder.db.connectionfactory.producers.JDBCConnectionProducer.&lt;init&gt;(JDBCConnectionProducer.java:317)
Caused by: java.lang.ClassNotFoundException: com.informix.jdbc.IfxDriver
	at java.net.URLClassLoader$1.run(URLClassLoader.java:217)
	at java.security.AccessController.doPrivileged(Native Method)
	at java.net.URLClassLoader.findClass(URLClassLoader.java:205)
	at java.lang.ClassLoader.loadClass(ClassLoader.java:321)
	at sun.misc.Launcher$AppClassLoader.loadClass(Launcher.java:294)
	at java.lang.ClassLoader.loadClass(ClassLoader.java:266)
	at java.lang.Class.forName0(Native Method)
	at java.lang.Class.forName(Class.java:186)
	at com.topcoder.db.connectionfactory.producers.JDBCConnectionProducer.&lt;init&gt;(JDBCConnectionProducer.java:315)
</error>
  </testcase>
  <testcase classname="com.topcoder.management.deliverable.failuretests.PersistenceUploadManagerTest" name="testCreateUploadTypeNotUnset" time="0.002">
    <error message="Unexpected errors- " type="com.topcoder.db.connectionfactory.ConfigurationException">com.topcoder.db.connectionfactory.ConfigurationException: Unexpected errors- 
	at com.topcoder.db.connectionfactory.DBConnectionFactoryImpl.&lt;init&gt;(DBConnectionFactoryImpl.java:278)
	at com.topcoder.management.deliverable.DeliverableTestHelper.executeBatch(DeliverableTestHelper.java:70)
	at com.topcoder.management.deliverable.failuretests.PersistenceUploadManagerTest.setUp(PersistenceUploadManagerTest.java:64)
Caused by: java.lang.reflect.InvocationTargetException
	at java.lang.reflect.Constructor.newInstance(Constructor.java:532)
	at com.topcoder.db.connectionfactory.DBConnectionFactoryImpl.createObject(DBConnectionFactoryImpl.java:453)
	at com.topcoder.db.connectionfactory.DBConnectionFactoryImpl.&lt;init&gt;(DBConnectionFactoryImpl.java:262)
Caused by: java.lang.ClassNotFoundException: The class name com.informix.jdbc.IfxDriver is invalid.
	at com.topcoder.db.connectionfactory.producers.JDBCConnectionProducer.&lt;init&gt;(JDBCConnectionProducer.java:317)
Caused by: java.lang.ClassNotFoundException: com.informix.jdbc.IfxDriver
	at java.net.URLClassLoader$1.run(URLClassLoader.java:217)
	at java.security.AccessController.doPrivileged(Native Method)
	at java.net.URLClassLoader.findClass(URLClassLoader.java:205)
	at java.lang.ClassLoader.loadClass(ClassLoader.java:321)
	at sun.misc.Launcher$AppClassLoader.loadClass(Launcher.java:294)
	at java.lang.ClassLoader.loadClass(ClassLoader.java:266)
	at java.lang.Class.forName0(Native Method)
	at java.lang.Class.forName(Class.java:186)
	at com.topcoder.db.connectionfactory.producers.JDBCConnectionProducer.&lt;init&gt;(JDBCConnectionProducer.java:315)
</error>
  </testcase>
  <testcase classname="com.topcoder.management.deliverable.failuretests.PersistenceUploadManagerTest" name="testCreateUploadTypeBadStatus" time="0.002">
    <error message="Unexpected errors- " type="com.topcoder.db.connectionfactory.ConfigurationException">com.topcoder.db.connectionfactory.ConfigurationException: Unexpected errors- 
	at com.topcoder.db.connectionfactory.DBConnectionFactoryImpl.&lt;init&gt;(DBConnectionFactoryImpl.java:278)
	at com.topcoder.management.deliverable.DeliverableTestHelper.executeBatch(DeliverableTestHelper.java:70)
	at com.topcoder.management.deliverable.failuretests.PersistenceUploadManagerTest.setUp(PersistenceUploadManagerTest.java:64)
Caused by: java.lang.reflect.InvocationTargetException
	at java.lang.reflect.Constructor.newInstance(Constructor.java:532)
	at com.topcoder.db.connectionfactory.DBConnectionFactoryImpl.createObject(DBConnectionFactoryImpl.java:453)
	at com.topcoder.db.connectionfactory.DBConnectionFactoryImpl.&lt;init&gt;(DBConnectionFactoryImpl.java:262)
Caused by: java.lang.ClassNotFoundException: The class name com.informix.jdbc.IfxDriver is invalid.
	at com.topcoder.db.connectionfactory.producers.JDBCConnectionProducer.&lt;init&gt;(JDBCConnectionProducer.java:317)
Caused by: java.lang.ClassNotFoundException: com.informix.jdbc.IfxDriver
	at java.net.URLClassLoader$1.run(URLClassLoader.java:217)
	at java.security.AccessController.doPrivileged(Native Method)
	at java.net.URLClassLoader.findClass(URLClassLoader.java:205)
	at java.lang.ClassLoader.loadClass(ClassLoader.java:321)
	at sun.misc.Launcher$AppClassLoader.loadClass(Launcher.java:294)
	at java.lang.ClassLoader.loadClass(ClassLoader.java:266)
	at java.lang.Class.forName0(Native Method)
	at java.lang.Class.forName(Class.java:186)
	at com.topcoder.db.connectionfactory.producers.JDBCConnectionProducer.&lt;init&gt;(JDBCConnectionProducer.java:315)
</error>
  </testcase>
  <testcase classname="com.topcoder.management.deliverable.failuretests.PersistenceUploadManagerTest" name="testGetSubmissionZeroId" time="0.002">
    <error message="Unexpected errors- " type="com.topcoder.db.connectionfactory.ConfigurationException">com.topcoder.db.connectionfactory.ConfigurationException: Unexpected errors- 
	at com.topcoder.db.connectionfactory.DBConnectionFactoryImpl.&lt;init&gt;(DBConnectionFactoryImpl.java:278)
	at com.topcoder.management.deliverable.DeliverableTestHelper.executeBatch(DeliverableTestHelper.java:70)
	at com.topcoder.management.deliverable.failuretests.PersistenceUploadManagerTest.setUp(PersistenceUploadManagerTest.java:64)
Caused by: java.lang.reflect.InvocationTargetException
	at java.lang.reflect.Constructor.newInstance(Constructor.java:532)
	at com.topcoder.db.connectionfactory.DBConnectionFactoryImpl.createObject(DBConnectionFactoryImpl.java:453)
	at com.topcoder.db.connectionfactory.DBConnectionFactoryImpl.&lt;init&gt;(DBConnectionFactoryImpl.java:262)
Caused by: java.lang.ClassNotFoundException: The class name com.informix.jdbc.IfxDriver is invalid.
	at com.topcoder.db.connectionfactory.producers.JDBCConnectionProducer.&lt;init&gt;(JDBCConnectionProducer.java:317)
Caused by: java.lang.ClassNotFoundException: com.informix.jdbc.IfxDriver
	at java.net.URLClassLoader$1.run(URLClassLoader.java:217)
	at java.security.AccessController.doPrivileged(Native Method)
	at java.net.URLClassLoader.findClass(URLClassLoader.java:205)
	at java.lang.ClassLoader.loadClass(ClassLoader.java:321)
	at sun.misc.Launcher$AppClassLoader.loadClass(Launcher.java:294)
	at java.lang.ClassLoader.loadClass(ClassLoader.java:266)
	at java.lang.Class.forName0(Native Method)
	at java.lang.Class.forName(Class.java:186)
	at com.topcoder.db.connectionfactory.producers.JDBCConnectionProducer.&lt;init&gt;(JDBCConnectionProducer.java:315)
</error>
  </testcase>
  <testcase classname="com.topcoder.management.deliverable.failuretests.PersistenceUploadManagerTest" name="testGetSubmissionNegativeId" time="0.002">
    <error message="Unexpected errors- " type="com.topcoder.db.connectionfactory.ConfigurationException">com.topcoder.db.connectionfactory.ConfigurationException: Unexpected errors- 
	at com.topcoder.db.connectionfactory.DBConnectionFactoryImpl.&lt;init&gt;(DBConnectionFactoryImpl.java:278)
	at com.topcoder.management.deliverable.DeliverableTestHelper.executeBatch(DeliverableTestHelper.java:70)
	at com.topcoder.management.deliverable.failuretests.PersistenceUploadManagerTest.setUp(PersistenceUploadManagerTest.java:64)
Caused by: java.lang.reflect.InvocationTargetException
	at java.lang.reflect.Constructor.newInstance(Constructor.java:532)
	at com.topcoder.db.connectionfactory.DBConnectionFactoryImpl.createObject(DBConnectionFactoryImpl.java:453)
	at com.topcoder.db.connectionfactory.DBConnectionFactoryImpl.&lt;init&gt;(DBConnectionFactoryImpl.java:262)
Caused by: java.lang.ClassNotFoundException: The class name com.informix.jdbc.IfxDriver is invalid.
	at com.topcoder.db.connectionfactory.producers.JDBCConnectionProducer.&lt;init&gt;(JDBCConnectionProducer.java:317)
Caused by: java.lang.ClassNotFoundException: com.informix.jdbc.IfxDriver
	at java.net.URLClassLoader$1.run(URLClassLoader.java:217)
	at java.security.AccessController.doPrivileged(Native Method)
	at java.net.URLClassLoader.findClass(URLClassLoader.java:205)
	at java.lang.ClassLoader.loadClass(ClassLoader.java:321)
	at sun.misc.Launcher$AppClassLoader.loadClass(Launcher.java:294)
	at java.lang.ClassLoader.loadClass(ClassLoader.java:266)
	at java.lang.Class.forName0(Native Method)
	at java.lang.Class.forName(Class.java:186)
	at com.topcoder.db.connectionfactory.producers.JDBCConnectionProducer.&lt;init&gt;(JDBCConnectionProducer.java:315)
</error>
  </testcase>
  <testcase classname="com.topcoder.management.deliverable.failuretests.PersistenceUploadManagerTest" name="testRemoveSubmissionNullSubmission" time="0.002">
    <error message="Unexpected errors- " type="com.topcoder.db.connectionfactory.ConfigurationException">com.topcoder.db.connectionfactory.ConfigurationException: Unexpected errors- 
	at com.topcoder.db.connectionfactory.DBConnectionFactoryImpl.&lt;init&gt;(DBConnectionFactoryImpl.java:278)
	at com.topcoder.management.deliverable.DeliverableTestHelper.executeBatch(DeliverableTestHelper.java:70)
	at com.topcoder.management.deliverable.failuretests.PersistenceUploadManagerTest.setUp(PersistenceUploadManagerTest.java:64)
Caused by: java.lang.reflect.InvocationTargetException
	at java.lang.reflect.Constructor.newInstance(Constructor.java:532)
	at com.topcoder.db.connectionfactory.DBConnectionFactoryImpl.createObject(DBConnectionFactoryImpl.java:453)
	at com.topcoder.db.connectionfactory.DBConnectionFactoryImpl.&lt;init&gt;(DBConnectionFactoryImpl.java:262)
Caused by: java.lang.ClassNotFoundException: The class name com.informix.jdbc.IfxDriver is invalid.
	at com.topcoder.db.connectionfactory.producers.JDBCConnectionProducer.&lt;init&gt;(JDBCConnectionProducer.java:317)
Caused by: java.lang.ClassNotFoundException: com.informix.jdbc.IfxDriver
	at java.net.URLClassLoader$1.run(URLClassLoader.java:217)
	at java.security.AccessController.doPrivileged(Native Method)
	at java.net.URLClassLoader.findClass(URLClassLoader.java:205)
	at java.lang.ClassLoader.loadClass(ClassLoader.java:321)
	at sun.misc.Launcher$AppClassLoader.loadClass(Launcher.java:294)
	at java.lang.ClassLoader.loadClass(ClassLoader.java:266)
	at java.lang.Class.forName0(Native Method)
	at java.lang.Class.forName(Class.java:186)
	at com.topcoder.db.connectionfactory.producers.JDBCConnectionProducer.&lt;init&gt;(JDBCConnectionProducer.java:315)
</error>
  </testcase>
  <testcase classname="com.topcoder.management.deliverable.failuretests.PersistenceUploadManagerTest" name="testRemoveSubmissionNotSet" time="0.002">
    <error message="Unexpected errors- " type="com.topcoder.db.connectionfactory.ConfigurationException">com.topcoder.db.connectionfactory.ConfigurationException: Unexpected errors- 
	at com.topcoder.db.connectionfactory.DBConnectionFactoryImpl.&lt;init&gt;(DBConnectionFactoryImpl.java:278)
	at com.topcoder.management.deliverable.DeliverableTestHelper.executeBatch(DeliverableTestHelper.java:70)
	at com.topcoder.management.deliverable.failuretests.PersistenceUploadManagerTest.setUp(PersistenceUploadManagerTest.java:64)
Caused by: java.lang.reflect.InvocationTargetException
	at java.lang.reflect.Constructor.newInstance(Constructor.java:532)
	at com.topcoder.db.connectionfactory.DBConnectionFactoryImpl.createObject(DBConnectionFactoryImpl.java:453)
	at com.topcoder.db.connectionfactory.DBConnectionFactoryImpl.&lt;init&gt;(DBConnectionFactoryImpl.java:262)
Caused by: java.lang.ClassNotFoundException: The class name com.informix.jdbc.IfxDriver is invalid.
	at com.topcoder.db.connectionfactory.producers.JDBCConnectionProducer.&lt;init&gt;(JDBCConnectionProducer.java:317)
Caused by: java.lang.ClassNotFoundException: com.informix.jdbc.IfxDriver
	at java.net.URLClassLoader$1.run(URLClassLoader.java:217)
	at java.security.AccessController.doPrivileged(Native Method)
	at java.net.URLClassLoader.findClass(URLClassLoader.java:205)
	at java.lang.ClassLoader.loadClass(ClassLoader.java:321)
	at sun.misc.Launcher$AppClassLoader.loadClass(Launcher.java:294)
	at java.lang.ClassLoader.loadClass(ClassLoader.java:266)
	at java.lang.Class.forName0(Native Method)
	at java.lang.Class.forName(Class.java:186)
	at com.topcoder.db.connectionfactory.producers.JDBCConnectionProducer.&lt;init&gt;(JDBCConnectionProducer.java:315)
</error>
  </testcase>
  <testcase classname="com.topcoder.management.deliverable.failuretests.PersistenceUploadManagerTest" name="testRemoveSubmissionStatusNullSubmissionStatus" time="0.002">
    <error message="Unexpected errors- " type="com.topcoder.db.connectionfactory.ConfigurationException">com.topcoder.db.connectionfactory.ConfigurationException: Unexpected errors- 
	at com.topcoder.db.connectionfactory.DBConnectionFactoryImpl.&lt;init&gt;(DBConnectionFactoryImpl.java:278)
	at com.topcoder.management.deliverable.DeliverableTestHelper.executeBatch(DeliverableTestHelper.java:70)
	at com.topcoder.management.deliverable.failuretests.PersistenceUploadManagerTest.setUp(PersistenceUploadManagerTest.java:64)
Caused by: java.lang.reflect.InvocationTargetException
	at java.lang.reflect.Constructor.newInstance(Constructor.java:532)
	at com.topcoder.db.connectionfactory.DBConnectionFactoryImpl.createObject(DBConnectionFactoryImpl.java:453)
	at com.topcoder.db.connectionfactory.DBConnectionFactoryImpl.&lt;init&gt;(DBConnectionFactoryImpl.java:262)
Caused by: java.lang.ClassNotFoundException: The class name com.informix.jdbc.IfxDriver is invalid.
	at com.topcoder.db.connectionfactory.producers.JDBCConnectionProducer.&lt;init&gt;(JDBCConnectionProducer.java:317)
Caused by: java.lang.ClassNotFoundException: com.informix.jdbc.IfxDriver
	at java.net.URLClassLoader$1.run(URLClassLoader.java:217)
	at java.security.AccessController.doPrivileged(Native Method)
	at java.net.URLClassLoader.findClass(URLClassLoader.java:205)
	at java.lang.ClassLoader.loadClass(ClassLoader.java:321)
	at sun.misc.Launcher$AppClassLoader.loadClass(Launcher.java:294)
	at java.lang.ClassLoader.loadClass(ClassLoader.java:266)
	at java.lang.Class.forName0(Native Method)
	at java.lang.Class.forName(Class.java:186)
	at com.topcoder.db.connectionfactory.producers.JDBCConnectionProducer.&lt;init&gt;(JDBCConnectionProducer.java:315)
</error>
  </testcase>
  <testcase classname="com.topcoder.management.deliverable.failuretests.PersistenceUploadManagerTest" name="testRemoveSubmissionStatusNotSet" time="0.002">
    <error message="Unexpected errors- " type="com.topcoder.db.connectionfactory.ConfigurationException">com.topcoder.db.connectionfactory.ConfigurationException: Unexpected errors- 
	at com.topcoder.db.connectionfactory.DBConnectionFactoryImpl.&lt;init&gt;(DBConnectionFactoryImpl.java:278)
	at com.topcoder.management.deliverable.DeliverableTestHelper.executeBatch(DeliverableTestHelper.java:70)
	at com.topcoder.management.deliverable.failuretests.PersistenceUploadManagerTest.setUp(PersistenceUploadManagerTest.java:64)
Caused by: java.lang.reflect.InvocationTargetException
	at java.lang.reflect.Constructor.newInstance(Constructor.java:532)
	at com.topcoder.db.connectionfactory.DBConnectionFactoryImpl.createObject(DBConnectionFactoryImpl.java:453)
	at com.topcoder.db.connectionfactory.DBConnectionFactoryImpl.&lt;init&gt;(DBConnectionFactoryImpl.java:262)
Caused by: java.lang.ClassNotFoundException: The class name com.informix.jdbc.IfxDriver is invalid.
	at com.topcoder.db.connectionfactory.producers.JDBCConnectionProducer.&lt;init&gt;(JDBCConnectionProducer.java:317)
Caused by: java.lang.ClassNotFoundException: com.informix.jdbc.IfxDriver
	at java.net.URLClassLoader$1.run(URLClassLoader.java:217)
	at java.security.AccessController.doPrivileged(Native Method)
	at java.net.URLClassLoader.findClass(URLClassLoader.java:205)
	at java.lang.ClassLoader.loadClass(ClassLoader.java:321)
	at sun.misc.Launcher$AppClassLoader.loadClass(Launcher.java:294)
	at java.lang.ClassLoader.loadClass(ClassLoader.java:266)
	at java.lang.Class.forName0(Native Method)
	at java.lang.Class.forName(Class.java:186)
	at com.topcoder.db.connectionfactory.producers.JDBCConnectionProducer.&lt;init&gt;(JDBCConnectionProducer.java:315)
</error>
  </testcase>
  <testcase classname="com.topcoder.management.deliverable.failuretests.PersistenceUploadManagerTest" name="testRemoveUploadNullUpload" time="0.002">
    <error message="Unexpected errors- " type="com.topcoder.db.connectionfactory.ConfigurationException">com.topcoder.db.connectionfactory.ConfigurationException: Unexpected errors- 
	at com.topcoder.db.connectionfactory.DBConnectionFactoryImpl.&lt;init&gt;(DBConnectionFactoryImpl.java:278)
	at com.topcoder.management.deliverable.DeliverableTestHelper.executeBatch(DeliverableTestHelper.java:70)
	at com.topcoder.management.deliverable.failuretests.PersistenceUploadManagerTest.setUp(PersistenceUploadManagerTest.java:64)
Caused by: java.lang.reflect.InvocationTargetException
	at java.lang.reflect.Constructor.newInstance(Constructor.java:532)
	at com.topcoder.db.connectionfactory.DBConnectionFactoryImpl.createObject(DBConnectionFactoryImpl.java:453)
	at com.topcoder.db.connectionfactory.DBConnectionFactoryImpl.&lt;init&gt;(DBConnectionFactoryImpl.java:262)
Caused by: java.lang.ClassNotFoundException: The class name com.informix.jdbc.IfxDriver is invalid.
	at com.topcoder.db.connectionfactory.producers.JDBCConnectionProducer.&lt;init&gt;(JDBCConnectionProducer.java:317)
Caused by: java.lang.ClassNotFoundException: com.informix.jdbc.IfxDriver
	at java.net.URLClassLoader$1.run(URLClassLoader.java:217)
	at java.security.AccessController.doPrivileged(Native Method)
	at java.net.URLClassLoader.findClass(URLClassLoader.java:205)
	at java.lang.ClassLoader.loadClass(ClassLoader.java:321)
	at sun.misc.Launcher$AppClassLoader.loadClass(Launcher.java:294)
	at java.lang.ClassLoader.loadClass(ClassLoader.java:266)
	at java.lang.Class.forName0(Native Method)
	at java.lang.Class.forName(Class.java:186)
	at com.topcoder.db.connectionfactory.producers.JDBCConnectionProducer.&lt;init&gt;(JDBCConnectionProducer.java:315)
</error>
  </testcase>
  <testcase classname="com.topcoder.management.deliverable.failuretests.PersistenceUploadManagerTest" name="testRemoveUploadNotSet" time="0.002">
    <error message="Unexpected errors- " type="com.topcoder.db.connectionfactory.ConfigurationException">com.topcoder.db.connectionfactory.ConfigurationException: Unexpected errors- 
	at com.topcoder.db.connectionfactory.DBConnectionFactoryImpl.&lt;init&gt;(DBConnectionFactoryImpl.java:278)
	at com.topcoder.management.deliverable.DeliverableTestHelper.executeBatch(DeliverableTestHelper.java:70)
	at com.topcoder.management.deliverable.failuretests.PersistenceUploadManagerTest.setUp(PersistenceUploadManagerTest.java:64)
Caused by: java.lang.reflect.InvocationTargetException
	at java.lang.reflect.Constructor.newInstance(Constructor.java:532)
	at com.topcoder.db.connectionfactory.DBConnectionFactoryImpl.createObject(DBConnectionFactoryImpl.java:453)
	at com.topcoder.db.connectionfactory.DBConnectionFactoryImpl.&lt;init&gt;(DBConnectionFactoryImpl.java:262)
Caused by: java.lang.ClassNotFoundException: The class name com.informix.jdbc.IfxDriver is invalid.
	at com.topcoder.db.connectionfactory.producers.JDBCConnectionProducer.&lt;init&gt;(JDBCConnectionProducer.java:317)
Caused by: java.lang.ClassNotFoundException: com.informix.jdbc.IfxDriver
	at java.net.URLClassLoader$1.run(URLClassLoader.java:217)
	at java.security.AccessController.doPrivileged(Native Method)
	at java.net.URLClassLoader.findClass(URLClassLoader.java:205)
	at java.lang.ClassLoader.loadClass(ClassLoader.java:321)
	at sun.misc.Launcher$AppClassLoader.loadClass(Launcher.java:294)
	at java.lang.ClassLoader.loadClass(ClassLoader.java:266)
	at java.lang.Class.forName0(Native Method)
	at java.lang.Class.forName(Class.java:186)
	at com.topcoder.db.connectionfactory.producers.JDBCConnectionProducer.&lt;init&gt;(JDBCConnectionProducer.java:315)
</error>
  </testcase>
  <testcase classname="com.topcoder.management.deliverable.failuretests.PersistenceUploadManagerTest" name="testRemoveUploadNullUploadStatus" time="0.002">
    <error message="Unexpected errors- " type="com.topcoder.db.connectionfactory.ConfigurationException">com.topcoder.db.connectionfactory.ConfigurationException: Unexpected errors- 
	at com.topcoder.db.connectionfactory.DBConnectionFactoryImpl.&lt;init&gt;(DBConnectionFactoryImpl.java:278)
	at com.topcoder.management.deliverable.DeliverableTestHelper.executeBatch(DeliverableTestHelper.java:70)
	at com.topcoder.management.deliverable.failuretests.PersistenceUploadManagerTest.setUp(PersistenceUploadManagerTest.java:64)
Caused by: java.lang.reflect.InvocationTargetException
	at java.lang.reflect.Constructor.newInstance(Constructor.java:532)
	at com.topcoder.db.connectionfactory.DBConnectionFactoryImpl.createObject(DBConnectionFactoryImpl.java:453)
	at com.topcoder.db.connectionfactory.DBConnectionFactoryImpl.&lt;init&gt;(DBConnectionFactoryImpl.java:262)
Caused by: java.lang.ClassNotFoundException: The class name com.informix.jdbc.IfxDriver is invalid.
	at com.topcoder.db.connectionfactory.producers.JDBCConnectionProducer.&lt;init&gt;(JDBCConnectionProducer.java:317)
Caused by: java.lang.ClassNotFoundException: com.informix.jdbc.IfxDriver
	at java.net.URLClassLoader$1.run(URLClassLoader.java:217)
	at java.security.AccessController.doPrivileged(Native Method)
	at java.net.URLClassLoader.findClass(URLClassLoader.java:205)
	at java.lang.ClassLoader.loadClass(ClassLoader.java:321)
	at sun.misc.Launcher$AppClassLoader.loadClass(Launcher.java:294)
	at java.lang.ClassLoader.loadClass(ClassLoader.java:266)
	at java.lang.Class.forName0(Native Method)
	at java.lang.Class.forName(Class.java:186)
	at com.topcoder.db.connectionfactory.producers.JDBCConnectionProducer.&lt;init&gt;(JDBCConnectionProducer.java:315)
</error>
  </testcase>
  <testcase classname="com.topcoder.management.deliverable.failuretests.PersistenceUploadManagerTest" name="testRemoveUploadStatusNotSet" time="0.002">
    <error message="Unexpected errors- " type="com.topcoder.db.connectionfactory.ConfigurationException">com.topcoder.db.connectionfactory.ConfigurationException: Unexpected errors- 
	at com.topcoder.db.connectionfactory.DBConnectionFactoryImpl.&lt;init&gt;(DBConnectionFactoryImpl.java:278)
	at com.topcoder.management.deliverable.DeliverableTestHelper.executeBatch(DeliverableTestHelper.java:70)
	at com.topcoder.management.deliverable.failuretests.PersistenceUploadManagerTest.setUp(PersistenceUploadManagerTest.java:64)
Caused by: java.lang.reflect.InvocationTargetException
	at java.lang.reflect.Constructor.newInstance(Constructor.java:532)
	at com.topcoder.db.connectionfactory.DBConnectionFactoryImpl.createObject(DBConnectionFactoryImpl.java:453)
	at com.topcoder.db.connectionfactory.DBConnectionFactoryImpl.&lt;init&gt;(DBConnectionFactoryImpl.java:262)
Caused by: java.lang.ClassNotFoundException: The class name com.informix.jdbc.IfxDriver is invalid.
	at com.topcoder.db.connectionfactory.producers.JDBCConnectionProducer.&lt;init&gt;(JDBCConnectionProducer.java:317)
Caused by: java.lang.ClassNotFoundException: com.informix.jdbc.IfxDriver
	at java.net.URLClassLoader$1.run(URLClassLoader.java:217)
	at java.security.AccessController.doPrivileged(Native Method)
	at java.net.URLClassLoader.findClass(URLClassLoader.java:205)
	at java.lang.ClassLoader.loadClass(ClassLoader.java:321)
	at sun.misc.Launcher$AppClassLoader.loadClass(Launcher.java:294)
	at java.lang.ClassLoader.loadClass(ClassLoader.java:266)
	at java.lang.Class.forName0(Native Method)
	at java.lang.Class.forName(Class.java:186)
	at com.topcoder.db.connectionfactory.producers.JDBCConnectionProducer.&lt;init&gt;(JDBCConnectionProducer.java:315)
</error>
  </testcase>
  <testcase classname="com.topcoder.management.deliverable.failuretests.PersistenceUploadManagerTest" name="testSearchSubmissionsNullFilter" time="0.002">
    <error message="Unexpected errors- " type="com.topcoder.db.connectionfactory.ConfigurationException">com.topcoder.db.connectionfactory.ConfigurationException: Unexpected errors- 
	at com.topcoder.db.connectionfactory.DBConnectionFactoryImpl.&lt;init&gt;(DBConnectionFactoryImpl.java:278)
	at com.topcoder.management.deliverable.DeliverableTestHelper.executeBatch(DeliverableTestHelper.java:70)
	at com.topcoder.management.deliverable.failuretests.PersistenceUploadManagerTest.setUp(PersistenceUploadManagerTest.java:64)
Caused by: java.lang.reflect.InvocationTargetException
	at java.lang.reflect.Constructor.newInstance(Constructor.java:532)
	at com.topcoder.db.connectionfactory.DBConnectionFactoryImpl.createObject(DBConnectionFactoryImpl.java:453)
	at com.topcoder.db.connectionfactory.DBConnectionFactoryImpl.&lt;init&gt;(DBConnectionFactoryImpl.java:262)
Caused by: java.lang.ClassNotFoundException: The class name com.informix.jdbc.IfxDriver is invalid.
	at com.topcoder.db.connectionfactory.producers.JDBCConnectionProducer.&lt;init&gt;(JDBCConnectionProducer.java:317)
Caused by: java.lang.ClassNotFoundException: com.informix.jdbc.IfxDriver
	at java.net.URLClassLoader$1.run(URLClassLoader.java:217)
	at java.security.AccessController.doPrivileged(Native Method)
	at java.net.URLClassLoader.findClass(URLClassLoader.java:205)
	at java.lang.ClassLoader.loadClass(ClassLoader.java:321)
	at sun.misc.Launcher$AppClassLoader.loadClass(Launcher.java:294)
	at java.lang.ClassLoader.loadClass(ClassLoader.java:266)
	at java.lang.Class.forName0(Native Method)
	at java.lang.Class.forName(Class.java:186)
	at com.topcoder.db.connectionfactory.producers.JDBCConnectionProducer.&lt;init&gt;(JDBCConnectionProducer.java:315)
</error>
  </testcase>
  <testcase classname="com.topcoder.management.deliverable.failuretests.PersistenceUploadManagerTest" name="testSearchUploadsNullFilter" time="0.001">
    <error message="Unexpected errors- " type="com.topcoder.db.connectionfactory.ConfigurationException">com.topcoder.db.connectionfactory.ConfigurationException: Unexpected errors- 
	at com.topcoder.db.connectionfactory.DBConnectionFactoryImpl.&lt;init&gt;(DBConnectionFactoryImpl.java:278)
	at com.topcoder.management.deliverable.DeliverableTestHelper.executeBatch(DeliverableTestHelper.java:70)
	at com.topcoder.management.deliverable.failuretests.PersistenceUploadManagerTest.setUp(PersistenceUploadManagerTest.java:64)
Caused by: java.lang.reflect.InvocationTargetException
	at java.lang.reflect.Constructor.newInstance(Constructor.java:532)
	at com.topcoder.db.connectionfactory.DBConnectionFactoryImpl.createObject(DBConnectionFactoryImpl.java:453)
	at com.topcoder.db.connectionfactory.DBConnectionFactoryImpl.&lt;init&gt;(DBConnectionFactoryImpl.java:262)
Caused by: java.lang.ClassNotFoundException: The class name com.informix.jdbc.IfxDriver is invalid.
	at com.topcoder.db.connectionfactory.producers.JDBCConnectionProducer.&lt;init&gt;(JDBCConnectionProducer.java:317)
Caused by: java.lang.ClassNotFoundException: com.informix.jdbc.IfxDriver
	at java.net.URLClassLoader$1.run(URLClassLoader.java:217)
	at java.security.AccessController.doPrivileged(Native Method)
	at java.net.URLClassLoader.findClass(URLClassLoader.java:205)
	at java.lang.ClassLoader.loadClass(ClassLoader.java:321)
	at sun.misc.Launcher$AppClassLoader.loadClass(Launcher.java:294)
	at java.lang.ClassLoader.loadClass(ClassLoader.java:266)
	at java.lang.Class.forName0(Native Method)
	at java.lang.Class.forName(Class.java:186)
	at com.topcoder.db.connectionfactory.producers.JDBCConnectionProducer.&lt;init&gt;(JDBCConnectionProducer.java:315)
</error>
  </testcase>
  <testcase classname="com.topcoder.management.deliverable.failuretests.PersistenceUploadManagerTest" name="testUpdateSubmissionNullSubmission" time="0.004">
    <error message="Unexpected errors- " type="com.topcoder.db.connectionfactory.ConfigurationException">com.topcoder.db.connectionfactory.ConfigurationException: Unexpected errors- 
	at com.topcoder.db.connectionfactory.DBConnectionFactoryImpl.&lt;init&gt;(DBConnectionFactoryImpl.java:278)
	at com.topcoder.management.deliverable.DeliverableTestHelper.executeBatch(DeliverableTestHelper.java:70)
	at com.topcoder.management.deliverable.failuretests.PersistenceUploadManagerTest.setUp(PersistenceUploadManagerTest.java:64)
Caused by: java.lang.reflect.InvocationTargetException
	at java.lang.reflect.Constructor.newInstance(Constructor.java:532)
	at com.topcoder.db.connectionfactory.DBConnectionFactoryImpl.createObject(DBConnectionFactoryImpl.java:453)
	at com.topcoder.db.connectionfactory.DBConnectionFactoryImpl.&lt;init&gt;(DBConnectionFactoryImpl.java:262)
Caused by: java.lang.ClassNotFoundException: The class name com.informix.jdbc.IfxDriver is invalid.
	at com.topcoder.db.connectionfactory.producers.JDBCConnectionProducer.&lt;init&gt;(JDBCConnectionProducer.java:317)
Caused by: java.lang.ClassNotFoundException: com.informix.jdbc.IfxDriver
	at java.net.URLClassLoader$1.run(URLClassLoader.java:217)
	at java.security.AccessController.doPrivileged(Native Method)
	at java.net.URLClassLoader.findClass(URLClassLoader.java:205)
	at java.lang.ClassLoader.loadClass(ClassLoader.java:321)
	at sun.misc.Launcher$AppClassLoader.loadClass(Launcher.java:294)
	at java.lang.ClassLoader.loadClass(ClassLoader.java:266)
	at java.lang.Class.forName0(Native Method)
	at java.lang.Class.forName(Class.java:186)
	at com.topcoder.db.connectionfactory.producers.JDBCConnectionProducer.&lt;init&gt;(JDBCConnectionProducer.java:315)
</error>
  </testcase>
  <testcase classname="com.topcoder.management.deliverable.failuretests.PersistenceUploadManagerTest" name="testupdateSubmissionNotSet" time="0.002">
    <error message="Unexpected errors- " type="com.topcoder.db.connectionfactory.ConfigurationException">com.topcoder.db.connectionfactory.ConfigurationException: Unexpected errors- 
	at com.topcoder.db.connectionfactory.DBConnectionFactoryImpl.&lt;init&gt;(DBConnectionFactoryImpl.java:278)
	at com.topcoder.management.deliverable.DeliverableTestHelper.executeBatch(DeliverableTestHelper.java:70)
	at com.topcoder.management.deliverable.failuretests.PersistenceUploadManagerTest.setUp(PersistenceUploadManagerTest.java:64)
Caused by: java.lang.reflect.InvocationTargetException
	at java.lang.reflect.Constructor.newInstance(Constructor.java:532)
	at com.topcoder.db.connectionfactory.DBConnectionFactoryImpl.createObject(DBConnectionFactoryImpl.java:453)
	at com.topcoder.db.connectionfactory.DBConnectionFactoryImpl.&lt;init&gt;(DBConnectionFactoryImpl.java:262)
Caused by: java.lang.ClassNotFoundException: The class name com.informix.jdbc.IfxDriver is invalid.
	at com.topcoder.db.connectionfactory.producers.JDBCConnectionProducer.&lt;init&gt;(JDBCConnectionProducer.java:317)
Caused by: java.lang.ClassNotFoundException: com.informix.jdbc.IfxDriver
	at java.net.URLClassLoader$1.run(URLClassLoader.java:217)
	at java.security.AccessController.doPrivileged(Native Method)
	at java.net.URLClassLoader.findClass(URLClassLoader.java:205)
	at java.lang.ClassLoader.loadClass(ClassLoader.java:321)
	at sun.misc.Launcher$AppClassLoader.loadClass(Launcher.java:294)
	at java.lang.ClassLoader.loadClass(ClassLoader.java:266)
	at java.lang.Class.forName0(Native Method)
	at java.lang.Class.forName(Class.java:186)
	at com.topcoder.db.connectionfactory.producers.JDBCConnectionProducer.&lt;init&gt;(JDBCConnectionProducer.java:315)
</error>
  </testcase>
  <testcase classname="com.topcoder.management.deliverable.failuretests.PersistenceUploadManagerTest" name="testUpdateSubmissionStatusNullSubmissionStatus" time="0.002">
    <error message="Unexpected errors- " type="com.topcoder.db.connectionfactory.ConfigurationException">com.topcoder.db.connectionfactory.ConfigurationException: Unexpected errors- 
	at com.topcoder.db.connectionfactory.DBConnectionFactoryImpl.&lt;init&gt;(DBConnectionFactoryImpl.java:278)
	at com.topcoder.management.deliverable.DeliverableTestHelper.executeBatch(DeliverableTestHelper.java:70)
	at com.topcoder.management.deliverable.failuretests.PersistenceUploadManagerTest.setUp(PersistenceUploadManagerTest.java:64)
Caused by: java.lang.reflect.InvocationTargetException
	at java.lang.reflect.Constructor.newInstance(Constructor.java:532)
	at com.topcoder.db.connectionfactory.DBConnectionFactoryImpl.createObject(DBConnectionFactoryImpl.java:453)
	at com.topcoder.db.connectionfactory.DBConnectionFactoryImpl.&lt;init&gt;(DBConnectionFactoryImpl.java:262)
Caused by: java.lang.ClassNotFoundException: The class name com.informix.jdbc.IfxDriver is invalid.
	at com.topcoder.db.connectionfactory.producers.JDBCConnectionProducer.&lt;init&gt;(JDBCConnectionProducer.java:317)
Caused by: java.lang.ClassNotFoundException: com.informix.jdbc.IfxDriver
	at java.net.URLClassLoader$1.run(URLClassLoader.java:217)
	at java.security.AccessController.doPrivileged(Native Method)
	at java.net.URLClassLoader.findClass(URLClassLoader.java:205)
	at java.lang.ClassLoader.loadClass(ClassLoader.java:321)
	at sun.misc.Launcher$AppClassLoader.loadClass(Launcher.java:294)
	at java.lang.ClassLoader.loadClass(ClassLoader.java:266)
	at java.lang.Class.forName0(Native Method)
	at java.lang.Class.forName(Class.java:186)
	at com.topcoder.db.connectionfactory.producers.JDBCConnectionProducer.&lt;init&gt;(JDBCConnectionProducer.java:315)
</error>
  </testcase>
  <testcase classname="com.topcoder.management.deliverable.failuretests.PersistenceUploadManagerTest" name="testupdateSubmissionStatusNotSet" time="0.002">
    <error message="Unexpected errors- " type="com.topcoder.db.connectionfactory.ConfigurationException">com.topcoder.db.connectionfactory.ConfigurationException: Unexpected errors- 
	at com.topcoder.db.connectionfactory.DBConnectionFactoryImpl.&lt;init&gt;(DBConnectionFactoryImpl.java:278)
	at com.topcoder.management.deliverable.DeliverableTestHelper.executeBatch(DeliverableTestHelper.java:70)
	at com.topcoder.management.deliverable.failuretests.PersistenceUploadManagerTest.setUp(PersistenceUploadManagerTest.java:64)
Caused by: java.lang.reflect.InvocationTargetException
	at java.lang.reflect.Constructor.newInstance(Constructor.java:532)
	at com.topcoder.db.connectionfactory.DBConnectionFactoryImpl.createObject(DBConnectionFactoryImpl.java:453)
	at com.topcoder.db.connectionfactory.DBConnectionFactoryImpl.&lt;init&gt;(DBConnectionFactoryImpl.java:262)
Caused by: java.lang.ClassNotFoundException: The class name com.informix.jdbc.IfxDriver is invalid.
	at com.topcoder.db.connectionfactory.producers.JDBCConnectionProducer.&lt;init&gt;(JDBCConnectionProducer.java:317)
Caused by: java.lang.ClassNotFoundException: com.informix.jdbc.IfxDriver
	at java.net.URLClassLoader$1.run(URLClassLoader.java:217)
	at java.security.AccessController.doPrivileged(Native Method)
	at java.net.URLClassLoader.findClass(URLClassLoader.java:205)
	at java.lang.ClassLoader.loadClass(ClassLoader.java:321)
	at sun.misc.Launcher$AppClassLoader.loadClass(Launcher.java:294)
	at java.lang.ClassLoader.loadClass(ClassLoader.java:266)
	at java.lang.Class.forName0(Native Method)
	at java.lang.Class.forName(Class.java:186)
	at com.topcoder.db.connectionfactory.producers.JDBCConnectionProducer.&lt;init&gt;(JDBCConnectionProducer.java:315)
</error>
  </testcase>
  <testcase classname="com.topcoder.management.deliverable.failuretests.PersistenceUploadManagerTest" name="testUpdateUploadNullSubmission" time="0.012">
    <error message="Unexpected errors- " type="com.topcoder.db.connectionfactory.ConfigurationException">com.topcoder.db.connectionfactory.ConfigurationException: Unexpected errors- 
	at com.topcoder.db.connectionfactory.DBConnectionFactoryImpl.&lt;init&gt;(DBConnectionFactoryImpl.java:278)
	at com.topcoder.management.deliverable.DeliverableTestHelper.executeBatch(DeliverableTestHelper.java:70)
	at com.topcoder.management.deliverable.failuretests.PersistenceUploadManagerTest.setUp(PersistenceUploadManagerTest.java:64)
Caused by: java.lang.reflect.InvocationTargetException
	at java.lang.reflect.Constructor.newInstance(Constructor.java:532)
	at com.topcoder.db.connectionfactory.DBConnectionFactoryImpl.createObject(DBConnectionFactoryImpl.java:453)
	at com.topcoder.db.connectionfactory.DBConnectionFactoryImpl.&lt;init&gt;(DBConnectionFactoryImpl.java:262)
Caused by: java.lang.ClassNotFoundException: The class name com.informix.jdbc.IfxDriver is invalid.
	at com.topcoder.db.connectionfactory.producers.JDBCConnectionProducer.&lt;init&gt;(JDBCConnectionProducer.java:317)
Caused by: java.lang.ClassNotFoundException: com.informix.jdbc.IfxDriver
	at java.net.URLClassLoader$1.run(URLClassLoader.java:217)
	at java.security.AccessController.doPrivileged(Native Method)
	at java.net.URLClassLoader.findClass(URLClassLoader.java:205)
	at java.lang.ClassLoader.loadClass(ClassLoader.java:321)
	at sun.misc.Launcher$AppClassLoader.loadClass(Launcher.java:294)
	at java.lang.ClassLoader.loadClass(ClassLoader.java:266)
	at java.lang.Class.forName0(Native Method)
	at java.lang.Class.forName(Class.java:186)
	at com.topcoder.db.connectionfactory.producers.JDBCConnectionProducer.&lt;init&gt;(JDBCConnectionProducer.java:315)
</error>
  </testcase>
  <testcase classname="com.topcoder.management.deliverable.failuretests.PersistenceUploadManagerTest" name="testupdateUploadNotSet" time="0.005">
    <error message="Unexpected errors- " type="com.topcoder.db.connectionfactory.ConfigurationException">com.topcoder.db.connectionfactory.ConfigurationException: Unexpected errors- 
	at com.topcoder.db.connectionfactory.DBConnectionFactoryImpl.&lt;init&gt;(DBConnectionFactoryImpl.java:278)
	at com.topcoder.management.deliverable.DeliverableTestHelper.executeBatch(DeliverableTestHelper.java:70)
	at com.topcoder.management.deliverable.failuretests.PersistenceUploadManagerTest.setUp(PersistenceUploadManagerTest.java:64)
Caused by: java.lang.reflect.InvocationTargetException
	at java.lang.reflect.Constructor.newInstance(Constructor.java:532)
	at com.topcoder.db.connectionfactory.DBConnectionFactoryImpl.createObject(DBConnectionFactoryImpl.java:453)
	at com.topcoder.db.connectionfactory.DBConnectionFactoryImpl.&lt;init&gt;(DBConnectionFactoryImpl.java:262)
Caused by: java.lang.ClassNotFoundException: The class name com.informix.jdbc.IfxDriver is invalid.
	at com.topcoder.db.connectionfactory.producers.JDBCConnectionProducer.&lt;init&gt;(JDBCConnectionProducer.java:317)
Caused by: java.lang.ClassNotFoundException: com.informix.jdbc.IfxDriver
	at java.net.URLClassLoader$1.run(URLClassLoader.java:217)
	at java.security.AccessController.doPrivileged(Native Method)
	at java.net.URLClassLoader.findClass(URLClassLoader.java:205)
	at java.lang.ClassLoader.loadClass(ClassLoader.java:321)
	at sun.misc.Launcher$AppClassLoader.loadClass(Launcher.java:294)
	at java.lang.ClassLoader.loadClass(ClassLoader.java:266)
	at java.lang.Class.forName0(Native Method)
	at java.lang.Class.forName(Class.java:186)
	at com.topcoder.db.connectionfactory.producers.JDBCConnectionProducer.&lt;init&gt;(JDBCConnectionProducer.java:315)
</error>
  </testcase>
  <testcase classname="com.topcoder.management.deliverable.failuretests.PersistenceUploadManagerTest" name="testUpdateUploadStatusNullSubmissionStatus" time="0.002">
    <error message="Unexpected errors- " type="com.topcoder.db.connectionfactory.ConfigurationException">com.topcoder.db.connectionfactory.ConfigurationException: Unexpected errors- 
	at com.topcoder.db.connectionfactory.DBConnectionFactoryImpl.&lt;init&gt;(DBConnectionFactoryImpl.java:278)
	at com.topcoder.management.deliverable.DeliverableTestHelper.executeBatch(DeliverableTestHelper.java:70)
	at com.topcoder.management.deliverable.failuretests.PersistenceUploadManagerTest.setUp(PersistenceUploadManagerTest.java:64)
Caused by: java.lang.reflect.InvocationTargetException
	at java.lang.reflect.Constructor.newInstance(Constructor.java:532)
	at com.topcoder.db.connectionfactory.DBConnectionFactoryImpl.createObject(DBConnectionFactoryImpl.java:453)
	at com.topcoder.db.connectionfactory.DBConnectionFactoryImpl.&lt;init&gt;(DBConnectionFactoryImpl.java:262)
Caused by: java.lang.ClassNotFoundException: The class name com.informix.jdbc.IfxDriver is invalid.
	at com.topcoder.db.connectionfactory.producers.JDBCConnectionProducer.&lt;init&gt;(JDBCConnectionProducer.java:317)
Caused by: java.lang.ClassNotFoundException: com.informix.jdbc.IfxDriver
	at java.net.URLClassLoader$1.run(URLClassLoader.java:217)
	at java.security.AccessController.doPrivileged(Native Method)
	at java.net.URLClassLoader.findClass(URLClassLoader.java:205)
	at java.lang.ClassLoader.loadClass(ClassLoader.java:321)
	at sun.misc.Launcher$AppClassLoader.loadClass(Launcher.java:294)
	at java.lang.ClassLoader.loadClass(ClassLoader.java:266)
	at java.lang.Class.forName0(Native Method)
	at java.lang.Class.forName(Class.java:186)
	at com.topcoder.db.connectionfactory.producers.JDBCConnectionProducer.&lt;init&gt;(JDBCConnectionProducer.java:315)
</error>
  </testcase>
  <testcase classname="com.topcoder.management.deliverable.failuretests.PersistenceUploadManagerTest" name="testupdateUploadStatusNotSet" time="0.002">
    <error message="Unexpected errors- " type="com.topcoder.db.connectionfactory.ConfigurationException">com.topcoder.db.connectionfactory.ConfigurationException: Unexpected errors- 
	at com.topcoder.db.connectionfactory.DBConnectionFactoryImpl.&lt;init&gt;(DBConnectionFactoryImpl.java:278)
	at com.topcoder.management.deliverable.DeliverableTestHelper.executeBatch(DeliverableTestHelper.java:70)
	at com.topcoder.management.deliverable.failuretests.PersistenceUploadManagerTest.setUp(PersistenceUploadManagerTest.java:64)
Caused by: java.lang.reflect.InvocationTargetException
	at java.lang.reflect.Constructor.newInstance(Constructor.java:532)
	at com.topcoder.db.connectionfactory.DBConnectionFactoryImpl.createObject(DBConnectionFactoryImpl.java:453)
	at com.topcoder.db.connectionfactory.DBConnectionFactoryImpl.&lt;init&gt;(DBConnectionFactoryImpl.java:262)
Caused by: java.lang.ClassNotFoundException: The class name com.informix.jdbc.IfxDriver is invalid.
	at com.topcoder.db.connectionfactory.producers.JDBCConnectionProducer.&lt;init&gt;(JDBCConnectionProducer.java:317)
Caused by: java.lang.ClassNotFoundException: com.informix.jdbc.IfxDriver
	at java.net.URLClassLoader$1.run(URLClassLoader.java:217)
	at java.security.AccessController.doPrivileged(Native Method)
	at java.net.URLClassLoader.findClass(URLClassLoader.java:205)
	at java.lang.ClassLoader.loadClass(ClassLoader.java:321)
	at sun.misc.Launcher$AppClassLoader.loadClass(Launcher.java:294)
	at java.lang.ClassLoader.loadClass(ClassLoader.java:266)
	at java.lang.Class.forName0(Native Method)
	at java.lang.Class.forName(Class.java:186)
	at com.topcoder.db.connectionfactory.producers.JDBCConnectionProducer.&lt;init&gt;(JDBCConnectionProducer.java:315)
</error>
  </testcase>
  <testcase classname="com.topcoder.management.deliverable.failuretests.PersistenceUploadManagerTest" name="testUpdateUploadTypeNullSubmission" time="0.009">
    <error message="Unexpected errors- " type="com.topcoder.db.connectionfactory.ConfigurationException">com.topcoder.db.connectionfactory.ConfigurationException: Unexpected errors- 
	at com.topcoder.db.connectionfactory.DBConnectionFactoryImpl.&lt;init&gt;(DBConnectionFactoryImpl.java:278)
	at com.topcoder.management.deliverable.DeliverableTestHelper.executeBatch(DeliverableTestHelper.java:70)
	at com.topcoder.management.deliverable.failuretests.PersistenceUploadManagerTest.setUp(PersistenceUploadManagerTest.java:64)
Caused by: java.lang.reflect.InvocationTargetException
	at java.lang.reflect.Constructor.newInstance(Constructor.java:532)
	at com.topcoder.db.connectionfactory.DBConnectionFactoryImpl.createObject(DBConnectionFactoryImpl.java:453)
	at com.topcoder.db.connectionfactory.DBConnectionFactoryImpl.&lt;init&gt;(DBConnectionFactoryImpl.java:262)
Caused by: java.lang.ClassNotFoundException: The class name com.informix.jdbc.IfxDriver is invalid.
	at com.topcoder.db.connectionfactory.producers.JDBCConnectionProducer.&lt;init&gt;(JDBCConnectionProducer.java:317)
Caused by: java.lang.ClassNotFoundException: com.informix.jdbc.IfxDriver
	at java.net.URLClassLoader$1.run(URLClassLoader.java:217)
	at java.security.AccessController.doPrivileged(Native Method)
	at java.net.URLClassLoader.findClass(URLClassLoader.java:205)
	at java.lang.ClassLoader.loadClass(ClassLoader.java:321)
	at sun.misc.Launcher$AppClassLoader.loadClass(Launcher.java:294)
	at java.lang.ClassLoader.loadClass(ClassLoader.java:266)
	at java.lang.Class.forName0(Native Method)
	at java.lang.Class.forName(Class.java:186)
	at com.topcoder.db.connectionfactory.producers.JDBCConnectionProducer.&lt;init&gt;(JDBCConnectionProducer.java:315)
</error>
  </testcase>
  <testcase classname="com.topcoder.management.deliverable.failuretests.PersistenceUploadManagerTest" name="testupdateUploadTypeNotSet" time="0.002">
    <error message="Unexpected errors- " type="com.topcoder.db.connectionfactory.ConfigurationException">com.topcoder.db.connectionfactory.ConfigurationException: Unexpected errors- 
	at com.topcoder.db.connectionfactory.DBConnectionFactoryImpl.&lt;init&gt;(DBConnectionFactoryImpl.java:278)
	at com.topcoder.management.deliverable.DeliverableTestHelper.executeBatch(DeliverableTestHelper.java:70)
	at com.topcoder.management.deliverable.failuretests.PersistenceUploadManagerTest.setUp(PersistenceUploadManagerTest.java:64)
Caused by: java.lang.reflect.InvocationTargetException
	at java.lang.reflect.Constructor.newInstance(Constructor.java:532)
	at com.topcoder.db.connectionfactory.DBConnectionFactoryImpl.createObject(DBConnectionFactoryImpl.java:453)
	at com.topcoder.db.connectionfactory.DBConnectionFactoryImpl.&lt;init&gt;(DBConnectionFactoryImpl.java:262)
Caused by: java.lang.ClassNotFoundException: The class name com.informix.jdbc.IfxDriver is invalid.
	at com.topcoder.db.connectionfactory.producers.JDBCConnectionProducer.&lt;init&gt;(JDBCConnectionProducer.java:317)
Caused by: java.lang.ClassNotFoundException: com.informix.jdbc.IfxDriver
	at java.net.URLClassLoader$1.run(URLClassLoader.java:217)
	at java.security.AccessController.doPrivileged(Native Method)
	at java.net.URLClassLoader.findClass(URLClassLoader.java:205)
	at java.lang.ClassLoader.loadClass(ClassLoader.java:321)
	at sun.misc.Launcher$AppClassLoader.loadClass(Launcher.java:294)
	at java.lang.ClassLoader.loadClass(ClassLoader.java:266)
	at java.lang.Class.forName0(Native Method)
	at java.lang.Class.forName(Class.java:186)
	at com.topcoder.db.connectionfactory.producers.JDBCConnectionProducer.&lt;init&gt;(JDBCConnectionProducer.java:315)
</error>
  </testcase>
  <testcase classname="com.topcoder.management.deliverable.failuretests.PersistenceUploadManagerTest" name="testCreateSubmissionType_SubmissionTypeIdNull" time="0.002">
    <error message="Unexpected errors- " type="com.topcoder.db.connectionfactory.ConfigurationException">com.topcoder.db.connectionfactory.ConfigurationException: Unexpected errors- 
	at com.topcoder.db.connectionfactory.DBConnectionFactoryImpl.&lt;init&gt;(DBConnectionFactoryImpl.java:278)
	at com.topcoder.management.deliverable.DeliverableTestHelper.executeBatch(DeliverableTestHelper.java:70)
	at com.topcoder.management.deliverable.failuretests.PersistenceUploadManagerTest.setUp(PersistenceUploadManagerTest.java:64)
Caused by: java.lang.reflect.InvocationTargetException
	at java.lang.reflect.Constructor.newInstance(Constructor.java:532)
	at com.topcoder.db.connectionfactory.DBConnectionFactoryImpl.createObject(DBConnectionFactoryImpl.java:453)
	at com.topcoder.db.connectionfactory.DBConnectionFactoryImpl.&lt;init&gt;(DBConnectionFactoryImpl.java:262)
Caused by: java.lang.ClassNotFoundException: The class name com.informix.jdbc.IfxDriver is invalid.
	at com.topcoder.db.connectionfactory.producers.JDBCConnectionProducer.&lt;init&gt;(JDBCConnectionProducer.java:317)
Caused by: java.lang.ClassNotFoundException: com.informix.jdbc.IfxDriver
	at java.net.URLClassLoader$1.run(URLClassLoader.java:217)
	at java.security.AccessController.doPrivileged(Native Method)
	at java.net.URLClassLoader.findClass(URLClassLoader.java:205)
	at java.lang.ClassLoader.loadClass(ClassLoader.java:321)
	at sun.misc.Launcher$AppClassLoader.loadClass(Launcher.java:294)
	at java.lang.ClassLoader.loadClass(ClassLoader.java:266)
	at java.lang.Class.forName0(Native Method)
	at java.lang.Class.forName(Class.java:186)
	at com.topcoder.db.connectionfactory.producers.JDBCConnectionProducer.&lt;init&gt;(JDBCConnectionProducer.java:315)
</error>
  </testcase>
  <testcase classname="com.topcoder.management.deliverable.failuretests.PersistenceUploadManagerTest" name="testCreateSubmissionType_SubmissionTypeIdInvalid" time="0.002">
    <error message="Unexpected errors- " type="com.topcoder.db.connectionfactory.ConfigurationException">com.topcoder.db.connectionfactory.ConfigurationException: Unexpected errors- 
	at com.topcoder.db.connectionfactory.DBConnectionFactoryImpl.&lt;init&gt;(DBConnectionFactoryImpl.java:278)
	at com.topcoder.management.deliverable.DeliverableTestHelper.executeBatch(DeliverableTestHelper.java:70)
	at com.topcoder.management.deliverable.failuretests.PersistenceUploadManagerTest.setUp(PersistenceUploadManagerTest.java:64)
Caused by: java.lang.reflect.InvocationTargetException
	at java.lang.reflect.Constructor.newInstance(Constructor.java:532)
	at com.topcoder.db.connectionfactory.DBConnectionFactoryImpl.createObject(DBConnectionFactoryImpl.java:453)
	at com.topcoder.db.connectionfactory.DBConnectionFactoryImpl.&lt;init&gt;(DBConnectionFactoryImpl.java:262)
Caused by: java.lang.ClassNotFoundException: The class name com.informix.jdbc.IfxDriver is invalid.
	at com.topcoder.db.connectionfactory.producers.JDBCConnectionProducer.&lt;init&gt;(JDBCConnectionProducer.java:317)
Caused by: java.lang.ClassNotFoundException: com.informix.jdbc.IfxDriver
	at java.net.URLClassLoader$1.run(URLClassLoader.java:217)
	at java.security.AccessController.doPrivileged(Native Method)
	at java.net.URLClassLoader.findClass(URLClassLoader.java:205)
	at java.lang.ClassLoader.loadClass(ClassLoader.java:321)
	at sun.misc.Launcher$AppClassLoader.loadClass(Launcher.java:294)
	at java.lang.ClassLoader.loadClass(ClassLoader.java:266)
	at java.lang.Class.forName0(Native Method)
	at java.lang.Class.forName(Class.java:186)
	at com.topcoder.db.connectionfactory.producers.JDBCConnectionProducer.&lt;init&gt;(JDBCConnectionProducer.java:315)
</error>
  </testcase>
  <testcase classname="com.topcoder.management.deliverable.failuretests.PersistenceUploadManagerTest" name="testCreateSubmissionType_OperatorIsNull" time="0.002">
    <error message="Unexpected errors- " type="com.topcoder.db.connectionfactory.ConfigurationException">com.topcoder.db.connectionfactory.ConfigurationException: Unexpected errors- 
	at com.topcoder.db.connectionfactory.DBConnectionFactoryImpl.&lt;init&gt;(DBConnectionFactoryImpl.java:278)
	at com.topcoder.management.deliverable.DeliverableTestHelper.executeBatch(DeliverableTestHelper.java:70)
	at com.topcoder.management.deliverable.failuretests.PersistenceUploadManagerTest.setUp(PersistenceUploadManagerTest.java:64)
Caused by: java.lang.reflect.InvocationTargetException
	at java.lang.reflect.Constructor.newInstance(Constructor.java:532)
	at com.topcoder.db.connectionfactory.DBConnectionFactoryImpl.createObject(DBConnectionFactoryImpl.java:453)
	at com.topcoder.db.connectionfactory.DBConnectionFactoryImpl.&lt;init&gt;(DBConnectionFactoryImpl.java:262)
Caused by: java.lang.ClassNotFoundException: The class name com.informix.jdbc.IfxDriver is invalid.
	at com.topcoder.db.connectionfactory.producers.JDBCConnectionProducer.&lt;init&gt;(JDBCConnectionProducer.java:317)
Caused by: java.lang.ClassNotFoundException: com.informix.jdbc.IfxDriver
	at java.net.URLClassLoader$1.run(URLClassLoader.java:217)
	at java.security.AccessController.doPrivileged(Native Method)
	at java.net.URLClassLoader.findClass(URLClassLoader.java:205)
	at java.lang.ClassLoader.loadClass(ClassLoader.java:321)
	at sun.misc.Launcher$AppClassLoader.loadClass(Launcher.java:294)
	at java.lang.ClassLoader.loadClass(ClassLoader.java:266)
	at java.lang.Class.forName0(Native Method)
	at java.lang.Class.forName(Class.java:186)
	at com.topcoder.db.connectionfactory.producers.JDBCConnectionProducer.&lt;init&gt;(JDBCConnectionProducer.java:315)
</error>
  </testcase>
  <testcase classname="com.topcoder.management.deliverable.failuretests.PersistenceUploadManagerTest" name="testUpdateSubmissionType_SubmissionTypeIsNull" time="0.011">
    <error message="Unexpected errors- " type="com.topcoder.db.connectionfactory.ConfigurationException">com.topcoder.db.connectionfactory.ConfigurationException: Unexpected errors- 
	at com.topcoder.db.connectionfactory.DBConnectionFactoryImpl.&lt;init&gt;(DBConnectionFactoryImpl.java:278)
	at com.topcoder.management.deliverable.DeliverableTestHelper.executeBatch(DeliverableTestHelper.java:70)
	at com.topcoder.management.deliverable.failuretests.PersistenceUploadManagerTest.setUp(PersistenceUploadManagerTest.java:64)
Caused by: java.lang.reflect.InvocationTargetException
	at java.lang.reflect.Constructor.newInstance(Constructor.java:532)
	at com.topcoder.db.connectionfactory.DBConnectionFactoryImpl.createObject(DBConnectionFactoryImpl.java:453)
	at com.topcoder.db.connectionfactory.DBConnectionFactoryImpl.&lt;init&gt;(DBConnectionFactoryImpl.java:262)
Caused by: java.lang.ClassNotFoundException: The class name com.informix.jdbc.IfxDriver is invalid.
	at com.topcoder.db.connectionfactory.producers.JDBCConnectionProducer.&lt;init&gt;(JDBCConnectionProducer.java:317)
Caused by: java.lang.ClassNotFoundException: com.informix.jdbc.IfxDriver
	at java.net.URLClassLoader$1.run(URLClassLoader.java:217)
	at java.security.AccessController.doPrivileged(Native Method)
	at java.net.URLClassLoader.findClass(URLClassLoader.java:205)
	at java.lang.ClassLoader.loadClass(ClassLoader.java:321)
	at sun.misc.Launcher$AppClassLoader.loadClass(Launcher.java:294)
	at java.lang.ClassLoader.loadClass(ClassLoader.java:266)
	at java.lang.Class.forName0(Native Method)
	at java.lang.Class.forName(Class.java:186)
	at com.topcoder.db.connectionfactory.producers.JDBCConnectionProducer.&lt;init&gt;(JDBCConnectionProducer.java:315)
</error>
  </testcase>
  <testcase classname="com.topcoder.management.deliverable.failuretests.PersistenceUploadManagerTest" name="testUpdateSubmissionType_SubmissionTypeIsInvalid" time="0.002">
    <error message="Unexpected errors- " type="com.topcoder.db.connectionfactory.ConfigurationException">com.topcoder.db.connectionfactory.ConfigurationException: Unexpected errors- 
	at com.topcoder.db.connectionfactory.DBConnectionFactoryImpl.&lt;init&gt;(DBConnectionFactoryImpl.java:278)
	at com.topcoder.management.deliverable.DeliverableTestHelper.executeBatch(DeliverableTestHelper.java:70)
	at com.topcoder.management.deliverable.failuretests.PersistenceUploadManagerTest.setUp(PersistenceUploadManagerTest.java:64)
Caused by: java.lang.reflect.InvocationTargetException
	at java.lang.reflect.Constructor.newInstance(Constructor.java:532)
	at com.topcoder.db.connectionfactory.DBConnectionFactoryImpl.createObject(DBConnectionFactoryImpl.java:453)
	at com.topcoder.db.connectionfactory.DBConnectionFactoryImpl.&lt;init&gt;(DBConnectionFactoryImpl.java:262)
Caused by: java.lang.ClassNotFoundException: The class name com.informix.jdbc.IfxDriver is invalid.
	at com.topcoder.db.connectionfactory.producers.JDBCConnectionProducer.&lt;init&gt;(JDBCConnectionProducer.java:317)
Caused by: java.lang.ClassNotFoundException: com.informix.jdbc.IfxDriver
	at java.net.URLClassLoader$1.run(URLClassLoader.java:217)
	at java.security.AccessController.doPrivileged(Native Method)
	at java.net.URLClassLoader.findClass(URLClassLoader.java:205)
	at java.lang.ClassLoader.loadClass(ClassLoader.java:321)
	at sun.misc.Launcher$AppClassLoader.loadClass(Launcher.java:294)
	at java.lang.ClassLoader.loadClass(ClassLoader.java:266)
	at java.lang.Class.forName0(Native Method)
	at java.lang.Class.forName(Class.java:186)
	at com.topcoder.db.connectionfactory.producers.JDBCConnectionProducer.&lt;init&gt;(JDBCConnectionProducer.java:315)
</error>
  </testcase>
  <testcase classname="com.topcoder.management.deliverable.failuretests.PersistenceUploadManagerTest" name="testUpdateSubmissionType_OperatorIsNull" time="0.002">
    <error message="Unexpected errors- " type="com.topcoder.db.connectionfactory.ConfigurationException">com.topcoder.db.connectionfactory.ConfigurationException: Unexpected errors- 
	at com.topcoder.db.connectionfactory.DBConnectionFactoryImpl.&lt;init&gt;(DBConnectionFactoryImpl.java:278)
	at com.topcoder.management.deliverable.DeliverableTestHelper.executeBatch(DeliverableTestHelper.java:70)
	at com.topcoder.management.deliverable.failuretests.PersistenceUploadManagerTest.setUp(PersistenceUploadManagerTest.java:64)
Caused by: java.lang.reflect.InvocationTargetException
	at java.lang.reflect.Constructor.newInstance(Constructor.java:532)
	at com.topcoder.db.connectionfactory.DBConnectionFactoryImpl.createObject(DBConnectionFactoryImpl.java:453)
	at com.topcoder.db.connectionfactory.DBConnectionFactoryImpl.&lt;init&gt;(DBConnectionFactoryImpl.java:262)
Caused by: java.lang.ClassNotFoundException: The class name com.informix.jdbc.IfxDriver is invalid.
	at com.topcoder.db.connectionfactory.producers.JDBCConnectionProducer.&lt;init&gt;(JDBCConnectionProducer.java:317)
Caused by: java.lang.ClassNotFoundException: com.informix.jdbc.IfxDriver
	at java.net.URLClassLoader$1.run(URLClassLoader.java:217)
	at java.security.AccessController.doPrivileged(Native Method)
	at java.net.URLClassLoader.findClass(URLClassLoader.java:205)
	at java.lang.ClassLoader.loadClass(ClassLoader.java:321)
	at sun.misc.Launcher$AppClassLoader.loadClass(Launcher.java:294)
	at java.lang.ClassLoader.loadClass(ClassLoader.java:266)
	at java.lang.Class.forName0(Native Method)
	at java.lang.Class.forName(Class.java:186)
	at com.topcoder.db.connectionfactory.producers.JDBCConnectionProducer.&lt;init&gt;(JDBCConnectionProducer.java:315)
</error>
  </testcase>
  <testcase classname="com.topcoder.management.deliverable.failuretests.PersistenceUploadManagerTest" name="testRemoveSubmissionType_SubmissionTypeIsNull" time="0.009">
    <error message="Unexpected errors- " type="com.topcoder.db.connectionfactory.ConfigurationException">com.topcoder.db.connectionfactory.ConfigurationException: Unexpected errors- 
	at com.topcoder.db.connectionfactory.DBConnectionFactoryImpl.&lt;init&gt;(DBConnectionFactoryImpl.java:278)
	at com.topcoder.management.deliverable.DeliverableTestHelper.executeBatch(DeliverableTestHelper.java:70)
	at com.topcoder.management.deliverable.failuretests.PersistenceUploadManagerTest.setUp(PersistenceUploadManagerTest.java:64)
Caused by: java.lang.reflect.InvocationTargetException
	at java.lang.reflect.Constructor.newInstance(Constructor.java:532)
	at com.topcoder.db.connectionfactory.DBConnectionFactoryImpl.createObject(DBConnectionFactoryImpl.java:453)
	at com.topcoder.db.connectionfactory.DBConnectionFactoryImpl.&lt;init&gt;(DBConnectionFactoryImpl.java:262)
Caused by: java.lang.ClassNotFoundException: The class name com.informix.jdbc.IfxDriver is invalid.
	at com.topcoder.db.connectionfactory.producers.JDBCConnectionProducer.&lt;init&gt;(JDBCConnectionProducer.java:317)
Caused by: java.lang.ClassNotFoundException: com.informix.jdbc.IfxDriver
	at java.net.URLClassLoader$1.run(URLClassLoader.java:217)
	at java.security.AccessController.doPrivileged(Native Method)
	at java.net.URLClassLoader.findClass(URLClassLoader.java:205)
	at java.lang.ClassLoader.loadClass(ClassLoader.java:321)
	at sun.misc.Launcher$AppClassLoader.loadClass(Launcher.java:294)
	at java.lang.ClassLoader.loadClass(ClassLoader.java:266)
	at java.lang.Class.forName0(Native Method)
	at java.lang.Class.forName(Class.java:186)
	at com.topcoder.db.connectionfactory.producers.JDBCConnectionProducer.&lt;init&gt;(JDBCConnectionProducer.java:315)
</error>
  </testcase>
  <testcase classname="com.topcoder.management.deliverable.failuretests.PersistenceUploadManagerTest" name="testRemoveSubmissionType_SubmissionTypeIsInvalid" time="0.002">
    <error message="Unexpected errors- " type="com.topcoder.db.connectionfactory.ConfigurationException">com.topcoder.db.connectionfactory.ConfigurationException: Unexpected errors- 
	at com.topcoder.db.connectionfactory.DBConnectionFactoryImpl.&lt;init&gt;(DBConnectionFactoryImpl.java:278)
	at com.topcoder.management.deliverable.DeliverableTestHelper.executeBatch(DeliverableTestHelper.java:70)
	at com.topcoder.management.deliverable.failuretests.PersistenceUploadManagerTest.setUp(PersistenceUploadManagerTest.java:64)
Caused by: java.lang.reflect.InvocationTargetException
	at java.lang.reflect.Constructor.newInstance(Constructor.java:532)
	at com.topcoder.db.connectionfactory.DBConnectionFactoryImpl.createObject(DBConnectionFactoryImpl.java:453)
	at com.topcoder.db.connectionfactory.DBConnectionFactoryImpl.&lt;init&gt;(DBConnectionFactoryImpl.java:262)
Caused by: java.lang.ClassNotFoundException: The class name com.informix.jdbc.IfxDriver is invalid.
	at com.topcoder.db.connectionfactory.producers.JDBCConnectionProducer.&lt;init&gt;(JDBCConnectionProducer.java:317)
Caused by: java.lang.ClassNotFoundException: com.informix.jdbc.IfxDriver
	at java.net.URLClassLoader$1.run(URLClassLoader.java:217)
	at java.security.AccessController.doPrivileged(Native Method)
	at java.net.URLClassLoader.findClass(URLClassLoader.java:205)
	at java.lang.ClassLoader.loadClass(ClassLoader.java:321)
	at sun.misc.Launcher$AppClassLoader.loadClass(Launcher.java:294)
	at java.lang.ClassLoader.loadClass(ClassLoader.java:266)
	at java.lang.Class.forName0(Native Method)
	at java.lang.Class.forName(Class.java:186)
	at com.topcoder.db.connectionfactory.producers.JDBCConnectionProducer.&lt;init&gt;(JDBCConnectionProducer.java:315)
</error>
  </testcase>
  <testcase classname="com.topcoder.management.deliverable.failuretests.PersistenceUploadManagerTest" name="testRemoveSubmissionType_OperatorNull" time="0.002">
    <error message="Unexpected errors- " type="com.topcoder.db.connectionfactory.ConfigurationException">com.topcoder.db.connectionfactory.ConfigurationException: Unexpected errors- 
	at com.topcoder.db.connectionfactory.DBConnectionFactoryImpl.&lt;init&gt;(DBConnectionFactoryImpl.java:278)
	at com.topcoder.management.deliverable.DeliverableTestHelper.executeBatch(DeliverableTestHelper.java:70)
	at com.topcoder.management.deliverable.failuretests.PersistenceUploadManagerTest.setUp(PersistenceUploadManagerTest.java:64)
Caused by: java.lang.reflect.InvocationTargetException
	at java.lang.reflect.Constructor.newInstance(Constructor.java:532)
	at com.topcoder.db.connectionfactory.DBConnectionFactoryImpl.createObject(DBConnectionFactoryImpl.java:453)
	at com.topcoder.db.connectionfactory.DBConnectionFactoryImpl.&lt;init&gt;(DBConnectionFactoryImpl.java:262)
Caused by: java.lang.ClassNotFoundException: The class name com.informix.jdbc.IfxDriver is invalid.
	at com.topcoder.db.connectionfactory.producers.JDBCConnectionProducer.&lt;init&gt;(JDBCConnectionProducer.java:317)
Caused by: java.lang.ClassNotFoundException: com.informix.jdbc.IfxDriver
	at java.net.URLClassLoader$1.run(URLClassLoader.java:217)
	at java.security.AccessController.doPrivileged(Native Method)
	at java.net.URLClassLoader.findClass(URLClassLoader.java:205)
	at java.lang.ClassLoader.loadClass(ClassLoader.java:321)
	at sun.misc.Launcher$AppClassLoader.loadClass(Launcher.java:294)
	at java.lang.ClassLoader.loadClass(ClassLoader.java:266)
	at java.lang.Class.forName0(Native Method)
	at java.lang.Class.forName(Class.java:186)
	at com.topcoder.db.connectionfactory.producers.JDBCConnectionProducer.&lt;init&gt;(JDBCConnectionProducer.java:315)
</error>
  </testcase>
  <testcase classname="com.topcoder.management.deliverable.failuretests.SubmissionFilterBuilderTest" name="testCreateProjectIdFilter" time="0.0" />
  <testcase classname="com.topcoder.management.deliverable.failuretests.SubmissionFilterBuilderTest" name="testCreateProjectIdFilterNegativeId" time="0.0" />
  <testcase classname="com.topcoder.management.deliverable.failuretests.SubmissionFilterBuilderTest" name="testCreateSubmissionIdFilterZeroId" time="0.0" />
  <testcase classname="com.topcoder.management.deliverable.failuretests.SubmissionFilterBuilderTest" name="testCreateSubmissionIdFilterNegativeId" time="0.001" />
  <testcase classname="com.topcoder.management.deliverable.failuretests.SubmissionFilterBuilderTest" name="testCreateResourceIdFilterZeroId" time="0.0" />
  <testcase classname="com.topcoder.management.deliverable.failuretests.SubmissionFilterBuilderTest" name="testCreateResourceIdFilterNegativeId" time="0.0" />
  <testcase classname="com.topcoder.management.deliverable.failuretests.SubmissionFilterBuilderTest" name="testCreateUploadIdFilterZeroId" time="0.0" />
  <testcase classname="com.topcoder.management.deliverable.failuretests.SubmissionFilterBuilderTest" name="testCreateUploadIdFilterNegativeId" time="0.0" />
  <testcase classname="com.topcoder.management.deliverable.failuretests.SubmissionFilterBuilderTest" name="testCreateSubmissionStatusIdFilterZeroId" time="0.0" />
  <testcase classname="com.topcoder.management.deliverable.failuretests.SubmissionFilterBuilderTest" name="testCreateSubmissionStatusIdFilterNegativeId" time="0.0" />
  <testcase classname="com.topcoder.management.deliverable.failuretests.SubmissionFilterBuilderTest" name="testcreateSubmissionTypeIdFilterNegativeId" time="0.0" />
  <testcase classname="com.topcoder.management.deliverable.failuretests.SubmissionStatusTest" name="testConstructor1ZeroId" time="0.0" />
  <testcase classname="com.topcoder.management.deliverable.failuretests.SubmissionStatusTest" name="testConstructor1NegativeId" time="0.0" />
  <testcase classname="com.topcoder.management.deliverable.failuretests.SubmissionStatusTest" name="testConstructor2ZeroId" time="0.0" />
  <testcase classname="com.topcoder.management.deliverable.failuretests.SubmissionStatusTest" name="testConstructor2NegativeId" time="0.001" />
  <testcase classname="com.topcoder.management.deliverable.failuretests.SubmissionTest" name="testSubmissionZeroId" time="0.0" />
  <testcase classname="com.topcoder.management.deliverable.failuretests.SubmissionTest" name="testSubmissionNegativeId" time="0.0" />
  <testcase classname="com.topcoder.management.deliverable.failuretests.SubmissionTest" name="testSetUpload" time="0.0" />
  <testcase classname="com.topcoder.management.deliverable.failuretests.SubmissionTest" name="testSetSubmissionStatus" time="0.0" />
  <testcase classname="com.topcoder.management.deliverable.failuretests.UploadFilterBuilderTest" name="testCreateProjectIdFilter" time="0.0" />
  <testcase classname="com.topcoder.management.deliverable.failuretests.UploadFilterBuilderTest" name="testCreateProjectIdFilterNegativeId" time="0.0" />
  <testcase classname="com.topcoder.management.deliverable.failuretests.UploadFilterBuilderTest" name="testCreateResourceIdFilterZeroId" time="0.0" />
  <testcase classname="com.topcoder.management.deliverable.failuretests.UploadFilterBuilderTest" name="testCreateResourceIdFilterNegativeId" time="0.0" />
  <testcase classname="com.topcoder.management.deliverable.failuretests.UploadFilterBuilderTest" name="testCreateUploadIdFilterZeroId" time="0.0" />
  <testcase classname="com.topcoder.management.deliverable.failuretests.UploadFilterBuilderTest" name="testCreateUploadIdFilterNegativeId" time="0.008" />
  <testcase classname="com.topcoder.management.deliverable.failuretests.UploadFilterBuilderTest" name="testCreateUploadTypeIdFilterZeroId" time="0.0" />
  <testcase classname="com.topcoder.management.deliverable.failuretests.UploadFilterBuilderTest" name="testCreateUploadTypeIdFilterNegativeId" time="0.0" />
  <testcase classname="com.topcoder.management.deliverable.failuretests.UploadFilterBuilderTest" name="testCreateUploadStatusIdFilterZeroId" time="0.0" />
  <testcase classname="com.topcoder.management.deliverable.failuretests.UploadFilterBuilderTest" name="testCreateUploadStatusIdFilterNegativeId" time="0.0" />
  <testcase classname="com.topcoder.management.deliverable.failuretests.UploadStatusTest" name="testConstructor1ZeroId" time="0.0" />
  <testcase classname="com.topcoder.management.deliverable.failuretests.UploadStatusTest" name="testConstructor1NegativeId" time="0.0" />
  <testcase classname="com.topcoder.management.deliverable.failuretests.UploadStatusTest" name="testConstructor2ZeroId" time="0.0" />
  <testcase classname="com.topcoder.management.deliverable.failuretests.UploadStatusTest" name="testConstructor2NegativeId" time="0.0" />
  <testcase classname="com.topcoder.management.deliverable.failuretests.UploadTest" name="testUploadZeroId" time="0.0" />
  <testcase classname="com.topcoder.management.deliverable.failuretests.UploadTest" name="testUploadNegativeId" time="0.0" />
  <testcase classname="com.topcoder.management.deliverable.failuretests.UploadTest" name="testSetUploadType" time="0.001" />
  <testcase classname="com.topcoder.management.deliverable.failuretests.UploadTest" name="testSetUploadStatus" time="0.0" />
  <testcase classname="com.topcoder.management.deliverable.failuretests.UploadTest" name="testSetOwnerZeroId" time="0.0" />
  <testcase classname="com.topcoder.management.deliverable.failuretests.UploadTest" name="testSetOwnerNegativeId" time="0.0" />
  <testcase classname="com.topcoder.management.deliverable.failuretests.UploadTest" name="testSetProjectZeroId" time="0.0" />
  <testcase classname="com.topcoder.management.deliverable.failuretests.UploadTest" name="testSetProjectNegativeId" time="0.0" />
  <testcase classname="com.topcoder.management.deliverable.failuretests.UploadTest" name="testSetParameter" time="0.0" />
  <testcase classname="com.topcoder.management.deliverable.failuretests.UploadTypeTest" name="testConstructor1ZeroId" time="0.0" />
  <testcase classname="com.topcoder.management.deliverable.failuretests.UploadTypeTest" name="testConstructor1NegativeId" time="0.0" />
  <testcase classname="com.topcoder.management.deliverable.failuretests.UploadTypeTest" name="testConstructor2ZeroId" time="0.0" />
  <testcase classname="com.topcoder.management.deliverable.failuretests.UploadTypeTest" name="testConstructor2NegativeId" time="0.0" />
  <testcase classname="com.topcoder.management.deliverable.failuretests.SubmissionTypeTests" name="testCtor2_IdIsZero" time="0.001" />
  <testcase classname="com.topcoder.management.deliverable.failuretests.SubmissionTypeTests" name="testCtor2_IdIsNegative" time="0.0" />
  <testcase classname="com.topcoder.management.deliverable.failuretests.SubmissionTypeTests" name="testCtor3_IdIsZero" time="0.0" />
  <testcase classname="com.topcoder.management.deliverable.failuretests.SubmissionTypeTests" name="testCtor3_IdIsNegative" time="0.0" />
  <testcase classname="com.topcoder.management.deliverable.accuracytests.IdAlreadySetExceptionAccuracyTests" name="testConstructor" time="0.009" />
  <testcase classname="com.topcoder.management.deliverable.accuracytests.DeliverablePersistenceExceptionAccuracyTests" name="testConstructorWithString" time="0.0" />
  <testcase classname="com.topcoder.management.deliverable.accuracytests.DeliverablePersistenceExceptionAccuracyTests" name="testConstructorWithStringAndCause" time="0.0" />
  <testcase classname="com.topcoder.management.deliverable.accuracytests.DeliverableCheckingExceptionAccuracyTests" name="testConstructorWithString" time="0.0" />
  <testcase classname="com.topcoder.management.deliverable.accuracytests.DeliverableCheckingExceptionAccuracyTests" name="testConstructorWithStringAndCause" time="0.0" />
  <testcase classname="com.topcoder.management.deliverable.accuracytests.UploadPersistenceExceptionAccuracyTests" name="testConstructorWithString" time="0.0" />
  <testcase classname="com.topcoder.management.deliverable.accuracytests.UploadPersistenceExceptionAccuracyTests" name="testConstructorWithStringAndCause" time="0.0" />
  <testcase classname="com.topcoder.management.deliverable.accuracytests.AuditedDeliverableStructureAccuracyTests" name="testUnsetIdValue" time="0.0" />
  <testcase classname="com.topcoder.management.deliverable.accuracytests.AuditedDeliverableStructureAccuracyTests" name="testDefaultConstructor" time="0.0" />
  <testcase classname="com.topcoder.management.deliverable.accuracytests.AuditedDeliverableStructureAccuracyTests" name="testConstructorWithId" time="0.001" />
  <testcase classname="com.topcoder.management.deliverable.accuracytests.AuditedDeliverableStructureAccuracyTests" name="testSetAndGetId" time="0.0" />
  <testcase classname="com.topcoder.management.deliverable.accuracytests.AuditedDeliverableStructureAccuracyTests" name="testSetAndGetCreationUser" time="0.0" />
  <testcase classname="com.topcoder.management.deliverable.accuracytests.AuditedDeliverableStructureAccuracyTests" name="testSetAndGetCreationTimestamp" time="0.0" />
  <testcase classname="com.topcoder.management.deliverable.accuracytests.AuditedDeliverableStructureAccuracyTests" name="testSetAndGetModificationUser" time="0.0" />
  <testcase classname="com.topcoder.management.deliverable.accuracytests.AuditedDeliverableStructureAccuracyTests" name="testSetAndGetModificationTimestamp" time="0.0" />
  <testcase classname="com.topcoder.management.deliverable.accuracytests.AuditedDeliverableStructureAccuracyTests" name="testIsValidToPersistNullCreationUser" time="0.0" />
  <testcase classname="com.topcoder.management.deliverable.accuracytests.AuditedDeliverableStructureAccuracyTests" name="testIsValidToPersistNullCreationTimestamp" time="0.0" />
  <testcase classname="com.topcoder.management.deliverable.accuracytests.AuditedDeliverableStructureAccuracyTests" name="testIsValidToPersistNullModificationUser" time="0.0" />
  <testcase classname="com.topcoder.management.deliverable.accuracytests.AuditedDeliverableStructureAccuracyTests" name="testIsValidToPersistNullModificationTimestamp" time="0.0" />
  <testcase classname="com.topcoder.management.deliverable.accuracytests.AuditedDeliverableStructureAccuracyTests" name="testIsValidToPersistModificationBeforeCreation" time="1.001" />
  <testcase classname="com.topcoder.management.deliverable.accuracytests.AuditedDeliverableStructureAccuracyTests" name="testIsValidToPersistValid" time="0.0" />
  <testcase classname="com.topcoder.management.deliverable.accuracytests.NamedDeliverableStructureAccuracyTests" name="testDefaultConstructor" time="0.001" />
  <testcase classname="com.topcoder.management.deliverable.accuracytests.NamedDeliverableStructureAccuracyTests" name="testIsValidToPersistValid" time="0.0" />
  <testcase classname="com.topcoder.management.deliverable.accuracytests.NamedDeliverableStructureAccuracyTests" name="testDefaultConstructorWithId" time="0.0" />
  <testcase classname="com.topcoder.management.deliverable.accuracytests.NamedDeliverableStructureAccuracyTests" name="testDefaultConstructorWithIdAndName" time="0.0" />
  <testcase classname="com.topcoder.management.deliverable.accuracytests.NamedDeliverableStructureAccuracyTests" name="testDefaultConstructorWithIdAndEmptyName" time="0.0" />
  <testcase classname="com.topcoder.management.deliverable.accuracytests.NamedDeliverableStructureAccuracyTests" name="testSetAndGetName" time="0.0" />
  <testcase classname="com.topcoder.management.deliverable.accuracytests.NamedDeliverableStructureAccuracyTests" name="testSetAndGetDescription" time="0.001" />
  <testcase classname="com.topcoder.management.deliverable.accuracytests.NamedDeliverableStructureAccuracyTests" name="testIsValidToPersistNullName" time="0.0" />
  <testcase classname="com.topcoder.management.deliverable.accuracytests.NamedDeliverableStructureAccuracyTests" name="testIsValidToPersistNullDescription" time="0.0" />
  <testcase classname="com.topcoder.management.deliverable.accuracytests.NamedDeliverableStructureAccuracyTests" name="testIsValidToPersistUnsetId" time="0.0" />
  <testcase classname="com.topcoder.management.deliverable.accuracytests.NamedDeliverableStructureAccuracyTests" name="testIsValidToPersistInvalidBase" time="0.0" />
  <testcase classname="com.topcoder.management.deliverable.accuracytests.SubmissionStatusAccuracyTests" name="testDefaultConstructor" time="0.0" />
  <testcase classname="com.topcoder.management.deliverable.accuracytests.SubmissionStatusAccuracyTests" name="testConstructorWithId" time="0.001" />
  <testcase classname="com.topcoder.management.deliverable.accuracytests.SubmissionStatusAccuracyTests" name="testConstructorWithIdAndName" time="0.0" />
  <testcase classname="com.topcoder.management.deliverable.accuracytests.SubmissionStatusAccuracyTests" name="testConstructorWithIdAndEmptyName" time="0.0" />
  <testcase classname="com.topcoder.management.deliverable.accuracytests.SubmissionTypeAccuracyTests" name="testDefaultConstructor" time="0.0" />
  <testcase classname="com.topcoder.management.deliverable.accuracytests.SubmissionTypeAccuracyTests" name="testConstructorWithId" time="0.0" />
  <testcase classname="com.topcoder.management.deliverable.accuracytests.SubmissionTypeAccuracyTests" name="testConstructorWithIdAndName" time="0.0" />
  <testcase classname="com.topcoder.management.deliverable.accuracytests.SubmissionTypeAccuracyTests" name="testConstructorWithIdAndEmptyName" time="0.001" />
  <testcase classname="com.topcoder.management.deliverable.accuracytests.UploadTypeAccuracyTests" name="testDefaultConstructor" time="0.0" />
  <testcase classname="com.topcoder.management.deliverable.accuracytests.UploadTypeAccuracyTests" name="testConstructorWithId" time="0.001" />
  <testcase classname="com.topcoder.management.deliverable.accuracytests.UploadTypeAccuracyTests" name="testConstructorWithIdAndName" time="0.0" />
  <testcase classname="com.topcoder.management.deliverable.accuracytests.UploadTypeAccuracyTests" name="testConstructorWithIdAndEmptyName" time="0.0" />
  <testcase classname="com.topcoder.management.deliverable.accuracytests.UploadStatusAccuracyTests" name="testDefaultConstructor" time="0.0" />
  <testcase classname="com.topcoder.management.deliverable.accuracytests.UploadStatusAccuracyTests" name="testConstructorWithId" time="0.0" />
  <testcase classname="com.topcoder.management.deliverable.accuracytests.UploadStatusAccuracyTests" name="testConstructorWithIdAndName" time="0.0" />
  <testcase classname="com.topcoder.management.deliverable.accuracytests.UploadStatusAccuracyTests" name="testConstructorWithIdAndEmptyName" time="0.0" />
  <testcase classname="com.topcoder.management.deliverable.accuracytests.UploadAccuracyTests" name="testDefaultConstructor" time="0.0" />
  <testcase classname="com.topcoder.management.deliverable.accuracytests.UploadAccuracyTests" name="testConstructorWithId" time="0.0" />
  <testcase classname="com.topcoder.management.deliverable.accuracytests.UploadAccuracyTests" name="testIsValidToPersistValid" time="0.0" />
  <testcase classname="com.topcoder.management.deliverable.accuracytests.UploadAccuracyTests" name="testPublicFieldValues" time="0.0" />
  <testcase classname="com.topcoder.management.deliverable.accuracytests.UploadAccuracyTests" name="testSetAndGetUploadType" time="0.0" />
  <testcase classname="com.topcoder.management.deliverable.accuracytests.UploadAccuracyTests" name="testSetAndGetUploadStatus" time="0.0" />
  <testcase classname="com.topcoder.management.deliverable.accuracytests.UploadAccuracyTests" name="testSetAndGetOwner" time="0.0" />
  <testcase classname="com.topcoder.management.deliverable.accuracytests.UploadAccuracyTests" name="testSetAndGetProject" time="0.0" />
  <testcase classname="com.topcoder.management.deliverable.accuracytests.UploadAccuracyTests" name="testSetAndGetParameter" time="0.001" />
  <testcase classname="com.topcoder.management.deliverable.accuracytests.UploadAccuracyTests" name="testIdValidPersistNullUploadType" time="0.0" />
  <testcase classname="com.topcoder.management.deliverable.accuracytests.UploadAccuracyTests" name="testIdValidPersistUnsetId" time="0.0" />
  <testcase classname="com.topcoder.management.deliverable.accuracytests.UploadAccuracyTests" name="testIdValidPersistNullUploadstatus" time="0.0" />
  <testcase classname="com.topcoder.management.deliverable.accuracytests.UploadAccuracyTests" name="testIdValidPersistUnsetOwner" time="0.0" />
  <testcase classname="com.topcoder.management.deliverable.accuracytests.UploadAccuracyTests" name="testIdValidPersistUnsetProject" time="0.0" />
  <testcase classname="com.topcoder.management.deliverable.accuracytests.UploadAccuracyTests" name="testIdValidPersistNullParameter" time="0.0" />
  <testcase classname="com.topcoder.management.deliverable.accuracytests.UploadAccuracyTests" name="testIdValidPersistInvalidUploadType" time="0.0" />
  <testcase classname="com.topcoder.management.deliverable.accuracytests.UploadAccuracyTests" name="testIdValidPersistInvalidUploadStatus" time="0.0" />
  <testcase classname="com.topcoder.management.deliverable.accuracytests.SubmissionAccuracyTests" name="testDefaultConstructor" time="0.0" />
  <testcase classname="com.topcoder.management.deliverable.accuracytests.SubmissionAccuracyTests" name="testConstructorWithId" time="0.0" />
  <testcase classname="com.topcoder.management.deliverable.accuracytests.SubmissionAccuracyTests" name="testIsValidToPersistValid" time="0.0" />
  <testcase classname="com.topcoder.management.deliverable.accuracytests.SubmissionAccuracyTests" name="testSetAndGetUploadStatus" time="0.0" />
  <testcase classname="com.topcoder.management.deliverable.accuracytests.SubmissionAccuracyTests" name="testIdValidPersistUnsetId" time="0.0" />
  <testcase classname="com.topcoder.management.deliverable.accuracytests.SubmissionAccuracyTests" name="testSetAndGetUpload" time="0.0" />
  <testcase classname="com.topcoder.management.deliverable.accuracytests.SubmissionAccuracyTests" name="testSetAndGetSubmissionType" time="0.001" />
  <testcase classname="com.topcoder.management.deliverable.accuracytests.SubmissionAccuracyTests" name="testIdValidPersistNullUpload" time="0.0" />
  <testcase classname="com.topcoder.management.deliverable.accuracytests.SubmissionAccuracyTests" name="testIdValidPersistNullSubmissionStatus" time="0.0" />
  <testcase classname="com.topcoder.management.deliverable.accuracytests.SubmissionAccuracyTests" name="testIdValidPersistNullSubmissionType" time="0.0" />
  <testcase classname="com.topcoder.management.deliverable.accuracytests.SubmissionAccuracyTests" name="testIdValidPersistInvalidUpload" time="0.0" />
  <testcase classname="com.topcoder.management.deliverable.accuracytests.SubmissionAccuracyTests" name="testIdValidPersistInvalidSubmissionStatus" time="0.0" />
  <testcase classname="com.topcoder.management.deliverable.accuracytests.SubmissionAccuracyTests" name="testIdValidPersistInvalidSubmissionType" time="0.0" />
  <testcase classname="com.topcoder.management.deliverable.accuracytests.DeliverableAccuracyTests" name="testConstructor" time="0.001" />
  <testcase classname="com.topcoder.management.deliverable.accuracytests.DeliverableAccuracyTests" name="testConstructorWithNullSubmission" time="0.0" />
  <testcase classname="com.topcoder.management.deliverable.accuracytests.DeliverableAccuracyTests" name="testIsRequired" time="0.0" />
  <testcase classname="com.topcoder.management.deliverable.accuracytests.DeliverableAccuracyTests" name="testSetAndGetCompletionDate" time="0.0" />
  <testcase classname="com.topcoder.management.deliverable.accuracytests.DeliverableAccuracyTests" name="testIsComplete" time="0.0" />
  <testcase classname="com.topcoder.management.deliverable.accuracytests.DeliverableAccuracyTests" name="testIsPerSubmission" time="0.0" />
  <testcase classname="com.topcoder.management.deliverable.accuracytests.UploadFilterBuilderAccuracyTests" name="testCreateProjectIdFilter" time="0.0" />
  <testcase classname="com.topcoder.management.deliverable.accuracytests.UploadFilterBuilderAccuracyTests" name="testCreateUploadIdFilter" time="0.0" />
  <testcase classname="com.topcoder.management.deliverable.accuracytests.UploadFilterBuilderAccuracyTests" name="testCreateUploadTypeIdFilter" time="0.0" />
  <testcase classname="com.topcoder.management.deliverable.accuracytests.UploadFilterBuilderAccuracyTests" name="testCreateUploadStatusIdFilter" time="0.0" />
  <testcase classname="com.topcoder.management.deliverable.accuracytests.UploadFilterBuilderAccuracyTests" name="testCreateResourceIdFilter" time="0.001" />
  <testcase classname="com.topcoder.management.deliverable.accuracytests.SubmissionFilterBuilderAccuracyTests" name="testCreateProjectIdFilter" time="0.0" />
  <testcase classname="com.topcoder.management.deliverable.accuracytests.SubmissionFilterBuilderAccuracyTests" name="testCreateUploadIdFilter" time="0.0" />
  <testcase classname="com.topcoder.management.deliverable.accuracytests.SubmissionFilterBuilderAccuracyTests" name="testCreateResourceIdFilter" time="0.0" />
  <testcase classname="com.topcoder.management.deliverable.accuracytests.SubmissionFilterBuilderAccuracyTests" name="testCreateSubmissionIdFilter" time="0.0" />
  <testcase classname="com.topcoder.management.deliverable.accuracytests.SubmissionFilterBuilderAccuracyTests" name="testCreateSubmissionStatusIdFilter" time="0.0" />
  <testcase classname="com.topcoder.management.deliverable.accuracytests.SubmissionFilterBuilderAccuracyTests" name="testCreateSubmissionTypeIdFilter" time="0.0" />
  <testcase classname="com.topcoder.management.deliverable.accuracytests.DeliverableFilterBuilderAccuracyTests" name="testCreateNameFilter" time="0.0" />
  <testcase classname="com.topcoder.management.deliverable.accuracytests.DeliverableFilterBuilderAccuracyTests" name="testCreateProjectIdFilter" time="0.0" />
  <testcase classname="com.topcoder.management.deliverable.accuracytests.DeliverableFilterBuilderAccuracyTests" name="testCreateResourceIdFilter" time="0.0" />
  <testcase classname="com.topcoder.management.deliverable.accuracytests.DeliverableFilterBuilderAccuracyTests" name="testCreateSubmissionIdFilter" time="0.0" />
  <testcase classname="com.topcoder.management.deliverable.accuracytests.DeliverableFilterBuilderAccuracyTests" name="testCreateDeliverableIdFilter" time="0.0" />
  <testcase classname="com.topcoder.management.deliverable.accuracytests.DeliverableFilterBuilderAccuracyTests" name="testCreatePhaseIdFilter" time="0.0" />
  <testcase classname="com.topcoder.management.deliverable.accuracytests.DeliverableFilterBuilderAccuracyTests" name="testCreateRequiredFilter" time="0.001" />
  <testcase classname="com.topcoder.management.deliverable.accuracytests.PersistenceDeliverableManagerAccuracyTests" name="testConstructor1_Valid" time="0.011">
    <error message="Unexpected errors- " type="com.topcoder.db.connectionfactory.ConfigurationException">com.topcoder.db.connectionfactory.ConfigurationException: Unexpected errors- 
	at com.topcoder.db.connectionfactory.DBConnectionFactoryImpl.&lt;init&gt;(DBConnectionFactoryImpl.java:278)
	at com.topcoder.management.deliverable.accuracytests.PersistenceDeliverableManagerAccuracyTests.setUp(PersistenceDeliverableManagerAccuracyTests.java:103)
Caused by: java.lang.reflect.InvocationTargetException
	at java.lang.reflect.Constructor.newInstance(Constructor.java:532)
	at com.topcoder.db.connectionfactory.DBConnectionFactoryImpl.createObject(DBConnectionFactoryImpl.java:453)
	at com.topcoder.db.connectionfactory.DBConnectionFactoryImpl.&lt;init&gt;(DBConnectionFactoryImpl.java:262)
Caused by: java.lang.ClassNotFoundException: The class name com.informix.jdbc.IfxDriver is invalid.
	at com.topcoder.db.connectionfactory.producers.JDBCConnectionProducer.&lt;init&gt;(JDBCConnectionProducer.java:317)
Caused by: java.lang.ClassNotFoundException: com.informix.jdbc.IfxDriver
	at java.net.URLClassLoader$1.run(URLClassLoader.java:217)
	at java.security.AccessController.doPrivileged(Native Method)
	at java.net.URLClassLoader.findClass(URLClassLoader.java:205)
	at java.lang.ClassLoader.loadClass(ClassLoader.java:321)
	at sun.misc.Launcher$AppClassLoader.loadClass(Launcher.java:294)
	at java.lang.ClassLoader.loadClass(ClassLoader.java:266)
	at java.lang.Class.forName0(Native Method)
	at java.lang.Class.forName(Class.java:186)
	at com.topcoder.db.connectionfactory.producers.JDBCConnectionProducer.&lt;init&gt;(JDBCConnectionProducer.java:315)
</error>
  </testcase>
  <testcase classname="com.topcoder.management.deliverable.accuracytests.PersistenceDeliverableManagerAccuracyTests" name="testConstructor2_searchBundleManagerEmpty1" time="0.007">
    <error message="Unexpected errors- " type="com.topcoder.db.connectionfactory.ConfigurationException">com.topcoder.db.connectionfactory.ConfigurationException: Unexpected errors- 
	at com.topcoder.db.connectionfactory.DBConnectionFactoryImpl.&lt;init&gt;(DBConnectionFactoryImpl.java:278)
	at com.topcoder.management.deliverable.accuracytests.PersistenceDeliverableManagerAccuracyTests.setUp(PersistenceDeliverableManagerAccuracyTests.java:103)
Caused by: java.lang.reflect.InvocationTargetException
	at java.lang.reflect.Constructor.newInstance(Constructor.java:532)
	at com.topcoder.db.connectionfactory.DBConnectionFactoryImpl.createObject(DBConnectionFactoryImpl.java:453)
	at com.topcoder.db.connectionfactory.DBConnectionFactoryImpl.&lt;init&gt;(DBConnectionFactoryImpl.java:262)
Caused by: java.lang.ClassNotFoundException: The class name com.informix.jdbc.IfxDriver is invalid.
	at com.topcoder.db.connectionfactory.producers.JDBCConnectionProducer.&lt;init&gt;(JDBCConnectionProducer.java:317)
Caused by: java.lang.ClassNotFoundException: com.informix.jdbc.IfxDriver
	at java.net.URLClassLoader$1.run(URLClassLoader.java:217)
	at java.security.AccessController.doPrivileged(Native Method)
	at java.net.URLClassLoader.findClass(URLClassLoader.java:205)
	at java.lang.ClassLoader.loadClass(ClassLoader.java:321)
	at sun.misc.Launcher$AppClassLoader.loadClass(Launcher.java:294)
	at java.lang.ClassLoader.loadClass(ClassLoader.java:266)
	at java.lang.Class.forName0(Native Method)
	at java.lang.Class.forName(Class.java:186)
	at com.topcoder.db.connectionfactory.producers.JDBCConnectionProducer.&lt;init&gt;(JDBCConnectionProducer.java:315)
</error>
  </testcase>
  <testcase classname="com.topcoder.management.deliverable.accuracytests.PersistenceDeliverableManagerAccuracyTests" name="testConstructor2_searchBundleManagerEmpty2" time="0.007">
    <error message="Unexpected errors- " type="com.topcoder.db.connectionfactory.ConfigurationException">com.topcoder.db.connectionfactory.ConfigurationException: Unexpected errors- 
	at com.topcoder.db.connectionfactory.DBConnectionFactoryImpl.&lt;init&gt;(DBConnectionFactoryImpl.java:278)
	at com.topcoder.management.deliverable.accuracytests.PersistenceDeliverableManagerAccuracyTests.setUp(PersistenceDeliverableManagerAccuracyTests.java:103)
Caused by: java.lang.reflect.InvocationTargetException
	at java.lang.reflect.Constructor.newInstance(Constructor.java:532)
	at com.topcoder.db.connectionfactory.DBConnectionFactoryImpl.createObject(DBConnectionFactoryImpl.java:453)
	at com.topcoder.db.connectionfactory.DBConnectionFactoryImpl.&lt;init&gt;(DBConnectionFactoryImpl.java:262)
Caused by: java.lang.ClassNotFoundException: The class name com.informix.jdbc.IfxDriver is invalid.
	at com.topcoder.db.connectionfactory.producers.JDBCConnectionProducer.&lt;init&gt;(JDBCConnectionProducer.java:317)
Caused by: java.lang.ClassNotFoundException: com.informix.jdbc.IfxDriver
	at java.net.URLClassLoader$1.run(URLClassLoader.java:217)
	at java.security.AccessController.doPrivileged(Native Method)
	at java.net.URLClassLoader.findClass(URLClassLoader.java:205)
	at java.lang.ClassLoader.loadClass(ClassLoader.java:321)
	at sun.misc.Launcher$AppClassLoader.loadClass(Launcher.java:294)
	at java.lang.ClassLoader.loadClass(ClassLoader.java:266)
	at java.lang.Class.forName0(Native Method)
	at java.lang.Class.forName(Class.java:186)
	at com.topcoder.db.connectionfactory.producers.JDBCConnectionProducer.&lt;init&gt;(JDBCConnectionProducer.java:315)
</error>
  </testcase>
  <testcase classname="com.topcoder.management.deliverable.accuracytests.PersistenceDeliverableManagerAccuracyTests" name="testSearchDeliverablesWithSubmissionFilter_Accuracy" time="0.007">
    <error message="Unexpected errors- " type="com.topcoder.db.connectionfactory.ConfigurationException">com.topcoder.db.connectionfactory.ConfigurationException: Unexpected errors- 
	at com.topcoder.db.connectionfactory.DBConnectionFactoryImpl.&lt;init&gt;(DBConnectionFactoryImpl.java:278)
	at com.topcoder.management.deliverable.accuracytests.PersistenceDeliverableManagerAccuracyTests.setUp(PersistenceDeliverableManagerAccuracyTests.java:103)
Caused by: java.lang.reflect.InvocationTargetException
	at java.lang.reflect.Constructor.newInstance(Constructor.java:532)
	at com.topcoder.db.connectionfactory.DBConnectionFactoryImpl.createObject(DBConnectionFactoryImpl.java:453)
	at com.topcoder.db.connectionfactory.DBConnectionFactoryImpl.&lt;init&gt;(DBConnectionFactoryImpl.java:262)
Caused by: java.lang.ClassNotFoundException: The class name com.informix.jdbc.IfxDriver is invalid.
	at com.topcoder.db.connectionfactory.producers.JDBCConnectionProducer.&lt;init&gt;(JDBCConnectionProducer.java:317)
Caused by: java.lang.ClassNotFoundException: com.informix.jdbc.IfxDriver
	at java.net.URLClassLoader$1.run(URLClassLoader.java:217)
	at java.security.AccessController.doPrivileged(Native Method)
	at java.net.URLClassLoader.findClass(URLClassLoader.java:205)
	at java.lang.ClassLoader.loadClass(ClassLoader.java:321)
	at sun.misc.Launcher$AppClassLoader.loadClass(Launcher.java:294)
	at java.lang.ClassLoader.loadClass(ClassLoader.java:266)
	at java.lang.Class.forName0(Native Method)
	at java.lang.Class.forName(Class.java:186)
	at com.topcoder.db.connectionfactory.producers.JDBCConnectionProducer.&lt;init&gt;(JDBCConnectionProducer.java:315)
</error>
  </testcase>
  <testcase classname="com.topcoder.management.deliverable.accuracytests.PersistenceDeliverableManagerAccuracyTests" name="testSearchDeliverablesByDeliverableId" time="0.008">
    <error message="Unexpected errors- " type="com.topcoder.db.connectionfactory.ConfigurationException">com.topcoder.db.connectionfactory.ConfigurationException: Unexpected errors- 
	at com.topcoder.db.connectionfactory.DBConnectionFactoryImpl.&lt;init&gt;(DBConnectionFactoryImpl.java:278)
	at com.topcoder.management.deliverable.accuracytests.PersistenceDeliverableManagerAccuracyTests.setUp(PersistenceDeliverableManagerAccuracyTests.java:103)
Caused by: java.lang.reflect.InvocationTargetException
	at java.lang.reflect.Constructor.newInstance(Constructor.java:532)
	at com.topcoder.db.connectionfactory.DBConnectionFactoryImpl.createObject(DBConnectionFactoryImpl.java:453)
	at com.topcoder.db.connectionfactory.DBConnectionFactoryImpl.&lt;init&gt;(DBConnectionFactoryImpl.java:262)
Caused by: java.lang.ClassNotFoundException: The class name com.informix.jdbc.IfxDriver is invalid.
	at com.topcoder.db.connectionfactory.producers.JDBCConnectionProducer.&lt;init&gt;(JDBCConnectionProducer.java:317)
Caused by: java.lang.ClassNotFoundException: com.informix.jdbc.IfxDriver
	at java.net.URLClassLoader$1.run(URLClassLoader.java:217)
	at java.security.AccessController.doPrivileged(Native Method)
	at java.net.URLClassLoader.findClass(URLClassLoader.java:205)
	at java.lang.ClassLoader.loadClass(ClassLoader.java:321)
	at sun.misc.Launcher$AppClassLoader.loadClass(Launcher.java:294)
	at java.lang.ClassLoader.loadClass(ClassLoader.java:266)
	at java.lang.Class.forName0(Native Method)
	at java.lang.Class.forName(Class.java:186)
	at com.topcoder.db.connectionfactory.producers.JDBCConnectionProducer.&lt;init&gt;(JDBCConnectionProducer.java:315)
</error>
  </testcase>
  <testcase classname="com.topcoder.management.deliverable.accuracytests.PersistenceDeliverableManagerAccuracyTests" name="testSearchDeliverablesByName" time="0.008">
    <error message="Unexpected errors- " type="com.topcoder.db.connectionfactory.ConfigurationException">com.topcoder.db.connectionfactory.ConfigurationException: Unexpected errors- 
	at com.topcoder.db.connectionfactory.DBConnectionFactoryImpl.&lt;init&gt;(DBConnectionFactoryImpl.java:278)
	at com.topcoder.management.deliverable.accuracytests.PersistenceDeliverableManagerAccuracyTests.setUp(PersistenceDeliverableManagerAccuracyTests.java:103)
Caused by: java.lang.reflect.InvocationTargetException
	at java.lang.reflect.Constructor.newInstance(Constructor.java:532)
	at com.topcoder.db.connectionfactory.DBConnectionFactoryImpl.createObject(DBConnectionFactoryImpl.java:453)
	at com.topcoder.db.connectionfactory.DBConnectionFactoryImpl.&lt;init&gt;(DBConnectionFactoryImpl.java:262)
Caused by: java.lang.ClassNotFoundException: The class name com.informix.jdbc.IfxDriver is invalid.
	at com.topcoder.db.connectionfactory.producers.JDBCConnectionProducer.&lt;init&gt;(JDBCConnectionProducer.java:317)
Caused by: java.lang.ClassNotFoundException: com.informix.jdbc.IfxDriver
	at java.net.URLClassLoader$1.run(URLClassLoader.java:217)
	at java.security.AccessController.doPrivileged(Native Method)
	at java.net.URLClassLoader.findClass(URLClassLoader.java:205)
	at java.lang.ClassLoader.loadClass(ClassLoader.java:321)
	at sun.misc.Launcher$AppClassLoader.loadClass(Launcher.java:294)
	at java.lang.ClassLoader.loadClass(ClassLoader.java:266)
	at java.lang.Class.forName0(Native Method)
	at java.lang.Class.forName(Class.java:186)
	at com.topcoder.db.connectionfactory.producers.JDBCConnectionProducer.&lt;init&gt;(JDBCConnectionProducer.java:315)
</error>
  </testcase>
  <testcase classname="com.topcoder.management.deliverable.accuracytests.PersistenceDeliverableManagerAccuracyTests" name="testSearchDeliverablesByProjectId" time="0.007">
    <error message="Unexpected errors- " type="com.topcoder.db.connectionfactory.ConfigurationException">com.topcoder.db.connectionfactory.ConfigurationException: Unexpected errors- 
	at com.topcoder.db.connectionfactory.DBConnectionFactoryImpl.&lt;init&gt;(DBConnectionFactoryImpl.java:278)
	at com.topcoder.management.deliverable.accuracytests.PersistenceDeliverableManagerAccuracyTests.setUp(PersistenceDeliverableManagerAccuracyTests.java:103)
Caused by: java.lang.reflect.InvocationTargetException
	at java.lang.reflect.Constructor.newInstance(Constructor.java:532)
	at com.topcoder.db.connectionfactory.DBConnectionFactoryImpl.createObject(DBConnectionFactoryImpl.java:453)
	at com.topcoder.db.connectionfactory.DBConnectionFactoryImpl.&lt;init&gt;(DBConnectionFactoryImpl.java:262)
Caused by: java.lang.ClassNotFoundException: The class name com.informix.jdbc.IfxDriver is invalid.
	at com.topcoder.db.connectionfactory.producers.JDBCConnectionProducer.&lt;init&gt;(JDBCConnectionProducer.java:317)
Caused by: java.lang.ClassNotFoundException: com.informix.jdbc.IfxDriver
	at java.net.URLClassLoader$1.run(URLClassLoader.java:217)
	at java.security.AccessController.doPrivileged(Native Method)
	at java.net.URLClassLoader.findClass(URLClassLoader.java:205)
	at java.lang.ClassLoader.loadClass(ClassLoader.java:321)
	at sun.misc.Launcher$AppClassLoader.loadClass(Launcher.java:294)
	at java.lang.ClassLoader.loadClass(ClassLoader.java:266)
	at java.lang.Class.forName0(Native Method)
	at java.lang.Class.forName(Class.java:186)
	at com.topcoder.db.connectionfactory.producers.JDBCConnectionProducer.&lt;init&gt;(JDBCConnectionProducer.java:315)
</error>
  </testcase>
  <testcase classname="com.topcoder.management.deliverable.accuracytests.PersistenceDeliverableManagerAccuracyTests" name="testSearchDeliverablesByPhaseId" time="0.006">
    <error message="Unexpected errors- " type="com.topcoder.db.connectionfactory.ConfigurationException">com.topcoder.db.connectionfactory.ConfigurationException: Unexpected errors- 
	at com.topcoder.db.connectionfactory.DBConnectionFactoryImpl.&lt;init&gt;(DBConnectionFactoryImpl.java:278)
	at com.topcoder.management.deliverable.accuracytests.PersistenceDeliverableManagerAccuracyTests.setUp(PersistenceDeliverableManagerAccuracyTests.java:103)
Caused by: java.lang.reflect.InvocationTargetException
	at java.lang.reflect.Constructor.newInstance(Constructor.java:532)
	at com.topcoder.db.connectionfactory.DBConnectionFactoryImpl.createObject(DBConnectionFactoryImpl.java:453)
	at com.topcoder.db.connectionfactory.DBConnectionFactoryImpl.&lt;init&gt;(DBConnectionFactoryImpl.java:262)
Caused by: java.lang.ClassNotFoundException: The class name com.informix.jdbc.IfxDriver is invalid.
	at com.topcoder.db.connectionfactory.producers.JDBCConnectionProducer.&lt;init&gt;(JDBCConnectionProducer.java:317)
Caused by: java.lang.ClassNotFoundException: com.informix.jdbc.IfxDriver
	at java.net.URLClassLoader$1.run(URLClassLoader.java:217)
	at java.security.AccessController.doPrivileged(Native Method)
	at java.net.URLClassLoader.findClass(URLClassLoader.java:205)
	at java.lang.ClassLoader.loadClass(ClassLoader.java:321)
	at sun.misc.Launcher$AppClassLoader.loadClass(Launcher.java:294)
	at java.lang.ClassLoader.loadClass(ClassLoader.java:266)
	at java.lang.Class.forName0(Native Method)
	at java.lang.Class.forName(Class.java:186)
	at com.topcoder.db.connectionfactory.producers.JDBCConnectionProducer.&lt;init&gt;(JDBCConnectionProducer.java:315)
</error>
  </testcase>
  <testcase classname="com.topcoder.management.deliverable.accuracytests.PersistenceDeliverableManagerAccuracyTests" name="testSearchDeliverablesByResourceRoleId" time="0.006">
    <error message="Unexpected errors- " type="com.topcoder.db.connectionfactory.ConfigurationException">com.topcoder.db.connectionfactory.ConfigurationException: Unexpected errors- 
	at com.topcoder.db.connectionfactory.DBConnectionFactoryImpl.&lt;init&gt;(DBConnectionFactoryImpl.java:278)
	at com.topcoder.management.deliverable.accuracytests.PersistenceDeliverableManagerAccuracyTests.setUp(PersistenceDeliverableManagerAccuracyTests.java:103)
Caused by: java.lang.reflect.InvocationTargetException
	at java.lang.reflect.Constructor.newInstance(Constructor.java:532)
	at com.topcoder.db.connectionfactory.DBConnectionFactoryImpl.createObject(DBConnectionFactoryImpl.java:453)
	at com.topcoder.db.connectionfactory.DBConnectionFactoryImpl.&lt;init&gt;(DBConnectionFactoryImpl.java:262)
Caused by: java.lang.ClassNotFoundException: The class name com.informix.jdbc.IfxDriver is invalid.
	at com.topcoder.db.connectionfactory.producers.JDBCConnectionProducer.&lt;init&gt;(JDBCConnectionProducer.java:317)
Caused by: java.lang.ClassNotFoundException: com.informix.jdbc.IfxDriver
	at java.net.URLClassLoader$1.run(URLClassLoader.java:217)
	at java.security.AccessController.doPrivileged(Native Method)
	at java.net.URLClassLoader.findClass(URLClassLoader.java:205)
	at java.lang.ClassLoader.loadClass(ClassLoader.java:321)
	at sun.misc.Launcher$AppClassLoader.loadClass(Launcher.java:294)
	at java.lang.ClassLoader.loadClass(ClassLoader.java:266)
	at java.lang.Class.forName0(Native Method)
	at java.lang.Class.forName(Class.java:186)
	at com.topcoder.db.connectionfactory.producers.JDBCConnectionProducer.&lt;init&gt;(JDBCConnectionProducer.java:315)
</error>
  </testcase>
  <testcase classname="com.topcoder.management.deliverable.accuracytests.PersistenceDeliverableManagerAccuracyTests" name="testSearchDeliverablesByRequired" time="0.006">
    <error message="Unexpected errors- " type="com.topcoder.db.connectionfactory.ConfigurationException">com.topcoder.db.connectionfactory.ConfigurationException: Unexpected errors- 
	at com.topcoder.db.connectionfactory.DBConnectionFactoryImpl.&lt;init&gt;(DBConnectionFactoryImpl.java:278)
	at com.topcoder.management.deliverable.accuracytests.PersistenceDeliverableManagerAccuracyTests.setUp(PersistenceDeliverableManagerAccuracyTests.java:103)
Caused by: java.lang.reflect.InvocationTargetException
	at java.lang.reflect.Constructor.newInstance(Constructor.java:532)
	at com.topcoder.db.connectionfactory.DBConnectionFactoryImpl.createObject(DBConnectionFactoryImpl.java:453)
	at com.topcoder.db.connectionfactory.DBConnectionFactoryImpl.&lt;init&gt;(DBConnectionFactoryImpl.java:262)
Caused by: java.lang.ClassNotFoundException: The class name com.informix.jdbc.IfxDriver is invalid.
	at com.topcoder.db.connectionfactory.producers.JDBCConnectionProducer.&lt;init&gt;(JDBCConnectionProducer.java:317)
Caused by: java.lang.ClassNotFoundException: com.informix.jdbc.IfxDriver
	at java.net.URLClassLoader$1.run(URLClassLoader.java:217)
	at java.security.AccessController.doPrivileged(Native Method)
	at java.net.URLClassLoader.findClass(URLClassLoader.java:205)
	at java.lang.ClassLoader.loadClass(ClassLoader.java:321)
	at sun.misc.Launcher$AppClassLoader.loadClass(Launcher.java:294)
	at java.lang.ClassLoader.loadClass(ClassLoader.java:266)
	at java.lang.Class.forName0(Native Method)
	at java.lang.Class.forName(Class.java:186)
	at com.topcoder.db.connectionfactory.producers.JDBCConnectionProducer.&lt;init&gt;(JDBCConnectionProducer.java:315)
</error>
  </testcase>
  <testcase classname="com.topcoder.management.deliverable.accuracytests.PersistenceDeliverableManagerAccuracyTests" name="testSearchDeliverablesWithSubmissionFilterByDeliverableId" time="0.007">
    <error message="Unexpected errors- " type="com.topcoder.db.connectionfactory.ConfigurationException">com.topcoder.db.connectionfactory.ConfigurationException: Unexpected errors- 
	at com.topcoder.db.connectionfactory.DBConnectionFactoryImpl.&lt;init&gt;(DBConnectionFactoryImpl.java:278)
	at com.topcoder.management.deliverable.accuracytests.PersistenceDeliverableManagerAccuracyTests.setUp(PersistenceDeliverableManagerAccuracyTests.java:103)
Caused by: java.lang.reflect.InvocationTargetException
	at java.lang.reflect.Constructor.newInstance(Constructor.java:532)
	at com.topcoder.db.connectionfactory.DBConnectionFactoryImpl.createObject(DBConnectionFactoryImpl.java:453)
	at com.topcoder.db.connectionfactory.DBConnectionFactoryImpl.&lt;init&gt;(DBConnectionFactoryImpl.java:262)
Caused by: java.lang.ClassNotFoundException: The class name com.informix.jdbc.IfxDriver is invalid.
	at com.topcoder.db.connectionfactory.producers.JDBCConnectionProducer.&lt;init&gt;(JDBCConnectionProducer.java:317)
Caused by: java.lang.ClassNotFoundException: com.informix.jdbc.IfxDriver
	at java.net.URLClassLoader$1.run(URLClassLoader.java:217)
	at java.security.AccessController.doPrivileged(Native Method)
	at java.net.URLClassLoader.findClass(URLClassLoader.java:205)
	at java.lang.ClassLoader.loadClass(ClassLoader.java:321)
	at sun.misc.Launcher$AppClassLoader.loadClass(Launcher.java:294)
	at java.lang.ClassLoader.loadClass(ClassLoader.java:266)
	at java.lang.Class.forName0(Native Method)
	at java.lang.Class.forName(Class.java:186)
	at com.topcoder.db.connectionfactory.producers.JDBCConnectionProducer.&lt;init&gt;(JDBCConnectionProducer.java:315)
</error>
  </testcase>
  <testcase classname="com.topcoder.management.deliverable.accuracytests.PersistenceDeliverableManagerAccuracyTests" name="testSearchDeliverablesWithSubmissionFilterByName" time="0.007">
    <error message="Unexpected errors- " type="com.topcoder.db.connectionfactory.ConfigurationException">com.topcoder.db.connectionfactory.ConfigurationException: Unexpected errors- 
	at com.topcoder.db.connectionfactory.DBConnectionFactoryImpl.&lt;init&gt;(DBConnectionFactoryImpl.java:278)
	at com.topcoder.management.deliverable.accuracytests.PersistenceDeliverableManagerAccuracyTests.setUp(PersistenceDeliverableManagerAccuracyTests.java:103)
Caused by: java.lang.reflect.InvocationTargetException
	at java.lang.reflect.Constructor.newInstance(Constructor.java:532)
	at com.topcoder.db.connectionfactory.DBConnectionFactoryImpl.createObject(DBConnectionFactoryImpl.java:453)
	at com.topcoder.db.connectionfactory.DBConnectionFactoryImpl.&lt;init&gt;(DBConnectionFactoryImpl.java:262)
Caused by: java.lang.ClassNotFoundException: The class name com.informix.jdbc.IfxDriver is invalid.
	at com.topcoder.db.connectionfactory.producers.JDBCConnectionProducer.&lt;init&gt;(JDBCConnectionProducer.java:317)
Caused by: java.lang.ClassNotFoundException: com.informix.jdbc.IfxDriver
	at java.net.URLClassLoader$1.run(URLClassLoader.java:217)
	at java.security.AccessController.doPrivileged(Native Method)
	at java.net.URLClassLoader.findClass(URLClassLoader.java:205)
	at java.lang.ClassLoader.loadClass(ClassLoader.java:321)
	at sun.misc.Launcher$AppClassLoader.loadClass(Launcher.java:294)
	at java.lang.ClassLoader.loadClass(ClassLoader.java:266)
	at java.lang.Class.forName0(Native Method)
	at java.lang.Class.forName(Class.java:186)
	at com.topcoder.db.connectionfactory.producers.JDBCConnectionProducer.&lt;init&gt;(JDBCConnectionProducer.java:315)
</error>
  </testcase>
  <testcase classname="com.topcoder.management.deliverable.accuracytests.PersistenceDeliverableManagerAccuracyTests" name="testSearchDeliverablesWithSubmissionFilterByProjectId" time="0.006">
    <error message="Unexpected errors- " type="com.topcoder.db.connectionfactory.ConfigurationException">com.topcoder.db.connectionfactory.ConfigurationException: Unexpected errors- 
	at com.topcoder.db.connectionfactory.DBConnectionFactoryImpl.&lt;init&gt;(DBConnectionFactoryImpl.java:278)
	at com.topcoder.management.deliverable.accuracytests.PersistenceDeliverableManagerAccuracyTests.setUp(PersistenceDeliverableManagerAccuracyTests.java:103)
Caused by: java.lang.reflect.InvocationTargetException
	at java.lang.reflect.Constructor.newInstance(Constructor.java:532)
	at com.topcoder.db.connectionfactory.DBConnectionFactoryImpl.createObject(DBConnectionFactoryImpl.java:453)
	at com.topcoder.db.connectionfactory.DBConnectionFactoryImpl.&lt;init&gt;(DBConnectionFactoryImpl.java:262)
Caused by: java.lang.ClassNotFoundException: The class name com.informix.jdbc.IfxDriver is invalid.
	at com.topcoder.db.connectionfactory.producers.JDBCConnectionProducer.&lt;init&gt;(JDBCConnectionProducer.java:317)
Caused by: java.lang.ClassNotFoundException: com.informix.jdbc.IfxDriver
	at java.net.URLClassLoader$1.run(URLClassLoader.java:217)
	at java.security.AccessController.doPrivileged(Native Method)
	at java.net.URLClassLoader.findClass(URLClassLoader.java:205)
	at java.lang.ClassLoader.loadClass(ClassLoader.java:321)
	at sun.misc.Launcher$AppClassLoader.loadClass(Launcher.java:294)
	at java.lang.ClassLoader.loadClass(ClassLoader.java:266)
	at java.lang.Class.forName0(Native Method)
	at java.lang.Class.forName(Class.java:186)
	at com.topcoder.db.connectionfactory.producers.JDBCConnectionProducer.&lt;init&gt;(JDBCConnectionProducer.java:315)
</error>
  </testcase>
  <testcase classname="com.topcoder.management.deliverable.accuracytests.PersistenceDeliverableManagerAccuracyTests" name="testSearchDeliverablesWithSubmissionFilterByPhaseId" time="0.006">
    <error message="Unexpected errors- " type="com.topcoder.db.connectionfactory.ConfigurationException">com.topcoder.db.connectionfactory.ConfigurationException: Unexpected errors- 
	at com.topcoder.db.connectionfactory.DBConnectionFactoryImpl.&lt;init&gt;(DBConnectionFactoryImpl.java:278)
	at com.topcoder.management.deliverable.accuracytests.PersistenceDeliverableManagerAccuracyTests.setUp(PersistenceDeliverableManagerAccuracyTests.java:103)
Caused by: java.lang.reflect.InvocationTargetException
	at java.lang.reflect.Constructor.newInstance(Constructor.java:532)
	at com.topcoder.db.connectionfactory.DBConnectionFactoryImpl.createObject(DBConnectionFactoryImpl.java:453)
	at com.topcoder.db.connectionfactory.DBConnectionFactoryImpl.&lt;init&gt;(DBConnectionFactoryImpl.java:262)
Caused by: java.lang.ClassNotFoundException: The class name com.informix.jdbc.IfxDriver is invalid.
	at com.topcoder.db.connectionfactory.producers.JDBCConnectionProducer.&lt;init&gt;(JDBCConnectionProducer.java:317)
Caused by: java.lang.ClassNotFoundException: com.informix.jdbc.IfxDriver
	at java.net.URLClassLoader$1.run(URLClassLoader.java:217)
	at java.security.AccessController.doPrivileged(Native Method)
	at java.net.URLClassLoader.findClass(URLClassLoader.java:205)
	at java.lang.ClassLoader.loadClass(ClassLoader.java:321)
	at sun.misc.Launcher$AppClassLoader.loadClass(Launcher.java:294)
	at java.lang.ClassLoader.loadClass(ClassLoader.java:266)
	at java.lang.Class.forName0(Native Method)
	at java.lang.Class.forName(Class.java:186)
	at com.topcoder.db.connectionfactory.producers.JDBCConnectionProducer.&lt;init&gt;(JDBCConnectionProducer.java:315)
</error>
  </testcase>
  <testcase classname="com.topcoder.management.deliverable.accuracytests.PersistenceDeliverableManagerAccuracyTests" name="testSearchDeliverablesWithSubmissionFilterByResourceRoleId" time="0.008">
    <error message="Unexpected errors- " type="com.topcoder.db.connectionfactory.ConfigurationException">com.topcoder.db.connectionfactory.ConfigurationException: Unexpected errors- 
	at com.topcoder.db.connectionfactory.DBConnectionFactoryImpl.&lt;init&gt;(DBConnectionFactoryImpl.java:278)
	at com.topcoder.management.deliverable.accuracytests.PersistenceDeliverableManagerAccuracyTests.setUp(PersistenceDeliverableManagerAccuracyTests.java:103)
Caused by: java.lang.reflect.InvocationTargetException
	at java.lang.reflect.Constructor.newInstance(Constructor.java:532)
	at com.topcoder.db.connectionfactory.DBConnectionFactoryImpl.createObject(DBConnectionFactoryImpl.java:453)
	at com.topcoder.db.connectionfactory.DBConnectionFactoryImpl.&lt;init&gt;(DBConnectionFactoryImpl.java:262)
Caused by: java.lang.ClassNotFoundException: The class name com.informix.jdbc.IfxDriver is invalid.
	at com.topcoder.db.connectionfactory.producers.JDBCConnectionProducer.&lt;init&gt;(JDBCConnectionProducer.java:317)
Caused by: java.lang.ClassNotFoundException: com.informix.jdbc.IfxDriver
	at java.net.URLClassLoader$1.run(URLClassLoader.java:217)
	at java.security.AccessController.doPrivileged(Native Method)
	at java.net.URLClassLoader.findClass(URLClassLoader.java:205)
	at java.lang.ClassLoader.loadClass(ClassLoader.java:321)
	at sun.misc.Launcher$AppClassLoader.loadClass(Launcher.java:294)
	at java.lang.ClassLoader.loadClass(ClassLoader.java:266)
	at java.lang.Class.forName0(Native Method)
	at java.lang.Class.forName(Class.java:186)
	at com.topcoder.db.connectionfactory.producers.JDBCConnectionProducer.&lt;init&gt;(JDBCConnectionProducer.java:315)
</error>
  </testcase>
  <testcase classname="com.topcoder.management.deliverable.accuracytests.PersistenceDeliverableManagerAccuracyTests" name="testSearchDeliverablesWithSubmissionFilterBySubmissionId" time="0.007">
    <error message="Unexpected errors- " type="com.topcoder.db.connectionfactory.ConfigurationException">com.topcoder.db.connectionfactory.ConfigurationException: Unexpected errors- 
	at com.topcoder.db.connectionfactory.DBConnectionFactoryImpl.&lt;init&gt;(DBConnectionFactoryImpl.java:278)
	at com.topcoder.management.deliverable.accuracytests.PersistenceDeliverableManagerAccuracyTests.setUp(PersistenceDeliverableManagerAccuracyTests.java:103)
Caused by: java.lang.reflect.InvocationTargetException
	at java.lang.reflect.Constructor.newInstance(Constructor.java:532)
	at com.topcoder.db.connectionfactory.DBConnectionFactoryImpl.createObject(DBConnectionFactoryImpl.java:453)
	at com.topcoder.db.connectionfactory.DBConnectionFactoryImpl.&lt;init&gt;(DBConnectionFactoryImpl.java:262)
Caused by: java.lang.ClassNotFoundException: The class name com.informix.jdbc.IfxDriver is invalid.
	at com.topcoder.db.connectionfactory.producers.JDBCConnectionProducer.&lt;init&gt;(JDBCConnectionProducer.java:317)
Caused by: java.lang.ClassNotFoundException: com.informix.jdbc.IfxDriver
	at java.net.URLClassLoader$1.run(URLClassLoader.java:217)
	at java.security.AccessController.doPrivileged(Native Method)
	at java.net.URLClassLoader.findClass(URLClassLoader.java:205)
	at java.lang.ClassLoader.loadClass(ClassLoader.java:321)
	at sun.misc.Launcher$AppClassLoader.loadClass(Launcher.java:294)
	at java.lang.ClassLoader.loadClass(ClassLoader.java:266)
	at java.lang.Class.forName0(Native Method)
	at java.lang.Class.forName(Class.java:186)
	at com.topcoder.db.connectionfactory.producers.JDBCConnectionProducer.&lt;init&gt;(JDBCConnectionProducer.java:315)
</error>
  </testcase>
  <testcase classname="com.topcoder.management.deliverable.accuracytests.PersistenceUploadManagerAccuracyTests" name="testSearchUploadsByUploadId" time="0.008">
    <error message="Unexpected errors- " type="com.topcoder.db.connectionfactory.ConfigurationException">com.topcoder.db.connectionfactory.ConfigurationException: Unexpected errors- 
	at com.topcoder.db.connectionfactory.DBConnectionFactoryImpl.&lt;init&gt;(DBConnectionFactoryImpl.java:278)
	at com.topcoder.management.deliverable.DeliverableTestHelper.executeBatch(DeliverableTestHelper.java:70)
	at com.topcoder.management.deliverable.accuracytests.PersistenceUploadManagerAccuracyTests.setUp(PersistenceUploadManagerAccuracyTests.java:68)
Caused by: java.lang.reflect.InvocationTargetException
	at java.lang.reflect.Constructor.newInstance(Constructor.java:532)
	at com.topcoder.db.connectionfactory.DBConnectionFactoryImpl.createObject(DBConnectionFactoryImpl.java:453)
	at com.topcoder.db.connectionfactory.DBConnectionFactoryImpl.&lt;init&gt;(DBConnectionFactoryImpl.java:262)
Caused by: java.lang.ClassNotFoundException: The class name com.informix.jdbc.IfxDriver is invalid.
	at com.topcoder.db.connectionfactory.producers.JDBCConnectionProducer.&lt;init&gt;(JDBCConnectionProducer.java:317)
Caused by: java.lang.ClassNotFoundException: com.informix.jdbc.IfxDriver
	at java.net.URLClassLoader$1.run(URLClassLoader.java:217)
	at java.security.AccessController.doPrivileged(Native Method)
	at java.net.URLClassLoader.findClass(URLClassLoader.java:205)
	at java.lang.ClassLoader.loadClass(ClassLoader.java:321)
	at sun.misc.Launcher$AppClassLoader.loadClass(Launcher.java:294)
	at java.lang.ClassLoader.loadClass(ClassLoader.java:266)
	at java.lang.Class.forName0(Native Method)
	at java.lang.Class.forName(Class.java:186)
	at com.topcoder.db.connectionfactory.producers.JDBCConnectionProducer.&lt;init&gt;(JDBCConnectionProducer.java:315)
</error>
  </testcase>
  <testcase classname="com.topcoder.management.deliverable.accuracytests.PersistenceUploadManagerAccuracyTests" name="testSearchUploadsByUploadTypeId" time="0.008">
    <error message="Unexpected errors- " type="com.topcoder.db.connectionfactory.ConfigurationException">com.topcoder.db.connectionfactory.ConfigurationException: Unexpected errors- 
	at com.topcoder.db.connectionfactory.DBConnectionFactoryImpl.&lt;init&gt;(DBConnectionFactoryImpl.java:278)
	at com.topcoder.management.deliverable.DeliverableTestHelper.executeBatch(DeliverableTestHelper.java:70)
	at com.topcoder.management.deliverable.accuracytests.PersistenceUploadManagerAccuracyTests.setUp(PersistenceUploadManagerAccuracyTests.java:68)
Caused by: java.lang.reflect.InvocationTargetException
	at java.lang.reflect.Constructor.newInstance(Constructor.java:532)
	at com.topcoder.db.connectionfactory.DBConnectionFactoryImpl.createObject(DBConnectionFactoryImpl.java:453)
	at com.topcoder.db.connectionfactory.DBConnectionFactoryImpl.&lt;init&gt;(DBConnectionFactoryImpl.java:262)
Caused by: java.lang.ClassNotFoundException: The class name com.informix.jdbc.IfxDriver is invalid.
	at com.topcoder.db.connectionfactory.producers.JDBCConnectionProducer.&lt;init&gt;(JDBCConnectionProducer.java:317)
Caused by: java.lang.ClassNotFoundException: com.informix.jdbc.IfxDriver
	at java.net.URLClassLoader$1.run(URLClassLoader.java:217)
	at java.security.AccessController.doPrivileged(Native Method)
	at java.net.URLClassLoader.findClass(URLClassLoader.java:205)
	at java.lang.ClassLoader.loadClass(ClassLoader.java:321)
	at sun.misc.Launcher$AppClassLoader.loadClass(Launcher.java:294)
	at java.lang.ClassLoader.loadClass(ClassLoader.java:266)
	at java.lang.Class.forName0(Native Method)
	at java.lang.Class.forName(Class.java:186)
	at com.topcoder.db.connectionfactory.producers.JDBCConnectionProducer.&lt;init&gt;(JDBCConnectionProducer.java:315)
</error>
  </testcase>
  <testcase classname="com.topcoder.management.deliverable.accuracytests.PersistenceUploadManagerAccuracyTests" name="testSearchUploadsByUploadStatusId" time="0.008">
    <error message="Unexpected errors- " type="com.topcoder.db.connectionfactory.ConfigurationException">com.topcoder.db.connectionfactory.ConfigurationException: Unexpected errors- 
	at com.topcoder.db.connectionfactory.DBConnectionFactoryImpl.&lt;init&gt;(DBConnectionFactoryImpl.java:278)
	at com.topcoder.management.deliverable.DeliverableTestHelper.executeBatch(DeliverableTestHelper.java:70)
	at com.topcoder.management.deliverable.accuracytests.PersistenceUploadManagerAccuracyTests.setUp(PersistenceUploadManagerAccuracyTests.java:68)
Caused by: java.lang.reflect.InvocationTargetException
	at java.lang.reflect.Constructor.newInstance(Constructor.java:532)
	at com.topcoder.db.connectionfactory.DBConnectionFactoryImpl.createObject(DBConnectionFactoryImpl.java:453)
	at com.topcoder.db.connectionfactory.DBConnectionFactoryImpl.&lt;init&gt;(DBConnectionFactoryImpl.java:262)
Caused by: java.lang.ClassNotFoundException: The class name com.informix.jdbc.IfxDriver is invalid.
	at com.topcoder.db.connectionfactory.producers.JDBCConnectionProducer.&lt;init&gt;(JDBCConnectionProducer.java:317)
Caused by: java.lang.ClassNotFoundException: com.informix.jdbc.IfxDriver
	at java.net.URLClassLoader$1.run(URLClassLoader.java:217)
	at java.security.AccessController.doPrivileged(Native Method)
	at java.net.URLClassLoader.findClass(URLClassLoader.java:205)
	at java.lang.ClassLoader.loadClass(ClassLoader.java:321)
	at sun.misc.Launcher$AppClassLoader.loadClass(Launcher.java:294)
	at java.lang.ClassLoader.loadClass(ClassLoader.java:266)
	at java.lang.Class.forName0(Native Method)
	at java.lang.Class.forName(Class.java:186)
	at com.topcoder.db.connectionfactory.producers.JDBCConnectionProducer.&lt;init&gt;(JDBCConnectionProducer.java:315)
</error>
  </testcase>
  <testcase classname="com.topcoder.management.deliverable.accuracytests.PersistenceUploadManagerAccuracyTests" name="testSearchUploadsByProjectId" time="0.008">
    <error message="Unexpected errors- " type="com.topcoder.db.connectionfactory.ConfigurationException">com.topcoder.db.connectionfactory.ConfigurationException: Unexpected errors- 
	at com.topcoder.db.connectionfactory.DBConnectionFactoryImpl.&lt;init&gt;(DBConnectionFactoryImpl.java:278)
	at com.topcoder.management.deliverable.DeliverableTestHelper.executeBatch(DeliverableTestHelper.java:70)
	at com.topcoder.management.deliverable.accuracytests.PersistenceUploadManagerAccuracyTests.setUp(PersistenceUploadManagerAccuracyTests.java:68)
Caused by: java.lang.reflect.InvocationTargetException
	at java.lang.reflect.Constructor.newInstance(Constructor.java:532)
	at com.topcoder.db.connectionfactory.DBConnectionFactoryImpl.createObject(DBConnectionFactoryImpl.java:453)
	at com.topcoder.db.connectionfactory.DBConnectionFactoryImpl.&lt;init&gt;(DBConnectionFactoryImpl.java:262)
Caused by: java.lang.ClassNotFoundException: The class name com.informix.jdbc.IfxDriver is invalid.
	at com.topcoder.db.connectionfactory.producers.JDBCConnectionProducer.&lt;init&gt;(JDBCConnectionProducer.java:317)
Caused by: java.lang.ClassNotFoundException: com.informix.jdbc.IfxDriver
	at java.net.URLClassLoader$1.run(URLClassLoader.java:217)
	at java.security.AccessController.doPrivileged(Native Method)
	at java.net.URLClassLoader.findClass(URLClassLoader.java:205)
	at java.lang.ClassLoader.loadClass(ClassLoader.java:321)
	at sun.misc.Launcher$AppClassLoader.loadClass(Launcher.java:294)
	at java.lang.ClassLoader.loadClass(ClassLoader.java:266)
	at java.lang.Class.forName0(Native Method)
	at java.lang.Class.forName(Class.java:186)
	at com.topcoder.db.connectionfactory.producers.JDBCConnectionProducer.&lt;init&gt;(JDBCConnectionProducer.java:315)
</error>
  </testcase>
  <testcase classname="com.topcoder.management.deliverable.accuracytests.PersistenceUploadManagerAccuracyTests" name="testSearchUploadsByResourceId" time="0.008">
    <error message="Unexpected errors- " type="com.topcoder.db.connectionfactory.ConfigurationException">com.topcoder.db.connectionfactory.ConfigurationException: Unexpected errors- 
	at com.topcoder.db.connectionfactory.DBConnectionFactoryImpl.&lt;init&gt;(DBConnectionFactoryImpl.java:278)
	at com.topcoder.management.deliverable.DeliverableTestHelper.executeBatch(DeliverableTestHelper.java:70)
	at com.topcoder.management.deliverable.accuracytests.PersistenceUploadManagerAccuracyTests.setUp(PersistenceUploadManagerAccuracyTests.java:68)
Caused by: java.lang.reflect.InvocationTargetException
	at java.lang.reflect.Constructor.newInstance(Constructor.java:532)
	at com.topcoder.db.connectionfactory.DBConnectionFactoryImpl.createObject(DBConnectionFactoryImpl.java:453)
	at com.topcoder.db.connectionfactory.DBConnectionFactoryImpl.&lt;init&gt;(DBConnectionFactoryImpl.java:262)
Caused by: java.lang.ClassNotFoundException: The class name com.informix.jdbc.IfxDriver is invalid.
	at com.topcoder.db.connectionfactory.producers.JDBCConnectionProducer.&lt;init&gt;(JDBCConnectionProducer.java:317)
Caused by: java.lang.ClassNotFoundException: com.informix.jdbc.IfxDriver
	at java.net.URLClassLoader$1.run(URLClassLoader.java:217)
	at java.security.AccessController.doPrivileged(Native Method)
	at java.net.URLClassLoader.findClass(URLClassLoader.java:205)
	at java.lang.ClassLoader.loadClass(ClassLoader.java:321)
	at sun.misc.Launcher$AppClassLoader.loadClass(Launcher.java:294)
	at java.lang.ClassLoader.loadClass(ClassLoader.java:266)
	at java.lang.Class.forName0(Native Method)
	at java.lang.Class.forName(Class.java:186)
	at com.topcoder.db.connectionfactory.producers.JDBCConnectionProducer.&lt;init&gt;(JDBCConnectionProducer.java:315)
</error>
  </testcase>
  <testcase classname="com.topcoder.management.deliverable.accuracytests.PersistenceUploadManagerAccuracyTests" name="testSearchSubmissionsBySubmissionId" time="0.008">
    <error message="Unexpected errors- " type="com.topcoder.db.connectionfactory.ConfigurationException">com.topcoder.db.connectionfactory.ConfigurationException: Unexpected errors- 
	at com.topcoder.db.connectionfactory.DBConnectionFactoryImpl.&lt;init&gt;(DBConnectionFactoryImpl.java:278)
	at com.topcoder.management.deliverable.DeliverableTestHelper.executeBatch(DeliverableTestHelper.java:70)
	at com.topcoder.management.deliverable.accuracytests.PersistenceUploadManagerAccuracyTests.setUp(PersistenceUploadManagerAccuracyTests.java:68)
Caused by: java.lang.reflect.InvocationTargetException
	at java.lang.reflect.Constructor.newInstance(Constructor.java:532)
	at com.topcoder.db.connectionfactory.DBConnectionFactoryImpl.createObject(DBConnectionFactoryImpl.java:453)
	at com.topcoder.db.connectionfactory.DBConnectionFactoryImpl.&lt;init&gt;(DBConnectionFactoryImpl.java:262)
Caused by: java.lang.ClassNotFoundException: The class name com.informix.jdbc.IfxDriver is invalid.
	at com.topcoder.db.connectionfactory.producers.JDBCConnectionProducer.&lt;init&gt;(JDBCConnectionProducer.java:317)
Caused by: java.lang.ClassNotFoundException: com.informix.jdbc.IfxDriver
	at java.net.URLClassLoader$1.run(URLClassLoader.java:217)
	at java.security.AccessController.doPrivileged(Native Method)
	at java.net.URLClassLoader.findClass(URLClassLoader.java:205)
	at java.lang.ClassLoader.loadClass(ClassLoader.java:321)
	at sun.misc.Launcher$AppClassLoader.loadClass(Launcher.java:294)
	at java.lang.ClassLoader.loadClass(ClassLoader.java:266)
	at java.lang.Class.forName0(Native Method)
	at java.lang.Class.forName(Class.java:186)
	at com.topcoder.db.connectionfactory.producers.JDBCConnectionProducer.&lt;init&gt;(JDBCConnectionProducer.java:315)
</error>
  </testcase>
  <testcase classname="com.topcoder.management.deliverable.accuracytests.PersistenceUploadManagerAccuracyTests" name="testSearchSubmissionsByUploadId" time="0.008">
    <error message="Unexpected errors- " type="com.topcoder.db.connectionfactory.ConfigurationException">com.topcoder.db.connectionfactory.ConfigurationException: Unexpected errors- 
	at com.topcoder.db.connectionfactory.DBConnectionFactoryImpl.&lt;init&gt;(DBConnectionFactoryImpl.java:278)
	at com.topcoder.management.deliverable.DeliverableTestHelper.executeBatch(DeliverableTestHelper.java:70)
	at com.topcoder.management.deliverable.accuracytests.PersistenceUploadManagerAccuracyTests.setUp(PersistenceUploadManagerAccuracyTests.java:68)
Caused by: java.lang.reflect.InvocationTargetException
	at java.lang.reflect.Constructor.newInstance(Constructor.java:532)
	at com.topcoder.db.connectionfactory.DBConnectionFactoryImpl.createObject(DBConnectionFactoryImpl.java:453)
	at com.topcoder.db.connectionfactory.DBConnectionFactoryImpl.&lt;init&gt;(DBConnectionFactoryImpl.java:262)
Caused by: java.lang.ClassNotFoundException: The class name com.informix.jdbc.IfxDriver is invalid.
	at com.topcoder.db.connectionfactory.producers.JDBCConnectionProducer.&lt;init&gt;(JDBCConnectionProducer.java:317)
Caused by: java.lang.ClassNotFoundException: com.informix.jdbc.IfxDriver
	at java.net.URLClassLoader$1.run(URLClassLoader.java:217)
	at java.security.AccessController.doPrivileged(Native Method)
	at java.net.URLClassLoader.findClass(URLClassLoader.java:205)
	at java.lang.ClassLoader.loadClass(ClassLoader.java:321)
	at sun.misc.Launcher$AppClassLoader.loadClass(Launcher.java:294)
	at java.lang.ClassLoader.loadClass(ClassLoader.java:266)
	at java.lang.Class.forName0(Native Method)
	at java.lang.Class.forName(Class.java:186)
	at com.topcoder.db.connectionfactory.producers.JDBCConnectionProducer.&lt;init&gt;(JDBCConnectionProducer.java:315)
</error>
  </testcase>
  <testcase classname="com.topcoder.management.deliverable.accuracytests.PersistenceUploadManagerAccuracyTests" name="testSearchSubmissionsBySubmissionStatusId" time="0.008">
    <error message="Unexpected errors- " type="com.topcoder.db.connectionfactory.ConfigurationException">com.topcoder.db.connectionfactory.ConfigurationException: Unexpected errors- 
	at com.topcoder.db.connectionfactory.DBConnectionFactoryImpl.&lt;init&gt;(DBConnectionFactoryImpl.java:278)
	at com.topcoder.management.deliverable.DeliverableTestHelper.executeBatch(DeliverableTestHelper.java:70)
	at com.topcoder.management.deliverable.accuracytests.PersistenceUploadManagerAccuracyTests.setUp(PersistenceUploadManagerAccuracyTests.java:68)
Caused by: java.lang.reflect.InvocationTargetException
	at java.lang.reflect.Constructor.newInstance(Constructor.java:532)
	at com.topcoder.db.connectionfactory.DBConnectionFactoryImpl.createObject(DBConnectionFactoryImpl.java:453)
	at com.topcoder.db.connectionfactory.DBConnectionFactoryImpl.&lt;init&gt;(DBConnectionFactoryImpl.java:262)
Caused by: java.lang.ClassNotFoundException: The class name com.informix.jdbc.IfxDriver is invalid.
	at com.topcoder.db.connectionfactory.producers.JDBCConnectionProducer.&lt;init&gt;(JDBCConnectionProducer.java:317)
Caused by: java.lang.ClassNotFoundException: com.informix.jdbc.IfxDriver
	at java.net.URLClassLoader$1.run(URLClassLoader.java:217)
	at java.security.AccessController.doPrivileged(Native Method)
	at java.net.URLClassLoader.findClass(URLClassLoader.java:205)
	at java.lang.ClassLoader.loadClass(ClassLoader.java:321)
	at sun.misc.Launcher$AppClassLoader.loadClass(Launcher.java:294)
	at java.lang.ClassLoader.loadClass(ClassLoader.java:266)
	at java.lang.Class.forName0(Native Method)
	at java.lang.Class.forName(Class.java:186)
	at com.topcoder.db.connectionfactory.producers.JDBCConnectionProducer.&lt;init&gt;(JDBCConnectionProducer.java:315)
</error>
  </testcase>
  <testcase classname="com.topcoder.management.deliverable.accuracytests.PersistenceUploadManagerAccuracyTests" name="testSearchSubmissionsByProjectId" time="0.008">
    <error message="Unexpected errors- " type="com.topcoder.db.connectionfactory.ConfigurationException">com.topcoder.db.connectionfactory.ConfigurationException: Unexpected errors- 
	at com.topcoder.db.connectionfactory.DBConnectionFactoryImpl.&lt;init&gt;(DBConnectionFactoryImpl.java:278)
	at com.topcoder.management.deliverable.DeliverableTestHelper.executeBatch(DeliverableTestHelper.java:70)
	at com.topcoder.management.deliverable.accuracytests.PersistenceUploadManagerAccuracyTests.setUp(PersistenceUploadManagerAccuracyTests.java:68)
Caused by: java.lang.reflect.InvocationTargetException
	at java.lang.reflect.Constructor.newInstance(Constructor.java:532)
	at com.topcoder.db.connectionfactory.DBConnectionFactoryImpl.createObject(DBConnectionFactoryImpl.java:453)
	at com.topcoder.db.connectionfactory.DBConnectionFactoryImpl.&lt;init&gt;(DBConnectionFactoryImpl.java:262)
Caused by: java.lang.ClassNotFoundException: The class name com.informix.jdbc.IfxDriver is invalid.
	at com.topcoder.db.connectionfactory.producers.JDBCConnectionProducer.&lt;init&gt;(JDBCConnectionProducer.java:317)
Caused by: java.lang.ClassNotFoundException: com.informix.jdbc.IfxDriver
	at java.net.URLClassLoader$1.run(URLClassLoader.java:217)
	at java.security.AccessController.doPrivileged(Native Method)
	at java.net.URLClassLoader.findClass(URLClassLoader.java:205)
	at java.lang.ClassLoader.loadClass(ClassLoader.java:321)
	at sun.misc.Launcher$AppClassLoader.loadClass(Launcher.java:294)
	at java.lang.ClassLoader.loadClass(ClassLoader.java:266)
	at java.lang.Class.forName0(Native Method)
	at java.lang.Class.forName(Class.java:186)
	at com.topcoder.db.connectionfactory.producers.JDBCConnectionProducer.&lt;init&gt;(JDBCConnectionProducer.java:315)
</error>
  </testcase>
  <testcase classname="com.topcoder.management.deliverable.accuracytests.PersistenceUploadManagerAccuracyTests" name="testSearchSubmissionsByResourceId" time="0.008">
    <error message="Unexpected errors- " type="com.topcoder.db.connectionfactory.ConfigurationException">com.topcoder.db.connectionfactory.ConfigurationException: Unexpected errors- 
	at com.topcoder.db.connectionfactory.DBConnectionFactoryImpl.&lt;init&gt;(DBConnectionFactoryImpl.java:278)
	at com.topcoder.management.deliverable.DeliverableTestHelper.executeBatch(DeliverableTestHelper.java:70)
	at com.topcoder.management.deliverable.accuracytests.PersistenceUploadManagerAccuracyTests.setUp(PersistenceUploadManagerAccuracyTests.java:68)
Caused by: java.lang.reflect.InvocationTargetException
	at java.lang.reflect.Constructor.newInstance(Constructor.java:532)
	at com.topcoder.db.connectionfactory.DBConnectionFactoryImpl.createObject(DBConnectionFactoryImpl.java:453)
	at com.topcoder.db.connectionfactory.DBConnectionFactoryImpl.&lt;init&gt;(DBConnectionFactoryImpl.java:262)
Caused by: java.lang.ClassNotFoundException: The class name com.informix.jdbc.IfxDriver is invalid.
	at com.topcoder.db.connectionfactory.producers.JDBCConnectionProducer.&lt;init&gt;(JDBCConnectionProducer.java:317)
Caused by: java.lang.ClassNotFoundException: com.informix.jdbc.IfxDriver
	at java.net.URLClassLoader$1.run(URLClassLoader.java:217)
	at java.security.AccessController.doPrivileged(Native Method)
	at java.net.URLClassLoader.findClass(URLClassLoader.java:205)
	at java.lang.ClassLoader.loadClass(ClassLoader.java:321)
	at sun.misc.Launcher$AppClassLoader.loadClass(Launcher.java:294)
	at java.lang.ClassLoader.loadClass(ClassLoader.java:266)
	at java.lang.Class.forName0(Native Method)
	at java.lang.Class.forName(Class.java:186)
	at com.topcoder.db.connectionfactory.producers.JDBCConnectionProducer.&lt;init&gt;(JDBCConnectionProducer.java:315)
</error>
  </testcase>
  <testcase classname="com.topcoder.management.deliverable.accuracytests.PersistenceUploadManagerAccuracyTests" name="testPublicFields" time="0.008">
    <error message="Unexpected errors- " type="com.topcoder.db.connectionfactory.ConfigurationException">com.topcoder.db.connectionfactory.ConfigurationException: Unexpected errors- 
	at com.topcoder.db.connectionfactory.DBConnectionFactoryImpl.&lt;init&gt;(DBConnectionFactoryImpl.java:278)
	at com.topcoder.management.deliverable.DeliverableTestHelper.executeBatch(DeliverableTestHelper.java:70)
	at com.topcoder.management.deliverable.accuracytests.PersistenceUploadManagerAccuracyTests.setUp(PersistenceUploadManagerAccuracyTests.java:68)
Caused by: java.lang.reflect.InvocationTargetException
	at java.lang.reflect.Constructor.newInstance(Constructor.java:532)
	at com.topcoder.db.connectionfactory.DBConnectionFactoryImpl.createObject(DBConnectionFactoryImpl.java:453)
	at com.topcoder.db.connectionfactory.DBConnectionFactoryImpl.&lt;init&gt;(DBConnectionFactoryImpl.java:262)
Caused by: java.lang.ClassNotFoundException: The class name com.informix.jdbc.IfxDriver is invalid.
	at com.topcoder.db.connectionfactory.producers.JDBCConnectionProducer.&lt;init&gt;(JDBCConnectionProducer.java:317)
Caused by: java.lang.ClassNotFoundException: com.informix.jdbc.IfxDriver
	at java.net.URLClassLoader$1.run(URLClassLoader.java:217)
	at java.security.AccessController.doPrivileged(Native Method)
	at java.net.URLClassLoader.findClass(URLClassLoader.java:205)
	at java.lang.ClassLoader.loadClass(ClassLoader.java:321)
	at sun.misc.Launcher$AppClassLoader.loadClass(Launcher.java:294)
	at java.lang.ClassLoader.loadClass(ClassLoader.java:266)
	at java.lang.Class.forName0(Native Method)
	at java.lang.Class.forName(Class.java:186)
	at com.topcoder.db.connectionfactory.producers.JDBCConnectionProducer.&lt;init&gt;(JDBCConnectionProducer.java:315)
</error>
  </testcase>
  <testcase classname="com.topcoder.management.deliverable.accuracytests.PersistenceUploadManagerAccuracyTests" name="testConstructorWithSearchBundlesAndIdGenerators" time="0.015">
    <error message="Unexpected errors- " type="com.topcoder.db.connectionfactory.ConfigurationException">com.topcoder.db.connectionfactory.ConfigurationException: Unexpected errors- 
	at com.topcoder.db.connectionfactory.DBConnectionFactoryImpl.&lt;init&gt;(DBConnectionFactoryImpl.java:278)
	at com.topcoder.management.deliverable.DeliverableTestHelper.executeBatch(DeliverableTestHelper.java:70)
	at com.topcoder.management.deliverable.accuracytests.PersistenceUploadManagerAccuracyTests.setUp(PersistenceUploadManagerAccuracyTests.java:68)
Caused by: java.lang.reflect.InvocationTargetException
	at java.lang.reflect.Constructor.newInstance(Constructor.java:532)
	at com.topcoder.db.connectionfactory.DBConnectionFactoryImpl.createObject(DBConnectionFactoryImpl.java:453)
	at com.topcoder.db.connectionfactory.DBConnectionFactoryImpl.&lt;init&gt;(DBConnectionFactoryImpl.java:262)
Caused by: java.lang.ClassNotFoundException: The class name com.informix.jdbc.IfxDriver is invalid.
	at com.topcoder.db.connectionfactory.producers.JDBCConnectionProducer.&lt;init&gt;(JDBCConnectionProducer.java:317)
Caused by: java.lang.ClassNotFoundException: com.informix.jdbc.IfxDriver
	at java.net.URLClassLoader$1.run(URLClassLoader.java:217)
	at java.security.AccessController.doPrivileged(Native Method)
	at java.net.URLClassLoader.findClass(URLClassLoader.java:205)
	at java.lang.ClassLoader.loadClass(ClassLoader.java:321)
	at sun.misc.Launcher$AppClassLoader.loadClass(Launcher.java:294)
	at java.lang.ClassLoader.loadClass(ClassLoader.java:266)
	at java.lang.Class.forName0(Native Method)
	at java.lang.Class.forName(Class.java:186)
	at com.topcoder.db.connectionfactory.producers.JDBCConnectionProducer.&lt;init&gt;(JDBCConnectionProducer.java:315)
</error>
  </testcase>
  <testcase classname="com.topcoder.management.deliverable.accuracytests.PersistenceUploadManagerAccuracyTests" name="testConstructorWithSearchBundleManagerAndIdGeneratorFactory" time="0.006">
    <error message="Unexpected errors- " type="com.topcoder.db.connectionfactory.ConfigurationException">com.topcoder.db.connectionfactory.ConfigurationException: Unexpected errors- 
	at com.topcoder.db.connectionfactory.DBConnectionFactoryImpl.&lt;init&gt;(DBConnectionFactoryImpl.java:278)
	at com.topcoder.management.deliverable.DeliverableTestHelper.executeBatch(DeliverableTestHelper.java:70)
	at com.topcoder.management.deliverable.accuracytests.PersistenceUploadManagerAccuracyTests.setUp(PersistenceUploadManagerAccuracyTests.java:68)
Caused by: java.lang.reflect.InvocationTargetException
	at java.lang.reflect.Constructor.newInstance(Constructor.java:532)
	at com.topcoder.db.connectionfactory.DBConnectionFactoryImpl.createObject(DBConnectionFactoryImpl.java:453)
	at com.topcoder.db.connectionfactory.DBConnectionFactoryImpl.&lt;init&gt;(DBConnectionFactoryImpl.java:262)
Caused by: java.lang.ClassNotFoundException: The class name com.informix.jdbc.IfxDriver is invalid.
	at com.topcoder.db.connectionfactory.producers.JDBCConnectionProducer.&lt;init&gt;(JDBCConnectionProducer.java:317)
Caused by: java.lang.ClassNotFoundException: com.informix.jdbc.IfxDriver
	at java.net.URLClassLoader$1.run(URLClassLoader.java:217)
	at java.security.AccessController.doPrivileged(Native Method)
	at java.net.URLClassLoader.findClass(URLClassLoader.java:205)
	at java.lang.ClassLoader.loadClass(ClassLoader.java:321)
	at sun.misc.Launcher$AppClassLoader.loadClass(Launcher.java:294)
	at java.lang.ClassLoader.loadClass(ClassLoader.java:266)
	at java.lang.Class.forName0(Native Method)
	at java.lang.Class.forName(Class.java:186)
	at com.topcoder.db.connectionfactory.producers.JDBCConnectionProducer.&lt;init&gt;(JDBCConnectionProducer.java:315)
</error>
  </testcase>
  <testcase classname="com.topcoder.management.deliverable.accuracytests.PersistenceUploadManagerAccuracyTests" name="testCreateUploadType" time="0.006">
    <error message="Unexpected errors- " type="com.topcoder.db.connectionfactory.ConfigurationException">com.topcoder.db.connectionfactory.ConfigurationException: Unexpected errors- 
	at com.topcoder.db.connectionfactory.DBConnectionFactoryImpl.&lt;init&gt;(DBConnectionFactoryImpl.java:278)
	at com.topcoder.management.deliverable.DeliverableTestHelper.executeBatch(DeliverableTestHelper.java:70)
	at com.topcoder.management.deliverable.accuracytests.PersistenceUploadManagerAccuracyTests.setUp(PersistenceUploadManagerAccuracyTests.java:68)
Caused by: java.lang.reflect.InvocationTargetException
	at java.lang.reflect.Constructor.newInstance(Constructor.java:532)
	at com.topcoder.db.connectionfactory.DBConnectionFactoryImpl.createObject(DBConnectionFactoryImpl.java:453)
	at com.topcoder.db.connectionfactory.DBConnectionFactoryImpl.&lt;init&gt;(DBConnectionFactoryImpl.java:262)
Caused by: java.lang.ClassNotFoundException: The class name com.informix.jdbc.IfxDriver is invalid.
	at com.topcoder.db.connectionfactory.producers.JDBCConnectionProducer.&lt;init&gt;(JDBCConnectionProducer.java:317)
Caused by: java.lang.ClassNotFoundException: com.informix.jdbc.IfxDriver
	at java.net.URLClassLoader$1.run(URLClassLoader.java:217)
	at java.security.AccessController.doPrivileged(Native Method)
	at java.net.URLClassLoader.findClass(URLClassLoader.java:205)
	at java.lang.ClassLoader.loadClass(ClassLoader.java:321)
	at sun.misc.Launcher$AppClassLoader.loadClass(Launcher.java:294)
	at java.lang.ClassLoader.loadClass(ClassLoader.java:266)
	at java.lang.Class.forName0(Native Method)
	at java.lang.Class.forName(Class.java:186)
	at com.topcoder.db.connectionfactory.producers.JDBCConnectionProducer.&lt;init&gt;(JDBCConnectionProducer.java:315)
</error>
  </testcase>
  <testcase classname="com.topcoder.management.deliverable.accuracytests.PersistenceUploadManagerAccuracyTests" name="testUpdateUploadType" time="0.007">
    <error message="Unexpected errors- " type="com.topcoder.db.connectionfactory.ConfigurationException">com.topcoder.db.connectionfactory.ConfigurationException: Unexpected errors- 
	at com.topcoder.db.connectionfactory.DBConnectionFactoryImpl.&lt;init&gt;(DBConnectionFactoryImpl.java:278)
	at com.topcoder.management.deliverable.DeliverableTestHelper.executeBatch(DeliverableTestHelper.java:70)
	at com.topcoder.management.deliverable.accuracytests.PersistenceUploadManagerAccuracyTests.setUp(PersistenceUploadManagerAccuracyTests.java:68)
Caused by: java.lang.reflect.InvocationTargetException
	at java.lang.reflect.Constructor.newInstance(Constructor.java:532)
	at com.topcoder.db.connectionfactory.DBConnectionFactoryImpl.createObject(DBConnectionFactoryImpl.java:453)
	at com.topcoder.db.connectionfactory.DBConnectionFactoryImpl.&lt;init&gt;(DBConnectionFactoryImpl.java:262)
Caused by: java.lang.ClassNotFoundException: The class name com.informix.jdbc.IfxDriver is invalid.
	at com.topcoder.db.connectionfactory.producers.JDBCConnectionProducer.&lt;init&gt;(JDBCConnectionProducer.java:317)
Caused by: java.lang.ClassNotFoundException: com.informix.jdbc.IfxDriver
	at java.net.URLClassLoader$1.run(URLClassLoader.java:217)
	at java.security.AccessController.doPrivileged(Native Method)
	at java.net.URLClassLoader.findClass(URLClassLoader.java:205)
	at java.lang.ClassLoader.loadClass(ClassLoader.java:321)
	at sun.misc.Launcher$AppClassLoader.loadClass(Launcher.java:294)
	at java.lang.ClassLoader.loadClass(ClassLoader.java:266)
	at java.lang.Class.forName0(Native Method)
	at java.lang.Class.forName(Class.java:186)
	at com.topcoder.db.connectionfactory.producers.JDBCConnectionProducer.&lt;init&gt;(JDBCConnectionProducer.java:315)
</error>
  </testcase>
  <testcase classname="com.topcoder.management.deliverable.accuracytests.PersistenceUploadManagerAccuracyTests" name="testRemoveUploadType" time="0.007">
    <error message="Unexpected errors- " type="com.topcoder.db.connectionfactory.ConfigurationException">com.topcoder.db.connectionfactory.ConfigurationException: Unexpected errors- 
	at com.topcoder.db.connectionfactory.DBConnectionFactoryImpl.&lt;init&gt;(DBConnectionFactoryImpl.java:278)
	at com.topcoder.management.deliverable.DeliverableTestHelper.executeBatch(DeliverableTestHelper.java:70)
	at com.topcoder.management.deliverable.accuracytests.PersistenceUploadManagerAccuracyTests.setUp(PersistenceUploadManagerAccuracyTests.java:68)
Caused by: java.lang.reflect.InvocationTargetException
	at java.lang.reflect.Constructor.newInstance(Constructor.java:532)
	at com.topcoder.db.connectionfactory.DBConnectionFactoryImpl.createObject(DBConnectionFactoryImpl.java:453)
	at com.topcoder.db.connectionfactory.DBConnectionFactoryImpl.&lt;init&gt;(DBConnectionFactoryImpl.java:262)
Caused by: java.lang.ClassNotFoundException: The class name com.informix.jdbc.IfxDriver is invalid.
	at com.topcoder.db.connectionfactory.producers.JDBCConnectionProducer.&lt;init&gt;(JDBCConnectionProducer.java:317)
Caused by: java.lang.ClassNotFoundException: com.informix.jdbc.IfxDriver
	at java.net.URLClassLoader$1.run(URLClassLoader.java:217)
	at java.security.AccessController.doPrivileged(Native Method)
	at java.net.URLClassLoader.findClass(URLClassLoader.java:205)
	at java.lang.ClassLoader.loadClass(ClassLoader.java:321)
	at sun.misc.Launcher$AppClassLoader.loadClass(Launcher.java:294)
	at java.lang.ClassLoader.loadClass(ClassLoader.java:266)
	at java.lang.Class.forName0(Native Method)
	at java.lang.Class.forName(Class.java:186)
	at com.topcoder.db.connectionfactory.producers.JDBCConnectionProducer.&lt;init&gt;(JDBCConnectionProducer.java:315)
</error>
  </testcase>
  <testcase classname="com.topcoder.management.deliverable.accuracytests.PersistenceUploadManagerAccuracyTests" name="testGetAllUploadTypes" time="0.007">
    <error message="Unexpected errors- " type="com.topcoder.db.connectionfactory.ConfigurationException">com.topcoder.db.connectionfactory.ConfigurationException: Unexpected errors- 
	at com.topcoder.db.connectionfactory.DBConnectionFactoryImpl.&lt;init&gt;(DBConnectionFactoryImpl.java:278)
	at com.topcoder.management.deliverable.DeliverableTestHelper.executeBatch(DeliverableTestHelper.java:70)
	at com.topcoder.management.deliverable.accuracytests.PersistenceUploadManagerAccuracyTests.setUp(PersistenceUploadManagerAccuracyTests.java:68)
Caused by: java.lang.reflect.InvocationTargetException
	at java.lang.reflect.Constructor.newInstance(Constructor.java:532)
	at com.topcoder.db.connectionfactory.DBConnectionFactoryImpl.createObject(DBConnectionFactoryImpl.java:453)
	at com.topcoder.db.connectionfactory.DBConnectionFactoryImpl.&lt;init&gt;(DBConnectionFactoryImpl.java:262)
Caused by: java.lang.ClassNotFoundException: The class name com.informix.jdbc.IfxDriver is invalid.
	at com.topcoder.db.connectionfactory.producers.JDBCConnectionProducer.&lt;init&gt;(JDBCConnectionProducer.java:317)
Caused by: java.lang.ClassNotFoundException: com.informix.jdbc.IfxDriver
	at java.net.URLClassLoader$1.run(URLClassLoader.java:217)
	at java.security.AccessController.doPrivileged(Native Method)
	at java.net.URLClassLoader.findClass(URLClassLoader.java:205)
	at java.lang.ClassLoader.loadClass(ClassLoader.java:321)
	at sun.misc.Launcher$AppClassLoader.loadClass(Launcher.java:294)
	at java.lang.ClassLoader.loadClass(ClassLoader.java:266)
	at java.lang.Class.forName0(Native Method)
	at java.lang.Class.forName(Class.java:186)
	at com.topcoder.db.connectionfactory.producers.JDBCConnectionProducer.&lt;init&gt;(JDBCConnectionProducer.java:315)
</error>
  </testcase>
  <testcase classname="com.topcoder.management.deliverable.accuracytests.PersistenceUploadManagerAccuracyTests" name="testCreateUploadStatus" time="0.007">
    <error message="Unexpected errors- " type="com.topcoder.db.connectionfactory.ConfigurationException">com.topcoder.db.connectionfactory.ConfigurationException: Unexpected errors- 
	at com.topcoder.db.connectionfactory.DBConnectionFactoryImpl.&lt;init&gt;(DBConnectionFactoryImpl.java:278)
	at com.topcoder.management.deliverable.DeliverableTestHelper.executeBatch(DeliverableTestHelper.java:70)
	at com.topcoder.management.deliverable.accuracytests.PersistenceUploadManagerAccuracyTests.setUp(PersistenceUploadManagerAccuracyTests.java:68)
Caused by: java.lang.reflect.InvocationTargetException
	at java.lang.reflect.Constructor.newInstance(Constructor.java:532)
	at com.topcoder.db.connectionfactory.DBConnectionFactoryImpl.createObject(DBConnectionFactoryImpl.java:453)
	at com.topcoder.db.connectionfactory.DBConnectionFactoryImpl.&lt;init&gt;(DBConnectionFactoryImpl.java:262)
Caused by: java.lang.ClassNotFoundException: The class name com.informix.jdbc.IfxDriver is invalid.
	at com.topcoder.db.connectionfactory.producers.JDBCConnectionProducer.&lt;init&gt;(JDBCConnectionProducer.java:317)
Caused by: java.lang.ClassNotFoundException: com.informix.jdbc.IfxDriver
	at java.net.URLClassLoader$1.run(URLClassLoader.java:217)
	at java.security.AccessController.doPrivileged(Native Method)
	at java.net.URLClassLoader.findClass(URLClassLoader.java:205)
	at java.lang.ClassLoader.loadClass(ClassLoader.java:321)
	at sun.misc.Launcher$AppClassLoader.loadClass(Launcher.java:294)
	at java.lang.ClassLoader.loadClass(ClassLoader.java:266)
	at java.lang.Class.forName0(Native Method)
	at java.lang.Class.forName(Class.java:186)
	at com.topcoder.db.connectionfactory.producers.JDBCConnectionProducer.&lt;init&gt;(JDBCConnectionProducer.java:315)
</error>
  </testcase>
  <testcase classname="com.topcoder.management.deliverable.accuracytests.PersistenceUploadManagerAccuracyTests" name="testUpdateUploadStatus" time="0.007">
    <error message="Unexpected errors- " type="com.topcoder.db.connectionfactory.ConfigurationException">com.topcoder.db.connectionfactory.ConfigurationException: Unexpected errors- 
	at com.topcoder.db.connectionfactory.DBConnectionFactoryImpl.&lt;init&gt;(DBConnectionFactoryImpl.java:278)
	at com.topcoder.management.deliverable.DeliverableTestHelper.executeBatch(DeliverableTestHelper.java:70)
	at com.topcoder.management.deliverable.accuracytests.PersistenceUploadManagerAccuracyTests.setUp(PersistenceUploadManagerAccuracyTests.java:68)
Caused by: java.lang.reflect.InvocationTargetException
	at java.lang.reflect.Constructor.newInstance(Constructor.java:532)
	at com.topcoder.db.connectionfactory.DBConnectionFactoryImpl.createObject(DBConnectionFactoryImpl.java:453)
	at com.topcoder.db.connectionfactory.DBConnectionFactoryImpl.&lt;init&gt;(DBConnectionFactoryImpl.java:262)
Caused by: java.lang.ClassNotFoundException: The class name com.informix.jdbc.IfxDriver is invalid.
	at com.topcoder.db.connectionfactory.producers.JDBCConnectionProducer.&lt;init&gt;(JDBCConnectionProducer.java:317)
Caused by: java.lang.ClassNotFoundException: com.informix.jdbc.IfxDriver
	at java.net.URLClassLoader$1.run(URLClassLoader.java:217)
	at java.security.AccessController.doPrivileged(Native Method)
	at java.net.URLClassLoader.findClass(URLClassLoader.java:205)
	at java.lang.ClassLoader.loadClass(ClassLoader.java:321)
	at sun.misc.Launcher$AppClassLoader.loadClass(Launcher.java:294)
	at java.lang.ClassLoader.loadClass(ClassLoader.java:266)
	at java.lang.Class.forName0(Native Method)
	at java.lang.Class.forName(Class.java:186)
	at com.topcoder.db.connectionfactory.producers.JDBCConnectionProducer.&lt;init&gt;(JDBCConnectionProducer.java:315)
</error>
  </testcase>
  <testcase classname="com.topcoder.management.deliverable.accuracytests.PersistenceUploadManagerAccuracyTests" name="testRemoveUploadStatus" time="0.006">
    <error message="Unexpected errors- " type="com.topcoder.db.connectionfactory.ConfigurationException">com.topcoder.db.connectionfactory.ConfigurationException: Unexpected errors- 
	at com.topcoder.db.connectionfactory.DBConnectionFactoryImpl.&lt;init&gt;(DBConnectionFactoryImpl.java:278)
	at com.topcoder.management.deliverable.DeliverableTestHelper.executeBatch(DeliverableTestHelper.java:70)
	at com.topcoder.management.deliverable.accuracytests.PersistenceUploadManagerAccuracyTests.setUp(PersistenceUploadManagerAccuracyTests.java:68)
Caused by: java.lang.reflect.InvocationTargetException
	at java.lang.reflect.Constructor.newInstance(Constructor.java:532)
	at com.topcoder.db.connectionfactory.DBConnectionFactoryImpl.createObject(DBConnectionFactoryImpl.java:453)
	at com.topcoder.db.connectionfactory.DBConnectionFactoryImpl.&lt;init&gt;(DBConnectionFactoryImpl.java:262)
Caused by: java.lang.ClassNotFoundException: The class name com.informix.jdbc.IfxDriver is invalid.
	at com.topcoder.db.connectionfactory.producers.JDBCConnectionProducer.&lt;init&gt;(JDBCConnectionProducer.java:317)
Caused by: java.lang.ClassNotFoundException: com.informix.jdbc.IfxDriver
	at java.net.URLClassLoader$1.run(URLClassLoader.java:217)
	at java.security.AccessController.doPrivileged(Native Method)
	at java.net.URLClassLoader.findClass(URLClassLoader.java:205)
	at java.lang.ClassLoader.loadClass(ClassLoader.java:321)
	at sun.misc.Launcher$AppClassLoader.loadClass(Launcher.java:294)
	at java.lang.ClassLoader.loadClass(ClassLoader.java:266)
	at java.lang.Class.forName0(Native Method)
	at java.lang.Class.forName(Class.java:186)
	at com.topcoder.db.connectionfactory.producers.JDBCConnectionProducer.&lt;init&gt;(JDBCConnectionProducer.java:315)
</error>
  </testcase>
  <testcase classname="com.topcoder.management.deliverable.accuracytests.PersistenceUploadManagerAccuracyTests" name="testGetAllUploadStatuses" time="0.007">
    <error message="Unexpected errors- " type="com.topcoder.db.connectionfactory.ConfigurationException">com.topcoder.db.connectionfactory.ConfigurationException: Unexpected errors- 
	at com.topcoder.db.connectionfactory.DBConnectionFactoryImpl.&lt;init&gt;(DBConnectionFactoryImpl.java:278)
	at com.topcoder.management.deliverable.DeliverableTestHelper.executeBatch(DeliverableTestHelper.java:70)
	at com.topcoder.management.deliverable.accuracytests.PersistenceUploadManagerAccuracyTests.setUp(PersistenceUploadManagerAccuracyTests.java:68)
Caused by: java.lang.reflect.InvocationTargetException
	at java.lang.reflect.Constructor.newInstance(Constructor.java:532)
	at com.topcoder.db.connectionfactory.DBConnectionFactoryImpl.createObject(DBConnectionFactoryImpl.java:453)
	at com.topcoder.db.connectionfactory.DBConnectionFactoryImpl.&lt;init&gt;(DBConnectionFactoryImpl.java:262)
Caused by: java.lang.ClassNotFoundException: The class name com.informix.jdbc.IfxDriver is invalid.
	at com.topcoder.db.connectionfactory.producers.JDBCConnectionProducer.&lt;init&gt;(JDBCConnectionProducer.java:317)
Caused by: java.lang.ClassNotFoundException: com.informix.jdbc.IfxDriver
	at java.net.URLClassLoader$1.run(URLClassLoader.java:217)
	at java.security.AccessController.doPrivileged(Native Method)
	at java.net.URLClassLoader.findClass(URLClassLoader.java:205)
	at java.lang.ClassLoader.loadClass(ClassLoader.java:321)
	at sun.misc.Launcher$AppClassLoader.loadClass(Launcher.java:294)
	at java.lang.ClassLoader.loadClass(ClassLoader.java:266)
	at java.lang.Class.forName0(Native Method)
	at java.lang.Class.forName(Class.java:186)
	at com.topcoder.db.connectionfactory.producers.JDBCConnectionProducer.&lt;init&gt;(JDBCConnectionProducer.java:315)
</error>
  </testcase>
  <testcase classname="com.topcoder.management.deliverable.accuracytests.PersistenceUploadManagerAccuracyTests" name="testCreateSubmissionStatus" time="0.007">
    <error message="Unexpected errors- " type="com.topcoder.db.connectionfactory.ConfigurationException">com.topcoder.db.connectionfactory.ConfigurationException: Unexpected errors- 
	at com.topcoder.db.connectionfactory.DBConnectionFactoryImpl.&lt;init&gt;(DBConnectionFactoryImpl.java:278)
	at com.topcoder.management.deliverable.DeliverableTestHelper.executeBatch(DeliverableTestHelper.java:70)
	at com.topcoder.management.deliverable.accuracytests.PersistenceUploadManagerAccuracyTests.setUp(PersistenceUploadManagerAccuracyTests.java:68)
Caused by: java.lang.reflect.InvocationTargetException
	at java.lang.reflect.Constructor.newInstance(Constructor.java:532)
	at com.topcoder.db.connectionfactory.DBConnectionFactoryImpl.createObject(DBConnectionFactoryImpl.java:453)
	at com.topcoder.db.connectionfactory.DBConnectionFactoryImpl.&lt;init&gt;(DBConnectionFactoryImpl.java:262)
Caused by: java.lang.ClassNotFoundException: The class name com.informix.jdbc.IfxDriver is invalid.
	at com.topcoder.db.connectionfactory.producers.JDBCConnectionProducer.&lt;init&gt;(JDBCConnectionProducer.java:317)
Caused by: java.lang.ClassNotFoundException: com.informix.jdbc.IfxDriver
	at java.net.URLClassLoader$1.run(URLClassLoader.java:217)
	at java.security.AccessController.doPrivileged(Native Method)
	at java.net.URLClassLoader.findClass(URLClassLoader.java:205)
	at java.lang.ClassLoader.loadClass(ClassLoader.java:321)
	at sun.misc.Launcher$AppClassLoader.loadClass(Launcher.java:294)
	at java.lang.ClassLoader.loadClass(ClassLoader.java:266)
	at java.lang.Class.forName0(Native Method)
	at java.lang.Class.forName(Class.java:186)
	at com.topcoder.db.connectionfactory.producers.JDBCConnectionProducer.&lt;init&gt;(JDBCConnectionProducer.java:315)
</error>
  </testcase>
  <testcase classname="com.topcoder.management.deliverable.accuracytests.PersistenceUploadManagerAccuracyTests" name="testUpdateSubmissionStatus" time="0.007">
    <error message="Unexpected errors- " type="com.topcoder.db.connectionfactory.ConfigurationException">com.topcoder.db.connectionfactory.ConfigurationException: Unexpected errors- 
	at com.topcoder.db.connectionfactory.DBConnectionFactoryImpl.&lt;init&gt;(DBConnectionFactoryImpl.java:278)
	at com.topcoder.management.deliverable.DeliverableTestHelper.executeBatch(DeliverableTestHelper.java:70)
	at com.topcoder.management.deliverable.accuracytests.PersistenceUploadManagerAccuracyTests.setUp(PersistenceUploadManagerAccuracyTests.java:68)
Caused by: java.lang.reflect.InvocationTargetException
	at java.lang.reflect.Constructor.newInstance(Constructor.java:532)
	at com.topcoder.db.connectionfactory.DBConnectionFactoryImpl.createObject(DBConnectionFactoryImpl.java:453)
	at com.topcoder.db.connectionfactory.DBConnectionFactoryImpl.&lt;init&gt;(DBConnectionFactoryImpl.java:262)
Caused by: java.lang.ClassNotFoundException: The class name com.informix.jdbc.IfxDriver is invalid.
	at com.topcoder.db.connectionfactory.producers.JDBCConnectionProducer.&lt;init&gt;(JDBCConnectionProducer.java:317)
Caused by: java.lang.ClassNotFoundException: com.informix.jdbc.IfxDriver
	at java.net.URLClassLoader$1.run(URLClassLoader.java:217)
	at java.security.AccessController.doPrivileged(Native Method)
	at java.net.URLClassLoader.findClass(URLClassLoader.java:205)
	at java.lang.ClassLoader.loadClass(ClassLoader.java:321)
	at sun.misc.Launcher$AppClassLoader.loadClass(Launcher.java:294)
	at java.lang.ClassLoader.loadClass(ClassLoader.java:266)
	at java.lang.Class.forName0(Native Method)
	at java.lang.Class.forName(Class.java:186)
	at com.topcoder.db.connectionfactory.producers.JDBCConnectionProducer.&lt;init&gt;(JDBCConnectionProducer.java:315)
</error>
  </testcase>
  <testcase classname="com.topcoder.management.deliverable.accuracytests.PersistenceUploadManagerAccuracyTests" name="testRemoveSubmissionStatus" time="0.007">
    <error message="Unexpected errors- " type="com.topcoder.db.connectionfactory.ConfigurationException">com.topcoder.db.connectionfactory.ConfigurationException: Unexpected errors- 
	at com.topcoder.db.connectionfactory.DBConnectionFactoryImpl.&lt;init&gt;(DBConnectionFactoryImpl.java:278)
	at com.topcoder.management.deliverable.DeliverableTestHelper.executeBatch(DeliverableTestHelper.java:70)
	at com.topcoder.management.deliverable.accuracytests.PersistenceUploadManagerAccuracyTests.setUp(PersistenceUploadManagerAccuracyTests.java:68)
Caused by: java.lang.reflect.InvocationTargetException
	at java.lang.reflect.Constructor.newInstance(Constructor.java:532)
	at com.topcoder.db.connectionfactory.DBConnectionFactoryImpl.createObject(DBConnectionFactoryImpl.java:453)
	at com.topcoder.db.connectionfactory.DBConnectionFactoryImpl.&lt;init&gt;(DBConnectionFactoryImpl.java:262)
Caused by: java.lang.ClassNotFoundException: The class name com.informix.jdbc.IfxDriver is invalid.
	at com.topcoder.db.connectionfactory.producers.JDBCConnectionProducer.&lt;init&gt;(JDBCConnectionProducer.java:317)
Caused by: java.lang.ClassNotFoundException: com.informix.jdbc.IfxDriver
	at java.net.URLClassLoader$1.run(URLClassLoader.java:217)
	at java.security.AccessController.doPrivileged(Native Method)
	at java.net.URLClassLoader.findClass(URLClassLoader.java:205)
	at java.lang.ClassLoader.loadClass(ClassLoader.java:321)
	at sun.misc.Launcher$AppClassLoader.loadClass(Launcher.java:294)
	at java.lang.ClassLoader.loadClass(ClassLoader.java:266)
	at java.lang.Class.forName0(Native Method)
	at java.lang.Class.forName(Class.java:186)
	at com.topcoder.db.connectionfactory.producers.JDBCConnectionProducer.&lt;init&gt;(JDBCConnectionProducer.java:315)
</error>
  </testcase>
  <testcase classname="com.topcoder.management.deliverable.accuracytests.PersistenceUploadManagerAccuracyTests" name="testGetAllSubmissionStatuses" time="0.007">
    <error message="Unexpected errors- " type="com.topcoder.db.connectionfactory.ConfigurationException">com.topcoder.db.connectionfactory.ConfigurationException: Unexpected errors- 
	at com.topcoder.db.connectionfactory.DBConnectionFactoryImpl.&lt;init&gt;(DBConnectionFactoryImpl.java:278)
	at com.topcoder.management.deliverable.DeliverableTestHelper.executeBatch(DeliverableTestHelper.java:70)
	at com.topcoder.management.deliverable.accuracytests.PersistenceUploadManagerAccuracyTests.setUp(PersistenceUploadManagerAccuracyTests.java:68)
Caused by: java.lang.reflect.InvocationTargetException
	at java.lang.reflect.Constructor.newInstance(Constructor.java:532)
	at com.topcoder.db.connectionfactory.DBConnectionFactoryImpl.createObject(DBConnectionFactoryImpl.java:453)
	at com.topcoder.db.connectionfactory.DBConnectionFactoryImpl.&lt;init&gt;(DBConnectionFactoryImpl.java:262)
Caused by: java.lang.ClassNotFoundException: The class name com.informix.jdbc.IfxDriver is invalid.
	at com.topcoder.db.connectionfactory.producers.JDBCConnectionProducer.&lt;init&gt;(JDBCConnectionProducer.java:317)
Caused by: java.lang.ClassNotFoundException: com.informix.jdbc.IfxDriver
	at java.net.URLClassLoader$1.run(URLClassLoader.java:217)
	at java.security.AccessController.doPrivileged(Native Method)
	at java.net.URLClassLoader.findClass(URLClassLoader.java:205)
	at java.lang.ClassLoader.loadClass(ClassLoader.java:321)
	at sun.misc.Launcher$AppClassLoader.loadClass(Launcher.java:294)
	at java.lang.ClassLoader.loadClass(ClassLoader.java:266)
	at java.lang.Class.forName0(Native Method)
	at java.lang.Class.forName(Class.java:186)
	at com.topcoder.db.connectionfactory.producers.JDBCConnectionProducer.&lt;init&gt;(JDBCConnectionProducer.java:315)
</error>
  </testcase>
  <testcase classname="com.topcoder.management.deliverable.accuracytests.PersistenceUploadManagerAccuracyTests" name="testCreateSubmissionType" time="0.006">
    <error message="Unexpected errors- " type="com.topcoder.db.connectionfactory.ConfigurationException">com.topcoder.db.connectionfactory.ConfigurationException: Unexpected errors- 
	at com.topcoder.db.connectionfactory.DBConnectionFactoryImpl.&lt;init&gt;(DBConnectionFactoryImpl.java:278)
	at com.topcoder.management.deliverable.DeliverableTestHelper.executeBatch(DeliverableTestHelper.java:70)
	at com.topcoder.management.deliverable.accuracytests.PersistenceUploadManagerAccuracyTests.setUp(PersistenceUploadManagerAccuracyTests.java:68)
Caused by: java.lang.reflect.InvocationTargetException
	at java.lang.reflect.Constructor.newInstance(Constructor.java:532)
	at com.topcoder.db.connectionfactory.DBConnectionFactoryImpl.createObject(DBConnectionFactoryImpl.java:453)
	at com.topcoder.db.connectionfactory.DBConnectionFactoryImpl.&lt;init&gt;(DBConnectionFactoryImpl.java:262)
Caused by: java.lang.ClassNotFoundException: The class name com.informix.jdbc.IfxDriver is invalid.
	at com.topcoder.db.connectionfactory.producers.JDBCConnectionProducer.&lt;init&gt;(JDBCConnectionProducer.java:317)
Caused by: java.lang.ClassNotFoundException: com.informix.jdbc.IfxDriver
	at java.net.URLClassLoader$1.run(URLClassLoader.java:217)
	at java.security.AccessController.doPrivileged(Native Method)
	at java.net.URLClassLoader.findClass(URLClassLoader.java:205)
	at java.lang.ClassLoader.loadClass(ClassLoader.java:321)
	at sun.misc.Launcher$AppClassLoader.loadClass(Launcher.java:294)
	at java.lang.ClassLoader.loadClass(ClassLoader.java:266)
	at java.lang.Class.forName0(Native Method)
	at java.lang.Class.forName(Class.java:186)
	at com.topcoder.db.connectionfactory.producers.JDBCConnectionProducer.&lt;init&gt;(JDBCConnectionProducer.java:315)
</error>
  </testcase>
  <testcase classname="com.topcoder.management.deliverable.accuracytests.PersistenceUploadManagerAccuracyTests" name="testUpdateSubmissionType" time="0.006">
    <error message="Unexpected errors- " type="com.topcoder.db.connectionfactory.ConfigurationException">com.topcoder.db.connectionfactory.ConfigurationException: Unexpected errors- 
	at com.topcoder.db.connectionfactory.DBConnectionFactoryImpl.&lt;init&gt;(DBConnectionFactoryImpl.java:278)
	at com.topcoder.management.deliverable.DeliverableTestHelper.executeBatch(DeliverableTestHelper.java:70)
	at com.topcoder.management.deliverable.accuracytests.PersistenceUploadManagerAccuracyTests.setUp(PersistenceUploadManagerAccuracyTests.java:68)
Caused by: java.lang.reflect.InvocationTargetException
	at java.lang.reflect.Constructor.newInstance(Constructor.java:532)
	at com.topcoder.db.connectionfactory.DBConnectionFactoryImpl.createObject(DBConnectionFactoryImpl.java:453)
	at com.topcoder.db.connectionfactory.DBConnectionFactoryImpl.&lt;init&gt;(DBConnectionFactoryImpl.java:262)
Caused by: java.lang.ClassNotFoundException: The class name com.informix.jdbc.IfxDriver is invalid.
	at com.topcoder.db.connectionfactory.producers.JDBCConnectionProducer.&lt;init&gt;(JDBCConnectionProducer.java:317)
Caused by: java.lang.ClassNotFoundException: com.informix.jdbc.IfxDriver
	at java.net.URLClassLoader$1.run(URLClassLoader.java:217)
	at java.security.AccessController.doPrivileged(Native Method)
	at java.net.URLClassLoader.findClass(URLClassLoader.java:205)
	at java.lang.ClassLoader.loadClass(ClassLoader.java:321)
	at sun.misc.Launcher$AppClassLoader.loadClass(Launcher.java:294)
	at java.lang.ClassLoader.loadClass(ClassLoader.java:266)
	at java.lang.Class.forName0(Native Method)
	at java.lang.Class.forName(Class.java:186)
	at com.topcoder.db.connectionfactory.producers.JDBCConnectionProducer.&lt;init&gt;(JDBCConnectionProducer.java:315)
</error>
  </testcase>
  <testcase classname="com.topcoder.management.deliverable.accuracytests.PersistenceUploadManagerAccuracyTests" name="testRemoveSubmissionType" time="0.007">
    <error message="Unexpected errors- " type="com.topcoder.db.connectionfactory.ConfigurationException">com.topcoder.db.connectionfactory.ConfigurationException: Unexpected errors- 
	at com.topcoder.db.connectionfactory.DBConnectionFactoryImpl.&lt;init&gt;(DBConnectionFactoryImpl.java:278)
	at com.topcoder.management.deliverable.DeliverableTestHelper.executeBatch(DeliverableTestHelper.java:70)
	at com.topcoder.management.deliverable.accuracytests.PersistenceUploadManagerAccuracyTests.setUp(PersistenceUploadManagerAccuracyTests.java:68)
Caused by: java.lang.reflect.InvocationTargetException
	at java.lang.reflect.Constructor.newInstance(Constructor.java:532)
	at com.topcoder.db.connectionfactory.DBConnectionFactoryImpl.createObject(DBConnectionFactoryImpl.java:453)
	at com.topcoder.db.connectionfactory.DBConnectionFactoryImpl.&lt;init&gt;(DBConnectionFactoryImpl.java:262)
Caused by: java.lang.ClassNotFoundException: The class name com.informix.jdbc.IfxDriver is invalid.
	at com.topcoder.db.connectionfactory.producers.JDBCConnectionProducer.&lt;init&gt;(JDBCConnectionProducer.java:317)
Caused by: java.lang.ClassNotFoundException: com.informix.jdbc.IfxDriver
	at java.net.URLClassLoader$1.run(URLClassLoader.java:217)
	at java.security.AccessController.doPrivileged(Native Method)
	at java.net.URLClassLoader.findClass(URLClassLoader.java:205)
	at java.lang.ClassLoader.loadClass(ClassLoader.java:321)
	at sun.misc.Launcher$AppClassLoader.loadClass(Launcher.java:294)
	at java.lang.ClassLoader.loadClass(ClassLoader.java:266)
	at java.lang.Class.forName0(Native Method)
	at java.lang.Class.forName(Class.java:186)
	at com.topcoder.db.connectionfactory.producers.JDBCConnectionProducer.&lt;init&gt;(JDBCConnectionProducer.java:315)
</error>
  </testcase>
  <testcase classname="com.topcoder.management.deliverable.accuracytests.PersistenceUploadManagerAccuracyTests" name="testGetAllSubmissionTypes" time="0.006">
    <error message="Unexpected errors- " type="com.topcoder.db.connectionfactory.ConfigurationException">com.topcoder.db.connectionfactory.ConfigurationException: Unexpected errors- 
	at com.topcoder.db.connectionfactory.DBConnectionFactoryImpl.&lt;init&gt;(DBConnectionFactoryImpl.java:278)
	at com.topcoder.management.deliverable.DeliverableTestHelper.executeBatch(DeliverableTestHelper.java:70)
	at com.topcoder.management.deliverable.accuracytests.PersistenceUploadManagerAccuracyTests.setUp(PersistenceUploadManagerAccuracyTests.java:68)
Caused by: java.lang.reflect.InvocationTargetException
	at java.lang.reflect.Constructor.newInstance(Constructor.java:532)
	at com.topcoder.db.connectionfactory.DBConnectionFactoryImpl.createObject(DBConnectionFactoryImpl.java:453)
	at com.topcoder.db.connectionfactory.DBConnectionFactoryImpl.&lt;init&gt;(DBConnectionFactoryImpl.java:262)
Caused by: java.lang.ClassNotFoundException: The class name com.informix.jdbc.IfxDriver is invalid.
	at com.topcoder.db.connectionfactory.producers.JDBCConnectionProducer.&lt;init&gt;(JDBCConnectionProducer.java:317)
Caused by: java.lang.ClassNotFoundException: com.informix.jdbc.IfxDriver
	at java.net.URLClassLoader$1.run(URLClassLoader.java:217)
	at java.security.AccessController.doPrivileged(Native Method)
	at java.net.URLClassLoader.findClass(URLClassLoader.java:205)
	at java.lang.ClassLoader.loadClass(ClassLoader.java:321)
	at sun.misc.Launcher$AppClassLoader.loadClass(Launcher.java:294)
	at java.lang.ClassLoader.loadClass(ClassLoader.java:266)
	at java.lang.Class.forName0(Native Method)
	at java.lang.Class.forName(Class.java:186)
	at com.topcoder.db.connectionfactory.producers.JDBCConnectionProducer.&lt;init&gt;(JDBCConnectionProducer.java:315)
</error>
  </testcase>
  <testcase classname="com.topcoder.management.deliverable.accuracytests.PersistenceUploadManagerAccuracyTests" name="testCreateUpload" time="0.006">
    <error message="Unexpected errors- " type="com.topcoder.db.connectionfactory.ConfigurationException">com.topcoder.db.connectionfactory.ConfigurationException: Unexpected errors- 
	at com.topcoder.db.connectionfactory.DBConnectionFactoryImpl.&lt;init&gt;(DBConnectionFactoryImpl.java:278)
	at com.topcoder.management.deliverable.DeliverableTestHelper.executeBatch(DeliverableTestHelper.java:70)
	at com.topcoder.management.deliverable.accuracytests.PersistenceUploadManagerAccuracyTests.setUp(PersistenceUploadManagerAccuracyTests.java:68)
Caused by: java.lang.reflect.InvocationTargetException
	at java.lang.reflect.Constructor.newInstance(Constructor.java:532)
	at com.topcoder.db.connectionfactory.DBConnectionFactoryImpl.createObject(DBConnectionFactoryImpl.java:453)
	at com.topcoder.db.connectionfactory.DBConnectionFactoryImpl.&lt;init&gt;(DBConnectionFactoryImpl.java:262)
Caused by: java.lang.ClassNotFoundException: The class name com.informix.jdbc.IfxDriver is invalid.
	at com.topcoder.db.connectionfactory.producers.JDBCConnectionProducer.&lt;init&gt;(JDBCConnectionProducer.java:317)
Caused by: java.lang.ClassNotFoundException: com.informix.jdbc.IfxDriver
	at java.net.URLClassLoader$1.run(URLClassLoader.java:217)
	at java.security.AccessController.doPrivileged(Native Method)
	at java.net.URLClassLoader.findClass(URLClassLoader.java:205)
	at java.lang.ClassLoader.loadClass(ClassLoader.java:321)
	at sun.misc.Launcher$AppClassLoader.loadClass(Launcher.java:294)
	at java.lang.ClassLoader.loadClass(ClassLoader.java:266)
	at java.lang.Class.forName0(Native Method)
	at java.lang.Class.forName(Class.java:186)
	at com.topcoder.db.connectionfactory.producers.JDBCConnectionProducer.&lt;init&gt;(JDBCConnectionProducer.java:315)
</error>
  </testcase>
  <testcase classname="com.topcoder.management.deliverable.accuracytests.PersistenceUploadManagerAccuracyTests" name="testUpdateUpload" time="0.007">
    <error message="Unexpected errors- " type="com.topcoder.db.connectionfactory.ConfigurationException">com.topcoder.db.connectionfactory.ConfigurationException: Unexpected errors- 
	at com.topcoder.db.connectionfactory.DBConnectionFactoryImpl.&lt;init&gt;(DBConnectionFactoryImpl.java:278)
	at com.topcoder.management.deliverable.DeliverableTestHelper.executeBatch(DeliverableTestHelper.java:70)
	at com.topcoder.management.deliverable.accuracytests.PersistenceUploadManagerAccuracyTests.setUp(PersistenceUploadManagerAccuracyTests.java:68)
Caused by: java.lang.reflect.InvocationTargetException
	at java.lang.reflect.Constructor.newInstance(Constructor.java:532)
	at com.topcoder.db.connectionfactory.DBConnectionFactoryImpl.createObject(DBConnectionFactoryImpl.java:453)
	at com.topcoder.db.connectionfactory.DBConnectionFactoryImpl.&lt;init&gt;(DBConnectionFactoryImpl.java:262)
Caused by: java.lang.ClassNotFoundException: The class name com.informix.jdbc.IfxDriver is invalid.
	at com.topcoder.db.connectionfactory.producers.JDBCConnectionProducer.&lt;init&gt;(JDBCConnectionProducer.java:317)
Caused by: java.lang.ClassNotFoundException: com.informix.jdbc.IfxDriver
	at java.net.URLClassLoader$1.run(URLClassLoader.java:217)
	at java.security.AccessController.doPrivileged(Native Method)
	at java.net.URLClassLoader.findClass(URLClassLoader.java:205)
	at java.lang.ClassLoader.loadClass(ClassLoader.java:321)
	at sun.misc.Launcher$AppClassLoader.loadClass(Launcher.java:294)
	at java.lang.ClassLoader.loadClass(ClassLoader.java:266)
	at java.lang.Class.forName0(Native Method)
	at java.lang.Class.forName(Class.java:186)
	at com.topcoder.db.connectionfactory.producers.JDBCConnectionProducer.&lt;init&gt;(JDBCConnectionProducer.java:315)
</error>
  </testcase>
  <testcase classname="com.topcoder.management.deliverable.accuracytests.PersistenceUploadManagerAccuracyTests" name="testRemoveUpload" time="0.006">
    <error message="Unexpected errors- " type="com.topcoder.db.connectionfactory.ConfigurationException">com.topcoder.db.connectionfactory.ConfigurationException: Unexpected errors- 
	at com.topcoder.db.connectionfactory.DBConnectionFactoryImpl.&lt;init&gt;(DBConnectionFactoryImpl.java:278)
	at com.topcoder.management.deliverable.DeliverableTestHelper.executeBatch(DeliverableTestHelper.java:70)
	at com.topcoder.management.deliverable.accuracytests.PersistenceUploadManagerAccuracyTests.setUp(PersistenceUploadManagerAccuracyTests.java:68)
Caused by: java.lang.reflect.InvocationTargetException
	at java.lang.reflect.Constructor.newInstance(Constructor.java:532)
	at com.topcoder.db.connectionfactory.DBConnectionFactoryImpl.createObject(DBConnectionFactoryImpl.java:453)
	at com.topcoder.db.connectionfactory.DBConnectionFactoryImpl.&lt;init&gt;(DBConnectionFactoryImpl.java:262)
Caused by: java.lang.ClassNotFoundException: The class name com.informix.jdbc.IfxDriver is invalid.
	at com.topcoder.db.connectionfactory.producers.JDBCConnectionProducer.&lt;init&gt;(JDBCConnectionProducer.java:317)
Caused by: java.lang.ClassNotFoundException: com.informix.jdbc.IfxDriver
	at java.net.URLClassLoader$1.run(URLClassLoader.java:217)
	at java.security.AccessController.doPrivileged(Native Method)
	at java.net.URLClassLoader.findClass(URLClassLoader.java:205)
	at java.lang.ClassLoader.loadClass(ClassLoader.java:321)
	at sun.misc.Launcher$AppClassLoader.loadClass(Launcher.java:294)
	at java.lang.ClassLoader.loadClass(ClassLoader.java:266)
	at java.lang.Class.forName0(Native Method)
	at java.lang.Class.forName(Class.java:186)
	at com.topcoder.db.connectionfactory.producers.JDBCConnectionProducer.&lt;init&gt;(JDBCConnectionProducer.java:315)
</error>
  </testcase>
  <testcase classname="com.topcoder.management.deliverable.accuracytests.PersistenceUploadManagerAccuracyTests" name="testGetUpload" time="0.007">
    <error message="Unexpected errors- " type="com.topcoder.db.connectionfactory.ConfigurationException">com.topcoder.db.connectionfactory.ConfigurationException: Unexpected errors- 
	at com.topcoder.db.connectionfactory.DBConnectionFactoryImpl.&lt;init&gt;(DBConnectionFactoryImpl.java:278)
	at com.topcoder.management.deliverable.DeliverableTestHelper.executeBatch(DeliverableTestHelper.java:70)
	at com.topcoder.management.deliverable.accuracytests.PersistenceUploadManagerAccuracyTests.setUp(PersistenceUploadManagerAccuracyTests.java:68)
Caused by: java.lang.reflect.InvocationTargetException
	at java.lang.reflect.Constructor.newInstance(Constructor.java:532)
	at com.topcoder.db.connectionfactory.DBConnectionFactoryImpl.createObject(DBConnectionFactoryImpl.java:453)
	at com.topcoder.db.connectionfactory.DBConnectionFactoryImpl.&lt;init&gt;(DBConnectionFactoryImpl.java:262)
Caused by: java.lang.ClassNotFoundException: The class name com.informix.jdbc.IfxDriver is invalid.
	at com.topcoder.db.connectionfactory.producers.JDBCConnectionProducer.&lt;init&gt;(JDBCConnectionProducer.java:317)
Caused by: java.lang.ClassNotFoundException: com.informix.jdbc.IfxDriver
	at java.net.URLClassLoader$1.run(URLClassLoader.java:217)
	at java.security.AccessController.doPrivileged(Native Method)
	at java.net.URLClassLoader.findClass(URLClassLoader.java:205)
	at java.lang.ClassLoader.loadClass(ClassLoader.java:321)
	at sun.misc.Launcher$AppClassLoader.loadClass(Launcher.java:294)
	at java.lang.ClassLoader.loadClass(ClassLoader.java:266)
	at java.lang.Class.forName0(Native Method)
	at java.lang.Class.forName(Class.java:186)
	at com.topcoder.db.connectionfactory.producers.JDBCConnectionProducer.&lt;init&gt;(JDBCConnectionProducer.java:315)
</error>
  </testcase>
  <testcase classname="com.topcoder.management.deliverable.accuracytests.PersistenceUploadManagerAccuracyTests" name="testCreateSubmission" time="0.006">
    <error message="Unexpected errors- " type="com.topcoder.db.connectionfactory.ConfigurationException">com.topcoder.db.connectionfactory.ConfigurationException: Unexpected errors- 
	at com.topcoder.db.connectionfactory.DBConnectionFactoryImpl.&lt;init&gt;(DBConnectionFactoryImpl.java:278)
	at com.topcoder.management.deliverable.DeliverableTestHelper.executeBatch(DeliverableTestHelper.java:70)
	at com.topcoder.management.deliverable.accuracytests.PersistenceUploadManagerAccuracyTests.setUp(PersistenceUploadManagerAccuracyTests.java:68)
Caused by: java.lang.reflect.InvocationTargetException
	at java.lang.reflect.Constructor.newInstance(Constructor.java:532)
	at com.topcoder.db.connectionfactory.DBConnectionFactoryImpl.createObject(DBConnectionFactoryImpl.java:453)
	at com.topcoder.db.connectionfactory.DBConnectionFactoryImpl.&lt;init&gt;(DBConnectionFactoryImpl.java:262)
Caused by: java.lang.ClassNotFoundException: The class name com.informix.jdbc.IfxDriver is invalid.
	at com.topcoder.db.connectionfactory.producers.JDBCConnectionProducer.&lt;init&gt;(JDBCConnectionProducer.java:317)
Caused by: java.lang.ClassNotFoundException: com.informix.jdbc.IfxDriver
	at java.net.URLClassLoader$1.run(URLClassLoader.java:217)
	at java.security.AccessController.doPrivileged(Native Method)
	at java.net.URLClassLoader.findClass(URLClassLoader.java:205)
	at java.lang.ClassLoader.loadClass(ClassLoader.java:321)
	at sun.misc.Launcher$AppClassLoader.loadClass(Launcher.java:294)
	at java.lang.ClassLoader.loadClass(ClassLoader.java:266)
	at java.lang.Class.forName0(Native Method)
	at java.lang.Class.forName(Class.java:186)
	at com.topcoder.db.connectionfactory.producers.JDBCConnectionProducer.&lt;init&gt;(JDBCConnectionProducer.java:315)
</error>
  </testcase>
  <testcase classname="com.topcoder.management.deliverable.accuracytests.PersistenceUploadManagerAccuracyTests" name="testUpdateSubmission" time="0.006">
    <error message="Unexpected errors- " type="com.topcoder.db.connectionfactory.ConfigurationException">com.topcoder.db.connectionfactory.ConfigurationException: Unexpected errors- 
	at com.topcoder.db.connectionfactory.DBConnectionFactoryImpl.&lt;init&gt;(DBConnectionFactoryImpl.java:278)
	at com.topcoder.management.deliverable.DeliverableTestHelper.executeBatch(DeliverableTestHelper.java:70)
	at com.topcoder.management.deliverable.accuracytests.PersistenceUploadManagerAccuracyTests.setUp(PersistenceUploadManagerAccuracyTests.java:68)
Caused by: java.lang.reflect.InvocationTargetException
	at java.lang.reflect.Constructor.newInstance(Constructor.java:532)
	at com.topcoder.db.connectionfactory.DBConnectionFactoryImpl.createObject(DBConnectionFactoryImpl.java:453)
	at com.topcoder.db.connectionfactory.DBConnectionFactoryImpl.&lt;init&gt;(DBConnectionFactoryImpl.java:262)
Caused by: java.lang.ClassNotFoundException: The class name com.informix.jdbc.IfxDriver is invalid.
	at com.topcoder.db.connectionfactory.producers.JDBCConnectionProducer.&lt;init&gt;(JDBCConnectionProducer.java:317)
Caused by: java.lang.ClassNotFoundException: com.informix.jdbc.IfxDriver
	at java.net.URLClassLoader$1.run(URLClassLoader.java:217)
	at java.security.AccessController.doPrivileged(Native Method)
	at java.net.URLClassLoader.findClass(URLClassLoader.java:205)
	at java.lang.ClassLoader.loadClass(ClassLoader.java:321)
	at sun.misc.Launcher$AppClassLoader.loadClass(Launcher.java:294)
	at java.lang.ClassLoader.loadClass(ClassLoader.java:266)
	at java.lang.Class.forName0(Native Method)
	at java.lang.Class.forName(Class.java:186)
	at com.topcoder.db.connectionfactory.producers.JDBCConnectionProducer.&lt;init&gt;(JDBCConnectionProducer.java:315)
</error>
  </testcase>
  <testcase classname="com.topcoder.management.deliverable.accuracytests.PersistenceUploadManagerAccuracyTests" name="testRemoveSubmission" time="0.007">
    <error message="Unexpected errors- " type="com.topcoder.db.connectionfactory.ConfigurationException">com.topcoder.db.connectionfactory.ConfigurationException: Unexpected errors- 
	at com.topcoder.db.connectionfactory.DBConnectionFactoryImpl.&lt;init&gt;(DBConnectionFactoryImpl.java:278)
	at com.topcoder.management.deliverable.DeliverableTestHelper.executeBatch(DeliverableTestHelper.java:70)
	at com.topcoder.management.deliverable.accuracytests.PersistenceUploadManagerAccuracyTests.setUp(PersistenceUploadManagerAccuracyTests.java:68)
Caused by: java.lang.reflect.InvocationTargetException
	at java.lang.reflect.Constructor.newInstance(Constructor.java:532)
	at com.topcoder.db.connectionfactory.DBConnectionFactoryImpl.createObject(DBConnectionFactoryImpl.java:453)
	at com.topcoder.db.connectionfactory.DBConnectionFactoryImpl.&lt;init&gt;(DBConnectionFactoryImpl.java:262)
Caused by: java.lang.ClassNotFoundException: The class name com.informix.jdbc.IfxDriver is invalid.
	at com.topcoder.db.connectionfactory.producers.JDBCConnectionProducer.&lt;init&gt;(JDBCConnectionProducer.java:317)
Caused by: java.lang.ClassNotFoundException: com.informix.jdbc.IfxDriver
	at java.net.URLClassLoader$1.run(URLClassLoader.java:217)
	at java.security.AccessController.doPrivileged(Native Method)
	at java.net.URLClassLoader.findClass(URLClassLoader.java:205)
	at java.lang.ClassLoader.loadClass(ClassLoader.java:321)
	at sun.misc.Launcher$AppClassLoader.loadClass(Launcher.java:294)
	at java.lang.ClassLoader.loadClass(ClassLoader.java:266)
	at java.lang.Class.forName0(Native Method)
	at java.lang.Class.forName(Class.java:186)
	at com.topcoder.db.connectionfactory.producers.JDBCConnectionProducer.&lt;init&gt;(JDBCConnectionProducer.java:315)
</error>
  </testcase>
  <testcase classname="com.topcoder.management.deliverable.accuracytests.PersistenceUploadManagerAccuracyTests" name="testGetSubmission" time="0.007">
    <error message="Unexpected errors- " type="com.topcoder.db.connectionfactory.ConfigurationException">com.topcoder.db.connectionfactory.ConfigurationException: Unexpected errors- 
	at com.topcoder.db.connectionfactory.DBConnectionFactoryImpl.&lt;init&gt;(DBConnectionFactoryImpl.java:278)
	at com.topcoder.management.deliverable.DeliverableTestHelper.executeBatch(DeliverableTestHelper.java:70)
	at com.topcoder.management.deliverable.accuracytests.PersistenceUploadManagerAccuracyTests.setUp(PersistenceUploadManagerAccuracyTests.java:68)
Caused by: java.lang.reflect.InvocationTargetException
	at java.lang.reflect.Constructor.newInstance(Constructor.java:532)
	at com.topcoder.db.connectionfactory.DBConnectionFactoryImpl.createObject(DBConnectionFactoryImpl.java:453)
	at com.topcoder.db.connectionfactory.DBConnectionFactoryImpl.&lt;init&gt;(DBConnectionFactoryImpl.java:262)
Caused by: java.lang.ClassNotFoundException: The class name com.informix.jdbc.IfxDriver is invalid.
	at com.topcoder.db.connectionfactory.producers.JDBCConnectionProducer.&lt;init&gt;(JDBCConnectionProducer.java:317)
Caused by: java.lang.ClassNotFoundException: com.informix.jdbc.IfxDriver
	at java.net.URLClassLoader$1.run(URLClassLoader.java:217)
	at java.security.AccessController.doPrivileged(Native Method)
	at java.net.URLClassLoader.findClass(URLClassLoader.java:205)
	at java.lang.ClassLoader.loadClass(ClassLoader.java:321)
	at sun.misc.Launcher$AppClassLoader.loadClass(Launcher.java:294)
	at java.lang.ClassLoader.loadClass(ClassLoader.java:266)
	at java.lang.Class.forName0(Native Method)
	at java.lang.Class.forName(Class.java:186)
	at com.topcoder.db.connectionfactory.producers.JDBCConnectionProducer.&lt;init&gt;(JDBCConnectionProducer.java:315)
</error>
  </testcase>
  <testcase classname="com.topcoder.management.deliverable.stresstests.StressTestPersistenceUploadManager" name="testConstructor" time="0.001">
    <error message="com/topcoder/util/collection/typesafeenum/Enum" type="java.lang.NoClassDefFoundError">java.lang.NoClassDefFoundError: com/topcoder/util/collection/typesafeenum/Enum
	at java.lang.ClassLoader.defineClass1(Native Method)
	at java.lang.ClassLoader.defineClass(ClassLoader.java:634)
	at java.security.SecureClassLoader.defineClass(SecureClassLoader.java:142)
	at java.net.URLClassLoader.defineClass(URLClassLoader.java:277)
	at java.net.URLClassLoader.access$000(URLClassLoader.java:73)
	at java.net.URLClassLoader$1.run(URLClassLoader.java:212)
	at java.security.AccessController.doPrivileged(Native Method)
	at java.net.URLClassLoader.findClass(URLClassLoader.java:205)
	at java.lang.ClassLoader.loadClass(ClassLoader.java:321)
	at sun.misc.Launcher$AppClassLoader.loadClass(Launcher.java:294)
	at java.lang.ClassLoader.loadClass(ClassLoader.java:266)
	at com.topcoder.management.deliverable.stresstests.StressTestPersistenceUploadManager.setUp(StressTestPersistenceUploadManager.java:71)
Caused by: java.lang.ClassNotFoundException: com.topcoder.util.collection.typesafeenum.Enum
	at java.net.URLClassLoader$1.run(URLClassLoader.java:217)
	at java.security.AccessController.doPrivileged(Native Method)
	at java.net.URLClassLoader.findClass(URLClassLoader.java:205)
	at java.lang.ClassLoader.loadClass(ClassLoader.java:321)
	at sun.misc.Launcher$AppClassLoader.loadClass(Launcher.java:294)
	at java.lang.ClassLoader.loadClass(ClassLoader.java:266)
</error>
  </testcase>
  <testcase classname="com.topcoder.management.deliverable.stresstests.StressTestPersistenceUploadManager" name="testCreateUploadType" time="0.0">
    <error message="com/topcoder/util/log/Level" type="java.lang.NoClassDefFoundError">java.lang.NoClassDefFoundError: com/topcoder/util/log/Level
	at com.topcoder.management.deliverable.stresstests.StressTestPersistenceUploadManager.setUp(StressTestPersistenceUploadManager.java:71)
</error>
  </testcase>
  <testcase classname="com.topcoder.management.deliverable.stresstests.StressTestPersistenceUploadManager" name="testUpdateUploadType" time="0.0">
    <error message="com/topcoder/util/log/Level" type="java.lang.NoClassDefFoundError">java.lang.NoClassDefFoundError: com/topcoder/util/log/Level
	at com.topcoder.management.deliverable.stresstests.StressTestPersistenceUploadManager.setUp(StressTestPersistenceUploadManager.java:71)
</error>
  </testcase>
  <testcase classname="com.topcoder.management.deliverable.stresstests.StressTestPersistenceUploadManager" name="testRemoveUploadType" time="0.001">
    <error message="com/topcoder/util/log/Level" type="java.lang.NoClassDefFoundError">java.lang.NoClassDefFoundError: com/topcoder/util/log/Level
	at com.topcoder.management.deliverable.stresstests.StressTestPersistenceUploadManager.setUp(StressTestPersistenceUploadManager.java:71)
</error>
  </testcase>
  <testcase classname="com.topcoder.management.deliverable.stresstests.StressTestPersistenceUploadManager" name="testGetAllUploadTypes" time="0.0">
    <error message="com/topcoder/util/log/Level" type="java.lang.NoClassDefFoundError">java.lang.NoClassDefFoundError: com/topcoder/util/log/Level
	at com.topcoder.management.deliverable.stresstests.StressTestPersistenceUploadManager.setUp(StressTestPersistenceUploadManager.java:71)
</error>
  </testcase>
  <testcase classname="com.topcoder.management.deliverable.stresstests.StressTestPersistenceUploadManager" name="testCreateUploadStatus" time="0.0">
    <error message="com/topcoder/util/log/Level" type="java.lang.NoClassDefFoundError">java.lang.NoClassDefFoundError: com/topcoder/util/log/Level
	at com.topcoder.management.deliverable.stresstests.StressTestPersistenceUploadManager.setUp(StressTestPersistenceUploadManager.java:71)
</error>
  </testcase>
  <testcase classname="com.topcoder.management.deliverable.stresstests.StressTestPersistenceUploadManager" name="testUpdateUploadStatus" time="0.0">
    <error message="com/topcoder/util/log/Level" type="java.lang.NoClassDefFoundError">java.lang.NoClassDefFoundError: com/topcoder/util/log/Level
	at com.topcoder.management.deliverable.stresstests.StressTestPersistenceUploadManager.setUp(StressTestPersistenceUploadManager.java:71)
</error>
  </testcase>
  <testcase classname="com.topcoder.management.deliverable.stresstests.StressTestPersistenceUploadManager" name="testRemoveUploadStatus" time="0.0">
    <error message="com/topcoder/util/log/Level" type="java.lang.NoClassDefFoundError">java.lang.NoClassDefFoundError: com/topcoder/util/log/Level
	at com.topcoder.management.deliverable.stresstests.StressTestPersistenceUploadManager.setUp(StressTestPersistenceUploadManager.java:71)
</error>
  </testcase>
  <testcase classname="com.topcoder.management.deliverable.stresstests.StressTestPersistenceUploadManager" name="testGetAllUploadStatuses" time="0.0">
    <error message="com/topcoder/util/log/Level" type="java.lang.NoClassDefFoundError">java.lang.NoClassDefFoundError: com/topcoder/util/log/Level
	at com.topcoder.management.deliverable.stresstests.StressTestPersistenceUploadManager.setUp(StressTestPersistenceUploadManager.java:71)
</error>
  </testcase>
  <testcase classname="com.topcoder.management.deliverable.stresstests.StressTestPersistenceUploadManager" name="testCreateSubmissionStatus" time="0.0">
    <error message="com/topcoder/util/log/Level" type="java.lang.NoClassDefFoundError">java.lang.NoClassDefFoundError: com/topcoder/util/log/Level
	at com.topcoder.management.deliverable.stresstests.StressTestPersistenceUploadManager.setUp(StressTestPersistenceUploadManager.java:71)
</error>
  </testcase>
  <testcase classname="com.topcoder.management.deliverable.stresstests.StressTestPersistenceUploadManager" name="testUpdateSubmissionStatus" time="0.0">
    <error message="com/topcoder/util/log/Level" type="java.lang.NoClassDefFoundError">java.lang.NoClassDefFoundError: com/topcoder/util/log/Level
	at com.topcoder.management.deliverable.stresstests.StressTestPersistenceUploadManager.setUp(StressTestPersistenceUploadManager.java:71)
</error>
  </testcase>
  <testcase classname="com.topcoder.management.deliverable.stresstests.StressTestPersistenceUploadManager" name="testGetAllSubmissionStatuses" time="0.0">
    <error message="com/topcoder/util/log/Level" type="java.lang.NoClassDefFoundError">java.lang.NoClassDefFoundError: com/topcoder/util/log/Level
	at com.topcoder.management.deliverable.stresstests.StressTestPersistenceUploadManager.setUp(StressTestPersistenceUploadManager.java:71)
</error>
  </testcase>
  <testcase classname="com.topcoder.management.deliverable.stresstests.StressTestPersistenceUploadManager" name="testCreateSubmissionType" time="0.0">
    <error message="com/topcoder/util/log/Level" type="java.lang.NoClassDefFoundError">java.lang.NoClassDefFoundError: com/topcoder/util/log/Level
	at com.topcoder.management.deliverable.stresstests.StressTestPersistenceUploadManager.setUp(StressTestPersistenceUploadManager.java:71)
</error>
  </testcase>
  <testcase classname="com.topcoder.management.deliverable.stresstests.StressTestPersistenceUploadManager" name="testUpdateSubmissionType" time="0.0">
    <error message="com/topcoder/util/log/Level" type="java.lang.NoClassDefFoundError">java.lang.NoClassDefFoundError: com/topcoder/util/log/Level
	at com.topcoder.management.deliverable.stresstests.StressTestPersistenceUploadManager.setUp(StressTestPersistenceUploadManager.java:71)
</error>
  </testcase>
  <testcase classname="com.topcoder.management.deliverable.stresstests.StressTestPersistenceUploadManager" name="testRemoveSubmissionType" time="0.0">
    <error message="com/topcoder/util/log/Level" type="java.lang.NoClassDefFoundError">java.lang.NoClassDefFoundError: com/topcoder/util/log/Level
	at com.topcoder.management.deliverable.stresstests.StressTestPersistenceUploadManager.setUp(StressTestPersistenceUploadManager.java:71)
</error>
  </testcase>
  <testcase classname="com.topcoder.management.deliverable.stresstests.StressTestPersistenceUploadManager" name="testCreateUpload" time="0.0">
    <error message="com/topcoder/util/log/Level" type="java.lang.NoClassDefFoundError">java.lang.NoClassDefFoundError: com/topcoder/util/log/Level
	at com.topcoder.management.deliverable.stresstests.StressTestPersistenceUploadManager.setUp(StressTestPersistenceUploadManager.java:71)
</error>
  </testcase>
  <testcase classname="com.topcoder.management.deliverable.stresstests.StressTestPersistenceUploadManager" name="testUpdateUpload" time="0.0">
    <error message="com/topcoder/util/log/Level" type="java.lang.NoClassDefFoundError">java.lang.NoClassDefFoundError: com/topcoder/util/log/Level
	at com.topcoder.management.deliverable.stresstests.StressTestPersistenceUploadManager.setUp(StressTestPersistenceUploadManager.java:71)
</error>
  </testcase>
  <testcase classname="com.topcoder.management.deliverable.stresstests.StressTestPersistenceUploadManager" name="testRemoveUpload" time="0.001">
    <error message="com/topcoder/util/log/Level" type="java.lang.NoClassDefFoundError">java.lang.NoClassDefFoundError: com/topcoder/util/log/Level
	at com.topcoder.management.deliverable.stresstests.StressTestPersistenceUploadManager.setUp(StressTestPersistenceUploadManager.java:71)
</error>
  </testcase>
  <testcase classname="com.topcoder.management.deliverable.stresstests.StressTestPersistenceUploadManager" name="testGetUpload" time="0.0">
    <error message="com/topcoder/util/log/Level" type="java.lang.NoClassDefFoundError">java.lang.NoClassDefFoundError: com/topcoder/util/log/Level
	at com.topcoder.management.deliverable.stresstests.StressTestPersistenceUploadManager.setUp(StressTestPersistenceUploadManager.java:71)
</error>
  </testcase>
  <testcase classname="com.topcoder.management.deliverable.stresstests.StressTestPersistenceUploadManager" name="testCreateSubmission" time="0.0">
    <error message="com/topcoder/util/log/Level" type="java.lang.NoClassDefFoundError">java.lang.NoClassDefFoundError: com/topcoder/util/log/Level
	at com.topcoder.management.deliverable.stresstests.StressTestPersistenceUploadManager.setUp(StressTestPersistenceUploadManager.java:71)
</error>
  </testcase>
  <testcase classname="com.topcoder.management.deliverable.stresstests.StressTestPersistenceUploadManager" name="testUpdateSubmission" time="0.001">
    <error message="com/topcoder/util/log/Level" type="java.lang.NoClassDefFoundError">java.lang.NoClassDefFoundError: com/topcoder/util/log/Level
	at com.topcoder.management.deliverable.stresstests.StressTestPersistenceUploadManager.setUp(StressTestPersistenceUploadManager.java:71)
</error>
  </testcase>
  <testcase classname="com.topcoder.management.deliverable.stresstests.StressTestPersistenceUploadManager" name="testRemoveSubmission" time="0.0">
    <error message="com/topcoder/util/log/Level" type="java.lang.NoClassDefFoundError">java.lang.NoClassDefFoundError: com/topcoder/util/log/Level
	at com.topcoder.management.deliverable.stresstests.StressTestPersistenceUploadManager.setUp(StressTestPersistenceUploadManager.java:71)
</error>
  </testcase>
  <testcase classname="com.topcoder.management.deliverable.stresstests.StressTestPersistenceUploadManager" name="testGetSubmission" time="0.001">
    <error message="com/topcoder/util/log/Level" type="java.lang.NoClassDefFoundError">java.lang.NoClassDefFoundError: com/topcoder/util/log/Level
	at com.topcoder.management.deliverable.stresstests.StressTestPersistenceUploadManager.setUp(StressTestPersistenceUploadManager.java:71)
</error>
  </testcase>
  <testcase classname="com.topcoder.management.deliverable.stresstests.StressTestPersistenceUploadManager" name="testGetAllSubmissionTypees" time="0.0">
    <error message="com/topcoder/util/log/Level" type="java.lang.NoClassDefFoundError">java.lang.NoClassDefFoundError: com/topcoder/util/log/Level
	at com.topcoder.management.deliverable.stresstests.StressTestPersistenceUploadManager.setUp(StressTestPersistenceUploadManager.java:71)
</error>
  </testcase>
  <testcase classname="com.topcoder.management.deliverable.stresstests.StressTestPersistenceUploadManager" name="testSearchSubmissions" time="0.001">
    <error message="com/topcoder/util/log/Level" type="java.lang.NoClassDefFoundError">java.lang.NoClassDefFoundError: com/topcoder/util/log/Level
	at com.topcoder.management.deliverable.stresstests.StressTestPersistenceUploadManager.setUp(StressTestPersistenceUploadManager.java:71)
</error>
  </testcase>
  <testcase classname="com.topcoder.management.deliverable.stresstests.StressTestPersistenceUploadManager" name="testSearchUploads" time="0.0">
    <error message="com/topcoder/util/log/Level" type="java.lang.NoClassDefFoundError">java.lang.NoClassDefFoundError: com/topcoder/util/log/Level
	at com.topcoder.management.deliverable.stresstests.StressTestPersistenceUploadManager.setUp(StressTestPersistenceUploadManager.java:71)
</error>
  </testcase>
  <testcase classname="com.topcoder.management.deliverable.stresstests.StressTestPersistenceDeliverableManager" name="testSearchDeliverablesWithSubmissions" time="0.007">
    <error message="Unexpected errors- " type="com.topcoder.db.connectionfactory.ConfigurationException">com.topcoder.db.connectionfactory.ConfigurationException: Unexpected errors- 
	at com.topcoder.db.connectionfactory.DBConnectionFactoryImpl.&lt;init&gt;(DBConnectionFactoryImpl.java:278)
	at com.topcoder.management.deliverable.stresstests.StressTestPersistenceDeliverableManager.setUp(StressTestPersistenceDeliverableManager.java:74)
Caused by: java.lang.reflect.InvocationTargetException
	at java.lang.reflect.Constructor.newInstance(Constructor.java:532)
	at com.topcoder.db.connectionfactory.DBConnectionFactoryImpl.createObject(DBConnectionFactoryImpl.java:453)
	at com.topcoder.db.connectionfactory.DBConnectionFactoryImpl.&lt;init&gt;(DBConnectionFactoryImpl.java:262)
Caused by: java.lang.ClassNotFoundException: The class name com.informix.jdbc.IfxDriver is invalid.
	at com.topcoder.db.connectionfactory.producers.JDBCConnectionProducer.&lt;init&gt;(JDBCConnectionProducer.java:317)
Caused by: java.lang.ClassNotFoundException: com.informix.jdbc.IfxDriver
	at java.net.URLClassLoader$1.run(URLClassLoader.java:217)
	at java.security.AccessController.doPrivileged(Native Method)
	at java.net.URLClassLoader.findClass(URLClassLoader.java:205)
	at java.lang.ClassLoader.loadClass(ClassLoader.java:321)
	at sun.misc.Launcher$AppClassLoader.loadClass(Launcher.java:294)
	at java.lang.ClassLoader.loadClass(ClassLoader.java:266)
	at java.lang.Class.forName0(Native Method)
	at java.lang.Class.forName(Class.java:186)
	at com.topcoder.db.connectionfactory.producers.JDBCConnectionProducer.&lt;init&gt;(JDBCConnectionProducer.java:315)
</error>
  </testcase>
  <testcase classname="com.topcoder.management.deliverable.stresstests.StressTestPersistenceDeliverableManager" name="testSearchDeliverables" time="0.019">
    <error message="Unexpected errors- " type="com.topcoder.db.connectionfactory.ConfigurationException">com.topcoder.db.connectionfactory.ConfigurationException: Unexpected errors- 
	at com.topcoder.db.connectionfactory.DBConnectionFactoryImpl.&lt;init&gt;(DBConnectionFactoryImpl.java:278)
	at com.topcoder.management.deliverable.stresstests.StressTestPersistenceDeliverableManager.setUp(StressTestPersistenceDeliverableManager.java:74)
Caused by: java.lang.reflect.InvocationTargetException
	at java.lang.reflect.Constructor.newInstance(Constructor.java:532)
	at com.topcoder.db.connectionfactory.DBConnectionFactoryImpl.createObject(DBConnectionFactoryImpl.java:453)
	at com.topcoder.db.connectionfactory.DBConnectionFactoryImpl.&lt;init&gt;(DBConnectionFactoryImpl.java:262)
Caused by: java.lang.ClassNotFoundException: The class name com.informix.jdbc.IfxDriver is invalid.
	at com.topcoder.db.connectionfactory.producers.JDBCConnectionProducer.&lt;init&gt;(JDBCConnectionProducer.java:317)
Caused by: java.lang.ClassNotFoundException: com.informix.jdbc.IfxDriver
	at java.net.URLClassLoader$1.run(URLClassLoader.java:217)
	at java.security.AccessController.doPrivileged(Native Method)
	at java.net.URLClassLoader.findClass(URLClassLoader.java:205)
	at java.lang.ClassLoader.loadClass(ClassLoader.java:321)
	at sun.misc.Launcher$AppClassLoader.loadClass(Launcher.java:294)
	at java.lang.ClassLoader.loadClass(ClassLoader.java:266)
	at java.lang.Class.forName0(Native Method)
	at java.lang.Class.forName(Class.java:186)
	at com.topcoder.db.connectionfactory.producers.JDBCConnectionProducer.&lt;init&gt;(JDBCConnectionProducer.java:315)
</error>
  </testcase>
  <testcase classname="com.topcoder.management.deliverable.stresstests.StressTestPersistenceDeliverableManager" name="testConstructor" time="0.007">
    <error message="Unexpected errors- " type="com.topcoder.db.connectionfactory.ConfigurationException">com.topcoder.db.connectionfactory.ConfigurationException: Unexpected errors- 
	at com.topcoder.db.connectionfactory.DBConnectionFactoryImpl.&lt;init&gt;(DBConnectionFactoryImpl.java:278)
	at com.topcoder.management.deliverable.stresstests.StressTestPersistenceDeliverableManager.setUp(StressTestPersistenceDeliverableManager.java:74)
Caused by: java.lang.reflect.InvocationTargetException
	at java.lang.reflect.Constructor.newInstance(Constructor.java:532)
	at com.topcoder.db.connectionfactory.DBConnectionFactoryImpl.createObject(DBConnectionFactoryImpl.java:453)
	at com.topcoder.db.connectionfactory.DBConnectionFactoryImpl.&lt;init&gt;(DBConnectionFactoryImpl.java:262)
Caused by: java.lang.ClassNotFoundException: The class name com.informix.jdbc.IfxDriver is invalid.
	at com.topcoder.db.connectionfactory.producers.JDBCConnectionProducer.&lt;init&gt;(JDBCConnectionProducer.java:317)
Caused by: java.lang.ClassNotFoundException: com.informix.jdbc.IfxDriver
	at java.net.URLClassLoader$1.run(URLClassLoader.java:217)
	at java.security.AccessController.doPrivileged(Native Method)
	at java.net.URLClassLoader.findClass(URLClassLoader.java:205)
	at java.lang.ClassLoader.loadClass(ClassLoader.java:321)
	at sun.misc.Launcher$AppClassLoader.loadClass(Launcher.java:294)
	at java.lang.ClassLoader.loadClass(ClassLoader.java:266)
	at java.lang.Class.forName0(Native Method)
	at java.lang.Class.forName(Class.java:186)
	at com.topcoder.db.connectionfactory.producers.JDBCConnectionProducer.&lt;init&gt;(JDBCConnectionProducer.java:315)
</error>
  </testcase>
  <system-out><![CDATA[]]></system-out>
  <system-err><![CDATA[An error occurred while trying to retrieve the com.topcoder.management.deliverable.PersistenceDeliverableManager log:
com.topcoder.util.log.LogException: com.topcoder.util.config.UnknownNamespaceException: com.topcoder.util.log is unknown
	at com.topcoder.util.log.LogFactory.getLogWithExceptions(LogFactory.java:392)
	at com.topcoder.util.log.LogFactory.getLog(LogFactory.java:294)
	at com.topcoder.management.deliverable.PersistenceDeliverableManager.<clinit>(PersistenceDeliverableManager.java:98)
	at com.topcoder.management.deliverable.failuretests.PersistenceDeliverableManagerTest.setUp(PersistenceDeliverableManagerTest.java:48)
	at junit.framework.TestCase.runBare(TestCase.java:132)
	at junit.framework.TestResult$1.protect(TestResult.java:110)
	at junit.framework.TestResult.runProtected(TestResult.java:128)
	at junit.framework.TestResult.run(TestResult.java:113)
	at junit.framework.TestCase.run(TestCase.java:124)
	at junit.framework.TestSuite.runTest(TestSuite.java:232)
	at junit.framework.TestSuite.run(TestSuite.java:227)
	at junit.framework.TestSuite.runTest(TestSuite.java:232)
	at junit.framework.TestSuite.run(TestSuite.java:227)
	at junit.framework.TestSuite.runTest(TestSuite.java:232)
	at junit.framework.TestSuite.run(TestSuite.java:227)
	at org.apache.tools.ant.taskdefs.optional.junit.JUnitTestRunner.run(JUnitTestRunner.java:420)
	at org.apache.tools.ant.taskdefs.optional.junit.JUnitTestRunner.launch(JUnitTestRunner.java:911)
	at org.apache.tools.ant.taskdefs.optional.junit.JUnitTestRunner.main(JUnitTestRunner.java:768)
Caused by: com.topcoder.util.config.UnknownNamespaceException: com.topcoder.util.log is unknown
	at com.topcoder.util.config.DefaultConfigManager.getPropertyObject(DefaultConfigManager.java:429)
	at com.topcoder.util.config.DefaultConfigManager.getString(DefaultConfigManager.java:449)
	at com.topcoder.util.log.LogFactory.getLogWithExceptions(LogFactory.java:381)
	... 17 more
The basic console logger will be used instead.
]]></system-err>
</testsuite>
